<?xml version="1.0" encoding="UTF-8"?>
<robot generator="Robot 5.0.1 (Python 3.10.12 on linux)" generated="20230704 04:08:25.122" rpa="false" schemaversion="3">
<suite id="s1" name="Testsuites" source="/home/runner/work/nelson-test-automation/nelson-test-automation/testsuites">
<suite id="s1-s1" name="BUI" source="/home/runner/work/nelson-test-automation/nelson-test-automation/testsuites/BUI">
<suite id="s1-s1-s1" name="Feature" source="/home/runner/work/nelson-test-automation/nelson-test-automation/testsuites/BUI/feature">
<suite id="s1-s1-s1-s1" name="Online Check In" source="/home/runner/work/nelson-test-automation/nelson-test-automation/testsuites/BUI/feature/online_check_in">
<suite id="s1-s1-s1-s1-s1" name="BUI2-559" source="/home/runner/work/nelson-test-automation/nelson-test-automation/testsuites/BUI/feature/online_check_in/BUI2-559.robot">
<test id="s1-s1-s1-s1-s1-t1" name="UI authentication Formerly guest info when invited adult" line="11">
<kw name="Open Browser to Landing Page" library="common" type="SETUP">
<doc>A general startup keyword for opening a browser to the landing page.</doc>
<kw name="New Browser" library="Browser">
<arg>${browser}</arg>
<arg>${headless}</arg>
<arg>timeout=${timeout}</arg>
<tag>BrowserControl</tag>
<tag>Setter</tag>
<doc>Create a new playwright Browser with specified options.</doc>
<msg timestamp="20230704 04:08:26.343" level="INFO">{"browser": "firefox", "headless": true, "devtools": false, "handleSIGHUP": true, "handleSIGINT": true, "handleSIGTERM": true, "slowMo": 0.0, "timeout": 90000.0, "deprecated_pos_args": [], "tracesDir": "/home/runner/work/nelson-test-automation/nelson-test-automation/reports/test3/pabot_results/3/browser/traces/a72059e7-cc69-4288-affd-f6023b894049"}</msg>
<msg timestamp="20230704 04:08:27.017" level="INFO">Successfully created browser with options: {"browser":"firefox","headless":true,"devtools":false,"handleSIGHUP":true,"handleSIGINT":true,"handleSIGTERM":true,"slowMo":0,"timeout":90000,"deprecated_pos_args":[],"tracesDir":"/home/runner/work/nelson-test-automation/nelson-test-automation/reports/test3/pabot_results/3/browser/traces/a72059e7-cc69-4288-affd-f6023b894049"}</msg>
<status status="PASS" starttime="20230704 04:08:26.342" endtime="20230704 04:08:27.018"/>
</kw>
<kw name="Set Browser Timeout" library="Browser">
<arg>${timeout}</arg>
<tag>Config</tag>
<tag>Setter</tag>
<doc>Sets the timeout used by most input and getter keywords.</doc>
<msg timestamp="20230704 04:08:27.021" level="INFO">No context open.</msg>
<status status="PASS" starttime="20230704 04:08:27.018" endtime="20230704 04:08:27.021"/>
</kw>
<kw name="New Context" library="Browser">
<tag>BrowserControl</tag>
<tag>Setter</tag>
<doc>Create a new BrowserContext with specified options.</doc>
<msg timestamp="20230704 04:08:27.022" level="INFO">{
  "acceptDownloads": true,
  "bypassCSP": false,
  "forcedColors": "none",
  "hideRfBrowser": false,
  "ignoreHTTPSErrors": false,
  "javaScriptEnabled": true,
  "offline": false,
  "reducedMotion": "no-preference",
  "viewport": {
    "width": 1280,
    "height": 720
  },
  "deprecated_pos_args": []
}</msg>
<msg timestamp="20230704 04:08:27.100" level="INFO">Successfully created context. </msg>
<msg timestamp="20230704 04:08:27.100" level="INFO">{'acceptDownloads': True, 'bypassCSP': False, 'forcedColors': 'none', 'hideRfBrowser': False, 'ignoreHTTPSErrors': False, 'javaScriptEnabled': True, 'offline': False, 'reducedMotion': 'no-preference', 'viewport': {'width': 1280, 'height': 720}, 'deprecated_pos_args': []}</msg>
<status status="PASS" starttime="20230704 04:08:27.022" endtime="20230704 04:08:27.101"/>
</kw>
<kw name="New Page" library="Browser">
<arg>${url}</arg>
<tag>BrowserControl</tag>
<tag>Setter</tag>
<doc>Open a new Page.</doc>
<msg timestamp="20230704 04:08:29.165" level="INFO">Successfully initialized new page object and opened url: https://test3.omenahotels.com/</msg>
<status status="PASS" starttime="20230704 04:08:27.101" endtime="20230704 04:08:29.166"/>
</kw>
<kw name="Wait Until Network Is Idle" library="Browser">
<tag>HTTP</tag>
<tag>Wait</tag>
<doc>Waits until there has been at least one instance of 500 ms of no network traffic on the page after loading.</doc>
<status status="PASS" starttime="20230704 04:08:29.166" endtime="20230704 04:08:30.303"/>
</kw>
<kw name="Allow Cookies" library="common">
<doc>Allow Cookies/Toggle Cookie allowance</doc>
<kw name="Is Element Found" library="common">
<var>${cookieModalVisible}</var>
<arg>id=CybotCookiebotDialogBodyLevelButtonLevelOptinAllowAll</arg>
<doc>A keyword that has a very complex way of figuring out whether an
element is found or not because I had trouble with the built-in keywords
Can be solved differently if you have a better idea</doc>
<kw name="Set Browser Timeout" library="Browser">
<arg>10s</arg>
<tag>Config</tag>
<tag>Setter</tag>
<doc>Sets the timeout used by most input and getter keywords.</doc>
<msg timestamp="20230704 04:08:30.308" level="INFO">Set timeout to: 10000</msg>
<status status="PASS" starttime="20230704 04:08:30.304" endtime="20230704 04:08:30.308"/>
</kw>
<try>
<branch type="TRY">
<kw name="Get Elements" library="Browser">
<var>${els}</var>
<arg>${selector}</arg>
<tag>Getter</tag>
<tag>PageContent</tag>
<doc>Returns a reference to Playwright [https://playwright.dev/docs/api/class-locator|Locator]
for all matched elements by ``selector``.</doc>
<msg timestamp="20230704 04:08:30.378" level="INFO">Found 1 Locators successfully.</msg>
<msg timestamp="20230704 04:08:30.378" level="INFO">${els} = ['element=9eca3f61-4e53-45c1-afe6-6e8d29f8bdd3']</msg>
<status status="PASS" starttime="20230704 04:08:30.309" endtime="20230704 04:08:30.378"/>
</kw>
<kw name="Get Length" library="BuiltIn">
<var>${count}</var>
<arg>${els}</arg>
<doc>Returns and logs the length of the given item as an integer.</doc>
<msg timestamp="20230704 04:08:30.379" level="INFO">Length is 1</msg>
<msg timestamp="20230704 04:08:30.379" level="INFO">${count} = 1</msg>
<status status="PASS" starttime="20230704 04:08:30.378" endtime="20230704 04:08:30.379"/>
</kw>
<if>
<branch type="IF" condition="${count} &gt; 0">
<kw name="Set Variable" library="BuiltIn">
<var>${visible}</var>
<arg>True</arg>
<doc>Returns the given values which can then be assigned to a variables.</doc>
<msg timestamp="20230704 04:08:30.380" level="INFO">${visible} = True</msg>
<status status="PASS" starttime="20230704 04:08:30.380" endtime="20230704 04:08:30.380"/>
</kw>
<status status="PASS" starttime="20230704 04:08:30.379" endtime="20230704 04:08:30.380"/>
</branch>
<branch type="ELSE">
<kw name="Set Variable" library="BuiltIn">
<var>${visible}</var>
<arg>False</arg>
<doc>Returns the given values which can then be assigned to a variables.</doc>
<status status="NOT RUN" starttime="20230704 04:08:30.381" endtime="20230704 04:08:30.381"/>
</kw>
<status status="NOT RUN" starttime="20230704 04:08:30.380" endtime="20230704 04:08:30.381"/>
</branch>
<status status="PASS" starttime="20230704 04:08:30.379" endtime="20230704 04:08:30.381"/>
</if>
<status status="PASS" starttime="20230704 04:08:30.309" endtime="20230704 04:08:30.381"/>
</branch>
<branch type="EXCEPT">
<kw name="Set Variable" library="BuiltIn">
<var>${visible}</var>
<arg>False</arg>
<doc>Returns the given values which can then be assigned to a variables.</doc>
<status status="NOT RUN" starttime="20230704 04:08:30.382" endtime="20230704 04:08:30.382"/>
</kw>
<status status="NOT RUN" starttime="20230704 04:08:30.381" endtime="20230704 04:08:30.382"/>
</branch>
<status status="PASS" starttime="20230704 04:08:30.308" endtime="20230704 04:08:30.382"/>
</try>
<kw name="Set Browser Timeout" library="Browser">
<arg>${timeout}</arg>
<tag>Config</tag>
<tag>Setter</tag>
<doc>Sets the timeout used by most input and getter keywords.</doc>
<msg timestamp="20230704 04:08:30.385" level="INFO">Set timeout to: 90000</msg>
<status status="PASS" starttime="20230704 04:08:30.382" endtime="20230704 04:08:30.386"/>
</kw>
<msg timestamp="20230704 04:08:30.386" level="INFO">${cookieModalVisible} = True</msg>
<status status="PASS" starttime="20230704 04:08:30.304" endtime="20230704 04:08:30.386"/>
</kw>
<if>
<branch type="IF" condition="${cookieModalVisible}">
<kw name="Click" library="Browser">
<arg>id=CybotCookiebotDialogBodyLevelButtonLevelOptinAllowAll</arg>
<tag>PageContent</tag>
<tag>Setter</tag>
<doc>Simulates mouse click on the element found by ``selector``.</doc>
<status status="PASS" starttime="20230704 04:08:30.387" endtime="20230704 04:08:30.469"/>
</kw>
<status status="PASS" starttime="20230704 04:08:30.386" endtime="20230704 04:08:30.469"/>
</branch>
<branch type="ELSE">
<kw name="Log" library="BuiltIn">
<arg>No Cookie Modal Visible</arg>
<doc>Logs the given message with the given level.</doc>
<status status="NOT RUN" starttime="20230704 04:08:30.470" endtime="20230704 04:08:30.470"/>
</kw>
<status status="NOT RUN" starttime="20230704 04:08:30.469" endtime="20230704 04:08:30.470"/>
</branch>
<status status="PASS" starttime="20230704 04:08:30.386" endtime="20230704 04:08:30.470"/>
</if>
<status status="PASS" starttime="20230704 04:08:30.303" endtime="20230704 04:08:30.470"/>
</kw>
<kw name="Set Environment" library="common">
<kw name="Get Url" library="Browser">
<var>${currentUrl}</var>
<tag>Assertion</tag>
<tag>Getter</tag>
<tag>PageContent</tag>
<doc>Returns the current URL.</doc>
<msg timestamp="20230704 04:08:30.474" level="INFO">${currentUrl} = https://test3.omenahotels.com/en/</msg>
<status status="PASS" starttime="20230704 04:08:30.471" endtime="20230704 04:08:30.474"/>
</kw>
<kw name="Get Environment From Url" library="Helpers">
<var>${env}</var>
<arg>${currentUrl}</arg>
<msg timestamp="20230704 04:08:30.474" level="INFO">${env} = test-omena</msg>
<status status="PASS" starttime="20230704 04:08:30.474" endtime="20230704 04:08:30.474"/>
</kw>
<kw name="Set Variable" library="BuiltIn">
<arg>${environment}</arg>
<arg>${env}</arg>
<doc>Returns the given values which can then be assigned to a variables.</doc>
<status status="PASS" starttime="20230704 04:08:30.475" endtime="20230704 04:08:30.475"/>
</kw>
<status status="PASS" starttime="20230704 04:08:30.471" endtime="20230704 04:08:30.475"/>
</kw>
<status status="PASS" starttime="20230704 04:08:26.341" endtime="20230704 04:08:30.476"/>
</kw>
<kw name="Select Hotel" library="booking">
<arg>Helsinki, Lönnrotinkatu</arg>
<doc>Select Hotel by using a number as an argument, default Lönnrotinkatu</doc>
<if>
<branch type="IF" condition="&quot;${environment}&quot; == &quot;test-exhibition&quot;">
<kw name="Log" library="BuiltIn">
<arg>No hotel to be selected</arg>
<doc>Logs the given message with the given level.</doc>
<status status="NOT RUN" starttime="20230704 04:08:30.477" endtime="20230704 04:08:30.477"/>
</kw>
<status status="NOT RUN" starttime="20230704 04:08:30.476" endtime="20230704 04:08:30.477"/>
</branch>
<branch type="ELSE">
<kw name="Log" library="BuiltIn">
<arg>Selecting Hotel: ${hotel}</arg>
<doc>Logs the given message with the given level.</doc>
<msg timestamp="20230704 04:08:30.478" level="INFO">Selecting Hotel: Helsinki, Lönnrotinkatu</msg>
<status status="PASS" starttime="20230704 04:08:30.477" endtime="20230704 04:08:30.478"/>
</kw>
<kw name="Click" library="Browser">
<arg>//div[contains(@data-nelson-btn, "hotels")]</arg>
<tag>PageContent</tag>
<tag>Setter</tag>
<doc>Simulates mouse click on the element found by ``selector``.</doc>
<status status="PASS" starttime="20230704 04:08:30.478" endtime="20230704 04:08:30.573"/>
</kw>
<kw name="Wait Until Visible" library="common">
<arg>//a[contains(@class, 'dropdown-item') and contains(text(), '${hotel}')]</arg>
<doc>An easier keyword for waiting until an element is visible</doc>
<kw name="Wait For Elements State" library="Browser">
<arg>${element}</arg>
<arg>visible</arg>
<arg>timeout=${timeout}</arg>
<tag>PageContent</tag>
<tag>Wait</tag>
<doc>Waits for the element found by ``selector`` to satisfy state option.</doc>
<msg timestamp="20230704 04:08:30.585" level="INFO">Waited for Element with selector //a[contains(@class, 'dropdown-item') and contains(text(), 'Helsinki, Lönnrotinkatu')] at state visible</msg>
<status status="PASS" starttime="20230704 04:08:30.574" endtime="20230704 04:08:30.585"/>
</kw>
<status status="PASS" starttime="20230704 04:08:30.573" endtime="20230704 04:08:30.585"/>
</kw>
<kw name="Click" library="Browser">
<arg>//a[contains(@class, 'dropdown-item') and contains(text(), '${hotel}')]</arg>
<tag>PageContent</tag>
<tag>Setter</tag>
<doc>Simulates mouse click on the element found by ``selector``.</doc>
<status status="PASS" starttime="20230704 04:08:30.586" endtime="20230704 04:08:30.912"/>
</kw>
<kw name="Wait For Elements State" library="Browser">
<arg>//a[contains(@class, 'dropdown-item') and contains(text(), '${hotel}')]</arg>
<arg>hidden</arg>
<arg>timeout=3s</arg>
<tag>PageContent</tag>
<tag>Wait</tag>
<doc>Waits for the element found by ``selector`` to satisfy state option.</doc>
<msg timestamp="20230704 04:08:31.023" level="INFO">Waited for Element with selector //a[contains(@class, 'dropdown-item') and contains(text(), 'Helsinki, Lönnrotinkatu')] at state hidden</msg>
<status status="PASS" starttime="20230704 04:08:30.912" endtime="20230704 04:08:31.024"/>
</kw>
<status status="PASS" starttime="20230704 04:08:30.477" endtime="20230704 04:08:31.024"/>
</branch>
<status status="PASS" starttime="20230704 04:08:30.476" endtime="20230704 04:08:31.024"/>
</if>
<status status="PASS" starttime="20230704 04:08:30.476" endtime="20230704 04:08:31.024"/>
</kw>
<kw name="Select Dates" library="booking">
<kw name="Log" library="BuiltIn">
<arg>Skipping date selection for now</arg>
<doc>Logs the given message with the given level.</doc>
<msg timestamp="20230704 04:08:31.025" level="INFO">Skipping date selection for now</msg>
<status status="PASS" starttime="20230704 04:08:31.025" endtime="20230704 04:08:31.026"/>
</kw>
<status status="PASS" starttime="20230704 04:08:31.025" endtime="20230704 04:08:31.026"/>
</kw>
<kw name="Select 1 Room 2 Adult and 1 Children" library="booking">
<kw name="Wait Until Visible" library="common">
<arg>//div[contains(@data-nelson-btn, 'guests')]</arg>
<doc>An easier keyword for waiting until an element is visible</doc>
<kw name="Wait For Elements State" library="Browser">
<arg>${element}</arg>
<arg>visible</arg>
<arg>timeout=${timeout}</arg>
<tag>PageContent</tag>
<tag>Wait</tag>
<doc>Waits for the element found by ``selector`` to satisfy state option.</doc>
<msg timestamp="20230704 04:08:31.070" level="INFO">Waited for Element with selector //div[contains(@data-nelson-btn, 'guests')] at state visible</msg>
<status status="PASS" starttime="20230704 04:08:31.027" endtime="20230704 04:08:31.071"/>
</kw>
<status status="PASS" starttime="20230704 04:08:31.026" endtime="20230704 04:08:31.071"/>
</kw>
<kw name="Click" library="Browser">
<arg>//div[contains(@data-nelson-btn, 'guests')]</arg>
<tag>PageContent</tag>
<tag>Setter</tag>
<doc>Simulates mouse click on the element found by ``selector``.</doc>
<status status="PASS" starttime="20230704 04:08:31.071" endtime="20230704 04:08:31.263"/>
</kw>
<kw name="Wait Until Visible" library="common">
<arg>//div[@class='dropdown-menu show']</arg>
<doc>An easier keyword for waiting until an element is visible</doc>
<kw name="Wait For Elements State" library="Browser">
<arg>${element}</arg>
<arg>visible</arg>
<arg>timeout=${timeout}</arg>
<tag>PageContent</tag>
<tag>Wait</tag>
<doc>Waits for the element found by ``selector`` to satisfy state option.</doc>
<msg timestamp="20230704 04:08:31.290" level="INFO">Waited for Element with selector //div[@class='dropdown-menu show'] at state visible</msg>
<status status="PASS" starttime="20230704 04:08:31.264" endtime="20230704 04:08:31.291"/>
</kw>
<status status="PASS" starttime="20230704 04:08:31.263" endtime="20230704 04:08:31.291"/>
</kw>
<kw name="Wait Until Visible" library="common">
<arg>(//label[contains(text(),'Adults')])[1]</arg>
<doc>An easier keyword for waiting until an element is visible</doc>
<kw name="Wait For Elements State" library="Browser">
<arg>${element}</arg>
<arg>visible</arg>
<arg>timeout=${timeout}</arg>
<tag>PageContent</tag>
<tag>Wait</tag>
<doc>Waits for the element found by ``selector`` to satisfy state option.</doc>
<msg timestamp="20230704 04:08:31.302" level="INFO">Waited for Element with selector (//label[contains(text(),'Adults')])[1] at state visible</msg>
<status status="PASS" starttime="20230704 04:08:31.292" endtime="20230704 04:08:31.303"/>
</kw>
<status status="PASS" starttime="20230704 04:08:31.291" endtime="20230704 04:08:31.303"/>
</kw>
<kw name="Click" library="Browser">
<arg>(//button[contains(@data-nelson-guests-add, 'adults')])[1]</arg>
<tag>PageContent</tag>
<tag>Setter</tag>
<doc>Simulates mouse click on the element found by ``selector``.</doc>
<status status="PASS" starttime="20230704 04:08:31.303" endtime="20230704 04:08:31.445"/>
</kw>
<kw name="Wait Until Visible" library="common">
<arg>//div[@class='dropdown-menu show']//label[contains(text(),'Children')]</arg>
<doc>An easier keyword for waiting until an element is visible</doc>
<kw name="Wait For Elements State" library="Browser">
<arg>${element}</arg>
<arg>visible</arg>
<arg>timeout=${timeout}</arg>
<tag>PageContent</tag>
<tag>Wait</tag>
<doc>Waits for the element found by ``selector`` to satisfy state option.</doc>
<msg timestamp="20230704 04:08:31.520" level="INFO">Waited for Element with selector //div[@class='dropdown-menu show']//label[contains(text(),'Children')] at state visible</msg>
<status status="PASS" starttime="20230704 04:08:31.446" endtime="20230704 04:08:31.521"/>
</kw>
<status status="PASS" starttime="20230704 04:08:31.445" endtime="20230704 04:08:31.521"/>
</kw>
<kw name="Click" library="Browser">
<arg>(//button[contains(@data-nelson-guests-add, 'children')])[1]</arg>
<tag>PageContent</tag>
<tag>Setter</tag>
<doc>Simulates mouse click on the element found by ``selector``.</doc>
<status status="PASS" starttime="20230704 04:08:31.521" endtime="20230704 04:08:31.755"/>
</kw>
<status status="PASS" starttime="20230704 04:08:31.026" endtime="20230704 04:08:31.755"/>
</kw>
<kw name="Click Book Button" library="booking">
<kw name="Click" library="Browser">
<arg>//div[@data-nelson-btn='book']</arg>
<tag>PageContent</tag>
<tag>Setter</tag>
<doc>Simulates mouse click on the element found by ``selector``.</doc>
<status status="PASS" starttime="20230704 04:08:31.756" endtime="20230704 04:08:32.693"/>
</kw>
<status status="PASS" starttime="20230704 04:08:31.755" endtime="20230704 04:08:32.694"/>
</kw>
<kw name="Select a Standard Room" library="booking">
<kw name="Wait Until Visible" library="common">
<arg>${btnExtras}</arg>
<doc>An easier keyword for waiting until an element is visible</doc>
<kw name="Wait For Elements State" library="Browser">
<arg>${element}</arg>
<arg>visible</arg>
<arg>timeout=${timeout}</arg>
<tag>PageContent</tag>
<tag>Wait</tag>
<doc>Waits for the element found by ``selector`` to satisfy state option.</doc>
<msg timestamp="20230704 04:08:35.493" level="INFO">Waited for Element with selector (//div[contains(@view,"booking")]//button[contains(text(), "Continue to extras")])[1] at state visible</msg>
<status status="PASS" starttime="20230704 04:08:32.697" endtime="20230704 04:08:35.493"/>
</kw>
<status status="PASS" starttime="20230704 04:08:32.695" endtime="20230704 04:08:35.494"/>
</kw>
<kw name="Get Element States" library="Browser">
<var>${visible}</var>
<arg>//div[contains(text(), 'Select room')]</arg>
<arg>then</arg>
<arg>bool(value &amp; visible)</arg>
<tag>Assertion</tag>
<tag>Getter</tag>
<tag>PageContent</tag>
<doc>Get the active states from the element found by ``selector``.</doc>
<msg timestamp="20230704 04:08:35.754" level="INFO">${visible} = False</msg>
<status status="PASS" starttime="20230704 04:08:35.494" endtime="20230704 04:08:35.754"/>
</kw>
<kw name="Run Keyword If" library="BuiltIn">
<arg>${visible}</arg>
<arg>Select Standard and Remove Other Room Selection</arg>
<doc>Runs the given keyword with the given arguments, if ``condition`` is true.</doc>
<status status="PASS" starttime="20230704 04:08:35.755" endtime="20230704 04:08:35.755"/>
</kw>
<status status="PASS" starttime="20230704 04:08:32.694" endtime="20230704 04:08:35.755"/>
</kw>
<kw name="Click Continue to Extras Button" library="booking">
<doc>Clicks the continue to extras button</doc>
<kw name="Click" library="Browser">
<arg>${btnExtras}</arg>
<tag>PageContent</tag>
<tag>Setter</tag>
<doc>Simulates mouse click on the element found by ``selector``.</doc>
<status status="PASS" starttime="20230704 04:08:35.756" endtime="20230704 04:08:38.161"/>
</kw>
<kw name="Wait Until Visible" library="common">
<arg>${btnPayment}</arg>
<doc>An easier keyword for waiting until an element is visible</doc>
<kw name="Wait For Elements State" library="Browser">
<arg>${element}</arg>
<arg>visible</arg>
<arg>timeout=${timeout}</arg>
<tag>PageContent</tag>
<tag>Wait</tag>
<doc>Waits for the element found by ``selector`` to satisfy state option.</doc>
<msg timestamp="20230704 04:08:39.026" level="INFO">Waited for Element with selector (//div[contains(@view,"extras")]//button[contains(text(), "Continue to payment")])[1] at state visible</msg>
<status status="PASS" starttime="20230704 04:08:38.162" endtime="20230704 04:08:39.026"/>
</kw>
<status status="PASS" starttime="20230704 04:08:38.161" endtime="20230704 04:08:39.027"/>
</kw>
<status status="PASS" starttime="20230704 04:08:35.756" endtime="20230704 04:08:39.027"/>
</kw>
<kw name="Click Continue to Payment" library="booking">
<kw name="Click First Element Found" library="common">
<arg>//div[@class='css-1t415z1']//button[@type='button'][normalize-space()='Continue to payment']</arg>
<kw name="Get Elements" library="Browser">
<var>${elements}</var>
<arg>${xpath}</arg>
<tag>Getter</tag>
<tag>PageContent</tag>
<doc>Returns a reference to Playwright [https://playwright.dev/docs/api/class-locator|Locator]
for all matched elements by ``selector``.</doc>
<msg timestamp="20230704 04:08:39.052" level="INFO">Found 1 Locators successfully.</msg>
<msg timestamp="20230704 04:08:39.052" level="INFO">${elements} = ['element=51883278-1b7e-4eb7-a375-3cc1f93e4bda']</msg>
<status status="PASS" starttime="20230704 04:08:39.028" endtime="20230704 04:08:39.052"/>
</kw>
<kw name="Set Variable" library="BuiltIn">
<var>${first_element}</var>
<arg>${elements}[0]</arg>
<doc>Returns the given values which can then be assigned to a variables.</doc>
<msg timestamp="20230704 04:08:39.053" level="INFO">${first_element} = element=51883278-1b7e-4eb7-a375-3cc1f93e4bda</msg>
<status status="PASS" starttime="20230704 04:08:39.052" endtime="20230704 04:08:39.053"/>
</kw>
<kw name="Click" library="Browser">
<arg>${first_element}</arg>
<tag>PageContent</tag>
<tag>Setter</tag>
<doc>Simulates mouse click on the element found by ``selector``.</doc>
<status status="PASS" starttime="20230704 04:08:39.053" endtime="20230704 04:08:39.206"/>
</kw>
<status status="PASS" starttime="20230704 04:08:39.028" endtime="20230704 04:08:39.207"/>
</kw>
<status status="PASS" starttime="20230704 04:08:39.027" endtime="20230704 04:08:39.207"/>
</kw>
<kw name="Check Regular Rate 2" library="booking">
<kw name="Check Regular Rate" library="booking">
<kw name="Click" library="Browser">
<arg>//p[contains(text(),'Continue with regular rate')]</arg>
<tag>PageContent</tag>
<tag>Setter</tag>
<doc>Simulates mouse click on the element found by ``selector``.</doc>
<status status="PASS" starttime="20230704 04:08:39.208" endtime="20230704 04:08:40.870"/>
</kw>
<kw name="Wait Until Visible" library="common">
<arg>//div//*[normalize-space()='Continue with regular rate']/following-sibling::div[@data-checked]</arg>
<doc>An easier keyword for waiting until an element is visible</doc>
<kw name="Wait For Elements State" library="Browser">
<arg>${element}</arg>
<arg>visible</arg>
<arg>timeout=${timeout}</arg>
<tag>PageContent</tag>
<tag>Wait</tag>
<doc>Waits for the element found by ``selector`` to satisfy state option.</doc>
<msg timestamp="20230704 04:08:40.898" level="INFO">Waited for Element with selector //div//*[normalize-space()='Continue with regular rate']/following-sibling::div[@data-checked] at state visible</msg>
<status status="PASS" starttime="20230704 04:08:40.871" endtime="20230704 04:08:40.898"/>
</kw>
<status status="PASS" starttime="20230704 04:08:40.870" endtime="20230704 04:08:40.899"/>
</kw>
<status status="PASS" starttime="20230704 04:08:39.208" endtime="20230704 04:08:40.899"/>
</kw>
<kw name="Check Join as Member" library="booking">
<kw name="Click" library="Browser">
<arg>//p[contains(text(),'Join for free and')]</arg>
<tag>PageContent</tag>
<tag>Setter</tag>
<doc>Simulates mouse click on the element found by ``selector``.</doc>
<status status="PASS" starttime="20230704 04:08:40.900" endtime="20230704 04:08:41.195"/>
</kw>
<kw name="Wait Until Visible" library="common">
<arg>//div//*[normalize-space()='Join for free and get the member rate']/following-sibling::div[@data-checked]</arg>
<doc>An easier keyword for waiting until an element is visible</doc>
<kw name="Wait For Elements State" library="Browser">
<arg>${element}</arg>
<arg>visible</arg>
<arg>timeout=${timeout}</arg>
<tag>PageContent</tag>
<tag>Wait</tag>
<doc>Waits for the element found by ``selector`` to satisfy state option.</doc>
<msg timestamp="20230704 04:08:41.210" level="INFO">Waited for Element with selector //div//*[normalize-space()='Join for free and get the member rate']/following-sibling::div[@data-checked] at state visible</msg>
<status status="PASS" starttime="20230704 04:08:41.196" endtime="20230704 04:08:41.210"/>
</kw>
<status status="PASS" starttime="20230704 04:08:41.195" endtime="20230704 04:08:41.210"/>
</kw>
<status status="PASS" starttime="20230704 04:08:40.899" endtime="20230704 04:08:41.211"/>
</kw>
<kw name="Check Regular Rate" library="booking">
<kw name="Click" library="Browser">
<arg>//p[contains(text(),'Continue with regular rate')]</arg>
<tag>PageContent</tag>
<tag>Setter</tag>
<doc>Simulates mouse click on the element found by ``selector``.</doc>
<status status="PASS" starttime="20230704 04:08:41.211" endtime="20230704 04:08:41.495"/>
</kw>
<kw name="Wait Until Visible" library="common">
<arg>//div//*[normalize-space()='Continue with regular rate']/following-sibling::div[@data-checked]</arg>
<doc>An easier keyword for waiting until an element is visible</doc>
<kw name="Wait For Elements State" library="Browser">
<arg>${element}</arg>
<arg>visible</arg>
<arg>timeout=${timeout}</arg>
<tag>PageContent</tag>
<tag>Wait</tag>
<doc>Waits for the element found by ``selector`` to satisfy state option.</doc>
<msg timestamp="20230704 04:08:41.511" level="INFO">Waited for Element with selector //div//*[normalize-space()='Continue with regular rate']/following-sibling::div[@data-checked] at state visible</msg>
<status status="PASS" starttime="20230704 04:08:41.496" endtime="20230704 04:08:41.511"/>
</kw>
<status status="PASS" starttime="20230704 04:08:41.496" endtime="20230704 04:08:41.511"/>
</kw>
<status status="PASS" starttime="20230704 04:08:41.211" endtime="20230704 04:08:41.511"/>
</kw>
<kw name="Check Join as Member" library="booking">
<kw name="Click" library="Browser">
<arg>//p[contains(text(),'Join for free and')]</arg>
<tag>PageContent</tag>
<tag>Setter</tag>
<doc>Simulates mouse click on the element found by ``selector``.</doc>
<status status="PASS" starttime="20230704 04:08:41.512" endtime="20230704 04:08:41.844"/>
</kw>
<kw name="Wait Until Visible" library="common">
<arg>//div//*[normalize-space()='Join for free and get the member rate']/following-sibling::div[@data-checked]</arg>
<doc>An easier keyword for waiting until an element is visible</doc>
<kw name="Wait For Elements State" library="Browser">
<arg>${element}</arg>
<arg>visible</arg>
<arg>timeout=${timeout}</arg>
<tag>PageContent</tag>
<tag>Wait</tag>
<doc>Waits for the element found by ``selector`` to satisfy state option.</doc>
<msg timestamp="20230704 04:08:41.862" level="INFO">Waited for Element with selector //div//*[normalize-space()='Join for free and get the member rate']/following-sibling::div[@data-checked] at state visible</msg>
<status status="PASS" starttime="20230704 04:08:41.845" endtime="20230704 04:08:41.862"/>
</kw>
<status status="PASS" starttime="20230704 04:08:41.844" endtime="20230704 04:08:41.862"/>
</kw>
<status status="PASS" starttime="20230704 04:08:41.512" endtime="20230704 04:08:41.862"/>
</kw>
<kw name="Check Regular Rate" library="booking">
<kw name="Click" library="Browser">
<arg>//p[contains(text(),'Continue with regular rate')]</arg>
<tag>PageContent</tag>
<tag>Setter</tag>
<doc>Simulates mouse click on the element found by ``selector``.</doc>
<status status="PASS" starttime="20230704 04:08:41.863" endtime="20230704 04:08:42.138"/>
</kw>
<kw name="Wait Until Visible" library="common">
<arg>//div//*[normalize-space()='Continue with regular rate']/following-sibling::div[@data-checked]</arg>
<doc>An easier keyword for waiting until an element is visible</doc>
<kw name="Wait For Elements State" library="Browser">
<arg>${element}</arg>
<arg>visible</arg>
<arg>timeout=${timeout}</arg>
<tag>PageContent</tag>
<tag>Wait</tag>
<doc>Waits for the element found by ``selector`` to satisfy state option.</doc>
<msg timestamp="20230704 04:08:42.154" level="INFO">Waited for Element with selector //div//*[normalize-space()='Continue with regular rate']/following-sibling::div[@data-checked] at state visible</msg>
<status status="PASS" starttime="20230704 04:08:42.139" endtime="20230704 04:08:42.155"/>
</kw>
<status status="PASS" starttime="20230704 04:08:42.139" endtime="20230704 04:08:42.155"/>
</kw>
<status status="PASS" starttime="20230704 04:08:41.863" endtime="20230704 04:08:42.155"/>
</kw>
<status status="PASS" starttime="20230704 04:08:39.207" endtime="20230704 04:08:42.155"/>
</kw>
<kw name="Fill in Contact Information 1" library="booking">
<kw name="Click and Fill" library="common">
<arg>id=firstName</arg>
<arg>${firstName}</arg>
<doc>A keyword combination of Click and Fill Text since most of the form fields need a click</doc>
<kw name="Click" library="Browser">
<arg>${selector}</arg>
<tag>PageContent</tag>
<tag>Setter</tag>
<doc>Simulates mouse click on the element found by ``selector``.</doc>
<status status="PASS" starttime="20230704 04:08:42.157" endtime="20230704 04:08:42.351"/>
</kw>
<kw name="Fill Text" library="Browser">
<arg>${selector}</arg>
<arg>${text}</arg>
<tag>PageContent</tag>
<tag>Setter</tag>
<doc>Clears and fills the given ``txt`` into the text field found by ``selector``.</doc>
<msg timestamp="20230704 04:08:42.352" level="INFO">Fills the text 'Bich' in the given field.</msg>
<status status="PASS" starttime="20230704 04:08:42.351" endtime="20230704 04:08:42.432"/>
</kw>
<status status="PASS" starttime="20230704 04:08:42.156" endtime="20230704 04:08:42.432"/>
</kw>
<kw name="Click and Fill" library="common">
<arg>id=lastName</arg>
<arg>${lastName}</arg>
<doc>A keyword combination of Click and Fill Text since most of the form fields need a click</doc>
<kw name="Click" library="Browser">
<arg>${selector}</arg>
<tag>PageContent</tag>
<tag>Setter</tag>
<doc>Simulates mouse click on the element found by ``selector``.</doc>
<status status="PASS" starttime="20230704 04:08:42.433" endtime="20230704 04:08:42.591"/>
</kw>
<kw name="Fill Text" library="Browser">
<arg>${selector}</arg>
<arg>${text}</arg>
<tag>PageContent</tag>
<tag>Setter</tag>
<doc>Clears and fills the given ``txt`` into the text field found by ``selector``.</doc>
<msg timestamp="20230704 04:08:42.592" level="INFO">Fills the text 'Ngoc' in the given field.</msg>
<status status="PASS" starttime="20230704 04:08:42.592" endtime="20230704 04:08:42.681"/>
</kw>
<status status="PASS" starttime="20230704 04:08:42.433" endtime="20230704 04:08:42.681"/>
</kw>
<kw name="Click and Fill" library="common">
<arg>id=email</arg>
<arg>${email}</arg>
<doc>A keyword combination of Click and Fill Text since most of the form fields need a click</doc>
<kw name="Click" library="Browser">
<arg>${selector}</arg>
<tag>PageContent</tag>
<tag>Setter</tag>
<doc>Simulates mouse click on the element found by ``selector``.</doc>
<status status="PASS" starttime="20230704 04:08:42.682" endtime="20230704 04:08:42.841"/>
</kw>
<kw name="Fill Text" library="Browser">
<arg>${selector}</arg>
<arg>${text}</arg>
<tag>PageContent</tag>
<tag>Setter</tag>
<doc>Clears and fills the given ``txt`` into the text field found by ``selector``.</doc>
<msg timestamp="20230704 04:08:42.842" level="INFO">Fills the text 'bichngoc9995@gmail.com' in the given field.</msg>
<status status="PASS" starttime="20230704 04:08:42.841" endtime="20230704 04:08:42.921"/>
</kw>
<status status="PASS" starttime="20230704 04:08:42.682" endtime="20230704 04:08:42.921"/>
</kw>
<kw name="Click and Fill" library="common">
<arg>id=phoneNumber</arg>
<arg>${phone}</arg>
<doc>A keyword combination of Click and Fill Text since most of the form fields need a click</doc>
<kw name="Click" library="Browser">
<arg>${selector}</arg>
<tag>PageContent</tag>
<tag>Setter</tag>
<doc>Simulates mouse click on the element found by ``selector``.</doc>
<status status="PASS" starttime="20230704 04:08:42.922" endtime="20230704 04:08:43.079"/>
</kw>
<kw name="Fill Text" library="Browser">
<arg>${selector}</arg>
<arg>${text}</arg>
<tag>PageContent</tag>
<tag>Setter</tag>
<doc>Clears and fills the given ``txt`` into the text field found by ``selector``.</doc>
<msg timestamp="20230704 04:08:43.080" level="INFO">Fills the text '040123942' in the given field.</msg>
<status status="PASS" starttime="20230704 04:08:43.080" endtime="20230704 04:08:43.118"/>
</kw>
<status status="PASS" starttime="20230704 04:08:42.921" endtime="20230704 04:08:43.118"/>
</kw>
<status status="PASS" starttime="20230704 04:08:42.156" endtime="20230704 04:08:43.118"/>
</kw>
<kw name="Accept offers and Terms" library="booking">
<kw name="Click" library="Browser">
<arg>(//div[contains(text(), 'like to receive')])[1]</arg>
<tag>PageContent</tag>
<tag>Setter</tag>
<doc>Simulates mouse click on the element found by ``selector``.</doc>
<status status="PASS" starttime="20230704 04:08:43.124" endtime="20230704 04:08:45.218"/>
</kw>
<kw name="Click" library="Browser">
<arg>(//*[contains(text(),'Accept')]/ancestor::label//span[contains(@class,'chakra-checkbox__control')])[1]</arg>
<tag>PageContent</tag>
<tag>Setter</tag>
<doc>Simulates mouse click on the element found by ``selector``.</doc>
<status status="PASS" starttime="20230704 04:08:45.218" endtime="20230704 04:08:45.356"/>
</kw>
<status status="PASS" starttime="20230704 04:08:43.119" endtime="20230704 04:08:45.357"/>
</kw>
<kw name="Select Web Bank and Nordea as Payment Method" library="booking">
<kw name="Click" library="Browser">
<arg>//div[contains(text(), "Web bank payment")]</arg>
<tag>PageContent</tag>
<tag>Setter</tag>
<doc>Simulates mouse click on the element found by ``selector``.</doc>
<status status="PASS" starttime="20230704 04:08:45.358" endtime="20230704 04:08:45.456"/>
</kw>
<kw name="Click" library="Browser">
<arg>//p[contains(text(), 'Nordea')]</arg>
<tag>PageContent</tag>
<tag>Setter</tag>
<doc>Simulates mouse click on the element found by ``selector``.</doc>
<status status="PASS" starttime="20230704 04:08:45.456" endtime="20230704 04:08:45.592"/>
</kw>
<kw name="Click" library="Browser">
<arg>(//div[contains(@view,"payment")]//button[contains(text(), "Pay")])[1]</arg>
<tag>PageContent</tag>
<tag>Setter</tag>
<doc>Simulates mouse click on the element found by ``selector``.</doc>
<status status="PASS" starttime="20230704 04:08:45.593" endtime="20230704 04:08:47.712"/>
</kw>
<status status="PASS" starttime="20230704 04:08:45.357" endtime="20230704 04:08:47.712"/>
</kw>
<kw name="Complete Payment Successfully" library="booking">
<kw name="Simulate Success or Failure" library="booking">
<arg>success</arg>
<kw name="Wait For Elements State" library="Browser">
<arg>//a[contains(text(), 'Simulate ${which} to merchant')]</arg>
<arg>visible</arg>
<arg>timeout=${timeout}</arg>
<tag>PageContent</tag>
<tag>Wait</tag>
<doc>Waits for the element found by ``selector`` to satisfy state option.</doc>
<msg timestamp="20230704 04:08:53.413" level="INFO">Waited for Element with selector //a[contains(text(), 'Simulate success to merchant')] at state visible</msg>
<status status="PASS" starttime="20230704 04:08:47.714" endtime="20230704 04:08:53.413"/>
</kw>
<kw name="Click" library="Browser">
<arg>//a[contains(text(), 'Simulate ${which} to merchant')]</arg>
<tag>PageContent</tag>
<tag>Setter</tag>
<doc>Simulates mouse click on the element found by ``selector``.</doc>
<status status="PASS" starttime="20230704 04:08:53.413" endtime="20230704 04:08:57.869"/>
</kw>
<status status="PASS" starttime="20230704 04:08:47.713" endtime="20230704 04:08:57.870"/>
</kw>
<kw name="Verify Payment was successful" library="booking">
<kw name="Wait Until Visible" library="common">
<arg>//p[contains(text(), 'Payment was successful')]</arg>
<doc>An easier keyword for waiting until an element is visible</doc>
<kw name="Wait For Elements State" library="Browser">
<arg>${element}</arg>
<arg>visible</arg>
<arg>timeout=${timeout}</arg>
<tag>PageContent</tag>
<tag>Wait</tag>
<doc>Waits for the element found by ``selector`` to satisfy state option.</doc>
<msg timestamp="20230704 04:09:01.189" level="INFO">Waited for Element with selector //p[contains(text(), 'Payment was successful')] at state visible</msg>
<status status="PASS" starttime="20230704 04:08:57.871" endtime="20230704 04:09:01.189"/>
</kw>
<status status="PASS" starttime="20230704 04:08:57.871" endtime="20230704 04:09:01.189"/>
</kw>
<kw name="Close Dialog" library="booking">
<kw name="Wait Until Visible" library="common">
<arg>//button[contains(text(), "Ok")]</arg>
<doc>An easier keyword for waiting until an element is visible</doc>
<kw name="Wait For Elements State" library="Browser">
<arg>${element}</arg>
<arg>visible</arg>
<arg>timeout=${timeout}</arg>
<tag>PageContent</tag>
<tag>Wait</tag>
<doc>Waits for the element found by ``selector`` to satisfy state option.</doc>
<msg timestamp="20230704 04:09:01.202" level="INFO">Waited for Element with selector //button[contains(text(), "Ok")] at state visible</msg>
<status status="PASS" starttime="20230704 04:09:01.191" endtime="20230704 04:09:01.202"/>
</kw>
<status status="PASS" starttime="20230704 04:09:01.190" endtime="20230704 04:09:01.202"/>
</kw>
<kw name="Click" library="Browser">
<arg>//button[contains(text(), "Ok")]</arg>
<tag>PageContent</tag>
<tag>Setter</tag>
<doc>Simulates mouse click on the element found by ``selector``.</doc>
<status status="PASS" starttime="20230704 04:09:01.202" endtime="20230704 04:09:01.335"/>
</kw>
<status status="PASS" starttime="20230704 04:09:01.190" endtime="20230704 04:09:01.335"/>
</kw>
<kw name="Save Booking Number 1" library="booking">
<kw name="Get Text" library="Browser">
<var>${str}</var>
<arg>//p[contains(text(),'Booking number')]</arg>
<tag>Assertion</tag>
<tag>Getter</tag>
<tag>PageContent</tag>
<doc>Returns text attribute of the element found by ``selector``.</doc>
<msg timestamp="20230704 04:09:01.411" level="INFO">Text: 'Booking number: 489611258'</msg>
<msg timestamp="20230704 04:09:01.412" level="INFO">${str} = Booking number: 489611258</msg>
<status status="PASS" starttime="20230704 04:09:01.336" endtime="20230704 04:09:01.412"/>
</kw>
<kw name="Log To Console" library="BuiltIn">
<arg>${bookingNumber}</arg>
<doc>Logs the given message to the console.</doc>
<status status="PASS" starttime="20230704 04:09:01.412" endtime="20230704 04:09:01.412"/>
</kw>
<kw name="Remove String" library="String">
<var>${str}</var>
<arg>${str}</arg>
<arg>Booking code${SPACE}</arg>
<doc>Removes all ``removables`` from the given ``string``.</doc>
<msg timestamp="20230704 04:09:01.413" level="INFO">${str} = Booking number: 489611258</msg>
<status status="PASS" starttime="20230704 04:09:01.413" endtime="20230704 04:09:01.413"/>
</kw>
<kw name="Strip String" library="String">
<var>${str}</var>
<arg>${str}</arg>
<doc>Remove leading and/or trailing whitespaces from the given string.</doc>
<msg timestamp="20230704 04:09:01.414" level="INFO">${str} = Booking number: 489611258</msg>
<status status="PASS" starttime="20230704 04:09:01.413" endtime="20230704 04:09:01.414"/>
</kw>
<status status="PASS" starttime="20230704 04:09:01.336" endtime="20230704 04:09:01.414"/>
</kw>
<status status="PASS" starttime="20230704 04:08:57.870" endtime="20230704 04:09:01.414"/>
</kw>
<status status="PASS" starttime="20230704 04:08:47.713" endtime="20230704 04:09:01.415"/>
</kw>
<kw name="Booker is main guest and completes check-in process" library="booking">
<kw name="Click Check In Button" library="booking">
<kw name="Wait Until Visible" library="common">
<arg>(//button[text()="Check in"])[1]</arg>
<doc>An easier keyword for waiting until an element is visible</doc>
<kw name="Wait For Elements State" library="Browser">
<arg>${element}</arg>
<arg>visible</arg>
<arg>timeout=${timeout}</arg>
<tag>PageContent</tag>
<tag>Wait</tag>
<doc>Waits for the element found by ``selector`` to satisfy state option.</doc>
<msg timestamp="20230704 04:09:01.438" level="INFO">Waited for Element with selector (//button[text()="Check in"])[1] at state visible</msg>
<status status="PASS" starttime="20230704 04:09:01.418" endtime="20230704 04:09:01.439"/>
</kw>
<status status="PASS" starttime="20230704 04:09:01.418" endtime="20230704 04:09:01.439"/>
</kw>
<kw name="Click" library="Browser">
<arg>(//button[text()="Check in"])[1]</arg>
<tag>PageContent</tag>
<tag>Setter</tag>
<doc>Simulates mouse click on the element found by ``selector``.</doc>
<status status="PASS" starttime="20230704 04:09:01.439" endtime="20230704 04:09:01.573"/>
</kw>
<status status="PASS" starttime="20230704 04:09:01.417" endtime="20230704 04:09:01.574"/>
</kw>
<kw name="Fill In Guest info" library="booking">
<kw name="Click" library="Browser">
<arg>//input[@id='ssn']</arg>
<tag>PageContent</tag>
<tag>Setter</tag>
<doc>Simulates mouse click on the element found by ``selector``.</doc>
<status status="PASS" starttime="20230704 04:09:01.574" endtime="20230704 04:09:02.470"/>
</kw>
<kw name="Wait Until Visible" library="common">
<arg>//input[@id='ssn']</arg>
<doc>An easier keyword for waiting until an element is visible</doc>
<kw name="Wait For Elements State" library="Browser">
<arg>${element}</arg>
<arg>visible</arg>
<arg>timeout=${timeout}</arg>
<tag>PageContent</tag>
<tag>Wait</tag>
<doc>Waits for the element found by ``selector`` to satisfy state option.</doc>
<msg timestamp="20230704 04:09:02.479" level="INFO">Waited for Element with selector //input[@id='ssn'] at state visible</msg>
<status status="PASS" starttime="20230704 04:09:02.471" endtime="20230704 04:09:02.479"/>
</kw>
<status status="PASS" starttime="20230704 04:09:02.470" endtime="20230704 04:09:02.479"/>
</kw>
<kw name="Wait Until Keyword Succeeds" library="BuiltIn">
<arg>20s</arg>
<arg>2s</arg>
<arg>Type Text</arg>
<arg>//input[@id='ssn']</arg>
<arg>020202-0202</arg>
<doc>Runs the specified keyword and retries if it fails.</doc>
<kw name="Type Text" library="Browser">
<arg>//input[@id='ssn']</arg>
<arg>020202-0202</arg>
<tag>PageContent</tag>
<tag>Setter</tag>
<doc>Types the given ``txt`` into the text field found by ``selector``.</doc>
<msg timestamp="20230704 04:09:02.485" level="INFO">Types the text '020202-0202' in the given field.</msg>
<status status="PASS" starttime="20230704 04:09:02.484" endtime="20230704 04:09:02.964"/>
</kw>
<status status="PASS" starttime="20230704 04:09:02.484" endtime="20230704 04:09:02.964"/>
</kw>
<kw name="Click" library="Browser">
<arg>//input[@id='city']</arg>
<tag>PageContent</tag>
<tag>Setter</tag>
<doc>Simulates mouse click on the element found by ``selector``.</doc>
<status status="PASS" starttime="20230704 04:09:02.965" endtime="20230704 04:09:03.042"/>
</kw>
<kw name="Wait Until Visible" library="common">
<arg>//input[@id='city']</arg>
<doc>An easier keyword for waiting until an element is visible</doc>
<kw name="Wait For Elements State" library="Browser">
<arg>${element}</arg>
<arg>visible</arg>
<arg>timeout=${timeout}</arg>
<tag>PageContent</tag>
<tag>Wait</tag>
<doc>Waits for the element found by ``selector`` to satisfy state option.</doc>
<msg timestamp="20230704 04:09:03.054" level="INFO">Waited for Element with selector //input[@id='city'] at state visible</msg>
<status status="PASS" starttime="20230704 04:09:03.043" endtime="20230704 04:09:03.054"/>
</kw>
<status status="PASS" starttime="20230704 04:09:03.042" endtime="20230704 04:09:03.055"/>
</kw>
<kw name="Wait Until Keyword Succeeds" library="BuiltIn">
<arg>20s</arg>
<arg>2s</arg>
<arg>Type Text</arg>
<arg>//input[@id='city']</arg>
<arg>Tokyo</arg>
<doc>Runs the specified keyword and retries if it fails.</doc>
<kw name="Type Text" library="Browser">
<arg>//input[@id='city']</arg>
<arg>Tokyo</arg>
<tag>PageContent</tag>
<tag>Setter</tag>
<doc>Types the given ``txt`` into the text field found by ``selector``.</doc>
<msg timestamp="20230704 04:09:03.056" level="INFO">Types the text 'Tokyo' in the given field.</msg>
<status status="PASS" starttime="20230704 04:09:03.055" endtime="20230704 04:09:03.277"/>
</kw>
<status status="PASS" starttime="20230704 04:09:03.055" endtime="20230704 04:09:03.278"/>
</kw>
<kw name="Click" library="Browser">
<arg>//input[@id='address']</arg>
<tag>PageContent</tag>
<tag>Setter</tag>
<doc>Simulates mouse click on the element found by ``selector``.</doc>
<status status="PASS" starttime="20230704 04:09:03.278" endtime="20230704 04:09:03.355"/>
</kw>
<kw name="Wait Until Visible" library="common">
<arg>//input[@id='address']</arg>
<doc>An easier keyword for waiting until an element is visible</doc>
<kw name="Wait For Elements State" library="Browser">
<arg>${element}</arg>
<arg>visible</arg>
<arg>timeout=${timeout}</arg>
<tag>PageContent</tag>
<tag>Wait</tag>
<doc>Waits for the element found by ``selector`` to satisfy state option.</doc>
<msg timestamp="20230704 04:09:03.362" level="INFO">Waited for Element with selector //input[@id='address'] at state visible</msg>
<status status="PASS" starttime="20230704 04:09:03.356" endtime="20230704 04:09:03.362"/>
</kw>
<status status="PASS" starttime="20230704 04:09:03.355" endtime="20230704 04:09:03.363"/>
</kw>
<kw name="Wait Until Keyword Succeeds" library="BuiltIn">
<arg>20s</arg>
<arg>2s</arg>
<arg>Type Text</arg>
<arg>//input[@id='address']</arg>
<arg>Paul Street</arg>
<doc>Runs the specified keyword and retries if it fails.</doc>
<kw name="Type Text" library="Browser">
<arg>//input[@id='address']</arg>
<arg>Paul Street</arg>
<tag>PageContent</tag>
<tag>Setter</tag>
<doc>Types the given ``txt`` into the text field found by ``selector``.</doc>
<msg timestamp="20230704 04:09:03.364" level="INFO">Types the text 'Paul Street' in the given field.</msg>
<status status="PASS" starttime="20230704 04:09:03.364" endtime="20230704 04:09:03.772"/>
</kw>
<status status="PASS" starttime="20230704 04:09:03.363" endtime="20230704 04:09:03.772"/>
</kw>
<kw name="Click" library="Browser">
<arg>//input[@id='postalCode']</arg>
<tag>PageContent</tag>
<tag>Setter</tag>
<doc>Simulates mouse click on the element found by ``selector``.</doc>
<status status="PASS" starttime="20230704 04:09:03.772" endtime="20230704 04:09:03.888"/>
</kw>
<kw name="Wait Until Visible" library="common">
<arg>//input[@id='postalCode']</arg>
<doc>An easier keyword for waiting until an element is visible</doc>
<kw name="Wait For Elements State" library="Browser">
<arg>${element}</arg>
<arg>visible</arg>
<arg>timeout=${timeout}</arg>
<tag>PageContent</tag>
<tag>Wait</tag>
<doc>Waits for the element found by ``selector`` to satisfy state option.</doc>
<msg timestamp="20230704 04:09:03.902" level="INFO">Waited for Element with selector //input[@id='postalCode'] at state visible</msg>
<status status="PASS" starttime="20230704 04:09:03.889" endtime="20230704 04:09:03.902"/>
</kw>
<status status="PASS" starttime="20230704 04:09:03.889" endtime="20230704 04:09:03.903"/>
</kw>
<kw name="Wait Until Keyword Succeeds" library="BuiltIn">
<arg>20s</arg>
<arg>2s</arg>
<arg>Type Text</arg>
<arg>//input[@id='postalCode']</arg>
<arg>10000</arg>
<doc>Runs the specified keyword and retries if it fails.</doc>
<kw name="Type Text" library="Browser">
<arg>//input[@id='postalCode']</arg>
<arg>10000</arg>
<tag>PageContent</tag>
<tag>Setter</tag>
<doc>Types the given ``txt`` into the text field found by ``selector``.</doc>
<msg timestamp="20230704 04:09:03.904" level="INFO">Types the text '10000' in the given field.</msg>
<status status="PASS" starttime="20230704 04:09:03.903" endtime="20230704 04:09:04.122"/>
</kw>
<status status="PASS" starttime="20230704 04:09:03.903" endtime="20230704 04:09:04.123"/>
</kw>
<kw name="Wait Until Visible" library="common">
<arg>//button[normalize-space()='Save and Sign']</arg>
<doc>An easier keyword for waiting until an element is visible</doc>
<kw name="Wait For Elements State" library="Browser">
<arg>${element}</arg>
<arg>visible</arg>
<arg>timeout=${timeout}</arg>
<tag>PageContent</tag>
<tag>Wait</tag>
<doc>Waits for the element found by ``selector`` to satisfy state option.</doc>
<msg timestamp="20230704 04:09:04.131" level="INFO">Waited for Element with selector //button[normalize-space()='Save and Sign'] at state visible</msg>
<status status="PASS" starttime="20230704 04:09:04.124" endtime="20230704 04:09:04.132"/>
</kw>
<status status="PASS" starttime="20230704 04:09:04.123" endtime="20230704 04:09:04.132"/>
</kw>
<status status="PASS" starttime="20230704 04:09:01.574" endtime="20230704 04:09:04.132"/>
</kw>
<kw name="Click Save and Sign" library="booking">
<doc>Clicks the save and sign button</doc>
<kw name="Click" library="Browser">
<arg>//button[normalize-space()='Save and Sign']</arg>
<tag>PageContent</tag>
<tag>Setter</tag>
<doc>Simulates mouse click on the element found by ``selector``.</doc>
<status status="PASS" starttime="20230704 04:09:04.133" endtime="20230704 04:09:04.336"/>
</kw>
<status status="PASS" starttime="20230704 04:09:04.132" endtime="20230704 04:09:04.337"/>
</kw>
<kw name="Sign" library="booking">
<kw name="Click" library="Browser">
<arg>(//button[@aria-label='Close']/following-sibling::div/div)[1]</arg>
<tag>PageContent</tag>
<tag>Setter</tag>
<doc>Simulates mouse click on the element found by ``selector``.</doc>
<status status="PASS" starttime="20230704 04:09:04.338" endtime="20230704 04:09:08.659"/>
</kw>
<kw name="Set Variable" library="BuiltIn">
<var>${j}</var>
<arg>1</arg>
<doc>Returns the given values which can then be assigned to a variables.</doc>
<msg timestamp="20230704 04:09:08.660" level="INFO">${j} = 1</msg>
<status status="PASS" starttime="20230704 04:09:08.660" endtime="20230704 04:09:08.660"/>
</kw>
<for flavor="IN RANGE">
<var>${i}</var>
<value>42</value>
<iter>
<var name="${i}">0</var>
<kw name="Mouse Move Relative To" library="Browser">
<arg>(//button[@aria-label='Close']/following-sibling::div/div)[1]</arg>
<arg>-10</arg>
<arg>${j}</arg>
<tag>PageContent</tag>
<tag>Setter</tag>
<doc>Moves the mouse cursor relative to the selected element.</doc>
<msg timestamp="20230704 04:09:08.685" level="INFO">Moving mouse relative to element center by x: -10.0, y: 1.0 coordinates.</msg>
<status status="PASS" starttime="20230704 04:09:08.661" endtime="20230704 04:09:08.690"/>
</kw>
<kw name="Mouse Button" library="Browser">
<arg>down</arg>
<tag>PageContent</tag>
<tag>Setter</tag>
<doc>Clicks, presses or releases a mouse button.</doc>
<msg timestamp="20230704 04:09:08.692" level="INFO">No coordinates where set. Action appears at current position.</msg>
<status status="PASS" starttime="20230704 04:09:08.691" endtime="20230704 04:09:08.696"/>
</kw>
<kw name="Mouse Button" library="Browser">
<arg>up</arg>
<tag>PageContent</tag>
<tag>Setter</tag>
<doc>Clicks, presses or releases a mouse button.</doc>
<msg timestamp="20230704 04:09:08.697" level="INFO">No coordinates where set. Action appears at current position.</msg>
<status status="PASS" starttime="20230704 04:09:08.697" endtime="20230704 04:09:08.743"/>
</kw>
<kw name="Evaluate" library="BuiltIn">
<var>${j}</var>
<arg>${j} + 1</arg>
<doc>Evaluates the given expression in Python and returns the result.</doc>
<msg timestamp="20230704 04:09:08.744" level="INFO">${j} = 2</msg>
<status status="PASS" starttime="20230704 04:09:08.743" endtime="20230704 04:09:08.744"/>
</kw>
<status status="PASS" starttime="20230704 04:09:08.661" endtime="20230704 04:09:08.744"/>
</iter>
<iter>
<var name="${i}">1</var>
<kw name="Mouse Move Relative To" library="Browser">
<arg>(//button[@aria-label='Close']/following-sibling::div/div)[1]</arg>
<arg>-10</arg>
<arg>${j}</arg>
<tag>PageContent</tag>
<tag>Setter</tag>
<doc>Moves the mouse cursor relative to the selected element.</doc>
<msg timestamp="20230704 04:09:08.769" level="INFO">Moving mouse relative to element center by x: -10.0, y: 2.0 coordinates.</msg>
<status status="PASS" starttime="20230704 04:09:08.744" endtime="20230704 04:09:08.782"/>
</kw>
<kw name="Mouse Button" library="Browser">
<arg>down</arg>
<tag>PageContent</tag>
<tag>Setter</tag>
<doc>Clicks, presses or releases a mouse button.</doc>
<msg timestamp="20230704 04:09:08.783" level="INFO">No coordinates where set. Action appears at current position.</msg>
<status status="PASS" starttime="20230704 04:09:08.782" endtime="20230704 04:09:08.788"/>
</kw>
<kw name="Mouse Button" library="Browser">
<arg>up</arg>
<tag>PageContent</tag>
<tag>Setter</tag>
<doc>Clicks, presses or releases a mouse button.</doc>
<msg timestamp="20230704 04:09:08.789" level="INFO">No coordinates where set. Action appears at current position.</msg>
<status status="PASS" starttime="20230704 04:09:08.788" endtime="20230704 04:09:08.799"/>
</kw>
<kw name="Evaluate" library="BuiltIn">
<var>${j}</var>
<arg>${j} + 1</arg>
<doc>Evaluates the given expression in Python and returns the result.</doc>
<msg timestamp="20230704 04:09:08.800" level="INFO">${j} = 3</msg>
<status status="PASS" starttime="20230704 04:09:08.799" endtime="20230704 04:09:08.800"/>
</kw>
<status status="PASS" starttime="20230704 04:09:08.744" endtime="20230704 04:09:08.800"/>
</iter>
<iter>
<var name="${i}">2</var>
<kw name="Mouse Move Relative To" library="Browser">
<arg>(//button[@aria-label='Close']/following-sibling::div/div)[1]</arg>
<arg>-10</arg>
<arg>${j}</arg>
<tag>PageContent</tag>
<tag>Setter</tag>
<doc>Moves the mouse cursor relative to the selected element.</doc>
<msg timestamp="20230704 04:09:08.827" level="INFO">Moving mouse relative to element center by x: -10.0, y: 3.0 coordinates.</msg>
<status status="PASS" starttime="20230704 04:09:08.801" endtime="20230704 04:09:08.832"/>
</kw>
<kw name="Mouse Button" library="Browser">
<arg>down</arg>
<tag>PageContent</tag>
<tag>Setter</tag>
<doc>Clicks, presses or releases a mouse button.</doc>
<msg timestamp="20230704 04:09:08.833" level="INFO">No coordinates where set. Action appears at current position.</msg>
<status status="PASS" starttime="20230704 04:09:08.832" endtime="20230704 04:09:08.838"/>
</kw>
<kw name="Mouse Button" library="Browser">
<arg>up</arg>
<tag>PageContent</tag>
<tag>Setter</tag>
<doc>Clicks, presses or releases a mouse button.</doc>
<msg timestamp="20230704 04:09:08.840" level="INFO">No coordinates where set. Action appears at current position.</msg>
<status status="PASS" starttime="20230704 04:09:08.839" endtime="20230704 04:09:08.846"/>
</kw>
<kw name="Evaluate" library="BuiltIn">
<var>${j}</var>
<arg>${j} + 1</arg>
<doc>Evaluates the given expression in Python and returns the result.</doc>
<msg timestamp="20230704 04:09:08.847" level="INFO">${j} = 4</msg>
<status status="PASS" starttime="20230704 04:09:08.846" endtime="20230704 04:09:08.847"/>
</kw>
<status status="PASS" starttime="20230704 04:09:08.800" endtime="20230704 04:09:08.847"/>
</iter>
<iter>
<var name="${i}">3</var>
<kw name="Mouse Move Relative To" library="Browser">
<arg>(//button[@aria-label='Close']/following-sibling::div/div)[1]</arg>
<arg>-10</arg>
<arg>${j}</arg>
<tag>PageContent</tag>
<tag>Setter</tag>
<doc>Moves the mouse cursor relative to the selected element.</doc>
<msg timestamp="20230704 04:09:08.872" level="INFO">Moving mouse relative to element center by x: -10.0, y: 4.0 coordinates.</msg>
<status status="PASS" starttime="20230704 04:09:08.848" endtime="20230704 04:09:08.882"/>
</kw>
<kw name="Mouse Button" library="Browser">
<arg>down</arg>
<tag>PageContent</tag>
<tag>Setter</tag>
<doc>Clicks, presses or releases a mouse button.</doc>
<msg timestamp="20230704 04:09:08.884" level="INFO">No coordinates where set. Action appears at current position.</msg>
<status status="PASS" starttime="20230704 04:09:08.883" endtime="20230704 04:09:08.888"/>
</kw>
<kw name="Mouse Button" library="Browser">
<arg>up</arg>
<tag>PageContent</tag>
<tag>Setter</tag>
<doc>Clicks, presses or releases a mouse button.</doc>
<msg timestamp="20230704 04:09:08.889" level="INFO">No coordinates where set. Action appears at current position.</msg>
<status status="PASS" starttime="20230704 04:09:08.888" endtime="20230704 04:09:08.895"/>
</kw>
<kw name="Evaluate" library="BuiltIn">
<var>${j}</var>
<arg>${j} + 1</arg>
<doc>Evaluates the given expression in Python and returns the result.</doc>
<msg timestamp="20230704 04:09:08.895" level="INFO">${j} = 5</msg>
<status status="PASS" starttime="20230704 04:09:08.895" endtime="20230704 04:09:08.896"/>
</kw>
<status status="PASS" starttime="20230704 04:09:08.847" endtime="20230704 04:09:08.896"/>
</iter>
<iter>
<var name="${i}">4</var>
<kw name="Mouse Move Relative To" library="Browser">
<arg>(//button[@aria-label='Close']/following-sibling::div/div)[1]</arg>
<arg>-10</arg>
<arg>${j}</arg>
<tag>PageContent</tag>
<tag>Setter</tag>
<doc>Moves the mouse cursor relative to the selected element.</doc>
<msg timestamp="20230704 04:09:08.909" level="INFO">Moving mouse relative to element center by x: -10.0, y: 5.0 coordinates.</msg>
<status status="PASS" starttime="20230704 04:09:08.896" endtime="20230704 04:09:08.914"/>
</kw>
<kw name="Mouse Button" library="Browser">
<arg>down</arg>
<tag>PageContent</tag>
<tag>Setter</tag>
<doc>Clicks, presses or releases a mouse button.</doc>
<msg timestamp="20230704 04:09:08.915" level="INFO">No coordinates where set. Action appears at current position.</msg>
<status status="PASS" starttime="20230704 04:09:08.915" endtime="20230704 04:09:08.920"/>
</kw>
<kw name="Mouse Button" library="Browser">
<arg>up</arg>
<tag>PageContent</tag>
<tag>Setter</tag>
<doc>Clicks, presses or releases a mouse button.</doc>
<msg timestamp="20230704 04:09:08.922" level="INFO">No coordinates where set. Action appears at current position.</msg>
<status status="PASS" starttime="20230704 04:09:08.921" endtime="20230704 04:09:08.932"/>
</kw>
<kw name="Evaluate" library="BuiltIn">
<var>${j}</var>
<arg>${j} + 1</arg>
<doc>Evaluates the given expression in Python and returns the result.</doc>
<msg timestamp="20230704 04:09:08.933" level="INFO">${j} = 6</msg>
<status status="PASS" starttime="20230704 04:09:08.932" endtime="20230704 04:09:08.933"/>
</kw>
<status status="PASS" starttime="20230704 04:09:08.896" endtime="20230704 04:09:08.933"/>
</iter>
<iter>
<var name="${i}">5</var>
<kw name="Mouse Move Relative To" library="Browser">
<arg>(//button[@aria-label='Close']/following-sibling::div/div)[1]</arg>
<arg>-10</arg>
<arg>${j}</arg>
<tag>PageContent</tag>
<tag>Setter</tag>
<doc>Moves the mouse cursor relative to the selected element.</doc>
<msg timestamp="20230704 04:09:08.955" level="INFO">Moving mouse relative to element center by x: -10.0, y: 6.0 coordinates.</msg>
<status status="PASS" starttime="20230704 04:09:08.933" endtime="20230704 04:09:08.965"/>
</kw>
<kw name="Mouse Button" library="Browser">
<arg>down</arg>
<tag>PageContent</tag>
<tag>Setter</tag>
<doc>Clicks, presses or releases a mouse button.</doc>
<msg timestamp="20230704 04:09:08.966" level="INFO">No coordinates where set. Action appears at current position.</msg>
<status status="PASS" starttime="20230704 04:09:08.965" endtime="20230704 04:09:08.970"/>
</kw>
<kw name="Mouse Button" library="Browser">
<arg>up</arg>
<tag>PageContent</tag>
<tag>Setter</tag>
<doc>Clicks, presses or releases a mouse button.</doc>
<msg timestamp="20230704 04:09:08.972" level="INFO">No coordinates where set. Action appears at current position.</msg>
<status status="PASS" starttime="20230704 04:09:08.971" endtime="20230704 04:09:08.978"/>
</kw>
<kw name="Evaluate" library="BuiltIn">
<var>${j}</var>
<arg>${j} + 1</arg>
<doc>Evaluates the given expression in Python and returns the result.</doc>
<msg timestamp="20230704 04:09:08.979" level="INFO">${j} = 7</msg>
<status status="PASS" starttime="20230704 04:09:08.978" endtime="20230704 04:09:08.979"/>
</kw>
<status status="PASS" starttime="20230704 04:09:08.933" endtime="20230704 04:09:08.979"/>
</iter>
<iter>
<var name="${i}">6</var>
<kw name="Mouse Move Relative To" library="Browser">
<arg>(//button[@aria-label='Close']/following-sibling::div/div)[1]</arg>
<arg>-10</arg>
<arg>${j}</arg>
<tag>PageContent</tag>
<tag>Setter</tag>
<doc>Moves the mouse cursor relative to the selected element.</doc>
<msg timestamp="20230704 04:09:08.993" level="INFO">Moving mouse relative to element center by x: -10.0, y: 7.0 coordinates.</msg>
<status status="PASS" starttime="20230704 04:09:08.980" endtime="20230704 04:09:08.999"/>
</kw>
<kw name="Mouse Button" library="Browser">
<arg>down</arg>
<tag>PageContent</tag>
<tag>Setter</tag>
<doc>Clicks, presses or releases a mouse button.</doc>
<msg timestamp="20230704 04:09:09.000" level="INFO">No coordinates where set. Action appears at current position.</msg>
<status status="PASS" starttime="20230704 04:09:08.999" endtime="20230704 04:09:09.005"/>
</kw>
<kw name="Mouse Button" library="Browser">
<arg>up</arg>
<tag>PageContent</tag>
<tag>Setter</tag>
<doc>Clicks, presses or releases a mouse button.</doc>
<msg timestamp="20230704 04:09:09.006" level="INFO">No coordinates where set. Action appears at current position.</msg>
<status status="PASS" starttime="20230704 04:09:09.005" endtime="20230704 04:09:09.013"/>
</kw>
<kw name="Evaluate" library="BuiltIn">
<var>${j}</var>
<arg>${j} + 1</arg>
<doc>Evaluates the given expression in Python and returns the result.</doc>
<msg timestamp="20230704 04:09:09.014" level="INFO">${j} = 8</msg>
<status status="PASS" starttime="20230704 04:09:09.014" endtime="20230704 04:09:09.014"/>
</kw>
<status status="PASS" starttime="20230704 04:09:08.979" endtime="20230704 04:09:09.014"/>
</iter>
<iter>
<var name="${i}">7</var>
<kw name="Mouse Move Relative To" library="Browser">
<arg>(//button[@aria-label='Close']/following-sibling::div/div)[1]</arg>
<arg>-10</arg>
<arg>${j}</arg>
<tag>PageContent</tag>
<tag>Setter</tag>
<doc>Moves the mouse cursor relative to the selected element.</doc>
<msg timestamp="20230704 04:09:09.027" level="INFO">Moving mouse relative to element center by x: -10.0, y: 8.0 coordinates.</msg>
<status status="PASS" starttime="20230704 04:09:09.015" endtime="20230704 04:09:09.033"/>
</kw>
<kw name="Mouse Button" library="Browser">
<arg>down</arg>
<tag>PageContent</tag>
<tag>Setter</tag>
<doc>Clicks, presses or releases a mouse button.</doc>
<msg timestamp="20230704 04:09:09.034" level="INFO">No coordinates where set. Action appears at current position.</msg>
<status status="PASS" starttime="20230704 04:09:09.033" endtime="20230704 04:09:09.039"/>
</kw>
<kw name="Mouse Button" library="Browser">
<arg>up</arg>
<tag>PageContent</tag>
<tag>Setter</tag>
<doc>Clicks, presses or releases a mouse button.</doc>
<msg timestamp="20230704 04:09:09.040" level="INFO">No coordinates where set. Action appears at current position.</msg>
<status status="PASS" starttime="20230704 04:09:09.039" endtime="20230704 04:09:09.050"/>
</kw>
<kw name="Evaluate" library="BuiltIn">
<var>${j}</var>
<arg>${j} + 1</arg>
<doc>Evaluates the given expression in Python and returns the result.</doc>
<msg timestamp="20230704 04:09:09.051" level="INFO">${j} = 9</msg>
<status status="PASS" starttime="20230704 04:09:09.050" endtime="20230704 04:09:09.051"/>
</kw>
<status status="PASS" starttime="20230704 04:09:09.015" endtime="20230704 04:09:09.051"/>
</iter>
<iter>
<var name="${i}">8</var>
<kw name="Mouse Move Relative To" library="Browser">
<arg>(//button[@aria-label='Close']/following-sibling::div/div)[1]</arg>
<arg>-10</arg>
<arg>${j}</arg>
<tag>PageContent</tag>
<tag>Setter</tag>
<doc>Moves the mouse cursor relative to the selected element.</doc>
<msg timestamp="20230704 04:09:09.093" level="INFO">Moving mouse relative to element center by x: -10.0, y: 9.0 coordinates.</msg>
<status status="PASS" starttime="20230704 04:09:09.051" endtime="20230704 04:09:09.097"/>
</kw>
<kw name="Mouse Button" library="Browser">
<arg>down</arg>
<tag>PageContent</tag>
<tag>Setter</tag>
<doc>Clicks, presses or releases a mouse button.</doc>
<msg timestamp="20230704 04:09:09.098" level="INFO">No coordinates where set. Action appears at current position.</msg>
<status status="PASS" starttime="20230704 04:09:09.097" endtime="20230704 04:09:09.102"/>
</kw>
<kw name="Mouse Button" library="Browser">
<arg>up</arg>
<tag>PageContent</tag>
<tag>Setter</tag>
<doc>Clicks, presses or releases a mouse button.</doc>
<msg timestamp="20230704 04:09:09.103" level="INFO">No coordinates where set. Action appears at current position.</msg>
<status status="PASS" starttime="20230704 04:09:09.102" endtime="20230704 04:09:09.109"/>
</kw>
<kw name="Evaluate" library="BuiltIn">
<var>${j}</var>
<arg>${j} + 1</arg>
<doc>Evaluates the given expression in Python and returns the result.</doc>
<msg timestamp="20230704 04:09:09.109" level="INFO">${j} = 10</msg>
<status status="PASS" starttime="20230704 04:09:09.109" endtime="20230704 04:09:09.109"/>
</kw>
<status status="PASS" starttime="20230704 04:09:09.051" endtime="20230704 04:09:09.110"/>
</iter>
<iter>
<var name="${i}">9</var>
<kw name="Mouse Move Relative To" library="Browser">
<arg>(//button[@aria-label='Close']/following-sibling::div/div)[1]</arg>
<arg>-10</arg>
<arg>${j}</arg>
<tag>PageContent</tag>
<tag>Setter</tag>
<doc>Moves the mouse cursor relative to the selected element.</doc>
<msg timestamp="20230704 04:09:09.126" level="INFO">Moving mouse relative to element center by x: -10.0, y: 10.0 coordinates.</msg>
<status status="PASS" starttime="20230704 04:09:09.110" endtime="20230704 04:09:09.133"/>
</kw>
<kw name="Mouse Button" library="Browser">
<arg>down</arg>
<tag>PageContent</tag>
<tag>Setter</tag>
<doc>Clicks, presses or releases a mouse button.</doc>
<msg timestamp="20230704 04:09:09.135" level="INFO">No coordinates where set. Action appears at current position.</msg>
<status status="PASS" starttime="20230704 04:09:09.134" endtime="20230704 04:09:09.139"/>
</kw>
<kw name="Mouse Button" library="Browser">
<arg>up</arg>
<tag>PageContent</tag>
<tag>Setter</tag>
<doc>Clicks, presses or releases a mouse button.</doc>
<msg timestamp="20230704 04:09:09.141" level="INFO">No coordinates where set. Action appears at current position.</msg>
<status status="PASS" starttime="20230704 04:09:09.140" endtime="20230704 04:09:09.147"/>
</kw>
<kw name="Evaluate" library="BuiltIn">
<var>${j}</var>
<arg>${j} + 1</arg>
<doc>Evaluates the given expression in Python and returns the result.</doc>
<msg timestamp="20230704 04:09:09.148" level="INFO">${j} = 11</msg>
<status status="PASS" starttime="20230704 04:09:09.147" endtime="20230704 04:09:09.148"/>
</kw>
<status status="PASS" starttime="20230704 04:09:09.110" endtime="20230704 04:09:09.148"/>
</iter>
<iter>
<var name="${i}">10</var>
<kw name="Mouse Move Relative To" library="Browser">
<arg>(//button[@aria-label='Close']/following-sibling::div/div)[1]</arg>
<arg>-10</arg>
<arg>${j}</arg>
<tag>PageContent</tag>
<tag>Setter</tag>
<doc>Moves the mouse cursor relative to the selected element.</doc>
<msg timestamp="20230704 04:09:09.163" level="INFO">Moving mouse relative to element center by x: -10.0, y: 11.0 coordinates.</msg>
<status status="PASS" starttime="20230704 04:09:09.149" endtime="20230704 04:09:09.171"/>
</kw>
<kw name="Mouse Button" library="Browser">
<arg>down</arg>
<tag>PageContent</tag>
<tag>Setter</tag>
<doc>Clicks, presses or releases a mouse button.</doc>
<msg timestamp="20230704 04:09:09.172" level="INFO">No coordinates where set. Action appears at current position.</msg>
<status status="PASS" starttime="20230704 04:09:09.171" endtime="20230704 04:09:09.179"/>
</kw>
<kw name="Mouse Button" library="Browser">
<arg>up</arg>
<tag>PageContent</tag>
<tag>Setter</tag>
<doc>Clicks, presses or releases a mouse button.</doc>
<msg timestamp="20230704 04:09:09.180" level="INFO">No coordinates where set. Action appears at current position.</msg>
<status status="PASS" starttime="20230704 04:09:09.179" endtime="20230704 04:09:09.188"/>
</kw>
<kw name="Evaluate" library="BuiltIn">
<var>${j}</var>
<arg>${j} + 1</arg>
<doc>Evaluates the given expression in Python and returns the result.</doc>
<msg timestamp="20230704 04:09:09.189" level="INFO">${j} = 12</msg>
<status status="PASS" starttime="20230704 04:09:09.189" endtime="20230704 04:09:09.189"/>
</kw>
<status status="PASS" starttime="20230704 04:09:09.148" endtime="20230704 04:09:09.189"/>
</iter>
<iter>
<var name="${i}">11</var>
<kw name="Mouse Move Relative To" library="Browser">
<arg>(//button[@aria-label='Close']/following-sibling::div/div)[1]</arg>
<arg>-10</arg>
<arg>${j}</arg>
<tag>PageContent</tag>
<tag>Setter</tag>
<doc>Moves the mouse cursor relative to the selected element.</doc>
<msg timestamp="20230704 04:09:09.201" level="INFO">Moving mouse relative to element center by x: -10.0, y: 12.0 coordinates.</msg>
<status status="PASS" starttime="20230704 04:09:09.190" endtime="20230704 04:09:09.215"/>
</kw>
<kw name="Mouse Button" library="Browser">
<arg>down</arg>
<tag>PageContent</tag>
<tag>Setter</tag>
<doc>Clicks, presses or releases a mouse button.</doc>
<msg timestamp="20230704 04:09:09.217" level="INFO">No coordinates where set. Action appears at current position.</msg>
<status status="PASS" starttime="20230704 04:09:09.216" endtime="20230704 04:09:09.221"/>
</kw>
<kw name="Mouse Button" library="Browser">
<arg>up</arg>
<tag>PageContent</tag>
<tag>Setter</tag>
<doc>Clicks, presses or releases a mouse button.</doc>
<msg timestamp="20230704 04:09:09.222" level="INFO">No coordinates where set. Action appears at current position.</msg>
<status status="PASS" starttime="20230704 04:09:09.221" endtime="20230704 04:09:09.227"/>
</kw>
<kw name="Evaluate" library="BuiltIn">
<var>${j}</var>
<arg>${j} + 1</arg>
<doc>Evaluates the given expression in Python and returns the result.</doc>
<msg timestamp="20230704 04:09:09.228" level="INFO">${j} = 13</msg>
<status status="PASS" starttime="20230704 04:09:09.228" endtime="20230704 04:09:09.228"/>
</kw>
<status status="PASS" starttime="20230704 04:09:09.190" endtime="20230704 04:09:09.228"/>
</iter>
<iter>
<var name="${i}">12</var>
<kw name="Mouse Move Relative To" library="Browser">
<arg>(//button[@aria-label='Close']/following-sibling::div/div)[1]</arg>
<arg>-10</arg>
<arg>${j}</arg>
<tag>PageContent</tag>
<tag>Setter</tag>
<doc>Moves the mouse cursor relative to the selected element.</doc>
<msg timestamp="20230704 04:09:09.240" level="INFO">Moving mouse relative to element center by x: -10.0, y: 13.0 coordinates.</msg>
<status status="PASS" starttime="20230704 04:09:09.229" endtime="20230704 04:09:09.248"/>
</kw>
<kw name="Mouse Button" library="Browser">
<arg>down</arg>
<tag>PageContent</tag>
<tag>Setter</tag>
<doc>Clicks, presses or releases a mouse button.</doc>
<msg timestamp="20230704 04:09:09.249" level="INFO">No coordinates where set. Action appears at current position.</msg>
<status status="PASS" starttime="20230704 04:09:09.248" endtime="20230704 04:09:09.253"/>
</kw>
<kw name="Mouse Button" library="Browser">
<arg>up</arg>
<tag>PageContent</tag>
<tag>Setter</tag>
<doc>Clicks, presses or releases a mouse button.</doc>
<msg timestamp="20230704 04:09:09.255" level="INFO">No coordinates where set. Action appears at current position.</msg>
<status status="PASS" starttime="20230704 04:09:09.254" endtime="20230704 04:09:09.262"/>
</kw>
<kw name="Evaluate" library="BuiltIn">
<var>${j}</var>
<arg>${j} + 1</arg>
<doc>Evaluates the given expression in Python and returns the result.</doc>
<msg timestamp="20230704 04:09:09.263" level="INFO">${j} = 14</msg>
<status status="PASS" starttime="20230704 04:09:09.262" endtime="20230704 04:09:09.263"/>
</kw>
<status status="PASS" starttime="20230704 04:09:09.228" endtime="20230704 04:09:09.263"/>
</iter>
<iter>
<var name="${i}">13</var>
<kw name="Mouse Move Relative To" library="Browser">
<arg>(//button[@aria-label='Close']/following-sibling::div/div)[1]</arg>
<arg>-10</arg>
<arg>${j}</arg>
<tag>PageContent</tag>
<tag>Setter</tag>
<doc>Moves the mouse cursor relative to the selected element.</doc>
<msg timestamp="20230704 04:09:09.288" level="INFO">Moving mouse relative to element center by x: -10.0, y: 14.0 coordinates.</msg>
<status status="PASS" starttime="20230704 04:09:09.263" endtime="20230704 04:09:09.292"/>
</kw>
<kw name="Mouse Button" library="Browser">
<arg>down</arg>
<tag>PageContent</tag>
<tag>Setter</tag>
<doc>Clicks, presses or releases a mouse button.</doc>
<msg timestamp="20230704 04:09:09.293" level="INFO">No coordinates where set. Action appears at current position.</msg>
<status status="PASS" starttime="20230704 04:09:09.292" endtime="20230704 04:09:09.303"/>
</kw>
<kw name="Mouse Button" library="Browser">
<arg>up</arg>
<tag>PageContent</tag>
<tag>Setter</tag>
<doc>Clicks, presses or releases a mouse button.</doc>
<msg timestamp="20230704 04:09:09.304" level="INFO">No coordinates where set. Action appears at current position.</msg>
<status status="PASS" starttime="20230704 04:09:09.303" endtime="20230704 04:09:09.332"/>
</kw>
<kw name="Evaluate" library="BuiltIn">
<var>${j}</var>
<arg>${j} + 1</arg>
<doc>Evaluates the given expression in Python and returns the result.</doc>
<msg timestamp="20230704 04:09:09.333" level="INFO">${j} = 15</msg>
<status status="PASS" starttime="20230704 04:09:09.332" endtime="20230704 04:09:09.333"/>
</kw>
<status status="PASS" starttime="20230704 04:09:09.263" endtime="20230704 04:09:09.333"/>
</iter>
<iter>
<var name="${i}">14</var>
<kw name="Mouse Move Relative To" library="Browser">
<arg>(//button[@aria-label='Close']/following-sibling::div/div)[1]</arg>
<arg>-10</arg>
<arg>${j}</arg>
<tag>PageContent</tag>
<tag>Setter</tag>
<doc>Moves the mouse cursor relative to the selected element.</doc>
<msg timestamp="20230704 04:09:09.353" level="INFO">Moving mouse relative to element center by x: -10.0, y: 15.0 coordinates.</msg>
<status status="PASS" starttime="20230704 04:09:09.333" endtime="20230704 04:09:09.357"/>
</kw>
<kw name="Mouse Button" library="Browser">
<arg>down</arg>
<tag>PageContent</tag>
<tag>Setter</tag>
<doc>Clicks, presses or releases a mouse button.</doc>
<msg timestamp="20230704 04:09:09.358" level="INFO">No coordinates where set. Action appears at current position.</msg>
<status status="PASS" starttime="20230704 04:09:09.357" endtime="20230704 04:09:09.362"/>
</kw>
<kw name="Mouse Button" library="Browser">
<arg>up</arg>
<tag>PageContent</tag>
<tag>Setter</tag>
<doc>Clicks, presses or releases a mouse button.</doc>
<msg timestamp="20230704 04:09:09.363" level="INFO">No coordinates where set. Action appears at current position.</msg>
<status status="PASS" starttime="20230704 04:09:09.362" endtime="20230704 04:09:09.369"/>
</kw>
<kw name="Evaluate" library="BuiltIn">
<var>${j}</var>
<arg>${j} + 1</arg>
<doc>Evaluates the given expression in Python and returns the result.</doc>
<msg timestamp="20230704 04:09:09.370" level="INFO">${j} = 16</msg>
<status status="PASS" starttime="20230704 04:09:09.370" endtime="20230704 04:09:09.370"/>
</kw>
<status status="PASS" starttime="20230704 04:09:09.333" endtime="20230704 04:09:09.370"/>
</iter>
<iter>
<var name="${i}">15</var>
<kw name="Mouse Move Relative To" library="Browser">
<arg>(//button[@aria-label='Close']/following-sibling::div/div)[1]</arg>
<arg>-10</arg>
<arg>${j}</arg>
<tag>PageContent</tag>
<tag>Setter</tag>
<doc>Moves the mouse cursor relative to the selected element.</doc>
<msg timestamp="20230704 04:09:09.384" level="INFO">Moving mouse relative to element center by x: -10.0, y: 16.0 coordinates.</msg>
<status status="PASS" starttime="20230704 04:09:09.371" endtime="20230704 04:09:09.403"/>
</kw>
<kw name="Mouse Button" library="Browser">
<arg>down</arg>
<tag>PageContent</tag>
<tag>Setter</tag>
<doc>Clicks, presses or releases a mouse button.</doc>
<msg timestamp="20230704 04:09:09.405" level="INFO">No coordinates where set. Action appears at current position.</msg>
<status status="PASS" starttime="20230704 04:09:09.404" endtime="20230704 04:09:09.408"/>
</kw>
<kw name="Mouse Button" library="Browser">
<arg>up</arg>
<tag>PageContent</tag>
<tag>Setter</tag>
<doc>Clicks, presses or releases a mouse button.</doc>
<msg timestamp="20230704 04:09:09.410" level="INFO">No coordinates where set. Action appears at current position.</msg>
<status status="PASS" starttime="20230704 04:09:09.409" endtime="20230704 04:09:09.416"/>
</kw>
<kw name="Evaluate" library="BuiltIn">
<var>${j}</var>
<arg>${j} + 1</arg>
<doc>Evaluates the given expression in Python and returns the result.</doc>
<msg timestamp="20230704 04:09:09.416" level="INFO">${j} = 17</msg>
<status status="PASS" starttime="20230704 04:09:09.416" endtime="20230704 04:09:09.416"/>
</kw>
<status status="PASS" starttime="20230704 04:09:09.371" endtime="20230704 04:09:09.417"/>
</iter>
<iter>
<var name="${i}">16</var>
<kw name="Mouse Move Relative To" library="Browser">
<arg>(//button[@aria-label='Close']/following-sibling::div/div)[1]</arg>
<arg>-10</arg>
<arg>${j}</arg>
<tag>PageContent</tag>
<tag>Setter</tag>
<doc>Moves the mouse cursor relative to the selected element.</doc>
<msg timestamp="20230704 04:09:09.433" level="INFO">Moving mouse relative to element center by x: -10.0, y: 17.0 coordinates.</msg>
<status status="PASS" starttime="20230704 04:09:09.417" endtime="20230704 04:09:09.438"/>
</kw>
<kw name="Mouse Button" library="Browser">
<arg>down</arg>
<tag>PageContent</tag>
<tag>Setter</tag>
<doc>Clicks, presses or releases a mouse button.</doc>
<msg timestamp="20230704 04:09:09.440" level="INFO">No coordinates where set. Action appears at current position.</msg>
<status status="PASS" starttime="20230704 04:09:09.439" endtime="20230704 04:09:09.448"/>
</kw>
<kw name="Mouse Button" library="Browser">
<arg>up</arg>
<tag>PageContent</tag>
<tag>Setter</tag>
<doc>Clicks, presses or releases a mouse button.</doc>
<msg timestamp="20230704 04:09:09.449" level="INFO">No coordinates where set. Action appears at current position.</msg>
<status status="PASS" starttime="20230704 04:09:09.448" endtime="20230704 04:09:09.455"/>
</kw>
<kw name="Evaluate" library="BuiltIn">
<var>${j}</var>
<arg>${j} + 1</arg>
<doc>Evaluates the given expression in Python and returns the result.</doc>
<msg timestamp="20230704 04:09:09.456" level="INFO">${j} = 18</msg>
<status status="PASS" starttime="20230704 04:09:09.455" endtime="20230704 04:09:09.456"/>
</kw>
<status status="PASS" starttime="20230704 04:09:09.417" endtime="20230704 04:09:09.456"/>
</iter>
<iter>
<var name="${i}">17</var>
<kw name="Mouse Move Relative To" library="Browser">
<arg>(//button[@aria-label='Close']/following-sibling::div/div)[1]</arg>
<arg>-10</arg>
<arg>${j}</arg>
<tag>PageContent</tag>
<tag>Setter</tag>
<doc>Moves the mouse cursor relative to the selected element.</doc>
<msg timestamp="20230704 04:09:09.468" level="INFO">Moving mouse relative to element center by x: -10.0, y: 18.0 coordinates.</msg>
[...]
</kw>
<kw name="Fill in guest information when guest is adult" library="booking">
<kw name="Fill Invite guest info and click invite button" library="booking">
<kw name="Wait Until Visible" library="common">
<arg>//div[contains(@class,'chakra-offset-slide')]//form</arg>
<doc>An easier keyword for waiting until an element is visible</doc>
<kw name="Wait For Elements State" library="Browser">
<arg>${element}</arg>
<arg>visible</arg>
<arg>timeout=${timeout}</arg>
<tag>PageContent</tag>
<tag>Wait</tag>
<doc>Waits for the element found by ``selector`` to satisfy state option.</doc>
<msg timestamp="20230704 04:13:41.386" level="INFO">Waited for Element with selector //div[contains(@class,'chakra-offset-slide')]//form at state visible</msg>
<status status="PASS" starttime="20230704 04:13:41.379" endtime="20230704 04:13:41.386"/>
</kw>
<status status="PASS" starttime="20230704 04:13:41.379" endtime="20230704 04:13:41.386"/>
</kw>
<kw name="Click" library="Browser">
<arg>//input[@id='firstName']</arg>
<tag>PageContent</tag>
<tag>Setter</tag>
<doc>Simulates mouse click on the element found by ``selector``.</doc>
<status status="PASS" starttime="20230704 04:13:41.386" endtime="20230704 04:13:41.432"/>
</kw>
<kw name="Wait Until Visible" library="common">
<arg>//input[@id='firstName']</arg>
<doc>An easier keyword for waiting until an element is visible</doc>
<kw name="Wait For Elements State" library="Browser">
<arg>${element}</arg>
<arg>visible</arg>
<arg>timeout=${timeout}</arg>
<tag>PageContent</tag>
<tag>Wait</tag>
<doc>Waits for the element found by ``selector`` to satisfy state option.</doc>
<msg timestamp="20230704 04:13:41.440" level="INFO">Waited for Element with selector //input[@id='firstName'] at state visible</msg>
<status status="PASS" starttime="20230704 04:13:41.433" endtime="20230704 04:13:41.440"/>
</kw>
<status status="PASS" starttime="20230704 04:13:41.432" endtime="20230704 04:13:41.440"/>
</kw>
<kw name="Wait Until Keyword Succeeds" library="BuiltIn">
<arg>20s</arg>
<arg>2s</arg>
<arg>Type Text</arg>
<arg>//input[@id='firstName']</arg>
<arg>${guestFirstname}</arg>
<doc>Runs the specified keyword and retries if it fails.</doc>
<kw name="Type Text" library="Browser">
<arg>//input[@id='firstName']</arg>
<arg>${guestFirstname}</arg>
<tag>PageContent</tag>
<tag>Setter</tag>
<doc>Types the given ``txt`` into the text field found by ``selector``.</doc>
<msg timestamp="20230704 04:13:41.441" level="INFO">Types the text 'Shin' in the given field.</msg>
<status status="PASS" starttime="20230704 04:13:41.441" endtime="20230704 04:13:41.532"/>
</kw>
<status status="PASS" starttime="20230704 04:13:41.441" endtime="20230704 04:13:41.532"/>
</kw>
<kw name="Click" library="Browser">
<arg>//input[@id='lastName']</arg>
<tag>PageContent</tag>
<tag>Setter</tag>
<doc>Simulates mouse click on the element found by ``selector``.</doc>
<status status="PASS" starttime="20230704 04:13:41.532" endtime="20230704 04:13:41.608"/>
</kw>
<kw name="Wait Until Visible" library="common">
<arg>//input[@id='lastName']</arg>
<doc>An easier keyword for waiting until an element is visible</doc>
<kw name="Wait For Elements State" library="Browser">
<arg>${element}</arg>
<arg>visible</arg>
<arg>timeout=${timeout}</arg>
<tag>PageContent</tag>
<tag>Wait</tag>
<doc>Waits for the element found by ``selector`` to satisfy state option.</doc>
<msg timestamp="20230704 04:13:41.615" level="INFO">Waited for Element with selector //input[@id='lastName'] at state visible</msg>
<status status="PASS" starttime="20230704 04:13:41.609" endtime="20230704 04:13:41.615"/>
</kw>
<status status="PASS" starttime="20230704 04:13:41.609" endtime="20230704 04:13:41.615"/>
</kw>
<kw name="Wait Until Keyword Succeeds" library="BuiltIn">
<arg>20s</arg>
<arg>2s</arg>
<arg>Type Text</arg>
<arg>//input[@id='lastName']</arg>
<arg>${guestLastname}</arg>
<doc>Runs the specified keyword and retries if it fails.</doc>
<kw name="Type Text" library="Browser">
<arg>//input[@id='lastName']</arg>
<arg>${guestLastname}</arg>
<tag>PageContent</tag>
<tag>Setter</tag>
<doc>Types the given ``txt`` into the text field found by ``selector``.</doc>
<msg timestamp="20230704 04:13:41.617" level="INFO">Types the text 'Suke' in the given field.</msg>
<status status="PASS" starttime="20230704 04:13:41.616" endtime="20230704 04:13:41.697"/>
</kw>
<status status="PASS" starttime="20230704 04:13:41.616" endtime="20230704 04:13:41.697"/>
</kw>
<kw name="Click" library="Browser">
<arg>//input[@id='email']</arg>
<tag>PageContent</tag>
<tag>Setter</tag>
<doc>Simulates mouse click on the element found by ``selector``.</doc>
<status status="PASS" starttime="20230704 04:13:41.697" endtime="20230704 04:13:41.773"/>
</kw>
<kw name="Wait Until Visible" library="common">
<arg>//input[@id='email']</arg>
<doc>An easier keyword for waiting until an element is visible</doc>
<kw name="Wait For Elements State" library="Browser">
<arg>${element}</arg>
<arg>visible</arg>
<arg>timeout=${timeout}</arg>
<tag>PageContent</tag>
<tag>Wait</tag>
<doc>Waits for the element found by ``selector`` to satisfy state option.</doc>
<msg timestamp="20230704 04:13:41.780" level="INFO">Waited for Element with selector //input[@id='email'] at state visible</msg>
<status status="PASS" starttime="20230704 04:13:41.775" endtime="20230704 04:13:41.781"/>
</kw>
<status status="PASS" starttime="20230704 04:13:41.774" endtime="20230704 04:13:41.781"/>
</kw>
<kw name="Wait Until Keyword Succeeds" library="BuiltIn">
<arg>20s</arg>
<arg>2s</arg>
<arg>Type Text</arg>
<arg>//input[@id='email']</arg>
<arg>${guestEmail}</arg>
<doc>Runs the specified keyword and retries if it fails.</doc>
<kw name="Type Text" library="Browser">
<arg>//input[@id='email']</arg>
<arg>${guestEmail}</arg>
<tag>PageContent</tag>
<tag>Setter</tag>
<doc>Types the given ``txt`` into the text field found by ``selector``.</doc>
<msg timestamp="20230704 04:13:41.782" level="INFO">Types the text 'shinsuke@gmail.com' in the given field.</msg>
<status status="PASS" starttime="20230704 04:13:41.782" endtime="20230704 04:13:42.020"/>
</kw>
<status status="PASS" starttime="20230704 04:13:41.781" endtime="20230704 04:13:42.020"/>
</kw>
<kw name="Click" library="Browser">
<arg>//button[normalize-space()='Invite']</arg>
<tag>PageContent</tag>
<tag>Setter</tag>
<doc>Simulates mouse click on the element found by ``selector``.</doc>
<status status="PASS" starttime="20230704 04:13:42.021" endtime="20230704 04:13:42.110"/>
</kw>
<status status="PASS" starttime="20230704 04:13:41.379" endtime="20230704 04:13:42.111"/>
</kw>
<status status="PASS" starttime="20230704 04:13:41.378" endtime="20230704 04:13:42.111"/>
</kw>
<kw name="Uninvite guest" library="booking">
<kw name="Click" library="Browser">
<arg>//p[text()='${guestFirstname} ${guestLastname}']</arg>
<tag>PageContent</tag>
<tag>Setter</tag>
<doc>Simulates mouse click on the element found by ``selector``.</doc>
<status status="PASS" starttime="20230704 04:13:42.112" endtime="20230704 04:13:45.791"/>
</kw>
<kw name="Click Uninvite button" library="booking">
<kw name="Click" library="Browser">
<arg>//button[normalize-space()='Uninvite']</arg>
<tag>PageContent</tag>
<tag>Setter</tag>
<doc>Simulates mouse click on the element found by ``selector``.</doc>
<status status="PASS" starttime="20230704 04:13:45.792" endtime="20230704 04:13:46.680"/>
</kw>
<status status="PASS" starttime="20230704 04:13:45.791" endtime="20230704 04:13:46.680"/>
</kw>
<status status="PASS" starttime="20230704 04:13:42.111" endtime="20230704 04:13:46.680"/>
</kw>
<kw name="Verify Uninvite warning popup" library="booking">
<kw name="Verify Element Presence" library="booking">
<arg>//p[text()='Uninvite']</arg>
<arg>${True}</arg>
<kw name="Run Keyword And Return Status" library="BuiltIn">
<var>${check}</var>
<arg>Wait For Elements State</arg>
<arg>${path}</arg>
<arg>visible</arg>
<arg>timeout=6</arg>
<doc>Runs the given keyword with given arguments and returns the status as a Boolean value.</doc>
<kw name="Wait For Elements State" library="Browser">
<arg>${path}</arg>
<arg>visible</arg>
<arg>timeout=6</arg>
<tag>PageContent</tag>
<tag>Wait</tag>
<doc>Waits for the element found by ``selector`` to satisfy state option.</doc>
<msg timestamp="20230704 04:13:46.693" level="INFO">Waited for Element with selector //p[text()='Uninvite'] at state visible</msg>
<status status="PASS" starttime="20230704 04:13:46.682" endtime="20230704 04:13:46.694"/>
</kw>
<msg timestamp="20230704 04:13:46.694" level="INFO">${check} = True</msg>
<status status="PASS" starttime="20230704 04:13:46.682" endtime="20230704 04:13:46.694"/>
</kw>
<kw name="Run Keyword If" library="BuiltIn">
<arg>${shown} == ${true}</arg>
<arg>Should Be True</arg>
<arg>${check}==${True}</arg>
<doc>Runs the given keyword with the given arguments, if ``condition`` is true.</doc>
<kw name="Should Be True" library="BuiltIn">
<arg>${check}==${True}</arg>
<doc>Fails if the given condition is not true.</doc>
<status status="PASS" starttime="20230704 04:13:46.695" endtime="20230704 04:13:46.695"/>
</kw>
<status status="PASS" starttime="20230704 04:13:46.694" endtime="20230704 04:13:46.696"/>
</kw>
<kw name="Run Keyword If" library="BuiltIn">
<arg>${shown} == ${false}</arg>
<arg>Should Be True</arg>
<arg>${check}==${False}</arg>
<doc>Runs the given keyword with the given arguments, if ``condition`` is true.</doc>
<status status="PASS" starttime="20230704 04:13:46.696" endtime="20230704 04:13:46.696"/>
</kw>
<status status="PASS" starttime="20230704 04:13:46.681" endtime="20230704 04:13:46.697"/>
</kw>
<kw name="Verify Element Presence" library="booking">
<arg>//p[text()='Are you sure you want to uninvite'][text()='shinsuke@gmail.com']</arg>
<arg>${True}</arg>
<kw name="Run Keyword And Return Status" library="BuiltIn">
<var>${check}</var>
<arg>Wait For Elements State</arg>
<arg>${path}</arg>
<arg>visible</arg>
<arg>timeout=6</arg>
<doc>Runs the given keyword with given arguments and returns the status as a Boolean value.</doc>
<kw name="Wait For Elements State" library="Browser">
<arg>${path}</arg>
<arg>visible</arg>
<arg>timeout=6</arg>
<tag>PageContent</tag>
<tag>Wait</tag>
<doc>Waits for the element found by ``selector`` to satisfy state option.</doc>
<msg timestamp="20230704 04:13:46.709" level="INFO">Waited for Element with selector //p[text()='Are you sure you want to uninvite'][text()='shinsuke@gmail.com'] at state visible</msg>
<status status="PASS" starttime="20230704 04:13:46.698" endtime="20230704 04:13:46.709"/>
</kw>
<msg timestamp="20230704 04:13:46.710" level="INFO">${check} = True</msg>
<status status="PASS" starttime="20230704 04:13:46.697" endtime="20230704 04:13:46.710"/>
</kw>
<kw name="Run Keyword If" library="BuiltIn">
<arg>${shown} == ${true}</arg>
<arg>Should Be True</arg>
<arg>${check}==${True}</arg>
<doc>Runs the given keyword with the given arguments, if ``condition`` is true.</doc>
<kw name="Should Be True" library="BuiltIn">
<arg>${check}==${True}</arg>
<doc>Fails if the given condition is not true.</doc>
<status status="PASS" starttime="20230704 04:13:46.710" endtime="20230704 04:13:46.711"/>
</kw>
<status status="PASS" starttime="20230704 04:13:46.710" endtime="20230704 04:13:46.711"/>
</kw>
<kw name="Run Keyword If" library="BuiltIn">
<arg>${shown} == ${false}</arg>
<arg>Should Be True</arg>
<arg>${check}==${False}</arg>
<doc>Runs the given keyword with the given arguments, if ``condition`` is true.</doc>
<status status="PASS" starttime="20230704 04:13:46.711" endtime="20230704 04:13:46.712"/>
</kw>
<status status="PASS" starttime="20230704 04:13:46.697" endtime="20230704 04:13:46.712"/>
</kw>
<kw name="Verify Element Presence" library="booking">
<arg>(//button[@type='button'][normalize-space()='Cancel'])[2]</arg>
<arg>${True}</arg>
<kw name="Run Keyword And Return Status" library="BuiltIn">
<var>${check}</var>
<arg>Wait For Elements State</arg>
<arg>${path}</arg>
<arg>visible</arg>
<arg>timeout=6</arg>
<doc>Runs the given keyword with given arguments and returns the status as a Boolean value.</doc>
<kw name="Wait For Elements State" library="Browser">
<arg>${path}</arg>
<arg>visible</arg>
<arg>timeout=6</arg>
<tag>PageContent</tag>
<tag>Wait</tag>
<doc>Waits for the element found by ``selector`` to satisfy state option.</doc>
<msg timestamp="20230704 04:13:46.723" level="INFO">Waited for Element with selector (//button[@type='button'][normalize-space()='Cancel'])[2] at state visible</msg>
<status status="PASS" starttime="20230704 04:13:46.713" endtime="20230704 04:13:46.723"/>
</kw>
<msg timestamp="20230704 04:13:46.724" level="INFO">${check} = True</msg>
<status status="PASS" starttime="20230704 04:13:46.713" endtime="20230704 04:13:46.724"/>
</kw>
<kw name="Run Keyword If" library="BuiltIn">
<arg>${shown} == ${true}</arg>
<arg>Should Be True</arg>
<arg>${check}==${True}</arg>
<doc>Runs the given keyword with the given arguments, if ``condition`` is true.</doc>
<kw name="Should Be True" library="BuiltIn">
<arg>${check}==${True}</arg>
<doc>Fails if the given condition is not true.</doc>
<status status="PASS" starttime="20230704 04:13:46.724" endtime="20230704 04:13:46.725"/>
</kw>
<status status="PASS" starttime="20230704 04:13:46.724" endtime="20230704 04:13:46.725"/>
</kw>
<kw name="Run Keyword If" library="BuiltIn">
<arg>${shown} == ${false}</arg>
<arg>Should Be True</arg>
<arg>${check}==${False}</arg>
<doc>Runs the given keyword with the given arguments, if ``condition`` is true.</doc>
<status status="PASS" starttime="20230704 04:13:46.725" endtime="20230704 04:13:46.726"/>
</kw>
<status status="PASS" starttime="20230704 04:13:46.712" endtime="20230704 04:13:46.726"/>
</kw>
<kw name="Verify Element Presence" library="booking">
<arg>(//button[@type='button'][normalize-space()='Uninvite'])[2]</arg>
<arg>${True}</arg>
<kw name="Run Keyword And Return Status" library="BuiltIn">
<var>${check}</var>
<arg>Wait For Elements State</arg>
<arg>${path}</arg>
<arg>visible</arg>
<arg>timeout=6</arg>
<doc>Runs the given keyword with given arguments and returns the status as a Boolean value.</doc>
<kw name="Wait For Elements State" library="Browser">
<arg>${path}</arg>
<arg>visible</arg>
<arg>timeout=6</arg>
<tag>PageContent</tag>
<tag>Wait</tag>
<doc>Waits for the element found by ``selector`` to satisfy state option.</doc>
<msg timestamp="20230704 04:13:46.735" level="INFO">Waited for Element with selector (//button[@type='button'][normalize-space()='Uninvite'])[2] at state visible</msg>
<status status="PASS" starttime="20230704 04:13:46.727" endtime="20230704 04:13:46.736"/>
</kw>
<msg timestamp="20230704 04:13:46.737" level="INFO">${check} = True</msg>
<status status="PASS" starttime="20230704 04:13:46.726" endtime="20230704 04:13:46.737"/>
</kw>
<kw name="Run Keyword If" library="BuiltIn">
<arg>${shown} == ${true}</arg>
<arg>Should Be True</arg>
<arg>${check}==${True}</arg>
<doc>Runs the given keyword with the given arguments, if ``condition`` is true.</doc>
<kw name="Should Be True" library="BuiltIn">
<arg>${check}==${True}</arg>
<doc>Fails if the given condition is not true.</doc>
<status status="PASS" starttime="20230704 04:13:46.739" endtime="20230704 04:13:46.742"/>
</kw>
<status status="PASS" starttime="20230704 04:13:46.738" endtime="20230704 04:13:46.743"/>
</kw>
<kw name="Run Keyword If" library="BuiltIn">
<arg>${shown} == ${false}</arg>
<arg>Should Be True</arg>
<arg>${check}==${False}</arg>
<doc>Runs the given keyword with the given arguments, if ``condition`` is true.</doc>
<status status="PASS" starttime="20230704 04:13:46.743" endtime="20230704 04:13:46.743"/>
</kw>
<status status="PASS" starttime="20230704 04:13:46.726" endtime="20230704 04:13:46.743"/>
</kw>
<status status="PASS" starttime="20230704 04:13:46.681" endtime="20230704 04:13:46.744"/>
</kw>
<kw name="Click Univite button in Uninvite warning popup" library="booking">
<kw name="Click" library="Browser">
<arg>(//button[@type='button'][normalize-space()='Uninvite'])[2]</arg>
<tag>PageContent</tag>
<tag>Setter</tag>
<doc>Simulates mouse click on the element found by ``selector``.</doc>
<status status="PASS" starttime="20230704 04:13:46.744" endtime="20230704 04:13:46.944"/>
</kw>
<status status="PASS" starttime="20230704 04:13:46.744" endtime="20230704 04:13:46.945"/>
</kw>
<kw name="The user is uninvited from the reservation" library="booking">
<kw name="Booker is brought back to Comfirmation Landing page" library="booking">
<kw name="Wait For Elements State" library="Browser">
<arg>//button[normalize-space()='Cancel']</arg>
<arg>hidden</arg>
<tag>PageContent</tag>
<tag>Wait</tag>
<doc>Waits for the element found by ``selector`` to satisfy state option.</doc>
<msg timestamp="20230704 04:13:47.412" level="INFO">Waited for Element with selector //button[normalize-space()='Cancel'] at state hidden</msg>
<status status="PASS" starttime="20230704 04:13:46.946" endtime="20230704 04:13:47.412"/>
</kw>
<status status="PASS" starttime="20230704 04:13:46.946" endtime="20230704 04:13:47.413"/>
</kw>
<kw name="Status of guest confirmation is changed to &quot;Guest info needed&quot;" library="booking">
<kw name="Wait For Elements State" library="Browser">
<arg>(//p[normalize-space()='Guest info needed'])[1]</arg>
<tag>PageContent</tag>
<tag>Wait</tag>
<doc>Waits for the element found by ``selector`` to satisfy state option.</doc>
<msg timestamp="20230704 04:13:47.420" level="INFO">Waited for Element with selector (//p[normalize-space()='Guest info needed'])[1] at state visible</msg>
<status status="PASS" starttime="20230704 04:13:47.414" endtime="20230704 04:13:47.420"/>
</kw>
<status status="PASS" starttime="20230704 04:13:47.413" endtime="20230704 04:13:47.421"/>
</kw>
<status status="PASS" starttime="20230704 04:13:46.945" endtime="20230704 04:13:47.421"/>
</kw>
<kw name="Close Browser" library="Browser" type="TEARDOWN">
<tag>BrowserControl</tag>
<tag>Setter</tag>
<doc>Closes the current browser.</doc>
<msg timestamp="20230704 04:13:47.966" level="INFO">Closed browser</msg>
<status status="PASS" starttime="20230704 04:13:47.421" endtime="20230704 04:13:47.966"/>
</kw>
<status status="PASS" starttime="20230704 04:12:47.802" endtime="20230704 04:13:47.966"/>
</test>
<status status="PASS" starttime="20230704 04:08:25.150" endtime="20230704 04:13:47.969"/>
</suite>
<status status="PASS" starttime="20230704 04:08:25.148" endtime="20230704 04:13:47.975"/>
</suite>
<status status="PASS" starttime="20230704 04:08:25.146" endtime="20230704 04:13:47.977"/>
</suite>
<status status="PASS" starttime="20230704 04:08:25.145" endtime="20230704 04:13:47.978"/>
</suite>
<doc>Argument file for running tests on Omena test environmen (test4)</doc>
<status status="PASS" starttime="20230704 04:08:25.127" endtime="20230704 04:13:47.980"/>
</suite>
<statistics>
<total>
<stat pass="5" fail="0" skip="0">All Tests</stat>
</total>
<tag>
</tag>
<suite>
<stat pass="5" fail="0" skip="0" id="s1" name="Testsuites">Testsuites</stat>
<stat pass="5" fail="0" skip="0" id="s1-s1" name="BUI">Testsuites.BUI</stat>
<stat pass="5" fail="0" skip="0" id="s1-s1-s1" name="Feature">Testsuites.BUI.Feature</stat>
<stat pass="5" fail="0" skip="0" id="s1-s1-s1-s1" name="Online Check In">Testsuites.BUI.Feature.Online Check In</stat>
<stat pass="5" fail="0" skip="0" id="s1-s1-s1-s1-s1" name="BUI2-559">Testsuites.BUI.Feature.Online Check In.BUI2-559</stat>
</suite>
</statistics>
<errors>
<msg timestamp="20230704 04:08:25.792" level="ERROR">Error in file '/home/runner/work/nelson-test-automation/nelson-test-automation/resources/keywords/mui.resource' on line 14: Setting variable '${MUI_PASSWORD}' failed: Environment variable '%{MUI_PASSWORD}' not found.</msg>
<msg timestamp="20230704 04:08:25.793" level="ERROR">Error in file '/home/runner/work/nelson-test-automation/nelson-test-automation/resources/keywords/mui.resource' on line 13: Setting variable '${MUI_USERNAME}' failed: Environment variable '%{MUI_USERNAME}' not found.</msg>
</errors>
</robot>
