<?xml version="1.0" encoding="UTF-8"?>
<robot generator="Robot 5.0.1 (Python 3.9.16 on darwin)" generated="20231101 19:16:29.069" rpa="false" schemaversion="3">
<suite id="s1" name="Testsuites" source="/Users/sara/code/nelson-test-automation/testsuites">
<suite id="s1-s1" name="BUI" source="/Users/sara/code/nelson-test-automation/testsuites/BUI">
<suite id="s1-s1-s1" name="Create Booking And Check In" source="/Users/sara/code/nelson-test-automation/testsuites/BUI/create_booking_and_check_in.robot">
<kw name="Open Browser to Landing Page" library="common" type="SETUP">
<doc>A general startup keyword for opening a browser to the landing page.</doc>
<msg timestamp="20231101 19:16:29.998" level="TRACE">Arguments: [  ]</msg>
<kw name="Log To Console" library="BuiltIn">
<arg>Environment: %{ENV}</arg>
<doc>Logs the given message to the console.</doc>
<msg timestamp="20231101 19:16:29.998" level="TRACE">Arguments: [ 'Environment: test4' ]</msg>
<msg timestamp="20231101 19:16:29.999" level="TRACE">Return: None</msg>
<status status="PASS" starttime="20231101 19:16:29.998" endtime="20231101 19:16:29.999"/>
</kw>
<if>
<branch type="IF" condition="'%{ENV}' == 'test3'">
<kw name="Set Suite Variable" library="BuiltIn">
<arg>${url.landing.page}</arg>
<arg>https://test3.omenahotels.com/en</arg>
<doc>Makes a variable available everywhere within the scope of the current suite.</doc>
<status status="NOT RUN" starttime="20231101 19:16:29.999" endtime="20231101 19:16:29.999"/>
</kw>
<status status="NOT RUN" starttime="20231101 19:16:29.999" endtime="20231101 19:16:29.999"/>
</branch>
<branch type="ELSE IF" condition="'%{ENV}' == 'ks_test'">
<kw name="Set Suite Variable" library="BuiltIn">
<arg>${url.landing.page}</arg>
<arg>https://test.kensingtonstay.com/en</arg>
<doc>Makes a variable available everywhere within the scope of the current suite.</doc>
<status status="NOT RUN" starttime="20231101 19:16:29.999" endtime="20231101 19:16:29.999"/>
</kw>
<status status="NOT RUN" starttime="20231101 19:16:29.999" endtime="20231101 19:16:29.999"/>
</branch>
<branch type="ELSE IF" condition="'%{ENV}' == 'salo_test'">
<kw name="Set Suite Variable" library="BuiltIn">
<arg>${url.landing.page}</arg>
<arg>https://test.kensingtonstay.com/en</arg>
<doc>Makes a variable available everywhere within the scope of the current suite.</doc>
<status status="NOT RUN" starttime="20231101 19:16:29.999" endtime="20231101 19:16:29.999"/>
</kw>
<status status="NOT RUN" starttime="20231101 19:16:29.999" endtime="20231101 19:16:29.999"/>
</branch>
<branch type="ELSE IF" condition="'%{ENV}' == 'test4'">
<kw name="Set Suite Variable" library="BuiltIn">
<arg>${url.landing.page}</arg>
<arg>https://test4.omenahotels.com/en</arg>
<doc>Makes a variable available everywhere within the scope of the current suite.</doc>
<msg timestamp="20231101 19:16:29.999" level="TRACE">Arguments: [ '${url.landing.page}' | 'https://test4.omenahotels.com/en' ]</msg>
<msg timestamp="20231101 19:16:30.000" level="INFO">${url.landing.page} = https://test4.omenahotels.com/en</msg>
<msg timestamp="20231101 19:16:30.000" level="TRACE">Return: None</msg>
<status status="PASS" starttime="20231101 19:16:29.999" endtime="20231101 19:16:30.000"/>
</kw>
<status status="PASS" starttime="20231101 19:16:29.999" endtime="20231101 19:16:30.000"/>
</branch>
<status status="PASS" starttime="20231101 19:16:29.999" endtime="20231101 19:16:30.000"/>
</if>
<kw name="Open New Browser To URL" library="common">
<arg>${url.landing.page}</arg>
<msg timestamp="20231101 19:16:30.000" level="TRACE">Arguments: [ ${url}='https://test4.omenahotels.com/en' ]</msg>
<kw name="New Browser" library="Browser">
<arg>${browser}</arg>
<arg>${headless}</arg>
<arg>timeout=${timeout}</arg>
<arg>downloadsPath=${EXECDIR}/resources/downloads</arg>
<tag>BrowserControl</tag>
<tag>Setter</tag>
<doc>Create a new playwright Browser with specified options.</doc>
<msg timestamp="20231101 19:16:30.000" level="TRACE">Arguments: [ &lt;SupportedBrowsers.firefox: 2&gt; | True | timeout=datetime.timedelta(seconds=30) | downloadsPath='/Users/sara/code/nelson-test-automation/resources/downloads' ]</msg>
<msg timestamp="20231101 19:16:30.000" level="INFO">{"browser": "firefox", "headless": true, "chromiumSandbox": false, "devtools": false, "downloadsPath": "/Users/sara/code/nelson-test-automation/resources/downloads", "handleSIGHUP": true, "handleSIGINT": true, "handleSIGTERM": true, "ignoreDefaultArgs": false, "slowMo": 0.0, "timeout": 30000.0, "tracesDir": "/Users/sara/code/nelson-test-automation/reports/test4/browser/traces/e1e107ba-aedf-4596-b939-67463973a44e"}</msg>
<msg timestamp="20231101 19:16:30.695" level="INFO">Successfully created browser with options: {"browser":"firefox","headless":true,"chromiumSandbox":false,"devtools":false,"downloadsPath":"/Users/sara/code/nelson-test-automation/resources/downloads","handleSIGHUP":true,"handleSIGINT":true,"handleSIGTERM":true,"ignoreDefaultArgs":false,"slowMo":0,"timeout":30000,"tracesDir":"/Users/sara/code/nelson-test-automation/reports/test4/browser/traces/e1e107ba-aedf-4596-b939-67463973a44e"}</msg>
<msg timestamp="20231101 19:16:30.695" level="TRACE">Return: 'browser=4f6f5622-a11b-4bdc-aa00-373529cedb9a'</msg>
<status status="PASS" starttime="20231101 19:16:30.000" endtime="20231101 19:16:30.695"/>
</kw>
<kw name="Set Browser Timeout" library="Browser">
<arg>${timeout}</arg>
<tag>Config</tag>
<tag>Setter</tag>
<doc>Sets the timeout used by most input and getter keywords.</doc>
<msg timestamp="20231101 19:16:30.695" level="TRACE">Arguments: [ datetime.timedelta(seconds=30) ]</msg>
<msg timestamp="20231101 19:16:30.696" level="INFO">No context open.</msg>
<msg timestamp="20231101 19:16:30.697" level="TRACE">Return: '10 seconds'</msg>
<status status="PASS" starttime="20231101 19:16:30.695" endtime="20231101 19:16:30.697"/>
</kw>
<kw name="New Context" library="Browser">
<arg>acceptDownloads=True</arg>
<tag>BrowserControl</tag>
<tag>Setter</tag>
<doc>Create a new BrowserContext with specified options.</doc>
<msg timestamp="20231101 19:16:30.697" level="TRACE">Arguments: [ acceptDownloads=True ]</msg>
<msg timestamp="20231101 19:16:30.697" level="INFO">{
  "acceptDownloads": true,
  "bypassCSP": false,
  "forcedColors": "none",
  "hideRfBrowser": "",
  "ignoreHTTPSErrors": false,
  "javaScriptEnabled": true,
  "offline": false,
  "reducedMotion": "no-preference",
  "serviceWorkers": "allow",
  "viewport": {
    "width": 1280,
    "height": 720
  }
}</msg>
<msg timestamp="20231101 19:16:30.710" level="INFO">Successfully created context. </msg>
<msg timestamp="20231101 19:16:30.710" level="INFO">{'acceptDownloads': True, 'bypassCSP': False, 'forcedColors': 'none', 'hideRfBrowser': '', 'ignoreHTTPSErrors': False, 'javaScriptEnabled': True, 'offline': False, 'reducedMotion': 'no-preference', 'serviceWorkers': 'allow', 'viewport': {'width': 1280, 'height': 720}}</msg>
<msg timestamp="20231101 19:16:30.710" level="TRACE">Return: 'context=1c33b27c-fd69-4136-9cae-1b49e8932318'</msg>
<status status="PASS" starttime="20231101 19:16:30.697" endtime="20231101 19:16:30.710"/>
</kw>
<kw name="New Page" library="Browser">
<arg>${url}</arg>
<tag>BrowserControl</tag>
<tag>Setter</tag>
<doc>Open a new Page.</doc>
<msg timestamp="20231101 19:16:30.710" level="TRACE">Arguments: [ 'https://test4.omenahotels.com/en' ]</msg>
<msg timestamp="20231101 19:16:32.872" level="INFO">Successfully initialized new page object and opened url: https://test4.omenahotels.com/en</msg>
<msg timestamp="20231101 19:16:32.873" level="DEBUG">Video is not enabled.</msg>
<msg timestamp="20231101 19:16:32.873" level="TRACE">Return: {'page_id': 'page=e6501129-574a-44d8-aa99-8eab5c2280a5', 'video_path': ''}</msg>
<status status="PASS" starttime="20231101 19:16:30.710" endtime="20231101 19:16:32.873"/>
</kw>
<msg timestamp="20231101 19:16:32.873" level="TRACE">Return: None</msg>
<status status="PASS" starttime="20231101 19:16:30.000" endtime="20231101 19:16:32.873"/>
</kw>
<kw name="Allow Cookies" library="common">
<doc>Allow Cookies/Toggle Cookie allowance</doc>
<msg timestamp="20231101 19:16:32.873" level="TRACE">Arguments: [  ]</msg>
<kw name="Is Element Found" library="common">
<var>${cookieModalVisible}</var>
<arg>id=CybotCookiebotDialogBodyLevelButtonLevelOptinAllowAll</arg>
<doc>A keyword that has a very complex way of figuring out whether an
element is found or not because I had trouble with the built-in keywords
Can be solved differently if you have a better idea</doc>
<msg timestamp="20231101 19:16:32.873" level="TRACE">Arguments: [ ${selector}='id=CybotCookiebotDialogBodyLevelButtonLevelOptinAllowAll' ]</msg>
<kw name="Set Browser Timeout" library="Browser">
<arg>10s</arg>
<tag>Config</tag>
<tag>Setter</tag>
<doc>Sets the timeout used by most input and getter keywords.</doc>
<msg timestamp="20231101 19:16:32.874" level="TRACE">Arguments: [ datetime.timedelta(seconds=10) ]</msg>
<msg timestamp="20231101 19:16:32.875" level="INFO">Set timeout to: 10000</msg>
<msg timestamp="20231101 19:16:32.875" level="TRACE">Return: '30 seconds'</msg>
<status status="PASS" starttime="20231101 19:16:32.873" endtime="20231101 19:16:32.875"/>
</kw>
<try>
<branch type="TRY">
<kw name="Get Elements" library="Browser">
<var>${els}</var>
<arg>${selector}</arg>
<tag>Getter</tag>
<tag>PageContent</tag>
<doc>Returns a reference to Playwright [https://playwright.dev/docs/api/class-locator|Locator]
for all matched elements by ``selector``.</doc>
<msg timestamp="20231101 19:16:32.875" level="TRACE">Arguments: [ 'id=CybotCookiebotDialogBodyLevelButtonLevelOptinAllowAll' ]</msg>
<msg timestamp="20231101 19:16:32.920" level="INFO">Found Locator@id=CybotCookiebotDialogBodyLevelButtonLevelOptinAllowAll &gt;&gt; nth=0 Locators successfully.</msg>
<msg timestamp="20231101 19:16:32.920" level="DEBUG">["id=CybotCookiebotDialogBodyLevelButtonLevelOptinAllowAll &gt;&gt; nth=0"]</msg>
<msg timestamp="20231101 19:16:32.920" level="TRACE">Return: ['id=CybotCookiebotDialogBodyLevelButtonLevelOptinAllowAll &gt;&gt; nth=0']</msg>
<msg timestamp="20231101 19:16:32.920" level="INFO">${els} = ['id=CybotCookiebotDialogBodyLevelButtonLevelOptinAllowAll &gt;&gt; nth=0']</msg>
<status status="PASS" starttime="20231101 19:16:32.875" endtime="20231101 19:16:32.920"/>
</kw>
<kw name="Get Length" library="BuiltIn">
<var>${count}</var>
<arg>${els}</arg>
<doc>Returns and logs the length of the given item as an integer.</doc>
<msg timestamp="20231101 19:16:32.921" level="TRACE">Arguments: [ ['id=CybotCookiebotDialogBodyLevelButtonLevelOptinAllowAll &gt;&gt; nth=0'] ]</msg>
<msg timestamp="20231101 19:16:32.921" level="INFO">Length is 1</msg>
<msg timestamp="20231101 19:16:32.921" level="TRACE">Return: 1</msg>
<msg timestamp="20231101 19:16:32.921" level="INFO">${count} = 1</msg>
<status status="PASS" starttime="20231101 19:16:32.920" endtime="20231101 19:16:32.921"/>
</kw>
<if>
<branch type="IF" condition="${count} &gt; 0">
<kw name="Set Variable" library="BuiltIn">
<var>${visible}</var>
<arg>True</arg>
<doc>Returns the given values which can then be assigned to a variables.</doc>
<msg timestamp="20231101 19:16:32.921" level="TRACE">Arguments: [ 'True' ]</msg>
<msg timestamp="20231101 19:16:32.921" level="TRACE">Return: 'True'</msg>
<msg timestamp="20231101 19:16:32.921" level="INFO">${visible} = True</msg>
<status status="PASS" starttime="20231101 19:16:32.921" endtime="20231101 19:16:32.921"/>
</kw>
<status status="PASS" starttime="20231101 19:16:32.921" endtime="20231101 19:16:32.921"/>
</branch>
<branch type="ELSE">
<kw name="Set Variable" library="BuiltIn">
<var>${visible}</var>
<arg>False</arg>
<doc>Returns the given values which can then be assigned to a variables.</doc>
<status status="NOT RUN" starttime="20231101 19:16:32.921" endtime="20231101 19:16:32.921"/>
</kw>
<status status="NOT RUN" starttime="20231101 19:16:32.921" endtime="20231101 19:16:32.921"/>
</branch>
<status status="PASS" starttime="20231101 19:16:32.921" endtime="20231101 19:16:32.921"/>
</if>
<status status="PASS" starttime="20231101 19:16:32.875" endtime="20231101 19:16:32.921"/>
</branch>
<branch type="EXCEPT">
<kw name="Set Variable" library="BuiltIn">
<var>${visible}</var>
<arg>False</arg>
<doc>Returns the given values which can then be assigned to a variables.</doc>
<status status="NOT RUN" starttime="20231101 19:16:32.921" endtime="20231101 19:16:32.921"/>
</kw>
<status status="NOT RUN" starttime="20231101 19:16:32.921" endtime="20231101 19:16:32.921"/>
</branch>
<status status="PASS" starttime="20231101 19:16:32.875" endtime="20231101 19:16:32.921"/>
</try>
<kw name="Set Browser Timeout" library="Browser">
<arg>${timeout}</arg>
<tag>Config</tag>
<tag>Setter</tag>
<doc>Sets the timeout used by most input and getter keywords.</doc>
<msg timestamp="20231101 19:16:32.922" level="TRACE">Arguments: [ datetime.timedelta(seconds=30) ]</msg>
<msg timestamp="20231101 19:16:32.923" level="INFO">Set timeout to: 30000</msg>
<msg timestamp="20231101 19:16:32.923" level="TRACE">Return: '10 seconds'</msg>
<status status="PASS" starttime="20231101 19:16:32.922" endtime="20231101 19:16:32.923"/>
</kw>
<msg timestamp="20231101 19:16:32.923" level="TRACE">Return: 'True'</msg>
<msg timestamp="20231101 19:16:32.923" level="INFO">${cookieModalVisible} = True</msg>
<status status="PASS" starttime="20231101 19:16:32.873" endtime="20231101 19:16:32.923"/>
</kw>
<if>
<branch type="IF" condition="${cookieModalVisible}">
<kw name="Click" library="Browser">
<arg>id=CybotCookiebotDialogBodyLevelButtonLevelOptinAllowAll</arg>
<tag>PageContent</tag>
<tag>Setter</tag>
<doc>Simulates mouse click on the element found by ``selector``.</doc>
<msg timestamp="20231101 19:16:32.924" level="TRACE">Arguments: [ 'id=CybotCookiebotDialogBodyLevelButtonLevelOptinAllowAll' ]</msg>
<msg timestamp="20231101 19:16:32.924" level="DEBUG">Click options are: {"button": "left", "clickCount": 1, "force": false, "noWaitAfter": false, "trial": false}</msg>
<msg timestamp="20231101 19:16:32.984" level="DEBUG">Clicked element: 'id=CybotCookiebotDialogBodyLevelButtonLevelOptinAllowAll' with options: '{"button": "left", "clickCount": 1, "force": false, "noWaitAfter": false, "trial": false}' successfully.</msg>
<msg timestamp="20231101 19:16:32.984" level="TRACE">Return: None</msg>
<status status="PASS" starttime="20231101 19:16:32.924" endtime="20231101 19:16:32.984"/>
</kw>
<status status="PASS" starttime="20231101 19:16:32.924" endtime="20231101 19:16:32.984"/>
</branch>
<branch type="ELSE">
<kw name="Log" library="BuiltIn">
<arg>No Cookie Modal Visible</arg>
<doc>Logs the given message with the given level.</doc>
<status status="NOT RUN" starttime="20231101 19:16:32.984" endtime="20231101 19:16:32.984"/>
</kw>
<status status="NOT RUN" starttime="20231101 19:16:32.984" endtime="20231101 19:16:32.984"/>
</branch>
<status status="PASS" starttime="20231101 19:16:32.923" endtime="20231101 19:16:32.984"/>
</if>
<msg timestamp="20231101 19:16:32.984" level="TRACE">Return: None</msg>
<status status="PASS" starttime="20231101 19:16:32.873" endtime="20231101 19:16:32.984"/>
</kw>
<msg timestamp="20231101 19:16:32.984" level="TRACE">Return: None</msg>
<status status="PASS" starttime="20231101 19:16:29.998" endtime="20231101 19:16:32.984"/>
</kw>
<test id="s1-s1-s1-t1" name="Select Hotel, Dates and Guests" line="15">
<kw name="Select Hotel" library="booking">
<arg>Helsinki, Lönnrotinkatu</arg>
<doc>Select Hotel by using a number as an argument, default Lönnrotinkatu</doc>
<msg timestamp="20231101 19:16:32.985" level="TRACE">Arguments: [ ${hotel}='Helsinki, Lönnrotinkatu' ]</msg>
<if>
<branch type="IF" condition="&quot;%{ENV}&quot; == &quot;ks_test&quot;">
<kw name="Log" library="BuiltIn">
<arg>No hotel to be selected</arg>
<doc>Logs the given message with the given level.</doc>
<status status="NOT RUN" starttime="20231101 19:16:32.985" endtime="20231101 19:16:32.986"/>
</kw>
<status status="NOT RUN" starttime="20231101 19:16:32.985" endtime="20231101 19:16:32.986"/>
</branch>
<branch type="ELSE">
<kw name="Log" library="BuiltIn">
<arg>Selecting Hotel: ${hotel}</arg>
<doc>Logs the given message with the given level.</doc>
<msg timestamp="20231101 19:16:32.986" level="TRACE">Arguments: [ 'Selecting Hotel: Helsinki, Lönnrotinkatu' ]</msg>
<msg timestamp="20231101 19:16:32.986" level="INFO">Selecting Hotel: Helsinki, Lönnrotinkatu</msg>
<msg timestamp="20231101 19:16:32.986" level="TRACE">Return: None</msg>
<status status="PASS" starttime="20231101 19:16:32.986" endtime="20231101 19:16:32.986"/>
</kw>
<kw name="Click" library="Browser">
<arg>//div[contains(@data-nelson-btn, "hotels")]</arg>
<tag>PageContent</tag>
<tag>Setter</tag>
<doc>Simulates mouse click on the element found by ``selector``.</doc>
<msg timestamp="20231101 19:16:32.986" level="TRACE">Arguments: [ '//div[contains(@data-nelson-btn, "hotels")]' ]</msg>
<msg timestamp="20231101 19:16:32.987" level="DEBUG">Click options are: {"button": "left", "clickCount": 1, "force": false, "noWaitAfter": false, "trial": false}</msg>
<msg timestamp="20231101 19:16:33.058" level="DEBUG">Clicked element: '//div[contains(@data-nelson-btn, "hotels")]' with options: '{"button": "left", "clickCount": 1, "force": false, "noWaitAfter": false, "trial": false}' successfully.</msg>
<msg timestamp="20231101 19:16:33.058" level="TRACE">Return: None</msg>
<status status="PASS" starttime="20231101 19:16:32.986" endtime="20231101 19:16:33.058"/>
</kw>
<kw name="Wait Until Visible" library="common">
<arg>//a[contains(@class, 'dropdown-item') and contains(text(), '${hotel}')]</arg>
<doc>An easier keyword for waiting until an element is visible</doc>
<msg timestamp="20231101 19:16:33.059" level="TRACE">Arguments: [ ${element}="//a[contains(@class, 'dropdown-item') and contains(text(), 'Helsinki, Lönnrotinkatu')]" ]</msg>
<kw name="Wait For Elements State" library="Browser">
<arg>${element}</arg>
<arg>visible</arg>
<arg>timeout=${timeout}</arg>
<tag>PageContent</tag>
<tag>Wait</tag>
<doc>Waits for the element found by ``selector`` to satisfy state option.</doc>
<msg timestamp="20231101 19:16:33.059" level="TRACE">Arguments: [ "//a[contains(@class, 'dropdown-item') and contains(text(), 'Helsinki, Lönnrotinkatu')]" | &lt;ElementState.visible: 4&gt; | timeout=datetime.timedelta(seconds=30) ]</msg>
<msg timestamp="20231101 19:16:33.076" level="INFO">Waited for Element with selector //a[contains(@class, 'dropdown-item') and contains(text(), 'Helsinki, Lönnrotinkatu')] at state visible</msg>
<msg timestamp="20231101 19:16:33.076" level="TRACE">Return: None</msg>
<status status="PASS" starttime="20231101 19:16:33.059" endtime="20231101 19:16:33.076"/>
</kw>
<msg timestamp="20231101 19:16:33.076" level="TRACE">Return: None</msg>
<status status="PASS" starttime="20231101 19:16:33.059" endtime="20231101 19:16:33.076"/>
</kw>
<kw name="Click" library="Browser">
<arg>//a[contains(@class, 'dropdown-item') and contains(text(), '${hotel}')]</arg>
<tag>PageContent</tag>
<tag>Setter</tag>
<doc>Simulates mouse click on the element found by ``selector``.</doc>
<msg timestamp="20231101 19:16:33.076" level="TRACE">Arguments: [ "//a[contains(@class, 'dropdown-item') and contains(text(), 'Helsinki, Lönnrotinkatu')]" ]</msg>
<msg timestamp="20231101 19:16:33.076" level="DEBUG">Click options are: {"button": "left", "clickCount": 1, "force": false, "noWaitAfter": false, "trial": false}</msg>
<msg timestamp="20231101 19:16:33.223" level="DEBUG">Clicked element: '//a[contains(@class, 'dropdown-item') and contains(text(), 'Helsinki, Lönnrotinkatu')]' with options: '{"button": "left", "clickCount": 1, "force": false, "noWaitAfter": false, "trial": false}' successfully.</msg>
<msg timestamp="20231101 19:16:33.224" level="TRACE">Return: None</msg>
<status status="PASS" starttime="20231101 19:16:33.076" endtime="20231101 19:16:33.224"/>
</kw>
<kw name="Wait For Elements State" library="Browser">
<arg>//a[contains(@class, 'dropdown-item') and contains(text(), '${hotel}')]</arg>
<arg>hidden</arg>
<arg>timeout=3s</arg>
<tag>PageContent</tag>
<tag>Wait</tag>
<doc>Waits for the element found by ``selector`` to satisfy state option.</doc>
<msg timestamp="20231101 19:16:33.224" level="TRACE">Arguments: [ "//a[contains(@class, 'dropdown-item') and contains(text(), 'Helsinki, Lönnrotinkatu')]" | &lt;ElementState.hidden: 8&gt; | timeout=datetime.timedelta(seconds=3) ]</msg>
<msg timestamp="20231101 19:16:33.228" level="INFO">Waited for Element with selector //a[contains(@class, 'dropdown-item') and contains(text(), 'Helsinki, Lönnrotinkatu')] at state hidden</msg>
<msg timestamp="20231101 19:16:33.228" level="TRACE">Return: None</msg>
<status status="PASS" starttime="20231101 19:16:33.224" endtime="20231101 19:16:33.228"/>
</kw>
<status status="PASS" starttime="20231101 19:16:32.986" endtime="20231101 19:16:33.228"/>
</branch>
<status status="PASS" starttime="20231101 19:16:32.985" endtime="20231101 19:16:33.228"/>
</if>
<msg timestamp="20231101 19:16:33.228" level="TRACE">Return: None</msg>
<status status="PASS" starttime="20231101 19:16:32.985" endtime="20231101 19:16:33.228"/>
</kw>
<kw name="Select Dates" library="booking">
<msg timestamp="20231101 19:16:33.228" level="TRACE">Arguments: [  ]</msg>
<kw name="Log" library="BuiltIn">
<arg>${EMPTY}</arg>
<doc>Logs the given message with the given level.</doc>
<msg timestamp="20231101 19:16:33.229" level="TRACE">Arguments: [ '' ]</msg>
<msg timestamp="20231101 19:16:33.229" level="INFO"/>
<msg timestamp="20231101 19:16:33.229" level="TRACE">Return: None</msg>
<status status="PASS" starttime="20231101 19:16:33.229" endtime="20231101 19:16:33.229"/>
</kw>
<msg timestamp="20231101 19:16:33.229" level="TRACE">Return: None</msg>
<status status="PASS" starttime="20231101 19:16:33.228" endtime="20231101 19:16:33.229"/>
</kw>
<kw name="Select Guests" library="booking">
<doc>Selects the number of guests for the booking, current implementation will only check the dropdown</doc>
<msg timestamp="20231101 19:16:33.229" level="TRACE">Arguments: [ ${rooms}='1' | ${persons}='1' | ${children}='0' ]</msg>
<kw name="Log To Console" library="BuiltIn">
<arg>${EMPTY}</arg>
<doc>Logs the given message to the console.</doc>
<msg timestamp="20231101 19:16:33.230" level="TRACE">Arguments: [ '' ]</msg>
<msg timestamp="20231101 19:16:33.230" level="TRACE">Return: None</msg>
<status status="PASS" starttime="20231101 19:16:33.230" endtime="20231101 19:16:33.230"/>
</kw>
<msg timestamp="20231101 19:16:33.230" level="TRACE">Return: None</msg>
<status status="PASS" starttime="20231101 19:16:33.229" endtime="20231101 19:16:33.230"/>
</kw>
<tag>regression</tag>
<tag>smoke, booking, BUI2-556, online-checkin</tag>
<status status="PASS" starttime="20231101 19:16:32.985" endtime="20231101 19:16:33.230"/>
</test>
<test id="s1-s1-s1-t2" name="Check Available Rooms and Select a Standard Room" line="20">
<kw name="Click Book or Find Rooms Button" library="booking">
<msg timestamp="20231101 19:16:33.232" level="TRACE">Arguments: [  ]</msg>
<kw name="Get Url" library="Browser">
<var>${url}</var>
<tag>Assertion</tag>
<tag>Getter</tag>
<tag>PageContent</tag>
<doc>Returns the current URL.</doc>
<msg timestamp="20231101 19:16:33.232" level="TRACE">Arguments: [  ]</msg>
<msg timestamp="20231101 19:16:33.233" level="DEBUG">https://test4.omenahotels.com/en/#</msg>
<msg timestamp="20231101 19:16:33.233" level="TRACE">Return: 'https://test4.omenahotels.com/en/#'</msg>
<msg timestamp="20231101 19:16:33.233" level="INFO">${url} = https://test4.omenahotels.com/en/#</msg>
<status status="PASS" starttime="20231101 19:16:33.232" endtime="20231101 19:16:33.233"/>
</kw>
<kw name="Check If String Contains" library="common">
<var>${booking}</var>
<arg>${url}</arg>
<arg>/booking/</arg>
<msg timestamp="20231101 19:16:33.233" level="TRACE">Arguments: [ ${string}='https://test4.omenahotels.com/en/#' | ${substring}='/booking/' ]</msg>
<kw name="Check If String Contains Substring" library="Helpers">
<var>${contains}</var>
<arg>${string}</arg>
<arg>${substring}</arg>
<msg timestamp="20231101 19:16:33.233" level="TRACE">Arguments: [ 'https://test4.omenahotels.com/en/#' | '/booking/' ]</msg>
<msg timestamp="20231101 19:16:33.233" level="TRACE">Return: False</msg>
<msg timestamp="20231101 19:16:33.233" level="INFO">${contains} = False</msg>
<status status="PASS" starttime="20231101 19:16:33.233" endtime="20231101 19:16:33.233"/>
</kw>
<msg timestamp="20231101 19:16:33.233" level="TRACE">Return: False</msg>
<msg timestamp="20231101 19:16:33.233" level="INFO">${booking} = False</msg>
<status status="PASS" starttime="20231101 19:16:33.233" endtime="20231101 19:16:33.233"/>
</kw>
<if>
<branch type="IF" condition="${booking} == True">
<kw name="Click" library="Browser">
<arg>//button[contains(@class, 'booking-form-button') and contains(text(), 'Find rooms')]</arg>
<tag>PageContent</tag>
<tag>Setter</tag>
<doc>Simulates mouse click on the element found by ``selector``.</doc>
<status status="NOT RUN" starttime="20231101 19:16:33.234" endtime="20231101 19:16:33.234"/>
</kw>
<status status="NOT RUN" starttime="20231101 19:16:33.234" endtime="20231101 19:16:33.234"/>
</branch>
<branch type="ELSE">
<kw name="Click" library="Browser">
<arg>//button[contains(@class, 'booking-form-button') and contains(text(), 'Book')]</arg>
<tag>PageContent</tag>
<tag>Setter</tag>
<doc>Simulates mouse click on the element found by ``selector``.</doc>
<msg timestamp="20231101 19:16:33.234" level="TRACE">Arguments: [ "//button[contains(@class, 'booking-form-button') and contains(text(), 'Book')]" ]</msg>
<msg timestamp="20231101 19:16:33.234" level="DEBUG">Click options are: {"button": "left", "clickCount": 1, "force": false, "noWaitAfter": false, "trial": false}</msg>
<msg timestamp="20231101 19:16:33.346" level="DEBUG">Clicked element: '//button[contains(@class, 'booking-form-button') and contains(text(), 'Book')]' with options: '{"button": "left", "clickCount": 1, "force": false, "noWaitAfter": false, "trial": false}' successfully.</msg>
<msg timestamp="20231101 19:16:33.346" level="TRACE">Return: None</msg>
<status status="PASS" starttime="20231101 19:16:33.234" endtime="20231101 19:16:33.346"/>
</kw>
<status status="PASS" starttime="20231101 19:16:33.234" endtime="20231101 19:16:33.346"/>
</branch>
<status status="PASS" starttime="20231101 19:16:33.234" endtime="20231101 19:16:33.346"/>
</if>
<msg timestamp="20231101 19:16:33.346" level="TRACE">Return: None</msg>
<status status="PASS" starttime="20231101 19:16:33.232" endtime="20231101 19:16:33.346"/>
</kw>
<kw name="Select a Standard Room" library="booking">
<msg timestamp="20231101 19:16:33.346" level="TRACE">Arguments: [  ]</msg>
<kw name="Wait Until Visible" library="common">
<arg>${btnExtras}</arg>
<doc>An easier keyword for waiting until an element is visible</doc>
<msg timestamp="20231101 19:16:33.346" level="TRACE">Arguments: [ ${element}='(//div[contains(@view,"booking")]//button[contains(text(), "Continue to extras")])[1]' ]</msg>
<kw name="Wait For Elements State" library="Browser">
<arg>${element}</arg>
<arg>visible</arg>
<arg>timeout=${timeout}</arg>
<tag>PageContent</tag>
<tag>Wait</tag>
<doc>Waits for the element found by ``selector`` to satisfy state option.</doc>
<msg timestamp="20231101 19:16:33.347" level="TRACE">Arguments: [ '(//div[contains(@view,"booking")]//button[contains(text(), "Continue to extras")])[1]' | &lt;ElementState.visible: 4&gt; | timeout=datetime.timedelta(seconds=30) ]</msg>
<msg timestamp="20231101 19:16:34.695" level="INFO">Waited for Element with selector (//div[contains(@view,"booking")]//button[contains(text(), "Continue to extras")])[1] at state visible</msg>
<msg timestamp="20231101 19:16:34.695" level="TRACE">Return: None</msg>
<status status="PASS" starttime="20231101 19:16:33.347" endtime="20231101 19:16:34.695"/>
</kw>
<msg timestamp="20231101 19:16:34.695" level="TRACE">Return: None</msg>
<status status="PASS" starttime="20231101 19:16:33.346" endtime="20231101 19:16:34.695"/>
</kw>
<kw name="Get Element States" library="Browser">
<var>${visible}</var>
<arg>//div[contains(text(), 'Select room')]</arg>
<arg>then</arg>
<arg>bool(value &amp; visible)</arg>
<tag>Assertion</tag>
<tag>Getter</tag>
<tag>PageContent</tag>
<doc>Get the active states from the element found by ``selector``.</doc>
<msg timestamp="20231101 19:16:34.695" level="TRACE">Arguments: [ "//div[contains(text(), 'Select room')]" | &lt;AssertionOperator.then: 'then'&gt; | 'bool(value &amp; visible)' ]</msg>
<msg timestamp="20231101 19:16:34.948" level="DEBUG">States: 2</msg>
<msg timestamp="20231101 19:16:34.948" level="DEBUG">Assertion polling statistics:
First element asserted in: 0.25234103202819824 seconds
Total tries: 1
Elapsed time in retries 0.0 seconds</msg>
<msg timestamp="20231101 19:16:34.948" level="TRACE">Return: False</msg>
<msg timestamp="20231101 19:16:34.948" level="INFO">${visible} = False</msg>
<status status="PASS" starttime="20231101 19:16:34.695" endtime="20231101 19:16:34.948"/>
</kw>
<kw name="Run Keyword If" library="BuiltIn">
<arg>${visible}</arg>
<arg>Select Standard and Remove Other Room Selection</arg>
<doc>Runs the given keyword with the given arguments, if ``condition`` is true.</doc>
<msg timestamp="20231101 19:16:34.948" level="TRACE">Arguments: [ False | 'Select Standard and Remove Other Room Selection' ]</msg>
<msg timestamp="20231101 19:16:34.948" level="TRACE">Return: None</msg>
<status status="PASS" starttime="20231101 19:16:34.948" endtime="20231101 19:16:34.949"/>
</kw>
<msg timestamp="20231101 19:16:34.949" level="TRACE">Return: None</msg>
<status status="PASS" starttime="20231101 19:16:33.346" endtime="20231101 19:16:34.949"/>
</kw>
<tag>regression</tag>
<tag>smoke, booking, BUI2-556, online-checkin</tag>
<status status="PASS" starttime="20231101 19:16:33.231" endtime="20231101 19:16:34.949"/>
</test>
<test id="s1-s1-s1-t3" name="Continue to Extras and Select Join for Free" line="24">
<kw name="Click Continue to Extras Button" library="booking">
<doc>Clicks the continue to extras button</doc>
<msg timestamp="20231101 19:16:34.952" level="TRACE">Arguments: [  ]</msg>
<kw name="Click" library="Browser">
<arg>${btnExtras}</arg>
<tag>PageContent</tag>
<tag>Setter</tag>
<doc>Simulates mouse click on the element found by ``selector``.</doc>
<msg timestamp="20231101 19:16:34.952" level="TRACE">Arguments: [ '(//div[contains(@view,"booking")]//button[contains(text(), "Continue to extras")])[1]' ]</msg>
<msg timestamp="20231101 19:16:34.952" level="DEBUG">Click options are: {"button": "left", "clickCount": 1, "force": false, "noWaitAfter": false, "trial": false}</msg>
<msg timestamp="20231101 19:17:05.077" level="DEBUG">Screenshot successfully captured to: /Users/sara/code/nelson-test-automation/reports/test4/browser/screenshot/fail-screenshot-1.png</msg>
<msg timestamp="20231101 19:17:05.078" level="INFO" html="true">&lt;/td&gt;&lt;/tr&gt;&lt;tr&gt;&lt;td colspan="3"&gt;&lt;a href="browser/screenshot/fail-screenshot-1.png" target="_blank"&gt;&lt;img src="browser/screenshot/fail-screenshot-1.png" width="800px"/&gt;&lt;/a&gt;</msg>
<msg timestamp="20231101 19:17:05.078" level="INFO">See also file:///Users/sara/code/nelson-test-automation/reports/test4/playwright-log.txt for additional details.</msg>
<msg timestamp="20231101 19:17:05.078" level="FAIL">TimeoutError: locator.click: Timeout 30000ms exceeded.
=========================== logs ===========================
waiting for locator('xpath=(//div[contains(@view,"booking")]//button[contains(text(), "Continue to extras")])[1]')
  locator resolved to &lt;button disabled type="button" class="chakra-button css-…&gt;Continue to extras&lt;/button&gt;
attempting click action
  waiting for element to be visible, enabled and stable
    element is not enabled - waiting...
element was detached from the DOM, retrying
  locator resolved to &lt;button disabled type="button" class="chakra-button css-…&gt;Continue to extras&lt;/button&gt;
attempting click action
  waiting for element to be visible, enabled and stable
    element is not enabled - waiting...
element was detached from the DOM, retrying
  locator resolved to &lt;button disabled type="button" class="chakra-button css-…&gt;Continue to extras&lt;/button&gt;
attempting click action
  waiting for element to be visible, enabled and stable
    element is not enabled - waiting...
============================================================
Tip: Use "Set Browser Timeout" for increasing the timeout or double check your locator as the targeted element(s) couldn't be found.</msg>
<msg timestamp="20231101 19:17:05.086" level="DEBUG">Traceback (most recent call last):
  File "/Users/sara/code/nelson-test-automation/venv/lib/python3.9/site-packages/Browser/playwright.py", line 158, in grpc_channel
    yield playwright_pb2_grpc.PlaywrightStub(self._channel)
  File "/Users/sara/code/nelson-test-automation/venv/lib/python3.9/site-packages/Browser/keywords/interaction.py", line 446, in click_with_options
    response = stub.Click(
  File "/Users/sara/code/nelson-test-automation/venv/lib/python3.9/site-packages/grpc/_channel.py", line 1030, in __call__
    return _end_unary_response_blocking(state, call, False, None)
  File "/Users/sara/code/nelson-test-automation/venv/lib/python3.9/site-packages/grpc/_channel.py", line 910, in _end_unary_response_blocking
    raise _InactiveRpcError(state)  # pytype: disable=not-instantiable
grpc._channel._InactiveRpcError: &lt;_InactiveRpcError of RPC that terminated with:
	status = StatusCode.DEADLINE_EXCEEDED
	details = "TimeoutError: locator.click: Timeout 30000ms exceeded.
=========================== logs ===========================
waiting for locator('xpath=(//div[contains(@view,"booking")]//button[contains(text(), "Continue to extras")])[1]')
  locator resolved to &lt;button disabled type="button" class="chakra-button css-…&gt;Continue to extras&lt;/button&gt;
attempting click action
  waiting for element to be visible, enabled and stable
    element is not enabled - waiting...
element was detached from the DOM, retrying
  locator resolved to &lt;button disabled type="button" class="chakra-button css-…&gt;Continue to extras&lt;/button&gt;
attempting click action
  waiting for element to be visible, enabled and stable
    element is not enabled - waiting...
element was detached from the DOM, retrying
  locator resolved to &lt;button disabled type="button" class="chakra-button css-…&gt;Continue to extras&lt;/button&gt;
attempting click action
  waiting for element to be visible, enabled and stable
    element is not enabled - waiting...
============================================================"
	debug_error_string = "UNKNOWN:Error received from peer  {created_time:"2023-11-01T19:17:04.973763+02:00", grpc_status:4, grpc_message:"TimeoutError: locator.click: Timeout 30000ms exceeded.\n=========================== logs ===========================\nwaiting for locator(\'xpath=(//div[contains(@view,\"booking\")]//button[contains(text(), \"Continue to extras\")])[1]\')\n  locator resolved to &lt;button disabled type=\"button\" class=\"chakra-button css-\xe2\x80\xa6&gt;Continue to extras&lt;/button&gt;\nattempting click action\n  waiting for element to be visible, enabled and stable\n    element is not enabled - waiting...\nelement was detached from the DOM, retrying\n  locator resolved to &lt;button disabled type=\"button\" class=\"chakra-button css-\xe2\x80\xa6&gt;Continue to extras&lt;/button&gt;\nattempting click action\n  waiting for element to be visible, enabled and stable\n    element is not enabled - waiting...\nelement was detached from the DOM, retrying\n  locator resolved to &lt;button disabled type=\"button\" class=\"chakra-button css-\xe2\x80\xa6&gt;Continue to extras&lt;/button&gt;\nattempting click action\n  waiting for element to be visible, enabled and stable\n    element is not enabled - waiting...\n============================================================"}"
&gt;

During handling of the above exception, another exception occurred:

Traceback (most recent call last):
  File "/Users/sara/code/nelson-test-automation/venv/lib/python3.9/site-packages/Browser/browser.py", line 1095, in run_keyword
    raise e
  File "/Users/sara/code/nelson-test-automation/venv/lib/python3.9/site-packages/Browser/browser.py", line 1084, in run_keyword
    return DynamicCore.run_keyword(self, name, args, kwargs)
  File "/Users/sara/code/nelson-test-automation/venv/lib/python3.9/site-packages/robotlibcore.py", line 126, in run_keyword
    return self.keywords[name](*args, **(kwargs or {}))
  File "/Users/sara/code/nelson-test-automation/venv/lib/python3.9/site-packages/Browser/keywords/interaction.py", line 366, in click
    self.click_with_options(
  File "/Users/sara/code/nelson-test-automation/venv/lib/python3.9/site-packages/Browser/keywords/interaction.py", line 451, in click_with_options
    logger.debug(response.log)
  File "/Users/sara/micromamba/lib/python3.9/contextlib.py", line 137, in __exit__
    self.gen.throw(typ, value, traceback)
  File "/Users/sara/code/nelson-test-automation/venv/lib/python3.9/site-packages/Browser/playwright.py", line 162, in grpc_channel
    raise AssertionError(error.details())
AssertionError: TimeoutError: locator.click: Timeout 30000ms exceeded.
=========================== logs ===========================
waiting for locator('xpath=(//div[contains(@view,"booking")]//button[contains(text(), "Continue to extras")])[1]')
  locator resolved to &lt;button disabled type="button" class="chakra-button css-…&gt;Continue to extras&lt;/button&gt;
attempting click action
  waiting for element to be visible, enabled and stable
    element is not enabled - waiting...
element was detached from the DOM, retrying
  locator resolved to &lt;button disabled type="button" class="chakra-button css-…&gt;Continue to extras&lt;/button&gt;
attempting click action
  waiting for element to be visible, enabled and stable
    element is not enabled - waiting...
element was detached from the DOM, retrying
  locator resolved to &lt;button disabled type="button" class="chakra-button css-…&gt;Continue to extras&lt;/button&gt;
attempting click action
  waiting for element to be visible, enabled and stable
    element is not enabled - waiting...
============================================================
Tip: Use "Set Browser Timeout" for increasing the timeout or double check your locator as the targeted element(s) couldn't be found.</msg>
<status status="FAIL" starttime="20231101 19:16:34.952" endtime="20231101 19:17:05.086"/>
</kw>
<kw name="Wait Until Visible" library="common">
<arg>${btnPayment}</arg>
<doc>An easier keyword for waiting until an element is visible</doc>
<status status="NOT RUN" starttime="20231101 19:17:05.086" endtime="20231101 19:17:05.087"/>
</kw>
<status status="FAIL" starttime="20231101 19:16:34.951" endtime="20231101 19:17:05.087"/>
</kw>
<kw name="Continue to Payment" library="booking">
<status status="NOT RUN" starttime="20231101 19:17:05.087" endtime="20231101 19:17:05.087"/>
</kw>
<kw name="Select Join for Free" library="booking">
<status status="NOT RUN" starttime="20231101 19:17:05.087" endtime="20231101 19:17:05.087"/>
</kw>
<tag>regression</tag>
<tag>smoke, booking, BUI2-556, online-checkin</tag>
<status status="FAIL" starttime="20231101 19:16:34.951" endtime="20231101 19:17:05.088">TimeoutError: locator.click: Timeout 30000ms exceeded.
=========================== logs ===========================
waiting for locator('xpath=(//div[contains(@view,"booking")]//button[contains(text(), "Continue to extras")])[1]')
  locator resolved to &lt;button disabled type="button" class="chakra-button css-…&gt;Continue to extras&lt;/button&gt;
attempting click action
  waiting for element to be visible, enabled and stable
    element is not enabled - waiting...
element was detached from the DOM, retrying
  locator resolved to &lt;button disabled type="button" class="chakra-button css-…&gt;Continue to extras&lt;/button&gt;
attempting click action
  waiting for element to be visible, enabled and stable
    element is not enabled - waiting...
element was detached from the DOM, retrying
  locator resolved to &lt;button disabled type="button" class="chakra-button css-…&gt;Continue to extras&lt;/button&gt;
attempting click action
  waiting for element to be visible, enabled and stable
    element is not enabled - waiting...
============================================================
Tip: Use "Set Browser Timeout" for increasing the timeout or double check your locator as the targeted element(s) couldn't be found.</status>
</test>
<test id="s1-s1-s1-t4" name="Fill in Booker Contact Information" line="29">
<kw name="Fill in Contact Information" library="booking">
<doc>Fills in Contact information that can be given as arguments or use default values
Uses a password if the environment is bui and</doc>
<msg timestamp="20231101 19:17:05.090" level="TRACE">Arguments: [ ${firstName}='Mos' | ${lastName}='Def' | ${phone}='401705972' | ${ssn}='170479-371J' | ${env}='bui' ]</msg>
<kw name="Create Email and Return Inbox" library="common">
<var>${inbox}</var>
<doc>Creates a new email address and returns the inbox object</doc>
<msg timestamp="20231101 19:17:05.090" level="TRACE">Arguments: [  ]</msg>
<kw name="Create new Inbox" library="MailSlurp">
<var>${inbox}</var>
<msg timestamp="20231101 19:17:05.090" level="TRACE">Arguments: [  ]</msg>
<msg timestamp="20231101 19:17:08.833" level="INFO">Debug Config
&lt;mailslurp_client.configuration.Configuration object at 0x107735760&gt;
{'created_at': datetime.datetime(2023, 11, 1, 17, 17, 8, 753000, tzinfo=tzutc()),
 'description': None,
 'domain_id': None,
 'email_address': 'a6b61b72-7a95-49fa-ab0c-d5be5938b672@mailslurp.com',
 'expires_at': None,
 'favourite': False,
 'id': 'a6b61b72-7a95-49fa-ab0c-d5be5938b672',
 'inbox_type': 'HTTP_INBOX',
 'name': None,
 'read_only': False,
 'tags': None,
 'user_id': 'a2f48756-8279-471d-bb55-980a32334d37',
 'virtual_inbox': False}
&lt;MailSlurp.MailSlurp object at 0x1077356a0&gt;</msg>
<msg timestamp="20231101 19:17:08.833" level="TRACE">Return: {'created_at': datetime.datetime(2023, 11, 1, 17, 17, 8, 753000, tzinfo=tzutc()),
 'description': None,
 'domain_id': None,
 'email_address': 'a6b61b72-7a95-49fa-ab0c-d5be5938b672@mailslurp.com',
 'expires_at': None,
 'favourite': False,
 'id': 'a6b61b72-7a95-49fa-ab0c-d5be5938b672',
 'inbox_type': 'HTTP_INBOX',
 'name': None,
 'read_only': False,
 'tags': None,
 'user_id': 'a2f48756-8279-471d-bb55-980a32334d37',
 'virtual_inbox': False}</msg>
<msg timestamp="20231101 19:17:08.834" level="INFO">${inbox} = {'created_at': datetime.datetime(2023, 11, 1, 17, 17, 8, 753000, tzinfo=tzutc()),
 'description': None,
 'domain_id': None,
 'email_address': 'a6b61b72-7a95-49fa-ab0c-d5be5938b672@mailslurp.com',
 'ex...</msg>
<status status="PASS" starttime="20231101 19:17:05.090" endtime="20231101 19:17:08.834"/>
</kw>
<kw name="Log To Console" library="BuiltIn">
<arg>${inbox.id}</arg>
<doc>Logs the given message to the console.</doc>
<msg timestamp="20231101 19:17:08.837" level="TRACE">Arguments: [ 'a6b61b72-7a95-49fa-ab0c-d5be5938b672' ]</msg>
<msg timestamp="20231101 19:17:08.838" level="TRACE">Return: None</msg>
<status status="PASS" starttime="20231101 19:17:08.835" endtime="20231101 19:17:08.838"/>
</kw>
<msg timestamp="20231101 19:17:08.838" level="TRACE">Return: {'created_at': datetime.datetime(2023, 11, 1, 17, 17, 8, 753000, tzinfo=tzutc()),
 'description': None,
 'domain_id': None,
 'email_address': 'a6b61b72-7a95-49fa-ab0c-d5be5938b672@mailslurp.com',
 'expires_at': None,
 'favourite': False,
 'id': 'a6b61b72-7a95-49fa-ab0c-d5be5938b672',
 'inbox_type': 'HTTP_INBOX',
 'name': None,
 'read_only': False,
 'tags': None,
 'user_id': 'a2f48756-8279-471d-bb55-980a32334d37',
 'virtual_inbox': False}</msg>
<msg timestamp="20231101 19:17:08.839" level="INFO">${inbox} = {'created_at': datetime.datetime(2023, 11, 1, 17, 17, 8, 753000, tzinfo=tzutc()),
 'description': None,
 'domain_id': None,
 'email_address': 'a6b61b72-7a95-49fa-ab0c-d5be5938b672@mailslurp.com',
 'ex...</msg>
<status status="PASS" starttime="20231101 19:17:05.090" endtime="20231101 19:17:08.839"/>
</kw>
<kw name="Click and Fill" library="common">
<arg>id=firstName</arg>
<arg>${firstName}</arg>
<doc>A keyword combination of Click and Fill Text since most of the form fields need a click</doc>
<msg timestamp="20231101 19:17:08.840" level="TRACE">Arguments: [ ${selector}='id=firstName' | ${text}='Mos' ]</msg>
<kw name="Click" library="Browser">
<arg>${selector}</arg>
<tag>PageContent</tag>
<tag>Setter</tag>
<doc>Simulates mouse click on the element found by ``selector``.</doc>
<msg timestamp="20231101 19:17:08.840" level="TRACE">Arguments: [ 'id=firstName' ]</msg>
<msg timestamp="20231101 19:17:08.842" level="DEBUG">Click options are: {"button": "left", "clickCount": 1, "force": false, "noWaitAfter": false, "trial": false}</msg>
<msg timestamp="20231101 19:17:38.961" level="DEBUG">Screenshot successfully captured to: /Users/sara/code/nelson-test-automation/reports/test4/browser/screenshot/fail-screenshot-2.png</msg>
<msg timestamp="20231101 19:17:38.962" level="INFO" html="true">&lt;/td&gt;&lt;/tr&gt;&lt;tr&gt;&lt;td colspan="3"&gt;&lt;a href="browser/screenshot/fail-screenshot-2.png" target="_blank"&gt;&lt;img src="browser/screenshot/fail-screenshot-2.png" width="800px"/&gt;&lt;/a&gt;</msg>
<msg timestamp="20231101 19:17:38.962" level="INFO">See also file:///Users/sara/code/nelson-test-automation/reports/test4/playwright-log.txt for additional details.</msg>
<msg timestamp="20231101 19:17:38.962" level="FAIL">TimeoutError: locator.click: Timeout 30000ms exceeded.
=========================== logs ===========================
waiting for locator('id=firstName')
============================================================
Tip: Use "Set Browser Timeout" for increasing the timeout or double check your locator as the targeted element(s) couldn't be found.</msg>
<msg timestamp="20231101 19:17:38.964" level="DEBUG">Traceback (most recent call last):
  File "/Users/sara/code/nelson-test-automation/venv/lib/python3.9/site-packages/Browser/playwright.py", line 158, in grpc_channel
    yield playwright_pb2_grpc.PlaywrightStub(self._channel)
  File "/Users/sara/code/nelson-test-automation/venv/lib/python3.9/site-packages/Browser/keywords/interaction.py", line 446, in click_with_options
    response = stub.Click(
  File "/Users/sara/code/nelson-test-automation/venv/lib/python3.9/site-packages/grpc/_channel.py", line 1030, in __call__
    return _end_unary_response_blocking(state, call, False, None)
  File "/Users/sara/code/nelson-test-automation/venv/lib/python3.9/site-packages/grpc/_channel.py", line 910, in _end_unary_response_blocking
    raise _InactiveRpcError(state)  # pytype: disable=not-instantiable
grpc._channel._InactiveRpcError: &lt;_InactiveRpcError of RPC that terminated with:
	status = StatusCode.DEADLINE_EXCEEDED
	details = "TimeoutError: locator.click: Timeout 30000ms exceeded.
=========================== logs ===========================
waiting for locator('id=firstName')
============================================================"
	debug_error_string = "UNKNOWN:Error received from peer  {grpc_message:"TimeoutError: locator.click: Timeout 30000ms exceeded.\n=========================== logs ===========================\nwaiting for locator(\'id=firstName\')\n============================================================", grpc_status:4, created_time:"2023-11-01T19:17:38.84891+02:00"}"
&gt;

During handling of the above exception, another exception occurred:

Traceback (most recent call last):
  File "/Users/sara/code/nelson-test-automation/venv/lib/python3.9/site-packages/Browser/browser.py", line 1095, in run_keyword
    raise e
  File "/Users/sara/code/nelson-test-automation/venv/lib/python3.9/site-packages/Browser/browser.py", line 1084, in run_keyword
    return DynamicCore.run_keyword(self, name, args, kwargs)
  File "/Users/sara/code/nelson-test-automation/venv/lib/python3.9/site-packages/robotlibcore.py", line 126, in run_keyword
    return self.keywords[name](*args, **(kwargs or {}))
  File "/Users/sara/code/nelson-test-automation/venv/lib/python3.9/site-packages/Browser/keywords/interaction.py", line 366, in click
    self.click_with_options(
  File "/Users/sara/code/nelson-test-automation/venv/lib/python3.9/site-packages/Browser/keywords/interaction.py", line 451, in click_with_options
    logger.debug(response.log)
  File "/Users/sara/micromamba/lib/python3.9/contextlib.py", line 137, in __exit__
    self.gen.throw(typ, value, traceback)
  File "/Users/sara/code/nelson-test-automation/venv/lib/python3.9/site-packages/Browser/playwright.py", line 162, in grpc_channel
    raise AssertionError(error.details())
AssertionError: TimeoutError: locator.click: Timeout 30000ms exceeded.
=========================== logs ===========================
waiting for locator('id=firstName')
============================================================
Tip: Use "Set Browser Timeout" for increasing the timeout or double check your locator as the targeted element(s) couldn't be found.</msg>
<status status="FAIL" starttime="20231101 19:17:08.840" endtime="20231101 19:17:38.965"/>
</kw>
<kw name="Fill Text" library="Browser">
<arg>${selector}</arg>
<arg>${text}</arg>
<tag>PageContent</tag>
<tag>Setter</tag>
<doc>Clears and fills the given ``txt`` into the text field found by ``selector``.</doc>
<status status="NOT RUN" starttime="20231101 19:17:38.965" endtime="20231101 19:17:38.966"/>
</kw>
<status status="FAIL" starttime="20231101 19:17:08.839" endtime="20231101 19:17:38.966"/>
</kw>
<kw name="Click and Fill" library="common">
<arg>id=lastName</arg>
<arg>${lastName}</arg>
<doc>A keyword combination of Click and Fill Text since most of the form fields need a click</doc>
<status status="NOT RUN" starttime="20231101 19:17:38.966" endtime="20231101 19:17:38.966"/>
</kw>
<kw name="Click and Fill" library="common">
<arg>id=email</arg>
<arg>${inbox.email_address}</arg>
<doc>A keyword combination of Click and Fill Text since most of the form fields need a click</doc>
<status status="NOT RUN" starttime="20231101 19:17:38.966" endtime="20231101 19:17:38.966"/>
</kw>
<kw name="Get Url" library="Browser">
<var>${u}</var>
<tag>Assertion</tag>
<tag>Getter</tag>
<tag>PageContent</tag>
<doc>Returns the current URL.</doc>
<status status="NOT RUN" starttime="20231101 19:17:38.966" endtime="20231101 19:17:38.966"/>
</kw>
<kw name="Get Environment From Url" library="Helpers">
<var>${e}</var>
<arg>${u}</arg>
<status status="NOT RUN" starttime="20231101 19:17:38.966" endtime="20231101 19:17:38.966"/>
</kw>
<if>
<branch type="IF" condition="'${e}' == 'test-kensington'">
<kw name="Click and Fill" library="common">
<arg>id=phoneNumber</arg>
<arg>${phone.uk}</arg>
<doc>A keyword combination of Click and Fill Text since most of the form fields need a click</doc>
<status status="NOT RUN" starttime="20231101 19:17:38.967" endtime="20231101 19:17:38.967"/>
</kw>
<status status="NOT RUN" starttime="20231101 19:17:38.967" endtime="20231101 19:17:38.967"/>
</branch>
<branch type="ELSE">
<kw name="Click and Fill" library="common">
<arg>id=phoneNumber</arg>
<arg>${phone}</arg>
<doc>A keyword combination of Click and Fill Text since most of the form fields need a click</doc>
<status status="NOT RUN" starttime="20231101 19:17:38.967" endtime="20231101 19:17:38.967"/>
</kw>
<status status="NOT RUN" starttime="20231101 19:17:38.967" endtime="20231101 19:17:38.967"/>
</branch>
<status status="NOT RUN" starttime="20231101 19:17:38.966" endtime="20231101 19:17:38.967"/>
</if>
<kw name="Log To Console" library="BuiltIn">
<arg>${inbox.id}</arg>
<doc>Logs the given message to the console.</doc>
<status status="NOT RUN" starttime="20231101 19:17:38.967" endtime="20231101 19:17:38.967"/>
</kw>
<kw name="Set Suite Variable" library="BuiltIn">
<arg>$ID</arg>
<arg>${inbox.id}</arg>
<doc>Makes a variable available everywhere within the scope of the current suite.</doc>
<status status="NOT RUN" starttime="20231101 19:17:38.967" endtime="20231101 19:17:38.967"/>
</kw>
<kw name="Get Element Count" library="Browser">
<var>${passwordVisible}</var>
<arg>id=password</arg>
<tag>Assertion</tag>
<tag>Getter</tag>
<tag>PageContent</tag>
<doc>Returns the count of elements found with ``selector``.</doc>
<status status="NOT RUN" starttime="20231101 19:17:38.967" endtime="20231101 19:17:38.967"/>
</kw>
<if>
<branch type="IF" condition="'${env}'=='bui' and '${passwordVisible}'&gt;'0'">
<kw name="Click and Fill" library="common">
<arg>id=password</arg>
<arg>${password}</arg>
<doc>A keyword combination of Click and Fill Text since most of the form fields need a click</doc>
<status status="NOT RUN" starttime="20231101 19:17:38.968" endtime="20231101 19:17:38.968"/>
</kw>
<status status="NOT RUN" starttime="20231101 19:17:38.967" endtime="20231101 19:17:38.968"/>
</branch>
<branch type="ELSE">
<kw name="Log To Console" library="BuiltIn">
<arg>No password filled</arg>
<doc>Logs the given message to the console.</doc>
<status status="NOT RUN" starttime="20231101 19:17:38.968" endtime="20231101 19:17:38.968"/>
</kw>
<status status="NOT RUN" starttime="20231101 19:17:38.968" endtime="20231101 19:17:38.968"/>
</branch>
<status status="NOT RUN" starttime="20231101 19:17:38.967" endtime="20231101 19:17:38.968"/>
</if>
<status status="FAIL" starttime="20231101 19:17:05.090" endtime="20231101 19:17:38.968"/>
</kw>
<kw name="Accept offers and Terms" library="booking">
<status status="NOT RUN" starttime="20231101 19:17:38.968" endtime="20231101 19:17:38.968"/>
</kw>
<tag>regression</tag>
<tag>smoke, booking, BUI2-556, online-checkin</tag>
<status status="FAIL" starttime="20231101 19:17:05.089" endtime="20231101 19:17:38.969">TimeoutError: locator.click: Timeout 30000ms exceeded.
=========================== logs ===========================
waiting for locator('id=firstName')
============================================================
Tip: Use "Set Browser Timeout" for increasing the timeout or double check your locator as the targeted element(s) couldn't be found.</status>
</test>
<test id="s1-s1-s1-t5" name="Pay using Web Bank and Nordea" line="33">
<kw name="Select Web Bank and Nordea as Payment Method" library="booking">
<msg timestamp="20231101 19:17:38.971" level="TRACE">Arguments: [  ]</msg>
<kw name="Click" library="Browser">
<arg>//div[contains(text(), "Web bank payment")]</arg>
<tag>PageContent</tag>
<tag>Setter</tag>
<doc>Simulates mouse click on the element found by ``selector``.</doc>
<msg timestamp="20231101 19:17:38.971" level="TRACE">Arguments: [ '//div[contains(text(), "Web bank payment")]' ]</msg>
<msg timestamp="20231101 19:17:38.972" level="DEBUG">Click options are: {"button": "left", "clickCount": 1, "force": false, "noWaitAfter": false, "trial": false}</msg>
<msg timestamp="20231101 19:18:09.075" level="DEBUG">Screenshot successfully captured to: /Users/sara/code/nelson-test-automation/reports/test4/browser/screenshot/fail-screenshot-3.png</msg>
<msg timestamp="20231101 19:18:09.075" level="INFO" html="true">&lt;/td&gt;&lt;/tr&gt;&lt;tr&gt;&lt;td colspan="3"&gt;&lt;a href="browser/screenshot/fail-screenshot-3.png" target="_blank"&gt;&lt;img src="browser/screenshot/fail-screenshot-3.png" width="800px"/&gt;&lt;/a&gt;</msg>
<msg timestamp="20231101 19:18:09.075" level="INFO">See also file:///Users/sara/code/nelson-test-automation/reports/test4/playwright-log.txt for additional details.</msg>
<msg timestamp="20231101 19:18:09.076" level="FAIL">TimeoutError: locator.click: Timeout 30000ms exceeded.
=========================== logs ===========================
waiting for locator('xpath=//div[contains(text(), "Web bank payment")]')
============================================================
Tip: Use "Set Browser Timeout" for increasing the timeout or double check your locator as the targeted element(s) couldn't be found.</msg>
<msg timestamp="20231101 19:18:09.076" level="DEBUG">Traceback (most recent call last):
  File "/Users/sara/code/nelson-test-automation/venv/lib/python3.9/site-packages/Browser/playwright.py", line 158, in grpc_channel
    yield playwright_pb2_grpc.PlaywrightStub(self._channel)
  File "/Users/sara/code/nelson-test-automation/venv/lib/python3.9/site-packages/Browser/keywords/interaction.py", line 446, in click_with_options
    response = stub.Click(
  File "/Users/sara/code/nelson-test-automation/venv/lib/python3.9/site-packages/grpc/_channel.py", line 1030, in __call__
    return _end_unary_response_blocking(state, call, False, None)
  File "/Users/sara/code/nelson-test-automation/venv/lib/python3.9/site-packages/grpc/_channel.py", line 910, in _end_unary_response_blocking
    raise _InactiveRpcError(state)  # pytype: disable=not-instantiable
grpc._channel._InactiveRpcError: &lt;_InactiveRpcError of RPC that terminated with:
	status = StatusCode.DEADLINE_EXCEEDED
	details = "TimeoutError: locator.click: Timeout 30000ms exceeded.
=========================== logs ===========================
waiting for locator('xpath=//div[contains(text(), "Web bank payment")]')
============================================================"
	debug_error_string = "UNKNOWN:Error received from peer  {created_time:"2023-11-01T19:18:08.977207+02:00", grpc_status:4, grpc_message:"TimeoutError: locator.click: Timeout 30000ms exceeded.\n=========================== logs ===========================\nwaiting for locator(\'xpath=//div[contains(text(), \"Web bank payment\")]\')\n============================================================"}"
&gt;

During handling of the above exception, another exception occurred:

Traceback (most recent call last):
  File "/Users/sara/code/nelson-test-automation/venv/lib/python3.9/site-packages/Browser/browser.py", line 1095, in run_keyword
    raise e
  File "/Users/sara/code/nelson-test-automation/venv/lib/python3.9/site-packages/Browser/browser.py", line 1084, in run_keyword
    return DynamicCore.run_keyword(self, name, args, kwargs)
  File "/Users/sara/code/nelson-test-automation/venv/lib/python3.9/site-packages/robotlibcore.py", line 126, in run_keyword
    return self.keywords[name](*args, **(kwargs or {}))
  File "/Users/sara/code/nelson-test-automation/venv/lib/python3.9/site-packages/Browser/keywords/interaction.py", line 366, in click
    self.click_with_options(
  File "/Users/sara/code/nelson-test-automation/venv/lib/python3.9/site-packages/Browser/keywords/interaction.py", line 451, in click_with_options
    logger.debug(response.log)
  File "/Users/sara/micromamba/lib/python3.9/contextlib.py", line 137, in __exit__
    self.gen.throw(typ, value, traceback)
  File "/Users/sara/code/nelson-test-automation/venv/lib/python3.9/site-packages/Browser/playwright.py", line 162, in grpc_channel
    raise AssertionError(error.details())
AssertionError: TimeoutError: locator.click: Timeout 30000ms exceeded.
=========================== logs ===========================
waiting for locator('xpath=//div[contains(text(), "Web bank payment")]')
============================================================
Tip: Use "Set Browser Timeout" for increasing the timeout or double check your locator as the targeted element(s) couldn't be found.</msg>
<status status="FAIL" starttime="20231101 19:17:38.971" endtime="20231101 19:18:09.076"/>
</kw>
<kw name="Click" library="Browser">
<arg>//p[contains(text(), 'Nordea')]</arg>
<tag>PageContent</tag>
<tag>Setter</tag>
<doc>Simulates mouse click on the element found by ``selector``.</doc>
<status status="NOT RUN" starttime="20231101 19:18:09.076" endtime="20231101 19:18:09.076"/>
</kw>
<kw name="Click" library="Browser">
<arg>(//div[contains(@view,"payment")]//button[contains(text(), "Pay")])[1]</arg>
<tag>PageContent</tag>
<tag>Setter</tag>
<doc>Simulates mouse click on the element found by ``selector``.</doc>
<status status="NOT RUN" starttime="20231101 19:18:09.076" endtime="20231101 19:18:09.076"/>
</kw>
<status status="FAIL" starttime="20231101 19:17:38.971" endtime="20231101 19:18:09.076"/>
</kw>
<kw name="Complete Payment Successfully" library="booking">
<status status="NOT RUN" starttime="20231101 19:18:09.077" endtime="20231101 19:18:09.077"/>
</kw>
<tag>regression</tag>
<tag>smoke, booking, BUI2-556, online-checkin</tag>
<status status="FAIL" starttime="20231101 19:17:38.971" endtime="20231101 19:18:09.077">TimeoutError: locator.click: Timeout 30000ms exceeded.
=========================== logs ===========================
waiting for locator('xpath=//div[contains(text(), "Web bank payment")]')
============================================================
Tip: Use "Set Browser Timeout" for increasing the timeout or double check your locator as the targeted element(s) couldn't be found.</status>
</test>
<test id="s1-s1-s1-t6" name="Check In Online" line="37">
<kw name="Click Check In Button" library="booking">
<msg timestamp="20231101 19:18:09.079" level="TRACE">Arguments: [  ]</msg>
<kw name="Wait Until Visible" library="common">
<arg>(//button[text()="Check in"])[1]</arg>
<doc>An easier keyword for waiting until an element is visible</doc>
<msg timestamp="20231101 19:18:09.079" level="TRACE">Arguments: [ ${element}='(//button[text()="Check in"])[1]' ]</msg>
<kw name="Wait For Elements State" library="Browser">
<arg>${element}</arg>
<arg>visible</arg>
<arg>timeout=${timeout}</arg>
<tag>PageContent</tag>
<tag>Wait</tag>
<doc>Waits for the element found by ``selector`` to satisfy state option.</doc>
<msg timestamp="20231101 19:18:09.079" level="TRACE">Arguments: [ '(//button[text()="Check in"])[1]' | &lt;ElementState.visible: 4&gt; | timeout=datetime.timedelta(seconds=30) ]</msg>
<msg timestamp="20231101 19:18:39.183" level="DEBUG">Screenshot successfully captured to: /Users/sara/code/nelson-test-automation/reports/test4/browser/screenshot/fail-screenshot-4.png</msg>
<msg timestamp="20231101 19:18:39.184" level="INFO" html="true">&lt;/td&gt;&lt;/tr&gt;&lt;tr&gt;&lt;td colspan="3"&gt;&lt;a href="browser/screenshot/fail-screenshot-4.png" target="_blank"&gt;&lt;img src="browser/screenshot/fail-screenshot-4.png" width="800px"/&gt;&lt;/a&gt;</msg>
<msg timestamp="20231101 19:18:39.184" level="INFO">See also file:///Users/sara/code/nelson-test-automation/reports/test4/playwright-log.txt for additional details.</msg>
<msg timestamp="20231101 19:18:39.184" level="FAIL">TimeoutError: locator.waitFor: Timeout 30000ms exceeded.
=========================== logs ===========================
waiting for locator('xpath=(//button[text()="Check in"])[1]') to be visible
============================================================
Tip: Use "Set Browser Timeout" for increasing the timeout or double check your locator as the targeted element(s) couldn't be found.</msg>
<msg timestamp="20231101 19:18:39.187" level="DEBUG">Traceback (most recent call last):
  File "/Users/sara/code/nelson-test-automation/venv/lib/python3.9/site-packages/Browser/playwright.py", line 158, in grpc_channel
    yield playwright_pb2_grpc.PlaywrightStub(self._channel)
  File "/Users/sara/code/nelson-test-automation/venv/lib/python3.9/site-packages/Browser/keywords/waiter.py", line 140, in _wait_for_elements_state
    response = stub.WaitForElementsState(
  File "/Users/sara/code/nelson-test-automation/venv/lib/python3.9/site-packages/grpc/_channel.py", line 1030, in __call__
    return _end_unary_response_blocking(state, call, False, None)
  File "/Users/sara/code/nelson-test-automation/venv/lib/python3.9/site-packages/grpc/_channel.py", line 910, in _end_unary_response_blocking
    raise _InactiveRpcError(state)  # pytype: disable=not-instantiable
grpc._channel._InactiveRpcError: &lt;_InactiveRpcError of RPC that terminated with:
	status = StatusCode.DEADLINE_EXCEEDED
	details = "TimeoutError: locator.waitFor: Timeout 30000ms exceeded.
=========================== logs ===========================
waiting for locator('xpath=(//button[text()="Check in"])[1]') to be visible
============================================================"
	debug_error_string = "UNKNOWN:Error received from peer  {created_time:"2023-11-01T19:18:39.084436+02:00", grpc_status:4, grpc_message:"TimeoutError: locator.waitFor: Timeout 30000ms exceeded.\n=========================== logs ===========================\nwaiting for locator(\'xpath=(//button[text()=\"Check in\"])[1]\') to be visible\n============================================================"}"
&gt;

During handling of the above exception, another exception occurred:

Traceback (most recent call last):
  File "/Users/sara/code/nelson-test-automation/venv/lib/python3.9/site-packages/Browser/browser.py", line 1095, in run_keyword
    raise e
  File "/Users/sara/code/nelson-test-automation/venv/lib/python3.9/site-packages/Browser/browser.py", line 1084, in run_keyword
    return DynamicCore.run_keyword(self, name, args, kwargs)
  File "/Users/sara/code/nelson-test-automation/venv/lib/python3.9/site-packages/robotlibcore.py", line 126, in run_keyword
    return self.keywords[name](*args, **(kwargs or {}))
  File "/Users/sara/code/nelson-test-automation/venv/lib/python3.9/site-packages/Browser/keywords/waiter.py", line 102, in wait_for_elements_state
    return self._wait_for_elements_state(
  File "/Users/sara/code/nelson-test-automation/venv/lib/python3.9/site-packages/Browser/keywords/waiter.py", line 145, in _wait_for_elements_state
    logger.info(response.log)
  File "/Users/sara/micromamba/lib/python3.9/contextlib.py", line 137, in __exit__
    self.gen.throw(typ, value, traceback)
  File "/Users/sara/code/nelson-test-automation/venv/lib/python3.9/site-packages/Browser/playwright.py", line 162, in grpc_channel
    raise AssertionError(error.details())
AssertionError: TimeoutError: locator.waitFor: Timeout 30000ms exceeded.
=========================== logs ===========================
waiting for locator('xpath=(//button[text()="Check in"])[1]') to be visible
============================================================
Tip: Use "Set Browser Timeout" for increasing the timeout or double check your locator as the targeted element(s) couldn't be found.</msg>
<status status="FAIL" starttime="20231101 19:18:09.079" endtime="20231101 19:18:39.187"/>
</kw>
<status status="FAIL" starttime="20231101 19:18:09.079" endtime="20231101 19:18:39.188"/>
</kw>
<kw name="Click" library="Browser">
<arg>(//button[text()="Check in"])[1]</arg>
<tag>PageContent</tag>
<tag>Setter</tag>
<doc>Simulates mouse click on the element found by ``selector``.</doc>
<status status="NOT RUN" starttime="20231101 19:18:39.188" endtime="20231101 19:18:39.188"/>
</kw>
<status status="FAIL" starttime="20231101 19:18:09.078" endtime="20231101 19:18:39.189"/>
</kw>
<kw name="Fill Check in Slide" library="booking">
<status status="NOT RUN" starttime="20231101 19:18:39.189" endtime="20231101 19:18:39.189"/>
</kw>
<kw name="Click Save and Sign Button and Sign if Required" library="booking">
<status status="NOT RUN" starttime="20231101 19:18:39.189" endtime="20231101 19:18:39.189"/>
</kw>
<kw name="Complete Check in" library="booking">
<status status="NOT RUN" starttime="20231101 19:18:39.189" endtime="20231101 19:18:39.189"/>
</kw>
<tag>regression</tag>
<tag>smoke, booking, BUI2-556, online-checkin</tag>
<status status="FAIL" starttime="20231101 19:18:09.078" endtime="20231101 19:18:39.189">TimeoutError: locator.waitFor: Timeout 30000ms exceeded.
=========================== logs ===========================
waiting for locator('xpath=(//button[text()="Check in"])[1]') to be visible
============================================================
Tip: Use "Set Browser Timeout" for increasing the timeout or double check your locator as the targeted element(s) couldn't be found.</status>
</test>
<test id="s1-s1-s1-t7" name="Wait for Door Code and Verify Page" line="43">
<kw name="Wait Until Door Code is Available" library="checkin">
<msg timestamp="20231101 19:18:39.191" level="TRACE">Arguments: [  ]</msg>
<kw name="Set Browser Timeout" library="Browser">
<arg>5 minutes</arg>
<tag>Config</tag>
<tag>Setter</tag>
<doc>Sets the timeout used by most input and getter keywords.</doc>
<msg timestamp="20231101 19:18:39.192" level="TRACE">Arguments: [ datetime.timedelta(seconds=300) ]</msg>
<msg timestamp="20231101 19:18:39.193" level="INFO">Set timeout to: 300000</msg>
<msg timestamp="20231101 19:18:39.193" level="TRACE">Return: '30 seconds'</msg>
<status status="PASS" starttime="20231101 19:18:39.192" endtime="20231101 19:18:39.193"/>
</kw>
<kw name="Is Element Found" library="common">
<var>${availableInFound}</var>
<arg>//p[contains(text(), "Available in")]</arg>
<doc>A keyword that has a very complex way of figuring out whether an
element is found or not because I had trouble with the built-in keywords
Can be solved differently if you have a better idea</doc>
<msg timestamp="20231101 19:18:39.193" level="TRACE">Arguments: [ ${selector}='//p[contains(text(), "Available in")]' ]</msg>
<kw name="Set Browser Timeout" library="Browser">
<arg>10s</arg>
<tag>Config</tag>
<tag>Setter</tag>
<doc>Sets the timeout used by most input and getter keywords.</doc>
<msg timestamp="20231101 19:18:39.193" level="TRACE">Arguments: [ datetime.timedelta(seconds=10) ]</msg>
<msg timestamp="20231101 19:18:39.194" level="INFO">Set timeout to: 10000</msg>
<msg timestamp="20231101 19:18:39.194" level="TRACE">Return: '5 minutes'</msg>
<status status="PASS" starttime="20231101 19:18:39.193" endtime="20231101 19:18:39.194"/>
</kw>
<try>
<branch type="TRY">
<kw name="Get Elements" library="Browser">
<var>${els}</var>
<arg>${selector}</arg>
<tag>Getter</tag>
<tag>PageContent</tag>
<doc>Returns a reference to Playwright [https://playwright.dev/docs/api/class-locator|Locator]
for all matched elements by ``selector``.</doc>
<msg timestamp="20231101 19:18:39.194" level="TRACE">Arguments: [ '//p[contains(text(), "Available in")]' ]</msg>
<msg timestamp="20231101 19:18:49.201" level="INFO">Found  Locators successfully.</msg>
<msg timestamp="20231101 19:18:49.202" level="DEBUG">[]</msg>
<msg timestamp="20231101 19:18:49.202" level="TRACE">Return: []</msg>
<msg timestamp="20231101 19:18:49.202" level="INFO">${els} = []</msg>
<status status="PASS" starttime="20231101 19:18:39.194" endtime="20231101 19:18:49.202"/>
</kw>
<kw name="Get Length" library="BuiltIn">
<var>${count}</var>
<arg>${els}</arg>
<doc>Returns and logs the length of the given item as an integer.</doc>
<msg timestamp="20231101 19:18:49.204" level="TRACE">Arguments: [ [] ]</msg>
<msg timestamp="20231101 19:18:49.204" level="INFO">Length is 0</msg>
<msg timestamp="20231101 19:18:49.205" level="TRACE">Return: 0</msg>
<msg timestamp="20231101 19:18:49.205" level="INFO">${count} = 0</msg>
<status status="PASS" starttime="20231101 19:18:49.203" endtime="20231101 19:18:49.205"/>
</kw>
<if>
<branch type="IF" condition="${count} &gt; 0">
<kw name="Set Variable" library="BuiltIn">
<var>${visible}</var>
<arg>True</arg>
<doc>Returns the given values which can then be assigned to a variables.</doc>
<status status="NOT RUN" starttime="20231101 19:18:49.206" endtime="20231101 19:18:49.206"/>
</kw>
<status status="NOT RUN" starttime="20231101 19:18:49.206" endtime="20231101 19:18:49.207"/>
</branch>
<branch type="ELSE">
<kw name="Set Variable" library="BuiltIn">
<var>${visible}</var>
<arg>False</arg>
<doc>Returns the given values which can then be assigned to a variables.</doc>
<msg timestamp="20231101 19:18:49.207" level="TRACE">Arguments: [ 'False' ]</msg>
<msg timestamp="20231101 19:18:49.207" level="TRACE">Return: 'False'</msg>
<msg timestamp="20231101 19:18:49.207" level="INFO">${visible} = False</msg>
<status status="PASS" starttime="20231101 19:18:49.207" endtime="20231101 19:18:49.207"/>
</kw>
<status status="PASS" starttime="20231101 19:18:49.207" endtime="20231101 19:18:49.207"/>
</branch>
<status status="PASS" starttime="20231101 19:18:49.205" endtime="20231101 19:18:49.208"/>
</if>
<status status="PASS" starttime="20231101 19:18:39.194" endtime="20231101 19:18:49.208"/>
</branch>
<branch type="EXCEPT">
<kw name="Set Variable" library="BuiltIn">
<var>${visible}</var>
<arg>False</arg>
<doc>Returns the given values which can then be assigned to a variables.</doc>
<status status="NOT RUN" starttime="20231101 19:18:49.208" endtime="20231101 19:18:49.208"/>
</kw>
<status status="NOT RUN" starttime="20231101 19:18:49.208" endtime="20231101 19:18:49.208"/>
</branch>
<status status="PASS" starttime="20231101 19:18:39.194" endtime="20231101 19:18:49.209"/>
</try>
<kw name="Set Browser Timeout" library="Browser">
<arg>${timeout}</arg>
<tag>Config</tag>
<tag>Setter</tag>
<doc>Sets the timeout used by most input and getter keywords.</doc>
<msg timestamp="20231101 19:18:49.210" level="TRACE">Arguments: [ datetime.timedelta(seconds=30) ]</msg>
<msg timestamp="20231101 19:18:49.213" level="INFO">Set timeout to: 30000</msg>
<msg timestamp="20231101 19:18:49.214" level="TRACE">Return: '10 seconds'</msg>
<status status="PASS" starttime="20231101 19:18:49.209" endtime="20231101 19:18:49.214"/>
</kw>
<msg timestamp="20231101 19:18:49.214" level="TRACE">Return: 'False'</msg>
<msg timestamp="20231101 19:18:49.214" level="INFO">${availableInFound} = False</msg>
<status status="PASS" starttime="20231101 19:18:39.193" endtime="20231101 19:18:49.214"/>
</kw>
<while condition="${availableInFound}">
<iter>
<kw name="Sleep" library="BuiltIn">
<arg>15s</arg>
<doc>Pauses the test executed for the given time.</doc>
<status status="NOT RUN" starttime="20231101 19:18:49.215" endtime="20231101 19:18:49.215"/>
</kw>
<kw name="Reload" library="Browser">
<tag>BrowserControl</tag>
<tag>Setter</tag>
<doc>Reloads current active page.</doc>
<status status="NOT RUN" starttime="20231101 19:18:49.216" endtime="20231101 19:18:49.216"/>
</kw>
<kw name="Is Element Found" library="common">
<var>${availableInFound}</var>
<arg>//p[contains(text(), "Available in")]</arg>
<doc>A keyword that has a very complex way of figuring out whether an
element is found or not because I had trouble with the built-in keywords
Can be solved differently if you have a better idea</doc>
<status status="NOT RUN" starttime="20231101 19:18:49.216" endtime="20231101 19:18:49.216"/>
</kw>
<status status="NOT RUN" starttime="20231101 19:18:49.215" endtime="20231101 19:18:49.216"/>
</iter>
<status status="NOT RUN" starttime="20231101 19:18:49.215" endtime="20231101 19:18:49.216"/>
</while>
<kw name="Set Browser Timeout" library="Browser">
<arg>${timeout}</arg>
<tag>Config</tag>
<tag>Setter</tag>
<doc>Sets the timeout used by most input and getter keywords.</doc>
<msg timestamp="20231101 19:18:49.217" level="TRACE">Arguments: [ datetime.timedelta(seconds=30) ]</msg>
<msg timestamp="20231101 19:18:49.217" level="TRACE">Return: '30 seconds'</msg>
<status status="PASS" starttime="20231101 19:18:49.216" endtime="20231101 19:18:49.217"/>
</kw>
<kw name="Check for Payment Ok Modal" library="checkin">
<doc>Workaround to closing modal until it is fixed</doc>
<msg timestamp="20231101 19:18:49.218" level="TRACE">Arguments: [  ]</msg>
<kw name="Is Element Visible" library="common">
<var>${modalIsVisible}</var>
<arg>//section[contains(@class, 'chakra')]</arg>
<msg timestamp="20231101 19:18:49.218" level="TRACE">Arguments: [ ${selector}="//section[contains(@class, 'chakra')]" ]</msg>
<kw name="Get Element States" library="Browser">
<var>${isVisible}</var>
<arg>${selector}</arg>
<arg>then</arg>
<arg>bool(value &amp; visible)</arg>
<tag>Assertion</tag>
<tag>Getter</tag>
<tag>PageContent</tag>
<doc>Get the active states from the element found by ``selector``.</doc>
<msg timestamp="20231101 19:18:49.219" level="TRACE">Arguments: [ "//section[contains(@class, 'chakra')]" | &lt;AssertionOperator.then: 'then'&gt; | 'bool(value &amp; visible)' ]</msg>
<msg timestamp="20231101 19:18:50.440" level="DEBUG">Assertion polling statistics:
First element asserted in: 0.1476590633392334 seconds
Total tries: 10
Elapsed time in retries 1.073375940322876 seconds</msg>
<msg timestamp="20231101 19:18:50.518" level="DEBUG">Screenshot successfully captured to: /Users/sara/code/nelson-test-automation/reports/test4/browser/screenshot/fail-screenshot-5.png</msg>
<msg timestamp="20231101 19:18:50.519" level="INFO" html="true">&lt;/td&gt;&lt;/tr&gt;&lt;tr&gt;&lt;td colspan="3"&gt;&lt;a href="browser/screenshot/fail-screenshot-5.png" target="_blank"&gt;&lt;img src="browser/screenshot/fail-screenshot-5.png" width="800px"/&gt;&lt;/a&gt;</msg>
<msg timestamp="20231101 19:18:50.519" level="INFO">See also file:///Users/sara/code/nelson-test-automation/reports/test4/playwright-log.txt for additional details.</msg>
<msg timestamp="20231101 19:18:50.520" level="FAIL">Error: locator.waitFor: Error: strict mode violation: locator('xpath=//section[contains(@class, \'chakra\')]') resolved to 6 elements:
    1) &lt;section tabindex="-1" role="dialog" id="popover-content-…&gt;&lt;/section&gt; aka locator('#popover-content-78')
    2) &lt;section tabindex="-1" role="dialog" id="popover-content-…&gt;&lt;/section&gt; aka locator('#popover-content-81')
    3) &lt;section tabindex="-1" role="dialog" id="popover-content-…&gt;…&lt;/section&gt; aka locator('#popover-content-241')
    4) &lt;section tabindex="-1" role="dialog" id="popover-content-…&gt;…&lt;/section&gt; aka locator('#popover-content-245')
    5) &lt;section tabindex="-1" role="dialog" id="popover-content-…&gt;…&lt;/section&gt; aka locator('#popover-content-249')
    6) &lt;section tabindex="-1" role="dialog" id="popover-content-…&gt;…&lt;/section&gt; aka locator('#popover-content-253')

=========================== logs ===========================
waiting for locator('xpath=//section[contains(@class, \'chakra\')]')
============================================================</msg>
<msg timestamp="20231101 19:18:50.521" level="DEBUG">Traceback (most recent call last):
  File "/Users/sara/code/nelson-test-automation/venv/lib/python3.9/site-packages/Browser/playwright.py", line 158, in grpc_channel
    yield playwright_pb2_grpc.PlaywrightStub(self._channel)
  File "/Users/sara/code/nelson-test-automation/venv/lib/python3.9/site-packages/Browser/keywords/getters.py", line 1396, in get_element_states
    response = stub.GetElementStates(
  File "/Users/sara/code/nelson-test-automation/venv/lib/python3.9/site-packages/grpc/_channel.py", line 1030, in __call__
    return _end_unary_response_blocking(state, call, False, None)
  File "/Users/sara/code/nelson-test-automation/venv/lib/python3.9/site-packages/grpc/_channel.py", line 910, in _end_unary_response_blocking
    raise _InactiveRpcError(state)  # pytype: disable=not-instantiable
grpc._channel._InactiveRpcError: &lt;_InactiveRpcError of RPC that terminated with:
	status = StatusCode.RESOURCE_EXHAUSTED
	details = "Error: locator.waitFor: Error: strict mode violation: locator('xpath=//section[contains(@class, \'chakra\')]') resolved to 6 elements:
    1) &lt;section tabindex="-1" role="dialog" id="popover-content-…&gt;&lt;/section&gt; aka locator('#popover-content-78')
    2) &lt;section tabindex="-1" role="dialog" id="popover-content-…&gt;&lt;/section&gt; aka locator('#popover-content-81')
    3) &lt;section tabindex="-1" role="dialog" id="popover-content-…&gt;…&lt;/section&gt; aka locator('#popover-content-241')
    4) &lt;section tabindex="-1" role="dialog" id="popover-content-…&gt;…&lt;/section&gt; aka locator('#popover-content-245')
    5) &lt;section tabindex="-1" role="dialog" id="popover-content-…&gt;…&lt;/section&gt; aka locator('#popover-content-249')
    6) &lt;section tabindex="-1" role="dialog" id="popover-content-…&gt;…&lt;/section&gt; aka locator('#popover-content-253')

=========================== logs ===========================
waiting for locator('xpath=//section[contains(@class, \'chakra\')]')
============================================================"
[...]
<kw name="Open Browser to Nelson Portal" library="mui">
<msg timestamp="20231101 19:19:01.288" level="TRACE">Arguments: [  ]</msg>
<kw name="New Browser" library="Browser">
<arg>${browser}</arg>
<arg>${headless}</arg>
<tag>BrowserControl</tag>
<tag>Setter</tag>
<doc>Create a new playwright Browser with specified options.</doc>
<msg timestamp="20231101 19:19:01.289" level="TRACE">Arguments: [ &lt;SupportedBrowsers.firefox: 2&gt; | True ]</msg>
<msg timestamp="20231101 19:19:01.289" level="INFO">Switching browser to browser=9c12b4ad-276a-4768-a55f-799914846e12</msg>
<msg timestamp="20231101 19:19:01.289" level="INFO">Successfully changed active browser</msg>
<msg timestamp="20231101 19:19:01.289" level="INFO">Reusing existing browser with id: browser=9c12b4ad-276a-4768-a55f-799914846e12</msg>
<msg timestamp="20231101 19:19:01.289" level="TRACE">Return: 'browser=9c12b4ad-276a-4768-a55f-799914846e12'</msg>
<status status="PASS" starttime="20231101 19:19:01.289" endtime="20231101 19:19:01.289"/>
</kw>
<kw name="Set Browser Timeout" library="Browser">
<arg>${timeout}</arg>
<tag>Config</tag>
<tag>Setter</tag>
<doc>Sets the timeout used by most input and getter keywords.</doc>
<msg timestamp="20231101 19:19:01.290" level="TRACE">Arguments: [ datetime.timedelta(seconds=30) ]</msg>
<msg timestamp="20231101 19:19:01.290" level="TRACE">Return: '30 seconds'</msg>
<status status="PASS" starttime="20231101 19:19:01.290" endtime="20231101 19:19:01.290"/>
</kw>
<kw name="New Context" library="Browser">
<tag>BrowserControl</tag>
<tag>Setter</tag>
<doc>Create a new BrowserContext with specified options.</doc>
<msg timestamp="20231101 19:19:01.290" level="TRACE">Arguments: [  ]</msg>
<msg timestamp="20231101 19:19:01.290" level="INFO">{
  "acceptDownloads": true,
  "bypassCSP": false,
  "forcedColors": "none",
  "hideRfBrowser": "",
  "ignoreHTTPSErrors": false,
  "javaScriptEnabled": true,
  "offline": false,
  "reducedMotion": "no-preference",
  "serviceWorkers": "allow",
  "viewport": {
    "width": 1280,
    "height": 720
  }
}</msg>
<msg timestamp="20231101 19:19:01.298" level="INFO">Successfully created context. </msg>
<msg timestamp="20231101 19:19:01.298" level="INFO">{'acceptDownloads': True, 'bypassCSP': False, 'forcedColors': 'none', 'hideRfBrowser': '', 'ignoreHTTPSErrors': False, 'javaScriptEnabled': True, 'offline': False, 'reducedMotion': 'no-preference', 'serviceWorkers': 'allow', 'viewport': {'width': 1280, 'height': 720}}</msg>
<msg timestamp="20231101 19:19:01.298" level="TRACE">Return: 'context=98d38b63-2210-4a7f-89db-ba769395d47a'</msg>
<status status="PASS" starttime="20231101 19:19:01.290" endtime="20231101 19:19:01.298"/>
</kw>
<kw name="New Page" library="Browser">
<arg>${MUI_URL}</arg>
<tag>BrowserControl</tag>
<tag>Setter</tag>
<doc>Open a new Page.</doc>
<msg timestamp="20231101 19:19:01.298" level="TRACE">Arguments: [ '$MUI_URL' ]</msg>
<msg timestamp="20231101 19:19:01.387" level="INFO">Keyword 'Take Screenshot  fail-screenshot-{index}' could not be run on failure:
Error: Tried to take screenshot, but no page was open.</msg>
<msg timestamp="20231101 19:19:01.387" level="INFO">See also file:///Users/sara/code/nelson-test-automation/reports/test4/playwright-log.txt for additional details.</msg>
<msg timestamp="20231101 19:19:01.387" level="FAIL">Error: page.goto: Protocol error (Page.navigate): Invalid url: "$MUI_URL" Page.navigate@chrome://juggler/content/protocol/PageHandler.js:386:13
dispatch@chrome://juggler/content/protocol/Dispatcher.js:132:39
_dispatch@chrome://juggler/content/protocol/Dispatcher.js:69:36
receiveMessage@chrome://juggler/content/components/Juggler.js:118:20

=========================== logs ===========================
navigating to "$MUI_URL", waiting until "load"
============================================================</msg>
<msg timestamp="20231101 19:19:01.387" level="DEBUG">Traceback (most recent call last):
  File "/Users/sara/code/nelson-test-automation/venv/lib/python3.9/site-packages/Browser/playwright.py", line 158, in grpc_channel
    yield playwright_pb2_grpc.PlaywrightStub(self._channel)
  File "/Users/sara/code/nelson-test-automation/venv/lib/python3.9/site-packages/Browser/keywords/playwright_state.py", line 733, in new_page
    response = stub.NewPage(
  File "/Users/sara/code/nelson-test-automation/venv/lib/python3.9/site-packages/grpc/_channel.py", line 1030, in __call__
    return _end_unary_response_blocking(state, call, False, None)
  File "/Users/sara/code/nelson-test-automation/venv/lib/python3.9/site-packages/grpc/_channel.py", line 910, in _end_unary_response_blocking
    raise _InactiveRpcError(state)  # pytype: disable=not-instantiable
grpc._channel._InactiveRpcError: &lt;_InactiveRpcError of RPC that terminated with:
	status = StatusCode.RESOURCE_EXHAUSTED
	details = "Error: page.goto: Protocol error (Page.navigate): Invalid url: "$MUI_URL" Page.navigate@chrome://juggler/content/protocol/PageHandler.js:386:13
dispatch@chrome://juggler/content/protocol/Dispatcher.js:132:39
_dispatch@chrome://juggler/content/protocol/Dispatcher.js:69:36
receiveMessage@chrome://juggler/content/components/Juggler.js:118:20

=========================== logs ===========================
navigating to "$MUI_URL", waiting until "load"
============================================================"
	debug_error_string = "UNKNOWN:Error received from peer  {created_time:"2023-11-01T19:19:01.384822+02:00", grpc_status:8, grpc_message:"Error: page.goto: Protocol error (Page.navigate): Invalid url: \"$MUI_URL\" Page.navigate@chrome://juggler/content/protocol/PageHandler.js:386:13\ndispatch@chrome://juggler/content/protocol/Dispatcher.js:132:39\n_dispatch@chrome://juggler/content/protocol/Dispatcher.js:69:36\nreceiveMessage@chrome://juggler/content/components/Juggler.js:118:20\n\n=========================== logs ===========================\nnavigating to \"$MUI_URL\", waiting until \"load\"\n============================================================"}"
&gt;

During handling of the above exception, another exception occurred:

Traceback (most recent call last):
  File "/Users/sara/code/nelson-test-automation/venv/lib/python3.9/site-packages/Browser/browser.py", line 1095, in run_keyword
    raise e
  File "/Users/sara/code/nelson-test-automation/venv/lib/python3.9/site-packages/Browser/browser.py", line 1084, in run_keyword
    return DynamicCore.run_keyword(self, name, args, kwargs)
  File "/Users/sara/code/nelson-test-automation/venv/lib/python3.9/site-packages/robotlibcore.py", line 126, in run_keyword
    return self.keywords[name](*args, **(kwargs or {}))
  File "/Users/sara/code/nelson-test-automation/venv/lib/python3.9/site-packages/Browser/keywords/playwright_state.py", line 733, in new_page
    response = stub.NewPage(
  File "/Users/sara/micromamba/lib/python3.9/contextlib.py", line 137, in __exit__
    self.gen.throw(typ, value, traceback)
  File "/Users/sara/code/nelson-test-automation/venv/lib/python3.9/site-packages/Browser/playwright.py", line 162, in grpc_channel
    raise AssertionError(error.details())
AssertionError: Error: page.goto: Protocol error (Page.navigate): Invalid url: "$MUI_URL" Page.navigate@chrome://juggler/content/protocol/PageHandler.js:386:13
dispatch@chrome://juggler/content/protocol/Dispatcher.js:132:39
_dispatch@chrome://juggler/content/protocol/Dispatcher.js:69:36
receiveMessage@chrome://juggler/content/components/Juggler.js:118:20

=========================== logs ===========================
navigating to "$MUI_URL", waiting until "load"
============================================================</msg>
<status status="FAIL" starttime="20231101 19:19:01.298" endtime="20231101 19:19:01.387"/>
</kw>
<status status="FAIL" starttime="20231101 19:19:01.288" endtime="20231101 19:19:01.387"/>
</kw>
<kw name="Log in to Nelson Portal with Credentials" library="mui">
<arg>${EMPTY}</arg>
<arg>pass</arg>
<status status="NOT RUN" starttime="20231101 19:19:01.388" endtime="20231101 19:19:01.388"/>
</kw>
<kw name="Close Browser" library="Browser">
<tag>BrowserControl</tag>
<tag>Setter</tag>
<doc>Closes the current browser.</doc>
<status status="NOT RUN" starttime="20231101 19:19:01.388" endtime="20231101 19:19:01.388"/>
</kw>
<tag>prod</tag>
<tag>regression</tag>
<tag>smoke</tag>
<status status="FAIL" starttime="20231101 19:19:01.288" endtime="20231101 19:19:01.388">Error: page.goto: Protocol error (Page.navigate): Invalid url: "$MUI_URL" Page.navigate@chrome://juggler/content/protocol/PageHandler.js:386:13
dispatch@chrome://juggler/content/protocol/Dispatcher.js:132:39
_dispatch@chrome://juggler/content/protocol/Dispatcher.js:69:36
receiveMessage@chrome://juggler/content/components/Juggler.js:118:20

=========================== logs ===========================
navigating to "$MUI_URL", waiting until "load"
============================================================</status>
</test>
<test id="s1-s2-s4-t16" name="Try Logging in with incorrect Password/Username combination" line="91">
<kw name="Open Browser to Nelson Portal" library="mui">
<msg timestamp="20231101 19:19:01.390" level="TRACE">Arguments: [  ]</msg>
<kw name="New Browser" library="Browser">
<arg>${browser}</arg>
<arg>${headless}</arg>
<tag>BrowserControl</tag>
<tag>Setter</tag>
<doc>Create a new playwright Browser with specified options.</doc>
<msg timestamp="20231101 19:19:01.390" level="TRACE">Arguments: [ &lt;SupportedBrowsers.firefox: 2&gt; | True ]</msg>
<msg timestamp="20231101 19:19:01.390" level="INFO">Switching browser to browser=9c12b4ad-276a-4768-a55f-799914846e12</msg>
<msg timestamp="20231101 19:19:01.391" level="INFO">Successfully changed active browser</msg>
<msg timestamp="20231101 19:19:01.391" level="INFO">Reusing existing browser with id: browser=9c12b4ad-276a-4768-a55f-799914846e12</msg>
<msg timestamp="20231101 19:19:01.391" level="TRACE">Return: 'browser=9c12b4ad-276a-4768-a55f-799914846e12'</msg>
<status status="PASS" starttime="20231101 19:19:01.390" endtime="20231101 19:19:01.391"/>
</kw>
<kw name="Set Browser Timeout" library="Browser">
<arg>${timeout}</arg>
<tag>Config</tag>
<tag>Setter</tag>
<doc>Sets the timeout used by most input and getter keywords.</doc>
<msg timestamp="20231101 19:19:01.391" level="TRACE">Arguments: [ datetime.timedelta(seconds=30) ]</msg>
<msg timestamp="20231101 19:19:01.391" level="TRACE">Return: '30 seconds'</msg>
<status status="PASS" starttime="20231101 19:19:01.391" endtime="20231101 19:19:01.391"/>
</kw>
<kw name="New Context" library="Browser">
<tag>BrowserControl</tag>
<tag>Setter</tag>
<doc>Create a new BrowserContext with specified options.</doc>
<msg timestamp="20231101 19:19:01.391" level="TRACE">Arguments: [  ]</msg>
<msg timestamp="20231101 19:19:01.391" level="INFO">{
  "acceptDownloads": true,
  "bypassCSP": false,
  "forcedColors": "none",
  "hideRfBrowser": "",
  "ignoreHTTPSErrors": false,
  "javaScriptEnabled": true,
  "offline": false,
  "reducedMotion": "no-preference",
  "serviceWorkers": "allow",
  "viewport": {
    "width": 1280,
    "height": 720
  }
}</msg>
<msg timestamp="20231101 19:19:01.393" level="INFO">Successfully created context. </msg>
<msg timestamp="20231101 19:19:01.393" level="INFO">{'acceptDownloads': True, 'bypassCSP': False, 'forcedColors': 'none', 'hideRfBrowser': '', 'ignoreHTTPSErrors': False, 'javaScriptEnabled': True, 'offline': False, 'reducedMotion': 'no-preference', 'serviceWorkers': 'allow', 'viewport': {'width': 1280, 'height': 720}}</msg>
<msg timestamp="20231101 19:19:01.393" level="TRACE">Return: 'context=3400feb1-2e39-492f-baf0-c6c531b88c31'</msg>
<status status="PASS" starttime="20231101 19:19:01.391" endtime="20231101 19:19:01.393"/>
</kw>
<kw name="New Page" library="Browser">
<arg>${MUI_URL}</arg>
<tag>BrowserControl</tag>
<tag>Setter</tag>
<doc>Open a new Page.</doc>
<msg timestamp="20231101 19:19:01.393" level="TRACE">Arguments: [ '$MUI_URL' ]</msg>
<msg timestamp="20231101 19:19:01.489" level="INFO">Keyword 'Take Screenshot  fail-screenshot-{index}' could not be run on failure:
Error: Tried to take screenshot, but no page was open.</msg>
<msg timestamp="20231101 19:19:01.489" level="INFO">See also file:///Users/sara/code/nelson-test-automation/reports/test4/playwright-log.txt for additional details.</msg>
<msg timestamp="20231101 19:19:01.489" level="FAIL">Error: page.goto: Protocol error (Page.navigate): Invalid url: "$MUI_URL" Page.navigate@chrome://juggler/content/protocol/PageHandler.js:386:13
dispatch@chrome://juggler/content/protocol/Dispatcher.js:132:39
_dispatch@chrome://juggler/content/protocol/Dispatcher.js:69:36
receiveMessage@chrome://juggler/content/components/Juggler.js:118:20

=========================== logs ===========================
navigating to "$MUI_URL", waiting until "load"
============================================================</msg>
<msg timestamp="20231101 19:19:01.489" level="DEBUG">Traceback (most recent call last):
  File "/Users/sara/code/nelson-test-automation/venv/lib/python3.9/site-packages/Browser/playwright.py", line 158, in grpc_channel
    yield playwright_pb2_grpc.PlaywrightStub(self._channel)
  File "/Users/sara/code/nelson-test-automation/venv/lib/python3.9/site-packages/Browser/keywords/playwright_state.py", line 733, in new_page
    response = stub.NewPage(
  File "/Users/sara/code/nelson-test-automation/venv/lib/python3.9/site-packages/grpc/_channel.py", line 1030, in __call__
    return _end_unary_response_blocking(state, call, False, None)
  File "/Users/sara/code/nelson-test-automation/venv/lib/python3.9/site-packages/grpc/_channel.py", line 910, in _end_unary_response_blocking
    raise _InactiveRpcError(state)  # pytype: disable=not-instantiable
grpc._channel._InactiveRpcError: &lt;_InactiveRpcError of RPC that terminated with:
	status = StatusCode.RESOURCE_EXHAUSTED
	details = "Error: page.goto: Protocol error (Page.navigate): Invalid url: "$MUI_URL" Page.navigate@chrome://juggler/content/protocol/PageHandler.js:386:13
dispatch@chrome://juggler/content/protocol/Dispatcher.js:132:39
_dispatch@chrome://juggler/content/protocol/Dispatcher.js:69:36
receiveMessage@chrome://juggler/content/components/Juggler.js:118:20

=========================== logs ===========================
navigating to "$MUI_URL", waiting until "load"
============================================================"
	debug_error_string = "UNKNOWN:Error received from peer  {created_time:"2023-11-01T19:19:01.487488+02:00", grpc_status:8, grpc_message:"Error: page.goto: Protocol error (Page.navigate): Invalid url: \"$MUI_URL\" Page.navigate@chrome://juggler/content/protocol/PageHandler.js:386:13\ndispatch@chrome://juggler/content/protocol/Dispatcher.js:132:39\n_dispatch@chrome://juggler/content/protocol/Dispatcher.js:69:36\nreceiveMessage@chrome://juggler/content/components/Juggler.js:118:20\n\n=========================== logs ===========================\nnavigating to \"$MUI_URL\", waiting until \"load\"\n============================================================"}"
&gt;

During handling of the above exception, another exception occurred:

Traceback (most recent call last):
  File "/Users/sara/code/nelson-test-automation/venv/lib/python3.9/site-packages/Browser/browser.py", line 1095, in run_keyword
    raise e
  File "/Users/sara/code/nelson-test-automation/venv/lib/python3.9/site-packages/Browser/browser.py", line 1084, in run_keyword
    return DynamicCore.run_keyword(self, name, args, kwargs)
  File "/Users/sara/code/nelson-test-automation/venv/lib/python3.9/site-packages/robotlibcore.py", line 126, in run_keyword
    return self.keywords[name](*args, **(kwargs or {}))
  File "/Users/sara/code/nelson-test-automation/venv/lib/python3.9/site-packages/Browser/keywords/playwright_state.py", line 733, in new_page
    response = stub.NewPage(
  File "/Users/sara/micromamba/lib/python3.9/contextlib.py", line 137, in __exit__
    self.gen.throw(typ, value, traceback)
  File "/Users/sara/code/nelson-test-automation/venv/lib/python3.9/site-packages/Browser/playwright.py", line 162, in grpc_channel
    raise AssertionError(error.details())
AssertionError: Error: page.goto: Protocol error (Page.navigate): Invalid url: "$MUI_URL" Page.navigate@chrome://juggler/content/protocol/PageHandler.js:386:13
dispatch@chrome://juggler/content/protocol/Dispatcher.js:132:39
_dispatch@chrome://juggler/content/protocol/Dispatcher.js:69:36
receiveMessage@chrome://juggler/content/components/Juggler.js:118:20

=========================== logs ===========================
navigating to "$MUI_URL", waiting until "load"
============================================================</msg>
<status status="FAIL" starttime="20231101 19:19:01.393" endtime="20231101 19:19:01.489"/>
</kw>
<status status="FAIL" starttime="20231101 19:19:01.390" endtime="20231101 19:19:01.490"/>
</kw>
<kw name="Log in to Nelson Portal with Credentials" library="mui">
<arg>admin</arg>
<arg>admin</arg>
<status status="NOT RUN" starttime="20231101 19:19:01.490" endtime="20231101 19:19:01.490"/>
</kw>
<kw name="Close Browser" library="Browser">
<tag>BrowserControl</tag>
<tag>Setter</tag>
<doc>Closes the current browser.</doc>
<status status="NOT RUN" starttime="20231101 19:19:01.490" endtime="20231101 19:19:01.490"/>
</kw>
<tag>prod</tag>
<tag>regression</tag>
<tag>smoke</tag>
<status status="FAIL" starttime="20231101 19:19:01.389" endtime="20231101 19:19:01.490">Error: page.goto: Protocol error (Page.navigate): Invalid url: "$MUI_URL" Page.navigate@chrome://juggler/content/protocol/PageHandler.js:386:13
dispatch@chrome://juggler/content/protocol/Dispatcher.js:132:39
_dispatch@chrome://juggler/content/protocol/Dispatcher.js:69:36
receiveMessage@chrome://juggler/content/components/Juggler.js:118:20

=========================== logs ===========================
navigating to "$MUI_URL", waiting until "load"
============================================================</status>
</test>
<kw name="Close Browser" library="Browser" type="TEARDOWN">
<tag>BrowserControl</tag>
<tag>Setter</tag>
<doc>Closes the current browser.</doc>
<msg timestamp="20231101 19:19:01.491" level="TRACE">Arguments: [  ]</msg>
<msg timestamp="20231101 19:19:03.740" level="INFO">Closed browser</msg>
<msg timestamp="20231101 19:19:03.740" level="TRACE">Return: None</msg>
<status status="PASS" starttime="20231101 19:19:01.491" endtime="20231101 19:19:03.740"/>
</kw>
<doc>This file contains smoke tests for MUI</doc>
<status status="FAIL" starttime="20231101 19:19:00.446" endtime="20231101 19:19:03.740"/>
</suite>
<status status="FAIL" starttime="20231101 19:18:50.667" endtime="20231101 19:19:03.744"/>
</suite>
<doc>Argument file for running tests on Omena test4 environment (test4)</doc>
<status status="FAIL" starttime="20231101 19:16:29.070" endtime="20231101 19:19:03.745"/>
</suite>
<statistics>
<total>
<stat pass="2" fail="27" skip="0">All Tests</stat>
</total>
<tag>
<stat pass="0" fail="16" skip="0">prod</stat>
<stat pass="2" fail="27" skip="0">regression</stat>
<stat pass="0" fail="22" skip="0">smoke</stat>
<stat pass="2" fail="5" skip="0">smoke, booking, BUI2-556, online-checkin</stat>
</tag>
<suite>
<stat pass="2" fail="27" skip="0" id="s1" name="Testsuites">Testsuites</stat>
<stat pass="2" fail="5" skip="0" id="s1-s1" name="BUI">Testsuites.BUI</stat>
<stat pass="2" fail="5" skip="0" id="s1-s1-s1" name="Create Booking And Check In">Testsuites.BUI.Create Booking And Check In</stat>
<stat pass="0" fail="22" skip="0" id="s1-s2" name="MUI">Testsuites.MUI</stat>
<stat pass="0" fail="1" skip="0" id="s1-s2-s1" name="Mui.Booking">Testsuites.MUI.Mui.Booking</stat>
<stat pass="0" fail="1" skip="0" id="s1-s2-s2" name="Mui.Gbe">Testsuites.MUI.Mui.Gbe</stat>
<stat pass="0" fail="4" skip="0" id="s1-s2-s3" name="Mui.Reservations">Testsuites.MUI.Mui.Reservations</stat>
<stat pass="0" fail="16" skip="0" id="s1-s2-s4" name="Mui.Smoke">Testsuites.MUI.Mui.Smoke</stat>
</suite>
</statistics>
<errors>
</errors>
</robot>
