<?xml version="1.0" encoding="UTF-8"?>
<robot generator="Robot 5.0.1 (Python 3.9.16 on darwin)" generated="20231103 16:43:07.194" rpa="false" schemaversion="3">
<suite id="s1" name="Testsuites" source="/Users/sara/code/nelson-test-automation/testsuites">
<suite id="s1-s1" name="BUI" source="/Users/sara/code/nelson-test-automation/testsuites/BUI">
<suite id="s1-s1-s1" name="BUI2-557" source="/Users/sara/code/nelson-test-automation/testsuites/BUI/BUI2-557.robot">
<test id="s1-s1-s1-t1" name="Create a new Booking" line="11">
<kw name="Open Browser to Landing Page" library="common" type="SETUP">
<doc>A general startup keyword for opening a browser to the landing page.</doc>
<msg timestamp="20231103 16:43:08.162" level="TRACE">Arguments: [  ]</msg>
<kw name="Log To Console" library="BuiltIn">
<arg>Environment: %{ENV}</arg>
<doc>Logs the given message to the console.</doc>
<msg timestamp="20231103 16:43:08.162" level="TRACE">Arguments: [ 'Environment: test4' ]</msg>
<msg timestamp="20231103 16:43:08.162" level="TRACE">Return: None</msg>
<status status="PASS" starttime="20231103 16:43:08.162" endtime="20231103 16:43:08.162"/>
</kw>
<if>
<branch type="IF" condition="'%{ENV}' == 'test3'">
<kw name="Set Suite Variable" library="BuiltIn">
<arg>${url.landing.page}</arg>
<arg>https://test3.omenahotels.com/en</arg>
<doc>Makes a variable available everywhere within the scope of the current suite.</doc>
<status status="NOT RUN" starttime="20231103 16:43:08.163" endtime="20231103 16:43:08.163"/>
</kw>
<status status="NOT RUN" starttime="20231103 16:43:08.162" endtime="20231103 16:43:08.163"/>
</branch>
<branch type="ELSE IF" condition="'%{ENV}' == 'ks_test'">
<kw name="Set Suite Variable" library="BuiltIn">
<arg>${url.landing.page}</arg>
<arg>https://test.kensingtonstay.com/en</arg>
<doc>Makes a variable available everywhere within the scope of the current suite.</doc>
<status status="NOT RUN" starttime="20231103 16:43:08.163" endtime="20231103 16:43:08.163"/>
</kw>
<status status="NOT RUN" starttime="20231103 16:43:08.163" endtime="20231103 16:43:08.163"/>
</branch>
<branch type="ELSE IF" condition="'%{ENV}' == 'salo_test'">
<kw name="Set Suite Variable" library="BuiltIn">
<arg>${url.landing.page}</arg>
<arg>https://test.kensingtonstay.com/en</arg>
<doc>Makes a variable available everywhere within the scope of the current suite.</doc>
<status status="NOT RUN" starttime="20231103 16:43:08.163" endtime="20231103 16:43:08.163"/>
</kw>
<status status="NOT RUN" starttime="20231103 16:43:08.163" endtime="20231103 16:43:08.163"/>
</branch>
<branch type="ELSE IF" condition="'%{ENV}' == 'test4'">
<kw name="Set Suite Variable" library="BuiltIn">
<arg>${url.landing.page}</arg>
<arg>https://test4.omenahotels.com/en</arg>
<doc>Makes a variable available everywhere within the scope of the current suite.</doc>
<msg timestamp="20231103 16:43:08.164" level="TRACE">Arguments: [ '${url.landing.page}' | 'https://test4.omenahotels.com/en' ]</msg>
<msg timestamp="20231103 16:43:08.164" level="INFO">${url.landing.page} = https://test4.omenahotels.com/en</msg>
<msg timestamp="20231103 16:43:08.164" level="TRACE">Return: None</msg>
<status status="PASS" starttime="20231103 16:43:08.163" endtime="20231103 16:43:08.164"/>
</kw>
<status status="PASS" starttime="20231103 16:43:08.163" endtime="20231103 16:43:08.164"/>
</branch>
<status status="PASS" starttime="20231103 16:43:08.162" endtime="20231103 16:43:08.164"/>
</if>
<kw name="Open New Browser To URL" library="common">
<arg>${url.landing.page}</arg>
<msg timestamp="20231103 16:43:08.164" level="TRACE">Arguments: [ ${url}='https://test4.omenahotels.com/en' ]</msg>
<kw name="New Browser" library="Browser">
<arg>${browser}</arg>
<arg>${headless}</arg>
<arg>timeout=${timeout}</arg>
<arg>downloadsPath=${EXECDIR}/resources/downloads</arg>
<tag>BrowserControl</tag>
<tag>Setter</tag>
<doc>Create a new playwright Browser with specified options.</doc>
<msg timestamp="20231103 16:43:08.165" level="TRACE">Arguments: [ &lt;SupportedBrowsers.firefox: 2&gt; | True | timeout=datetime.timedelta(seconds=30) | downloadsPath='/Users/sara/code/nelson-test-automation/resources/downloads' ]</msg>
<msg timestamp="20231103 16:43:08.165" level="INFO">{"browser": "firefox", "headless": true, "chromiumSandbox": false, "devtools": false, "downloadsPath": "/Users/sara/code/nelson-test-automation/resources/downloads", "handleSIGHUP": true, "handleSIGINT": true, "handleSIGTERM": true, "ignoreDefaultArgs": false, "slowMo": 0.0, "timeout": 30000.0, "tracesDir": "/Users/sara/code/nelson-test-automation/reports/test4/browser/traces/be596c99-aa93-4749-b6f3-56a7551bd1d8"}</msg>
<msg timestamp="20231103 16:43:08.626" level="INFO">Successfully created browser with options: {"browser":"firefox","headless":true,"chromiumSandbox":false,"devtools":false,"downloadsPath":"/Users/sara/code/nelson-test-automation/resources/downloads","handleSIGHUP":true,"handleSIGINT":true,"handleSIGTERM":true,"ignoreDefaultArgs":false,"slowMo":0,"timeout":30000,"tracesDir":"/Users/sara/code/nelson-test-automation/reports/test4/browser/traces/be596c99-aa93-4749-b6f3-56a7551bd1d8"}</msg>
<msg timestamp="20231103 16:43:08.626" level="TRACE">Return: 'browser=1e95b009-f067-4daf-9f63-a042da9390e2'</msg>
<status status="PASS" starttime="20231103 16:43:08.164" endtime="20231103 16:43:08.626"/>
</kw>
<kw name="Set Browser Timeout" library="Browser">
<arg>${timeout}</arg>
<tag>Config</tag>
<tag>Setter</tag>
<doc>Sets the timeout used by most input and getter keywords.</doc>
<msg timestamp="20231103 16:43:08.627" level="TRACE">Arguments: [ datetime.timedelta(seconds=30) ]</msg>
<msg timestamp="20231103 16:43:08.628" level="INFO">No context open.</msg>
<msg timestamp="20231103 16:43:08.628" level="TRACE">Return: '10 seconds'</msg>
<status status="PASS" starttime="20231103 16:43:08.626" endtime="20231103 16:43:08.628"/>
</kw>
<kw name="New Context" library="Browser">
<arg>acceptDownloads=True</arg>
<tag>BrowserControl</tag>
<tag>Setter</tag>
<doc>Create a new BrowserContext with specified options.</doc>
<msg timestamp="20231103 16:43:08.628" level="TRACE">Arguments: [ acceptDownloads=True ]</msg>
<msg timestamp="20231103 16:43:08.629" level="INFO">{
  "acceptDownloads": true,
  "bypassCSP": false,
  "forcedColors": "none",
  "hideRfBrowser": "",
  "ignoreHTTPSErrors": false,
  "javaScriptEnabled": true,
  "offline": false,
  "reducedMotion": "no-preference",
  "serviceWorkers": "allow",
  "viewport": {
    "width": 1280,
    "height": 720
  }
}</msg>
<msg timestamp="20231103 16:43:08.640" level="INFO">Successfully created context. </msg>
<msg timestamp="20231103 16:43:08.640" level="INFO">{'acceptDownloads': True, 'bypassCSP': False, 'forcedColors': 'none', 'hideRfBrowser': '', 'ignoreHTTPSErrors': False, 'javaScriptEnabled': True, 'offline': False, 'reducedMotion': 'no-preference', 'serviceWorkers': 'allow', 'viewport': {'width': 1280, 'height': 720}}</msg>
<msg timestamp="20231103 16:43:08.641" level="TRACE">Return: 'context=ec4d5ab8-7888-4d4e-9a30-bb9c99572d2b'</msg>
<status status="PASS" starttime="20231103 16:43:08.628" endtime="20231103 16:43:08.641"/>
</kw>
<kw name="New Page" library="Browser">
<arg>${url}</arg>
<tag>BrowserControl</tag>
<tag>Setter</tag>
<doc>Open a new Page.</doc>
<msg timestamp="20231103 16:43:08.641" level="TRACE">Arguments: [ 'https://test4.omenahotels.com/en' ]</msg>
<msg timestamp="20231103 16:43:11.778" level="INFO">Successfully initialized new page object and opened url: https://test4.omenahotels.com/en</msg>
<msg timestamp="20231103 16:43:11.778" level="DEBUG">Video is not enabled.</msg>
<msg timestamp="20231103 16:43:11.778" level="TRACE">Return: {'page_id': 'page=5b28c40c-517e-4e7a-a03e-8d604e364aaa', 'video_path': ''}</msg>
<status status="PASS" starttime="20231103 16:43:08.641" endtime="20231103 16:43:11.778"/>
</kw>
<msg timestamp="20231103 16:43:11.779" level="TRACE">Return: None</msg>
<status status="PASS" starttime="20231103 16:43:08.164" endtime="20231103 16:43:11.779"/>
</kw>
<kw name="Allow Cookies" library="common">
<doc>Allow Cookies/Toggle Cookie allowance</doc>
<msg timestamp="20231103 16:43:11.779" level="TRACE">Arguments: [  ]</msg>
<kw name="Is Element Found" library="common">
<var>${cookieModalVisible}</var>
<arg>id=CybotCookiebotDialogBodyLevelButtonLevelOptinAllowAll</arg>
<doc>A keyword that has a very complex way of figuring out whether an
element is found or not because I had trouble with the built-in keywords
Can be solved differently if you have a better idea</doc>
<msg timestamp="20231103 16:43:11.780" level="TRACE">Arguments: [ ${selector}='id=CybotCookiebotDialogBodyLevelButtonLevelOptinAllowAll' ]</msg>
<kw name="Set Browser Timeout" library="Browser">
<arg>10s</arg>
<tag>Config</tag>
<tag>Setter</tag>
<doc>Sets the timeout used by most input and getter keywords.</doc>
<msg timestamp="20231103 16:43:11.780" level="TRACE">Arguments: [ datetime.timedelta(seconds=10) ]</msg>
<msg timestamp="20231103 16:43:11.783" level="INFO">Set timeout to: 10000</msg>
<msg timestamp="20231103 16:43:11.783" level="TRACE">Return: '30 seconds'</msg>
<status status="PASS" starttime="20231103 16:43:11.780" endtime="20231103 16:43:11.783"/>
</kw>
<try>
<branch type="TRY">
<kw name="Get Elements" library="Browser">
<var>${els}</var>
<arg>${selector}</arg>
<tag>Getter</tag>
<tag>PageContent</tag>
<doc>Returns a reference to Playwright [https://playwright.dev/docs/api/class-locator|Locator]
for all matched elements by ``selector``.</doc>
<msg timestamp="20231103 16:43:11.784" level="TRACE">Arguments: [ 'id=CybotCookiebotDialogBodyLevelButtonLevelOptinAllowAll' ]</msg>
<msg timestamp="20231103 16:43:11.845" level="INFO">Found Locator@id=CybotCookiebotDialogBodyLevelButtonLevelOptinAllowAll &gt;&gt; nth=0 Locators successfully.</msg>
<msg timestamp="20231103 16:43:11.845" level="DEBUG">["id=CybotCookiebotDialogBodyLevelButtonLevelOptinAllowAll &gt;&gt; nth=0"]</msg>
<msg timestamp="20231103 16:43:11.845" level="TRACE">Return: ['id=CybotCookiebotDialogBodyLevelButtonLevelOptinAllowAll &gt;&gt; nth=0']</msg>
<msg timestamp="20231103 16:43:11.845" level="INFO">${els} = ['id=CybotCookiebotDialogBodyLevelButtonLevelOptinAllowAll &gt;&gt; nth=0']</msg>
<status status="PASS" starttime="20231103 16:43:11.783" endtime="20231103 16:43:11.845"/>
</kw>
<kw name="Get Length" library="BuiltIn">
<var>${count}</var>
<arg>${els}</arg>
<doc>Returns and logs the length of the given item as an integer.</doc>
<msg timestamp="20231103 16:43:11.845" level="TRACE">Arguments: [ ['id=CybotCookiebotDialogBodyLevelButtonLevelOptinAllowAll &gt;&gt; nth=0'] ]</msg>
<msg timestamp="20231103 16:43:11.845" level="INFO">Length is 1</msg>
<msg timestamp="20231103 16:43:11.846" level="TRACE">Return: 1</msg>
<msg timestamp="20231103 16:43:11.846" level="INFO">${count} = 1</msg>
<status status="PASS" starttime="20231103 16:43:11.845" endtime="20231103 16:43:11.846"/>
</kw>
<if>
<branch type="IF" condition="${count} &gt; 0">
<kw name="Set Variable" library="BuiltIn">
<var>${visible}</var>
<arg>True</arg>
<doc>Returns the given values which can then be assigned to a variables.</doc>
<msg timestamp="20231103 16:43:11.846" level="TRACE">Arguments: [ 'True' ]</msg>
<msg timestamp="20231103 16:43:11.846" level="TRACE">Return: 'True'</msg>
<msg timestamp="20231103 16:43:11.846" level="INFO">${visible} = True</msg>
<status status="PASS" starttime="20231103 16:43:11.846" endtime="20231103 16:43:11.846"/>
</kw>
<status status="PASS" starttime="20231103 16:43:11.846" endtime="20231103 16:43:11.846"/>
</branch>
<branch type="ELSE">
<kw name="Set Variable" library="BuiltIn">
<var>${visible}</var>
<arg>False</arg>
<doc>Returns the given values which can then be assigned to a variables.</doc>
<status status="NOT RUN" starttime="20231103 16:43:11.846" endtime="20231103 16:43:11.846"/>
</kw>
<status status="NOT RUN" starttime="20231103 16:43:11.846" endtime="20231103 16:43:11.846"/>
</branch>
<status status="PASS" starttime="20231103 16:43:11.846" endtime="20231103 16:43:11.846"/>
</if>
<status status="PASS" starttime="20231103 16:43:11.783" endtime="20231103 16:43:11.846"/>
</branch>
<branch type="EXCEPT">
<kw name="Set Variable" library="BuiltIn">
<var>${visible}</var>
<arg>False</arg>
<doc>Returns the given values which can then be assigned to a variables.</doc>
<status status="NOT RUN" starttime="20231103 16:43:11.846" endtime="20231103 16:43:11.846"/>
</kw>
<status status="NOT RUN" starttime="20231103 16:43:11.846" endtime="20231103 16:43:11.846"/>
</branch>
<status status="PASS" starttime="20231103 16:43:11.783" endtime="20231103 16:43:11.846"/>
</try>
<kw name="Set Browser Timeout" library="Browser">
<arg>${timeout}</arg>
<tag>Config</tag>
<tag>Setter</tag>
<doc>Sets the timeout used by most input and getter keywords.</doc>
<msg timestamp="20231103 16:43:11.847" level="TRACE">Arguments: [ datetime.timedelta(seconds=30) ]</msg>
<msg timestamp="20231103 16:43:11.848" level="INFO">Set timeout to: 30000</msg>
<msg timestamp="20231103 16:43:11.848" level="TRACE">Return: '10 seconds'</msg>
<status status="PASS" starttime="20231103 16:43:11.846" endtime="20231103 16:43:11.848"/>
</kw>
<msg timestamp="20231103 16:43:11.848" level="TRACE">Return: 'True'</msg>
<msg timestamp="20231103 16:43:11.848" level="INFO">${cookieModalVisible} = True</msg>
<status status="PASS" starttime="20231103 16:43:11.779" endtime="20231103 16:43:11.848"/>
</kw>
<if>
<branch type="IF" condition="${cookieModalVisible}">
<kw name="Click" library="Browser">
<arg>id=CybotCookiebotDialogBodyLevelButtonLevelOptinAllowAll</arg>
<tag>PageContent</tag>
<tag>Setter</tag>
<doc>Simulates mouse click on the element found by ``selector``.</doc>
<msg timestamp="20231103 16:43:11.848" level="TRACE">Arguments: [ 'id=CybotCookiebotDialogBodyLevelButtonLevelOptinAllowAll' ]</msg>
<msg timestamp="20231103 16:43:11.849" level="DEBUG">Click options are: {"button": "left", "clickCount": 1, "force": false, "noWaitAfter": false, "trial": false}</msg>
<msg timestamp="20231103 16:43:11.915" level="DEBUG">Clicked element: 'id=CybotCookiebotDialogBodyLevelButtonLevelOptinAllowAll' with options: '{"button": "left", "clickCount": 1, "force": false, "noWaitAfter": false, "trial": false}' successfully.</msg>
<msg timestamp="20231103 16:43:11.915" level="TRACE">Return: None</msg>
<status status="PASS" starttime="20231103 16:43:11.848" endtime="20231103 16:43:11.915"/>
</kw>
<status status="PASS" starttime="20231103 16:43:11.848" endtime="20231103 16:43:11.915"/>
</branch>
<branch type="ELSE">
<kw name="Log" library="BuiltIn">
<arg>No Cookie Modal Visible</arg>
<doc>Logs the given message with the given level.</doc>
<status status="NOT RUN" starttime="20231103 16:43:11.915" endtime="20231103 16:43:11.915"/>
</kw>
<status status="NOT RUN" starttime="20231103 16:43:11.915" endtime="20231103 16:43:11.915"/>
</branch>
<status status="PASS" starttime="20231103 16:43:11.848" endtime="20231103 16:43:11.915"/>
</if>
<msg timestamp="20231103 16:43:11.915" level="TRACE">Return: None</msg>
<status status="PASS" starttime="20231103 16:43:11.779" endtime="20231103 16:43:11.915"/>
</kw>
<msg timestamp="20231103 16:43:11.915" level="TRACE">Return: None</msg>
<status status="PASS" starttime="20231103 16:43:08.162" endtime="20231103 16:43:11.915"/>
</kw>
<kw name="Select Hotel" library="booking">
<arg>Helsinki, Lönnrotinkatu</arg>
<doc>Select Hotel by using a number as an argument, default Lönnrotinkatu</doc>
<msg timestamp="20231103 16:43:11.916" level="TRACE">Arguments: [ ${hotel}='Helsinki, Lönnrotinkatu' ]</msg>
<if>
<branch type="IF" condition="&quot;%{ENV}&quot; == &quot;ks_test&quot;">
<kw name="Log" library="BuiltIn">
<arg>No hotel to be selected</arg>
<doc>Logs the given message with the given level.</doc>
<status status="NOT RUN" starttime="20231103 16:43:11.916" endtime="20231103 16:43:11.916"/>
</kw>
<status status="NOT RUN" starttime="20231103 16:43:11.916" endtime="20231103 16:43:11.916"/>
</branch>
<branch type="ELSE">
<kw name="Log" library="BuiltIn">
<arg>Selecting Hotel: ${hotel}</arg>
<doc>Logs the given message with the given level.</doc>
<msg timestamp="20231103 16:43:11.916" level="TRACE">Arguments: [ 'Selecting Hotel: Helsinki, Lönnrotinkatu' ]</msg>
<msg timestamp="20231103 16:43:11.916" level="INFO">Selecting Hotel: Helsinki, Lönnrotinkatu</msg>
<msg timestamp="20231103 16:43:11.916" level="TRACE">Return: None</msg>
<status status="PASS" starttime="20231103 16:43:11.916" endtime="20231103 16:43:11.916"/>
</kw>
<kw name="Click" library="Browser">
<arg>//div[contains(@data-nelson-btn, "hotels")]</arg>
<tag>PageContent</tag>
<tag>Setter</tag>
<doc>Simulates mouse click on the element found by ``selector``.</doc>
<msg timestamp="20231103 16:43:11.916" level="TRACE">Arguments: [ '//div[contains(@data-nelson-btn, "hotels")]' ]</msg>
<msg timestamp="20231103 16:43:11.916" level="DEBUG">Click options are: {"button": "left", "clickCount": 1, "force": false, "noWaitAfter": false, "trial": false}</msg>
<msg timestamp="20231103 16:43:11.986" level="DEBUG">Clicked element: '//div[contains(@data-nelson-btn, "hotels")]' with options: '{"button": "left", "clickCount": 1, "force": false, "noWaitAfter": false, "trial": false}' successfully.</msg>
<msg timestamp="20231103 16:43:11.986" level="TRACE">Return: None</msg>
<status status="PASS" starttime="20231103 16:43:11.916" endtime="20231103 16:43:11.986"/>
</kw>
<kw name="Wait Until Visible" library="common">
<arg>//a[contains(@class, 'dropdown-item') and contains(text(), '${hotel}')]</arg>
<doc>An easier keyword for waiting until an element is visible</doc>
<msg timestamp="20231103 16:43:11.987" level="TRACE">Arguments: [ ${element}="//a[contains(@class, 'dropdown-item') and contains(text(), 'Helsinki, Lönnrotinkatu')]" ]</msg>
<kw name="Wait For Elements State" library="Browser">
<arg>${element}</arg>
<arg>visible</arg>
<arg>timeout=${timeout}</arg>
<tag>PageContent</tag>
<tag>Wait</tag>
<doc>Waits for the element found by ``selector`` to satisfy state option.</doc>
<msg timestamp="20231103 16:43:11.987" level="TRACE">Arguments: [ "//a[contains(@class, 'dropdown-item') and contains(text(), 'Helsinki, Lönnrotinkatu')]" | &lt;ElementState.visible: 4&gt; | timeout=datetime.timedelta(seconds=30) ]</msg>
<msg timestamp="20231103 16:43:11.990" level="INFO">Waited for Element with selector //a[contains(@class, 'dropdown-item') and contains(text(), 'Helsinki, Lönnrotinkatu')] at state visible</msg>
<msg timestamp="20231103 16:43:11.990" level="TRACE">Return: None</msg>
<status status="PASS" starttime="20231103 16:43:11.987" endtime="20231103 16:43:11.990"/>
</kw>
<msg timestamp="20231103 16:43:11.990" level="TRACE">Return: None</msg>
<status status="PASS" starttime="20231103 16:43:11.987" endtime="20231103 16:43:11.990"/>
</kw>
<kw name="Click" library="Browser">
<arg>//a[contains(@class, 'dropdown-item') and contains(text(), '${hotel}')]</arg>
<tag>PageContent</tag>
<tag>Setter</tag>
<doc>Simulates mouse click on the element found by ``selector``.</doc>
<msg timestamp="20231103 16:43:11.990" level="TRACE">Arguments: [ "//a[contains(@class, 'dropdown-item') and contains(text(), 'Helsinki, Lönnrotinkatu')]" ]</msg>
<msg timestamp="20231103 16:43:11.991" level="DEBUG">Click options are: {"button": "left", "clickCount": 1, "force": false, "noWaitAfter": false, "trial": false}</msg>
<msg timestamp="20231103 16:43:12.159" level="DEBUG">Clicked element: '//a[contains(@class, 'dropdown-item') and contains(text(), 'Helsinki, Lönnrotinkatu')]' with options: '{"button": "left", "clickCount": 1, "force": false, "noWaitAfter": false, "trial": false}' successfully.</msg>
<msg timestamp="20231103 16:43:12.159" level="TRACE">Return: None</msg>
<status status="PASS" starttime="20231103 16:43:11.990" endtime="20231103 16:43:12.159"/>
</kw>
<kw name="Wait For Elements State" library="Browser">
<arg>//a[contains(@class, 'dropdown-item') and contains(text(), '${hotel}')]</arg>
<arg>hidden</arg>
<arg>timeout=3s</arg>
<tag>PageContent</tag>
<tag>Wait</tag>
<doc>Waits for the element found by ``selector`` to satisfy state option.</doc>
<msg timestamp="20231103 16:43:12.160" level="TRACE">Arguments: [ "//a[contains(@class, 'dropdown-item') and contains(text(), 'Helsinki, Lönnrotinkatu')]" | &lt;ElementState.hidden: 8&gt; | timeout=datetime.timedelta(seconds=3) ]</msg>
<msg timestamp="20231103 16:43:12.163" level="INFO">Waited for Element with selector //a[contains(@class, 'dropdown-item') and contains(text(), 'Helsinki, Lönnrotinkatu')] at state hidden</msg>
<msg timestamp="20231103 16:43:12.164" level="TRACE">Return: None</msg>
<status status="PASS" starttime="20231103 16:43:12.160" endtime="20231103 16:43:12.164"/>
</kw>
<status status="PASS" starttime="20231103 16:43:11.916" endtime="20231103 16:43:12.164"/>
</branch>
<status status="PASS" starttime="20231103 16:43:11.916" endtime="20231103 16:43:12.164"/>
</if>
<msg timestamp="20231103 16:43:12.164" level="TRACE">Return: None</msg>
<status status="PASS" starttime="20231103 16:43:11.915" endtime="20231103 16:43:12.164"/>
</kw>
<kw name="Select Dates" library="booking">
<msg timestamp="20231103 16:43:12.164" level="TRACE">Arguments: [  ]</msg>
<kw name="Log" library="BuiltIn">
<arg>${EMPTY}</arg>
<doc>Logs the given message with the given level.</doc>
<msg timestamp="20231103 16:43:12.165" level="TRACE">Arguments: [ '' ]</msg>
<msg timestamp="20231103 16:43:12.165" level="INFO"/>
<msg timestamp="20231103 16:43:12.165" level="TRACE">Return: None</msg>
<status status="PASS" starttime="20231103 16:43:12.164" endtime="20231103 16:43:12.165"/>
</kw>
<msg timestamp="20231103 16:43:12.165" level="TRACE">Return: None</msg>
<status status="PASS" starttime="20231103 16:43:12.164" endtime="20231103 16:43:12.165"/>
</kw>
<kw name="Select Guests" library="booking">
<doc>Selects the number of guests for the booking, current implementation will only check the dropdown</doc>
<msg timestamp="20231103 16:43:12.165" level="TRACE">Arguments: [ ${rooms}='1' | ${persons}='1' | ${children}='0' ]</msg>
<kw name="Log To Console" library="BuiltIn">
<arg>${EMPTY}</arg>
<doc>Logs the given message to the console.</doc>
<msg timestamp="20231103 16:43:12.166" level="TRACE">Arguments: [ '' ]</msg>
<msg timestamp="20231103 16:43:12.166" level="TRACE">Return: None</msg>
<status status="PASS" starttime="20231103 16:43:12.165" endtime="20231103 16:43:12.166"/>
</kw>
<msg timestamp="20231103 16:43:12.166" level="TRACE">Return: None</msg>
<status status="PASS" starttime="20231103 16:43:12.165" endtime="20231103 16:43:12.166"/>
</kw>
<kw name="Click Book or Find Rooms Button" library="booking">
<msg timestamp="20231103 16:43:12.166" level="TRACE">Arguments: [  ]</msg>
<kw name="Get Url" library="Browser">
<var>${url}</var>
<tag>Assertion</tag>
<tag>Getter</tag>
<tag>PageContent</tag>
<doc>Returns the current URL.</doc>
<msg timestamp="20231103 16:43:12.166" level="TRACE">Arguments: [  ]</msg>
<msg timestamp="20231103 16:43:12.167" level="DEBUG">https://test4.omenahotels.com/en/#</msg>
<msg timestamp="20231103 16:43:12.167" level="TRACE">Return: 'https://test4.omenahotels.com/en/#'</msg>
<msg timestamp="20231103 16:43:12.167" level="INFO">${url} = https://test4.omenahotels.com/en/#</msg>
<status status="PASS" starttime="20231103 16:43:12.166" endtime="20231103 16:43:12.167"/>
</kw>
<kw name="Check If String Contains" library="common">
<var>${booking}</var>
<arg>${url}</arg>
<arg>/booking/</arg>
<msg timestamp="20231103 16:43:12.167" level="TRACE">Arguments: [ ${string}='https://test4.omenahotels.com/en/#' | ${substring}='/booking/' ]</msg>
<kw name="Check If String Contains Substring" library="Helpers">
<var>${contains}</var>
<arg>${string}</arg>
<arg>${substring}</arg>
<msg timestamp="20231103 16:43:12.167" level="TRACE">Arguments: [ 'https://test4.omenahotels.com/en/#' | '/booking/' ]</msg>
<msg timestamp="20231103 16:43:12.167" level="TRACE">Return: False</msg>
<msg timestamp="20231103 16:43:12.167" level="INFO">${contains} = False</msg>
<status status="PASS" starttime="20231103 16:43:12.167" endtime="20231103 16:43:12.167"/>
</kw>
<msg timestamp="20231103 16:43:12.168" level="TRACE">Return: False</msg>
<msg timestamp="20231103 16:43:12.168" level="INFO">${booking} = False</msg>
<status status="PASS" starttime="20231103 16:43:12.167" endtime="20231103 16:43:12.168"/>
</kw>
<if>
<branch type="IF" condition="${booking} == True">
<kw name="Click" library="Browser">
<arg>//button[contains(@class, 'booking-form-button') and contains(text(), 'Find rooms')]</arg>
<tag>PageContent</tag>
<tag>Setter</tag>
<doc>Simulates mouse click on the element found by ``selector``.</doc>
<status status="NOT RUN" starttime="20231103 16:43:12.168" endtime="20231103 16:43:12.168"/>
</kw>
<status status="NOT RUN" starttime="20231103 16:43:12.168" endtime="20231103 16:43:12.168"/>
</branch>
<branch type="ELSE">
<kw name="Click" library="Browser">
<arg>//button[contains(@class, 'booking-form-button') and contains(text(), 'Book')]</arg>
<tag>PageContent</tag>
<tag>Setter</tag>
<doc>Simulates mouse click on the element found by ``selector``.</doc>
<msg timestamp="20231103 16:43:12.168" level="TRACE">Arguments: [ "//button[contains(@class, 'booking-form-button') and contains(text(), 'Book')]" ]</msg>
<msg timestamp="20231103 16:43:12.168" level="DEBUG">Click options are: {"button": "left", "clickCount": 1, "force": false, "noWaitAfter": false, "trial": false}</msg>
<msg timestamp="20231103 16:43:12.266" level="DEBUG">Clicked element: '//button[contains(@class, 'booking-form-button') and contains(text(), 'Book')]' with options: '{"button": "left", "clickCount": 1, "force": false, "noWaitAfter": false, "trial": false}' successfully.</msg>
<msg timestamp="20231103 16:43:12.266" level="TRACE">Return: None</msg>
<status status="PASS" starttime="20231103 16:43:12.168" endtime="20231103 16:43:12.266"/>
</kw>
<status status="PASS" starttime="20231103 16:43:12.168" endtime="20231103 16:43:12.266"/>
</branch>
<status status="PASS" starttime="20231103 16:43:12.168" endtime="20231103 16:43:12.266"/>
</if>
<msg timestamp="20231103 16:43:12.266" level="TRACE">Return: None</msg>
<status status="PASS" starttime="20231103 16:43:12.166" endtime="20231103 16:43:12.267"/>
</kw>
<kw name="Select a Standard Room" library="booking">
<msg timestamp="20231103 16:43:12.267" level="TRACE">Arguments: [  ]</msg>
<kw name="Wait Until Visible" library="common">
<arg>${btnExtras}</arg>
<doc>An easier keyword for waiting until an element is visible</doc>
<msg timestamp="20231103 16:43:12.267" level="TRACE">Arguments: [ ${element}='(//div[contains(@view,"booking")]//button[contains(text(), "Continue to extras")])[1]' ]</msg>
<kw name="Wait For Elements State" library="Browser">
<arg>${element}</arg>
<arg>visible</arg>
<arg>timeout=${timeout}</arg>
<tag>PageContent</tag>
<tag>Wait</tag>
<doc>Waits for the element found by ``selector`` to satisfy state option.</doc>
<msg timestamp="20231103 16:43:12.267" level="TRACE">Arguments: [ '(//div[contains(@view,"booking")]//button[contains(text(), "Continue to extras")])[1]' | &lt;ElementState.visible: 4&gt; | timeout=datetime.timedelta(seconds=30) ]</msg>
<msg timestamp="20231103 16:43:13.613" level="INFO">Waited for Element with selector (//div[contains(@view,"booking")]//button[contains(text(), "Continue to extras")])[1] at state visible</msg>
<msg timestamp="20231103 16:43:13.614" level="TRACE">Return: None</msg>
<status status="PASS" starttime="20231103 16:43:12.267" endtime="20231103 16:43:13.614"/>
</kw>
<msg timestamp="20231103 16:43:13.614" level="TRACE">Return: None</msg>
<status status="PASS" starttime="20231103 16:43:12.267" endtime="20231103 16:43:13.614"/>
</kw>
<kw name="Get Element States" library="Browser">
<var>${visible}</var>
<arg>//div[contains(text(), 'Select room')]</arg>
<arg>then</arg>
<arg>bool(value &amp; visible)</arg>
<tag>Assertion</tag>
<tag>Getter</tag>
<tag>PageContent</tag>
<doc>Get the active states from the element found by ``selector``.</doc>
<msg timestamp="20231103 16:43:13.614" level="TRACE">Arguments: [ "//div[contains(text(), 'Select room')]" | &lt;AssertionOperator.then: 'then'&gt; | 'bool(value &amp; visible)' ]</msg>
<msg timestamp="20231103 16:43:13.865" level="DEBUG">States: 2</msg>
<msg timestamp="20231103 16:43:13.865" level="DEBUG">Assertion polling statistics:
First element asserted in: 0.2512800693511963 seconds
Total tries: 1
Elapsed time in retries 0.0 seconds</msg>
<msg timestamp="20231103 16:43:13.865" level="TRACE">Return: False</msg>
<msg timestamp="20231103 16:43:13.865" level="INFO">${visible} = False</msg>
<status status="PASS" starttime="20231103 16:43:13.614" endtime="20231103 16:43:13.865"/>
</kw>
<kw name="Run Keyword If" library="BuiltIn">
<arg>${visible}</arg>
<arg>Select Standard and Remove Other Room Selection</arg>
<doc>Runs the given keyword with the given arguments, if ``condition`` is true.</doc>
<msg timestamp="20231103 16:43:13.866" level="TRACE">Arguments: [ False | 'Select Standard and Remove Other Room Selection' ]</msg>
<msg timestamp="20231103 16:43:13.866" level="TRACE">Return: None</msg>
<status status="PASS" starttime="20231103 16:43:13.866" endtime="20231103 16:43:13.866"/>
</kw>
<msg timestamp="20231103 16:43:13.866" level="TRACE">Return: None</msg>
<status status="PASS" starttime="20231103 16:43:12.267" endtime="20231103 16:43:13.866"/>
</kw>
<kw name="Click Continue to Extras Button" library="booking">
<doc>Clicks the continue to extras button</doc>
<msg timestamp="20231103 16:43:13.866" level="TRACE">Arguments: [  ]</msg>
<kw name="Click" library="Browser">
<arg>${btnExtras}</arg>
<tag>PageContent</tag>
<tag>Setter</tag>
<doc>Simulates mouse click on the element found by ``selector``.</doc>
<msg timestamp="20231103 16:43:13.866" level="TRACE">Arguments: [ '(//div[contains(@view,"booking")]//button[contains(text(), "Continue to extras")])[1]' ]</msg>
<msg timestamp="20231103 16:43:13.867" level="DEBUG">Click options are: {"button": "left", "clickCount": 1, "force": false, "noWaitAfter": false, "trial": false}</msg>
<msg timestamp="20231103 16:43:15.780" level="DEBUG">Clicked element: '(//div[contains(@view,"booking")]//button[contains(text(), "Continue to extras")])[1]' with options: '{"button": "left", "clickCount": 1, "force": false, "noWaitAfter": false, "trial": false}' successfully.</msg>
<msg timestamp="20231103 16:43:15.780" level="TRACE">Return: None</msg>
<status status="PASS" starttime="20231103 16:43:13.866" endtime="20231103 16:43:15.780"/>
</kw>
<kw name="Wait Until Visible" library="common">
<arg>${btnPayment}</arg>
<doc>An easier keyword for waiting until an element is visible</doc>
<msg timestamp="20231103 16:43:15.780" level="TRACE">Arguments: [ ${element}='(//div[contains(@view,"extras")]//button[contains(text(), "Continue to payment")])[1]' ]</msg>
<kw name="Wait For Elements State" library="Browser">
<arg>${element}</arg>
<arg>visible</arg>
<arg>timeout=${timeout}</arg>
<tag>PageContent</tag>
<tag>Wait</tag>
<doc>Waits for the element found by ``selector`` to satisfy state option.</doc>
<msg timestamp="20231103 16:43:15.780" level="TRACE">Arguments: [ '(//div[contains(@view,"extras")]//button[contains(text(), "Continue to payment")])[1]' | &lt;ElementState.visible: 4&gt; | timeout=datetime.timedelta(seconds=30) ]</msg>
<msg timestamp="20231103 16:43:16.620" level="INFO">Waited for Element with selector (//div[contains(@view,"extras")]//button[contains(text(), "Continue to payment")])[1] at state visible</msg>
<msg timestamp="20231103 16:43:16.620" level="TRACE">Return: None</msg>
<status status="PASS" starttime="20231103 16:43:15.780" endtime="20231103 16:43:16.620"/>
</kw>
<msg timestamp="20231103 16:43:16.621" level="TRACE">Return: None</msg>
<status status="PASS" starttime="20231103 16:43:15.780" endtime="20231103 16:43:16.621"/>
</kw>
<msg timestamp="20231103 16:43:16.621" level="TRACE">Return: None</msg>
<status status="PASS" starttime="20231103 16:43:13.866" endtime="20231103 16:43:16.621"/>
</kw>
<kw name="Click Continue to Payment" library="booking">
<msg timestamp="20231103 16:43:16.621" level="TRACE">Arguments: [  ]</msg>
<kw name="Click First Element Found" library="common">
<arg>//div[@class='css-1t415z1']//button[@type='button'][normalize-space()='Continue to payment']</arg>
<msg timestamp="20231103 16:43:16.621" level="TRACE">Arguments: [ ${xpath}="//div[@class='css-1t415z1']//button[@type='button'][normalize-space()='Continue to payment']" ]</msg>
<kw name="Get Elements" library="Browser">
<var>${elements}</var>
<arg>${xpath}</arg>
<tag>Getter</tag>
<tag>PageContent</tag>
<doc>Returns a reference to Playwright [https://playwright.dev/docs/api/class-locator|Locator]
for all matched elements by ``selector``.</doc>
<msg timestamp="20231103 16:43:16.621" level="TRACE">Arguments: [ "//div[@class='css-1t415z1']//button[@type='button'][normalize-space()='Continue to payment']" ]</msg>
<msg timestamp="20231103 16:43:16.628" level="INFO">Found Locator@//div[@class='css-1t415z1']//button[@type='button'][normalize-space()='Continue to payment'] &gt;&gt; nth=0 Locators successfully.</msg>
<msg timestamp="20231103 16:43:16.628" level="DEBUG">["//div[@class='css-1t415z1']//button[@type='button'][normalize-space()='Continue to payment'] &gt;&gt; nth=0"]</msg>
<msg timestamp="20231103 16:43:16.628" level="TRACE">Return: ["//div[@class='css-1t415z1']//button[@type='button'][normalize-space()='Continue to payment'] &gt;&gt; nth=0"]</msg>
<msg timestamp="20231103 16:43:16.628" level="INFO">${elements} = ["//div[@class='css-1t415z1']//button[@type='button'][normalize-space()='Continue to payment'] &gt;&gt; nth=0"]</msg>
<status status="PASS" starttime="20231103 16:43:16.621" endtime="20231103 16:43:16.628"/>
</kw>
<kw name="Set Variable" library="BuiltIn">
<var>${first_element}</var>
<arg>${elements}[0]</arg>
<doc>Returns the given values which can then be assigned to a variables.</doc>
<msg timestamp="20231103 16:43:16.628" level="TRACE">Arguments: [ "//div[@class='css-1t415z1']//button[@type='button'][normalize-space()='Continue to payment'] &gt;&gt; nth=0" ]</msg>
<msg timestamp="20231103 16:43:16.628" level="TRACE">Return: "//div[@class='css-1t415z1']//button[@type='button'][normalize-space()='Continue to payment'] &gt;&gt; nth=0"</msg>
<msg timestamp="20231103 16:43:16.628" level="INFO">${first_element} = //div[@class='css-1t415z1']//button[@type='button'][normalize-space()='Continue to payment'] &gt;&gt; nth=0</msg>
<status status="PASS" starttime="20231103 16:43:16.628" endtime="20231103 16:43:16.628"/>
</kw>
<kw name="Click" library="Browser">
<arg>${first_element}</arg>
<tag>PageContent</tag>
<tag>Setter</tag>
<doc>Simulates mouse click on the element found by ``selector``.</doc>
<msg timestamp="20231103 16:43:16.628" level="TRACE">Arguments: [ "//div[@class='css-1t415z1']//button[@type='button'][normalize-space()='Continue to payment'] &gt;&gt; nth=0" ]</msg>
<msg timestamp="20231103 16:43:16.629" level="DEBUG">Click options are: {"button": "left", "clickCount": 1, "force": false, "noWaitAfter": false, "trial": false}</msg>
<msg timestamp="20231103 16:43:16.695" level="DEBUG">Clicked element: '//div[@class='css-1t415z1']//button[@type='button'][normalize-space()='Continue to payment'] &gt;&gt; nth=0' with options: '{"button": "left", "clickCount": 1, "force": false, "noWaitAfter": false, "trial": false}' successfully.</msg>
<msg timestamp="20231103 16:43:16.695" level="TRACE">Return: None</msg>
<status status="PASS" starttime="20231103 16:43:16.628" endtime="20231103 16:43:16.695"/>
</kw>
<msg timestamp="20231103 16:43:16.695" level="TRACE">Return: None</msg>
<status status="PASS" starttime="20231103 16:43:16.621" endtime="20231103 16:43:16.695"/>
</kw>
<msg timestamp="20231103 16:43:16.695" level="TRACE">Return: None</msg>
<status status="PASS" starttime="20231103 16:43:16.621" endtime="20231103 16:43:16.695"/>
</kw>
<kw name="Check Regular Rate 2" library="booking">
<msg timestamp="20231103 16:43:16.695" level="TRACE">Arguments: [  ]</msg>
<kw name="Check Regular Rate" library="booking">
<msg timestamp="20231103 16:43:16.695" level="TRACE">Arguments: [  ]</msg>
<kw name="Click" library="Browser">
<arg>//p[contains(text(),'Continue with regular rate')]</arg>
<tag>PageContent</tag>
<tag>Setter</tag>
<doc>Simulates mouse click on the element found by ``selector``.</doc>
<msg timestamp="20231103 16:43:16.695" level="TRACE">Arguments: [ "//p[contains(text(),'Continue with regular rate')]" ]</msg>
<msg timestamp="20231103 16:43:16.696" level="DEBUG">Click options are: {"button": "left", "clickCount": 1, "force": false, "noWaitAfter": false, "trial": false}</msg>
<msg timestamp="20231103 16:43:17.610" level="DEBUG">Clicked element: '//p[contains(text(),'Continue with regular rate')]' with options: '{"button": "left", "clickCount": 1, "force": false, "noWaitAfter": false, "trial": false}' successfully.</msg>
<msg timestamp="20231103 16:43:17.610" level="TRACE">Return: None</msg>
<status status="PASS" starttime="20231103 16:43:16.695" endtime="20231103 16:43:17.610"/>
</kw>
<kw name="Wait Until Visible" library="common">
<arg>//div//*[normalize-space()='Continue with regular rate']/following-sibling::div[@data-checked]</arg>
<doc>An easier keyword for waiting until an element is visible</doc>
<msg timestamp="20231103 16:43:17.610" level="TRACE">Arguments: [ ${element}="//div//*[normalize-space()='Continue with regular rate']/following-sibling::div[@data-checked]" ]</msg>
<kw name="Wait For Elements State" library="Browser">
<arg>${element}</arg>
<arg>visible</arg>
<arg>timeout=${timeout}</arg>
<tag>PageContent</tag>
<tag>Wait</tag>
<doc>Waits for the element found by ``selector`` to satisfy state option.</doc>
<msg timestamp="20231103 16:43:17.611" level="TRACE">Arguments: [ "//div//*[normalize-space()='Continue with regular rate']/following-sibling::div[@data-checked]" | &lt;ElementState.visible: 4&gt; | timeout=datetime.timedelta(seconds=30) ]</msg>
<msg timestamp="20231103 16:43:17.615" level="INFO">Waited for Element with selector //div//*[normalize-space()='Continue with regular rate']/following-sibling::div[@data-checked] at state visible</msg>
<msg timestamp="20231103 16:43:17.615" level="TRACE">Return: None</msg>
<status status="PASS" starttime="20231103 16:43:17.611" endtime="20231103 16:43:17.615"/>
</kw>
<msg timestamp="20231103 16:43:17.615" level="TRACE">Return: None</msg>
<status status="PASS" starttime="20231103 16:43:17.610" endtime="20231103 16:43:17.615"/>
</kw>
<msg timestamp="20231103 16:43:17.616" level="TRACE">Return: None</msg>
<status status="PASS" starttime="20231103 16:43:16.695" endtime="20231103 16:43:17.616"/>
</kw>
<kw name="Check Join as Member" library="booking">
<msg timestamp="20231103 16:43:17.616" level="TRACE">Arguments: [  ]</msg>
<kw name="Click" library="Browser">
<arg>//p[contains(text(),'Join for free and')]</arg>
<tag>PageContent</tag>
<tag>Setter</tag>
<doc>Simulates mouse click on the element found by ``selector``.</doc>
<msg timestamp="20231103 16:43:17.616" level="TRACE">Arguments: [ "//p[contains(text(),'Join for free and')]" ]</msg>
<msg timestamp="20231103 16:43:17.616" level="DEBUG">Click options are: {"button": "left", "clickCount": 1, "force": false, "noWaitAfter": false, "trial": false}</msg>
<msg timestamp="20231103 16:43:17.740" level="DEBUG">Clicked element: '//p[contains(text(),'Join for free and')]' with options: '{"button": "left", "clickCount": 1, "force": false, "noWaitAfter": false, "trial": false}' successfully.</msg>
<msg timestamp="20231103 16:43:17.740" level="TRACE">Return: None</msg>
<status status="PASS" starttime="20231103 16:43:17.616" endtime="20231103 16:43:17.740"/>
</kw>
<kw name="Wait Until Visible" library="common">
<arg>//div//*[normalize-space()='Join for free and get the member rate']/following-sibling::div[@data-checked]</arg>
<doc>An easier keyword for waiting until an element is visible</doc>
<msg timestamp="20231103 16:43:17.741" level="TRACE">Arguments: [ ${element}="//div//*[normalize-space()='Join for free and get the member rate']/following-sibling::div[@data-checked]" ]</msg>
<kw name="Wait For Elements State" library="Browser">
<arg>${element}</arg>
<arg>visible</arg>
<arg>timeout=${timeout}</arg>
<tag>PageContent</tag>
<tag>Wait</tag>
<doc>Waits for the element found by ``selector`` to satisfy state option.</doc>
<msg timestamp="20231103 16:43:17.741" level="TRACE">Arguments: [ "//div//*[normalize-space()='Join for free and get the member rate']/following-sibling::div[@data-checked]" | &lt;ElementState.visible: 4&gt; | timeout=datetime.timedelta(seconds=30) ]</msg>
<msg timestamp="20231103 16:43:17.745" level="INFO">Waited for Element with selector //div//*[normalize-space()='Join for free and get the member rate']/following-sibling::div[@data-checked] at state visible</msg>
<msg timestamp="20231103 16:43:17.746" level="TRACE">Return: None</msg>
<status status="PASS" starttime="20231103 16:43:17.741" endtime="20231103 16:43:17.746"/>
</kw>
<msg timestamp="20231103 16:43:17.746" level="TRACE">Return: None</msg>
<status status="PASS" starttime="20231103 16:43:17.740" endtime="20231103 16:43:17.746"/>
</kw>
<msg timestamp="20231103 16:43:17.746" level="TRACE">Return: None</msg>
<status status="PASS" starttime="20231103 16:43:17.616" endtime="20231103 16:43:17.746"/>
</kw>
<kw name="Check Regular Rate" library="booking">
<msg timestamp="20231103 16:43:17.746" level="TRACE">Arguments: [  ]</msg>
<kw name="Click" library="Browser">
<arg>//p[contains(text(),'Continue with regular rate')]</arg>
<tag>PageContent</tag>
<tag>Setter</tag>
<doc>Simulates mouse click on the element found by ``selector``.</doc>
<msg timestamp="20231103 16:43:17.746" level="TRACE">Arguments: [ "//p[contains(text(),'Continue with regular rate')]" ]</msg>
<msg timestamp="20231103 16:43:17.746" level="DEBUG">Click options are: {"button": "left", "clickCount": 1, "force": false, "noWaitAfter": false, "trial": false}</msg>
<msg timestamp="20231103 16:43:17.842" level="DEBUG">Clicked element: '//p[contains(text(),'Continue with regular rate')]' with options: '{"button": "left", "clickCount": 1, "force": false, "noWaitAfter": false, "trial": false}' successfully.</msg>
<msg timestamp="20231103 16:43:17.842" level="TRACE">Return: None</msg>
<status status="PASS" starttime="20231103 16:43:17.746" endtime="20231103 16:43:17.842"/>
</kw>
<kw name="Wait Until Visible" library="common">
<arg>//div//*[normalize-space()='Continue with regular rate']/following-sibling::div[@data-checked]</arg>
<doc>An easier keyword for waiting until an element is visible</doc>
<msg timestamp="20231103 16:43:17.842" level="TRACE">Arguments: [ ${element}="//div//*[normalize-space()='Continue with regular rate']/following-sibling::div[@data-checked]" ]</msg>
<kw name="Wait For Elements State" library="Browser">
<arg>${element}</arg>
<arg>visible</arg>
<arg>timeout=${timeout}</arg>
<tag>PageContent</tag>
<tag>Wait</tag>
<doc>Waits for the element found by ``selector`` to satisfy state option.</doc>
<msg timestamp="20231103 16:43:17.843" level="TRACE">Arguments: [ "//div//*[normalize-space()='Continue with regular rate']/following-sibling::div[@data-checked]" | &lt;ElementState.visible: 4&gt; | timeout=datetime.timedelta(seconds=30) ]</msg>
<msg timestamp="20231103 16:43:17.847" level="INFO">Waited for Element with selector //div//*[normalize-space()='Continue with regular rate']/following-sibling::div[@data-checked] at state visible</msg>
<msg timestamp="20231103 16:43:17.847" level="TRACE">Return: None</msg>
<status status="PASS" starttime="20231103 16:43:17.843" endtime="20231103 16:43:17.847"/>
</kw>
<msg timestamp="20231103 16:43:17.847" level="TRACE">Return: None</msg>
<status status="PASS" starttime="20231103 16:43:17.842" endtime="20231103 16:43:17.847"/>
</kw>
<msg timestamp="20231103 16:43:17.847" level="TRACE">Return: None</msg>
<status status="PASS" starttime="20231103 16:43:17.746" endtime="20231103 16:43:17.847"/>
</kw>
<kw name="Check Join as Member" library="booking">
<msg timestamp="20231103 16:43:17.847" level="TRACE">Arguments: [  ]</msg>
<kw name="Click" library="Browser">
<arg>//p[contains(text(),'Join for free and')]</arg>
<tag>PageContent</tag>
<tag>Setter</tag>
<doc>Simulates mouse click on the element found by ``selector``.</doc>
<msg timestamp="20231103 16:43:17.848" level="TRACE">Arguments: [ "//p[contains(text(),'Join for free and')]" ]</msg>
<msg timestamp="20231103 16:43:17.848" level="DEBUG">Click options are: {"button": "left", "clickCount": 1, "force": false, "noWaitAfter": false, "trial": false}</msg>
<msg timestamp="20231103 16:43:17.927" level="DEBUG">Clicked element: '//p[contains(text(),'Join for free and')]' with options: '{"button": "left", "clickCount": 1, "force": false, "noWaitAfter": false, "trial": false}' successfully.</msg>
<msg timestamp="20231103 16:43:17.927" level="TRACE">Return: None</msg>
<status status="PASS" starttime="20231103 16:43:17.848" endtime="20231103 16:43:17.927"/>
</kw>
<kw name="Wait Until Visible" library="common">
<arg>//div//*[normalize-space()='Join for free and get the member rate']/following-sibling::div[@data-checked]</arg>
<doc>An easier keyword for waiting until an element is visible</doc>
<msg timestamp="20231103 16:43:17.927" level="TRACE">Arguments: [ ${element}="//div//*[normalize-space()='Join for free and get the member rate']/following-sibling::div[@data-checked]" ]</msg>
<kw name="Wait For Elements State" library="Browser">
<arg>${element}</arg>
<arg>visible</arg>
<arg>timeout=${timeout}</arg>
<tag>PageContent</tag>
<tag>Wait</tag>
<doc>Waits for the element found by ``selector`` to satisfy state option.</doc>
<msg timestamp="20231103 16:43:17.928" level="TRACE">Arguments: [ "//div//*[normalize-space()='Join for free and get the member rate']/following-sibling::div[@data-checked]" | &lt;ElementState.visible: 4&gt; | timeout=datetime.timedelta(seconds=30) ]</msg>
<msg timestamp="20231103 16:43:17.932" level="INFO">Waited for Element with selector //div//*[normalize-space()='Join for free and get the member rate']/following-sibling::div[@data-checked] at state visible</msg>
<msg timestamp="20231103 16:43:17.932" level="TRACE">Return: None</msg>
<status status="PASS" starttime="20231103 16:43:17.927" endtime="20231103 16:43:17.932"/>
</kw>
<msg timestamp="20231103 16:43:17.932" level="TRACE">Return: None</msg>
<status status="PASS" starttime="20231103 16:43:17.927" endtime="20231103 16:43:17.932"/>
</kw>
<msg timestamp="20231103 16:43:17.932" level="TRACE">Return: None</msg>
<status status="PASS" starttime="20231103 16:43:17.847" endtime="20231103 16:43:17.932"/>
</kw>
<kw name="Check Regular Rate" library="booking">
<msg timestamp="20231103 16:43:17.932" level="TRACE">Arguments: [  ]</msg>
<kw name="Click" library="Browser">
<arg>//p[contains(text(),'Continue with regular rate')]</arg>
<tag>PageContent</tag>
<tag>Setter</tag>
<doc>Simulates mouse click on the element found by ``selector``.</doc>
<msg timestamp="20231103 16:43:17.932" level="TRACE">Arguments: [ "//p[contains(text(),'Continue with regular rate')]" ]</msg>
<msg timestamp="20231103 16:43:17.933" level="DEBUG">Click options are: {"button": "left", "clickCount": 1, "force": false, "noWaitAfter": false, "trial": false}</msg>
<msg timestamp="20231103 16:43:18.034" level="DEBUG">Clicked element: '//p[contains(text(),'Continue with regular rate')]' with options: '{"button": "left", "clickCount": 1, "force": false, "noWaitAfter": false, "trial": false}' successfully.</msg>
<msg timestamp="20231103 16:43:18.034" level="TRACE">Return: None</msg>
<status status="PASS" starttime="20231103 16:43:17.932" endtime="20231103 16:43:18.034"/>
</kw>
<kw name="Wait Until Visible" library="common">
<arg>//div//*[normalize-space()='Continue with regular rate']/following-sibling::div[@data-checked]</arg>
<doc>An easier keyword for waiting until an element is visible</doc>
<msg timestamp="20231103 16:43:18.035" level="TRACE">Arguments: [ ${element}="//div//*[normalize-space()='Continue with regular rate']/following-sibling::div[@data-checked]" ]</msg>
<kw name="Wait For Elements State" library="Browser">
<arg>${element}</arg>
<arg>visible</arg>
<arg>timeout=${timeout}</arg>
<tag>PageContent</tag>
<tag>Wait</tag>
<doc>Waits for the element found by ``selector`` to satisfy state option.</doc>
<msg timestamp="20231103 16:43:18.035" level="TRACE">Arguments: [ "//div//*[normalize-space()='Continue with regular rate']/following-sibling::div[@data-checked]" | &lt;ElementState.visible: 4&gt; | timeout=datetime.timedelta(seconds=30) ]</msg>
<msg timestamp="20231103 16:43:18.066" level="INFO">Waited for Element with selector //div//*[normalize-space()='Continue with regular rate']/following-sibling::div[@data-checked] at state visible</msg>
<msg timestamp="20231103 16:43:18.066" level="TRACE">Return: None</msg>
<status status="PASS" starttime="20231103 16:43:18.035" endtime="20231103 16:43:18.067"/>
</kw>
<msg timestamp="20231103 16:43:18.067" level="TRACE">Return: None</msg>
<status status="PASS" starttime="20231103 16:43:18.035" endtime="20231103 16:43:18.067"/>
</kw>
<msg timestamp="20231103 16:43:18.067" level="TRACE">Return: None</msg>
<status status="PASS" starttime="20231103 16:43:17.932" endtime="20231103 16:43:18.067"/>
</kw>
<msg timestamp="20231103 16:43:18.067" level="TRACE">Return: None</msg>
<status status="PASS" starttime="20231103 16:43:16.695" endtime="20231103 16:43:18.067"/>
</kw>
<kw name="Fill in Contact Information" library="booking">
<doc>Fills in Contact information that can be given as arguments or use default values
Uses a password if the environment is bui and</doc>
<msg timestamp="20231103 16:43:18.067" level="TRACE">Arguments: [ ${firstName}='Mos' | ${lastName}='Def' | ${phone}='401705972' | ${ssn}='170479-371J' | ${env}='bui' ]</msg>
<kw name="Create Email and Return Inbox" library="common">
<var>${inbox}</var>
<doc>Creates a new email address and returns the inbox object</doc>
<msg timestamp="20231103 16:43:18.067" level="TRACE">Arguments: [  ]</msg>
<kw name="Create new Inbox" library="MailSlurp">
<var>${inbox}</var>
<msg timestamp="20231103 16:43:18.068" level="TRACE">Arguments: [  ]</msg>
<msg timestamp="20231103 16:43:19.214" level="INFO">Debug Config
&lt;mailslurp_client.configuration.Configuration object at 0x107558eb0&gt;
{'created_at': datetime.datetime(2023, 11, 3, 14, 43, 18, 970000, tzinfo=tzutc()),
 'description': None,
 'domain_id': None,
 'email_address': '027a8d80-30bd-4031-baed-c9292d6e7b45@mailslurp.com',
 'expires_at': None,
 'favourite': False,
 'id': '027a8d80-30bd-4031-baed-c9292d6e7b45',
 'inbox_type': 'HTTP_INBOX',
 'name': None,
 'read_only': False,
 'tags': None,
 'user_id': 'a2f48756-8279-471d-bb55-980a32334d37',
 'virtual_inbox': False}
&lt;MailSlurp.MailSlurp object at 0x107558df0&gt;</msg>
<msg timestamp="20231103 16:43:19.214" level="TRACE">Return: {'created_at': datetime.datetime(2023, 11, 3, 14, 43, 18, 970000, tzinfo=tzutc()),
 'description': None,
 'domain_id': None,
 'email_address': '027a8d80-30bd-4031-baed-c9292d6e7b45@mailslurp.com',
 'expires_at': None,
 'favourite': False,
 'id': '027a8d80-30bd-4031-baed-c9292d6e7b45',
 'inbox_type': 'HTTP_INBOX',
 'name': None,
 'read_only': False,
 'tags': None,
 'user_id': 'a2f48756-8279-471d-bb55-980a32334d37',
 'virtual_inbox': False}</msg>
<msg timestamp="20231103 16:43:19.214" level="INFO">${inbox} = {'created_at': datetime.datetime(2023, 11, 3, 14, 43, 18, 970000, tzinfo=tzutc()),
 'description': None,
 'domain_id': None,
 'email_address': '027a8d80-30bd-4031-baed-c9292d6e7b45@mailslurp.com',
 'e...</msg>
<status status="PASS" starttime="20231103 16:43:18.068" endtime="20231103 16:43:19.214"/>
</kw>
<kw name="Log To Console" library="BuiltIn">
<arg>${inbox.id}</arg>
<doc>Logs the given message to the console.</doc>
<msg timestamp="20231103 16:43:19.216" level="TRACE">Arguments: [ '027a8d80-30bd-4031-baed-c9292d6e7b45' ]</msg>
<msg timestamp="20231103 16:43:19.216" level="TRACE">Return: None</msg>
<status status="PASS" starttime="20231103 16:43:19.214" endtime="20231103 16:43:19.216"/>
</kw>
<msg timestamp="20231103 16:43:19.216" level="TRACE">Return: {'created_at': datetime.datetime(2023, 11, 3, 14, 43, 18, 970000, tzinfo=tzutc()),
 'description': None,
 'domain_id': None,
 'email_address': '027a8d80-30bd-4031-baed-c9292d6e7b45@mailslurp.com',
 'expires_at': None,
 'favourite': False,
 'id': '027a8d80-30bd-4031-baed-c9292d6e7b45',
 'inbox_type': 'HTTP_INBOX',
 'name': None,
 'read_only': False,
 'tags': None,
 'user_id': 'a2f48756-8279-471d-bb55-980a32334d37',
 'virtual_inbox': False}</msg>
<msg timestamp="20231103 16:43:19.217" level="INFO">${inbox} = {'created_at': datetime.datetime(2023, 11, 3, 14, 43, 18, 970000, tzinfo=tzutc()),
 'description': None,
 'domain_id': None,
 'email_address': '027a8d80-30bd-4031-baed-c9292d6e7b45@mailslurp.com',
 'e...</msg>
<status status="PASS" starttime="20231103 16:43:18.067" endtime="20231103 16:43:19.217"/>
</kw>
<kw name="Click and Fill" library="common">
<arg>id=firstName</arg>
<arg>${firstName}</arg>
<doc>A keyword combination of Click and Fill Text since most of the form fields need a click</doc>
<msg timestamp="20231103 16:43:19.217" level="TRACE">Arguments: [ ${selector}='id=firstName' | ${text}='Mos' ]</msg>
<kw name="Click" library="Browser">
<arg>${selector}</arg>
<tag>PageContent</tag>
<tag>Setter</tag>
<doc>Simulates mouse click on the element found by ``selector``.</doc>
<msg timestamp="20231103 16:43:19.218" level="TRACE">Arguments: [ 'id=firstName' ]</msg>
<msg timestamp="20231103 16:43:19.219" level="DEBUG">Click options are: {"button": "left", "clickCount": 1, "force": false, "noWaitAfter": false, "trial": false}</msg>
<msg timestamp="20231103 16:43:19.264" level="DEBUG">Clicked element: 'id=firstName' with options: '{"button": "left", "clickCount": 1, "force": false, "noWaitAfter": false, "trial": false}' successfully.</msg>
<msg timestamp="20231103 16:43:19.264" level="TRACE">Return: None</msg>
<status status="PASS" starttime="20231103 16:43:19.217" endtime="20231103 16:43:19.264"/>
</kw>
<kw name="Fill Text" library="Browser">
<arg>${selector}</arg>
<arg>${text}</arg>
<tag>PageContent</tag>
<tag>Setter</tag>
<doc>Clears and fills the given ``txt`` into the text field found by ``selector``.</doc>
<msg timestamp="20231103 16:43:19.265" level="TRACE">Arguments: [ 'id=firstName' | 'Mos' ]</msg>
<msg timestamp="20231103 16:43:19.265" level="INFO">Fills the text 'Mos' in the given field.</msg>
<msg timestamp="20231103 16:43:19.296" level="DEBUG">Fill text Mos on id=firstName with force: false</msg>
<msg timestamp="20231103 16:43:19.296" level="TRACE">Return: None</msg>
<status status="PASS" starttime="20231103 16:43:19.264" endtime="20231103 16:43:19.296"/>
</kw>
<msg timestamp="20231103 16:43:19.297" level="TRACE">Return: None</msg>
<status status="PASS" starttime="20231103 16:43:19.217" endtime="20231103 16:43:19.297"/>
</kw>
<kw name="Click and Fill" library="common">
<arg>id=lastName</arg>
<arg>${lastName}</arg>
<doc>A keyword combination of Click and Fill Text since most of the form fields need a click</doc>
<msg timestamp="20231103 16:43:19.297" level="TRACE">Arguments: [ ${selector}='id=lastName' | ${text}='Def' ]</msg>
<kw name="Click" library="Browser">
<arg>${selector}</arg>
<tag>PageContent</tag>
<tag>Setter</tag>
<doc>Simulates mouse click on the element found by ``selector``.</doc>
<msg timestamp="20231103 16:43:19.297" level="TRACE">Arguments: [ 'id=lastName' ]</msg>
<msg timestamp="20231103 16:43:19.297" level="DEBUG">Click options are: {"button": "left", "clickCount": 1, "force": false, "noWaitAfter": false, "trial": false}</msg>
<msg timestamp="20231103 16:43:19.379" level="DEBUG">Clicked element: 'id=lastName' with options: '{"button": "left", "clickCount": 1, "force": false, "noWaitAfter": false, "trial": false}' successfully.</msg>
<msg timestamp="20231103 16:43:19.379" level="TRACE">Return: None</msg>
<status status="PASS" starttime="20231103 16:43:19.297" endtime="20231103 16:43:19.379"/>
</kw>
<kw name="Fill Text" library="Browser">
<arg>${selector}</arg>
<arg>${text}</arg>
<tag>PageContent</tag>
<tag>Setter</tag>
<doc>Clears and fills the given ``txt`` into the text field found by ``selector``.</doc>
<msg timestamp="20231103 16:43:19.379" level="TRACE">Arguments: [ 'id=lastName' | 'Def' ]</msg>
<msg timestamp="20231103 16:43:19.379" level="INFO">Fills the text 'Def' in the given field.</msg>
<msg timestamp="20231103 16:43:19.397" level="DEBUG">Fill text Def on id=lastName with force: false</msg>
<msg timestamp="20231103 16:43:19.397" level="TRACE">Return: None</msg>
<status status="PASS" starttime="20231103 16:43:19.379" endtime="20231103 16:43:19.397"/>
</kw>
<msg timestamp="20231103 16:43:19.397" level="TRACE">Return: None</msg>
<status status="PASS" starttime="20231103 16:43:19.297" endtime="20231103 16:43:19.397"/>
</kw>
<kw name="Click and Fill" library="common">
<arg>id=email</arg>
<arg>${inbox.email_address}</arg>
<doc>A keyword combination of Click and Fill Text since most of the form fields need a click</doc>
<msg timestamp="20231103 16:43:19.398" level="TRACE">Arguments: [ ${selector}='id=email' | ${text}='027a8d80-30bd-4031-baed-c9292d6e7b45@mailslurp.com' ]</msg>
<kw name="Click" library="Browser">
<arg>${selector}</arg>
<tag>PageContent</tag>
<tag>Setter</tag>
<doc>Simulates mouse click on the element found by ``selector``.</doc>
<msg timestamp="20231103 16:43:19.398" level="TRACE">Arguments: [ 'id=email' ]</msg>
<msg timestamp="20231103 16:43:19.399" level="DEBUG">Click options are: {"button": "left", "clickCount": 1, "force": false, "noWaitAfter": false, "trial": false}</msg>
<msg timestamp="20231103 16:43:19.477" level="DEBUG">Clicked element: 'id=email' with options: '{"button": "left", "clickCount": 1, "force": false, "noWaitAfter": false, "trial": false}' successfully.</msg>
<msg timestamp="20231103 16:43:19.477" level="TRACE">Return: None</msg>
<status status="PASS" starttime="20231103 16:43:19.398" endtime="20231103 16:43:19.477"/>
</kw>
<kw name="Fill Text" library="Browser">
<arg>${selector}</arg>
<arg>${text}</arg>
<tag>PageContent</tag>
<tag>Setter</tag>
<doc>Clears and fills the given ``txt`` into the text field found by ``selector``.</doc>
<msg timestamp="20231103 16:43:19.477" level="TRACE">Arguments: [ 'id=email' | '027a8d80-30bd-4031-baed-c9292d6e7b45@mailslurp.com' ]</msg>
<msg timestamp="20231103 16:43:19.477" level="INFO">Fills the text '027a8d80-30bd-4031-baed-c9292d6e7b45@mailslurp.com' in the given field.</msg>
<msg timestamp="20231103 16:43:19.496" level="DEBUG">Fill text 027a8d80-30bd-4031-baed-c9292d6e7b45@mailslurp.com on id=email with force: false</msg>
<msg timestamp="20231103 16:43:19.496" level="TRACE">Return: None</msg>
<status status="PASS" starttime="20231103 16:43:19.477" endtime="20231103 16:43:19.496"/>
</kw>
<msg timestamp="20231103 16:43:19.496" level="TRACE">Return: None</msg>
<status status="PASS" starttime="20231103 16:43:19.397" endtime="20231103 16:43:19.496"/>
</kw>
<kw name="Get Url" library="Browser">
<var>${u}</var>
<tag>Assertion</tag>
<tag>Getter</tag>
<tag>PageContent</tag>
<doc>Returns the current URL.</doc>
<msg timestamp="20231103 16:43:19.496" level="TRACE">Arguments: [  ]</msg>
<msg timestamp="20231103 16:43:19.497" level="DEBUG">https://test4.omenahotels.com/en/booking/#/payment</msg>
<msg timestamp="20231103 16:43:19.497" level="TRACE">Return: 'https://test4.omenahotels.com/en/booking/#/payment'</msg>
<msg timestamp="20231103 16:43:19.497" level="INFO">${u} = https://test4.omenahotels.com/en/booking/#/payment</msg>
<status status="PASS" starttime="20231103 16:43:19.496" endtime="20231103 16:43:19.497"/>
</kw>
<kw name="Get Environment From Url" library="Helpers">
<var>${e}</var>
<arg>${u}</arg>
<msg timestamp="20231103 16:43:19.498" level="TRACE">Arguments: [ 'https://test4.omenahotels.com/en/booking/#/payment' ]</msg>
<msg timestamp="20231103 16:43:19.498" level="TRACE">Return: 'test4'</msg>
<msg timestamp="20231103 16:43:19.498" level="INFO">${e} = test4</msg>
<status status="PASS" starttime="20231103 16:43:19.498" endtime="20231103 16:43:19.498"/>
</kw>
<if>
<branch type="IF" condition="'${e}' == 'test-kensington'">
<kw name="Click and Fill" library="common">
<arg>id=phoneNumber</arg>
<arg>${phone.uk}</arg>
<doc>A keyword combination of Click and Fill Text since most of the form fields need a click</doc>
<status status="NOT RUN" starttime="20231103 16:43:19.498" endtime="20231103 16:43:19.498"/>
</kw>
<status status="NOT RUN" starttime="20231103 16:43:19.498" endtime="20231103 16:43:19.498"/>
</branch>
<branch type="ELSE">
<kw name="Click and Fill" library="common">
<arg>id=phoneNumber</arg>
<arg>${phone}</arg>
<doc>A keyword combination of Click and Fill Text since most of the form fields need a click</doc>
<msg timestamp="20231103 16:43:19.498" level="TRACE">Arguments: [ ${selector}='id=phoneNumber' | ${text}='401705972' ]</msg>
<kw name="Click" library="Browser">
<arg>${selector}</arg>
<tag>PageContent</tag>
<tag>Setter</tag>
<doc>Simulates mouse click on the element found by ``selector``.</doc>
<msg timestamp="20231103 16:43:19.498" level="TRACE">Arguments: [ 'id=phoneNumber' ]</msg>
<msg timestamp="20231103 16:43:19.499" level="DEBUG">Click options are: {"button": "left", "clickCount": 1, "force": false, "noWaitAfter": false, "trial": false}</msg>
<msg timestamp="20231103 16:43:19.574" level="DEBUG">Clicked element: 'id=phoneNumber' with options: '{"button": "left", "clickCount": 1, "force": false, "noWaitAfter": false, "trial": false}' successfully.</msg>
<msg timestamp="20231103 16:43:19.575" level="TRACE">Return: None</msg>
<status status="PASS" starttime="20231103 16:43:19.498" endtime="20231103 16:43:19.575"/>
</kw>
<kw name="Fill Text" library="Browser">
<arg>${selector}</arg>
<arg>${text}</arg>
<tag>PageContent</tag>
<tag>Setter</tag>
<doc>Clears and fills the given ``txt`` into the text field found by ``selector``.</doc>
<msg timestamp="20231103 16:43:19.575" level="TRACE">Arguments: [ 'id=phoneNumber' | '401705972' ]</msg>
<msg timestamp="20231103 16:43:19.575" level="INFO">Fills the text '401705972' in the given field.</msg>
<msg timestamp="20231103 16:43:19.583" level="DEBUG">Fill text 401705972 on id=phoneNumber with force: false</msg>
<msg timestamp="20231103 16:43:19.583" level="TRACE">Return: None</msg>
<status status="PASS" starttime="20231103 16:43:19.575" endtime="20231103 16:43:19.583"/>
</kw>
<msg timestamp="20231103 16:43:19.583" level="TRACE">Return: None</msg>
<status status="PASS" starttime="20231103 16:43:19.498" endtime="20231103 16:43:19.583"/>
</kw>
<status status="PASS" starttime="20231103 16:43:19.498" endtime="20231103 16:43:19.583"/>
</branch>
<status status="PASS" starttime="20231103 16:43:19.498" endtime="20231103 16:43:19.583"/>
</if>
<kw name="Log To Console" library="BuiltIn">
<arg>${inbox.id}</arg>
<doc>Logs the given message to the console.</doc>
<msg timestamp="20231103 16:43:19.584" level="TRACE">Arguments: [ '027a8d80-30bd-4031-baed-c9292d6e7b45' ]</msg>
<msg timestamp="20231103 16:43:19.584" level="TRACE">Return: None</msg>
<status status="PASS" starttime="20231103 16:43:19.584" endtime="20231103 16:43:19.584"/>
</kw>
<kw name="Set Suite Variable" library="BuiltIn">
<arg>$ID</arg>
<arg>${inbox.id}</arg>
<doc>Makes a variable available everywhere within the scope of the current suite.</doc>
<msg timestamp="20231103 16:43:19.584" level="TRACE">Arguments: [ '$ID' | '${inbox.id}' ]</msg>
<msg timestamp="20231103 16:43:19.585" level="INFO">${ID} = 027a8d80-30bd-4031-baed-c9292d6e7b45</msg>
<msg timestamp="20231103 16:43:19.585" level="TRACE">Return: None</msg>
<status status="PASS" starttime="20231103 16:43:19.584" endtime="20231103 16:43:19.585"/>
</kw>
<kw name="Get Element Count" library="Browser">
<var>${passwordVisible}</var>
<arg>id=password</arg>
<tag>Assertion</tag>
<tag>Getter</tag>
<tag>PageContent</tag>
<doc>Returns the count of elements found with ``selector``.</doc>
<msg timestamp="20231103 16:43:19.585" level="TRACE">Arguments: [ 'id=password' ]</msg>
<msg timestamp="20231103 16:43:19.589" level="TRACE">Return: 0</msg>
<msg timestamp="20231103 16:43:19.589" level="INFO">${passwordVisible} = 0</msg>
<status status="PASS" starttime="20231103 16:43:19.585" endtime="20231103 16:43:19.589"/>
</kw>
<if>
<branch type="IF" condition="'${env}'=='bui' and '${passwordVisible}'&gt;'0'">
<kw name="Click and Fill" library="common">
<arg>id=password</arg>
<arg>${password}</arg>
<doc>A keyword combination of Click and Fill Text since most of the form fields need a click</doc>
<status status="NOT RUN" starttime="20231103 16:43:19.589" endtime="20231103 16:43:19.590"/>
</kw>
<status status="NOT RUN" starttime="20231103 16:43:19.589" endtime="20231103 16:43:19.590"/>
</branch>
<branch type="ELSE">
<kw name="Log To Console" library="BuiltIn">
<arg>No password filled</arg>
<doc>Logs the given message to the console.</doc>
<msg timestamp="20231103 16:43:19.590" level="TRACE">Arguments: [ 'No password filled' ]</msg>
<msg timestamp="20231103 16:43:19.590" level="TRACE">Return: None</msg>
<status status="PASS" starttime="20231103 16:43:19.590" endtime="20231103 16:43:19.590"/>
</kw>
<status status="PASS" starttime="20231103 16:43:19.590" endtime="20231103 16:43:19.590"/>
</branch>
<status status="PASS" starttime="20231103 16:43:19.589" endtime="20231103 16:43:19.590"/>
</if>
<msg timestamp="20231103 16:43:19.590" level="TRACE">Return: None</msg>
<status status="PASS" starttime="20231103 16:43:18.067" endtime="20231103 16:43:19.590"/>
</kw>
<kw name="Accept offers and Terms" library="booking">
<msg timestamp="20231103 16:43:19.590" level="TRACE">Arguments: [  ]</msg>
<kw name="Click" library="Browser">
<arg>(//div[contains(text(), 'like to receive')])[1]</arg>
<tag>PageContent</tag>
<tag>Setter</tag>
<doc>Simulates mouse click on the element found by ``selector``.</doc>
<msg timestamp="20231103 16:43:19.590" level="TRACE">Arguments: [ "(//div[contains(text(), 'like to receive')])[1]" ]</msg>
<msg timestamp="20231103 16:43:19.591" level="DEBUG">Click options are: {"button": "left", "clickCount": 1, "force": false, "noWaitAfter": false, "trial": false}</msg>
<msg timestamp="20231103 16:43:19.663" level="DEBUG">Clicked element: '(//div[contains(text(), 'like to receive')])[1]' with options: '{"button": "left", "clickCount": 1, "force": false, "noWaitAfter": false, "trial": false}' successfully.</msg>
<msg timestamp="20231103 16:43:19.663" level="TRACE">Return: None</msg>
<status status="PASS" starttime="20231103 16:43:19.590" endtime="20231103 16:43:19.663"/>
</kw>
<kw name="Click" library="Browser">
<arg>(//*[contains(text(),'Accept')]/ancestor::label//span[contains(@class,'chakra-checkbox__control')])[1]</arg>
<tag>PageContent</tag>
<tag>Setter</tag>
<doc>Simulates mouse click on the element found by ``selector``.</doc>
<msg timestamp="20231103 16:43:19.663" level="TRACE">Arguments: [ "(//*[contains(text(),'Accept')]/ancestor::label//span[contains(@class,'chakra-checkbox__control')])[1]" ]</msg>
<msg timestamp="20231103 16:43:19.664" level="DEBUG">Click options are: {"button": "left", "clickCount": 1, "force": false, "noWaitAfter": false, "trial": false}</msg>
<msg timestamp="20231103 16:43:19.727" level="DEBUG">Clicked element: '(//*[contains(text(),'Accept')]/ancestor::label//span[contains(@class,'chakra-checkbox__control')])[1]' with options: '{"button": "left", "clickCount": 1, "force": false, "noWaitAfter": false, "trial": false}' successfully.</msg>
<msg timestamp="20231103 16:43:19.727" level="TRACE">Return: None</msg>
<status status="PASS" starttime="20231103 16:43:19.663" endtime="20231103 16:43:19.728"/>
</kw>
<msg timestamp="20231103 16:43:19.728" level="TRACE">Return: None</msg>
<status status="PASS" starttime="20231103 16:43:19.590" endtime="20231103 16:43:19.728"/>
</kw>
<kw name="Select Web Bank and Nordea as Payment Method" library="booking">
<msg timestamp="20231103 16:43:19.728" level="TRACE">Arguments: [  ]</msg>
<kw name="Click" library="Browser">
<arg>//div[contains(text(), "Web bank payment")]</arg>
<tag>PageContent</tag>
<tag>Setter</tag>
<doc>Simulates mouse click on the element found by ``selector``.</doc>
<msg timestamp="20231103 16:43:19.728" level="TRACE">Arguments: [ '//div[contains(text(), "Web bank payment")]' ]</msg>
<msg timestamp="20231103 16:43:19.728" level="DEBUG">Click options are: {"button": "left", "clickCount": 1, "force": false, "noWaitAfter": false, "trial": false}</msg>
<msg timestamp="20231103 16:43:19.784" level="DEBUG">Clicked element: '//div[contains(text(), "Web bank payment")]' with options: '{"button": "left", "clickCount": 1, "force": false, "noWaitAfter": false, "trial": false}' successfully.</msg>
<msg timestamp="20231103 16:43:19.784" level="TRACE">Return: None</msg>
<status status="PASS" starttime="20231103 16:43:19.728" endtime="20231103 16:43:19.784"/>
</kw>
<kw name="Click" library="Browser">
<arg>//p[contains(text(), 'Nordea')]</arg>
<tag>PageContent</tag>
<tag>Setter</tag>
<doc>Simulates mouse click on the element found by ``selector``.</doc>
<msg timestamp="20231103 16:43:19.785" level="TRACE">Arguments: [ "//p[contains(text(), 'Nordea')]" ]</msg>
<msg timestamp="20231103 16:43:19.785" level="DEBUG">Click options are: {"button": "left", "clickCount": 1, "force": false, "noWaitAfter": false, "trial": false}</msg>
<msg timestamp="20231103 16:43:19.862" level="DEBUG">Clicked element: '//p[contains(text(), 'Nordea')]' with options: '{"button": "left", "clickCount": 1, "force": false, "noWaitAfter": false, "trial": false}' successfully.</msg>
<msg timestamp="20231103 16:43:19.862" level="TRACE">Return: None</msg>
<status status="PASS" starttime="20231103 16:43:19.784" endtime="20231103 16:43:19.862"/>
</kw>
<kw name="Click" library="Browser">
<arg>(//div[contains(@view,"payment")]//button[contains(text(), "Pay")])[1]</arg>
<tag>PageContent</tag>
<tag>Setter</tag>
<doc>Simulates mouse click on the element found by ``selector``.</doc>
<msg timestamp="20231103 16:43:19.863" level="TRACE">Arguments: [ '(//div[contains(@view,"payment")]//button[contains(text(), "Pay")])[1]' ]</msg>
<msg timestamp="20231103 16:43:19.863" level="DEBUG">Click options are: {"button": "left", "clickCount": 1, "force": false, "noWaitAfter": false, "trial": false}</msg>
<msg timestamp="20231103 16:43:19.928" level="DEBUG">Clicked element: '(//div[contains(@view,"payment")]//button[contains(text(), "Pay")])[1]' with options: '{"button": "left", "clickCount": 1, "force": false, "noWaitAfter": false, "trial": false}' successfully.</msg>
<msg timestamp="20231103 16:43:19.928" level="TRACE">Return: None</msg>
<status status="PASS" starttime="20231103 16:43:19.863" endtime="20231103 16:43:19.928"/>
</kw>
<msg timestamp="20231103 16:43:19.928" level="TRACE">Return: None</msg>
<status status="PASS" starttime="20231103 16:43:19.728" endtime="20231103 16:43:19.928"/>
</kw>
<kw name="Complete Payment Successfully" library="booking">
<msg timestamp="20231103 16:43:19.928" level="TRACE">Arguments: [  ]</msg>
<kw name="Simulate Success or Failure" library="booking">
<arg>success</arg>
<msg timestamp="20231103 16:43:19.928" level="TRACE">Arguments: [ ${which}='success' ]</msg>
<kw name="Wait For Elements State" library="Browser">
<arg>//a[contains(text(), 'Simulate ${which} to merchant')]</arg>
<arg>visible</arg>
<arg>timeout=${timeout}</arg>
<tag>PageContent</tag>
<tag>Wait</tag>
<doc>Waits for the element found by ``selector`` to satisfy state option.</doc>
<msg timestamp="20231103 16:43:19.929" level="TRACE">Arguments: [ "//a[contains(text(), 'Simulate success to merchant')]" | &lt;ElementState.visible: 4&gt; | timeout=datetime.timedelta(seconds=30) ]</msg>
<msg timestamp="20231103 16:43:25.919" level="INFO">Waited for Element with selector //a[contains(text(), 'Simulate success to merchant')] at state visible</msg>
<msg timestamp="20231103 16:43:25.919" level="TRACE">Return: None</msg>
<status status="PASS" starttime="20231103 16:43:19.929" endtime="20231103 16:43:25.920"/>
</kw>
<kw name="Click" library="Browser">
<arg>//a[contains(text(), 'Simulate ${which} to merchant')]</arg>
<tag>PageContent</tag>
<tag>Setter</tag>
<doc>Simulates mouse click on the element found by ``selector``.</doc>
<msg timestamp="20231103 16:43:25.920" level="TRACE">Arguments: [ "//a[contains(text(), 'Simulate success to merchant')]" ]</msg>
<msg timestamp="20231103 16:43:25.920" level="DEBUG">Click options are: {"button": "left", "clickCount": 1, "force": false, "noWaitAfter": false, "trial": false}</msg>
<msg timestamp="20231103 16:43:26.903" level="DEBUG">Clicked element: '//a[contains(text(), 'Simulate success to merchant')]' with options: '{"button": "left", "clickCount": 1, "force": false, "noWaitAfter": false, "trial": false}' successfully.</msg>
<msg timestamp="20231103 16:43:26.903" level="TRACE">Return: None</msg>
<status status="PASS" starttime="20231103 16:43:25.920" endtime="20231103 16:43:26.903"/>
</kw>
<msg timestamp="20231103 16:43:26.904" level="TRACE">Return: None</msg>
<status status="PASS" starttime="20231103 16:43:19.928" endtime="20231103 16:43:26.904"/>
</kw>
<kw name="Verify Payment was successful" library="booking">
<msg timestamp="20231103 16:43:26.904" level="TRACE">Arguments: [  ]</msg>
<kw name="Wait Until Visible" library="common">
<arg>//p[contains(text(), 'Payment was successful')]</arg>
<doc>An easier keyword for waiting until an element is visible</doc>
<msg timestamp="20231103 16:43:26.905" level="TRACE">Arguments: [ ${element}="//p[contains(text(), 'Payment was successful')]" ]</msg>
<kw name="Wait For Elements State" library="Browser">
<arg>${element}</arg>
<arg>visible</arg>
<arg>timeout=${timeout}</arg>
<tag>PageContent</tag>
<tag>Wait</tag>
<doc>Waits for the element found by ``selector`` to satisfy state option.</doc>
<msg timestamp="20231103 16:43:26.906" level="TRACE">Arguments: [ "//p[contains(text(), 'Payment was successful')]" | &lt;ElementState.visible: 4&gt; | timeout=datetime.timedelta(seconds=30) ]</msg>
<msg timestamp="20231103 16:43:27.795" level="INFO">Waited for Element with selector //p[contains(text(), 'Payment was successful')] at state visible</msg>
<msg timestamp="20231103 16:43:27.795" level="TRACE">Return: None</msg>
<status status="PASS" starttime="20231103 16:43:26.905" endtime="20231103 16:43:27.795"/>
</kw>
<msg timestamp="20231103 16:43:27.796" level="TRACE">Return: None</msg>
<status status="PASS" starttime="20231103 16:43:26.904" endtime="20231103 16:43:27.796"/>
</kw>
<kw name="Close Dialog" library="booking">
<msg timestamp="20231103 16:43:27.796" level="TRACE">Arguments: [  ]</msg>
<kw name="Wait Until Visible" library="common">
<arg>//button[contains(text(), "Ok")]</arg>
<doc>An easier keyword for waiting until an element is visible</doc>
<msg timestamp="20231103 16:43:27.796" level="TRACE">Arguments: [ ${element}='//button[contains(text(), "Ok")]' ]</msg>
<kw name="Wait For Elements State" library="Browser">
<arg>${element}</arg>
<arg>visible</arg>
<arg>timeout=${timeout}</arg>
<tag>PageContent</tag>
<tag>Wait</tag>
<doc>Waits for the element found by ``selector`` to satisfy state option.</doc>
<msg timestamp="20231103 16:43:27.797" level="TRACE">Arguments: [ '//button[contains(text(), "Ok")]' | &lt;ElementState.visible: 4&gt; | timeout=datetime.timedelta(seconds=30) ]</msg>
<msg timestamp="20231103 16:43:27.805" level="INFO">Waited for Element with selector //button[contains(text(), "Ok")] at state visible</msg>
<msg timestamp="20231103 16:43:27.805" level="TRACE">Return: None</msg>
<status status="PASS" starttime="20231103 16:43:27.796" endtime="20231103 16:43:27.805"/>
</kw>
<msg timestamp="20231103 16:43:27.805" level="TRACE">Return: None</msg>
<status status="PASS" starttime="20231103 16:43:27.796" endtime="20231103 16:43:27.805"/>
</kw>
<kw name="Click" library="Browser">
<arg>//button[contains(text(), "Ok")]</arg>
<tag>PageContent</tag>
<tag>Setter</tag>
<doc>Simulates mouse click on the element found by ``selector``.</doc>
<msg timestamp="20231103 16:43:27.806" level="TRACE">Arguments: [ '//button[contains(text(), "Ok")]' ]</msg>
<msg timestamp="20231103 16:43:27.806" level="DEBUG">Click options are: {"button": "left", "clickCount": 1, "force": false, "noWaitAfter": false, "trial": false}</msg>
<msg timestamp="20231103 16:43:27.897" level="DEBUG">Clicked element: '//button[contains(text(), "Ok")]' with options: '{"button": "left", "clickCount": 1, "force": false, "noWaitAfter": false, "trial": false}' successfully.</msg>
<msg timestamp="20231103 16:43:27.898" level="TRACE">Return: None</msg>
<status status="PASS" starttime="20231103 16:43:27.806" endtime="20231103 16:43:27.898"/>
</kw>
<msg timestamp="20231103 16:43:27.898" level="TRACE">Return: None</msg>
<status status="PASS" starttime="20231103 16:43:27.796" endtime="20231103 16:43:27.898"/>
</kw>
<kw name="Save Booking Number 1" library="booking">
<msg timestamp="20231103 16:43:27.898" level="TRACE">Arguments: [  ]</msg>
<kw name="Get Text" library="Browser">
<var>${str}</var>
<arg>//p[contains(text(),'Booking number')]</arg>
<tag>Assertion</tag>
<tag>Getter</tag>
<tag>PageContent</tag>
<doc>Returns text attribute of the element found by ``selector``.</doc>
<msg timestamp="20231103 16:43:27.898" level="TRACE">Arguments: [ "//p[contains(text(),'Booking number')]" ]</msg>
<msg timestamp="20231103 16:43:27.914" level="DEBUG">Text received successfully.</msg>
<msg timestamp="20231103 16:43:27.914" level="INFO">Text: 'Booking number: 541353719'</msg>
<msg timestamp="20231103 16:43:27.914" level="TRACE">Return: 'Booking number: 541353719'</msg>
<msg timestamp="20231103 16:43:27.914" level="INFO">${str} = Booking number: 541353719</msg>
<status status="PASS" starttime="20231103 16:43:27.898" endtime="20231103 16:43:27.914"/>
</kw>
<kw name="Log To Console" library="BuiltIn">
<arg>${bookingNumber}</arg>
<doc>Logs the given message to the console.</doc>
<msg timestamp="20231103 16:43:27.915" level="TRACE">Arguments: [ '' ]</msg>
<msg timestamp="20231103 16:43:27.915" level="TRACE">Return: None</msg>
<status status="PASS" starttime="20231103 16:43:27.914" endtime="20231103 16:43:27.915"/>
</kw>
<kw name="Remove String" library="String">
<var>${str}</var>
<arg>${str}</arg>
<arg>Booking code${SPACE}</arg>
<doc>Removes all ``removables`` from the given ``string``.</doc>
<msg timestamp="20231103 16:43:27.915" level="TRACE">Arguments: [ 'Booking number: 541353719' | 'Booking code ' ]</msg>
<msg timestamp="20231103 16:43:27.915" level="TRACE">Return: 'Booking number: 541353719'</msg>
<msg timestamp="20231103 16:43:27.915" level="INFO">${str} = Booking number: 541353719</msg>
<status status="PASS" starttime="20231103 16:43:27.915" endtime="20231103 16:43:27.915"/>
</kw>
<kw name="Strip String" library="String">
<var>${str}</var>
<arg>${str}</arg>
<doc>Remove leading and/or trailing whitespaces from the given string.</doc>
<msg timestamp="20231103 16:43:27.915" level="TRACE">Arguments: [ 'Booking number: 541353719' ]</msg>
<msg timestamp="20231103 16:43:27.915" level="TRACE">Return: 'Booking number: 541353719'</msg>
<msg timestamp="20231103 16:43:27.915" level="INFO">${str} = Booking number: 541353719</msg>
<status status="PASS" starttime="20231103 16:43:27.915" endtime="20231103 16:43:27.915"/>
</kw>
<msg timestamp="20231103 16:43:27.915" level="TRACE">Return: None</msg>
<status status="PASS" starttime="20231103 16:43:27.898" endtime="20231103 16:43:27.915"/>
</kw>
<msg timestamp="20231103 16:43:27.915" level="TRACE">Return: None</msg>
<status status="PASS" starttime="20231103 16:43:26.904" endtime="20231103 16:43:27.915"/>
</kw>
<msg timestamp="20231103 16:43:27.915" level="TRACE">Return: None</msg>
<status status="PASS" starttime="20231103 16:43:19.928" endtime="20231103 16:43:27.915"/>
</kw>
<kw name="Close Browser" library="Browser" type="TEARDOWN">
<tag>BrowserControl</tag>
<tag>Setter</tag>
<doc>Closes the current browser.</doc>
[...]
HTTP response body: {"message":"Failed to satisfy email query for inbox ID `35ac21dc-e785-4cad-8949-6f32023a286d` for user ID `a2f48756-8279-471d-bb55-980a32334d37`. Expected minimum message count of `1`. Found at most `0`(after max timeout of `200000 ms` and a back-off period of `1000 ms`). Did you send an email to the inbox? The inbox's email address is `35ac21dc-e785-4cad-8949-6f32023a286d@mailslurp.com`. Sort direction `ASC`, unread only `true`, match options `{\"matches\":[{\"field\":\"SUBJECT\",\"should\":\"CONTAIN\",\"value\":\"Booking confirmation\"}],\"conditions\":null}`, created at after `2000-01-01T00:00:00Z` and created at before `3000-01-01T00:00:00Z`","caseNumber":"CASE-NF-fd268d45-b6e6-4d27-bdde-bef61c93e119","errorClass":"GetMessagesRetryException","errorCode":"E_001_UNEXPECTED_ERROR","userId":null,"comment":"If your error persists please submit a ticket at `https://mailslurp.zendesk.com/hc/en-us/requests/new`. Please include your error `caseNumber` if available to help support debug the issue. Sharing screenshots or samples of your code will help the team understand."}
</msg>
<msg timestamp="20231103 16:55:26.432" level="DEBUG">Traceback (most recent call last):
  File "/Users/sara/code/nelson-test-automation/resources/libraries/MailSlurp.py", line 84, in wait_for_latest_booking_confirmation
    emails = api_instance.wait_for_matching_emails(inbox_id=inbox_id, match_options=match_options, timeout=200000, unread_only=True, count=1)
  File "/Users/sara/code/nelson-test-automation/venv/lib/python3.9/site-packages/mailslurp_client/api/wait_for_controller_api.py", line 602, in wait_for_matching_emails
    return self.wait_for_matching_emails_with_http_info(inbox_id, count, match_options, **kwargs)  # noqa: E501
  File "/Users/sara/code/nelson-test-automation/venv/lib/python3.9/site-packages/mailslurp_client/api/wait_for_controller_api.py", line 723, in wait_for_matching_emails_with_http_info
    return self.api_client.call_api(
  File "/Users/sara/code/nelson-test-automation/venv/lib/python3.9/site-packages/mailslurp_client/api_client.py", line 365, in call_api
    return self.__call_api(resource_path, method,
  File "/Users/sara/code/nelson-test-automation/venv/lib/python3.9/site-packages/mailslurp_client/api_client.py", line 189, in __call_api
    raise e
  File "/Users/sara/code/nelson-test-automation/venv/lib/python3.9/site-packages/mailslurp_client/api_client.py", line 182, in __call_api
    response_data = self.request(
  File "/Users/sara/code/nelson-test-automation/venv/lib/python3.9/site-packages/mailslurp_client/api_client.py", line 408, in request
    return self.rest_client.POST(url,
  File "/Users/sara/code/nelson-test-automation/venv/lib/python3.9/site-packages/mailslurp_client/rest.py", line 266, in POST
    return self.request("POST", url,
  File "/Users/sara/code/nelson-test-automation/venv/lib/python3.9/site-packages/mailslurp_client/rest.py", line 225, in request
    raise ApiException(http_resp=r)
mailslurp_client.exceptions.ApiException: (408)
Reason: 
HTTP response headers: HTTPHeaderDict({'Date': 'Fri, 03 Nov 2023 14:55:26 GMT', 'Content-Type': 'text/plain;charset=UTF-8', 'Content-Length': '1083', 'Connection': 'keep-alive', 'X-XSS-Protection': '1; mode=block', 'Referrer-Policy': 'same-origin', 'Strict-Transport-Security': 'max-age=63072000; includeSubdomains; preload', 'X-Content-Type-Options': 'nosniff', 'Content-Security-Policy': "default-src https: 'self' app.mailslurp.com *.mailslurp.com *.mailslurp.link *.mailslurp.dev http://localhost:3000; object-src none; frame-ancestors 'self' app.mailslurp.com *.mailslurp.com *.mailslurp.link *.mailslurp.dev http://localhost:3000; img-src * data: 'unsafe-inline'; style-src * data: 'unsafe-inline';", 'Vary': 'origin,access-control-request-method,access-control-request-headers,accept-encoding', 'Cache-Control': 'no-cache, no-store, max-age=0, must-revalidate', 'Pragma': 'no-cache', 'Expires': '0', 'X-Frame-Options': 'DENY'})
HTTP response body: {"message":"Failed to satisfy email query for inbox ID `35ac21dc-e785-4cad-8949-6f32023a286d` for user ID `a2f48756-8279-471d-bb55-980a32334d37`. Expected minimum message count of `1`. Found at most `0`(after max timeout of `200000 ms` and a back-off period of `1000 ms`). Did you send an email to the inbox? The inbox's email address is `35ac21dc-e785-4cad-8949-6f32023a286d@mailslurp.com`. Sort direction `ASC`, unread only `true`, match options `{\"matches\":[{\"field\":\"SUBJECT\",\"should\":\"CONTAIN\",\"value\":\"Booking confirmation\"}],\"conditions\":null}`, created at after `2000-01-01T00:00:00Z` and created at before `3000-01-01T00:00:00Z`","caseNumber":"CASE-NF-fd268d45-b6e6-4d27-bdde-bef61c93e119","errorClass":"GetMessagesRetryException","errorCode":"E_001_UNEXPECTED_ERROR","userId":null,"comment":"If your error persists please submit a ticket at `https://mailslurp.zendesk.com/hc/en-us/requests/new`. Please include your error `caseNumber` if available to help support debug the issue. Sharing screenshots or samples of your code will help the team understand."}</msg>
<status status="FAIL" starttime="20231103 16:52:04.519" endtime="20231103 16:55:26.434"/>
</kw>
<kw name="Extract All Links to CSV" library="MailSlurp">
<var>${all_links}</var>
<arg>${confirmationEmail}</arg>
<status status="NOT RUN" starttime="20231103 16:55:26.437" endtime="20231103 16:55:26.437"/>
</kw>
<kw name="Get Confirmation Number from Email" library="MailSlurp">
<var>${bookingNo}</var>
<arg>${confirmationEmail}</arg>
<status status="NOT RUN" starttime="20231103 16:55:26.438" endtime="20231103 16:55:26.438"/>
</kw>
<kw name="Log To Console" library="BuiltIn">
<arg>${bookingNo}</arg>
<doc>Logs the given message to the console.</doc>
<status status="NOT RUN" starttime="20231103 16:55:26.438" endtime="20231103 16:55:26.438"/>
</kw>
<kw name="Append To Environment Variable" library="OperatingSystem">
<arg>LAST_BOOKING_NO:${bookingNo}</arg>
<doc>Appends given ``values`` to environment variable ``name``.</doc>
<status status="NOT RUN" starttime="20231103 16:55:26.438" endtime="20231103 16:55:26.438"/>
</kw>
<status status="FAIL" starttime="20231103 16:52:04.517" endtime="20231103 16:55:26.440"/>
</kw>
<tag>staging, omena, bdc, smoke</tag>
<status status="FAIL" starttime="20231103 16:52:04.515" endtime="20231103 16:55:26.441">ApiException: (408)
Reason: 
HTTP response headers: HTTPHeaderDict({'Date': 'Fri, 03 Nov 2023 14:55:26 GMT', 'Content-Type': 'text/plain;charset=UTF-8', 'Content-Length': '1083', 'Connection': 'keep-alive', 'X-XSS-Protection': '1; mode=block', 'Referrer-Policy': 'same-origin', 'Strict-Transport-Security': 'max-age=63072000; includeSubdomains; preload', 'X-Content-Type-Options': 'nosniff', 'Content-Security-Policy': "default-src https: 'self' app.mailslurp.com *.mailslurp.com *.mailslurp.link *.mailslurp.dev http://localhost:3000; object-src none; frame-ancestors 'self' app.mailslurp.com *.mailslurp.com *.mailslurp.link *.mailslurp.dev http://localhost:3000; img-src * data: 'unsafe-inline'; style-src * data: 'unsafe-inline';", 'Vary': 'origin,access-control-request-method,access-control-request-headers,accept-encoding', 'Cache-Control': 'no-cache, no-store, max-age=0, must-revalidate', 'Pragma': 'no-cache', 'Expires': '0', 'X-Frame-Options': 'DENY'})
HTTP response body: {"message":"Failed to satisfy email query for inbox ID `35ac21dc-e785-4cad-8949-6f32023a286d` for user ID `a2f48756-8279-471d-bb55-980a32334d37`. Expected minimum message count of `1`. Found at most `0`(after max timeout of `200000 ms` and a back-off period of `1000 ms`). Did you send an email to the inbox? The inbox's email address is `35ac21dc-e785-4cad-8949-6f32023a286d@mailslurp.com`. Sort direction `ASC`, unread only `true`, match options `{\"matches\":[{\"field\":\"SUBJECT\",\"should\":\"CONTAIN\",\"value\":\"Booking confirmation\"}],\"conditions\":null}`, created at after `2000-01-01T00:00:00Z` and created at before `3000-01-01T00:00:00Z`","caseNumber":"CASE-NF-fd268d45-b6e6-4d27-bdde-bef61c93e119","errorClass":"GetMessagesRetryException","errorCode":"E_001_UNEXPECTED_ERROR","userId":null,"comment":"If your error persists please submit a ticket at `https://mailslurp.zendesk.com/hc/en-us/requests/new`. Please include your error `caseNumber` if available to help support debug the issue. Sharing screenshots or samples of your code will help the team understand."}
</status>
</test>
<kw name="Close Browser" library="Browser" type="TEARDOWN">
<arg>ALL</arg>
<tag>BrowserControl</tag>
<tag>Setter</tag>
<doc>Closes the current browser.</doc>
<msg timestamp="20231103 16:55:26.458" level="TRACE">Arguments: [ 'ALL' ]</msg>
<msg timestamp="20231103 16:55:26.614" level="INFO">Closed all browsers</msg>
<msg timestamp="20231103 16:55:26.614" level="TRACE">Return: None</msg>
<status status="PASS" starttime="20231103 16:55:26.457" endtime="20231103 16:55:26.614"/>
</kw>
<doc>A test suite for verifying BDC booking functionality</doc>
<status status="FAIL" starttime="20231103 16:51:29.927" endtime="20231103 16:55:26.614"/>
</suite>
<suite id="s1-s4-s2" name="Expedia" source="/Users/sara/code/nelson-test-automation/testsuites/OTA/expedia.robot">
<test id="s1-s4-s2-t1" name="Check Availability in Expedia" line="30">
<kw name="Pass Execution" library="BuiltIn">
<arg>TBD</arg>
<doc>Skips rest of the current test, setup, or teardown with PASS status.</doc>
<msg timestamp="20231103 16:55:26.630" level="TRACE">Arguments: [ 'TBD' ]</msg>
<msg timestamp="20231103 16:55:26.630" level="INFO">Execution passed with message:
TBD</msg>
<status status="PASS" starttime="20231103 16:55:26.630" endtime="20231103 16:55:26.631"/>
</kw>
<kw name="Open Browser to Expedia Omena Test Hotel">
<status status="NOT RUN" starttime="20231103 16:55:26.631" endtime="20231103 16:55:26.631"/>
</kw>
<kw name="Select Dates for Expedia Stay">
<status status="NOT RUN" starttime="20231103 16:55:26.631" endtime="20231103 16:55:26.631"/>
</kw>
<kw name="Click" library="Browser">
<arg>id=search_button</arg>
<tag>PageContent</tag>
<tag>Setter</tag>
<doc>Simulates mouse click on the element found by ``selector``.</doc>
<status status="NOT RUN" starttime="20231103 16:55:26.631" endtime="20231103 16:55:26.631"/>
</kw>
<tag>smoke, booking, BUI2-556, online-checkin</tag>
<status status="PASS" starttime="20231103 16:55:26.630" endtime="20231103 16:55:26.631">TBD</status>
</test>
<test id="s1-s4-s2-t2" name="Select Hotel and Create Booking" line="36">
<kw name="Pass Execution" library="BuiltIn">
<arg>TBD</arg>
<doc>Skips rest of the current test, setup, or teardown with PASS status.</doc>
<msg timestamp="20231103 16:55:26.633" level="TRACE">Arguments: [ 'TBD' ]</msg>
<msg timestamp="20231103 16:55:26.633" level="INFO">Execution passed with message:
TBD</msg>
<status status="PASS" starttime="20231103 16:55:26.633" endtime="20231103 16:55:26.633"/>
</kw>
<kw name="Click" library="Browser">
<arg>//a[contains(@href, "Region-Test-Hotels-EQC")]</arg>
<tag>PageContent</tag>
<tag>Setter</tag>
<doc>Simulates mouse click on the element found by ``selector``.</doc>
<status status="NOT RUN" starttime="20231103 16:55:26.633" endtime="20231103 16:55:26.633"/>
</kw>
<kw name="Click" library="Browser">
<arg>//span[contains(text(), 'Select Standard')]</arg>
<tag>PageContent</tag>
<tag>Setter</tag>
<doc>Simulates mouse click on the element found by ``selector``.</doc>
<status status="NOT RUN" starttime="20231103 16:55:26.633" endtime="20231103 16:55:26.633"/>
</kw>
<tag>smoke, booking, BUI2-556, online-checkin</tag>
<status status="PASS" starttime="20231103 16:55:26.633" endtime="20231103 16:55:26.633">TBD</status>
</test>
<test id="s1-s4-s2-t3" name="Fill Booker Details" line="43">
<kw name="Pass Execution" library="BuiltIn">
<arg>TBD</arg>
<doc>Skips rest of the current test, setup, or teardown with PASS status.</doc>
<msg timestamp="20231103 16:55:26.634" level="TRACE">Arguments: [ 'TBD' ]</msg>
<msg timestamp="20231103 16:55:26.634" level="INFO">Execution passed with message:
TBD</msg>
<status status="PASS" starttime="20231103 16:55:26.634" endtime="20231103 16:55:26.635"/>
</kw>
<kw name="Is Element Visible" library="common">
<var>${noCC}</var>
<arg>//button/span[contains(@aria-hidden, "false") and text()="Pay when you stay"]</arg>
<status status="NOT RUN" starttime="20231103 16:55:26.635" endtime="20231103 16:55:26.635"/>
</kw>
<if>
<branch type="IF" condition="'${noCC}' == 'True'">
<kw name="Click" library="Browser">
<arg>//button/span[contains(@aria-hidden, "false") and text()="Pay when you stay"]</arg>
<tag>PageContent</tag>
<tag>Setter</tag>
<doc>Simulates mouse click on the element found by ``selector``.</doc>
<status status="NOT RUN" starttime="20231103 16:55:26.635" endtime="20231103 16:55:26.635"/>
</kw>
<status status="NOT RUN" starttime="20231103 16:55:26.635" endtime="20231103 16:55:26.635"/>
</branch>
<branch type="ELSE">
<kw name="Click" library="Browser">
<arg>//button/span[contains(@aria-hidden, "false") and text()="Pay when you stay"]</arg>
<tag>PageContent</tag>
<tag>Setter</tag>
<doc>Simulates mouse click on the element found by ``selector``.</doc>
<status status="NOT RUN" starttime="20231103 16:55:26.635" endtime="20231103 16:55:26.635"/>
</kw>
<kw name="Fill Text" library="Browser">
<arg>//input[contains(@class, "billing-cardholder-name")]</arg>
<arg>Expedia Ex</arg>
<tag>PageContent</tag>
<tag>Setter</tag>
<doc>Clears and fills the given ``txt`` into the text field found by ``selector``.</doc>
<status status="NOT RUN" starttime="20231103 16:55:26.635" endtime="20231103 16:55:26.635"/>
</kw>
<kw name="Fill Text" library="Browser">
<arg>id=creditCardInput</arg>
<arg>${cc.expedia}</arg>
<tag>PageContent</tag>
<tag>Setter</tag>
<doc>Clears and fills the given ``txt`` into the text field found by ``selector``.</doc>
<status status="NOT RUN" starttime="20231103 16:55:26.635" endtime="20231103 16:55:26.635"/>
</kw>
<kw name="Fill Text" library="Browser">
<arg>//input[contains(@class, "cc-expiration-text-field")]</arg>
<arg>${cc.expedia.exp}</arg>
<tag>PageContent</tag>
<tag>Setter</tag>
<doc>Clears and fills the given ``txt`` into the text field found by ``selector``.</doc>
<status status="NOT RUN" starttime="20231103 16:55:26.635" endtime="20231103 16:55:26.635"/>
</kw>
<kw name="Fill Text" library="Browser">
<arg>//input[contains(@class, "new_cc_security_code")]</arg>
<arg>123</arg>
<tag>PageContent</tag>
<tag>Setter</tag>
<doc>Clears and fills the given ``txt`` into the text field found by ``selector``.</doc>
<status status="NOT RUN" starttime="20231103 16:55:26.635" endtime="20231103 16:55:26.635"/>
</kw>
<status status="NOT RUN" starttime="20231103 16:55:26.635" endtime="20231103 16:55:26.635"/>
</branch>
<status status="NOT RUN" starttime="20231103 16:55:26.635" endtime="20231103 16:55:26.635"/>
</if>
<kw name="Fill Text" library="Browser">
<arg>//input[contains(@name, "firstName")]</arg>
<arg>Expedia</arg>
<tag>PageContent</tag>
<tag>Setter</tag>
<doc>Clears and fills the given ``txt`` into the text field found by ``selector``.</doc>
<status status="NOT RUN" starttime="20231103 16:55:26.636" endtime="20231103 16:55:26.636"/>
</kw>
<kw name="Fill Text" library="Browser">
<arg>//input[contains(@name, "lastName")]</arg>
<arg>Expedia</arg>
<tag>PageContent</tag>
<tag>Setter</tag>
<doc>Clears and fills the given ``txt`` into the text field found by ``selector``.</doc>
<status status="NOT RUN" starttime="20231103 16:55:26.636" endtime="20231103 16:55:26.636"/>
</kw>
<kw name="Fill Text" library="Browser">
<arg>//input[@name='email' and contains(@class, 'always-include')]</arg>
<arg>nelsonsqa+expedia@gmail.com</arg>
<tag>PageContent</tag>
<tag>Setter</tag>
<doc>Clears and fills the given ``txt`` into the text field found by ``selector``.</doc>
<status status="NOT RUN" starttime="20231103 16:55:26.636" endtime="20231103 16:55:26.636"/>
</kw>
<kw name="Fill Text" library="Browser">
<arg>//input[contains(@class, "phone-number")]</arg>
<arg>111</arg>
<tag>PageContent</tag>
<tag>Setter</tag>
<doc>Clears and fills the given ``txt`` into the text field found by ``selector``.</doc>
<status status="NOT RUN" starttime="20231103 16:55:26.636" endtime="20231103 16:55:26.636"/>
</kw>
<tag>smoke, booking, BUI2-556, online-checkin</tag>
<status status="PASS" starttime="20231103 16:55:26.634" endtime="20231103 16:55:26.636">TBD</status>
</test>
<doc>This is a test suite for booking a room and checking in online</doc>
<status status="PASS" starttime="20231103 16:55:26.617" endtime="20231103 16:55:26.638"/>
</suite>
<status status="FAIL" starttime="20231103 16:51:29.925" endtime="20231103 16:55:26.639"/>
</suite>
<doc>Argument file for running tests on Omena test4 environment (test4)</doc>
<status status="FAIL" starttime="20231103 16:43:07.195" endtime="20231103 16:55:26.640"/>
</suite>
<statistics>
<total>
<stat pass="17" fail="38" skip="0">All Tests</stat>
</total>
<tag>
<stat pass="2" fail="11" skip="0">kensington_stay</stat>
<stat pass="0" fail="16" skip="0">prod</stat>
<stat pass="7" fail="22" skip="0">regression</stat>
<stat pass="2" fail="22" skip="0">smoke</stat>
<stat pass="10" fail="0" skip="0">smoke, booking, BUI2-556, online-checkin</stat>
<stat pass="0" fail="4" skip="0">staging, omena, bdc, smoke</stat>
</tag>
<suite>
<stat pass="17" fail="38" skip="0" id="s1" name="Testsuites">Testsuites</stat>
<stat pass="12" fail="1" skip="0" id="s1-s1" name="BUI">Testsuites.BUI</stat>
<stat pass="3" fail="1" skip="0" id="s1-s1-s1" name="BUI2-557">Testsuites.BUI.BUI2-557</stat>
<stat pass="2" fail="0" skip="0" id="s1-s1-s2" name="Create Booking">Testsuites.BUI.Create Booking</stat>
<stat pass="7" fail="0" skip="0" id="s1-s1-s3" name="Create Booking And Check In">Testsuites.BUI.Create Booking And Check In</stat>
<stat pass="2" fail="11" skip="0" id="s1-s2" name="Customer Specific">Testsuites.Customer Specific</stat>
<stat pass="2" fail="11" skip="0" id="s1-s2-s1" name="Kensington Stay">Testsuites.Customer Specific.Kensington Stay</stat>
<stat pass="1" fail="2" skip="0" id="s1-s2-s1-s1" name="Confirm Bdc Booking">Testsuites.Customer Specific.Kensington Stay.Confirm Bdc Booking</stat>
<stat pass="0" fail="4" skip="0" id="s1-s2-s1-s2" name="Create Bdc Booking">Testsuites.Customer Specific.Kensington Stay.Create Bdc Booking</stat>
<stat pass="1" fail="4" skip="0" id="s1-s2-s1-s3" name="Create Bui Booking">Testsuites.Customer Specific.Kensington Stay.Create Bui Booking</stat>
<stat pass="0" fail="1" skip="0" id="s1-s2-s1-s4" name="Create Mui Booking">Testsuites.Customer Specific.Kensington Stay.Create Mui Booking</stat>
<stat pass="0" fail="22" skip="0" id="s1-s3" name="MUI">Testsuites.MUI</stat>
<stat pass="0" fail="1" skip="0" id="s1-s3-s1" name="Mui.Booking">Testsuites.MUI.Mui.Booking</stat>
<stat pass="0" fail="1" skip="0" id="s1-s3-s2" name="Mui.Gbe">Testsuites.MUI.Mui.Gbe</stat>
<stat pass="0" fail="4" skip="0" id="s1-s3-s3" name="Mui.Reservations">Testsuites.MUI.Mui.Reservations</stat>
<stat pass="0" fail="16" skip="0" id="s1-s3-s4" name="Mui.Smoke">Testsuites.MUI.Mui.Smoke</stat>
<stat pass="3" fail="4" skip="0" id="s1-s4" name="OTA">Testsuites.OTA</stat>
<stat pass="0" fail="4" skip="0" id="s1-s4-s1" name="Bdc">Testsuites.OTA.Bdc</stat>
<stat pass="3" fail="0" skip="0" id="s1-s4-s2" name="Expedia">Testsuites.OTA.Expedia</stat>
</suite>
</statistics>
<errors>
</errors>
</robot>
