<?xml version="1.0" encoding="UTF-8"?>
<robot generator="Robot 5.0.1 (Python 3.11.4 on linux)" generated="20230809 12:03:40.370" rpa="false" schemaversion="3">
<suite id="s1" name="Testsuites" source="/home/runner/work/nelson-test-automation/nelson-test-automation/testsuites">
<suite id="s1-s1" name="BUI" source="/home/runner/work/nelson-test-automation/nelson-test-automation/testsuites/BUI">
<suite id="s1-s1-s1" name="Feature" source="/home/runner/work/nelson-test-automation/nelson-test-automation/testsuites/BUI/feature">
<suite id="s1-s1-s1-s1" name="Online Check In" source="/home/runner/work/nelson-test-automation/nelson-test-automation/testsuites/BUI/feature/online_check_in">
<suite id="s1-s1-s1-s1-s1" name="BUI2-556" source="/home/runner/work/nelson-test-automation/nelson-test-automation/testsuites/BUI/feature/online_check_in/BUI2-556.robot">
<kw name="Open Browser to Landing Page" library="common" type="SETUP">
<doc>A general startup keyword for opening a browser to the landing page.</doc>
<msg timestamp="20230809 12:03:41.338" level="TRACE">Arguments: [  ]</msg>
<kw name="Open New Browser To URL" library="common">
<arg>${url}</arg>
<msg timestamp="20230809 12:03:41.338" level="TRACE">Arguments: [ ${url}='https://test4.omenahotels.com/en' ]</msg>
<kw name="New Browser" library="Browser">
<arg>${browser}</arg>
<arg>${headless}</arg>
<arg>timeout=${timeout}</arg>
<tag>BrowserControl</tag>
<tag>Setter</tag>
<doc>Create a new playwright Browser with specified options.</doc>
<msg timestamp="20230809 12:03:41.339" level="TRACE">Arguments: [ &lt;SupportedBrowsers.firefox: 2&gt; | False | timeout=datetime.timedelta(seconds=90) ]</msg>
<msg timestamp="20230809 12:03:41.339" level="INFO">{"browser": "firefox", "headless": false, "chromiumSandbox": false, "devtools": false, "handleSIGHUP": true, "handleSIGINT": true, "handleSIGTERM": true, "ignoreDefaultArgs": false, "slowMo": 0.0, "timeout": 90000.0, "tracesDir": "/home/runner/work/nelson-test-automation/nelson-test-automation/reports/test4/browser/traces/4b3014fe-eec5-418b-81cd-db9ef57d5115"}</msg>
<msg timestamp="20230809 12:03:41.575" level="INFO">Keyword 'Take Screenshot  fail-screenshot-{index}' could not be run on failure:
Error: Tried to take screenshot, but no page was open.</msg>
<msg timestamp="20230809 12:03:41.576" level="INFO">See also file:///home/runner/work/nelson-test-automation/nelson-test-automation/reports/test4/playwright-log.txt for additional details.</msg>
<msg timestamp="20230809 12:03:41.576" level="FAIL">Error: browserType.launch: 
╔════════════════════════════════════════════════════════════════════════════════════════════════╗
║ Looks like you launched a headed browser without having a XServer running.                     ║
║ Set either 'headless: true' or use 'xvfb-run &lt;your-playwright-app&gt;' before running Playwright. ║
║                                                                                                ║
║ &lt;3 Playwright Team                                                                             ║
╚════════════════════════════════════════════════════════════════════════════════════════════════╝
=========================== logs ===========================
&lt;launching&gt; /opt/hostedtoolcache/Python/3.11.4/x64/lib/python3.11/site-packages/Browser/wrapper/node_modules/playwright-core/.local-browsers/firefox-1419/firefox/firefox -no-remote -wait-for-browser -foreground -profile /tmp/playwright_firefoxdev_profile-mSPNcF -juggler-pipe -silent
&lt;launched&gt; pid=2618
[pid=2618][err] Error: no DISPLAY environment variable specified
[pid=2618] &lt;process did exit: exitCode=1, signal=null&gt;
[pid=2618] starting temporary directories cleanup
============================================================</msg>
<msg timestamp="20230809 12:03:41.600" level="DEBUG">Traceback (most recent call last):
  File "/opt/hostedtoolcache/Python/3.11.4/x64/lib/python3.11/site-packages/Browser/playwright.py", line 158, in grpc_channel
    yield playwright_pb2_grpc.PlaywrightStub(self._channel)
  File "/opt/hostedtoolcache/Python/3.11.4/x64/lib/python3.11/site-packages/Browser/keywords/playwright_state.py", line 383, in new_browser
    response = stub.NewBrowser(
               ^^^^^^^^^^^^^^^^
  File "/opt/hostedtoolcache/Python/3.11.4/x64/lib/python3.11/site-packages/grpc/_channel.py", line 1030, in __call__
    return _end_unary_response_blocking(state, call, False, None)
           ^^^^^^^^^^^^^^^^^^^^^^^^^^^^^^^^^^^^^^^^^^^^^^^^^^^^^^
  File "/opt/hostedtoolcache/Python/3.11.4/x64/lib/python3.11/site-packages/grpc/_channel.py", line 910, in _end_unary_response_blocking
    raise _InactiveRpcError(state)  # pytype: disable=not-instantiable
    ^^^^^^^^^^^^^^^^^^^^^^^^^^^^^^
grpc._channel._InactiveRpcError: &lt;_InactiveRpcError of RPC that terminated with:
	status = StatusCode.RESOURCE_EXHAUSTED
	details = "Error: browserType.launch: 
╔════════════════════════════════════════════════════════════════════════════════════════════════╗
║ Looks like you launched a headed browser without having a XServer running.                     ║
║ Set either 'headless: true' or use 'xvfb-run &lt;your-playwright-app&gt;' before running Playwright. ║
║                                                                                                ║
║ &lt;3 Playwright Team                                                                             ║
╚════════════════════════════════════════════════════════════════════════════════════════════════╝
=========================== logs ===========================
&lt;launching&gt; /opt/hostedtoolcache/Python/3.11.4/x64/lib/python3.11/site-packages/Browser/wrapper/node_modules/playwright-core/.local-browsers/firefox-1419/firefox/firefox -no-remote -wait-for-browser -foreground -profile /tmp/playwright_firefoxdev_profile-mSPNcF -juggler-pipe -silent
&lt;launched&gt; pid=2618
[pid=2618][err] Error: no DISPLAY environment variable specified
[pid=2618] &lt;process did exit: exitCode=1, signal=null&gt;
[pid=2618] starting temporary directories cleanup
============================================================"
	debug_error_string = "UNKNOWN:Error received from peer  {created_time:"2023-08-09T12:03:41.571886074+00:00", grpc_status:8, grpc_message:"Error: browserType.launch: \n\xe2\x95\x94\xe2\x95\x90\xe2\x95\x90\xe2\x95\x90\xe2\x95\x90\xe2\x95\x90\xe2\x95\x90\xe2\x95\x90\xe2\x95\x90\xe2\x95\x90\xe2\x95\x90\xe2\x95\x90\xe2\x95\x90\xe2\x95\x90\xe2\x95\x90\xe2\x95\x90\xe2\x95\x90\xe2\x95\x90\xe2\x95\x90\xe2\x95\x90\xe2\x95\x90\xe2\x95\x90\xe2\x95\x90\xe2\x95\x90\xe2\x95\x90\xe2\x95\x90\xe2\x95\x90\xe2\x95\x90\xe2\x95\x90\xe2\x95\x90\xe2\x95\x90\xe2\x95\x90\xe2\x95\x90\xe2\x95\x90\xe2\x95\x90\xe2\x95\x90\xe2\x95\x90\xe2\x95\x90\xe2\x95\x90\xe2\x95\x90\xe2\x95\x90\xe2\x95\x90\xe2\x95\x90\xe2\x95\x90\xe2\x95\x90\xe2\x95\x90\xe2\x95\x90\xe2\x95\x90\xe2\x95\x90\xe2\x95\x90\xe2\x95\x90\xe2\x95\x90\xe2\x95\x90\xe2\x95\x90\xe2\x95\x90\xe2\x95\x90\xe2\x95\x90\xe2\x95\x90\xe2\x95\x90\xe2\x95\x90\xe2\x95\x90\xe2\x95\x90\xe2\x95\x90\xe2\x95\x90\xe2\x95\x90\xe2\x95\x90\xe2\x95\x90\xe2\x95\x90\xe2\x95\x90\xe2\x95\x90\xe2\x95\x90\xe2\x95\x90\xe2\x95\x90\xe2\x95\x90\xe2\x95\x90\xe2\x95\x90\xe2\x95\x90\xe2\x95\x90\xe2\x95\x90\xe2\x95\x90\xe2\x95\x90\xe2\x95\x90\xe2\x95\x90\xe2\x95\x90\xe2\x95\x90\xe2\x95\x90\xe2\x95\x90\xe2\x95\x90\xe2\x95\x90\xe2\x95\x90\xe2\x95\x90\xe2\x95\x90\xe2\x95\x90\xe2\x95\x90\xe2\x95\x90\xe2\x95\x90\xe2\x95\x90\xe2\x95\x97\n\xe2\x95\x91 Looks like you launched a headed browser without having a XServer running.                     \xe2\x95\x91\n\xe2\x95\x91 Set either \'headless: true\' or use \'xvfb-run &lt;your-playwright-app&gt;\' before running Playwright. \xe2\x95\x91\n\xe2\x95\x91                                                                                                \xe2\x95\x91\n\xe2\x95\x91 &lt;3 Playwright Team                                                                             \xe2\x95\x91\n\xe2\x95\x9a\xe2\x95\x90\xe2\x95\x90\xe2\x95\x90\xe2\x95\x90\xe2\x95\x90\xe2\x95\x90\xe2\x95\x90\xe2\x95\x90\xe2\x95\x90\xe2\x95\x90\xe2\x95\x90\xe2\x95\x90\xe2\x95\x90\xe2\x95\x90\xe2\x95\x90\xe2\x95\x90\xe2\x95\x90\xe2\x95\x90\xe2\x95\x90\xe2\x95\x90\xe2\x95\x90\xe2\x95\x90\xe2\x95\x90\xe2\x95\x90\xe2\x95\x90\xe2\x95\x90\xe2\x95\x90\xe2\x95\x90\xe2\x95\x90\xe2\x95\x90\xe2\x95\x90\xe2\x95\x90\xe2\x95\x90\xe2\x95\x90\xe2\x95\x90\xe2\x95\x90\xe2\x95\x90\xe2\x95\x90\xe2\x95\x90\xe2\x95\x90\xe2\x95\x90\xe2\x95\x90\xe2\x95\x90\xe2\x95\x90\xe2\x95\x90\xe2\x95\x90\xe2\x95\x90\xe2\x95\x90\xe2\x95\x90\xe2\x95\x90\xe2\x95\x90\xe2\x95\x90\xe2\x95\x90\xe2\x95\x90\xe2\x95\x90\xe2\x95\x90\xe2\x95\x90\xe2\x95\x90\xe2\x95\x90\xe2\x95\x90\xe2\x95\x90\xe2\x95\x90\xe2\x95\x90\xe2\x95\x90\xe2\x95\x90\xe2\x95\x90\xe2\x95\x90\xe2\x95\x90\xe2\x95\x90\xe2\x95\x90\xe2\x95\x90\xe2\x95\x90\xe2\x95\x90\xe2\x95\x90\xe2\x95\x90\xe2\x95\x90\xe2\x95\x90\xe2\x95\x90\xe2\x95\x90\xe2\x95\x90\xe2\x95\x90\xe2\x95\x90\xe2\x95\x90\xe2\x95\x90\xe2\x95\x90\xe2\x95\x90\xe2\x95\x90\xe2\x95\x90\xe2\x95\x90\xe2\x95\x90\xe2\x95\x90\xe2\x95\x90\xe2\x95\x90\xe2\x95\x90\xe2\x95\x90\xe2\x95\x90\xe2\x95\x9d\n=========================== logs ===========================\n&lt;launching&gt; /opt/hostedtoolcache/Python/3.11.4/x64/lib/python3.11/site-packages/Browser/wrapper/node_modules/playwright-core/.local-browsers/firefox-1419/firefox/firefox -no-remote -wait-for-browser -foreground -profile /tmp/playwright_firefoxdev_profile-mSPNcF -juggler-pipe -silent\n&lt;launched&gt; pid=2618\n[pid=2618][err] Error: no DISPLAY environment variable specified\n[pid=2618] &lt;process did exit: exitCode=1, signal=null&gt;\n[pid=2618] starting temporary directories cleanup\n============================================================"}"
&gt;

During handling of the above exception, another exception occurred:

Traceback (most recent call last):
  File "/opt/hostedtoolcache/Python/3.11.4/x64/lib/python3.11/site-packages/Browser/browser.py", line 1095, in run_keyword
    raise e
  File "/opt/hostedtoolcache/Python/3.11.4/x64/lib/python3.11/site-packages/Browser/browser.py", line 1084, in run_keyword
    return DynamicCore.run_keyword(self, name, args, kwargs)
           ^^^^^^^^^^^^^^^^^^^^^^^^^^^^^^^^^^^^^^^^^^^^^^^^^
  File "/opt/hostedtoolcache/Python/3.11.4/x64/lib/python3.11/site-packages/robotlibcore.py", line 126, in run_keyword
    return self.keywords[name](*args, **(kwargs or {}))
           ^^^^^^^^^^^^^^^^^^^^^^^^^^^^^^^^^^^^^^^^^^^^
  File "/opt/hostedtoolcache/Python/3.11.4/x64/lib/python3.11/site-packages/Browser/keywords/playwright_state.py", line 382, in new_browser
    with self.playwright.grpc_channel() as stub:
  File "/opt/hostedtoolcache/Python/3.11.4/x64/lib/python3.11/contextlib.py", line 155, in __exit__
    self.gen.throw(typ, value, traceback)
  File "/opt/hostedtoolcache/Python/3.11.4/x64/lib/python3.11/site-packages/Browser/playwright.py", line 162, in grpc_channel
    raise AssertionError(error.details())
AssertionError: Error: browserType.launch: 
╔════════════════════════════════════════════════════════════════════════════════════════════════╗
║ Looks like you launched a headed browser without having a XServer running.                     ║
║ Set either 'headless: true' or use 'xvfb-run &lt;your-playwright-app&gt;' before running Playwright. ║
║                                                                                                ║
║ &lt;3 Playwright Team                                                                             ║
╚════════════════════════════════════════════════════════════════════════════════════════════════╝
=========================== logs ===========================
&lt;launching&gt; /opt/hostedtoolcache/Python/3.11.4/x64/lib/python3.11/site-packages/Browser/wrapper/node_modules/playwright-core/.local-browsers/firefox-1419/firefox/firefox -no-remote -wait-for-browser -foreground -profile /tmp/playwright_firefoxdev_profile-mSPNcF -juggler-pipe -silent
&lt;launched&gt; pid=2618
[pid=2618][err] Error: no DISPLAY environment variable specified
[pid=2618] &lt;process did exit: exitCode=1, signal=null&gt;
[pid=2618] starting temporary directories cleanup
============================================================</msg>
<status status="FAIL" starttime="20230809 12:03:41.338" endtime="20230809 12:03:41.600"/>
</kw>
<kw name="Set Browser Timeout" library="Browser">
<arg>${timeout}</arg>
<tag>Config</tag>
<tag>Setter</tag>
<doc>Sets the timeout used by most input and getter keywords.</doc>
<status status="NOT RUN" starttime="20230809 12:03:41.601" endtime="20230809 12:03:41.601"/>
</kw>
<kw name="New Context" library="Browser">
<tag>BrowserControl</tag>
<tag>Setter</tag>
<doc>Create a new BrowserContext with specified options.</doc>
<status status="NOT RUN" starttime="20230809 12:03:41.601" endtime="20230809 12:03:41.601"/>
</kw>
<kw name="New Page" library="Browser">
<arg>${url}</arg>
<tag>BrowserControl</tag>
<tag>Setter</tag>
<doc>Open a new Page.</doc>
<status status="NOT RUN" starttime="20230809 12:03:41.601" endtime="20230809 12:03:41.601"/>
</kw>
<status status="FAIL" starttime="20230809 12:03:41.338" endtime="20230809 12:03:41.602"/>
</kw>
<kw name="Wait Until Network Is Idle" library="Browser">
<tag>HTTP</tag>
<tag>Wait</tag>
<doc>Waits until there has been at least one instance of 500 ms of no network traffic on the page after loading.</doc>
<status status="NOT RUN" starttime="20230809 12:03:41.602" endtime="20230809 12:03:41.602"/>
</kw>
<kw name="Allow Cookies" library="common">
<doc>Allow Cookies/Toggle Cookie allowance</doc>
<status status="NOT RUN" starttime="20230809 12:03:41.602" endtime="20230809 12:03:41.602"/>
</kw>
<kw name="Set Environment" library="common">
<status status="NOT RUN" starttime="20230809 12:03:41.602" endtime="20230809 12:03:41.602"/>
</kw>
<status status="FAIL" starttime="20230809 12:03:41.337" endtime="20230809 12:03:41.603"/>
</kw>
<test id="s1-s1-s1-s1-s1-t1" name="Select Hotel, Dates and Guests" line="14">
<tag>smoke, booking, BUI2-556, online-checkin</tag>
<status status="FAIL" starttime="20230809 12:03:41.603" endtime="20230809 12:03:41.604">Parent suite setup failed:
Error: browserType.launch: 
╔════════════════════════════════════════════════════════════════════════════════════════════════╗
║ Looks like you launched a headed browser without having a XServer running.                     ║
║ Set either 'headless: true' or use 'xvfb-run &lt;your-playwright-app&gt;' before running Playwright. ║
║                                                                                                ║
║ &lt;3 Playwright Team                                                                             ║
╚════════════════════════════════════════════════════════════════════════════════════════════════╝
=========================== logs ===========================
&lt;launching&gt; /opt/hostedtoolcache/Python/3.11.4/x64/lib/python3.11/site-packages/Browser/wrapper/node_modules/playwright-core/.local-browsers/firefox-1419/firefox/firefox -no-remote -wait-for-browser -foreground -profile /tmp/playwright_firefoxdev_profile-mSPNcF -juggler-pipe -silent
&lt;launched&gt; pid=2618
[pid=2618][err] Error: no DISPLAY environment variable specified
[pid=2618] &lt;process did exit: exitCode=1, signal=null&gt;
[pid=2618] starting temporary directories cleanup
============================================================</status>
</test>
<test id="s1-s1-s1-s1-s1-t2" name="Check Available Rooms and Select a Standard Room" line="19">
<tag>smoke, booking, BUI2-556, online-checkin</tag>
<status status="FAIL" starttime="20230809 12:03:41.608" endtime="20230809 12:03:41.608">Parent suite setup failed:
Error: browserType.launch: 
╔════════════════════════════════════════════════════════════════════════════════════════════════╗
║ Looks like you launched a headed browser without having a XServer running.                     ║
║ Set either 'headless: true' or use 'xvfb-run &lt;your-playwright-app&gt;' before running Playwright. ║
║                                                                                                ║
║ &lt;3 Playwright Team                                                                             ║
╚════════════════════════════════════════════════════════════════════════════════════════════════╝
=========================== logs ===========================
&lt;launching&gt; /opt/hostedtoolcache/Python/3.11.4/x64/lib/python3.11/site-packages/Browser/wrapper/node_modules/playwright-core/.local-browsers/firefox-1419/firefox/firefox -no-remote -wait-for-browser -foreground -profile /tmp/playwright_firefoxdev_profile-mSPNcF -juggler-pipe -silent
&lt;launched&gt; pid=2618
[pid=2618][err] Error: no DISPLAY environment variable specified
[pid=2618] &lt;process did exit: exitCode=1, signal=null&gt;
[pid=2618] starting temporary directories cleanup
============================================================</status>
</test>
<test id="s1-s1-s1-s1-s1-t3" name="Continue to Extras and Select Join for Free" line="23">
<tag>smoke, booking, BUI2-556, online-checkin</tag>
<status status="FAIL" starttime="20230809 12:03:41.610" endtime="20230809 12:03:41.612">Parent suite setup failed:
Error: browserType.launch: 
╔════════════════════════════════════════════════════════════════════════════════════════════════╗
║ Looks like you launched a headed browser without having a XServer running.                     ║
║ Set either 'headless: true' or use 'xvfb-run &lt;your-playwright-app&gt;' before running Playwright. ║
║                                                                                                ║
║ &lt;3 Playwright Team                                                                             ║
╚════════════════════════════════════════════════════════════════════════════════════════════════╝
=========================== logs ===========================
&lt;launching&gt; /opt/hostedtoolcache/Python/3.11.4/x64/lib/python3.11/site-packages/Browser/wrapper/node_modules/playwright-core/.local-browsers/firefox-1419/firefox/firefox -no-remote -wait-for-browser -foreground -profile /tmp/playwright_firefoxdev_profile-mSPNcF -juggler-pipe -silent
&lt;launched&gt; pid=2618
[pid=2618][err] Error: no DISPLAY environment variable specified
[pid=2618] &lt;process did exit: exitCode=1, signal=null&gt;
[pid=2618] starting temporary directories cleanup
============================================================</status>
</test>
<test id="s1-s1-s1-s1-s1-t4" name="Fill in Booker Contact Information" line="28">
<tag>smoke, booking, BUI2-556, online-checkin</tag>
<status status="FAIL" starttime="20230809 12:03:41.615" endtime="20230809 12:03:41.615">Parent suite setup failed:
Error: browserType.launch: 
╔════════════════════════════════════════════════════════════════════════════════════════════════╗
║ Looks like you launched a headed browser without having a XServer running.                     ║
║ Set either 'headless: true' or use 'xvfb-run &lt;your-playwright-app&gt;' before running Playwright. ║
║                                                                                                ║
║ &lt;3 Playwright Team                                                                             ║
╚════════════════════════════════════════════════════════════════════════════════════════════════╝
=========================== logs ===========================
&lt;launching&gt; /opt/hostedtoolcache/Python/3.11.4/x64/lib/python3.11/site-packages/Browser/wrapper/node_modules/playwright-core/.local-browsers/firefox-1419/firefox/firefox -no-remote -wait-for-browser -foreground -profile /tmp/playwright_firefoxdev_profile-mSPNcF -juggler-pipe -silent
&lt;launched&gt; pid=2618
[pid=2618][err] Error: no DISPLAY environment variable specified
[pid=2618] &lt;process did exit: exitCode=1, signal=null&gt;
[pid=2618] starting temporary directories cleanup
============================================================</status>
</test>
<test id="s1-s1-s1-s1-s1-t5" name="Pay using Web Bank and Nordea" line="32">
<tag>smoke, booking, BUI2-556, online-checkin</tag>
<status status="FAIL" starttime="20230809 12:03:41.618" endtime="20230809 12:03:41.618">Parent suite setup failed:
Error: browserType.launch: 
╔════════════════════════════════════════════════════════════════════════════════════════════════╗
║ Looks like you launched a headed browser without having a XServer running.                     ║
║ Set either 'headless: true' or use 'xvfb-run &lt;your-playwright-app&gt;' before running Playwright. ║
║                                                                                                ║
║ &lt;3 Playwright Team                                                                             ║
╚════════════════════════════════════════════════════════════════════════════════════════════════╝
=========================== logs ===========================
&lt;launching&gt; /opt/hostedtoolcache/Python/3.11.4/x64/lib/python3.11/site-packages/Browser/wrapper/node_modules/playwright-core/.local-browsers/firefox-1419/firefox/firefox -no-remote -wait-for-browser -foreground -profile /tmp/playwright_firefoxdev_profile-mSPNcF -juggler-pipe -silent
&lt;launched&gt; pid=2618
[pid=2618][err] Error: no DISPLAY environment variable specified
[pid=2618] &lt;process did exit: exitCode=1, signal=null&gt;
[pid=2618] starting temporary directories cleanup
============================================================</status>
</test>
<test id="s1-s1-s1-s1-s1-t6" name="Check In Online" line="36">
<tag>smoke, booking, BUI2-556, online-checkin</tag>
<status status="FAIL" starttime="20230809 12:03:41.621" endtime="20230809 12:03:41.622">Parent suite setup failed:
Error: browserType.launch: 
╔════════════════════════════════════════════════════════════════════════════════════════════════╗
║ Looks like you launched a headed browser without having a XServer running.                     ║
║ Set either 'headless: true' or use 'xvfb-run &lt;your-playwright-app&gt;' before running Playwright. ║
║                                                                                                ║
║ &lt;3 Playwright Team                                                                             ║
╚════════════════════════════════════════════════════════════════════════════════════════════════╝
=========================== logs ===========================
&lt;launching&gt; /opt/hostedtoolcache/Python/3.11.4/x64/lib/python3.11/site-packages/Browser/wrapper/node_modules/playwright-core/.local-browsers/firefox-1419/firefox/firefox -no-remote -wait-for-browser -foreground -profile /tmp/playwright_firefoxdev_profile-mSPNcF -juggler-pipe -silent
&lt;launched&gt; pid=2618
[pid=2618][err] Error: no DISPLAY environment variable specified
[pid=2618] &lt;process did exit: exitCode=1, signal=null&gt;
[pid=2618] starting temporary directories cleanup
============================================================</status>
</test>
<test id="s1-s1-s1-s1-s1-t7" name="Wait for Door Code and Verify Page" line="42">
<tag>smoke, booking, BUI2-556, online-checkin</tag>
<status status="FAIL" starttime="20230809 12:03:41.625" endtime="20230809 12:03:41.625">Parent suite setup failed:
Error: browserType.launch: 
╔════════════════════════════════════════════════════════════════════════════════════════════════╗
║ Looks like you launched a headed browser without having a XServer running.                     ║
║ Set either 'headless: true' or use 'xvfb-run &lt;your-playwright-app&gt;' before running Playwright. ║
║                                                                                                ║
║ &lt;3 Playwright Team                                                                             ║
╚════════════════════════════════════════════════════════════════════════════════════════════════╝
=========================== logs ===========================
&lt;launching&gt; /opt/hostedtoolcache/Python/3.11.4/x64/lib/python3.11/site-packages/Browser/wrapper/node_modules/playwright-core/.local-browsers/firefox-1419/firefox/firefox -no-remote -wait-for-browser -foreground -profile /tmp/playwright_firefoxdev_profile-mSPNcF -juggler-pipe -silent
&lt;launched&gt; pid=2618
[pid=2618][err] Error: no DISPLAY environment variable specified
[pid=2618] &lt;process did exit: exitCode=1, signal=null&gt;
[pid=2618] starting temporary directories cleanup
============================================================</status>
</test>
<kw name="Close Browser" library="Browser" type="TEARDOWN">
<tag>BrowserControl</tag>
<tag>Setter</tag>
<doc>Closes the current browser.</doc>
<msg timestamp="20230809 12:03:41.629" level="TRACE">Arguments: [  ]</msg>
<msg timestamp="20230809 12:03:41.631" level="INFO">No browser open, doing nothing</msg>
<msg timestamp="20230809 12:03:41.631" level="TRACE">Return: None</msg>
<status status="PASS" starttime="20230809 12:03:41.629" endtime="20230809 12:03:41.631"/>
</kw>
<doc>This is a test suite for booking a room and checking in online</doc>
<status status="FAIL" starttime="20230809 12:03:40.390" endtime="20230809 12:03:41.631">Suite setup failed:
Error: browserType.launch: 
╔════════════════════════════════════════════════════════════════════════════════════════════════╗
║ Looks like you launched a headed browser without having a XServer running.                     ║
║ Set either 'headless: true' or use 'xvfb-run &lt;your-playwright-app&gt;' before running Playwright. ║
║                                                                                                ║
║ &lt;3 Playwright Team                                                                             ║
╚════════════════════════════════════════════════════════════════════════════════════════════════╝
=========================== logs ===========================
&lt;launching&gt; /opt/hostedtoolcache/Python/3.11.4/x64/lib/python3.11/site-packages/Browser/wrapper/node_modules/playwright-core/.local-browsers/firefox-1419/firefox/firefox -no-remote -wait-for-browser -foreground -profile /tmp/playwright_firefoxdev_profile-mSPNcF -juggler-pipe -silent
&lt;launched&gt; pid=2618
[pid=2618][err] Error: no DISPLAY environment variable specified
[pid=2618] &lt;process did exit: exitCode=1, signal=null&gt;
[pid=2618] starting temporary directories cleanup
============================================================</status>
</suite>
<suite id="s1-s1-s1-s1-s2" name="BUI2-557" source="/home/runner/work/nelson-test-automation/nelson-test-automation/testsuites/BUI/feature/online_check_in/BUI2-557.robot">
<test id="s1-s1-s1-s1-s2-t1" name="Create a new Booking" line="11">
<kw name="Open Browser to Landing Page" library="common" type="SETUP">
<doc>A general startup keyword for opening a browser to the landing page.</doc>
<msg timestamp="20230809 12:03:41.651" level="TRACE">Arguments: [  ]</msg>
<kw name="Open New Browser To URL" library="common">
<arg>${url}</arg>
<msg timestamp="20230809 12:03:41.651" level="TRACE">Arguments: [ ${url}='https://test4.omenahotels.com/en' ]</msg>
<kw name="New Browser" library="Browser">
<arg>${browser}</arg>
<arg>${headless}</arg>
<arg>timeout=${timeout}</arg>
<tag>BrowserControl</tag>
<tag>Setter</tag>
<doc>Create a new playwright Browser with specified options.</doc>
<msg timestamp="20230809 12:03:41.652" level="TRACE">Arguments: [ &lt;SupportedBrowsers.firefox: 2&gt; | False | timeout=datetime.timedelta(seconds=90) ]</msg>
<msg timestamp="20230809 12:03:41.652" level="INFO">{"browser": "firefox", "headless": false, "chromiumSandbox": false, "devtools": false, "handleSIGHUP": true, "handleSIGINT": true, "handleSIGTERM": true, "ignoreDefaultArgs": false, "slowMo": 0.0, "timeout": 90000.0, "tracesDir": "/home/runner/work/nelson-test-automation/nelson-test-automation/reports/test4/browser/traces/cf4fb7ef-fe00-466c-8579-85b1cd9c04b0"}</msg>
<msg timestamp="20230809 12:03:41.858" level="INFO">Keyword 'Take Screenshot  fail-screenshot-{index}' could not be run on failure:
Error: Tried to take screenshot, but no page was open.</msg>
<msg timestamp="20230809 12:03:41.859" level="INFO">See also file:///home/runner/work/nelson-test-automation/nelson-test-automation/reports/test4/playwright-log.txt for additional details.</msg>
<msg timestamp="20230809 12:03:41.859" level="FAIL">Error: browserType.launch: 
╔════════════════════════════════════════════════════════════════════════════════════════════════╗
║ Looks like you launched a headed browser without having a XServer running.                     ║
║ Set either 'headless: true' or use 'xvfb-run &lt;your-playwright-app&gt;' before running Playwright. ║
║                                                                                                ║
║ &lt;3 Playwright Team                                                                             ║
╚════════════════════════════════════════════════════════════════════════════════════════════════╝
=========================== logs ===========================
&lt;launching&gt; /opt/hostedtoolcache/Python/3.11.4/x64/lib/python3.11/site-packages/Browser/wrapper/node_modules/playwright-core/.local-browsers/firefox-1419/firefox/firefox -no-remote -wait-for-browser -foreground -profile /tmp/playwright_firefoxdev_profile-aMPgKc -juggler-pipe -silent
&lt;launched&gt; pid=2881
[pid=2881][err] Error: no DISPLAY environment variable specified
[pid=2881] &lt;process did exit: exitCode=1, signal=null&gt;
[pid=2881] starting temporary directories cleanup
============================================================</msg>
<msg timestamp="20230809 12:03:41.860" level="DEBUG">Traceback (most recent call last):
  File "/opt/hostedtoolcache/Python/3.11.4/x64/lib/python3.11/site-packages/Browser/playwright.py", line 158, in grpc_channel
    yield playwright_pb2_grpc.PlaywrightStub(self._channel)
  File "/opt/hostedtoolcache/Python/3.11.4/x64/lib/python3.11/site-packages/Browser/keywords/playwright_state.py", line 383, in new_browser
    response = stub.NewBrowser(
               ^^^^^^^^^^^^^^^^
  File "/opt/hostedtoolcache/Python/3.11.4/x64/lib/python3.11/site-packages/grpc/_channel.py", line 1030, in __call__
    return _end_unary_response_blocking(state, call, False, None)
           ^^^^^^^^^^^^^^^^^^^^^^^^^^^^^^^^^^^^^^^^^^^^^^^^^^^^^^
  File "/opt/hostedtoolcache/Python/3.11.4/x64/lib/python3.11/site-packages/grpc/_channel.py", line 910, in _end_unary_response_blocking
    raise _InactiveRpcError(state)  # pytype: disable=not-instantiable
    ^^^^^^^^^^^^^^^^^^^^^^^^^^^^^^
grpc._channel._InactiveRpcError: &lt;_InactiveRpcError of RPC that terminated with:
	status = StatusCode.RESOURCE_EXHAUSTED
	details = "Error: browserType.launch: 
╔════════════════════════════════════════════════════════════════════════════════════════════════╗
║ Looks like you launched a headed browser without having a XServer running.                     ║
║ Set either 'headless: true' or use 'xvfb-run &lt;your-playwright-app&gt;' before running Playwright. ║
║                                                                                                ║
║ &lt;3 Playwright Team                                                                             ║
╚════════════════════════════════════════════════════════════════════════════════════════════════╝
=========================== logs ===========================
&lt;launching&gt; /opt/hostedtoolcache/Python/3.11.4/x64/lib/python3.11/site-packages/Browser/wrapper/node_modules/playwright-core/.local-browsers/firefox-1419/firefox/firefox -no-remote -wait-for-browser -foreground -profile /tmp/playwright_firefoxdev_profile-aMPgKc -juggler-pipe -silent
&lt;launched&gt; pid=2881
[pid=2881][err] Error: no DISPLAY environment variable specified
[pid=2881] &lt;process did exit: exitCode=1, signal=null&gt;
[pid=2881] starting temporary directories cleanup
============================================================"
	debug_error_string = "UNKNOWN:Error received from peer  {grpc_message:"Error: browserType.launch: \n\xe2\x95\x94\xe2\x95\x90\xe2\x95\x90\xe2\x95\x90\xe2\x95\x90\xe2\x95\x90\xe2\x95\x90\xe2\x95\x90\xe2\x95\x90\xe2\x95\x90\xe2\x95\x90\xe2\x95\x90\xe2\x95\x90\xe2\x95\x90\xe2\x95\x90\xe2\x95\x90\xe2\x95\x90\xe2\x95\x90\xe2\x95\x90\xe2\x95\x90\xe2\x95\x90\xe2\x95\x90\xe2\x95\x90\xe2\x95\x90\xe2\x95\x90\xe2\x95\x90\xe2\x95\x90\xe2\x95\x90\xe2\x95\x90\xe2\x95\x90\xe2\x95\x90\xe2\x95\x90\xe2\x95\x90\xe2\x95\x90\xe2\x95\x90\xe2\x95\x90\xe2\x95\x90\xe2\x95\x90\xe2\x95\x90\xe2\x95\x90\xe2\x95\x90\xe2\x95\x90\xe2\x95\x90\xe2\x95\x90\xe2\x95\x90\xe2\x95\x90\xe2\x95\x90\xe2\x95\x90\xe2\x95\x90\xe2\x95\x90\xe2\x95\x90\xe2\x95\x90\xe2\x95\x90\xe2\x95\x90\xe2\x95\x90\xe2\x95\x90\xe2\x95\x90\xe2\x95\x90\xe2\x95\x90\xe2\x95\x90\xe2\x95\x90\xe2\x95\x90\xe2\x95\x90\xe2\x95\x90\xe2\x95\x90\xe2\x95\x90\xe2\x95\x90\xe2\x95\x90\xe2\x95\x90\xe2\x95\x90\xe2\x95\x90\xe2\x95\x90\xe2\x95\x90\xe2\x95\x90\xe2\x95\x90\xe2\x95\x90\xe2\x95\x90\xe2\x95\x90\xe2\x95\x90\xe2\x95\x90\xe2\x95\x90\xe2\x95\x90\xe2\x95\x90\xe2\x95\x90\xe2\x95\x90\xe2\x95\x90\xe2\x95\x90\xe2\x95\x90\xe2\x95\x90\xe2\x95\x90\xe2\x95\x90\xe2\x95\x90\xe2\x95\x90\xe2\x95\x90\xe2\x95\x90\xe2\x95\x90\xe2\x95\x90\xe2\x95\x97\n\xe2\x95\x91 Looks like you launched a headed browser without having a XServer running.                     \xe2\x95\x91\n\xe2\x95\x91 Set either \'headless: true\' or use \'xvfb-run &lt;your-playwright-app&gt;\' before running Playwright. \xe2\x95\x91\n\xe2\x95\x91                                                                                                \xe2\x95\x91\n\xe2\x95\x91 &lt;3 Playwright Team                                                                             \xe2\x95\x91\n\xe2\x95\x9a\xe2\x95\x90\xe2\x95\x90\xe2\x95\x90\xe2\x95\x90\xe2\x95\x90\xe2\x95\x90\xe2\x95\x90\xe2\x95\x90\xe2\x95\x90\xe2\x95\x90\xe2\x95\x90\xe2\x95\x90\xe2\x95\x90\xe2\x95\x90\xe2\x95\x90\xe2\x95\x90\xe2\x95\x90\xe2\x95\x90\xe2\x95\x90\xe2\x95\x90\xe2\x95\x90\xe2\x95\x90\xe2\x95\x90\xe2\x95\x90\xe2\x95\x90\xe2\x95\x90\xe2\x95\x90\xe2\x95\x90\xe2\x95\x90\xe2\x95\x90\xe2\x95\x90\xe2\x95\x90\xe2\x95\x90\xe2\x95\x90\xe2\x95\x90\xe2\x95\x90\xe2\x95\x90\xe2\x95\x90\xe2\x95\x90\xe2\x95\x90\xe2\x95\x90\xe2\x95\x90\xe2\x95\x90\xe2\x95\x90\xe2\x95\x90\xe2\x95\x90\xe2\x95\x90\xe2\x95\x90\xe2\x95\x90\xe2\x95\x90\xe2\x95\x90\xe2\x95\x90\xe2\x95\x90\xe2\x95\x90\xe2\x95\x90\xe2\x95\x90\xe2\x95\x90\xe2\x95\x90\xe2\x95\x90\xe2\x95\x90\xe2\x95\x90\xe2\x95\x90\xe2\x95\x90\xe2\x95\x90\xe2\x95\x90\xe2\x95\x90\xe2\x95\x90\xe2\x95\x90\xe2\x95\x90\xe2\x95\x90\xe2\x95\x90\xe2\x95\x90\xe2\x95\x90\xe2\x95\x90\xe2\x95\x90\xe2\x95\x90\xe2\x95\x90\xe2\x95\x90\xe2\x95\x90\xe2\x95\x90\xe2\x95\x90\xe2\x95\x90\xe2\x95\x90\xe2\x95\x90\xe2\x95\x90\xe2\x95\x90\xe2\x95\x90\xe2\x95\x90\xe2\x95\x90\xe2\x95\x90\xe2\x95\x90\xe2\x95\x90\xe2\x95\x90\xe2\x95\x90\xe2\x95\x90\xe2\x95\x90\xe2\x95\x9d\n=========================== logs ===========================\n&lt;launching&gt; /opt/hostedtoolcache/Python/3.11.4/x64/lib/python3.11/site-packages/Browser/wrapper/node_modules/playwright-core/.local-browsers/firefox-1419/firefox/firefox -no-remote -wait-for-browser -foreground -profile /tmp/playwright_firefoxdev_profile-aMPgKc -juggler-pipe -silent\n&lt;launched&gt; pid=2881\n[pid=2881][err] Error: no DISPLAY environment variable specified\n[pid=2881] &lt;process did exit: exitCode=1, signal=null&gt;\n[pid=2881] starting temporary directories cleanup\n============================================================", grpc_status:8, created_time:"2023-08-09T12:03:41.855743473+00:00"}"
&gt;

During handling of the above exception, another exception occurred:

Traceback (most recent call last):
  File "/opt/hostedtoolcache/Python/3.11.4/x64/lib/python3.11/site-packages/Browser/browser.py", line 1095, in run_keyword
    raise e
  File "/opt/hostedtoolcache/Python/3.11.4/x64/lib/python3.11/site-packages/Browser/browser.py", line 1084, in run_keyword
    return DynamicCore.run_keyword(self, name, args, kwargs)
           ^^^^^^^^^^^^^^^^^^^^^^^^^^^^^^^^^^^^^^^^^^^^^^^^^
  File "/opt/hostedtoolcache/Python/3.11.4/x64/lib/python3.11/site-packages/robotlibcore.py", line 126, in run_keyword
    return self.keywords[name](*args, **(kwargs or {}))
           ^^^^^^^^^^^^^^^^^^^^^^^^^^^^^^^^^^^^^^^^^^^^
  File "/opt/hostedtoolcache/Python/3.11.4/x64/lib/python3.11/site-packages/Browser/keywords/playwright_state.py", line 382, in new_browser
    with self.playwright.grpc_channel() as stub:
  File "/opt/hostedtoolcache/Python/3.11.4/x64/lib/python3.11/contextlib.py", line 155, in __exit__
    self.gen.throw(typ, value, traceback)
  File "/opt/hostedtoolcache/Python/3.11.4/x64/lib/python3.11/site-packages/Browser/playwright.py", line 162, in grpc_channel
    raise AssertionError(error.details())
AssertionError: Error: browserType.launch: 
╔════════════════════════════════════════════════════════════════════════════════════════════════╗
║ Looks like you launched a headed browser without having a XServer running.                     ║
║ Set either 'headless: true' or use 'xvfb-run &lt;your-playwright-app&gt;' before running Playwright. ║
║                                                                                                ║
║ &lt;3 Playwright Team                                                                             ║
╚════════════════════════════════════════════════════════════════════════════════════════════════╝
=========================== logs ===========================
&lt;launching&gt; /opt/hostedtoolcache/Python/3.11.4/x64/lib/python3.11/site-packages/Browser/wrapper/node_modules/playwright-core/.local-browsers/firefox-1419/firefox/firefox -no-remote -wait-for-browser -foreground -profile /tmp/playwright_firefoxdev_profile-aMPgKc -juggler-pipe -silent
&lt;launched&gt; pid=2881
[pid=2881][err] Error: no DISPLAY environment variable specified
[pid=2881] &lt;process did exit: exitCode=1, signal=null&gt;
[pid=2881] starting temporary directories cleanup
============================================================</msg>
<status status="FAIL" starttime="20230809 12:03:41.652" endtime="20230809 12:03:41.860"/>
</kw>
<kw name="Set Browser Timeout" library="Browser">
<arg>${timeout}</arg>
<tag>Config</tag>
<tag>Setter</tag>
<doc>Sets the timeout used by most input and getter keywords.</doc>
<status status="NOT RUN" starttime="20230809 12:03:41.860" endtime="20230809 12:03:41.860"/>
</kw>
<kw name="New Context" library="Browser">
<tag>BrowserControl</tag>
<tag>Setter</tag>
<doc>Create a new BrowserContext with specified options.</doc>
<status status="NOT RUN" starttime="20230809 12:03:41.860" endtime="20230809 12:03:41.861"/>
</kw>
<kw name="New Page" library="Browser">
<arg>${url}</arg>
<tag>BrowserControl</tag>
<tag>Setter</tag>
<doc>Open a new Page.</doc>
<status status="NOT RUN" starttime="20230809 12:03:41.861" endtime="20230809 12:03:41.861"/>
</kw>
<status status="FAIL" starttime="20230809 12:03:41.651" endtime="20230809 12:03:41.861"/>
</kw>
<kw name="Wait Until Network Is Idle" library="Browser">
<tag>HTTP</tag>
<tag>Wait</tag>
<doc>Waits until there has been at least one instance of 500 ms of no network traffic on the page after loading.</doc>
<status status="NOT RUN" starttime="20230809 12:03:41.862" endtime="20230809 12:03:41.862"/>
</kw>
<kw name="Allow Cookies" library="common">
<doc>Allow Cookies/Toggle Cookie allowance</doc>
<status status="NOT RUN" starttime="20230809 12:03:41.862" endtime="20230809 12:03:41.862"/>
</kw>
<kw name="Set Environment" library="common">
<status status="NOT RUN" starttime="20230809 12:03:41.862" endtime="20230809 12:03:41.862"/>
</kw>
<status status="FAIL" starttime="20230809 12:03:41.651" endtime="20230809 12:03:41.862"/>
</kw>
<kw name="Close Browser" library="Browser" type="TEARDOWN">
<tag>BrowserControl</tag>
<tag>Setter</tag>
<doc>Closes the current browser.</doc>
<msg timestamp="20230809 12:03:41.863" level="TRACE">Arguments: [  ]</msg>
<msg timestamp="20230809 12:03:41.865" level="INFO">No browser open, doing nothing</msg>
<msg timestamp="20230809 12:03:41.865" level="TRACE">Return: None</msg>
<status status="PASS" starttime="20230809 12:03:41.863" endtime="20230809 12:03:41.865"/>
</kw>
<status status="FAIL" starttime="20230809 12:03:41.650" endtime="20230809 12:03:41.865">Setup failed:
Error: browserType.launch: 
╔════════════════════════════════════════════════════════════════════════════════════════════════╗
║ Looks like you launched a headed browser without having a XServer running.                     ║
║ Set either 'headless: true' or use 'xvfb-run &lt;your-playwright-app&gt;' before running Playwright. ║
║                                                                                                ║
║ &lt;3 Playwright Team                                                                             ║
╚════════════════════════════════════════════════════════════════════════════════════════════════╝
=========================== logs ===========================
&lt;launching&gt; /opt/hostedtoolcache/Python/3.11.4/x64/lib/python3.11/site-packages/Browser/wrapper/node_modules/playwright-core/.local-browsers/firefox-1419/firefox/firefox -no-remote -wait-for-browser -foreground -profile /tmp/playwright_firefoxdev_profile-aMPgKc -juggler-pipe -silent
&lt;launched&gt; pid=2881
[pid=2881][err] Error: no DISPLAY environment variable specified
[pid=2881] &lt;process did exit: exitCode=1, signal=null&gt;
[pid=2881] starting temporary directories cleanup
============================================================</status>
</test>
<test id="s1-s1-s1-s1-s2-t2" name="Add Someone Else as the Main Guest" line="25">
<kw name="Open Browser to Landing Page" library="common" type="SETUP">
<doc>A general startup keyword for opening a browser to the landing page.</doc>
<msg timestamp="20230809 12:03:41.868" level="TRACE">Arguments: [  ]</msg>
<kw name="Open New Browser To URL" library="common">
<arg>${url}</arg>
<msg timestamp="20230809 12:03:41.868" level="TRACE">Arguments: [ ${url}='https://test4.omenahotels.com/en' ]</msg>
<kw name="New Browser" library="Browser">
<arg>${browser}</arg>
<arg>${headless}</arg>
<arg>timeout=${timeout}</arg>
<tag>BrowserControl</tag>
<tag>Setter</tag>
<doc>Create a new playwright Browser with specified options.</doc>
<msg timestamp="20230809 12:03:41.868" level="TRACE">Arguments: [ &lt;SupportedBrowsers.firefox: 2&gt; | False | timeout=datetime.timedelta(seconds=90) ]</msg>
<msg timestamp="20230809 12:03:41.869" level="INFO">{"browser": "firefox", "headless": false, "chromiumSandbox": false, "devtools": false, "handleSIGHUP": true, "handleSIGINT": true, "handleSIGTERM": true, "ignoreDefaultArgs": false, "slowMo": 0.0, "timeout": 90000.0, "tracesDir": "/home/runner/work/nelson-test-automation/nelson-test-automation/reports/test4/browser/traces/22c0c530-3347-41ad-827e-a7104d5b3646"}</msg>
<msg timestamp="20230809 12:03:42.087" level="INFO">Keyword 'Take Screenshot  fail-screenshot-{index}' could not be run on failure:
Error: Tried to take screenshot, but no page was open.</msg>
<msg timestamp="20230809 12:03:42.087" level="INFO">See also file:///home/runner/work/nelson-test-automation/nelson-test-automation/reports/test4/playwright-log.txt for additional details.</msg>
<msg timestamp="20230809 12:03:42.087" level="FAIL">Error: browserType.launch: 
╔════════════════════════════════════════════════════════════════════════════════════════════════╗
║ Looks like you launched a headed browser without having a XServer running.                     ║
║ Set either 'headless: true' or use 'xvfb-run &lt;your-playwright-app&gt;' before running Playwright. ║
║                                                                                                ║
║ &lt;3 Playwright Team                                                                             ║
╚════════════════════════════════════════════════════════════════════════════════════════════════╝
=========================== logs ===========================
&lt;launching&gt; /opt/hostedtoolcache/Python/3.11.4/x64/lib/python3.11/site-packages/Browser/wrapper/node_modules/playwright-core/.local-browsers/firefox-1419/firefox/firefox -no-remote -wait-for-browser -foreground -profile /tmp/playwright_firefoxdev_profile-je0aE5 -juggler-pipe -silent
&lt;launched&gt; pid=3145
[pid=3145][err] Error: no DISPLAY environment variable specified
[pid=3145] &lt;process did exit: exitCode=1, signal=null&gt;
[pid=3145] starting temporary directories cleanup
============================================================</msg>
<msg timestamp="20230809 12:03:42.088" level="DEBUG">Traceback (most recent call last):
  File "/opt/hostedtoolcache/Python/3.11.4/x64/lib/python3.11/site-packages/Browser/playwright.py", line 158, in grpc_channel
    yield playwright_pb2_grpc.PlaywrightStub(self._channel)
  File "/opt/hostedtoolcache/Python/3.11.4/x64/lib/python3.11/site-packages/Browser/keywords/playwright_state.py", line 383, in new_browser
    response = stub.NewBrowser(
               ^^^^^^^^^^^^^^^^
  File "/opt/hostedtoolcache/Python/3.11.4/x64/lib/python3.11/site-packages/grpc/_channel.py", line 1030, in __call__
    return _end_unary_response_blocking(state, call, False, None)
           ^^^^^^^^^^^^^^^^^^^^^^^^^^^^^^^^^^^^^^^^^^^^^^^^^^^^^^
  File "/opt/hostedtoolcache/Python/3.11.4/x64/lib/python3.11/site-packages/grpc/_channel.py", line 910, in _end_unary_response_blocking
    raise _InactiveRpcError(state)  # pytype: disable=not-instantiable
    ^^^^^^^^^^^^^^^^^^^^^^^^^^^^^^
grpc._channel._InactiveRpcError: &lt;_InactiveRpcError of RPC that terminated with:
	status = StatusCode.RESOURCE_EXHAUSTED
	details = "Error: browserType.launch: 
╔════════════════════════════════════════════════════════════════════════════════════════════════╗
║ Looks like you launched a headed browser without having a XServer running.                     ║
║ Set either 'headless: true' or use 'xvfb-run &lt;your-playwright-app&gt;' before running Playwright. ║
║                                                                                                ║
║ &lt;3 Playwright Team                                                                             ║
╚════════════════════════════════════════════════════════════════════════════════════════════════╝
=========================== logs ===========================
&lt;launching&gt; /opt/hostedtoolcache/Python/3.11.4/x64/lib/python3.11/site-packages/Browser/wrapper/node_modules/playwright-core/.local-browsers/firefox-1419/firefox/firefox -no-remote -wait-for-browser -foreground -profile /tmp/playwright_firefoxdev_profile-je0aE5 -juggler-pipe -silent
&lt;launched&gt; pid=3145
[pid=3145][err] Error: no DISPLAY environment variable specified
[pid=3145] &lt;process did exit: exitCode=1, signal=null&gt;
[pid=3145] starting temporary directories cleanup
============================================================"
	debug_error_string = "UNKNOWN:Error received from peer  {created_time:"2023-08-09T12:03:42.083876788+00:00", grpc_status:8, grpc_message:"Error: browserType.launch: \n\xe2\x95\x94\xe2\x95\x90\xe2\x95\x90\xe2\x95\x90\xe2\x95\x90\xe2\x95\x90\xe2\x95\x90\xe2\x95\x90\xe2\x95\x90\xe2\x95\x90\xe2\x95\x90\xe2\x95\x90\xe2\x95\x90\xe2\x95\x90\xe2\x95\x90\xe2\x95\x90\xe2\x95\x90\xe2\x95\x90\xe2\x95\x90\xe2\x95\x90\xe2\x95\x90\xe2\x95\x90\xe2\x95\x90\xe2\x95\x90\xe2\x95\x90\xe2\x95\x90\xe2\x95\x90\xe2\x95\x90\xe2\x95\x90\xe2\x95\x90\xe2\x95\x90\xe2\x95\x90\xe2\x95\x90\xe2\x95\x90\xe2\x95\x90\xe2\x95\x90\xe2\x95\x90\xe2\x95\x90\xe2\x95\x90\xe2\x95\x90\xe2\x95\x90\xe2\x95\x90\xe2\x95\x90\xe2\x95\x90\xe2\x95\x90\xe2\x95\x90\xe2\x95\x90\xe2\x95\x90\xe2\x95\x90\xe2\x95\x90\xe2\x95\x90\xe2\x95\x90\xe2\x95\x90\xe2\x95\x90\xe2\x95\x90\xe2\x95\x90\xe2\x95\x90\xe2\x95\x90\xe2\x95\x90\xe2\x95\x90\xe2\x95\x90\xe2\x95\x90\xe2\x95\x90\xe2\x95\x90\xe2\x95\x90\xe2\x95\x90\xe2\x95\x90\xe2\x95\x90\xe2\x95\x90\xe2\x95\x90\xe2\x95\x90\xe2\x95\x90\xe2\x95\x90\xe2\x95\x90\xe2\x95\x90\xe2\x95\x90\xe2\x95\x90\xe2\x95\x90\xe2\x95\x90\xe2\x95\x90\xe2\x95\x90\xe2\x95\x90\xe2\x95\x90\xe2\x95\x90\xe2\x95\x90\xe2\x95\x90\xe2\x95\x90\xe2\x95\x90\xe2\x95\x90\xe2\x95\x90\xe2\x95\x90\xe2\x95\x90\xe2\x95\x90\xe2\x95\x90\xe2\x95\x90\xe2\x95\x90\xe2\x95\x90\xe2\x95\x97\n\xe2\x95\x91 Looks like you launched a headed browser without having a XServer running.                     \xe2\x95\x91\n\xe2\x95\x91 Set either \'headless: true\' or use \'xvfb-run &lt;your-playwright-app&gt;\' before running Playwright. \xe2\x95\x91\n\xe2\x95\x91                                                                                                \xe2\x95\x91\n\xe2\x95\x91 &lt;3 Playwright Team                                                                             \xe2\x95\x91\n\xe2\x95\x9a\xe2\x95\x90\xe2\x95\x90\xe2\x95\x90\xe2\x95\x90\xe2\x95\x90\xe2\x95\x90\xe2\x95\x90\xe2\x95\x90\xe2\x95\x90\xe2\x95\x90\xe2\x95\x90\xe2\x95\x90\xe2\x95\x90\xe2\x95\x90\xe2\x95\x90\xe2\x95\x90\xe2\x95\x90\xe2\x95\x90\xe2\x95\x90\xe2\x95\x90\xe2\x95\x90\xe2\x95\x90\xe2\x95\x90\xe2\x95\x90\xe2\x95\x90\xe2\x95\x90\xe2\x95\x90\xe2\x95\x90\xe2\x95\x90\xe2\x95\x90\xe2\x95\x90\xe2\x95\x90\xe2\x95\x90\xe2\x95\x90\xe2\x95\x90\xe2\x95\x90\xe2\x95\x90\xe2\x95\x90\xe2\x95\x90\xe2\x95\x90\xe2\x95\x90\xe2\x95\x90\xe2\x95\x90\xe2\x95\x90\xe2\x95\x90\xe2\x95\x90\xe2\x95\x90\xe2\x95\x90\xe2\x95\x90\xe2\x95\x90\xe2\x95\x90\xe2\x95\x90\xe2\x95\x90\xe2\x95\x90\xe2\x95\x90\xe2\x95\x90\xe2\x95\x90\xe2\x95\x90\xe2\x95\x90\xe2\x95\x90\xe2\x95\x90\xe2\x95\x90\xe2\x95\x90\xe2\x95\x90\xe2\x95\x90\xe2\x95\x90\xe2\x95\x90\xe2\x95\x90\xe2\x95\x90\xe2\x95\x90\xe2\x95\x90\xe2\x95\x90\xe2\x95\x90\xe2\x95\x90\xe2\x95\x90\xe2\x95\x90\xe2\x95\x90\xe2\x95\x90\xe2\x95\x90\xe2\x95\x90\xe2\x95\x90\xe2\x95\x90\xe2\x95\x90\xe2\x95\x90\xe2\x95\x90\xe2\x95\x90\xe2\x95\x90\xe2\x95\x90\xe2\x95\x90\xe2\x95\x90\xe2\x95\x90\xe2\x95\x90\xe2\x95\x90\xe2\x95\x90\xe2\x95\x90\xe2\x95\x90\xe2\x95\x9d\n=========================== logs ===========================\n&lt;launching&gt; /opt/hostedtoolcache/Python/3.11.4/x64/lib/python3.11/site-packages/Browser/wrapper/node_modules/playwright-core/.local-browsers/firefox-1419/firefox/firefox -no-remote -wait-for-browser -foreground -profile /tmp/playwright_firefoxdev_profile-je0aE5 -juggler-pipe -silent\n&lt;launched&gt; pid=3145\n[pid=3145][err] Error: no DISPLAY environment variable specified\n[pid=3145] &lt;process did exit: exitCode=1, signal=null&gt;\n[pid=3145] starting temporary directories cleanup\n============================================================"}"
&gt;

During handling of the above exception, another exception occurred:

Traceback (most recent call last):
  File "/opt/hostedtoolcache/Python/3.11.4/x64/lib/python3.11/site-packages/Browser/browser.py", line 1095, in run_keyword
    raise e
  File "/opt/hostedtoolcache/Python/3.11.4/x64/lib/python3.11/site-packages/Browser/browser.py", line 1084, in run_keyword
    return DynamicCore.run_keyword(self, name, args, kwargs)
           ^^^^^^^^^^^^^^^^^^^^^^^^^^^^^^^^^^^^^^^^^^^^^^^^^
  File "/opt/hostedtoolcache/Python/3.11.4/x64/lib/python3.11/site-packages/robotlibcore.py", line 126, in run_keyword
    return self.keywords[name](*args, **(kwargs or {}))
           ^^^^^^^^^^^^^^^^^^^^^^^^^^^^^^^^^^^^^^^^^^^^
  File "/opt/hostedtoolcache/Python/3.11.4/x64/lib/python3.11/site-packages/Browser/keywords/playwright_state.py", line 382, in new_browser
    with self.playwright.grpc_channel() as stub:
  File "/opt/hostedtoolcache/Python/3.11.4/x64/lib/python3.11/contextlib.py", line 155, in __exit__
    self.gen.throw(typ, value, traceback)
  File "/opt/hostedtoolcache/Python/3.11.4/x64/lib/python3.11/site-packages/Browser/playwright.py", line 162, in grpc_channel
    raise AssertionError(error.details())
AssertionError: Error: browserType.launch: 
╔════════════════════════════════════════════════════════════════════════════════════════════════╗
║ Looks like you launched a headed browser without having a XServer running.                     ║
║ Set either 'headless: true' or use 'xvfb-run &lt;your-playwright-app&gt;' before running Playwright. ║
║                                                                                                ║
║ &lt;3 Playwright Team                                                                             ║
╚════════════════════════════════════════════════════════════════════════════════════════════════╝
=========================== logs ===========================
&lt;launching&gt; /opt/hostedtoolcache/Python/3.11.4/x64/lib/python3.11/site-packages/Browser/wrapper/node_modules/playwright-core/.local-browsers/firefox-1419/firefox/firefox -no-remote -wait-for-browser -foreground -profile /tmp/playwright_firefoxdev_profile-je0aE5 -juggler-pipe -silent
&lt;launched&gt; pid=3145
[pid=3145][err] Error: no DISPLAY environment variable specified
[pid=3145] &lt;process did exit: exitCode=1, signal=null&gt;
[pid=3145] starting temporary directories cleanup
============================================================</msg>
<status status="FAIL" starttime="20230809 12:03:41.868" endtime="20230809 12:03:42.088"/>
</kw>
<kw name="Set Browser Timeout" library="Browser">
<arg>${timeout}</arg>
<tag>Config</tag>
<tag>Setter</tag>
<doc>Sets the timeout used by most input and getter keywords.</doc>
<status status="NOT RUN" starttime="20230809 12:03:42.088" endtime="20230809 12:03:42.089"/>
</kw>
<kw name="New Context" library="Browser">
<tag>BrowserControl</tag>
<tag>Setter</tag>
<doc>Create a new BrowserContext with specified options.</doc>
<status status="NOT RUN" starttime="20230809 12:03:42.089" endtime="20230809 12:03:42.089"/>
</kw>
<kw name="New Page" library="Browser">
<arg>${url}</arg>
<tag>BrowserControl</tag>
<tag>Setter</tag>
<doc>Open a new Page.</doc>
<status status="NOT RUN" starttime="20230809 12:03:42.089" endtime="20230809 12:03:42.089"/>
</kw>
<status status="FAIL" starttime="20230809 12:03:41.868" endtime="20230809 12:03:42.090"/>
</kw>
<kw name="Wait Until Network Is Idle" library="Browser">
<tag>HTTP</tag>
<tag>Wait</tag>
<doc>Waits until there has been at least one instance of 500 ms of no network traffic on the page after loading.</doc>
<status status="NOT RUN" starttime="20230809 12:03:42.090" endtime="20230809 12:03:42.090"/>
</kw>
<kw name="Allow Cookies" library="common">
<doc>Allow Cookies/Toggle Cookie allowance</doc>
<status status="NOT RUN" starttime="20230809 12:03:42.090" endtime="20230809 12:03:42.090"/>
</kw>
<kw name="Set Environment" library="common">
<status status="NOT RUN" starttime="20230809 12:03:42.090" endtime="20230809 12:03:42.090"/>
</kw>
<status status="FAIL" starttime="20230809 12:03:41.867" endtime="20230809 12:03:42.091"/>
</kw>
<kw name="Close Browser" library="Browser" type="TEARDOWN">
<tag>BrowserControl</tag>
<tag>Setter</tag>
<doc>Closes the current browser.</doc>
<msg timestamp="20230809 12:03:42.091" level="TRACE">Arguments: [  ]</msg>
<msg timestamp="20230809 12:03:42.093" level="INFO">No browser open, doing nothing</msg>
<msg timestamp="20230809 12:03:42.093" level="TRACE">Return: None</msg>
<status status="PASS" starttime="20230809 12:03:42.091" endtime="20230809 12:03:42.093"/>
</kw>
<status status="FAIL" starttime="20230809 12:03:41.867" endtime="20230809 12:03:42.093">Setup failed:
Error: browserType.launch: 
╔════════════════════════════════════════════════════════════════════════════════════════════════╗
║ Looks like you launched a headed browser without having a XServer running.                     ║
║ Set either 'headless: true' or use 'xvfb-run &lt;your-playwright-app&gt;' before running Playwright. ║
║                                                                                                ║
║ &lt;3 Playwright Team                                                                             ║
╚════════════════════════════════════════════════════════════════════════════════════════════════╝
=========================== logs ===========================
&lt;launching&gt; /opt/hostedtoolcache/Python/3.11.4/x64/lib/python3.11/site-packages/Browser/wrapper/node_modules/playwright-core/.local-browsers/firefox-1419/firefox/firefox -no-remote -wait-for-browser -foreground -profile /tmp/playwright_firefoxdev_profile-je0aE5 -juggler-pipe -silent
&lt;launched&gt; pid=3145
[pid=3145][err] Error: no DISPLAY environment variable specified
[pid=3145] &lt;process did exit: exitCode=1, signal=null&gt;
[pid=3145] starting temporary directories cleanup
============================================================</status>
</test>
<test id="s1-s1-s1-s1-s2-t3" name="Validation shows msg for fields marked" line="40">
<kw name="Open Browser to Landing Page" library="common" type="SETUP">
<doc>A general startup keyword for opening a browser to the landing page.</doc>
<msg timestamp="20230809 12:03:42.096" level="TRACE">Arguments: [  ]</msg>
<kw name="Open New Browser To URL" library="common">
<arg>${url}</arg>
<msg timestamp="20230809 12:03:42.096" level="TRACE">Arguments: [ ${url}='https://test4.omenahotels.com/en' ]</msg>
<kw name="New Browser" library="Browser">
<arg>${browser}</arg>
<arg>${headless}</arg>
<arg>timeout=${timeout}</arg>
<tag>BrowserControl</tag>
<tag>Setter</tag>
<doc>Create a new playwright Browser with specified options.</doc>
<msg timestamp="20230809 12:03:42.097" level="TRACE">Arguments: [ &lt;SupportedBrowsers.firefox: 2&gt; | False | timeout=datetime.timedelta(seconds=90) ]</msg>
<msg timestamp="20230809 12:03:42.097" level="INFO">{"browser": "firefox", "headless": false, "chromiumSandbox": false, "devtools": false, "handleSIGHUP": true, "handleSIGINT": true, "handleSIGTERM": true, "ignoreDefaultArgs": false, "slowMo": 0.0, "timeout": 90000.0, "tracesDir": "/home/runner/work/nelson-test-automation/nelson-test-automation/reports/test4/browser/traces/b896757a-1531-4ed1-97f4-135dbad0c0b8"}</msg>
<msg timestamp="20230809 12:03:42.300" level="INFO">Keyword 'Take Screenshot  fail-screenshot-{index}' could not be run on failure:
Error: Tried to take screenshot, but no page was open.</msg>
<msg timestamp="20230809 12:03:42.300" level="INFO">See also file:///home/runner/work/nelson-test-automation/nelson-test-automation/reports/test4/playwright-log.txt for additional details.</msg>
<msg timestamp="20230809 12:03:42.300" level="FAIL">Error: browserType.launch: 
╔════════════════════════════════════════════════════════════════════════════════════════════════╗
║ Looks like you launched a headed browser without having a XServer running.                     ║
║ Set either 'headless: true' or use 'xvfb-run &lt;your-playwright-app&gt;' before running Playwright. ║
║                                                                                                ║
║ &lt;3 Playwright Team                                                                             ║
╚════════════════════════════════════════════════════════════════════════════════════════════════╝
=========================== logs ===========================
&lt;launching&gt; /opt/hostedtoolcache/Python/3.11.4/x64/lib/python3.11/site-packages/Browser/wrapper/node_modules/playwright-core/.local-browsers/firefox-1419/firefox/firefox -no-remote -wait-for-browser -foreground -profile /tmp/playwright_firefoxdev_profile-0LGaFO -juggler-pipe -silent
&lt;launched&gt; pid=3408
[pid=3408][err] Error: no DISPLAY environment variable specified
[pid=3408] &lt;process did exit: exitCode=1, signal=null&gt;
[pid=3408] starting temporary directories cleanup
============================================================</msg>
<msg timestamp="20230809 12:03:42.301" level="DEBUG">Traceback (most recent call last):
  File "/opt/hostedtoolcache/Python/3.11.4/x64/lib/python3.11/site-packages/Browser/playwright.py", line 158, in grpc_channel
    yield playwright_pb2_grpc.PlaywrightStub(self._channel)
  File "/opt/hostedtoolcache/Python/3.11.4/x64/lib/python3.11/site-packages/Browser/keywords/playwright_state.py", line 383, in new_browser
    response = stub.NewBrowser(
               ^^^^^^^^^^^^^^^^
  File "/opt/hostedtoolcache/Python/3.11.4/x64/lib/python3.11/site-packages/grpc/_channel.py", line 1030, in __call__
    return _end_unary_response_blocking(state, call, False, None)
           ^^^^^^^^^^^^^^^^^^^^^^^^^^^^^^^^^^^^^^^^^^^^^^^^^^^^^^
  File "/opt/hostedtoolcache/Python/3.11.4/x64/lib/python3.11/site-packages/grpc/_channel.py", line 910, in _end_unary_response_blocking
    raise _InactiveRpcError(state)  # pytype: disable=not-instantiable
    ^^^^^^^^^^^^^^^^^^^^^^^^^^^^^^
grpc._channel._InactiveRpcError: &lt;_InactiveRpcError of RPC that terminated with:
	status = StatusCode.RESOURCE_EXHAUSTED
	details = "Error: browserType.launch: 
╔════════════════════════════════════════════════════════════════════════════════════════════════╗
║ Looks like you launched a headed browser without having a XServer running.                     ║
║ Set either 'headless: true' or use 'xvfb-run &lt;your-playwright-app&gt;' before running Playwright. ║
║                                                                                                ║
║ &lt;3 Playwright Team                                                                             ║
╚════════════════════════════════════════════════════════════════════════════════════════════════╝
=========================== logs ===========================
&lt;launching&gt; /opt/hostedtoolcache/Python/3.11.4/x64/lib/python3.11/site-packages/Browser/wrapper/node_modules/playwright-core/.local-browsers/firefox-1419/firefox/firefox -no-remote -wait-for-browser -foreground -profile /tmp/playwright_firefoxdev_profile-0LGaFO -juggler-pipe -silent
&lt;launched&gt; pid=3408
[pid=3408][err] Error: no DISPLAY environment variable specified
[pid=3408] &lt;process did exit: exitCode=1, signal=null&gt;
[pid=3408] starting temporary directories cleanup
============================================================"
	debug_error_string = "UNKNOWN:Error received from peer  {created_time:"2023-08-09T12:03:42.297335996+00:00", grpc_status:8, grpc_message:"Error: browserType.launch: \n\xe2\x95\x94\xe2\x95\x90\xe2\x95\x90\xe2\x95\x90\xe2\x95\x90\xe2\x95\x90\xe2\x95\x90\xe2\x95\x90\xe2\x95\x90\xe2\x95\x90\xe2\x95\x90\xe2\x95\x90\xe2\x95\x90\xe2\x95\x90\xe2\x95\x90\xe2\x95\x90\xe2\x95\x90\xe2\x95\x90\xe2\x95\x90\xe2\x95\x90\xe2\x95\x90\xe2\x95\x90\xe2\x95\x90\xe2\x95\x90\xe2\x95\x90\xe2\x95\x90\xe2\x95\x90\xe2\x95\x90\xe2\x95\x90\xe2\x95\x90\xe2\x95\x90\xe2\x95\x90\xe2\x95\x90\xe2\x95\x90\xe2\x95\x90\xe2\x95\x90\xe2\x95\x90\xe2\x95\x90\xe2\x95\x90\xe2\x95\x90\xe2\x95\x90\xe2\x95\x90\xe2\x95\x90\xe2\x95\x90\xe2\x95\x90\xe2\x95\x90\xe2\x95\x90\xe2\x95\x90\xe2\x95\x90\xe2\x95\x90\xe2\x95\x90\xe2\x95\x90\xe2\x95\x90\xe2\x95\x90\xe2\x95\x90\xe2\x95\x90\xe2\x95\x90\xe2\x95\x90\xe2\x95\x90\xe2\x95\x90\xe2\x95\x90\xe2\x95\x90\xe2\x95\x90\xe2\x95\x90\xe2\x95\x90\xe2\x95\x90\xe2\x95\x90\xe2\x95\x90\xe2\x95\x90\xe2\x95\x90\xe2\x95\x90\xe2\x95\x90\xe2\x95\x90\xe2\x95\x90\xe2\x95\x90\xe2\x95\x90\xe2\x95\x90\xe2\x95\x90\xe2\x95\x90\xe2\x95\x90\xe2\x95\x90\xe2\x95\x90\xe2\x95\x90\xe2\x95\x90\xe2\x95\x90\xe2\x95\x90\xe2\x95\x90\xe2\x95\x90\xe2\x95\x90\xe2\x95\x90\xe2\x95\x90\xe2\x95\x90\xe2\x95\x90\xe2\x95\x90\xe2\x95\x90\xe2\x95\x90\xe2\x95\x90\xe2\x95\x97\n\xe2\x95\x91 Looks like you launched a headed browser without having a XServer running.                     \xe2\x95\x91\n\xe2\x95\x91 Set either \'headless: true\' or use \'xvfb-run &lt;your-playwright-app&gt;\' before running Playwright. \xe2\x95\x91\n\xe2\x95\x91                                                                                                \xe2\x95\x91\n\xe2\x95\x91 &lt;3 Playwright Team                                                                             \xe2\x95\x91\n\xe2\x95\x9a\xe2\x95\x90\xe2\x95\x90\xe2\x95\x90\xe2\x95\x90\xe2\x95\x90\xe2\x95\x90\xe2\x95\x90\xe2\x95\x90\xe2\x95\x90\xe2\x95\x90\xe2\x95\x90\xe2\x95\x90\xe2\x95\x90\xe2\x95\x90\xe2\x95\x90\xe2\x95\x90\xe2\x95\x90\xe2\x95\x90\xe2\x95\x90\xe2\x95\x90\xe2\x95\x90\xe2\x95\x90\xe2\x95\x90\xe2\x95\x90\xe2\x95\x90\xe2\x95\x90\xe2\x95\x90\xe2\x95\x90\xe2\x95\x90\xe2\x95\x90\xe2\x95\x90\xe2\x95\x90\xe2\x95\x90\xe2\x95\x90\xe2\x95\x90\xe2\x95\x90\xe2\x95\x90\xe2\x95\x90\xe2\x95\x90\xe2\x95\x90\xe2\x95\x90\xe2\x95\x90\xe2\x95\x90\xe2\x95\x90\xe2\x95\x90\xe2\x95\x90\xe2\x95\x90\xe2\x95\x90\xe2\x95\x90\xe2\x95\x90\xe2\x95\x90\xe2\x95\x90\xe2\x95\x90\xe2\x95\x90\xe2\x95\x90\xe2\x95\x90\xe2\x95\x90\xe2\x95\x90\xe2\x95\x90\xe2\x95\x90\xe2\x95\x90\xe2\x95\x90\xe2\x95\x90\xe2\x95\x90\xe2\x95\x90\xe2\x95\x90\xe2\x95\x90\xe2\x95\x90\xe2\x95\x90\xe2\x95\x90\xe2\x95\x90\xe2\x95\x90\xe2\x95\x90\xe2\x95\x90\xe2\x95\x90\xe2\x95\x90\xe2\x95\x90\xe2\x95\x90\xe2\x95\x90\xe2\x95\x90\xe2\x95\x90\xe2\x95\x90\xe2\x95\x90\xe2\x95\x90\xe2\x95\x90\xe2\x95\x90\xe2\x95\x90\xe2\x95\x90\xe2\x95\x90\xe2\x95\x90\xe2\x95\x90\xe2\x95\x90\xe2\x95\x90\xe2\x95\x90\xe2\x95\x90\xe2\x95\x90\xe2\x95\x9d\n=========================== logs ===========================\n&lt;launching&gt; /opt/hostedtoolcache/Python/3.11.4/x64/lib/python3.11/site-packages/Browser/wrapper/node_modules/playwright-core/.local-browsers/firefox-1419/firefox/firefox -no-remote -wait-for-browser -foreground -profile /tmp/playwright_firefoxdev_profile-0LGaFO -juggler-pipe -silent\n&lt;launched&gt; pid=3408\n[pid=3408][err] Error: no DISPLAY environment variable specified\n[pid=3408] &lt;process did exit: exitCode=1, signal=null&gt;\n[pid=3408] starting temporary directories cleanup\n============================================================"}"
&gt;

During handling of the above exception, another exception occurred:

Traceback (most recent call last):
  File "/opt/hostedtoolcache/Python/3.11.4/x64/lib/python3.11/site-packages/Browser/browser.py", line 1095, in run_keyword
    raise e
  File "/opt/hostedtoolcache/Python/3.11.4/x64/lib/python3.11/site-packages/Browser/browser.py", line 1084, in run_keyword
    return DynamicCore.run_keyword(self, name, args, kwargs)
           ^^^^^^^^^^^^^^^^^^^^^^^^^^^^^^^^^^^^^^^^^^^^^^^^^
  File "/opt/hostedtoolcache/Python/3.11.4/x64/lib/python3.11/site-packages/robotlibcore.py", line 126, in run_keyword
    return self.keywords[name](*args, **(kwargs or {}))
           ^^^^^^^^^^^^^^^^^^^^^^^^^^^^^^^^^^^^^^^^^^^^
  File "/opt/hostedtoolcache/Python/3.11.4/x64/lib/python3.11/site-packages/Browser/keywords/playwright_state.py", line 382, in new_browser
    with self.playwright.grpc_channel() as stub:
  File "/opt/hostedtoolcache/Python/3.11.4/x64/lib/python3.11/contextlib.py", line 155, in __exit__
    self.gen.throw(typ, value, traceback)
  File "/opt/hostedtoolcache/Python/3.11.4/x64/lib/python3.11/site-packages/Browser/playwright.py", line 162, in grpc_channel
    raise AssertionError(error.details())
AssertionError: Error: browserType.launch: 
╔════════════════════════════════════════════════════════════════════════════════════════════════╗
║ Looks like you launched a headed browser without having a XServer running.                     ║
║ Set either 'headless: true' or use 'xvfb-run &lt;your-playwright-app&gt;' before running Playwright. ║
║                                                                                                ║
║ &lt;3 Playwright Team                                                                             ║
╚════════════════════════════════════════════════════════════════════════════════════════════════╝
=========================== logs ===========================
&lt;launching&gt; /opt/hostedtoolcache/Python/3.11.4/x64/lib/python3.11/site-packages/Browser/wrapper/node_modules/playwright-core/.local-browsers/firefox-1419/firefox/firefox -no-remote -wait-for-browser -foreground -profile /tmp/playwright_firefoxdev_profile-0LGaFO -juggler-pipe -silent
&lt;launched&gt; pid=3408
[pid=3408][err] Error: no DISPLAY environment variable specified
[pid=3408] &lt;process did exit: exitCode=1, signal=null&gt;
[pid=3408] starting temporary directories cleanup
============================================================</msg>
<status status="FAIL" starttime="20230809 12:03:42.096" endtime="20230809 12:03:42.301"/>
</kw>
<kw name="Set Browser Timeout" library="Browser">
<arg>${timeout}</arg>
<tag>Config</tag>
<tag>Setter</tag>
<doc>Sets the timeout used by most input and getter keywords.</doc>
<status status="NOT RUN" starttime="20230809 12:03:42.302" endtime="20230809 12:03:42.302"/>
</kw>
<kw name="New Context" library="Browser">
<tag>BrowserControl</tag>
<tag>Setter</tag>
<doc>Create a new BrowserContext with specified options.</doc>
<status status="NOT RUN" starttime="20230809 12:03:42.302" endtime="20230809 12:03:42.302"/>
</kw>
<kw name="New Page" library="Browser">
<arg>${url}</arg>
<tag>BrowserControl</tag>
<tag>Setter</tag>
<doc>Open a new Page.</doc>
<status status="NOT RUN" starttime="20230809 12:03:42.302" endtime="20230809 12:03:42.302"/>
</kw>
<status status="FAIL" starttime="20230809 12:03:42.096" endtime="20230809 12:03:42.303"/>
</kw>
<kw name="Wait Until Network Is Idle" library="Browser">
<tag>HTTP</tag>
<tag>Wait</tag>
<doc>Waits until there has been at least one instance of 500 ms of no network traffic on the page after loading.</doc>
<status status="NOT RUN" starttime="20230809 12:03:42.303" endtime="20230809 12:03:42.303"/>
</kw>
<kw name="Allow Cookies" library="common">
<doc>Allow Cookies/Toggle Cookie allowance</doc>
<status status="NOT RUN" starttime="20230809 12:03:42.303" endtime="20230809 12:03:42.303"/>
</kw>
<kw name="Set Environment" library="common">
<status status="NOT RUN" starttime="20230809 12:03:42.303" endtime="20230809 12:03:42.304"/>
</kw>
<status status="FAIL" starttime="20230809 12:03:42.095" endtime="20230809 12:03:42.304"/>
</kw>
<kw name="Close Browser" library="Browser" type="TEARDOWN">
<tag>BrowserControl</tag>
<tag>Setter</tag>
<doc>Closes the current browser.</doc>
<msg timestamp="20230809 12:03:42.304" level="TRACE">Arguments: [  ]</msg>
<msg timestamp="20230809 12:03:42.306" level="INFO">No browser open, doing nothing</msg>
<msg timestamp="20230809 12:03:42.306" level="TRACE">Return: None</msg>
<status status="PASS" starttime="20230809 12:03:42.304" endtime="20230809 12:03:42.306"/>
</kw>
<status status="FAIL" starttime="20230809 12:03:42.095" endtime="20230809 12:03:42.306">Setup failed:
Error: browserType.launch: 
╔════════════════════════════════════════════════════════════════════════════════════════════════╗
║ Looks like you launched a headed browser without having a XServer running.                     ║
║ Set either 'headless: true' or use 'xvfb-run &lt;your-playwright-app&gt;' before running Playwright. ║
║                                                                                                ║
║ &lt;3 Playwright Team                                                                             ║
╚════════════════════════════════════════════════════════════════════════════════════════════════╝
=========================== logs ===========================
&lt;launching&gt; /opt/hostedtoolcache/Python/3.11.4/x64/lib/python3.11/site-packages/Browser/wrapper/node_modules/playwright-core/.local-browsers/firefox-1419/firefox/firefox -no-remote -wait-for-browser -foreground -profile /tmp/playwright_firefoxdev_profile-0LGaFO -juggler-pipe -silent
&lt;launched&gt; pid=3408
[pid=3408][err] Error: no DISPLAY environment variable specified
[pid=3408] &lt;process did exit: exitCode=1, signal=null&gt;
[pid=3408] starting temporary directories cleanup
============================================================</status>
</test>
<test id="s1-s1-s1-s1-s2-t4" name="Showing imported passport when the National is not Finland" line="63">
<kw name="Open Browser to Landing Page" library="common" type="SETUP">
<doc>A general startup keyword for opening a browser to the landing page.</doc>
<msg timestamp="20230809 12:03:42.309" level="TRACE">Arguments: [  ]</msg>
<kw name="Open New Browser To URL" library="common">
<arg>${url}</arg>
<msg timestamp="20230809 12:03:42.309" level="TRACE">Arguments: [ ${url}='https://test4.omenahotels.com/en' ]</msg>
<kw name="New Browser" library="Browser">
<arg>${browser}</arg>
<arg>${headless}</arg>
<arg>timeout=${timeout}</arg>
<tag>BrowserControl</tag>
<tag>Setter</tag>
<doc>Create a new playwright Browser with specified options.</doc>
<msg timestamp="20230809 12:03:42.310" level="TRACE">Arguments: [ &lt;SupportedBrowsers.firefox: 2&gt; | False | timeout=datetime.timedelta(seconds=90) ]</msg>
<msg timestamp="20230809 12:03:42.310" level="INFO">{"browser": "firefox", "headless": false, "chromiumSandbox": false, "devtools": false, "handleSIGHUP": true, "handleSIGINT": true, "handleSIGTERM": true, "ignoreDefaultArgs": false, "slowMo": 0.0, "timeout": 90000.0, "tracesDir": "/home/runner/work/nelson-test-automation/nelson-test-automation/reports/test4/browser/traces/20061fe0-98d6-4c48-a34a-591aced365e5"}</msg>
<msg timestamp="20230809 12:03:42.519" level="INFO">Keyword 'Take Screenshot  fail-screenshot-{index}' could not be run on failure:
Error: Tried to take screenshot, but no page was open.</msg>
<msg timestamp="20230809 12:03:42.519" level="INFO">See also file:///home/runner/work/nelson-test-automation/nelson-test-automation/reports/test4/playwright-log.txt for additional details.</msg>
<msg timestamp="20230809 12:03:42.520" level="FAIL">Error: browserType.launch: 
╔════════════════════════════════════════════════════════════════════════════════════════════════╗
║ Looks like you launched a headed browser without having a XServer running.                     ║
║ Set either 'headless: true' or use 'xvfb-run &lt;your-playwright-app&gt;' before running Playwright. ║
║                                                                                                ║
║ &lt;3 Playwright Team                                                                             ║
╚════════════════════════════════════════════════════════════════════════════════════════════════╝
=========================== logs ===========================
&lt;launching&gt; /opt/hostedtoolcache/Python/3.11.4/x64/lib/python3.11/site-packages/Browser/wrapper/node_modules/playwright-core/.local-browsers/firefox-1419/firefox/firefox -no-remote -wait-for-browser -foreground -profile /tmp/playwright_firefoxdev_profile-uR1OnC -juggler-pipe -silent
&lt;launched&gt; pid=3671
[pid=3671][err] Error: no DISPLAY environment variable specified
[pid=3671] &lt;process did exit: exitCode=1, signal=null&gt;
[pid=3671] starting temporary directories cleanup
============================================================</msg>
<msg timestamp="20230809 12:03:42.520" level="DEBUG">Traceback (most recent call last):
  File "/opt/hostedtoolcache/Python/3.11.4/x64/lib/python3.11/site-packages/Browser/playwright.py", line 158, in grpc_channel
    yield playwright_pb2_grpc.PlaywrightStub(self._channel)
  File "/opt/hostedtoolcache/Python/3.11.4/x64/lib/python3.11/site-packages/Browser/keywords/playwright_state.py", line 383, in new_browser
    response = stub.NewBrowser(
               ^^^^^^^^^^^^^^^^
  File "/opt/hostedtoolcache/Python/3.11.4/x64/lib/python3.11/site-packages/grpc/_channel.py", line 1030, in __call__
    return _end_unary_response_blocking(state, call, False, None)
           ^^^^^^^^^^^^^^^^^^^^^^^^^^^^^^^^^^^^^^^^^^^^^^^^^^^^^^
  File "/opt/hostedtoolcache/Python/3.11.4/x64/lib/python3.11/site-packages/grpc/_channel.py", line 910, in _end_unary_response_blocking
    raise _InactiveRpcError(state)  # pytype: disable=not-instantiable
    ^^^^^^^^^^^^^^^^^^^^^^^^^^^^^^
grpc._channel._InactiveRpcError: &lt;_InactiveRpcError of RPC that terminated with:
	status = StatusCode.RESOURCE_EXHAUSTED
	details = "Error: browserType.launch: 
╔════════════════════════════════════════════════════════════════════════════════════════════════╗
║ Looks like you launched a headed browser without having a XServer running.                     ║
║ Set either 'headless: true' or use 'xvfb-run &lt;your-playwright-app&gt;' before running Playwright. ║
║                                                                                                ║
║ &lt;3 Playwright Team                                                                             ║
╚════════════════════════════════════════════════════════════════════════════════════════════════╝
=========================== logs ===========================
&lt;launching&gt; /opt/hostedtoolcache/Python/3.11.4/x64/lib/python3.11/site-packages/Browser/wrapper/node_modules/playwright-core/.local-browsers/firefox-1419/firefox/firefox -no-remote -wait-for-browser -foreground -profile /tmp/playwright_firefoxdev_profile-uR1OnC -juggler-pipe -silent
&lt;launched&gt; pid=3671
[pid=3671][err] Error: no DISPLAY environment variable specified
[pid=3671] &lt;process did exit: exitCode=1, signal=null&gt;
[pid=3671] starting temporary directories cleanup
============================================================"
	debug_error_string = "UNKNOWN:Error received from peer  {created_time:"2023-08-09T12:03:42.516902838+00:00", grpc_status:8, grpc_message:"Error: browserType.launch: \n\xe2\x95\x94\xe2\x95\x90\xe2\x95\x90\xe2\x95\x90\xe2\x95\x90\xe2\x95\x90\xe2\x95\x90\xe2\x95\x90\xe2\x95\x90\xe2\x95\x90\xe2\x95\x90\xe2\x95\x90\xe2\x95\x90\xe2\x95\x90\xe2\x95\x90\xe2\x95\x90\xe2\x95\x90\xe2\x95\x90\xe2\x95\x90\xe2\x95\x90\xe2\x95\x90\xe2\x95\x90\xe2\x95\x90\xe2\x95\x90\xe2\x95\x90\xe2\x95\x90\xe2\x95\x90\xe2\x95\x90\xe2\x95\x90\xe2\x95\x90\xe2\x95\x90\xe2\x95\x90\xe2\x95\x90\xe2\x95\x90\xe2\x95\x90\xe2\x95\x90\xe2\x95\x90\xe2\x95\x90\xe2\x95\x90\xe2\x95\x90\xe2\x95\x90\xe2\x95\x90\xe2\x95\x90\xe2\x95\x90\xe2\x95\x90\xe2\x95\x90\xe2\x95\x90\xe2\x95\x90\xe2\x95\x90\xe2\x95\x90\xe2\x95\x90\xe2\x95\x90\xe2\x95\x90\xe2\x95\x90\xe2\x95\x90\xe2\x95\x90\xe2\x95\x90\xe2\x95\x90\xe2\x95\x90\xe2\x95\x90\xe2\x95\x90\xe2\x95\x90\xe2\x95\x90\xe2\x95\x90\xe2\x95\x90\xe2\x95\x90\xe2\x95\x90\xe2\x95\x90\xe2\x95\x90\xe2\x95\x90\xe2\x95\x90\xe2\x95\x90\xe2\x95\x90\xe2\x95\x90\xe2\x95\x90\xe2\x95\x90\xe2\x95\x90\xe2\x95\x90\xe2\x95\x90\xe2\x95\x90\xe2\x95\x90\xe2\x95\x90\xe2\x95\x90\xe2\x95\x90\xe2\x95\x90\xe2\x95\x90\xe2\x95\x90\xe2\x95\x90\xe2\x95\x90\xe2\x95\x90\xe2\x95\x90\xe2\x95\x90\xe2\x95\x90\xe2\x95\x90\xe2\x95\x90\xe2\x95\x90\xe2\x95\x90\xe2\x95\x97\n\xe2\x95\x91 Looks like you launched a headed browser without having a XServer running.                     \xe2\x95\x91\n\xe2\x95\x91 Set either \'headless: true\' or use \'xvfb-run &lt;your-playwright-app&gt;\' before running Playwright. \xe2\x95\x91\n\xe2\x95\x91                                                                                                \xe2\x95\x91\n\xe2\x95\x91 &lt;3 Playwright Team                                                                             \xe2\x95\x91\n\xe2\x95\x9a\xe2\x95\x90\xe2\x95\x90\xe2\x95\x90\xe2\x95\x90\xe2\x95\x90\xe2\x95\x90\xe2\x95\x90\xe2\x95\x90\xe2\x95\x90\xe2\x95\x90\xe2\x95\x90\xe2\x95\x90\xe2\x95\x90\xe2\x95\x90\xe2\x95\x90\xe2\x95\x90\xe2\x95\x90\xe2\x95\x90\xe2\x95\x90\xe2\x95\x90\xe2\x95\x90\xe2\x95\x90\xe2\x95\x90\xe2\x95\x90\xe2\x95\x90\xe2\x95\x90\xe2\x95\x90\xe2\x95\x90\xe2\x95\x90\xe2\x95\x90\xe2\x95\x90\xe2\x95\x90\xe2\x95\x90\xe2\x95\x90\xe2\x95\x90\xe2\x95\x90\xe2\x95\x90\xe2\x95\x90\xe2\x95\x90\xe2\x95\x90\xe2\x95\x90\xe2\x95\x90\xe2\x95\x90\xe2\x95\x90\xe2\x95\x90\xe2\x95\x90\xe2\x95\x90\xe2\x95\x90\xe2\x95\x90\xe2\x95\x90\xe2\x95\x90\xe2\x95\x90\xe2\x95\x90\xe2\x95\x90\xe2\x95\x90\xe2\x95\x90\xe2\x95\x90\xe2\x95\x90\xe2\x95\x90\xe2\x95\x90\xe2\x95\x90\xe2\x95\x90\xe2\x95\x90\xe2\x95\x90\xe2\x95\x90\xe2\x95\x90\xe2\x95\x90\xe2\x95\x90\xe2\x95\x90\xe2\x95\x90\xe2\x95\x90\xe2\x95\x90\xe2\x95\x90\xe2\x95\x90\xe2\x95\x90\xe2\x95\x90\xe2\x95\x90\xe2\x95\x90\xe2\x95\x90\xe2\x95\x90\xe2\x95\x90\xe2\x95\x90\xe2\x95\x90\xe2\x95\x90\xe2\x95\x90\xe2\x95\x90\xe2\x95\x90\xe2\x95\x90\xe2\x95\x90\xe2\x95\x90\xe2\x95\x90\xe2\x95\x90\xe2\x95\x90\xe2\x95\x90\xe2\x95\x90\xe2\x95\x90\xe2\x95\x9d\
[...]
    raise e
  File "/opt/hostedtoolcache/Python/3.11.4/x64/lib/python3.11/site-packages/Browser/browser.py", line 1084, in run_keyword
    return DynamicCore.run_keyword(self, name, args, kwargs)
           ^^^^^^^^^^^^^^^^^^^^^^^^^^^^^^^^^^^^^^^^^^^^^^^^^
  File "/opt/hostedtoolcache/Python/3.11.4/x64/lib/python3.11/site-packages/robotlibcore.py", line 126, in run_keyword
    return self.keywords[name](*args, **(kwargs or {}))
           ^^^^^^^^^^^^^^^^^^^^^^^^^^^^^^^^^^^^^^^^^^^^
  File "/opt/hostedtoolcache/Python/3.11.4/x64/lib/python3.11/site-packages/Browser/keywords/playwright_state.py", line 382, in new_browser
    with self.playwright.grpc_channel() as stub:
  File "/opt/hostedtoolcache/Python/3.11.4/x64/lib/python3.11/contextlib.py", line 155, in __exit__
    self.gen.throw(typ, value, traceback)
  File "/opt/hostedtoolcache/Python/3.11.4/x64/lib/python3.11/site-packages/Browser/playwright.py", line 162, in grpc_channel
    raise AssertionError(error.details())
AssertionError: Error: browserType.launch: 
╔════════════════════════════════════════════════════════════════════════════════════════════════╗
║ Looks like you launched a headed browser without having a XServer running.                     ║
║ Set either 'headless: true' or use 'xvfb-run &lt;your-playwright-app&gt;' before running Playwright. ║
║                                                                                                ║
║ &lt;3 Playwright Team                                                                             ║
╚════════════════════════════════════════════════════════════════════════════════════════════════╝
=========================== logs ===========================
&lt;launching&gt; /opt/hostedtoolcache/Python/3.11.4/x64/lib/python3.11/site-packages/Browser/wrapper/node_modules/playwright-core/.local-browsers/firefox-1419/firefox/firefox -no-remote -wait-for-browser -foreground -profile /tmp/playwright_firefoxdev_profile-8iolTG -juggler-pipe -silent
&lt;launched&gt; pid=6336
[pid=6336][err] Error: no DISPLAY environment variable specified
[pid=6336] &lt;process did exit: exitCode=1, signal=null&gt;
[pid=6336] starting temporary directories cleanup
============================================================</msg>
<status status="FAIL" starttime="20230809 12:04:46.803" endtime="20230809 12:04:47.016"/>
</kw>
<kw name="Set Browser Timeout" library="Browser">
<arg>${timeout}</arg>
<tag>Config</tag>
<tag>Setter</tag>
<doc>Sets the timeout used by most input and getter keywords.</doc>
<status status="NOT RUN" starttime="20230809 12:04:47.016" endtime="20230809 12:04:47.016"/>
</kw>
<kw name="New Context" library="Browser">
<tag>BrowserControl</tag>
<tag>Setter</tag>
<doc>Create a new BrowserContext with specified options.</doc>
<status status="NOT RUN" starttime="20230809 12:04:47.016" endtime="20230809 12:04:47.016"/>
</kw>
<kw name="New Page" library="Browser">
<arg>${MUI_URL}</arg>
<tag>BrowserControl</tag>
<tag>Setter</tag>
<doc>Open a new Page.</doc>
<status status="NOT RUN" starttime="20230809 12:04:47.017" endtime="20230809 12:04:47.017"/>
</kw>
<status status="FAIL" starttime="20230809 12:04:46.803" endtime="20230809 12:04:47.017"/>
</kw>
<kw name="Log in to Nelson Portal" library="mui">
<status status="NOT RUN" starttime="20230809 12:04:47.017" endtime="20230809 12:04:47.017"/>
</kw>
<kw name="Verify Dashboard Elements" library="mui">
<status status="NOT RUN" starttime="20230809 12:04:47.017" endtime="20230809 12:04:47.018"/>
</kw>
<kw name="Select Environment" library="mui">
<arg>${ENVIRONMENT}</arg>
<status status="NOT RUN" starttime="20230809 12:04:47.018" endtime="20230809 12:04:47.018"/>
</kw>
<status status="FAIL" starttime="20230809 12:04:46.801" endtime="20230809 12:04:47.018">Error: browserType.launch: 
╔════════════════════════════════════════════════════════════════════════════════════════════════╗
║ Looks like you launched a headed browser without having a XServer running.                     ║
║ Set either 'headless: true' or use 'xvfb-run &lt;your-playwright-app&gt;' before running Playwright. ║
║                                                                                                ║
║ &lt;3 Playwright Team                                                                             ║
╚════════════════════════════════════════════════════════════════════════════════════════════════╝
=========================== logs ===========================
&lt;launching&gt; /opt/hostedtoolcache/Python/3.11.4/x64/lib/python3.11/site-packages/Browser/wrapper/node_modules/playwright-core/.local-browsers/firefox-1419/firefox/firefox -no-remote -wait-for-browser -foreground -profile /tmp/playwright_firefoxdev_profile-8iolTG -juggler-pipe -silent
&lt;launched&gt; pid=6336
[pid=6336][err] Error: no DISPLAY environment variable specified
[pid=6336] &lt;process did exit: exitCode=1, signal=null&gt;
[pid=6336] starting temporary directories cleanup
============================================================</status>
</test>
<test id="s1-s2-s3-s1-t5" name="Verify Users Page" line="28">
<kw name="Click" library="Browser">
<arg>//a[contains(@href, "users") and (@class="capitalize")]</arg>
<tag>PageContent</tag>
<tag>Setter</tag>
<doc>Simulates mouse click on the element found by ``selector``.</doc>
<msg timestamp="20230809 12:04:47.020" level="TRACE">Arguments: [ '//a[contains(@href, "users") and (@class="capitalize")]' ]</msg>
<msg timestamp="20230809 12:04:47.021" level="DEBUG">Click options are: {"button": "left", "clickCount": 1, "force": false, "noWaitAfter": false, "trial": false}</msg>
<msg timestamp="20230809 12:04:47.024" level="INFO">Keyword 'Take Screenshot  fail-screenshot-{index}' could not be run on failure:
Error: Tried to take screenshot, but no page was open.</msg>
<msg timestamp="20230809 12:04:47.024" level="INFO">See also file:///home/runner/work/nelson-test-automation/nelson-test-automation/reports/test4/playwright-log.txt for additional details.</msg>
<msg timestamp="20230809 12:04:47.024" level="FAIL">Error: Could not find active page</msg>
<msg timestamp="20230809 12:04:47.025" level="DEBUG">Traceback (most recent call last):
  File "/opt/hostedtoolcache/Python/3.11.4/x64/lib/python3.11/site-packages/Browser/playwright.py", line 158, in grpc_channel
    yield playwright_pb2_grpc.PlaywrightStub(self._channel)
  File "/opt/hostedtoolcache/Python/3.11.4/x64/lib/python3.11/site-packages/Browser/keywords/interaction.py", line 446, in click_with_options
    response = stub.Click(
               ^^^^^^^^^^^
  File "/opt/hostedtoolcache/Python/3.11.4/x64/lib/python3.11/site-packages/grpc/_channel.py", line 1030, in __call__
    return _end_unary_response_blocking(state, call, False, None)
           ^^^^^^^^^^^^^^^^^^^^^^^^^^^^^^^^^^^^^^^^^^^^^^^^^^^^^^
  File "/opt/hostedtoolcache/Python/3.11.4/x64/lib/python3.11/site-packages/grpc/_channel.py", line 910, in _end_unary_response_blocking
    raise _InactiveRpcError(state)  # pytype: disable=not-instantiable
    ^^^^^^^^^^^^^^^^^^^^^^^^^^^^^^
grpc._channel._InactiveRpcError: &lt;_InactiveRpcError of RPC that terminated with:
	status = StatusCode.RESOURCE_EXHAUSTED
	details = "Error: Could not find active page"
	debug_error_string = "UNKNOWN:Error received from peer  {created_time:"2023-08-09T12:04:47.021830442+00:00", grpc_status:8, grpc_message:"Error: Could not find active page"}"
&gt;

During handling of the above exception, another exception occurred:

Traceback (most recent call last):
  File "/opt/hostedtoolcache/Python/3.11.4/x64/lib/python3.11/site-packages/Browser/browser.py", line 1095, in run_keyword
    raise e
  File "/opt/hostedtoolcache/Python/3.11.4/x64/lib/python3.11/site-packages/Browser/browser.py", line 1084, in run_keyword
    return DynamicCore.run_keyword(self, name, args, kwargs)
           ^^^^^^^^^^^^^^^^^^^^^^^^^^^^^^^^^^^^^^^^^^^^^^^^^
  File "/opt/hostedtoolcache/Python/3.11.4/x64/lib/python3.11/site-packages/robotlibcore.py", line 126, in run_keyword
    return self.keywords[name](*args, **(kwargs or {}))
           ^^^^^^^^^^^^^^^^^^^^^^^^^^^^^^^^^^^^^^^^^^^^
  File "/opt/hostedtoolcache/Python/3.11.4/x64/lib/python3.11/site-packages/Browser/keywords/interaction.py", line 366, in click
    self.click_with_options(
  File "/opt/hostedtoolcache/Python/3.11.4/x64/lib/python3.11/site-packages/Browser/keywords/interaction.py", line 428, in click_with_options
    with self.playwright.grpc_channel() as stub:
  File "/opt/hostedtoolcache/Python/3.11.4/x64/lib/python3.11/contextlib.py", line 155, in __exit__
    self.gen.throw(typ, value, traceback)
  File "/opt/hostedtoolcache/Python/3.11.4/x64/lib/python3.11/site-packages/Browser/playwright.py", line 162, in grpc_channel
    raise AssertionError(error.details())
AssertionError: Error: Could not find active page</msg>
<status status="FAIL" starttime="20230809 12:04:47.020" endtime="20230809 12:04:47.025"/>
</kw>
<status status="FAIL" starttime="20230809 12:04:47.020" endtime="20230809 12:04:47.025">Error: Could not find active page</status>
</test>
<test id="s1-s2-s3-s1-t6" name="Verify User Profile" line="31">
<kw name="Click" library="Browser">
<arg>(//span[contains(@class, "avatar")])[0]</arg>
<tag>PageContent</tag>
<tag>Setter</tag>
<doc>Simulates mouse click on the element found by ``selector``.</doc>
<msg timestamp="20230809 12:04:47.027" level="TRACE">Arguments: [ '(//span[contains(@class, "avatar")])[0]' ]</msg>
<msg timestamp="20230809 12:04:47.028" level="DEBUG">Click options are: {"button": "left", "clickCount": 1, "force": false, "noWaitAfter": false, "trial": false}</msg>
<msg timestamp="20230809 12:04:47.030" level="INFO">Keyword 'Take Screenshot  fail-screenshot-{index}' could not be run on failure:
Error: Tried to take screenshot, but no page was open.</msg>
<msg timestamp="20230809 12:04:47.030" level="INFO">See also file:///home/runner/work/nelson-test-automation/nelson-test-automation/reports/test4/playwright-log.txt for additional details.</msg>
<msg timestamp="20230809 12:04:47.031" level="FAIL">Error: Could not find active page</msg>
<msg timestamp="20230809 12:04:47.031" level="DEBUG">Traceback (most recent call last):
  File "/opt/hostedtoolcache/Python/3.11.4/x64/lib/python3.11/site-packages/Browser/playwright.py", line 158, in grpc_channel
    yield playwright_pb2_grpc.PlaywrightStub(self._channel)
  File "/opt/hostedtoolcache/Python/3.11.4/x64/lib/python3.11/site-packages/Browser/keywords/interaction.py", line 446, in click_with_options
    response = stub.Click(
               ^^^^^^^^^^^
  File "/opt/hostedtoolcache/Python/3.11.4/x64/lib/python3.11/site-packages/grpc/_channel.py", line 1030, in __call__
    return _end_unary_response_blocking(state, call, False, None)
           ^^^^^^^^^^^^^^^^^^^^^^^^^^^^^^^^^^^^^^^^^^^^^^^^^^^^^^
  File "/opt/hostedtoolcache/Python/3.11.4/x64/lib/python3.11/site-packages/grpc/_channel.py", line 910, in _end_unary_response_blocking
    raise _InactiveRpcError(state)  # pytype: disable=not-instantiable
    ^^^^^^^^^^^^^^^^^^^^^^^^^^^^^^
grpc._channel._InactiveRpcError: &lt;_InactiveRpcError of RPC that terminated with:
	status = StatusCode.RESOURCE_EXHAUSTED
	details = "Error: Could not find active page"
	debug_error_string = "UNKNOWN:Error received from peer  {grpc_message:"Error: Could not find active page", grpc_status:8, created_time:"2023-08-09T12:04:47.028762067+00:00"}"
&gt;

During handling of the above exception, another exception occurred:

Traceback (most recent call last):
  File "/opt/hostedtoolcache/Python/3.11.4/x64/lib/python3.11/site-packages/Browser/browser.py", line 1095, in run_keyword
    raise e
  File "/opt/hostedtoolcache/Python/3.11.4/x64/lib/python3.11/site-packages/Browser/browser.py", line 1084, in run_keyword
    return DynamicCore.run_keyword(self, name, args, kwargs)
           ^^^^^^^^^^^^^^^^^^^^^^^^^^^^^^^^^^^^^^^^^^^^^^^^^
  File "/opt/hostedtoolcache/Python/3.11.4/x64/lib/python3.11/site-packages/robotlibcore.py", line 126, in run_keyword
    return self.keywords[name](*args, **(kwargs or {}))
           ^^^^^^^^^^^^^^^^^^^^^^^^^^^^^^^^^^^^^^^^^^^^
  File "/opt/hostedtoolcache/Python/3.11.4/x64/lib/python3.11/site-packages/Browser/keywords/interaction.py", line 366, in click
    self.click_with_options(
  File "/opt/hostedtoolcache/Python/3.11.4/x64/lib/python3.11/site-packages/Browser/keywords/interaction.py", line 428, in click_with_options
    with self.playwright.grpc_channel() as stub:
  File "/opt/hostedtoolcache/Python/3.11.4/x64/lib/python3.11/contextlib.py", line 155, in __exit__
    self.gen.throw(typ, value, traceback)
  File "/opt/hostedtoolcache/Python/3.11.4/x64/lib/python3.11/site-packages/Browser/playwright.py", line 162, in grpc_channel
    raise AssertionError(error.details())
AssertionError: Error: Could not find active page</msg>
<status status="FAIL" starttime="20230809 12:04:47.027" endtime="20230809 12:04:47.031"/>
</kw>
<status status="FAIL" starttime="20230809 12:04:47.027" endtime="20230809 12:04:47.032">Error: Could not find active page</status>
</test>
<test id="s1-s2-s3-s1-t7" name="Log Out" line="34">
<kw name="Click" library="Browser">
<arg>(//img[contains(@src, "signout")][0]</arg>
<tag>PageContent</tag>
<tag>Setter</tag>
<doc>Simulates mouse click on the element found by ``selector``.</doc>
<msg timestamp="20230809 12:04:47.034" level="TRACE">Arguments: [ '(//img[contains(@src, "signout")][0]' ]</msg>
<msg timestamp="20230809 12:04:47.034" level="DEBUG">Click options are: {"button": "left", "clickCount": 1, "force": false, "noWaitAfter": false, "trial": false}</msg>
<msg timestamp="20230809 12:04:47.037" level="INFO">Keyword 'Take Screenshot  fail-screenshot-{index}' could not be run on failure:
Error: Tried to take screenshot, but no page was open.</msg>
<msg timestamp="20230809 12:04:47.037" level="INFO">See also file:///home/runner/work/nelson-test-automation/nelson-test-automation/reports/test4/playwright-log.txt for additional details.</msg>
<msg timestamp="20230809 12:04:47.037" level="FAIL">Error: Could not find active page</msg>
<msg timestamp="20230809 12:04:47.038" level="DEBUG">Traceback (most recent call last):
  File "/opt/hostedtoolcache/Python/3.11.4/x64/lib/python3.11/site-packages/Browser/playwright.py", line 158, in grpc_channel
    yield playwright_pb2_grpc.PlaywrightStub(self._channel)
  File "/opt/hostedtoolcache/Python/3.11.4/x64/lib/python3.11/site-packages/Browser/keywords/interaction.py", line 446, in click_with_options
    response = stub.Click(
               ^^^^^^^^^^^
  File "/opt/hostedtoolcache/Python/3.11.4/x64/lib/python3.11/site-packages/grpc/_channel.py", line 1030, in __call__
    return _end_unary_response_blocking(state, call, False, None)
           ^^^^^^^^^^^^^^^^^^^^^^^^^^^^^^^^^^^^^^^^^^^^^^^^^^^^^^
  File "/opt/hostedtoolcache/Python/3.11.4/x64/lib/python3.11/site-packages/grpc/_channel.py", line 910, in _end_unary_response_blocking
    raise _InactiveRpcError(state)  # pytype: disable=not-instantiable
    ^^^^^^^^^^^^^^^^^^^^^^^^^^^^^^
grpc._channel._InactiveRpcError: &lt;_InactiveRpcError of RPC that terminated with:
	status = StatusCode.RESOURCE_EXHAUSTED
	details = "Error: Could not find active page"
	debug_error_string = "UNKNOWN:Error received from peer  {grpc_message:"Error: Could not find active page", grpc_status:8, created_time:"2023-08-09T12:04:47.035081618+00:00"}"
&gt;

During handling of the above exception, another exception occurred:

Traceback (most recent call last):
  File "/opt/hostedtoolcache/Python/3.11.4/x64/lib/python3.11/site-packages/Browser/browser.py", line 1095, in run_keyword
    raise e
  File "/opt/hostedtoolcache/Python/3.11.4/x64/lib/python3.11/site-packages/Browser/browser.py", line 1084, in run_keyword
    return DynamicCore.run_keyword(self, name, args, kwargs)
           ^^^^^^^^^^^^^^^^^^^^^^^^^^^^^^^^^^^^^^^^^^^^^^^^^
  File "/opt/hostedtoolcache/Python/3.11.4/x64/lib/python3.11/site-packages/robotlibcore.py", line 126, in run_keyword
    return self.keywords[name](*args, **(kwargs or {}))
           ^^^^^^^^^^^^^^^^^^^^^^^^^^^^^^^^^^^^^^^^^^^^
  File "/opt/hostedtoolcache/Python/3.11.4/x64/lib/python3.11/site-packages/Browser/keywords/interaction.py", line 366, in click
    self.click_with_options(
  File "/opt/hostedtoolcache/Python/3.11.4/x64/lib/python3.11/site-packages/Browser/keywords/interaction.py", line 428, in click_with_options
    with self.playwright.grpc_channel() as stub:
  File "/opt/hostedtoolcache/Python/3.11.4/x64/lib/python3.11/contextlib.py", line 155, in __exit__
    self.gen.throw(typ, value, traceback)
  File "/opt/hostedtoolcache/Python/3.11.4/x64/lib/python3.11/site-packages/Browser/playwright.py", line 162, in grpc_channel
    raise AssertionError(error.details())
AssertionError: Error: Could not find active page</msg>
<status status="FAIL" starttime="20230809 12:04:47.034" endtime="20230809 12:04:47.038"/>
</kw>
<status status="FAIL" starttime="20230809 12:04:47.033" endtime="20230809 12:04:47.038">Error: Could not find active page</status>
</test>
<kw name="Close Browser" library="Browser" type="TEARDOWN">
<tag>BrowserControl</tag>
<tag>Setter</tag>
<doc>Closes the current browser.</doc>
<msg timestamp="20230809 12:04:47.040" level="TRACE">Arguments: [  ]</msg>
<msg timestamp="20230809 12:04:47.041" level="INFO">No browser open, doing nothing</msg>
<msg timestamp="20230809 12:04:47.041" level="TRACE">Return: None</msg>
<status status="PASS" starttime="20230809 12:04:47.040" endtime="20230809 12:04:47.041"/>
</kw>
<doc>This file contains smoke tests for MUI</doc>
<status status="FAIL" starttime="20230809 12:04:46.124" endtime="20230809 12:04:47.041"/>
</suite>
<status status="FAIL" starttime="20230809 12:04:46.123" endtime="20230809 12:04:47.045"/>
</suite>
<status status="FAIL" starttime="20230809 12:03:42.797" endtime="20230809 12:04:47.046"/>
</suite>
<doc>Argument file for running tests on Omena test4 environment (test4)</doc>
<status status="FAIL" starttime="20230809 12:03:40.371" endtime="20230809 12:04:47.047"/>
</suite>
<statistics>
<total>
<stat pass="2" fail="29" skip="0">All Tests</stat>
</total>
<tag>
<stat pass="2" fail="7" skip="0">exhibition_court</stat>
<stat pass="0" fail="2" skip="0">smoke</stat>
<stat pass="0" fail="7" skip="0">smoke, booking, BUI2-556, online-checkin</stat>
</tag>
<suite>
<stat pass="2" fail="29" skip="0" id="s1" name="Testsuites">Testsuites</stat>
<stat pass="0" fail="13" skip="0" id="s1-s1" name="BUI">Testsuites.BUI</stat>
<stat pass="0" fail="11" skip="0" id="s1-s1-s1" name="Feature">Testsuites.BUI.Feature</stat>
<stat pass="0" fail="11" skip="0" id="s1-s1-s1-s1" name="Online Check In">Testsuites.BUI.Feature.Online Check In</stat>
<stat pass="0" fail="7" skip="0" id="s1-s1-s1-s1-s1" name="BUI2-556">Testsuites.BUI.Feature.Online Check In.BUI2-556</stat>
<stat pass="0" fail="4" skip="0" id="s1-s1-s1-s1-s2" name="BUI2-557">Testsuites.BUI.Feature.Online Check In.BUI2-557</stat>
<stat pass="0" fail="2" skip="0" id="s1-s1-s2" name="Regression">Testsuites.BUI.Regression</stat>
<stat pass="0" fail="2" skip="0" id="s1-s1-s2-s1" name="Create Booking">Testsuites.BUI.Regression.Create Booking</stat>
<stat pass="2" fail="16" skip="0" id="s1-s2" name="MUI">Testsuites.MUI</stat>
<stat pass="2" fail="7" skip="0" id="s1-s2-s1" name="EC">Testsuites.MUI.EC</stat>
<stat pass="2" fail="7" skip="0" id="s1-s2-s1-s1" name="Smoke">Testsuites.MUI.EC.Smoke</stat>
<stat pass="0" fail="2" skip="0" id="s1-s2-s2" name="Feature">Testsuites.MUI.Feature</stat>
<stat pass="0" fail="2" skip="0" id="s1-s2-s2-s1" name="MUI-430">Testsuites.MUI.Feature.MUI-430</stat>
<stat pass="0" fail="7" skip="0" id="s1-s2-s3" name="Regression">Testsuites.MUI.Regression</stat>
<stat pass="0" fail="7" skip="0" id="s1-s2-s3-s1" name="Smoke">Testsuites.MUI.Regression.Smoke</stat>
</suite>
</statistics>
<errors>
</errors>
</robot>
