<?xml version="1.0" encoding="UTF-8"?>
<robot generator="Robot 6.1.1 (Python 3.11.6 on linux)" generated="20231030 17:38:27.572" rpa="false" schemaversion="4">
<suite id="s1" name="Testsuites" source="/home/runner/work/nelson-test-automation/nelson-test-automation/testsuites">
<suite id="s1-s1" name="BUI" source="/home/runner/work/nelson-test-automation/nelson-test-automation/testsuites/BUI">
<suite id="s1-s1-s1" name="Regression" source="/home/runner/work/nelson-test-automation/nelson-test-automation/testsuites/BUI/regression">
<suite id="s1-s1-s1-s1" name="Create Booking" source="/home/runner/work/nelson-test-automation/nelson-test-automation/testsuites/BUI/regression/create_booking.robot">
<kw name="Open Browser to Landing Page" library="common" type="SETUP">
<doc>A general startup keyword for opening a browser to the landing page.</doc>
<msg timestamp="20231030 17:38:29.054" level="TRACE">Arguments: [  ]</msg>
<kw name="Log To Console" library="BuiltIn">
<arg>Environment: ${environment}</arg>
<doc>Logs the given message to the console.</doc>
<msg timestamp="20231030 17:38:29.054" level="TRACE">Arguments: [ 'Environment: test4' ]</msg>
<msg timestamp="20231030 17:38:29.055" level="TRACE">Return: None</msg>
<status status="PASS" starttime="20231030 17:38:29.054" endtime="20231030 17:38:29.055"/>
</kw>
<if>
<branch type="IF" condition="'${environment}' == 'test3'">
<kw name="Set Suite Variable" library="BuiltIn">
<arg>${url.landing.page}</arg>
<arg>https://test3.omenahotels.com/en</arg>
<doc>Makes a variable available everywhere within the scope of the current suite.</doc>
<status status="NOT RUN" starttime="20231030 17:38:29.055" endtime="20231030 17:38:29.055"/>
</kw>
<status status="NOT RUN" starttime="20231030 17:38:29.055" endtime="20231030 17:38:29.056"/>
</branch>
<branch type="ELSE IF" condition="'${environment}' == 'ks_test'">
<kw name="Set Suite Variable" library="BuiltIn">
<arg>${url.landing.page}</arg>
<arg>https://test.kensingtonstay.com/en</arg>
<doc>Makes a variable available everywhere within the scope of the current suite.</doc>
<status status="NOT RUN" starttime="20231030 17:38:29.056" endtime="20231030 17:38:29.056"/>
</kw>
<status status="NOT RUN" starttime="20231030 17:38:29.056" endtime="20231030 17:38:29.056"/>
</branch>
<branch type="ELSE IF" condition="'${environment}' == 'salo_test'">
<kw name="Set Suite Variable" library="BuiltIn">
<arg>${url.landing.page}</arg>
<arg>https://test.kensingtonstay.com/en</arg>
<doc>Makes a variable available everywhere within the scope of the current suite.</doc>
<status status="NOT RUN" starttime="20231030 17:38:29.057" endtime="20231030 17:38:29.057"/>
</kw>
<status status="NOT RUN" starttime="20231030 17:38:29.056" endtime="20231030 17:38:29.057"/>
</branch>
<branch type="ELSE IF" condition="'${environment}' == 'test4'">
<kw name="Set Suite Variable" library="BuiltIn">
<arg>${url.landing.page}</arg>
<arg>https://test4.omenahotels.com/en</arg>
<doc>Makes a variable available everywhere within the scope of the current suite.</doc>
<msg timestamp="20231030 17:38:29.057" level="TRACE">Arguments: [ '${url.landing.page}' | 'https://test4.omenahotels.com/en' ]</msg>
<msg timestamp="20231030 17:38:29.057" level="INFO">${url.landing.page} = https://test4.omenahotels.com/en</msg>
<msg timestamp="20231030 17:38:29.057" level="TRACE">Return: None</msg>
<status status="PASS" starttime="20231030 17:38:29.057" endtime="20231030 17:38:29.058"/>
</kw>
<status status="PASS" starttime="20231030 17:38:29.057" endtime="20231030 17:38:29.058"/>
</branch>
<status status="PASS" starttime="20231030 17:38:29.055" endtime="20231030 17:38:29.058"/>
</if>
<kw name="Open New Browser To URL" library="common">
<arg>${url.landing.page}</arg>
<msg timestamp="20231030 17:38:29.058" level="TRACE">Arguments: [ ${url}='https://test4.omenahotels.com/en' ]</msg>
<kw name="New Browser" library="Browser">
<arg>${browser}</arg>
<arg>${headless}</arg>
<arg>timeout=${timeout}</arg>
<arg>downloadsPath=${EXECDIR}/resources/downloads</arg>
<tag>BrowserControl</tag>
<tag>Setter</tag>
<doc>Create a new playwright Browser with specified options.</doc>
<msg timestamp="20231030 17:38:29.059" level="TRACE">Arguments: [ &lt;SupportedBrowsers.firefox: 2&gt; | False | timeout=datetime.timedelta(seconds=30) | downloadsPath='/home/runner/work/nelson-test-automation/nelson-test-automation/resources/downloads' ]</msg>
<msg timestamp="20231030 17:38:29.060" level="INFO">{"browser": "firefox", "headless": false, "chromiumSandbox": false, "devtools": false, "downloadsPath": "/home/runner/work/nelson-test-automation/nelson-test-automation/resources/downloads", "handleSIGHUP": true, "handleSIGINT": true, "handleSIGTERM": true, "slowMo": 0.0, "timeout": 30000.0, "tracesDir": "/home/runner/work/nelson-test-automation/nelson-test-automation/reports/test4/browser/traces/2a75de05-809d-42af-81b3-7da3b5d298c8"}</msg>
<msg timestamp="20231030 17:38:29.350" level="INFO">Keyword 'Take Screenshot  fail-screenshot-{index}' could not be run on failure:
Error: Tried to take screenshot, but no page was open.</msg>
<msg timestamp="20231030 17:38:29.350" level="INFO">See also file:///home/runner/work/nelson-test-automation/nelson-test-automation/reports/test4/playwright-log.txt for additional details.</msg>
<msg timestamp="20231030 17:38:29.350" level="FAIL">Error: browserType.launch: 
╔════════════════════════════════════════════════════════════════════════════════════════════════╗
║ Looks like you launched a headed browser without having a XServer running.                     ║
║ Set either 'headless: true' or use 'xvfb-run &lt;your-playwright-app&gt;' before running Playwright. ║
║                                                                                                ║
║ &lt;3 Playwright Team                                                                             ║
╚════════════════════════════════════════════════════════════════════════════════════════════════╝
=========================== logs ===========================
&lt;launching&gt; /opt/hostedtoolcache/Python/3.11.6/x64/lib/python3.11/site-packages/Browser/wrapper/node_modules/playwright-core/.local-browsers/firefox-1425/firefox/firefox -no-remote -wait-for-browser -foreground -profile /tmp/playwright_firefoxdev_profile-5RfnvO -juggler-pipe -silent
&lt;launched&gt; pid=9978
[pid=9978][err] Error: no DISPLAY environment variable specified
[pid=9978] &lt;process did exit: exitCode=1, signal=null&gt;
[pid=9978] starting temporary directories cleanup
============================================================</msg>
<msg timestamp="20231030 17:38:29.353" level="DEBUG">Traceback (most recent call last):
  File "/opt/hostedtoolcache/Python/3.11.6/x64/lib/python3.11/site-packages/Browser/playwright.py", line 158, in grpc_channel
    yield playwright_pb2_grpc.PlaywrightStub(self._channel)
  File "/opt/hostedtoolcache/Python/3.11.6/x64/lib/python3.11/site-packages/Browser/keywords/playwright_state.py", line 405, in new_browser
    response = stub.NewBrowser(
               ^^^^^^^^^^^^^^^^
  File "/opt/hostedtoolcache/Python/3.11.6/x64/lib/python3.11/site-packages/grpc/_channel.py", line 1161, in __call__
    return _end_unary_response_blocking(state, call, False, None)
           ^^^^^^^^^^^^^^^^^^^^^^^^^^^^^^^^^^^^^^^^^^^^^^^^^^^^^^
  File "/opt/hostedtoolcache/Python/3.11.6/x64/lib/python3.11/site-packages/grpc/_channel.py", line 1004, in _end_unary_response_blocking
    raise _InactiveRpcError(state)  # pytype: disable=not-instantiable
    ^^^^^^^^^^^^^^^^^^^^^^^^^^^^^^
grpc._channel._InactiveRpcError: &lt;_InactiveRpcError of RPC that terminated with:
	status = StatusCode.RESOURCE_EXHAUSTED
	details = "Error: browserType.launch: 
╔════════════════════════════════════════════════════════════════════════════════════════════════╗
║ Looks like you launched a headed browser without having a XServer running.                     ║
║ Set either 'headless: true' or use 'xvfb-run &lt;your-playwright-app&gt;' before running Playwright. ║
║                                                                                                ║
║ &lt;3 Playwright Team                                                                             ║
╚════════════════════════════════════════════════════════════════════════════════════════════════╝
=========================== logs ===========================
&lt;launching&gt; /opt/hostedtoolcache/Python/3.11.6/x64/lib/python3.11/site-packages/Browser/wrapper/node_modules/playwright-core/.local-browsers/firefox-1425/firefox/firefox -no-remote -wait-for-browser -foreground -profile /tmp/playwright_firefoxdev_profile-5RfnvO -juggler-pipe -silent
&lt;launched&gt; pid=9978
[pid=9978][err] Error: no DISPLAY environment variable specified
[pid=9978] &lt;process did exit: exitCode=1, signal=null&gt;
[pid=9978] starting temporary directories cleanup
============================================================"
	debug_error_string = "UNKNOWN:Error received from peer  {created_time:"2023-10-30T17:38:29.345677733+00:00", grpc_status:8, grpc_message:"Error: browserType.launch: \n\xe2\x95\x94\xe2\x95\x90\xe2\x95\x90\xe2\x95\x90\xe2\x95\x90\xe2\x95\x90\xe2\x95\x90\xe2\x95\x90\xe2\x95\x90\xe2\x95\x90\xe2\x95\x90\xe2\x95\x90\xe2\x95\x90\xe2\x95\x90\xe2\x95\x90\xe2\x95\x90\xe2\x95\x90\xe2\x95\x90\xe2\x95\x90\xe2\x95\x90\xe2\x95\x90\xe2\x95\x90\xe2\x95\x90\xe2\x95\x90\xe2\x95\x90\xe2\x95\x90\xe2\x95\x90\xe2\x95\x90\xe2\x95\x90\xe2\x95\x90\xe2\x95\x90\xe2\x95\x90\xe2\x95\x90\xe2\x95\x90\xe2\x95\x90\xe2\x95\x90\xe2\x95\x90\xe2\x95\x90\xe2\x95\x90\xe2\x95\x90\xe2\x95\x90\xe2\x95\x90\xe2\x95\x90\xe2\x95\x90\xe2\x95\x90\xe2\x95\x90\xe2\x95\x90\xe2\x95\x90\xe2\x95\x90\xe2\x95\x90\xe2\x95\x90\xe2\x95\x90\xe2\x95\x90\xe2\x95\x90\xe2\x95\x90\xe2\x95\x90\xe2\x95\x90\xe2\x95\x90\xe2\x95\x90\xe2\x95\x90\xe2\x95\x90\xe2\x95\x90\xe2\x95\x90\xe2\x95\x90\xe2\x95\x90\xe2\x95\x90\xe2\x95\x90\xe2\x95\x90\xe2\x95\x90\xe2\x95\x90\xe2\x95\x90\xe2\x95\x90\xe2\x95\x90\xe2\x95\x90\xe2\x95\x90\xe2\x95\x90\xe2\x95\x90\xe2\x95\x90\xe2\x95\x90\xe2\x95\x90\xe2\x95\x90\xe2\x95\x90\xe2\x95\x90\xe2\x95\x90\xe2\x95\x90\xe2\x95\x90\xe2\x95\x90\xe2\x95\x90\xe2\x95\x90\xe2\x95\x90\xe2\x95\x90\xe2\x95\x90\xe2\x95\x90\xe2\x95\x90\xe2\x95\x90\xe2\x95\x90\xe2\x95\x90\xe2\x95\x97\n\xe2\x95\x91 Looks like you launched a headed browser without having a XServer running.                     \xe2\x95\x91\n\xe2\x95\x91 Set either \'headless: true\' or use \'xvfb-run &lt;your-playwright-app&gt;\' before running Playwright. \xe2\x95\x91\n\xe2\x95\x91                                                                                                \xe2\x95\x91\n\xe2\x95\x91 &lt;3 Playwright Team                                                                             \xe2\x95\x91\n\xe2\x95\x9a\xe2\x95\x90\xe2\x95\x90\xe2\x95\x90\xe2\x95\x90\xe2\x95\x90\xe2\x95\x90\xe2\x95\x90\xe2\x95\x90\xe2\x95\x90\xe2\x95\x90\xe2\x95\x90\xe2\x95\x90\xe2\x95\x90\xe2\x95\x90\xe2\x95\x90\xe2\x95\x90\xe2\x95\x90\xe2\x95\x90\xe2\x95\x90\xe2\x95\x90\xe2\x95\x90\xe2\x95\x90\xe2\x95\x90\xe2\x95\x90\xe2\x95\x90\xe2\x95\x90\xe2\x95\x90\xe2\x95\x90\xe2\x95\x90\xe2\x95\x90\xe2\x95\x90\xe2\x95\x90\xe2\x95\x90\xe2\x95\x90\xe2\x95\x90\xe2\x95\x90\xe2\x95\x90\xe2\x95\x90\xe2\x95\x90\xe2\x95\x90\xe2\x95\x90\xe2\x95\x90\xe2\x95\x90\xe2\x95\x90\xe2\x95\x90\xe2\x95\x90\xe2\x95\x90\xe2\x95\x90\xe2\x95\x90\xe2\x95\x90\xe2\x95\x90\xe2\x95\x90\xe2\x95\x90\xe2\x95\x90\xe2\x95\x90\xe2\x95\x90\xe2\x95\x90\xe2\x95\x90\xe2\x95\x90\xe2\x95\x90\xe2\x95\x90\xe2\x95\x90\xe2\x95\x90\xe2\x95\x90\xe2\x95\x90\xe2\x95\x90\xe2\x95\x90\xe2\x95\x90\xe2\x95\x90\xe2\x95\x90\xe2\x95\x90\xe2\x95\x90\xe2\x95\x90\xe2\x95\x90\xe2\x95\x90\xe2\x95\x90\xe2\x95\x90\xe2\x95\x90\xe2\x95\x90\xe2\x95\x90\xe2\x95\x90\xe2\x95\x90\xe2\x95\x90\xe2\x95\x90\xe2\x95\x90\xe2\x95\x90\xe2\x95\x90\xe2\x95\x90\xe2\x95\x90\xe2\x95\x90\xe2\x95\x90\xe2\x95\x90\xe2\x95\x90\xe2\x95\x90\xe2\x95\x90\xe2\x95\x90\xe2\x95\x9d\n=========================== logs ===========================\n&lt;launching&gt; /opt/hostedtoolcache/Python/3.11.6/x64/lib/python3.11/site-packages/Browser/wrapper/node_modules/playwright-core/.local-browsers/firefox-1425/firefox/firefox -no-remote -wait-for-browser -foreground -profile /tmp/playwright_firefoxdev_profile-5RfnvO -juggler-pipe -silent\n&lt;launched&gt; pid=9978\n[pid=9978][err] Error: no DISPLAY environment variable specified\n[pid=9978] &lt;process did exit: exitCode=1, signal=null&gt;\n[pid=9978] starting temporary directories cleanup\n============================================================"}"
&gt;

During handling of the above exception, another exception occurred:

Traceback (most recent call last):
  File "/opt/hostedtoolcache/Python/3.11.6/x64/lib/python3.11/site-packages/Browser/browser.py", line 1096, in run_keyword
    raise e
  File "/opt/hostedtoolcache/Python/3.11.6/x64/lib/python3.11/site-packages/Browser/browser.py", line 1085, in run_keyword
    return DynamicCore.run_keyword(self, name, args, kwargs)
           ^^^^^^^^^^^^^^^^^^^^^^^^^^^^^^^^^^^^^^^^^^^^^^^^^
  File "/opt/hostedtoolcache/Python/3.11.6/x64/lib/python3.11/site-packages/robotlibcore.py", line 126, in run_keyword
    return self.keywords[name](*args, **(kwargs or {}))
           ^^^^^^^^^^^^^^^^^^^^^^^^^^^^^^^^^^^^^^^^^^^^
  File "/opt/hostedtoolcache/Python/3.11.6/x64/lib/python3.11/site-packages/Browser/keywords/playwright_state.py", line 404, in new_browser
    with self.playwright.grpc_channel() as stub:
  File "/opt/hostedtoolcache/Python/3.11.6/x64/lib/python3.11/contextlib.py", line 155, in __exit__
    self.gen.throw(typ, value, traceback)
  File "/opt/hostedtoolcache/Python/3.11.6/x64/lib/python3.11/site-packages/Browser/playwright.py", line 162, in grpc_channel
    raise AssertionError(error.details())
AssertionError: Error: browserType.launch: 
╔════════════════════════════════════════════════════════════════════════════════════════════════╗
║ Looks like you launched a headed browser without having a XServer running.                     ║
║ Set either 'headless: true' or use 'xvfb-run &lt;your-playwright-app&gt;' before running Playwright. ║
║                                                                                                ║
║ &lt;3 Playwright Team                                                                             ║
╚════════════════════════════════════════════════════════════════════════════════════════════════╝
=========================== logs ===========================
&lt;launching&gt; /opt/hostedtoolcache/Python/3.11.6/x64/lib/python3.11/site-packages/Browser/wrapper/node_modules/playwright-core/.local-browsers/firefox-1425/firefox/firefox -no-remote -wait-for-browser -foreground -profile /tmp/playwright_firefoxdev_profile-5RfnvO -juggler-pipe -silent
&lt;launched&gt; pid=9978
[pid=9978][err] Error: no DISPLAY environment variable specified
[pid=9978] &lt;process did exit: exitCode=1, signal=null&gt;
[pid=9978] starting temporary directories cleanup
============================================================</msg>
<status status="FAIL" starttime="20231030 17:38:29.058" endtime="20231030 17:38:29.354"/>
</kw>
<kw name="Set Browser Timeout" library="Browser">
<arg>${timeout}</arg>
<tag>Config</tag>
<tag>Setter</tag>
<doc>Sets the timeout used by most input and getter keywords.</doc>
<status status="NOT RUN" starttime="20231030 17:38:29.354" endtime="20231030 17:38:29.354"/>
</kw>
<kw name="New Context" library="Browser">
<arg>acceptDownloads=True</arg>
<tag>BrowserControl</tag>
<tag>Setter</tag>
<doc>Create a new BrowserContext with specified options.</doc>
<status status="NOT RUN" starttime="20231030 17:38:29.354" endtime="20231030 17:38:29.354"/>
</kw>
<kw name="New Page" library="Browser">
<arg>${url}</arg>
<tag>BrowserControl</tag>
<tag>Setter</tag>
<doc>Open a new Page.</doc>
<status status="NOT RUN" starttime="20231030 17:38:29.355" endtime="20231030 17:38:29.355"/>
</kw>
<status status="FAIL" starttime="20231030 17:38:29.058" endtime="20231030 17:38:29.355"/>
</kw>
<kw name="Allow Cookies" library="common">
<doc>Allow Cookies/Toggle Cookie allowance</doc>
<status status="NOT RUN" starttime="20231030 17:38:29.355" endtime="20231030 17:38:29.355"/>
</kw>
<kw name="Set Environment" library="common">
<doc>A keyword that gets the environment from URL and checks it is the same as variable</doc>
<status status="NOT RUN" starttime="20231030 17:38:29.355" endtime="20231030 17:38:29.355"/>
</kw>
<status status="FAIL" starttime="20231030 17:38:29.053" endtime="20231030 17:38:29.356"/>
</kw>
<test id="s1-s1-s1-s1-t1" name="Create A New Booking as" line="12">
<doc>A new booker opens the page and does a successful booking</doc>
<tag>smoke</tag>
<status status="FAIL" starttime="20231030 17:38:29.356" endtime="20231030 17:38:29.356">Parent suite setup failed:
Error: browserType.launch: 
╔════════════════════════════════════════════════════════════════════════════════════════════════╗
║ Looks like you launched a headed browser without having a XServer running.                     ║
║ Set either 'headless: true' or use 'xvfb-run &lt;your-playwright-app&gt;' before running Playwright. ║
║                                                                                                ║
║ &lt;3 Playwright Team                                                                             ║
╚════════════════════════════════════════════════════════════════════════════════════════════════╝
=========================== logs ===========================
&lt;launching&gt; /opt/hostedtoolcache/Python/3.11.6/x64/lib/python3.11/site-packages/Browser/wrapper/node_modules/playwright-core/.local-browsers/firefox-1425/firefox/firefox -no-remote -wait-for-browser -foreground -profile /tmp/playwright_firefoxdev_profile-5RfnvO -juggler-pipe -silent
&lt;launched&gt; pid=9978
[pid=9978][err] Error: no DISPLAY environment variable specified
[pid=9978] &lt;process did exit: exitCode=1, signal=null&gt;
[pid=9978] starting temporary directories cleanup
============================================================</status>
</test>
<test id="s1-s1-s1-s1-t2" name="Confirm Email and Open Link" line="26">
<doc>A new booker receives an email with a link to modify the booking</doc>
<tag>smoke</tag>
<status status="FAIL" starttime="20231030 17:38:29.360" endtime="20231030 17:38:29.360">Parent suite setup failed:
Error: browserType.launch: 
╔════════════════════════════════════════════════════════════════════════════════════════════════╗
║ Looks like you launched a headed browser without having a XServer running.                     ║
║ Set either 'headless: true' or use 'xvfb-run &lt;your-playwright-app&gt;' before running Playwright. ║
║                                                                                                ║
║ &lt;3 Playwright Team                                                                             ║
╚════════════════════════════════════════════════════════════════════════════════════════════════╝
=========================== logs ===========================
&lt;launching&gt; /opt/hostedtoolcache/Python/3.11.6/x64/lib/python3.11/site-packages/Browser/wrapper/node_modules/playwright-core/.local-browsers/firefox-1425/firefox/firefox -no-remote -wait-for-browser -foreground -profile /tmp/playwright_firefoxdev_profile-5RfnvO -juggler-pipe -silent
&lt;launched&gt; pid=9978
[pid=9978][err] Error: no DISPLAY environment variable specified
[pid=9978] &lt;process did exit: exitCode=1, signal=null&gt;
[pid=9978] starting temporary directories cleanup
============================================================</status>
</test>
<kw name="Close Browser" library="Browser" type="TEARDOWN">
<tag>BrowserControl</tag>
<tag>Setter</tag>
<doc>Closes the current browser.</doc>
<msg timestamp="20231030 17:38:29.364" level="TRACE">Arguments: [  ]</msg>
<msg timestamp="20231030 17:38:29.366" level="INFO">No browser open, doing nothing</msg>
<msg timestamp="20231030 17:38:29.366" level="TRACE">Return: None</msg>
<status status="PASS" starttime="20231030 17:38:29.364" endtime="20231030 17:38:29.366"/>
</kw>
<doc>A test suite for verifying modify booking functionality</doc>
<status status="FAIL" starttime="20231030 17:38:27.595" endtime="20231030 17:38:29.366">Suite setup failed:
Error: browserType.launch: 
╔════════════════════════════════════════════════════════════════════════════════════════════════╗
║ Looks like you launched a headed browser without having a XServer running.                     ║
║ Set either 'headless: true' or use 'xvfb-run &lt;your-playwright-app&gt;' before running Playwright. ║
║                                                                                                ║
║ &lt;3 Playwright Team                                                                             ║
╚════════════════════════════════════════════════════════════════════════════════════════════════╝
=========================== logs ===========================
&lt;launching&gt; /opt/hostedtoolcache/Python/3.11.6/x64/lib/python3.11/site-packages/Browser/wrapper/node_modules/playwright-core/.local-browsers/firefox-1425/firefox/firefox -no-remote -wait-for-browser -foreground -profile /tmp/playwright_firefoxdev_profile-5RfnvO -juggler-pipe -silent
&lt;launched&gt; pid=9978
[pid=9978][err] Error: no DISPLAY environment variable specified
[pid=9978] &lt;process did exit: exitCode=1, signal=null&gt;
[pid=9978] starting temporary directories cleanup
============================================================</status>
</suite>
<suite id="s1-s1-s1-s2" name="Create Booking And Check In" source="/home/runner/work/nelson-test-automation/nelson-test-automation/testsuites/BUI/regression/create_booking_and_check_in.robot">
<kw name="Open Browser to Landing Page" library="common" type="SETUP">
<doc>A general startup keyword for opening a browser to the landing page.</doc>
<msg timestamp="20231030 17:38:29.410" level="TRACE">Arguments: [  ]</msg>
<kw name="Log To Console" library="BuiltIn">
<arg>Environment: ${environment}</arg>
<doc>Logs the given message to the console.</doc>
<msg timestamp="20231030 17:38:29.411" level="TRACE">Arguments: [ 'Environment: test4' ]</msg>
<msg timestamp="20231030 17:38:29.411" level="TRACE">Return: None</msg>
<status status="PASS" starttime="20231030 17:38:29.410" endtime="20231030 17:38:29.411"/>
</kw>
<if>
<branch type="IF" condition="'${environment}' == 'test3'">
<kw name="Set Suite Variable" library="BuiltIn">
<arg>${url.landing.page}</arg>
<arg>https://test3.omenahotels.com/en</arg>
<doc>Makes a variable available everywhere within the scope of the current suite.</doc>
<status status="NOT RUN" starttime="20231030 17:38:29.411" endtime="20231030 17:38:29.411"/>
</kw>
<status status="NOT RUN" starttime="20231030 17:38:29.411" endtime="20231030 17:38:29.411"/>
</branch>
<branch type="ELSE IF" condition="'${environment}' == 'ks_test'">
<kw name="Set Suite Variable" library="BuiltIn">
<arg>${url.landing.page}</arg>
<arg>https://test.kensingtonstay.com/en</arg>
<doc>Makes a variable available everywhere within the scope of the current suite.</doc>
<status status="NOT RUN" starttime="20231030 17:38:29.412" endtime="20231030 17:38:29.412"/>
</kw>
<status status="NOT RUN" starttime="20231030 17:38:29.411" endtime="20231030 17:38:29.412"/>
</branch>
<branch type="ELSE IF" condition="'${environment}' == 'salo_test'">
<kw name="Set Suite Variable" library="BuiltIn">
<arg>${url.landing.page}</arg>
<arg>https://test.kensingtonstay.com/en</arg>
<doc>Makes a variable available everywhere within the scope of the current suite.</doc>
<status status="NOT RUN" starttime="20231030 17:38:29.412" endtime="20231030 17:38:29.412"/>
</kw>
<status status="NOT RUN" starttime="20231030 17:38:29.412" endtime="20231030 17:38:29.412"/>
</branch>
<branch type="ELSE IF" condition="'${environment}' == 'test4'">
<kw name="Set Suite Variable" library="BuiltIn">
<arg>${url.landing.page}</arg>
<arg>https://test4.omenahotels.com/en</arg>
<doc>Makes a variable available everywhere within the scope of the current suite.</doc>
<msg timestamp="20231030 17:38:29.413" level="TRACE">Arguments: [ '${url.landing.page}' | 'https://test4.omenahotels.com/en' ]</msg>
<msg timestamp="20231030 17:38:29.413" level="INFO">${url.landing.page} = https://test4.omenahotels.com/en</msg>
<msg timestamp="20231030 17:38:29.413" level="TRACE">Return: None</msg>
<status status="PASS" starttime="20231030 17:38:29.413" endtime="20231030 17:38:29.413"/>
</kw>
<status status="PASS" starttime="20231030 17:38:29.412" endtime="20231030 17:38:29.413"/>
</branch>
<status status="PASS" starttime="20231030 17:38:29.411" endtime="20231030 17:38:29.413"/>
</if>
<kw name="Open New Browser To URL" library="common">
<arg>${url.landing.page}</arg>
<msg timestamp="20231030 17:38:29.414" level="TRACE">Arguments: [ ${url}='https://test4.omenahotels.com/en' ]</msg>
<kw name="New Browser" library="Browser">
<arg>${browser}</arg>
<arg>${headless}</arg>
<arg>timeout=${timeout}</arg>
<arg>downloadsPath=${EXECDIR}/resources/downloads</arg>
<tag>BrowserControl</tag>
<tag>Setter</tag>
<doc>Create a new playwright Browser with specified options.</doc>
<msg timestamp="20231030 17:38:29.415" level="TRACE">Arguments: [ &lt;SupportedBrowsers.firefox: 2&gt; | False | timeout=datetime.timedelta(seconds=30) | downloadsPath='/home/runner/work/nelson-test-automation/nelson-test-automation/resources/downloads' ]</msg>
<msg timestamp="20231030 17:38:29.415" level="INFO">{"browser": "firefox", "headless": false, "chromiumSandbox": false, "devtools": false, "downloadsPath": "/home/runner/work/nelson-test-automation/nelson-test-automation/resources/downloads", "handleSIGHUP": true, "handleSIGINT": true, "handleSIGTERM": true, "slowMo": 0.0, "timeout": 30000.0, "tracesDir": "/home/runner/work/nelson-test-automation/nelson-test-automation/reports/test4/browser/traces/b7915160-ee0e-4586-b271-1363f4512383"}</msg>
<msg timestamp="20231030 17:38:29.654" level="INFO">Keyword 'Take Screenshot  fail-screenshot-{index}' could not be run on failure:
Error: Tried to take screenshot, but no page was open.</msg>
<msg timestamp="20231030 17:38:29.654" level="INFO">See also file:///home/runner/work/nelson-test-automation/nelson-test-automation/reports/test4/playwright-log.txt for additional details.</msg>
<msg timestamp="20231030 17:38:29.654" level="FAIL">Error: browserType.launch: 
╔════════════════════════════════════════════════════════════════════════════════════════════════╗
║ Looks like you launched a headed browser without having a XServer running.                     ║
║ Set either 'headless: true' or use 'xvfb-run &lt;your-playwright-app&gt;' before running Playwright. ║
║                                                                                                ║
║ &lt;3 Playwright Team                                                                             ║
╚════════════════════════════════════════════════════════════════════════════════════════════════╝
=========================== logs ===========================
&lt;launching&gt; /opt/hostedtoolcache/Python/3.11.6/x64/lib/python3.11/site-packages/Browser/wrapper/node_modules/playwright-core/.local-browsers/firefox-1425/firefox/firefox -no-remote -wait-for-browser -foreground -profile /tmp/playwright_firefoxdev_profile-DpqTod -juggler-pipe -silent
&lt;launched&gt; pid=10251
[pid=10251][err] Error: no DISPLAY environment variable specified
[pid=10251] &lt;process did exit: exitCode=1, signal=null&gt;
[pid=10251] starting temporary directories cleanup
============================================================</msg>
<msg timestamp="20231030 17:38:29.656" level="DEBUG">Traceback (most recent call last):
  File "/opt/hostedtoolcache/Python/3.11.6/x64/lib/python3.11/site-packages/Browser/playwright.py", line 158, in grpc_channel
    yield playwright_pb2_grpc.PlaywrightStub(self._channel)
  File "/opt/hostedtoolcache/Python/3.11.6/x64/lib/python3.11/site-packages/Browser/keywords/playwright_state.py", line 405, in new_browser
    response = stub.NewBrowser(
               ^^^^^^^^^^^^^^^^
  File "/opt/hostedtoolcache/Python/3.11.6/x64/lib/python3.11/site-packages/grpc/_channel.py", line 1161, in __call__
    return _end_unary_response_blocking(state, call, False, None)
           ^^^^^^^^^^^^^^^^^^^^^^^^^^^^^^^^^^^^^^^^^^^^^^^^^^^^^^
  File "/opt/hostedtoolcache/Python/3.11.6/x64/lib/python3.11/site-packages/grpc/_channel.py", line 1004, in _end_unary_response_blocking
    raise _InactiveRpcError(state)  # pytype: disable=not-instantiable
    ^^^^^^^^^^^^^^^^^^^^^^^^^^^^^^
grpc._channel._InactiveRpcError: &lt;_InactiveRpcError of RPC that terminated with:
	status = StatusCode.RESOURCE_EXHAUSTED
	details = "Error: browserType.launch: 
╔════════════════════════════════════════════════════════════════════════════════════════════════╗
║ Looks like you launched a headed browser without having a XServer running.                     ║
║ Set either 'headless: true' or use 'xvfb-run &lt;your-playwright-app&gt;' before running Playwright. ║
║                                                                                                ║
║ &lt;3 Playwright Team                                                                             ║
╚════════════════════════════════════════════════════════════════════════════════════════════════╝
=========================== logs ===========================
&lt;launching&gt; /opt/hostedtoolcache/Python/3.11.6/x64/lib/python3.11/site-packages/Browser/wrapper/node_modules/playwright-core/.local-browsers/firefox-1425/firefox/firefox -no-remote -wait-for-browser -foreground -profile /tmp/playwright_firefoxdev_profile-DpqTod -juggler-pipe -silent
&lt;launched&gt; pid=10251
[pid=10251][err] Error: no DISPLAY environment variable specified
[pid=10251] &lt;process did exit: exitCode=1, signal=null&gt;
[pid=10251] starting temporary directories cleanup
============================================================"
	debug_error_string = "UNKNOWN:Error received from peer  {created_time:"2023-10-30T17:38:29.650460214+00:00", grpc_status:8, grpc_message:"Error: browserType.launch: \n\xe2\x95\x94\xe2\x95\x90\xe2\x95\x90\xe2\x95\x90\xe2\x95\x90\xe2\x95\x90\xe2\x95\x90\xe2\x95\x90\xe2\x95\x90\xe2\x95\x90\xe2\x95\x90\xe2\x95\x90\xe2\x95\x90\xe2\x95\x90\xe2\x95\x90\xe2\x95\x90\xe2\x95\x90\xe2\x95\x90\xe2\x95\x90\xe2\x95\x90\xe2\x95\x90\xe2\x95\x90\xe2\x95\x90\xe2\x95\x90\xe2\x95\x90\xe2\x95\x90\xe2\x95\x90\xe2\x95\x90\xe2\x95\x90\xe2\x95\x90\xe2\x95\x90\xe2\x95\x90\xe2\x95\x90\xe2\x95\x90\xe2\x95\x90\xe2\x95\x90\xe2\x95\x90\xe2\x95\x90\xe2\x95\x90\xe2\x95\x90\xe2\x95\x90\xe2\x95\x90\xe2\x95\x90\xe2\x95\x90\xe2\x95\x90\xe2\x95\x90\xe2\x95\x90\xe2\x95\x90\xe2\x95\x90\xe2\x95\x90\xe2\x95\x90\xe2\x95\x90\xe2\x95\x90\xe2\x95\x90\xe2\x95\x90\xe2\x95\x90\xe2\x95\x90\xe2\x95\x90\xe2\x95\x90\xe2\x95\x90\xe2\x95\x90\xe2\x95\x90\xe2\x95\x90\xe2\x95\x90\xe2\x95\x90\xe2\x95\x90\xe2\x95\x90\xe2\x95\x90\xe2\x95\x90\xe2\x95\x90\xe2\x95\x90\xe2\x95\x90\xe2\x95\x90\xe2\x95\x90\xe2\x95\x90\xe2\x95\x90\xe2\x95\x90\xe2\x95\x90\xe2\x95\x90\xe2\x95\x90\xe2\x95\x90\xe2\x95\x90\xe2\x95\x90\xe2\x95\x90\xe2\x95\x90\xe2\x95\x90\xe2\x95\x90\xe2\x95\x90\xe2\x95\x90\xe2\x95\x90\xe2\x95\x90\xe2\x95\x90\xe2\x95\x90\xe2\x95\x90\xe2\x95\x90\xe2\x95\x90\xe2\x95\x90\xe2\x95\x97\n\xe2\x95\x91 Looks like you launched a headed browser without having a XServer running.                     \xe2\x95\x91\n\xe2\x95\x91 Set either \'headless: true\' or use \'xvfb-run &lt;your-playwright-app&gt;\' before running Playwright. \xe2\x95\x91\n\xe2\x95\x91                                                                                                \xe2\x95\x91\n\xe2\x95\x91 &lt;3 Playwright Team                                                                             \xe2\x95\x91\n\xe2\x95\x9a\xe2\x95\x90\xe2\x95\x90\xe2\x95\x90\xe2\x95\x90\xe2\x95\x90\xe2\x95\x90\xe2\x95\x90\xe2\x95\x90\xe2\x95\x90\xe2\x95\x90\xe2\x95\x90\xe2\x95\x90\xe2\x95\x90\xe2\x95\x90\xe2\x95\x90\xe2\x95\x90\xe2\x95\x90\xe2\x95\x90\xe2\x95\x90\xe2\x95\x90\xe2\x95\x90\xe2\x95\x90\xe2\x95\x90\xe2\x95\x90\xe2\x95\x90\xe2\x95\x90\xe2\x95\x90\xe2\x95\x90\xe2\x95\x90\xe2\x95\x90\xe2\x95\x90\xe2\x95\x90\xe2\x95\x90\xe2\x95\x90\xe2\x95\x90\xe2\x95\x90\xe2\x95\x90\xe2\x95\x90\xe2\x95\x90\xe2\x95\x90\xe2\x95\x90\xe2\x95\x90\xe2\x95\x90\xe2\x95\x90\xe2\x95\x90\xe2\x95\x90\xe2\x95\x90\xe2\x95\x90\xe2\x95\x90\xe2\x95\x90\xe2\x95\x90\xe2\x95\x90\xe2\x95\x90\xe2\x95\x90\xe2\x95\x90\xe2\x95\x90\xe2\x95\x90\xe2\x95\x90\xe2\x95\x90\xe2\x95\x90\xe2\x95\x90\xe2\x95\x90\xe2\x95\x90\xe2\x95\x90\xe2\x95\x90\xe2\x95\x90\xe2\x95\x90\xe2\x95\x90\xe2\x95\x90\xe2\x95\x90\xe2\x95\x90\xe2\x95\x90\xe2\x95\x90\xe2\x95\x90\xe2\x95\x90\xe2\x95\x90\xe2\x95\x90\xe2\x95\x90\xe2\x95\x90\xe2\x95\x90\xe2\x95\x90\xe2\x95\x90\xe2\x95\x90\xe2\x95\x90\xe2\x95\x90\xe2\x95\x90\xe2\x95\x90\xe2\x95\x90\xe2\x95\x90\xe2\x95\x90\xe2\x95\x90\xe2\x95\x90\xe2\x95\x90\xe2\x95\x90\xe2\x95\x90\xe2\x95\x90\xe2\x95\x9d\n=========================== logs ===========================\n&lt;launching&gt; /opt/hostedtoolcache/Python/3.11.6/x64/lib/python3.11/site-packages/Browser/wrapper/node_modules/playwright-core/.local-browsers/firefox-1425/firefox/firefox -no-remote -wait-for-browser -foreground -profile /tmp/playwright_firefoxdev_profile-DpqTod -juggler-pipe -silent\n&lt;launched&gt; pid=10251\n[pid=10251][err] Error: no DISPLAY environment variable specified\n[pid=10251] &lt;process did exit: exitCode=1, signal=null&gt;\n[pid=10251] starting temporary directories cleanup\n============================================================"}"
&gt;

During handling of the above exception, another exception occurred:

Traceback (most recent call last):
  File "/opt/hostedtoolcache/Python/3.11.6/x64/lib/python3.11/site-packages/Browser/browser.py", line 1096, in run_keyword
    raise e
  File "/opt/hostedtoolcache/Python/3.11.6/x64/lib/python3.11/site-packages/Browser/browser.py", line 1085, in run_keyword
    return DynamicCore.run_keyword(self, name, args, kwargs)
           ^^^^^^^^^^^^^^^^^^^^^^^^^^^^^^^^^^^^^^^^^^^^^^^^^
  File "/opt/hostedtoolcache/Python/3.11.6/x64/lib/python3.11/site-packages/robotlibcore.py", line 126, in run_keyword
    return self.keywords[name](*args, **(kwargs or {}))
           ^^^^^^^^^^^^^^^^^^^^^^^^^^^^^^^^^^^^^^^^^^^^
  File "/opt/hostedtoolcache/Python/3.11.6/x64/lib/python3.11/site-packages/Browser/keywords/playwright_state.py", line 404, in new_browser
    with self.playwright.grpc_channel() as stub:
  File "/opt/hostedtoolcache/Python/3.11.6/x64/lib/python3.11/contextlib.py", line 155, in __exit__
    self.gen.throw(typ, value, traceback)
  File "/opt/hostedtoolcache/Python/3.11.6/x64/lib/python3.11/site-packages/Browser/playwright.py", line 162, in grpc_channel
    raise AssertionError(error.details())
AssertionError: Error: browserType.launch: 
╔════════════════════════════════════════════════════════════════════════════════════════════════╗
║ Looks like you launched a headed browser without having a XServer running.                     ║
║ Set either 'headless: true' or use 'xvfb-run &lt;your-playwright-app&gt;' before running Playwright. ║
║                                                                                                ║
║ &lt;3 Playwright Team                                                                             ║
╚════════════════════════════════════════════════════════════════════════════════════════════════╝
=========================== logs ===========================
&lt;launching&gt; /opt/hostedtoolcache/Python/3.11.6/x64/lib/python3.11/site-packages/Browser/wrapper/node_modules/playwright-core/.local-browsers/firefox-1425/firefox/firefox -no-remote -wait-for-browser -foreground -profile /tmp/playwright_firefoxdev_profile-DpqTod -juggler-pipe -silent
&lt;launched&gt; pid=10251
[pid=10251][err] Error: no DISPLAY environment variable specified
[pid=10251] &lt;process did exit: exitCode=1, signal=null&gt;
[pid=10251] starting temporary directories cleanup
============================================================</msg>
<status status="FAIL" starttime="20231030 17:38:29.414" endtime="20231030 17:38:29.656"/>
</kw>
<kw name="Set Browser Timeout" library="Browser">
<arg>${timeout}</arg>
<tag>Config</tag>
<tag>Setter</tag>
<doc>Sets the timeout used by most input and getter keywords.</doc>
<status status="NOT RUN" starttime="20231030 17:38:29.656" endtime="20231030 17:38:29.656"/>
</kw>
<kw name="New Context" library="Browser">
<arg>acceptDownloads=True</arg>
<tag>BrowserControl</tag>
<tag>Setter</tag>
<doc>Create a new BrowserContext with specified options.</doc>
<status status="NOT RUN" starttime="20231030 17:38:29.656" endtime="20231030 17:38:29.656"/>
</kw>
<kw name="New Page" library="Browser">
<arg>${url}</arg>
<tag>BrowserControl</tag>
<tag>Setter</tag>
<doc>Open a new Page.</doc>
<status status="NOT RUN" starttime="20231030 17:38:29.656" endtime="20231030 17:38:29.657"/>
</kw>
<status status="FAIL" starttime="20231030 17:38:29.414" endtime="20231030 17:38:29.657"/>
</kw>
<kw name="Allow Cookies" library="common">
<doc>Allow Cookies/Toggle Cookie allowance</doc>
<status status="NOT RUN" starttime="20231030 17:38:29.657" endtime="20231030 17:38:29.657"/>
</kw>
<kw name="Set Environment" library="common">
<doc>A keyword that gets the environment from URL and checks it is the same as variable</doc>
<status status="NOT RUN" starttime="20231030 17:38:29.657" endtime="20231030 17:38:29.657"/>
</kw>
<status status="FAIL" starttime="20231030 17:38:29.410" endtime="20231030 17:38:29.657"/>
</kw>
<test id="s1-s1-s1-s2-t1" name="Select Hotel, Dates and Guests" line="15">
<tag>smoke, booking, BUI2-556, online-checkin</tag>
<status status="FAIL" starttime="20231030 17:38:29.657" endtime="20231030 17:38:29.658">Parent suite setup failed:
Error: browserType.launch: 
╔════════════════════════════════════════════════════════════════════════════════════════════════╗
║ Looks like you launched a headed browser without having a XServer running.                     ║
║ Set either 'headless: true' or use 'xvfb-run &lt;your-playwright-app&gt;' before running Playwright. ║
║                                                                                                ║
║ &lt;3 Playwright Team                                                                             ║
╚════════════════════════════════════════════════════════════════════════════════════════════════╝
=========================== logs ===========================
&lt;launching&gt; /opt/hostedtoolcache/Python/3.11.6/x64/lib/python3.11/site-packages/Browser/wrapper/node_modules/playwright-core/.local-browsers/firefox-1425/firefox/firefox -no-remote -wait-for-browser -foreground -profile /tmp/playwright_firefoxdev_profile-DpqTod -juggler-pipe -silent
&lt;launched&gt; pid=10251
[pid=10251][err] Error: no DISPLAY environment variable specified
[pid=10251] &lt;process did exit: exitCode=1, signal=null&gt;
[pid=10251] starting temporary directories cleanup
============================================================</status>
</test>
<test id="s1-s1-s1-s2-t2" name="Check Available Rooms and Select a Standard Room" line="20">
<tag>smoke, booking, BUI2-556, online-checkin</tag>
<status status="FAIL" starttime="20231030 17:38:29.661" endtime="20231030 17:38:29.662">Parent suite setup failed:
Error: browserType.launch: 
╔════════════════════════════════════════════════════════════════════════════════════════════════╗
║ Looks like you launched a headed browser without having a XServer running.                     ║
║ Set either 'headless: true' or use 'xvfb-run &lt;your-playwright-app&gt;' before running Playwright. ║
║                                                                                                ║
║ &lt;3 Playwright Team                                                                             ║
╚════════════════════════════════════════════════════════════════════════════════════════════════╝
=========================== logs ===========================
&lt;launching&gt; /opt/hostedtoolcache/Python/3.11.6/x64/lib/python3.11/site-packages/Browser/wrapper/node_modules/playwright-core/.local-browsers/firefox-1425/firefox/firefox -no-remote -wait-for-browser -foreground -profile /tmp/playwright_firefoxdev_profile-DpqTod -juggler-pipe -silent
&lt;launched&gt; pid=10251
[pid=10251][err] Error: no DISPLAY environment variable specified
[pid=10251] &lt;process did exit: exitCode=1, signal=null&gt;
[pid=10251] starting temporary directories cleanup
============================================================</status>
</test>
<test id="s1-s1-s1-s2-t3" name="Continue to Extras and Select Join for Free" line="24">
<tag>smoke, booking, BUI2-556, online-checkin</tag>
<status status="FAIL" starttime="20231030 17:38:29.665" endtime="20231030 17:38:29.665">Parent suite setup failed:
Error: browserType.launch: 
╔════════════════════════════════════════════════════════════════════════════════════════════════╗
║ Looks like you launched a headed browser without having a XServer running.                     ║
║ Set either 'headless: true' or use 'xvfb-run &lt;your-playwright-app&gt;' before running Playwright. ║
║                                                                                                ║
║ &lt;3 Playwright Team                                                                             ║
╚════════════════════════════════════════════════════════════════════════════════════════════════╝
=========================== logs ===========================
&lt;launching&gt; /opt/hostedtoolcache/Python/3.11.6/x64/lib/python3.11/site-packages/Browser/wrapper/node_modules/playwright-core/.local-browsers/firefox-1425/firefox/firefox -no-remote -wait-for-browser -foreground -profile /tmp/playwright_firefoxdev_profile-DpqTod -juggler-pipe -silent
&lt;launched&gt; pid=10251
[pid=10251][err] Error: no DISPLAY environment variable specified
[pid=10251] &lt;process did exit: exitCode=1, signal=null&gt;
[pid=10251] starting temporary directories cleanup
============================================================</status>
</test>
<test id="s1-s1-s1-s2-t4" name="Fill in Booker Contact Information" line="29">
<tag>smoke, booking, BUI2-556, online-checkin</tag>
<status status="FAIL" starttime="20231030 17:38:29.670" endtime="20231030 17:38:29.670">Parent suite setup failed:
Error: browserType.launch: 
╔════════════════════════════════════════════════════════════════════════════════════════════════╗
║ Looks like you launched a headed browser without having a XServer running.                     ║
║ Set either 'headless: true' or use 'xvfb-run &lt;your-playwright-app&gt;' before running Playwright. ║
║                                                                                                ║
║ &lt;3 Playwright Team                                                                             ║
╚════════════════════════════════════════════════════════════════════════════════════════════════╝
=========================== logs ===========================
&lt;launching&gt; /opt/hostedtoolcache/Python/3.11.6/x64/lib/python3.11/site-packages/Browser/wrapper/node_modules/playwright-core/.local-browsers/firefox-1425/firefox/firefox -no-remote -wait-for-browser -foreground -profile /tmp/playwright_firefoxdev_profile-DpqTod -juggler-pipe -silent
&lt;launched&gt; pid=10251
[pid=10251][err] Error: no DISPLAY environment variable specified
[pid=10251] &lt;process did exit: exitCode=1, signal=null&gt;
[pid=10251] starting temporary directories cleanup
============================================================</status>
</test>
<test id="s1-s1-s1-s2-t5" name="Pay using Web Bank and Nordea" line="33">
<tag>smoke, booking, BUI2-556, online-checkin</tag>
<status status="FAIL" starttime="20231030 17:38:29.672" endtime="20231030 17:38:29.674">Parent suite setup failed:
Error: browserType.launch: 
╔════════════════════════════════════════════════════════════════════════════════════════════════╗
║ Looks like you launched a headed browser without having a XServer running.                     ║
║ Set either 'headless: true' or use 'xvfb-run &lt;your-playwright-app&gt;' before running Playwright. ║
║                                                                                                ║
║ &lt;3 Playwright Team                                                                             ║
╚════════════════════════════════════════════════════════════════════════════════════════════════╝
=========================== logs ===========================
&lt;launching&gt; /opt/hostedtoolcache/Python/3.11.6/x64/lib/python3.11/site-packages/Browser/wrapper/node_modules/playwright-core/.local-browsers/firefox-1425/firefox/firefox -no-remote -wait-for-browser -foreground -profile /tmp/playwright_firefoxdev_profile-DpqTod -juggler-pipe -silent
&lt;launched&gt; pid=10251
[pid=10251][err] Error: no DISPLAY environment variable specified
[pid=10251] &lt;process did exit: exitCode=1, signal=null&gt;
[pid=10251] starting temporary directories cleanup
============================================================</status>
</test>
<test id="s1-s1-s1-s2-t6" name="Check In Online" line="37">
<tag>smoke, booking, BUI2-556, online-checkin</tag>
<status status="FAIL" starttime="20231030 17:38:29.678" endtime="20231030 17:38:29.678">Parent suite setup failed:
Error: browserType.launch: 
╔════════════════════════════════════════════════════════════════════════════════════════════════╗
║ Looks like you launched a headed browser without having a XServer running.                     ║
║ Set either 'headless: true' or use 'xvfb-run &lt;your-playwright-app&gt;' before running Playwright. ║
║                                                                                                ║
║ &lt;3 Playwright Team                                                                             ║
╚════════════════════════════════════════════════════════════════════════════════════════════════╝
=========================== logs ===========================
&lt;launching&gt; /opt/hostedtoolcache/Python/3.11.6/x64/lib/python3.11/site-packages/Browser/wrapper/node_modules/playwright-core/.local-browsers/firefox-1425/firefox/firefox -no-remote -wait-for-browser -foreground -profile /tmp/playwright_firefoxdev_profile-DpqTod -juggler-pipe -silent
&lt;launched&gt; pid=10251
[pid=10251][err] Error: no DISPLAY environment variable specified
[pid=10251] &lt;process did exit: exitCode=1, signal=null&gt;
[pid=10251] starting temporary directories cleanup
============================================================</status>
</test>
<test id="s1-s1-s1-s2-t7" name="Wait for Door Code and Verify Page" line="43">
<tag>smoke, booking, BUI2-556, online-checkin</tag>
<status status="FAIL" starttime="20231030 17:38:29.680" endtime="20231030 17:38:29.680">Parent suite setup failed:
Error: browserType.launch: 
╔════════════════════════════════════════════════════════════════════════════════════════════════╗
║ Looks like you launched a headed browser without having a XServer running.                     ║
║ Set either 'headless: true' or use 'xvfb-run &lt;your-playwright-app&gt;' before running Playwright. ║
║                                                                                                ║
║ &lt;3 Playwright Team                                                                             ║
╚════════════════════════════════════════════════════════════════════════════════════════════════╝
=========================== logs ===========================
&lt;launching&gt; /opt/hostedtoolcache/Python/3.11.6/x64/lib/python3.11/site-packages/Browser/wrapper/node_modules/playwright-core/.local-browsers/firefox-1425/firefox/firefox -no-remote -wait-for-browser -foreground -profile /tmp/playwright_firefoxdev_profile-DpqTod -juggler-pipe -silent
&lt;launched&gt; pid=10251
[pid=10251][err] Error: no DISPLAY environment variable specified
[pid=10251] &lt;process did exit: exitCode=1, signal=null&gt;
[pid=10251] starting temporary directories cleanup
============================================================</status>
</test>
<kw name="Close Browser" library="Browser" type="TEARDOWN">
<tag>BrowserControl</tag>
<tag>Setter</tag>
<doc>Closes the current browser.</doc>
<msg timestamp="20231030 17:38:29.683" level="TRACE">Arguments: [  ]</msg>
<msg timestamp="20231030 17:38:29.685" level="INFO">No browser open, doing nothing</msg>
<msg timestamp="20231030 17:38:29.685" level="TRACE">Return: None</msg>
<status status="PASS" starttime="20231030 17:38:29.683" endtime="20231030 17:38:29.685"/>
</kw>
<doc>This is a test suite for booking a room and checking in online</doc>
<status status="FAIL" starttime="20231030 17:38:29.374" endtime="20231030 17:38:29.685">Suite setup failed:
Error: browserType.launch: 
╔════════════════════════════════════════════════════════════════════════════════════════════════╗
║ Looks like you launched a headed browser without having a XServer running.                     ║
║ Set either 'headless: true' or use 'xvfb-run &lt;your-playwright-app&gt;' before running Playwright. ║
║                                                                                                ║
║ &lt;3 Playwright Team                                                                             ║
╚════════════════════════════════════════════════════════════════════════════════════════════════╝
=========================== logs ===========================
&lt;launching&gt; /opt/hostedtoolcache/Python/3.11.6/x64/lib/python3.11/site-packages/Browser/wrapper/node_modules/playwright-core/.local-browsers/firefox-1425/firefox/firefox -no-remote -wait-for-browser -foreground -profile /tmp/playwright_firefoxdev_profile-DpqTod -juggler-pipe -silent
&lt;launched&gt; pid=10251
[pid=10251][err] Error: no DISPLAY environment variable specified
[pid=10251] &lt;process did exit: exitCode=1, signal=null&gt;
[pid=10251] starting temporary directories cleanup
============================================================</status>
</suite>
<suite id="s1-s1-s1-s3" name="Online Check In" source="/home/runner/work/nelson-test-automation/nelson-test-automation/testsuites/BUI/regression/online_check_in">
<suite id="s1-s1-s1-s3-s1" name="BUI2-557" source="/home/runner/work/nelson-test-automation/nelson-test-automation/testsuites/BUI/regression/online_check_in/BUI2-557.robot">
<test id="s1-s1-s1-s3-s1-t1" name="Create a new Booking" line="11">
<kw name="Open Browser to Landing Page" library="common" type="SETUP">
<doc>A general startup keyword for opening a browser to the landing page.</doc>
<msg timestamp="20231030 17:38:29.709" level="TRACE">Arguments: [  ]</msg>
<kw name="Log To Console" library="BuiltIn">
<arg>Environment: ${environment}</arg>
<doc>Logs the given message to the console.</doc>
<msg timestamp="20231030 17:38:29.709" level="TRACE">Arguments: [ 'Environment: test4' ]</msg>
<msg timestamp="20231030 17:38:29.709" level="TRACE">Return: None</msg>
<status status="PASS" starttime="20231030 17:38:29.709" endtime="20231030 17:38:29.709"/>
</kw>
<if>
<branch type="IF" condition="'${environment}' == 'test3'">
<kw name="Set Suite Variable" library="BuiltIn">
<arg>${url.landing.page}</arg>
<arg>https://test3.omenahotels.com/en</arg>
<doc>Makes a variable available everywhere within the scope of the current suite.</doc>
<status status="NOT RUN" starttime="20231030 17:38:29.710" endtime="20231030 17:38:29.710"/>
</kw>
<status status="NOT RUN" starttime="20231030 17:38:29.709" endtime="20231030 17:38:29.710"/>
</branch>
<branch type="ELSE IF" condition="'${environment}' == 'ks_test'">
<kw name="Set Suite Variable" library="BuiltIn">
<arg>${url.landing.page}</arg>
<arg>https://test.kensingtonstay.com/en</arg>
<doc>Makes a variable available everywhere within the scope of the current suite.</doc>
<status status="NOT RUN" starttime="20231030 17:38:29.710" endtime="20231030 17:38:29.710"/>
</kw>
<status status="NOT RUN" starttime="20231030 17:38:29.710" endtime="20231030 17:38:29.710"/>
</branch>
<branch type="ELSE IF" condition="'${environment}' == 'salo_test'">
<kw name="Set Suite Variable" library="BuiltIn">
<arg>${url.landing.page}</arg>
<arg>https://test.kensingtonstay.com/en</arg>
<doc>Makes a variable available everywhere within the scope of the current suite.</doc>
<status status="NOT RUN" starttime="20231030 17:38:29.710" endtime="20231030 17:38:29.711"/>
</kw>
<status status="NOT RUN" starttime="20231030 17:38:29.710" endtime="20231030 17:38:29.711"/>
</branch>
<branch type="ELSE IF" condition="'${environment}' == 'test4'">
<kw name="Set Suite Variable" library="BuiltIn">
<arg>${url.landing.page}</arg>
<arg>https://test4.omenahotels.com/en</arg>
<doc>Makes a variable available everywhere within the scope of the current suite.</doc>
<msg timestamp="20231030 17:38:29.711" level="TRACE">Arguments: [ '${url.landing.page}' | 'https://test4.omenahotels.com/en' ]</msg>
<msg timestamp="20231030 17:38:29.711" level="INFO">${url.landing.page} = https://test4.omenahotels.com/en</msg>
<msg timestamp="20231030 17:38:29.711" level="TRACE">Return: None</msg>
<status status="PASS" starttime="20231030 17:38:29.711" endtime="20231030 17:38:29.711"/>
</kw>
<status status="PASS" starttime="20231030 17:38:29.711" endtime="20231030 17:38:29.711"/>
</branch>
<status status="PASS" starttime="20231030 17:38:29.709" endtime="20231030 17:38:29.712"/>
</if>
<kw name="Open New Browser To URL" library="common">
<arg>${url.landing.page}</arg>
<msg timestamp="20231030 17:38:29.712" level="TRACE">Arguments: [ ${url}='https://test4.omenahotels.com/en' ]</msg>
<kw name="New Browser" library="Browser">
<arg>${browser}</arg>
<arg>${headless}</arg>
<arg>timeout=${timeout}</arg>
<arg>downloadsPath=${EXECDIR}/resources/downloads</arg>
<tag>BrowserControl</tag>
<tag>Setter</tag>
<doc>Create a new playwright Browser with specified options.</doc>
<msg timestamp="20231030 17:38:29.713" level="TRACE">Arguments: [ &lt;SupportedBrowsers.firefox: 2&gt; | False | timeout=datetime.timedelta(seconds=30) | downloadsPath='/home/runner/work/nelson-test-automation/nelson-test-automation/resources/downloads' ]</msg>
<msg timestamp="20231030 17:38:29.713" level="INFO">{"browser": "firefox", "headless": false, "chromiumSandbox": false, "devtools": false, "downloadsPath": "/home/runner/work/nelson-test-automation/nelson-test-automation/resources/downloads", "handleSIGHUP": true, "handleSIGINT": true, "handleSIGTERM": true, "slowMo": 0.0, "timeout": 30000.0, "tracesDir": "/home/runner/work/nelson-test-automation/nelson-test-automation/reports/test4/browser/traces/c5decd93-3dd2-41ef-9770-54d5b5bc327e"}</msg>
<msg timestamp="20231030 17:38:29.977" level="INFO">Keyword 'Take Screenshot  fail-screenshot-{index}' could not be run on failure:
Error: Tried to take screenshot, but no page was open.</msg>
<msg timestamp="20231030 17:38:29.977" level="INFO">See also file:///home/runner/work/nelson-test-automation/nelson-test-automation/reports/test4/playwright-log.txt for additional details.</msg>
<msg timestamp="20231030 17:38:29.977" level="FAIL">Error: browserType.launch: 
╔════════════════════════════════════════════════════════════════════════════════════════════════╗
║ Looks like you launched a headed browser without having a XServer running.                     ║
║ Set either 'headless: true' or use 'xvfb-run &lt;your-playwright-app&gt;' before running Playwright. ║
║                                                                                                ║
║ &lt;3 Playwright Team                                                                             ║
╚════════════════════════════════════════════════════════════════════════════════════════════════╝
=========================== logs ===========================
&lt;launching&gt; /opt/hostedtoolcache/Python/3.11.6/x64/lib/python3.11/site-packages/Browser/wrapper/node_modules/playwright-core/.local-browsers/firefox-1425/firefox/firefox -no-remote -wait-for-browser -foreground -profile /tmp/playwright_firefoxdev_profile-hg2Hy4 -juggler-pipe -silent
&lt;launched&gt; pid=10524
[pid=10524][err] Error: no DISPLAY environment variable specified
[pid=10524] &lt;process did exit: exitCode=1, signal=null&gt;
[pid=10524] starting temporary directories cleanup
============================================================</msg>
<msg timestamp="20231030 17:38:29.978" level="DEBUG">Traceback (most recent call last):
  File "/opt/hostedtoolcache/Python/3.11.6/x64/lib/python3.11/site-packages/Browser/playwright.py", line 158, in grpc_channel
    yield playwright_pb2_grpc.PlaywrightStub(self._channel)
  File "/opt/hostedtoolcache/Python/3.11.6/x64/lib/python3.11/site-packages/Browser/keywords/playwright_state.py", line 405, in new_browser
    response = stub.NewBrowser(
               ^^^^^^^^^^^^^^^^
  File "/opt/hostedtoolcache/Python/3.11.6/x64/lib/python3.11/site-packages/grpc/_channel.py", line 1161, in __call__
    return _end_unary_response_blocking(state, call, False, None)
           ^^^^^^^^^^^^^^^^^^^^^^^^^^^^^^^^^^^^^^^^^^^^^^^^^^^^^^
  File "/opt/hostedtoolcache/Python/3.11.6/x64/lib/python3.11/site-packages/grpc/_channel.py", line 1004, in _end_unary_response_blocking
    raise _InactiveRpcError(state)  # pytype: disable=not-instantiable
    ^^^^^^^^^^^^^^^^^^^^^^^^^^^^^^
grpc._channel._InactiveRpcError: &lt;_InactiveRpcError of RPC that terminated with:
	status = StatusCode.RESOURCE_EXHAUSTED
	details = "Error: browserType.launch: 
╔════════════════════════════════════════════════════════════════════════════════════════════════╗
║ Looks like you launched a headed browser without having a XServer running.                     ║
║ Set either 'headless: true' or use 'xvfb-run &lt;your-playwright-app&gt;' before running Playwright. ║
║                                                                                                ║
║ &lt;3 Playwright Team                                                                             ║
╚════════════════════════════════════════════════════════════════════════════════════════════════╝
=========================== logs ===========================
&lt;launching&gt; /opt/hostedtoolcache/Python/3.11.6/x64/lib/python3.11/site-packages/Browser/wrapper/node_modules/playwright-core/.local-browsers/firefox-1425/firefox/firefox -no-remote -wait-for-browser -foreground -profile /tmp/playwright_firefoxdev_profile-hg2Hy4 -juggler-pipe -silent
&lt;launched&gt; pid=10524
[pid=10524][err] Error: no DISPLAY environment variable specified
[pid=10524] &lt;process did exit: exitCode=1, signal=null&gt;
[pid=10524] starting temporary directories cleanup
============================================================"
	debug_error_string = "UNKNOWN:Error received from peer  {grpc_message:"Error: browserType.launch: \n\xe2\x95\x94\xe2\x95\x90\xe2\x95\x90\xe2\x95\x90\xe2\x95\x90\xe2\x95\x90\xe2\x95\x90\xe2\x95\x90\xe2\x95\x90\xe2\x95\x90\xe2\x95\x90\xe2\x95\x90\xe2\x95\x90\xe2\x95\x90\xe2\x95\x90\xe2\x95\x90\xe2\x95\x90\xe2\x95\x90\xe2\x95\x90\xe2\x95\x90\xe2\x95\x90\xe2\x95\x90\xe2\x95\x90\xe2\x95\x90\xe2\x95\x90\xe2\x95\x90\xe2\x95\x90\xe2\x95\x90\xe2\x95\x90\xe2\x95\x90\xe2\x95\x90\xe2\x95\x90\xe2\x95\x90\xe2\x95\x90\xe2\x95\x90\xe2\x95\x90\xe2\x95\x90\xe2\x95\x90\xe2\x95\x90\xe2\x95\x90\xe2\x95\x90\xe2\x95\x90\xe2\x95\x90\xe2\x95\x90\xe2\x95\x90\xe2\x95\x90\xe2\x95\x90\xe2\x95\x90\xe2\x95\x90\xe2\x95\x90\xe2\x95\x90\xe2\x95\x90\xe2\x95\x90\xe2\x95\x90\xe2\x95\x90\xe2\x95\x90\xe2\x95\x90\xe2\x95\x90\xe2\x95\x90\xe2\x95\x90\xe2\x95\x90\xe2\x95\x90\xe2\x95\x90\xe2\x95\x90\xe2\x95\x90\xe2\x95\x90\xe2\x95\x90\xe2\x95\x90\xe2\x95\x90\xe2\x95\x90\xe2\x95\x90\xe2\x95\x90\xe2\x95\x90\xe2\x95\x90\xe2\x95\x90\xe2\x95\x90\xe2\x95\x90\xe2\x95\x90\xe2\x95\x90\xe2\x95\x90\xe2\x95\x90\xe2\x95\x90\xe2\x95\x90\xe2\x95\x90\xe2\x95\x90\xe2\x95\x90\xe2\x95\x90\xe2\x95\x90\xe2\x95\x90\xe2\x95\x90\xe2\x95\x90\xe2\x95\x90\xe2\x95\x90\xe2\x95\x90\xe2\x95\x90\xe2\x95\x90\xe2\x95\x90\xe2\x95\x97\n\xe2\x95\x91 Looks like you launched a headed browser without having a XServer running.                     \xe2\x95\x91\n\xe2\x95\x91 Set either \'headless: true\' or use \'xvfb-run &lt;your-playwright-app&gt;\' before running Playwright. \xe2\x95\x91\n\xe2\x95\x91                                                                                                \xe2\x95\x91\n\xe2\x95\x91 &lt;3 Playwright Team                                                                             \xe2\x95\x91\n\xe2\x95\x9a\xe2\x95\x90\xe2\x95\x90\xe2\x95\x90\xe2\x95\x90\xe2\x95\x90\xe2\x95\x90\xe2\x95\x90\xe2\x95\x90\xe2\x95\x90\xe2\x95\x90\xe2\x95\x90\xe2\x95\x90\xe2\x95\x90\xe2\x95\x90\xe2\x95\x90\xe2\x95\x90\xe2\x95\x90\xe2\x95\x90\xe2\x95\x90\xe2\x95\x90\xe2\x95\x90\xe2\x95\x90\xe2\x95\x90\xe2\x95\x90\xe2\x95\x90\xe2\x95\x90\xe2\x95\x90\xe2\x95\x90\xe2\x95\x90\xe2\x95\x90\xe2\x95\x90\xe2\x95\x90\xe2\x95\x90\xe2\x95\x90\xe2\x95\x90\xe2\x95\x90\xe2\x95\x90\xe2\x95\x90\xe2\x95\x90\xe2\x95\x90\xe2\x95\x90\xe2\x95\x90\xe2\x95\x90\xe2\x95\x90\xe2\x95\x90\xe2\x95\x90\xe2\x95\x90\xe2\x95\x90\xe2\x95\x90\xe2\x95\x90\xe2\x95\x90\xe2\x95\x90\xe2\x95\x90\xe2\x95\x90\xe2\x95\x90\xe2\x95\x90\xe2\x95\x90\xe2\x95\x90\xe2\x95\x90\xe2\x95\x90\xe2\x95\x90\xe2\x95\x90\xe2\x95\x90\xe2\x95\x90\xe2\x95\x90\xe2\x95\x90\xe2\x95\x90\xe2\x95\x90\xe2\x95\x90\xe2\x95\x90\xe2\x95\x90\xe2\x95\x90\xe2\x95\x90\xe2\x95\x90\xe2\x95\x90\xe2\x95\x90\xe2\x95\x90\xe2\x95\x90\xe2\x95\x90\xe2\x95\x90\xe2\x95\x90\xe2\x95\x90\xe2\x95\x90\xe2\x95\x90\xe2\x95\x90\xe2\x95\x90\xe2\x95\x90\xe2\x95\x90\xe2\x95\x90\xe2\x95\x90\xe2\x95\x90\xe2\x95\x90\xe2\x95\x90\xe2\x95\x90\xe2\x95\x90\xe2\x95\x90\xe2\x95\x9d\n=========================== logs ===========================\n&lt;launching&gt; /opt/hostedtoolcache/Python/3.11.6/x64/lib/python3.11/site-packages/Browser/wrapper/node_modules/playwright-core/.local-browsers/firefox-1425/firefox/firefox -no-remote -wait-for-browser -foreground -profile /tmp/playwright_firefoxdev_profile-hg2Hy4 -juggler-pipe -silent\n&lt;launched&gt; pid=10524\n[pid=10524][err] Error: no DISPLAY environment variable specified\n[pid=10524] &lt;process did exit: exitCode=1, signal=null&gt;\n[pid=10524] starting temporary directories cleanup\n============================================================", grpc_status:8, created_time:"2023-10-30T17:38:29.973971068+00:00"}"
&gt;

During handling of the above exception, another exception occurred:

Traceback (most recent call last):
  File "/opt/hostedtoolcache/Python/3.11.6/x64/lib/python3.11/site-packages/Browser/browser.py", line 1096, in run_keyword
    raise e
  File "/opt/hostedtoolcache/Python/3.11.6/x64/lib/python3.11/site-packages/Browser/browser.py", line 1085, in run_keyword
    return DynamicCore.run_keyword(self, name, args, kwargs)
           ^^^^^^^^^^^^^^^^^^^^^^^^^^^^^^^^^^^^^^^^^^^^^^^^^
  File "/opt/hostedtoolcache/Python/3.11.6/x64/lib/python3.11/site-packages/robotlibcore.py", line 126, in run_keyword
    return self.keywords[name](*args, **(kwargs or {}))
           ^^^^^^^^^^^^^^^^^^^^^^^^^^^^^^^^^^^^^^^^^^^^
  File "/opt/hostedtoolcache/Python/3.11.6/x64/lib/python3.11/site-packages/Browser/keywords/playwright_state.py", line 404, in new_browser
    with self.playwright.grpc_channel() as stub:
  File "/opt/hostedtoolcache/Python/3.11.6/x64/lib/python3.11/contextlib.py", line 155, in __exit__
    self.gen.throw(typ, value, traceback)
  File "/opt/hostedtoolcache/Python/3.11.6/x64/lib/python3.11/site-packages/Browser/playwright.py", line 162, in grpc_channel
    raise AssertionError(error.details())
AssertionError: Error: browserType.launch: 
╔════════════════════════════════════════════════════════════════════════════════════════════════╗
║ Looks like you launched a headed browser without having a XServer running.                     ║
║ Set either 'headless: true' or use 'xvfb-run &lt;your-playwright-app&gt;' before running Playwright. ║
║                                                                                                ║
║ &lt;3 Playwright Team                                                                             ║
╚════════════════════════════════════════════════════════════════════════════════════════════════╝
=========================== logs ===========================
&lt;launching&gt; /opt/hostedtoolcache/Python/3.11.6/x64/lib/python3.11/site-packages/Browser/wrapper/node_modules/playwright-core/.local-browsers/firefox-1425/firefox/firefox -no-remote -wait-for-browser -foreground -profile /tmp/playwright_firefoxdev_profile-hg2Hy4 -juggler-pipe -silent
&lt;launched&gt; pid=10524
[pid=10524][err] Error: no DISPLAY environment variable specified
[pid=10524] &lt;process did exit: exitCode=1, signal=null&gt;
[pid=10524] starting temporary directories cleanup
============================================================</msg>
<status status="FAIL" starttime="20231030 17:38:29.712" endtime="20231030 17:38:29.979"/>
</kw>
<kw name="Set Browser Timeout" library="Browser">
<arg>${timeout}</arg>
<tag>Config</tag>
<tag>Setter</tag>
<doc>Sets the timeout used by most input and getter keywords.</doc>
<status status="NOT RUN" starttime="20231030 17:38:29.979" endtime="20231030 17:38:29.979"/>
</kw>
<kw name="New Context" library="Browser">
<arg>acceptDownloads=True</arg>
<tag>BrowserControl</tag>
<tag>Setter</tag>
<doc>Create a new BrowserContext with specified options.</doc>
<status status="NOT RUN" starttime="20231030 17:38:29.979" endtime="20231030 17:38:29.980"/>
</kw>
<kw name="New Page" library="Browser">
<arg>${url}</arg>
<tag>BrowserControl</tag>
<tag>Setter</tag>
<doc>Open a new Page.</doc>
<status status="NOT RUN" starttime="20231030 17:38:29.980" endtime="20231030 17:38:29.980"/>
</kw>
<status status="FAIL" starttime="20231030 17:38:29.712" endtime="20231030 17:38:29.980"/>
</kw>
<kw name="Allow Cookies" library="common">
<doc>Allow Cookies/Toggle Cookie allowance</doc>
<status status="NOT RUN" starttime="20231030 17:38:29.980" endtime="20231030 17:38:29.980"/>
</kw>
<kw name="Set Environment" library="common">
<doc>A keyword that gets the environment from URL and checks it is the same as variable</doc>
<status status="NOT RUN" starttime="20231030 17:38:29.980" endtime="20231030 17:38:29.980"/>
</kw>
<status status="FAIL" starttime="20231030 17:38:29.709" endtime="20231030 17:38:29.980"/>
</kw>
<kw name="Close Browser" library="Browser" type="TEARDOWN">
<tag>BrowserControl</tag>
<tag>Setter</tag>
<doc>Closes the current browser.</doc>
<msg timestamp="20231030 17:38:29.981" level="TRACE">Arguments: [  ]</msg>
<msg timestamp="20231030 17:38:29.986" level="INFO">No browser open, doing nothing</msg>
<msg timestamp="20231030 17:38:29.986" level="TRACE">Return: None</msg>
<status status="PASS" starttime="20231030 17:38:29.981" endtime="20231030 17:38:29.986"/>
</kw>
<status status="FAIL" starttime="20231030 17:38:29.708" endtime="20231030 17:38:29.986">Setup failed:
Error: browserType.launch: 
╔════════════════════════════════════════════════════════════════════════════════════════════════╗
║ Looks like you launched a headed browser without having a XServer running.                     ║
║ Set either 'headless: true' or use 'xvfb-run &lt;your-playwright-app&gt;' before running Playwright. ║
║                                                                                                ║
║ &lt;3 Playwright Team                                                                             ║
╚════════════════════════════════════════════════════════════════════════════════════════════════╝
=========================== logs ===========================
&lt;launching&gt; /opt/hostedtoolcache/Python/3.11.6/x64/lib/python3.11/site-packages/Browser/wrapper/node_modules/playwright-core/.local-browsers/firefox-1425/firefox/firefox -no-remote -wait-for-browser -foreground -profile /tmp/playwright_firefoxdev_profile-hg2Hy4 -juggler-pipe -silent
&lt;launched&gt; pid=10524
[pid=10524][err] Error: no DISPLAY environment variable specified
[pid=10524] &lt;process did exit: exitCode=1, signal=null&gt;
[pid=10524] starting temporary directories cleanup
============================================================</status>
</test>
<test id="s1-s1-s1-s3-s1-t2" name="Add Someone Else as the Main Guest" line="25">
<kw name="Open Browser to Landing Page" library="common" type="SETUP">
<doc>A general startup keyword for opening a browser to the landing page.</doc>
<msg timestamp="20231030 17:38:29.991" level="TRACE">Arguments: [  ]</msg>
<kw name="Log To Console" library="BuiltIn">
<arg>Environment: ${environment}</arg>
<doc>Logs the given message to the console.</doc>
<msg timestamp="20231030 17:38:29.991" level="TRACE">Arguments: [ 'Environment: test4' ]</msg>
<msg timestamp="20231030 17:38:29.991" level="TRACE">Return: None</msg>
<status status="PASS" starttime="20231030 17:38:29.991" endtime="20231030 17:38:29.991"/>
</kw>
<if>
<branch type="IF" condition="'${environment}' == 'test3'">
<kw name="Set Suite Variable" library="BuiltIn">
<arg>${url.landing.page}</arg>
<arg>https://test3.omenahotels.com/en</arg>
<doc>Makes a variable available everywhere within the scope of the current suite.</doc>
<status status="NOT RUN" starttime="20231030 17:38:29.992" endtime="20231030 17:38:29.992"/>
</kw>
<status status="NOT RUN" starttime="20231030 17:38:29.992" endtime="20231030 17:38:29.992"/>
</branch>
<branch type="ELSE IF" condition="'${environment}' == 'ks_test'">
<kw name="Set Suite Variable" library="BuiltIn">
<arg>${url.landing.page}</arg>
<arg>https://test.kensingtonstay.com/en</arg>
<doc>Makes a variable available everywhere within the scope of the current suite.</doc>
<status status="NOT RUN" starttime="20231030 17:38:29.993" endtime="20231030 17:38:29.993"/>
</kw>
<status status="NOT RUN" starttime="20231030 17:38:29.992" endtime="20231030 17:38:29.993"/>
</branch>
<branch type="ELSE IF" condition="'${environment}' == 'salo_test'">
<kw name="Set Suite Variable" library="BuiltIn">
<arg>${url.landing.page}</arg>
<arg>https://test.kensingtonstay.com/en</arg>
<doc>Makes a variable available everywhere within the scope of the current suite.</doc>
<status status="NOT RUN" starttime="20231030 17:38:29.993" endtime="20231030 17:38:29.993"/>
</kw>
<status status="NOT RUN" starttime="20231030 17:38:29.993" endtime="20231030 17:38:29.993"/>
</branch>
<branch type="ELSE IF" condition="'${environment}' == 'test4'">
<kw name="Set Suite Variable" library="BuiltIn">
<arg>${url.landing.page}</arg>
<arg>https://test4.omenahotels.com/en</arg>
<doc>Makes a variable available everywhere within the scope of the current suite.</doc>
<msg timestamp="20231030 17:38:29.994" level="TRACE">Arguments: [ '${url.landing.page}' | 'https://test4.omenahotels.com/en' ]</msg>
<msg timestamp="20231030 17:38:29.994" level="INFO">${url.landing.page} = https://test4.omenahotels.com/en</msg>
<msg timestamp="20231030 17:38:29.994" level="TRACE">Return: None</msg>
<status status="PASS" starttime="20231030 17:38:29.993" endtime="20231030 17:38:29.994"/>
</kw>
<status status="PASS" starttime="20231030 17:38:29.993" endtime="20231030 17:38:29.994"/>
</branch>
<status status="PASS" starttime="20231030 17:38:29.992" endtime="20231030 17:38:29.994"/>
</if>
<kw name="Open New Browser To URL" library="common">
<arg>${url.landing.page}</arg>
<msg timestamp="20231030 17:38:29.994" level="TRACE">Arguments: [ ${url}='https://test4.omenahotels.com/en' ]</msg>
<kw name="New Browser" library="Browser">
<arg>${browser}</arg>
<arg>${headless}</arg>
<arg>timeout=${timeout}</arg>
<arg>downloadsPath=${EXECDIR}/resources/downloads</arg>
<tag>BrowserControl</tag>
<tag>Setter</tag>
<doc>Create a new playwright Browser with specified options.</doc>
<msg timestamp="20231030 17:38:29.995" level="TRACE">Arguments: [ &lt;SupportedBrowsers.firefox: 2&gt; | False | timeout=datetime.timedelta(seconds=30) | downloadsPath='/home/runner/work/nelson-test-automation/nelson-test-automation/resources/downloads' ]</msg>
<msg timestamp="20231030 17:38:29.996" level="INFO">{"browser": "firefox", "headless": false, "chromiumSandbox": false, "devtools": false, "downloadsPath": "/home/runner/work/nelson-test-automation/nelson-test-automation/resources/downloads", "handleSIGHUP": true, "handleSIGINT": true, "handleSIGTERM": true, "slowMo": 0.0, "timeout": 30000.0, "tracesDir": "/home/runner/work/nelson-test-automation/nelson-test-automation/reports/test4/browser/traces/0fadf1bf-a75a-4629-82c8-69b9d570366c"}</msg>
<msg timestamp="20231030 17:38:30.242" level="INFO">Keyword 'Take Screenshot  fail-screenshot-{index}' could not be run on failure:
Error: Tried to take screenshot, but no page was open.</msg>
<msg timestamp="20231030 17:38:30.242" level="INFO">See also file:///home/runner/work/nelson-test-automation/nelson-test-automation/reports/test4/playwright-log.txt for additional details.</msg>
<msg timestamp="20231030 17:38:30.242" level="FAIL">Error: browserType.launch: 
╔════════════════════════════════════════════════════════════════════════════════════════════════╗
║ Looks like you launched a headed browser without having a XServer running.                     ║
║ Set either 'headless: true' or use 'xvfb-run &lt;your-playwright-app&gt;' before running Playwright. ║
║                                                                                                ║
║ &lt;3 Playwright Team                                                                             ║
╚════════════════════════════════════════════════════════════════════════════════════════════════╝
=========================== logs ===========================
&lt;launching&gt; /opt/hostedtoolcache/Python/3.11.6/x64/lib/python3.11/site-packages/Browser/wrapper/node_modules/playwright-core/.local-browsers/firefox-1425/firefox/firefox -no-remote -wait-for-browser -foreground -profile /tmp/playwright_firefoxdev_profile-JGqr8Y -juggler-pipe -silent
&lt;launched&gt; pid=10797
[pid=10797][err] Error: no DISPLAY environment variable specified
[pid=10797] &lt;process did exit: exitCode=1, signal=null&gt;
[pid=10797] starting temporary directories cleanup
============================================================</msg>
<msg timestamp="20231030 17:38:30.243" level="DEBUG">Traceback (most recent call last):
  File "/opt/hostedtoolcache/Python/3.11.6/x64/lib/python3.11/site-packages/Browser/playwright.py", line 158, in grpc_channel
    yield playwright_pb2_grpc.PlaywrightStub(self._channel)
  File "/opt/hostedtoolcache/Python/3.11.6/x64/lib/python3.11/site-packages/Browser/keywords/playwright_state.py", line 405, in new_browser
    response = stub.NewBrowser(
               ^^^^^^^^^^^^^^^^
  File "/opt/hostedtoolcache/Python/3.11.6/x64/lib/python3.11/site-packages/grpc/_channel.py", line 1161, in __call__
    return _end_unary_response_blocking(state, call, False, None)
           ^^^^^^^^^^^^^^^^^^^^^^^^^^^^^^^^^^^^^^^^^^^^^^^^^^^^^^
  File "/opt/hostedtoolcache/Python/3.11.6/x64/lib/python3.11/site-packages/grpc/_channel.py", line 1004, in _end_unary_response_blocking
    raise _InactiveRpcError(state)  # pytype: disable=not-instantiable
    ^^^^^^^^^^^^^^^^^^^^^^^^^^^^^^
grpc._channel._InactiveRpcError: &lt;_InactiveRpcError of RPC that terminated with:
	status = StatusCode.RESOURCE_EXHAUSTED
	details = "Error: browserType.launch: 
╔════════════════════════════════════════════════════════════════════════════════════════════════╗
║ Looks like you launched a headed browser without having a XServer running.                     ║
║ Set either 'headless: true' or use 'xvfb-run &lt;your-playwright-app&gt;' before running Playwright. ║
║                                                                                                ║
║ &lt;3 Playwright Team                                                                             ║
╚════════════════════════════════════════════════════════════════════════════════════════════════╝
=========================== logs ===========================
&lt;launching&gt; /opt/hostedtoolcache/Python/3.11.6/x64/lib/python3.11/site-packages/Browser/wrapper/node_modules/playwright-core/.local-browsers/firefox-1425/firefox/firefox -no-remote -wait-for-browser -foreground -profile /tmp/playwright_firefoxdev_profile-JGqr8Y -juggler-pipe -silent
&lt;launched&gt; pid=10797
[pid=10797][err] Error: no DISPLAY environment variable specified
[pid=10797] &lt;process did exit: exitCode=1, signal=null&gt;
[pid=10797] starting temporary directories cleanup
============================================================"
	debug_error_string = "UNKNOWN:Error received from peer  {created_time:"2023-10-30T17:38:30.238602294+00:00", grpc_status:8, grpc_message:"Error: browserType.launch: \n\xe2\x95\x94\xe2\x95\x90\xe2\x95\x90\xe2\x95\x90\xe2\x95\x90\xe2\x95\x90\xe2\x95\x90\xe2\x95\x90\xe2\x95\x90\xe2\x95\x90\xe2\x95\x90\xe2\x95\x90\xe2\x95\x90\xe2\x95\x90\xe2\x95\x90\xe2\x95\x90\xe2\x95\x90\xe2\x95\x90\xe2\x95\x90\xe2\x95\x90\xe2\x95\x90\xe2\x95\x90\xe2\x95\x90\xe2\x95\x90\xe2\x95\x90\xe2\x95\x90\xe2\x95\x90\xe2\x95\x90\xe2\x95\x90\xe2\x95\x90\xe2\x95\x90\xe2\x95\x90\xe2\x95\x90\xe2\x95\x90\xe2\x95\x90\xe2\x95\x90\xe2\x95\x90\xe2\x95\x90\xe2\x95\x90\xe2\x95\x90\xe2\x95\x90\xe2\x95\x90\xe2\x95\x90\xe2\x95\x90\xe2\x95\x90\xe2\x95\x90\xe2\x95\x90\xe2\x95\x90\xe2\x95\x90\xe2\x95\x90\xe2\x95\x90\xe2\x95\x90\xe2\x95\x90\xe2\x95\x90\xe2\x95\x90\xe2\x95\x90\xe2\x95\x90\xe2\x95\x90\xe2\x95\x90\xe2\x95\x90\xe2\x95\x90\xe2\x95\x90\xe2\x95\x90\xe2\x95\x90\xe2\x95\x90\xe2\x95\x90\xe2\x95\x90\xe2\x95\x90\xe2\x95\x90\xe2\x95\x90\xe2\x95\x90\xe2\x95\x90\xe2\x95\x90\xe2\x95\x90\xe2\x95\x90\xe2\x95\x90\xe2\x95\x90\xe2\x95\x90\xe2\x95\x90\xe2\x95\x90\xe2\x95\x90\xe2\x95\x90\xe2\x95\x90\xe2\x95\x90\xe2\x95\x90\xe2\x95\x90\xe2\x95\x90\xe2\x95\x90\xe2\x95\x90\xe2\x95\x90\xe2\x95\x90\xe2\x95\x90\xe2\x95\x90\xe2\x95\x90\xe2\x95\x90\xe2\x95\x90\xe2\x95\x90\xe2\x95\x97\n\xe2\x95\x91 Looks like you launched a headed browser without having a XServer running.                     \xe2\x95\x91\n\xe2\x95\x91 Set either \'headless: true\' or use \'xvfb-run &lt;your-playwright-app&gt;\' before running Playwright. \xe2\x95\x91\n\xe2\x95\x91                                                                                                \xe2\x95\x91\n\xe2\x95\x91 &lt;3 Playwright Team                                                                             \xe2\x95\x91\n\xe2\x95\x9a\xe2\x95\x90\xe2\x95\x90\xe2\x95\x90\xe2\x95\x90\xe2\x95\x90\xe2\x95\x90\xe2\x95\x90\xe2\x95\x90\xe2\x95\x90\xe2\x95\x90\xe2\x95\x90\xe2\x95\x90\xe2\x95\x90\xe2\x95\x90\xe2\x95\x90\xe2\x95\x90\xe2\x95\x90\xe2\x95\x90\xe2\x95\x90\xe2\x95\x90\xe2\x95\x90\xe2\x95\x90\xe2\x95\x90\xe2\x95\x90\xe2\x95\x90\xe2\x95\x90\xe2\x95\x90\xe2\x95\x90\xe2\x95\x90\xe2\x95\x90\xe2\x95\x90\xe2\x95\x90\xe2\x95\x90\xe2\x95\x90\xe2\x95\x90\xe2\x95\x90\xe2\x95\x90\xe2\x95\x90\xe2\x95\x90\xe2\x95\x90\xe2\x95\x90\xe2\x95\x90\xe2\x95\x90\xe2\x95\x90\xe2\x95\x90\xe2\x95\x90\xe2\x95\x90\xe2\x95\x90\xe2\x95\x90\xe2\x95\x90\xe2\x95\x90\xe2\x95\x90\xe2\x95\x90\xe2\x95\x90\xe2\x95\x90\xe2\x95\x90\xe2\x95\x90\xe2\x95\x90\xe2\x95\x90\xe2\x95\x90\xe2\x95\x90\xe2\x95\x90\xe2\x95\x90\xe2\x95\x90\xe2\x95\x90\xe2\x95\x90\xe2\x95\x90\xe2\x95\x90\xe2\x95\x90\xe2\x95\x90\xe2\x95\x90\xe2\x95\x90\xe2\x95\x90\xe2\x95\x90\xe2\x95\x90\xe2\x95\x90\xe2\x95\x90\xe2\x95\x90\xe2\x95\x90\xe2\x95\x90\xe2\x95\x90\xe2\x95\x90\xe2\x95\x90\xe2\x95\x90\xe2\x95\x90\xe2\x95\x90\xe2\x95\x90\xe2\x95\x90\xe2\x95\x90\xe2\x95\x90\xe2\x95\x90\xe2\x95\x90\xe2\x95\x90\xe2\x95\x90\xe2\x95\x90\xe2\x95\x90\xe2\x95\x9d\n=========================== logs ===========================\n&lt;launching&gt; /opt/hostedtoolcache/Python/3.11.6/x64/lib/python3.11/site-packages/Browser/wrapper/node_modules/playwright-core/.local-browsers/firefox-1425/firefox/firefox -no-remote -wait-for-browser -foreground -profile /tmp/playwright_firefoxdev_profile-JGqr8Y -juggler-pipe -silent\
[...]
<msg timestamp="20231030 17:38:37.327" level="TRACE">Return: '733022650'</msg>
<msg timestamp="20231030 17:38:37.327" level="INFO">${bookingNo} = 733022650</msg>
<status status="PASS" starttime="20231030 17:38:37.308" endtime="20231030 17:38:37.327"/>
</kw>
<kw name="Log To Console" library="BuiltIn">
<arg>${bookingNo}</arg>
<doc>Logs the given message to the console.</doc>
<msg timestamp="20231030 17:38:37.328" level="TRACE">Arguments: [ '733022650' ]</msg>
<msg timestamp="20231030 17:38:37.328" level="TRACE">Return: None</msg>
<status status="PASS" starttime="20231030 17:38:37.327" endtime="20231030 17:38:37.328"/>
</kw>
<kw name="Append To Environment Variable" library="OperatingSystem">
<arg>LAST_BOOKING_NO:${bookingNo}</arg>
<doc>Appends given ``values`` to environment variable ``name``.</doc>
<msg timestamp="20231030 17:38:37.328" level="TRACE">Arguments: [ 'LAST_BOOKING_NO:733022650' ]</msg>
<msg timestamp="20231030 17:38:37.328" level="INFO">Environment variable 'LAST_BOOKING_NO:733022650' set to value ''.</msg>
<msg timestamp="20231030 17:38:37.328" level="TRACE">Return: None</msg>
<status status="PASS" starttime="20231030 17:38:37.328" endtime="20231030 17:38:37.328"/>
</kw>
<msg timestamp="20231030 17:38:37.328" level="TRACE">Return: None</msg>
<status status="PASS" starttime="20231030 17:38:36.703" endtime="20231030 17:38:37.328"/>
</kw>
<tag>staging, omena, bdc, smoke</tag>
<status status="PASS" starttime="20231030 17:38:36.702" endtime="20231030 17:38:37.328"/>
</test>
<kw name="Close Browser" library="Browser" type="TEARDOWN">
<arg>ALL</arg>
<tag>BrowserControl</tag>
<tag>Setter</tag>
<doc>Closes the current browser.</doc>
<msg timestamp="20231030 17:38:37.332" level="TRACE">Arguments: [ 'ALL' ]</msg>
<msg timestamp="20231030 17:38:37.334" level="INFO">Closed all browsers</msg>
<msg timestamp="20231030 17:38:37.334" level="TRACE">Return: None</msg>
<status status="PASS" starttime="20231030 17:38:37.332" endtime="20231030 17:38:37.334"/>
</kw>
<doc>A test suite for verifying BDC booking functionality</doc>
<status status="FAIL" starttime="20231030 17:38:35.425" endtime="20231030 17:38:37.334"/>
</suite>
<suite id="s1-s4-s2" name="Expedia" source="/home/runner/work/nelson-test-automation/nelson-test-automation/testsuites/OTA/expedia.robot">
<test id="s1-s4-s2-t1" name="Check Availability in Expedia" line="30">
<kw name="Pass Execution" library="BuiltIn">
<arg>TBD</arg>
<doc>Skips rest of the current test, setup, or teardown with PASS status.</doc>
<msg timestamp="20231030 17:38:37.357" level="TRACE">Arguments: [ 'TBD' ]</msg>
<msg timestamp="20231030 17:38:37.357" level="INFO">Execution passed with message:
TBD</msg>
<status status="PASS" starttime="20231030 17:38:37.357" endtime="20231030 17:38:37.357"/>
</kw>
<kw name="Open Browser to Expedia Omena Test Hotel">
<status status="NOT RUN" starttime="20231030 17:38:37.357" endtime="20231030 17:38:37.357"/>
</kw>
<kw name="Select Dates for Expedia Stay">
<status status="NOT RUN" starttime="20231030 17:38:37.357" endtime="20231030 17:38:37.357"/>
</kw>
<kw name="Click" library="Browser">
<arg>id=search_button</arg>
<tag>PageContent</tag>
<tag>Setter</tag>
<doc>Simulates mouse click on the element found by ``selector``.</doc>
<status status="NOT RUN" starttime="20231030 17:38:37.357" endtime="20231030 17:38:37.357"/>
</kw>
<tag>smoke, booking, BUI2-556, online-checkin</tag>
<status status="PASS" starttime="20231030 17:38:37.356" endtime="20231030 17:38:37.358">TBD</status>
</test>
<test id="s1-s4-s2-t2" name="Select Hotel and Create Booking" line="36">
<kw name="Pass Execution" library="BuiltIn">
<arg>TBD</arg>
<doc>Skips rest of the current test, setup, or teardown with PASS status.</doc>
<msg timestamp="20231030 17:38:37.360" level="TRACE">Arguments: [ 'TBD' ]</msg>
<msg timestamp="20231030 17:38:37.360" level="INFO">Execution passed with message:
TBD</msg>
<status status="PASS" starttime="20231030 17:38:37.360" endtime="20231030 17:38:37.360"/>
</kw>
<kw name="Click" library="Browser">
<arg>//a[contains(@href, "Region-Test-Hotels-EQC")]</arg>
<tag>PageContent</tag>
<tag>Setter</tag>
<doc>Simulates mouse click on the element found by ``selector``.</doc>
<status status="NOT RUN" starttime="20231030 17:38:37.360" endtime="20231030 17:38:37.360"/>
</kw>
<kw name="Click" library="Browser">
<arg>//span[contains(text(), 'Select Standard')]</arg>
<tag>PageContent</tag>
<tag>Setter</tag>
<doc>Simulates mouse click on the element found by ``selector``.</doc>
<status status="NOT RUN" starttime="20231030 17:38:37.360" endtime="20231030 17:38:37.360"/>
</kw>
<tag>smoke, booking, BUI2-556, online-checkin</tag>
<status status="PASS" starttime="20231030 17:38:37.359" endtime="20231030 17:38:37.360">TBD</status>
</test>
<test id="s1-s4-s2-t3" name="Fill Booker Details" line="43">
<kw name="Pass Execution" library="BuiltIn">
<arg>TBD</arg>
<doc>Skips rest of the current test, setup, or teardown with PASS status.</doc>
<msg timestamp="20231030 17:38:37.364" level="TRACE">Arguments: [ 'TBD' ]</msg>
<msg timestamp="20231030 17:38:37.364" level="INFO">Execution passed with message:
TBD</msg>
<status status="PASS" starttime="20231030 17:38:37.363" endtime="20231030 17:38:37.364"/>
</kw>
<kw name="Is Element Visible" library="common">
<var>${noCC}</var>
<arg>//button/span[contains(@aria-hidden, "false") and text()="Pay when you stay"]</arg>
<status status="NOT RUN" starttime="20231030 17:38:37.364" endtime="20231030 17:38:37.364"/>
</kw>
<if>
<branch type="IF" condition="'${noCC}' == 'True'">
<kw name="Click" library="Browser">
<arg>//button/span[contains(@aria-hidden, "false") and text()="Pay when you stay"]</arg>
<tag>PageContent</tag>
<tag>Setter</tag>
<doc>Simulates mouse click on the element found by ``selector``.</doc>
<status status="NOT RUN" starttime="20231030 17:38:37.364" endtime="20231030 17:38:37.364"/>
</kw>
<status status="NOT RUN" starttime="20231030 17:38:37.364" endtime="20231030 17:38:37.364"/>
</branch>
<branch type="ELSE">
<kw name="Click" library="Browser">
<arg>//button/span[contains(@aria-hidden, "false") and text()="Pay when you stay"]</arg>
<tag>PageContent</tag>
<tag>Setter</tag>
<doc>Simulates mouse click on the element found by ``selector``.</doc>
<status status="NOT RUN" starttime="20231030 17:38:37.365" endtime="20231030 17:38:37.365"/>
</kw>
<kw name="Fill Text" library="Browser">
<arg>//input[contains(@class, "billing-cardholder-name")]</arg>
<arg>Expedia Ex</arg>
<tag>PageContent</tag>
<tag>Setter</tag>
<doc>Clears and fills the given ``txt`` into the text field found by ``selector``.</doc>
<status status="NOT RUN" starttime="20231030 17:38:37.365" endtime="20231030 17:38:37.365"/>
</kw>
<kw name="Fill Text" library="Browser">
<arg>id=creditCardInput</arg>
<arg>${cc.expedia}</arg>
<tag>PageContent</tag>
<tag>Setter</tag>
<doc>Clears and fills the given ``txt`` into the text field found by ``selector``.</doc>
<status status="NOT RUN" starttime="20231030 17:38:37.365" endtime="20231030 17:38:37.365"/>
</kw>
<kw name="Fill Text" library="Browser">
<arg>//input[contains(@class, "cc-expiration-text-field")]</arg>
<arg>${cc.expedia.exp}</arg>
<tag>PageContent</tag>
<tag>Setter</tag>
<doc>Clears and fills the given ``txt`` into the text field found by ``selector``.</doc>
<status status="NOT RUN" starttime="20231030 17:38:37.365" endtime="20231030 17:38:37.365"/>
</kw>
<kw name="Fill Text" library="Browser">
<arg>//input[contains(@class, "new_cc_security_code")]</arg>
<arg>123</arg>
<tag>PageContent</tag>
<tag>Setter</tag>
<doc>Clears and fills the given ``txt`` into the text field found by ``selector``.</doc>
<status status="NOT RUN" starttime="20231030 17:38:37.365" endtime="20231030 17:38:37.365"/>
</kw>
<status status="NOT RUN" starttime="20231030 17:38:37.364" endtime="20231030 17:38:37.366"/>
</branch>
<status status="NOT RUN" starttime="20231030 17:38:37.364" endtime="20231030 17:38:37.366"/>
</if>
<kw name="Fill Text" library="Browser">
<arg>//input[contains(@name, "firstName")]</arg>
<arg>Expedia</arg>
<tag>PageContent</tag>
<tag>Setter</tag>
<doc>Clears and fills the given ``txt`` into the text field found by ``selector``.</doc>
<status status="NOT RUN" starttime="20231030 17:38:37.366" endtime="20231030 17:38:37.366"/>
</kw>
<kw name="Fill Text" library="Browser">
<arg>//input[contains(@name, "lastName")]</arg>
<arg>Expedia</arg>
<tag>PageContent</tag>
<tag>Setter</tag>
<doc>Clears and fills the given ``txt`` into the text field found by ``selector``.</doc>
<status status="NOT RUN" starttime="20231030 17:38:37.366" endtime="20231030 17:38:37.366"/>
</kw>
<kw name="Fill Text" library="Browser">
<arg>//input[@name='email' and contains(@class, 'always-include')]</arg>
<arg>nelsonsqa+expedia@gmail.com</arg>
<tag>PageContent</tag>
<tag>Setter</tag>
<doc>Clears and fills the given ``txt`` into the text field found by ``selector``.</doc>
<status status="NOT RUN" starttime="20231030 17:38:37.366" endtime="20231030 17:38:37.367"/>
</kw>
<kw name="Fill Text" library="Browser">
<arg>//input[contains(@class, "phone-number")]</arg>
<arg>111</arg>
<tag>PageContent</tag>
<tag>Setter</tag>
<doc>Clears and fills the given ``txt`` into the text field found by ``selector``.</doc>
<status status="NOT RUN" starttime="20231030 17:38:37.367" endtime="20231030 17:38:37.367"/>
</kw>
<tag>smoke, booking, BUI2-556, online-checkin</tag>
<status status="PASS" starttime="20231030 17:38:37.363" endtime="20231030 17:38:37.367">TBD</status>
</test>
<doc>This is a test suite for booking a room and checking in online</doc>
<status status="PASS" starttime="20231030 17:38:37.338" endtime="20231030 17:38:37.368"/>
</suite>
<status status="FAIL" starttime="20231030 17:38:35.423" endtime="20231030 17:38:37.372"/>
</suite>
<doc>Argument file for running tests on Omena test4 environment (test4)</doc>
<status status="FAIL" starttime="20231030 17:38:27.573" endtime="20231030 17:38:37.373"/>
</suite>
<statistics>
<total>
<stat pass="6" fail="49" skip="0">All Tests</stat>
</total>
<tag>
<stat pass="2" fail="11" skip="0">kensington_stay</stat>
<stat pass="0" fail="16" skip="0">prod</stat>
<stat pass="0" fail="24" skip="0">smoke</stat>
<stat pass="3" fail="7" skip="0">smoke, booking, BUI2-556, online-checkin</stat>
<stat pass="1" fail="3" skip="0">staging, omena, bdc, smoke</stat>
</tag>
<suite>
<stat pass="6" fail="49" skip="0" id="s1" name="Testsuites">Testsuites</stat>
<stat pass="0" fail="13" skip="0" id="s1-s1" name="BUI">Testsuites.BUI</stat>
<stat pass="0" fail="13" skip="0" id="s1-s1-s1" name="Regression">Testsuites.BUI.Regression</stat>
<stat pass="0" fail="2" skip="0" id="s1-s1-s1-s1" name="Create Booking">Testsuites.BUI.Regression.Create Booking</stat>
<stat pass="0" fail="7" skip="0" id="s1-s1-s1-s2" name="Create Booking And Check In">Testsuites.BUI.Regression.Create Booking And Check In</stat>
<stat pass="0" fail="4" skip="0" id="s1-s1-s1-s3" name="Online Check In">Testsuites.BUI.Regression.Online Check In</stat>
<stat pass="0" fail="4" skip="0" id="s1-s1-s1-s3-s1" name="BUI2-557">Testsuites.BUI.Regression.Online Check In.BUI2-557</stat>
<stat pass="2" fail="11" skip="0" id="s1-s2" name="Customer Specific">Testsuites.Customer Specific</stat>
<stat pass="2" fail="11" skip="0" id="s1-s2-s1" name="Kensington Stay">Testsuites.Customer Specific.Kensington Stay</stat>
<stat pass="1" fail="2" skip="0" id="s1-s2-s1-s1" name="Confirm Bdc Booking">Testsuites.Customer Specific.Kensington Stay.Confirm Bdc Booking</stat>
<stat pass="1" fail="3" skip="0" id="s1-s2-s1-s2" name="Create Bdc Booking">Testsuites.Customer Specific.Kensington Stay.Create Bdc Booking</stat>
<stat pass="0" fail="5" skip="0" id="s1-s2-s1-s3" name="Create Bui Booking">Testsuites.Customer Specific.Kensington Stay.Create Bui Booking</stat>
<stat pass="0" fail="1" skip="0" id="s1-s2-s1-s4" name="Create Mui Booking">Testsuites.Customer Specific.Kensington Stay.Create Mui Booking</stat>
<stat pass="0" fail="22" skip="0" id="s1-s3" name="MUI">Testsuites.MUI</stat>
<stat pass="0" fail="22" skip="0" id="s1-s3-s1" name="Regression">Testsuites.MUI.Regression</stat>
<stat pass="0" fail="1" skip="0" id="s1-s3-s1-s1" name="Mui.Booking">Testsuites.MUI.Regression.Mui.Booking</stat>
<stat pass="0" fail="1" skip="0" id="s1-s3-s1-s2" name="Mui.Gbe">Testsuites.MUI.Regression.Mui.Gbe</stat>
<stat pass="0" fail="4" skip="0" id="s1-s3-s1-s3" name="Mui.Reservations">Testsuites.MUI.Regression.Mui.Reservations</stat>
<stat pass="0" fail="16" skip="0" id="s1-s3-s1-s4" name="Mui.Smoke">Testsuites.MUI.Regression.Mui.Smoke</stat>
<stat pass="4" fail="3" skip="0" id="s1-s4" name="OTA">Testsuites.OTA</stat>
<stat pass="1" fail="3" skip="0" id="s1-s4-s1" name="Bdc">Testsuites.OTA.Bdc</stat>
<stat pass="3" fail="0" skip="0" id="s1-s4-s2" name="Expedia">Testsuites.OTA.Expedia</stat>
</suite>
</statistics>
<errors>
<msg timestamp="20231030 17:38:28.428" level="ERROR">Error in file '/home/runner/work/nelson-test-automation/nelson-test-automation/resources/keywords/booking.resource' on line 64: Creating keyword 'Save and Sign button is visible' failed: User keyword cannot be empty.</msg>
<msg timestamp="20231030 17:38:29.381" level="ERROR">Error in file '/home/runner/work/nelson-test-automation/nelson-test-automation/resources/keywords/booking.resource' on line 64: Creating keyword 'Save and Sign button is visible' failed: User keyword cannot be empty.</msg>
<msg timestamp="20231030 17:38:29.401" level="ERROR">Error in file '/home/runner/work/nelson-test-automation/nelson-test-automation/resources/keywords/mui.reservations.resource' on line 92: Creating keyword 'Select Booking Channel for Search' failed: User keyword cannot be empty.</msg>
<msg timestamp="20231030 17:38:29.405" level="ERROR">Error in file '/home/runner/work/nelson-test-automation/nelson-test-automation/resources/keywords/checkin.resource' on line 48: Creating keyword 'Verify Page Elements before Check-in' failed: User keyword cannot be empty.</msg>
<msg timestamp="20231030 17:38:29.698" level="ERROR">Error in file '/home/runner/work/nelson-test-automation/nelson-test-automation/resources/keywords/booking.resource' on line 64: Creating keyword 'Save and Sign button is visible' failed: User keyword cannot be empty.</msg>
<msg timestamp="20231030 17:38:29.704" level="ERROR">Error in file '/home/runner/work/nelson-test-automation/nelson-test-automation/resources/keywords/mui.reservations.resource' on line 92: Creating keyword 'Select Booking Channel for Search' failed: User keyword cannot be empty.</msg>
<msg timestamp="20231030 17:38:30.773" level="ERROR">Error in file '/home/runner/work/nelson-test-automation/nelson-test-automation/resources/keywords/booking.resource' on line 64: Creating keyword 'Save and Sign button is visible' failed: User keyword cannot be empty.</msg>
<msg timestamp="20231030 17:38:30.779" level="ERROR">Error in file '/home/runner/work/nelson-test-automation/nelson-test-automation/resources/keywords/mui.reservations.resource' on line 92: Creating keyword 'Select Booking Channel for Search' failed: User keyword cannot be empty.</msg>
<msg timestamp="20231030 17:38:31.063" level="ERROR">Error in file '/home/runner/work/nelson-test-automation/nelson-test-automation/resources/keywords/booking.resource' on line 64: Creating keyword 'Save and Sign button is visible' failed: User keyword cannot be empty.</msg>
<msg timestamp="20231030 17:38:31.071" level="ERROR">Error in file '/home/runner/work/nelson-test-automation/nelson-test-automation/resources/keywords/mui.reservations.resource' on line 92: Creating keyword 'Select Booking Channel for Search' failed: User keyword cannot be empty.</msg>
<msg timestamp="20231030 17:38:33.077" level="ERROR">Error in file '/home/runner/work/nelson-test-automation/nelson-test-automation/resources/keywords/booking.resource' on line 64: Creating keyword 'Save and Sign button is visible' failed: User keyword cannot be empty.</msg>
<msg timestamp="20231030 17:38:33.085" level="ERROR">Error in file '/home/runner/work/nelson-test-automation/nelson-test-automation/resources/keywords/mui.reservations.resource' on line 92: Creating keyword 'Select Booking Channel for Search' failed: User keyword cannot be empty.</msg>
<msg timestamp="20231030 17:38:33.393" level="ERROR">Error in file '/home/runner/work/nelson-test-automation/nelson-test-automation/resources/keywords/booking.resource' on line 64: Creating keyword 'Save and Sign button is visible' failed: User keyword cannot be empty.</msg>
<msg timestamp="20231030 17:38:33.399" level="ERROR">Error in file '/home/runner/work/nelson-test-automation/nelson-test-automation/resources/keywords/mui.reservations.resource' on line 92: Creating keyword 'Select Booking Channel for Search' failed: User keyword cannot be empty.</msg>
<msg timestamp="20231030 17:38:33.429" level="ERROR">Error in file '/home/runner/work/nelson-test-automation/nelson-test-automation/resources/keywords/booking.resource' on line 64: Creating keyword 'Save and Sign button is visible' failed: User keyword cannot be empty.</msg>
<msg timestamp="20231030 17:38:33.476" level="ERROR">Error in file '/home/runner/work/nelson-test-automation/nelson-test-automation/resources/keywords/mui.reservations.resource' on line 92: Creating keyword 'Select Booking Channel for Search' failed: User keyword cannot be empty.</msg>
<msg timestamp="20231030 17:38:33.761" level="ERROR">Error in file '/home/runner/work/nelson-test-automation/nelson-test-automation/resources/keywords/booking.resource' on line 64: Creating keyword 'Save and Sign button is visible' failed: User keyword cannot be empty.</msg>
<msg timestamp="20231030 17:38:33.766" level="ERROR">Error in file '/home/runner/work/nelson-test-automation/nelson-test-automation/resources/keywords/mui.reservations.resource' on line 92: Creating keyword 'Select Booking Channel for Search' failed: User keyword cannot be empty.</msg>
<msg timestamp="20231030 17:38:34.033" level="ERROR">Error in file '/home/runner/work/nelson-test-automation/nelson-test-automation/resources/keywords/booking.resource' on line 64: Creating keyword 'Save and Sign button is visible' failed: User keyword cannot be empty.</msg>
<msg timestamp="20231030 17:38:34.039" level="ERROR">Error in file '/home/runner/work/nelson-test-automation/nelson-test-automation/resources/keywords/mui.reservations.resource' on line 92: Creating keyword 'Select Booking Channel for Search' failed: User keyword cannot be empty.</msg>
<msg timestamp="20231030 17:38:34.311" level="ERROR">Error in file '/home/runner/work/nelson-test-automation/nelson-test-automation/resources/keywords/booking.resource' on line 64: Creating keyword 'Save and Sign button is visible' failed: User keyword cannot be empty.</msg>
<msg timestamp="20231030 17:38:34.323" level="ERROR">Error in file '/home/runner/work/nelson-test-automation/nelson-test-automation/resources/keywords/mui.reservations.resource' on line 92: Creating keyword 'Select Booking Channel for Search' failed: User keyword cannot be empty.</msg>
<msg timestamp="20231030 17:38:37.345" level="ERROR">Error in file '/home/runner/work/nelson-test-automation/nelson-test-automation/resources/keywords/booking.resource' on line 64: Creating keyword 'Save and Sign button is visible' failed: User keyword cannot be empty.</msg>
<msg timestamp="20231030 17:38:37.351" level="ERROR">Error in file '/home/runner/work/nelson-test-automation/nelson-test-automation/resources/keywords/mui.reservations.resource' on line 92: Creating keyword 'Select Booking Channel for Search' failed: User keyword cannot be empty.</msg>
<msg timestamp="20231030 17:38:37.352" level="ERROR">Error in file '/home/runner/work/nelson-test-automation/nelson-test-automation/resources/keywords/checkin.resource' on line 48: Creating keyword 'Verify Page Elements before Check-in' failed: User keyword cannot be empty.</msg>
</errors>
</robot>
