<?xml version="1.0" encoding="UTF-8"?>
<robot generator="Robot 5.0.1 (Python 3.10.12 on linux)" generated="20230709 18:19:50.989" rpa="false" schemaversion="3">
<suite id="s1" name="Testsuites" source="/home/runner/work/nelson-test-automation/nelson-test-automation/testsuites">
<suite id="s1-s1" name="BUI" source="/home/runner/work/nelson-test-automation/nelson-test-automation/testsuites/BUI">
<suite id="s1-s1-s1" name="Regression" source="/home/runner/work/nelson-test-automation/nelson-test-automation/testsuites/BUI/regression">
<suite id="s1-s1-s1-s1" name="New Booking" source="/home/runner/work/nelson-test-automation/nelson-test-automation/testsuites/BUI/regression/new_booking.robot">
<kw name="Open Browser to Landing Page" library="common" type="SETUP">
<doc>A general startup keyword for opening a browser to the landing page.</doc>
<kw name="Open New Browser To URL" library="common">
<arg>${url}</arg>
<kw name="New Browser" library="Browser">
<arg>${browser}</arg>
<arg>${headless}</arg>
<arg>timeout=${timeout}</arg>
<tag>BrowserControl</tag>
<tag>Setter</tag>
<doc>Create a new playwright Browser with specified options.</doc>
<msg timestamp="20230709 18:19:52.002" level="INFO">{"browser": "firefox", "headless": true, "devtools": false, "handleSIGHUP": true, "handleSIGINT": true, "handleSIGTERM": true, "slowMo": 0.0, "timeout": 90000.0, "deprecated_pos_args": [], "tracesDir": "/home/runner/work/nelson-test-automation/nelson-test-automation/reports/test4/browser/traces/701a0569-d64d-4fb1-8db5-b90c8a91ac90"}</msg>
<msg timestamp="20230709 18:19:53.000" level="INFO">Successfully created browser with options: {"browser":"firefox","headless":true,"devtools":false,"handleSIGHUP":true,"handleSIGINT":true,"handleSIGTERM":true,"slowMo":0,"timeout":90000,"deprecated_pos_args":[],"tracesDir":"/home/runner/work/nelson-test-automation/nelson-test-automation/reports/test4/browser/traces/701a0569-d64d-4fb1-8db5-b90c8a91ac90"}</msg>
<status status="PASS" starttime="20230709 18:19:52.001" endtime="20230709 18:19:53.000"/>
</kw>
<kw name="Set Browser Timeout" library="Browser">
<arg>${timeout}</arg>
<tag>Config</tag>
<tag>Setter</tag>
<doc>Sets the timeout used by most input and getter keywords.</doc>
<msg timestamp="20230709 18:19:53.004" level="INFO">No context open.</msg>
<status status="PASS" starttime="20230709 18:19:53.000" endtime="20230709 18:19:53.004"/>
</kw>
<kw name="New Context" library="Browser">
<tag>BrowserControl</tag>
<tag>Setter</tag>
<doc>Create a new BrowserContext with specified options.</doc>
<msg timestamp="20230709 18:19:53.004" level="INFO">{
  "acceptDownloads": true,
  "bypassCSP": false,
  "forcedColors": "none",
  "hideRfBrowser": false,
  "ignoreHTTPSErrors": false,
  "javaScriptEnabled": true,
  "offline": false,
  "reducedMotion": "no-preference",
  "viewport": {
    "width": 1280,
    "height": 720
  },
  "deprecated_pos_args": []
}</msg>
<msg timestamp="20230709 18:19:53.074" level="INFO">Successfully created context. </msg>
<msg timestamp="20230709 18:19:53.074" level="INFO">{'acceptDownloads': True, 'bypassCSP': False, 'forcedColors': 'none', 'hideRfBrowser': False, 'ignoreHTTPSErrors': False, 'javaScriptEnabled': True, 'offline': False, 'reducedMotion': 'no-preference', 'viewport': {'width': 1280, 'height': 720}, 'deprecated_pos_args': []}</msg>
<status status="PASS" starttime="20230709 18:19:53.004" endtime="20230709 18:19:53.075"/>
</kw>
<kw name="New Page" library="Browser">
<arg>${url}</arg>
<tag>BrowserControl</tag>
<tag>Setter</tag>
<doc>Open a new Page.</doc>
<msg timestamp="20230709 18:19:58.239" level="INFO">Successfully initialized new page object and opened url: https://test4.omenahotels.com/en</msg>
<status status="PASS" starttime="20230709 18:19:53.075" endtime="20230709 18:19:58.239"/>
</kw>
<status status="PASS" starttime="20230709 18:19:52.001" endtime="20230709 18:19:58.239"/>
</kw>
<kw name="Wait Until Network Is Idle" library="Browser">
<tag>HTTP</tag>
<tag>Wait</tag>
<doc>Waits until there has been at least one instance of 500 ms of no network traffic on the page after loading.</doc>
<status status="PASS" starttime="20230709 18:19:58.240" endtime="20230709 18:20:00.079"/>
</kw>
<kw name="Allow Cookies" library="common">
<doc>Allow Cookies/Toggle Cookie allowance</doc>
<kw name="Is Element Found" library="common">
<var>${cookieModalVisible}</var>
<arg>id=CybotCookiebotDialogBodyLevelButtonLevelOptinAllowAll</arg>
<doc>A keyword that has a very complex way of figuring out whether an
element is found or not because I had trouble with the built-in keywords
Can be solved differently if you have a better idea</doc>
<kw name="Set Browser Timeout" library="Browser">
<arg>10s</arg>
<tag>Config</tag>
<tag>Setter</tag>
<doc>Sets the timeout used by most input and getter keywords.</doc>
<msg timestamp="20230709 18:20:00.084" level="INFO">Set timeout to: 10000</msg>
<status status="PASS" starttime="20230709 18:20:00.080" endtime="20230709 18:20:00.084"/>
</kw>
<try>
<branch type="TRY">
<kw name="Get Elements" library="Browser">
<var>${els}</var>
<arg>${selector}</arg>
<tag>Getter</tag>
<tag>PageContent</tag>
<doc>Returns a reference to Playwright [https://playwright.dev/docs/api/class-locator|Locator]
for all matched elements by ``selector``.</doc>
<msg timestamp="20230709 18:20:00.134" level="INFO">Found 1 Locators successfully.</msg>
<msg timestamp="20230709 18:20:00.134" level="INFO">${els} = ['element=c8b2a669-cfed-47a2-bc6f-ea826ae8a697']</msg>
<status status="PASS" starttime="20230709 18:20:00.084" endtime="20230709 18:20:00.134"/>
</kw>
<kw name="Get Length" library="BuiltIn">
<var>${count}</var>
<arg>${els}</arg>
<doc>Returns and logs the length of the given item as an integer.</doc>
<msg timestamp="20230709 18:20:00.135" level="INFO">Length is 1</msg>
<msg timestamp="20230709 18:20:00.135" level="INFO">${count} = 1</msg>
<status status="PASS" starttime="20230709 18:20:00.135" endtime="20230709 18:20:00.135"/>
</kw>
<if>
<branch type="IF" condition="${count} &gt; 0">
<kw name="Set Variable" library="BuiltIn">
<var>${visible}</var>
<arg>True</arg>
<doc>Returns the given values which can then be assigned to a variables.</doc>
<msg timestamp="20230709 18:20:00.136" level="INFO">${visible} = True</msg>
<status status="PASS" starttime="20230709 18:20:00.136" endtime="20230709 18:20:00.136"/>
</kw>
<status status="PASS" starttime="20230709 18:20:00.136" endtime="20230709 18:20:00.136"/>
</branch>
<branch type="ELSE">
<kw name="Set Variable" library="BuiltIn">
<var>${visible}</var>
<arg>False</arg>
<doc>Returns the given values which can then be assigned to a variables.</doc>
<status status="NOT RUN" starttime="20230709 18:20:00.136" endtime="20230709 18:20:00.137"/>
</kw>
<status status="NOT RUN" starttime="20230709 18:20:00.136" endtime="20230709 18:20:00.137"/>
</branch>
<status status="PASS" starttime="20230709 18:20:00.135" endtime="20230709 18:20:00.137"/>
</if>
<status status="PASS" starttime="20230709 18:20:00.084" endtime="20230709 18:20:00.137"/>
</branch>
<branch type="EXCEPT">
<kw name="Set Variable" library="BuiltIn">
<var>${visible}</var>
<arg>False</arg>
<doc>Returns the given values which can then be assigned to a variables.</doc>
<status status="NOT RUN" starttime="20230709 18:20:00.137" endtime="20230709 18:20:00.137"/>
</kw>
<status status="NOT RUN" starttime="20230709 18:20:00.137" endtime="20230709 18:20:00.137"/>
</branch>
<status status="PASS" starttime="20230709 18:20:00.084" endtime="20230709 18:20:00.137"/>
</try>
<kw name="Set Browser Timeout" library="Browser">
<arg>${timeout}</arg>
<tag>Config</tag>
<tag>Setter</tag>
<doc>Sets the timeout used by most input and getter keywords.</doc>
<msg timestamp="20230709 18:20:00.140" level="INFO">Set timeout to: 90000</msg>
<status status="PASS" starttime="20230709 18:20:00.138" endtime="20230709 18:20:00.141"/>
</kw>
<msg timestamp="20230709 18:20:00.141" level="INFO">${cookieModalVisible} = True</msg>
<status status="PASS" starttime="20230709 18:20:00.080" endtime="20230709 18:20:00.141"/>
</kw>
<if>
<branch type="IF" condition="${cookieModalVisible}">
<kw name="Click" library="Browser">
<arg>id=CybotCookiebotDialogBodyLevelButtonLevelOptinAllowAll</arg>
<tag>PageContent</tag>
<tag>Setter</tag>
<doc>Simulates mouse click on the element found by ``selector``.</doc>
<status status="PASS" starttime="20230709 18:20:00.141" endtime="20230709 18:20:00.232"/>
</kw>
<status status="PASS" starttime="20230709 18:20:00.141" endtime="20230709 18:20:00.232"/>
</branch>
<branch type="ELSE">
<kw name="Log" library="BuiltIn">
<arg>No Cookie Modal Visible</arg>
<doc>Logs the given message with the given level.</doc>
<status status="NOT RUN" starttime="20230709 18:20:00.232" endtime="20230709 18:20:00.232"/>
</kw>
<status status="NOT RUN" starttime="20230709 18:20:00.232" endtime="20230709 18:20:00.232"/>
</branch>
<status status="PASS" starttime="20230709 18:20:00.141" endtime="20230709 18:20:00.232"/>
</if>
<status status="PASS" starttime="20230709 18:20:00.080" endtime="20230709 18:20:00.233"/>
</kw>
<kw name="Set Environment" library="common">
<kw name="Get Url" library="Browser">
<var>${currentUrl}</var>
<tag>Assertion</tag>
<tag>Getter</tag>
<tag>PageContent</tag>
<doc>Returns the current URL.</doc>
<msg timestamp="20230709 18:20:00.236" level="INFO">${currentUrl} = https://test4.omenahotels.com/en/</msg>
<status status="PASS" starttime="20230709 18:20:00.233" endtime="20230709 18:20:00.236"/>
</kw>
<kw name="Get Environment From Url" library="Helpers">
<var>${env}</var>
<arg>${currentUrl}</arg>
<msg timestamp="20230709 18:20:00.236" level="INFO">${env} = test-omena</msg>
<status status="PASS" starttime="20230709 18:20:00.236" endtime="20230709 18:20:00.236"/>
</kw>
<kw name="Set Variable" library="BuiltIn">
<arg>${environment}</arg>
<arg>${env}</arg>
<doc>Returns the given values which can then be assigned to a variables.</doc>
<status status="PASS" starttime="20230709 18:20:00.236" endtime="20230709 18:20:00.242"/>
</kw>
<status status="PASS" starttime="20230709 18:20:00.233" endtime="20230709 18:20:00.243"/>
</kw>
<status status="PASS" starttime="20230709 18:19:52.000" endtime="20230709 18:20:00.243"/>
</kw>
<test id="s1-s1-s1-s1-t1" name="Create A New Booking as" line="13">
<kw name="Select Hotel" library="booking">
<doc>Select Hotel by using a number as an argument, default Lönnrotinkatu</doc>
<if>
<branch type="IF" condition="&quot;${environment}&quot; == &quot;test-exhibition&quot;">
<kw name="Log" library="BuiltIn">
<arg>No hotel to be selected</arg>
<doc>Logs the given message with the given level.</doc>
<status status="NOT RUN" starttime="20230709 18:20:00.254" endtime="20230709 18:20:00.254"/>
</kw>
<status status="NOT RUN" starttime="20230709 18:20:00.253" endtime="20230709 18:20:00.254"/>
</branch>
<branch type="ELSE">
<kw name="Log" library="BuiltIn">
<arg>Selecting Hotel: ${hotel}</arg>
<doc>Logs the given message with the given level.</doc>
<msg timestamp="20230709 18:20:00.254" level="INFO">Selecting Hotel: Lönnrotin</msg>
<status status="PASS" starttime="20230709 18:20:00.254" endtime="20230709 18:20:00.254"/>
</kw>
<kw name="Click" library="Browser">
<arg>//div[contains(@data-nelson-btn, "hotels")]</arg>
<tag>PageContent</tag>
<tag>Setter</tag>
<doc>Simulates mouse click on the element found by ``selector``.</doc>
<status status="PASS" starttime="20230709 18:20:00.254" endtime="20230709 18:20:00.417"/>
</kw>
<kw name="Wait Until Visible" library="common">
<arg>//a[contains(@class, 'dropdown-item') and contains(text(), '${hotel}')]</arg>
<doc>An easier keyword for waiting until an element is visible</doc>
<kw name="Wait For Elements State" library="Browser">
<arg>${element}</arg>
<arg>visible</arg>
<arg>timeout=${timeout}</arg>
<tag>PageContent</tag>
<tag>Wait</tag>
<doc>Waits for the element found by ``selector`` to satisfy state option.</doc>
<msg timestamp="20230709 18:20:00.460" level="INFO">Waited for Element with selector //a[contains(@class, 'dropdown-item') and contains(text(), 'Lönnrotin')] at state visible</msg>
<status status="PASS" starttime="20230709 18:20:00.417" endtime="20230709 18:20:00.460"/>
</kw>
<status status="PASS" starttime="20230709 18:20:00.417" endtime="20230709 18:20:00.460"/>
</kw>
<kw name="Click" library="Browser">
<arg>//a[contains(@class, 'dropdown-item') and contains(text(), '${hotel}')]</arg>
<tag>PageContent</tag>
<tag>Setter</tag>
<doc>Simulates mouse click on the element found by ``selector``.</doc>
<status status="PASS" starttime="20230709 18:20:00.460" endtime="20230709 18:20:00.685"/>
</kw>
<kw name="Wait For Elements State" library="Browser">
<arg>//a[contains(@class, 'dropdown-item') and contains(text(), '${hotel}')]</arg>
<arg>hidden</arg>
<arg>timeout=3s</arg>
<tag>PageContent</tag>
<tag>Wait</tag>
<doc>Waits for the element found by ``selector`` to satisfy state option.</doc>
<msg timestamp="20230709 18:20:00.744" level="INFO">Waited for Element with selector //a[contains(@class, 'dropdown-item') and contains(text(), 'Lönnrotin')] at state hidden</msg>
<status status="PASS" starttime="20230709 18:20:00.685" endtime="20230709 18:20:00.744"/>
</kw>
<status status="PASS" starttime="20230709 18:20:00.254" endtime="20230709 18:20:00.744"/>
</branch>
<status status="PASS" starttime="20230709 18:20:00.253" endtime="20230709 18:20:00.744"/>
</if>
<status status="PASS" starttime="20230709 18:20:00.252" endtime="20230709 18:20:00.744"/>
</kw>
<kw name="Select Dates" library="booking">
<kw name="Log" library="BuiltIn">
<arg>${EMPTY}</arg>
<doc>Logs the given message with the given level.</doc>
<msg timestamp="20230709 18:20:00.746" level="INFO"/>
<status status="PASS" starttime="20230709 18:20:00.745" endtime="20230709 18:20:00.746"/>
</kw>
<status status="PASS" starttime="20230709 18:20:00.744" endtime="20230709 18:20:00.746"/>
</kw>
<kw name="Select Guests" library="booking">
<doc>Selects the number of guests for the booking, current implementation will only check the dropdown</doc>
<kw name="Log To Console" library="BuiltIn">
<arg>${EMPTY}</arg>
<doc>Logs the given message to the console.</doc>
<status status="PASS" starttime="20230709 18:20:00.747" endtime="20230709 18:20:00.748"/>
</kw>
<status status="PASS" starttime="20230709 18:20:00.746" endtime="20230709 18:20:00.748"/>
</kw>
<kw name="Click Book or Find Rooms Button" library="booking">
<kw name="Get Url" library="Browser">
<var>${url}</var>
<tag>Assertion</tag>
<tag>Getter</tag>
<tag>PageContent</tag>
<doc>Returns the current URL.</doc>
<msg timestamp="20230709 18:20:00.752" level="INFO">${url} = https://test4.omenahotels.com/en/#</msg>
<status status="PASS" starttime="20230709 18:20:00.749" endtime="20230709 18:20:00.752"/>
</kw>
<kw name="Check If String Contains" library="common">
<var>${booking}</var>
<arg>${url}</arg>
<arg>/booking/</arg>
<kw name="Check If String Contains Substring" library="Helpers">
<var>${contains}</var>
<arg>${string}</arg>
<arg>${substring}</arg>
<msg timestamp="20230709 18:20:00.758" level="INFO">${contains} = False</msg>
<status status="PASS" starttime="20230709 18:20:00.758" endtime="20230709 18:20:00.758"/>
</kw>
<msg timestamp="20230709 18:20:00.758" level="INFO">${booking} = False</msg>
<status status="PASS" starttime="20230709 18:20:00.752" endtime="20230709 18:20:00.758"/>
</kw>
<if>
<branch type="IF" condition="${booking} == True">
<kw name="Click" library="Browser">
<arg>//button[contains(@class, 'booking-form-button') and contains(text(), 'Find rooms')]</arg>
<tag>PageContent</tag>
<tag>Setter</tag>
<doc>Simulates mouse click on the element found by ``selector``.</doc>
<status status="NOT RUN" starttime="20230709 18:20:00.759" endtime="20230709 18:20:00.759"/>
</kw>
<status status="NOT RUN" starttime="20230709 18:20:00.759" endtime="20230709 18:20:00.759"/>
</branch>
<branch type="ELSE">
<kw name="Click" library="Browser">
<arg>//button[contains(@class, 'booking-form-button') and contains(text(), 'Book')]</arg>
<tag>PageContent</tag>
<tag>Setter</tag>
<doc>Simulates mouse click on the element found by ``selector``.</doc>
<status status="PASS" starttime="20230709 18:20:00.759" endtime="20230709 18:20:01.161"/>
</kw>
<status status="PASS" starttime="20230709 18:20:00.759" endtime="20230709 18:20:01.161"/>
</branch>
<status status="PASS" starttime="20230709 18:20:00.758" endtime="20230709 18:20:01.161"/>
</if>
<status status="PASS" starttime="20230709 18:20:00.748" endtime="20230709 18:20:01.162"/>
</kw>
<kw name="Select a Standard Room" library="booking">
<kw name="Wait Until Visible" library="common">
<arg>${btnExtras}</arg>
<doc>An easier keyword for waiting until an element is visible</doc>
<kw name="Wait For Elements State" library="Browser">
<arg>${element}</arg>
<arg>visible</arg>
<arg>timeout=${timeout}</arg>
<tag>PageContent</tag>
<tag>Wait</tag>
<doc>Waits for the element found by ``selector`` to satisfy state option.</doc>
<msg timestamp="20230709 18:20:04.425" level="INFO">Waited for Element with selector (//div[contains(@view,"booking")]//button[contains(text(), "Continue to extras")])[1] at state visible</msg>
<status status="PASS" starttime="20230709 18:20:01.163" endtime="20230709 18:20:04.425"/>
</kw>
<status status="PASS" starttime="20230709 18:20:01.162" endtime="20230709 18:20:04.426"/>
</kw>
<kw name="Get Element States" library="Browser">
<var>${visible}</var>
<arg>//div[contains(text(), 'Select room')]</arg>
<arg>then</arg>
<arg>bool(value &amp; visible)</arg>
<tag>Assertion</tag>
<tag>Getter</tag>
<tag>PageContent</tag>
<doc>Get the active states from the element found by ``selector``.</doc>
<msg timestamp="20230709 18:20:04.686" level="INFO">${visible} = False</msg>
<status status="PASS" starttime="20230709 18:20:04.426" endtime="20230709 18:20:04.686"/>
</kw>
<kw name="Run Keyword If" library="BuiltIn">
<arg>${visible}</arg>
<arg>Select Standard and Remove Other Room Selection</arg>
<doc>Runs the given keyword with the given arguments, if ``condition`` is true.</doc>
<status status="PASS" starttime="20230709 18:20:04.686" endtime="20230709 18:20:04.687"/>
</kw>
<status status="PASS" starttime="20230709 18:20:01.162" endtime="20230709 18:20:04.687"/>
</kw>
<kw name="Click Continue to Extras Button" library="booking">
<doc>Clicks the continue to extras button</doc>
<kw name="Click" library="Browser">
<arg>${btnExtras}</arg>
<tag>PageContent</tag>
<tag>Setter</tag>
<doc>Simulates mouse click on the element found by ``selector``.</doc>
<status status="PASS" starttime="20230709 18:20:04.688" endtime="20230709 18:20:09.816"/>
</kw>
<kw name="Wait Until Visible" library="common">
<arg>${btnPayment}</arg>
<doc>An easier keyword for waiting until an element is visible</doc>
<kw name="Wait For Elements State" library="Browser">
<arg>${element}</arg>
<arg>visible</arg>
<arg>timeout=${timeout}</arg>
<tag>PageContent</tag>
<tag>Wait</tag>
<doc>Waits for the element found by ``selector`` to satisfy state option.</doc>
<msg timestamp="20230709 18:20:10.736" level="INFO">Waited for Element with selector (//div[contains(@view,"extras")]//button[contains(text(), "Continue to payment")])[1] at state visible</msg>
<status status="PASS" starttime="20230709 18:20:09.817" endtime="20230709 18:20:10.736"/>
</kw>
<status status="PASS" starttime="20230709 18:20:09.816" endtime="20230709 18:20:10.736"/>
</kw>
<status status="PASS" starttime="20230709 18:20:04.687" endtime="20230709 18:20:10.737"/>
</kw>
<kw name="Continue to Payment" library="booking">
<kw name="Click" library="Browser">
<arg>(//button[normalize-space()='Continue to payment'])[1]</arg>
<tag>PageContent</tag>
<tag>Setter</tag>
<doc>Simulates mouse click on the element found by ``selector``.</doc>
<status status="PASS" starttime="20230709 18:20:10.737" endtime="20230709 18:20:10.878"/>
</kw>
<status status="PASS" starttime="20230709 18:20:10.737" endtime="20230709 18:20:10.879"/>
</kw>
<kw name="Fill in Contact Information" library="booking">
<doc>Fills in Contact information that can be given as arguments or use default values
Uses a password if the environment is bui and</doc>
<kw name="Create Email and Return Inbox" library="common">
<var>${inbox}</var>
<doc>Creates a new email address and returns the inbox object</doc>
<kw name="Create new Inbox" library="MailSlurp">
<var>${inbox}</var>
<msg timestamp="20230709 18:20:11.353" level="INFO">${inbox} = {'created_at': datetime.datetime(2023, 7, 9, 18, 20, 11, 302000, tzinfo=tzlocal()),
 'description': None,
 'domain_id': None,
 'email_address': 'fd7b27d4-6436-4f0f-b120-18ec292598d3@mailslurp.com',
 '...</msg>
<status status="PASS" starttime="20230709 18:20:10.880" endtime="20230709 18:20:11.353"/>
</kw>
<kw name="Log To Console" library="BuiltIn">
<arg>${inbox.id}</arg>
<doc>Logs the given message to the console.</doc>
<status status="PASS" starttime="20230709 18:20:11.354" endtime="20230709 18:20:11.355"/>
</kw>
<msg timestamp="20230709 18:20:11.355" level="INFO">${inbox} = {'created_at': datetime.datetime(2023, 7, 9, 18, 20, 11, 302000, tzinfo=tzlocal()),
 'description': None,
 'domain_id': None,
 'email_address': 'fd7b27d4-6436-4f0f-b120-18ec292598d3@mailslurp.com',
 '...</msg>
<status status="PASS" starttime="20230709 18:20:10.879" endtime="20230709 18:20:11.355"/>
</kw>
<kw name="Click and Fill" library="common">
<arg>id=firstName</arg>
<arg>${firstName}</arg>
<doc>A keyword combination of Click and Fill Text since most of the form fields need a click</doc>
<kw name="Click" library="Browser">
<arg>${selector}</arg>
<tag>PageContent</tag>
<tag>Setter</tag>
<doc>Simulates mouse click on the element found by ``selector``.</doc>
<status status="PASS" starttime="20230709 18:20:11.356" endtime="20230709 18:20:12.779"/>
</kw>
<kw name="Fill Text" library="Browser">
<arg>${selector}</arg>
<arg>${text}</arg>
<tag>PageContent</tag>
<tag>Setter</tag>
<doc>Clears and fills the given ``txt`` into the text field found by ``selector``.</doc>
<msg timestamp="20230709 18:20:12.780" level="INFO">Fills the text 'Mos' in the given field.</msg>
<status status="PASS" starttime="20230709 18:20:12.779" endtime="20230709 18:20:12.879"/>
</kw>
<status status="PASS" starttime="20230709 18:20:11.356" endtime="20230709 18:20:12.880"/>
</kw>
<kw name="Click and Fill" library="common">
<arg>id=lastName</arg>
<arg>${lastName}</arg>
<doc>A keyword combination of Click and Fill Text since most of the form fields need a click</doc>
<kw name="Click" library="Browser">
<arg>${selector}</arg>
<tag>PageContent</tag>
<tag>Setter</tag>
<doc>Simulates mouse click on the element found by ``selector``.</doc>
<status status="PASS" starttime="20230709 18:20:12.881" endtime="20230709 18:20:13.229"/>
</kw>
<kw name="Fill Text" library="Browser">
<arg>${selector}</arg>
<arg>${text}</arg>
<tag>PageContent</tag>
<tag>Setter</tag>
<doc>Clears and fills the given ``txt`` into the text field found by ``selector``.</doc>
<msg timestamp="20230709 18:20:13.230" level="INFO">Fills the text 'Def' in the given field.</msg>
<status status="PASS" starttime="20230709 18:20:13.230" endtime="20230709 18:20:13.316"/>
</kw>
<status status="PASS" starttime="20230709 18:20:12.880" endtime="20230709 18:20:13.317"/>
</kw>
<kw name="Click and Fill" library="common">
<arg>id=email</arg>
<arg>${inbox.email_address}</arg>
<doc>A keyword combination of Click and Fill Text since most of the form fields need a click</doc>
<kw name="Click" library="Browser">
<arg>${selector}</arg>
<tag>PageContent</tag>
<tag>Setter</tag>
<doc>Simulates mouse click on the element found by ``selector``.</doc>
<status status="PASS" starttime="20230709 18:20:13.318" endtime="20230709 18:20:13.584"/>
</kw>
<kw name="Fill Text" library="Browser">
<arg>${selector}</arg>
<arg>${text}</arg>
<tag>PageContent</tag>
<tag>Setter</tag>
<doc>Clears and fills the given ``txt`` into the text field found by ``selector``.</doc>
<msg timestamp="20230709 18:20:13.585" level="INFO">Fills the text 'fd7b27d4-6436-4f0f-b120-18ec292598d3@mailslurp.com' in the given field.</msg>
<status status="PASS" starttime="20230709 18:20:13.584" endtime="20230709 18:20:13.790"/>
</kw>
<status status="PASS" starttime="20230709 18:20:13.317" endtime="20230709 18:20:13.790"/>
</kw>
<kw name="Click and Fill" library="common">
<arg>id=phoneNumber</arg>
<arg>${phone}</arg>
<doc>A keyword combination of Click and Fill Text since most of the form fields need a click</doc>
<kw name="Click" library="Browser">
<arg>${selector}</arg>
<tag>PageContent</tag>
<tag>Setter</tag>
<doc>Simulates mouse click on the element found by ``selector``.</doc>
<status status="PASS" starttime="20230709 18:20:13.791" endtime="20230709 18:20:13.966"/>
</kw>
<kw name="Fill Text" library="Browser">
<arg>${selector}</arg>
<arg>${text}</arg>
<tag>PageContent</tag>
<tag>Setter</tag>
<doc>Clears and fills the given ``txt`` into the text field found by ``selector``.</doc>
<msg timestamp="20230709 18:20:13.967" level="INFO">Fills the text '040123942' in the given field.</msg>
<status status="PASS" starttime="20230709 18:20:13.966" endtime="20230709 18:20:14.068"/>
</kw>
<status status="PASS" starttime="20230709 18:20:13.790" endtime="20230709 18:20:14.068"/>
</kw>
<kw name="Log To Console" library="BuiltIn">
<arg>${inbox.id}</arg>
<doc>Logs the given message to the console.</doc>
<status status="PASS" starttime="20230709 18:20:14.068" endtime="20230709 18:20:14.070"/>
</kw>
<kw name="Set Suite Variable" library="BuiltIn">
<arg>$ID</arg>
<arg>${inbox.id}</arg>
<doc>Makes a variable available everywhere within the scope of the current suite.</doc>
<msg timestamp="20230709 18:20:14.072" level="INFO">${ID} = fd7b27d4-6436-4f0f-b120-18ec292598d3</msg>
<status status="PASS" starttime="20230709 18:20:14.071" endtime="20230709 18:20:14.072"/>
</kw>
<kw name="Get Element Count" library="Browser">
<var>${passwordVisible}</var>
<arg>id=password</arg>
<tag>Assertion</tag>
<tag>Getter</tag>
<tag>PageContent</tag>
<doc>Returns the count of elements found with ``selector``.</doc>
<msg timestamp="20230709 18:20:14.098" level="INFO">${passwordVisible} = 1</msg>
<status status="PASS" starttime="20230709 18:20:14.072" endtime="20230709 18:20:14.098"/>
</kw>
<if>
<branch type="IF" condition="'${env}'=='bui' and '${passwordVisible}'&gt;'0'">
<kw name="Click and Fill" library="common">
<arg>id=password</arg>
<arg>${password}</arg>
<doc>A keyword combination of Click and Fill Text since most of the form fields need a click</doc>
<kw name="Click" library="Browser">
<arg>${selector}</arg>
<tag>PageContent</tag>
<tag>Setter</tag>
<doc>Simulates mouse click on the element found by ``selector``.</doc>
<status status="PASS" starttime="20230709 18:20:14.100" endtime="20230709 18:20:14.306"/>
</kw>
<kw name="Fill Text" library="Browser">
<arg>${selector}</arg>
<arg>${text}</arg>
<tag>PageContent</tag>
<tag>Setter</tag>
<doc>Clears and fills the given ``txt`` into the text field found by ``selector``.</doc>
<msg timestamp="20230709 18:20:14.307" level="INFO">Fills the text 'NotARealPass123!' in the given field.</msg>
<status status="PASS" starttime="20230709 18:20:14.307" endtime="20230709 18:20:14.379"/>
</kw>
<status status="PASS" starttime="20230709 18:20:14.099" endtime="20230709 18:20:14.380"/>
</kw>
<status status="PASS" starttime="20230709 18:20:14.099" endtime="20230709 18:20:14.380"/>
</branch>
<branch type="ELSE">
<kw name="Log To Console" library="BuiltIn">
<arg>No password filled</arg>
<doc>Logs the given message to the console.</doc>
<status status="NOT RUN" starttime="20230709 18:20:14.380" endtime="20230709 18:20:14.380"/>
</kw>
<status status="NOT RUN" starttime="20230709 18:20:14.380" endtime="20230709 18:20:14.380"/>
</branch>
<status status="PASS" starttime="20230709 18:20:14.098" endtime="20230709 18:20:14.381"/>
</if>
<status status="PASS" starttime="20230709 18:20:10.879" endtime="20230709 18:20:14.381"/>
</kw>
<kw name="Accept offers and Terms" library="booking">
<kw name="Click" library="Browser">
<arg>(//div[contains(text(), 'like to receive')])[1]</arg>
<tag>PageContent</tag>
<tag>Setter</tag>
<doc>Simulates mouse click on the element found by ``selector``.</doc>
<status status="PASS" starttime="20230709 18:20:14.381" endtime="20230709 18:20:14.632"/>
</kw>
<kw name="Click" library="Browser">
<arg>(//*[contains(text(),'Accept')]/ancestor::label//span[contains(@class,'chakra-checkbox__control')])[1]</arg>
<tag>PageContent</tag>
<tag>Setter</tag>
<doc>Simulates mouse click on the element found by ``selector``.</doc>
<status status="PASS" starttime="20230709 18:20:14.632" endtime="20230709 18:20:14.772"/>
</kw>
<status status="PASS" starttime="20230709 18:20:14.381" endtime="20230709 18:20:14.772"/>
</kw>
<kw name="Select Web Bank and Nordea as Payment Method" library="booking">
<kw name="Click" library="Browser">
<arg>//div[contains(text(), "Web bank payment")]</arg>
<tag>PageContent</tag>
<tag>Setter</tag>
<doc>Simulates mouse click on the element found by ``selector``.</doc>
<status status="PASS" starttime="20230709 18:20:14.773" endtime="20230709 18:20:14.908"/>
</kw>
<kw name="Click" library="Browser">
<arg>//p[contains(text(), 'Nordea')]</arg>
<tag>PageContent</tag>
<tag>Setter</tag>
<doc>Simulates mouse click on the element found by ``selector``.</doc>
<status status="PASS" starttime="20230709 18:20:14.908" endtime="20230709 18:20:15.068"/>
</kw>
<kw name="Click" library="Browser">
<arg>(//div[contains(@view,"payment")]//button[contains(text(), "Pay")])[1]</arg>
<tag>PageContent</tag>
<tag>Setter</tag>
<doc>Simulates mouse click on the element found by ``selector``.</doc>
<status status="PASS" starttime="20230709 18:20:15.068" endtime="20230709 18:20:17.177"/>
</kw>
<status status="PASS" starttime="20230709 18:20:14.773" endtime="20230709 18:20:17.178"/>
</kw>
<kw name="Complete Payment Successfully" library="booking">
<kw name="Simulate Success or Failure" library="booking">
<arg>success</arg>
<kw name="Wait For Elements State" library="Browser">
<arg>//a[contains(text(), 'Simulate ${which} to merchant')]</arg>
<arg>visible</arg>
<arg>timeout=${timeout}</arg>
<tag>PageContent</tag>
<tag>Wait</tag>
<doc>Waits for the element found by ``selector`` to satisfy state option.</doc>
<msg timestamp="20230709 18:20:23.519" level="INFO">Waited for Element with selector //a[contains(text(), 'Simulate success to merchant')] at state visible</msg>
<status status="PASS" starttime="20230709 18:20:17.179" endtime="20230709 18:20:23.519"/>
</kw>
<kw name="Click" library="Browser">
<arg>//a[contains(text(), 'Simulate ${which} to merchant')]</arg>
<tag>PageContent</tag>
<tag>Setter</tag>
<doc>Simulates mouse click on the element found by ``selector``.</doc>
<status status="PASS" starttime="20230709 18:20:23.520" endtime="20230709 18:20:25.385"/>
</kw>
<status status="PASS" starttime="20230709 18:20:17.178" endtime="20230709 18:20:25.385"/>
</kw>
<kw name="Verify Payment was successful" library="booking">
<kw name="Wait Until Visible" library="common">
<arg>//p[contains(text(), 'Payment was successful')]</arg>
<doc>An easier keyword for waiting until an element is visible</doc>
<kw name="Wait For Elements State" library="Browser">
<arg>${element}</arg>
<arg>visible</arg>
<arg>timeout=${timeout}</arg>
<tag>PageContent</tag>
<tag>Wait</tag>
<doc>Waits for the element found by ``selector`` to satisfy state option.</doc>
<msg timestamp="20230709 18:20:27.811" level="INFO">Waited for Element with selector //p[contains(text(), 'Payment was successful')] at state visible</msg>
<status status="PASS" starttime="20230709 18:20:25.386" endtime="20230709 18:20:27.811"/>
</kw>
<status status="PASS" starttime="20230709 18:20:25.386" endtime="20230709 18:20:27.811"/>
</kw>
<kw name="Close Dialog" library="booking">
<kw name="Wait Until Visible" library="common">
<arg>//button[contains(text(), "Ok")]</arg>
<doc>An easier keyword for waiting until an element is visible</doc>
<kw name="Wait For Elements State" library="Browser">
<arg>${element}</arg>
<arg>visible</arg>
<arg>timeout=${timeout}</arg>
<tag>PageContent</tag>
<tag>Wait</tag>
<doc>Waits for the element found by ``selector`` to satisfy state option.</doc>
<msg timestamp="20230709 18:20:27.863" level="INFO">Waited for Element with selector //button[contains(text(), "Ok")] at state visible</msg>
<status status="PASS" starttime="20230709 18:20:27.812" endtime="20230709 18:20:27.863"/>
</kw>
<status status="PASS" starttime="20230709 18:20:27.812" endtime="20230709 18:20:27.864"/>
</kw>
<kw name="Click" library="Browser">
<arg>//button[contains(text(), "Ok")]</arg>
<tag>PageContent</tag>
<tag>Setter</tag>
<doc>Simulates mouse click on the element found by ``selector``.</doc>
<status status="PASS" starttime="20230709 18:20:27.864" endtime="20230709 18:20:28.181"/>
</kw>
<status status="PASS" starttime="20230709 18:20:27.811" endtime="20230709 18:20:28.181"/>
</kw>
<kw name="Save Booking Number 1" library="booking">
<kw name="Get Text" library="Browser">
<var>${str}</var>
<arg>//p[contains(text(),'Booking number')]</arg>
<tag>Assertion</tag>
<tag>Getter</tag>
<tag>PageContent</tag>
<doc>Returns text attribute of the element found by ``selector``.</doc>
<msg timestamp="20230709 18:20:28.334" level="INFO">Text: 'Booking number: 494823530'</msg>
<msg timestamp="20230709 18:20:28.335" level="INFO">${str} = Booking number: 494823530</msg>
<status status="PASS" starttime="20230709 18:20:28.182" endtime="20230709 18:20:28.335"/>
</kw>
<kw name="Log To Console" library="BuiltIn">
<arg>${bookingNumber}</arg>
<doc>Logs the given message to the console.</doc>
<status status="PASS" starttime="20230709 18:20:28.335" endtime="20230709 18:20:28.336"/>
</kw>
<kw name="Remove String" library="String">
<var>${str}</var>
<arg>${str}</arg>
<arg>Booking code${SPACE}</arg>
<doc>Removes all ``removables`` from the given ``string``.</doc>
<msg timestamp="20230709 18:20:28.337" level="INFO">${str} = Booking number: 494823530</msg>
<status status="PASS" starttime="20230709 18:20:28.337" endtime="20230709 18:20:28.337"/>
</kw>
<kw name="Strip String" library="String">
<var>${str}</var>
<arg>${str}</arg>
<doc>Remove leading and/or trailing whitespaces from the given string.</doc>
<msg timestamp="20230709 18:20:28.341" level="INFO">${str} = Booking number: 494823530</msg>
<status status="PASS" starttime="20230709 18:20:28.337" endtime="20230709 18:20:28.341"/>
</kw>
<status status="PASS" starttime="20230709 18:20:28.181" endtime="20230709 18:20:28.341"/>
</kw>
<status status="PASS" starttime="20230709 18:20:25.386" endtime="20230709 18:20:28.341"/>
</kw>
<status status="PASS" starttime="20230709 18:20:17.178" endtime="20230709 18:20:28.342"/>
</kw>
<doc>A new booker opens the page and does a successful booking</doc>
<tag>smoke</tag>
<status status="PASS" starttime="20230709 18:20:00.244" endtime="20230709 18:20:28.342"/>
</test>
<test id="s1-s1-s1-s1-t2" name="Confirm Email and Open Link" line="27">
<kw name="Get Variable Value" library="BuiltIn">
<var>${id}</var>
<arg>$ID</arg>
<doc>Returns variable value or ``default`` if the variable does not exist.</doc>
<msg timestamp="20230709 18:20:28.369" level="INFO">${id} = fd7b27d4-6436-4f0f-b120-18ec292598d3</msg>
<status status="PASS" starttime="20230709 18:20:28.369" endtime="20230709 18:20:28.369"/>
</kw>
<kw name="Wait for Latest Booking Confirmation and Extract Link" library="MailSlurp">
<var>${modify_link}</var>
<arg>${id}</arg>
<msg timestamp="20230709 18:20:40.571" level="INFO">${modify_link} = https://testnelson.page.link/?link=https%3A%2F%2Ftest4.omenahotels.com%2Fen%2Fbooking%2F%23%2Fmanage-booking%2F56a53b57-0453-43c4-a311-d82a40f94867%3FnewSession%3Dtrue%26email%3Dfd7b27d4-6436-4f0f-b12...</msg>
<status status="PASS" starttime="20230709 18:20:28.370" endtime="20230709 18:20:40.571"/>
</kw>
<kw name="Open New Browser To URL" library="common">
<arg>${modify_link}</arg>
<kw name="New Browser" library="Browser">
<arg>${browser}</arg>
<arg>${headless}</arg>
<arg>timeout=${timeout}</arg>
<tag>BrowserControl</tag>
<tag>Setter</tag>
<doc>Create a new playwright Browser with specified options.</doc>
<msg timestamp="20230709 18:20:40.573" level="INFO">Switching browser to browser=ecb8a879-d08b-4784-86f1-91af3f044eeb</msg>
<msg timestamp="20230709 18:20:40.576" level="INFO">Successfully changed active browser</msg>
<msg timestamp="20230709 18:20:40.576" level="INFO">Reusing existing browser with id: browser=ecb8a879-d08b-4784-86f1-91af3f044eeb</msg>
<status status="PASS" starttime="20230709 18:20:40.572" endtime="20230709 18:20:40.576"/>
</kw>
<kw name="Set Browser Timeout" library="Browser">
<arg>${timeout}</arg>
<tag>Config</tag>
<tag>Setter</tag>
<doc>Sets the timeout used by most input and getter keywords.</doc>
<status status="PASS" starttime="20230709 18:20:40.576" endtime="20230709 18:20:40.577"/>
</kw>
<kw name="New Context" library="Browser">
<tag>BrowserControl</tag>
<tag>Setter</tag>
<doc>Create a new BrowserContext with specified options.</doc>
<msg timestamp="20230709 18:20:40.577" level="INFO">{
  "acceptDownloads": true,
  "bypassCSP": false,
  "forcedColors": "none",
  "hideRfBrowser": false,
  "ignoreHTTPSErrors": false,
  "javaScriptEnabled": true,
  "offline": false,
  "reducedMotion": "no-preference",
  "viewport": {
    "width": 1280,
    "height": 720
  },
  "deprecated_pos_args": []
}</msg>
<msg timestamp="20230709 18:20:40.585" level="INFO">Successfully created context. </msg>
<msg timestamp="20230709 18:20:40.586" level="INFO">{'acceptDownloads': True, 'bypassCSP': False, 'forcedColors': 'none', 'hideRfBrowser': False, 'ignoreHTTPSErrors': False, 'javaScriptEnabled': True, 'offline': False, 'reducedMotion': 'no-preference', 'viewport': {'width': 1280, 'height': 720}, 'deprecated_pos_args': []}</msg>
<status status="PASS" starttime="20230709 18:20:40.577" endtime="20230709 18:20:40.586"/>
</kw>
<kw name="New Page" library="Browser">
<arg>${url}</arg>
<tag>BrowserControl</tag>
<tag>Setter</tag>
<doc>Open a new Page.</doc>
<msg timestamp="20230709 18:20:42.078" level="INFO">Successfully initialized new page object and opened url: https://testnelson.page.link/?link=https%3A%2F%2Ftest4.omenahotels.com%2Fen%2Fbooking%2F%23%2Fmanage-booking%2F56a53b57-0453-43c4-a311-d82a40f94867%3FnewSession%3Dtrue%26email%3Dfd7b27d4-6436-4f0f-b120-18ec292598d3%40mailslurp.com%26code%3D494823530%26isMembership%3Dtrue</msg>
<status status="PASS" starttime="20230709 18:20:40.586" endtime="20230709 18:20:42.078"/>
</kw>
<status status="PASS" starttime="20230709 18:20:40.572" endtime="20230709 18:20:42.078"/>
</kw>
<doc>A new booker receives an email with a link to modify the booking</doc>
<tag>smoke</tag>
<status status="PASS" starttime="20230709 18:20:28.362" endtime="20230709 18:20:42.078"/>
</test>
<kw name="Close Browser" library="Browser" type="TEARDOWN">
<tag>BrowserControl</tag>
<tag>Setter</tag>
<doc>Closes the current browser.</doc>
<msg timestamp="20230709 18:20:42.815" level="INFO">Closed browser</msg>
<status status="PASS" starttime="20230709 18:20:42.170" endtime="20230709 18:20:42.815"/>
</kw>
<doc>A test suite for verifying modify booking functionality</doc>
<status status="PASS" starttime="20230709 18:19:51.013" endtime="20230709 18:20:42.815"/>
</suite>
<status status="PASS" starttime="20230709 18:19:51.011" endtime="20230709 18:20:42.823"/>
</suite>
<status status="PASS" starttime="20230709 18:19:51.009" endtime="20230709 18:20:42.824"/>
</suite>
<doc>Argument file for running tests on Omena test4 environment (test4)</doc>
<status status="PASS" starttime="20230709 18:19:50.990" endtime="20230709 18:20:42.826"/>
</suite>
<statistics>
<total>
<stat pass="2" fail="0" skip="0">All Tests</stat>
</total>
<tag>
<stat pass="2" fail="0" skip="0">smoke</stat>
</tag>
<suite>
<stat pass="2" fail="0" skip="0" id="s1" name="Testsuites">Testsuites</stat>
<stat pass="2" fail="0" skip="0" id="s1-s1" name="BUI">Testsuites.BUI</stat>
<stat pass="2" fail="0" skip="0" id="s1-s1-s1" name="Regression">Testsuites.BUI.Regression</stat>
<stat pass="2" fail="0" skip="0" id="s1-s1-s1-s1" name="New Booking">Testsuites.BUI.Regression.New Booking</stat>
</suite>
</statistics>
<errors>
</errors>
</robot>
