<?xml version="1.0" encoding="UTF-8"?>
<robot generator="Robot 6.1.1 (Python 3.11.6 on linux)" generated="20231030 18:04:27.729" rpa="false" schemaversion="4">
<suite id="s1" name="Create Booking And Check In" source="/home/runner/work/nelson-test-automation/nelson-test-automation/testsuites/BUI/regression/create_booking_and_check_in.robot">
<kw name="Open Browser to Landing Page" library="common" type="SETUP">
<doc>A general startup keyword for opening a browser to the landing page.</doc>
<msg timestamp="20231030 18:04:29.193" level="TRACE">Arguments: [  ]</msg>
<kw name="Log To Console" library="BuiltIn">
<arg>Environment: ${environment}</arg>
<doc>Logs the given message to the console.</doc>
<msg timestamp="20231030 18:04:29.193" level="TRACE">Arguments: [ 'Environment: test4' ]</msg>
<msg timestamp="20231030 18:04:29.193" level="TRACE">Return: None</msg>
<status status="PASS" starttime="20231030 18:04:29.193" endtime="20231030 18:04:29.193"/>
</kw>
<if>
<branch type="IF" condition="'${environment}' == 'test3'">
<kw name="Set Suite Variable" library="BuiltIn">
<arg>${url.landing.page}</arg>
<arg>https://test3.omenahotels.com/en</arg>
<doc>Makes a variable available everywhere within the scope of the current suite.</doc>
<status status="NOT RUN" starttime="20231030 18:04:29.194" endtime="20231030 18:04:29.194"/>
</kw>
<status status="NOT RUN" starttime="20231030 18:04:29.194" endtime="20231030 18:04:29.194"/>
</branch>
<branch type="ELSE IF" condition="'${environment}' == 'ks_test'">
<kw name="Set Suite Variable" library="BuiltIn">
<arg>${url.landing.page}</arg>
<arg>https://test.kensingtonstay.com/en</arg>
<doc>Makes a variable available everywhere within the scope of the current suite.</doc>
<status status="NOT RUN" starttime="20231030 18:04:29.195" endtime="20231030 18:04:29.195"/>
</kw>
<status status="NOT RUN" starttime="20231030 18:04:29.194" endtime="20231030 18:04:29.195"/>
</branch>
<branch type="ELSE IF" condition="'${environment}' == 'salo_test'">
<kw name="Set Suite Variable" library="BuiltIn">
<arg>${url.landing.page}</arg>
<arg>https://test.kensingtonstay.com/en</arg>
<doc>Makes a variable available everywhere within the scope of the current suite.</doc>
<status status="NOT RUN" starttime="20231030 18:04:29.195" endtime="20231030 18:04:29.195"/>
</kw>
<status status="NOT RUN" starttime="20231030 18:04:29.195" endtime="20231030 18:04:29.195"/>
</branch>
<branch type="ELSE IF" condition="'${environment}' == 'test4'">
<kw name="Set Suite Variable" library="BuiltIn">
<arg>${url.landing.page}</arg>
<arg>https://test4.omenahotels.com/en</arg>
<doc>Makes a variable available everywhere within the scope of the current suite.</doc>
<msg timestamp="20231030 18:04:29.196" level="TRACE">Arguments: [ '${url.landing.page}' | 'https://test4.omenahotels.com/en' ]</msg>
<msg timestamp="20231030 18:04:29.196" level="INFO">${url.landing.page} = https://test4.omenahotels.com/en</msg>
<msg timestamp="20231030 18:04:29.196" level="TRACE">Return: None</msg>
<status status="PASS" starttime="20231030 18:04:29.196" endtime="20231030 18:04:29.196"/>
</kw>
<status status="PASS" starttime="20231030 18:04:29.195" endtime="20231030 18:04:29.196"/>
</branch>
<status status="PASS" starttime="20231030 18:04:29.194" endtime="20231030 18:04:29.196"/>
</if>
<kw name="Open New Browser To URL" library="common">
<arg>${url.landing.page}</arg>
<msg timestamp="20231030 18:04:29.196" level="TRACE">Arguments: [ ${url}='https://test4.omenahotels.com/en' ]</msg>
<kw name="New Browser" library="Browser">
<arg>${browser}</arg>
<arg>${headless}</arg>
<arg>timeout=${timeout}</arg>
<arg>downloadsPath=${EXECDIR}/resources/downloads</arg>
<tag>BrowserControl</tag>
<tag>Setter</tag>
<doc>Create a new playwright Browser with specified options.</doc>
<msg timestamp="20231030 18:04:29.197" level="TRACE">Arguments: [ &lt;SupportedBrowsers.firefox: 2&gt; | True | timeout=datetime.timedelta(seconds=30) | downloadsPath='/home/runner/work/nelson-test-automation/nelson-test-automation/resources/downloads' ]</msg>
<msg timestamp="20231030 18:04:29.198" level="INFO">{"browser": "firefox", "headless": true, "chromiumSandbox": false, "devtools": false, "downloadsPath": "/home/runner/work/nelson-test-automation/nelson-test-automation/resources/downloads", "handleSIGHUP": true, "handleSIGINT": true, "handleSIGTERM": true, "slowMo": 0.0, "timeout": 30000.0, "tracesDir": "/home/runner/work/nelson-test-automation/nelson-test-automation/reports/test4/browser/traces/8c9e20a7-f1ed-4866-bcdd-963ca50c87bb"}</msg>
<msg timestamp="20231030 18:04:29.889" level="INFO">Successfully created browser with options: {"browser":"firefox","headless":true,"chromiumSandbox":false,"devtools":false,"downloadsPath":"/home/runner/work/nelson-test-automation/nelson-test-automation/resources/downloads","handleSIGHUP":true,"handleSIGINT":true,"handleSIGTERM":true,"slowMo":0,"timeout":30000,"tracesDir":"/home/runner/work/nelson-test-automation/nelson-test-automation/reports/test4/browser/traces/8c9e20a7-f1ed-4866-bcdd-963ca50c87bb"}</msg>
<msg timestamp="20231030 18:04:29.889" level="TRACE">Return: 'browser=1d5e5c8c-552b-4a5c-8a70-eb1027775d70'</msg>
<status status="PASS" starttime="20231030 18:04:29.197" endtime="20231030 18:04:29.889"/>
</kw>
<kw name="Set Browser Timeout" library="Browser">
<arg>${timeout}</arg>
<tag>Config</tag>
<tag>Setter</tag>
<doc>Sets the timeout used by most input and getter keywords.</doc>
<msg timestamp="20231030 18:04:29.890" level="TRACE">Arguments: [ datetime.timedelta(seconds=30) ]</msg>
<msg timestamp="20231030 18:04:29.893" level="INFO">No context open.</msg>
<msg timestamp="20231030 18:04:29.893" level="TRACE">Return: '10 seconds'</msg>
<status status="PASS" starttime="20231030 18:04:29.890" endtime="20231030 18:04:29.893"/>
</kw>
<kw name="New Context" library="Browser">
<arg>acceptDownloads=True</arg>
<tag>BrowserControl</tag>
<tag>Setter</tag>
<doc>Create a new BrowserContext with specified options.</doc>
<msg timestamp="20231030 18:04:29.893" level="TRACE">Arguments: [ acceptDownloads=True ]</msg>
<msg timestamp="20231030 18:04:29.893" level="INFO">{
  "acceptDownloads": true,
  "bypassCSP": false,
  "forcedColors": "none",
  "hideRfBrowser": "",
  "ignoreHTTPSErrors": false,
  "javaScriptEnabled": true,
  "offline": false,
  "reducedMotion": "no-preference",
  "serviceWorkers": "allow",
  "viewport": {
    "width": 1280,
    "height": 720
  }
}</msg>
<msg timestamp="20231030 18:04:29.939" level="INFO">Successfully created context. </msg>
<msg timestamp="20231030 18:04:29.939" level="INFO">{'acceptDownloads': True, 'bypassCSP': False, 'forcedColors': 'none', 'hideRfBrowser': '', 'ignoreHTTPSErrors': False, 'javaScriptEnabled': True, 'offline': False, 'reducedMotion': 'no-preference', 'serviceWorkers': 'allow', 'viewport': {'width': 1280, 'height': 720}}</msg>
<msg timestamp="20231030 18:04:29.939" level="TRACE">Return: 'context=9de41f7a-1d24-48cc-9e92-99268470b964'</msg>
<status status="PASS" starttime="20231030 18:04:29.893" endtime="20231030 18:04:29.939"/>
</kw>
<kw name="New Page" library="Browser">
<arg>${url}</arg>
<tag>BrowserControl</tag>
<tag>Setter</tag>
<doc>Open a new Page.</doc>
<msg timestamp="20231030 18:04:29.940" level="TRACE">Arguments: [ 'https://test4.omenahotels.com/en' ]</msg>
<msg timestamp="20231030 18:04:33.587" level="INFO">Successfully initialized new page object and opened url: https://test4.omenahotels.com/en</msg>
<msg timestamp="20231030 18:04:33.587" level="DEBUG">Video is not enabled.</msg>
<msg timestamp="20231030 18:04:33.587" level="TRACE">Return: {'page_id': 'page=5d38e53d-1865-468a-b205-b385cc9bf129', 'video_path': ''}</msg>
<status status="PASS" starttime="20231030 18:04:29.939" endtime="20231030 18:04:33.587"/>
</kw>
<msg timestamp="20231030 18:04:33.587" level="TRACE">Return: None</msg>
<status status="PASS" starttime="20231030 18:04:29.196" endtime="20231030 18:04:33.587"/>
</kw>
<kw name="Allow Cookies" library="common">
<doc>Allow Cookies/Toggle Cookie allowance</doc>
<msg timestamp="20231030 18:04:33.588" level="TRACE">Arguments: [  ]</msg>
<kw name="Is Element Found" library="common">
<var>${cookieModalVisible}</var>
<arg>id=CybotCookiebotDialogBodyLevelButtonLevelOptinAllowAll</arg>
<doc>A keyword that has a very complex way of figuring out whether an
element is found or not because I had trouble with the built-in keywords
Can be solved differently if you have a better idea</doc>
<msg timestamp="20231030 18:04:33.589" level="TRACE">Arguments: [ ${selector}='id=CybotCookiebotDialogBodyLevelButtonLevelOptinAllowAll' ]</msg>
<kw name="Set Browser Timeout" library="Browser">
<arg>10s</arg>
<tag>Config</tag>
<tag>Setter</tag>
<doc>Sets the timeout used by most input and getter keywords.</doc>
<msg timestamp="20231030 18:04:33.589" level="TRACE">Arguments: [ datetime.timedelta(seconds=10) ]</msg>
<msg timestamp="20231030 18:04:33.596" level="INFO">Set timeout to: 10000</msg>
<msg timestamp="20231030 18:04:33.596" level="TRACE">Return: '30 seconds'</msg>
<status status="PASS" starttime="20231030 18:04:33.589" endtime="20231030 18:04:33.596"/>
</kw>
<try>
<branch type="TRY">
<kw name="Get Elements" library="Browser">
<var>${els}</var>
<arg>${selector}</arg>
<tag>Getter</tag>
<tag>PageContent</tag>
<doc>Returns a reference to Playwright [https://playwright.dev/docs/api/class-locator|Locator]
for all matched elements by ``selector``.</doc>
<msg timestamp="20231030 18:04:33.597" level="TRACE">Arguments: [ 'id=CybotCookiebotDialogBodyLevelButtonLevelOptinAllowAll' ]</msg>
<msg timestamp="20231030 18:04:33.669" level="INFO">Found locator('id=CybotCookiebotDialogBodyLevelButtonLevelOptinAllowAll').first() Locators successfully.</msg>
<msg timestamp="20231030 18:04:33.669" level="DEBUG">["id=CybotCookiebotDialogBodyLevelButtonLevelOptinAllowAll &gt;&gt; nth=0"]</msg>
<msg timestamp="20231030 18:04:33.669" level="TRACE">Return: ['id=CybotCookiebotDialogBodyLevelButtonLevelOptinAllowAll &gt;&gt; nth=0']</msg>
<msg timestamp="20231030 18:04:33.669" level="INFO">${els} = ['id=CybotCookiebotDialogBodyLevelButtonLevelOptinAllowAll &gt;&gt; nth=0']</msg>
<status status="PASS" starttime="20231030 18:04:33.597" endtime="20231030 18:04:33.669"/>
</kw>
<kw name="Get Length" library="BuiltIn">
<var>${count}</var>
<arg>${els}</arg>
<doc>Returns and logs the length of the given item as an integer.</doc>
<msg timestamp="20231030 18:04:33.670" level="TRACE">Arguments: [ ['id=CybotCookiebotDialogBodyLevelButtonLevelOptinAllowAll &gt;&gt; nth=0'] ]</msg>
<msg timestamp="20231030 18:04:33.670" level="INFO">Length is 1</msg>
<msg timestamp="20231030 18:04:33.670" level="TRACE">Return: 1</msg>
<msg timestamp="20231030 18:04:33.670" level="INFO">${count} = 1</msg>
<status status="PASS" starttime="20231030 18:04:33.670" endtime="20231030 18:04:33.670"/>
</kw>
<if>
<branch type="IF" condition="${count} &gt; 0">
<kw name="Set Variable" library="BuiltIn">
<var>${visible}</var>
<arg>True</arg>
<doc>Returns the given values which can then be assigned to a variables.</doc>
<msg timestamp="20231030 18:04:33.671" level="TRACE">Arguments: [ 'True' ]</msg>
<msg timestamp="20231030 18:04:33.671" level="TRACE">Return: 'True'</msg>
<msg timestamp="20231030 18:04:33.671" level="INFO">${visible} = True</msg>
<status status="PASS" starttime="20231030 18:04:33.670" endtime="20231030 18:04:33.671"/>
</kw>
<status status="PASS" starttime="20231030 18:04:33.670" endtime="20231030 18:04:33.671"/>
</branch>
<branch type="ELSE">
<kw name="Set Variable" library="BuiltIn">
<var>${visible}</var>
<arg>False</arg>
<doc>Returns the given values which can then be assigned to a variables.</doc>
<status status="NOT RUN" starttime="20231030 18:04:33.671" endtime="20231030 18:04:33.671"/>
</kw>
<status status="NOT RUN" starttime="20231030 18:04:33.671" endtime="20231030 18:04:33.671"/>
</branch>
<status status="PASS" starttime="20231030 18:04:33.670" endtime="20231030 18:04:33.671"/>
</if>
<status status="PASS" starttime="20231030 18:04:33.596" endtime="20231030 18:04:33.671"/>
</branch>
<branch type="EXCEPT">
<kw name="Set Variable" library="BuiltIn">
<var>${visible}</var>
<arg>False</arg>
<doc>Returns the given values which can then be assigned to a variables.</doc>
<status status="NOT RUN" starttime="20231030 18:04:33.672" endtime="20231030 18:04:33.672"/>
</kw>
<status status="NOT RUN" starttime="20231030 18:04:33.671" endtime="20231030 18:04:33.672"/>
</branch>
<status status="PASS" starttime="20231030 18:04:33.596" endtime="20231030 18:04:33.672"/>
</try>
<kw name="Set Browser Timeout" library="Browser">
<arg>${timeout}</arg>
<tag>Config</tag>
<tag>Setter</tag>
<doc>Sets the timeout used by most input and getter keywords.</doc>
<msg timestamp="20231030 18:04:33.672" level="TRACE">Arguments: [ datetime.timedelta(seconds=30) ]</msg>
<msg timestamp="20231030 18:04:33.678" level="INFO">Set timeout to: 30000</msg>
<msg timestamp="20231030 18:04:33.678" level="TRACE">Return: '10 seconds'</msg>
<status status="PASS" starttime="20231030 18:04:33.672" endtime="20231030 18:04:33.678"/>
</kw>
<msg timestamp="20231030 18:04:33.678" level="TRACE">Return: 'True'</msg>
<msg timestamp="20231030 18:04:33.678" level="INFO">${cookieModalVisible} = True</msg>
<status status="PASS" starttime="20231030 18:04:33.588" endtime="20231030 18:04:33.678"/>
</kw>
<if>
<branch type="IF" condition="${cookieModalVisible}">
<kw name="Click" library="Browser">
<arg>id=CybotCookiebotDialogBodyLevelButtonLevelOptinAllowAll</arg>
<tag>PageContent</tag>
<tag>Setter</tag>
<doc>Simulates mouse click on the element found by ``selector``.</doc>
<msg timestamp="20231030 18:04:33.679" level="TRACE">Arguments: [ 'id=CybotCookiebotDialogBodyLevelButtonLevelOptinAllowAll' ]</msg>
<msg timestamp="20231030 18:04:33.680" level="DEBUG">Click options are: {"button": "left", "clickCount": 1, "force": false, "noWaitAfter": false, "trial": false}</msg>
<msg timestamp="20231030 18:04:33.772" level="DEBUG">Clicked element: 'id=CybotCookiebotDialogBodyLevelButtonLevelOptinAllowAll' with options: '{"button": "left", "clickCount": 1, "force": false, "noWaitAfter": false, "trial": false}' successfully.</msg>
<msg timestamp="20231030 18:04:33.772" level="TRACE">Return: None</msg>
<status status="PASS" starttime="20231030 18:04:33.679" endtime="20231030 18:04:33.772"/>
</kw>
<status status="PASS" starttime="20231030 18:04:33.678" endtime="20231030 18:04:33.772"/>
</branch>
<branch type="ELSE">
<kw name="Log" library="BuiltIn">
<arg>No Cookie Modal Visible</arg>
<doc>Logs the given message with the given level.</doc>
<status status="NOT RUN" starttime="20231030 18:04:33.773" endtime="20231030 18:04:33.773"/>
</kw>
<status status="NOT RUN" starttime="20231030 18:04:33.772" endtime="20231030 18:04:33.773"/>
</branch>
<status status="PASS" starttime="20231030 18:04:33.678" endtime="20231030 18:04:33.773"/>
</if>
<msg timestamp="20231030 18:04:33.773" level="TRACE">Return: None</msg>
<status status="PASS" starttime="20231030 18:04:33.588" endtime="20231030 18:04:33.773"/>
</kw>
<kw name="Set Environment" library="common">
<doc>A keyword that gets the environment from URL and checks it is the same as variable</doc>
<msg timestamp="20231030 18:04:33.773" level="TRACE">Arguments: [  ]</msg>
<kw name="Get Url" library="Browser">
<var>${currentUrl}</var>
<tag>Assertion</tag>
<tag>Getter</tag>
<tag>PageContent</tag>
<doc>Returns the current URL.</doc>
<msg timestamp="20231030 18:04:33.774" level="TRACE">Arguments: [  ]</msg>
<msg timestamp="20231030 18:04:33.776" level="DEBUG">https://test4.omenahotels.com/en/</msg>
<msg timestamp="20231030 18:04:33.777" level="TRACE">Return: 'https://test4.omenahotels.com/en/'</msg>
<msg timestamp="20231030 18:04:33.777" level="INFO">${currentUrl} = https://test4.omenahotels.com/en/</msg>
<status status="PASS" starttime="20231030 18:04:33.773" endtime="20231030 18:04:33.777"/>
</kw>
<kw name="Get Environment From Url" library="Helpers">
<var>${env}</var>
<arg>${currentUrl}</arg>
<msg timestamp="20231030 18:04:33.777" level="TRACE">Arguments: [ 'https://test4.omenahotels.com/en/' ]</msg>
<msg timestamp="20231030 18:04:33.777" level="TRACE">Return: 'test4'</msg>
<msg timestamp="20231030 18:04:33.777" level="INFO">${env} = test4</msg>
<status status="PASS" starttime="20231030 18:04:33.777" endtime="20231030 18:04:33.777"/>
</kw>
<kw name="Should Be Equal As Strings" library="BuiltIn">
<arg>${env}</arg>
<arg>${environment}</arg>
<doc>Fails if objects are unequal after converting them to strings.</doc>
<msg timestamp="20231030 18:04:33.778" level="TRACE">Arguments: [ 'test4' | 'test4' ]</msg>
<msg timestamp="20231030 18:04:33.778" level="DEBUG">Argument types are:
&lt;class 'str'&gt;
&lt;class 'str'&gt;</msg>
<msg timestamp="20231030 18:04:33.778" level="TRACE">Return: None</msg>
<status status="PASS" starttime="20231030 18:04:33.777" endtime="20231030 18:04:33.778"/>
</kw>
<msg timestamp="20231030 18:04:33.778" level="TRACE">Return: None</msg>
<status status="PASS" starttime="20231030 18:04:33.773" endtime="20231030 18:04:33.778"/>
</kw>
<msg timestamp="20231030 18:04:33.778" level="TRACE">Return: None</msg>
<status status="PASS" starttime="20231030 18:04:29.192" endtime="20231030 18:04:33.778"/>
</kw>
<test id="s1-t1" name="Select Hotel, Dates and Guests" line="15">
<kw name="Select Hotel" library="booking">
<arg>Helsinki, Lönnrotinkatu</arg>
<doc>Select Hotel by using a number as an argument, default Lönnrotinkatu</doc>
<msg timestamp="20231030 18:04:33.779" level="TRACE">Arguments: [ ${hotel}='Helsinki, Lönnrotinkatu' ]</msg>
<if>
<branch type="IF" condition="&quot;${environment}&quot; == &quot;ks_test&quot;">
<kw name="Log" library="BuiltIn">
<arg>No hotel to be selected</arg>
<doc>Logs the given message with the given level.</doc>
<status status="NOT RUN" starttime="20231030 18:04:33.780" endtime="20231030 18:04:33.780"/>
</kw>
<status status="NOT RUN" starttime="20231030 18:04:33.779" endtime="20231030 18:04:33.780"/>
</branch>
<branch type="ELSE">
<kw name="Log" library="BuiltIn">
<arg>Selecting Hotel: ${hotel}</arg>
<doc>Logs the given message with the given level.</doc>
<msg timestamp="20231030 18:04:33.780" level="TRACE">Arguments: [ 'Selecting Hotel: Helsinki, Lönnrotinkatu' ]</msg>
<msg timestamp="20231030 18:04:33.780" level="INFO">Selecting Hotel: Helsinki, Lönnrotinkatu</msg>
<msg timestamp="20231030 18:04:33.780" level="TRACE">Return: None</msg>
<status status="PASS" starttime="20231030 18:04:33.780" endtime="20231030 18:04:33.780"/>
</kw>
<kw name="Click" library="Browser">
<arg>//div[contains(@data-nelson-btn, "hotels")]</arg>
<tag>PageContent</tag>
<tag>Setter</tag>
<doc>Simulates mouse click on the element found by ``selector``.</doc>
<msg timestamp="20231030 18:04:33.781" level="TRACE">Arguments: [ '//div[contains(@data-nelson-btn, "hotels")]' ]</msg>
<msg timestamp="20231030 18:04:33.781" level="DEBUG">Click options are: {"button": "left", "clickCount": 1, "force": false, "noWaitAfter": false, "trial": false}</msg>
<msg timestamp="20231030 18:04:33.887" level="DEBUG">Clicked element: '//div[contains(@data-nelson-btn, "hotels")]' with options: '{"button": "left", "clickCount": 1, "force": false, "noWaitAfter": false, "trial": false}' successfully.</msg>
<msg timestamp="20231030 18:04:33.887" level="TRACE">Return: None</msg>
<status status="PASS" starttime="20231030 18:04:33.781" endtime="20231030 18:04:33.887"/>
</kw>
<kw name="Wait Until Visible" library="common">
<arg>//a[contains(@class, 'dropdown-item') and contains(text(), '${hotel}')]</arg>
<doc>An easier keyword for waiting until an element is visible</doc>
<msg timestamp="20231030 18:04:33.888" level="TRACE">Arguments: [ ${element}="//a[contains(@class, 'dropdown-item') and contains(text(), 'Helsinki, Lönnrotinkatu')]" ]</msg>
<kw name="Wait For Elements State" library="Browser">
<arg>${element}</arg>
<arg>visible</arg>
<arg>timeout=${timeout}</arg>
<tag>PageContent</tag>
<tag>Wait</tag>
<doc>Waits for the element found by ``selector`` to satisfy state option.</doc>
<msg timestamp="20231030 18:04:33.889" level="TRACE">Arguments: [ "//a[contains(@class, 'dropdown-item') and contains(text(), 'Helsinki, Lönnrotinkatu')]" | &lt;ElementState.visible: 4&gt; | timeout=datetime.timedelta(seconds=30) ]</msg>
<msg timestamp="20231030 18:04:33.903" level="INFO">Waited for Element with selector //a[contains(@class, 'dropdown-item') and contains(text(), 'Helsinki, Lönnrotinkatu')] at state visible</msg>
<msg timestamp="20231030 18:04:33.903" level="TRACE">Return: None</msg>
<status status="PASS" starttime="20231030 18:04:33.888" endtime="20231030 18:04:33.903"/>
</kw>
<msg timestamp="20231030 18:04:33.903" level="TRACE">Return: None</msg>
<status status="PASS" starttime="20231030 18:04:33.887" endtime="20231030 18:04:33.903"/>
</kw>
<kw name="Click" library="Browser">
<arg>//a[contains(@class, 'dropdown-item') and contains(text(), '${hotel}')]</arg>
<tag>PageContent</tag>
<tag>Setter</tag>
<doc>Simulates mouse click on the element found by ``selector``.</doc>
<msg timestamp="20231030 18:04:33.904" level="TRACE">Arguments: [ "//a[contains(@class, 'dropdown-item') and contains(text(), 'Helsinki, Lönnrotinkatu')]" ]</msg>
<msg timestamp="20231030 18:04:33.905" level="DEBUG">Click options are: {"button": "left", "clickCount": 1, "force": false, "noWaitAfter": false, "trial": false}</msg>
<msg timestamp="20231030 18:04:34.222" level="DEBUG">Clicked element: '//a[contains(@class, 'dropdown-item') and contains(text(), 'Helsinki, Lönnrotinkatu')]' with options: '{"button": "left", "clickCount": 1, "force": false, "noWaitAfter": false, "trial": false}' successfully.</msg>
<msg timestamp="20231030 18:04:34.223" level="TRACE">Return: None</msg>
<status status="PASS" starttime="20231030 18:04:33.904" endtime="20231030 18:04:34.223"/>
</kw>
<kw name="Wait For Elements State" library="Browser">
<arg>//a[contains(@class, 'dropdown-item') and contains(text(), '${hotel}')]</arg>
<arg>hidden</arg>
<arg>timeout=3s</arg>
<tag>PageContent</tag>
<tag>Wait</tag>
<doc>Waits for the element found by ``selector`` to satisfy state option.</doc>
<msg timestamp="20231030 18:04:34.224" level="TRACE">Arguments: [ "//a[contains(@class, 'dropdown-item') and contains(text(), 'Helsinki, Lönnrotinkatu')]" | &lt;ElementState.hidden: 8&gt; | timeout=datetime.timedelta(seconds=3) ]</msg>
<msg timestamp="20231030 18:04:34.284" level="INFO">Waited for Element with selector //a[contains(@class, 'dropdown-item') and contains(text(), 'Helsinki, Lönnrotinkatu')] at state hidden</msg>
<msg timestamp="20231030 18:04:34.284" level="TRACE">Return: None</msg>
<status status="PASS" starttime="20231030 18:04:34.223" endtime="20231030 18:04:34.284"/>
</kw>
<status status="PASS" starttime="20231030 18:04:33.780" endtime="20231030 18:04:34.284"/>
</branch>
<status status="PASS" starttime="20231030 18:04:33.779" endtime="20231030 18:04:34.284"/>
</if>
<msg timestamp="20231030 18:04:34.284" level="TRACE">Return: None</msg>
<status status="PASS" starttime="20231030 18:04:33.779" endtime="20231030 18:04:34.284"/>
</kw>
<kw name="Select Dates" library="booking">
<msg timestamp="20231030 18:04:34.285" level="TRACE">Arguments: [  ]</msg>
<kw name="Log" library="BuiltIn">
<arg>${EMPTY}</arg>
<doc>Logs the given message with the given level.</doc>
<msg timestamp="20231030 18:04:34.288" level="TRACE">Arguments: [ '' ]</msg>
<msg timestamp="20231030 18:04:34.289" level="INFO"/>
<msg timestamp="20231030 18:04:34.289" level="TRACE">Return: None</msg>
<status status="PASS" starttime="20231030 18:04:34.285" endtime="20231030 18:04:34.289"/>
</kw>
<msg timestamp="20231030 18:04:34.289" level="TRACE">Return: None</msg>
<status status="PASS" starttime="20231030 18:04:34.285" endtime="20231030 18:04:34.289"/>
</kw>
<kw name="Select Guests" library="booking">
<doc>Selects the number of guests for the booking, current implementation will only check the dropdown</doc>
<msg timestamp="20231030 18:04:34.289" level="TRACE">Arguments: [ ${rooms}='1' | ${persons}='1' | ${children}='0' ]</msg>
<kw name="Log To Console" library="BuiltIn">
<arg>${EMPTY}</arg>
<doc>Logs the given message to the console.</doc>
<msg timestamp="20231030 18:04:34.292" level="TRACE">Arguments: [ '' ]</msg>
<msg timestamp="20231030 18:04:34.293" level="TRACE">Return: None</msg>
<status status="PASS" starttime="20231030 18:04:34.290" endtime="20231030 18:04:34.293"/>
</kw>
<msg timestamp="20231030 18:04:34.293" level="TRACE">Return: None</msg>
<status status="PASS" starttime="20231030 18:04:34.289" endtime="20231030 18:04:34.293"/>
</kw>
<tag>smoke, booking, BUI2-556, online-checkin</tag>
<status status="PASS" starttime="20231030 18:04:33.778" endtime="20231030 18:04:34.294"/>
</test>
<test id="s1-t2" name="Check Available Rooms and Select a Standard Room" line="20">
<kw name="Click Book or Find Rooms Button" library="booking">
<msg timestamp="20231030 18:04:34.300" level="TRACE">Arguments: [  ]</msg>
<kw name="Get Url" library="Browser">
<var>${url}</var>
<tag>Assertion</tag>
<tag>Getter</tag>
<tag>PageContent</tag>
<doc>Returns the current URL.</doc>
<msg timestamp="20231030 18:04:34.301" level="TRACE">Arguments: [  ]</msg>
<msg timestamp="20231030 18:04:34.303" level="DEBUG">https://test4.omenahotels.com/en/#</msg>
<msg timestamp="20231030 18:04:34.304" level="TRACE">Return: 'https://test4.omenahotels.com/en/#'</msg>
<msg timestamp="20231030 18:04:34.304" level="INFO">${url} = https://test4.omenahotels.com/en/#</msg>
<status status="PASS" starttime="20231030 18:04:34.300" endtime="20231030 18:04:34.304"/>
</kw>
<kw name="Check If String Contains" library="common">
<var>${booking}</var>
<arg>${url}</arg>
<arg>/booking/</arg>
<msg timestamp="20231030 18:04:34.304" level="TRACE">Arguments: [ ${string}='https://test4.omenahotels.com/en/#' | ${substring}='/booking/' ]</msg>
<kw name="Check If String Contains Substring" library="Helpers">
<var>${contains}</var>
<arg>${string}</arg>
<arg>${substring}</arg>
<msg timestamp="20231030 18:04:34.305" level="TRACE">Arguments: [ 'https://test4.omenahotels.com/en/#' | '/booking/' ]</msg>
<msg timestamp="20231030 18:04:34.305" level="TRACE">Return: False</msg>
<msg timestamp="20231030 18:04:34.305" level="INFO">${contains} = False</msg>
<status status="PASS" starttime="20231030 18:04:34.304" endtime="20231030 18:04:34.305"/>
</kw>
<msg timestamp="20231030 18:04:34.305" level="TRACE">Return: False</msg>
<msg timestamp="20231030 18:04:34.305" level="INFO">${booking} = False</msg>
<status status="PASS" starttime="20231030 18:04:34.304" endtime="20231030 18:04:34.305"/>
</kw>
<if>
<branch type="IF" condition="${booking} == True">
<kw name="Click" library="Browser">
<arg>//button[contains(@class, 'booking-form-button') and contains(text(), 'Find rooms')]</arg>
<tag>PageContent</tag>
<tag>Setter</tag>
<doc>Simulates mouse click on the element found by ``selector``.</doc>
<status status="NOT RUN" starttime="20231030 18:04:34.306" endtime="20231030 18:04:34.306"/>
</kw>
<status status="NOT RUN" starttime="20231030 18:04:34.305" endtime="20231030 18:04:34.306"/>
</branch>
<branch type="ELSE">
<kw name="Click" library="Browser">
<arg>//button[contains(@class, 'booking-form-button') and contains(text(), 'Book')]</arg>
<tag>PageContent</tag>
<tag>Setter</tag>
<doc>Simulates mouse click on the element found by ``selector``.</doc>
<msg timestamp="20231030 18:04:34.306" level="TRACE">Arguments: [ "//button[contains(@class, 'booking-form-button') and contains(text(), 'Book')]" ]</msg>
<msg timestamp="20231030 18:04:34.307" level="DEBUG">Click options are: {"button": "left", "clickCount": 1, "force": false, "noWaitAfter": false, "trial": false}</msg>
<msg timestamp="20231030 18:04:34.999" level="DEBUG">Clicked element: '//button[contains(@class, 'booking-form-button') and contains(text(), 'Book')]' with options: '{"button": "left", "clickCount": 1, "force": false, "noWaitAfter": false, "trial": false}' successfully.</msg>
<msg timestamp="20231030 18:04:34.999" level="TRACE">Return: None</msg>
<status status="PASS" starttime="20231030 18:04:34.306" endtime="20231030 18:04:34.999"/>
</kw>
<status status="PASS" starttime="20231030 18:04:34.306" endtime="20231030 18:04:34.999"/>
</branch>
<status status="PASS" starttime="20231030 18:04:34.305" endtime="20231030 18:04:34.999"/>
</if>
<msg timestamp="20231030 18:04:34.999" level="TRACE">Return: None</msg>
<status status="PASS" starttime="20231030 18:04:34.300" endtime="20231030 18:04:34.999"/>
</kw>
<kw name="Select a Standard Room" library="booking">
<msg timestamp="20231030 18:04:35.000" level="TRACE">Arguments: [  ]</msg>
<kw name="Wait Until Visible" library="common">
<arg>${btnExtras}</arg>
<doc>An easier keyword for waiting until an element is visible</doc>
<msg timestamp="20231030 18:04:35.000" level="TRACE">Arguments: [ ${element}='(//div[contains(@view,"booking")]//button[contains(text(), "Continue to extras")])[1]' ]</msg>
<kw name="Wait For Elements State" library="Browser">
<arg>${element}</arg>
<arg>visible</arg>
<arg>timeout=${timeout}</arg>
<tag>PageContent</tag>
<tag>Wait</tag>
<doc>Waits for the element found by ``selector`` to satisfy state option.</doc>
<msg timestamp="20231030 18:04:35.001" level="TRACE">Arguments: [ '(//div[contains(@view,"booking")]//button[contains(text(), "Continue to extras")])[1]' | &lt;ElementState.visible: 4&gt; | timeout=datetime.timedelta(seconds=30) ]</msg>
<msg timestamp="20231030 18:04:39.606" level="INFO">Waited for Element with selector (//div[contains(@view,"booking")]//button[contains(text(), "Continue to extras")])[1] at state visible</msg>
<msg timestamp="20231030 18:04:39.606" level="TRACE">Return: None</msg>
<status status="PASS" starttime="20231030 18:04:35.000" endtime="20231030 18:04:39.606"/>
</kw>
<msg timestamp="20231030 18:04:39.607" level="TRACE">Return: None</msg>
<status status="PASS" starttime="20231030 18:04:35.000" endtime="20231030 18:04:39.607"/>
</kw>
<kw name="Get Element States" library="Browser">
<var>${visible}</var>
<arg>//div[contains(text(), 'Select room')]</arg>
<arg>then</arg>
<arg>bool(value &amp; visible)</arg>
<tag>Assertion</tag>
<tag>Getter</tag>
<tag>PageContent</tag>
<doc>Get the active states from the element found by ``selector``.</doc>
<msg timestamp="20231030 18:04:39.608" level="TRACE">Arguments: [ "//div[contains(text(), 'Select room')]" | &lt;AssertionOperator.then: 'then'&gt; | 'bool(value &amp; visible)' ]</msg>
<msg timestamp="20231030 18:04:39.864" level="DEBUG">States: 2</msg>
<msg timestamp="20231030 18:04:39.864" level="DEBUG">Assertion polling statistics:
First element asserted in: 0.25582218170166016 seconds
Total tries: 1
Elapsed time in retries 0.0 seconds</msg>
<msg timestamp="20231030 18:04:39.864" level="TRACE">Return: False</msg>
<msg timestamp="20231030 18:04:39.864" level="INFO">${visible} = False</msg>
<status status="PASS" starttime="20231030 18:04:39.607" endtime="20231030 18:04:39.864"/>
</kw>
<kw name="Run Keyword If" library="BuiltIn">
<arg>${visible}</arg>
<arg>Select Standard and Remove Other Room Selection</arg>
<doc>Runs the given keyword with the given arguments, if ``condition`` is true.</doc>
<msg timestamp="20231030 18:04:39.865" level="TRACE">Arguments: [ False | 'Select Standard and Remove Other Room Selection' ]</msg>
<msg timestamp="20231030 18:04:39.865" level="TRACE">Return: None</msg>
<status status="PASS" starttime="20231030 18:04:39.864" endtime="20231030 18:04:39.865"/>
</kw>
<msg timestamp="20231030 18:04:39.865" level="TRACE">Return: None</msg>
<status status="PASS" starttime="20231030 18:04:35.000" endtime="20231030 18:04:39.865"/>
</kw>
<tag>smoke, booking, BUI2-556, online-checkin</tag>
<status status="PASS" starttime="20231030 18:04:34.299" endtime="20231030 18:04:39.865"/>
</test>
<test id="s1-t3" name="Continue to Extras and Select Join for Free" line="24">
<kw name="Click Continue to Extras Button" library="booking">
<doc>Clicks the continue to extras button</doc>
<msg timestamp="20231030 18:04:39.871" level="TRACE">Arguments: [  ]</msg>
<kw name="Click" library="Browser">
<arg>${btnExtras}</arg>
<tag>PageContent</tag>
<tag>Setter</tag>
<doc>Simulates mouse click on the element found by ``selector``.</doc>
<msg timestamp="20231030 18:04:39.872" level="TRACE">Arguments: [ '(//div[contains(@view,"booking")]//button[contains(text(), "Continue to extras")])[1]' ]</msg>
<msg timestamp="20231030 18:04:39.872" level="DEBUG">Click options are: {"button": "left", "clickCount": 1, "force": false, "noWaitAfter": false, "trial": false}</msg>
<msg timestamp="20231030 18:05:10.065" level="DEBUG">Screenshot successfully captured to: /home/runner/work/nelson-test-automation/nelson-test-automation/reports/test4/browser/screenshot/fail-screenshot-1.png</msg>
<msg timestamp="20231030 18:05:10.066" level="INFO" html="true">&lt;/td&gt;&lt;/tr&gt;&lt;tr&gt;&lt;td colspan="3"&gt;&lt;a href="browser/screenshot/fail-screenshot-1.png" target="_blank"&gt;&lt;img src="browser/screenshot/fail-screenshot-1.png" width="800px"/&gt;&lt;/a&gt;</msg>
<msg timestamp="20231030 18:05:10.066" level="INFO">See also file:///home/runner/work/nelson-test-automation/nelson-test-automation/reports/test4/playwright-log.txt for additional details.</msg>
<msg timestamp="20231030 18:05:10.066" level="FAIL">TimeoutError: locator.click: Timeout 30000ms exceeded.
=========================== logs ===========================
waiting for locator('xpath=(//div[contains(@view,"booking")]//button[contains(text(), "Continue to extras")])[1]')
  locator resolved to &lt;button disabled type="button" class="chakra-button css-…&gt;Continue to extras&lt;/button&gt;
attempting click action
  waiting for element to be visible, enabled and stable
    element is not enabled - waiting...
element was detached from the DOM, retrying
  locator resolved to &lt;button disabled type="button" class="chakra-button css-…&gt;Continue to extras&lt;/button&gt;
attempting click action
  waiting for element to be visible, enabled and stable
    element is not enabled - waiting...
element was detached from the DOM, retrying
  locator resolved to &lt;button disabled type="button" class="chakra-button css-…&gt;Continue to extras&lt;/button&gt;
attempting click action
  waiting for element to be visible, enabled and stable
    element is not enabled - waiting...
element was detached from the DOM, retrying
  locator resolved to &lt;button disabled type="button" class="chakra-button css-…&gt;Continue to extras&lt;/button&gt;
attempting click action
  waiting for element to be visible, enabled and stable
    element is not enabled - waiting...
element was detached from the DOM, retrying
  locator resolved to &lt;button disabled type="button" class="chakra-button css-…&gt;Continue to extras&lt;/button&gt;
attempting click action
  waiting for element to be visible, enabled and stable
    element is not enabled - waiting...
============================================================
Tip: Use "Set Browser Timeout" for increasing the timeout or double check your locator as the targeted element(s) couldn't be found.</msg>
<msg timestamp="20231030 18:05:10.106" level="DEBUG">Traceback (most recent call last):
  File "/opt/hostedtoolcache/Python/3.11.6/x64/lib/python3.11/site-packages/Browser/playwright.py", line 158, in grpc_channel
    yield playwright_pb2_grpc.PlaywrightStub(self._channel)
  File "/opt/hostedtoolcache/Python/3.11.6/x64/lib/python3.11/site-packages/Browser/keywords/interaction.py", line 450, in click_with_options
    response = stub.Click(
               ^^^^^^^^^^^
  File "/opt/hostedtoolcache/Python/3.11.6/x64/lib/python3.11/site-packages/grpc/_channel.py", line 1161, in __call__
    return _end_unary_response_blocking(state, call, False, None)
           ^^^^^^^^^^^^^^^^^^^^^^^^^^^^^^^^^^^^^^^^^^^^^^^^^^^^^^
  File "/opt/hostedtoolcache/Python/3.11.6/x64/lib/python3.11/site-packages/grpc/_channel.py", line 1004, in _end_unary_response_blocking
    raise _InactiveRpcError(state)  # pytype: disable=not-instantiable
    ^^^^^^^^^^^^^^^^^^^^^^^^^^^^^^
grpc._channel._InactiveRpcError: &lt;_InactiveRpcError of RPC that terminated with:
	status = StatusCode.DEADLINE_EXCEEDED
	details = "TimeoutError: locator.click: Timeout 30000ms exceeded.
=========================== logs ===========================
waiting for locator('xpath=(//div[contains(@view,"booking")]//button[contains(text(), "Continue to extras")])[1]')
  locator resolved to &lt;button disabled type="button" class="chakra-button css-…&gt;Continue to extras&lt;/button&gt;
attempting click action
  waiting for element to be visible, enabled and stable
    element is not enabled - waiting...
element was detached from the DOM, retrying
  locator resolved to &lt;button disabled type="button" class="chakra-button css-…&gt;Continue to extras&lt;/button&gt;
attempting click action
  waiting for element to be visible, enabled and stable
    element is not enabled - waiting...
element was detached from the DOM, retrying
  locator resolved to &lt;button disabled type="button" class="chakra-button css-…&gt;Continue to extras&lt;/button&gt;
attempting click action
  waiting for element to be visible, enabled and stable
    element is not enabled - waiting...
element was detached from the DOM, retrying
  locator resolved to &lt;button disabled type="button" class="chakra-button css-…&gt;Continue to extras&lt;/button&gt;
attempting click action
  waiting for element to be visible, enabled and stable
    element is not enabled - waiting...
element was detached from the DOM, retrying
  locator resolved to &lt;button disabled type="button" class="chakra-button css-…&gt;Continue to extras&lt;/button&gt;
attempting click action
  waiting for element to be visible, enabled and stable
    element is not enabled - waiting...
============================================================"
	debug_error_string = "UNKNOWN:Error received from peer  {created_time:"2023-10-30T18:05:09.883384229+00:00", grpc_status:4, grpc_message:"TimeoutError: locator.click: Timeout 30000ms exceeded.\n=========================== logs ===========================\nwaiting for locator(\'xpath=(//div[contains(@view,\"booking\")]//button[contains(text(), \"Continue to extras\")])[1]\')\n  locator resolved to &lt;button disabled type=\"button\" class=\"chakra-button css-\xe2\x80\xa6&gt;Continue to extras&lt;/button&gt;\nattempting click action\n  waiting for element to be visible, enabled and stable\n    element is not enabled - waiting...\nelement was detached from the DOM, retrying\n  locator resolved to &lt;button disabled type=\"button\" class=\"chakra-button css-\xe2\x80\xa6&gt;Continue to extras&lt;/button&gt;\nattempting click action\n  waiting for element to be visible, enabled and stable\n    element is not enabled - waiting...\nelement was detached from the DOM, retrying\n  locator resolved to &lt;button disabled type=\"button\" class=\"chakra-button css-\xe2\x80\xa6&gt;Continue to extras&lt;/button&gt;\nattempting click action\n  waiting for element to be visible, enabled and stable\n    element is not enabled - waiting...\nelement was detached from the DOM, retrying\n  locator resolved to &lt;button disabled type=\"button\" class=\"chakra-button css-\xe2\x80\xa6&gt;Continue to extras&lt;/button&gt;\nattempting click action\n  waiting for element to be visible, enabled and stable\n    element is not enabled - waiting...\nelement was detached from the DOM, retrying\n  locator resolved to &lt;button disabled type=\"button\" class=\"chakra-button css-\xe2\x80\xa6&gt;Continue to extras&lt;/button&gt;\nattempting click action\n  waiting for element to be visible, enabled and stable\n    element is not enabled - waiting...\n============================================================"}"
&gt;

During handling of the above exception, another exception occurred:

Traceback (most recent call last):
  File "/opt/hostedtoolcache/Python/3.11.6/x64/lib/python3.11/site-packages/Browser/browser.py", line 1096, in run_keyword
    raise e
  File "/opt/hostedtoolcache/Python/3.11.6/x64/lib/python3.11/site-packages/Browser/browser.py", line 1085, in run_keyword
    return DynamicCore.run_keyword(self, name, args, kwargs)
           ^^^^^^^^^^^^^^^^^^^^^^^^^^^^^^^^^^^^^^^^^^^^^^^^^
  File "/opt/hostedtoolcache/Python/3.11.6/x64/lib/python3.11/site-packages/robotlibcore.py", line 126, in run_keyword
    return self.keywords[name](*args, **(kwargs or {}))
           ^^^^^^^^^^^^^^^^^^^^^^^^^^^^^^^^^^^^^^^^^^^^
  File "/opt/hostedtoolcache/Python/3.11.6/x64/lib/python3.11/site-packages/Browser/keywords/interaction.py", line 370, in click
    self.click_with_options(
  File "/opt/hostedtoolcache/Python/3.11.6/x64/lib/python3.11/site-packages/Browser/keywords/interaction.py", line 432, in click_with_options
    with self.playwright.grpc_channel() as stub:
  File "/opt/hostedtoolcache/Python/3.11.6/x64/lib/python3.11/contextlib.py", line 155, in __exit__
    self.gen.throw(typ, value, traceback)
  File "/opt/hostedtoolcache/Python/3.11.6/x64/lib/python3.11/site-packages/Browser/playwright.py", line 162, in grpc_channel
    raise AssertionError(error.details())
AssertionError: TimeoutError: locator.click: Timeout 30000ms exceeded.
=========================== logs ===========================
waiting for locator('xpath=(//div[contains(@view,"booking")]//button[contains(text(), "Continue to extras")])[1]')
  locator resolved to &lt;button disabled type="button" class="chakra-button css-…&gt;Continue to extras&lt;/button&gt;
attempting click action
  waiting for element to be visible, enabled and stable
    element is not enabled - waiting...
element was detached from the DOM, retrying
  locator resolved to &lt;button disabled type="button" class="chakra-button css-…&gt;Continue to extras&lt;/button&gt;
attempting click action
  waiting for element to be visible, enabled and stable
    element is not enabled - waiting...
element was detached from the DOM, retrying
  locator resolved to &lt;button disabled type="button" class="chakra-button css-…&gt;Continue to extras&lt;/button&gt;
attempting click action
  waiting for element to be visible, enabled and stable
    element is not enabled - waiting...
element was detached from the DOM, retrying
  locator resolved to &lt;button disabled type="button" class="chakra-button css-…&gt;Continue to extras&lt;/button&gt;
attempting click action
  waiting for element to be visible, enabled and stable
    element is not enabled - waiting...
element was detached from the DOM, retrying
  locator resolved to &lt;button disabled type="button" class="chakra-button css-…&gt;Continue to extras&lt;/button&gt;
attempting click action
  waiting for element to be visible, enabled and stable
    element is not enabled - waiting...
============================================================
Tip: Use "Set Browser Timeout" for increasing the timeout or double check your locator as the targeted element(s) couldn't be found.</msg>
<status status="FAIL" starttime="20231030 18:04:39.871" endtime="20231030 18:05:10.106"/>
</kw>
<kw name="Wait Until Visible" library="common">
<arg>${btnPayment}</arg>
<doc>An easier keyword for waiting until an element is visible</doc>
<status status="NOT RUN" starttime="20231030 18:05:10.107" endtime="20231030 18:05:10.107"/>
</kw>
<status status="FAIL" starttime="20231030 18:04:39.871" endtime="20231030 18:05:10.107"/>
</kw>
<kw name="Continue to Payment" library="booking">
<status status="NOT RUN" starttime="20231030 18:05:10.107" endtime="20231030 18:05:10.108"/>
</kw>
<kw name="Select Join for Free" library="booking">
<status status="NOT RUN" starttime="20231030 18:05:10.108" endtime="20231030 18:05:10.108"/>
</kw>
<tag>smoke, booking, BUI2-556, online-checkin</tag>
<status status="FAIL" starttime="20231030 18:04:39.870" endtime="20231030 18:05:10.108">TimeoutError: locator.click: Timeout 30000ms exceeded.
=========================== logs ===========================
waiting for locator('xpath=(//div[contains(@view,"booking")]//button[contains(text(), "Continue to extras")])[1]')
  locator resolved to &lt;button disabled type="button" class="chakra-button css-…&gt;Continue to extras&lt;/button&gt;
attempting click action
  waiting for element to be visible, enabled and stable
    element is not enabled - waiting...
element was detached from the DOM, retrying
  locator resolved to &lt;button disabled type="button" class="chakra-button css-…&gt;Continue to extras&lt;/button&gt;
attempting click action
  waiting for element to be visible, enabled and stable
    element is not enabled - waiting...
element was detached from the DOM, retrying
  locator resolved to &lt;button disabled type="button" class="chakra-button css-…&gt;Continue to extras&lt;/button&gt;
attempting click action
  waiting for element to be visible, enabled and stable
    element is not enabled - waiting...
element was detached from the DOM, retrying
  locator resolved to &lt;button disabled type="button" class="chakra-button css-…&gt;Continue to extras&lt;/button&gt;
attempting click action
  waiting for element to be visible, enabled and stable
    element is not enabled - waiting...
element was detached from the DOM, retrying
  locator resolved to &lt;button disabled type="button" class="chakra-button css-…&gt;Continue to extras&lt;/button&gt;
attempting click action
  waiting for element to be visible, enabled and stable
    element is not enabled - waiting...
============================================================
Tip: Use "Set Browser Timeout" for increasing the timeout or double check your locator as the targeted element(s) couldn't be found.</status>
</test>
<test id="s1-t4" name="Fill in Booker Contact Information" line="29">
<kw name="Fill in Contact Information" library="booking">
<doc>Fills in Contact information that can be given as arguments or use default values
Uses a password if the environment is bui and</doc>
<msg timestamp="20231030 18:05:10.114" level="TRACE">Arguments: [ ${firstName}='Mos' | ${lastName}='Def' | ${phone}='401705972' | ${ssn}='170479-371J' | ${env}='bui' ]</msg>
<kw name="Create Email and Return Inbox" library="common">
<var>${inbox}</var>
<doc>Creates a new email address and returns the inbox object</doc>
<msg timestamp="20231030 18:05:10.114" level="TRACE">Arguments: [  ]</msg>
<kw name="Create new Inbox" library="MailSlurp">
<var>${inbox}</var>
<msg timestamp="20231030 18:05:10.114" level="TRACE">Arguments: [  ]</msg>
<msg timestamp="20231030 18:05:10.890" level="INFO">Debug Config
&lt;mailslurp_client.configuration.Configuration object at 0x7fdecee184d0&gt;
{'created_at': datetime.datetime(2023, 10, 30, 18, 5, 10, 861000, tzinfo=tzlocal()),
 'description': None,
 'domain_id': None,
 'email_address': 'c904270d-846c-4b12-90e0-955d0b7ffbf0@mailslurp.com',
 'expires_at': None,
 'favourite': False,
 'id': 'c904270d-846c-4b12-90e0-955d0b7ffbf0',
 'inbox_type': 'HTTP_INBOX',
 'name': None,
 'read_only': False,
 'tags': None,
 'user_id': 'a2f48756-8279-471d-bb55-980a32334d37',
 'virtual_inbox': False}
&lt;MailSlurp.MailSlurp object at 0x7fdec6040a50&gt;</msg>
<msg timestamp="20231030 18:05:10.890" level="TRACE">Return: {'created_at': datetime.datetime(2023, 10, 30, 18, 5, 10, 861000, tzinfo=tzlocal()),
 'description': None,
 'domain_id': None,
 'email_address': 'c904270d-846c-4b12-90e0-955d0b7ffbf0@mailslurp.com',
 'expires_at': None,
 'favourite': False,
 'id': 'c904270d-846c-4b12-90e0-955d0b7ffbf0',
 'inbox_type': 'HTTP_INBOX',
 'name': None,
 'read_only': False,
 'tags': None,
 'user_id': 'a2f48756-8279-471d-bb55-980a32334d37',
 'virtual_inbox': False}</msg>
<msg timestamp="20231030 18:05:10.890" level="INFO">${inbox} = {'created_at': datetime.datetime(2023, 10, 30, 18, 5, 10, 861000, tzinfo=tzlocal()),
 'description': None,
 'domain_id': None,
 'email_address': 'c904270d-846c-4b12-90e0-955d0b7ffbf0@mailslurp.com',
 ...</msg>
<status status="PASS" starttime="20231030 18:05:10.114" endtime="20231030 18:05:10.890"/>
</kw>
<kw name="Log To Console" library="BuiltIn">
<arg>${inbox.id}</arg>
<doc>Logs the given message to the console.</doc>
<msg timestamp="20231030 18:05:10.892" level="TRACE">Arguments: [ 'c904270d-846c-4b12-90e0-955d0b7ffbf0' ]</msg>
<msg timestamp="20231030 18:05:10.892" level="TRACE">Return: None</msg>
<status status="PASS" starttime="20231030 18:05:10.891" endtime="20231030 18:05:10.892"/>
</kw>
<msg timestamp="20231030 18:05:10.893" level="TRACE">Return: {'created_at': datetime.datetime(2023, 10, 30, 18, 5, 10, 861000, tzinfo=tzlocal()),
 'description': None,
 'domain_id': None,
 'email_address': 'c904270d-846c-4b12-90e0-955d0b7ffbf0@mailslurp.com',
 'expires_at': None,
 'favourite': False,
 'id': 'c904270d-846c-4b12-90e0-955d0b7ffbf0',
 'inbox_type': 'HTTP_INBOX',
 'name': None,
 'read_only': False,
 'tags': None,
 'user_id': 'a2f48756-8279-471d-bb55-980a32334d37',
 'virtual_inbox': False}</msg>
<msg timestamp="20231030 18:05:10.893" level="INFO">${inbox} = {'created_at': datetime.datetime(2023, 10, 30, 18, 5, 10, 861000, tzinfo=tzlocal()),
 'description': None,
 'domain_id': None,
 'email_address': 'c904270d-846c-4b12-90e0-955d0b7ffbf0@mailslurp.com',
 ...</msg>
<status status="PASS" starttime="20231030 18:05:10.114" endtime="20231030 18:05:10.893"/>
</kw>
<kw name="Click and Fill" library="common">
<arg>id=firstName</arg>
<arg>${firstName}</arg>
<doc>A keyword combination of Click and Fill Text since most of the form fields need a click</doc>
<msg timestamp="20231030 18:05:10.894" level="TRACE">Arguments: [ ${selector}='id=firstName' | ${text}='Mos' ]</msg>
<kw name="Click" library="Browser">
<arg>${selector}</arg>
<tag>PageContent</tag>
<tag>Setter</tag>
<doc>Simulates mouse click on the element found by ``selector``.</doc>
<msg timestamp="20231030 18:05:10.894" level="TRACE">Arguments: [ 'id=firstName' ]</msg>
<msg timestamp="20231030 18:05:10.895" level="DEBUG">Click options are: {"button": "left", "clickCount": 1, "force": false, "noWaitAfter": false, "trial": false}</msg>
<msg timestamp="20231030 18:05:41.055" level="DEBUG">Screenshot successfully captured to: /home/runner/work/nelson-test-automation/nelson-test-automation/reports/test4/browser/screenshot/fail-screenshot-2.png</msg>
<msg timestamp="20231030 18:05:41.056" level="INFO" html="true">&lt;/td&gt;&lt;/tr&gt;&lt;tr&gt;&lt;td colspan="3"&gt;&lt;a href="browser/screenshot/fail-screenshot-2.png" target="_blank"&gt;&lt;img src="browser/screenshot/fail-screenshot-2.png" width="800px"/&gt;&lt;/a&gt;</msg>
<msg timestamp="20231030 18:05:41.056" level="INFO">See also file:///home/runner/work/nelson-test-automation/nelson-test-automation/reports/test4/playwright-log.txt for additional details.</msg>
<msg timestamp="20231030 18:05:41.056" level="FAIL">TimeoutError: locator.click: Timeout 30000ms exceeded.
=========================== logs ===========================
waiting for locator('id=firstName')
============================================================
Tip: Use "Set Browser Timeout" for increasing the timeout or double check your locator as the targeted element(s) couldn't be found.</msg>
<msg timestamp="20231030 18:05:41.057" level="DEBUG">Traceback (most recent call last):
  File "/opt/hostedtoolcache/Python/3.11.6/x64/lib/python3.11/site-packages/Browser/playwright.py", line 158, in grpc_channel
    yield playwright_pb2_grpc.PlaywrightStub(self._channel)
  File "/opt/hostedtoolcache/Python/3.11.6/x64/lib/python3.11/site-packages/Browser/keywords/interaction.py", line 450, in click_with_options
    response = stub.Click(
               ^^^^^^^^^^^
  File "/opt/hostedtoolcache/Python/3.11.6/x64/lib/python3.11/site-packages/grpc/_channel.py", line 1161, in __call__
    return _end_unary_response_blocking(state, call, False, None)
           ^^^^^^^^^^^^^^^^^^^^^^^^^^^^^^^^^^^^^^^^^^^^^^^^^^^^^^
  File "/opt/hostedtoolcache/Python/3.11.6/x64/lib/python3.11/site-packages/grpc/_channel.py", line 1004, in _end_unary_response_blocking
    raise _InactiveRpcError(state)  # pytype: disable=not-instantiable
    ^^^^^^^^^^^^^^^^^^^^^^^^^^^^^^
grpc._channel._InactiveRpcError: &lt;_InactiveRpcError of RPC that terminated with:
	status = StatusCode.DEADLINE_EXCEEDED
	details = "TimeoutError: locator.click: Timeout 30000ms exceeded.
=========================== logs ===========================
waiting for locator('id=firstName')
============================================================"
	debug_error_string = "UNKNOWN:Error received from peer  {created_time:"2023-10-30T18:05:40.898078948+00:00", grpc_status:4, grpc_message:"TimeoutError: locator.click: Timeout 30000ms exceeded.\n=========================== logs ===========================\nwaiting for locator(\'id=firstName\')\n============================================================"}"
&gt;

During handling of the above exception, another exception occurred:

Traceback (most recent call last):
  File "/opt/hostedtoolcache/Python/3.11.6/x64/lib/python3.11/site-packages/Browser/browser.py", line 1096, in run_keyword
    raise e
  File "/opt/hostedtoolcache/Python/3.11.6/x64/lib/python3.11/site-packages/Browser/browser.py", line 1085, in run_keyword
    return DynamicCore.run_keyword(self, name, args, kwargs)
           ^^^^^^^^^^^^^^^^^^^^^^^^^^^^^^^^^^^^^^^^^^^^^^^^^
  File "/opt/hostedtoolcache/Python/3.11.6/x64/lib/python3.11/site-packages/robotlibcore.py", line 126, in run_keyword
    return self.keywords[name](*args, **(kwargs or {}))
           ^^^^^^^^^^^^^^^^^^^^^^^^^^^^^^^^^^^^^^^^^^^^
  File "/opt/hostedtoolcache/Python/3.11.6/x64/lib/python3.11/site-packages/Browser/keywords/interaction.py", line 370, in click
    self.click_with_options(
  File "/opt/hostedtoolcache/Python/3.11.6/x64/lib/python3.11/site-packages/Browser/keywords/interaction.py", line 432, in click_with_options
    with self.playwright.grpc_channel() as stub:
  File "/opt/hostedtoolcache/Python/3.11.6/x64/lib/python3.11/contextlib.py", line 155, in __exit__
    self.gen.throw(typ, value, traceback)
  File "/opt/hostedtoolcache/Python/3.11.6/x64/lib/python3.11/site-packages/Browser/playwright.py", line 162, in grpc_channel
    raise AssertionError(error.details())
AssertionError: TimeoutError: locator.click: Timeout 30000ms exceeded.
=========================== logs ===========================
waiting for locator('id=firstName')
============================================================
Tip: Use "Set Browser Timeout" for increasing the timeout or double check your locator as the targeted element(s) couldn't be found.</msg>
<status status="FAIL" starttime="20231030 18:05:10.894" endtime="20231030 18:05:41.057"/>
</kw>
<kw name="Fill Text" library="Browser">
<arg>${selector}</arg>
<arg>${text}</arg>
<tag>PageContent</tag>
<tag>Setter</tag>
<doc>Clears and fills the given ``txt`` into the text field found by ``selector``.</doc>
<status status="NOT RUN" starttime="20231030 18:05:41.058" endtime="20231030 18:05:41.058"/>
</kw>
<status status="FAIL" starttime="20231030 18:05:10.893" endtime="20231030 18:05:41.058"/>
</kw>
<kw name="Click and Fill" library="common">
<arg>id=lastName</arg>
<arg>${lastName}</arg>
<doc>A keyword combination of Click and Fill Text since most of the form fields need a click</doc>
<status status="NOT RUN" starttime="20231030 18:05:41.059" endtime="20231030 18:05:41.059"/>
</kw>
<kw name="Click and Fill" library="common">
<arg>id=email</arg>
<arg>${inbox.email_address}</arg>
<doc>A keyword combination of Click and Fill Text since most of the form fields need a click</doc>
<status status="NOT RUN" starttime="20231030 18:05:41.059" endtime="20231030 18:05:41.059"/>
</kw>
<kw name="Get Url" library="Browser">
<var>${u}</var>
<tag>Assertion</tag>
<tag>Getter</tag>
<tag>PageContent</tag>
<doc>Returns the current URL.</doc>
<status status="NOT RUN" starttime="20231030 18:05:41.059" endtime="20231030 18:05:41.059"/>
</kw>
<kw name="Get Environment From Url" library="Helpers">
<var>${e}</var>
<arg>${u}</arg>
<status status="NOT RUN" starttime="20231030 18:05:41.059" endtime="20231030 18:05:41.059"/>
</kw>
<if>
<branch type="IF" condition="'${e}' == 'test-kensington'">
<kw name="Click and Fill" library="common">
<arg>id=phoneNumber</arg>
<arg>${phone.uk}</arg>
<doc>A keyword combination of Click and Fill Text since most of the form fields need a click</doc>
<status status="NOT RUN" starttime="20231030 18:05:41.060" endtime="20231030 18:05:41.060"/>
</kw>
<status status="NOT RUN" starttime="20231030 18:05:41.060" endtime="20231030 18:05:41.060"/>
</branch>
<branch type="ELSE">
<kw name="Click and Fill" library="common">
<arg>id=phoneNumber</arg>
<arg>${phone}</arg>
<doc>A keyword combination of Click and Fill Text since most of the form fields need a click</doc>
<status status="NOT RUN" starttime="20231030 18:05:41.060" endtime="20231030 18:05:41.060"/>
</kw>
<status status="NOT RUN" starttime="20231030 18:05:41.060" endtime="20231030 18:05:41.060"/>
</branch>
<status status="NOT RUN" starttime="20231030 18:05:41.059" endtime="20231030 18:05:41.060"/>
</if>
<kw name="Log To Console" library="BuiltIn">
<arg>${inbox.id}</arg>
<doc>Logs the given message to the console.</doc>
<status status="NOT RUN" starttime="20231030 18:05:41.061" endtime="20231030 18:05:41.061"/>
</kw>
<kw name="Set Suite Variable" library="BuiltIn">
<arg>$ID</arg>
<arg>${inbox.id}</arg>
<doc>Makes a variable available everywhere within the scope of the current suite.</doc>
<status status="NOT RUN" starttime="20231030 18:05:41.061" endtime="20231030 18:05:41.061"/>
</kw>
<kw name="Get Element Count" library="Browser">
<var>${passwordVisible}</var>
<arg>id=password</arg>
<tag>Assertion</tag>
<tag>Getter</tag>
<tag>PageContent</tag>
<doc>Returns the count of elements found with ``selector``.</doc>
<status status="NOT RUN" starttime="20231030 18:05:41.061" endtime="20231030 18:05:41.061"/>
</kw>
<if>
<branch type="IF" condition="'${env}'=='bui' and '${passwordVisible}'&gt;'0'">
<kw name="Click and Fill" library="common">
<arg>id=password</arg>
<arg>${password}</arg>
<doc>A keyword combination of Click and Fill Text since most of the form fields need a click</doc>
<status status="NOT RUN" starttime="20231030 18:05:41.061" endtime="20231030 18:05:41.061"/>
</kw>
<status status="NOT RUN" starttime="20231030 18:05:41.061" endtime="20231030 18:05:41.062"/>
</branch>
<branch type="ELSE">
<kw name="Log To Console" library="BuiltIn">
<arg>No password filled</arg>
<doc>Logs the given message to the console.</doc>
<status status="NOT RUN" starttime="20231030 18:05:41.062" endtime="20231030 18:05:41.062"/>
</kw>
<status status="NOT RUN" starttime="20231030 18:05:41.062" endtime="20231030 18:05:41.062"/>
</branch>
<status status="NOT RUN" starttime="20231030 18:05:41.061" endtime="20231030 18:05:41.062"/>
</if>
<status status="FAIL" starttime="20231030 18:05:10.113" endtime="20231030 18:05:41.062"/>
</kw>
<kw name="Accept offers and Terms" library="booking">
<status status="NOT RUN" starttime="20231030 18:05:41.062" endtime="20231030 18:05:41.062"/>
</kw>
<tag>smoke, booking, BUI2-556, online-checkin</tag>
<status status="FAIL" starttime="20231030 18:05:10.113" endtime="20231030 18:05:41.063">TimeoutError: locator.click: Timeout 30000ms exceeded.
=========================== logs ===========================
waiting for locator('id=firstName')
============================================================
Tip: Use "Set Browser Timeout" for increasing the timeout or double check your locator as the targeted element(s) couldn't be found.</status>
</test>
<test id="s1-t5" name="Pay using Web Bank and Nordea" line="33">
<kw name="Select Web Bank and Nordea as Payment Method" library="booking">
<msg timestamp="20231030 18:05:41.067" level="TRACE">Arguments: [  ]</msg>
<kw name="Click" library="Browser">
<arg>//div[contains(text(), "Web bank payment")]</arg>
<tag>PageContent</tag>
<tag>Setter</tag>
<doc>Simulates mouse click on the element found by ``selector``.</doc>
<msg timestamp="20231030 18:05:41.067" level="TRACE">Arguments: [ '//div[contains(text(), "Web bank payment")]' ]</msg>
<msg timestamp="20231030 18:05:41.068" level="DEBUG">Click options are: {"button": "left", "clickCount": 1, "force": false, "noWaitAfter": false, "trial": false}</msg>
<msg timestamp="20231030 18:06:11.234" level="DEBUG">Screenshot successfully captured to: /home/runner/work/nelson-test-automation/nelson-test-automation/reports/test4/browser/screenshot/fail-screenshot-3.png</msg>
<msg timestamp="20231030 18:06:11.234" level="INFO" html="true">&lt;/td&gt;&lt;/tr&gt;&lt;tr&gt;&lt;td colspan="3"&gt;&lt;a href="browser/screenshot/fail-screenshot-3.png" target="_blank"&gt;&lt;img src="browser/screenshot/fail-screenshot-3.png" width="800px"/&gt;&lt;/a&gt;</msg>
<msg timestamp="20231030 18:06:11.234" level="INFO">See also file:///home/runner/work/nelson-test-automation/nelson-test-automation/reports/test4/playwright-log.txt for additional details.</msg>
<msg timestamp="20231030 18:06:11.234" level="FAIL">TimeoutError: locator.click: Timeout 30000ms exceeded.
=========================== logs ===========================
waiting for locator('xpath=//div[contains(text(), "Web bank payment")]')
============================================================
Tip: Use "Set Browser Timeout" for increasing the timeout or double check your locator as the targeted element(s) couldn't be found.</msg>
<msg timestamp="20231030 18:06:11.235" level="DEBUG">Traceback (most recent call last):
  File "/opt/hostedtoolcache/Python/3.11.6/x64/lib/python3.11/site-packages/Browser/playwright.py", line 158, in grpc_channel
    yield playwright_pb2_grpc.PlaywrightStub(self._channel)
  File "/opt/hostedtoolcache/Python/3.11.6/x64/lib/python3.11/site-packages/Browser/keywords/interaction.py", line 450, in click_with_options
    response = stub.Click(
               ^^^^^^^^^^^
  File "/opt/hostedtoolcache/Python/3.11.6/x64/lib/python3.11/site-packages/grpc/_channel.py", line 1161, in __call__
    return _end_unary_response_blocking(state, call, False, None)
           ^^^^^^^^^^^^^^^^^^^^^^^^^^^^^^^^^^^^^^^^^^^^^^^^^^^^^^
  File "/opt/hostedtoolcache/Python/3.11.6/x64/lib/python3.11/site-packages/grpc/_channel.py", line 1004, in _end_unary_response_blocking
    raise _InactiveRpcError(state)  # pytype: disable=not-instantiable
    ^^^^^^^^^^^^^^^^^^^^^^^^^^^^^^
grpc._channel._InactiveRpcError: &lt;_InactiveRpcError of RPC that terminated with:
	status = StatusCode.DEADLINE_EXCEEDED
	details = "TimeoutError: locator.click: Timeout 30000ms exceeded.
=========================== logs ===========================
waiting for locator('xpath=//div[contains(text(), "Web bank payment")]')
============================================================"
	debug_error_string = "UNKNOWN:Error received from peer  {grpc_message:"TimeoutError: locator.click: Timeout 30000ms exceeded.\n=========================== logs ===========================\nwaiting for locator(\'xpath=//div[contains(text(), \"Web bank payment\")]\')\n============================================================", grpc_status:4, created_time:"2023-10-30T18:06:11.070677417+00:00"}"
&gt;

During handling of the above exception, another exception occurred:

Traceback (most recent call last):
  File "/opt/hostedtoolcache/Python/3.11.6/x64/lib/python3.11/site-packages/Browser/browser.py", line 1096, in run_keyword
    raise e
  File "/opt/hostedtoolcache/Python/3.11.6/x64/lib/python3.11/site-packages/Browser/browser.py", line 1085, in run_keyword
    return DynamicCore.run_keyword(self, name, args, kwargs)
           ^^^^^^^^^^^^^^^^^^^^^^^^^^^^^^^^^^^^^^^^^^^^^^^^^
  File "/opt/hostedtoolcache/Python/3.11.6/x64/lib/python3.11/site-packages/robotlibcore.py", line 126, in run_keyword
    return self.keywords[name](*args, **(kwargs or {}))
           ^^^^^^^^^^^^^^^^^^^^^^^^^^^^^^^^^^^^^^^^^^^^
  File "/opt/hostedtoolcache/Python/3.11.6/x64/lib/python3.11/site-packages/Browser/keywords/interaction.py", line 370, in click
    self.click_with_options(
  File "/opt/hostedtoolcache/Python/3.11.6/x64/lib/python3.11/site-packages/Browser/keywords/interaction.py", line 432, in click_with_options
    with self.playwright.grpc_channel() as stub:
  File "/opt/hostedtoolcache/Python/3.11.6/x64/lib/python3.11/contextlib.py", line 155, in __exit__
    self.gen.throw(typ, value, traceback)
  File "/opt/hostedtoolcache/Python/3.11.6/x64/lib/python3.11/site-packages/Browser/playwright.py", line 162, in grpc_channel
    raise AssertionError(error.details())
AssertionError: TimeoutError: locator.click: Timeout 30000ms exceeded.
=========================== logs ===========================
waiting for locator('xpath=//div[contains(text(), "Web bank payment")]')
============================================================
Tip: Use "Set Browser Timeout" for increasing the timeout or double check your locator as the targeted element(s) couldn't be found.</msg>
<status status="FAIL" starttime="20231030 18:05:41.067" endtime="20231030 18:06:11.235"/>
</kw>
<kw name="Click" library="Browser">
<arg>//p[contains(text(), 'Nordea')]</arg>
<tag>PageContent</tag>
<tag>Setter</tag>
<doc>Simulates mouse click on the element found by ``selector``.</doc>
<status status="NOT RUN" starttime="20231030 18:06:11.236" endtime="20231030 18:06:11.236"/>
</kw>
<kw name="Click" library="Browser">
<arg>(//div[contains(@view,"payment")]//button[contains(text(), "Pay")])[1]</arg>
<tag>PageContent</tag>
<tag>Setter</tag>
<doc>Simulates mouse click on the element found by ``selector``.</doc>
<status status="NOT RUN" starttime="20231030 18:06:11.236" endtime="20231030 18:06:11.236"/>
</kw>
<status status="FAIL" starttime="20231030 18:05:41.067" endtime="20231030 18:06:11.236"/>
</kw>
<kw name="Complete Payment Successfully" library="booking">
<status status="NOT RUN" starttime="20231030 18:06:11.236" endtime="20231030 18:06:11.237"/>
</kw>
<tag>smoke, booking, BUI2-556, online-checkin</tag>
<status status="FAIL" starttime="20231030 18:05:41.066" endtime="20231030 18:06:11.237">TimeoutError: locator.click: Timeout 30000ms exceeded.
=========================== logs ===========================
waiting for locator('xpath=//div[contains(text(), "Web bank payment")]')
============================================================
Tip: Use "Set Browser Timeout" for increasing the timeout or double check your locator as the targeted element(s) couldn't be found.</status>
</test>
<test id="s1-t6" name="Check In Online" line="37">
<kw name="Click Check In Button" library="booking">
<msg timestamp="20231030 18:06:11.242" level="TRACE">Arguments: [  ]</msg>
<kw name="Wait Until Visible" library="common">
<arg>(//button[text()="Check in"])[1]</arg>
<doc>An easier keyword for waiting until an element is visible</doc>
<msg timestamp="20231030 18:06:11.242" level="TRACE">Arguments: [ ${element}='(//button[text()="Check in"])[1]' ]</msg>
<kw name="Wait For Elements State" library="Browser">
<arg>${element}</arg>
<arg>visible</arg>
<arg>timeout=${timeout}</arg>
<tag>PageContent</tag>
<tag>Wait</tag>
<doc>Waits for the element found by ``selector`` to satisfy state option.</doc>
<msg timestamp="20231030 18:06:11.243" level="TRACE">Arguments: [ '(//button[text()="Check in"])[1]' | &lt;ElementState.visible: 4&gt; | timeout=datetime.timedelta(seconds=30) ]</msg>
<msg timestamp="20231030 18:06:41.403" level="DEBUG">Screenshot successfully captured to: /home/runner/work/nelson-test-automation/nelson-test-automation/reports/test4/browser/screenshot/fail-screenshot-4.png</msg>
<msg timestamp="20231030 18:06:41.403" level="INFO" html="true">&lt;/td&gt;&lt;/tr&gt;&lt;tr&gt;&lt;td colspan="3"&gt;&lt;a href="browser/screenshot/fail-screenshot-4.png" target="_blank"&gt;&lt;img src="browser/screenshot/fail-screenshot-4.png" width="800px"/&gt;&lt;/a&gt;</msg>
<msg timestamp="20231030 18:06:41.403" level="INFO">See also file:///home/runner/work/nelson-test-automation/nelson-test-automation/reports/test4/playwright-log.txt for additional details.</msg>
<msg timestamp="20231030 18:06:41.403" level="FAIL">TimeoutError: locator.waitFor: Timeout 30000ms exceeded.
=========================== logs ===========================
waiting for locator('xpath=(//button[text()="Check in"])[1]') to be visible
============================================================
Tip: Use "Set Browser Timeout" for increasing the timeout or double check your locator as the targeted element(s) couldn't be found.</msg>
<msg timestamp="20231030 18:06:41.404" level="DEBUG">Traceback (most recent call last):
  File "/opt/hostedtoolcache/Python/3.11.6/x64/lib/python3.11/site-packages/Browser/playwright.py", line 158, in grpc_channel
    yield playwright_pb2_grpc.PlaywrightStub(self._channel)
  File "/opt/hostedtoolcache/Python/3.11.6/x64/lib/python3.11/site-packages/Browser/keywords/waiter.py", line 140, in _wait_for_elements_state
    response = stub.WaitForElementsState(
               ^^^^^^^^^^^^^^^^^^^^^^^^^^
  File "/opt/hostedtoolcache/Python/3.11.6/x64/lib/python3.11/site-packages/grpc/_channel.py", line 1161, in __call__
    return _end_unary_response_blocking(state, call, False, None)
           ^^^^^^^^^^^^^^^^^^^^^^^^^^^^^^^^^^^^^^^^^^^^^^^^^^^^^^
  File "/opt/hostedtoolcache/Python/3.11.6/x64/lib/python3.11/site-packages/grpc/_channel.py", line 1004, in _end_unary_response_blocking
    raise _InactiveRpcError(state)  # pytype: disable=not-instantiable
    ^^^^^^^^^^^^^^^^^^^^^^^^^^^^^^
grpc._channel._InactiveRpcError: &lt;_InactiveRpcError of RPC that terminated with:
	status = StatusCode.DEADLINE_EXCEEDED
	details = "TimeoutError: locator.waitFor: Timeout 30000ms exceeded.
=========================== logs ===========================
waiting for locator('xpath=(//button[text()="Check in"])[1]') to be visible
============================================================"
	debug_error_string = "UNKNOWN:Error received from peer  {grpc_message:"TimeoutError: locator.waitFor: Timeout 30000ms exceeded.\n=========================== logs ===========================\nwaiting for locator(\'xpath=(//button[text()=\"Check in\"])[1]\') to be visible\n============================================================", grpc_status:4, created_time:"2023-10-30T18:06:41.245983863+00:00"}"
&gt;

During handling of the above exception, another exception occurred:

Traceback (most recent call last):
  File "/opt/hostedtoolcache/Python/3.11.6/x64/lib/python3.11/site-packages/Browser/browser.py", line 1096, in run_keyword
    raise e
  File "/opt/hostedtoolcache/Python/3.11.6/x64/lib/python3.11/site-packages/Browser/browser.py", line 1085, in run_keyword
    return DynamicCore.run_keyword(self, name, args, kwargs)
           ^^^^^^^^^^^^^^^^^^^^^^^^^^^^^^^^^^^^^^^^^^^^^^^^^
  File "/opt/hostedtoolcache/Python/3.11.6/x64/lib/python3.11/site-packages/robotlibcore.py", line 126, in run_keyword
    return self.keywords[name](*args, **(kwargs or {}))
           ^^^^^^^^^^^^^^^^^^^^^^^^^^^^^^^^^^^^^^^^^^^^
  File "/opt/hostedtoolcache/Python/3.11.6/x64/lib/python3.11/site-packages/Browser/keywords/waiter.py", line 102, in wait_for_elements_state
    return self._wait_for_elements_state(
           ^^^^^^^^^^^^^^^^^^^^^^^^^^^^^^
  File "/opt/hostedtoolcache/Python/3.11.6/x64/lib/python3.11/site-packages/Browser/keywords/waiter.py", line 135, in _wait_for_elements_state
    with self.playwright.grpc_channel() as stub:
  File "/opt/hostedtoolcache/Python/3.11.6/x64/lib/python3.11/contextlib.py", line 155, in __exit__
    self.gen.throw(typ, value, traceback)
  File "/opt/hostedtoolcache/Python/3.11.6/x64/lib/python3.11/site-packages/Browser/playwright.py", line 162, in grpc_channel
    raise AssertionError(error.details())
AssertionError: TimeoutError: locator.waitFor: Timeout 30000ms exceeded.
=========================== logs ===========================
waiting for locator('xpath=(//button[text()="Check in"])[1]') to be visible
============================================================
Tip: Use "Set Browser Timeout" for increasing the timeout or double check your locator as the targeted element(s) couldn't be found.</msg>
<status status="FAIL" starttime="20231030 18:06:11.242" endtime="20231030 18:06:41.405"/>
</kw>
<status status="FAIL" starttime="20231030 18:06:11.242" endtime="20231030 18:06:41.405"/>
</kw>
<kw name="Click" library="Browser">
<arg>(//button[text()="Check in"])[1]</arg>
<tag>PageContent</tag>
<tag>Setter</tag>
<doc>Simulates mouse click on the element found by ``selector``.</doc>
<status status="NOT RUN" starttime="20231030 18:06:41.405" endtime="20231030 18:06:41.405"/>
</kw>
<status status="FAIL" starttime="20231030 18:06:11.241" endtime="20231030 18:06:41.405"/>
</kw>
<kw name="Fill Check in Slide" library="booking">
<status status="NOT RUN" starttime="20231030 18:06:41.406" endtime="20231030 18:06:41.406"/>
</kw>
<kw name="Click Save and Sign Button and Sign if Required" library="booking">
<status status="NOT RUN" starttime="20231030 18:06:41.406" endtime="20231030 18:06:41.406"/>
</kw>
<kw name="Complete Check in" library="booking">
<status status="NOT RUN" starttime="20231030 18:06:41.406" endtime="20231030 18:06:41.406"/>
</kw>
<tag>smoke, booking, BUI2-556, online-checkin</tag>
<status status="FAIL" starttime="20231030 18:06:11.241" endtime="20231030 18:06:41.406">TimeoutError: locator.waitFor: Timeout 30000ms exceeded.
=========================== logs ===========================
waiting for locator('xpath=(//button[text()="Check in"])[1]') to be visible
============================================================
Tip: Use "Set Browser Timeout" for increasing the timeout or double check your locator as the targeted element(s) couldn't be found.</status>
</test>
<test id="s1-t7" name="Wait for Door Code and Verify Page" line="43">
<kw name="Wait Until Door Code is Available" library="checkin">
<msg timestamp="20231030 18:06:41.411" level="TRACE">Arguments: [  ]</msg>
<kw name="Set Browser Timeout" library="Browser">
<arg>5 minutes</arg>
<tag>Config</tag>
<tag>Setter</tag>
<doc>Sets the timeout used by most input and getter keywords.</doc>
<msg timestamp="20231030 18:06:41.411" level="TRACE">Arguments: [ datetime.timedelta(seconds=300) ]</msg>
<msg timestamp="20231030 18:06:41.413" level="INFO">Set timeout to: 300000</msg>
<msg timestamp="20231030 18:06:41.413" level="TRACE">Return: '30 seconds'</msg>
<status status="PASS" starttime="20231030 18:06:41.411" endtime="20231030 18:06:41.413"/>
</kw>
<kw name="Is Element Found" library="common">
<var>${availableInFound}</var>
<arg>//p[contains(text(), "Available in")]</arg>
<doc>A keyword that has a very complex way of figuring out whether an
element is found or not because I had trouble with the built-in keywords
Can be solved differently if you have a better idea</doc>
<msg timestamp="20231030 18:06:41.414" level="TRACE">Arguments: [ ${selector}='//p[contains(text(), "Available in")]' ]</msg>
<kw name="Set Browser Timeout" library="Browser">
<arg>10s</arg>
<tag>Config</tag>
<tag>Setter</tag>
<doc>Sets the timeout used by most input and getter keywords.</doc>
<msg timestamp="20231030 18:06:41.414" level="TRACE">Arguments: [ datetime.timedelta(seconds=10) ]</msg>
<msg timestamp="20231030 18:06:41.416" level="INFO">Set timeout to: 10000</msg>
<msg timestamp="20231030 18:06:41.416" level="TRACE">Return: '5 minutes'</msg>
<status status="PASS" starttime="20231030 18:06:41.414" endtime="20231030 18:06:41.416"/>
</kw>
<try>
<branch type="TRY">
<kw name="Get Elements" library="Browser">
<var>${els}</var>
<arg>${selector}</arg>
<tag>Getter</tag>
<tag>PageContent</tag>
<doc>Returns a reference to Playwright [https://playwright.dev/docs/api/class-locator|Locator]
for all matched elements by ``selector``.</doc>
<msg timestamp="20231030 18:06:41.417" level="TRACE">Arguments: [ '//p[contains(text(), "Available in")]' ]</msg>
<msg timestamp="20231030 18:06:51.423" level="INFO">Found  Locators successfully.</msg>
<msg timestamp="20231030 18:06:51.423" level="DEBUG">[]</msg>
<msg timestamp="20231030 18:06:51.423" level="TRACE">Return: []</msg>
<msg timestamp="20231030 18:06:51.423" level="INFO">${els} = []</msg>
<status status="PASS" starttime="20231030 18:06:41.417" endtime="20231030 18:06:51.423"/>
</kw>
<kw name="Get Length" library="BuiltIn">
<var>${count}</var>
<arg>${els}</arg>
<doc>Returns and logs the length of the given item as an integer.</doc>
<msg timestamp="20231030 18:06:51.424" level="TRACE">Arguments: [ [] ]</msg>
<msg timestamp="20231030 18:06:51.424" level="INFO">Length is 0</msg>
<msg timestamp="20231030 18:06:51.424" level="TRACE">Return: 0</msg>
<msg timestamp="20231030 18:06:51.424" level="INFO">${count} = 0</msg>
<status status="PASS" starttime="20231030 18:06:51.424" endtime="20231030 18:06:51.424"/>
</kw>
<if>
<branch type="IF" condition="${count} &gt; 0">
<kw name="Set Variable" library="BuiltIn">
<var>${visible}</var>
<arg>True</arg>
<doc>Returns the given values which can then be assigned to a variables.</doc>
<status status="NOT RUN" starttime="20231030 18:06:51.425" endtime="20231030 18:06:51.425"/>
</kw>
<status status="NOT RUN" starttime="20231030 18:06:51.425" endtime="20231030 18:06:51.425"/>
</branch>
<branch type="ELSE">
<kw name="Set Variable" library="BuiltIn">
<var>${visible}</var>
<arg>False</arg>
<doc>Returns the given values which can then be assigned to a variables.</doc>
<msg timestamp="20231030 18:06:51.426" level="TRACE">Arguments: [ 'False' ]</msg>
<msg timestamp="20231030 18:06:51.426" level="TRACE">Return: 'False'</msg>
<msg timestamp="20231030 18:06:51.426" level="INFO">${visible} = False</msg>
<status status="PASS" starttime="20231030 18:06:51.425" endtime="20231030 18:06:51.426"/>
</kw>
<status status="PASS" starttime="20231030 18:06:51.425" endtime="20231030 18:06:51.426"/>
</branch>
<status status="PASS" starttime="20231030 18:06:51.424" endtime="20231030 18:06:51.426"/>
</if>
<status status="PASS" starttime="20231030 18:06:41.417" endtime="20231030 18:06:51.426"/>
</branch>
<branch type="EXCEPT">
<kw name="Set Variable" library="BuiltIn">
<var>${visible}</var>
<arg>False</arg>
<doc>Returns the given values which can then be assigned to a variables.</doc>
<status status="NOT RUN" starttime="20231030 18:06:51.426" endtime="20231030 18:06:51.426"/>
</kw>
<status status="NOT RUN" starttime="20231030 18:06:51.426" endtime="20231030 18:06:51.426"/>
</branch>
<status status="PASS" starttime="20231030 18:06:41.417" endtime="20231030 18:06:51.427"/>
</try>
<kw name="Set Browser Timeout" library="Browser">
<arg>${timeout}</arg>
<tag>Config</tag>
<tag>Setter</tag>
<doc>Sets the timeout used by most input and getter keywords.</doc>
<msg timestamp="20231030 18:06:51.427" level="TRACE">Arguments: [ datetime.timedelta(seconds=30) ]</msg>
<msg timestamp="20231030 18:06:51.429" level="INFO">Set timeout to: 30000</msg>
<msg timestamp="20231030 18:06:51.429" level="TRACE">Return: '10 seconds'</msg>
<status status="PASS" starttime="20231030 18:06:51.427" endtime="20231030 18:06:51.429"/>
</kw>
<msg timestamp="20231030 18:06:51.430" level="TRACE">Return: 'False'</msg>
<msg timestamp="20231030 18:06:51.430" level="INFO">${availableInFound} = False</msg>
<status status="PASS" starttime="20231030 18:06:41.413" endtime="20231030 18:06:51.430"/>
</kw>
<while condition="${availableInFound}">
<iter>
<kw name="Sleep" library="BuiltIn">
<arg>15s</arg>
<doc>Pauses the test executed for the given time.</doc>
<status status="NOT RUN" starttime="20231030 18:06:51.430" endtime="20231030 18:06:51.430"/>
</kw>
<kw name="Reload" library="Browser">
<tag>BrowserControl</tag>
<tag>Setter</tag>
<doc>Reloads current active page.</doc>
<status status="NOT RUN" starttime="20231030 18:06:51.430" endtime="20231030 18:06:51.431"/>
</kw>
<kw name="Is Element Found" library="common">
<var>${availableInFound}</var>
<arg>//p[contains(text(), "Available in")]</arg>
<doc>A keyword that has a very complex way of figuring out whether an
element is found or not because I had trouble with the built-in keywords
Can be solved differently if you have a better idea</doc>
<status status="NOT RUN" starttime="20231030 18:06:51.431" endtime="20231030 18:06:51.431"/>
</kw>
<status status="NOT RUN" starttime="20231030 18:06:51.430" endtime="20231030 18:06:51.431"/>
</iter>
<status status="NOT RUN" starttime="20231030 18:06:51.430" endtime="20231030 18:06:51.431"/>
</while>
<kw name="Set Browser Timeout" library="Browser">
<arg>${timeout}</arg>
<tag>Config</tag>
<tag>Setter</tag>
<doc>Sets the timeout used by most input and getter keywords.</doc>
<msg timestamp="20231030 18:06:51.431" level="TRACE">Arguments: [ datetime.timedelta(seconds=30) ]</msg>
<msg timestamp="20231030 18:06:51.431" level="TRACE">Return: '30 seconds'</msg>
<status status="PASS" starttime="20231030 18:06:51.431" endtime="20231030 18:06:51.431"/>
</kw>
<kw name="Check for Payment Ok Modal" library="checkin">
<doc>Workaround to closing modal until it is fixed</doc>
<msg timestamp="20231030 18:06:51.432" level="TRACE">Arguments: [  ]</msg>
<kw name="Is Element Visible" library="common">
<var>${modalIsVisible}</var>
<arg>//section[contains(@class, 'chakra')]</arg>
<msg timestamp="20231030 18:06:51.432" level="TRACE">Arguments: [ ${selector}="//section[contains(@class, 'chakra')]" ]</msg>
<kw name="Get Element States" library="Browser">
<var>${isVisible}</var>
<arg>${selector}</arg>
<arg>then</arg>
<arg>bool(value &amp; visible)</arg>
<tag>Assertion</tag>
<tag>Getter</tag>
<tag>PageContent</tag>
<doc>Get the active states from the element found by ``selector``.</doc>
<msg timestamp="20231030 18:06:51.433" level="TRACE">Arguments: [ "//section[contains(@class, 'chakra')]" | &lt;AssertionOperator.then: 'then'&gt; | 'bool(value &amp; visible)' ]</msg>
<msg timestamp="20231030 18:06:51.685" level="DEBUG">States: 2</msg>
<msg timestamp="20231030 18:06:51.686" level="DEBUG">Assertion polling statistics:
First element asserted in: 0.2523658275604248 seconds
Total tries: 1
Elapsed time in retries 0.0 seconds</msg>
<msg timestamp="20231030 18:06:51.686" level="TRACE">Return: False</msg>
<msg timestamp="20231030 18:06:51.686" level="INFO">${isVisible} = False</msg>
<status status="PASS" starttime="20231030 18:06:51.432" endtime="20231030 18:06:51.686"/>
</kw>
<msg timestamp="20231030 18:06:51.686" level="TRACE">Return: False</msg>
<msg timestamp="20231030 18:06:51.686" level="INFO">${modalIsVisible} = False</msg>
<status status="PASS" starttime="20231030 18:06:51.432" endtime="20231030 18:06:51.686"/>
</kw>
<if>
<branch type="IF" condition="${modalIsVisible}">
<kw name="Click" library="Browser">
<arg>//button[contains(text(),'Ok')]</arg>
<tag>PageContent</tag>
<tag>Setter</tag>
<doc>Simulates mouse click on the element found by ``selector``.</doc>
<status status="NOT RUN" starttime="20231030 18:06:51.687" endtime="20231030 18:06:51.687"/>
</kw>
<status status="NOT RUN" starttime="20231030 18:06:51.686" endtime="20231030 18:06:51.687"/>
</branch>
<status status="PASS" starttime="20231030 18:06:51.686" endtime="20231030 18:06:51.687"/>
</if>
<msg timestamp="20231030 18:06:51.687" level="TRACE">Return: None</msg>
<status status="PASS" starttime="20231030 18:06:51.432" endtime="20231030 18:06:51.687"/>
</kw>
<msg timestamp="20231030 18:06:51.687" level="TRACE">Return: None</msg>
<status status="PASS" starttime="20231030 18:06:41.410" endtime="20231030 18:06:51.687"/>
</kw>
<kw name="Check Door Code and verify it is not empty" library="checkin">
<msg timestamp="20231030 18:06:51.688" level="TRACE">Arguments: [  ]</msg>
<kw name="Get Text" library="Browser">
<var>${doorCode}</var>
<arg>//*[contains(text(), "Door code")]/following-sibling::*</arg>
<tag>Assertion</tag>
<tag>Getter</tag>
<tag>PageContent</tag>
<doc>Returns text attribute of the element found by ``selector``.</doc>
<msg timestamp="20231030 18:06:51.688" level="TRACE">Arguments: [ '//*[contains(text(), "Door code")]/following-sibling::*' ]</msg>
<msg timestamp="20231030 18:07:21.846" level="DEBUG">Screenshot successfully captured to: /home/runner/work/nelson-test-automation/nelson-test-automation/reports/test4/browser/screenshot/fail-screenshot-5.png</msg>
<msg timestamp="20231030 18:07:21.847" level="INFO" html="true">&lt;/td&gt;&lt;/tr&gt;&lt;tr&gt;&lt;td colspan="3"&gt;&lt;a href="browser/screenshot/fail-screenshot-5.png" target="_blank"&gt;&lt;img src="browser/screenshot/fail-screenshot-5.png" width="800px"/&gt;&lt;/a&gt;</msg>
<msg timestamp="20231030 18:07:21.847" level="INFO">See also file:///home/runner/work/nelson-test-automation/nelson-test-automation/reports/test4/playwright-log.txt for additional details.</msg>
<msg timestamp="20231030 18:07:21.847" level="FAIL">TimeoutError: locator.elementHandle: Timeout 30000ms exceeded.
=========================== logs ===========================
waiting for locator('xpath=//*[contains(text(), "Door code")]/following-sibling::*')
============================================================
Tip: Use "Set Browser Timeout" for increasing the timeout or double check your locator as the targeted element(s) couldn't be found.</msg>
<msg timestamp="20231030 18:07:21.849" level="DEBUG">Traceback (most recent call last):
  File "/opt/hostedtoolcache/Python/3.11.6/x64/lib/python3.11/site-packages/Browser/playwright.py", line 158, in grpc_channel
    yield playwright_pb2_grpc.PlaywrightStub(self._channel)
  File "/opt/hostedtoolcache/Python/3.11.6/x64/lib/python3.11/site-packages/Browser/keywords/getters.py", line 193, in _get_text
    return stub.GetText(
           ^^^^^^^^^^^^^
  File "/opt/hostedtoolcache/Python/3.11.6/x64/lib/python3.11/site-packages/grpc/_channel.py", line 1161, in __call__
    return _end_unary_response_blocking(state, call, False, None)
           ^^^^^^^^^^^^^^^^^^^^^^^^^^^^^^^^^^^^^^^^^^^^^^^^^^^^^^
  File "/opt/hostedtoolcache/Python/3.11.6/x64/lib/python3.11/site-packages/grpc/_channel.py", line 1004, in _end_unary_response_blocking
    raise _InactiveRpcError(state)  # pytype: disable=not-instantiable
    ^^^^^^^^^^^^^^^^^^^^^^^^^^^^^^
grpc._channel._InactiveRpcError: &lt;_InactiveRpcError of RPC that terminated with:
	status = StatusCode.DEADLINE_EXCEEDED
	details = "TimeoutError: locator.elementHandle: Timeout 30000ms exceeded.
=========================== logs ===========================
waiting for locator('xpath=//*[contains(text(), "Door code")]/following-sibling::*')
============================================================"
	debug_error_string = "UNKNOWN:Error received from peer  {grpc_message:"TimeoutError: locator.elementHandle: Timeout 30000ms exceeded.\n=========================== logs ===========================\nwaiting for locator(\'xpath=//*[contains(text(), \"Door code\")]/following-sibling::*\')\n============================================================", grpc_status:4, created_time:"2023-10-30T18:07:21.691811082+00:00"}"
&gt;

During handling of the above exception, another exception occurred:

Traceback (most recent call last):
  File "/opt/hostedtoolcache/Python/3.11.6/x64/lib/python3.11/site-packages/Browser/browser.py", line 1096, in run_keyword
    raise e
  File "/opt/hostedtoolcache/Python/3.11.6/x64/lib/python3.11/site-packages/Browser/browser.py", line 1085, in run_keyword
    return DynamicCore.run_keyword(self, name, args, kwargs)
           ^^^^^^^^^^^^^^^^^^^^^^^^^^^^^^^^^^^^^^^^^^^^^^^^^
  File "/opt/hostedtoolcache/Python/3.11.6/x64/lib/python3.11/site-packages/robotlibcore.py", line 126, in run_keyword
    return self.keywords[name](*args, **(kwargs or {}))
           ^^^^^^^^^^^^^^^^^^^^^^^^^^^^^^^^^^^^^^^^^^^^
  File "/opt/hostedtoolcache/Python/3.11.6/x64/lib/python3.11/site-packages/Browser/assertion_engine.py", line 62, in with_assertion_polling
    raise e
  File "/opt/hostedtoolcache/Python/3.11.6/x64/lib/python3.11/site-packages/Browser/assertion_engine.py", line 55, in with_assertion_polling
    return wrapped(*args, **kwargs)
           ^^^^^^^^^^^^^^^^^^^^^^^^
  File "/opt/hostedtoolcache/Python/3.11.6/x64/lib/python3.11/site-packages/Browser/keywords/getters.py", line 178, in get_text
    response = self._get_text(selector)
               ^^^^^^^^^^^^^^^^^^^^^^^^
  File "/opt/hostedtoolcache/Python/3.11.6/x64/lib/python3.11/site-packages/Browser/keywords/getters.py", line 192, in _get_text
    with self.playwright.grpc_channel() as stub:
  File "/opt/hostedtoolcache/Python/3.11.6/x64/lib/python3.11/contextlib.py", line 155, in __exit__
    self.gen.throw(typ, value, traceback)
  File "/opt/hostedtoolcache/Python/3.11.6/x64/lib/python3.11/site-packages/Browser/playwright.py", line 162, in grpc_channel
    raise AssertionError(error.details())
AssertionError: TimeoutError: locator.elementHandle: Timeout 30000ms exceeded.
=========================== logs ===========================
waiting for locator('xpath=//*[contains(text(), "Door code")]/following-sibling::*')
============================================================
Tip: Use "Set Browser Timeout" for increasing the timeout or double check your locator as the targeted element(s) couldn't be found.</msg>
<status status="FAIL" starttime="20231030 18:06:51.688" endtime="20231030 18:07:21.849"/>
</kw>
<kw name="Is Element Found" library="common">
<var>${availableInFound}</var>
<arg>//p[contains(text(), "Available in")]</arg>
<doc>A keyword that has a very complex way of figuring out whether an
element is found or not because I had trouble with the built-in keywords
Can be solved differently if you have a better idea</doc>
<status status="NOT RUN" starttime="20231030 18:07:21.849" endtime="20231030 18:07:21.849"/>
</kw>
<if>
<branch type="IF" condition="${availableInFound} != 'True'">
<kw name="Should Be String" library="String">
<arg>${doorCode}</arg>
<doc>Fails if the given ``item`` is not a string.</doc>
<status status="NOT RUN" starttime="20231030 18:07:21.849" endtime="20231030 18:07:21.850"/>
</kw>
<status status="NOT RUN" starttime="20231030 18:07:21.849" endtime="20231030 18:07:21.850"/>
</branch>
<branch type="ELSE">
<kw name="Fail" library="BuiltIn">
<arg>Door code is not visible</arg>
<doc>Fails the test with the given message and optionally alters its tags.</doc>
<status status="NOT RUN" starttime="20231030 18:07:21.850" endtime="20231030 18:07:21.850"/>
</kw>
<status status="NOT RUN" starttime="20231030 18:07:21.850" endtime="20231030 18:07:21.850"/>
</branch>
<status status="NOT RUN" starttime="20231030 18:07:21.849" endtime="20231030 18:07:21.850"/>
</if>
<status status="FAIL" starttime="20231030 18:06:51.687" endtime="20231030 18:07:21.850"/>
</kw>
<kw name="Verify Page Elements after Check-in" library="checkin">
<status status="NOT RUN" starttime="20231030 18:07:21.850" endtime="20231030 18:07:21.851"/>
</kw>
<tag>smoke, booking, BUI2-556, online-checkin</tag>
<status status="FAIL" starttime="20231030 18:06:41.410" endtime="20231030 18:07:21.851">TimeoutError: locator.elementHandle: Timeout 30000ms exceeded.
=========================== logs ===========================
waiting for locator('xpath=//*[contains(text(), "Door code")]/following-sibling::*')
============================================================
Tip: Use "Set Browser Timeout" for increasing the timeout or double check your locator as the targeted element(s) couldn't be found.</status>
</test>
<kw name="Close Browser" library="Browser" type="TEARDOWN">
<tag>BrowserControl</tag>
<tag>Setter</tag>
<doc>Closes the current browser.</doc>
<msg timestamp="20231030 18:07:21.856" level="TRACE">Arguments: [  ]</msg>
<msg timestamp="20231030 18:07:22.093" level="INFO">Closed browser</msg>
<msg timestamp="20231030 18:07:22.093" level="TRACE">Return: None</msg>
<status status="PASS" starttime="20231030 18:07:21.856" endtime="20231030 18:07:22.093"/>
</kw>
<doc>Argument file for running tests on Omena test4 environment (test4)</doc>
<status status="FAIL" starttime="20231030 18:04:27.730" endtime="20231030 18:07:22.093"/>
</suite>
<statistics>
<total>
<stat pass="2" fail="5" skip="0">All Tests</stat>
</total>
<tag>
<stat pass="2" fail="5" skip="0">smoke, booking, BUI2-556, online-checkin</stat>
</tag>
<suite>
<stat pass="2" fail="5" skip="0" id="s1" name="Create Booking And Check In">Create Booking And Check In</stat>
</suite>
</statistics>
<errors>
</errors>
</robot>
