<?xml version="1.0" encoding="UTF-8"?>
<robot generator="Robot 5.0.1 (Python 3.10.12 on linux)" generated="20230709 07:05:31.725" rpa="false" schemaversion="3">
<suite id="s1" name="Testsuites" source="/home/runner/work/nelson-test-automation/nelson-test-automation/testsuites">
<suite id="s1-s1" name="BUI" source="/home/runner/work/nelson-test-automation/nelson-test-automation/testsuites/BUI">
<suite id="s1-s1-s1" name="Feature" source="/home/runner/work/nelson-test-automation/nelson-test-automation/testsuites/BUI/feature">
<suite id="s1-s1-s1-s1" name="Online Check In" source="/home/runner/work/nelson-test-automation/nelson-test-automation/testsuites/BUI/feature/online_check_in">
<suite id="s1-s1-s1-s1-s1" name="BUI2-556" source="/home/runner/work/nelson-test-automation/nelson-test-automation/testsuites/BUI/feature/online_check_in/BUI2-556.robot">
<kw name="Open Browser to Landing Page" library="common" type="SETUP">
<doc>A general startup keyword for opening a browser to the landing page.</doc>
<kw name="Open New Browser To URL" library="common">
<arg>${url}</arg>
<kw name="New Browser" library="Browser">
<arg>${browser}</arg>
<arg>${headless}</arg>
<arg>timeout=${timeout}</arg>
<tag>BrowserControl</tag>
<tag>Setter</tag>
<doc>Create a new playwright Browser with specified options.</doc>
<msg timestamp="20230709 07:05:32.750" level="INFO">{"browser": "firefox", "headless": true, "devtools": false, "handleSIGHUP": true, "handleSIGINT": true, "handleSIGTERM": true, "slowMo": 0.0, "timeout": 90000.0, "deprecated_pos_args": [], "tracesDir": "/home/runner/work/nelson-test-automation/nelson-test-automation/reports/test4/browser/traces/758a07e2-c7a4-44dd-aa15-d552c994488d"}</msg>
<msg timestamp="20230709 07:05:33.318" level="INFO">Successfully created browser with options: {"browser":"firefox","headless":true,"devtools":false,"handleSIGHUP":true,"handleSIGINT":true,"handleSIGTERM":true,"slowMo":0,"timeout":90000,"deprecated_pos_args":[],"tracesDir":"/home/runner/work/nelson-test-automation/nelson-test-automation/reports/test4/browser/traces/758a07e2-c7a4-44dd-aa15-d552c994488d"}</msg>
<status status="PASS" starttime="20230709 07:05:32.750" endtime="20230709 07:05:33.319"/>
</kw>
<kw name="Set Browser Timeout" library="Browser">
<arg>${timeout}</arg>
<tag>Config</tag>
<tag>Setter</tag>
<doc>Sets the timeout used by most input and getter keywords.</doc>
<msg timestamp="20230709 07:05:33.322" level="INFO">No context open.</msg>
<status status="PASS" starttime="20230709 07:05:33.319" endtime="20230709 07:05:33.322"/>
</kw>
<kw name="New Context" library="Browser">
<tag>BrowserControl</tag>
<tag>Setter</tag>
<doc>Create a new BrowserContext with specified options.</doc>
<msg timestamp="20230709 07:05:33.323" level="INFO">{
  "acceptDownloads": true,
  "bypassCSP": false,
  "forcedColors": "none",
  "hideRfBrowser": false,
  "ignoreHTTPSErrors": false,
  "javaScriptEnabled": true,
  "offline": false,
  "reducedMotion": "no-preference",
  "viewport": {
    "width": 1280,
    "height": 720
  },
  "deprecated_pos_args": []
}</msg>
<msg timestamp="20230709 07:05:33.375" level="INFO">Successfully created context. </msg>
<msg timestamp="20230709 07:05:33.375" level="INFO">{'acceptDownloads': True, 'bypassCSP': False, 'forcedColors': 'none', 'hideRfBrowser': False, 'ignoreHTTPSErrors': False, 'javaScriptEnabled': True, 'offline': False, 'reducedMotion': 'no-preference', 'viewport': {'width': 1280, 'height': 720}, 'deprecated_pos_args': []}</msg>
<status status="PASS" starttime="20230709 07:05:33.323" endtime="20230709 07:05:33.375"/>
</kw>
<kw name="New Page" library="Browser">
<arg>${url}</arg>
<tag>BrowserControl</tag>
<tag>Setter</tag>
<doc>Open a new Page.</doc>
<msg timestamp="20230709 07:05:37.372" level="INFO">Successfully initialized new page object and opened url: https://test4.omenahotels.com/</msg>
<status status="PASS" starttime="20230709 07:05:33.376" endtime="20230709 07:05:37.372"/>
</kw>
<status status="PASS" starttime="20230709 07:05:32.749" endtime="20230709 07:05:37.373"/>
</kw>
<kw name="Wait Until Network Is Idle" library="Browser">
<tag>HTTP</tag>
<tag>Wait</tag>
<doc>Waits until there has been at least one instance of 500 ms of no network traffic on the page after loading.</doc>
<status status="PASS" starttime="20230709 07:05:37.373" endtime="20230709 07:05:37.382"/>
</kw>
<kw name="Allow Cookies" library="common">
<doc>Allow Cookies/Toggle Cookie allowance</doc>
<kw name="Is Element Found" library="common">
<var>${cookieModalVisible}</var>
<arg>id=CybotCookiebotDialogBodyLevelButtonLevelOptinAllowAll</arg>
<doc>A keyword that has a very complex way of figuring out whether an
element is found or not because I had trouble with the built-in keywords
Can be solved differently if you have a better idea</doc>
<kw name="Set Browser Timeout" library="Browser">
<arg>10s</arg>
<tag>Config</tag>
<tag>Setter</tag>
<doc>Sets the timeout used by most input and getter keywords.</doc>
<msg timestamp="20230709 07:05:37.390" level="INFO">Set timeout to: 10000</msg>
<status status="PASS" starttime="20230709 07:05:37.383" endtime="20230709 07:05:37.390"/>
</kw>
<try>
<branch type="TRY">
<kw name="Get Elements" library="Browser">
<var>${els}</var>
<arg>${selector}</arg>
<tag>Getter</tag>
<tag>PageContent</tag>
<doc>Returns a reference to Playwright [https://playwright.dev/docs/api/class-locator|Locator]
for all matched elements by ``selector``.</doc>
<msg timestamp="20230709 07:05:37.457" level="INFO">Found 1 Locators successfully.</msg>
<msg timestamp="20230709 07:05:37.457" level="INFO">${els} = ['element=d61f71a6-8d4d-4710-931c-90572d82e2e6']</msg>
<status status="PASS" starttime="20230709 07:05:37.391" endtime="20230709 07:05:37.457"/>
</kw>
<kw name="Get Length" library="BuiltIn">
<var>${count}</var>
<arg>${els}</arg>
<doc>Returns and logs the length of the given item as an integer.</doc>
<msg timestamp="20230709 07:05:37.458" level="INFO">Length is 1</msg>
<msg timestamp="20230709 07:05:37.458" level="INFO">${count} = 1</msg>
<status status="PASS" starttime="20230709 07:05:37.458" endtime="20230709 07:05:37.458"/>
</kw>
<if>
<branch type="IF" condition="${count} &gt; 0">
<kw name="Set Variable" library="BuiltIn">
<var>${visible}</var>
<arg>True</arg>
<doc>Returns the given values which can then be assigned to a variables.</doc>
<msg timestamp="20230709 07:05:37.459" level="INFO">${visible} = True</msg>
<status status="PASS" starttime="20230709 07:05:37.459" endtime="20230709 07:05:37.459"/>
</kw>
<status status="PASS" starttime="20230709 07:05:37.458" endtime="20230709 07:05:37.459"/>
</branch>
<branch type="ELSE">
<kw name="Set Variable" library="BuiltIn">
<var>${visible}</var>
<arg>False</arg>
<doc>Returns the given values which can then be assigned to a variables.</doc>
<status status="NOT RUN" starttime="20230709 07:05:37.459" endtime="20230709 07:05:37.459"/>
</kw>
<status status="NOT RUN" starttime="20230709 07:05:37.459" endtime="20230709 07:05:37.459"/>
</branch>
<status status="PASS" starttime="20230709 07:05:37.458" endtime="20230709 07:05:37.459"/>
</if>
<status status="PASS" starttime="20230709 07:05:37.391" endtime="20230709 07:05:37.460"/>
</branch>
<branch type="EXCEPT">
<kw name="Set Variable" library="BuiltIn">
<var>${visible}</var>
<arg>False</arg>
<doc>Returns the given values which can then be assigned to a variables.</doc>
<status status="NOT RUN" starttime="20230709 07:05:37.460" endtime="20230709 07:05:37.460"/>
</kw>
<status status="NOT RUN" starttime="20230709 07:05:37.460" endtime="20230709 07:05:37.460"/>
</branch>
<status status="PASS" starttime="20230709 07:05:37.390" endtime="20230709 07:05:37.460"/>
</try>
<kw name="Set Browser Timeout" library="Browser">
<arg>${timeout}</arg>
<tag>Config</tag>
<tag>Setter</tag>
<doc>Sets the timeout used by most input and getter keywords.</doc>
<msg timestamp="20230709 07:05:37.464" level="INFO">Set timeout to: 90000</msg>
<status status="PASS" starttime="20230709 07:05:37.460" endtime="20230709 07:05:37.464"/>
</kw>
<msg timestamp="20230709 07:05:37.465" level="INFO">${cookieModalVisible} = True</msg>
<status status="PASS" starttime="20230709 07:05:37.383" endtime="20230709 07:05:37.465"/>
</kw>
<if>
<branch type="IF" condition="${cookieModalVisible}">
<kw name="Click" library="Browser">
<arg>id=CybotCookiebotDialogBodyLevelButtonLevelOptinAllowAll</arg>
<tag>PageContent</tag>
<tag>Setter</tag>
<doc>Simulates mouse click on the element found by ``selector``.</doc>
<status status="PASS" starttime="20230709 07:05:37.465" endtime="20230709 07:05:37.575"/>
</kw>
<status status="PASS" starttime="20230709 07:05:37.465" endtime="20230709 07:05:37.575"/>
</branch>
<branch type="ELSE">
<kw name="Log" library="BuiltIn">
<arg>No Cookie Modal Visible</arg>
<doc>Logs the given message with the given level.</doc>
<status status="NOT RUN" starttime="20230709 07:05:37.576" endtime="20230709 07:05:37.576"/>
</kw>
<status status="NOT RUN" starttime="20230709 07:05:37.576" endtime="20230709 07:05:37.576"/>
</branch>
<status status="PASS" starttime="20230709 07:05:37.465" endtime="20230709 07:05:37.576"/>
</if>
<status status="PASS" starttime="20230709 07:05:37.383" endtime="20230709 07:05:37.576"/>
</kw>
<kw name="Set Environment" library="common">
<kw name="Get Url" library="Browser">
<var>${currentUrl}</var>
<tag>Assertion</tag>
<tag>Getter</tag>
<tag>PageContent</tag>
<doc>Returns the current URL.</doc>
<msg timestamp="20230709 07:05:37.579" level="INFO">${currentUrl} = https://test4.omenahotels.com/en/</msg>
<status status="PASS" starttime="20230709 07:05:37.577" endtime="20230709 07:05:37.579"/>
</kw>
<kw name="Get Environment From Url" library="Helpers">
<var>${env}</var>
<arg>${currentUrl}</arg>
<msg timestamp="20230709 07:05:37.580" level="INFO">${env} = test-omena</msg>
<status status="PASS" starttime="20230709 07:05:37.579" endtime="20230709 07:05:37.580"/>
</kw>
<kw name="Set Variable" library="BuiltIn">
<arg>${environment}</arg>
<arg>${env}</arg>
<doc>Returns the given values which can then be assigned to a variables.</doc>
<status status="PASS" starttime="20230709 07:05:37.580" endtime="20230709 07:05:37.580"/>
</kw>
<status status="PASS" starttime="20230709 07:05:37.576" endtime="20230709 07:05:37.581"/>
</kw>
<status status="PASS" starttime="20230709 07:05:32.748" endtime="20230709 07:05:37.582"/>
</kw>
<test id="s1-s1-s1-s1-s1-t1" name="Select Hotel, Dates and Guests" line="14">
<kw name="Select Hotel" library="booking">
<arg>Helsinki, Lönnrotinkatu</arg>
<doc>Select Hotel by using a number as an argument, default Lönnrotinkatu</doc>
<if>
<branch type="IF" condition="&quot;${environment}&quot; == &quot;test-exhibition&quot;">
<kw name="Log" library="BuiltIn">
<arg>No hotel to be selected</arg>
<doc>Logs the given message with the given level.</doc>
<status status="NOT RUN" starttime="20230709 07:05:37.584" endtime="20230709 07:05:37.584"/>
</kw>
<status status="NOT RUN" starttime="20230709 07:05:37.584" endtime="20230709 07:05:37.584"/>
</branch>
<branch type="ELSE">
<kw name="Log" library="BuiltIn">
<arg>Selecting Hotel: ${hotel}</arg>
<doc>Logs the given message with the given level.</doc>
<msg timestamp="20230709 07:05:37.585" level="INFO">Selecting Hotel: Helsinki, Lönnrotinkatu</msg>
<status status="PASS" starttime="20230709 07:05:37.584" endtime="20230709 07:05:37.585"/>
</kw>
<kw name="Click" library="Browser">
<arg>//div[contains(@data-nelson-btn, "hotels")]</arg>
<tag>PageContent</tag>
<tag>Setter</tag>
<doc>Simulates mouse click on the element found by ``selector``.</doc>
<status status="PASS" starttime="20230709 07:05:37.585" endtime="20230709 07:05:37.721"/>
</kw>
<kw name="Wait Until Visible" library="common">
<arg>//a[contains(@class, 'dropdown-item') and contains(text(), '${hotel}')]</arg>
<doc>An easier keyword for waiting until an element is visible</doc>
<kw name="Wait For Elements State" library="Browser">
<arg>${element}</arg>
<arg>visible</arg>
<arg>timeout=${timeout}</arg>
<tag>PageContent</tag>
<tag>Wait</tag>
<doc>Waits for the element found by ``selector`` to satisfy state option.</doc>
<msg timestamp="20230709 07:05:37.731" level="INFO">Waited for Element with selector //a[contains(@class, 'dropdown-item') and contains(text(), 'Helsinki, Lönnrotinkatu')] at state visible</msg>
<status status="PASS" starttime="20230709 07:05:37.722" endtime="20230709 07:05:37.731"/>
</kw>
<status status="PASS" starttime="20230709 07:05:37.721" endtime="20230709 07:05:37.731"/>
</kw>
<kw name="Click" library="Browser">
<arg>//a[contains(@class, 'dropdown-item') and contains(text(), '${hotel}')]</arg>
<tag>PageContent</tag>
<tag>Setter</tag>
<doc>Simulates mouse click on the element found by ``selector``.</doc>
<status status="PASS" starttime="20230709 07:05:37.731" endtime="20230709 07:05:37.908"/>
</kw>
<kw name="Wait For Elements State" library="Browser">
<arg>//a[contains(@class, 'dropdown-item') and contains(text(), '${hotel}')]</arg>
<arg>hidden</arg>
<arg>timeout=3s</arg>
<tag>PageContent</tag>
<tag>Wait</tag>
<doc>Waits for the element found by ``selector`` to satisfy state option.</doc>
<msg timestamp="20230709 07:05:37.922" level="INFO">Waited for Element with selector //a[contains(@class, 'dropdown-item') and contains(text(), 'Helsinki, Lönnrotinkatu')] at state hidden</msg>
<status status="PASS" starttime="20230709 07:05:37.908" endtime="20230709 07:05:37.922"/>
</kw>
<status status="PASS" starttime="20230709 07:05:37.584" endtime="20230709 07:05:37.922"/>
</branch>
<status status="PASS" starttime="20230709 07:05:37.584" endtime="20230709 07:05:37.922"/>
</if>
<status status="PASS" starttime="20230709 07:05:37.583" endtime="20230709 07:05:37.922"/>
</kw>
<kw name="Select Dates" library="booking">
<kw name="Log" library="BuiltIn">
<arg>${EMPTY}</arg>
<doc>Logs the given message with the given level.</doc>
<msg timestamp="20230709 07:05:37.924" level="INFO"/>
<status status="PASS" starttime="20230709 07:05:37.923" endtime="20230709 07:05:37.924"/>
</kw>
<status status="PASS" starttime="20230709 07:05:37.923" endtime="20230709 07:05:37.924"/>
</kw>
<kw name="Select Guests" library="booking">
<doc>Selects the number of guests for the booking, current implementation will only check the dropdown</doc>
<kw name="Log To Console" library="BuiltIn">
<arg>${EMPTY}</arg>
<doc>Logs the given message to the console.</doc>
<status status="PASS" starttime="20230709 07:05:37.925" endtime="20230709 07:05:37.926"/>
</kw>
<status status="PASS" starttime="20230709 07:05:37.924" endtime="20230709 07:05:37.926"/>
</kw>
<tag>smoke, booking, BUI2-556, online-checkin</tag>
<status status="PASS" starttime="20230709 07:05:37.582" endtime="20230709 07:05:37.926"/>
</test>
<test id="s1-s1-s1-s1-s1-t2" name="Check Available Rooms and Select a Standard Room" line="19">
<kw name="Click Book Button">
<msg timestamp="20230709 07:05:37.939" level="FAIL">No keyword with name 'Click Book Button' found. Did you try using keyword 'Browser.Click' and forgot to use enough whitespace between keyword and arguments?</msg>
<status status="FAIL" starttime="20230709 07:05:37.939" endtime="20230709 07:05:37.939"/>
</kw>
<kw name="Select a Standard Room" library="booking">
<status status="NOT RUN" starttime="20230709 07:05:37.940" endtime="20230709 07:05:37.940"/>
</kw>
<tag>smoke, booking, BUI2-556, online-checkin</tag>
<status status="FAIL" starttime="20230709 07:05:37.930" endtime="20230709 07:05:37.940">No keyword with name 'Click Book Button' found. Did you try using keyword 'Browser.Click' and forgot to use enough whitespace between keyword and arguments?</status>
</test>
<test id="s1-s1-s1-s1-s1-t3" name="Continue to Extras and Select Join for Free" line="23">
<kw name="Click Continue to Extras Button" library="booking">
<doc>Clicks the continue to extras button</doc>
<kw name="Click" library="Browser">
<arg>${btnExtras}</arg>
<tag>PageContent</tag>
<tag>Setter</tag>
<doc>Simulates mouse click on the element found by ``selector``.</doc>
<msg timestamp="20230709 07:07:08.129" level="INFO" html="true">&lt;/td&gt;&lt;/tr&gt;&lt;tr&gt;&lt;td colspan="3"&gt;&lt;a href="browser/screenshot/fail-screenshot-1.png" target="_blank"&gt;&lt;img src="browser/screenshot/fail-screenshot-1.png" width="800px"/&gt;&lt;/a&gt;</msg>
<msg timestamp="20230709 07:07:08.129" level="INFO">See also file:///home/runner/work/nelson-test-automation/nelson-test-automation/reports/test4/playwright-log.txt for additional details.</msg>
<msg timestamp="20230709 07:07:08.129" level="FAIL">TimeoutError: locator.click: Timeout 90000ms exceeded.
=========================== logs ===========================
waiting for locator('xpath=(//div[contains(@view,"booking")]//button[contains(text(), "Continue to extras")])[1]')
============================================================
Tip: Use "Set Browser Timeout" for increasing the timeout or double check your locator as the targeted element(s) couldn't be found.</msg>
<status status="FAIL" starttime="20230709 07:05:37.944" endtime="20230709 07:07:08.154"/>
</kw>
<kw name="Wait Until Visible" library="common">
<arg>${btnPayment}</arg>
<doc>An easier keyword for waiting until an element is visible</doc>
<status status="NOT RUN" starttime="20230709 07:07:08.154" endtime="20230709 07:07:08.154"/>
</kw>
<status status="FAIL" starttime="20230709 07:05:37.943" endtime="20230709 07:07:08.155"/>
</kw>
<kw name="Continue to Payment" library="booking">
<status status="NOT RUN" starttime="20230709 07:07:08.155" endtime="20230709 07:07:08.155"/>
</kw>
<kw name="Select Join for Free" library="booking">
<status status="NOT RUN" starttime="20230709 07:07:08.156" endtime="20230709 07:07:08.156"/>
</kw>
<tag>smoke, booking, BUI2-556, online-checkin</tag>
<status status="FAIL" starttime="20230709 07:05:37.943" endtime="20230709 07:07:08.156">TimeoutError: locator.click: Timeout 90000ms exceeded.
=========================== logs ===========================
waiting for locator('xpath=(//div[contains(@view,"booking")]//button[contains(text(), "Continue to extras")])[1]')
============================================================
Tip: Use "Set Browser Timeout" for increasing the timeout or double check your locator as the targeted element(s) couldn't be found.</status>
</test>
<test id="s1-s1-s1-s1-s1-t4" name="Fill in Booker Contact Information" line="28">
<kw name="Fill in Contact Information" library="booking">
<doc>Fills in Contact information that can be given as arguments or use default values
Uses a password if the environment is bui and</doc>
<kw name="Create Email and Return Inbox" library="common">
<var>${inbox}</var>
<doc>Creates a new email address and returns the inbox object</doc>
<kw name="Create new Inbox" library="MailSlurp">
<var>${inbox}</var>
<msg timestamp="20230709 07:07:08.554" level="FAIL">TypeError: expected string or bytes-like object</msg>
<status status="FAIL" starttime="20230709 07:07:08.163" endtime="20230709 07:07:08.588"/>
</kw>
<status status="FAIL" starttime="20230709 07:07:08.163" endtime="20230709 07:07:08.588"/>
</kw>
<kw name="Click and Fill" library="common">
<arg>id=firstName</arg>
<arg>${firstName}</arg>
<doc>A keyword combination of Click and Fill Text since most of the form fields need a click</doc>
<status status="NOT RUN" starttime="20230709 07:07:08.589" endtime="20230709 07:07:08.589"/>
</kw>
<kw name="Click and Fill" library="common">
<arg>id=lastName</arg>
<arg>${lastName}</arg>
<doc>A keyword combination of Click and Fill Text since most of the form fields need a click</doc>
<status status="NOT RUN" starttime="20230709 07:07:08.589" endtime="20230709 07:07:08.589"/>
</kw>
<kw name="Click and Fill" library="common">
<arg>id=email</arg>
<arg>${inbox.email_address}</arg>
<doc>A keyword combination of Click and Fill Text since most of the form fields need a click</doc>
<status status="NOT RUN" starttime="20230709 07:07:08.589" endtime="20230709 07:07:08.589"/>
</kw>
<kw name="Click and Fill" library="common">
<arg>id=phoneNumber</arg>
<arg>${phone}</arg>
<doc>A keyword combination of Click and Fill Text since most of the form fields need a click</doc>
<status status="NOT RUN" starttime="20230709 07:07:08.590" endtime="20230709 07:07:08.590"/>
</kw>
<kw name="Log To Console" library="BuiltIn">
<arg>${inbox.id}</arg>
<doc>Logs the given message to the console.</doc>
<status status="NOT RUN" starttime="20230709 07:07:08.590" endtime="20230709 07:07:08.590"/>
</kw>
<kw name="Set Suite Variable" library="BuiltIn">
<arg>$ID</arg>
<arg>${inbox.id}</arg>
<doc>Makes a variable available everywhere within the scope of the current suite.</doc>
<status status="NOT RUN" starttime="20230709 07:07:08.590" endtime="20230709 07:07:08.590"/>
</kw>
<kw name="Get Element Count" library="Browser">
<var>${passwordVisible}</var>
<arg>id=password</arg>
<tag>Assertion</tag>
<tag>Getter</tag>
<tag>PageContent</tag>
<doc>Returns the count of elements found with ``selector``.</doc>
<status status="NOT RUN" starttime="20230709 07:07:08.590" endtime="20230709 07:07:08.590"/>
</kw>
<if>
<branch type="IF" condition="'${env}'=='bui' and '${passwordVisible}'&gt;'0'">
<kw name="Click and Fill" library="common">
<arg>id=password</arg>
<arg>${password}</arg>
<doc>A keyword combination of Click and Fill Text since most of the form fields need a click</doc>
<status status="NOT RUN" starttime="20230709 07:07:08.591" endtime="20230709 07:07:08.591"/>
</kw>
<status status="NOT RUN" starttime="20230709 07:07:08.591" endtime="20230709 07:07:08.591"/>
</branch>
<branch type="ELSE">
<kw name="Log To Console" library="BuiltIn">
<arg>No password filled</arg>
<doc>Logs the given message to the console.</doc>
<status status="NOT RUN" starttime="20230709 07:07:08.591" endtime="20230709 07:07:08.591"/>
</kw>
<status status="NOT RUN" starttime="20230709 07:07:08.591" endtime="20230709 07:07:08.591"/>
</branch>
<status status="NOT RUN" starttime="20230709 07:07:08.590" endtime="20230709 07:07:08.591"/>
</if>
<status status="FAIL" starttime="20230709 07:07:08.163" endtime="20230709 07:07:08.592"/>
</kw>
<kw name="Accept offers and Terms" library="booking">
<status status="NOT RUN" starttime="20230709 07:07:08.592" endtime="20230709 07:07:08.592"/>
</kw>
<tag>smoke, booking, BUI2-556, online-checkin</tag>
<status status="FAIL" starttime="20230709 07:07:08.162" endtime="20230709 07:07:08.592">TypeError: expected string or bytes-like object</status>
</test>
<test id="s1-s1-s1-s1-s1-t5" name="Pay using Web Bank and Nordea" line="32">
<kw name="Select Web Bank and Nordea as Payment Method" library="booking">
<kw name="Click" library="Browser">
<arg>//div[contains(text(), "Web bank payment")]</arg>
<tag>PageContent</tag>
<tag>Setter</tag>
<doc>Simulates mouse click on the element found by ``selector``.</doc>
<msg timestamp="20230709 07:08:38.752" level="INFO" html="true">&lt;/td&gt;&lt;/tr&gt;&lt;tr&gt;&lt;td colspan="3"&gt;&lt;a href="browser/screenshot/fail-screenshot-2.png" target="_blank"&gt;&lt;img src="browser/screenshot/fail-screenshot-2.png" width="800px"/&gt;&lt;/a&gt;</msg>
<msg timestamp="20230709 07:08:38.752" level="INFO">See also file:///home/runner/work/nelson-test-automation/nelson-test-automation/reports/test4/playwright-log.txt for additional details.</msg>
<msg timestamp="20230709 07:08:38.752" level="FAIL">TimeoutError: locator.click: Timeout 90000ms exceeded.
=========================== logs ===========================
waiting for locator('xpath=//div[contains(text(), "Web bank payment")]')
============================================================
Tip: Use "Set Browser Timeout" for increasing the timeout or double check your locator as the targeted element(s) couldn't be found.</msg>
<status status="FAIL" starttime="20230709 07:07:08.597" endtime="20230709 07:08:38.753"/>
</kw>
<kw name="Click" library="Browser">
<arg>//p[contains(text(), 'Nordea')]</arg>
<tag>PageContent</tag>
<tag>Setter</tag>
<doc>Simulates mouse click on the element found by ``selector``.</doc>
<status status="NOT RUN" starttime="20230709 07:08:38.753" endtime="20230709 07:08:38.753"/>
</kw>
<kw name="Click" library="Browser">
<arg>(//div[contains(@view,"payment")]//button[contains(text(), "Pay")])[1]</arg>
<tag>PageContent</tag>
<tag>Setter</tag>
<doc>Simulates mouse click on the element found by ``selector``.</doc>
<status status="NOT RUN" starttime="20230709 07:08:38.754" endtime="20230709 07:08:38.754"/>
</kw>
<status status="FAIL" starttime="20230709 07:07:08.596" endtime="20230709 07:08:38.754"/>
</kw>
<kw name="Complete Payment Successfully" library="booking">
<status status="NOT RUN" starttime="20230709 07:08:38.755" endtime="20230709 07:08:38.755"/>
</kw>
<tag>smoke, booking, BUI2-556, online-checkin</tag>
<status status="FAIL" starttime="20230709 07:07:08.596" endtime="20230709 07:08:38.755">TimeoutError: locator.click: Timeout 90000ms exceeded.
=========================== logs ===========================
waiting for locator('xpath=//div[contains(text(), "Web bank payment")]')
============================================================
Tip: Use "Set Browser Timeout" for increasing the timeout or double check your locator as the targeted element(s) couldn't be found.</status>
</test>
<test id="s1-s1-s1-s1-s1-t6" name="Check In Online" line="36">
<kw name="Click Check In Button" library="booking">
<kw name="Wait Until Visible" library="common">
<arg>(//button[text()="Check in"])[1]</arg>
<doc>An easier keyword for waiting until an element is visible</doc>
<kw name="Wait For Elements State" library="Browser">
<arg>${element}</arg>
<arg>visible</arg>
<arg>timeout=${timeout}</arg>
<tag>PageContent</tag>
<tag>Wait</tag>
<doc>Waits for the element found by ``selector`` to satisfy state option.</doc>
<msg timestamp="20230709 07:10:08.919" level="INFO" html="true">&lt;/td&gt;&lt;/tr&gt;&lt;tr&gt;&lt;td colspan="3"&gt;&lt;a href="browser/screenshot/fail-screenshot-3.png" target="_blank"&gt;&lt;img src="browser/screenshot/fail-screenshot-3.png" width="800px"/&gt;&lt;/a&gt;</msg>
<msg timestamp="20230709 07:10:08.919" level="INFO">See also file:///home/runner/work/nelson-test-automation/nelson-test-automation/reports/test4/playwright-log.txt for additional details.</msg>
<msg timestamp="20230709 07:10:08.919" level="FAIL">TimeoutError: locator.waitFor: Timeout 90000ms exceeded.
=========================== logs ===========================
waiting for locator('xpath=(//button[text()="Check in"])[1]') to be visible
============================================================
Tip: Use "Set Browser Timeout" for increasing the timeout or double check your locator as the targeted element(s) couldn't be found.</msg>
<status status="FAIL" starttime="20230709 07:08:38.760" endtime="20230709 07:10:08.920"/>
</kw>
<status status="FAIL" starttime="20230709 07:08:38.759" endtime="20230709 07:10:08.921"/>
</kw>
<kw name="Click" library="Browser">
<arg>(//button[text()="Check in"])[1]</arg>
<tag>PageContent</tag>
<tag>Setter</tag>
<doc>Simulates mouse click on the element found by ``selector``.</doc>
<status status="NOT RUN" starttime="20230709 07:10:08.921" endtime="20230709 07:10:08.921"/>
</kw>
<status status="FAIL" starttime="20230709 07:08:38.759" endtime="20230709 07:10:08.922"/>
</kw>
<kw name="Fill Check in Slide" library="booking">
<status status="NOT RUN" starttime="20230709 07:10:08.922" endtime="20230709 07:10:08.922"/>
</kw>
<kw name="Click Save and Sign Button and Sign if Required" library="booking">
<status status="NOT RUN" starttime="20230709 07:10:08.922" endtime="20230709 07:10:08.922"/>
</kw>
<kw name="Complete Check in" library="booking">
<status status="NOT RUN" starttime="20230709 07:10:08.922" endtime="20230709 07:10:08.922"/>
</kw>
<tag>smoke, booking, BUI2-556, online-checkin</tag>
<status status="FAIL" starttime="20230709 07:08:38.758" endtime="20230709 07:10:08.923">TimeoutError: locator.waitFor: Timeout 90000ms exceeded.
=========================== logs ===========================
waiting for locator('xpath=(//button[text()="Check in"])[1]') to be visible
============================================================
Tip: Use "Set Browser Timeout" for increasing the timeout or double check your locator as the targeted element(s) couldn't be found.</status>
</test>
<test id="s1-s1-s1-s1-s1-t7" name="Wait for Door Code and Verify Page" line="42">
<kw name="Wait Until Door Code is Available" library="checkin">
<kw name="Set Browser Timeout" library="Browser">
<arg>5 minutes</arg>
<tag>Config</tag>
<tag>Setter</tag>
<doc>Sets the timeout used by most input and getter keywords.</doc>
<msg timestamp="20230709 07:10:08.929" level="INFO">Set timeout to: 300000</msg>
<status status="PASS" starttime="20230709 07:10:08.927" endtime="20230709 07:10:08.929"/>
</kw>
<kw name="Is Element Found" library="common">
<var>${availableInFound}</var>
<arg>//p[contains(text(), "Available in")]</arg>
<doc>A keyword that has a very complex way of figuring out whether an
element is found or not because I had trouble with the built-in keywords
Can be solved differently if you have a better idea</doc>
<kw name="Set Browser Timeout" library="Browser">
<arg>10s</arg>
<tag>Config</tag>
<tag>Setter</tag>
<doc>Sets the timeout used by most input and getter keywords.</doc>
<msg timestamp="20230709 07:10:08.934" level="INFO">Set timeout to: 10000</msg>
<status status="PASS" starttime="20230709 07:10:08.932" endtime="20230709 07:10:08.935"/>
</kw>
<try>
<branch type="TRY">
<kw name="Get Elements" library="Browser">
<var>${els}</var>
<arg>${selector}</arg>
<tag>Getter</tag>
<tag>PageContent</tag>
<doc>Returns a reference to Playwright [https://playwright.dev/docs/api/class-locator|Locator]
for all matched elements by ``selector``.</doc>
<msg timestamp="20230709 07:10:18.940" level="INFO">Found 0 Locators successfully.</msg>
<msg timestamp="20230709 07:10:18.941" level="INFO">${els} = []</msg>
<status status="PASS" starttime="20230709 07:10:08.935" endtime="20230709 07:10:18.941"/>
</kw>
<kw name="Get Length" library="BuiltIn">
<var>${count}</var>
<arg>${els}</arg>
<doc>Returns and logs the length of the given item as an integer.</doc>
<msg timestamp="20230709 07:10:18.941" level="INFO">Length is 0</msg>
<msg timestamp="20230709 07:10:18.941" level="INFO">${count} = 0</msg>
<status status="PASS" starttime="20230709 07:10:18.941" endtime="20230709 07:10:18.941"/>
</kw>
<if>
<branch type="IF" condition="${count} &gt; 0">
<kw name="Set Variable" library="BuiltIn">
<var>${visible}</var>
<arg>True</arg>
<doc>Returns the given values which can then be assigned to a variables.</doc>
<status status="NOT RUN" starttime="20230709 07:10:18.942" endtime="20230709 07:10:18.942"/>
</kw>
<status status="NOT RUN" starttime="20230709 07:10:18.942" endtime="20230709 07:10:18.942"/>
</branch>
<branch type="ELSE">
<kw name="Set Variable" library="BuiltIn">
<var>${visible}</var>
<arg>False</arg>
<doc>Returns the given values which can then be assigned to a variables.</doc>
<msg timestamp="20230709 07:10:18.943" level="INFO">${visible} = False</msg>
<status status="PASS" starttime="20230709 07:10:18.942" endtime="20230709 07:10:18.943"/>
</kw>
<status status="PASS" starttime="20230709 07:10:18.942" endtime="20230709 07:10:18.943"/>
</branch>
<status status="PASS" starttime="20230709 07:10:18.942" endtime="20230709 07:10:18.943"/>
</if>
<status status="PASS" starttime="20230709 07:10:08.935" endtime="20230709 07:10:18.943"/>
</branch>
<branch type="EXCEPT">
<kw name="Set Variable" library="BuiltIn">
<var>${visible}</var>
<arg>False</arg>
<doc>Returns the given values which can then be assigned to a variables.</doc>
<status status="NOT RUN" starttime="20230709 07:10:18.943" endtime="20230709 07:10:18.943"/>
</kw>
<status status="NOT RUN" starttime="20230709 07:10:18.943" endtime="20230709 07:10:18.943"/>
</branch>
<status status="PASS" starttime="20230709 07:10:08.935" endtime="20230709 07:10:18.943"/>
</try>
<kw name="Set Browser Timeout" library="Browser">
<arg>${timeout}</arg>
<tag>Config</tag>
<tag>Setter</tag>
<doc>Sets the timeout used by most input and getter keywords.</doc>
<msg timestamp="20230709 07:10:18.946" level="INFO">Set timeout to: 90000</msg>
<status status="PASS" starttime="20230709 07:10:18.944" endtime="20230709 07:10:18.946"/>
</kw>
<msg timestamp="20230709 07:10:18.947" level="INFO">${availableInFound} = False</msg>
<status status="PASS" starttime="20230709 07:10:08.929" endtime="20230709 07:10:18.947"/>
</kw>
<while condition="${availableInFound}">
<iter>
<kw name="Sleep" library="BuiltIn">
<arg>15s</arg>
<doc>Pauses the test executed for the given time.</doc>
<status status="NOT RUN" starttime="20230709 07:10:18.947" endtime="20230709 07:10:18.947"/>
</kw>
<kw name="Reload" library="Browser">
<tag>BrowserControl</tag>
<tag>Setter</tag>
<doc>Reloads current active page.</doc>
<status status="NOT RUN" starttime="20230709 07:10:18.947" endtime="20230709 07:10:18.947"/>
</kw>
<kw name="Is Element Found" library="common">
<var>${availableInFound}</var>
<arg>//p[contains(text(), "Available in")]</arg>
<doc>A keyword that has a very complex way of figuring out whether an
element is found or not because I had trouble with the built-in keywords
Can be solved differently if you have a better idea</doc>
<status status="NOT RUN" starttime="20230709 07:10:18.948" endtime="20230709 07:10:18.948"/>
</kw>
<status status="NOT RUN" starttime="20230709 07:10:18.947" endtime="20230709 07:10:18.948"/>
</iter>
<status status="NOT RUN" starttime="20230709 07:10:18.947" endtime="20230709 07:10:18.948"/>
</while>
<kw name="Set Browser Timeout" library="Browser">
<arg>${timeout}</arg>
<tag>Config</tag>
<tag>Setter</tag>
<doc>Sets the timeout used by most input and getter keywords.</doc>
<status status="PASS" starttime="20230709 07:10:18.948" endtime="20230709 07:10:18.948"/>
</kw>
<kw name="Check for Payment Ok Modal" library="checkin">
<doc>Workaround to closing modal until it is fixed</doc>
<kw name="Is Element Visible" library="common">
<var>${modalIsVisible}</var>
<arg>//section[contains(@class, 'chakra')]</arg>
<kw name="Get Element States" library="Browser">
<var>${isVisible}</var>
<arg>${selector}</arg>
<arg>then</arg>
<arg>bool(value &amp; visible)</arg>
<tag>Assertion</tag>
<tag>Getter</tag>
<tag>PageContent</tag>
<doc>Get the active states from the element found by ``selector``.</doc>
<msg timestamp="20230709 07:10:19.202" level="INFO">${isVisible} = False</msg>
<status status="PASS" starttime="20230709 07:10:18.949" endtime="20230709 07:10:19.202"/>
</kw>
<msg timestamp="20230709 07:10:19.202" level="INFO">${modalIsVisible} = False</msg>
<status status="PASS" starttime="20230709 07:10:18.949" endtime="20230709 07:10:19.202"/>
</kw>
<if>
<branch type="IF" condition="${modalIsVisible}">
<kw name="Click" library="Browser">
<arg>//button[contains(text(),'Ok')]</arg>
<tag>PageContent</tag>
<tag>Setter</tag>
<doc>Simulates mouse click on the element found by ``selector``.</doc>
<status status="NOT RUN" starttime="20230709 07:10:19.203" endtime="20230709 07:10:19.203"/>
</kw>
<status status="NOT RUN" starttime="20230709 07:10:19.203" endtime="20230709 07:10:19.203"/>
</branch>
<status status="PASS" starttime="20230709 07:10:19.202" endtime="20230709 07:10:19.203"/>
</if>
<status status="PASS" starttime="20230709 07:10:18.949" endtime="20230709 07:10:19.203"/>
</kw>
<status status="PASS" starttime="20230709 07:10:08.926" endtime="20230709 07:10:19.203"/>
</kw>
<kw name="Check Door Code and verify it is not empty" library="checkin">
<kw name="Get Text" library="Browser">
<var>${doorCode}</var>
<arg>//*[contains(text(), "Door code")]/following-sibling::*</arg>
<tag>Assertion</tag>
<tag>Getter</tag>
<tag>PageContent</tag>
<doc>Returns text attribute of the element found by ``selector``.</doc>
<msg timestamp="20230709 07:11:49.361" level="INFO" html="true">&lt;/td&gt;&lt;/tr&gt;&lt;tr&gt;&lt;td colspan="3"&gt;&lt;a href="browser/screenshot/fail-screenshot-4.png" target="_blank"&gt;&lt;img src="browser/screenshot/fail-screenshot-4.png" width="800px"/&gt;&lt;/a&gt;</msg>
<msg timestamp="20230709 07:11:49.361" level="INFO">See also file:///home/runner/work/nelson-test-automation/nelson-test-automation/reports/test4/playwright-log.txt for additional details.</msg>
<msg timestamp="20230709 07:11:49.362" level="FAIL">TimeoutError: locator.elementHandle: Timeout 90000ms exceeded.
=========================== logs ===========================
waiting for locator('xpath=//*[contains(text(), "Door code")]/following-sibling::*')
============================================================
Tip: Use "Set Browser Timeout" for increasing the timeout or double check your locator as the targeted element(s) couldn't be found.</msg>
<status status="FAIL" starttime="20230709 07:10:19.204" endtime="20230709 07:11:49.362"/>
</kw>
<kw name="Is Element Found" library="common">
<var>${availableInFound}</var>
<arg>//p[contains(text(), "Available in")]</arg>
<doc>A keyword that has a very complex way of figuring out whether an
element is found or not because I had trouble with the built-in keywords
Can be solved differently if you have a better idea</doc>
<status status="NOT RUN" starttime="20230709 07:11:49.363" endtime="20230709 07:11:49.363"/>
</kw>
<if>
<branch type="IF" condition="${availableInFound} != 'True'">
<kw name="Should Be String" library="String">
<arg>${doorCode}</arg>
<doc>Fails if the given ``item`` is not a string.</doc>
<status status="NOT RUN" starttime="20230709 07:11:49.363" endtime="20230709 07:11:49.363"/>
</kw>
<status status="NOT RUN" starttime="20230709 07:11:49.363" endtime="20230709 07:11:49.363"/>
</branch>
<branch type="ELSE">
<kw name="Fail" library="BuiltIn">
<arg>Door code is not visible</arg>
<doc>Fails the test with the given message and optionally alters its tags.</doc>
<status status="NOT RUN" starttime="20230709 07:11:49.364" endtime="20230709 07:11:49.364"/>
</kw>
<status status="NOT RUN" starttime="20230709 07:11:49.363" endtime="20230709 07:11:49.364"/>
</branch>
<status status="NOT RUN" starttime="20230709 07:11:49.363" endtime="20230709 07:11:49.364"/>
</if>
<status status="FAIL" starttime="20230709 07:10:19.204" endtime="20230709 07:11:49.364"/>
</kw>
<kw name="Verify Page Elements after Check-in" library="checkin">
<status status="NOT RUN" starttime="20230709 07:11:49.365" endtime="20230709 07:11:49.365"/>
</kw>
<tag>smoke, booking, BUI2-556, online-checkin</tag>
<status status="FAIL" starttime="20230709 07:10:08.926" endtime="20230709 07:11:49.365">TimeoutError: locator.elementHandle: Timeout 90000ms exceeded.
=========================== logs ===========================
waiting for locator('xpath=//*[contains(text(), "Door code")]/following-sibling::*')
============================================================
Tip: Use "Set Browser Timeout" for increasing the timeout or double check your locator as the targeted element(s) couldn't be found.</status>
</test>
<kw name="Close Browser" library="Browser" type="TEARDOWN">
<tag>BrowserControl</tag>
<tag>Setter</tag>
<doc>Closes the current browser.</doc>
<msg timestamp="20230709 07:11:49.587" level="INFO">Closed browser</msg>
<status status="PASS" starttime="20230709 07:11:49.372" endtime="20230709 07:11:49.587"/>
</kw>
<doc>This is a test suite for booking a room and checking in online</doc>
<status status="FAIL" starttime="20230709 07:05:31.750" endtime="20230709 07:11:49.587"/>
</suite>
<suite id="s1-s1-s1-s1-s2" name="BUI2-557" source="/home/runner/work/nelson-test-automation/nelson-test-automation/testsuites/BUI/feature/online_check_in/BUI2-557.robot">
<test id="s1-s1-s1-s1-s2-t1" name="Create a new Booking" line="11">
<kw name="Open Browser to Landing Page" library="common" type="SETUP">
<doc>A general startup keyword for opening a browser to the landing page.</doc>
<kw name="Open New Browser To URL" library="common">
<arg>${url}</arg>
<kw name="New Browser" library="Browser">
<arg>${browser}</arg>
<arg>${headless}</arg>
<arg>timeout=${timeout}</arg>
<tag>BrowserControl</tag>
<tag>Setter</tag>
<doc>Create a new playwright Browser with specified options.</doc>
<msg timestamp="20230709 07:11:49.611" level="INFO">{"browser": "firefox", "headless": true, "devtools": false, "handleSIGHUP": true, "handleSIGINT": true, "handleSIGTERM": true, "slowMo": 0.0, "timeout": 90000.0, "deprecated_pos_args": [], "tracesDir": "/home/runner/work/nelson-test-automation/nelson-test-automation/reports/test4/browser/traces/6d5f3f14-f2f6-4dca-844c-614c0f08873e"}</msg>
<msg timestamp="20230709 07:11:50.139" level="INFO">Successfully created browser with options: {"browser":"firefox","headless":true,"devtools":false,"handleSIGHUP":true,"handleSIGINT":true,"handleSIGTERM":true,"slowMo":0,"timeout":90000,"deprecated_pos_args":[],"tracesDir":"/home/runner/work/nelson-test-automation/nelson-test-automation/reports/test4/browser/traces/6d5f3f14-f2f6-4dca-844c-614c0f08873e"}</msg>
<status status="PASS" starttime="20230709 07:11:49.610" endtime="20230709 07:11:50.139"/>
</kw>
<kw name="Set Browser Timeout" library="Browser">
<arg>${timeout}</arg>
<tag>Config</tag>
<tag>Setter</tag>
<doc>Sets the timeout used by most input and getter keywords.</doc>
<msg timestamp="20230709 07:11:50.143" level="INFO">No context open.</msg>
<status status="PASS" starttime="20230709 07:11:50.140" endtime="20230709 07:11:50.143"/>
</kw>
<kw name="New Context" library="Browser">
<tag>BrowserControl</tag>
<tag>Setter</tag>
<doc>Create a new BrowserContext with specified options.</doc>
<msg timestamp="20230709 07:11:50.144" level="INFO">{
  "acceptDownloads": true,
  "bypassCSP": false,
  "forcedColors": "none",
  "hideRfBrowser": false,
  "ignoreHTTPSErrors": false,
  "javaScriptEnabled": true,
  "offline": false,
  "reducedMotion": "no-preference",
  "viewport": {
    "width": 1280,
    "height": 720
  },
  "deprecated_pos_args": []
}</msg>
<msg timestamp="20230709 07:11:50.207" level="INFO">Successfully created context. </msg>
<msg timestamp="20230709 07:11:50.207" level="INFO">{'acceptDownloads': True, 'bypassCSP': False, 'forcedColors': 'none', 'hideRfBrowser': False, 'ignoreHTTPSErrors': False, 'javaScriptEnabled': True, 'offline': False, 'reducedMotion': 'no-preference', 'viewport': {'width': 1280, 'height': 720}, 'deprecated_pos_args': []}</msg>
<status status="PASS" starttime="20230709 07:11:50.143" endtime="20230709 07:11:50.208"/>
</kw>
<kw name="New Page" library="Browser">
<arg>${url}</arg>
<tag>BrowserControl</tag>
<tag>Setter</tag>
<doc>Open a new Page.</doc>
<msg timestamp="20230709 07:11:52.960" level="INFO">Successfully initialized new page object and opened url: https://test4.omenahotels.com/</msg>
<status status="PASS" starttime="20230709 07:11:50.208" endtime="20230709 07:11:52.960"/>
</kw>
<status status="PASS" starttime="20230709 07:11:49.610" endtime="20230709 07:11:52.960"/>
</kw>
<kw name="Wait Until Network Is Idle" library="Browser">
<tag>HTTP</tag>
<tag>Wait</tag>
<doc>Waits until there has been at least one instance of 500 ms of no network traffic on the page after loading.</doc>
<status status="PASS" starttime="20230709 07:11:52.961" endtime="20230709 07:11:53.688"/>
</kw>
<kw name="Allow Cookies" library="common">
<doc>Allow Cookies/Toggle Cookie allowance</doc>
<kw name="Is Element Found" library="common">
<var>${cookieModalVisible}</var>
<arg>id=CybotCookiebotDialogBodyLevelButtonLevelOptinAllowAll</arg>
<doc>A keyword that has a very complex way of figuring out whether an
element is found or not because I had trouble with the built-in keywords
Can be solved differently if you have a better idea</doc>
<kw name="Set Browser Timeout" library="Browser">
<arg>10s</arg>
<tag>Config</tag>
<tag>Setter</tag>
<doc>Sets the timeout used by most input and getter keywords.</doc>
<msg timestamp="20230709 07:11:53.691" level="INFO">Set timeout to: 10000</msg>
<status status="PASS" starttime="20230709 07:11:53.689" endtime="20230709 07:11:53.691"/>
</kw>
<try>
<branch type="TRY">
<kw name="Get Elements" library="Browser">
<var>${els}</var>
<arg>${selector}</arg>
<tag>Getter</tag>
<tag>PageContent</tag>
<doc>Returns a reference to Playwright [https://playwright.dev/docs/api/class-locator|Locator]
for all matched elements by ``selector``.</doc>
<msg timestamp="20230709 07:11:53.733" level="INFO">Found 1 Locators successfully.</msg>
<msg timestamp="20230709 07:11:53.734" level="INFO">${els} = ['element=1653e93b-e7d0-46c8-9887-d18683966b03']</msg>
<status status="PASS" starttime="20230709 07:11:53.692" endtime="20230709 07:11:53.734"/>
</kw>
<kw name="Get Length" library="BuiltIn">
<var>${count}</var>
<arg>${els}</arg>
<doc>Returns and logs the length of the given item as an integer.</doc>
<msg timestamp="20230709 07:11:53.734" level="INFO">Length is 1</msg>
<msg timestamp="20230709 07:11:53.734" level="INFO">${count} = 1</msg>
<status status="PASS" starttime="20230709 07:11:53.734" endtime="20230709 07:11:53.734"/>
</kw>
<if>
<branch type="IF" condition="${count} &gt; 0">
<kw name="Set Variable" library="BuiltIn">
<var>${visible}</var>
<arg>True</arg>
<doc>Returns the given values which can then be assigned to a variables.</doc>
<msg timestamp="20230709 07:11:53.735" level="INFO">${visible} = True</msg>
<status status="PASS" starttime="20230709 07:11:53.735" endtime="20230709 07:11:53.735"/>
</kw>
<status status="PASS" starttime="20230709 07:11:53.735" endtime="20230709 07:11:53.735"/>
</branch>
<branch type="ELSE">
<kw name="Set Variable" library="BuiltIn">
<var>${visible}</var>
<arg>False</arg>
<doc>Returns the given values which can then be assigned to a variables.</doc>
<status status="NOT RUN" starttime="20230709 07:11:53.735" endtime="20230709 07:11:53.735"/>
</kw>
<status status="NOT RUN" starttime="20230709 07:11:53.735" endtime="20230709 07:11:53.736"/>
</branch>
<status status="PASS" starttime="20230709 07:11:53.734" endtime="20230709 07:11:53.736"/>
</if>
<status status="PASS" starttime="20230709 07:11:53.692" endtime="20230709 07:11:53.736"/>
</branch>
<branch type="EXCEPT">
<kw name="Set Variable" library="BuiltIn">
<var>${visible}</var>
<arg>False</arg>
<doc>Returns the given values which can then be assigned to a variables.</doc>
<status status="NOT RUN" starttime="20230709 07:11:53.736" endtime="20230709 07:11:53.736"/>
</kw>
<status status="NOT RUN" starttime="20230709 07:11:53.736" endtime="20230709 07:11:53.736"/>
</branch>
<status status="PASS" starttime="20230709 07:11:53.691" endtime="20230709 07:11:53.736"/>
</try>
<kw name="Set Browser Timeout" library="Browser">
<arg>${timeout}</arg>
<tag>Config</tag>
<tag>Setter</tag>
<doc>Sets the timeout used by most input and getter keywords.</doc>
<msg timestamp="20230709 07:11:53.739" level="INFO">Set timeout to: 90000</msg>
<status status="PASS" starttime="20230709 07:11:53.736" endtime="20230709 07:11:53.739"/>
</kw>
<msg timestamp="20230709 07:11:53.739" level="INFO">${cookieModalVisible} = True</msg>
<status status="PASS" starttime="20230709 07:11:53.689" endtime="20230709 07:11:53.739"/>
</kw>
<if>
<branch type="IF" condition="${cookieModalVisible}">
<kw name="Click" library="Browser">
<arg>id=CybotCookiebotDialogBodyLevelButtonLevelOptinAllowAll</arg>
<tag>PageContent</tag>
<tag>Setter</tag>
<doc>Simulates mouse click on the element found by ``selector``.</doc>
<status status="PASS" starttime="20230709 07:11:53.740" endtime="20230709 07:11:53.812"/>
</kw>
<status status="PASS" starttime="20230709 07:11:53.739" endtime="20230709 07:11:53.812"/>
</branch>
<branch type="ELSE">
<kw name="Log" library="BuiltIn">
<arg>No Cookie Modal Visible</arg>
<doc>Logs the given message with the given level.</doc>
<status status="NOT RUN" starttime="20230709 07:11:53.813" endtime="20230709 07:11:53.813"/>
</kw>
<status status="NOT RUN" starttime="20230709 07:11:53.812" endtime="20230709 07:11:53.813"/>
</branch>
<status status="PASS" starttime="20230709 07:11:53.739" endtime="20230709 07:11:53.813"/>
</if>
<status status="PASS" starttime="20230709 07:11:53.688" endtime="20230709 07:11:53.813"/>
</kw>
<kw name="Set Environment" library="common">
<kw name="Get Url" library="Browser">
<var>${currentUrl}</var>
<tag>Assertion</tag>
<tag>Getter</tag>
<tag>PageContent</tag>
<doc>Returns the current URL.</doc>
<msg timestamp="20230709 07:11:53.816" level="INFO">${currentUrl} = https://test4.omenahotels.com/en/</msg>
<status status="PASS" starttime="20230709 07:11:53.814" endtime="20230709 07:11:53.816"/>
</kw>
<kw name="Get Environment From Url" library="Helpers">
<var>${env}</var>
<arg>${currentUrl}</arg>
<msg timestamp="20230709 07:11:53.817" level="INFO">${env} = test-omena</msg>
<status status="PASS" starttime="20230709 07:11:53.817" endtime="20230709 07:11:53.818"/>
</kw>
<kw name="Set Variable" library="BuiltIn">
<arg>${environment}</arg>
<arg>${env}</arg>
<doc>Returns the given values which can then be assigned to a variables.</doc>
<status status="PASS" starttime="20230709 07:11:53.818" endtime="20230709 07:11:53.819"/>
</kw>
<status status="PASS" starttime="20230709 07:11:53.813" endtime="20230709 07:11:53.819"/>
</kw>
<status status="PASS" starttime="20230709 07:11:49.609" endtime="20230709 07:11:53.819"/>
</kw>
<kw name="Select Hotel" library="booking">
<arg>Helsinki, Lönnrotinkatu</arg>
<doc>Select Hotel by using a number as an argument, default Lönnrotinkatu</doc>
<if>
<branch type="IF" condition="&quot;${environment}&quot; == &quot;test-exhibition&quot;">
<kw name="Log" library="BuiltIn">
<arg>No hotel to be selected</arg>
<doc>Logs the given message with the given level.</doc>
<status status="NOT RUN" starttime="20230709 07:11:53.820" endtime="20230709 07:11:53.820"/>
</kw>
<status status="NOT RUN" starttime="20230709 07:11:53.820" endtime="20230709 07:11:53.820"/>
</branch>
<branch type="ELSE">
<kw name="Log" library="BuiltIn">
<arg>Selecting Hotel: ${hotel}</arg>
<doc>Logs the given message with the given level.</doc>
<msg timestamp="20230709 07:11:53.820" level="INFO">Selecting Hotel: Helsinki, Lönnrotinkatu</msg>
<status status="PASS" starttime="20230709 07:11:53.820" endtime="20230709 07:11:53.820"/>
</kw>
<kw name="Click" library="Browser">
<arg>//div[contains(@data-nelson-btn, "hotels")]</arg>
<tag>PageContent</tag>
<tag>Setter</tag>
<doc>Simulates mouse click on the element found by ``selector``.</doc>
<status status="PASS" starttime="20230709 07:11:53.821" endtime="20230709 07:11:53.914"/>
</kw>
<kw name="Wait Until Visible" library="common">
<arg>//a[contains(@class, 'dropdown-item') and contains(text(), '${hotel}')]</arg>
<doc>An easier keyword for waiting until an element is visible</doc>
<kw name="Wait For Elements State" library="Browser">
<arg>${element}</arg>
<arg>visible</arg>
<arg>timeout=${timeout}</arg>
<tag>PageContent</tag>
<tag>Wait</tag>
<doc>Waits for the element found by ``selector`` to satisfy state option.</doc>
<msg timestamp="20230709 07:11:53.922" level="INFO">Waited for Element with selector //a[contains(@class, 'dropdown-item') and contains(text(), 'Helsinki, Lönnrotinkatu')] at state visible</msg>
<status status="PASS" starttime="20230709 07:11:53.915" endtime="20230709 07:11:53.923"/>
</kw>
<status status="PASS" starttime="20230709 07:11:53.915" endtime="20230709 07:11:53.923"/>
</kw>
<kw name="Click" library="Browser">
<arg>//a[contains(@class, 'dropdown-item') and contains(text(), '${hotel}')]</arg>
<tag>PageContent</tag>
<tag>Setter</tag>
<doc>Simulates mouse click on the element found by ``selector``.</doc>
<status status="PASS" starttime="20230709 07:11:53.923" endtime="20230709 07:11:54.209"/>
</kw>
<kw name="Wait For Elements State" library="Browser">
<arg>//a[contains(@class, 'dropdown-item') and contains(text(), '${hotel}')]</arg>
<arg>hidden</arg>
<arg>timeout=3s</arg>
<tag>PageContent</tag>
<tag>Wait</tag>
<doc>Waits for the element found by ``selector`` to satisfy state option.</doc>
<msg timestamp="20230709 07:11:54.240" level="INFO">Waited for Element with selector //a[contains(@class, 'dropdown-item') and contains(text(), 'Helsinki, Lönnrotinkatu')] at state hidden</msg>
<status status="PASS" starttime="20230709 07:11:54.209" endtime="20230709 07:11:54.241"/>
</kw>
<status status="PASS" starttime="20230709 07:11:53.820" endtime="20230709 07:11:54.241"/>
</branch>
<status status="PASS" starttime="20230709 07:11:53.819" endtime="20230709 07:11:54.241"/>
</if>
<status status="PASS" starttime="20230709 07:11:53.819" endtime="20230709 07:11:54.241"/>
</kw>
<kw name="Select Dates" library="booking">
<kw name="Log" library="BuiltIn">
<arg>${EMPTY}</arg>
<doc>Logs the given message with the given level.</doc>
<msg timestamp="20230709 07:11:54.244" level="INFO"/>
<status status="PASS" starttime="20230709 07:11:54.242" endtime="20230709 07:11:54.244"/>
</kw>
<status status="PASS" starttime="20230709 07:11:54.241" endtime="20230709 07:11:54.244"/>
</kw>
<kw name="Select Guests" library="booking">
<doc>Selects the number of guests for the booking, current implementation will only check the dropdown</doc>
<kw name="Log To Console" library="BuiltIn">
<arg>${EMPTY}</arg>
<doc>Logs the given message to the console.</doc>
<status status="PASS" starttime="20230709 07:11:54.245" endtime="20230709 07:11:54.246"/>
</kw>
<status status="PASS" starttime="20230709 07:11:54.244" endtime="20230709 07:11:54.246"/>
</kw>
<kw name="Click Book or Find Rooms Button" library="booking">
<kw name="Get Url" library="Browser">
<var>${url}</var>
<tag>Assertion</tag>
<tag>Getter</tag>
<tag>PageContent</tag>
<doc>Returns the current URL.</doc>
<msg timestamp="20230709 07:11:54.251" level="INFO">${url} = https://test4.omenahotels.com/en/#</msg>
<status status="PASS" starttime="20230709 07:11:54.248" endtime="20230709 07:11:54.251"/>
</kw>
<kw name="Check If String Contains" library="common">
<var>${booking}</var>
<arg>${url}</arg>
<arg>/booking/</arg>
<kw name="Check If String Contains Substring" library="Helpers">
<var>${contains}</var>
<arg>${string}</arg>
<arg>${substring}</arg>
<msg timestamp="20230709 07:11:54.252" level="INFO">${contains} = False</msg>
<status status="PASS" starttime="20230709 07:11:54.252" endtime="20230709 07:11:54.252"/>
</kw>
<msg timestamp="20230709 07:11:54.252" level="INFO">${booking} = False</msg>
<status status="PASS" starttime="20230709 07:11:54.251" endtime="20230709 07:11:54.252"/>
</kw>
<if>
<branch type="IF" condition="${booking} == True">
<kw name="Click" library="Browser">
<arg>//button[contains(@class, 'booking-form-button') and contains(text(), 'Find rooms')]</arg>
<tag>PageContent</tag>
<tag>Setter</tag>
<doc>Simulates mouse click on the element found by ``selector``.</doc>
<status status="NOT RUN" starttime="20230709 07:11:54.253" endtime="20230709 07:11:54.253"/>
</kw>
<status status="NOT RUN" starttime="20230709 07:11:54.253" endtime="20230709 07:11:54.253"/>
</branch>
<branch type="ELSE">
<kw name="Click" library="Browser">
<arg>//button[contains(@class, 'booking-form-button') and contains(text(), 'Book')]</arg>
<tag>PageContent</tag>
<tag>Setter</tag>
<doc>Simulates mouse click on the element found by ``selector``.</doc>
<status status="PASS" starttime="20230709 07:11:54.254" endtime="20230709 07:11:54.730"/>
</kw>
<status status="PASS" starttime="20230709 07:11:54.253" endtime="20230709 07:11:54.730"/>
</branch>
<status status="PASS" starttime="20230709 07:11:54.252" endtime="20230709 07:11:54.730"/>
</if>
<status status="PASS" starttime="20230709 07:11:54.246" endtime="20230709 07:11:54.730"/>
</kw>
<kw name="Select a Standard Room" library="booking">
<kw name="Wait Until Visible" library="common">
<arg>${btnExtras}</arg>
<doc>An easier keyword for waiting until an element is visible</doc>
<kw name="Wait For Elements State" library="Browser">
<arg>${element}</arg>
<arg>visible</arg>
<arg>timeout=${timeout}</arg>
<tag>PageContent</tag>
<tag>Wait</tag>
<doc>Waits for the element found by ``selector`` to satisfy state option.</doc>
<msg timestamp="20230709 07:11:57.955" level="INFO">Waited for Element with selector (//div[contains(@view,"booking")]//button[contains(text(), "Continue to extras")])[1] at state visible</msg>
<status status="PASS" starttime="20230709 07:11:54.731" endtime="20230709 07:11:57.955"/>
</kw>
<status status="PASS" starttime="20230709 07:11:54.731" endtime="20230709 07:11:57.956"/>
</kw>
<kw name="Get Element States" library="Browser">
<var>${visible}</var>
<arg>//div[contains(text(), 'Select room')]</arg>
<arg>then</arg>
<arg>bool(value &amp; visible)</arg>
<tag>Assertion</tag>
<tag>Getter</tag>
<tag>PageContent</tag>
<doc>Get the active states from the element found by ``selector``.</doc>
<msg timestamp="20230709 07:11:58.208" level="INFO">${visible} = False</msg>
<status status="PASS" starttime="20230709 07:11:57.956" endtime="20230709 07:11:58.208"/>
</kw>
<kw name="Run Keyword If" library="BuiltIn">
<arg>${visible}</arg>
<arg>Select Standard and Remove Other Room Selection</arg>
<doc>Runs the given keyword with the given arguments, if ``condition`` is true.</doc>
<status status="PASS" starttime="20230709 07:11:58.209" endtime="20230709 07:11:58.209"/>
</kw>
<status status="PASS" starttime="20230709 07:11:54.730" endtime="20230709 07:11:58.209"/>
</kw>
<kw name="Click Continue to Extras Button" library="booking">
<doc>Clicks the continue to extras button</doc>
<kw name="Click" library="Browser">
<arg>${btnExtras}</arg>
<tag>PageContent</tag>
<tag>Setter</tag>
<doc>Simulates mouse click on the element found by ``selector``.</doc>
<status status="PASS" starttime="20230709 07:11:58.210" endtime="20230709 07:12:03.688"/>
</kw>
<kw name="Wait Until Visible" library="common">
<arg>${btnPayment}</arg>
<doc>An easier keyword for waiting until an element is visible</doc>
<kw name="Wait For Elements State" library="Browser">
<arg>${element}</arg>
<arg>visible</arg>
<arg>timeout=${timeout}</arg>
<tag>PageContent</tag>
<tag>Wait</tag>
<doc>Waits for the element found by ``selector`` to satisfy state option.</doc>
<msg timestamp="20230709 07:12:05.045" level="INFO">Waited for Element with selector (//div[contains(@view,"extras")]//button[contains(text(), "Continue to payment")])[1] at state visible</msg>
<status status="PASS" starttime="20230709 07:12:03.689" endtime="20230709 07:12:05.045"/>
</kw>
<status status="PASS" starttime="20230709 07:12:03.688" endtime="20230709 07:12:05.045"/>
</kw>
<status status="PASS" starttime="20230709 07:11:58.209" endtime="20230709 07:12:05.046"/>
</kw>
<kw name="Click Continue to Payment" library="booking">
<kw name="Click First Element Found" library="common">
<arg>//div[@class='css-1t415z1']//button[@type='button'][normalize-space()='Continue to payment']</arg>
<kw name="Get Elements" library="Browser">
<var>${elements}</var>
<arg>${xpath}</arg>
<tag>Getter</tag>
<tag>PageContent</tag>
<doc>Returns a reference to Playwright [https://playwright.dev/docs/api/class-locator|Locator]
for all matched elements by ``selector``.</doc>
<msg timestamp="20230709 07:12:05.055" level="INFO">Found 1 Locators successfully.</msg>
<msg timestamp="20230709 07:12:05.055" level="INFO">${elements} = ['element=aa0ce4ea-d396-4942-9fcd-acf686651741']</msg>
<status status="PASS" starttime="20230709 07:12:05.047" endtime="20230709 07:12:05.055"/>
</kw>
<kw name="Set Variable" library="BuiltIn">
<var>${first_element}</var>
<arg>${elements}[0]</arg>
<doc>Returns the given values which can then be assigned to a variables.</doc>
<msg timestamp="20230709 07:12:05.056" level="INFO">${first_element} = element=aa0ce4ea-d396-4942-9fcd-acf686651741</msg>
<status status="PASS" starttime="20230709 07:12:05.056" endtime="20230709 07:12:05.056"/>
</kw>
<kw name="Click" library="Browser">
<arg>${first_element}</arg>
<tag>PageContent</tag>
<tag>Setter</tag>
<doc>Simulates mouse click on the element found by ``selector``.</doc>
<status status="PASS" starttime="20230709 07:12:05.056" endtime="20230709 07:12:05.180"/>
</kw>
<status status="PASS" starttime="20230709 07:12:05.046" endtime="20230709 07:12:05.181"/>
</kw>
<status status="PASS" starttime="20230709 07:12:05.046" endtime="20230709 07:12:05.181"/>
</kw>
<kw name="Check Regular Rate 2" library="booking">
<kw name="Check Regular Rate" library="booking">
<kw name="Click" library="Browser">
<arg>//p[contains(text(),'Continue with regular rate')]</arg>
<tag>PageContent</tag>
<tag>Setter</tag>
<doc>Simulates mouse click on the element found by ``selector``.</doc>
<status status="PASS" starttime="20230709 07:12:05.182" endtime="20230709 07:12:06.643"/>
</kw>
<kw name="Wait Until Visible" library="common">
<arg>//div//*[normalize-space()='Continue with regular rate']/following-sibling::div[@data-checked]</arg>
<doc>An easier keyword for waiting until an element is visible</doc>
<kw name="Wait For Elements State" library="Browser">
<arg>${element}</arg>
<arg>visible</arg>
<arg>timeout=${timeout}</arg>
<tag>PageContent</tag>
<tag>Wait</tag>
<doc>Waits for the element found by ``selector`` to satisfy state option.</doc>
<msg timestamp="20230709 07:12:06.768" level="INFO">Waited for Element with selector //div//*[normalize-space()='Continue with regular rate']/following-sibling::div[@data-checked] at state visible</msg>
<status status="PASS" starttime="20230709 07:12:06.644" endtime="20230709 07:12:06.768"/>
</kw>
<status status="PASS" starttime="20230709 07:12:06.644" endtime="20230709 07:12:06.769"/>
</kw>
<status status="PASS" starttime="20230709 07:12:05.182" endtime="20230709 07:12:06.769"/>
</kw>
<kw name="Check Join as Member" library="booking">
<kw name="Click" library="Browser">
<arg>//p[contains(text(),'Join for free and')]</arg>
<tag>PageContent</tag>
<tag>Setter</tag>
<doc>Simulates mouse click on the element found by ``selector``.</doc>
<status status="PASS" starttime="20230709 07:12:06.770" endtime="20230709 07:12:07.026"/>
</kw>
<kw name="Wait Until Visible" library="common">
<arg>//div//*[normalize-space()='Join for free and get the member rate']/following-sibling::div[@data-checked]</arg>
<doc>An easier keyword for waiting until an element is visible</doc>
<kw name="Wait For Elements State" library="Browser">
<arg>${element}</arg>
<arg>visible</arg>
<arg>timeout=${timeout}</arg>
<tag>PageContent</tag>
<tag>Wait</tag>
<doc>Waits for the element found by ``selector`` to satisfy state option.</doc>
<msg timestamp="20230709 07:12:07.039" level="INFO">Waited for Element with selector //div//*[normalize-space()='Join for free and get the member rate']/following-sibling::div[@data-checked] at state visible</msg>
<status status="PASS" starttime="20230709 07:12:07.026" endtime="20230709 07:12:07.039"/>
</kw>
<status status="PASS" starttime="20230709 07:12:07.026" endtime="20230709 07:12:07.039"/>
</kw>
<status status="PASS" starttime="20230709 07:12:06.769" endtime="20230709 07:12:07.039"/>
</kw>
<kw name="Check Regular Rate" library="booking">
<kw name="Click" library="Browser">
<arg>//p[contains(text(),'Continue with regular rate')]</arg>
<tag>PageContent</tag>
<tag>Setter</tag>
<doc>Simulates mouse click on the element found by ``selector``.</doc>
<status status="PASS" starttime="20230709 07:12:07.040" endtime="20230709 07:12:07.259"/>
</kw>
<kw name="Wait Until Visible" library="common">
<arg>//div//*[normalize-space()='Continue with regular rate']/following-sibling::div[@data-checked]</arg>
<doc>An easier keyword for waiting until an element is visible</doc>
<kw name="Wait For Elements State" library="Browser">
<arg>${element}</arg>
<arg>visible</arg>
<arg>timeout=${timeout}</arg>
<tag>PageContent</tag>
<tag>Wait</tag>
<doc>Waits for the element found by ``selector`` to satisfy state option.</doc>
<msg timestamp="20230709 07:12:07.308" level="INFO">Waited for Element with selector //div//*[normalize-space()='Continue with regular rate']/following-sibling::div[@data-checked] at state visible</msg>
<status status="PASS" starttime="20230709 07:12:07.259" endtime="20230709 07:12:07.309"/>
</kw>
<status status="PASS" starttime="20230709 07:12:07.259" endtime="20230709 07:12:07.309"/>
</kw>
<status status="PASS" starttime="20230709 07:12:07.040" endtime="20230709 07:12:07.309"/>
</kw>
<kw name="Check Join as Member" library="booking">
<kw name="Click" library="Browser">
<arg>//p[contains(text(),'Join for free and')]</arg>
<tag>PageContent</tag>
<tag>Setter</tag>
<doc>Simulates mouse click on the element found by ``selector``.</doc>
<status status="PASS" starttime="20230709 07:12:07.310" endtime="20230709 07:12:07.541"/>
</kw>
<kw name="Wait Until Visible" library="common">
<arg>//div//*[normalize-space()='Join for free and get the member rate']/following-sibling::div[@data-checked]</arg>
<doc>An easier keyword for waiting until an element is visible</doc>
<kw name="Wait For Elements State" library="Browser">
<arg>${element}</arg>
<arg>visible</arg>
<arg>timeout=${timeout}</arg>
<tag>PageContent</tag>
<tag>Wait</tag>
<doc>Waits for the element found by ``selector`` to satisfy state option.</doc>
<msg timestamp="20230709 07:12:07.761" level="INFO">Waited for Element with selector //div//*[normalize-space()='Join for free and get the member rate']/following-sibling::div[@data-checked] at state visible</msg>
<status status="PASS" starttime="20230709 07:12:07.542" endtime="20230709 07:12:07.761"/>
</kw>
<status status="PASS" starttime="20230709 07:12:07.541" endtime="20230709 07:12:07.762"/>
</kw>
<status status="PASS" starttime="20230709 07:12:07.309" endtime="20230709 07:12:07.762"/>
</kw>
<kw name="Check Regular Rate" library="booking">
<kw name="Click" library="Browser">
<arg>//p[contains(text(),'Continue with regular rate')]</arg>
<tag>PageContent</tag>
<tag>Setter</tag>
<doc>Simulates mouse click on the element found by ``selector``.</doc>
<status status="PASS" starttime="20230709 07:12:07.763" endtime="20230709 07:12:07.935"/>
</kw>
<kw name="Wait Until Visible" library="common">
<arg>//div//*[normalize-space()='Continue with regular rate']/following-sibling::div[@data-checked]</arg>
<doc>An easier keyword for waiting until an element is visible</doc>
<kw name="Wait For Elements State" library="Browser">
<arg>${element}</arg>
<arg>visible</arg>
<arg>timeout=${timeout}</arg>
<tag>PageContent</tag>
<tag>Wait</tag>
<doc>Waits for the element found by ``selector`` to satisfy state option.</doc>
<msg timestamp="20230709 07:12:07.958" level="INFO">Waited for Element with selector //div//*[normalize-space()='Continue with regular rate']/following-sibling::div[@data-checked] at state visible</msg>
<status status="PASS" starttime="20230709 07:12:07.936" endtime="20230709 07:12:07.958"/>
</kw>
<status status="PASS" starttime="20230709 07:12:07.935" endtime="20230709 07:12:07.959"/>
</kw>
<status status="PASS" starttime="20230709 07:12:07.762" endtime="20230709 07:12:07.959"/>
</kw>
<status status="PASS" starttime="20230709 07:12:05.181" endtime="20230709 07:12:07.959"/>
</kw>
<kw name="Fill in Contact Information" library="booking">
<doc>Fills in Contact information that can be given as arguments or use default values
Uses a password if the environment is bui and</doc>
<kw name="Create Email and Return Inbox" library="common">
<var>${inbox}</var>
<doc>Creates a new email address and returns the inbox object</doc>
<kw name="Create new Inbox" library="MailSlurp">
<var>${inbox}</var>
<msg timestamp="20230709 07:12:08.353" level="FAIL">TypeError: expected string or bytes-like object</msg>
<status status="FAIL" starttime="20230709 07:12:07.960" endtime="20230709 07:12:08.354"/>
</kw>
<status status="FAIL" starttime="20230709 07:12:07.960" endtime="20230709 07:12:08.355"/>
</kw>
<kw name="Click and Fill" library="common">
<arg>id=firstName</arg>
<arg>${firstName}</arg>
<doc>A keyword combination of Click and Fill Text since most of the form fields need a click</doc>
<status status="NOT RUN" starttime="20230709 07:12:08.355" endtime="20230709 07:12:08.355"/>
</kw>
<kw name="Click and Fill" library="common">
<arg>id=lastName</arg>
<arg>${lastName}</arg>
<doc>A keyword combination of Click and Fill Text since most of the form fields need a click</doc>
<status status="NOT RUN" starttime="20230709 07:12:08.355" endtime="20230709 07:12:08.355"/>
</kw>
<kw name="Click and Fill" library="common">
<arg>id=email</arg>
<arg>${inbox.email_address}</arg>
<doc>A keyword combination of Click and Fill Text since most of the form fields need a click</doc>
<status status="NOT RUN" starttime="20230709 07:12:08.355" endtime="20230709 07:12:08.356"/>
</kw>
<kw name="Click and Fill" library="common">
<arg>id=phoneNumber</arg>
<arg>${phone}</arg>
<doc>A keyword combination of Click and Fill Text since most of the form fields need a click</doc>
<status status="NOT RUN" starttime="20230709 07:12:08.356" endtime="20230709 07:12:08.356"/>
</kw>
<kw name="Log To Console" library="BuiltIn">
<arg>${inbox.id}</arg>
<doc>Logs the given message to the console.</doc>
<status status="NOT RUN" starttime="20230709 07:12:08.356" endtime="20230709 07:12:08.356"/>
</kw>
<kw name="Set Suite Variable" library="BuiltIn">
<arg>$ID</arg>
<arg>${inbox.id}</arg>
<doc>Makes a variable available everywhere within the scope of the current suite.</doc>
<status status="NOT RUN" starttime="20230709 07:12:08.356" endtime="20230709 07:12:08.356"/>
</kw>
<kw name="Get Element Count" library="Browser">
<var>${passwordVisible}</var>
<arg>id=password</arg>
<tag>Assertion</tag>
<tag>Getter</tag>
<tag>PageContent</tag>
<doc>Returns the count of elements found with ``selector``.</doc>
<status status="NOT RUN" starttime="20230709 07:12:08.356" endtime="20230709 07:12:08.356"/>
</kw>
<if>
<branch type="IF" condition="'${env}'=='bui' and '${passwordVisible}'&gt;'0'">
<kw name="Click and Fill" library="common">
<arg>id=password</arg>
<arg>${password}</arg>
<doc>A keyword combination of Click and Fill Text since most of the form fields need a click</doc>
<status status="NOT RUN" starttime="20230709 07:12:08.357" endtime="20230709 07:12:08.357"/>
</kw>
<status status="NOT RUN" starttime="20230709 07:12:08.357" endtime="20230709 07:12:08.357"/>
</branch>
<branch type="ELSE">
<kw name="Log To Console" library="BuiltIn">
<arg>No password filled</arg>
<doc>Logs the given message to the console.</doc>
<status status="NOT RUN" starttime="20230709 07:12:08.357" endtime="20230709 07:12:08.357"/>
</kw>
<status status="NOT RUN" starttime="20230709 07:12:08.357" endtime="20230709 07:12:08.357"/>
</branch>
<status status="NOT RUN" starttime="20230709 07:12:08.357" endtime="20230709 07:12:08.357"/>
</if>
<status status="FAIL" starttime="20230709 07:12:07.959" endtime="20230709 07:12:08.358"/>
</kw>
<kw name="Accept offers and Terms" library="booking">
<status status="NOT RUN" starttime="20230709 07:12:08.358" endtime="20230709 07:12:08.358"/>
</kw>
<kw name="Select Web Bank and Nordea as Payment Method" library="booking">
<status status="NOT RUN" starttime="20230709 07:12:08.358" endtime="20230709 07:12:08.358"/>
</kw>
<kw name="Complete Payment Successfully" library="booking">
<status status="NOT RUN" starttime="20230709 07:12:08.359" endtime="20230709 07:12:08.359"/>
</kw>
<kw name="Close Browser" library="Browser" type="TEARDOWN">
<tag>BrowserControl</tag>
<tag>Setter</tag>
<doc>Closes the current browser.</doc>
<msg timestamp="20230709 07:12:08.906" level="INFO">Closed browser</msg>
<status status="PASS" starttime="20230709 07:12:08.359" endtime="20230709 07:12:08.906"/>
</kw>
<status status="FAIL" starttime="20230709 07:11:49.609" endtime="20230709 07:12:08.906">TypeError: expected string or bytes-like object</status>
</test>
<test id="s1-s1-s1-s1-s2-t2" name="Add Someone Else as the Main Guest" line="25">
<kw name="Open Browser to Landing Page" library="common" type="SETUP">
<doc>A general startup keyword for opening a browser to the landing page.</doc>
<kw name="Open New Browser To URL" library="common">
<arg>${url}</arg>
<kw name="New Browser" library="Browser">
<arg>${browser}</arg>
<arg>${headless}</arg>
<arg>timeout=${timeout}</arg>
<tag>BrowserControl</tag>
<tag>Setter</tag>
<doc>Create a new playwright Browser with specified options.</doc>
<msg timestamp="20230709 07:12:08.911" level="INFO">{"browser": "firefox", "headless": true, "devtools": false, "handleSIGHUP": true, "handleSIGINT": true, "handleSIGTERM": true, "slowMo": 0.0, "timeout": 90000.0, "deprecated_pos_args": [], "tracesDir": "/home/runner/work/nelson-test-automation/nelson-test-automation/reports/test4/browser/traces/26611365-ef37-490c-ab3f-3beb9d68bb88"}</msg>
<msg timestamp="20230709 07:12:09.447" level="INFO">Successfully created browser with options: {"browser":"firefox","headless":true,"devtools":false,"handleSIGHUP":true,"handleSIGINT":true,"handleSIGTERM":true,"slowMo":0,"timeout":90000,"deprecated_pos_args":[],"tracesDir":"/home/runner/work/nelson-test-automation/nelson-test-automation/reports/test4/browser/traces/26611365-ef37-490c-ab3f-3beb9d68bb88"}</msg>
<status status="PASS" starttime="20230709 07:12:08.911" endtime="20230709 07:12:09.447"/>
</kw>
<kw name="Set Browser Timeout" library="Browser">
<arg>${timeout}</arg>
<tag>Config</tag>
<tag>Setter</tag>
<doc>Sets the timeout used by most input and getter keywords.</doc>
<status status="PASS" starttime="20230709 07:12:09.447" endtime="20230709 07:12:09.448"/>
</kw>
<kw name="New Context" library="Browser">
<tag>BrowserControl</tag>
<tag>Setter</tag>
<doc>Create a new BrowserContext with specified options.</doc>
<msg timestamp="20230709 07:12:09.448" level="INFO">{
  "acceptDownloads": true,
  "bypassCSP": false,
  "forcedColors": "none",
  "hideRfBrowser": false,
  "ignoreHTTPSErrors": false,
  "javaScriptEnabled": true,
  "offline": false,
  "reducedMotion": "no-preference",
  "viewport": {
    "width": 1280,
    "height": 720
  },
  "deprecated_pos_args": []
}</msg>
<msg timestamp="20230709 07:12:09.500" level="INFO">Successfully created context. </msg>
<msg timestamp="20230709 07:12:09.500" level="INFO">{'acceptDownloads': True, 'bypassCSP': False, 'forcedColors': 'none', 'hideRfBrowser': False, 'ignoreHTTPSErrors': False, 'javaScriptEnabled': True, 'offline': False, 'reducedMotion': 'no-preference', 'viewport': {'width': 1280, 'height': 720}, 'deprecated_pos_args': []}</msg>
<status status="PASS" starttime="20230709 07:12:09.448" endtime="20230709 07:12:09.500"/>
</kw>
<kw name="New Page" library="Browser">
<arg>${url}</arg>
<tag>BrowserControl</tag>
<tag>Setter</tag>
<doc>Open a new Page.</doc>
<msg timestamp="20230709 07:12:11.883" level="INFO">Successfully initialized new page object and opened url: https://test4.omenahotels.com/</msg>
<status status="PASS" starttime="20230709 07:12:09.501" endtime="20230709 07:12:11.883"/>
</kw>
<status status="PASS" starttime="20230709 07:12:08.910" endtime="20230709 07:12:11.884"/>
</kw>
<kw name="Wait Until Network Is Idle" library="Browser">
<tag>HTTP</tag>
<tag>Wait</tag>
<doc>Waits until there has been at least one instance of 500 ms of no network traffic on the page after loading.</doc>
<status status="PASS" starttime="20230709 07:12:11.884" endtime="20230709 07:12:13.170"/>
</kw>
<kw name="Allow Cookies" library="common">
<doc>Allow Cookies/Toggle Cookie allowance</doc>
<kw name="Is Element Found" library="common">
<var>${cookieModalVisible}</var>
<arg>id=CybotCookiebotDialogBodyLevelButtonLevelOptinAllowAll</arg>
<doc>A keyword that has a very complex way of figuring out whether an
element is found or not because I had trouble with the built-in keywords
Can be solved differently if you have a better idea</doc>
<kw name="Set Browser Timeout" library="Browser">
<arg>10s</arg>
<tag>Config</tag>
<tag>Setter</tag>
<doc>Sets the timeout used by most input and getter keywords.</doc>
<msg timestamp="20230709 07:12:13.174" level="INFO">Set timeout to: 10000</msg>
<status status="PASS" starttime="20230709 07:12:13.172" endtime="20230709 07:12:13.174"/>
</kw>
<try>
<branch type="TRY">
<kw name="Get Elements" library="Browser">
<var>${els}</var>
<arg>${selector}</arg>
<tag>Getter</tag>
<tag>PageContent</tag>
<doc>Returns a reference to Playwright [https://playwright.dev/docs/api/class-locator|Locator]
for all matched elements by ``selector``.</doc>
<msg timestamp="20230709 07:12:13.217" level="INFO">Found 1 Locators successfully.</msg>
<msg timestamp="20230709 07:12:13.217" level="INFO">${els} = ['element=a54393ad-fea5-4499-b368-3f69855b6a9a']</msg>
<status status="PASS" starttime="20230709 07:12:13.174" endtime="20230709 07:12:13.217"/>
</kw>
<kw name="Get Length" library="BuiltIn">
<var>${count}</var>
<arg>${els}</arg>
<doc>Returns and logs the length of the given item as an integer.</doc>
<msg timestamp="20230709 07:12:13.218" level="INFO">Length is 1</msg>
<msg timestamp="20230709 07:12:13.218" level="INFO">${count} = 1</msg>
<status status="PASS" starttime="20230709 07:12:13.218" endtime="20230709 07:12:13.218"/>
</kw>
<if>
<branch type="IF" condition="${count} &gt; 0">
<kw name="Set Variable" library="BuiltIn">
<var>${visible}</var>
<arg>True</arg>
<doc>Returns the given values which can then be assigned to a variables.</doc>
<msg timestamp="20230709 07:12:13.219" level="INFO">${visible} = True</msg>
<status status="PASS" starttime="20230709 07:12:13.219" endtime="20230709 07:12:13.219"/>
</kw>
<status status="PASS" starttime="20230709 07:12:13.218" endtime="20230709 07:12:13.219"/>
</branch>
<branch type="ELSE">
<kw name="Set Variable" library="BuiltIn">
<var>${visible}</var>
<arg>False</arg>
<doc>Returns the given values which can then be assigned to a variables.</doc>
<status status="NOT RUN" starttime="20230709 07:12:13.219" endtime="20230709 07:12:13.219"/>
</kw>
<status status="NOT RUN" starttime="20230709 07:12:13.219" endtime="20230709 07:12:13.219"/>
</branch>
<status status="PASS" starttime="20230709 07:12:13.218" endtime="20230709 07:12:13.219"/>
</if>
<status status="PASS" starttime="20230709 07:12:13.174" endtime="20230709 07:12:13.219"/>
</branch>
<branch type="EXCEPT">
<kw name="Set Variable" library="BuiltIn">
<var>${visible}</var>
<arg>False</arg>
<doc>Returns the given values which can then be assigned to a variables.</doc>
<status status="NOT RUN" starttime="20230709 07:12:13.220" endtime="20230709 07:12:13.220"/>
</kw>
<status status="NOT RUN" starttime="20230709 07:12:13.220" endtime="20230709 07:12:13.220"/>
</branch>
<status status="PASS" starttime="20230709 07:12:13.174" endtime="20230709 07:12:13.220"/>
</try>
<kw name="Set Browser Timeout" library="Browser">
<arg>${timeout}</arg>
<tag>Config</tag>
<tag>Setter</tag>
<doc>Sets the timeout used by most input and getter keywords.</doc>
<msg timestamp="20230709 07:12:13.222" level="INFO">Set timeout to: 90000</msg>
<status status="PASS" starttime="20230709 07:12:13.220" endtime="20230709 07:12:13.222"/>
</kw>
<msg timestamp="20230709 07:12:13.223" level="INFO">${cookieModalVisible} = True</msg>
<status status="PASS" starttime="20230709 07:12:13.171" endtime="20230709 07:12:13.223"/>
</kw>
<if>
<branch type="IF" condition="${cookieModalVisible}">
<kw name="Click" library="Browser">
<arg>id=CybotCookiebotDialogBodyLevelButtonLevelOptinAllowAll</arg>
<tag>PageContent</tag>
<tag>Setter</tag>
<doc>Simulates mouse click on the element found by ``selector``.</doc>
<status status="PASS" starttime="20230709 07:12:13.223" endtime="20230709 07:12:13.297"/>
</kw>
<status status="PASS" starttime="20230709 07:12:13.223" endtime="20230709 07:12:13.298"/>
</branch>
<branch type="ELSE">
<kw name="Log" library="BuiltIn">
<arg>No Cookie Modal Visible</arg>
<doc>Logs the given message with the given level.</doc>
<status status="NOT RUN" starttime="20230709 07:12:13.298" endtime="20230709 07:12:13.298"/>
</kw>
<status status="NOT RUN" starttime="20230709 07:12:13.298" endtime="20230709 07:12:13.298"/>
</branch>
<status status="PASS" starttime="20230709 07:12:13.223" endtime="20230709 07:12:13.298"/>
</if>
<status status="PASS" starttime="20230709 07:12:13.171" endtime="20230709 07:12:13.298"/>
</kw>
<kw name="Set Environment" library="common">
<kw name="Get Url" library="Browser">
<var>${currentUrl}</var>
<tag>Assertion</tag>
<tag>Getter</tag>
<tag>PageContent</tag>
<doc>Returns the current URL.</doc>
[...]
dispatch@chrome://juggler/content/protocol/Dispatcher.js:132:39
_dispatch@chrome://juggler/content/protocol/Dispatcher.js:69:36
receiveMessage@chrome://juggler/content/components/Juggler.js:118:20

=========================== logs ===========================
navigating to "$MUI_URL", waiting until "load"
============================================================</status>
</test>
<test id="s1-s2-s1-s2-t6" name="Cancel Booking in MUI" line="87">
<kw name="Click" library="Browser">
<arg>//button[contains(text(), 'Cancel')]</arg>
<tag>PageContent</tag>
<tag>Setter</tag>
<doc>Simulates mouse click on the element found by ``selector``.</doc>
<msg timestamp="20230709 07:14:55.605" level="WARN">Keyword 'Take Screenshot  fail-screenshot-{index}' could not be run on failure:
Error: Tried to take screenshot, but no page was open.</msg>
<msg timestamp="20230709 07:14:55.606" level="INFO">See also file:///home/runner/work/nelson-test-automation/nelson-test-automation/reports/test4/playwright-log.txt for additional details.</msg>
<msg timestamp="20230709 07:14:55.606" level="FAIL">Error: Could not find active page</msg>
<status status="FAIL" starttime="20230709 07:14:55.601" endtime="20230709 07:14:55.606"/>
</kw>
<kw name="Click" library="Browser">
<arg>//button[contains(text(), 'Yes')]</arg>
<tag>PageContent</tag>
<tag>Setter</tag>
<doc>Simulates mouse click on the element found by ``selector``.</doc>
<status status="NOT RUN" starttime="20230709 07:14:55.606" endtime="20230709 07:14:55.607"/>
</kw>
<kw name="Wait Until Keyword Succeeds" library="BuiltIn">
<arg>2</arg>
<arg>5</arg>
<arg>Click View Guests Button</arg>
<doc>Runs the specified keyword and retries if it fails.</doc>
<status status="NOT RUN" starttime="20230709 07:14:55.607" endtime="20230709 07:14:55.607"/>
</kw>
<kw name="Get Text" library="Browser">
<var>${status}</var>
<arg>//span[contains(@class, 'status')]</arg>
<tag>Assertion</tag>
<tag>Getter</tag>
<tag>PageContent</tag>
<doc>Returns text attribute of the element found by ``selector``.</doc>
<status status="NOT RUN" starttime="20230709 07:14:55.607" endtime="20230709 07:14:55.607"/>
</kw>
<kw name="Should Be Equal As Strings" library="BuiltIn">
<arg>${status}</arg>
<arg>Cancelled</arg>
<doc>Fails if objects are unequal after converting them to strings.</doc>
<status status="NOT RUN" starttime="20230709 07:14:55.607" endtime="20230709 07:14:55.607"/>
</kw>
<tag>exhibition_court</tag>
<status status="FAIL" starttime="20230709 07:14:55.599" endtime="20230709 07:14:55.608">Error: Could not find active page</status>
</test>
<test id="s1-s2-s1-s2-t7" name="Start Creating a new Booking in MUI" line="94">
<kw name="Open Browser to Nelson Portal and Navigate to Test Exhibition" library="mui">
<kw name="Open Browser to Nelson Portal" library="mui">
<kw name="New Browser" library="Browser">
<arg>${browser}</arg>
<arg>${headless}</arg>
<tag>BrowserControl</tag>
<tag>Setter</tag>
<doc>Create a new playwright Browser with specified options.</doc>
<msg timestamp="20230709 07:14:55.625" level="INFO">Switching browser to browser=44769c0c-3fdb-48d0-ae27-791f94fa53d8</msg>
<msg timestamp="20230709 07:14:55.627" level="INFO">Successfully changed active browser</msg>
<msg timestamp="20230709 07:14:55.627" level="INFO">Reusing existing browser with id: browser=44769c0c-3fdb-48d0-ae27-791f94fa53d8</msg>
<status status="PASS" starttime="20230709 07:14:55.625" endtime="20230709 07:14:55.627"/>
</kw>
<kw name="Set Browser Timeout" library="Browser">
<arg>${timeout}</arg>
<tag>Config</tag>
<tag>Setter</tag>
<doc>Sets the timeout used by most input and getter keywords.</doc>
<status status="PASS" starttime="20230709 07:14:55.628" endtime="20230709 07:14:55.628"/>
</kw>
<kw name="New Context" library="Browser">
<tag>BrowserControl</tag>
<tag>Setter</tag>
<doc>Create a new BrowserContext with specified options.</doc>
<msg timestamp="20230709 07:14:55.629" level="INFO">{
  "acceptDownloads": true,
  "bypassCSP": false,
  "forcedColors": "none",
  "hideRfBrowser": false,
  "ignoreHTTPSErrors": false,
  "javaScriptEnabled": true,
  "offline": false,
  "reducedMotion": "no-preference",
  "viewport": {
    "width": 1280,
    "height": 720
  },
  "deprecated_pos_args": []
}</msg>
<msg timestamp="20230709 07:14:55.696" level="INFO">Successfully created context. </msg>
<msg timestamp="20230709 07:14:55.696" level="INFO">{'acceptDownloads': True, 'bypassCSP': False, 'forcedColors': 'none', 'hideRfBrowser': False, 'ignoreHTTPSErrors': False, 'javaScriptEnabled': True, 'offline': False, 'reducedMotion': 'no-preference', 'viewport': {'width': 1280, 'height': 720}, 'deprecated_pos_args': []}</msg>
<status status="PASS" starttime="20230709 07:14:55.628" endtime="20230709 07:14:55.696"/>
</kw>
<kw name="New Page" library="Browser">
<arg>${MUI_URL}</arg>
<tag>BrowserControl</tag>
<tag>Setter</tag>
<doc>Open a new Page.</doc>
<msg timestamp="20230709 07:14:55.916" level="WARN">Keyword 'Take Screenshot  fail-screenshot-{index}' could not be run on failure:
Error: Tried to take screenshot, but no page was open.</msg>
<msg timestamp="20230709 07:14:55.917" level="INFO">See also file:///home/runner/work/nelson-test-automation/nelson-test-automation/reports/test4/playwright-log.txt for additional details.</msg>
<msg timestamp="20230709 07:14:55.918" level="FAIL">Error: page.goto: Protocol error (Page.navigate): Invalid url: "$MUI_URL" Page.navigate@chrome://juggler/content/protocol/PageHandler.js:386:13
dispatch@chrome://juggler/content/protocol/Dispatcher.js:132:39
_dispatch@chrome://juggler/content/protocol/Dispatcher.js:69:36
receiveMessage@chrome://juggler/content/components/Juggler.js:118:20

=========================== logs ===========================
navigating to "$MUI_URL", waiting until "load"
============================================================</msg>
<status status="FAIL" starttime="20230709 07:14:55.697" endtime="20230709 07:14:55.918"/>
</kw>
<status status="FAIL" starttime="20230709 07:14:55.624" endtime="20230709 07:14:55.919"/>
</kw>
<kw name="Log in to Nelson Portal" library="mui">
<status status="NOT RUN" starttime="20230709 07:14:55.920" endtime="20230709 07:14:55.920"/>
</kw>
<kw name="Select Environment" library="mui">
<arg>Test Exhibition</arg>
<status status="NOT RUN" starttime="20230709 07:14:55.920" endtime="20230709 07:14:55.921"/>
</kw>
<status status="FAIL" starttime="20230709 07:14:55.623" endtime="20230709 07:14:55.924"/>
</kw>
<kw name="Open Reservations Page" library="mui">
<status status="NOT RUN" starttime="20230709 07:14:55.924" endtime="20230709 07:14:55.924"/>
</kw>
<kw name="Click New Reservation Button" library="mui">
<status status="NOT RUN" starttime="20230709 07:14:55.925" endtime="20230709 07:14:55.925"/>
</kw>
<kw name="Select Normal Reservation" library="mui">
<status status="NOT RUN" starttime="20230709 07:14:55.925" endtime="20230709 07:14:55.925"/>
</kw>
<kw name="Switch Page" library="Browser">
<var>${previous}</var>
<arg>NEW</arg>
<tag>BrowserControl</tag>
<tag>Setter</tag>
<doc>Switches the active browser page to another open page by ``id`` or ``NEW``.</doc>
<status status="NOT RUN" starttime="20230709 07:14:55.926" endtime="20230709 07:14:55.926"/>
</kw>
<kw name="Wait Until Network Is Idle" library="Browser">
<tag>HTTP</tag>
<tag>Wait</tag>
<doc>Waits until there has been at least one instance of 500 ms of no network traffic on the page after loading.</doc>
<status status="NOT RUN" starttime="20230709 07:14:55.926" endtime="20230709 07:14:55.926"/>
</kw>
<kw name="Create a successful booking and return UUID" library="booking">
<var>${uuid}</var>
<arg>True</arg>
<status status="NOT RUN" starttime="20230709 07:14:55.926" endtime="20230709 07:14:55.927"/>
</kw>
<tag>exhibition_court</tag>
<status status="FAIL" starttime="20230709 07:14:55.619" endtime="20230709 07:14:55.927">Error: page.goto: Protocol error (Page.navigate): Invalid url: "$MUI_URL" Page.navigate@chrome://juggler/content/protocol/PageHandler.js:386:13
dispatch@chrome://juggler/content/protocol/Dispatcher.js:132:39
_dispatch@chrome://juggler/content/protocol/Dispatcher.js:69:36
receiveMessage@chrome://juggler/content/components/Juggler.js:118:20

=========================== logs ===========================
navigating to "$MUI_URL", waiting until "load"
============================================================</status>
</test>
<kw name="Close Browser" library="Browser" type="TEARDOWN">
<arg>ALL</arg>
<tag>BrowserControl</tag>
<tag>Setter</tag>
<doc>Closes the current browser.</doc>
<msg timestamp="20230709 07:14:57.804" level="INFO">Closed all browsers</msg>
<status status="PASS" starttime="20230709 07:14:55.956" endtime="20230709 07:14:57.805"/>
</kw>
<doc>A test suite for verifying modify booking functionality</doc>
<status status="FAIL" starttime="20230709 07:14:17.590" endtime="20230709 07:14:57.805"/>
</suite>
<status status="FAIL" starttime="20230709 07:14:14.089" endtime="20230709 07:14:57.810"/>
</suite>
<suite id="s1-s2-s2" name="Feature" source="/home/runner/work/nelson-test-automation/nelson-test-automation/testsuites/MUI/feature">
<suite id="s1-s2-s2-s1" name="MUI-430" source="/home/runner/work/nelson-test-automation/nelson-test-automation/testsuites/MUI/feature/MUI-430.robot">
<kw name="Open Browser to Nelson Portal and Login" library="mui" type="SETUP">
<kw name="Open Browser to Nelson Portal" library="mui">
<kw name="New Browser" library="Browser">
<arg>${browser}</arg>
<arg>${headless}</arg>
<tag>BrowserControl</tag>
<tag>Setter</tag>
<doc>Create a new playwright Browser with specified options.</doc>
<msg timestamp="20230709 07:14:57.829" level="INFO">{"browser": "firefox", "headless": true, "devtools": false, "handleSIGHUP": true, "handleSIGINT": true, "handleSIGTERM": true, "slowMo": 0.0, "timeout": 30000.0, "deprecated_pos_args": [], "tracesDir": "/home/runner/work/nelson-test-automation/nelson-test-automation/reports/test4/browser/traces/eb7879e5-07e3-4d95-9d07-a91369420046"}</msg>
<msg timestamp="20230709 07:14:58.357" level="INFO">Successfully created browser with options: {"browser":"firefox","headless":true,"devtools":false,"handleSIGHUP":true,"handleSIGINT":true,"handleSIGTERM":true,"slowMo":0,"timeout":30000,"deprecated_pos_args":[],"tracesDir":"/home/runner/work/nelson-test-automation/nelson-test-automation/reports/test4/browser/traces/eb7879e5-07e3-4d95-9d07-a91369420046"}</msg>
<status status="PASS" starttime="20230709 07:14:57.828" endtime="20230709 07:14:58.358"/>
</kw>
<kw name="Set Browser Timeout" library="Browser">
<arg>${timeout}</arg>
<tag>Config</tag>
<tag>Setter</tag>
<doc>Sets the timeout used by most input and getter keywords.</doc>
<msg timestamp="20230709 07:14:58.362" level="INFO">No context open.</msg>
<status status="PASS" starttime="20230709 07:14:58.358" endtime="20230709 07:14:58.362"/>
</kw>
<kw name="New Context" library="Browser">
<tag>BrowserControl</tag>
<tag>Setter</tag>
<doc>Create a new BrowserContext with specified options.</doc>
<msg timestamp="20230709 07:14:58.362" level="INFO">{
  "acceptDownloads": true,
  "bypassCSP": false,
  "forcedColors": "none",
  "hideRfBrowser": false,
  "ignoreHTTPSErrors": false,
  "javaScriptEnabled": true,
  "offline": false,
  "reducedMotion": "no-preference",
  "viewport": {
    "width": 1280,
    "height": 720
  },
  "deprecated_pos_args": []
}</msg>
<msg timestamp="20230709 07:14:58.431" level="INFO">Successfully created context. </msg>
<msg timestamp="20230709 07:14:58.432" level="INFO">{'acceptDownloads': True, 'bypassCSP': False, 'forcedColors': 'none', 'hideRfBrowser': False, 'ignoreHTTPSErrors': False, 'javaScriptEnabled': True, 'offline': False, 'reducedMotion': 'no-preference', 'viewport': {'width': 1280, 'height': 720}, 'deprecated_pos_args': []}</msg>
<status status="PASS" starttime="20230709 07:14:58.362" endtime="20230709 07:14:58.432"/>
</kw>
<kw name="New Page" library="Browser">
<arg>${MUI_URL}</arg>
<tag>BrowserControl</tag>
<tag>Setter</tag>
<doc>Open a new Page.</doc>
<msg timestamp="20230709 07:14:59.089" level="WARN">Keyword 'Take Screenshot  fail-screenshot-{index}' could not be run on failure:
Error: Tried to take screenshot, but no page was open.</msg>
<msg timestamp="20230709 07:14:59.090" level="INFO">See also file:///home/runner/work/nelson-test-automation/nelson-test-automation/reports/test4/playwright-log.txt for additional details.</msg>
<msg timestamp="20230709 07:14:59.090" level="FAIL">Error: page.goto: Protocol error (Page.navigate): Invalid url: "$MUI_URL" Page.navigate@chrome://juggler/content/protocol/PageHandler.js:386:13
dispatch@chrome://juggler/content/protocol/Dispatcher.js:132:39
_dispatch@chrome://juggler/content/protocol/Dispatcher.js:69:36
receiveMessage@chrome://juggler/content/components/Juggler.js:118:20

=========================== logs ===========================
navigating to "$MUI_URL", waiting until "load"
============================================================</msg>
<status status="FAIL" starttime="20230709 07:14:58.432" endtime="20230709 07:14:59.091"/>
</kw>
<status status="FAIL" starttime="20230709 07:14:57.828" endtime="20230709 07:14:59.092"/>
</kw>
<kw name="Log in to Nelson Portal" library="mui">
<status status="NOT RUN" starttime="20230709 07:14:59.092" endtime="20230709 07:14:59.092"/>
</kw>
<kw name="Select Environment" library="mui">
<arg>${environment}</arg>
<status status="NOT RUN" starttime="20230709 07:14:59.092" endtime="20230709 07:14:59.092"/>
</kw>
<status status="FAIL" starttime="20230709 07:14:57.828" endtime="20230709 07:14:59.093"/>
</kw>
<test id="s1-s2-s2-s1-t1" name="Filter Check in incomplete and open reservation" line="12">
<doc>Test case verifying the functionality of the Check in incomplete filter
when it's toggled on</doc>
<status status="FAIL" starttime="20230709 07:14:59.093" endtime="20230709 07:14:59.096">Parent suite setup failed:
Error: page.goto: Protocol error (Page.navigate): Invalid url: "$MUI_URL" Page.navigate@chrome://juggler/content/protocol/PageHandler.js:386:13
dispatch@chrome://juggler/content/protocol/Dispatcher.js:132:39
_dispatch@chrome://juggler/content/protocol/Dispatcher.js:69:36
receiveMessage@chrome://juggler/content/components/Juggler.js:118:20

=========================== logs ===========================
navigating to "$MUI_URL", waiting until "load"
============================================================</status>
</test>
<test id="s1-s2-s2-s1-t2" name="Remove filter and open a reservation" line="23">
<doc>Test case verifying the functionality of the Check in incomplete filter
when it's toggled off</doc>
<status status="FAIL" starttime="20230709 07:14:59.105" endtime="20230709 07:14:59.107">Parent suite setup failed:
Error: page.goto: Protocol error (Page.navigate): Invalid url: "$MUI_URL" Page.navigate@chrome://juggler/content/protocol/PageHandler.js:386:13
dispatch@chrome://juggler/content/protocol/Dispatcher.js:132:39
_dispatch@chrome://juggler/content/protocol/Dispatcher.js:69:36
receiveMessage@chrome://juggler/content/components/Juggler.js:118:20

=========================== logs ===========================
navigating to "$MUI_URL", waiting until "load"
============================================================</status>
</test>
<kw name="Close Browser" library="Browser" type="TEARDOWN">
<tag>BrowserControl</tag>
<tag>Setter</tag>
<doc>Closes the current browser.</doc>
<msg timestamp="20230709 07:15:01.302" level="INFO">Closed browser</msg>
<status status="PASS" starttime="20230709 07:14:59.117" endtime="20230709 07:15:01.302"/>
</kw>
<doc>This file contains test cases for testing MUI-430.robot</doc>
<status status="FAIL" starttime="20230709 07:14:57.813" endtime="20230709 07:15:01.303">Suite setup failed:
Error: page.goto: Protocol error (Page.navigate): Invalid url: "$MUI_URL" Page.navigate@chrome://juggler/content/protocol/PageHandler.js:386:13
dispatch@chrome://juggler/content/protocol/Dispatcher.js:132:39
_dispatch@chrome://juggler/content/protocol/Dispatcher.js:69:36
receiveMessage@chrome://juggler/content/components/Juggler.js:118:20

=========================== logs ===========================
navigating to "$MUI_URL", waiting until "load"
============================================================</status>
</suite>
<status status="FAIL" starttime="20230709 07:14:57.811" endtime="20230709 07:15:01.308"/>
</suite>
<status status="FAIL" starttime="20230709 07:14:14.088" endtime="20230709 07:15:01.310"/>
</suite>
<doc>Argument file for running tests on Omena test4 environment (test4)</doc>
<status status="FAIL" starttime="20230709 07:05:31.726" endtime="20230709 07:15:01.312"/>
</suite>
<statistics>
<total>
<stat pass="4" fail="19" skip="0">All Tests</stat>
</total>
<tag>
<stat pass="3" fail="5" skip="0">exhibition_court</stat>
<stat pass="0" fail="1" skip="0">smoke</stat>
<stat pass="1" fail="6" skip="0">smoke, booking, BUI2-556, online-checkin</stat>
</tag>
<suite>
<stat pass="4" fail="19" skip="0" id="s1" name="Testsuites">Testsuites</stat>
<stat pass="1" fail="12" skip="0" id="s1-s1" name="BUI">Testsuites.BUI</stat>
<stat pass="1" fail="10" skip="0" id="s1-s1-s1" name="Feature">Testsuites.BUI.Feature</stat>
<stat pass="1" fail="10" skip="0" id="s1-s1-s1-s1" name="Online Check In">Testsuites.BUI.Feature.Online Check In</stat>
<stat pass="1" fail="6" skip="0" id="s1-s1-s1-s1-s1" name="BUI2-556">Testsuites.BUI.Feature.Online Check In.BUI2-556</stat>
<stat pass="0" fail="4" skip="0" id="s1-s1-s1-s1-s2" name="BUI2-557">Testsuites.BUI.Feature.Online Check In.BUI2-557</stat>
<stat pass="0" fail="2" skip="0" id="s1-s1-s2" name="Regression">Testsuites.BUI.Regression</stat>
<stat pass="0" fail="2" skip="0" id="s1-s1-s2-s1" name="New Booking">Testsuites.BUI.Regression.New Booking</stat>
<stat pass="3" fail="7" skip="0" id="s1-s2" name="MUI">Testsuites.MUI</stat>
<stat pass="3" fail="5" skip="0" id="s1-s2-s1" name="EC">Testsuites.MUI.EC</stat>
<stat pass="0" fail="1" skip="0" id="s1-s2-s1-s1" name="Example">Testsuites.MUI.EC.Example</stat>
<stat pass="3" fail="4" skip="0" id="s1-s2-s1-s2" name="New Booking">Testsuites.MUI.EC.New Booking</stat>
<stat pass="0" fail="2" skip="0" id="s1-s2-s2" name="Feature">Testsuites.MUI.Feature</stat>
<stat pass="0" fail="2" skip="0" id="s1-s2-s2-s1" name="MUI-430">Testsuites.MUI.Feature.MUI-430</stat>
</suite>
</statistics>
<errors>
<msg timestamp="20230709 07:14:09.167" level="WARN">Keyword 'Take Screenshot  fail-screenshot-{index}' could not be run on failure:
Playwright process has been terminated with code 1</msg>
<msg timestamp="20230709 07:14:09.174" level="ERROR">Calling method '_end_test' of listener 'Browser' failed: ConnectionError: Playwright process has been terminated with code 1</msg>
<msg timestamp="20230709 07:14:09.175" level="ERROR">Calling method '_end_suite' of listener 'Browser' failed: ConnectionError: Playwright process has been terminated with code 1</msg>
<msg timestamp="20230709 07:14:15.318" level="WARN">Keyword 'Take Screenshot  fail-screenshot-{index}' could not be run on failure:
Error: Tried to take screenshot, but no page was open.</msg>
<msg timestamp="20230709 07:14:55.496" level="WARN">Keyword 'Take Screenshot  fail-screenshot-{index}' could not be run on failure:
Error: Tried to take screenshot, but no page was open.</msg>
<msg timestamp="20230709 07:14:55.605" level="WARN">Keyword 'Take Screenshot  fail-screenshot-{index}' could not be run on failure:
Error: Tried to take screenshot, but no page was open.</msg>
<msg timestamp="20230709 07:14:55.916" level="WARN">Keyword 'Take Screenshot  fail-screenshot-{index}' could not be run on failure:
Error: Tried to take screenshot, but no page was open.</msg>
<msg timestamp="20230709 07:14:59.089" level="WARN">Keyword 'Take Screenshot  fail-screenshot-{index}' could not be run on failure:
Error: Tried to take screenshot, but no page was open.</msg>
</errors>
</robot>
