<?xml version="1.0" encoding="UTF-8"?>
<robot generator="Robot 5.0.1 (Python 3.10.12 on linux)" generated="20230710 05:37:26.970" rpa="false" schemaversion="3">
<suite id="s1" name="Testsuites" source="/home/runner/work/nelson-test-automation/nelson-test-automation/testsuites">
<suite id="s1-s1" name="BUI" source="/home/runner/work/nelson-test-automation/nelson-test-automation/testsuites/BUI">
<suite id="s1-s1-s1" name="Regression" source="/home/runner/work/nelson-test-automation/nelson-test-automation/testsuites/BUI/regression">
<suite id="s1-s1-s1-s1" name="New Booking" source="/home/runner/work/nelson-test-automation/nelson-test-automation/testsuites/BUI/regression/new_booking.robot">
<kw name="Open Browser to Landing Page" library="common" type="SETUP">
<doc>A general startup keyword for opening a browser to the landing page.</doc>
<kw name="Open New Browser To URL" library="common">
<arg>${url}</arg>
<kw name="New Browser" library="Browser">
<arg>${browser}</arg>
<arg>${headless}</arg>
<arg>timeout=${timeout}</arg>
<tag>BrowserControl</tag>
<tag>Setter</tag>
<doc>Create a new playwright Browser with specified options.</doc>
<msg timestamp="20230710 05:37:27.908" level="INFO">{"browser": "firefox", "headless": true, "devtools": false, "handleSIGHUP": true, "handleSIGINT": true, "handleSIGTERM": true, "slowMo": 0.0, "timeout": 90000.0, "deprecated_pos_args": [], "tracesDir": "/home/runner/work/nelson-test-automation/nelson-test-automation/reports/test4/browser/traces/3ae2e561-26b1-496f-95ea-992908973cde"}</msg>
<msg timestamp="20230710 05:37:29.127" level="INFO">Successfully created browser with options: {"browser":"firefox","headless":true,"devtools":false,"handleSIGHUP":true,"handleSIGINT":true,"handleSIGTERM":true,"slowMo":0,"timeout":90000,"deprecated_pos_args":[],"tracesDir":"/home/runner/work/nelson-test-automation/nelson-test-automation/reports/test4/browser/traces/3ae2e561-26b1-496f-95ea-992908973cde"}</msg>
<status status="PASS" starttime="20230710 05:37:27.907" endtime="20230710 05:37:29.128"/>
</kw>
<kw name="Set Browser Timeout" library="Browser">
<arg>${timeout}</arg>
<tag>Config</tag>
<tag>Setter</tag>
<doc>Sets the timeout used by most input and getter keywords.</doc>
<msg timestamp="20230710 05:37:29.132" level="INFO">No context open.</msg>
<status status="PASS" starttime="20230710 05:37:29.128" endtime="20230710 05:37:29.132"/>
</kw>
<kw name="New Context" library="Browser">
<tag>BrowserControl</tag>
<tag>Setter</tag>
<doc>Create a new BrowserContext with specified options.</doc>
<msg timestamp="20230710 05:37:29.133" level="INFO">{
  "acceptDownloads": true,
  "bypassCSP": false,
  "forcedColors": "none",
  "hideRfBrowser": false,
  "ignoreHTTPSErrors": false,
  "javaScriptEnabled": true,
  "offline": false,
  "reducedMotion": "no-preference",
  "viewport": {
    "height": 720,
    "width": 1280
  },
  "deprecated_pos_args": []
}</msg>
<msg timestamp="20230710 05:37:29.199" level="INFO">Successfully created context. </msg>
<msg timestamp="20230710 05:37:29.199" level="INFO">{'acceptDownloads': True, 'bypassCSP': False, 'forcedColors': 'none', 'hideRfBrowser': False, 'ignoreHTTPSErrors': False, 'javaScriptEnabled': True, 'offline': False, 'reducedMotion': 'no-preference', 'viewport': {'height': 720, 'width': 1280}, 'deprecated_pos_args': []}</msg>
<status status="PASS" starttime="20230710 05:37:29.132" endtime="20230710 05:37:29.200"/>
</kw>
<kw name="New Page" library="Browser">
<arg>${url}</arg>
<tag>BrowserControl</tag>
<tag>Setter</tag>
<doc>Open a new Page.</doc>
<msg timestamp="20230710 05:37:33.717" level="INFO">Successfully initialized new page object and opened url: https://test4.omenahotels.com/en</msg>
<status status="PASS" starttime="20230710 05:37:29.200" endtime="20230710 05:37:33.717"/>
</kw>
<status status="PASS" starttime="20230710 05:37:27.906" endtime="20230710 05:37:33.718"/>
</kw>
<kw name="Wait Until Network Is Idle" library="Browser">
<tag>HTTP</tag>
<tag>Wait</tag>
<doc>Waits until there has been at least one instance of 500 ms of no network traffic on the page after loading.</doc>
<status status="PASS" starttime="20230710 05:37:33.718" endtime="20230710 05:37:34.797"/>
</kw>
<kw name="Allow Cookies" library="common">
<doc>Allow Cookies/Toggle Cookie allowance</doc>
<kw name="Is Element Found" library="common">
<var>${cookieModalVisible}</var>
<arg>id=CybotCookiebotDialogBodyLevelButtonLevelOptinAllowAll</arg>
<doc>A keyword that has a very complex way of figuring out whether an
element is found or not because I had trouble with the built-in keywords
Can be solved differently if you have a better idea</doc>
<kw name="Set Browser Timeout" library="Browser">
<arg>10s</arg>
<tag>Config</tag>
<tag>Setter</tag>
<doc>Sets the timeout used by most input and getter keywords.</doc>
<msg timestamp="20230710 05:37:34.801" level="INFO">Set timeout to: 10000</msg>
<status status="PASS" starttime="20230710 05:37:34.798" endtime="20230710 05:37:34.801"/>
</kw>
<try>
<branch type="TRY">
<kw name="Get Elements" library="Browser">
<var>${els}</var>
<arg>${selector}</arg>
<tag>Getter</tag>
<tag>PageContent</tag>
<doc>Returns a reference to Playwright [https://playwright.dev/docs/api/class-locator|Locator]
for all matched elements by ``selector``.</doc>
<msg timestamp="20230710 05:37:34.853" level="INFO">Found 1 Locators successfully.</msg>
<msg timestamp="20230710 05:37:34.853" level="INFO">${els} = ['element=fcf18c1c-0f56-4039-916a-b830d1b937ff']</msg>
<status status="PASS" starttime="20230710 05:37:34.802" endtime="20230710 05:37:34.853"/>
</kw>
<kw name="Get Length" library="BuiltIn">
<var>${count}</var>
<arg>${els}</arg>
<doc>Returns and logs the length of the given item as an integer.</doc>
<msg timestamp="20230710 05:37:34.854" level="INFO">Length is 1</msg>
<msg timestamp="20230710 05:37:34.854" level="INFO">${count} = 1</msg>
<status status="PASS" starttime="20230710 05:37:34.854" endtime="20230710 05:37:34.854"/>
</kw>
<if>
<branch type="IF" condition="${count} &gt; 0">
<kw name="Set Variable" library="BuiltIn">
<var>${visible}</var>
<arg>True</arg>
<doc>Returns the given values which can then be assigned to a variables.</doc>
<msg timestamp="20230710 05:37:34.855" level="INFO">${visible} = True</msg>
<status status="PASS" starttime="20230710 05:37:34.855" endtime="20230710 05:37:34.855"/>
</kw>
<status status="PASS" starttime="20230710 05:37:34.855" endtime="20230710 05:37:34.855"/>
</branch>
<branch type="ELSE">
<kw name="Set Variable" library="BuiltIn">
<var>${visible}</var>
<arg>False</arg>
<doc>Returns the given values which can then be assigned to a variables.</doc>
<status status="NOT RUN" starttime="20230710 05:37:34.855" endtime="20230710 05:37:34.855"/>
</kw>
<status status="NOT RUN" starttime="20230710 05:37:34.855" endtime="20230710 05:37:34.855"/>
</branch>
<status status="PASS" starttime="20230710 05:37:34.854" endtime="20230710 05:37:34.856"/>
</if>
<status status="PASS" starttime="20230710 05:37:34.801" endtime="20230710 05:37:34.856"/>
</branch>
<branch type="EXCEPT">
<kw name="Set Variable" library="BuiltIn">
<var>${visible}</var>
<arg>False</arg>
<doc>Returns the given values which can then be assigned to a variables.</doc>
<status status="NOT RUN" starttime="20230710 05:37:34.856" endtime="20230710 05:37:34.856"/>
</kw>
<status status="NOT RUN" starttime="20230710 05:37:34.856" endtime="20230710 05:37:34.856"/>
</branch>
<status status="PASS" starttime="20230710 05:37:34.801" endtime="20230710 05:37:34.856"/>
</try>
<kw name="Set Browser Timeout" library="Browser">
<arg>${timeout}</arg>
<tag>Config</tag>
<tag>Setter</tag>
<doc>Sets the timeout used by most input and getter keywords.</doc>
<msg timestamp="20230710 05:37:34.860" level="INFO">Set timeout to: 90000</msg>
<status status="PASS" starttime="20230710 05:37:34.856" endtime="20230710 05:37:34.860"/>
</kw>
<msg timestamp="20230710 05:37:34.860" level="INFO">${cookieModalVisible} = True</msg>
<status status="PASS" starttime="20230710 05:37:34.797" endtime="20230710 05:37:34.860"/>
</kw>
<if>
<branch type="IF" condition="${cookieModalVisible}">
<kw name="Click" library="Browser">
<arg>id=CybotCookiebotDialogBodyLevelButtonLevelOptinAllowAll</arg>
<tag>PageContent</tag>
<tag>Setter</tag>
<doc>Simulates mouse click on the element found by ``selector``.</doc>
<status status="PASS" starttime="20230710 05:37:34.861" endtime="20230710 05:37:34.950"/>
</kw>
<status status="PASS" starttime="20230710 05:37:34.860" endtime="20230710 05:37:34.950"/>
</branch>
<branch type="ELSE">
<kw name="Log" library="BuiltIn">
<arg>No Cookie Modal Visible</arg>
<doc>Logs the given message with the given level.</doc>
<status status="NOT RUN" starttime="20230710 05:37:34.950" endtime="20230710 05:37:34.950"/>
</kw>
<status status="NOT RUN" starttime="20230710 05:37:34.950" endtime="20230710 05:37:34.950"/>
</branch>
<status status="PASS" starttime="20230710 05:37:34.860" endtime="20230710 05:37:34.951"/>
</if>
<status status="PASS" starttime="20230710 05:37:34.797" endtime="20230710 05:37:34.951"/>
</kw>
<kw name="Set Environment" library="common">
<kw name="Get Url" library="Browser">
<var>${currentUrl}</var>
<tag>Assertion</tag>
<tag>Getter</tag>
<tag>PageContent</tag>
<doc>Returns the current URL.</doc>
<msg timestamp="20230710 05:37:34.954" level="INFO">${currentUrl} = https://test4.omenahotels.com/en/</msg>
<status status="PASS" starttime="20230710 05:37:34.951" endtime="20230710 05:37:34.954"/>
</kw>
<kw name="Get Environment From Url" library="Helpers">
<var>${env}</var>
<arg>${currentUrl}</arg>
<msg timestamp="20230710 05:37:34.955" level="INFO">${env} = test-omena</msg>
<status status="PASS" starttime="20230710 05:37:34.954" endtime="20230710 05:37:34.955"/>
</kw>
<kw name="Set Variable" library="BuiltIn">
<arg>${environment}</arg>
<arg>${env}</arg>
<doc>Returns the given values which can then be assigned to a variables.</doc>
<status status="PASS" starttime="20230710 05:37:34.955" endtime="20230710 05:37:34.955"/>
</kw>
<status status="PASS" starttime="20230710 05:37:34.951" endtime="20230710 05:37:34.955"/>
</kw>
<status status="PASS" starttime="20230710 05:37:27.906" endtime="20230710 05:37:34.955"/>
</kw>
<test id="s1-s1-s1-s1-t1" name="Create A New Booking as" line="12">
<kw name="Select Hotel" library="booking">
<doc>Select Hotel by using a number as an argument, default Lönnrotinkatu</doc>
<if>
<branch type="IF" condition="&quot;${environment}&quot; == &quot;test-exhibition&quot;">
<kw name="Log" library="BuiltIn">
<arg>No hotel to be selected</arg>
<doc>Logs the given message with the given level.</doc>
<status status="NOT RUN" starttime="20230710 05:37:34.957" endtime="20230710 05:37:34.958"/>
</kw>
<status status="NOT RUN" starttime="20230710 05:37:34.957" endtime="20230710 05:37:34.958"/>
</branch>
<branch type="ELSE">
<kw name="Log" library="BuiltIn">
<arg>Selecting Hotel: ${hotel}</arg>
<doc>Logs the given message with the given level.</doc>
<msg timestamp="20230710 05:37:34.958" level="INFO">Selecting Hotel: Lönnrotin</msg>
<status status="PASS" starttime="20230710 05:37:34.958" endtime="20230710 05:37:34.958"/>
</kw>
<kw name="Click" library="Browser">
<arg>//div[contains(@data-nelson-btn, "hotels")]</arg>
<tag>PageContent</tag>
<tag>Setter</tag>
<doc>Simulates mouse click on the element found by ``selector``.</doc>
<status status="PASS" starttime="20230710 05:37:34.958" endtime="20230710 05:37:35.055"/>
</kw>
<kw name="Wait Until Visible" library="common">
<arg>//a[contains(@class, 'dropdown-item') and contains(text(), '${hotel}')]</arg>
<doc>An easier keyword for waiting until an element is visible</doc>
<kw name="Wait For Elements State" library="Browser">
<arg>${element}</arg>
<arg>visible</arg>
<arg>timeout=${timeout}</arg>
<tag>PageContent</tag>
<tag>Wait</tag>
<doc>Waits for the element found by ``selector`` to satisfy state option.</doc>
<msg timestamp="20230710 05:37:35.069" level="INFO">Waited for Element with selector //a[contains(@class, 'dropdown-item') and contains(text(), 'Lönnrotin')] at state visible</msg>
<status status="PASS" starttime="20230710 05:37:35.056" endtime="20230710 05:37:35.069"/>
</kw>
<status status="PASS" starttime="20230710 05:37:35.056" endtime="20230710 05:37:35.070"/>
</kw>
<kw name="Click" library="Browser">
<arg>//a[contains(@class, 'dropdown-item') and contains(text(), '${hotel}')]</arg>
<tag>PageContent</tag>
<tag>Setter</tag>
<doc>Simulates mouse click on the element found by ``selector``.</doc>
<status status="PASS" starttime="20230710 05:37:35.070" endtime="20230710 05:37:35.299"/>
</kw>
<kw name="Wait For Elements State" library="Browser">
<arg>//a[contains(@class, 'dropdown-item') and contains(text(), '${hotel}')]</arg>
<arg>hidden</arg>
<arg>timeout=3s</arg>
<tag>PageContent</tag>
<tag>Wait</tag>
<doc>Waits for the element found by ``selector`` to satisfy state option.</doc>
<msg timestamp="20230710 05:37:35.357" level="INFO">Waited for Element with selector //a[contains(@class, 'dropdown-item') and contains(text(), 'Lönnrotin')] at state hidden</msg>
<status status="PASS" starttime="20230710 05:37:35.300" endtime="20230710 05:37:35.358"/>
</kw>
<status status="PASS" starttime="20230710 05:37:34.958" endtime="20230710 05:37:35.358"/>
</branch>
<status status="PASS" starttime="20230710 05:37:34.957" endtime="20230710 05:37:35.358"/>
</if>
<status status="PASS" starttime="20230710 05:37:34.957" endtime="20230710 05:37:35.358"/>
</kw>
<kw name="Select Dates" library="booking">
<kw name="Log" library="BuiltIn">
<arg>${EMPTY}</arg>
<doc>Logs the given message with the given level.</doc>
<msg timestamp="20230710 05:37:35.360" level="INFO"/>
<status status="PASS" starttime="20230710 05:37:35.359" endtime="20230710 05:37:35.360"/>
</kw>
<status status="PASS" starttime="20230710 05:37:35.359" endtime="20230710 05:37:35.360"/>
</kw>
<kw name="Select Guests" library="booking">
<doc>Selects the number of guests for the booking, current implementation will only check the dropdown</doc>
<kw name="Log To Console" library="BuiltIn">
<arg>${EMPTY}</arg>
<doc>Logs the given message to the console.</doc>
<status status="PASS" starttime="20230710 05:37:35.361" endtime="20230710 05:37:35.366"/>
</kw>
<status status="PASS" starttime="20230710 05:37:35.361" endtime="20230710 05:37:35.366"/>
</kw>
<kw name="Click Book or Find Rooms Button" library="booking">
<kw name="Get Url" library="Browser">
<var>${url}</var>
<tag>Assertion</tag>
<tag>Getter</tag>
<tag>PageContent</tag>
<doc>Returns the current URL.</doc>
<msg timestamp="20230710 05:37:35.372" level="INFO">${url} = https://test4.omenahotels.com/en/#</msg>
<status status="PASS" starttime="20230710 05:37:35.367" endtime="20230710 05:37:35.372"/>
</kw>
<kw name="Check If String Contains" library="common">
<var>${booking}</var>
<arg>${url}</arg>
<arg>/booking/</arg>
<kw name="Check If String Contains Substring" library="Helpers">
<var>${contains}</var>
<arg>${string}</arg>
<arg>${substring}</arg>
<msg timestamp="20230710 05:37:35.378" level="INFO">${contains} = False</msg>
<status status="PASS" starttime="20230710 05:37:35.374" endtime="20230710 05:37:35.378"/>
</kw>
<msg timestamp="20230710 05:37:35.378" level="INFO">${booking} = False</msg>
<status status="PASS" starttime="20230710 05:37:35.373" endtime="20230710 05:37:35.378"/>
</kw>
<if>
<branch type="IF" condition="${booking} == True">
<kw name="Click" library="Browser">
<arg>//button[contains(@class, 'booking-form-button') and contains(text(), 'Find rooms')]</arg>
<tag>PageContent</tag>
<tag>Setter</tag>
<doc>Simulates mouse click on the element found by ``selector``.</doc>
<status status="NOT RUN" starttime="20230710 05:37:35.379" endtime="20230710 05:37:35.379"/>
</kw>
<status status="NOT RUN" starttime="20230710 05:37:35.379" endtime="20230710 05:37:35.379"/>
</branch>
<branch type="ELSE">
<kw name="Click" library="Browser">
<arg>//button[contains(@class, 'booking-form-button') and contains(text(), 'Book')]</arg>
<tag>PageContent</tag>
<tag>Setter</tag>
<doc>Simulates mouse click on the element found by ``selector``.</doc>
<status status="PASS" starttime="20230710 05:37:35.379" endtime="20230710 05:37:35.866"/>
</kw>
<status status="PASS" starttime="20230710 05:37:35.379" endtime="20230710 05:37:35.866"/>
</branch>
<status status="PASS" starttime="20230710 05:37:35.378" endtime="20230710 05:37:35.866"/>
</if>
<status status="PASS" starttime="20230710 05:37:35.366" endtime="20230710 05:37:35.866"/>
</kw>
<kw name="Select a Standard Room" library="booking">
<kw name="Wait Until Visible" library="common">
<arg>${btnExtras}</arg>
<doc>An easier keyword for waiting until an element is visible</doc>
<kw name="Wait For Elements State" library="Browser">
<arg>${element}</arg>
<arg>visible</arg>
<arg>timeout=${timeout}</arg>
<tag>PageContent</tag>
<tag>Wait</tag>
<doc>Waits for the element found by ``selector`` to satisfy state option.</doc>
<msg timestamp="20230710 05:37:39.741" level="INFO">Waited for Element with selector (//div[contains(@view,"booking")]//button[contains(text(), "Continue to extras")])[1] at state visible</msg>
<status status="PASS" starttime="20230710 05:37:35.867" endtime="20230710 05:37:39.741"/>
</kw>
<status status="PASS" starttime="20230710 05:37:35.867" endtime="20230710 05:37:39.742"/>
</kw>
<kw name="Get Element States" library="Browser">
<var>${visible}</var>
<arg>//div[contains(text(), 'Select room')]</arg>
<arg>then</arg>
<arg>bool(value &amp; visible)</arg>
<tag>Assertion</tag>
<tag>Getter</tag>
<tag>PageContent</tag>
<doc>Get the active states from the element found by ``selector``.</doc>
<msg timestamp="20230710 05:37:39.998" level="INFO">${visible} = False</msg>
<status status="PASS" starttime="20230710 05:37:39.742" endtime="20230710 05:37:39.998"/>
</kw>
<kw name="Run Keyword If" library="BuiltIn">
<arg>${visible}</arg>
<arg>Select Standard and Remove Other Room Selection</arg>
<doc>Runs the given keyword with the given arguments, if ``condition`` is true.</doc>
<status status="PASS" starttime="20230710 05:37:39.998" endtime="20230710 05:37:39.999"/>
</kw>
<status status="PASS" starttime="20230710 05:37:35.866" endtime="20230710 05:37:39.999"/>
</kw>
<kw name="Click Continue to Extras Button" library="booking">
<doc>Clicks the continue to extras button</doc>
<kw name="Click" library="Browser">
<arg>${btnExtras}</arg>
<tag>PageContent</tag>
<tag>Setter</tag>
<doc>Simulates mouse click on the element found by ``selector``.</doc>
<status status="PASS" starttime="20230710 05:37:39.999" endtime="20230710 05:37:45.352"/>
</kw>
<kw name="Wait Until Visible" library="common">
<arg>${btnPayment}</arg>
<doc>An easier keyword for waiting until an element is visible</doc>
<kw name="Wait For Elements State" library="Browser">
<arg>${element}</arg>
<arg>visible</arg>
<arg>timeout=${timeout}</arg>
<tag>PageContent</tag>
<tag>Wait</tag>
<doc>Waits for the element found by ``selector`` to satisfy state option.</doc>
<msg timestamp="20230710 05:37:46.753" level="INFO">Waited for Element with selector (//div[contains(@view,"extras")]//button[contains(text(), "Continue to payment")])[1] at state visible</msg>
<status status="PASS" starttime="20230710 05:37:45.353" endtime="20230710 05:37:46.754"/>
</kw>
<status status="PASS" starttime="20230710 05:37:45.352" endtime="20230710 05:37:46.754"/>
</kw>
<status status="PASS" starttime="20230710 05:37:39.999" endtime="20230710 05:37:46.754"/>
</kw>
<kw name="Continue to Payment" library="booking">
<kw name="Click" library="Browser">
<arg>(//button[normalize-space()='Continue to payment'])[1]</arg>
<tag>PageContent</tag>
<tag>Setter</tag>
<doc>Simulates mouse click on the element found by ``selector``.</doc>
<status status="PASS" starttime="20230710 05:37:46.755" endtime="20230710 05:37:46.883"/>
</kw>
<status status="PASS" starttime="20230710 05:37:46.754" endtime="20230710 05:37:46.883"/>
</kw>
<kw name="Fill in Contact Information" library="booking">
<doc>Fills in Contact information that can be given as arguments or use default values
Uses a password if the environment is bui and</doc>
<kw name="Create Email and Return Inbox" library="common">
<var>${inbox}</var>
<doc>Creates a new email address and returns the inbox object</doc>
<kw name="Create new Inbox" library="MailSlurp">
<var>${inbox}</var>
<msg timestamp="20230710 05:37:47.394" level="INFO">${inbox} = {'created_at': datetime.datetime(2023, 7, 10, 5, 37, 47, 357000, tzinfo=tzlocal()),
 'description': None,
 'domain_id': None,
 'email_address': 'f9549d6f-6ea8-4a93-8ede-af40d367b78c@mailslurp.com',
 '...</msg>
<status status="PASS" starttime="20230710 05:37:46.884" endtime="20230710 05:37:47.394"/>
</kw>
<kw name="Log To Console" library="BuiltIn">
<arg>${inbox.id}</arg>
<doc>Logs the given message to the console.</doc>
<status status="PASS" starttime="20230710 05:37:47.394" endtime="20230710 05:37:47.396"/>
</kw>
<msg timestamp="20230710 05:37:47.396" level="INFO">${inbox} = {'created_at': datetime.datetime(2023, 7, 10, 5, 37, 47, 357000, tzinfo=tzlocal()),
 'description': None,
 'domain_id': None,
 'email_address': 'f9549d6f-6ea8-4a93-8ede-af40d367b78c@mailslurp.com',
 '...</msg>
<status status="PASS" starttime="20230710 05:37:46.884" endtime="20230710 05:37:47.396"/>
</kw>
<kw name="Click and Fill" library="common">
<arg>id=firstName</arg>
<arg>${firstName}</arg>
<doc>A keyword combination of Click and Fill Text since most of the form fields need a click</doc>
<kw name="Click" library="Browser">
<arg>${selector}</arg>
<tag>PageContent</tag>
<tag>Setter</tag>
<doc>Simulates mouse click on the element found by ``selector``.</doc>
<status status="PASS" starttime="20230710 05:37:47.397" endtime="20230710 05:37:48.917"/>
</kw>
<kw name="Fill Text" library="Browser">
<arg>${selector}</arg>
<arg>${text}</arg>
<tag>PageContent</tag>
<tag>Setter</tag>
<doc>Clears and fills the given ``txt`` into the text field found by ``selector``.</doc>
<msg timestamp="20230710 05:37:48.918" level="INFO">Fills the text 'Mos' in the given field.</msg>
<status status="PASS" starttime="20230710 05:37:48.918" endtime="20230710 05:37:49.125"/>
</kw>
<status status="PASS" starttime="20230710 05:37:47.397" endtime="20230710 05:37:49.125"/>
</kw>
<kw name="Click and Fill" library="common">
<arg>id=lastName</arg>
<arg>${lastName}</arg>
<doc>A keyword combination of Click and Fill Text since most of the form fields need a click</doc>
<kw name="Click" library="Browser">
<arg>${selector}</arg>
<tag>PageContent</tag>
<tag>Setter</tag>
<doc>Simulates mouse click on the element found by ``selector``.</doc>
<status status="PASS" starttime="20230710 05:37:49.126" endtime="20230710 05:37:49.269"/>
</kw>
<kw name="Fill Text" library="Browser">
<arg>${selector}</arg>
<arg>${text}</arg>
<tag>PageContent</tag>
<tag>Setter</tag>
<doc>Clears and fills the given ``txt`` into the text field found by ``selector``.</doc>
<msg timestamp="20230710 05:37:49.270" level="INFO">Fills the text 'Def' in the given field.</msg>
<status status="PASS" starttime="20230710 05:37:49.270" endtime="20230710 05:37:49.345"/>
</kw>
<status status="PASS" starttime="20230710 05:37:49.125" endtime="20230710 05:37:49.345"/>
</kw>
<kw name="Click and Fill" library="common">
<arg>id=email</arg>
<arg>${inbox.email_address}</arg>
<doc>A keyword combination of Click and Fill Text since most of the form fields need a click</doc>
<kw name="Click" library="Browser">
<arg>${selector}</arg>
<tag>PageContent</tag>
<tag>Setter</tag>
<doc>Simulates mouse click on the element found by ``selector``.</doc>
<status status="PASS" starttime="20230710 05:37:49.346" endtime="20230710 05:37:49.516"/>
</kw>
<kw name="Fill Text" library="Browser">
<arg>${selector}</arg>
<arg>${text}</arg>
<tag>PageContent</tag>
<tag>Setter</tag>
<doc>Clears and fills the given ``txt`` into the text field found by ``selector``.</doc>
<msg timestamp="20230710 05:37:49.517" level="INFO">Fills the text 'f9549d6f-6ea8-4a93-8ede-af40d367b78c@mailslurp.com' in the given field.</msg>
<status status="PASS" starttime="20230710 05:37:49.516" endtime="20230710 05:37:49.594"/>
</kw>
<status status="PASS" starttime="20230710 05:37:49.345" endtime="20230710 05:37:49.595"/>
</kw>
<kw name="Click and Fill" library="common">
<arg>id=phoneNumber</arg>
<arg>${phone}</arg>
<doc>A keyword combination of Click and Fill Text since most of the form fields need a click</doc>
<kw name="Click" library="Browser">
<arg>${selector}</arg>
<tag>PageContent</tag>
<tag>Setter</tag>
<doc>Simulates mouse click on the element found by ``selector``.</doc>
<status status="PASS" starttime="20230710 05:37:49.596" endtime="20230710 05:37:49.744"/>
</kw>
<kw name="Fill Text" library="Browser">
<arg>${selector}</arg>
<arg>${text}</arg>
<tag>PageContent</tag>
<tag>Setter</tag>
<doc>Clears and fills the given ``txt`` into the text field found by ``selector``.</doc>
<msg timestamp="20230710 05:37:49.745" level="INFO">Fills the text '040123942' in the given field.</msg>
<status status="PASS" starttime="20230710 05:37:49.745" endtime="20230710 05:37:49.826"/>
</kw>
<status status="PASS" starttime="20230710 05:37:49.595" endtime="20230710 05:37:49.826"/>
</kw>
<kw name="Log To Console" library="BuiltIn">
<arg>${inbox.id}</arg>
<doc>Logs the given message to the console.</doc>
<status status="PASS" starttime="20230710 05:37:49.827" endtime="20230710 05:37:49.828"/>
</kw>
<kw name="Set Suite Variable" library="BuiltIn">
<arg>$ID</arg>
<arg>${inbox.id}</arg>
<doc>Makes a variable available everywhere within the scope of the current suite.</doc>
<msg timestamp="20230710 05:37:49.830" level="INFO">${ID} = f9549d6f-6ea8-4a93-8ede-af40d367b78c</msg>
<status status="PASS" starttime="20230710 05:37:49.829" endtime="20230710 05:37:49.830"/>
</kw>
<kw name="Get Element Count" library="Browser">
<var>${passwordVisible}</var>
<arg>id=password</arg>
<tag>Assertion</tag>
<tag>Getter</tag>
<tag>PageContent</tag>
<doc>Returns the count of elements found with ``selector``.</doc>
<msg timestamp="20230710 05:37:49.855" level="INFO">${passwordVisible} = 1</msg>
<status status="PASS" starttime="20230710 05:37:49.830" endtime="20230710 05:37:49.855"/>
</kw>
<if>
<branch type="IF" condition="'${env}'=='bui' and '${passwordVisible}'&gt;'0'">
<kw name="Click and Fill" library="common">
<arg>id=password</arg>
<arg>${password}</arg>
<doc>A keyword combination of Click and Fill Text since most of the form fields need a click</doc>
<kw name="Click" library="Browser">
<arg>${selector}</arg>
<tag>PageContent</tag>
<tag>Setter</tag>
<doc>Simulates mouse click on the element found by ``selector``.</doc>
<status status="PASS" starttime="20230710 05:37:49.856" endtime="20230710 05:37:49.996"/>
</kw>
<kw name="Fill Text" library="Browser">
<arg>${selector}</arg>
<arg>${text}</arg>
<tag>PageContent</tag>
<tag>Setter</tag>
<doc>Clears and fills the given ``txt`` into the text field found by ``selector``.</doc>
<msg timestamp="20230710 05:37:49.996" level="INFO">Fills the text 'NotARealPass123!' in the given field.</msg>
<status status="PASS" starttime="20230710 05:37:49.996" endtime="20230710 05:37:50.026"/>
</kw>
<status status="PASS" starttime="20230710 05:37:49.856" endtime="20230710 05:37:50.026"/>
</kw>
<status status="PASS" starttime="20230710 05:37:49.855" endtime="20230710 05:37:50.026"/>
</branch>
<branch type="ELSE">
<kw name="Log To Console" library="BuiltIn">
<arg>No password filled</arg>
<doc>Logs the given message to the console.</doc>
<status status="NOT RUN" starttime="20230710 05:37:50.027" endtime="20230710 05:37:50.027"/>
</kw>
<status status="NOT RUN" starttime="20230710 05:37:50.026" endtime="20230710 05:37:50.027"/>
</branch>
<status status="PASS" starttime="20230710 05:37:49.855" endtime="20230710 05:37:50.027"/>
</if>
<status status="PASS" starttime="20230710 05:37:46.884" endtime="20230710 05:37:50.027"/>
</kw>
<kw name="Accept offers and Terms" library="booking">
<kw name="Click" library="Browser">
<arg>(//div[contains(text(), 'like to receive')])[1]</arg>
<tag>PageContent</tag>
<tag>Setter</tag>
<doc>Simulates mouse click on the element found by ``selector``.</doc>
<status status="PASS" starttime="20230710 05:37:50.028" endtime="20230710 05:37:50.185"/>
</kw>
<kw name="Click" library="Browser">
<arg>(//*[contains(text(),'Accept')]/ancestor::label//span[contains(@class,'chakra-checkbox__control')])[1]</arg>
<tag>PageContent</tag>
<tag>Setter</tag>
<doc>Simulates mouse click on the element found by ``selector``.</doc>
<status status="PASS" starttime="20230710 05:37:50.185" endtime="20230710 05:37:50.314"/>
</kw>
<status status="PASS" starttime="20230710 05:37:50.027" endtime="20230710 05:37:50.314"/>
</kw>
<kw name="Select Web Bank and Nordea as Payment Method" library="booking">
<kw name="Click" library="Browser">
<arg>//div[contains(text(), "Web bank payment")]</arg>
<tag>PageContent</tag>
<tag>Setter</tag>
<doc>Simulates mouse click on the element found by ``selector``.</doc>
<status status="PASS" starttime="20230710 05:37:50.315" endtime="20230710 05:37:50.421"/>
</kw>
<kw name="Click" library="Browser">
<arg>//p[contains(text(), 'Nordea')]</arg>
<tag>PageContent</tag>
<tag>Setter</tag>
<doc>Simulates mouse click on the element found by ``selector``.</doc>
<status status="PASS" starttime="20230710 05:37:50.421" endtime="20230710 05:37:50.566"/>
</kw>
<kw name="Click" library="Browser">
<arg>(//div[contains(@view,"payment")]//button[contains(text(), "Pay")])[1]</arg>
<tag>PageContent</tag>
<tag>Setter</tag>
<doc>Simulates mouse click on the element found by ``selector``.</doc>
<status status="PASS" starttime="20230710 05:37:50.567" endtime="20230710 05:37:50.720"/>
</kw>
<status status="PASS" starttime="20230710 05:37:50.314" endtime="20230710 05:37:50.720"/>
</kw>
<kw name="Complete Payment Successfully" library="booking">
<kw name="Simulate Success or Failure" library="booking">
<arg>success</arg>
<kw name="Wait For Elements State" library="Browser">
<arg>//a[contains(text(), 'Simulate ${which} to merchant')]</arg>
<arg>visible</arg>
<arg>timeout=${timeout}</arg>
<tag>PageContent</tag>
<tag>Wait</tag>
<doc>Waits for the element found by ``selector`` to satisfy state option.</doc>
<msg timestamp="20230710 05:37:58.548" level="INFO">Waited for Element with selector //a[contains(text(), 'Simulate success to merchant')] at state visible</msg>
<status status="PASS" starttime="20230710 05:37:50.721" endtime="20230710 05:37:58.548"/>
</kw>
<kw name="Click" library="Browser">
<arg>//a[contains(text(), 'Simulate ${which} to merchant')]</arg>
<tag>PageContent</tag>
<tag>Setter</tag>
<doc>Simulates mouse click on the element found by ``selector``.</doc>
<status status="PASS" starttime="20230710 05:37:58.549" endtime="20230710 05:38:01.550"/>
</kw>
<status status="PASS" starttime="20230710 05:37:50.720" endtime="20230710 05:38:01.550"/>
</kw>
<kw name="Verify Payment was successful" library="booking">
<kw name="Wait Until Visible" library="common">
<arg>//p[contains(text(), 'Payment was successful')]</arg>
<doc>An easier keyword for waiting until an element is visible</doc>
<kw name="Wait For Elements State" library="Browser">
<arg>${element}</arg>
<arg>visible</arg>
<arg>timeout=${timeout}</arg>
<tag>PageContent</tag>
<tag>Wait</tag>
<doc>Waits for the element found by ``selector`` to satisfy state option.</doc>
<msg timestamp="20230710 05:38:03.992" level="INFO">Waited for Element with selector //p[contains(text(), 'Payment was successful')] at state visible</msg>
<status status="PASS" starttime="20230710 05:38:01.551" endtime="20230710 05:38:03.992"/>
</kw>
<status status="PASS" starttime="20230710 05:38:01.551" endtime="20230710 05:38:03.993"/>
</kw>
<kw name="Close Dialog" library="booking">
<kw name="Wait Until Visible" library="common">
<arg>//button[contains(text(), "Ok")]</arg>
<doc>An easier keyword for waiting until an element is visible</doc>
<kw name="Wait For Elements State" library="Browser">
<arg>${element}</arg>
<arg>visible</arg>
<arg>timeout=${timeout}</arg>
<tag>PageContent</tag>
<tag>Wait</tag>
<doc>Waits for the element found by ``selector`` to satisfy state option.</doc>
<msg timestamp="20230710 05:38:04.006" level="INFO">Waited for Element with selector //button[contains(text(), "Ok")] at state visible</msg>
<status status="PASS" starttime="20230710 05:38:03.994" endtime="20230710 05:38:04.007"/>
</kw>
<status status="PASS" starttime="20230710 05:38:03.993" endtime="20230710 05:38:04.007"/>
</kw>
<kw name="Click" library="Browser">
<arg>//button[contains(text(), "Ok")]</arg>
<tag>PageContent</tag>
<tag>Setter</tag>
<doc>Simulates mouse click on the element found by ``selector``.</doc>
<status status="PASS" starttime="20230710 05:38:04.007" endtime="20230710 05:38:04.115"/>
</kw>
<status status="PASS" starttime="20230710 05:38:03.993" endtime="20230710 05:38:04.116"/>
</kw>
<kw name="Save Booking Number 1" library="booking">
<kw name="Get Text" library="Browser">
<var>${str}</var>
<arg>//p[contains(text(),'Booking number')]</arg>
<tag>Assertion</tag>
<tag>Getter</tag>
<tag>PageContent</tag>
<doc>Returns text attribute of the element found by ``selector``.</doc>
<msg timestamp="20230710 05:38:04.278" level="INFO">Text: 'Booking number: 857094693'</msg>
<msg timestamp="20230710 05:38:04.278" level="INFO">${str} = Booking number: 857094693</msg>
<status status="PASS" starttime="20230710 05:38:04.116" endtime="20230710 05:38:04.278"/>
</kw>
<kw name="Log To Console" library="BuiltIn">
<arg>${bookingNumber}</arg>
<doc>Logs the given message to the console.</doc>
<status status="PASS" starttime="20230710 05:38:04.278" endtime="20230710 05:38:04.279"/>
</kw>
<kw name="Remove String" library="String">
<var>${str}</var>
<arg>${str}</arg>
<arg>Booking code${SPACE}</arg>
<doc>Removes all ``removables`` from the given ``string``.</doc>
<msg timestamp="20230710 05:38:04.279" level="INFO">${str} = Booking number: 857094693</msg>
<status status="PASS" starttime="20230710 05:38:04.279" endtime="20230710 05:38:04.279"/>
</kw>
<kw name="Strip String" library="String">
<var>${str}</var>
<arg>${str}</arg>
<doc>Remove leading and/or trailing whitespaces from the given string.</doc>
<msg timestamp="20230710 05:38:04.280" level="INFO">${str} = Booking number: 857094693</msg>
<status status="PASS" starttime="20230710 05:38:04.279" endtime="20230710 05:38:04.280"/>
</kw>
<status status="PASS" starttime="20230710 05:38:04.116" endtime="20230710 05:38:04.280"/>
</kw>
<status status="PASS" starttime="20230710 05:38:01.551" endtime="20230710 05:38:04.280"/>
</kw>
<status status="PASS" starttime="20230710 05:37:50.720" endtime="20230710 05:38:04.280"/>
</kw>
<doc>A new booker opens the page and does a successful booking</doc>
<tag>smoke</tag>
<status status="PASS" starttime="20230710 05:37:34.956" endtime="20230710 05:38:04.281"/>
</test>
<test id="s1-s1-s1-s1-t2" name="Confirm Email and Open Link" line="26">
<kw name="Get Variable Value" library="BuiltIn">
<var>${id}</var>
<arg>$ID</arg>
<doc>Returns variable value or ``default`` if the variable does not exist.</doc>
<msg timestamp="20230710 05:38:04.287" level="INFO">${id} = f9549d6f-6ea8-4a93-8ede-af40d367b78c</msg>
<status status="PASS" starttime="20230710 05:38:04.286" endtime="20230710 05:38:04.287"/>
</kw>
<kw name="Wait for Latest Booking Confirmation and Extract Link" library="MailSlurp">
<var>${modify_link}</var>
<arg>${id}</arg>
<msg timestamp="20230710 05:38:17.312" level="INFO">${modify_link} = https://testnelson.page.link/?link=https%3A%2F%2Ftest4.omenahotels.com%2Fen%2Fbooking%2F%23%2Fmanage-booking%2F8467c0fb-393f-4ff9-830f-5f5cac944092%3FnewSession%3Dtrue%26email%3Df9549d6f-6ea8-4a93-8ed...</msg>
<status status="PASS" starttime="20230710 05:38:04.287" endtime="20230710 05:38:17.312"/>
</kw>
<kw name="Open New Browser To URL" library="common">
<arg>${modify_link}</arg>
<kw name="New Browser" library="Browser">
<arg>${browser}</arg>
<arg>${headless}</arg>
<arg>timeout=${timeout}</arg>
<tag>BrowserControl</tag>
<tag>Setter</tag>
<doc>Create a new playwright Browser with specified options.</doc>
<msg timestamp="20230710 05:38:17.313" level="INFO">Switching browser to browser=34fd75ab-8add-48b0-a792-957078d0520a</msg>
<msg timestamp="20230710 05:38:17.317" level="INFO">Successfully changed active browser</msg>
<msg timestamp="20230710 05:38:17.317" level="INFO">Reusing existing browser with id: browser=34fd75ab-8add-48b0-a792-957078d0520a</msg>
<status status="PASS" starttime="20230710 05:38:17.313" endtime="20230710 05:38:17.317"/>
</kw>
<kw name="Set Browser Timeout" library="Browser">
<arg>${timeout}</arg>
<tag>Config</tag>
<tag>Setter</tag>
<doc>Sets the timeout used by most input and getter keywords.</doc>
<status status="PASS" starttime="20230710 05:38:17.317" endtime="20230710 05:38:17.317"/>
</kw>
<kw name="New Context" library="Browser">
<tag>BrowserControl</tag>
<tag>Setter</tag>
<doc>Create a new BrowserContext with specified options.</doc>
<msg timestamp="20230710 05:38:17.318" level="INFO">{
  "acceptDownloads": true,
  "bypassCSP": false,
  "forcedColors": "none",
  "hideRfBrowser": false,
  "ignoreHTTPSErrors": false,
  "javaScriptEnabled": true,
  "offline": false,
  "reducedMotion": "no-preference",
  "viewport": {
    "height": 720,
    "width": 1280
  },
  "deprecated_pos_args": []
}</msg>
<msg timestamp="20230710 05:38:17.326" level="INFO">Successfully created context. </msg>
<msg timestamp="20230710 05:38:17.326" level="INFO">{'acceptDownloads': True, 'bypassCSP': False, 'forcedColors': 'none', 'hideRfBrowser': False, 'ignoreHTTPSErrors': False, 'javaScriptEnabled': True, 'offline': False, 'reducedMotion': 'no-preference', 'viewport': {'height': 720, 'width': 1280}, 'deprecated_pos_args': []}</msg>
<status status="PASS" starttime="20230710 05:38:17.318" endtime="20230710 05:38:17.326"/>
</kw>
<kw name="New Page" library="Browser">
<arg>${url}</arg>
<tag>BrowserControl</tag>
<tag>Setter</tag>
<doc>Open a new Page.</doc>
<msg timestamp="20230710 05:38:19.488" level="INFO">Successfully initialized new page object and opened url: https://testnelson.page.link/?link=https%3A%2F%2Ftest4.omenahotels.com%2Fen%2Fbooking%2F%23%2Fmanage-booking%2F8467c0fb-393f-4ff9-830f-5f5cac944092%3FnewSession%3Dtrue%26email%3Df9549d6f-6ea8-4a93-8ede-af40d367b78c%40mailslurp.com%26code%3D857094693%26isMembership%3Dtrue</msg>
<status status="PASS" starttime="20230710 05:38:17.326" endtime="20230710 05:38:19.488"/>
</kw>
<status status="PASS" starttime="20230710 05:38:17.312" endtime="20230710 05:38:19.489"/>
</kw>
<doc>A new booker receives an email with a link to modify the booking</doc>
<tag>smoke</tag>
<status status="PASS" starttime="20230710 05:38:04.285" endtime="20230710 05:38:19.489"/>
</test>
<kw name="Close Browser" library="Browser" type="TEARDOWN">
<tag>BrowserControl</tag>
<tag>Setter</tag>
<doc>Closes the current browser.</doc>
<msg timestamp="20230710 05:38:20.157" level="INFO">Closed browser</msg>
<status status="PASS" starttime="20230710 05:38:19.499" endtime="20230710 05:38:20.157"/>
</kw>
<doc>A test suite for verifying modify booking functionality</doc>
<status status="PASS" starttime="20230710 05:37:26.993" endtime="20230710 05:38:20.157"/>
</suite>
<status status="PASS" starttime="20230710 05:37:26.992" endtime="20230710 05:38:20.164"/>
</suite>
<status status="PASS" starttime="20230710 05:37:26.990" endtime="20230710 05:38:20.166"/>
</suite>
<doc>Argument file for running tests on Omena test4 environment (test4)</doc>
<status status="PASS" starttime="20230710 05:37:26.971" endtime="20230710 05:38:20.167"/>
</suite>
<statistics>
<total>
<stat pass="2" fail="0" skip="0">All Tests</stat>
</total>
<tag>
<stat pass="2" fail="0" skip="0">smoke</stat>
</tag>
<suite>
<stat pass="2" fail="0" skip="0" id="s1" name="Testsuites">Testsuites</stat>
<stat pass="2" fail="0" skip="0" id="s1-s1" name="BUI">Testsuites.BUI</stat>
<stat pass="2" fail="0" skip="0" id="s1-s1-s1" name="Regression">Testsuites.BUI.Regression</stat>
<stat pass="2" fail="0" skip="0" id="s1-s1-s1-s1" name="New Booking">Testsuites.BUI.Regression.New Booking</stat>
</suite>
</statistics>
<errors>
</errors>
</robot>
