<?xml version="1.0" encoding="UTF-8"?>
<robot generator="Robot 5.0.1 (Python 3.11.4 on win32)" generated="20230718 07:00:17.683" rpa="false" schemaversion="3">
<suite id="s1" name="Testsuites" source="C:\Users\SaraGilbert\nelson-test-automation\testsuites">
<suite id="s1-s1" name="BUI" source="C:\Users\SaraGilbert\nelson-test-automation\testsuites\BUI">
<suite id="s1-s1-s1" name="Regression" source="C:\Users\SaraGilbert\nelson-test-automation\testsuites\BUI\regression">
<suite id="s1-s1-s1-s1" name="New Booking" source="C:\Users\SaraGilbert\nelson-test-automation\testsuites\BUI\regression\new_booking.robot">
<kw name="Open Browser to Landing Page" library="common" type="SETUP">
<doc>A general startup keyword for opening a browser to the landing page.</doc>
<kw name="Open New Browser To URL" library="common">
<arg>${url}</arg>
<kw name="New Browser" library="Browser">
<arg>${browser}</arg>
<arg>${headless}</arg>
<arg>timeout=${timeout}</arg>
<tag>BrowserControl</tag>
<tag>Setter</tag>
<doc>Create a new playwright Browser with specified options.</doc>
<msg timestamp="20230718 07:00:18.894" level="INFO">{"browser": "firefox", "headless": true, "devtools": false, "handleSIGHUP": true, "handleSIGINT": true, "handleSIGTERM": true, "slowMo": 0.0, "timeout": 90000.0, "tracesDir": "C:\\Users\\SaraGilbert\\nelson-test-automation\\reports\\test4\\browser\\traces\\db8866ab-05bd-4e09-9cc4-db494c3370c4"}</msg>
<msg timestamp="20230718 07:00:20.160" level="INFO">Successfully created browser with options: {"browser":"firefox","headless":true,"devtools":false,"handleSIGHUP":true,"handleSIGINT":true,"handleSIGTERM":true,"slowMo":0,"timeout":90000,"tracesDir":"C:\\Users\\SaraGilbert\\nelson-test-automation\\reports\\test4\\browser\\traces\\db8866ab-05bd-4e09-9cc4-db494c3370c4"}</msg>
<status status="PASS" starttime="20230718 07:00:18.894" endtime="20230718 07:00:20.160"/>
</kw>
<kw name="Set Browser Timeout" library="Browser">
<arg>${timeout}</arg>
<tag>Config</tag>
<tag>Setter</tag>
<doc>Sets the timeout used by most input and getter keywords.</doc>
<msg timestamp="20230718 07:00:20.164" level="INFO">No context open.</msg>
<status status="PASS" starttime="20230718 07:00:20.161" endtime="20230718 07:00:20.164"/>
</kw>
<kw name="New Context" library="Browser">
<tag>BrowserControl</tag>
<tag>Setter</tag>
<doc>Create a new BrowserContext with specified options.</doc>
<msg timestamp="20230718 07:00:20.164" level="INFO">{
  "acceptDownloads": true,
  "bypassCSP": false,
  "forcedColors": "none",
  "hideRfBrowser": "",
  "ignoreHTTPSErrors": false,
  "javaScriptEnabled": true,
  "offline": false,
  "reducedMotion": "no-preference",
  "viewport": {
    "width": 1280,
    "height": 720
  }
}</msg>
<msg timestamp="20230718 07:00:20.198" level="INFO">Successfully created context. </msg>
<msg timestamp="20230718 07:00:20.198" level="INFO">{'acceptDownloads': True, 'bypassCSP': False, 'forcedColors': 'none', 'hideRfBrowser': '', 'ignoreHTTPSErrors': False, 'javaScriptEnabled': True, 'offline': False, 'reducedMotion': 'no-preference', 'viewport': {'width': 1280, 'height': 720}}</msg>
<status status="PASS" starttime="20230718 07:00:20.164" endtime="20230718 07:00:20.198"/>
</kw>
<kw name="New Page" library="Browser">
<arg>${url}</arg>
<tag>BrowserControl</tag>
<tag>Setter</tag>
<doc>Open a new Page.</doc>
<msg timestamp="20230718 07:00:23.475" level="INFO">Successfully initialized new page object and opened url: https://test4.omenahotels.com/en</msg>
<status status="PASS" starttime="20230718 07:00:20.198" endtime="20230718 07:00:23.475"/>
</kw>
<status status="PASS" starttime="20230718 07:00:18.894" endtime="20230718 07:00:23.475"/>
</kw>
<kw name="Wait Until Network Is Idle" library="Browser">
<tag>HTTP</tag>
<tag>Wait</tag>
<doc>Waits until there has been at least one instance of 500 ms of no network traffic on the page after loading.</doc>
<status status="PASS" starttime="20230718 07:00:23.476" endtime="20230718 07:00:24.128"/>
</kw>
<kw name="Allow Cookies" library="common">
<doc>Allow Cookies/Toggle Cookie allowance</doc>
<kw name="Is Element Found" library="common">
<var>${cookieModalVisible}</var>
<arg>id=CybotCookiebotDialogBodyLevelButtonLevelOptinAllowAll</arg>
<doc>A keyword that has a very complex way of figuring out whether an
element is found or not because I had trouble with the built-in keywords
Can be solved differently if you have a better idea</doc>
<kw name="Set Browser Timeout" library="Browser">
<arg>10s</arg>
<tag>Config</tag>
<tag>Setter</tag>
<doc>Sets the timeout used by most input and getter keywords.</doc>
<msg timestamp="20230718 07:00:24.134" level="INFO">Set timeout to: 10000</msg>
<status status="PASS" starttime="20230718 07:00:24.130" endtime="20230718 07:00:24.134"/>
</kw>
<try>
<branch type="TRY">
<kw name="Get Elements" library="Browser">
<var>${els}</var>
<arg>${selector}</arg>
<tag>Getter</tag>
<tag>PageContent</tag>
<doc>Returns a reference to Playwright [https://playwright.dev/docs/api/class-locator|Locator]
for all matched elements by ``selector``.</doc>
<msg timestamp="20230718 07:00:24.206" level="INFO">Found Locator@id=CybotCookiebotDialogBodyLevelButtonLevelOptinAllowAll &gt;&gt; nth=0 Locators successfully.</msg>
<msg timestamp="20230718 07:00:24.207" level="INFO">${els} = ['id=CybotCookiebotDialogBodyLevelButtonLevelOptinAllowAll &gt;&gt; nth=0']</msg>
<status status="PASS" starttime="20230718 07:00:24.135" endtime="20230718 07:00:24.207"/>
</kw>
<kw name="Get Length" library="BuiltIn">
<var>${count}</var>
<arg>${els}</arg>
<doc>Returns and logs the length of the given item as an integer.</doc>
<msg timestamp="20230718 07:00:24.207" level="INFO">Length is 1</msg>
<msg timestamp="20230718 07:00:24.207" level="INFO">${count} = 1</msg>
<status status="PASS" starttime="20230718 07:00:24.207" endtime="20230718 07:00:24.207"/>
</kw>
<if>
<branch type="IF" condition="${count} &gt; 0">
<kw name="Set Variable" library="BuiltIn">
<var>${visible}</var>
<arg>True</arg>
<doc>Returns the given values which can then be assigned to a variables.</doc>
<msg timestamp="20230718 07:00:24.208" level="INFO">${visible} = True</msg>
<status status="PASS" starttime="20230718 07:00:24.208" endtime="20230718 07:00:24.208"/>
</kw>
<status status="PASS" starttime="20230718 07:00:24.208" endtime="20230718 07:00:24.208"/>
</branch>
<branch type="ELSE">
<kw name="Set Variable" library="BuiltIn">
<var>${visible}</var>
<arg>False</arg>
<doc>Returns the given values which can then be assigned to a variables.</doc>
<status status="NOT RUN" starttime="20230718 07:00:24.208" endtime="20230718 07:00:24.209"/>
</kw>
<status status="NOT RUN" starttime="20230718 07:00:24.208" endtime="20230718 07:00:24.209"/>
</branch>
<status status="PASS" starttime="20230718 07:00:24.207" endtime="20230718 07:00:24.209"/>
</if>
<status status="PASS" starttime="20230718 07:00:24.135" endtime="20230718 07:00:24.209"/>
</branch>
<branch type="EXCEPT">
<kw name="Set Variable" library="BuiltIn">
<var>${visible}</var>
<arg>False</arg>
<doc>Returns the given values which can then be assigned to a variables.</doc>
<status status="NOT RUN" starttime="20230718 07:00:24.209" endtime="20230718 07:00:24.209"/>
</kw>
<status status="NOT RUN" starttime="20230718 07:00:24.209" endtime="20230718 07:00:24.209"/>
</branch>
<status status="PASS" starttime="20230718 07:00:24.135" endtime="20230718 07:00:24.209"/>
</try>
<kw name="Set Browser Timeout" library="Browser">
<arg>${timeout}</arg>
<tag>Config</tag>
<tag>Setter</tag>
<doc>Sets the timeout used by most input and getter keywords.</doc>
<msg timestamp="20230718 07:00:24.214" level="INFO">Set timeout to: 90000</msg>
<status status="PASS" starttime="20230718 07:00:24.210" endtime="20230718 07:00:24.214"/>
</kw>
<msg timestamp="20230718 07:00:24.215" level="INFO">${cookieModalVisible} = True</msg>
<status status="PASS" starttime="20230718 07:00:24.129" endtime="20230718 07:00:24.215"/>
</kw>
<if>
<branch type="IF" condition="${cookieModalVisible}">
<kw name="Click" library="Browser">
<arg>id=CybotCookiebotDialogBodyLevelButtonLevelOptinAllowAll</arg>
<tag>PageContent</tag>
<tag>Setter</tag>
<doc>Simulates mouse click on the element found by ``selector``.</doc>
<status status="PASS" starttime="20230718 07:00:24.216" endtime="20230718 07:00:24.312"/>
</kw>
<status status="PASS" starttime="20230718 07:00:24.215" endtime="20230718 07:00:24.313"/>
</branch>
<branch type="ELSE">
<kw name="Log" library="BuiltIn">
<arg>No Cookie Modal Visible</arg>
<doc>Logs the given message with the given level.</doc>
<status status="NOT RUN" starttime="20230718 07:00:24.313" endtime="20230718 07:00:24.314"/>
</kw>
<status status="NOT RUN" starttime="20230718 07:00:24.313" endtime="20230718 07:00:24.314"/>
</branch>
<status status="PASS" starttime="20230718 07:00:24.215" endtime="20230718 07:00:24.314"/>
</if>
<status status="PASS" starttime="20230718 07:00:24.129" endtime="20230718 07:00:24.314"/>
</kw>
<kw name="Set Environment" library="common">
<kw name="Get Url" library="Browser">
<var>${currentUrl}</var>
<tag>Assertion</tag>
<tag>Getter</tag>
<tag>PageContent</tag>
<doc>Returns the current URL.</doc>
<msg timestamp="20230718 07:00:24.320" level="INFO">${currentUrl} = https://test4.omenahotels.com/en/</msg>
<status status="PASS" starttime="20230718 07:00:24.314" endtime="20230718 07:00:24.320"/>
</kw>
<kw name="Get Environment From Url" library="Helpers">
<var>${env}</var>
<arg>${currentUrl}</arg>
<msg timestamp="20230718 07:00:24.321" level="INFO">${env} = test-omena</msg>
<status status="PASS" starttime="20230718 07:00:24.320" endtime="20230718 07:00:24.321"/>
</kw>
<kw name="Set Variable" library="BuiltIn">
<arg>${environment}</arg>
<arg>${env}</arg>
<doc>Returns the given values which can then be assigned to a variables.</doc>
<status status="PASS" starttime="20230718 07:00:24.321" endtime="20230718 07:00:24.321"/>
</kw>
<status status="PASS" starttime="20230718 07:00:24.314" endtime="20230718 07:00:24.321"/>
</kw>
<status status="PASS" starttime="20230718 07:00:18.894" endtime="20230718 07:00:24.321"/>
</kw>
<test id="s1-s1-s1-s1-t1" name="Create A New Booking as" line="12">
<kw name="Select Hotel" library="booking">
<doc>Select Hotel by using a number as an argument, default Lönnrotinkatu</doc>
<if>
<branch type="IF" condition="&quot;${environment}&quot; == &quot;test-exhibition&quot;">
<kw name="Log" library="BuiltIn">
<arg>No hotel to be selected</arg>
<doc>Logs the given message with the given level.</doc>
<status status="NOT RUN" starttime="20230718 07:00:24.323" endtime="20230718 07:00:24.323"/>
</kw>
<status status="NOT RUN" starttime="20230718 07:00:24.323" endtime="20230718 07:00:24.323"/>
</branch>
<branch type="ELSE">
<kw name="Log" library="BuiltIn">
<arg>Selecting Hotel: ${hotel}</arg>
<doc>Logs the given message with the given level.</doc>
<msg timestamp="20230718 07:00:24.324" level="INFO">Selecting Hotel: Lönnrotin</msg>
<status status="PASS" starttime="20230718 07:00:24.324" endtime="20230718 07:00:24.324"/>
</kw>
<kw name="Click" library="Browser">
<arg>//div[contains(@data-nelson-btn, "hotels")]</arg>
<tag>PageContent</tag>
<tag>Setter</tag>
<doc>Simulates mouse click on the element found by ``selector``.</doc>
<status status="PASS" starttime="20230718 07:00:24.324" endtime="20230718 07:00:24.523"/>
</kw>
<kw name="Wait Until Visible" library="common">
<arg>//a[contains(@class, 'dropdown-item') and contains(text(), '${hotel}')]</arg>
<doc>An easier keyword for waiting until an element is visible</doc>
<kw name="Wait For Elements State" library="Browser">
<arg>${element}</arg>
<arg>visible</arg>
<arg>timeout=${timeout}</arg>
<tag>PageContent</tag>
<tag>Wait</tag>
<doc>Waits for the element found by ``selector`` to satisfy state option.</doc>
<msg timestamp="20230718 07:00:24.536" level="INFO">Waited for Element with selector //a[contains(@class, 'dropdown-item') and contains(text(), 'Lönnrotin')] at state visible</msg>
<status status="PASS" starttime="20230718 07:00:24.524" endtime="20230718 07:00:24.536"/>
</kw>
<status status="PASS" starttime="20230718 07:00:24.523" endtime="20230718 07:00:24.536"/>
</kw>
<kw name="Click" library="Browser">
<arg>//a[contains(@class, 'dropdown-item') and contains(text(), '${hotel}')]</arg>
<tag>PageContent</tag>
<tag>Setter</tag>
<doc>Simulates mouse click on the element found by ``selector``.</doc>
<status status="PASS" starttime="20230718 07:00:24.536" endtime="20230718 07:00:24.672"/>
</kw>
<kw name="Wait For Elements State" library="Browser">
<arg>//a[contains(@class, 'dropdown-item') and contains(text(), '${hotel}')]</arg>
<arg>hidden</arg>
<arg>timeout=3s</arg>
<tag>PageContent</tag>
<tag>Wait</tag>
<doc>Waits for the element found by ``selector`` to satisfy state option.</doc>
<msg timestamp="20230718 07:00:24.745" level="INFO">Waited for Element with selector //a[contains(@class, 'dropdown-item') and contains(text(), 'Lönnrotin')] at state hidden</msg>
<status status="PASS" starttime="20230718 07:00:24.672" endtime="20230718 07:00:24.745"/>
</kw>
<status status="PASS" starttime="20230718 07:00:24.324" endtime="20230718 07:00:24.745"/>
</branch>
<status status="PASS" starttime="20230718 07:00:24.323" endtime="20230718 07:00:24.746"/>
</if>
<status status="PASS" starttime="20230718 07:00:24.323" endtime="20230718 07:00:24.746"/>
</kw>
<kw name="Select Dates" library="booking">
<kw name="Log" library="BuiltIn">
<arg>${EMPTY}</arg>
<doc>Logs the given message with the given level.</doc>
<msg timestamp="20230718 07:00:24.748" level="INFO"/>
<status status="PASS" starttime="20230718 07:00:24.747" endtime="20230718 07:00:24.748"/>
</kw>
<status status="PASS" starttime="20230718 07:00:24.746" endtime="20230718 07:00:24.749"/>
</kw>
<kw name="Select Guests" library="booking">
<doc>Selects the number of guests for the booking, current implementation will only check the dropdown</doc>
<kw name="Log To Console" library="BuiltIn">
<arg>${EMPTY}</arg>
<doc>Logs the given message to the console.</doc>
<status status="PASS" starttime="20230718 07:00:24.754" endtime="20230718 07:00:24.756"/>
</kw>
<status status="PASS" starttime="20230718 07:00:24.754" endtime="20230718 07:00:24.756"/>
</kw>
<kw name="Click Book or Find Rooms Button" library="booking">
<kw name="Get Url" library="Browser">
<var>${url}</var>
<tag>Assertion</tag>
<tag>Getter</tag>
<tag>PageContent</tag>
<doc>Returns the current URL.</doc>
<msg timestamp="20230718 07:00:24.761" level="INFO">${url} = https://test4.omenahotels.com/en/#</msg>
<status status="PASS" starttime="20230718 07:00:24.757" endtime="20230718 07:00:24.761"/>
</kw>
<kw name="Check If String Contains" library="common">
<var>${booking}</var>
<arg>${url}</arg>
<arg>/booking/</arg>
<kw name="Check If String Contains Substring" library="Helpers">
<var>${contains}</var>
<arg>${string}</arg>
<arg>${substring}</arg>
<msg timestamp="20230718 07:00:24.763" level="INFO">${contains} = False</msg>
<status status="PASS" starttime="20230718 07:00:24.762" endtime="20230718 07:00:24.763"/>
</kw>
<msg timestamp="20230718 07:00:24.763" level="INFO">${booking} = False</msg>
<status status="PASS" starttime="20230718 07:00:24.762" endtime="20230718 07:00:24.763"/>
</kw>
<if>
<branch type="IF" condition="${booking} == True">
<kw name="Click" library="Browser">
<arg>//button[contains(@class, 'booking-form-button') and contains(text(), 'Find rooms')]</arg>
<tag>PageContent</tag>
<tag>Setter</tag>
<doc>Simulates mouse click on the element found by ``selector``.</doc>
<status status="NOT RUN" starttime="20230718 07:00:24.764" endtime="20230718 07:00:24.764"/>
</kw>
<status status="NOT RUN" starttime="20230718 07:00:24.763" endtime="20230718 07:00:24.764"/>
</branch>
<branch type="ELSE">
<kw name="Click" library="Browser">
<arg>//button[contains(@class, 'booking-form-button') and contains(text(), 'Book')]</arg>
<tag>PageContent</tag>
<tag>Setter</tag>
<doc>Simulates mouse click on the element found by ``selector``.</doc>
<status status="PASS" starttime="20230718 07:00:24.764" endtime="20230718 07:00:25.091"/>
</kw>
<status status="PASS" starttime="20230718 07:00:24.764" endtime="20230718 07:00:25.091"/>
</branch>
<status status="PASS" starttime="20230718 07:00:24.763" endtime="20230718 07:00:25.092"/>
</if>
<status status="PASS" starttime="20230718 07:00:24.757" endtime="20230718 07:00:25.092"/>
</kw>
<kw name="Select a Standard Room" library="booking">
<kw name="Wait Until Visible" library="common">
<arg>${btnExtras}</arg>
<doc>An easier keyword for waiting until an element is visible</doc>
<kw name="Wait For Elements State" library="Browser">
<arg>${element}</arg>
<arg>visible</arg>
<arg>timeout=${timeout}</arg>
<tag>PageContent</tag>
<tag>Wait</tag>
<doc>Waits for the element found by ``selector`` to satisfy state option.</doc>
<msg timestamp="20230718 07:00:27.735" level="INFO">Waited for Element with selector (//div[contains(@view,"booking")]//button[contains(text(), "Continue to extras")])[1] at state visible</msg>
<status status="PASS" starttime="20230718 07:00:25.093" endtime="20230718 07:00:27.736"/>
</kw>
<status status="PASS" starttime="20230718 07:00:25.092" endtime="20230718 07:00:27.736"/>
</kw>
<kw name="Get Element States" library="Browser">
<var>${visible}</var>
<arg>//div[contains(text(), 'Select room')]</arg>
<arg>then</arg>
<arg>bool(value &amp; visible)</arg>
<tag>Assertion</tag>
<tag>Getter</tag>
<tag>PageContent</tag>
<doc>Get the active states from the element found by ``selector``.</doc>
<msg timestamp="20230718 07:00:28.001" level="INFO">${visible} = False</msg>
<status status="PASS" starttime="20230718 07:00:27.736" endtime="20230718 07:00:28.001"/>
</kw>
<kw name="Run Keyword If" library="BuiltIn">
<arg>${visible}</arg>
<arg>Select Standard and Remove Other Room Selection</arg>
<doc>Runs the given keyword with the given arguments, if ``condition`` is true.</doc>
<status status="PASS" starttime="20230718 07:00:28.002" endtime="20230718 07:00:28.002"/>
</kw>
<status status="PASS" starttime="20230718 07:00:25.092" endtime="20230718 07:00:28.002"/>
</kw>
<kw name="Click Continue to Extras Button" library="booking">
<doc>Clicks the continue to extras button</doc>
<kw name="Click" library="Browser">
<arg>${btnExtras}</arg>
<tag>PageContent</tag>
<tag>Setter</tag>
<doc>Simulates mouse click on the element found by ``selector``.</doc>
<kw name="Take Custom Screenshot" library="common">
<doc>Sets the screenshot directory and filename</doc>
<kw name="Take Screenshot" library="Browser">
<arg>filename=${OUTPUTDIR}/screenshots/${SUITE NAME}_${TEST NAME}_{index}.png</arg>
<tag>PageContent</tag>
<doc>Takes a screenshot of the current window or element and saves it to disk.</doc>
<msg timestamp="20230718 07:01:58.148" level="INFO" html="true">&lt;/td&gt;&lt;/tr&gt;&lt;tr&gt;&lt;td colspan="3"&gt;&lt;a href="screenshots/Testsuites.BUI.Regression.New%20Booking_Create%20A%20New%20Booking%20as_1.png" target="_blank"&gt;&lt;img src="screenshots/Testsuites.BUI.Regression.New%20Booking_Create%20A%20New%20Booking%20as_1.png" width="800px"/&gt;&lt;/a&gt;</msg>
<status status="PASS" starttime="20230718 07:01:58.028" endtime="20230718 07:01:58.148"/>
</kw>
<status status="PASS" starttime="20230718 07:01:58.016" endtime="20230718 07:01:58.148"/>
</kw>
<msg timestamp="20230718 07:01:58.148" level="INFO">See also file:///C:/Users/SaraGilbert/nelson-test-automation/reports/test4/playwright-log.txt for additional details.</msg>
<msg timestamp="20230718 07:01:58.148" level="FAIL">TimeoutError: locator.click: Timeout 90000ms exceeded.
=========================== logs ===========================
waiting for locator('xpath=(//div[contains(@view,"booking")]//button[contains(text(), "Continue to extras")])[1]')
  locator resolved to &lt;button disabled type="button" class="chakra-button css-…&gt;Continue to extras&lt;/button&gt;
attempting click action
  waiting for element to be visible, enabled and stable
    element is not enabled - waiting...
element was detached from the DOM, retrying
  locator resolved to &lt;button disabled type="button" class="chakra-button css-…&gt;Continue to extras&lt;/button&gt;
attempting click action
  waiting for element to be visible, enabled and stable
    element is not enabled - waiting...
element was detached from the DOM, retrying
  locator resolved to &lt;button disabled type="button" class="chakra-button css-…&gt;Continue to extras&lt;/button&gt;
attempting click action
  waiting for element to be visible, enabled and stable
    element is not enabled - waiting...
element was detached from the DOM, retrying
  locator resolved to &lt;button disabled type="button" class="chakra-button css-…&gt;Continue to extras&lt;/button&gt;
attempting click action
  waiting for element to be visible, enabled and stable
    element is not enabled - waiting...
============================================================
Tip: Use "Set Browser Timeout" for increasing the timeout or double check your locator as the targeted element(s) couldn't be found.</msg>
<status status="FAIL" starttime="20230718 07:00:28.003" endtime="20230718 07:01:58.199"/>
</kw>
<kw name="Wait Until Visible" library="common">
<arg>${btnPayment}</arg>
<doc>An easier keyword for waiting until an element is visible</doc>
<status status="NOT RUN" starttime="20230718 07:01:58.199" endtime="20230718 07:01:58.199"/>
</kw>
<status status="FAIL" starttime="20230718 07:00:28.002" endtime="20230718 07:01:58.199"/>
</kw>
<kw name="Continue to Payment" library="booking">
<status status="NOT RUN" starttime="20230718 07:01:58.199" endtime="20230718 07:01:58.199"/>
</kw>
<kw name="Fill in Contact Information" library="booking">
<doc>Fills in Contact information that can be given as arguments or use default values
Uses a password if the environment is bui and</doc>
<status status="NOT RUN" starttime="20230718 07:01:58.199" endtime="20230718 07:01:58.199"/>
</kw>
<kw name="Accept offers and Terms" library="booking">
<status status="NOT RUN" starttime="20230718 07:01:58.199" endtime="20230718 07:01:58.199"/>
</kw>
<kw name="Select Web Bank and Nordea as Payment Method" library="booking">
<status status="NOT RUN" starttime="20230718 07:01:58.206" endtime="20230718 07:01:58.206"/>
</kw>
<kw name="Complete Payment Successfully" library="booking">
<status status="NOT RUN" starttime="20230718 07:01:58.206" endtime="20230718 07:01:58.206"/>
</kw>
<doc>A new booker opens the page and does a successful booking</doc>
<tag>smoke</tag>
<status status="FAIL" starttime="20230718 07:00:24.321" endtime="20230718 07:01:58.207">TimeoutError: locator.click: Timeout 90000ms exceeded.
=========================== logs ===========================
waiting for locator('xpath=(//div[contains(@view,"booking")]//button[contains(text(), "Continue to extras")])[1]')
  locator resolved to &lt;button disabled type="button" class="chakra-button css-…&gt;Continue to extras&lt;/button&gt;
attempting click action
  waiting for element to be visible, enabled and stable
    element is not enabled - waiting...
element was detached from the DOM, retrying
  locator resolved to &lt;button disabled type="button" class="chakra-button css-…&gt;Continue to extras&lt;/button&gt;
attempting click action
  waiting for element to be visible, enabled and stable
    element is not enabled - waiting...
element was detached from the DOM, retrying
  locator resolved to &lt;button disabled type="button" class="chakra-button css-…&gt;Continue to extras&lt;/button&gt;
attempting click action
  waiting for element to be visible, enabled and stable
    element is not enabled - waiting...
element was detached from the DOM, retrying
  locator resolved to &lt;button disabled type="button" class="chakra-button css-…&gt;Continue to extras&lt;/button&gt;
attempting click action
  waiting for element to be visible, enabled and stable
    element is not enabled - waiting...
============================================================
Tip: Use "Set Browser Timeout" for increasing the timeout or double check your locator as the targeted element(s) couldn't be found.</status>
</test>
<test id="s1-s1-s1-s1-t2" name="Confirm Email and Open Link" line="26">
<kw name="Get Variable Value" library="BuiltIn">
<var>${id}</var>
<arg>$ID</arg>
<doc>Returns variable value or ``default`` if the variable does not exist.</doc>
<msg timestamp="20230718 07:01:58.218" level="INFO">${id} = None</msg>
<status status="PASS" starttime="20230718 07:01:58.217" endtime="20230718 07:01:58.218"/>
</kw>
<kw name="Wait for Latest Booking Confirmation and Extract Link" library="MailSlurp">
<var>${modify_link}</var>
<arg>${id}</arg>
<msg timestamp="20230718 07:01:58.218" level="FAIL">ApiValueError: Missing the required parameter `inbox_id` when calling `wait_for_matching_emails`</msg>
<status status="FAIL" starttime="20230718 07:01:58.218" endtime="20230718 07:01:58.228"/>
</kw>
<kw name="Open New Browser To URL" library="common">
<arg>${modify_link}</arg>
<status status="NOT RUN" starttime="20230718 07:01:58.228" endtime="20230718 07:01:58.229"/>
</kw>
<doc>A new booker receives an email with a link to modify the booking</doc>
<tag>smoke</tag>
<status status="FAIL" starttime="20230718 07:01:58.216" endtime="20230718 07:01:58.230">ApiValueError: Missing the required parameter `inbox_id` when calling `wait_for_matching_emails`</status>
</test>
<kw name="Close Browser" library="Browser" type="TEARDOWN">
<tag>BrowserControl</tag>
<tag>Setter</tag>
<doc>Closes the current browser.</doc>
<msg timestamp="20230718 07:01:58.896" level="INFO">Closed browser</msg>
<status status="PASS" starttime="20230718 07:01:58.234" endtime="20230718 07:01:58.896"/>
</kw>
<doc>A test suite for verifying modify booking functionality</doc>
<status status="FAIL" starttime="20230718 07:00:17.700" endtime="20230718 07:01:58.896"/>
</suite>
<status status="FAIL" starttime="20230718 07:00:17.700" endtime="20230718 07:01:58.903"/>
</suite>
<status status="FAIL" starttime="20230718 07:00:17.700" endtime="20230718 07:01:58.904"/>
</suite>
<doc>Argument file for running tests on Omena test4 environment (test4)</doc>
<status status="FAIL" starttime="20230718 07:00:17.685" endtime="20230718 07:01:58.905"/>
</suite>
<statistics>
<total>
<stat pass="0" fail="2" skip="0">All Tests</stat>
</total>
<tag>
<stat pass="0" fail="2" skip="0">smoke</stat>
</tag>
<suite>
<stat pass="0" fail="2" skip="0" id="s1" name="Testsuites">Testsuites</stat>
<stat pass="0" fail="2" skip="0" id="s1-s1" name="BUI">Testsuites.BUI</stat>
<stat pass="0" fail="2" skip="0" id="s1-s1-s1" name="Regression">Testsuites.BUI.Regression</stat>
<stat pass="0" fail="2" skip="0" id="s1-s1-s1-s1" name="New Booking">Testsuites.BUI.Regression.New Booking</stat>
</suite>
</statistics>
<errors>
</errors>
</robot>
