<?xml version="1.0" encoding="UTF-8"?>
<robot generator="Robot 5.0.1 (Python 3.10.12 on linux)" generated="20230712 17:42:11.421" rpa="false" schemaversion="3">
<suite id="s1" name="Testsuites" source="/home/runner/work/nelson-test-automation/nelson-test-automation/testsuites">
<suite id="s1-s1" name="BUI" source="/home/runner/work/nelson-test-automation/nelson-test-automation/testsuites/BUI">
<suite id="s1-s1-s1" name="Regression" source="/home/runner/work/nelson-test-automation/nelson-test-automation/testsuites/BUI/regression">
<suite id="s1-s1-s1-s1" name="New Booking" source="/home/runner/work/nelson-test-automation/nelson-test-automation/testsuites/BUI/regression/new_booking.robot">
<kw name="Open Browser to Landing Page" library="common" type="SETUP">
<doc>A general startup keyword for opening a browser to the landing page.</doc>
<kw name="Open New Browser To URL" library="common">
<arg>${url}</arg>
<kw name="New Browser" library="Browser">
<arg>${browser}</arg>
<arg>${headless}</arg>
<arg>timeout=${timeout}</arg>
<tag>BrowserControl</tag>
<tag>Setter</tag>
<doc>Create a new playwright Browser with specified options.</doc>
<msg timestamp="20230712 17:42:12.348" level="INFO">{"browser": "firefox", "headless": true, "devtools": false, "handleSIGHUP": true, "handleSIGINT": true, "handleSIGTERM": true, "slowMo": 0.0, "timeout": 90000.0, "tracesDir": "/home/runner/work/nelson-test-automation/nelson-test-automation/reports/test4/browser/traces/d25437b0-a8d2-4526-aa54-37bc5d152292"}</msg>
<msg timestamp="20230712 17:42:14.527" level="INFO">Successfully created browser with options: {"browser":"firefox","headless":true,"devtools":false,"handleSIGHUP":true,"handleSIGINT":true,"handleSIGTERM":true,"slowMo":0,"timeout":90000,"tracesDir":"/home/runner/work/nelson-test-automation/nelson-test-automation/reports/test4/browser/traces/d25437b0-a8d2-4526-aa54-37bc5d152292"}</msg>
<status status="PASS" starttime="20230712 17:42:12.347" endtime="20230712 17:42:14.527"/>
</kw>
<kw name="Set Browser Timeout" library="Browser">
<arg>${timeout}</arg>
<tag>Config</tag>
<tag>Setter</tag>
<doc>Sets the timeout used by most input and getter keywords.</doc>
<msg timestamp="20230712 17:42:14.531" level="INFO">No context open.</msg>
<status status="PASS" starttime="20230712 17:42:14.527" endtime="20230712 17:42:14.531"/>
</kw>
<kw name="New Context" library="Browser">
<tag>BrowserControl</tag>
<tag>Setter</tag>
<doc>Create a new BrowserContext with specified options.</doc>
<msg timestamp="20230712 17:42:14.532" level="INFO">{
  "acceptDownloads": true,
  "bypassCSP": false,
  "forcedColors": "none",
  "hideRfBrowser": "",
  "ignoreHTTPSErrors": false,
  "javaScriptEnabled": true,
  "offline": false,
  "reducedMotion": "no-preference",
  "viewport": {
    "height": 720,
    "width": 1280
  }
}</msg>
<msg timestamp="20230712 17:42:14.652" level="INFO">Successfully created context. </msg>
<msg timestamp="20230712 17:42:14.652" level="INFO">{'acceptDownloads': True, 'bypassCSP': False, 'forcedColors': 'none', 'hideRfBrowser': '', 'ignoreHTTPSErrors': False, 'javaScriptEnabled': True, 'offline': False, 'reducedMotion': 'no-preference', 'viewport': {'height': 720, 'width': 1280}}</msg>
<status status="PASS" starttime="20230712 17:42:14.531" endtime="20230712 17:42:14.652"/>
</kw>
<kw name="New Page" library="Browser">
<arg>${url}</arg>
<tag>BrowserControl</tag>
<tag>Setter</tag>
<doc>Open a new Page.</doc>
<msg timestamp="20230712 17:42:20.147" level="INFO">Successfully initialized new page object and opened url: https://test4.omenahotels.com/en</msg>
<status status="PASS" starttime="20230712 17:42:14.653" endtime="20230712 17:42:20.147"/>
</kw>
<status status="PASS" starttime="20230712 17:42:12.347" endtime="20230712 17:42:20.147"/>
</kw>
<kw name="Wait Until Network Is Idle" library="Browser">
<tag>HTTP</tag>
<tag>Wait</tag>
<doc>Waits until there has been at least one instance of 500 ms of no network traffic on the page after loading.</doc>
<status status="PASS" starttime="20230712 17:42:20.148" endtime="20230712 17:42:20.725"/>
</kw>
<kw name="Allow Cookies" library="common">
<doc>Allow Cookies/Toggle Cookie allowance</doc>
<kw name="Is Element Found" library="common">
<var>${cookieModalVisible}</var>
<arg>id=CybotCookiebotDialogBodyLevelButtonLevelOptinAllowAll</arg>
<doc>A keyword that has a very complex way of figuring out whether an
element is found or not because I had trouble with the built-in keywords
Can be solved differently if you have a better idea</doc>
<kw name="Set Browser Timeout" library="Browser">
<arg>10s</arg>
<tag>Config</tag>
<tag>Setter</tag>
<doc>Sets the timeout used by most input and getter keywords.</doc>
<msg timestamp="20230712 17:42:20.729" level="INFO">Set timeout to: 10000</msg>
<status status="PASS" starttime="20230712 17:42:20.726" endtime="20230712 17:42:20.729"/>
</kw>
<try>
<branch type="TRY">
<kw name="Get Elements" library="Browser">
<var>${els}</var>
<arg>${selector}</arg>
<tag>Getter</tag>
<tag>PageContent</tag>
<doc>Returns a reference to Playwright [https://playwright.dev/docs/api/class-locator|Locator]
for all matched elements by ``selector``.</doc>
<msg timestamp="20230712 17:42:20.782" level="INFO">Found Locator@id=CybotCookiebotDialogBodyLevelButtonLevelOptinAllowAll &gt;&gt; nth=0 Locators successfully.</msg>
<msg timestamp="20230712 17:42:20.782" level="INFO">${els} = ['id=CybotCookiebotDialogBodyLevelButtonLevelOptinAllowAll &gt;&gt; nth=0']</msg>
<status status="PASS" starttime="20230712 17:42:20.729" endtime="20230712 17:42:20.782"/>
</kw>
<kw name="Get Length" library="BuiltIn">
<var>${count}</var>
<arg>${els}</arg>
<doc>Returns and logs the length of the given item as an integer.</doc>
<msg timestamp="20230712 17:42:20.783" level="INFO">Length is 1</msg>
<msg timestamp="20230712 17:42:20.783" level="INFO">${count} = 1</msg>
<status status="PASS" starttime="20230712 17:42:20.782" endtime="20230712 17:42:20.783"/>
</kw>
<if>
<branch type="IF" condition="${count} &gt; 0">
<kw name="Set Variable" library="BuiltIn">
<var>${visible}</var>
<arg>True</arg>
<doc>Returns the given values which can then be assigned to a variables.</doc>
<msg timestamp="20230712 17:42:20.784" level="INFO">${visible} = True</msg>
<status status="PASS" starttime="20230712 17:42:20.783" endtime="20230712 17:42:20.784"/>
</kw>
<status status="PASS" starttime="20230712 17:42:20.783" endtime="20230712 17:42:20.784"/>
</branch>
<branch type="ELSE">
<kw name="Set Variable" library="BuiltIn">
<var>${visible}</var>
<arg>False</arg>
<doc>Returns the given values which can then be assigned to a variables.</doc>
<status status="NOT RUN" starttime="20230712 17:42:20.784" endtime="20230712 17:42:20.785"/>
</kw>
<status status="NOT RUN" starttime="20230712 17:42:20.784" endtime="20230712 17:42:20.785"/>
</branch>
<status status="PASS" starttime="20230712 17:42:20.783" endtime="20230712 17:42:20.785"/>
</if>
<status status="PASS" starttime="20230712 17:42:20.729" endtime="20230712 17:42:20.785"/>
</branch>
<branch type="EXCEPT">
<kw name="Set Variable" library="BuiltIn">
<var>${visible}</var>
<arg>False</arg>
<doc>Returns the given values which can then be assigned to a variables.</doc>
<status status="NOT RUN" starttime="20230712 17:42:20.785" endtime="20230712 17:42:20.785"/>
</kw>
<status status="NOT RUN" starttime="20230712 17:42:20.785" endtime="20230712 17:42:20.786"/>
</branch>
<status status="PASS" starttime="20230712 17:42:20.729" endtime="20230712 17:42:20.786"/>
</try>
<kw name="Set Browser Timeout" library="Browser">
<arg>${timeout}</arg>
<tag>Config</tag>
<tag>Setter</tag>
<doc>Sets the timeout used by most input and getter keywords.</doc>
<msg timestamp="20230712 17:42:20.789" level="INFO">Set timeout to: 90000</msg>
<status status="PASS" starttime="20230712 17:42:20.786" endtime="20230712 17:42:20.789"/>
</kw>
<msg timestamp="20230712 17:42:20.789" level="INFO">${cookieModalVisible} = True</msg>
<status status="PASS" starttime="20230712 17:42:20.725" endtime="20230712 17:42:20.789"/>
</kw>
<if>
<branch type="IF" condition="${cookieModalVisible}">
<kw name="Click" library="Browser">
<arg>id=CybotCookiebotDialogBodyLevelButtonLevelOptinAllowAll</arg>
<tag>PageContent</tag>
<tag>Setter</tag>
<doc>Simulates mouse click on the element found by ``selector``.</doc>
<status status="PASS" starttime="20230712 17:42:20.790" endtime="20230712 17:42:20.866"/>
</kw>
<status status="PASS" starttime="20230712 17:42:20.790" endtime="20230712 17:42:20.866"/>
</branch>
<branch type="ELSE">
<kw name="Log" library="BuiltIn">
<arg>No Cookie Modal Visible</arg>
<doc>Logs the given message with the given level.</doc>
<status status="NOT RUN" starttime="20230712 17:42:20.866" endtime="20230712 17:42:20.867"/>
</kw>
<status status="NOT RUN" starttime="20230712 17:42:20.866" endtime="20230712 17:42:20.867"/>
</branch>
<status status="PASS" starttime="20230712 17:42:20.789" endtime="20230712 17:42:20.867"/>
</if>
<status status="PASS" starttime="20230712 17:42:20.725" endtime="20230712 17:42:20.867"/>
</kw>
<kw name="Set Environment" library="common">
<kw name="Get Url" library="Browser">
<var>${currentUrl}</var>
<tag>Assertion</tag>
<tag>Getter</tag>
<tag>PageContent</tag>
<doc>Returns the current URL.</doc>
<msg timestamp="20230712 17:42:20.870" level="INFO">${currentUrl} = https://test4.omenahotels.com/en/</msg>
<status status="PASS" starttime="20230712 17:42:20.867" endtime="20230712 17:42:20.870"/>
</kw>
<kw name="Get Environment From Url" library="Helpers">
<var>${env}</var>
<arg>${currentUrl}</arg>
<msg timestamp="20230712 17:42:20.871" level="INFO">${env} = test-omena</msg>
<status status="PASS" starttime="20230712 17:42:20.871" endtime="20230712 17:42:20.871"/>
</kw>
<kw name="Set Variable" library="BuiltIn">
<arg>${environment}</arg>
<arg>${env}</arg>
<doc>Returns the given values which can then be assigned to a variables.</doc>
<status status="PASS" starttime="20230712 17:42:20.872" endtime="20230712 17:42:20.872"/>
</kw>
<status status="PASS" starttime="20230712 17:42:20.867" endtime="20230712 17:42:20.873"/>
</kw>
<status status="PASS" starttime="20230712 17:42:12.345" endtime="20230712 17:42:20.873"/>
</kw>
<test id="s1-s1-s1-s1-t1" name="Create A New Booking as" line="12">
<kw name="Select Hotel" library="booking">
<doc>Select Hotel by using a number as an argument, default Lönnrotinkatu</doc>
<if>
<branch type="IF" condition="&quot;${environment}&quot; == &quot;test-exhibition&quot;">
<kw name="Log" library="BuiltIn">
<arg>No hotel to be selected</arg>
<doc>Logs the given message with the given level.</doc>
<status status="NOT RUN" starttime="20230712 17:42:20.875" endtime="20230712 17:42:20.875"/>
</kw>
<status status="NOT RUN" starttime="20230712 17:42:20.874" endtime="20230712 17:42:20.875"/>
</branch>
<branch type="ELSE">
<kw name="Log" library="BuiltIn">
<arg>Selecting Hotel: ${hotel}</arg>
<doc>Logs the given message with the given level.</doc>
<msg timestamp="20230712 17:42:20.875" level="INFO">Selecting Hotel: Lönnrotin</msg>
<status status="PASS" starttime="20230712 17:42:20.875" endtime="20230712 17:42:20.875"/>
</kw>
<kw name="Click" library="Browser">
<arg>//div[contains(@data-nelson-btn, "hotels")]</arg>
<tag>PageContent</tag>
<tag>Setter</tag>
<doc>Simulates mouse click on the element found by ``selector``.</doc>
<status status="PASS" starttime="20230712 17:42:20.876" endtime="20230712 17:42:20.986"/>
</kw>
<kw name="Wait Until Visible" library="common">
<arg>//a[contains(@class, 'dropdown-item') and contains(text(), '${hotel}')]</arg>
<doc>An easier keyword for waiting until an element is visible</doc>
<kw name="Wait For Elements State" library="Browser">
<arg>${element}</arg>
<arg>visible</arg>
<arg>timeout=${timeout}</arg>
<tag>PageContent</tag>
<tag>Wait</tag>
<doc>Waits for the element found by ``selector`` to satisfy state option.</doc>
<msg timestamp="20230712 17:42:21.006" level="INFO">Waited for Element with selector //a[contains(@class, 'dropdown-item') and contains(text(), 'Lönnrotin')] at state visible</msg>
<status status="PASS" starttime="20230712 17:42:20.987" endtime="20230712 17:42:21.006"/>
</kw>
<status status="PASS" starttime="20230712 17:42:20.986" endtime="20230712 17:42:21.006"/>
</kw>
<kw name="Click" library="Browser">
<arg>//a[contains(@class, 'dropdown-item') and contains(text(), '${hotel}')]</arg>
<tag>PageContent</tag>
<tag>Setter</tag>
<doc>Simulates mouse click on the element found by ``selector``.</doc>
<status status="PASS" starttime="20230712 17:42:21.006" endtime="20230712 17:42:21.131"/>
</kw>
<kw name="Wait For Elements State" library="Browser">
<arg>//a[contains(@class, 'dropdown-item') and contains(text(), '${hotel}')]</arg>
<arg>hidden</arg>
<arg>timeout=3s</arg>
<tag>PageContent</tag>
<tag>Wait</tag>
<doc>Waits for the element found by ``selector`` to satisfy state option.</doc>
<msg timestamp="20230712 17:42:21.144" level="INFO">Waited for Element with selector //a[contains(@class, 'dropdown-item') and contains(text(), 'Lönnrotin')] at state hidden</msg>
<status status="PASS" starttime="20230712 17:42:21.132" endtime="20230712 17:42:21.144"/>
</kw>
<status status="PASS" starttime="20230712 17:42:20.875" endtime="20230712 17:42:21.144"/>
</branch>
<status status="PASS" starttime="20230712 17:42:20.874" endtime="20230712 17:42:21.145"/>
</if>
<status status="PASS" starttime="20230712 17:42:20.874" endtime="20230712 17:42:21.145"/>
</kw>
<kw name="Select Dates" library="booking">
<kw name="Log" library="BuiltIn">
<arg>${EMPTY}</arg>
<doc>Logs the given message with the given level.</doc>
<msg timestamp="20230712 17:42:21.146" level="INFO"/>
<status status="PASS" starttime="20230712 17:42:21.145" endtime="20230712 17:42:21.146"/>
</kw>
<status status="PASS" starttime="20230712 17:42:21.145" endtime="20230712 17:42:21.147"/>
</kw>
<kw name="Select Guests" library="booking">
<doc>Selects the number of guests for the booking, current implementation will only check the dropdown</doc>
<kw name="Log To Console" library="BuiltIn">
<arg>${EMPTY}</arg>
<doc>Logs the given message to the console.</doc>
<status status="PASS" starttime="20230712 17:42:21.147" endtime="20230712 17:42:21.148"/>
</kw>
<status status="PASS" starttime="20230712 17:42:21.147" endtime="20230712 17:42:21.149"/>
</kw>
<kw name="Click Book or Find Rooms Button" library="booking">
<kw name="Get Url" library="Browser">
<var>${url}</var>
<tag>Assertion</tag>
<tag>Getter</tag>
<tag>PageContent</tag>
<doc>Returns the current URL.</doc>
<msg timestamp="20230712 17:42:21.155" level="INFO">${url} = https://test4.omenahotels.com/en/#</msg>
<status status="PASS" starttime="20230712 17:42:21.149" endtime="20230712 17:42:21.155"/>
</kw>
<kw name="Check If String Contains" library="common">
<var>${booking}</var>
<arg>${url}</arg>
<arg>/booking/</arg>
<kw name="Check If String Contains Substring" library="Helpers">
<var>${contains}</var>
<arg>${string}</arg>
<arg>${substring}</arg>
<msg timestamp="20230712 17:42:21.156" level="INFO">${contains} = False</msg>
<status status="PASS" starttime="20230712 17:42:21.156" endtime="20230712 17:42:21.156"/>
</kw>
<msg timestamp="20230712 17:42:21.156" level="INFO">${booking} = False</msg>
<status status="PASS" starttime="20230712 17:42:21.155" endtime="20230712 17:42:21.156"/>
</kw>
<if>
<branch type="IF" condition="${booking} == True">
<kw name="Click" library="Browser">
<arg>//button[contains(@class, 'booking-form-button') and contains(text(), 'Find rooms')]</arg>
<tag>PageContent</tag>
<tag>Setter</tag>
<doc>Simulates mouse click on the element found by ``selector``.</doc>
<status status="NOT RUN" starttime="20230712 17:42:21.157" endtime="20230712 17:42:21.157"/>
</kw>
<status status="NOT RUN" starttime="20230712 17:42:21.156" endtime="20230712 17:42:21.157"/>
</branch>
<branch type="ELSE">
<kw name="Click" library="Browser">
<arg>//button[contains(@class, 'booking-form-button') and contains(text(), 'Book')]</arg>
<tag>PageContent</tag>
<tag>Setter</tag>
<doc>Simulates mouse click on the element found by ``selector``.</doc>
<status status="PASS" starttime="20230712 17:42:21.157" endtime="20230712 17:42:21.630"/>
</kw>
<status status="PASS" starttime="20230712 17:42:21.157" endtime="20230712 17:42:21.630"/>
</branch>
<status status="PASS" starttime="20230712 17:42:21.156" endtime="20230712 17:42:21.630"/>
</if>
<status status="PASS" starttime="20230712 17:42:21.149" endtime="20230712 17:42:21.631"/>
</kw>
<kw name="Select a Standard Room" library="booking">
<kw name="Wait Until Visible" library="common">
<arg>${btnExtras}</arg>
<doc>An easier keyword for waiting until an element is visible</doc>
<kw name="Wait For Elements State" library="Browser">
<arg>${element}</arg>
<arg>visible</arg>
<arg>timeout=${timeout}</arg>
<tag>PageContent</tag>
<tag>Wait</tag>
<doc>Waits for the element found by ``selector`` to satisfy state option.</doc>
<msg timestamp="20230712 17:42:26.421" level="INFO">Waited for Element with selector (//div[contains(@view,"booking")]//button[contains(text(), "Continue to extras")])[1] at state visible</msg>
<status status="PASS" starttime="20230712 17:42:21.632" endtime="20230712 17:42:26.421"/>
</kw>
<status status="PASS" starttime="20230712 17:42:21.631" endtime="20230712 17:42:26.422"/>
</kw>
<kw name="Get Element States" library="Browser">
<var>${visible}</var>
<arg>//div[contains(text(), 'Select room')]</arg>
<arg>then</arg>
<arg>bool(value &amp; visible)</arg>
<tag>Assertion</tag>
<tag>Getter</tag>
<tag>PageContent</tag>
<doc>Get the active states from the element found by ``selector``.</doc>
<msg timestamp="20230712 17:42:26.675" level="INFO">${visible} = False</msg>
<status status="PASS" starttime="20230712 17:42:26.422" endtime="20230712 17:42:26.675"/>
</kw>
<kw name="Run Keyword If" library="BuiltIn">
<arg>${visible}</arg>
<arg>Select Standard and Remove Other Room Selection</arg>
<doc>Runs the given keyword with the given arguments, if ``condition`` is true.</doc>
<status status="PASS" starttime="20230712 17:42:26.675" endtime="20230712 17:42:26.676"/>
</kw>
<status status="PASS" starttime="20230712 17:42:21.631" endtime="20230712 17:42:26.676"/>
</kw>
<kw name="Click Continue to Extras Button" library="booking">
<doc>Clicks the continue to extras button</doc>
<kw name="Click" library="Browser">
<arg>${btnExtras}</arg>
<tag>PageContent</tag>
<tag>Setter</tag>
<doc>Simulates mouse click on the element found by ``selector``.</doc>
<status status="PASS" starttime="20230712 17:42:26.676" endtime="20230712 17:42:32.278"/>
</kw>
<kw name="Wait Until Visible" library="common">
<arg>${btnPayment}</arg>
<doc>An easier keyword for waiting until an element is visible</doc>
<kw name="Wait For Elements State" library="Browser">
<arg>${element}</arg>
<arg>visible</arg>
<arg>timeout=${timeout}</arg>
<tag>PageContent</tag>
<tag>Wait</tag>
<doc>Waits for the element found by ``selector`` to satisfy state option.</doc>
<msg timestamp="20230712 17:42:33.160" level="INFO">Waited for Element with selector (//div[contains(@view,"extras")]//button[contains(text(), "Continue to payment")])[1] at state visible</msg>
<status status="PASS" starttime="20230712 17:42:32.279" endtime="20230712 17:42:33.161"/>
</kw>
<status status="PASS" starttime="20230712 17:42:32.278" endtime="20230712 17:42:33.161"/>
</kw>
<status status="PASS" starttime="20230712 17:42:26.676" endtime="20230712 17:42:33.161"/>
</kw>
<kw name="Continue to Payment" library="booking">
<kw name="Click" library="Browser">
<arg>(//button[normalize-space()='Continue to payment'])[1]</arg>
<tag>PageContent</tag>
<tag>Setter</tag>
<doc>Simulates mouse click on the element found by ``selector``.</doc>
<kw name="Take Custom Screenshot" library="common">
<doc>Sets the screenshot directory and filename</doc>
<kw name="Take Screenshot" library="Browser">
<arg>filename=${OUTPUTDIR}/screenshots/${SUITE NAME}_${TEST NAME}_{index}.png</arg>
<tag>PageContent</tag>
<doc>Takes a screenshot of the current window or element and saves it to disk.</doc>
<msg timestamp="20230712 17:44:03.263" level="INFO" html="true">&lt;/td&gt;&lt;/tr&gt;&lt;tr&gt;&lt;td colspan="3"&gt;&lt;a href="screenshots/Testsuites.BUI.Regression.New%20Booking_Create%20A%20New%20Booking%20as_1.png" target="_blank"&gt;&lt;img src="screenshots/Testsuites.BUI.Regression.New%20Booking_Create%20A%20New%20Booking%20as_1.png" width="800px"/&gt;&lt;/a&gt;</msg>
<status status="PASS" starttime="20230712 17:44:03.169" endtime="20230712 17:44:03.263"/>
</kw>
<status status="PASS" starttime="20230712 17:44:03.168" endtime="20230712 17:44:03.264"/>
</kw>
<msg timestamp="20230712 17:44:03.264" level="INFO">See also file:///home/runner/work/nelson-test-automation/nelson-test-automation/reports/test4/playwright-log.txt for additional details.</msg>
<msg timestamp="20230712 17:44:03.265" level="FAIL">TimeoutError: locator.click: Timeout 90000ms exceeded.
=========================== logs ===========================
waiting for locator('xpath=(//button[normalize-space()=\'Continue to payment\'])[1]')
  locator resolved to &lt;button type="button" class="chakra-button css-f0w8tx"&gt;Continue to payment&lt;/button&gt;
attempting click action
  waiting for element to be visible, enabled and stable
  element is visible, enabled and stable
  scrolling into view if needed
  done scrolling
  performing click action
  &lt;div id="CybotCookiebotDialogFooter"&gt;…&lt;/div&gt; from &lt;div dir="ltr" lang="en" role="dialog" tabindex="-1" …&gt;…&lt;/div&gt; subtree intercepts pointer events
retrying click action, attempt #1
  waiting for element to be visible, enabled and stable
  element is visible, enabled and stable
  scrolling into view if needed
  done scrolling
  performing click action
  &lt;div id="CybotCookiebotDialogFooter"&gt;…&lt;/div&gt; from &lt;div dir="ltr" lang="en" role="dialog" tabindex="-1" …&gt;…&lt;/div&gt; subtree intercepts pointer events
retrying click action, attempt #2
  waiting 20ms
  waiting for element to be visible, enabled and stable
  element is visible, enabled and stable
  scrolling into view if needed
  done scrolling
  &lt;div lang="en" id="CybotCookiebotDialogBodyContentTex…&gt;We use cookies to personalise content and ads, to…&lt;/div&gt; from &lt;div dir="ltr" lang="en" role="dialog" tabindex="-1" …&gt;…&lt;/div&gt; subtree intercepts pointer events
retrying click action, attempt #3
  waiting 100ms
  waiting for element to be visible, enabled and stable
  element is visible, enabled and stable
  scrolling into view if needed
  done scrolling
  &lt;div lang="en" id="CybotCookiebotDialogBodyContentTex…&gt;We use cookies to personalise content and ads, to…&lt;/div&gt; from &lt;div dir="ltr" lang="en" role="dialog" tabindex="-1" …&gt;…&lt;/div&gt; subtree intercepts pointer events
retrying click action, attempt #4
  waiting 100ms
  waiting for element to be visible, enabled and stable
  element is visible, enabled and stable
  scrolling into view if needed
  done scrolling
  &lt;div lang="en" id="CybotCookiebotDialogBodyContentTex…&gt;We use cookies to personalise content and ads, to…&lt;/div&gt; from &lt;div dir="ltr" lang="en" role="dialog" tabindex="-1" …&gt;…&lt;/div&gt; subtree intercepts pointer events
retrying click action, attempt #5
  waiting 500ms
  waiting for element to be visible, enabled and stable
element was detached from the DOM, retrying
  locator resolved to &lt;button type="button" class="chakra-button css-f0w8tx"&gt;Continue to payment&lt;/button&gt;
attempting click action
  waiting for element to be visible, enabled and stable
  element is visible, enabled and stable
  scrolling into view if needed
  done scrolling
  &lt;div lang="en" id="CybotCookiebotDialogBodyContentTex…&gt;We use cookies to personalise content and ads, to…&lt;/div&gt; from &lt;div dir="ltr" lang="en" role="dialog" tabindex="-1" …&gt;…&lt;/div&gt; subtree intercepts pointer events
retrying click action, attempt #1
  waiting for element to be visible, enabled and stable
  element is visible, enabled and stable
  scrolling into view if needed
  done scrolling
  &lt;div lang="en" id="CybotCookiebotDialogBodyContentTex…&gt;We use cookies to personalise content and ads, to…&lt;/div&gt; from &lt;div dir="ltr" lang="en" role="dialog" tabindex="-1" …&gt;…&lt;/div&gt; subtree intercepts pointer events
retrying click action, attempt #2
  waiting 20ms
  waiting for element to be visible, enabled and stable
  element is visible, enabled and stable
  scrolling into view if needed
  done scrolling
  &lt;div lang="en" id="CybotCookiebotDialogBodyContentTex…&gt;We use cookies to personalise content and ads, to…&lt;/div&gt; from &lt;div dir="ltr" lang="en" role="dialog" tabindex="-1" …&gt;…&lt;/div&gt; subtree intercepts pointer events
retrying click action, attempt #3
  waiting 100ms
  waiting for element to be visible, enabled and stable
  element is visible, enabled and stable
  scrolling into view if needed
  done scrolling
  &lt;div lang="en" id="CybotCookiebotDialogBodyContentTex…&gt;We use cookies to personalise content and ads, to…&lt;/div&gt; from &lt;div dir="ltr" lang="en" role="dialog" tabindex="-1" …&gt;…&lt;/div&gt; subtree intercepts pointer events
retrying click action, attempt #4
  waiting 100ms
  waiting for element to be visible, enabled and stable
  element is visible, enabled and stable
  scrolling into view if needed
  done scrolling
  &lt;div lang="en" id="CybotCookiebotDialogBodyContentTex…&gt;We use cookies to personalise content and ads, to…&lt;/div&gt; from &lt;div dir="ltr" lang="en" role="dialog" tabindex="-1" …&gt;…&lt;/div&gt; subtree intercepts pointer events
retrying click action, attempt #5
  waiting 500ms
  waiting for element to be visible, enabled and stable
  element is visible, enabled and stable
  scrolling into view if needed
  done scrolling
  &lt;div lang="en" id="CybotCookiebotDialogBodyContentTex…&gt;We use cookies to personalise content and ads, to…&lt;/div&gt; from &lt;div dir="ltr" lang="en" role="dialog" tabindex="-1" …&gt;…&lt;/div&gt; subtree intercepts pointer events
retrying click action, attempt #6
  waiting 500ms
  waiting for element 
Tip: Use "Set Browser Timeout" for increasing the timeout or double check your locator as the targeted element(s) couldn't be found.</msg>
<status status="FAIL" starttime="20230712 17:42:33.162" endtime="20230712 17:44:03.280"/>
</kw>
<status status="FAIL" starttime="20230712 17:42:33.161" endtime="20230712 17:44:03.281"/>
</kw>
<kw name="Fill in Contact Information" library="booking">
<doc>Fills in Contact information that can be given as arguments or use default values
Uses a password if the environment is bui and</doc>
<status status="NOT RUN" starttime="20230712 17:44:03.281" endtime="20230712 17:44:03.282"/>
</kw>
<kw name="Accept offers and Terms" library="booking">
<status status="NOT RUN" starttime="20230712 17:44:03.282" endtime="20230712 17:44:03.282"/>
</kw>
<kw name="Select Web Bank and Nordea as Payment Method" library="booking">
<status status="NOT RUN" starttime="20230712 17:44:03.282" endtime="20230712 17:44:03.282"/>
</kw>
<kw name="Complete Payment Successfully" library="booking">
<status status="NOT RUN" starttime="20230712 17:44:03.282" endtime="20230712 17:44:03.282"/>
</kw>
<doc>A new booker opens the page and does a successful booking</doc>
<tag>smoke</tag>
<status status="FAIL" starttime="20230712 17:42:20.873" endtime="20230712 17:44:03.283">TimeoutError: locator.click: Timeout 90000ms exceeded.
=========================== logs ===========================
waiting for locator('xpath=(//button[normalize-space()=\'Continue to payment\'])[1]')
  locator resolved to &lt;button type="button" class="chakra-button css-f0w8tx"&gt;Continue to payment&lt;/button&gt;
attempting click action
  waiting for element to be visible, enabled and stable
  element is visible, enabled and stable
  scrolling into view if needed
  done scrolling
  performing click action
  &lt;div id="CybotCookiebotDialogFooter"&gt;…&lt;/div&gt; from &lt;div dir="ltr" lang="en" role="dialog" tabindex="-1" …&gt;…&lt;/div&gt; subtree intercepts pointer events
retrying click action, attempt #1
  waiting for element to be visible, enabled and stable
  element is visible, enabled and stable
  scrolling into view if needed
  done scrolling
  performing click action
    [ Message content over the limit has been removed. ]
  element is visible, enabled and stable
  scrolling into view if needed
  done scrolling
  &lt;div lang="en" id="CybotCookiebotDialogBodyContentTex…&gt;We use cookies to personalise content and ads, to…&lt;/div&gt; from &lt;div dir="ltr" lang="en" role="dialog" tabindex="-1" …&gt;…&lt;/div&gt; subtree intercepts pointer events
retrying click action, attempt #5
  waiting 500ms
  waiting for element to be visible, enabled and stable
  element is visible, enabled and stable
  scrolling into view if needed
  done scrolling
  &lt;div lang="en" id="CybotCookiebotDialogBodyContentTex…&gt;We use cookies to personalise content and ads, to…&lt;/div&gt; from &lt;div dir="ltr" lang="en" role="dialog" tabindex="-1" …&gt;…&lt;/div&gt; subtree intercepts pointer events
retrying click action, attempt #6
  waiting 500ms
  waiting for element 
Tip: Use "Set Browser Timeout" for increasing the timeout or double check your locator as the targeted element(s) couldn't be found.</status>
</test>
<test id="s1-s1-s1-s1-t2" name="Confirm Email and Open Link" line="26">
<kw name="Get Variable Value" library="BuiltIn">
<var>${id}</var>
<arg>$ID</arg>
<doc>Returns variable value or ``default`` if the variable does not exist.</doc>
<msg timestamp="20230712 17:44:03.292" level="INFO">${id} = None</msg>
<status status="PASS" starttime="20230712 17:44:03.291" endtime="20230712 17:44:03.292"/>
</kw>
<kw name="Wait for Latest Booking Confirmation and Extract Link" library="MailSlurp">
<var>${modify_link}</var>
<arg>${id}</arg>
<msg timestamp="20230712 17:44:03.293" level="FAIL">ApiValueError: Missing the required parameter `inbox_id` when calling `wait_for_matching_emails`</msg>
<status status="FAIL" starttime="20230712 17:44:03.292" endtime="20230712 17:44:03.293"/>
</kw>
<kw name="Open New Browser To URL" library="common">
<arg>${modify_link}</arg>
<status status="NOT RUN" starttime="20230712 17:44:03.294" endtime="20230712 17:44:03.294"/>
</kw>
<doc>A new booker receives an email with a link to modify the booking</doc>
<tag>smoke</tag>
<status status="FAIL" starttime="20230712 17:44:03.290" endtime="20230712 17:44:03.294">ApiValueError: Missing the required parameter `inbox_id` when calling `wait_for_matching_emails`</status>
</test>
<kw name="Close Browser" library="Browser" type="TEARDOWN">
<tag>BrowserControl</tag>
<tag>Setter</tag>
<doc>Closes the current browser.</doc>
<msg timestamp="20230712 17:44:03.909" level="INFO">Closed browser</msg>
<status status="PASS" starttime="20230712 17:44:03.298" endtime="20230712 17:44:03.909"/>
</kw>
<doc>A test suite for verifying modify booking functionality</doc>
<status status="FAIL" starttime="20230712 17:42:11.445" endtime="20230712 17:44:03.909"/>
</suite>
<status status="FAIL" starttime="20230712 17:42:11.444" endtime="20230712 17:44:03.915"/>
</suite>
<status status="FAIL" starttime="20230712 17:42:11.441" endtime="20230712 17:44:03.916"/>
</suite>
<doc>Argument file for running tests on Omena test4 environment (test4)</doc>
<status status="FAIL" starttime="20230712 17:42:11.422" endtime="20230712 17:44:03.917"/>
</suite>
<statistics>
<total>
<stat pass="0" fail="2" skip="0">All Tests</stat>
</total>
<tag>
<stat pass="0" fail="2" skip="0">smoke</stat>
</tag>
<suite>
<stat pass="0" fail="2" skip="0" id="s1" name="Testsuites">Testsuites</stat>
<stat pass="0" fail="2" skip="0" id="s1-s1" name="BUI">Testsuites.BUI</stat>
<stat pass="0" fail="2" skip="0" id="s1-s1-s1" name="Regression">Testsuites.BUI.Regression</stat>
<stat pass="0" fail="2" skip="0" id="s1-s1-s1-s1" name="New Booking">Testsuites.BUI.Regression.New Booking</stat>
</suite>
</statistics>
<errors>
</errors>
</robot>
