<?xml version="1.0" encoding="UTF-8"?>
<testsuite name="Testsuites" tests="31" errors="0" failures="29" skipped="0" time="66.676" timestamp="2023-08-09T12:03:40.371000">
<testsuite name="BUI" tests="13" errors="0" failures="13" skipped="0" time="2.409" timestamp="2023-08-09T12:03:40.387000">
<testsuite name="Feature" tests="11" errors="0" failures="11" skipped="0" time="2.145" timestamp="2023-08-09T12:03:40.388000">
<testsuite name="Online Check In" tests="11" errors="0" failures="11" skipped="0" time="2.144" timestamp="2023-08-09T12:03:40.389000">
<testsuite name="BUI2-556" tests="7" errors="0" failures="7" skipped="0" time="1.241" timestamp="2023-08-09T12:03:40.390000">
<testcase classname="Testsuites.BUI.Feature.Online Check In.BUI2-556" name="Select Hotel, Dates and Guests" time="0.001">
<failure message="Parent suite setup failed:&#10;Error: browserType.launch: &#10;╔════════════════════════════════════════════════════════════════════════════════════════════════╗&#10;║ Looks like you launched a headed browser without having a XServer running.                     ║&#10;║ Set either 'headless: true' or use 'xvfb-run &lt;your-playwright-app&gt;' before running Playwright. ║&#10;║                                                                                                ║&#10;║ &lt;3 Playwright Team                                                                             ║&#10;╚════════════════════════════════════════════════════════════════════════════════════════════════╝&#10;=========================== logs ===========================&#10;&lt;launching&gt; /opt/hostedtoolcache/Python/3.11.4/x64/lib/python3.11/site-packages/Browser/wrapper/node_modules/playwright-core/.local-browsers/firefox-1419/firefox/firefox -no-remote -wait-for-browser -foreground -profile /tmp/playwright_firefoxdev_profile-mSPNcF -juggler-pipe -silent&#10;&lt;launched&gt; pid=2618&#10;[pid=2618][err] Error: no DISPLAY environment variable specified&#10;[pid=2618] &lt;process did exit: exitCode=1, signal=null&gt;&#10;[pid=2618] starting temporary directories cleanup&#10;============================================================" type="AssertionError"/>
</testcase>
<testcase classname="Testsuites.BUI.Feature.Online Check In.BUI2-556" name="Check Available Rooms and Select a Standard Room" time="0.000">
<failure message="Parent suite setup failed:&#10;Error: browserType.launch: &#10;╔════════════════════════════════════════════════════════════════════════════════════════════════╗&#10;║ Looks like you launched a headed browser without having a XServer running.                     ║&#10;║ Set either 'headless: true' or use 'xvfb-run &lt;your-playwright-app&gt;' before running Playwright. ║&#10;║                                                                                                ║&#10;║ &lt;3 Playwright Team                                                                             ║&#10;╚════════════════════════════════════════════════════════════════════════════════════════════════╝&#10;=========================== logs ===========================&#10;&lt;launching&gt; /opt/hostedtoolcache/Python/3.11.4/x64/lib/python3.11/site-packages/Browser/wrapper/node_modules/playwright-core/.local-browsers/firefox-1419/firefox/firefox -no-remote -wait-for-browser -foreground -profile /tmp/playwright_firefoxdev_profile-mSPNcF -juggler-pipe -silent&#10;&lt;launched&gt; pid=2618&#10;[pid=2618][err] Error: no DISPLAY environment variable specified&#10;[pid=2618] &lt;process did exit: exitCode=1, signal=null&gt;&#10;[pid=2618] starting temporary directories cleanup&#10;============================================================" type="AssertionError"/>
</testcase>
<testcase classname="Testsuites.BUI.Feature.Online Check In.BUI2-556" name="Continue to Extras and Select Join for Free" time="0.002">
<failure message="Parent suite setup failed:&#10;Error: browserType.launch: &#10;╔════════════════════════════════════════════════════════════════════════════════════════════════╗&#10;║ Looks like you launched a headed browser without having a XServer running.                     ║&#10;║ Set either 'headless: true' or use 'xvfb-run &lt;your-playwright-app&gt;' before running Playwright. ║&#10;║                                                                                                ║&#10;║ &lt;3 Playwright Team                                                                             ║&#10;╚════════════════════════════════════════════════════════════════════════════════════════════════╝&#10;=========================== logs ===========================&#10;&lt;launching&gt; /opt/hostedtoolcache/Python/3.11.4/x64/lib/python3.11/site-packages/Browser/wrapper/node_modules/playwright-core/.local-browsers/firefox-1419/firefox/firefox -no-remote -wait-for-browser -foreground -profile /tmp/playwright_firefoxdev_profile-mSPNcF -juggler-pipe -silent&#10;&lt;launched&gt; pid=2618&#10;[pid=2618][err] Error: no DISPLAY environment variable specified&#10;[pid=2618] &lt;process did exit: exitCode=1, signal=null&gt;&#10;[pid=2618] starting temporary directories cleanup&#10;============================================================" type="AssertionError"/>
</testcase>
<testcase classname="Testsuites.BUI.Feature.Online Check In.BUI2-556" name="Fill in Booker Contact Information" time="0.000">
<failure message="Parent suite setup failed:&#10;Error: browserType.launch: &#10;╔════════════════════════════════════════════════════════════════════════════════════════════════╗&#10;║ Looks like you launched a headed browser without having a XServer running.                     ║&#10;║ Set either 'headless: true' or use 'xvfb-run &lt;your-playwright-app&gt;' before running Playwright. ║&#10;║                                                                                                ║&#10;║ &lt;3 Playwright Team                                                                             ║&#10;╚════════════════════════════════════════════════════════════════════════════════════════════════╝&#10;=========================== logs ===========================&#10;&lt;launching&gt; /opt/hostedtoolcache/Python/3.11.4/x64/lib/python3.11/site-packages/Browser/wrapper/node_modules/playwright-core/.local-browsers/firefox-1419/firefox/firefox -no-remote -wait-for-browser -foreground -profile /tmp/playwright_firefoxdev_profile-mSPNcF -juggler-pipe -silent&#10;&lt;launched&gt; pid=2618&#10;[pid=2618][err] Error: no DISPLAY environment variable specified&#10;[pid=2618] &lt;process did exit: exitCode=1, signal=null&gt;&#10;[pid=2618] starting temporary directories cleanup&#10;============================================================" type="AssertionError"/>
</testcase>
<testcase classname="Testsuites.BUI.Feature.Online Check In.BUI2-556" name="Pay using Web Bank and Nordea" time="0.000">
<failure message="Parent suite setup failed:&#10;Error: browserType.launch: &#10;╔════════════════════════════════════════════════════════════════════════════════════════════════╗&#10;║ Looks like you launched a headed browser without having a XServer running.                     ║&#10;║ Set either 'headless: true' or use 'xvfb-run &lt;your-playwright-app&gt;' before running Playwright. ║&#10;║                                                                                                ║&#10;║ &lt;3 Playwright Team                                                                             ║&#10;╚════════════════════════════════════════════════════════════════════════════════════════════════╝&#10;=========================== logs ===========================&#10;&lt;launching&gt; /opt/hostedtoolcache/Python/3.11.4/x64/lib/python3.11/site-packages/Browser/wrapper/node_modules/playwright-core/.local-browsers/firefox-1419/firefox/firefox -no-remote -wait-for-browser -foreground -profile /tmp/playwright_firefoxdev_profile-mSPNcF -juggler-pipe -silent&#10;&lt;launched&gt; pid=2618&#10;[pid=2618][err] Error: no DISPLAY environment variable specified&#10;[pid=2618] &lt;process did exit: exitCode=1, signal=null&gt;&#10;[pid=2618] starting temporary directories cleanup&#10;============================================================" type="AssertionError"/>
</testcase>
<testcase classname="Testsuites.BUI.Feature.Online Check In.BUI2-556" name="Check In Online" time="0.001">
<failure message="Parent suite setup failed:&#10;Error: browserType.launch: &#10;╔════════════════════════════════════════════════════════════════════════════════════════════════╗&#10;║ Looks like you launched a headed browser without having a XServer running.                     ║&#10;║ Set either 'headless: true' or use 'xvfb-run &lt;your-playwright-app&gt;' before running Playwright. ║&#10;║                                                                                                ║&#10;║ &lt;3 Playwright Team                                                                             ║&#10;╚════════════════════════════════════════════════════════════════════════════════════════════════╝&#10;=========================== logs ===========================&#10;&lt;launching&gt; /opt/hostedtoolcache/Python/3.11.4/x64/lib/python3.11/site-packages/Browser/wrapper/node_modules/playwright-core/.local-browsers/firefox-1419/firefox/firefox -no-remote -wait-for-browser -foreground -profile /tmp/playwright_firefoxdev_profile-mSPNcF -juggler-pipe -silent&#10;&lt;launched&gt; pid=2618&#10;[pid=2618][err] Error: no DISPLAY environment variable specified&#10;[pid=2618] &lt;process did exit: exitCode=1, signal=null&gt;&#10;[pid=2618] starting temporary directories cleanup&#10;============================================================" type="AssertionError"/>
</testcase>
<testcase classname="Testsuites.BUI.Feature.Online Check In.BUI2-556" name="Wait for Door Code and Verify Page" time="0.000">
<failure message="Parent suite setup failed:&#10;Error: browserType.launch: &#10;╔════════════════════════════════════════════════════════════════════════════════════════════════╗&#10;║ Looks like you launched a headed browser without having a XServer running.                     ║&#10;║ Set either 'headless: true' or use 'xvfb-run &lt;your-playwright-app&gt;' before running Playwright. ║&#10;║                                                                                                ║&#10;║ &lt;3 Playwright Team                                                                             ║&#10;╚════════════════════════════════════════════════════════════════════════════════════════════════╝&#10;=========================== logs ===========================&#10;&lt;launching&gt; /opt/hostedtoolcache/Python/3.11.4/x64/lib/python3.11/site-packages/Browser/wrapper/node_modules/playwright-core/.local-browsers/firefox-1419/firefox/firefox -no-remote -wait-for-browser -foreground -profile /tmp/playwright_firefoxdev_profile-mSPNcF -juggler-pipe -silent&#10;&lt;launched&gt; pid=2618&#10;[pid=2618][err] Error: no DISPLAY environment variable specified&#10;[pid=2618] &lt;process did exit: exitCode=1, signal=null&gt;&#10;[pid=2618] starting temporary directories cleanup&#10;============================================================" type="AssertionError"/>
</testcase>
<properties>
<property name="Documentation" value="This is a test suite for booking a room and checking in online"/>
</properties>
</testsuite>
<testsuite name="BUI2-557" tests="4" errors="0" failures="4" skipped="0" time="0.892" timestamp="2023-08-09T12:03:41.636000">
<testcase classname="Testsuites.BUI.Feature.Online Check In.BUI2-557" name="Create a new Booking" time="0.215">
<failure message="Setup failed:&#10;Error: browserType.launch: &#10;╔════════════════════════════════════════════════════════════════════════════════════════════════╗&#10;║ Looks like you launched a headed browser without having a XServer running.                     ║&#10;║ Set either 'headless: true' or use 'xvfb-run &lt;your-playwright-app&gt;' before running Playwright. ║&#10;║                                                                                                ║&#10;║ &lt;3 Playwright Team                                                                             ║&#10;╚════════════════════════════════════════════════════════════════════════════════════════════════╝&#10;=========================== logs ===========================&#10;&lt;launching&gt; /opt/hostedtoolcache/Python/3.11.4/x64/lib/python3.11/site-packages/Browser/wrapper/node_modules/playwright-core/.local-browsers/firefox-1419/firefox/firefox -no-remote -wait-for-browser -foreground -profile /tmp/playwright_firefoxdev_profile-aMPgKc -juggler-pipe -silent&#10;&lt;launched&gt; pid=2881&#10;[pid=2881][err] Error: no DISPLAY environment variable specified&#10;[pid=2881] &lt;process did exit: exitCode=1, signal=null&gt;&#10;[pid=2881] starting temporary directories cleanup&#10;============================================================" type="AssertionError"/>
</testcase>
<testcase classname="Testsuites.BUI.Feature.Online Check In.BUI2-557" name="Add Someone Else as the Main Guest" time="0.226">
<failure message="Setup failed:&#10;Error: browserType.launch: &#10;╔════════════════════════════════════════════════════════════════════════════════════════════════╗&#10;║ Looks like you launched a headed browser without having a XServer running.                     ║&#10;║ Set either 'headless: true' or use 'xvfb-run &lt;your-playwright-app&gt;' before running Playwright. ║&#10;║                                                                                                ║&#10;║ &lt;3 Playwright Team                                                                             ║&#10;╚════════════════════════════════════════════════════════════════════════════════════════════════╝&#10;=========================== logs ===========================&#10;&lt;launching&gt; /opt/hostedtoolcache/Python/3.11.4/x64/lib/python3.11/site-packages/Browser/wrapper/node_modules/playwright-core/.local-browsers/firefox-1419/firefox/firefox -no-remote -wait-for-browser -foreground -profile /tmp/playwright_firefoxdev_profile-je0aE5 -juggler-pipe -silent&#10;&lt;launched&gt; pid=3145&#10;[pid=3145][err] Error: no DISPLAY environment variable specified&#10;[pid=3145] &lt;process did exit: exitCode=1, signal=null&gt;&#10;[pid=3145] starting temporary directories cleanup&#10;============================================================" type="AssertionError"/>
</testcase>
<testcase classname="Testsuites.BUI.Feature.Online Check In.BUI2-557" name="Validation shows msg for fields marked" time="0.211">
<failure message="Setup failed:&#10;Error: browserType.launch: &#10;╔════════════════════════════════════════════════════════════════════════════════════════════════╗&#10;║ Looks like you launched a headed browser without having a XServer running.                     ║&#10;║ Set either 'headless: true' or use 'xvfb-run &lt;your-playwright-app&gt;' before running Playwright. ║&#10;║                                                                                                ║&#10;║ &lt;3 Playwright Team                                                                             ║&#10;╚════════════════════════════════════════════════════════════════════════════════════════════════╝&#10;=========================== logs ===========================&#10;&lt;launching&gt; /opt/hostedtoolcache/Python/3.11.4/x64/lib/python3.11/site-packages/Browser/wrapper/node_modules/playwright-core/.local-browsers/firefox-1419/firefox/firefox -no-remote -wait-for-browser -foreground -profile /tmp/playwright_firefoxdev_profile-0LGaFO -juggler-pipe -silent&#10;&lt;launched&gt; pid=3408&#10;[pid=3408][err] Error: no DISPLAY environment variable specified&#10;[pid=3408] &lt;process did exit: exitCode=1, signal=null&gt;&#10;[pid=3408] starting temporary directories cleanup&#10;============================================================" type="AssertionError"/>
</testcase>
<testcase classname="Testsuites.BUI.Feature.Online Check In.BUI2-557" name="Showing imported passport when the National is not Finland" time="0.218">
<failure message="Setup failed:&#10;Error: browserType.launch: &#10;╔════════════════════════════════════════════════════════════════════════════════════════════════╗&#10;║ Looks like you launched a headed browser without having a XServer running.                     ║&#10;║ Set either 'headless: true' or use 'xvfb-run &lt;your-playwright-app&gt;' before running Playwright. ║&#10;║                                                                                                ║&#10;║ &lt;3 Playwright Team                                                                             ║&#10;╚════════════════════════════════════════════════════════════════════════════════════════════════╝&#10;=========================== logs ===========================&#10;&lt;launching&gt; /opt/hostedtoolcache/Python/3.11.4/x64/lib/python3.11/site-packages/Browser/wrapper/node_modules/playwright-core/.local-browsers/firefox-1419/firefox/firefox -no-remote -wait-for-browser -foreground -profile /tmp/playwright_firefoxdev_profile-uR1OnC -juggler-pipe -silent&#10;&lt;launched&gt; pid=3671&#10;[pid=3671][err] Error: no DISPLAY environment variable specified&#10;[pid=3671] &lt;process did exit: exitCode=1, signal=null&gt;&#10;[pid=3671] starting temporary directories cleanup&#10;============================================================" type="AssertionError"/>
</testcase>
</testsuite>
</testsuite>
</testsuite>
<testsuite name="Regression" tests="2" errors="0" failures="2" skipped="0" time="0.261" timestamp="2023-08-09T12:03:42.534000">
<testsuite name="Create Booking" tests="2" errors="0" failures="2" skipped="0" time="0.256" timestamp="2023-08-09T12:03:42.535000">
<testcase classname="Testsuites.BUI.Regression.Create Booking" name="Create A New Booking as" time="0.001">
<failure message="Parent suite setup failed:&#10;Error: browserType.launch: &#10;╔════════════════════════════════════════════════════════════════════════════════════════════════╗&#10;║ Looks like you launched a headed browser without having a XServer running.                     ║&#10;║ Set either 'headless: true' or use 'xvfb-run &lt;your-playwright-app&gt;' before running Playwright. ║&#10;║                                                                                                ║&#10;║ &lt;3 Playwright Team                                                                             ║&#10;╚════════════════════════════════════════════════════════════════════════════════════════════════╝&#10;=========================== logs ===========================&#10;&lt;launching&gt; /opt/hostedtoolcache/Python/3.11.4/x64/lib/python3.11/site-packages/Browser/wrapper/node_modules/playwright-core/.local-browsers/firefox-1419/firefox/firefox -no-remote -wait-for-browser -foreground -profile /tmp/playwright_firefoxdev_profile-LklMbk -juggler-pipe -silent&#10;&lt;launched&gt; pid=3935&#10;[pid=3935][err] Error: no DISPLAY environment variable specified&#10;[pid=3935] &lt;process did exit: exitCode=1, signal=null&gt;&#10;[pid=3935] starting temporary directories cleanup&#10;============================================================" type="AssertionError"/>
</testcase>
<testcase classname="Testsuites.BUI.Regression.Create Booking" name="Confirm Email and Open Link" time="0.001">
<failure message="Parent suite setup failed:&#10;Error: browserType.launch: &#10;╔════════════════════════════════════════════════════════════════════════════════════════════════╗&#10;║ Looks like you launched a headed browser without having a XServer running.                     ║&#10;║ Set either 'headless: true' or use 'xvfb-run &lt;your-playwright-app&gt;' before running Playwright. ║&#10;║                                                                                                ║&#10;║ &lt;3 Playwright Team                                                                             ║&#10;╚════════════════════════════════════════════════════════════════════════════════════════════════╝&#10;=========================== logs ===========================&#10;&lt;launching&gt; /opt/hostedtoolcache/Python/3.11.4/x64/lib/python3.11/site-packages/Browser/wrapper/node_modules/playwright-core/.local-browsers/firefox-1419/firefox/firefox -no-remote -wait-for-browser -foreground -profile /tmp/playwright_firefoxdev_profile-LklMbk -juggler-pipe -silent&#10;&lt;launched&gt; pid=3935&#10;[pid=3935][err] Error: no DISPLAY environment variable specified&#10;[pid=3935] &lt;process did exit: exitCode=1, signal=null&gt;&#10;[pid=3935] starting temporary directories cleanup&#10;============================================================" type="AssertionError"/>
</testcase>
<properties>
<property name="Documentation" value="A test suite for verifying modify booking functionality"/>
</properties>
</testsuite>
</testsuite>
</testsuite>
<testsuite name="MUI" tests="18" errors="0" failures="16" skipped="0" time="64.249" timestamp="2023-08-09T12:03:42.797000">
<testsuite name="EC" tests="9" errors="0" failures="7" skipped="0" time="62.848" timestamp="2023-08-09T12:03:42.798000">
<testsuite name="Smoke" tests="9" errors="0" failures="7" skipped="0" time="62.843" timestamp="2023-08-09T12:03:42.799000">
<testcase classname="Testsuites.MUI.EC.Smoke" name="Open BDC and Check for Availability" time="0.213">
<failure message="Error: browserType.launch: &#10;╔════════════════════════════════════════════════════════════════════════════════════════════════╗&#10;║ Looks like you launched a headed browser without having a XServer running.                     ║&#10;║ Set either 'headless: true' or use 'xvfb-run &lt;your-playwright-app&gt;' before running Playwright. ║&#10;║                                                                                                ║&#10;║ &lt;3 Playwright Team                                                                             ║&#10;╚════════════════════════════════════════════════════════════════════════════════════════════════╝&#10;=========================== logs ===========================&#10;&lt;launching&gt; /opt/hostedtoolcache/Python/3.11.4/x64/lib/python3.11/site-packages/Browser/wrapper/node_modules/playwright-core/.local-browsers/firefox-1419/firefox/firefox -no-remote -wait-for-browser -foreground -profile /tmp/playwright_firefoxdev_profile-JcaKdu -juggler-pipe -silent&#10;&lt;launched&gt; pid=4198&#10;[pid=4198][err] Error: no DISPLAY environment variable specified&#10;[pid=4198] &lt;process did exit: exitCode=1, signal=null&gt;&#10;[pid=4198] starting temporary directories cleanup&#10;============================================================" type="AssertionError"/>
</testcase>
<testcase classname="Testsuites.MUI.EC.Smoke" name="Create Reservation" time="1.017">
<failure message="Error: Could not find active page" type="AssertionError"/>
</testcase>
<testcase classname="Testsuites.MUI.EC.Smoke" name="Fill Contact Information and Payment Details" time="0.016">
<failure message="Error: Could not find active page" type="AssertionError"/>
</testcase>
<testcase classname="Testsuites.MUI.EC.Smoke" name="Verify Emails and Get Booking No" time="61.086">
<failure message="ApiException: (408)&#10;Reason: &#10;HTTP response headers: HTTPHeaderDict({'Date': 'Wed, 09 Aug 2023 12:04:45 GMT', 'Content-Type': 'text/plain;charset=UTF-8', 'Content-Length': '1061', 'Connection': 'keep-alive', 'X-XSS-Protection': '1; mode=block', 'Referrer-Policy': 'same-origin', 'Strict-Transport-Security': 'max-age=63072000; includeSubdomains; preload', 'X-Content-Type-Options': 'nosniff', 'Content-Security-Policy': &quot;default-src https: 'self' app.mailslurp.com *.mailslurp.com *.mailslurp.link *.mailslurp.dev http://localhost:3000; object-src none; frame-ancestors 'self' app.mailslurp.com *.mailslurp.com *.mailslurp.link *.mailslurp.dev http://localhost:3000; img-src * data: 'unsafe-inline'; style-src * data: 'unsafe-inline';&quot;, 'Vary': 'origin,access-control-request-method,access-control-request-headers,accept-encoding', 'Cache-Control': 'no-cache, no-store, max-age=0, must-revalidate', 'Pragma': 'no-cache', 'Expires': '0', 'X-Frame-Options': 'DENY'})&#10;HTTP response body: {&quot;message&quot;:&quot;Failed to satisfy email query for inbox ID `492aa3bb-9e4b-410a-a02c-84f13ace89e8` for user ID `a2f48756-8279-471d-bb55-980a32334d37`. Expected minimum message count of `10`. Found at most `0`(after max timeout of `60000 ms` and a back-off period of `1000 ms`). Did you send an email to the inbox? The inbox's email address is `492aa3bb-9e4b-410a-a02c-84f13ace89e8@mailslurp.com`. Sort direction `ASC`, unread only `true`, match options `{\&quot;matches\&quot;:[{\&quot;field\&quot;:\&quot;SUBJECT\&quot;,\&quot;should\&quot;:\&quot;CONTAIN\&quot;,\&quot;value\&quot;:\&quot;is confirmed\&quot;}],\&quot;conditions\&quot;:null}`, created at after `2000-01-01T00:00:00Z` and created at before `3000-01-01T00:00:00Z`&quot;,&quot;caseNumber&quot;:&quot;CASE-NF-84950c64-910c-4b95-8cbd-8d6ed0eb8430&quot;,&quot;errorClass&quot;:&quot;GetMessagesRetryException&quot;,&quot;errorCode&quot;:&quot;E_001_UNEXPECTED_ERROR&quot;,&quot;comment&quot;:&quot;If your error persists please submit a ticket at `https://mailslurp.zendesk.com/hc/en-us/requests/new`. Please include your error `caseNumber` if available to help support debug the issue. Sharing screenshots or samples of your code will help the team understand.&quot;}&#10;" type="AssertionError"/>
</testcase>
<testcase classname="Testsuites.MUI.EC.Smoke" name="Create A New Booking on Booking.com for a later date and verify Emails" time="0.001">
</testcase>
<testcase classname="Testsuites.MUI.EC.Smoke" name="Cancel Booking via BDC" time="0.002">
</testcase>
<testcase classname="Testsuites.MUI.EC.Smoke" name="Open Booking in MUI" time="0.223">
<failure message="Error: browserType.launch: &#10;╔════════════════════════════════════════════════════════════════════════════════════════════════╗&#10;║ Looks like you launched a headed browser without having a XServer running.                     ║&#10;║ Set either 'headless: true' or use 'xvfb-run &lt;your-playwright-app&gt;' before running Playwright. ║&#10;║                                                                                                ║&#10;║ &lt;3 Playwright Team                                                                             ║&#10;╚════════════════════════════════════════════════════════════════════════════════════════════════╝&#10;=========================== logs ===========================&#10;&lt;launching&gt; /opt/hostedtoolcache/Python/3.11.4/x64/lib/python3.11/site-packages/Browser/wrapper/node_modules/playwright-core/.local-browsers/firefox-1419/firefox/firefox -no-remote -wait-for-browser -foreground -profile /tmp/playwright_firefoxdev_profile-aUz1qw -juggler-pipe -silent&#10;&lt;launched&gt; pid=4493&#10;[pid=4493][err] Error: no DISPLAY environment variable specified&#10;[pid=4493] &lt;process did exit: exitCode=1, signal=null&gt;&#10;[pid=4493] starting temporary directories cleanup&#10;============================================================" type="AssertionError"/>
</testcase>
<testcase classname="Testsuites.MUI.EC.Smoke" name="Cancel Booking in MUI" time="0.007">
<failure message="Error: Could not find active page" type="AssertionError"/>
</testcase>
<testcase classname="Testsuites.MUI.EC.Smoke" name="Start Creating a new Booking in MUI" time="0.237">
<failure message="Error: browserType.launch: &#10;╔════════════════════════════════════════════════════════════════════════════════════════════════╗&#10;║ Looks like you launched a headed browser without having a XServer running.                     ║&#10;║ Set either 'headless: true' or use 'xvfb-run &lt;your-playwright-app&gt;' before running Playwright. ║&#10;║                                                                                                ║&#10;║ &lt;3 Playwright Team                                                                             ║&#10;╚════════════════════════════════════════════════════════════════════════════════════════════════╝&#10;=========================== logs ===========================&#10;&lt;launching&gt; /opt/hostedtoolcache/Python/3.11.4/x64/lib/python3.11/site-packages/Browser/wrapper/node_modules/playwright-core/.local-browsers/firefox-1419/firefox/firefox -no-remote -wait-for-browser -foreground -profile /tmp/playwright_firefoxdev_profile-ZIaVXK -juggler-pipe -silent&#10;&lt;launched&gt; pid=4756&#10;[pid=4756][err] Error: no DISPLAY environment variable specified&#10;[pid=4756] &lt;process did exit: exitCode=1, signal=null&gt;&#10;[pid=4756] starting temporary directories cleanup&#10;============================================================" type="AssertionError"/>
</testcase>
<properties>
<property name="Documentation" value="A test suite for verifying modify booking functionality"/>
</properties>
</testsuite>
</testsuite>
<testsuite name="Feature" tests="2" errors="0" failures="2" skipped="0" time="0.475" timestamp="2023-08-09T12:04:45.647000">
<testsuite name="MUI-430" tests="2" errors="0" failures="2" skipped="0" time="0.469" timestamp="2023-08-09T12:04:45.649000">
<testcase classname="Testsuites.MUI.Feature.MUI-430" name="Filter all reservations with Check-in incomplete" time="0.224">
<failure message="Error: browserType.launch: &#10;╔════════════════════════════════════════════════════════════════════════════════════════════════╗&#10;║ Looks like you launched a headed browser without having a XServer running.                     ║&#10;║ Set either 'headless: true' or use 'xvfb-run &lt;your-playwright-app&gt;' before running Playwright. ║&#10;║                                                                                                ║&#10;║ &lt;3 Playwright Team                                                                             ║&#10;╚════════════════════════════════════════════════════════════════════════════════════════════════╝&#10;=========================== logs ===========================&#10;&lt;launching&gt; /opt/hostedtoolcache/Python/3.11.4/x64/lib/python3.11/site-packages/Browser/wrapper/node_modules/playwright-core/.local-browsers/firefox-1419/firefox/firefox -no-remote -wait-for-browser -foreground -profile /tmp/playwright_firefoxdev_profile-TBBjaA -juggler-pipe -silent&#10;&lt;launched&gt; pid=5020&#10;[pid=5020][err] Error: no DISPLAY environment variable specified&#10;[pid=5020] &lt;process did exit: exitCode=1, signal=null&gt;&#10;[pid=5020] starting temporary directories cleanup&#10;============================================================" type="AssertionError"/>
</testcase>
<testcase classname="Testsuites.MUI.Feature.MUI-430" name="Remove filter and find a reservation with Check-in complete" time="0.225">
<failure message="Error: browserType.launch: &#10;╔════════════════════════════════════════════════════════════════════════════════════════════════╗&#10;║ Looks like you launched a headed browser without having a XServer running.                     ║&#10;║ Set either 'headless: true' or use 'xvfb-run &lt;your-playwright-app&gt;' before running Playwright. ║&#10;║                                                                                                ║&#10;║ &lt;3 Playwright Team                                                                             ║&#10;╚════════════════════════════════════════════════════════════════════════════════════════════════╝&#10;=========================== logs ===========================&#10;&lt;launching&gt; /opt/hostedtoolcache/Python/3.11.4/x64/lib/python3.11/site-packages/Browser/wrapper/node_modules/playwright-core/.local-browsers/firefox-1419/firefox/firefox -no-remote -wait-for-browser -foreground -profile /tmp/playwright_firefoxdev_profile-djrO2W -juggler-pipe -silent&#10;&lt;launched&gt; pid=5283&#10;[pid=5283][err] Error: no DISPLAY environment variable specified&#10;[pid=5283] &lt;process did exit: exitCode=1, signal=null&gt;&#10;[pid=5283] starting temporary directories cleanup&#10;============================================================" type="AssertionError"/>
</testcase>
<properties>
<property name="Documentation" value="This file contains test cases for testing MUI-430.robot"/>
</properties>
</testsuite>
</testsuite>
<testsuite name="Regression" tests="7" errors="0" failures="7" skipped="0" time="0.922" timestamp="2023-08-09T12:04:46.123000">
<testsuite name="Smoke" tests="7" errors="0" failures="7" skipped="0" time="0.917" timestamp="2023-08-09T12:04:46.124000">
<testcase classname="Testsuites.MUI.Regression.Smoke" name="Try Logging in without Password" time="0.236">
<failure message="Error: browserType.launch: &#10;╔════════════════════════════════════════════════════════════════════════════════════════════════╗&#10;║ Looks like you launched a headed browser without having a XServer running.                     ║&#10;║ Set either 'headless: true' or use 'xvfb-run &lt;your-playwright-app&gt;' before running Playwright. ║&#10;║                                                                                                ║&#10;║ &lt;3 Playwright Team                                                                             ║&#10;╚════════════════════════════════════════════════════════════════════════════════════════════════╝&#10;=========================== logs ===========================&#10;&lt;launching&gt; /opt/hostedtoolcache/Python/3.11.4/x64/lib/python3.11/site-packages/Browser/wrapper/node_modules/playwright-core/.local-browsers/firefox-1419/firefox/firefox -no-remote -wait-for-browser -foreground -profile /tmp/playwright_firefoxdev_profile-mZckZL -juggler-pipe -silent&#10;&lt;launched&gt; pid=5547&#10;[pid=5547][err] Error: no DISPLAY environment variable specified&#10;[pid=5547] &lt;process did exit: exitCode=1, signal=null&gt;&#10;[pid=5547] starting temporary directories cleanup&#10;============================================================" type="AssertionError"/>
</testcase>
<testcase classname="Testsuites.MUI.Regression.Smoke" name="Try Logging in without Username" time="0.207">
<failure message="Error: browserType.launch: &#10;╔════════════════════════════════════════════════════════════════════════════════════════════════╗&#10;║ Looks like you launched a headed browser without having a XServer running.                     ║&#10;║ Set either 'headless: true' or use 'xvfb-run &lt;your-playwright-app&gt;' before running Playwright. ║&#10;║                                                                                                ║&#10;║ &lt;3 Playwright Team                                                                             ║&#10;╚════════════════════════════════════════════════════════════════════════════════════════════════╝&#10;=========================== logs ===========================&#10;&lt;launching&gt; /opt/hostedtoolcache/Python/3.11.4/x64/lib/python3.11/site-packages/Browser/wrapper/node_modules/playwright-core/.local-browsers/firefox-1419/firefox/firefox -no-remote -wait-for-browser -foreground -profile /tmp/playwright_firefoxdev_profile-72aUuo -juggler-pipe -silent&#10;&lt;launched&gt; pid=5810&#10;[pid=5810][err] Error: no DISPLAY environment variable specified&#10;[pid=5810] &lt;process did exit: exitCode=1, signal=null&gt;&#10;[pid=5810] starting temporary directories cleanup&#10;============================================================" type="AssertionError"/>
</testcase>
<testcase classname="Testsuites.MUI.Regression.Smoke" name="Try Logging in with incorrect Password/Username combination" time="0.214">
<failure message="Error: browserType.launch: &#10;╔════════════════════════════════════════════════════════════════════════════════════════════════╗&#10;║ Looks like you launched a headed browser without having a XServer running.                     ║&#10;║ Set either 'headless: true' or use 'xvfb-run &lt;your-playwright-app&gt;' before running Playwright. ║&#10;║                                                                                                ║&#10;║ &lt;3 Playwright Team                                                                             ║&#10;╚════════════════════════════════════════════════════════════════════════════════════════════════╝&#10;=========================== logs ===========================&#10;&lt;launching&gt; /opt/hostedtoolcache/Python/3.11.4/x64/lib/python3.11/site-packages/Browser/wrapper/node_modules/playwright-core/.local-browsers/firefox-1419/firefox/firefox -no-remote -wait-for-browser -foreground -profile /tmp/playwright_firefoxdev_profile-tDEMZ1 -juggler-pipe -silent&#10;&lt;launched&gt; pid=6073&#10;[pid=6073][err] Error: no DISPLAY environment variable specified&#10;[pid=6073] &lt;process did exit: exitCode=1, signal=null&gt;&#10;[pid=6073] starting temporary directories cleanup&#10;============================================================" type="AssertionError"/>
</testcase>
<testcase classname="Testsuites.MUI.Regression.Smoke" name="Log in with correct Username and Password" time="0.217">
<failure message="Error: browserType.launch: &#10;╔════════════════════════════════════════════════════════════════════════════════════════════════╗&#10;║ Looks like you launched a headed browser without having a XServer running.                     ║&#10;║ Set either 'headless: true' or use 'xvfb-run &lt;your-playwright-app&gt;' before running Playwright. ║&#10;║                                                                                                ║&#10;║ &lt;3 Playwright Team                                                                             ║&#10;╚════════════════════════════════════════════════════════════════════════════════════════════════╝&#10;=========================== logs ===========================&#10;&lt;launching&gt; /opt/hostedtoolcache/Python/3.11.4/x64/lib/python3.11/site-packages/Browser/wrapper/node_modules/playwright-core/.local-browsers/firefox-1419/firefox/firefox -no-remote -wait-for-browser -foreground -profile /tmp/playwright_firefoxdev_profile-8iolTG -juggler-pipe -silent&#10;&lt;launched&gt; pid=6336&#10;[pid=6336][err] Error: no DISPLAY environment variable specified&#10;[pid=6336] &lt;process did exit: exitCode=1, signal=null&gt;&#10;[pid=6336] starting temporary directories cleanup&#10;============================================================" type="AssertionError"/>
</testcase>
<testcase classname="Testsuites.MUI.Regression.Smoke" name="Verify Users Page" time="0.005">
<failure message="Error: Could not find active page" type="AssertionError"/>
</testcase>
<testcase classname="Testsuites.MUI.Regression.Smoke" name="Verify User Profile" time="0.005">
<failure message="Error: Could not find active page" type="AssertionError"/>
</testcase>
<testcase classname="Testsuites.MUI.Regression.Smoke" name="Log Out" time="0.005">
<failure message="Error: Could not find active page" type="AssertionError"/>
</testcase>
<properties>
<property name="Documentation" value="This file contains smoke tests for MUI"/>
</properties>
</testsuite>
</testsuite>
</testsuite>
<properties>
<property name="Documentation" value="Argument file for running tests on Omena test4 environment (test4)"/>
</properties>
</testsuite>
