<?xml version="1.0" encoding="UTF-8"?>
<testsuite name="Testsuites" tests="55" errors="0" failures="51" skipped="0" time="9.120" timestamp="2023-10-30T17:24:57.293000">
<testsuite name="BUI" tests="13" errors="0" failures="13" skipped="0" time="3.142" timestamp="2023-10-30T17:24:57.313000">
<testsuite name="Regression" tests="13" errors="0" failures="13" skipped="0" time="3.139" timestamp="2023-10-30T17:24:57.315000">
<testsuite name="Create Booking" tests="2" errors="0" failures="2" skipped="0" time="1.528" timestamp="2023-10-30T17:24:57.316000">
<testcase classname="Testsuites.BUI.Regression.Create Booking" name="Create A New Booking as" time="0.000">
<failure message="Parent suite setup failed:&#10;Error: browserType.launch: &#10;╔════════════════════════════════════════════════════════════════════════════════════════════════╗&#10;║ Looks like you launched a headed browser without having a XServer running.                     ║&#10;║ Set either 'headless: true' or use 'xvfb-run &lt;your-playwright-app&gt;' before running Playwright. ║&#10;║                                                                                                ║&#10;║ &lt;3 Playwright Team                                                                             ║&#10;╚════════════════════════════════════════════════════════════════════════════════════════════════╝&#10;=========================== logs ===========================&#10;&lt;launching&gt; /opt/hostedtoolcache/Python/3.11.6/x64/lib/python3.11/site-packages/Browser/wrapper/node_modules/playwright-core/.local-browsers/firefox-1425/firefox/firefox -no-remote -wait-for-browser -foreground -profile /tmp/playwright_firefoxdev_profile-rpv7qa -juggler-pipe -silent&#10;&lt;launched&gt; pid=9672&#10;[pid=9672][err] Error: no DISPLAY environment variable specified&#10;[pid=9672] &lt;process did exit: exitCode=1, signal=null&gt;&#10;[pid=9672] starting temporary directories cleanup&#10;============================================================" type="AssertionError"/>
</testcase>
<testcase classname="Testsuites.BUI.Regression.Create Booking" name="Confirm Email and Open Link" time="0.001">
<failure message="Parent suite setup failed:&#10;Error: browserType.launch: &#10;╔════════════════════════════════════════════════════════════════════════════════════════════════╗&#10;║ Looks like you launched a headed browser without having a XServer running.                     ║&#10;║ Set either 'headless: true' or use 'xvfb-run &lt;your-playwright-app&gt;' before running Playwright. ║&#10;║                                                                                                ║&#10;║ &lt;3 Playwright Team                                                                             ║&#10;╚════════════════════════════════════════════════════════════════════════════════════════════════╝&#10;=========================== logs ===========================&#10;&lt;launching&gt; /opt/hostedtoolcache/Python/3.11.6/x64/lib/python3.11/site-packages/Browser/wrapper/node_modules/playwright-core/.local-browsers/firefox-1425/firefox/firefox -no-remote -wait-for-browser -foreground -profile /tmp/playwright_firefoxdev_profile-rpv7qa -juggler-pipe -silent&#10;&lt;launched&gt; pid=9672&#10;[pid=9672][err] Error: no DISPLAY environment variable specified&#10;[pid=9672] &lt;process did exit: exitCode=1, signal=null&gt;&#10;[pid=9672] starting temporary directories cleanup&#10;============================================================" type="AssertionError"/>
</testcase>
<properties>
<property name="Documentation" value="A test suite for verifying modify booking functionality"/>
</properties>
</testsuite>
<testsuite name="Create Booking And Check In" tests="7" errors="0" failures="7" skipped="0" time="0.367" timestamp="2023-10-30T17:24:58.850000">
<testcase classname="Testsuites.BUI.Regression.Create Booking And Check In" name="Select Hotel, Dates and Guests" time="0.000">
<failure message="Parent suite setup failed:&#10;Error: browserType.launch: &#10;╔════════════════════════════════════════════════════════════════════════════════════════════════╗&#10;║ Looks like you launched a headed browser without having a XServer running.                     ║&#10;║ Set either 'headless: true' or use 'xvfb-run &lt;your-playwright-app&gt;' before running Playwright. ║&#10;║                                                                                                ║&#10;║ &lt;3 Playwright Team                                                                             ║&#10;╚════════════════════════════════════════════════════════════════════════════════════════════════╝&#10;=========================== logs ===========================&#10;&lt;launching&gt; /opt/hostedtoolcache/Python/3.11.6/x64/lib/python3.11/site-packages/Browser/wrapper/node_modules/playwright-core/.local-browsers/firefox-1425/firefox/firefox -no-remote -wait-for-browser -foreground -profile /tmp/playwright_firefoxdev_profile-ZFHJui -juggler-pipe -silent&#10;&lt;launched&gt; pid=9945&#10;[pid=9945][err] Error: no DISPLAY environment variable specified&#10;[pid=9945] &lt;process did exit: exitCode=1, signal=null&gt;&#10;[pid=9945] starting temporary directories cleanup&#10;============================================================" type="AssertionError"/>
</testcase>
<testcase classname="Testsuites.BUI.Regression.Create Booking And Check In" name="Check Available Rooms and Select a Standard Room" time="0.001">
<failure message="Parent suite setup failed:&#10;Error: browserType.launch: &#10;╔════════════════════════════════════════════════════════════════════════════════════════════════╗&#10;║ Looks like you launched a headed browser without having a XServer running.                     ║&#10;║ Set either 'headless: true' or use 'xvfb-run &lt;your-playwright-app&gt;' before running Playwright. ║&#10;║                                                                                                ║&#10;║ &lt;3 Playwright Team                                                                             ║&#10;╚════════════════════════════════════════════════════════════════════════════════════════════════╝&#10;=========================== logs ===========================&#10;&lt;launching&gt; /opt/hostedtoolcache/Python/3.11.6/x64/lib/python3.11/site-packages/Browser/wrapper/node_modules/playwright-core/.local-browsers/firefox-1425/firefox/firefox -no-remote -wait-for-browser -foreground -profile /tmp/playwright_firefoxdev_profile-ZFHJui -juggler-pipe -silent&#10;&lt;launched&gt; pid=9945&#10;[pid=9945][err] Error: no DISPLAY environment variable specified&#10;[pid=9945] &lt;process did exit: exitCode=1, signal=null&gt;&#10;[pid=9945] starting temporary directories cleanup&#10;============================================================" type="AssertionError"/>
</testcase>
<testcase classname="Testsuites.BUI.Regression.Create Booking And Check In" name="Continue to Extras and Select Join for Free" time="0.001">
<failure message="Parent suite setup failed:&#10;Error: browserType.launch: &#10;╔════════════════════════════════════════════════════════════════════════════════════════════════╗&#10;║ Looks like you launched a headed browser without having a XServer running.                     ║&#10;║ Set either 'headless: true' or use 'xvfb-run &lt;your-playwright-app&gt;' before running Playwright. ║&#10;║                                                                                                ║&#10;║ &lt;3 Playwright Team                                                                             ║&#10;╚════════════════════════════════════════════════════════════════════════════════════════════════╝&#10;=========================== logs ===========================&#10;&lt;launching&gt; /opt/hostedtoolcache/Python/3.11.6/x64/lib/python3.11/site-packages/Browser/wrapper/node_modules/playwright-core/.local-browsers/firefox-1425/firefox/firefox -no-remote -wait-for-browser -foreground -profile /tmp/playwright_firefoxdev_profile-ZFHJui -juggler-pipe -silent&#10;&lt;launched&gt; pid=9945&#10;[pid=9945][err] Error: no DISPLAY environment variable specified&#10;[pid=9945] &lt;process did exit: exitCode=1, signal=null&gt;&#10;[pid=9945] starting temporary directories cleanup&#10;============================================================" type="AssertionError"/>
</testcase>
<testcase classname="Testsuites.BUI.Regression.Create Booking And Check In" name="Fill in Booker Contact Information" time="0.000">
<failure message="Parent suite setup failed:&#10;Error: browserType.launch: &#10;╔════════════════════════════════════════════════════════════════════════════════════════════════╗&#10;║ Looks like you launched a headed browser without having a XServer running.                     ║&#10;║ Set either 'headless: true' or use 'xvfb-run &lt;your-playwright-app&gt;' before running Playwright. ║&#10;║                                                                                                ║&#10;║ &lt;3 Playwright Team                                                                             ║&#10;╚════════════════════════════════════════════════════════════════════════════════════════════════╝&#10;=========================== logs ===========================&#10;&lt;launching&gt; /opt/hostedtoolcache/Python/3.11.6/x64/lib/python3.11/site-packages/Browser/wrapper/node_modules/playwright-core/.local-browsers/firefox-1425/firefox/firefox -no-remote -wait-for-browser -foreground -profile /tmp/playwright_firefoxdev_profile-ZFHJui -juggler-pipe -silent&#10;&lt;launched&gt; pid=9945&#10;[pid=9945][err] Error: no DISPLAY environment variable specified&#10;[pid=9945] &lt;process did exit: exitCode=1, signal=null&gt;&#10;[pid=9945] starting temporary directories cleanup&#10;============================================================" type="AssertionError"/>
</testcase>
<testcase classname="Testsuites.BUI.Regression.Create Booking And Check In" name="Pay using Web Bank and Nordea" time="0.001">
<failure message="Parent suite setup failed:&#10;Error: browserType.launch: &#10;╔════════════════════════════════════════════════════════════════════════════════════════════════╗&#10;║ Looks like you launched a headed browser without having a XServer running.                     ║&#10;║ Set either 'headless: true' or use 'xvfb-run &lt;your-playwright-app&gt;' before running Playwright. ║&#10;║                                                                                                ║&#10;║ &lt;3 Playwright Team                                                                             ║&#10;╚════════════════════════════════════════════════════════════════════════════════════════════════╝&#10;=========================== logs ===========================&#10;&lt;launching&gt; /opt/hostedtoolcache/Python/3.11.6/x64/lib/python3.11/site-packages/Browser/wrapper/node_modules/playwright-core/.local-browsers/firefox-1425/firefox/firefox -no-remote -wait-for-browser -foreground -profile /tmp/playwright_firefoxdev_profile-ZFHJui -juggler-pipe -silent&#10;&lt;launched&gt; pid=9945&#10;[pid=9945][err] Error: no DISPLAY environment variable specified&#10;[pid=9945] &lt;process did exit: exitCode=1, signal=null&gt;&#10;[pid=9945] starting temporary directories cleanup&#10;============================================================" type="AssertionError"/>
</testcase>
<testcase classname="Testsuites.BUI.Regression.Create Booking And Check In" name="Check In Online" time="0.000">
<failure message="Parent suite setup failed:&#10;Error: browserType.launch: &#10;╔════════════════════════════════════════════════════════════════════════════════════════════════╗&#10;║ Looks like you launched a headed browser without having a XServer running.                     ║&#10;║ Set either 'headless: true' or use 'xvfb-run &lt;your-playwright-app&gt;' before running Playwright. ║&#10;║                                                                                                ║&#10;║ &lt;3 Playwright Team                                                                             ║&#10;╚════════════════════════════════════════════════════════════════════════════════════════════════╝&#10;=========================== logs ===========================&#10;&lt;launching&gt; /opt/hostedtoolcache/Python/3.11.6/x64/lib/python3.11/site-packages/Browser/wrapper/node_modules/playwright-core/.local-browsers/firefox-1425/firefox/firefox -no-remote -wait-for-browser -foreground -profile /tmp/playwright_firefoxdev_profile-ZFHJui -juggler-pipe -silent&#10;&lt;launched&gt; pid=9945&#10;[pid=9945][err] Error: no DISPLAY environment variable specified&#10;[pid=9945] &lt;process did exit: exitCode=1, signal=null&gt;&#10;[pid=9945] starting temporary directories cleanup&#10;============================================================" type="AssertionError"/>
</testcase>
<testcase classname="Testsuites.BUI.Regression.Create Booking And Check In" name="Wait for Door Code and Verify Page" time="0.000">
<failure message="Parent suite setup failed:&#10;Error: browserType.launch: &#10;╔════════════════════════════════════════════════════════════════════════════════════════════════╗&#10;║ Looks like you launched a headed browser without having a XServer running.                     ║&#10;║ Set either 'headless: true' or use 'xvfb-run &lt;your-playwright-app&gt;' before running Playwright. ║&#10;║                                                                                                ║&#10;║ &lt;3 Playwright Team                                                                             ║&#10;╚════════════════════════════════════════════════════════════════════════════════════════════════╝&#10;=========================== logs ===========================&#10;&lt;launching&gt; /opt/hostedtoolcache/Python/3.11.6/x64/lib/python3.11/site-packages/Browser/wrapper/node_modules/playwright-core/.local-browsers/firefox-1425/firefox/firefox -no-remote -wait-for-browser -foreground -profile /tmp/playwright_firefoxdev_profile-ZFHJui -juggler-pipe -silent&#10;&lt;launched&gt; pid=9945&#10;[pid=9945][err] Error: no DISPLAY environment variable specified&#10;[pid=9945] &lt;process did exit: exitCode=1, signal=null&gt;&#10;[pid=9945] starting temporary directories cleanup&#10;============================================================" type="AssertionError"/>
</testcase>
<properties>
<property name="Documentation" value="This is a test suite for booking a room and checking in online"/>
</properties>
</testsuite>
<testsuite name="Online Check In" tests="4" errors="0" failures="4" skipped="0" time="1.229" timestamp="2023-10-30T17:24:59.224000">
<testsuite name="BUI2-557" tests="4" errors="0" failures="4" skipped="0" time="1.222" timestamp="2023-10-30T17:24:59.226000">
<testcase classname="Testsuites.BUI.Regression.Online Check In.BUI2-557" name="Create a new Booking" time="0.300">
<failure message="Setup failed:&#10;Error: browserType.launch: &#10;╔════════════════════════════════════════════════════════════════════════════════════════════════╗&#10;║ Looks like you launched a headed browser without having a XServer running.                     ║&#10;║ Set either 'headless: true' or use 'xvfb-run &lt;your-playwright-app&gt;' before running Playwright. ║&#10;║                                                                                                ║&#10;║ &lt;3 Playwright Team                                                                             ║&#10;╚════════════════════════════════════════════════════════════════════════════════════════════════╝&#10;=========================== logs ===========================&#10;&lt;launching&gt; /opt/hostedtoolcache/Python/3.11.6/x64/lib/python3.11/site-packages/Browser/wrapper/node_modules/playwright-core/.local-browsers/firefox-1425/firefox/firefox -no-remote -wait-for-browser -foreground -profile /tmp/playwright_firefoxdev_profile-3sOlcm -juggler-pipe -silent&#10;&lt;launched&gt; pid=10218&#10;[pid=10218][err] Error: no DISPLAY environment variable specified&#10;[pid=10218] &lt;process did exit: exitCode=1, signal=null&gt;&#10;[pid=10218] starting temporary directories cleanup&#10;============================================================" type="AssertionError"/>
</testcase>
<testcase classname="Testsuites.BUI.Regression.Online Check In.BUI2-557" name="Add Someone Else as the Main Guest" time="0.297">
<failure message="Setup failed:&#10;Error: browserType.launch: &#10;╔════════════════════════════════════════════════════════════════════════════════════════════════╗&#10;║ Looks like you launched a headed browser without having a XServer running.                     ║&#10;║ Set either 'headless: true' or use 'xvfb-run &lt;your-playwright-app&gt;' before running Playwright. ║&#10;║                                                                                                ║&#10;║ &lt;3 Playwright Team                                                                             ║&#10;╚════════════════════════════════════════════════════════════════════════════════════════════════╝&#10;=========================== logs ===========================&#10;&lt;launching&gt; /opt/hostedtoolcache/Python/3.11.6/x64/lib/python3.11/site-packages/Browser/wrapper/node_modules/playwright-core/.local-browsers/firefox-1425/firefox/firefox -no-remote -wait-for-browser -foreground -profile /tmp/playwright_firefoxdev_profile-4P2OSp -juggler-pipe -silent&#10;&lt;launched&gt; pid=10491&#10;[pid=10491][err] Error: no DISPLAY environment variable specified&#10;[pid=10491] &lt;process did exit: exitCode=1, signal=null&gt;&#10;[pid=10491] starting temporary directories cleanup&#10;============================================================" type="AssertionError"/>
</testcase>
<testcase classname="Testsuites.BUI.Regression.Online Check In.BUI2-557" name="Validation shows msg for fields marked" time="0.300">
<failure message="Setup failed:&#10;Error: browserType.launch: &#10;╔════════════════════════════════════════════════════════════════════════════════════════════════╗&#10;║ Looks like you launched a headed browser without having a XServer running.                     ║&#10;║ Set either 'headless: true' or use 'xvfb-run &lt;your-playwright-app&gt;' before running Playwright. ║&#10;║                                                                                                ║&#10;║ &lt;3 Playwright Team                                                                             ║&#10;╚════════════════════════════════════════════════════════════════════════════════════════════════╝&#10;=========================== logs ===========================&#10;&lt;launching&gt; /opt/hostedtoolcache/Python/3.11.6/x64/lib/python3.11/site-packages/Browser/wrapper/node_modules/playwright-core/.local-browsers/firefox-1425/firefox/firefox -no-remote -wait-for-browser -foreground -profile /tmp/playwright_firefoxdev_profile-aBOhlx -juggler-pipe -silent&#10;&lt;launched&gt; pid=10764&#10;[pid=10764][err] Error: no DISPLAY environment variable specified&#10;[pid=10764] &lt;process did exit: exitCode=1, signal=null&gt;&#10;[pid=10764] starting temporary directories cleanup&#10;============================================================" type="AssertionError"/>
</testcase>
<testcase classname="Testsuites.BUI.Regression.Online Check In.BUI2-557" name="Showing imported passport when the National is not Finland" time="0.293">
<failure message="Setup failed:&#10;Error: browserType.launch: &#10;╔════════════════════════════════════════════════════════════════════════════════════════════════╗&#10;║ Looks like you launched a headed browser without having a XServer running.                     ║&#10;║ Set either 'headless: true' or use 'xvfb-run &lt;your-playwright-app&gt;' before running Playwright. ║&#10;║                                                                                                ║&#10;║ &lt;3 Playwright Team                                                                             ║&#10;╚════════════════════════════════════════════════════════════════════════════════════════════════╝&#10;=========================== logs ===========================&#10;&lt;launching&gt; /opt/hostedtoolcache/Python/3.11.6/x64/lib/python3.11/site-packages/Browser/wrapper/node_modules/playwright-core/.local-browsers/firefox-1425/firefox/firefox -no-remote -wait-for-browser -foreground -profile /tmp/playwright_firefoxdev_profile-ph0sm1 -juggler-pipe -silent&#10;&lt;launched&gt; pid=11037&#10;[pid=11037][err] Error: no DISPLAY environment variable specified&#10;[pid=11037] &lt;process did exit: exitCode=1, signal=null&gt;&#10;[pid=11037] starting temporary directories cleanup&#10;============================================================" type="AssertionError"/>
</testcase>
</testsuite>
</testsuite>
</testsuite>
</testsuite>
<testsuite name="Customer Specific" tests="13" errors="0" failures="12" skipped="0" time="2.196" timestamp="2023-10-30T17:25:00.456000">
<testsuite name="Kensington Stay" tests="13" errors="0" failures="12" skipped="0" time="2.193" timestamp="2023-10-30T17:25:00.458000">
<testsuite name="Confirm Bdc Booking" tests="3" errors="0" failures="2" skipped="0" time="0.339" timestamp="2023-10-30T17:25:00.459000">
<testcase classname="Testsuites.Customer Specific.Kensington Stay.Confirm Bdc Booking" name="Create A New Booking on Booking.com for a later date and verify Emails" time="0.001">
</testcase>
<testcase classname="Testsuites.Customer Specific.Kensington Stay.Confirm Bdc Booking" name="Open Booking in MUI" time="0.294">
<failure message="Error: browserType.launch: &#10;╔════════════════════════════════════════════════════════════════════════════════════════════════╗&#10;║ Looks like you launched a headed browser without having a XServer running.                     ║&#10;║ Set either 'headless: true' or use 'xvfb-run &lt;your-playwright-app&gt;' before running Playwright. ║&#10;║                                                                                                ║&#10;║ &lt;3 Playwright Team                                                                             ║&#10;╚════════════════════════════════════════════════════════════════════════════════════════════════╝&#10;=========================== logs ===========================&#10;&lt;launching&gt; /opt/hostedtoolcache/Python/3.11.6/x64/lib/python3.11/site-packages/Browser/wrapper/node_modules/playwright-core/.local-browsers/firefox-1425/firefox/firefox -no-remote -wait-for-browser -foreground -profile /tmp/playwright_firefoxdev_profile-WgWA15 -juggler-pipe -silent&#10;&lt;launched&gt; pid=11310&#10;[pid=11310][err] Error: no DISPLAY environment variable specified&#10;[pid=11310] &lt;process did exit: exitCode=1, signal=null&gt;&#10;[pid=11310] starting temporary directories cleanup&#10;============================================================" type="AssertionError"/>
</testcase>
<testcase classname="Testsuites.Customer Specific.Kensington Stay.Confirm Bdc Booking" name="Cancel Booking in MUI" time="0.011">
<failure message="Error: Could not find active page" type="AssertionError"/>
</testcase>
<properties>
<property name="Documentation" value="A test suite for verifying modify booking functionality"/>
</properties>
</testsuite>
<testsuite name="Create Bdc Booking" tests="4" errors="0" failures="4" skipped="0" time="1.431" timestamp="2023-10-30T17:25:00.803000">
<testcase classname="Testsuites.Customer Specific.Kensington Stay.Create Bdc Booking" name="Open BDC and Check for Availability" time="0.292">
<failure message="Error: browserType.launch: &#10;╔════════════════════════════════════════════════════════════════════════════════════════════════╗&#10;║ Looks like you launched a headed browser without having a XServer running.                     ║&#10;║ Set either 'headless: true' or use 'xvfb-run &lt;your-playwright-app&gt;' before running Playwright. ║&#10;║                                                                                                ║&#10;║ &lt;3 Playwright Team                                                                             ║&#10;╚════════════════════════════════════════════════════════════════════════════════════════════════╝&#10;=========================== logs ===========================&#10;&lt;launching&gt; /opt/hostedtoolcache/Python/3.11.6/x64/lib/python3.11/site-packages/Browser/wrapper/node_modules/playwright-core/.local-browsers/firefox-1425/firefox/firefox -no-remote -wait-for-browser -foreground -profile /tmp/playwright_firefoxdev_profile-VM8QKc -juggler-pipe -silent&#10;&lt;launched&gt; pid=11584&#10;[pid=11584][err] Error: no DISPLAY environment variable specified&#10;[pid=11584] &lt;process did exit: exitCode=1, signal=null&gt;&#10;[pid=11584] starting temporary directories cleanup&#10;============================================================" type="AssertionError"/>
</testcase>
<testcase classname="Testsuites.Customer Specific.Kensington Stay.Create Bdc Booking" name="Start Reservation Process" time="1.019">
<failure message="Error: Could not find active page" type="AssertionError"/>
</testcase>
<testcase classname="Testsuites.Customer Specific.Kensington Stay.Create Bdc Booking" name="Fill Contact Information and Payment Details" time="0.019">
<failure message="Error: Could not find active page" type="AssertionError"/>
</testcase>
<testcase classname="Testsuites.Customer Specific.Kensington Stay.Create Bdc Booking" name="Verify Confirmation Email" time="0.025">
<failure message="No keyword with name 'Wait for Latest Booking Confirmation' found. Did you try using keyword 'Browser.Wait For' and forgot to use enough whitespace between keyword and arguments?" type="AssertionError"/>
</testcase>
<properties>
<property name="Documentation" value="A test suite for verifying modify booking functionality"/>
</properties>
</testsuite>
<testsuite name="Create Bui Booking" tests="5" errors="0" failures="5" skipped="0" time="0.370" timestamp="2023-10-30T17:25:02.239000">
<testcase classname="Testsuites.Customer Specific.Kensington Stay.Create Bui Booking" name="Open Kensington Stay Home Page" time="0.291">
<failure message="Error: browserType.launch: &#10;╔════════════════════════════════════════════════════════════════════════════════════════════════╗&#10;║ Looks like you launched a headed browser without having a XServer running.                     ║&#10;║ Set either 'headless: true' or use 'xvfb-run &lt;your-playwright-app&gt;' before running Playwright. ║&#10;║                                                                                                ║&#10;║ &lt;3 Playwright Team                                                                             ║&#10;╚════════════════════════════════════════════════════════════════════════════════════════════════╝&#10;=========================== logs ===========================&#10;&lt;launching&gt; /opt/hostedtoolcache/Python/3.11.6/x64/lib/python3.11/site-packages/Browser/wrapper/node_modules/playwright-core/.local-browsers/firefox-1425/firefox/firefox -no-remote -wait-for-browser -foreground -profile /tmp/playwright_firefoxdev_profile-VdBNWP -juggler-pipe -silent&#10;&lt;launched&gt; pid=11860&#10;[pid=11860][err] Error: no DISPLAY environment variable specified&#10;[pid=11860] &lt;process did exit: exitCode=1, signal=null&gt;&#10;[pid=11860] starting temporary directories cleanup&#10;============================================================" type="AssertionError"/>
</testcase>
<testcase classname="Testsuites.Customer Specific.Kensington Stay.Create Bui Booking" name="Open Menu and Click Book a Room" time="0.008">
<failure message="Error: Could not find active page" type="AssertionError"/>
</testcase>
<testcase classname="Testsuites.Customer Specific.Kensington Stay.Create Bui Booking" name="Verify Booking Page Elements" time="0.006">
<failure message="_InactiveRpcError: &lt;_InactiveRpcError of RPC that terminated with:&#10;&#09;status = StatusCode.RESOURCE_EXHAUSTED&#10;&#09;details = &quot;Error: Could not find active page&quot;&#10;&#09;debug_error_string = &quot;UNKNOWN:Error received from peer  {grpc_message:&quot;Error: Could not find active page&quot;, grpc_status:8, created_time:&quot;2023-10-30T17:25:02.57578289+00:00&quot;}&quot;&#10;&gt;" type="AssertionError"/>
</testcase>
<testcase classname="Testsuites.Customer Specific.Kensington Stay.Create Bui Booking" name="Create New Booking in KS" time="0.014">
<failure message="Error: Could not find active page" type="AssertionError"/>
</testcase>
<testcase classname="Testsuites.Customer Specific.Kensington Stay.Create Bui Booking" name="Start Check in Process" time="0.007">
<failure message="_InactiveRpcError: &lt;_InactiveRpcError of RPC that terminated with:&#10;&#09;status = StatusCode.RESOURCE_EXHAUSTED&#10;&#09;details = &quot;Error: Could not find active page&quot;&#10;&#09;debug_error_string = &quot;UNKNOWN:Error received from peer  {created_time:&quot;2023-10-30T17:25:02.599925093+00:00&quot;, grpc_status:8, grpc_message:&quot;Error: Could not find active page&quot;}&quot;&#10;&gt;" type="AssertionError"/>
</testcase>
<properties>
<property name="Documentation" value="A test suite for verifying the Kensington Stay Home Page"/>
</properties>
</testsuite>
<testsuite name="Create Mui Booking" tests="1" errors="0" failures="1" skipped="0" time="0.033" timestamp="2023-10-30T17:25:02.614000">
<testcase classname="Testsuites.Customer Specific.Kensington Stay.Create Mui Booking" name="Start Creating a new Booking in MUI" time="0.008">
<failure message="No keyword with name 'Open Browser to Nelson Portal and Navigate to Test Exhibition' found. Did you try using keyword 'Browser.Open Browser' or 'mui.Open Browser To Nelson Portal' and forgot to use enough whitespace between keyword and arguments?" type="AssertionError"/>
</testcase>
<properties>
<property name="Documentation" value="A test suite for verifying modify booking functionality"/>
</properties>
</testsuite>
</testsuite>
</testsuite>
<testsuite name="MUI" tests="22" errors="0" failures="22" skipped="0" time="2.332" timestamp="2023-10-30T17:25:02.653000">
<testsuite name="Regression" tests="22" errors="0" failures="22" skipped="0" time="2.330" timestamp="2023-10-30T17:25:02.654000">
<testsuite name="Mui.Booking" tests="1" errors="0" failures="1" skipped="0" time="0.311" timestamp="2023-10-30T17:25:02.656000">
<testcase classname="Testsuites.MUI.Regression.Mui.Booking" name="Create New Booking" time="0.000">
<failure message="Parent suite setup failed:&#10;Error: browserType.launch: &#10;╔════════════════════════════════════════════════════════════════════════════════════════════════╗&#10;║ Looks like you launched a headed browser without having a XServer running.                     ║&#10;║ Set either 'headless: true' or use 'xvfb-run &lt;your-playwright-app&gt;' before running Playwright. ║&#10;║                                                                                                ║&#10;║ &lt;3 Playwright Team                                                                             ║&#10;╚════════════════════════════════════════════════════════════════════════════════════════════════╝&#10;=========================== logs ===========================&#10;&lt;launching&gt; /opt/hostedtoolcache/Python/3.11.6/x64/lib/python3.11/site-packages/Browser/wrapper/node_modules/playwright-core/.local-browsers/firefox-1425/firefox/firefox -no-remote -wait-for-browser -foreground -profile /tmp/playwright_firefoxdev_profile-TtqLBX -juggler-pipe -silent&#10;&lt;launched&gt; pid=12133&#10;[pid=12133][err] Error: no DISPLAY environment variable specified&#10;[pid=12133] &lt;process did exit: exitCode=1, signal=null&gt;&#10;[pid=12133] starting temporary directories cleanup&#10;============================================================" type="AssertionError"/>
</testcase>
<properties>
<property name="Documentation" value="A test suite for verifying modify booking functionality"/>
</properties>
</testsuite>
<testsuite name="Mui.Gbe" tests="1" errors="0" failures="1" skipped="0" time="0.329" timestamp="2023-10-30T17:25:02.974000">
<testcase classname="Testsuites.MUI.Regression.Mui.Gbe" name="Create New Group Booking" time="0.000">
<failure message="Parent suite setup failed:&#10;Error: browserType.launch: &#10;╔════════════════════════════════════════════════════════════════════════════════════════════════╗&#10;║ Looks like you launched a headed browser without having a XServer running.                     ║&#10;║ Set either 'headless: true' or use 'xvfb-run &lt;your-playwright-app&gt;' before running Playwright. ║&#10;║                                                                                                ║&#10;║ &lt;3 Playwright Team                                                                             ║&#10;╚════════════════════════════════════════════════════════════════════════════════════════════════╝&#10;=========================== logs ===========================&#10;&lt;launching&gt; /opt/hostedtoolcache/Python/3.11.6/x64/lib/python3.11/site-packages/Browser/wrapper/node_modules/playwright-core/.local-browsers/firefox-1425/firefox/firefox -no-remote -wait-for-browser -foreground -profile /tmp/playwright_firefoxdev_profile-QOBOcS -juggler-pipe -silent&#10;&lt;launched&gt; pid=12406&#10;[pid=12406][err] Error: no DISPLAY environment variable specified&#10;[pid=12406] &lt;process did exit: exitCode=1, signal=null&gt;&#10;[pid=12406] starting temporary directories cleanup&#10;============================================================" type="AssertionError"/>
</testcase>
<properties>
<property name="Documentation" value="A test suite for verifying GBE2 in MUI"/>
</properties>
</testsuite>
<testsuite name="Mui.Reservations" tests="4" errors="0" failures="4" skipped="0" time="0.331" timestamp="2023-10-30T17:25:03.309000">
<testcase classname="Testsuites.MUI.Regression.Mui.Reservations" name="Reservations: Filter all reservations with Check-in incomplete" time="0.001">
<failure message="Parent suite setup failed:&#10;Error: browserType.launch: &#10;╔════════════════════════════════════════════════════════════════════════════════════════════════╗&#10;║ Looks like you launched a headed browser without having a XServer running.                     ║&#10;║ Set either 'headless: true' or use 'xvfb-run &lt;your-playwright-app&gt;' before running Playwright. ║&#10;║                                                                                                ║&#10;║ &lt;3 Playwright Team                                                                             ║&#10;╚════════════════════════════════════════════════════════════════════════════════════════════════╝&#10;=========================== logs ===========================&#10;&lt;launching&gt; /opt/hostedtoolcache/Python/3.11.6/x64/lib/python3.11/site-packages/Browser/wrapper/node_modules/playwright-core/.local-browsers/firefox-1425/firefox/firefox -no-remote -wait-for-browser -foreground -profile /tmp/playwright_firefoxdev_profile-64P3lB -juggler-pipe -silent&#10;&lt;launched&gt; pid=12680&#10;[pid=12680][err] Error: no DISPLAY environment variable specified&#10;[pid=12680] &lt;process did exit: exitCode=1, signal=null&gt;&#10;[pid=12680] starting temporary directories cleanup&#10;============================================================" type="AssertionError"/>
</testcase>
<testcase classname="Testsuites.MUI.Regression.Mui.Reservations" name="Reservations: Remove filter and find a reservation with Check-in complete" time="0.002">
<failure message="Parent suite setup failed:&#10;Error: browserType.launch: &#10;╔════════════════════════════════════════════════════════════════════════════════════════════════╗&#10;║ Looks like you launched a headed browser without having a XServer running.                     ║&#10;║ Set either 'headless: true' or use 'xvfb-run &lt;your-playwright-app&gt;' before running Playwright. ║&#10;║                                                                                                ║&#10;║ &lt;3 Playwright Team                                                                             ║&#10;╚════════════════════════════════════════════════════════════════════════════════════════════════╝&#10;=========================== logs ===========================&#10;&lt;launching&gt; /opt/hostedtoolcache/Python/3.11.6/x64/lib/python3.11/site-packages/Browser/wrapper/node_modules/playwright-core/.local-browsers/firefox-1425/firefox/firefox -no-remote -wait-for-browser -foreground -profile /tmp/playwright_firefoxdev_profile-64P3lB -juggler-pipe -silent&#10;&lt;launched&gt; pid=12680&#10;[pid=12680][err] Error: no DISPLAY environment variable specified&#10;[pid=12680] &lt;process did exit: exitCode=1, signal=null&gt;&#10;[pid=12680] starting temporary directories cleanup&#10;============================================================" type="AssertionError"/>
</testcase>
<testcase classname="Testsuites.MUI.Regression.Mui.Reservations" name="Reservations: Filter Reservations by Stay Dates" time="0.001">
<failure message="Parent suite setup failed:&#10;Error: browserType.launch: &#10;╔════════════════════════════════════════════════════════════════════════════════════════════════╗&#10;║ Looks like you launched a headed browser without having a XServer running.                     ║&#10;║ Set either 'headless: true' or use 'xvfb-run &lt;your-playwright-app&gt;' before running Playwright. ║&#10;║                                                                                                ║&#10;║ &lt;3 Playwright Team                                                                             ║&#10;╚════════════════════════════════════════════════════════════════════════════════════════════════╝&#10;=========================== logs ===========================&#10;&lt;launching&gt; /opt/hostedtoolcache/Python/3.11.6/x64/lib/python3.11/site-packages/Browser/wrapper/node_modules/playwright-core/.local-browsers/firefox-1425/firefox/firefox -no-remote -wait-for-browser -foreground -profile /tmp/playwright_firefoxdev_profile-64P3lB -juggler-pipe -silent&#10;&lt;launched&gt; pid=12680&#10;[pid=12680][err] Error: no DISPLAY environment variable specified&#10;[pid=12680] &lt;process did exit: exitCode=1, signal=null&gt;&#10;[pid=12680] starting temporary directories cleanup&#10;============================================================" type="AssertionError"/>
</testcase>
<testcase classname="Testsuites.MUI.Regression.Mui.Reservations" name="Verify all things" time="0.000">
<failure message="Parent suite setup failed:&#10;Error: browserType.launch: &#10;╔════════════════════════════════════════════════════════════════════════════════════════════════╗&#10;║ Looks like you launched a headed browser without having a XServer running.                     ║&#10;║ Set either 'headless: true' or use 'xvfb-run &lt;your-playwright-app&gt;' before running Playwright. ║&#10;║                                                                                                ║&#10;║ &lt;3 Playwright Team                                                                             ║&#10;╚════════════════════════════════════════════════════════════════════════════════════════════════╝&#10;=========================== logs ===========================&#10;&lt;launching&gt; /opt/hostedtoolcache/Python/3.11.6/x64/lib/python3.11/site-packages/Browser/wrapper/node_modules/playwright-core/.local-browsers/firefox-1425/firefox/firefox -no-remote -wait-for-browser -foreground -profile /tmp/playwright_firefoxdev_profile-64P3lB -juggler-pipe -silent&#10;&lt;launched&gt; pid=12680&#10;[pid=12680][err] Error: no DISPLAY environment variable specified&#10;[pid=12680] &lt;process did exit: exitCode=1, signal=null&gt;&#10;[pid=12680] starting temporary directories cleanup&#10;============================================================" type="AssertionError"/>
</testcase>
<properties>
<property name="Documentation" value="A test suite for verifying modify booking functionality"/>
</properties>
</testsuite>
<testsuite name="Mui.Smoke" tests="16" errors="0" failures="16" skipped="0" time="1.335" timestamp="2023-10-30T17:25:03.644000">
<testcase classname="Testsuites.MUI.Regression.Mui.Smoke" name="Log in with correct Username and Password" time="0.302">
<failure message="Error: browserType.launch: &#10;╔════════════════════════════════════════════════════════════════════════════════════════════════╗&#10;║ Looks like you launched a headed browser without having a XServer running.                     ║&#10;║ Set either 'headless: true' or use 'xvfb-run &lt;your-playwright-app&gt;' before running Playwright. ║&#10;║                                                                                                ║&#10;║ &lt;3 Playwright Team                                                                             ║&#10;╚════════════════════════════════════════════════════════════════════════════════════════════════╝&#10;=========================== logs ===========================&#10;&lt;launching&gt; /opt/hostedtoolcache/Python/3.11.6/x64/lib/python3.11/site-packages/Browser/wrapper/node_modules/playwright-core/.local-browsers/firefox-1425/firefox/firefox -no-remote -wait-for-browser -foreground -profile /tmp/playwright_firefoxdev_profile-tYh1Cn -juggler-pipe -silent&#10;&lt;launched&gt; pid=12953&#10;[pid=12953][err] Error: no DISPLAY environment variable specified&#10;[pid=12953] &lt;process did exit: exitCode=1, signal=null&gt;&#10;[pid=12953] starting temporary directories cleanup&#10;============================================================" type="AssertionError"/>
</testcase>
<testcase classname="Testsuites.MUI.Regression.Mui.Smoke" name="Open Reports Page and Verify" time="0.008">
<failure message="Error: No page open." type="AssertionError"/>
</testcase>
<testcase classname="Testsuites.MUI.Regression.Mui.Smoke" name="Verify Each Report Can be Downloaded" time="0.009">
<failure message="Error: Could not find active page" type="AssertionError"/>
</testcase>
<testcase classname="Testsuites.MUI.Regression.Mui.Smoke" name="Verify Usage Page" time="0.008">
<failure message="Error: No page open." type="AssertionError"/>
</testcase>
<testcase classname="Testsuites.MUI.Regression.Mui.Smoke" name="Verify Maintenance Page" time="0.008">
<failure message="Error: No page open." type="AssertionError"/>
</testcase>
<testcase classname="Testsuites.MUI.Regression.Mui.Smoke" name="Verify Customers Page" time="0.008">
<failure message="Error: No page open." type="AssertionError"/>
</testcase>
<testcase classname="Testsuites.MUI.Regression.Mui.Smoke" name="Verify Pricing Page" time="0.007">
<failure message="Error: No page open." type="AssertionError"/>
</testcase>
<testcase classname="Testsuites.MUI.Regression.Mui.Smoke" name="Verify Allotments Page" time="0.008">
<failure message="Error: No page open." type="AssertionError"/>
</testcase>
<testcase classname="Testsuites.MUI.Regression.Mui.Smoke" name="Verify Vouchers Page" time="0.008">
<failure message="Error: No page open." type="AssertionError"/>
</testcase>
<testcase classname="Testsuites.MUI.Regression.Mui.Smoke" name="Verify Breakfast Page" time="0.007">
<failure message="Error: No page open." type="AssertionError"/>
</testcase>
<testcase classname="Testsuites.MUI.Regression.Mui.Smoke" name="Verify Settings Page" time="0.010">
<failure message="Error: No page open." type="AssertionError"/>
</testcase>
<testcase classname="Testsuites.MUI.Regression.Mui.Smoke" name="Verify Locks Page" time="0.007">
<failure message="Error: No page open." type="AssertionError"/>
</testcase>
<testcase classname="Testsuites.MUI.Regression.Mui.Smoke" name="Log Out" time="0.005">
<failure message="Error: Could not find active page" type="AssertionError"/>
</testcase>
<testcase classname="Testsuites.MUI.Regression.Mui.Smoke" name="Try Logging in without Password" time="0.302">
<failure message="Error: browserType.launch: &#10;╔════════════════════════════════════════════════════════════════════════════════════════════════╗&#10;║ Looks like you launched a headed browser without having a XServer running.                     ║&#10;║ Set either 'headless: true' or use 'xvfb-run &lt;your-playwright-app&gt;' before running Playwright. ║&#10;║                                                                                                ║&#10;║ &lt;3 Playwright Team                                                                             ║&#10;╚════════════════════════════════════════════════════════════════════════════════════════════════╝&#10;=========================== logs ===========================&#10;&lt;launching&gt; /opt/hostedtoolcache/Python/3.11.6/x64/lib/python3.11/site-packages/Browser/wrapper/node_modules/playwright-core/.local-browsers/firefox-1425/firefox/firefox -no-remote -wait-for-browser -foreground -profile /tmp/playwright_firefoxdev_profile-39i04W -juggler-pipe -silent&#10;&lt;launched&gt; pid=13226&#10;[pid=13226][err] Error: no DISPLAY environment variable specified&#10;[pid=13226] &lt;process did exit: exitCode=1, signal=null&gt;&#10;[pid=13226] starting temporary directories cleanup&#10;============================================================" type="AssertionError"/>
</testcase>
<testcase classname="Testsuites.MUI.Regression.Mui.Smoke" name="Try Logging in without Username" time="0.287">
<failure message="Error: browserType.launch: &#10;╔════════════════════════════════════════════════════════════════════════════════════════════════╗&#10;║ Looks like you launched a headed browser without having a XServer running.                     ║&#10;║ Set either 'headless: true' or use 'xvfb-run &lt;your-playwright-app&gt;' before running Playwright. ║&#10;║                                                                                                ║&#10;║ &lt;3 Playwright Team                                                                             ║&#10;╚════════════════════════════════════════════════════════════════════════════════════════════════╝&#10;=========================== logs ===========================&#10;&lt;launching&gt; /opt/hostedtoolcache/Python/3.11.6/x64/lib/python3.11/site-packages/Browser/wrapper/node_modules/playwright-core/.local-browsers/firefox-1425/firefox/firefox -no-remote -wait-for-browser -foreground -profile /tmp/playwright_firefoxdev_profile-a6YLi4 -juggler-pipe -silent&#10;&lt;launched&gt; pid=13499&#10;[pid=13499][err] Error: no DISPLAY environment variable specified&#10;[pid=13499] &lt;process did exit: exitCode=1, signal=null&gt;&#10;[pid=13499] starting temporary directories cleanup&#10;============================================================" type="AssertionError"/>
</testcase>
<testcase classname="Testsuites.MUI.Regression.Mui.Smoke" name="Try Logging in with incorrect Password/Username combination" time="0.297">
<failure message="Error: browserType.launch: &#10;╔════════════════════════════════════════════════════════════════════════════════════════════════╗&#10;║ Looks like you launched a headed browser without having a XServer running.                     ║&#10;║ Set either 'headless: true' or use 'xvfb-run &lt;your-playwright-app&gt;' before running Playwright. ║&#10;║                                                                                                ║&#10;║ &lt;3 Playwright Team                                                                             ║&#10;╚════════════════════════════════════════════════════════════════════════════════════════════════╝&#10;=========================== logs ===========================&#10;&lt;launching&gt; /opt/hostedtoolcache/Python/3.11.6/x64/lib/python3.11/site-packages/Browser/wrapper/node_modules/playwright-core/.local-browsers/firefox-1425/firefox/firefox -no-remote -wait-for-browser -foreground -profile /tmp/playwright_firefoxdev_profile-65twuF -juggler-pipe -silent&#10;&lt;launched&gt; pid=13772&#10;[pid=13772][err] Error: no DISPLAY environment variable specified&#10;[pid=13772] &lt;process did exit: exitCode=1, signal=null&gt;&#10;[pid=13772] starting temporary directories cleanup&#10;============================================================" type="AssertionError"/>
</testcase>
<properties>
<property name="Documentation" value="This file contains smoke tests for MUI"/>
</properties>
</testsuite>
</testsuite>
</testsuite>
<testsuite name="OTA" tests="7" errors="0" failures="4" skipped="0" time="1.426" timestamp="2023-10-30T17:25:04.986000">
<testsuite name="Bdc" tests="4" errors="0" failures="4" skipped="0" time="1.372" timestamp="2023-10-30T17:25:04.988000">
<testcase classname="Testsuites.OTA.Bdc" name="Open BDC and Check for Availability" time="0.295">
<failure message="Error: browserType.launch: &#10;╔════════════════════════════════════════════════════════════════════════════════════════════════╗&#10;║ Looks like you launched a headed browser without having a XServer running.                     ║&#10;║ Set either 'headless: true' or use 'xvfb-run &lt;your-playwright-app&gt;' before running Playwright. ║&#10;║                                                                                                ║&#10;║ &lt;3 Playwright Team                                                                             ║&#10;╚════════════════════════════════════════════════════════════════════════════════════════════════╝&#10;=========================== logs ===========================&#10;&lt;launching&gt; /opt/hostedtoolcache/Python/3.11.6/x64/lib/python3.11/site-packages/Browser/wrapper/node_modules/playwright-core/.local-browsers/firefox-1425/firefox/firefox -no-remote -wait-for-browser -foreground -profile /tmp/playwright_firefoxdev_profile-4j1Snm -juggler-pipe -silent&#10;&lt;launched&gt; pid=14046&#10;[pid=14046][err] Error: no DISPLAY environment variable specified&#10;[pid=14046] &lt;process did exit: exitCode=1, signal=null&gt;&#10;[pid=14046] starting temporary directories cleanup&#10;============================================================" type="AssertionError"/>
</testcase>
<testcase classname="Testsuites.OTA.Bdc" name="Create Reservation in BDC" time="1.020">
<failure message="Error: Could not find active page" type="AssertionError"/>
</testcase>
<testcase classname="Testsuites.OTA.Bdc" name="Fill Contact Information and Payment Details" time="0.017">
<failure message="Error: Could not find active page" type="AssertionError"/>
</testcase>
<testcase classname="Testsuites.OTA.Bdc" name="Verify Confirmation Email Arrives" time="0.017">
<failure message="No keyword with name 'Wait for Latest Booking Confirmation' found. Did you try using keyword 'Browser.Wait For' and forgot to use enough whitespace between keyword and arguments?" type="AssertionError"/>
</testcase>
<properties>
<property name="Documentation" value="A test suite for verifying BDC booking functionality"/>
</properties>
</testsuite>
<testsuite name="Expedia" tests="3" errors="0" failures="0" skipped="0" time="0.043" timestamp="2023-10-30T17:25:06.365000">
<testcase classname="Testsuites.OTA.Expedia" name="Check Availability in Expedia" time="0.002">
</testcase>
<testcase classname="Testsuites.OTA.Expedia" name="Select Hotel and Create Booking" time="0.003">
</testcase>
<testcase classname="Testsuites.OTA.Expedia" name="Fill Booker Details" time="0.005">
</testcase>
<properties>
<property name="Documentation" value="This is a test suite for booking a room and checking in online"/>
</properties>
</testsuite>
</testsuite>
<properties>
<property name="Documentation" value="Argument file for running tests on Omena test4 environment (test4)"/>
</properties>
</testsuite>
