<?xml version="1.0" encoding="UTF-8"?>
<testsuite name="Testsuites" tests="29" errors="0" failures="27" skipped="0" time="67.245" timestamp="2023-08-08T04:57:56.823000">
<testsuite name="BUI" tests="13" errors="0" failures="13" skipped="0" time="3.063" timestamp="2023-08-08T04:57:56.840000">
<testsuite name="Feature" tests="11" errors="0" failures="11" skipped="0" time="2.341" timestamp="2023-08-08T04:57:56.842000">
<testsuite name="Online Check In" tests="11" errors="0" failures="11" skipped="0" time="2.338" timestamp="2023-08-08T04:57:56.844000">
<testsuite name="BUI2-556" tests="7" errors="0" failures="7" skipped="0" time="1.336" timestamp="2023-08-08T04:57:56.845000">
<testcase classname="Testsuites.BUI.Feature.Online Check In.BUI2-556" name="Select Hotel, Dates and Guests" time="0.001">
<failure message="Parent suite setup failed:&#10;Error: browserType.launch: &#10;╔════════════════════════════════════════════════════════════════════════════════════════════════╗&#10;║ Looks like you launched a headed browser without having a XServer running.                     ║&#10;║ Set either 'headless: true' or use 'xvfb-run &lt;your-playwright-app&gt;' before running Playwright. ║&#10;║                                                                                                ║&#10;║ &lt;3 Playwright Team                                                                             ║&#10;╚════════════════════════════════════════════════════════════════════════════════════════════════╝&#10;=========================== logs ===========================&#10;&lt;launching&gt; /opt/hostedtoolcache/Python/3.11.4/x64/lib/python3.11/site-packages/Browser/wrapper/node_modules/playwright-core/.local-browsers/firefox-1419/firefox/firefox -no-remote -wait-for-browser -foreground -profile /tmp/playwright_firefoxdev_profile-SfWoUv -juggler-pipe -silent&#10;&lt;launched&gt; pid=2536&#10;[pid=2536][err] Error: no DISPLAY environment variable specified&#10;[pid=2536] &lt;process did exit: exitCode=1, signal=null&gt;&#10;[pid=2536] starting temporary directories cleanup&#10;============================================================" type="AssertionError"/>
</testcase>
<testcase classname="Testsuites.BUI.Feature.Online Check In.BUI2-556" name="Check Available Rooms and Select a Standard Room" time="0.002">
<failure message="Parent suite setup failed:&#10;Error: browserType.launch: &#10;╔════════════════════════════════════════════════════════════════════════════════════════════════╗&#10;║ Looks like you launched a headed browser without having a XServer running.                     ║&#10;║ Set either 'headless: true' or use 'xvfb-run &lt;your-playwright-app&gt;' before running Playwright. ║&#10;║                                                                                                ║&#10;║ &lt;3 Playwright Team                                                                             ║&#10;╚════════════════════════════════════════════════════════════════════════════════════════════════╝&#10;=========================== logs ===========================&#10;&lt;launching&gt; /opt/hostedtoolcache/Python/3.11.4/x64/lib/python3.11/site-packages/Browser/wrapper/node_modules/playwright-core/.local-browsers/firefox-1419/firefox/firefox -no-remote -wait-for-browser -foreground -profile /tmp/playwright_firefoxdev_profile-SfWoUv -juggler-pipe -silent&#10;&lt;launched&gt; pid=2536&#10;[pid=2536][err] Error: no DISPLAY environment variable specified&#10;[pid=2536] &lt;process did exit: exitCode=1, signal=null&gt;&#10;[pid=2536] starting temporary directories cleanup&#10;============================================================" type="AssertionError"/>
</testcase>
<testcase classname="Testsuites.BUI.Feature.Online Check In.BUI2-556" name="Continue to Extras and Select Join for Free" time="0.002">
<failure message="Parent suite setup failed:&#10;Error: browserType.launch: &#10;╔════════════════════════════════════════════════════════════════════════════════════════════════╗&#10;║ Looks like you launched a headed browser without having a XServer running.                     ║&#10;║ Set either 'headless: true' or use 'xvfb-run &lt;your-playwright-app&gt;' before running Playwright. ║&#10;║                                                                                                ║&#10;║ &lt;3 Playwright Team                                                                             ║&#10;╚════════════════════════════════════════════════════════════════════════════════════════════════╝&#10;=========================== logs ===========================&#10;&lt;launching&gt; /opt/hostedtoolcache/Python/3.11.4/x64/lib/python3.11/site-packages/Browser/wrapper/node_modules/playwright-core/.local-browsers/firefox-1419/firefox/firefox -no-remote -wait-for-browser -foreground -profile /tmp/playwright_firefoxdev_profile-SfWoUv -juggler-pipe -silent&#10;&lt;launched&gt; pid=2536&#10;[pid=2536][err] Error: no DISPLAY environment variable specified&#10;[pid=2536] &lt;process did exit: exitCode=1, signal=null&gt;&#10;[pid=2536] starting temporary directories cleanup&#10;============================================================" type="AssertionError"/>
</testcase>
<testcase classname="Testsuites.BUI.Feature.Online Check In.BUI2-556" name="Fill in Booker Contact Information" time="0.001">
<failure message="Parent suite setup failed:&#10;Error: browserType.launch: &#10;╔════════════════════════════════════════════════════════════════════════════════════════════════╗&#10;║ Looks like you launched a headed browser without having a XServer running.                     ║&#10;║ Set either 'headless: true' or use 'xvfb-run &lt;your-playwright-app&gt;' before running Playwright. ║&#10;║                                                                                                ║&#10;║ &lt;3 Playwright Team                                                                             ║&#10;╚════════════════════════════════════════════════════════════════════════════════════════════════╝&#10;=========================== logs ===========================&#10;&lt;launching&gt; /opt/hostedtoolcache/Python/3.11.4/x64/lib/python3.11/site-packages/Browser/wrapper/node_modules/playwright-core/.local-browsers/firefox-1419/firefox/firefox -no-remote -wait-for-browser -foreground -profile /tmp/playwright_firefoxdev_profile-SfWoUv -juggler-pipe -silent&#10;&lt;launched&gt; pid=2536&#10;[pid=2536][err] Error: no DISPLAY environment variable specified&#10;[pid=2536] &lt;process did exit: exitCode=1, signal=null&gt;&#10;[pid=2536] starting temporary directories cleanup&#10;============================================================" type="AssertionError"/>
</testcase>
<testcase classname="Testsuites.BUI.Feature.Online Check In.BUI2-556" name="Pay using Web Bank and Nordea" time="0.001">
<failure message="Parent suite setup failed:&#10;Error: browserType.launch: &#10;╔════════════════════════════════════════════════════════════════════════════════════════════════╗&#10;║ Looks like you launched a headed browser without having a XServer running.                     ║&#10;║ Set either 'headless: true' or use 'xvfb-run &lt;your-playwright-app&gt;' before running Playwright. ║&#10;║                                                                                                ║&#10;║ &lt;3 Playwright Team                                                                             ║&#10;╚════════════════════════════════════════════════════════════════════════════════════════════════╝&#10;=========================== logs ===========================&#10;&lt;launching&gt; /opt/hostedtoolcache/Python/3.11.4/x64/lib/python3.11/site-packages/Browser/wrapper/node_modules/playwright-core/.local-browsers/firefox-1419/firefox/firefox -no-remote -wait-for-browser -foreground -profile /tmp/playwright_firefoxdev_profile-SfWoUv -juggler-pipe -silent&#10;&lt;launched&gt; pid=2536&#10;[pid=2536][err] Error: no DISPLAY environment variable specified&#10;[pid=2536] &lt;process did exit: exitCode=1, signal=null&gt;&#10;[pid=2536] starting temporary directories cleanup&#10;============================================================" type="AssertionError"/>
</testcase>
<testcase classname="Testsuites.BUI.Feature.Online Check In.BUI2-556" name="Check In Online" time="0.001">
<failure message="Parent suite setup failed:&#10;Error: browserType.launch: &#10;╔════════════════════════════════════════════════════════════════════════════════════════════════╗&#10;║ Looks like you launched a headed browser without having a XServer running.                     ║&#10;║ Set either 'headless: true' or use 'xvfb-run &lt;your-playwright-app&gt;' before running Playwright. ║&#10;║                                                                                                ║&#10;║ &lt;3 Playwright Team                                                                             ║&#10;╚════════════════════════════════════════════════════════════════════════════════════════════════╝&#10;=========================== logs ===========================&#10;&lt;launching&gt; /opt/hostedtoolcache/Python/3.11.4/x64/lib/python3.11/site-packages/Browser/wrapper/node_modules/playwright-core/.local-browsers/firefox-1419/firefox/firefox -no-remote -wait-for-browser -foreground -profile /tmp/playwright_firefoxdev_profile-SfWoUv -juggler-pipe -silent&#10;&lt;launched&gt; pid=2536&#10;[pid=2536][err] Error: no DISPLAY environment variable specified&#10;[pid=2536] &lt;process did exit: exitCode=1, signal=null&gt;&#10;[pid=2536] starting temporary directories cleanup&#10;============================================================" type="AssertionError"/>
</testcase>
<testcase classname="Testsuites.BUI.Feature.Online Check In.BUI2-556" name="Wait for Door Code and Verify Page" time="0.000">
<failure message="Parent suite setup failed:&#10;Error: browserType.launch: &#10;╔════════════════════════════════════════════════════════════════════════════════════════════════╗&#10;║ Looks like you launched a headed browser without having a XServer running.                     ║&#10;║ Set either 'headless: true' or use 'xvfb-run &lt;your-playwright-app&gt;' before running Playwright. ║&#10;║                                                                                                ║&#10;║ &lt;3 Playwright Team                                                                             ║&#10;╚════════════════════════════════════════════════════════════════════════════════════════════════╝&#10;=========================== logs ===========================&#10;&lt;launching&gt; /opt/hostedtoolcache/Python/3.11.4/x64/lib/python3.11/site-packages/Browser/wrapper/node_modules/playwright-core/.local-browsers/firefox-1419/firefox/firefox -no-remote -wait-for-browser -foreground -profile /tmp/playwright_firefoxdev_profile-SfWoUv -juggler-pipe -silent&#10;&lt;launched&gt; pid=2536&#10;[pid=2536][err] Error: no DISPLAY environment variable specified&#10;[pid=2536] &lt;process did exit: exitCode=1, signal=null&gt;&#10;[pid=2536] starting temporary directories cleanup&#10;============================================================" type="AssertionError"/>
</testcase>
<properties>
<property name="Documentation" value="This is a test suite for booking a room and checking in online"/>
</properties>
</testsuite>
<testsuite name="BUI2-557" tests="4" errors="0" failures="4" skipped="0" time="0.989" timestamp="2023-08-08T04:57:58.186000">
<testcase classname="Testsuites.BUI.Feature.Online Check In.BUI2-557" name="Create a new Booking" time="0.251">
<failure message="Setup failed:&#10;Error: browserType.launch: &#10;╔════════════════════════════════════════════════════════════════════════════════════════════════╗&#10;║ Looks like you launched a headed browser without having a XServer running.                     ║&#10;║ Set either 'headless: true' or use 'xvfb-run &lt;your-playwright-app&gt;' before running Playwright. ║&#10;║                                                                                                ║&#10;║ &lt;3 Playwright Team                                                                             ║&#10;╚════════════════════════════════════════════════════════════════════════════════════════════════╝&#10;=========================== logs ===========================&#10;&lt;launching&gt; /opt/hostedtoolcache/Python/3.11.4/x64/lib/python3.11/site-packages/Browser/wrapper/node_modules/playwright-core/.local-browsers/firefox-1419/firefox/firefox -no-remote -wait-for-browser -foreground -profile /tmp/playwright_firefoxdev_profile-5WumiS -juggler-pipe -silent&#10;&lt;launched&gt; pid=2800&#10;[pid=2800][err] Error: no DISPLAY environment variable specified&#10;[pid=2800] &lt;process did exit: exitCode=1, signal=null&gt;&#10;[pid=2800] starting temporary directories cleanup&#10;============================================================" type="AssertionError"/>
</testcase>
<testcase classname="Testsuites.BUI.Feature.Online Check In.BUI2-557" name="Add Someone Else as the Main Guest" time="0.240">
<failure message="Setup failed:&#10;Error: browserType.launch: &#10;╔════════════════════════════════════════════════════════════════════════════════════════════════╗&#10;║ Looks like you launched a headed browser without having a XServer running.                     ║&#10;║ Set either 'headless: true' or use 'xvfb-run &lt;your-playwright-app&gt;' before running Playwright. ║&#10;║                                                                                                ║&#10;║ &lt;3 Playwright Team                                                                             ║&#10;╚════════════════════════════════════════════════════════════════════════════════════════════════╝&#10;=========================== logs ===========================&#10;&lt;launching&gt; /opt/hostedtoolcache/Python/3.11.4/x64/lib/python3.11/site-packages/Browser/wrapper/node_modules/playwright-core/.local-browsers/firefox-1419/firefox/firefox -no-remote -wait-for-browser -foreground -profile /tmp/playwright_firefoxdev_profile-4IxTL2 -juggler-pipe -silent&#10;&lt;launched&gt; pid=3065&#10;[pid=3065][err] Error: no DISPLAY environment variable specified&#10;[pid=3065] &lt;process did exit: exitCode=1, signal=null&gt;&#10;[pid=3065] starting temporary directories cleanup&#10;============================================================" type="AssertionError"/>
</testcase>
<testcase classname="Testsuites.BUI.Feature.Online Check In.BUI2-557" name="Validation shows msg for fields marked" time="0.234">
<failure message="Setup failed:&#10;Error: browserType.launch: &#10;╔════════════════════════════════════════════════════════════════════════════════════════════════╗&#10;║ Looks like you launched a headed browser without having a XServer running.                     ║&#10;║ Set either 'headless: true' or use 'xvfb-run &lt;your-playwright-app&gt;' before running Playwright. ║&#10;║                                                                                                ║&#10;║ &lt;3 Playwright Team                                                                             ║&#10;╚════════════════════════════════════════════════════════════════════════════════════════════════╝&#10;=========================== logs ===========================&#10;&lt;launching&gt; /opt/hostedtoolcache/Python/3.11.4/x64/lib/python3.11/site-packages/Browser/wrapper/node_modules/playwright-core/.local-browsers/firefox-1419/firefox/firefox -no-remote -wait-for-browser -foreground -profile /tmp/playwright_firefoxdev_profile-Nl7ZNI -juggler-pipe -silent&#10;&lt;launched&gt; pid=3329&#10;[pid=3329][err] Error: no DISPLAY environment variable specified&#10;[pid=3329] &lt;process did exit: exitCode=1, signal=null&gt;&#10;[pid=3329] starting temporary directories cleanup&#10;============================================================" type="AssertionError"/>
</testcase>
<testcase classname="Testsuites.BUI.Feature.Online Check In.BUI2-557" name="Showing imported passport when the National is not Finland" time="0.236">
<failure message="Setup failed:&#10;Error: browserType.launch: &#10;╔════════════════════════════════════════════════════════════════════════════════════════════════╗&#10;║ Looks like you launched a headed browser without having a XServer running.                     ║&#10;║ Set either 'headless: true' or use 'xvfb-run &lt;your-playwright-app&gt;' before running Playwright. ║&#10;║                                                                                                ║&#10;║ &lt;3 Playwright Team                                                                             ║&#10;╚════════════════════════════════════════════════════════════════════════════════════════════════╝&#10;=========================== logs ===========================&#10;&lt;launching&gt; /opt/hostedtoolcache/Python/3.11.4/x64/lib/python3.11/site-packages/Browser/wrapper/node_modules/playwright-core/.local-browsers/firefox-1419/firefox/firefox -no-remote -wait-for-browser -foreground -profile /tmp/playwright_firefoxdev_profile-noAVxB -juggler-pipe -silent&#10;&lt;launched&gt; pid=3593&#10;[pid=3593][err] Error: no DISPLAY environment variable specified&#10;[pid=3593] &lt;process did exit: exitCode=1, signal=null&gt;&#10;[pid=3593] starting temporary directories cleanup&#10;============================================================" type="AssertionError"/>
</testcase>
</testsuite>
</testsuite>
</testsuite>
<testsuite name="Regression" tests="2" errors="0" failures="2" skipped="0" time="0.717" timestamp="2023-08-08T04:57:59.184000">
<testsuite name="Create Booking" tests="2" errors="0" failures="2" skipped="0" time="0.710" timestamp="2023-08-08T04:57:59.186000">
<testcase classname="Testsuites.BUI.Regression.Create Booking" name="Create A New Booking as" time="0.002">
<failure message="Parent suite setup failed:&#10;Error: browserType.launch: &#10;╔════════════════════════════════════════════════════════════════════════════════════════════════╗&#10;║ Looks like you launched a headed browser without having a XServer running.                     ║&#10;║ Set either 'headless: true' or use 'xvfb-run &lt;your-playwright-app&gt;' before running Playwright. ║&#10;║                                                                                                ║&#10;║ &lt;3 Playwright Team                                                                             ║&#10;╚════════════════════════════════════════════════════════════════════════════════════════════════╝&#10;=========================== logs ===========================&#10;&lt;launching&gt; /opt/hostedtoolcache/Python/3.11.4/x64/lib/python3.11/site-packages/Browser/wrapper/node_modules/playwright-core/.local-browsers/firefox-1419/firefox/firefox -no-remote -wait-for-browser -foreground -profile /tmp/playwright_firefoxdev_profile-BMA4aI -juggler-pipe -silent&#10;&lt;launched&gt; pid=3867&#10;[pid=3867][err] Error: no DISPLAY environment variable specified&#10;[pid=3867] &lt;process did exit: exitCode=1, signal=null&gt;&#10;[pid=3867] starting temporary directories cleanup&#10;============================================================" type="AssertionError"/>
</testcase>
<testcase classname="Testsuites.BUI.Regression.Create Booking" name="Confirm Email and Open Link" time="0.003">
<failure message="Parent suite setup failed:&#10;Error: browserType.launch: &#10;╔════════════════════════════════════════════════════════════════════════════════════════════════╗&#10;║ Looks like you launched a headed browser without having a XServer running.                     ║&#10;║ Set either 'headless: true' or use 'xvfb-run &lt;your-playwright-app&gt;' before running Playwright. ║&#10;║                                                                                                ║&#10;║ &lt;3 Playwright Team                                                                             ║&#10;╚════════════════════════════════════════════════════════════════════════════════════════════════╝&#10;=========================== logs ===========================&#10;&lt;launching&gt; /opt/hostedtoolcache/Python/3.11.4/x64/lib/python3.11/site-packages/Browser/wrapper/node_modules/playwright-core/.local-browsers/firefox-1419/firefox/firefox -no-remote -wait-for-browser -foreground -profile /tmp/playwright_firefoxdev_profile-BMA4aI -juggler-pipe -silent&#10;&lt;launched&gt; pid=3867&#10;[pid=3867][err] Error: no DISPLAY environment variable specified&#10;[pid=3867] &lt;process did exit: exitCode=1, signal=null&gt;&#10;[pid=3867] starting temporary directories cleanup&#10;============================================================" type="AssertionError"/>
</testcase>
<properties>
<property name="Documentation" value="A test suite for verifying modify booking functionality"/>
</properties>
</testsuite>
</testsuite>
</testsuite>
<testsuite name="MUI" tests="16" errors="0" failures="14" skipped="0" time="64.164" timestamp="2023-08-08T04:57:59.903000">
<testsuite name="EC" tests="7" errors="0" failures="5" skipped="0" time="62.625" timestamp="2023-08-08T04:57:59.905000">
<testsuite name="Smoke" tests="7" errors="0" failures="5" skipped="0" time="62.620" timestamp="2023-08-08T04:57:59.906000">
<testcase classname="Testsuites.MUI.EC.Smoke" name="Create A New Booking on Booking.com for today and verify Emails" time="0.250">
<failure message="Error: browserType.launch: &#10;╔════════════════════════════════════════════════════════════════════════════════════════════════╗&#10;║ Looks like you launched a headed browser without having a XServer running.                     ║&#10;║ Set either 'headless: true' or use 'xvfb-run &lt;your-playwright-app&gt;' before running Playwright. ║&#10;║                                                                                                ║&#10;║ &lt;3 Playwright Team                                                                             ║&#10;╚════════════════════════════════════════════════════════════════════════════════════════════════╝&#10;=========================== logs ===========================&#10;&lt;launching&gt; /opt/hostedtoolcache/Python/3.11.4/x64/lib/python3.11/site-packages/Browser/wrapper/node_modules/playwright-core/.local-browsers/firefox-1419/firefox/firefox -no-remote -wait-for-browser -foreground -profile /tmp/playwright_firefoxdev_profile-D2bSLL -juggler-pipe -silent&#10;&lt;launched&gt; pid=4130&#10;[pid=4130][err] Error: no DISPLAY environment variable specified&#10;[pid=4130] &lt;process did exit: exitCode=1, signal=null&gt;&#10;[pid=4130] starting temporary directories cleanup&#10;============================================================" type="AssertionError"/>
</testcase>
<testcase classname="Testsuites.MUI.EC.Smoke" name="Verify Emails and Get Booking No" time="61.774">
<failure message="ApiException: (408)&#10;Reason: &#10;HTTP response headers: HTTPHeaderDict({'Date': 'Tue, 08 Aug 2023 04:59:01 GMT', 'Content-Type': 'text/plain;charset=UTF-8', 'Content-Length': '1082', 'Connection': 'keep-alive', 'X-XSS-Protection': '1; mode=block', 'Referrer-Policy': 'same-origin', 'Strict-Transport-Security': 'max-age=63072000; includeSubdomains; preload', 'X-Content-Type-Options': 'nosniff', 'Content-Security-Policy': &quot;default-src https: 'self' app.mailslurp.com *.mailslurp.com *.mailslurp.link *.mailslurp.dev http://localhost:3000; object-src none; frame-ancestors 'self' app.mailslurp.com *.mailslurp.com *.mailslurp.link *.mailslurp.dev http://localhost:3000; img-src * data: 'unsafe-inline'; style-src * data: 'unsafe-inline';&quot;, 'Vary': 'origin,access-control-request-method,access-control-request-headers,accept-encoding', 'Cache-Control': 'no-cache, no-store, max-age=0, must-revalidate', 'Pragma': 'no-cache', 'Expires': '0', 'X-Frame-Options': 'DENY'})&#10;HTTP response body: {&quot;message&quot;:&quot;Failed to satisfy email query for inbox ID `492aa3bb-9e4b-410a-a02c-84f13ace89e8` for user ID `a2f48756-8279-471d-bb55-980a32334d37`. Expected minimum message count of `1`. Found at most `0`(after max timeout of `60000 ms` and a back-off period of `1000 ms`). Did you send an email to the inbox? The inbox's email address is `492aa3bb-9e4b-410a-a02c-84f13ace89e8@mailslurp.com`. Sort direction `ASC`, unread only `false`, match options `{\&quot;matches\&quot;:[{\&quot;field\&quot;:\&quot;SUBJECT\&quot;,\&quot;should\&quot;:\&quot;CONTAIN\&quot;,\&quot;value\&quot;:\&quot;Welcome to Exhibition Court Hotel\&quot;}],\&quot;conditions\&quot;:null}`, created at after `2000-01-01T00:00:00Z` and created at before `3000-01-01T00:00:00Z`&quot;,&quot;caseNumber&quot;:&quot;CASE-NF-01c07455-3b37-4b5b-82f4-2e077ce66360&quot;,&quot;errorClass&quot;:&quot;GetMessagesRetryException&quot;,&quot;errorCode&quot;:&quot;E_001_UNEXPECTED_ERROR&quot;,&quot;comment&quot;:&quot;If your error persists please submit a ticket at `https://mailslurp.zendesk.com/hc/en-us/requests/new`. Please include your error `caseNumber` if available to help support debug the issue. Sharing screenshots or samples of your code will help the team understand.&quot;}&#10;" type="AssertionError"/>
</testcase>
<testcase classname="Testsuites.MUI.EC.Smoke" name="Create A New Booking on Booking.com for a later date and verify Emails" time="0.003">
</testcase>
<testcase classname="Testsuites.MUI.EC.Smoke" name="Cancel Booking via BDC" time="0.003">
</testcase>
<testcase classname="Testsuites.MUI.EC.Smoke" name="Open Booking in MUI" time="0.251">
<failure message="Error: browserType.launch: &#10;╔════════════════════════════════════════════════════════════════════════════════════════════════╗&#10;║ Looks like you launched a headed browser without having a XServer running.                     ║&#10;║ Set either 'headless: true' or use 'xvfb-run &lt;your-playwright-app&gt;' before running Playwright. ║&#10;║                                                                                                ║&#10;║ &lt;3 Playwright Team                                                                             ║&#10;╚════════════════════════════════════════════════════════════════════════════════════════════════╝&#10;=========================== logs ===========================&#10;&lt;launching&gt; /opt/hostedtoolcache/Python/3.11.4/x64/lib/python3.11/site-packages/Browser/wrapper/node_modules/playwright-core/.local-browsers/firefox-1419/firefox/firefox -no-remote -wait-for-browser -foreground -profile /tmp/playwright_firefoxdev_profile-twc4Hq -juggler-pipe -silent&#10;&lt;launched&gt; pid=4419&#10;[pid=4419][err] Error: no DISPLAY environment variable specified&#10;[pid=4419] &lt;process did exit: exitCode=1, signal=null&gt;&#10;[pid=4419] starting temporary directories cleanup&#10;============================================================" type="AssertionError"/>
</testcase>
<testcase classname="Testsuites.MUI.EC.Smoke" name="Cancel Booking in MUI" time="0.011">
<failure message="Error: Could not find active page" type="AssertionError"/>
</testcase>
<testcase classname="Testsuites.MUI.EC.Smoke" name="Start Creating a new Booking in MUI" time="0.270">
<failure message="Error: browserType.launch: &#10;╔════════════════════════════════════════════════════════════════════════════════════════════════╗&#10;║ Looks like you launched a headed browser without having a XServer running.                     ║&#10;║ Set either 'headless: true' or use 'xvfb-run &lt;your-playwright-app&gt;' before running Playwright. ║&#10;║                                                                                                ║&#10;║ &lt;3 Playwright Team                                                                             ║&#10;╚════════════════════════════════════════════════════════════════════════════════════════════════╝&#10;=========================== logs ===========================&#10;&lt;launching&gt; /opt/hostedtoolcache/Python/3.11.4/x64/lib/python3.11/site-packages/Browser/wrapper/node_modules/playwright-core/.local-browsers/firefox-1419/firefox/firefox -no-remote -wait-for-browser -foreground -profile /tmp/playwright_firefoxdev_profile-UlhmLI -juggler-pipe -silent&#10;&lt;launched&gt; pid=4682&#10;[pid=4682][err] Error: no DISPLAY environment variable specified&#10;[pid=4682] &lt;process did exit: exitCode=1, signal=null&gt;&#10;[pid=4682] starting temporary directories cleanup&#10;============================================================" type="AssertionError"/>
</testcase>
<properties>
<property name="Documentation" value="A test suite for verifying modify booking functionality"/>
</properties>
</testsuite>
</testsuite>
<testsuite name="Feature" tests="2" errors="0" failures="2" skipped="0" time="0.508" timestamp="2023-08-08T04:59:02.531000">
<testsuite name="MUI-430" tests="2" errors="0" failures="2" skipped="0" time="0.502" timestamp="2023-08-08T04:59:02.533000">
<testcase classname="Testsuites.MUI.Feature.MUI-430" name="Filter all reservations with Check-in incomplete" time="0.244">
<failure message="Error: browserType.launch: &#10;╔════════════════════════════════════════════════════════════════════════════════════════════════╗&#10;║ Looks like you launched a headed browser without having a XServer running.                     ║&#10;║ Set either 'headless: true' or use 'xvfb-run &lt;your-playwright-app&gt;' before running Playwright. ║&#10;║                                                                                                ║&#10;║ &lt;3 Playwright Team                                                                             ║&#10;╚════════════════════════════════════════════════════════════════════════════════════════════════╝&#10;=========================== logs ===========================&#10;&lt;launching&gt; /opt/hostedtoolcache/Python/3.11.4/x64/lib/python3.11/site-packages/Browser/wrapper/node_modules/playwright-core/.local-browsers/firefox-1419/firefox/firefox -no-remote -wait-for-browser -foreground -profile /tmp/playwright_firefoxdev_profile-SchfOz -juggler-pipe -silent&#10;&lt;launched&gt; pid=4945&#10;[pid=4945][err] Error: no DISPLAY environment variable specified&#10;[pid=4945] &lt;process did exit: exitCode=1, signal=null&gt;&#10;[pid=4945] starting temporary directories cleanup&#10;============================================================" type="AssertionError"/>
</testcase>
<testcase classname="Testsuites.MUI.Feature.MUI-430" name="Remove filter and find a reservation with Check-in complete" time="0.231">
<failure message="Error: browserType.launch: &#10;╔════════════════════════════════════════════════════════════════════════════════════════════════╗&#10;║ Looks like you launched a headed browser without having a XServer running.                     ║&#10;║ Set either 'headless: true' or use 'xvfb-run &lt;your-playwright-app&gt;' before running Playwright. ║&#10;║                                                                                                ║&#10;║ &lt;3 Playwright Team                                                                             ║&#10;╚════════════════════════════════════════════════════════════════════════════════════════════════╝&#10;=========================== logs ===========================&#10;&lt;launching&gt; /opt/hostedtoolcache/Python/3.11.4/x64/lib/python3.11/site-packages/Browser/wrapper/node_modules/playwright-core/.local-browsers/firefox-1419/firefox/firefox -no-remote -wait-for-browser -foreground -profile /tmp/playwright_firefoxdev_profile-Udykpm -juggler-pipe -silent&#10;&lt;launched&gt; pid=5208&#10;[pid=5208][err] Error: no DISPLAY environment variable specified&#10;[pid=5208] &lt;process did exit: exitCode=1, signal=null&gt;&#10;[pid=5208] starting temporary directories cleanup&#10;============================================================" type="AssertionError"/>
</testcase>
<properties>
<property name="Documentation" value="This file contains test cases for testing MUI-430.robot"/>
</properties>
</testsuite>
</testsuite>
<testsuite name="Regression" tests="7" errors="0" failures="7" skipped="0" time="1.027" timestamp="2023-08-08T04:59:03.039000">
<testsuite name="Smoke" tests="7" errors="0" failures="7" skipped="0" time="1.021" timestamp="2023-08-08T04:59:03.041000">
<testcase classname="Testsuites.MUI.Regression.Smoke" name="Try Logging in without Password" time="0.230">
<failure message="Error: browserType.launch: &#10;╔════════════════════════════════════════════════════════════════════════════════════════════════╗&#10;║ Looks like you launched a headed browser without having a XServer running.                     ║&#10;║ Set either 'headless: true' or use 'xvfb-run &lt;your-playwright-app&gt;' before running Playwright. ║&#10;║                                                                                                ║&#10;║ &lt;3 Playwright Team                                                                             ║&#10;╚════════════════════════════════════════════════════════════════════════════════════════════════╝&#10;=========================== logs ===========================&#10;&lt;launching&gt; /opt/hostedtoolcache/Python/3.11.4/x64/lib/python3.11/site-packages/Browser/wrapper/node_modules/playwright-core/.local-browsers/firefox-1419/firefox/firefox -no-remote -wait-for-browser -foreground -profile /tmp/playwright_firefoxdev_profile-LYYjka -juggler-pipe -silent&#10;&lt;launched&gt; pid=5471&#10;[pid=5471][err] Error: no DISPLAY environment variable specified&#10;[pid=5471] &lt;process did exit: exitCode=1, signal=null&gt;&#10;[pid=5471] starting temporary directories cleanup&#10;============================================================" type="AssertionError"/>
</testcase>
<testcase classname="Testsuites.MUI.Regression.Smoke" name="Try Logging in without Username" time="0.230">
<failure message="Error: browserType.launch: &#10;╔════════════════════════════════════════════════════════════════════════════════════════════════╗&#10;║ Looks like you launched a headed browser without having a XServer running.                     ║&#10;║ Set either 'headless: true' or use 'xvfb-run &lt;your-playwright-app&gt;' before running Playwright. ║&#10;║                                                                                                ║&#10;║ &lt;3 Playwright Team                                                                             ║&#10;╚════════════════════════════════════════════════════════════════════════════════════════════════╝&#10;=========================== logs ===========================&#10;&lt;launching&gt; /opt/hostedtoolcache/Python/3.11.4/x64/lib/python3.11/site-packages/Browser/wrapper/node_modules/playwright-core/.local-browsers/firefox-1419/firefox/firefox -no-remote -wait-for-browser -foreground -profile /tmp/playwright_firefoxdev_profile-P0c2MU -juggler-pipe -silent&#10;&lt;launched&gt; pid=5734&#10;[pid=5734][err] Error: no DISPLAY environment variable specified&#10;[pid=5734] &lt;process did exit: exitCode=1, signal=null&gt;&#10;[pid=5734] starting temporary directories cleanup&#10;============================================================" type="AssertionError"/>
</testcase>
<testcase classname="Testsuites.MUI.Regression.Smoke" name="Try Logging in with incorrect Password/Username combination" time="0.229">
<failure message="Error: browserType.launch: &#10;╔════════════════════════════════════════════════════════════════════════════════════════════════╗&#10;║ Looks like you launched a headed browser without having a XServer running.                     ║&#10;║ Set either 'headless: true' or use 'xvfb-run &lt;your-playwright-app&gt;' before running Playwright. ║&#10;║                                                                                                ║&#10;║ &lt;3 Playwright Team                                                                             ║&#10;╚════════════════════════════════════════════════════════════════════════════════════════════════╝&#10;=========================== logs ===========================&#10;&lt;launching&gt; /opt/hostedtoolcache/Python/3.11.4/x64/lib/python3.11/site-packages/Browser/wrapper/node_modules/playwright-core/.local-browsers/firefox-1419/firefox/firefox -no-remote -wait-for-browser -foreground -profile /tmp/playwright_firefoxdev_profile-q8QGWm -juggler-pipe -silent&#10;&lt;launched&gt; pid=5997&#10;[pid=5997][err] Error: no DISPLAY environment variable specified&#10;[pid=5997] &lt;process did exit: exitCode=1, signal=null&gt;&#10;[pid=5997] starting temporary directories cleanup&#10;============================================================" type="AssertionError"/>
</testcase>
<testcase classname="Testsuites.MUI.Regression.Smoke" name="Log in with correct Username and Password" time="0.237">
<failure message="Error: browserType.launch: &#10;╔════════════════════════════════════════════════════════════════════════════════════════════════╗&#10;║ Looks like you launched a headed browser without having a XServer running.                     ║&#10;║ Set either 'headless: true' or use 'xvfb-run &lt;your-playwright-app&gt;' before running Playwright. ║&#10;║                                                                                                ║&#10;║ &lt;3 Playwright Team                                                                             ║&#10;╚════════════════════════════════════════════════════════════════════════════════════════════════╝&#10;=========================== logs ===========================&#10;&lt;launching&gt; /opt/hostedtoolcache/Python/3.11.4/x64/lib/python3.11/site-packages/Browser/wrapper/node_modules/playwright-core/.local-browsers/firefox-1419/firefox/firefox -no-remote -wait-for-browser -foreground -profile /tmp/playwright_firefoxdev_profile-hjkFTk -juggler-pipe -silent&#10;&lt;launched&gt; pid=6260&#10;[pid=6260][err] Error: no DISPLAY environment variable specified&#10;[pid=6260] &lt;process did exit: exitCode=1, signal=null&gt;&#10;[pid=6260] starting temporary directories cleanup&#10;============================================================" type="AssertionError"/>
</testcase>
<testcase classname="Testsuites.MUI.Regression.Smoke" name="Verify Users Page" time="0.008">
<failure message="Error: Could not find active page" type="AssertionError"/>
</testcase>
<testcase classname="Testsuites.MUI.Regression.Smoke" name="Verify User Profile" time="0.008">
<failure message="Error: Could not find active page" type="AssertionError"/>
</testcase>
<testcase classname="Testsuites.MUI.Regression.Smoke" name="Log Out" time="0.007">
<failure message="Error: Could not find active page" type="AssertionError"/>
</testcase>
<properties>
<property name="Documentation" value="This file contains smoke tests for MUI"/>
</properties>
</testsuite>
</testsuite>
</testsuite>
<properties>
<property name="Documentation" value="Argument file for running tests on Omena test4 environment (test4)"/>
</properties>
</testsuite>
