<?xml version="1.0" encoding="UTF-8"?>
<testsuite name="Create Booking And Check In" tests="7" errors="0" failures="7" skipped="0" time="1.273" timestamp="2023-10-30T17:20:08.575000">
<testcase classname="Create Booking And Check In" name="Select Hotel, Dates and Guests" time="0.000">
<failure message="Parent suite setup failed:&#10;Error: browserType.launch: &#10;╔════════════════════════════════════════════════════════════════════════════════════════════════╗&#10;║ Looks like you launched a headed browser without having a XServer running.                     ║&#10;║ Set either 'headless: true' or use 'xvfb-run &lt;your-playwright-app&gt;' before running Playwright. ║&#10;║                                                                                                ║&#10;║ &lt;3 Playwright Team                                                                             ║&#10;╚════════════════════════════════════════════════════════════════════════════════════════════════╝&#10;=========================== logs ===========================&#10;&lt;launching&gt; /opt/hostedtoolcache/Python/3.11.6/x64/lib/python3.11/site-packages/Browser/wrapper/node_modules/playwright-core/.local-browsers/firefox-1425/firefox/firefox -no-remote -wait-for-browser -foreground -profile /tmp/playwright_firefoxdev_profile-D9CEvz -juggler-pipe -silent&#10;&lt;launched&gt; pid=3277&#10;[pid=3277][err] Error: no DISPLAY environment variable specified&#10;[pid=3277] &lt;process did exit: exitCode=1, signal=null&gt;&#10;[pid=3277] starting temporary directories cleanup&#10;============================================================" type="AssertionError"/>
</testcase>
<testcase classname="Create Booking And Check In" name="Check Available Rooms and Select a Standard Room" time="0.001">
<failure message="Parent suite setup failed:&#10;Error: browserType.launch: &#10;╔════════════════════════════════════════════════════════════════════════════════════════════════╗&#10;║ Looks like you launched a headed browser without having a XServer running.                     ║&#10;║ Set either 'headless: true' or use 'xvfb-run &lt;your-playwright-app&gt;' before running Playwright. ║&#10;║                                                                                                ║&#10;║ &lt;3 Playwright Team                                                                             ║&#10;╚════════════════════════════════════════════════════════════════════════════════════════════════╝&#10;=========================== logs ===========================&#10;&lt;launching&gt; /opt/hostedtoolcache/Python/3.11.6/x64/lib/python3.11/site-packages/Browser/wrapper/node_modules/playwright-core/.local-browsers/firefox-1425/firefox/firefox -no-remote -wait-for-browser -foreground -profile /tmp/playwright_firefoxdev_profile-D9CEvz -juggler-pipe -silent&#10;&lt;launched&gt; pid=3277&#10;[pid=3277][err] Error: no DISPLAY environment variable specified&#10;[pid=3277] &lt;process did exit: exitCode=1, signal=null&gt;&#10;[pid=3277] starting temporary directories cleanup&#10;============================================================" type="AssertionError"/>
</testcase>
<testcase classname="Create Booking And Check In" name="Continue to Extras and Select Join for Free" time="0.001">
<failure message="Parent suite setup failed:&#10;Error: browserType.launch: &#10;╔════════════════════════════════════════════════════════════════════════════════════════════════╗&#10;║ Looks like you launched a headed browser without having a XServer running.                     ║&#10;║ Set either 'headless: true' or use 'xvfb-run &lt;your-playwright-app&gt;' before running Playwright. ║&#10;║                                                                                                ║&#10;║ &lt;3 Playwright Team                                                                             ║&#10;╚════════════════════════════════════════════════════════════════════════════════════════════════╝&#10;=========================== logs ===========================&#10;&lt;launching&gt; /opt/hostedtoolcache/Python/3.11.6/x64/lib/python3.11/site-packages/Browser/wrapper/node_modules/playwright-core/.local-browsers/firefox-1425/firefox/firefox -no-remote -wait-for-browser -foreground -profile /tmp/playwright_firefoxdev_profile-D9CEvz -juggler-pipe -silent&#10;&lt;launched&gt; pid=3277&#10;[pid=3277][err] Error: no DISPLAY environment variable specified&#10;[pid=3277] &lt;process did exit: exitCode=1, signal=null&gt;&#10;[pid=3277] starting temporary directories cleanup&#10;============================================================" type="AssertionError"/>
</testcase>
<testcase classname="Create Booking And Check In" name="Fill in Booker Contact Information" time="0.001">
<failure message="Parent suite setup failed:&#10;Error: browserType.launch: &#10;╔════════════════════════════════════════════════════════════════════════════════════════════════╗&#10;║ Looks like you launched a headed browser without having a XServer running.                     ║&#10;║ Set either 'headless: true' or use 'xvfb-run &lt;your-playwright-app&gt;' before running Playwright. ║&#10;║                                                                                                ║&#10;║ &lt;3 Playwright Team                                                                             ║&#10;╚════════════════════════════════════════════════════════════════════════════════════════════════╝&#10;=========================== logs ===========================&#10;&lt;launching&gt; /opt/hostedtoolcache/Python/3.11.6/x64/lib/python3.11/site-packages/Browser/wrapper/node_modules/playwright-core/.local-browsers/firefox-1425/firefox/firefox -no-remote -wait-for-browser -foreground -profile /tmp/playwright_firefoxdev_profile-D9CEvz -juggler-pipe -silent&#10;&lt;launched&gt; pid=3277&#10;[pid=3277][err] Error: no DISPLAY environment variable specified&#10;[pid=3277] &lt;process did exit: exitCode=1, signal=null&gt;&#10;[pid=3277] starting temporary directories cleanup&#10;============================================================" type="AssertionError"/>
</testcase>
<testcase classname="Create Booking And Check In" name="Pay using Web Bank and Nordea" time="0.000">
<failure message="Parent suite setup failed:&#10;Error: browserType.launch: &#10;╔════════════════════════════════════════════════════════════════════════════════════════════════╗&#10;║ Looks like you launched a headed browser without having a XServer running.                     ║&#10;║ Set either 'headless: true' or use 'xvfb-run &lt;your-playwright-app&gt;' before running Playwright. ║&#10;║                                                                                                ║&#10;║ &lt;3 Playwright Team                                                                             ║&#10;╚════════════════════════════════════════════════════════════════════════════════════════════════╝&#10;=========================== logs ===========================&#10;&lt;launching&gt; /opt/hostedtoolcache/Python/3.11.6/x64/lib/python3.11/site-packages/Browser/wrapper/node_modules/playwright-core/.local-browsers/firefox-1425/firefox/firefox -no-remote -wait-for-browser -foreground -profile /tmp/playwright_firefoxdev_profile-D9CEvz -juggler-pipe -silent&#10;&lt;launched&gt; pid=3277&#10;[pid=3277][err] Error: no DISPLAY environment variable specified&#10;[pid=3277] &lt;process did exit: exitCode=1, signal=null&gt;&#10;[pid=3277] starting temporary directories cleanup&#10;============================================================" type="AssertionError"/>
</testcase>
<testcase classname="Create Booking And Check In" name="Check In Online" time="0.001">
<failure message="Parent suite setup failed:&#10;Error: browserType.launch: &#10;╔════════════════════════════════════════════════════════════════════════════════════════════════╗&#10;║ Looks like you launched a headed browser without having a XServer running.                     ║&#10;║ Set either 'headless: true' or use 'xvfb-run &lt;your-playwright-app&gt;' before running Playwright. ║&#10;║                                                                                                ║&#10;║ &lt;3 Playwright Team                                                                             ║&#10;╚════════════════════════════════════════════════════════════════════════════════════════════════╝&#10;=========================== logs ===========================&#10;&lt;launching&gt; /opt/hostedtoolcache/Python/3.11.6/x64/lib/python3.11/site-packages/Browser/wrapper/node_modules/playwright-core/.local-browsers/firefox-1425/firefox/firefox -no-remote -wait-for-browser -foreground -profile /tmp/playwright_firefoxdev_profile-D9CEvz -juggler-pipe -silent&#10;&lt;launched&gt; pid=3277&#10;[pid=3277][err] Error: no DISPLAY environment variable specified&#10;[pid=3277] &lt;process did exit: exitCode=1, signal=null&gt;&#10;[pid=3277] starting temporary directories cleanup&#10;============================================================" type="AssertionError"/>
</testcase>
<testcase classname="Create Booking And Check In" name="Wait for Door Code and Verify Page" time="0.000">
<failure message="Parent suite setup failed:&#10;Error: browserType.launch: &#10;╔════════════════════════════════════════════════════════════════════════════════════════════════╗&#10;║ Looks like you launched a headed browser without having a XServer running.                     ║&#10;║ Set either 'headless: true' or use 'xvfb-run &lt;your-playwright-app&gt;' before running Playwright. ║&#10;║                                                                                                ║&#10;║ &lt;3 Playwright Team                                                                             ║&#10;╚════════════════════════════════════════════════════════════════════════════════════════════════╝&#10;=========================== logs ===========================&#10;&lt;launching&gt; /opt/hostedtoolcache/Python/3.11.6/x64/lib/python3.11/site-packages/Browser/wrapper/node_modules/playwright-core/.local-browsers/firefox-1425/firefox/firefox -no-remote -wait-for-browser -foreground -profile /tmp/playwright_firefoxdev_profile-D9CEvz -juggler-pipe -silent&#10;&lt;launched&gt; pid=3277&#10;[pid=3277][err] Error: no DISPLAY environment variable specified&#10;[pid=3277] &lt;process did exit: exitCode=1, signal=null&gt;&#10;[pid=3277] starting temporary directories cleanup&#10;============================================================" type="AssertionError"/>
</testcase>
<properties>
<property name="Documentation" value="Argument file for running tests on Omena test4 environment (test4)"/>
</properties>
</testsuite>
