<?xml version="1.0" encoding="UTF-8"?>
<testsuite name="Testsuites" tests="31" errors="0" failures="29" skipped="0" time="68.232" timestamp="2023-08-09T11:51:05.764000">
<testsuite name="BUI" tests="13" errors="0" failures="13" skipped="0" time="3.264" timestamp="2023-08-09T11:51:05.787000">
<testsuite name="Feature" tests="11" errors="0" failures="11" skipped="0" time="2.940" timestamp="2023-08-09T11:51:05.789000">
<testsuite name="Online Check In" tests="11" errors="0" failures="11" skipped="0" time="2.938" timestamp="2023-08-09T11:51:05.790000">
<testsuite name="BUI2-556" tests="7" errors="0" failures="7" skipped="0" time="1.678" timestamp="2023-08-09T11:51:05.792000">
<testcase classname="Testsuites.BUI.Feature.Online Check In.BUI2-556" name="Select Hotel, Dates and Guests" time="0.001">
<failure message="Parent suite setup failed:&#10;Error: browserType.launch: &#10;╔════════════════════════════════════════════════════════════════════════════════════════════════╗&#10;║ Looks like you launched a headed browser without having a XServer running.                     ║&#10;║ Set either 'headless: true' or use 'xvfb-run &lt;your-playwright-app&gt;' before running Playwright. ║&#10;║                                                                                                ║&#10;║ &lt;3 Playwright Team                                                                             ║&#10;╚════════════════════════════════════════════════════════════════════════════════════════════════╝&#10;=========================== logs ===========================&#10;&lt;launching&gt; /opt/hostedtoolcache/Python/3.11.4/x64/lib/python3.11/site-packages/Browser/wrapper/node_modules/playwright-core/.local-browsers/firefox-1419/firefox/firefox -no-remote -wait-for-browser -foreground -profile /tmp/playwright_firefoxdev_profile-A12KL3 -juggler-pipe -silent&#10;&lt;launched&gt; pid=2656&#10;[pid=2656][err] Error: no DISPLAY environment variable specified&#10;[pid=2656] &lt;process did exit: exitCode=1, signal=null&gt;&#10;[pid=2656] starting temporary directories cleanup&#10;============================================================" type="AssertionError"/>
</testcase>
<testcase classname="Testsuites.BUI.Feature.Online Check In.BUI2-556" name="Check Available Rooms and Select a Standard Room" time="0.001">
<failure message="Parent suite setup failed:&#10;Error: browserType.launch: &#10;╔════════════════════════════════════════════════════════════════════════════════════════════════╗&#10;║ Looks like you launched a headed browser without having a XServer running.                     ║&#10;║ Set either 'headless: true' or use 'xvfb-run &lt;your-playwright-app&gt;' before running Playwright. ║&#10;║                                                                                                ║&#10;║ &lt;3 Playwright Team                                                                             ║&#10;╚════════════════════════════════════════════════════════════════════════════════════════════════╝&#10;=========================== logs ===========================&#10;&lt;launching&gt; /opt/hostedtoolcache/Python/3.11.4/x64/lib/python3.11/site-packages/Browser/wrapper/node_modules/playwright-core/.local-browsers/firefox-1419/firefox/firefox -no-remote -wait-for-browser -foreground -profile /tmp/playwright_firefoxdev_profile-A12KL3 -juggler-pipe -silent&#10;&lt;launched&gt; pid=2656&#10;[pid=2656][err] Error: no DISPLAY environment variable specified&#10;[pid=2656] &lt;process did exit: exitCode=1, signal=null&gt;&#10;[pid=2656] starting temporary directories cleanup&#10;============================================================" type="AssertionError"/>
</testcase>
<testcase classname="Testsuites.BUI.Feature.Online Check In.BUI2-556" name="Continue to Extras and Select Join for Free" time="0.000">
<failure message="Parent suite setup failed:&#10;Error: browserType.launch: &#10;╔════════════════════════════════════════════════════════════════════════════════════════════════╗&#10;║ Looks like you launched a headed browser without having a XServer running.                     ║&#10;║ Set either 'headless: true' or use 'xvfb-run &lt;your-playwright-app&gt;' before running Playwright. ║&#10;║                                                                                                ║&#10;║ &lt;3 Playwright Team                                                                             ║&#10;╚════════════════════════════════════════════════════════════════════════════════════════════════╝&#10;=========================== logs ===========================&#10;&lt;launching&gt; /opt/hostedtoolcache/Python/3.11.4/x64/lib/python3.11/site-packages/Browser/wrapper/node_modules/playwright-core/.local-browsers/firefox-1419/firefox/firefox -no-remote -wait-for-browser -foreground -profile /tmp/playwright_firefoxdev_profile-A12KL3 -juggler-pipe -silent&#10;&lt;launched&gt; pid=2656&#10;[pid=2656][err] Error: no DISPLAY environment variable specified&#10;[pid=2656] &lt;process did exit: exitCode=1, signal=null&gt;&#10;[pid=2656] starting temporary directories cleanup&#10;============================================================" type="AssertionError"/>
</testcase>
<testcase classname="Testsuites.BUI.Feature.Online Check In.BUI2-556" name="Fill in Booker Contact Information" time="0.001">
<failure message="Parent suite setup failed:&#10;Error: browserType.launch: &#10;╔════════════════════════════════════════════════════════════════════════════════════════════════╗&#10;║ Looks like you launched a headed browser without having a XServer running.                     ║&#10;║ Set either 'headless: true' or use 'xvfb-run &lt;your-playwright-app&gt;' before running Playwright. ║&#10;║                                                                                                ║&#10;║ &lt;3 Playwright Team                                                                             ║&#10;╚════════════════════════════════════════════════════════════════════════════════════════════════╝&#10;=========================== logs ===========================&#10;&lt;launching&gt; /opt/hostedtoolcache/Python/3.11.4/x64/lib/python3.11/site-packages/Browser/wrapper/node_modules/playwright-core/.local-browsers/firefox-1419/firefox/firefox -no-remote -wait-for-browser -foreground -profile /tmp/playwright_firefoxdev_profile-A12KL3 -juggler-pipe -silent&#10;&lt;launched&gt; pid=2656&#10;[pid=2656][err] Error: no DISPLAY environment variable specified&#10;[pid=2656] &lt;process did exit: exitCode=1, signal=null&gt;&#10;[pid=2656] starting temporary directories cleanup&#10;============================================================" type="AssertionError"/>
</testcase>
<testcase classname="Testsuites.BUI.Feature.Online Check In.BUI2-556" name="Pay using Web Bank and Nordea" time="0.001">
<failure message="Parent suite setup failed:&#10;Error: browserType.launch: &#10;╔════════════════════════════════════════════════════════════════════════════════════════════════╗&#10;║ Looks like you launched a headed browser without having a XServer running.                     ║&#10;║ Set either 'headless: true' or use 'xvfb-run &lt;your-playwright-app&gt;' before running Playwright. ║&#10;║                                                                                                ║&#10;║ &lt;3 Playwright Team                                                                             ║&#10;╚════════════════════════════════════════════════════════════════════════════════════════════════╝&#10;=========================== logs ===========================&#10;&lt;launching&gt; /opt/hostedtoolcache/Python/3.11.4/x64/lib/python3.11/site-packages/Browser/wrapper/node_modules/playwright-core/.local-browsers/firefox-1419/firefox/firefox -no-remote -wait-for-browser -foreground -profile /tmp/playwright_firefoxdev_profile-A12KL3 -juggler-pipe -silent&#10;&lt;launched&gt; pid=2656&#10;[pid=2656][err] Error: no DISPLAY environment variable specified&#10;[pid=2656] &lt;process did exit: exitCode=1, signal=null&gt;&#10;[pid=2656] starting temporary directories cleanup&#10;============================================================" type="AssertionError"/>
</testcase>
<testcase classname="Testsuites.BUI.Feature.Online Check In.BUI2-556" name="Check In Online" time="0.001">
<failure message="Parent suite setup failed:&#10;Error: browserType.launch: &#10;╔════════════════════════════════════════════════════════════════════════════════════════════════╗&#10;║ Looks like you launched a headed browser without having a XServer running.                     ║&#10;║ Set either 'headless: true' or use 'xvfb-run &lt;your-playwright-app&gt;' before running Playwright. ║&#10;║                                                                                                ║&#10;║ &lt;3 Playwright Team                                                                             ║&#10;╚════════════════════════════════════════════════════════════════════════════════════════════════╝&#10;=========================== logs ===========================&#10;&lt;launching&gt; /opt/hostedtoolcache/Python/3.11.4/x64/lib/python3.11/site-packages/Browser/wrapper/node_modules/playwright-core/.local-browsers/firefox-1419/firefox/firefox -no-remote -wait-for-browser -foreground -profile /tmp/playwright_firefoxdev_profile-A12KL3 -juggler-pipe -silent&#10;&lt;launched&gt; pid=2656&#10;[pid=2656][err] Error: no DISPLAY environment variable specified&#10;[pid=2656] &lt;process did exit: exitCode=1, signal=null&gt;&#10;[pid=2656] starting temporary directories cleanup&#10;============================================================" type="AssertionError"/>
</testcase>
<testcase classname="Testsuites.BUI.Feature.Online Check In.BUI2-556" name="Wait for Door Code and Verify Page" time="0.001">
<failure message="Parent suite setup failed:&#10;Error: browserType.launch: &#10;╔════════════════════════════════════════════════════════════════════════════════════════════════╗&#10;║ Looks like you launched a headed browser without having a XServer running.                     ║&#10;║ Set either 'headless: true' or use 'xvfb-run &lt;your-playwright-app&gt;' before running Playwright. ║&#10;║                                                                                                ║&#10;║ &lt;3 Playwright Team                                                                             ║&#10;╚════════════════════════════════════════════════════════════════════════════════════════════════╝&#10;=========================== logs ===========================&#10;&lt;launching&gt; /opt/hostedtoolcache/Python/3.11.4/x64/lib/python3.11/site-packages/Browser/wrapper/node_modules/playwright-core/.local-browsers/firefox-1419/firefox/firefox -no-remote -wait-for-browser -foreground -profile /tmp/playwright_firefoxdev_profile-A12KL3 -juggler-pipe -silent&#10;&lt;launched&gt; pid=2656&#10;[pid=2656][err] Error: no DISPLAY environment variable specified&#10;[pid=2656] &lt;process did exit: exitCode=1, signal=null&gt;&#10;[pid=2656] starting temporary directories cleanup&#10;============================================================" type="AssertionError"/>
</testcase>
<properties>
<property name="Documentation" value="This is a test suite for booking a room and checking in online"/>
</properties>
</testsuite>
<testsuite name="BUI2-557" tests="4" errors="0" failures="4" skipped="0" time="1.242" timestamp="2023-08-09T11:51:07.478000">
<testcase classname="Testsuites.BUI.Feature.Online Check In.BUI2-557" name="Create a new Booking" time="0.321">
<failure message="Setup failed:&#10;Error: browserType.launch: &#10;╔════════════════════════════════════════════════════════════════════════════════════════════════╗&#10;║ Looks like you launched a headed browser without having a XServer running.                     ║&#10;║ Set either 'headless: true' or use 'xvfb-run &lt;your-playwright-app&gt;' before running Playwright. ║&#10;║                                                                                                ║&#10;║ &lt;3 Playwright Team                                                                             ║&#10;╚════════════════════════════════════════════════════════════════════════════════════════════════╝&#10;=========================== logs ===========================&#10;&lt;launching&gt; /opt/hostedtoolcache/Python/3.11.4/x64/lib/python3.11/site-packages/Browser/wrapper/node_modules/playwright-core/.local-browsers/firefox-1419/firefox/firefox -no-remote -wait-for-browser -foreground -profile /tmp/playwright_firefoxdev_profile-GDp2ze -juggler-pipe -silent&#10;&lt;launched&gt; pid=2919&#10;[pid=2919][err] Error: no DISPLAY environment variable specified&#10;[pid=2919] &lt;process did exit: exitCode=1, signal=null&gt;&#10;[pid=2919] starting temporary directories cleanup&#10;============================================================" type="AssertionError"/>
</testcase>
<testcase classname="Testsuites.BUI.Feature.Online Check In.BUI2-557" name="Add Someone Else as the Main Guest" time="0.301">
<failure message="Setup failed:&#10;Error: browserType.launch: &#10;╔════════════════════════════════════════════════════════════════════════════════════════════════╗&#10;║ Looks like you launched a headed browser without having a XServer running.                     ║&#10;║ Set either 'headless: true' or use 'xvfb-run &lt;your-playwright-app&gt;' before running Playwright. ║&#10;║                                                                                                ║&#10;║ &lt;3 Playwright Team                                                                             ║&#10;╚════════════════════════════════════════════════════════════════════════════════════════════════╝&#10;=========================== logs ===========================&#10;&lt;launching&gt; /opt/hostedtoolcache/Python/3.11.4/x64/lib/python3.11/site-packages/Browser/wrapper/node_modules/playwright-core/.local-browsers/firefox-1419/firefox/firefox -no-remote -wait-for-browser -foreground -profile /tmp/playwright_firefoxdev_profile-a1qUYj -juggler-pipe -silent&#10;&lt;launched&gt; pid=3183&#10;[pid=3183][err] Error: no DISPLAY environment variable specified&#10;[pid=3183] &lt;process did exit: exitCode=1, signal=null&gt;&#10;[pid=3183] starting temporary directories cleanup&#10;============================================================" type="AssertionError"/>
</testcase>
<testcase classname="Testsuites.BUI.Feature.Online Check In.BUI2-557" name="Validation shows msg for fields marked" time="0.290">
<failure message="Setup failed:&#10;Error: browserType.launch: &#10;╔════════════════════════════════════════════════════════════════════════════════════════════════╗&#10;║ Looks like you launched a headed browser without having a XServer running.                     ║&#10;║ Set either 'headless: true' or use 'xvfb-run &lt;your-playwright-app&gt;' before running Playwright. ║&#10;║                                                                                                ║&#10;║ &lt;3 Playwright Team                                                                             ║&#10;╚════════════════════════════════════════════════════════════════════════════════════════════════╝&#10;=========================== logs ===========================&#10;&lt;launching&gt; /opt/hostedtoolcache/Python/3.11.4/x64/lib/python3.11/site-packages/Browser/wrapper/node_modules/playwright-core/.local-browsers/firefox-1419/firefox/firefox -no-remote -wait-for-browser -foreground -profile /tmp/playwright_firefoxdev_profile-wvijWI -juggler-pipe -silent&#10;&lt;launched&gt; pid=3447&#10;[pid=3447][err] Error: no DISPLAY environment variable specified&#10;[pid=3447] &lt;process did exit: exitCode=1, signal=null&gt;&#10;[pid=3447] starting temporary directories cleanup&#10;============================================================" type="AssertionError"/>
</testcase>
<testcase classname="Testsuites.BUI.Feature.Online Check In.BUI2-557" name="Showing imported passport when the National is not Finland" time="0.298">
<failure message="Setup failed:&#10;Error: browserType.launch: &#10;╔════════════════════════════════════════════════════════════════════════════════════════════════╗&#10;║ Looks like you launched a headed browser without having a XServer running.                     ║&#10;║ Set either 'headless: true' or use 'xvfb-run &lt;your-playwright-app&gt;' before running Playwright. ║&#10;║                                                                                                ║&#10;║ &lt;3 Playwright Team                                                                             ║&#10;╚════════════════════════════════════════════════════════════════════════════════════════════════╝&#10;=========================== logs ===========================&#10;&lt;launching&gt; /opt/hostedtoolcache/Python/3.11.4/x64/lib/python3.11/site-packages/Browser/wrapper/node_modules/playwright-core/.local-browsers/firefox-1419/firefox/firefox -no-remote -wait-for-browser -foreground -profile /tmp/playwright_firefoxdev_profile-FniK4T -juggler-pipe -silent&#10;&lt;launched&gt; pid=3710&#10;[pid=3710][err] Error: no DISPLAY environment variable specified&#10;[pid=3710] &lt;process did exit: exitCode=1, signal=null&gt;&#10;[pid=3710] starting temporary directories cleanup&#10;============================================================" type="AssertionError"/>
</testcase>
</testsuite>
</testsuite>
</testsuite>
<testsuite name="Regression" tests="2" errors="0" failures="2" skipped="0" time="0.318" timestamp="2023-08-09T11:51:08.730000">
<testsuite name="Create Booking" tests="2" errors="0" failures="2" skipped="0" time="0.312" timestamp="2023-08-09T11:51:08.731000">
<testcase classname="Testsuites.BUI.Regression.Create Booking" name="Create A New Booking as" time="0.001">
<failure message="Parent suite setup failed:&#10;Error: browserType.launch: &#10;╔════════════════════════════════════════════════════════════════════════════════════════════════╗&#10;║ Looks like you launched a headed browser without having a XServer running.                     ║&#10;║ Set either 'headless: true' or use 'xvfb-run &lt;your-playwright-app&gt;' before running Playwright. ║&#10;║                                                                                                ║&#10;║ &lt;3 Playwright Team                                                                             ║&#10;╚════════════════════════════════════════════════════════════════════════════════════════════════╝&#10;=========================== logs ===========================&#10;&lt;launching&gt; /opt/hostedtoolcache/Python/3.11.4/x64/lib/python3.11/site-packages/Browser/wrapper/node_modules/playwright-core/.local-browsers/firefox-1419/firefox/firefox -no-remote -wait-for-browser -foreground -profile /tmp/playwright_firefoxdev_profile-wjjGMh -juggler-pipe -silent&#10;&lt;launched&gt; pid=3973&#10;[pid=3973][err] Error: no DISPLAY environment variable specified&#10;[pid=3973] &lt;process did exit: exitCode=1, signal=null&gt;&#10;[pid=3973] starting temporary directories cleanup&#10;============================================================" type="AssertionError"/>
</testcase>
<testcase classname="Testsuites.BUI.Regression.Create Booking" name="Confirm Email and Open Link" time="0.001">
<failure message="Parent suite setup failed:&#10;Error: browserType.launch: &#10;╔════════════════════════════════════════════════════════════════════════════════════════════════╗&#10;║ Looks like you launched a headed browser without having a XServer running.                     ║&#10;║ Set either 'headless: true' or use 'xvfb-run &lt;your-playwright-app&gt;' before running Playwright. ║&#10;║                                                                                                ║&#10;║ &lt;3 Playwright Team                                                                             ║&#10;╚════════════════════════════════════════════════════════════════════════════════════════════════╝&#10;=========================== logs ===========================&#10;&lt;launching&gt; /opt/hostedtoolcache/Python/3.11.4/x64/lib/python3.11/site-packages/Browser/wrapper/node_modules/playwright-core/.local-browsers/firefox-1419/firefox/firefox -no-remote -wait-for-browser -foreground -profile /tmp/playwright_firefoxdev_profile-wjjGMh -juggler-pipe -silent&#10;&lt;launched&gt; pid=3973&#10;[pid=3973][err] Error: no DISPLAY environment variable specified&#10;[pid=3973] &lt;process did exit: exitCode=1, signal=null&gt;&#10;[pid=3973] starting temporary directories cleanup&#10;============================================================" type="AssertionError"/>
</testcase>
<properties>
<property name="Documentation" value="A test suite for verifying modify booking functionality"/>
</properties>
</testsuite>
</testsuite>
</testsuite>
<testsuite name="MUI" tests="18" errors="0" failures="16" skipped="0" time="64.942" timestamp="2023-08-09T11:51:09.052000">
<testsuite name="EC" tests="9" errors="0" failures="7" skipped="0" time="62.932" timestamp="2023-08-09T11:51:09.054000">
<testsuite name="Smoke" tests="9" errors="0" failures="7" skipped="0" time="62.925" timestamp="2023-08-09T11:51:09.055000">
<testcase classname="Testsuites.MUI.EC.Smoke" name="Open BDC and Check for Availability" time="0.294">
<failure message="Error: browserType.launch: &#10;╔════════════════════════════════════════════════════════════════════════════════════════════════╗&#10;║ Looks like you launched a headed browser without having a XServer running.                     ║&#10;║ Set either 'headless: true' or use 'xvfb-run &lt;your-playwright-app&gt;' before running Playwright. ║&#10;║                                                                                                ║&#10;║ &lt;3 Playwright Team                                                                             ║&#10;╚════════════════════════════════════════════════════════════════════════════════════════════════╝&#10;=========================== logs ===========================&#10;&lt;launching&gt; /opt/hostedtoolcache/Python/3.11.4/x64/lib/python3.11/site-packages/Browser/wrapper/node_modules/playwright-core/.local-browsers/firefox-1419/firefox/firefox -no-remote -wait-for-browser -foreground -profile /tmp/playwright_firefoxdev_profile-A4PLfY -juggler-pipe -silent&#10;&lt;launched&gt; pid=4236&#10;[pid=4236][err] Error: no DISPLAY environment variable specified&#10;[pid=4236] &lt;process did exit: exitCode=1, signal=null&gt;&#10;[pid=4236] starting temporary directories cleanup&#10;============================================================" type="AssertionError"/>
</testcase>
<testcase classname="Testsuites.MUI.EC.Smoke" name="Create Reservation" time="1.025">
<failure message="Error: Could not find active page" type="AssertionError"/>
</testcase>
<testcase classname="Testsuites.MUI.EC.Smoke" name="Fill Contact Information and Payment Details" time="0.024">
<failure message="Error: Could not find active page" type="AssertionError"/>
</testcase>
<testcase classname="Testsuites.MUI.EC.Smoke" name="Verify Emails and Get Booking No" time="60.877">
<failure message="ApiException: (408)&#10;Reason: &#10;HTTP response headers: HTTPHeaderDict({'Date': 'Wed, 09 Aug 2023 11:52:11 GMT', 'Content-Type': 'text/plain;charset=UTF-8', 'Content-Length': '1061', 'Connection': 'keep-alive', 'X-XSS-Protection': '1; mode=block', 'Referrer-Policy': 'same-origin', 'Strict-Transport-Security': 'max-age=63072000; includeSubdomains; preload', 'X-Content-Type-Options': 'nosniff', 'Content-Security-Policy': &quot;default-src https: 'self' app.mailslurp.com *.mailslurp.com *.mailslurp.link *.mailslurp.dev http://localhost:3000; object-src none; frame-ancestors 'self' app.mailslurp.com *.mailslurp.com *.mailslurp.link *.mailslurp.dev http://localhost:3000; img-src * data: 'unsafe-inline'; style-src * data: 'unsafe-inline';&quot;, 'Vary': 'origin,access-control-request-method,access-control-request-headers,accept-encoding', 'Cache-Control': 'no-cache, no-store, max-age=0, must-revalidate', 'Pragma': 'no-cache', 'Expires': '0', 'X-Frame-Options': 'DENY'})&#10;HTTP response body: {&quot;message&quot;:&quot;Failed to satisfy email query for inbox ID `492aa3bb-9e4b-410a-a02c-84f13ace89e8` for user ID `a2f48756-8279-471d-bb55-980a32334d37`. Expected minimum message count of `10`. Found at most `0`(after max timeout of `60000 ms` and a back-off period of `1000 ms`). Did you send an email to the inbox? The inbox's email address is `492aa3bb-9e4b-410a-a02c-84f13ace89e8@mailslurp.com`. Sort direction `ASC`, unread only `true`, match options `{\&quot;matches\&quot;:[{\&quot;field\&quot;:\&quot;SUBJECT\&quot;,\&quot;should\&quot;:\&quot;CONTAIN\&quot;,\&quot;value\&quot;:\&quot;is confirmed\&quot;}],\&quot;conditions\&quot;:null}`, created at after `2000-01-01T00:00:00Z` and created at before `3000-01-01T00:00:00Z`&quot;,&quot;caseNumber&quot;:&quot;CASE-NF-47b976ca-532e-4095-996b-76d6dc8deb4d&quot;,&quot;errorClass&quot;:&quot;GetMessagesRetryException&quot;,&quot;errorCode&quot;:&quot;E_001_UNEXPECTED_ERROR&quot;,&quot;comment&quot;:&quot;If your error persists please submit a ticket at `https://mailslurp.zendesk.com/hc/en-us/requests/new`. Please include your error `caseNumber` if available to help support debug the issue. Sharing screenshots or samples of your code will help the team understand.&quot;}&#10;" type="AssertionError"/>
</testcase>
<testcase classname="Testsuites.MUI.EC.Smoke" name="Create A New Booking on Booking.com for a later date and verify Emails" time="0.002">
</testcase>
<testcase classname="Testsuites.MUI.EC.Smoke" name="Cancel Booking via BDC" time="0.001">
</testcase>
<testcase classname="Testsuites.MUI.EC.Smoke" name="Open Booking in MUI" time="0.309">
<failure message="Error: browserType.launch: &#10;╔════════════════════════════════════════════════════════════════════════════════════════════════╗&#10;║ Looks like you launched a headed browser without having a XServer running.                     ║&#10;║ Set either 'headless: true' or use 'xvfb-run &lt;your-playwright-app&gt;' before running Playwright. ║&#10;║                                                                                                ║&#10;║ &lt;3 Playwright Team                                                                             ║&#10;╚════════════════════════════════════════════════════════════════════════════════════════════════╝&#10;=========================== logs ===========================&#10;&lt;launching&gt; /opt/hostedtoolcache/Python/3.11.4/x64/lib/python3.11/site-packages/Browser/wrapper/node_modules/playwright-core/.local-browsers/firefox-1419/firefox/firefox -no-remote -wait-for-browser -foreground -profile /tmp/playwright_firefoxdev_profile-Tqv5a2 -juggler-pipe -silent&#10;&lt;launched&gt; pid=4523&#10;[pid=4523][err] Error: no DISPLAY environment variable specified&#10;[pid=4523] &lt;process did exit: exitCode=1, signal=null&gt;&#10;[pid=4523] starting temporary directories cleanup&#10;============================================================" type="AssertionError"/>
</testcase>
<testcase classname="Testsuites.MUI.EC.Smoke" name="Cancel Booking in MUI" time="0.011">
<failure message="Error: Could not find active page" type="AssertionError"/>
</testcase>
<testcase classname="Testsuites.MUI.EC.Smoke" name="Start Creating a new Booking in MUI" time="0.320">
<failure message="Error: browserType.launch: &#10;╔════════════════════════════════════════════════════════════════════════════════════════════════╗&#10;║ Looks like you launched a headed browser without having a XServer running.                     ║&#10;║ Set either 'headless: true' or use 'xvfb-run &lt;your-playwright-app&gt;' before running Playwright. ║&#10;║                                                                                                ║&#10;║ &lt;3 Playwright Team                                                                             ║&#10;╚════════════════════════════════════════════════════════════════════════════════════════════════╝&#10;=========================== logs ===========================&#10;&lt;launching&gt; /opt/hostedtoolcache/Python/3.11.4/x64/lib/python3.11/site-packages/Browser/wrapper/node_modules/playwright-core/.local-browsers/firefox-1419/firefox/firefox -no-remote -wait-for-browser -foreground -profile /tmp/playwright_firefoxdev_profile-SAgBwi -juggler-pipe -silent&#10;&lt;launched&gt; pid=4787&#10;[pid=4787][err] Error: no DISPLAY environment variable specified&#10;[pid=4787] &lt;process did exit: exitCode=1, signal=null&gt;&#10;[pid=4787] starting temporary directories cleanup&#10;============================================================" type="AssertionError"/>
</testcase>
<properties>
<property name="Documentation" value="A test suite for verifying modify booking functionality"/>
</properties>
</testsuite>
</testsuite>
<testsuite name="Feature" tests="2" errors="0" failures="2" skipped="0" time="0.659" timestamp="2023-08-09T11:52:11.987000">
<testsuite name="MUI-430" tests="2" errors="0" failures="2" skipped="0" time="0.650" timestamp="2023-08-09T11:52:11.989000">
<testcase classname="Testsuites.MUI.Feature.MUI-430" name="Filter all reservations with Check-in incomplete" time="0.307">
<failure message="Error: browserType.launch: &#10;╔════════════════════════════════════════════════════════════════════════════════════════════════╗&#10;║ Looks like you launched a headed browser without having a XServer running.                     ║&#10;║ Set either 'headless: true' or use 'xvfb-run &lt;your-playwright-app&gt;' before running Playwright. ║&#10;║                                                                                                ║&#10;║ &lt;3 Playwright Team                                                                             ║&#10;╚════════════════════════════════════════════════════════════════════════════════════════════════╝&#10;=========================== logs ===========================&#10;&lt;launching&gt; /opt/hostedtoolcache/Python/3.11.4/x64/lib/python3.11/site-packages/Browser/wrapper/node_modules/playwright-core/.local-browsers/firefox-1419/firefox/firefox -no-remote -wait-for-browser -foreground -profile /tmp/playwright_firefoxdev_profile-yJdwPJ -juggler-pipe -silent&#10;&lt;launched&gt; pid=5050&#10;[pid=5050][err] Error: no DISPLAY environment variable specified&#10;[pid=5050] &lt;process did exit: exitCode=1, signal=null&gt;&#10;[pid=5050] starting temporary directories cleanup&#10;============================================================" type="AssertionError"/>
</testcase>
<testcase classname="Testsuites.MUI.Feature.MUI-430" name="Remove filter and find a reservation with Check-in complete" time="0.310">
<failure message="Error: browserType.launch: &#10;╔════════════════════════════════════════════════════════════════════════════════════════════════╗&#10;║ Looks like you launched a headed browser without having a XServer running.                     ║&#10;║ Set either 'headless: true' or use 'xvfb-run &lt;your-playwright-app&gt;' before running Playwright. ║&#10;║                                                                                                ║&#10;║ &lt;3 Playwright Team                                                                             ║&#10;╚════════════════════════════════════════════════════════════════════════════════════════════════╝&#10;=========================== logs ===========================&#10;&lt;launching&gt; /opt/hostedtoolcache/Python/3.11.4/x64/lib/python3.11/site-packages/Browser/wrapper/node_modules/playwright-core/.local-browsers/firefox-1419/firefox/firefox -no-remote -wait-for-browser -foreground -profile /tmp/playwright_firefoxdev_profile-BT0MfW -juggler-pipe -silent&#10;&lt;launched&gt; pid=5315&#10;[pid=5315][err] Error: no DISPLAY environment variable specified&#10;[pid=5315] &lt;process did exit: exitCode=1, signal=null&gt;&#10;[pid=5315] starting temporary directories cleanup&#10;============================================================" type="AssertionError"/>
</testcase>
<properties>
<property name="Documentation" value="This file contains test cases for testing MUI-430.robot"/>
</properties>
</testsuite>
</testsuite>
<testsuite name="Regression" tests="7" errors="0" failures="7" skipped="0" time="1.346" timestamp="2023-08-09T11:52:12.647000">
<testsuite name="Smoke" tests="7" errors="0" failures="7" skipped="0" time="1.338" timestamp="2023-08-09T11:52:12.649000">
<testcase classname="Testsuites.MUI.Regression.Smoke" name="Try Logging in without Password" time="0.354">
<failure message="Error: browserType.launch: &#10;╔════════════════════════════════════════════════════════════════════════════════════════════════╗&#10;║ Looks like you launched a headed browser without having a XServer running.                     ║&#10;║ Set either 'headless: true' or use 'xvfb-run &lt;your-playwright-app&gt;' before running Playwright. ║&#10;║                                                                                                ║&#10;║ &lt;3 Playwright Team                                                                             ║&#10;╚════════════════════════════════════════════════════════════════════════════════════════════════╝&#10;=========================== logs ===========================&#10;&lt;launching&gt; /opt/hostedtoolcache/Python/3.11.4/x64/lib/python3.11/site-packages/Browser/wrapper/node_modules/playwright-core/.local-browsers/firefox-1419/firefox/firefox -no-remote -wait-for-browser -foreground -profile /tmp/playwright_firefoxdev_profile-WX0rxO -juggler-pipe -silent&#10;&lt;launched&gt; pid=5578&#10;[pid=5578][err] Error: no DISPLAY environment variable specified&#10;[pid=5578] &lt;process did exit: exitCode=1, signal=null&gt;&#10;[pid=5578] starting temporary directories cleanup&#10;============================================================" type="AssertionError"/>
</testcase>
<testcase classname="Testsuites.MUI.Regression.Smoke" name="Try Logging in without Username" time="0.311">
<failure message="Error: browserType.launch: &#10;╔════════════════════════════════════════════════════════════════════════════════════════════════╗&#10;║ Looks like you launched a headed browser without having a XServer running.                     ║&#10;║ Set either 'headless: true' or use 'xvfb-run &lt;your-playwright-app&gt;' before running Playwright. ║&#10;║                                                                                                ║&#10;║ &lt;3 Playwright Team                                                                             ║&#10;╚════════════════════════════════════════════════════════════════════════════════════════════════╝&#10;=========================== logs ===========================&#10;&lt;launching&gt; /opt/hostedtoolcache/Python/3.11.4/x64/lib/python3.11/site-packages/Browser/wrapper/node_modules/playwright-core/.local-browsers/firefox-1419/firefox/firefox -no-remote -wait-for-browser -foreground -profile /tmp/playwright_firefoxdev_profile-hutW6X -juggler-pipe -silent&#10;&lt;launched&gt; pid=5842&#10;[pid=5842][err] Error: no DISPLAY environment variable specified&#10;[pid=5842] &lt;process did exit: exitCode=1, signal=null&gt;&#10;[pid=5842] starting temporary directories cleanup&#10;============================================================" type="AssertionError"/>
</testcase>
<testcase classname="Testsuites.MUI.Regression.Smoke" name="Try Logging in with incorrect Password/Username combination" time="0.307">
<failure message="Error: browserType.launch: &#10;╔════════════════════════════════════════════════════════════════════════════════════════════════╗&#10;║ Looks like you launched a headed browser without having a XServer running.                     ║&#10;║ Set either 'headless: true' or use 'xvfb-run &lt;your-playwright-app&gt;' before running Playwright. ║&#10;║                                                                                                ║&#10;║ &lt;3 Playwright Team                                                                             ║&#10;╚════════════════════════════════════════════════════════════════════════════════════════════════╝&#10;=========================== logs ===========================&#10;&lt;launching&gt; /opt/hostedtoolcache/Python/3.11.4/x64/lib/python3.11/site-packages/Browser/wrapper/node_modules/playwright-core/.local-browsers/firefox-1419/firefox/firefox -no-remote -wait-for-browser -foreground -profile /tmp/playwright_firefoxdev_profile-XUjOhw -juggler-pipe -silent&#10;&lt;launched&gt; pid=6105&#10;[pid=6105][err] Error: no DISPLAY environment variable specified&#10;[pid=6105] &lt;process did exit: exitCode=1, signal=null&gt;&#10;[pid=6105] starting temporary directories cleanup&#10;============================================================" type="AssertionError"/>
</testcase>
<testcase classname="Testsuites.MUI.Regression.Smoke" name="Log in with correct Username and Password" time="0.291">
<failure message="Error: browserType.launch: &#10;╔════════════════════════════════════════════════════════════════════════════════════════════════╗&#10;║ Looks like you launched a headed browser without having a XServer running.                     ║&#10;║ Set either 'headless: true' or use 'xvfb-run &lt;your-playwright-app&gt;' before running Playwright. ║&#10;║                                                                                                ║&#10;║ &lt;3 Playwright Team                                                                             ║&#10;╚════════════════════════════════════════════════════════════════════════════════════════════════╝&#10;=========================== logs ===========================&#10;&lt;launching&gt; /opt/hostedtoolcache/Python/3.11.4/x64/lib/python3.11/site-packages/Browser/wrapper/node_modules/playwright-core/.local-browsers/firefox-1419/firefox/firefox -no-remote -wait-for-browser -foreground -profile /tmp/playwright_firefoxdev_profile-osbSDi -juggler-pipe -silent&#10;&lt;launched&gt; pid=6370&#10;[pid=6370][err] Error: no DISPLAY environment variable specified&#10;[pid=6370] &lt;process did exit: exitCode=1, signal=null&gt;&#10;[pid=6370] starting temporary directories cleanup&#10;============================================================" type="AssertionError"/>
</testcase>
<testcase classname="Testsuites.MUI.Regression.Smoke" name="Verify Users Page" time="0.009">
<failure message="Error: Could not find active page" type="AssertionError"/>
</testcase>
<testcase classname="Testsuites.MUI.Regression.Smoke" name="Verify User Profile" time="0.008">
<failure message="Error: Could not find active page" type="AssertionError"/>
</testcase>
<testcase classname="Testsuites.MUI.Regression.Smoke" name="Log Out" time="0.008">
<failure message="Error: Could not find active page" type="AssertionError"/>
</testcase>
<properties>
<property name="Documentation" value="This file contains smoke tests for MUI"/>
</properties>
</testsuite>
</testsuite>
</testsuite>
<properties>
<property name="Documentation" value="Argument file for running tests on Omena test4 environment (test4)"/>
</properties>
</testsuite>
