<?xml version="1.0" encoding="UTF-8"?>
<robot generator="Robot 5.0.1 (Python 3.10.11 on linux)" generated="20230524 01:42:33.638" rpa="false" schemaversion="3">
<suite id="s1" name="Testsuites" source="/home/runner/work/nelson-test-automation/nelson-test-automation/testsuites">
<suite id="s1-s1" name="BUI" source="/home/runner/work/nelson-test-automation/nelson-test-automation/testsuites/BUI">
<suite id="s1-s1-s1" name="Regression" source="/home/runner/work/nelson-test-automation/nelson-test-automation/testsuites/BUI/regression">
<suite id="s1-s1-s1-s1" name="New Booking" source="/home/runner/work/nelson-test-automation/nelson-test-automation/testsuites/BUI/regression/new_booking.robot">
<test id="s1-s1-s1-s1-t1" name="Create A New Booking" line="9">
<kw name="Open Browser to Landing Page" library="common">
<doc>A general startup keyword for opening a browser to the landing page.</doc>
<kw name="New Browser" library="Browser">
<arg>${browser}</arg>
<arg>${headless}</arg>
<arg>timeout=${timeout}</arg>
<tag>BrowserControl</tag>
<tag>Setter</tag>
<doc>Create a new playwright Browser with specified options.</doc>
<msg timestamp="20230524 01:42:34.676" level="INFO">{"browser": "chromium", "headless": true, "devtools": false, "handleSIGHUP": true, "handleSIGINT": true, "handleSIGTERM": true, "slowMo": 0.0, "timeout": 90000.0, "deprecated_pos_args": [], "tracesDir": "/home/runner/work/nelson-test-automation/nelson-test-automation/reports/browser/traces/cba4b631-e754-4b9f-a2c4-e37c97a86a30"}</msg>
<msg timestamp="20230524 01:42:34.892" level="INFO">Successfully created browser with options: {"browser":"chromium","headless":true,"devtools":false,"handleSIGHUP":true,"handleSIGINT":true,"handleSIGTERM":true,"slowMo":0,"timeout":90000,"deprecated_pos_args":[],"tracesDir":"/home/runner/work/nelson-test-automation/nelson-test-automation/reports/browser/traces/cba4b631-e754-4b9f-a2c4-e37c97a86a30"}</msg>
<status status="PASS" starttime="20230524 01:42:34.675" endtime="20230524 01:42:34.892"/>
</kw>
<kw name="Set Browser Timeout" library="Browser">
<arg>${timeout}</arg>
<tag>Config</tag>
<tag>Setter</tag>
<doc>Sets the timeout used by most input and getter keywords.</doc>
<msg timestamp="20230524 01:42:34.895" level="INFO">No context open.</msg>
<status status="PASS" starttime="20230524 01:42:34.892" endtime="20230524 01:42:34.895"/>
</kw>
<kw name="New Context" library="Browser">
<tag>BrowserControl</tag>
<tag>Setter</tag>
<doc>Create a new BrowserContext with specified options.</doc>
<msg timestamp="20230524 01:42:34.896" level="INFO">{
  "acceptDownloads": true,
  "bypassCSP": false,
  "forcedColors": "none",
  "hideRfBrowser": false,
  "ignoreHTTPSErrors": false,
  "javaScriptEnabled": true,
  "offline": false,
  "reducedMotion": "no-preference",
  "viewport": {
    "height": 720,
    "width": 1280
  },
  "deprecated_pos_args": []
}</msg>
<msg timestamp="20230524 01:42:34.917" level="INFO">Successfully created context. </msg>
<msg timestamp="20230524 01:42:34.917" level="INFO">{'acceptDownloads': True, 'bypassCSP': False, 'forcedColors': 'none', 'hideRfBrowser': False, 'ignoreHTTPSErrors': False, 'javaScriptEnabled': True, 'offline': False, 'reducedMotion': 'no-preference', 'viewport': {'height': 720, 'width': 1280}, 'deprecated_pos_args': []}</msg>
<status status="PASS" starttime="20230524 01:42:34.895" endtime="20230524 01:42:34.917"/>
</kw>
<kw name="New Page" library="Browser">
<arg>${url}</arg>
<tag>BrowserControl</tag>
<tag>Setter</tag>
<doc>Open a new Page.</doc>
<msg timestamp="20230524 01:42:36.479" level="INFO">Successfully initialized new page object and opened url: https://test4.omenahotels.com/</msg>
<status status="PASS" starttime="20230524 01:42:34.917" endtime="20230524 01:42:36.479"/>
</kw>
<kw name="Set Viewport Size" library="Browser">
<arg>1920</arg>
<arg>1080</arg>
<tag>BrowserControl</tag>
<tag>Setter</tag>
<doc>Sets current Pages viewport size to specified dimensions.</doc>
<msg timestamp="20230524 01:42:36.509" level="INFO">Set viewport size to: [object Object]</msg>
<status status="PASS" starttime="20230524 01:42:36.480" endtime="20230524 01:42:36.509"/>
</kw>
<kw name="Wait Until Network Is Idle" library="Browser">
<tag>HTTP</tag>
<tag>Wait</tag>
<doc>Waits until there has been at least one instance of 500 ms of no network traffic on the page after loading.</doc>
<status status="PASS" starttime="20230524 01:42:36.509" endtime="20230524 01:42:37.380"/>
</kw>
<kw name="Get Title" library="Browser">
<arg>contains</arg>
<arg>Cheap hotels in Helsinki</arg>
<tag>Assertion</tag>
<tag>Getter</tag>
<tag>PageContent</tag>
<doc>Returns the title of the current page.</doc>
<msg timestamp="20230524 01:42:37.387" level="INFO">Title: 'Cheap hotels in Helsinki and Finland | Omena Hotels - Budget hotels in Finland'</msg>
<status status="PASS" starttime="20230524 01:42:37.381" endtime="20230524 01:42:37.387"/>
</kw>
<kw name="Allow Cookies" library="common">
<doc>Allow Cookies/Toggle Cookie allowance</doc>
<kw name="Click" library="Browser">
<arg>id=CybotCookiebotDialogBodyLevelButtonLevelOptinAllowAll</arg>
<tag>PageContent</tag>
<tag>Setter</tag>
<doc>Simulates mouse click on the element found by ``selector``.</doc>
<status status="PASS" starttime="20230524 01:42:37.388" endtime="20230524 01:42:37.475"/>
</kw>
<status status="PASS" starttime="20230524 01:42:37.387" endtime="20230524 01:42:37.475"/>
</kw>
<status status="PASS" starttime="20230524 01:42:34.674" endtime="20230524 01:42:37.475"/>
</kw>
<kw name="Select Hotel" library="booking">
<doc>Select Hotel by using a number as an argument, default Lönnrotinkatu</doc>
<kw name="Log" library="BuiltIn">
<arg>Selecting Hotel: ${hotel}</arg>
<doc>Logs the given message with the given level.</doc>
<msg timestamp="20230524 01:42:37.476" level="INFO">Selecting Hotel: Lönnrotin</msg>
<status status="PASS" starttime="20230524 01:42:37.476" endtime="20230524 01:42:37.476"/>
</kw>
<kw name="Click" library="Browser">
<arg>//div[contains(@data-nelson-btn, "hotels")]</arg>
<tag>PageContent</tag>
<tag>Setter</tag>
<doc>Simulates mouse click on the element found by ``selector``.</doc>
<status status="PASS" starttime="20230524 01:42:37.476" endtime="20230524 01:42:37.628"/>
</kw>
<kw name="Wait Until Visible" library="common">
<arg>//a[contains(@class, 'dropdown-item') and contains(text(), '${hotel}')]</arg>
<doc>An easier keyword for waiting until an element is visible</doc>
<kw name="Wait For Elements State" library="Browser">
<arg>${element}</arg>
<arg>visible</arg>
<arg>timeout=${timeout}</arg>
<tag>PageContent</tag>
<tag>Wait</tag>
<doc>Waits for the element found by ``selector`` to satisfy state option.</doc>
<msg timestamp="20230524 01:42:37.664" level="INFO">Waited for Element with selector //a[contains(@class, 'dropdown-item') and contains(text(), 'Lönnrotin')] at state visible</msg>
<status status="PASS" starttime="20230524 01:42:37.629" endtime="20230524 01:42:37.664"/>
</kw>
<status status="PASS" starttime="20230524 01:42:37.628" endtime="20230524 01:42:37.664"/>
</kw>
<kw name="Click" library="Browser">
<arg>//a[contains(@class, 'dropdown-item') and contains(text(), '${hotel}')]</arg>
<tag>PageContent</tag>
<tag>Setter</tag>
<doc>Simulates mouse click on the element found by ``selector``.</doc>
<status status="PASS" starttime="20230524 01:42:37.665" endtime="20230524 01:42:37.774"/>
</kw>
<kw name="Wait Until Network Is Idle" library="Browser">
<tag>HTTP</tag>
<tag>Wait</tag>
<doc>Waits until there has been at least one instance of 500 ms of no network traffic on the page after loading.</doc>
<status status="PASS" starttime="20230524 01:42:37.775" endtime="20230524 01:42:37.783"/>
</kw>
<status status="PASS" starttime="20230524 01:42:37.475" endtime="20230524 01:42:37.783"/>
</kw>
<kw name="Choose Dates and Guests" library="booking">
<kw name="Select Guests" library="booking">
<doc>Selects the number of guests for the booking, current implementation will only check the dropdown</doc>
<kw name="Wait Until Visible" library="common">
<arg>//div[contains(@data-nelson-btn, 'guests')]</arg>
<doc>An easier keyword for waiting until an element is visible</doc>
<kw name="Wait For Elements State" library="Browser">
<arg>${element}</arg>
<arg>visible</arg>
<arg>timeout=${timeout}</arg>
<tag>PageContent</tag>
<tag>Wait</tag>
<doc>Waits for the element found by ``selector`` to satisfy state option.</doc>
<msg timestamp="20230524 01:42:37.793" level="INFO">Waited for Element with selector //div[contains(@data-nelson-btn, 'guests')] at state visible</msg>
<status status="PASS" starttime="20230524 01:42:37.784" endtime="20230524 01:42:37.794"/>
</kw>
<status status="PASS" starttime="20230524 01:42:37.784" endtime="20230524 01:42:37.794"/>
</kw>
<kw name="Click" library="Browser">
<arg>//div[contains(@data-nelson-btn, 'guests')]</arg>
<tag>PageContent</tag>
<tag>Setter</tag>
<doc>Simulates mouse click on the element found by ``selector``.</doc>
<status status="PASS" starttime="20230524 01:42:37.794" endtime="20230524 01:42:37.855"/>
</kw>
<status status="PASS" starttime="20230524 01:42:37.783" endtime="20230524 01:42:37.855"/>
</kw>
<kw name="Click" library="Browser">
<arg>//button[@class="booking-form-button btn btn-primary"]</arg>
<tag>PageContent</tag>
<tag>Setter</tag>
<doc>Simulates mouse click on the element found by ``selector``.</doc>
<status status="PASS" starttime="20230524 01:42:37.855" endtime="20230524 01:42:38.101"/>
</kw>
<kw name="Wait For Elements State" library="Browser">
<arg>${btnExtras}</arg>
<arg>visible</arg>
<arg>timeout=${timeout}</arg>
<tag>PageContent</tag>
<tag>Wait</tag>
<doc>Waits for the element found by ``selector`` to satisfy state option.</doc>
<msg timestamp="20230524 01:42:40.442" level="INFO">Waited for Element with selector (//div[contains(@view,"booking")]//button[contains(text(), "Continue to extras")])[1] at state visible</msg>
<status status="PASS" starttime="20230524 01:42:38.102" endtime="20230524 01:42:40.442"/>
</kw>
<status status="PASS" starttime="20230524 01:42:37.783" endtime="20230524 01:42:40.442"/>
</kw>
<kw name="Select Room and Extras" library="booking">
<kw name="Wait Until Network Is Idle" library="Browser">
<tag>HTTP</tag>
<tag>Wait</tag>
<doc>Waits until there has been at least one instance of 500 ms of no network traffic on the page after loading.</doc>
<status status="PASS" starttime="20230524 01:42:40.443" endtime="20230524 01:42:44.486"/>
</kw>
<kw name="Click" library="Browser">
<arg>${btnExtras}</arg>
<tag>PageContent</tag>
<tag>Setter</tag>
<doc>Simulates mouse click on the element found by ``selector``.</doc>
<status status="PASS" starttime="20230524 01:42:44.486" endtime="20230524 01:42:44.576"/>
</kw>
<kw name="Wait For Elements State" library="Browser">
<arg>${btnPayment}</arg>
<arg>visible</arg>
<arg>timeout=${timeout}</arg>
<tag>PageContent</tag>
<tag>Wait</tag>
<doc>Waits for the element found by ``selector`` to satisfy state option.</doc>
<msg timestamp="20230524 01:42:45.459" level="INFO">Waited for Element with selector (//div[contains(@view,"extras")]//button[contains(text(), "Continue to payment")])[1] at state visible</msg>
<status status="PASS" starttime="20230524 01:42:44.577" endtime="20230524 01:42:45.459"/>
</kw>
<kw name="Click" library="Browser">
<arg>${btnPayment}</arg>
<tag>PageContent</tag>
<tag>Setter</tag>
<doc>Simulates mouse click on the element found by ``selector``.</doc>
<status status="PASS" starttime="20230524 01:42:45.460" endtime="20230524 01:42:45.532"/>
</kw>
<status status="PASS" starttime="20230524 01:42:40.442" endtime="20230524 01:42:45.532"/>
</kw>
<kw name="Fill in Payment Details" library="booking">
<doc>TBD: Use test data instead of hardcoded values</doc>
<kw name="Get Random Name" library="Helpers">
<var>${rand}</var>
<msg timestamp="20230524 01:42:45.533" level="INFO">${rand} = cafh</msg>
<status status="PASS" starttime="20230524 01:42:45.533" endtime="20230524 01:42:45.533"/>
</kw>
<kw name="Click and Fill" library="common">
<arg>id=firstName</arg>
<arg>${firstName}</arg>
<doc>A keyword combination of Click and Fill Text since most of the form fields need a click</doc>
<kw name="Click" library="Browser">
<arg>${selector}</arg>
<tag>PageContent</tag>
<tag>Setter</tag>
<doc>Simulates mouse click on the element found by ``selector``.</doc>
<status status="PASS" starttime="20230524 01:42:45.534" endtime="20230524 01:42:47.527"/>
</kw>
<kw name="Fill Text" library="Browser">
<arg>${selector}</arg>
<arg>${text}</arg>
<tag>PageContent</tag>
<tag>Setter</tag>
<doc>Clears and fills the given ``txt`` into the text field found by ``selector``.</doc>
<msg timestamp="20230524 01:42:47.528" level="INFO">Fills the text 'Mos' in the given field.</msg>
<status status="PASS" starttime="20230524 01:42:47.528" endtime="20230524 01:42:47.606"/>
</kw>
<status status="PASS" starttime="20230524 01:42:45.534" endtime="20230524 01:42:47.606"/>
</kw>
<kw name="Click and Fill" library="common">
<arg>id=lastName</arg>
<arg>${lastName}</arg>
<doc>A keyword combination of Click and Fill Text since most of the form fields need a click</doc>
<kw name="Click" library="Browser">
<arg>${selector}</arg>
<tag>PageContent</tag>
<tag>Setter</tag>
<doc>Simulates mouse click on the element found by ``selector``.</doc>
<status status="PASS" starttime="20230524 01:42:47.607" endtime="20230524 01:42:47.702"/>
</kw>
<kw name="Fill Text" library="Browser">
<arg>${selector}</arg>
<arg>${text}</arg>
<tag>PageContent</tag>
<tag>Setter</tag>
<doc>Clears and fills the given ``txt`` into the text field found by ``selector``.</doc>
<msg timestamp="20230524 01:42:47.703" level="INFO">Fills the text 'Def' in the given field.</msg>
<status status="PASS" starttime="20230524 01:42:47.703" endtime="20230524 01:42:47.780"/>
</kw>
<status status="PASS" starttime="20230524 01:42:47.606" endtime="20230524 01:42:47.780"/>
</kw>
<kw name="Click and Fill" library="common">
<arg>id=email</arg>
<arg>${emailUsername}-${rand}@${emailDomain}</arg>
<doc>A keyword combination of Click and Fill Text since most of the form fields need a click</doc>
<kw name="Click" library="Browser">
<arg>${selector}</arg>
<tag>PageContent</tag>
<tag>Setter</tag>
<doc>Simulates mouse click on the element found by ``selector``.</doc>
<status status="PASS" starttime="20230524 01:42:47.781" endtime="20230524 01:42:47.879"/>
</kw>
<kw name="Fill Text" library="Browser">
<arg>${selector}</arg>
<arg>${text}</arg>
<tag>PageContent</tag>
<tag>Setter</tag>
<doc>Clears and fills the given ``txt`` into the text field found by ``selector``.</doc>
<msg timestamp="20230524 01:42:47.880" level="INFO">Fills the text 'nelsontestar-cafh@gmail.com' in the given field.</msg>
<status status="PASS" starttime="20230524 01:42:47.879" endtime="20230524 01:42:47.950"/>
</kw>
<status status="PASS" starttime="20230524 01:42:47.780" endtime="20230524 01:42:47.950"/>
</kw>
<kw name="Click and Fill" library="common">
<arg>id=phoneNumber</arg>
<arg>${phone}</arg>
<doc>A keyword combination of Click and Fill Text since most of the form fields need a click</doc>
<kw name="Click" library="Browser">
<arg>${selector}</arg>
<tag>PageContent</tag>
<tag>Setter</tag>
<doc>Simulates mouse click on the element found by ``selector``.</doc>
<status status="PASS" starttime="20230524 01:42:47.951" endtime="20230524 01:42:48.060"/>
</kw>
<kw name="Fill Text" library="Browser">
<arg>${selector}</arg>
<arg>${text}</arg>
<tag>PageContent</tag>
<tag>Setter</tag>
<doc>Clears and fills the given ``txt`` into the text field found by ``selector``.</doc>
<msg timestamp="20230524 01:42:48.061" level="INFO">Fills the text '040123942' in the given field.</msg>
<status status="PASS" starttime="20230524 01:42:48.061" endtime="20230524 01:42:48.197"/>
</kw>
<status status="PASS" starttime="20230524 01:42:47.951" endtime="20230524 01:42:48.197"/>
</kw>
<kw name="Run Keyword If" library="BuiltIn">
<arg>'${env}'=='bui'</arg>
<arg>Click and Fill</arg>
<arg>id=password</arg>
<arg>${password}</arg>
<doc>Runs the given keyword with the given arguments, if ``condition`` is true.</doc>
<kw name="Click and Fill" library="common">
<arg>id=password</arg>
<arg>${password}</arg>
<doc>A keyword combination of Click and Fill Text since most of the form fields need a click</doc>
<msg timestamp="20230524 01:42:48.200" level="FAIL">Variable '${password}' not found.</msg>
<status status="FAIL" starttime="20230524 01:42:48.198" endtime="20230524 01:42:48.200"/>
</kw>
<status status="FAIL" starttime="20230524 01:42:48.197" endtime="20230524 01:42:48.200"/>
</kw>
<kw name="Run Keyword If" library="BuiltIn">
<arg>'${env}'=='bui'</arg>
<arg>Click</arg>
<arg>xpath=(//span[@class="chakra-checkbox__control css-6whjvh"])[2]</arg>
<doc>Runs the given keyword with the given arguments, if ``condition`` is true.</doc>
<status status="NOT RUN" starttime="20230524 01:42:48.201" endtime="20230524 01:42:48.201"/>
</kw>
<kw name="Run Keyword If" library="BuiltIn">
<arg>'${env}'=='bui'</arg>
<arg>Click</arg>
<arg>//div[contains(text(), "Web bank payment")]</arg>
<doc>Runs the given keyword with the given arguments, if ``condition`` is true.</doc>
<status status="NOT RUN" starttime="20230524 01:42:48.201" endtime="20230524 01:42:48.201"/>
</kw>
<kw name="Run Keyword If" library="BuiltIn">
<arg>'${env}'=='bui'</arg>
<arg>Click</arg>
<arg>//p[contains(text(), 'Nordea')]</arg>
<doc>Runs the given keyword with the given arguments, if ``condition`` is true.</doc>
<status status="NOT RUN" starttime="20230524 01:42:48.201" endtime="20230524 01:42:48.201"/>
</kw>
<kw name="Run Keyword If" library="BuiltIn">
<arg>'${env}'=='bui'</arg>
<arg>Click</arg>
<arg>(//div[contains(@view,"payment")]//button[contains(text(), "Pay")])[1]</arg>
<doc>Runs the given keyword with the given arguments, if ``condition`` is true.</doc>
<status status="NOT RUN" starttime="20230524 01:42:48.201" endtime="20230524 01:42:48.202"/>
</kw>
<kw name="Run Keyword If" library="BuiltIn">
<arg>'${env}'=='mui'</arg>
<arg>Click</arg>
<arg>//p[normalize-space()='Visa']</arg>
<doc>Runs the given keyword with the given arguments, if ``condition`` is true.</doc>
<status status="NOT RUN" starttime="20230524 01:42:48.202" endtime="20230524 01:42:48.202"/>
</kw>
<kw name="Run Keyword If" library="BuiltIn">
<arg>'${env}'=='mui'</arg>
<arg>Click</arg>
<arg>(//button[normalize-space()='Pay'])[1]</arg>
<doc>Runs the given keyword with the given arguments, if ``condition`` is true.</doc>
<status status="NOT RUN" starttime="20230524 01:42:48.202" endtime="20230524 01:42:48.202"/>
</kw>
<kw name="Run Keyword If" library="BuiltIn">
<arg>'${env}'=='mui'</arg>
<arg>Pay Using Visa</arg>
<doc>Runs the given keyword with the given arguments, if ``condition`` is true.</doc>
<status status="NOT RUN" starttime="20230524 01:42:48.202" endtime="20230524 01:42:48.202"/>
</kw>
<status status="FAIL" starttime="20230524 01:42:45.533" endtime="20230524 01:42:48.203"/>
</kw>
<kw name="Simulate Success or Failure" library="booking">
<arg>success</arg>
<status status="NOT RUN" starttime="20230524 01:42:48.203" endtime="20230524 01:42:48.203"/>
</kw>
<doc>A new booker opens the page and does a successful booking</doc>
<status status="FAIL" starttime="20230524 01:42:34.671" endtime="20230524 01:42:48.204">Variable '${password}' not found.</status>
</test>
<test id="s1-s1-s1-s1-t2" name="Confirm Email" line="18">
<kw name="Pass Execution" library="BuiltIn">
<arg>TBD in: BUI2-562</arg>
<doc>Skips rest of the current test, setup, or teardown with PASS status.</doc>
<msg timestamp="20230524 01:42:48.245" level="INFO">Execution passed with message:
TBD in: BUI2-562</msg>
<status status="PASS" starttime="20230524 01:42:48.244" endtime="20230524 01:42:48.245"/>
</kw>
<kw name="Get Link from Email" library="common">
<status status="NOT RUN" starttime="20230524 01:42:48.245" endtime="20230524 01:42:48.245"/>
</kw>
<doc>A new booker receives an email with a link to modify the booking</doc>
<status status="PASS" starttime="20230524 01:42:48.242" endtime="20230524 01:42:48.245">TBD in: BUI2-562</status>
</test>
<test id="s1-s1-s1-s1-t3" name="Open Link" line="23">
<kw name="Pass Execution" library="BuiltIn">
<arg>TBD</arg>
<doc>Skips rest of the current test, setup, or teardown with PASS status.</doc>
<msg timestamp="20230524 01:42:48.252" level="INFO">Execution passed with message:
TBD</msg>
<status status="PASS" starttime="20230524 01:42:48.252" endtime="20230524 01:42:48.252"/>
</kw>
<status status="PASS" starttime="20230524 01:42:48.250" endtime="20230524 01:42:48.252">TBD</status>
</test>
<doc>A test suite for verifying modify booking functionality</doc>
<status status="FAIL" starttime="20230524 01:42:33.660" endtime="20230524 01:42:48.257"/>
</suite>
<status status="FAIL" starttime="20230524 01:42:33.659" endtime="20230524 01:42:48.270"/>
</suite>
<status status="FAIL" starttime="20230524 01:42:33.658" endtime="20230524 01:42:48.271"/>
</suite>
<suite id="s1-s2" name="MUI" source="/home/runner/work/nelson-test-automation/nelson-test-automation/testsuites/MUI">
<suite id="s1-s2-s1" name="Regression" source="/home/runner/work/nelson-test-automation/nelson-test-automation/testsuites/MUI/regression">
<suite id="s1-s2-s1-s1" name="New Booking" source="/home/runner/work/nelson-test-automation/nelson-test-automation/testsuites/MUI/regression/new_booking.robot">
<test id="s1-s2-s1-s1-t1" name="Admin Create A Booking" line="30">
<kw name="Open Nelson Portal" library="mui">
<arg>${MUI-Link}</arg>
<msg timestamp="20230524 01:42:48.298" level="FAIL">Resolving variable '${MUI-Link}' failed: Variable '${MUI}' not found.</msg>
<status status="FAIL" starttime="20230524 01:42:48.296" endtime="20230524 01:42:48.298"/>
</kw>
<kw name="Log in MUI" library="mui">
<status status="NOT RUN" starttime="20230524 01:42:48.298" endtime="20230524 01:42:48.298"/>
</kw>
<kw name="Open A MUI Client" library="mui">
<arg>Test (2) Omena</arg>
<status status="NOT RUN" starttime="20230524 01:42:48.298" endtime="20230524 01:42:48.298"/>
</kw>
<kw name="New Reservation MUI" library="mui">
<status status="NOT RUN" starttime="20230524 01:42:48.299" endtime="20230524 01:42:48.299"/>
</kw>
<kw name="Create New Reservation MUI" library="mui">
<status status="NOT RUN" starttime="20230524 01:42:48.299" endtime="20230524 01:42:48.299"/>
</kw>
<kw name="Switch Page" library="Browser">
<arg>NEW</arg>
<tag>BrowserControl</tag>
<tag>Setter</tag>
<doc>Switches the active browser page to another open page by ``id`` or ``NEW``.</doc>
<status status="NOT RUN" starttime="20230524 01:42:48.299" endtime="20230524 01:42:48.299"/>
</kw>
<kw name="Select Hotel" library="mui">
<arg>Turku, Humalistonkatu</arg>
<status status="NOT RUN" starttime="20230524 01:42:48.299" endtime="20230524 01:42:48.299"/>
</kw>
<kw name="Find Room" library="mui">
<status status="NOT RUN" starttime="20230524 01:42:48.299" endtime="20230524 01:42:48.299"/>
</kw>
<kw name="Select Room and Extras" library="booking">
<status status="NOT RUN" starttime="20230524 01:42:48.300" endtime="20230524 01:42:48.300"/>
</kw>
<kw name="Fill in Payment Details" library="booking">
<arg>mui</arg>
<doc>TBD: Use test data instead of hardcoded values</doc>
<status status="NOT RUN" starttime="20230524 01:42:48.300" endtime="20230524 01:42:48.300"/>
</kw>
<kw name="Verify Booking is Successful" library="booking">
<status status="NOT RUN" starttime="20230524 01:42:48.300" endtime="20230524 01:42:48.300"/>
</kw>
<kw name="Click Booker or Guest Name" library="booking">
<arg>'${firstName}' '${lastName}'</arg>
<status status="NOT RUN" starttime="20230524 01:42:48.300" endtime="20230524 01:42:48.300"/>
</kw>
<kw name="Verify Save and Sign State" library="booking">
<arg>${False}</arg>
<status status="NOT RUN" starttime="20230524 01:42:48.300" endtime="20230524 01:42:48.300"/>
</kw>
<kw name="Close Edit Booker or Guest" library="booking">
<status status="NOT RUN" starttime="20230524 01:42:48.301" endtime="20230524 01:42:48.301"/>
</kw>
<kw name="Run Keyword And Ignore Error" library="BuiltIn" type="TEARDOWN">
<arg>Log out of Nelson In BUI Confirmation Page</arg>
<doc>Runs the given keyword with the given arguments and ignores possible error.</doc>
<kw name="Log out of Nelson In BUI Confirmation Page" library="mui">
<kw name="Click" library="Browser">
<arg>//p[normalize-space()='Sign out']</arg>
<tag>PageContent</tag>
<tag>Setter</tag>
<doc>Simulates mouse click on the element found by ``selector``.</doc>
<msg timestamp="20230524 01:42:48.308" level="WARN">Keyword 'Take Screenshot  fail-screenshot-{index}' could not be run on failure:
Error: Tried to take screenshot, but no page was open.</msg>
<msg timestamp="20230524 01:42:48.308" level="INFO">See also file:///home/runner/work/nelson-test-automation/nelson-test-automation/reports/playwright-log.txt for additional details.</msg>
<msg timestamp="20230524 01:42:48.308" level="FAIL">Error: Could not find active page</msg>
<status status="FAIL" starttime="20230524 01:42:48.302" endtime="20230524 01:42:48.330"/>
</kw>
<status status="FAIL" starttime="20230524 01:42:48.301" endtime="20230524 01:42:48.330"/>
</kw>
<status status="PASS" starttime="20230524 01:42:48.301" endtime="20230524 01:42:48.330"/>
</kw>
<status status="FAIL" starttime="20230524 01:42:48.294" endtime="20230524 01:42:48.331">Resolving variable '${MUI-Link}' failed: Variable '${MUI}' not found.</status>
</test>
<status status="FAIL" starttime="20230524 01:42:48.275" endtime="20230524 01:42:48.334"/>
</suite>
<status status="FAIL" starttime="20230524 01:42:48.274" endtime="20230524 01:42:48.338"/>
</suite>
<status status="FAIL" starttime="20230524 01:42:48.272" endtime="20230524 01:42:48.339"/>
</suite>
<status status="FAIL" starttime="20230524 01:42:33.639" endtime="20230524 01:42:48.340"/>
</suite>
<statistics>
<total>
<stat pass="2" fail="2" skip="0">All Tests</stat>
</total>
<tag>
</tag>
<suite>
<stat pass="2" fail="2" skip="0" id="s1" name="Testsuites">Testsuites</stat>
<stat pass="2" fail="1" skip="0" id="s1-s1" name="BUI">Testsuites.BUI</stat>
<stat pass="2" fail="1" skip="0" id="s1-s1-s1" name="Regression">Testsuites.BUI.Regression</stat>
<stat pass="2" fail="1" skip="0" id="s1-s1-s1-s1" name="New Booking">Testsuites.BUI.Regression.New Booking</stat>
<stat pass="0" fail="1" skip="0" id="s1-s2" name="MUI">Testsuites.MUI</stat>
<stat pass="0" fail="1" skip="0" id="s1-s2-s1" name="Regression">Testsuites.MUI.Regression</stat>
<stat pass="0" fail="1" skip="0" id="s1-s2-s1-s1" name="New Booking">Testsuites.MUI.Regression.New Booking</stat>
</suite>
</statistics>
<errors>
<msg timestamp="20230524 01:42:48.290" level="ERROR">Error in file '/home/runner/work/nelson-test-automation/nelson-test-automation/testsuites/MUI/regression/new_booking.robot' on line 9: Resource file '../resources/keywords/booking.resource' does not exist.</msg>
<msg timestamp="20230524 01:42:48.290" level="ERROR">Error in file '/home/runner/work/nelson-test-automation/nelson-test-automation/testsuites/MUI/regression/new_booking.robot' on line 10: Resource file '../resources/keywords/common.resource' does not exist.</msg>
<msg timestamp="20230524 01:42:48.291" level="ERROR">Error in file '/home/runner/work/nelson-test-automation/nelson-test-automation/testsuites/MUI/regression/new_booking.robot' on line 11: Resource file '../resources/keywords/mui.resource' does not exist.</msg>
<msg timestamp="20230524 01:42:48.308" level="WARN">Keyword 'Take Screenshot  fail-screenshot-{index}' could not be run on failure:
Error: Tried to take screenshot, but no page was open.</msg>
</errors>
</robot>
