<?xml version="1.0" encoding="UTF-8"?>
<robot generator="Robot 5.0.1 (Python 3.10.11 on linux)" generated="20230605 03:48:39.703" rpa="false" schemaversion="3">
<suite id="s1" name="Testsuites" source="/home/runner/work/nelson-test-automation/nelson-test-automation/testsuites">
<suite id="s1-s1" name="BUI" source="/home/runner/work/nelson-test-automation/nelson-test-automation/testsuites/BUI">
<suite id="s1-s1-s1" name="Feature" source="/home/runner/work/nelson-test-automation/nelson-test-automation/testsuites/BUI/feature">
<suite id="s1-s1-s1-s1" name="Online Check In" source="/home/runner/work/nelson-test-automation/nelson-test-automation/testsuites/BUI/feature/online_check_in">
<suite id="s1-s1-s1-s1-s1" name="BUI2-556" source="/home/runner/work/nelson-test-automation/nelson-test-automation/testsuites/BUI/feature/online_check_in/BUI2-556.robot">
<kw name="Open Browser to Landing Page" library="common" type="SETUP">
<doc>A general startup keyword for opening a browser to the landing page.</doc>
<kw name="New Browser" library="Browser">
<arg>${browser}</arg>
<arg>${headless}</arg>
<arg>timeout=${timeout}</arg>
<tag>BrowserControl</tag>
<tag>Setter</tag>
<doc>Create a new playwright Browser with specified options.</doc>
<msg timestamp="20230605 03:48:41.045" level="INFO">{"browser": "chromium", "headless": true, "devtools": false, "handleSIGHUP": true, "handleSIGINT": true, "handleSIGTERM": true, "slowMo": 0.0, "timeout": 90000.0, "deprecated_pos_args": [], "tracesDir": "/home/runner/work/nelson-test-automation/nelson-test-automation/reports/browser/traces/6fe5d5b3-6873-4a87-8705-ed24722b368a"}</msg>
<msg timestamp="20230605 03:48:41.279" level="INFO">Successfully created browser with options: {"browser":"chromium","headless":true,"devtools":false,"handleSIGHUP":true,"handleSIGINT":true,"handleSIGTERM":true,"slowMo":0,"timeout":90000,"deprecated_pos_args":[],"tracesDir":"/home/runner/work/nelson-test-automation/nelson-test-automation/reports/browser/traces/6fe5d5b3-6873-4a87-8705-ed24722b368a"}</msg>
<status status="PASS" starttime="20230605 03:48:41.044" endtime="20230605 03:48:41.279"/>
</kw>
<kw name="Set Browser Timeout" library="Browser">
<arg>${timeout}</arg>
<tag>Config</tag>
<tag>Setter</tag>
<doc>Sets the timeout used by most input and getter keywords.</doc>
<msg timestamp="20230605 03:48:41.283" level="INFO">No context open.</msg>
<status status="PASS" starttime="20230605 03:48:41.280" endtime="20230605 03:48:41.283"/>
</kw>
<kw name="New Context" library="Browser">
<tag>BrowserControl</tag>
<tag>Setter</tag>
<doc>Create a new BrowserContext with specified options.</doc>
<msg timestamp="20230605 03:48:41.284" level="INFO">{
  "acceptDownloads": true,
  "bypassCSP": false,
  "forcedColors": "none",
  "hideRfBrowser": false,
  "ignoreHTTPSErrors": false,
  "javaScriptEnabled": true,
  "offline": false,
  "reducedMotion": "no-preference",
  "viewport": {
    "height": 720,
    "width": 1280
  },
  "deprecated_pos_args": []
}</msg>
<msg timestamp="20230605 03:48:41.299" level="INFO">Successfully created context. </msg>
<msg timestamp="20230605 03:48:41.299" level="INFO">{'acceptDownloads': True, 'bypassCSP': False, 'forcedColors': 'none', 'hideRfBrowser': False, 'ignoreHTTPSErrors': False, 'javaScriptEnabled': True, 'offline': False, 'reducedMotion': 'no-preference', 'viewport': {'height': 720, 'width': 1280}, 'deprecated_pos_args': []}</msg>
<status status="PASS" starttime="20230605 03:48:41.283" endtime="20230605 03:48:41.299"/>
</kw>
<kw name="New Page" library="Browser">
<arg>${url}</arg>
<tag>BrowserControl</tag>
<tag>Setter</tag>
<doc>Open a new Page.</doc>
<msg timestamp="20230605 03:48:44.112" level="INFO">Successfully initialized new page object and opened url: https://test4.omenahotels.com/</msg>
<status status="PASS" starttime="20230605 03:48:41.299" endtime="20230605 03:48:44.113"/>
</kw>
<kw name="Wait Until Network Is Idle" library="Browser">
<tag>HTTP</tag>
<tag>Wait</tag>
<doc>Waits until there has been at least one instance of 500 ms of no network traffic on the page after loading.</doc>
<status status="PASS" starttime="20230605 03:48:44.113" endtime="20230605 03:48:45.908"/>
</kw>
<kw name="Get Title" library="Browser">
<arg>contains</arg>
<arg>Cheap hotels in Helsinki</arg>
<tag>Assertion</tag>
<tag>Getter</tag>
<tag>PageContent</tag>
<doc>Returns the title of the current page.</doc>
<msg timestamp="20230605 03:48:45.922" level="INFO">Title: 'Cheap hotels in Helsinki and Finland | Omena Hotels - Budget hotels in Finland'</msg>
<status status="PASS" starttime="20230605 03:48:45.908" endtime="20230605 03:48:45.923"/>
</kw>
<kw name="Allow Cookies" library="common">
<doc>Allow Cookies/Toggle Cookie allowance</doc>
<kw name="Click" library="Browser">
<arg>id=CybotCookiebotDialogBodyLevelButtonLevelOptinAllowAll</arg>
<tag>PageContent</tag>
<tag>Setter</tag>
<doc>Simulates mouse click on the element found by ``selector``.</doc>
<status status="PASS" starttime="20230605 03:48:45.923" endtime="20230605 03:48:46.031"/>
</kw>
<status status="PASS" starttime="20230605 03:48:45.923" endtime="20230605 03:48:46.031"/>
</kw>
<status status="PASS" starttime="20230605 03:48:41.043" endtime="20230605 03:48:46.031"/>
</kw>
<test id="s1-s1-s1-s1-s1-t1" name="Create a new booking as a non-member" line="11">
<kw name="Select Hotel" library="booking">
<arg>Helsinki, Lönnrotinkatu</arg>
<doc>Select Hotel by using a number as an argument, default Lönnrotinkatu</doc>
<kw name="Log" library="BuiltIn">
<arg>Selecting Hotel: ${hotel}</arg>
<doc>Logs the given message with the given level.</doc>
<msg timestamp="20230605 03:48:46.033" level="INFO">Selecting Hotel: Helsinki, Lönnrotinkatu</msg>
<status status="PASS" starttime="20230605 03:48:46.033" endtime="20230605 03:48:46.033"/>
</kw>
<kw name="Click" library="Browser">
<arg>//div[contains(@data-nelson-btn, "hotels")]</arg>
<tag>PageContent</tag>
<tag>Setter</tag>
<doc>Simulates mouse click on the element found by ``selector``.</doc>
<status status="PASS" starttime="20230605 03:48:46.033" endtime="20230605 03:48:46.124"/>
</kw>
<kw name="Wait Until Visible" library="common">
<arg>//a[contains(@class, 'dropdown-item') and contains(text(), '${hotel}')]</arg>
<doc>An easier keyword for waiting until an element is visible</doc>
<kw name="Wait For Elements State" library="Browser">
<arg>${element}</arg>
<arg>visible</arg>
<arg>timeout=${timeout}</arg>
<tag>PageContent</tag>
<tag>Wait</tag>
<doc>Waits for the element found by ``selector`` to satisfy state option.</doc>
<msg timestamp="20230605 03:48:46.132" level="INFO">Waited for Element with selector //a[contains(@class, 'dropdown-item') and contains(text(), 'Helsinki, Lönnrotinkatu')] at state visible</msg>
<status status="PASS" starttime="20230605 03:48:46.125" endtime="20230605 03:48:46.132"/>
</kw>
<status status="PASS" starttime="20230605 03:48:46.124" endtime="20230605 03:48:46.132"/>
</kw>
<kw name="Click" library="Browser">
<arg>//a[contains(@class, 'dropdown-item') and contains(text(), '${hotel}')]</arg>
<tag>PageContent</tag>
<tag>Setter</tag>
<doc>Simulates mouse click on the element found by ``selector``.</doc>
<status status="PASS" starttime="20230605 03:48:46.133" endtime="20230605 03:48:46.330"/>
</kw>
<kw name="Wait Until Network Is Idle" library="Browser">
<tag>HTTP</tag>
<tag>Wait</tag>
<doc>Waits until there has been at least one instance of 500 ms of no network traffic on the page after loading.</doc>
<status status="PASS" starttime="20230605 03:48:46.330" endtime="20230605 03:48:46.333"/>
</kw>
<status status="PASS" starttime="20230605 03:48:46.032" endtime="20230605 03:48:46.334"/>
</kw>
<kw name="Select Dates" library="booking">
<doc>A keyword for selecting dates for booking</doc>
<kw name="Click" library="Browser">
<arg>//div[contains(@class, 'booking-form-dates')]</arg>
<tag>PageContent</tag>
<tag>Setter</tag>
<doc>Simulates mouse click on the element found by ``selector``.</doc>
<status status="PASS" starttime="20230605 03:48:46.335" endtime="20230605 03:48:46.502"/>
</kw>
<kw name="Get Element" library="Browser">
<var>${container}</var>
<arg>//div[@class="container__months"]</arg>
<tag>Getter</tag>
<tag>PageContent</tag>
<doc>Returns a reference to a Playwright [https://playwright.dev/docs/api/class-locator|Locator].</doc>
<msg timestamp="20230605 03:48:46.521" level="INFO">Locator found successfully.</msg>
<msg timestamp="20230605 03:48:46.521" level="INFO">${container} = element=313e2fa6-09cf-45a3-b2b7-5069164f6f04</msg>
<status status="PASS" starttime="20230605 03:48:46.502" endtime="20230605 03:48:46.521"/>
</kw>
<kw name="Get Property" library="Browser">
<var>${html}</var>
<arg>${container}</arg>
<arg>innerHTML</arg>
<tag>Assertion</tag>
<tag>Getter</tag>
<tag>PageContent</tag>
<doc>Returns the ``property`` of the element found by ``selector``.</doc>
<msg timestamp="20230605 03:48:46.544" level="INFO">Property: '&lt;div class="month-item no-previous-month"&gt;&lt;div class="month-item-header"&gt;&lt;button type="button" class="button-previous-month"&gt;&lt;svg width="9" height="15" viewBox="0 0 9 15" fill="none" xmlns="http://www.w3.org/2000/svg"&gt;&lt;path d="M7.5 0a.99.99 0 0 1 .719.281.964.964 0 0 1 0 1.406L2.938 7l5.28 5.281a.964.964 0 0 1 0 1.406.964.964 0 0 1-1.405 0l-6-6a.964.964 0 0 1 0-1.406l6-6A.97.97 0 0 1 7.5 0Z" fill="currentColor"&gt;&lt;/path&gt;&lt;/svg&gt;&lt;/button&gt;&lt;div&gt;&lt;strong class="month-item-name"&gt;June&lt;/strong&gt;&lt;span class="month-item-year"&gt;2023&lt;/span&gt;&lt;/div&gt;&lt;button type="button" class="button-next-month"&gt;&lt;svg width="9" height="15" viewBox="0 0 9 15" fill="none" xmlns="http://www.w3.org/2000/svg"&gt;&lt;path d="M1.5 15a.99.99 0 0 1-.719-.281.964.964 0 0 1 0-1.406L6.063 8 .78 2.719a.964.964 0 0 1 0-1.406.964.964 0 0 1 1.406 0l6 6a.964.964 0 0 1 0 1.406l-6 6A.97.97 0 0 1 1.5 15Z" fill="currentColor"&gt;&lt;/path&gt;&lt;/svg&gt;&lt;/button&gt;&lt;/div&gt;&lt;div class="month-item-weekdays-row"&gt;&lt;div title="Monday"&gt;Mon&lt;/div&gt;&lt;div title="Tuesday"&gt;Tue&lt;/div&gt;&lt;div title="Wednesday"&gt;Wed&lt;/div&gt;&lt;div title="Thursday"&gt;Thu&lt;/div&gt;&lt;div title="Friday"&gt;Fri&lt;/div&gt;&lt;div title="Saturday"&gt;Sat&lt;/div&gt;&lt;div title="Sunday"&gt;Sun&lt;/div&gt;&lt;/div&gt;&lt;div class="container__days"&gt;&lt;div&gt;&lt;/div&gt;&lt;div&gt;&lt;/div&gt;&lt;div&gt;&lt;/div&gt;&lt;div class="day-item is-locked" data-time="1685577600000" tabindex="-1"&gt;1&lt;/div&gt;&lt;div class="day-item is-locked" data-time="1685664000000" tabindex="-1"&gt;2&lt;/div&gt;&lt;div class="day-item is-locked" data-time="1685750400000" tabindex="-1"&gt;3&lt;/div&gt;&lt;div class="day-item is-locked" data-time="1685836800000" tabindex="-1"&gt;4&lt;/div&gt;&lt;div class="day-item is-today is-start-date" data-time="1685923200000" tabindex="0"&gt;5&lt;/div&gt;&lt;div class="day-item is-end-date is-in-range" data-time="1686009600000" tabindex="0"&gt;6&lt;/div&gt;&lt;div class="day-item" data-time="1686096000000" tabindex="0"&gt;7&lt;/div&gt;&lt;div class="day-item" data-time="1686182400000" tabindex="0"&gt;8&lt;/div&gt;&lt;div class="day-item" data-time="1686268800000" tabindex="0"&gt;9&lt;/div&gt;&lt;div class="day-item" data-time="1686355200000" tabindex="0"&gt;10&lt;/div&gt;&lt;div class="day-item" data-time="1686441600000" tabindex="0"&gt;11&lt;/div&gt;&lt;div class="day-item" data-time="1686528000000" tabindex="0"&gt;12&lt;/div&gt;&lt;div class="day-item" data-time="1686614400000" tabindex="0"&gt;13&lt;/div&gt;&lt;div class="day-item" data-time="1686700800000" tabindex="0"&gt;14&lt;/div&gt;&lt;div class="day-item" data-time="1686787200000" tabindex="0"&gt;15&lt;/div&gt;&lt;div class="day-item" data-time="1686873600000" tabindex="0"&gt;16&lt;/div&gt;&lt;div class="day-item" data-time="1686960000000" tabindex="0"&gt;17&lt;/div&gt;&lt;div class="day-item" data-time="1687046400000" tabindex="0"&gt;18&lt;/div&gt;&lt;div class="day-item" data-time="1687132800000" tabindex="0"&gt;19&lt;/div&gt;&lt;div class="day-item" data-time="1687219200000" tabindex="0"&gt;20&lt;/div&gt;&lt;div class="day-item" data-time="1687305600000" tabindex="0"&gt;21&lt;/div&gt;&lt;div class="day-item" data-time="1687392000000" tabindex="0"&gt;22&lt;/div&gt;&lt;div class="day-item" data-time="1687478400000" tabindex="0"&gt;23&lt;/div&gt;&lt;div class="day-item" data-time="1687564800000" tabindex="0"&gt;24&lt;/div&gt;&lt;div class="day-item" data-time="1687651200000" tabindex="0"&gt;25&lt;/div&gt;&lt;div class="day-item" data-time="1687737600000" tabindex="0"&gt;26&lt;/div&gt;&lt;div class="day-item" data-time="1687824000000" tabindex="0"&gt;27&lt;/div&gt;&lt;div class="day-item" data-time="1687910400000" tabindex="0"&gt;28&lt;/div&gt;&lt;div class="day-item" data-time="1687996800000" tabindex="0"&gt;29&lt;/div&gt;&lt;div class="day-item" data-time="1688083200000" tabindex="0"&gt;30&lt;/div&gt;&lt;/div&gt;&lt;/div&gt;'</msg>
<msg timestamp="20230605 03:48:46.544" level="INFO">${html} = &lt;div class="month-item no-previous-month"&gt;&lt;div class="month-item-header"&gt;&lt;button type="button" class="button-previous-month"&gt;&lt;svg width="9" height="15" viewBox="0 0 9 15" fill="none" xmlns="http://www...</msg>
<status status="PASS" starttime="20230605 03:48:46.522" endtime="20230605 03:48:46.544"/>
</kw>
<kw name="Log" library="BuiltIn">
<arg>${html}</arg>
<doc>Logs the given message with the given level.</doc>
<msg timestamp="20230605 03:48:46.545" level="INFO">&lt;div class="month-item no-previous-month"&gt;&lt;div class="month-item-header"&gt;&lt;button type="button" class="button-previous-month"&gt;&lt;svg width="9" height="15" viewBox="0 0 9 15" fill="none" xmlns="http://www.w3.org/2000/svg"&gt;&lt;path d="M7.5 0a.99.99 0 0 1 .719.281.964.964 0 0 1 0 1.406L2.938 7l5.28 5.281a.964.964 0 0 1 0 1.406.964.964 0 0 1-1.405 0l-6-6a.964.964 0 0 1 0-1.406l6-6A.97.97 0 0 1 7.5 0Z" fill="currentColor"&gt;&lt;/path&gt;&lt;/svg&gt;&lt;/button&gt;&lt;div&gt;&lt;strong class="month-item-name"&gt;June&lt;/strong&gt;&lt;span class="month-item-year"&gt;2023&lt;/span&gt;&lt;/div&gt;&lt;button type="button" class="button-next-month"&gt;&lt;svg width="9" height="15" viewBox="0 0 9 15" fill="none" xmlns="http://www.w3.org/2000/svg"&gt;&lt;path d="M1.5 15a.99.99 0 0 1-.719-.281.964.964 0 0 1 0-1.406L6.063 8 .78 2.719a.964.964 0 0 1 0-1.406.964.964 0 0 1 1.406 0l6 6a.964.964 0 0 1 0 1.406l-6 6A.97.97 0 0 1 1.5 15Z" fill="currentColor"&gt;&lt;/path&gt;&lt;/svg&gt;&lt;/button&gt;&lt;/div&gt;&lt;div class="month-item-weekdays-row"&gt;&lt;div title="Monday"&gt;Mon&lt;/div&gt;&lt;div title="Tuesday"&gt;Tue&lt;/div&gt;&lt;div title="Wednesday"&gt;Wed&lt;/div&gt;&lt;div title="Thursday"&gt;Thu&lt;/div&gt;&lt;div title="Friday"&gt;Fri&lt;/div&gt;&lt;div title="Saturday"&gt;Sat&lt;/div&gt;&lt;div title="Sunday"&gt;Sun&lt;/div&gt;&lt;/div&gt;&lt;div class="container__days"&gt;&lt;div&gt;&lt;/div&gt;&lt;div&gt;&lt;/div&gt;&lt;div&gt;&lt;/div&gt;&lt;div class="day-item is-locked" data-time="1685577600000" tabindex="-1"&gt;1&lt;/div&gt;&lt;div class="day-item is-locked" data-time="1685664000000" tabindex="-1"&gt;2&lt;/div&gt;&lt;div class="day-item is-locked" data-time="1685750400000" tabindex="-1"&gt;3&lt;/div&gt;&lt;div class="day-item is-locked" data-time="1685836800000" tabindex="-1"&gt;4&lt;/div&gt;&lt;div class="day-item is-today is-start-date" data-time="1685923200000" tabindex="0"&gt;5&lt;/div&gt;&lt;div class="day-item is-end-date is-in-range" data-time="1686009600000" tabindex="0"&gt;6&lt;/div&gt;&lt;div class="day-item" data-time="1686096000000" tabindex="0"&gt;7&lt;/div&gt;&lt;div class="day-item" data-time="1686182400000" tabindex="0"&gt;8&lt;/div&gt;&lt;div class="day-item" data-time="1686268800000" tabindex="0"&gt;9&lt;/div&gt;&lt;div class="day-item" data-time="1686355200000" tabindex="0"&gt;10&lt;/div&gt;&lt;div class="day-item" data-time="1686441600000" tabindex="0"&gt;11&lt;/div&gt;&lt;div class="day-item" data-time="1686528000000" tabindex="0"&gt;12&lt;/div&gt;&lt;div class="day-item" data-time="1686614400000" tabindex="0"&gt;13&lt;/div&gt;&lt;div class="day-item" data-time="1686700800000" tabindex="0"&gt;14&lt;/div&gt;&lt;div class="day-item" data-time="1686787200000" tabindex="0"&gt;15&lt;/div&gt;&lt;div class="day-item" data-time="1686873600000" tabindex="0"&gt;16&lt;/div&gt;&lt;div class="day-item" data-time="1686960000000" tabindex="0"&gt;17&lt;/div&gt;&lt;div class="day-item" data-time="1687046400000" tabindex="0"&gt;18&lt;/div&gt;&lt;div class="day-item" data-time="1687132800000" tabindex="0"&gt;19&lt;/div&gt;&lt;div class="day-item" data-time="1687219200000" tabindex="0"&gt;20&lt;/div&gt;&lt;div class="day-item" data-time="1687305600000" tabindex="0"&gt;21&lt;/div&gt;&lt;div class="day-item" data-time="1687392000000" tabindex="0"&gt;22&lt;/div&gt;&lt;div class="day-item" data-time="1687478400000" tabindex="0"&gt;23&lt;/div&gt;&lt;div class="day-item" data-time="1687564800000" tabindex="0"&gt;24&lt;/div&gt;&lt;div class="day-item" data-time="1687651200000" tabindex="0"&gt;25&lt;/div&gt;&lt;div class="day-item" data-time="1687737600000" tabindex="0"&gt;26&lt;/div&gt;&lt;div class="day-item" data-time="1687824000000" tabindex="0"&gt;27&lt;/div&gt;&lt;div class="day-item" data-time="1687910400000" tabindex="0"&gt;28&lt;/div&gt;&lt;div class="day-item" data-time="1687996800000" tabindex="0"&gt;29&lt;/div&gt;&lt;div class="day-item" data-time="1688083200000" tabindex="0"&gt;30&lt;/div&gt;&lt;/div&gt;&lt;/div&gt;</msg>
<status status="PASS" starttime="20230605 03:48:46.544" endtime="20230605 03:48:46.545"/>
</kw>
<kw name="Get Elements" library="Browser">
<var>@{elements}</var>
<arg>//div[@class="day-item"]</arg>
<tag>Getter</tag>
<tag>PageContent</tag>
<doc>Returns a reference to Playwright [https://playwright.dev/docs/api/class-locator|Locator]
for all matched elements by ``selector``.</doc>
<msg timestamp="20230605 03:48:46.564" level="INFO">Found 79 Locators successfully.</msg>
<msg timestamp="20230605 03:48:46.565" level="INFO">@{elements} = [ element=94342d56-93d1-4998-8b5e-1599f2cc54ab | element=4d09b4c2-5a74-4c60-8f8f-c187b918798c | element=02324314-1aad-4165-8db5-a0d39f0d5637 | element=6ae82e43-eab2-465b-bbac-06f648b92b60 | element=3b...</msg>
<status status="PASS" starttime="20230605 03:48:46.545" endtime="20230605 03:48:46.565"/>
</kw>
<kw name="Set Variable" library="BuiltIn">
<var>${selected}</var>
<arg>1</arg>
<doc>Returns the given values which can then be assigned to a variables.</doc>
<msg timestamp="20230605 03:48:46.565" level="INFO">${selected} = 1</msg>
<status status="PASS" starttime="20230605 03:48:46.565" endtime="20230605 03:48:46.565"/>
</kw>
<for flavor="IN">
<var>${e}</var>
<value>@{elements}</value>
<iter>
<var name="${e}">element=94342d56-93d1-4998-8b5e-1599f2cc54ab</var>
<kw name="Get Element States" library="Browser">
<var>${visibility}</var>
<arg>${e}</arg>
<arg>then</arg>
<arg>value &amp; (visible | hidden)</arg>
<tag>Assertion</tag>
<tag>Getter</tag>
<tag>PageContent</tag>
<doc>Get the active states from the element found by ``selector``.</doc>
<msg timestamp="20230605 03:48:46.748" level="INFO">States are: ['hidden']</msg>
<msg timestamp="20230605 03:48:46.748" level="INFO">${visibility} = ['hidden']</msg>
<status status="PASS" starttime="20230605 03:48:46.566" endtime="20230605 03:48:46.748"/>
</kw>
<if>
<branch type="IF" condition="${visibility} == 'visible'">
<kw name="Click" library="Browser">
<arg>${e}</arg>
<tag>PageContent</tag>
<tag>Setter</tag>
<doc>Simulates mouse click on the element found by ``selector``.</doc>
<status status="NOT RUN" starttime="20230605 03:48:46.749" endtime="20230605 03:48:46.749"/>
</kw>
<kw name="Set Variable" library="BuiltIn">
<var>${selected}</var>
<arg>${selected} + 1</arg>
<doc>Returns the given values which can then be assigned to a variables.</doc>
<status status="NOT RUN" starttime="20230605 03:48:46.749" endtime="20230605 03:48:46.749"/>
</kw>
<status status="NOT RUN" starttime="20230605 03:48:46.748" endtime="20230605 03:48:46.749"/>
</branch>
<status status="PASS" starttime="20230605 03:48:46.748" endtime="20230605 03:48:46.749"/>
</if>
<kw name="Evaluate" library="BuiltIn">
<var>${both}</var>
<arg>${selected} &gt; 2</arg>
<doc>Evaluates the given expression in Python and returns the result.</doc>
<msg timestamp="20230605 03:48:46.750" level="INFO">${both} = False</msg>
<status status="PASS" starttime="20230605 03:48:46.749" endtime="20230605 03:48:46.750"/>
</kw>
<kw name="Exit For Loop If" library="BuiltIn">
<arg>${both}</arg>
<doc>Stops executing the enclosing FOR loop if the ``condition`` is true.</doc>
<status status="PASS" starttime="20230605 03:48:46.750" endtime="20230605 03:48:46.750"/>
</kw>
<status status="PASS" starttime="20230605 03:48:46.566" endtime="20230605 03:48:46.750"/>
</iter>
<iter>
<var name="${e}">element=4d09b4c2-5a74-4c60-8f8f-c187b918798c</var>
<kw name="Get Element States" library="Browser">
<var>${visibility}</var>
<arg>${e}</arg>
<arg>then</arg>
<arg>value &amp; (visible | hidden)</arg>
<tag>Assertion</tag>
<tag>Getter</tag>
<tag>PageContent</tag>
<doc>Get the active states from the element found by ``selector``.</doc>
<msg timestamp="20230605 03:48:47.035" level="INFO">States are: ['hidden']</msg>
<msg timestamp="20230605 03:48:47.035" level="INFO">${visibility} = ['hidden']</msg>
<status status="PASS" starttime="20230605 03:48:46.750" endtime="20230605 03:48:47.035"/>
</kw>
<if>
<branch type="IF" condition="${visibility} == 'visible'">
<kw name="Click" library="Browser">
<arg>${e}</arg>
<tag>PageContent</tag>
<tag>Setter</tag>
<doc>Simulates mouse click on the element found by ``selector``.</doc>
<status status="NOT RUN" starttime="20230605 03:48:47.036" endtime="20230605 03:48:47.036"/>
</kw>
<kw name="Set Variable" library="BuiltIn">
<var>${selected}</var>
<arg>${selected} + 1</arg>
<doc>Returns the given values which can then be assigned to a variables.</doc>
<status status="NOT RUN" starttime="20230605 03:48:47.036" endtime="20230605 03:48:47.036"/>
</kw>
<status status="NOT RUN" starttime="20230605 03:48:47.035" endtime="20230605 03:48:47.036"/>
</branch>
<status status="PASS" starttime="20230605 03:48:47.035" endtime="20230605 03:48:47.036"/>
</if>
<kw name="Evaluate" library="BuiltIn">
<var>${both}</var>
<arg>${selected} &gt; 2</arg>
<doc>Evaluates the given expression in Python and returns the result.</doc>
<msg timestamp="20230605 03:48:47.037" level="INFO">${both} = False</msg>
<status status="PASS" starttime="20230605 03:48:47.037" endtime="20230605 03:48:47.037"/>
</kw>
<kw name="Exit For Loop If" library="BuiltIn">
<arg>${both}</arg>
<doc>Stops executing the enclosing FOR loop if the ``condition`` is true.</doc>
<status status="PASS" starttime="20230605 03:48:47.037" endtime="20230605 03:48:47.037"/>
</kw>
<status status="PASS" starttime="20230605 03:48:46.750" endtime="20230605 03:48:47.037"/>
</iter>
<iter>
<var name="${e}">element=02324314-1aad-4165-8db5-a0d39f0d5637</var>
<kw name="Get Element States" library="Browser">
<var>${visibility}</var>
<arg>${e}</arg>
<arg>then</arg>
<arg>value &amp; (visible | hidden)</arg>
<tag>Assertion</tag>
<tag>Getter</tag>
<tag>PageContent</tag>
<doc>Get the active states from the element found by ``selector``.</doc>
<msg timestamp="20230605 03:48:47.121" level="INFO">States are: ['hidden']</msg>
<msg timestamp="20230605 03:48:47.121" level="INFO">${visibility} = ['hidden']</msg>
<status status="PASS" starttime="20230605 03:48:47.038" endtime="20230605 03:48:47.121"/>
</kw>
<if>
<branch type="IF" condition="${visibility} == 'visible'">
<kw name="Click" library="Browser">
<arg>${e}</arg>
<tag>PageContent</tag>
<tag>Setter</tag>
<doc>Simulates mouse click on the element found by ``selector``.</doc>
<status status="NOT RUN" starttime="20230605 03:48:47.121" endtime="20230605 03:48:47.122"/>
</kw>
<kw name="Set Variable" library="BuiltIn">
<var>${selected}</var>
<arg>${selected} + 1</arg>
<doc>Returns the given values which can then be assigned to a variables.</doc>
<status status="NOT RUN" starttime="20230605 03:48:47.122" endtime="20230605 03:48:47.122"/>
</kw>
<status status="NOT RUN" starttime="20230605 03:48:47.121" endtime="20230605 03:48:47.122"/>
</branch>
<status status="PASS" starttime="20230605 03:48:47.121" endtime="20230605 03:48:47.122"/>
</if>
<kw name="Evaluate" library="BuiltIn">
<var>${both}</var>
<arg>${selected} &gt; 2</arg>
<doc>Evaluates the given expression in Python and returns the result.</doc>
<msg timestamp="20230605 03:48:47.122" level="INFO">${both} = False</msg>
<status status="PASS" starttime="20230605 03:48:47.122" endtime="20230605 03:48:47.123"/>
</kw>
<kw name="Exit For Loop If" library="BuiltIn">
<arg>${both}</arg>
<doc>Stops executing the enclosing FOR loop if the ``condition`` is true.</doc>
<status status="PASS" starttime="20230605 03:48:47.123" endtime="20230605 03:48:47.124"/>
</kw>
<status status="PASS" starttime="20230605 03:48:47.038" endtime="20230605 03:48:47.124"/>
</iter>
<iter>
<var name="${e}">element=6ae82e43-eab2-465b-bbac-06f648b92b60</var>
<kw name="Get Element States" library="Browser">
<var>${visibility}</var>
<arg>${e}</arg>
<arg>then</arg>
<arg>value &amp; (visible | hidden)</arg>
<tag>Assertion</tag>
<tag>Getter</tag>
<tag>PageContent</tag>
<doc>Get the active states from the element found by ``selector``.</doc>
<msg timestamp="20230605 03:48:47.144" level="INFO">States are: ['hidden']</msg>
<msg timestamp="20230605 03:48:47.144" level="INFO">${visibility} = ['hidden']</msg>
<status status="PASS" starttime="20230605 03:48:47.124" endtime="20230605 03:48:47.144"/>
</kw>
<if>
<branch type="IF" condition="${visibility} == 'visible'">
<kw name="Click" library="Browser">
<arg>${e}</arg>
<tag>PageContent</tag>
<tag>Setter</tag>
<doc>Simulates mouse click on the element found by ``selector``.</doc>
<status status="NOT RUN" starttime="20230605 03:48:47.145" endtime="20230605 03:48:47.145"/>
</kw>
<kw name="Set Variable" library="BuiltIn">
<var>${selected}</var>
<arg>${selected} + 1</arg>
<doc>Returns the given values which can then be assigned to a variables.</doc>
<status status="NOT RUN" starttime="20230605 03:48:47.145" endtime="20230605 03:48:47.145"/>
</kw>
<status status="NOT RUN" starttime="20230605 03:48:47.145" endtime="20230605 03:48:47.145"/>
</branch>
<status status="PASS" starttime="20230605 03:48:47.144" endtime="20230605 03:48:47.145"/>
</if>
<kw name="Evaluate" library="BuiltIn">
<var>${both}</var>
<arg>${selected} &gt; 2</arg>
<doc>Evaluates the given expression in Python and returns the result.</doc>
<msg timestamp="20230605 03:48:47.146" level="INFO">${both} = False</msg>
<status status="PASS" starttime="20230605 03:48:47.145" endtime="20230605 03:48:47.146"/>
</kw>
<kw name="Exit For Loop If" library="BuiltIn">
<arg>${both}</arg>
<doc>Stops executing the enclosing FOR loop if the ``condition`` is true.</doc>
<status status="PASS" starttime="20230605 03:48:47.146" endtime="20230605 03:48:47.146"/>
</kw>
<status status="PASS" starttime="20230605 03:48:47.124" endtime="20230605 03:48:47.146"/>
</iter>
<iter>
<var name="${e}">element=3bec75c1-aad5-492e-81a7-a1bc9518de99</var>
<kw name="Get Element States" library="Browser">
<var>${visibility}</var>
<arg>${e}</arg>
<arg>then</arg>
<arg>value &amp; (visible | hidden)</arg>
<tag>Assertion</tag>
<tag>Getter</tag>
<tag>PageContent</tag>
<doc>Get the active states from the element found by ``selector``.</doc>
<msg timestamp="20230605 03:48:47.176" level="INFO">States are: ['hidden']</msg>
<msg timestamp="20230605 03:48:47.177" level="INFO">${visibility} = ['hidden']</msg>
<status status="PASS" starttime="20230605 03:48:47.147" endtime="20230605 03:48:47.177"/>
</kw>
<if>
<branch type="IF" condition="${visibility} == 'visible'">
<kw name="Click" library="Browser">
<arg>${e}</arg>
<tag>PageContent</tag>
<tag>Setter</tag>
<doc>Simulates mouse click on the element found by ``selector``.</doc>
<status status="NOT RUN" starttime="20230605 03:48:47.177" endtime="20230605 03:48:47.177"/>
</kw>
<kw name="Set Variable" library="BuiltIn">
<var>${selected}</var>
<arg>${selected} + 1</arg>
<doc>Returns the given values which can then be assigned to a variables.</doc>
<status status="NOT RUN" starttime="20230605 03:48:47.178" endtime="20230605 03:48:47.178"/>
</kw>
<status status="NOT RUN" starttime="20230605 03:48:47.177" endtime="20230605 03:48:47.178"/>
</branch>
<status status="PASS" starttime="20230605 03:48:47.177" endtime="20230605 03:48:47.178"/>
</if>
<kw name="Evaluate" library="BuiltIn">
<var>${both}</var>
<arg>${selected} &gt; 2</arg>
<doc>Evaluates the given expression in Python and returns the result.</doc>
<msg timestamp="20230605 03:48:47.178" level="INFO">${both} = False</msg>
<status status="PASS" starttime="20230605 03:48:47.178" endtime="20230605 03:48:47.178"/>
</kw>
<kw name="Exit For Loop If" library="BuiltIn">
<arg>${both}</arg>
<doc>Stops executing the enclosing FOR loop if the ``condition`` is true.</doc>
<status status="PASS" starttime="20230605 03:48:47.179" endtime="20230605 03:48:47.179"/>
</kw>
<status status="PASS" starttime="20230605 03:48:47.146" endtime="20230605 03:48:47.179"/>
</iter>
<iter>
<var name="${e}">element=84d3e8f5-1060-4c05-b681-bb8924b84f8b</var>
<kw name="Get Element States" library="Browser">
<var>${visibility}</var>
<arg>${e}</arg>
<arg>then</arg>
<arg>value &amp; (visible | hidden)</arg>
<tag>Assertion</tag>
<tag>Getter</tag>
<tag>PageContent</tag>
<doc>Get the active states from the element found by ``selector``.</doc>
<msg timestamp="20230605 03:48:47.331" level="INFO">States are: ['hidden']</msg>
<msg timestamp="20230605 03:48:47.331" level="INFO">${visibility} = ['hidden']</msg>
<status status="PASS" starttime="20230605 03:48:47.179" endtime="20230605 03:48:47.331"/>
</kw>
<if>
<branch type="IF" condition="${visibility} == 'visible'">
<kw name="Click" library="Browser">
<arg>${e}</arg>
<tag>PageContent</tag>
<tag>Setter</tag>
<doc>Simulates mouse click on the element found by ``selector``.</doc>
<status status="NOT RUN" starttime="20230605 03:48:47.332" endtime="20230605 03:48:47.332"/>
</kw>
<kw name="Set Variable" library="BuiltIn">
<var>${selected}</var>
<arg>${selected} + 1</arg>
<doc>Returns the given values which can then be assigned to a variables.</doc>
<status status="NOT RUN" starttime="20230605 03:48:47.332" endtime="20230605 03:48:47.332"/>
</kw>
<status status="NOT RUN" starttime="20230605 03:48:47.331" endtime="20230605 03:48:47.332"/>
</branch>
<status status="PASS" starttime="20230605 03:48:47.331" endtime="20230605 03:48:47.332"/>
</if>
<kw name="Evaluate" library="BuiltIn">
<var>${both}</var>
<arg>${selected} &gt; 2</arg>
<doc>Evaluates the given expression in Python and returns the result.</doc>
<msg timestamp="20230605 03:48:47.333" level="INFO">${both} = False</msg>
<status status="PASS" starttime="20230605 03:48:47.332" endtime="20230605 03:48:47.333"/>
</kw>
<kw name="Exit For Loop If" library="BuiltIn">
<arg>${both}</arg>
<doc>Stops executing the enclosing FOR loop if the ``condition`` is true.</doc>
<status status="PASS" starttime="20230605 03:48:47.333" endtime="20230605 03:48:47.333"/>
</kw>
<status status="PASS" starttime="20230605 03:48:47.179" endtime="20230605 03:48:47.333"/>
</iter>
<iter>
<var name="${e}">element=5d901246-c872-44ba-836b-dd4f2a569bb3</var>
<kw name="Get Element States" library="Browser">
<var>${visibility}</var>
<arg>${e}</arg>
<arg>then</arg>
<arg>value &amp; (visible | hidden)</arg>
<tag>Assertion</tag>
<tag>Getter</tag>
<tag>PageContent</tag>
<doc>Get the active states from the element found by ``selector``.</doc>
<msg timestamp="20230605 03:48:47.362" level="INFO">States are: ['hidden']</msg>
<msg timestamp="20230605 03:48:47.362" level="INFO">${visibility} = ['hidden']</msg>
<status status="PASS" starttime="20230605 03:48:47.333" endtime="20230605 03:48:47.362"/>
</kw>
<if>
<branch type="IF" condition="${visibility} == 'visible'">
<kw name="Click" library="Browser">
<arg>${e}</arg>
<tag>PageContent</tag>
<tag>Setter</tag>
<doc>Simulates mouse click on the element found by ``selector``.</doc>
<status status="NOT RUN" starttime="20230605 03:48:47.362" endtime="20230605 03:48:47.363"/>
</kw>
<kw name="Set Variable" library="BuiltIn">
<var>${selected}</var>
<arg>${selected} + 1</arg>
<doc>Returns the given values which can then be assigned to a variables.</doc>
<status status="NOT RUN" starttime="20230605 03:48:47.363" endtime="20230605 03:48:47.363"/>
</kw>
<status status="NOT RUN" starttime="20230605 03:48:47.362" endtime="20230605 03:48:47.363"/>
</branch>
<status status="PASS" starttime="20230605 03:48:47.362" endtime="20230605 03:48:47.363"/>
</if>
<kw name="Evaluate" library="BuiltIn">
<var>${both}</var>
<arg>${selected} &gt; 2</arg>
<doc>Evaluates the given expression in Python and returns the result.</doc>
<msg timestamp="20230605 03:48:47.363" level="INFO">${both} = False</msg>
<status status="PASS" starttime="20230605 03:48:47.363" endtime="20230605 03:48:47.363"/>
</kw>
<kw name="Exit For Loop If" library="BuiltIn">
<arg>${both}</arg>
<doc>Stops executing the enclosing FOR loop if the ``condition`` is true.</doc>
<status status="PASS" starttime="20230605 03:48:47.364" endtime="20230605 03:48:47.364"/>
</kw>
<status status="PASS" starttime="20230605 03:48:47.333" endtime="20230605 03:48:47.364"/>
</iter>
<iter>
<var name="${e}">element=d6d8690f-32ad-4de9-b977-b7ed9bd2cf55</var>
<kw name="Get Element States" library="Browser">
<var>${visibility}</var>
<arg>${e}</arg>
<arg>then</arg>
<arg>value &amp; (visible | hidden)</arg>
<tag>Assertion</tag>
<tag>Getter</tag>
<tag>PageContent</tag>
<doc>Get the active states from the element found by ``selector``.</doc>
<msg timestamp="20230605 03:48:47.382" level="INFO">States are: ['hidden']</msg>
<msg timestamp="20230605 03:48:47.382" level="INFO">${visibility} = ['hidden']</msg>
<status status="PASS" starttime="20230605 03:48:47.364" endtime="20230605 03:48:47.382"/>
</kw>
<if>
<branch type="IF" condition="${visibility} == 'visible'">
<kw name="Click" library="Browser">
<arg>${e}</arg>
<tag>PageContent</tag>
<tag>Setter</tag>
<doc>Simulates mouse click on the element found by ``selector``.</doc>
<status status="NOT RUN" starttime="20230605 03:48:47.383" endtime="20230605 03:48:47.383"/>
</kw>
<kw name="Set Variable" library="BuiltIn">
<var>${selected}</var>
<arg>${selected} + 1</arg>
<doc>Returns the given values which can then be assigned to a variables.</doc>
<status status="NOT RUN" starttime="20230605 03:48:47.383" endtime="20230605 03:48:47.383"/>
</kw>
<status status="NOT RUN" starttime="20230605 03:48:47.383" endtime="20230605 03:48:47.383"/>
</branch>
<status status="PASS" starttime="20230605 03:48:47.383" endtime="20230605 03:48:47.384"/>
</if>
<kw name="Evaluate" library="BuiltIn">
<var>${both}</var>
<arg>${selected} &gt; 2</arg>
<doc>Evaluates the given expression in Python and returns the result.</doc>
<msg timestamp="20230605 03:48:47.384" level="INFO">${both} = False</msg>
<status status="PASS" starttime="20230605 03:48:47.384" endtime="20230605 03:48:47.384"/>
</kw>
<kw name="Exit For Loop If" library="BuiltIn">
<arg>${both}</arg>
<doc>Stops executing the enclosing FOR loop if the ``condition`` is true.</doc>
<status status="PASS" starttime="20230605 03:48:47.384" endtime="20230605 03:48:47.384"/>
</kw>
<status status="PASS" starttime="20230605 03:48:47.364" endtime="20230605 03:48:47.385"/>
</iter>
<iter>
<var name="${e}">element=7c0f93bf-1551-4f35-b6b7-c6bc218ebaf2</var>
<kw name="Get Element States" library="Browser">
<var>${visibility}</var>
<arg>${e}</arg>
<arg>then</arg>
<arg>value &amp; (visible | hidden)</arg>
<tag>Assertion</tag>
<tag>Getter</tag>
<tag>PageContent</tag>
<doc>Get the active states from the element found by ``selector``.</doc>
<msg timestamp="20230605 03:48:47.402" level="INFO">States are: ['hidden']</msg>
<msg timestamp="20230605 03:48:47.403" level="INFO">${visibility} = ['hidden']</msg>
<status status="PASS" starttime="20230605 03:48:47.385" endtime="20230605 03:48:47.403"/>
</kw>
<if>
<branch type="IF" condition="${visibility} == 'visible'">
<kw name="Click" library="Browser">
<arg>${e}</arg>
<tag>PageContent</tag>
<tag>Setter</tag>
<doc>Simulates mouse click on the element found by ``selector``.</doc>
<status status="NOT RUN" starttime="20230605 03:48:47.403" endtime="20230605 03:48:47.403"/>
</kw>
<kw name="Set Variable" library="BuiltIn">
<var>${selected}</var>
<arg>${selected} + 1</arg>
<doc>Returns the given values which can then be assigned to a variables.</doc>
<status status="NOT RUN" starttime="20230605 03:48:47.404" endtime="20230605 03:48:47.404"/>
</kw>
<status status="NOT RUN" starttime="20230605 03:48:47.403" endtime="20230605 03:48:47.404"/>
</branch>
<status status="PASS" starttime="20230605 03:48:47.403" endtime="20230605 03:48:47.404"/>
</if>
<kw name="Evaluate" library="BuiltIn">
<var>${both}</var>
<arg>${selected} &gt; 2</arg>
<doc>Evaluates the given expression in Python and returns the result.</doc>
<msg timestamp="20230605 03:48:47.404" level="INFO">${both} = False</msg>
<status status="PASS" starttime="20230605 03:48:47.404" endtime="20230605 03:48:47.404"/>
</kw>
<kw name="Exit For Loop If" library="BuiltIn">
<arg>${both}</arg>
<doc>Stops executing the enclosing FOR loop if the ``condition`` is true.</doc>
<status status="PASS" starttime="20230605 03:48:47.404" endtime="20230605 03:48:47.405"/>
</kw>
<status status="PASS" starttime="20230605 03:48:47.385" endtime="20230605 03:48:47.405"/>
</iter>
<iter>
<var name="${e}">element=37386f0e-9697-4681-966b-2c2bdcde2164</var>
<kw name="Get Element States" library="Browser">
<var>${visibility}</var>
<arg>${e}</arg>
<arg>then</arg>
<arg>value &amp; (visible | hidden)</arg>
<tag>Assertion</tag>
<tag>Getter</tag>
<tag>PageContent</tag>
<doc>Get the active states from the element found by ``selector``.</doc>
<msg timestamp="20230605 03:48:47.424" level="INFO">States are: ['hidden']</msg>
<msg timestamp="20230605 03:48:47.424" level="INFO">${visibility} = ['hidden']</msg>
<status status="PASS" starttime="20230605 03:48:47.405" endtime="20230605 03:48:47.424"/>
</kw>
<if>
<branch type="IF" condition="${visibility} == 'visible'">
<kw name="Click" library="Browser">
<arg>${e}</arg>
<tag>PageContent</tag>
<tag>Setter</tag>
<doc>Simulates mouse click on the element found by ``selector``.</doc>
<status status="NOT RUN" starttime="20230605 03:48:47.425" endtime="20230605 03:48:47.425"/>
</kw>
<kw name="Set Variable" library="BuiltIn">
<var>${selected}</var>
<arg>${selected} + 1</arg>
<doc>Returns the given values which can then be assigned to a variables.</doc>
<status status="NOT RUN" starttime="20230605 03:48:47.425" endtime="20230605 03:48:47.425"/>
</kw>
<status status="NOT RUN" starttime="20230605 03:48:47.424" endtime="20230605 03:48:47.425"/>
</branch>
<status status="PASS" starttime="20230605 03:48:47.424" endtime="20230605 03:48:47.425"/>
</if>
<kw name="Evaluate" library="BuiltIn">
<var>${both}</var>
<arg>${selected} &gt; 2</arg>
<doc>Evaluates the given expression in Python and returns the result.</doc>
<msg timestamp="20230605 03:48:47.426" level="INFO">${both} = False</msg>
<status status="PASS" starttime="20230605 03:48:47.425" endtime="20230605 03:48:47.426"/>
</kw>
<kw name="Exit For Loop If" library="BuiltIn">
<arg>${both}</arg>
<doc>Stops executing the enclosing FOR loop if the ``condition`` is true.</doc>
<status status="PASS" starttime="20230605 03:48:47.426" endtime="20230605 03:48:47.426"/>
</kw>
<status status="PASS" starttime="20230605 03:48:47.405" endtime="20230605 03:48:47.426"/>
</iter>
<iter>
<var name="${e}">element=958af4bc-69c7-4db4-aad7-065b3619ab1c</var>
<kw name="Get Element States" library="Browser">
<var>${visibility}</var>
<arg>${e}</arg>
<arg>then</arg>
<arg>value &amp; (visible | hidden)</arg>
<tag>Assertion</tag>
<tag>Getter</tag>
<tag>PageContent</tag>
<doc>Get the active states from the element found by ``selector``.</doc>
<msg timestamp="20230605 03:48:47.449" level="INFO">States are: ['hidden']</msg>
<msg timestamp="20230605 03:48:47.449" level="INFO">${visibility} = ['hidden']</msg>
<status status="PASS" starttime="20230605 03:48:47.426" endtime="20230605 03:48:47.449"/>
</kw>
<if>
<branch type="IF" condition="${visibility} == 'visible'">
<kw name="Click" library="Browser">
<arg>${e}</arg>
<tag>PageContent</tag>
<tag>Setter</tag>
<doc>Simulates mouse click on the element found by ``selector``.</doc>
<status status="NOT RUN" starttime="20230605 03:48:47.450" endtime="20230605 03:48:47.450"/>
</kw>
<kw name="Set Variable" library="BuiltIn">
<var>${selected}</var>
<arg>${selected} + 1</arg>
<doc>Returns the given values which can then be assigned to a variables.</doc>
<status status="NOT RUN" starttime="20230605 03:48:47.450" endtime="20230605 03:48:47.450"/>
</kw>
<status status="NOT RUN" starttime="20230605 03:48:47.449" endtime="20230605 03:48:47.450"/>
</branch>
<status status="PASS" starttime="20230605 03:48:47.449" endtime="20230605 03:48:47.450"/>
</if>
<kw name="Evaluate" library="BuiltIn">
<var>${both}</var>
<arg>${selected} &gt; 2</arg>
<doc>Evaluates the given expression in Python and returns the result.</doc>
<msg timestamp="20230605 03:48:47.451" level="INFO">${both} = False</msg>
<status status="PASS" starttime="20230605 03:48:47.450" endtime="20230605 03:48:47.451"/>
</kw>
<kw name="Exit For Loop If" library="BuiltIn">
<arg>${both}</arg>
<doc>Stops executing the enclosing FOR loop if the ``condition`` is true.</doc>
<status status="PASS" starttime="20230605 03:48:47.451" endtime="20230605 03:48:47.451"/>
</kw>
<status status="PASS" starttime="20230605 03:48:47.426" endtime="20230605 03:48:47.451"/>
</iter>
<iter>
<var name="${e}">element=ed9009a7-209b-40a1-a376-c72417412f30</var>
<kw name="Get Element States" library="Browser">
<var>${visibility}</var>
<arg>${e}</arg>
<arg>then</arg>
<arg>value &amp; (visible | hidden)</arg>
<tag>Assertion</tag>
<tag>Getter</tag>
<tag>PageContent</tag>
<doc>Get the active states from the element found by ``selector``.</doc>
<msg timestamp="20230605 03:48:47.476" level="INFO">States are: ['hidden']</msg>
<msg timestamp="20230605 03:48:47.476" level="INFO">${visibility} = ['hidden']</msg>
<status status="PASS" starttime="20230605 03:48:47.452" endtime="20230605 03:48:47.476"/>
</kw>
<if>
<branch type="IF" condition="${visibility} == 'visible'">
<kw name="Click" library="Browser">
<arg>${e}</arg>
<tag>PageContent</tag>
<tag>Setter</tag>
<doc>Simulates mouse click on the element found by ``selector``.</doc>
<status status="NOT RUN" starttime="20230605 03:48:47.477" endtime="20230605 03:48:47.477"/>
</kw>
<kw name="Set Variable" library="BuiltIn">
<var>${selected}</var>
<arg>${selected} + 1</arg>
<doc>Returns the given values which can then be assigned to a variables.</doc>
<status status="NOT RUN" starttime="20230605 03:48:47.477" endtime="20230605 03:48:47.477"/>
</kw>
<status status="NOT RUN" starttime="20230605 03:48:47.477" endtime="20230605 03:48:47.477"/>
</branch>
<status status="PASS" starttime="20230605 03:48:47.476" endtime="20230605 03:48:47.477"/>
</if>
<kw name="Evaluate" library="BuiltIn">
<var>${both}</var>
<arg>${selected} &gt; 2</arg>
<doc>Evaluates the given expression in Python and returns the result.</doc>
<msg timestamp="20230605 03:48:47.478" level="INFO">${both} = False</msg>
<status status="PASS" starttime="20230605 03:48:47.478" endtime="20230605 03:48:47.478"/>
</kw>
<kw name="Exit For Loop If" library="BuiltIn">
<arg>${both}</arg>
<doc>Stops executing the enclosing FOR loop if the ``condition`` is true.</doc>
<status status="PASS" starttime="20230605 03:48:47.478" endtime="20230605 03:48:47.478"/>
</kw>
<status status="PASS" starttime="20230605 03:48:47.451" endtime="20230605 03:48:47.478"/>
</iter>
<iter>
<var name="${e}">element=7eec35e6-9984-4641-9eb1-4fdab2c4d383</var>
<kw name="Get Element States" library="Browser">
<var>${visibility}</var>
<arg>${e}</arg>
<arg>then</arg>
<arg>value &amp; (visible | hidden)</arg>
<tag>Assertion</tag>
<tag>Getter</tag>
<tag>PageContent</tag>
<doc>Get the active states from the element found by ``selector``.</doc>
<msg timestamp="20230605 03:48:47.498" level="INFO">States are: ['hidden']</msg>
<msg timestamp="20230605 03:48:47.499" level="INFO">${visibility} = ['hidden']</msg>
<status status="PASS" starttime="20230605 03:48:47.479" endtime="20230605 03:48:47.499"/>
</kw>
<if>
<branch type="IF" condition="${visibility} == 'visible'">
<kw name="Click" library="Browser">
<arg>${e}</arg>
<tag>PageContent</tag>
<tag>Setter</tag>
<doc>Simulates mouse click on the element found by ``selector``.</doc>
<status status="NOT RUN" starttime="20230605 03:48:47.499" endtime="20230605 03:48:47.499"/>
</kw>
<kw name="Set Variable" library="BuiltIn">
<var>${selected}</var>
<arg>${selected} + 1</arg>
<doc>Returns the given values which can then be assigned to a variables.</doc>
<status status="NOT RUN" starttime="20230605 03:48:47.499" endtime="20230605 03:48:47.500"/>
</kw>
<status status="NOT RUN" starttime="20230605 03:48:47.499" endtime="20230605 03:48:47.500"/>
</branch>
<status status="PASS" starttime="20230605 03:48:47.499" endtime="20230605 03:48:47.500"/>
</if>
<kw name="Evaluate" library="BuiltIn">
<var>${both}</var>
<arg>${selected} &gt; 2</arg>
<doc>Evaluates the given expression in Python and returns the result.</doc>
<msg timestamp="20230605 03:48:47.500" level="INFO">${both} = False</msg>
<status status="PASS" starttime="20230605 03:48:47.500" endtime="20230605 03:48:47.500"/>
</kw>
<kw name="Exit For Loop If" library="BuiltIn">
<arg>${both}</arg>
<doc>Stops executing the enclosing FOR loop if the ``condition`` is true.</doc>
<status status="PASS" starttime="20230605 03:48:47.500" endtime="20230605 03:48:47.501"/>
</kw>
<status status="PASS" starttime="20230605 03:48:47.479" endtime="20230605 03:48:47.501"/>
</iter>
<iter>
<var name="${e}">element=bdaaaab3-1160-46a0-8741-fcae2c250bd6</var>
<kw name="Get Element States" library="Browser">
<var>${visibility}</var>
<arg>${e}</arg>
<arg>then</arg>
<arg>value &amp; (visible | hidden)</arg>
<tag>Assertion</tag>
<tag>Getter</tag>
<tag>PageContent</tag>
<doc>Get the active states from the element found by ``selector``.</doc>
<msg timestamp="20230605 03:48:47.526" level="INFO">States are: ['hidden']</msg>
<msg timestamp="20230605 03:48:47.527" level="INFO">${visibility} = ['hidden']</msg>
<status status="PASS" starttime="20230605 03:48:47.501" endtime="20230605 03:48:47.527"/>
</kw>
<if>
<branch type="IF" condition="${visibility} == 'visible'">
<kw name="Click" library="Browser">
<arg>${e}</arg>
<tag>PageContent</tag>
<tag>Setter</tag>
<doc>Simulates mouse click on the element found by ``selector``.</doc>
<status status="NOT RUN" starttime="20230605 03:48:47.527" endtime="20230605 03:48:47.527"/>
</kw>
<kw name="Set Variable" library="BuiltIn">
<var>${selected}</var>
<arg>${selected} + 1</arg>
<doc>Returns the given values which can then be assigned to a variables.</doc>
<status status="NOT RUN" starttime="20230605 03:48:47.528" endtime="20230605 03:48:47.528"/>
</kw>
<status status="NOT RUN" starttime="20230605 03:48:47.527" endtime="20230605 03:48:47.528"/>
</branch>
<status status="PASS" starttime="20230605 03:48:47.527" endtime="20230605 03:48:47.528"/>
</if>
<kw name="Evaluate" library="BuiltIn">
<var>${both}</var>
<arg>${selected} &gt; 2</arg>
<doc>Evaluates the given expression in Python and returns the result.</doc>
<msg timestamp="20230605 03:48:47.528" level="INFO">${both} = False</msg>
<status status="PASS" starttime="20230605 03:48:47.528" endtime="20230605 03:48:47.528"/>
</kw>
<kw name="Exit For Loop If" library="BuiltIn">
<arg>${both}</arg>
<doc>Stops executing the enclosing FOR loop if the ``condition`` is true.</doc>
<status status="PASS" starttime="20230605 03:48:47.529" endtime="20230605 03:48:47.529"/>
</kw>
<status status="PASS" starttime="20230605 03:48:47.501" endtime="20230605 03:48:47.529"/>
</iter>
<iter>
<var name="${e}">element=fa1cdd09-d879-43ee-8b13-76f866b2719a</var>
<kw name="Get Element States" library="Browser">
<var>${visibility}</var>
<arg>${e}</arg>
<arg>then</arg>
<arg>value &amp; (visible | hidden)</arg>
<tag>Assertion</tag>
<tag>Getter</tag>
<tag>PageContent</tag>
<doc>Get the active states from the element found by ``selector``.</doc>
<msg timestamp="20230605 03:48:47.568" level="INFO">States are: ['hidden']</msg>
<msg timestamp="20230605 03:48:47.568" level="INFO">${visibility} = ['hidden']</msg>
<status status="PASS" starttime="20230605 03:48:47.529" endtime="20230605 03:48:47.568"/>
</kw>
<if>
<branch type="IF" condition="${visibility} == 'visible'">
<kw name="Click" library="Browser">
<arg>${e}</arg>
<tag>PageContent</tag>
<tag>Setter</tag>
<doc>Simulates mouse click on the element found by ``selector``.</doc>
<status status="NOT RUN" starttime="20230605 03:48:47.569" endtime="20230605 03:48:47.569"/>
</kw>
<kw name="Set Variable" library="BuiltIn">
<var>${selected}</var>
<arg>${selected} + 1</arg>
<doc>Returns the given values which can then be assigned to a variables.</doc>
<status status="NOT RUN" starttime="20230605 03:48:47.569" endtime="20230605 03:48:47.569"/>
</kw>
<status status="NOT RUN" starttime="20230605 03:48:47.568" endtime="20230605 03:48:47.569"/>
</branch>
<status status="PASS" starttime="20230605 03:48:47.568" endtime="20230605 03:48:47.569"/>
</if>
<kw name="Evaluate" library="BuiltIn">
<var>${both}</var>
<arg>${selected} &gt; 2</arg>
<doc>Evaluates the given expression in Python and returns the result.</doc>
<msg timestamp="20230605 03:48:47.570" level="INFO">${both} = False</msg>
<status status="PASS" starttime="20230605 03:48:47.569" endtime="20230605 03:48:47.570"/>
</kw>
<kw name="Exit For Loop If" library="BuiltIn">
<arg>${both}</arg>
<doc>Stops executing the enclosing FOR loop if the ``condition`` is true.</doc>
<status status="PASS" starttime="20230605 03:48:47.570" endtime="20230605 03:48:47.570"/>
</kw>
<status status="PASS" starttime="20230605 03:48:47.529" endtime="20230605 03:48:47.570"/>
</iter>
<iter>
<var name="${e}">element=2b83fafb-dadc-4f2d-9400-d42f81e4fafd</var>
<kw name="Get Element States" library="Browser">
<var>${visibility}</var>
<arg>${e}</arg>
<arg>then</arg>
<arg>value &amp; (visible | hidden)</arg>
<tag>Assertion</tag>
<tag>Getter</tag>
<tag>PageContent</tag>
<doc>Get the active states from the element found by ``selector``.</doc>
<msg timestamp="20230605 03:48:47.592" level="INFO">States are: ['hidden']</msg>
<msg timestamp="20230605 03:48:47.593" level="INFO">${visibility} = ['hidden']</msg>
<status status="PASS" starttime="20230605 03:48:47.571" endtime="20230605 03:48:47.593"/>
</kw>
<if>
<branch type="IF" condition="${visibility} == 'visible'">
<kw name="Click" library="Browser">
<arg>${e}</arg>
<tag>PageContent</tag>
<tag>Setter</tag>
<doc>Simulates mouse click on the element found by ``selector``.</doc>
<status status="NOT RUN" starttime="20230605 03:48:47.593" endtime="20230605 03:48:47.593"/>
</kw>
<kw name="Set Variable" library="BuiltIn">
<var>${selected}</var>
<arg>${selected} + 1</arg>
<doc>Returns the given values which can then be assigned to a variables.</doc>
<status status="NOT RUN" starttime="20230605 03:48:47.594" endtime="20230605 03:48:47.594"/>
</kw>
<status status="NOT RUN" starttime="20230605 03:48:47.593" endtime="20230605 03:48:47.594"/>
</branch>
<status status="PASS" starttime="20230605 03:48:47.593" endtime="20230605 03:48:47.594"/>
</if>
<kw name="Evaluate" library="BuiltIn">
<var>${both}</var>
<arg>${selected} &gt; 2</arg>
<doc>Evaluates the given expression in Python and returns the result.</doc>
<msg timestamp="20230605 03:48:47.594" level="INFO">${both} = False</msg>
<status status="PASS" starttime="20230605 03:48:47.594" endtime="20230605 03:48:47.594"/>
</kw>
<kw name="Exit For Loop If" library="BuiltIn">
<arg>${both}</arg>
<doc>Stops executing the enclosing FOR loop if the ``condition`` is true.</doc>
<status status="PASS" starttime="20230605 03:48:47.595" endtime="20230605 03:48:47.595"/>
</kw>
<status status="PASS" starttime="20230605 03:48:47.570" endtime="20230605 03:48:47.595"/>
</iter>
<iter>
<var name="${e}">element=a3b60efa-4d42-440d-9b4d-91b610a0d510</var>
<kw name="Get Element States" library="Browser">
<var>${visibility}</var>
<arg>${e}</arg>
<arg>then</arg>
<arg>value &amp; (visible | hidden)</arg>
<tag>Assertion</tag>
<tag>Getter</tag>
<tag>PageContent</tag>
<doc>Get the active states from the element found by ``selector``.</doc>
<msg timestamp="20230605 03:48:47.613" level="INFO">States are: ['hidden']</msg>
<msg timestamp="20230605 03:48:47.613" level="INFO">${visibility} = ['hidden']</msg>
<status status="PASS" starttime="20230605 03:48:47.595" endtime="20230605 03:48:47.613"/>
</kw>
<if>
<branch type="IF" condition="${visibility} == 'visible'">
<kw name="Click" library="Browser">
<arg>${e}</arg>
<tag>PageContent</tag>
<tag>Setter</tag>
<doc>Simulates mouse click on the element found by ``selector``.</doc>
<status status="NOT RUN" starttime="20230605 03:48:47.614" endtime="20230605 03:48:47.614"/>
</kw>
<kw name="Set Variable" library="BuiltIn">
<var>${selected}</var>
<arg>${selected} + 1</arg>
<doc>Returns the given values which can then be assigned to a variables.</doc>
<status status="NOT RUN" starttime="20230605 03:48:47.614" endtime="20230605 03:48:47.614"/>
</kw>
<status status="NOT RUN" starttime="20230605 03:48:47.614" endtime="20230605 03:48:47.614"/>
</branch>
<status status="PASS" starttime="20230605 03:48:47.613" endtime="20230605 03:48:47.614"/>
</if>
<kw name="Evaluate" library="BuiltIn">
<var>${both}</var>
<arg>${selected} &gt; 2</arg>
<doc>Evaluates the given expression in Python and returns the result.</doc>
<msg timestamp="20230605 03:48:47.615" level="INFO">${both} = False</msg>
<status status="PASS" starttime="20230605 03:48:47.615" endtime="20230605 03:48:47.615"/>
</kw>
<kw name="Exit For Loop If" library="BuiltIn">
<arg>${both}</arg>
<doc>Stops executing the enclosing FOR loop if the ``condition`` is true.</doc>
<status status="PASS" starttime="20230605 03:48:47.615" endtime="20230605 03:48:47.615"/>
</kw>
<status status="PASS" starttime="20230605 03:48:47.595" endtime="20230605 03:48:47.615"/>
</iter>
<iter>
<var name="${e}">element=75d826e0-00e5-4ef1-866b-cd097e74c297</var>
<kw name="Get Element States" library="Browser">
<var>${visibility}</var>
<arg>${e}</arg>
<arg>then</arg>
<arg>value &amp; (visible | hidden)</arg>
<tag>Assertion</tag>
<tag>Getter</tag>
<tag>PageContent</tag>
<doc>Get the active states from the element found by ``selector``.</doc>
<msg timestamp="20230605 03:48:47.635" level="INFO">States are: ['hidden']</msg>
<msg timestamp="20230605 03:48:47.635" level="INFO">${visibility} = ['hidden']</msg>
<status status="PASS" starttime="20230605 03:48:47.616" endtime="20230605 03:48:47.635"/>
</kw>
<if>
<branch type="IF" condition="${visibility} == 'visible'">
<kw name="Click" library="Browser">
<arg>${e}</arg>
<tag>PageContent</tag>
<tag>Setter</tag>
<doc>Simulates mouse click on the element found by ``selector``.</doc>
<status status="NOT RUN" starttime="20230605 03:48:47.636" endtime="20230605 03:48:47.636"/>
</kw>
<kw name="Set Variable" library="BuiltIn">
<var>${selected}</var>
<arg>${selected} + 1</arg>
<doc>Returns the given values which can then be assigned to a variables.</doc>
<status status="NOT RUN" starttime="20230605 03:48:47.636" endtime="20230605 03:48:47.636"/>
</kw>
<status status="NOT RUN" starttime="20230605 03:48:47.635" endtime="20230605 03:48:47.636"/>
</branch>
<status status="PASS" starttime="20230605 03:48:47.635" endtime="20230605 03:48:47.636"/>
</if>
<kw name="Evaluate" library="BuiltIn">
<var>${both}</var>
<arg>${selected} &gt; 2</arg>
<doc>Evaluates the given expression in Python and returns the result.</doc>
<msg timestamp="20230605 03:48:47.637" level="INFO">${both} = False</msg>
<status status="PASS" starttime="20230605 03:48:47.636" endtime="20230605 03:48:47.637"/>
</kw>
<kw name="Exit For Loop If" library="BuiltIn">
<arg>${both}</arg>
<doc>Stops executing the enclosing FOR loop if the ``condition`` is true.</doc>
<status status="PASS" starttime="20230605 03:48:47.637" endtime="20230605 03:48:47.637"/>
</kw>
<status status="PASS" starttime="20230605 03:48:47.615" endtime="20230605 03:48:47.637"/>
</iter>
<iter>
<var name="${e}">element=4d08c7f9-f352-4637-8bb8-bed7d0749a0f</var>
<kw name="Get Element States" library="Browser">
<var>${visibility}</var>
<arg>${e}</arg>
<arg>then</arg>
<arg>value &amp; (visible | hidden)</arg>
<tag>Assertion</tag>
<tag>Getter</tag>
<tag>PageContent</tag>
<doc>Get the active states from the element found by ``selector``.</doc>
<msg timestamp="20230605 03:48:47.660" level="INFO">States are: ['hidden']</msg>
<msg timestamp="20230605 03:48:47.661" level="INFO">${visibility} = ['hidden']</msg>
<status status="PASS" starttime="20230605 03:48:47.637" endtime="20230605 03:48:47.661"/>
</kw>
<if>
<branch type="IF" condition="${visibility} == 'visible'">
<kw name="Click" library="Browser">
<arg>${e}</arg>
<tag>PageContent</tag>
<tag>Setter</tag>
<doc>Simulates mouse click on the element found by ``selector``.</doc>
<status status="NOT RUN" starttime="20230605 03:48:47.661" endtime="20230605 03:48:47.661"/>
</kw>
<kw name="Set Variable" library="BuiltIn">
<var>${selected}</var>
<arg>${selected} + 1</arg>
<doc>Returns the given values which can then be assigned to a variables.</doc>
<status status="NOT RUN" starttime="20230605 03:48:47.662" endtime="20230605 03:48:47.662"/>
</kw>
<status status="NOT RUN" starttime="20230605 03:48:47.661" endtime="20230605 03:48:47.662"/>
</branch>
<status status="PASS" starttime="20230605 03:48:47.661" endtime="20230605 03:48:47.662"/>
</if>
<kw name="Evaluate" library="BuiltIn">
<var>${both}</var>
<arg>${selected} &gt; 2</arg>
<doc>Evaluates the given expression in Python and returns the result.</doc>
<msg timestamp="20230605 03:48:47.662" level="INFO">${both} = False</msg>
<status status="PASS" starttime="20230605 03:48:47.662" endtime="20230605 03:48:47.662"/>
</kw>
<kw name="Exit For Loop If" library="BuiltIn">
<arg>${both}</arg>
<doc>Stops executing the enclosing FOR loop if the ``condition`` is true.</doc>
<status status="PASS" starttime="20230605 03:48:47.662" endtime="20230605 03:48:47.663"/>
</kw>
<status status="PASS" starttime="20230605 03:48:47.637" endtime="20230605 03:48:47.663"/>
</iter>
<iter>
<var name="${e}">element=8c20bd1f-445c-4d08-843b-d9ddb0bb6d27</var>
<kw name="Get Element States" library="Browser">
<var>${visibility}</var>
<arg>${e}</arg>
<arg>then</arg>
<arg>value &amp; (visible | hidden)</arg>
<tag>Assertion</tag>
<tag>Getter</tag>
<tag>PageContent</tag>
<doc>Get the active states from the element found by ``selector``.</doc>
<msg timestamp="20230605 03:48:47.681" level="INFO">States are: ['hidden']</msg>
<msg timestamp="20230605 03:48:47.681" level="INFO">${visibility} = ['hidden']</msg>
<status status="PASS" starttime="20230605 03:48:47.663" endtime="20230605 03:48:47.681"/>
</kw>
<if>
<branch type="IF" condition="${visibility} == 'visible'">
<kw name="Click" library="Browser">
<arg>${e}</arg>
<tag>PageContent</tag>
<tag>Setter</tag>
<doc>Simulates mouse click on the element found by ``selector``.</doc>
<status status="NOT RUN" starttime="20230605 03:48:47.682" endtime="20230605 03:48:47.682"/>
</kw>
<kw name="Set Variable" library="BuiltIn">
<var>${selected}</var>
<arg>${selected} + 1</arg>
<doc>Returns the given values which can then be assigned to a variables.</doc>
<status status="NOT RUN" starttime="20230605 03:48:47.682" endtime="20230605 03:48:47.682"/>
</kw>
<status status="NOT RUN" starttime="20230605 03:48:47.681" endtime="20230605 03:48:47.682"/>
</branch>
<status status="PASS" starttime="20230605 03:48:47.681" endtime="20230605 03:48:47.682"/>
</if>
<kw name="Evaluate" library="BuiltIn">
<var>${both}</var>
<arg>${selected} &gt; 2</arg>
<doc>Evaluates the given expression in Python and returns the result.</doc>
<msg timestamp="20230605 03:48:47.683" level="INFO">${both} = False</msg>
<status status="PASS" starttime="20230605 03:48:47.682" endtime="20230605 03:48:47.683"/>
</kw>
<kw name="Exit For Loop If" library="BuiltIn">
<arg>${both}</arg>
<doc>Stops executing the enclosing FOR loop if the ``condition`` is true.</doc>
<status status="PASS" starttime="20230605 03:48:47.683" endtime="20230605 03:48:47.683"/>
</kw>
<status status="PASS" starttime="20230605 03:48:47.663" endtime="20230605 03:48:47.683"/>
</iter>
<iter>
<var name="${e}">element=595c8b1c-1941-48b7-b995-652ade92fc0f</var>
<kw name="Get Element States" library="Browser">
<var>${visibility}</var>
<arg>${e}</arg>
<arg>then</arg>
<arg>value &amp; (visible | hidden)</arg>
<tag>Assertion</tag>
<tag>Getter</tag>
<tag>PageContent</tag>
<doc>Get the active states from the element found by ``selector``.</doc>
<msg timestamp="20230605 03:48:47.701" level="INFO">States are: ['hidden']</msg>
<msg timestamp="20230605 03:48:47.701" level="INFO">${visibility} = ['hidden']</msg>
<status status="PASS" starttime="20230605 03:48:47.683" endtime="20230605 03:48:47.701"/>
</kw>
<if>
<branch type="IF" condition="${visibility} == 'visible'">
<kw name="Click" library="Browser">
<arg>${e}</arg>
<tag>PageContent</tag>
<tag>Setter</tag>
<doc>Simulates mouse click on the element found by ``selector``.</doc>
<status status="NOT RUN" starttime="20230605 03:48:47.702" endtime="20230605 03:48:47.702"/>
</kw>
<kw name="Set Variable" library="BuiltIn">
<var>${selected}</var>
<arg>${selected} + 1</arg>
<doc>Returns the given values which can then be assigned to a variables.</doc>
<status status="NOT RUN" starttime="20230605 03:48:47.702" endtime="20230605 03:48:47.702"/>
</kw>
<status status="NOT RUN" starttime="20230605 03:48:47.701" endtime="20230605 03:48:47.702"/>
</branch>
<status status="PASS" starttime="20230605 03:48:47.701" endtime="20230605 03:48:47.702"/>
</if>
<kw name="Evaluate" library="BuiltIn">
<var>${both}</var>
<arg>${selected} &gt; 2</arg>
<doc>Evaluates the given expression in Python and returns the result.</doc>
<msg timestamp="20230605 03:48:47.703" level="INFO">${both} = False</msg>
<status status="PASS" starttime="20230605 03:48:47.702" endtime="20230605 03:48:47.703"/>
</kw>
<kw name="Exit For Loop If" library="BuiltIn">
<arg>${both}</arg>
<doc>Stops executing the enclosing FOR loop if the ``condition`` is true.</doc>
<status status="PASS" starttime="20230605 03:48:47.703" endtime="20230605 03:48:47.703"/>
</kw>
<status status="PASS" starttime="20230605 03:48:47.683" endtime="20230605 03:48:47.703"/>
</iter>
<iter>
<var name="${e}">element=2a9f8bc2-35a2-4a9c-b73b-8dfa2e0d6e23</var>
<kw name="Get Element States" library="Browser">
<var>${visibility}</var>
<arg>${e}</arg>
<arg>then</arg>
<arg>value &amp; (visible | hidden)</arg>
<tag>Assertion</tag>
<tag>Getter</tag>
<tag>PageContent</tag>
<doc>Get the active states from the element found by ``selector``.</doc>
<msg timestamp="20230605 03:48:47.750" level="INFO">States are: ['hidden']</msg>
<msg timestamp="20230605 03:48:47.750" level="INFO">${visibility} = ['hidden']</msg>
<status status="PASS" starttime="20230605 03:48:47.704" endtime="20230605 03:48:47.750"/>
</kw>
<if>
<branch type="IF" condition="${visibility} == 'visible'">
<kw name="Click" library="Browser">
<arg>${e}</arg>
<tag>PageContent</tag>
<tag>Setter</tag>
<doc>Simulates mouse click on the element found by ``selector``.</doc>
<status status="NOT RUN" starttime="20230605 03:48:47.751" endtime="20230605 03:48:47.751"/>
</kw>
<kw name="Set Variable" library="BuiltIn">
<var>${selected}</var>
<arg>${selected} + 1</arg>
<doc>Returns the given values which can then be assigned to a variables.</doc>
<status status="NOT RUN" starttime="20230605 03:48:47.751" endtime="20230605 03:48:47.751"/>
</kw>
<status status="NOT RUN" starttime="20230605 03:48:47.750" endtime="20230605 03:48:47.751"/>
</branch>
<status status="PASS" starttime="20230605 03:48:47.750" endtime="20230605 03:48:47.751"/>
</if>
<kw name="Evaluate" library="BuiltIn">
<var>${both}</var>
<arg>${selected} &gt; 2</arg>
<doc>Evaluates the given expression in Python and returns the result.</doc>
<msg timestamp="20230605 03:48:47.752" level="INFO">${both} = False</msg>
<status status="PASS" starttime="20230605 03:48:47.751" endtime="20230605 03:48:47.752"/>
</kw>
<kw name="Exit For Loop If" library="BuiltIn">
<arg>${both}</arg>
<doc>Stops executing the enclosing FOR loop if the ``condition`` is true.</doc>
<status status="PASS" starttime="20230605 03:48:47.752" endtime="20230605 03:48:47.752"/>
</kw>
<status status="PASS" starttime="20230605 03:48:47.703" endtime="20230605 03:48:47.752"/>
</iter>
<iter>
<var name="${e}">element=3bd9d263-495d-4d28-af78-257f451b2d6d</var>
<kw name="Get Element States" library="Browser">
<var>${visibility}</var>
<arg>${e}</arg>
<arg>then</arg>
<arg>value &amp; (visible | hidden)</arg>
<tag>Assertion</tag>
<tag>Getter</tag>
<tag>PageContent</tag>
<doc>Get the active states from the element found by ``selector``.</doc>
<msg timestamp="20230605 03:48:47.775" level="INFO">States are: ['hidden']</msg>
<msg timestamp="20230605 03:48:47.775" level="INFO">${visibility} = ['hidden']</msg>
<status status="PASS" starttime="20230605 03:48:47.753" endtime="20230605 03:48:47.775"/>
</kw>
<if>
<branch type="IF" condition="${visibility} == 'visible'">
<kw name="Click" library="Browser">
<arg>${e}</arg>
<tag>PageContent</tag>
<tag>Setter</tag>
<doc>Simulates mouse click on the element found by ``selector``.</doc>
<status status="NOT RUN" starttime="20230605 03:48:47.775" endtime="20230605 03:48:47.775"/>
</kw>
<kw name="Set Variable" library="BuiltIn">
<var>${selected}</var>
<arg>${selected} + 1</arg>
<doc>Returns the given values which can then be assigned to a variables.</doc>
<status status="NOT RUN" starttime="20230605 03:48:47.776" endtime="20230605 03:48:47.776"/>
</kw>
<status status="NOT RUN" starttime="20230605 03:48:47.775" endtime="20230605 03:48:47.776"/>
</branch>
<status status="PASS" starttime="20230605 03:48:47.775" endtime="20230605 03:48:47.776"/>
</if>
<kw name="Evaluate" library="BuiltIn">
<var>${both}</var>
<arg>${selected} &gt; 2</arg>
<doc>Evaluates the given expression in Python and returns the result.</doc>
<msg timestamp="20230605 03:48:47.776" level="INFO">${both} = False</msg>
<status status="PASS" starttime="20230605 03:48:47.776" endtime="20230605 03:48:47.776"/>
</kw>
<kw name="Exit For Loop If" library="BuiltIn">
<arg>${both}</arg>
<doc>Stops executing the enclosing FOR loop if the ``condition`` is true.</doc>
<status status="PASS" starttime="20230605 03:48:47.777" endtime="20230605 03:48:47.777"/>
</kw>
<status status="PASS" starttime="20230605 03:48:47.752" endtime="20230605 03:48:47.777"/>
</iter>
<iter>
<var name="${e}">element=d82258f7-c8ad-4dce-93e6-e78fdde05942</var>
<kw name="Get Element States" library="Browser">
<var>${visibility}</var>
<arg>${e}</arg>
<arg>then</arg>
<arg>value &amp; (visible | hidden)</arg>
<tag>Assertion</tag>
<tag>Getter</tag>
<tag>PageContent</tag>
<doc>Get the active states from the element found by ``selector``.</doc>
<msg timestamp="20230605 03:48:47.805" level="INFO">States are: ['hidden']</msg>
<msg timestamp="20230605 03:48:47.805" level="INFO">${visibility} = ['hidden']</msg>
<status status="PASS" starttime="20230605 03:48:47.777" endtime="20230605 03:48:47.805"/>
</kw>
<if>
<branch type="IF" condition="${visibility} == 'visible'">
<kw name="Click" library="Browser">
<arg>${e}</arg>
<tag>PageContent</tag>
<tag>Setter</tag>
<doc>Simulates mouse click on the element found by ``selector``.</doc>
<status status="NOT RUN" starttime="20230605 03:48:47.805" endtime="20230605 03:48:47.806"/>
</kw>
<kw name="Set Variable" library="BuiltIn">
<var>${selected}</var>
<arg>${selected} + 1</arg>
<doc>Returns the given values which can then be assigned to a variables.</doc>
<status status="NOT RUN" starttime="20230605 03:48:47.806" endtime="20230605 03:48:47.806"/>
</kw>
<status status="NOT RUN" starttime="20230605 03:48:47.805" endtime="20230605 03:48:47.806"/>
</branch>
<status status="PASS" starttime="20230605 03:48:47.805" endtime="20230605 03:48:47.806"/>
</if>
<kw name="Evaluate" library="BuiltIn">
<var>${both}</var>
<arg>${selected} &gt; 2</arg>
<doc>Evaluates the given expression in Python and returns the result.</doc>
<msg timestamp="20230605 03:48:47.806" level="INFO">${both} = False</msg>
<status status="PASS" starttime="20230605 03:48:47.806" endtime="20230605 03:48:47.806"/>
</kw>
<kw name="Exit For Loop If" library="BuiltIn">
<arg>${both}</arg>
<doc>Stops executing the enclosing FOR loop if the ``condition`` is true.</doc>
<status status="PASS" starttime="20230605 03:48:47.807" endtime="20230605 03:48:47.807"/>
</kw>
<status status="PASS" starttime="20230605 03:48:47.777" endtime="20230605 03:48:47.807"/>
</iter>
<iter>
<var name="${e}">element=3572b5aa-fe25-4319-897c-6125242a82d6</var>
<kw name="Get Element States" library="Browser">
<var>${visibility}</var>
<arg>${e}</arg>
<arg>then</arg>
<arg>value &amp; (visible | hidden)</arg>
<tag>Assertion</tag>
<tag>Getter</tag>
<tag>PageContent</tag>
<doc>Get the active states from the element found by ``selector``.</doc>
<msg timestamp="20230605 03:48:47.828" level="INFO">States are: ['visible']</msg>
<msg timestamp="20230605 03:48:47.828" level="INFO">${visibility} = ['visible']</msg>
<status status="PASS" starttime="20230605 03:48:47.807" endtime="20230605 03:48:47.828"/>
</kw>
<if>
<branch type="IF" condition="${visibility} == 'visible'">
<kw name="Click" library="Browser">
<arg>${e}</arg>
<tag>PageContent</tag>
<tag>Setter</tag>
<doc>Simulates mouse click on the element found by ``selector``.</doc>
<status status="NOT RUN" starttime="20230605 03:48:47.829" endtime="20230605 03:48:47.829"/>
</kw>
<kw name="Set Variable" library="BuiltIn">
<var>${selected}</var>
<arg>${selected} + 1</arg>
<doc>Returns the given values which can then be assigned to a variables.</doc>
<status status="NOT RUN" starttime="20230605 03:48:47.829" endtime="20230605 03:48:47.829"/>
</kw>
<status status="NOT RUN" starttime="20230605 03:48:47.829" endtime="20230605 03:48:47.829"/>
</branch>
<status status="PASS" starttime="20230605 03:48:47.828" endtime="20230605 03:48:47.829"/>
</if>
<kw name="Evaluate" library="BuiltIn">
<var>${both}</var>
<arg>${selected} &gt; 2</arg>
<doc>Evaluates the given expression in Python and returns the result.</doc>
<msg timestamp="20230605 03:48:47.830" level="INFO">${both} = False</msg>
<status status="PASS" starttime="20230605 03:48:47.829" endtime="20230605 03:48:47.830"/>
</kw>
<kw name="Exit For Loop If" library="BuiltIn">
<arg>${both}</arg>
<doc>Stops executing the enclosing FOR loop if the ``condition`` is true.</doc>
<status status="PASS" starttime="20230605 03:48:47.830" endtime="20230605 03:48:47.830"/>
</kw>
<status status="PASS" starttime="20230605 03:48:47.807" endtime="20230605 03:48:47.830"/>
</iter>
<iter>
<var name="${e}">element=24af7e4f-1487-4ebb-a54b-4d0e122e7ef1</var>
<kw name="Get Element States" library="Browser">
<var>${visibility}</var>
<arg>${e}</arg>
<arg>then</arg>
<arg>value &amp; (visible | hidden)</arg>
<tag>Assertion</tag>
<tag>Getter</tag>
<tag>PageContent</tag>
<doc>Get the active states from the element found by ``selector``.</doc>
<msg timestamp="20230605 03:48:47.848" level="INFO">States are: ['visible']</msg>
<msg timestamp="20230605 03:48:47.848" level="INFO">${visibility} = ['visible']</msg>
<status status="PASS" starttime="20230605 03:48:47.831" endtime="20230605 03:48:47.849"/>
</kw>
<if>
<branch type="IF" condition="${visibility} == 'visible'">
<kw name="Click" library="Browser">
<arg>${e}</arg>
<tag>PageContent</tag>
<tag>Setter</tag>
<doc>Simulates mouse click on the element found by ``selector``.</doc>
<status status="NOT RUN" starttime="20230605 03:48:47.849" endtime="20230605 03:48:47.849"/>
</kw>
<kw name="Set Variable" library="BuiltIn">
<var>${selected}</var>
<arg>${selected} + 1</arg>
<doc>Returns the given values which can then be assigned to a variables.</doc>
<status status="NOT RUN" starttime="20230605 03:48:47.849" endtime="20230605 03:48:47.849"/>
</kw>
<status status="NOT RUN" starttime="20230605 03:48:47.849" endtime="20230605 03:48:47.850"/>
</branch>
<status status="PASS" starttime="20230605 03:48:47.849" endtime="20230605 03:48:47.850"/>
</if>
<kw name="Evaluate" library="BuiltIn">
<var>${both}</var>
<arg>${selected} &gt; 2</arg>
<doc>Evaluates the given expression in Python and returns the result.</doc>
<msg timestamp="20230605 03:48:47.850" level="INFO">${both} = False</msg>
<status status="PASS" starttime="20230605 03:48:47.850" endtime="20230605 03:48:47.850"/>
</kw>
<kw name="Exit For Loop If" library="BuiltIn">
<arg>${both}</arg>
<doc>Stops executing the enclosing FOR loop if the ``condition`` is true.</doc>
<status status="PASS" starttime="20230605 03:48:47.850" endtime="20230605 03:48:47.851"/>
</kw>
<status status="PASS" starttime="20230605 03:48:47.830" endtime="20230605 03:48:47.851"/>
</iter>
<iter>
<var name="${e}">element=e0d5a558-9667-4d1c-a6db-c757b973d0a3</var>
<kw name="Get Element States" library="Browser">
<var>${visibility}</var>
<arg>${e}</arg>
<arg>then</arg>
<arg>value &amp; (visible | hidden)</arg>
<tag>Assertion</tag>
<tag>Getter</tag>
<tag>PageContent</tag>
<doc>Get the active states from the element found by ``selector``.</doc>
<msg timestamp="20230605 03:48:47.878" level="INFO">States are: ['visible']</msg>
<msg timestamp="20230605 03:48:47.878" level="INFO">${visibility} = ['visible']</msg>
<status status="PASS" starttime="20230605 03:48:47.851" endtime="20230605 03:48:47.878"/>
</kw>
<if>
<branch type="IF" condition="${visibility} == 'visible'">
<kw name="Click" library="Browser">
<arg>${e}</arg>
<tag>PageContent</tag>
<tag>Setter</tag>
<doc>Simulates mouse click on the element found by ``selector``.</doc>
<status status="NOT RUN" starttime="20230605 03:48:47.879" endtime="20230605 03:48:47.879"/>
</kw>
<kw name="Set Variable" library="BuiltIn">
<var>${selected}</var>
<arg>${selected} + 1</arg>
<doc>Returns the given values which can then be assigned to a variables.</doc>
<status status="NOT RUN" starttime="20230605 03:48:47.879" endtime="20230605 03:48:47.879"/>
</kw>
<status status="NOT RUN" starttime="20230605 03:48:47.879" endtime="20230605 03:48:47.879"/>
</branch>
<status status="PASS" starttime="20230605 03:48:47.878" endtime="20230605 03:48:47.879"/>
</if>
<kw name="Evaluate" library="BuiltIn">
<var>${both}</var>
<arg>${selected} &gt; 2</arg>
<doc>Evaluates the given expression in Python and returns the result.</doc>
<msg timestamp="20230605 03:48:47.880" level="INFO">${both} = False</msg>
<status status="PASS" starttime="20230605 03:48:47.880" endtime="20230605 03:48:47.880"/>
</kw>
<kw name="Exit For Loop If" library="BuiltIn">
<arg>${both}</arg>
<doc>Stops executing the enclosing FOR loop if the ``condition`` is true.</doc>
<status status="PASS" starttime="20230605 03:48:47.880" endtime="20230605 03:48:47.880"/>
</kw>
<status status="PASS" starttime="20230605 03:48:47.851" endtime="20230605 03:48:47.880"/>
</iter>
<iter>
<var name="${e}">element=2b05a91e-9f5f-4530-9dd0-66f114a3d9d6</var>
<kw name="Get Element States" library="Browser">
<var>${visibility}</var>
<arg>${e}</arg>
<arg>then</arg>
<arg>value &amp; (visible | hidden)</arg>
<tag>Assertion</tag>
<tag>Getter</tag>
<tag>PageContent</tag>
<doc>Get the active states from the element found by ``selector``.</doc>
<msg timestamp="20230605 03:48:47.904" level="INFO">States are: ['visible']</msg>
<msg timestamp="20230605 03:48:47.904" level="INFO">${visibility} = ['visible']</msg>
<status status="PASS" starttime="20230605 03:48:47.881" endtime="20230605 03:48:47.904"/>
</kw>
<if>
<branch type="IF" condition="${visibility} == 'visible'">
<kw name="Click" library="Browser">
<arg>${e}</arg>
<tag>PageContent</tag>
<tag>Setter</tag>
<doc>Simulates mouse click on the element found by ``selector``.</doc>
<status status="NOT RUN" starttime="20230605 03:48:47.905" endtime="20230605 03:48:47.905"/>
</kw>
<kw name="Set Variable" library="BuiltIn">
<var>${selected}</var>
<arg>${selected} + 1</arg>
<doc>Returns the given values which can then be assigned to a variables.</doc>
<status status="NOT RUN" starttime="20230605 03:48:47.905" endtime="20230605 03:48:47.905"/>
</kw>
<status status="NOT RUN" starttime="20230605 03:48:47.904" endtime="20230605 03:48:47.905"/>
</branch>
<status status="PASS" starttime="20230605 03:48:47.904" endtime="20230605 03:48:47.905"/>
</if>
<kw name="Evaluate" library="BuiltIn">
<var>${both}</var>
<arg>${selected} &gt; 2</arg>
<doc>Evaluates the given expression in Python and returns the result.</doc>
<msg timestamp="20230605 03:48:47.906" level="INFO">${both} = False</msg>
<status status="PASS" starttime="20230605 03:48:47.905" endtime="20230605 03:48:47.906"/>
</kw>
<kw name="Exit For Loop If" library="BuiltIn">
<arg>${both}</arg>
<doc>Stops executing the enclosing FOR loop if the ``condition`` is true.</doc>
<status status="PASS" starttime="20230605 03:48:47.906" endtime="20230605 03:48:47.906"/>
</kw>
<status status="PASS" starttime="20230605 03:48:47.881" endtime="20230605 03:48:47.906"/>
</iter>
<iter>
<var name="${e}">element=e278fe56-946e-4a91-a16a-c4cbbb06115d</var>
<kw name="Get Element States" library="Browser">
<var>${visibility}</var>
<arg>${e}</arg>
<arg>then</arg>
<arg>value &amp; (visible | hidden)</arg>
<tag>Assertion</tag>
<tag>Getter</tag>
<tag>PageContent</tag>
<doc>Get the active states from the element found by ``selector``.</doc>
<msg timestamp="20230605 03:48:47.926" level="INFO">States are: ['visible']</msg>
<msg timestamp="20230605 03:48:47.926" level="INFO">${visibility} = ['visible']</msg>
<status status="PASS" starttime="20230605 03:48:47.906" endtime="20230605 03:48:47.926"/>
</kw>
<if>
<branch type="IF" condition="${visibility} == 'visible'">
<kw name="Click" library="Browser">
<arg>${e}</arg>
<tag>PageContent</tag>
<tag>Setter</tag>
<doc>Simulates mouse click on the element found by ``selector``.</doc>
<status status="NOT RUN" starttime="20230605 03:48:47.927" endtime="20230605 03:48:47.927"/>
</kw>
<kw name="Set Variable" library="BuiltIn">
<var>${selected}</var>
<arg>${selected} + 1</arg>
<doc>Returns the given values which can then be assigned to a variables.</doc>
<status status="NOT RUN" starttime="20230605 03:48:47.927" endtime="20230605 03:48:47.927"/>
</kw>
<status status="NOT RUN" starttime="20230605 03:48:47.927" endtime="20230605 03:48:47.927"/>
</branch>
<status status="PASS" starttime="20230605 03:48:47.926" endtime="20230605 03:48:47.927"/>
</if>
<kw name="Evaluate" library="BuiltIn">
<var>${both}</var>
<arg>${selected} &gt; 2</arg>
<doc>Evaluates the given expression in Python and returns the result.</doc>
<msg timestamp="20230605 03:48:47.928" level="INFO">${both} = False</msg>
<status status="PASS" starttime="20230605 03:48:47.928" endtime="20230605 03:48:47.928"/>
</kw>
<kw name="Exit For Loop If" library="BuiltIn">
<arg>${both}</arg>
<doc>Stops executing the enclosing FOR loop if the ``condition`` is true.</doc>
<status status="PASS" starttime="20230605 03:48:47.928" endtime="20230605 03:48:47.928"/>
</kw>
<status status="PASS" starttime="20230605 03:48:47.906" endtime="20230605 03:48:47.928"/>
</iter>
<iter>
<var name="${e}">element=94f2281f-7183-4204-8df0-85e0ccfdba39</var>
<kw name="Get Element States" library="Browser">
<var>${visibility}</var>
<arg>${e}</arg>
<arg>then</arg>
<arg>value &amp; (visible | hidden)</arg>
<tag>Assertion</tag>
<tag>Getter</tag>
<tag>PageContent</tag>
<doc>Get the active states from the element found by ``selector``.</doc>
<msg timestamp="20230605 03:48:47.948" level="INFO">States are: ['visible']</msg>
<msg timestamp="20230605 03:48:47.948" level="INFO">${visibility} = ['visible']</msg>
<status status="PASS" starttime="20230605 03:48:47.929" endtime="20230605 03:48:47.948"/>
</kw>
<if>
[...]
</iter>
<iter>
<var name="${e}">element=b92dd818-20da-4cfa-a1ae-3508f17ade2e</var>
<kw name="Get Element States" library="Browser">
<var>${visibility}</var>
<arg>${e}</arg>
<arg>then</arg>
<arg>value &amp; (visible | hidden)</arg>
<tag>Assertion</tag>
<tag>Getter</tag>
<tag>PageContent</tag>
<doc>Get the active states from the element found by ``selector``.</doc>
<msg timestamp="20230605 03:49:40.177" level="INFO">States are: ['visible']</msg>
<msg timestamp="20230605 03:49:40.177" level="INFO">${visibility} = ['visible']</msg>
<status status="PASS" starttime="20230605 03:49:40.155" endtime="20230605 03:49:40.177"/>
</kw>
<if>
<branch type="IF" condition="${visibility} == 'visible'">
<kw name="Click" library="Browser">
<arg>${e}</arg>
<tag>PageContent</tag>
<tag>Setter</tag>
<doc>Simulates mouse click on the element found by ``selector``.</doc>
<status status="NOT RUN" starttime="20230605 03:49:40.178" endtime="20230605 03:49:40.178"/>
</kw>
<kw name="Set Variable" library="BuiltIn">
<var>${selected}</var>
<arg>${selected} + 1</arg>
<doc>Returns the given values which can then be assigned to a variables.</doc>
<status status="NOT RUN" starttime="20230605 03:49:40.178" endtime="20230605 03:49:40.178"/>
</kw>
<status status="NOT RUN" starttime="20230605 03:49:40.177" endtime="20230605 03:49:40.178"/>
</branch>
<status status="PASS" starttime="20230605 03:49:40.177" endtime="20230605 03:49:40.178"/>
</if>
<kw name="Evaluate" library="BuiltIn">
<var>${both}</var>
<arg>${selected} &gt; 2</arg>
<doc>Evaluates the given expression in Python and returns the result.</doc>
<msg timestamp="20230605 03:49:40.179" level="INFO">${both} = False</msg>
<status status="PASS" starttime="20230605 03:49:40.178" endtime="20230605 03:49:40.179"/>
</kw>
<kw name="Exit For Loop If" library="BuiltIn">
<arg>${both}</arg>
<doc>Stops executing the enclosing FOR loop if the ``condition`` is true.</doc>
<status status="PASS" starttime="20230605 03:49:40.179" endtime="20230605 03:49:40.179"/>
</kw>
<status status="PASS" starttime="20230605 03:49:40.155" endtime="20230605 03:49:40.179"/>
</iter>
<iter>
<var name="${e}">element=afffc643-941f-4767-b512-7cc256c288a3</var>
<kw name="Get Element States" library="Browser">
<var>${visibility}</var>
<arg>${e}</arg>
<arg>then</arg>
<arg>value &amp; (visible | hidden)</arg>
<tag>Assertion</tag>
<tag>Getter</tag>
<tag>PageContent</tag>
<doc>Get the active states from the element found by ``selector``.</doc>
<msg timestamp="20230605 03:49:40.196" level="INFO">States are: ['visible']</msg>
<msg timestamp="20230605 03:49:40.197" level="INFO">${visibility} = ['visible']</msg>
<status status="PASS" starttime="20230605 03:49:40.179" endtime="20230605 03:49:40.197"/>
</kw>
<if>
<branch type="IF" condition="${visibility} == 'visible'">
<kw name="Click" library="Browser">
<arg>${e}</arg>
<tag>PageContent</tag>
<tag>Setter</tag>
<doc>Simulates mouse click on the element found by ``selector``.</doc>
<status status="NOT RUN" starttime="20230605 03:49:40.197" endtime="20230605 03:49:40.197"/>
</kw>
<kw name="Set Variable" library="BuiltIn">
<var>${selected}</var>
<arg>${selected} + 1</arg>
<doc>Returns the given values which can then be assigned to a variables.</doc>
<status status="NOT RUN" starttime="20230605 03:49:40.197" endtime="20230605 03:49:40.198"/>
</kw>
<status status="NOT RUN" starttime="20230605 03:49:40.197" endtime="20230605 03:49:40.198"/>
</branch>
<status status="PASS" starttime="20230605 03:49:40.197" endtime="20230605 03:49:40.198"/>
</if>
<kw name="Evaluate" library="BuiltIn">
<var>${both}</var>
<arg>${selected} &gt; 2</arg>
<doc>Evaluates the given expression in Python and returns the result.</doc>
<msg timestamp="20230605 03:49:40.198" level="INFO">${both} = False</msg>
<status status="PASS" starttime="20230605 03:49:40.198" endtime="20230605 03:49:40.198"/>
</kw>
<kw name="Exit For Loop If" library="BuiltIn">
<arg>${both}</arg>
<doc>Stops executing the enclosing FOR loop if the ``condition`` is true.</doc>
<status status="PASS" starttime="20230605 03:49:40.198" endtime="20230605 03:49:40.199"/>
</kw>
<status status="PASS" starttime="20230605 03:49:40.179" endtime="20230605 03:49:40.199"/>
</iter>
<iter>
<var name="${e}">element=bf50330a-3e6e-4261-815e-988e0a2ac739</var>
<kw name="Get Element States" library="Browser">
<var>${visibility}</var>
<arg>${e}</arg>
<arg>then</arg>
<arg>value &amp; (visible | hidden)</arg>
<tag>Assertion</tag>
<tag>Getter</tag>
<tag>PageContent</tag>
<doc>Get the active states from the element found by ``selector``.</doc>
<msg timestamp="20230605 03:49:40.216" level="INFO">States are: ['visible']</msg>
<msg timestamp="20230605 03:49:40.216" level="INFO">${visibility} = ['visible']</msg>
<status status="PASS" starttime="20230605 03:49:40.199" endtime="20230605 03:49:40.216"/>
</kw>
<if>
<branch type="IF" condition="${visibility} == 'visible'">
<kw name="Click" library="Browser">
<arg>${e}</arg>
<tag>PageContent</tag>
<tag>Setter</tag>
<doc>Simulates mouse click on the element found by ``selector``.</doc>
<status status="NOT RUN" starttime="20230605 03:49:40.217" endtime="20230605 03:49:40.217"/>
</kw>
<kw name="Set Variable" library="BuiltIn">
<var>${selected}</var>
<arg>${selected} + 1</arg>
<doc>Returns the given values which can then be assigned to a variables.</doc>
<status status="NOT RUN" starttime="20230605 03:49:40.217" endtime="20230605 03:49:40.217"/>
</kw>
<status status="NOT RUN" starttime="20230605 03:49:40.216" endtime="20230605 03:49:40.217"/>
</branch>
<status status="PASS" starttime="20230605 03:49:40.216" endtime="20230605 03:49:40.217"/>
</if>
<kw name="Evaluate" library="BuiltIn">
<var>${both}</var>
<arg>${selected} &gt; 2</arg>
<doc>Evaluates the given expression in Python and returns the result.</doc>
<msg timestamp="20230605 03:49:40.218" level="INFO">${both} = False</msg>
<status status="PASS" starttime="20230605 03:49:40.217" endtime="20230605 03:49:40.218"/>
</kw>
<kw name="Exit For Loop If" library="BuiltIn">
<arg>${both}</arg>
<doc>Stops executing the enclosing FOR loop if the ``condition`` is true.</doc>
<status status="PASS" starttime="20230605 03:49:40.218" endtime="20230605 03:49:40.218"/>
</kw>
<status status="PASS" starttime="20230605 03:49:40.199" endtime="20230605 03:49:40.218"/>
</iter>
<status status="PASS" starttime="20230605 03:49:37.408" endtime="20230605 03:49:40.218"/>
</for>
<status status="PASS" starttime="20230605 03:49:37.271" endtime="20230605 03:49:40.218"/>
</kw>
<kw name="Select Guests" library="booking">
<doc>Selects the number of guests for the booking, current implementation will only check the dropdown</doc>
<kw name="Wait Until Visible" library="common">
<arg>//div[contains(@data-nelson-btn, 'guests')]</arg>
<doc>An easier keyword for waiting until an element is visible</doc>
<kw name="Wait For Elements State" library="Browser">
<arg>${element}</arg>
<arg>visible</arg>
<arg>timeout=${timeout}</arg>
<tag>PageContent</tag>
<tag>Wait</tag>
<doc>Waits for the element found by ``selector`` to satisfy state option.</doc>
<msg timestamp="20230605 03:49:40.224" level="INFO">Waited for Element with selector //div[contains(@data-nelson-btn, 'guests')] at state visible</msg>
<status status="PASS" starttime="20230605 03:49:40.219" endtime="20230605 03:49:40.224"/>
</kw>
<status status="PASS" starttime="20230605 03:49:40.219" endtime="20230605 03:49:40.224"/>
</kw>
<kw name="Click" library="Browser">
<arg>//div[contains(@data-nelson-btn, 'guests')]</arg>
<tag>PageContent</tag>
<tag>Setter</tag>
<doc>Simulates mouse click on the element found by ``selector``.</doc>
<status status="PASS" starttime="20230605 03:49:40.225" endtime="20230605 03:49:40.306"/>
</kw>
<status status="PASS" starttime="20230605 03:49:40.219" endtime="20230605 03:49:40.306"/>
</kw>
<kw name="Click Book Button" library="booking">
<kw name="Click" library="Browser">
<arg>//div[@data-nelson-btn='book']</arg>
<tag>PageContent</tag>
<tag>Setter</tag>
<doc>Simulates mouse click on the element found by ``selector``.</doc>
<status status="PASS" starttime="20230605 03:49:40.307" endtime="20230605 03:49:40.774"/>
</kw>
<status status="PASS" starttime="20230605 03:49:40.306" endtime="20230605 03:49:40.774"/>
</kw>
<kw name="Select a Standard Room" library="booking">
<kw name="Wait Until Visible" library="common">
<arg>${btnExtras}</arg>
<doc>An easier keyword for waiting until an element is visible</doc>
<kw name="Wait For Elements State" library="Browser">
<arg>${element}</arg>
<arg>visible</arg>
<arg>timeout=${timeout}</arg>
<tag>PageContent</tag>
<tag>Wait</tag>
<doc>Waits for the element found by ``selector`` to satisfy state option.</doc>
<msg timestamp="20230605 03:49:44.287" level="INFO">Waited for Element with selector (//div[contains(@view,"booking")]//button[contains(text(), "Continue to extras")])[1] at state visible</msg>
<status status="PASS" starttime="20230605 03:49:40.775" endtime="20230605 03:49:44.287"/>
</kw>
<status status="PASS" starttime="20230605 03:49:40.775" endtime="20230605 03:49:44.287"/>
</kw>
<kw name="Get Element States" library="Browser">
<var>${visible}</var>
<arg>//div[contains(text(), 'Select room')]</arg>
<arg>then</arg>
<arg>bool(value &amp; visible)</arg>
<tag>Assertion</tag>
<tag>Getter</tag>
<tag>PageContent</tag>
<doc>Get the active states from the element found by ``selector``.</doc>
<msg timestamp="20230605 03:49:44.541" level="INFO">${visible} = False</msg>
<status status="PASS" starttime="20230605 03:49:44.288" endtime="20230605 03:49:44.541"/>
</kw>
<kw name="Run Keyword If" library="BuiltIn">
<arg>${visible}</arg>
<arg>Select Standard and Remove Other Room Selection</arg>
<doc>Runs the given keyword with the given arguments, if ``condition`` is true.</doc>
<status status="PASS" starttime="20230605 03:49:44.541" endtime="20230605 03:49:44.541"/>
</kw>
<status status="PASS" starttime="20230605 03:49:40.774" endtime="20230605 03:49:44.542"/>
</kw>
<kw name="Click Continue to Extras Button" library="booking">
<doc>Clicks the continue to extras button</doc>
<kw name="Click" library="Browser">
<arg>${btnExtras}</arg>
<tag>PageContent</tag>
<tag>Setter</tag>
<doc>Simulates mouse click on the element found by ``selector``.</doc>
<status status="PASS" starttime="20230605 03:49:44.542" endtime="20230605 03:49:48.120"/>
</kw>
<kw name="Wait Until Visible" library="common">
<arg>${btnPayment}</arg>
<doc>An easier keyword for waiting until an element is visible</doc>
<kw name="Wait For Elements State" library="Browser">
<arg>${element}</arg>
<arg>visible</arg>
<arg>timeout=${timeout}</arg>
<tag>PageContent</tag>
<tag>Wait</tag>
<doc>Waits for the element found by ``selector`` to satisfy state option.</doc>
<msg timestamp="20230605 03:49:49.119" level="INFO">Waited for Element with selector (//div[contains(@view,"extras")]//button[contains(text(), "Continue to payment")])[1] at state visible</msg>
<status status="PASS" starttime="20230605 03:49:48.121" endtime="20230605 03:49:49.119"/>
</kw>
<status status="PASS" starttime="20230605 03:49:48.120" endtime="20230605 03:49:49.119"/>
</kw>
<status status="PASS" starttime="20230605 03:49:44.542" endtime="20230605 03:49:49.119"/>
</kw>
<kw name="Continue to Payment" library="booking">
<kw name="Click" library="Browser">
<arg>(//button[normalize-space()='Continue to payment'])[1]</arg>
<tag>PageContent</tag>
<tag>Setter</tag>
<doc>Simulates mouse click on the element found by ``selector``.</doc>
<status status="PASS" starttime="20230605 03:49:49.120" endtime="20230605 03:49:49.300"/>
</kw>
<status status="PASS" starttime="20230605 03:49:49.120" endtime="20230605 03:49:49.300"/>
</kw>
<kw name="Verify Join for free is selected">
<msg timestamp="20230605 03:49:49.305" level="FAIL">No keyword with name 'Verify Join for free is selected' found.</msg>
<status status="FAIL" starttime="20230605 03:49:49.304" endtime="20230605 03:49:49.305"/>
</kw>
<kw name="Fill in Contact Information" library="booking">
<doc>TBD: Use test data instead of hardcoded values</doc>
<status status="NOT RUN" starttime="20230605 03:49:49.305" endtime="20230605 03:49:49.305"/>
</kw>
<kw name="Accept offers and Terms" library="booking">
<status status="NOT RUN" starttime="20230605 03:49:49.305" endtime="20230605 03:49:49.305"/>
</kw>
<kw name="Select Web Bank, Nordea as Payment Method">
<status status="NOT RUN" starttime="20230605 03:49:49.311" endtime="20230605 03:49:49.311"/>
</kw>
<kw name="Complete Payment">
<status status="NOT RUN" starttime="20230605 03:49:49.318" endtime="20230605 03:49:49.318"/>
</kw>
<kw name="Verify Payment was successful" library="booking">
<status status="NOT RUN" starttime="20230605 03:49:49.318" endtime="20230605 03:49:49.318"/>
</kw>
<doc>A new booker opens the page and does a successful booking</doc>
<status status="FAIL" starttime="20230605 03:49:37.028" endtime="20230605 03:49:49.319">No keyword with name 'Verify Join for free is selected' found.</status>
</test>
<test id="s1-s1-s2-s1-t2" name="Confirm Email and Open Link" line="28">
<kw name="Get Link from Email" library="common">
<var>${modify_link}</var>
<kw name="GmailHandler.Get Link">
<var>${link}</var>
<msg timestamp="20230605 03:49:49.336" level="FAIL">No keyword with name 'GmailHandler.Get Link' found.</msg>
<status status="FAIL" starttime="20230605 03:49:49.336" endtime="20230605 03:49:49.336"/>
</kw>
<status status="FAIL" starttime="20230605 03:49:49.330" endtime="20230605 03:49:49.337"/>
</kw>
<kw name="Open New Browser To URL" library="common">
<arg>${modify_link}</arg>
<status status="NOT RUN" starttime="20230605 03:49:49.337" endtime="20230605 03:49:49.337"/>
</kw>
<kw name="Sleep" library="BuiltIn">
<arg>10s</arg>
<doc>Pauses the test executed for the given time.</doc>
<status status="NOT RUN" starttime="20230605 03:49:49.337" endtime="20230605 03:49:49.337"/>
</kw>
<doc>A new booker receives an email with a link to modify the booking</doc>
<status status="FAIL" starttime="20230605 03:49:49.326" endtime="20230605 03:49:49.338">No keyword with name 'GmailHandler.Get Link' found.</status>
</test>
<kw name="Close Browser" library="Browser" type="TEARDOWN">
<tag>BrowserControl</tag>
<tag>Setter</tag>
<doc>Closes the current browser.</doc>
<msg timestamp="20230605 03:49:49.406" level="INFO">Closed browser</msg>
<status status="PASS" starttime="20230605 03:49:49.344" endtime="20230605 03:49:49.406"/>
</kw>
<doc>A test suite for verifying modify booking functionality</doc>
<status status="FAIL" starttime="20230605 03:49:32.019" endtime="20230605 03:49:49.407"/>
</suite>
<status status="FAIL" starttime="20230605 03:49:32.017" endtime="20230605 03:49:49.415"/>
</suite>
<status status="FAIL" starttime="20230605 03:48:39.723" endtime="20230605 03:49:49.417"/>
</suite>
<status status="FAIL" starttime="20230605 03:48:39.704" endtime="20230605 03:49:49.419"/>
</suite>
<statistics>
<total>
<stat pass="1" fail="6" skip="0">All Tests</stat>
</total>
<tag>
<stat pass="0" fail="1" skip="0">smoke, booking, BUI-556, online-checkin</stat>
<stat pass="0" fail="1" skip="0">smoke, booking, BUI-556, skip, online-checkin</stat>
<stat pass="1" fail="0" skip="0">smoke, booking, BUI2-556, online-checkin</stat>
</tag>
<suite>
<stat pass="1" fail="6" skip="0" id="s1" name="Testsuites">Testsuites</stat>
<stat pass="1" fail="6" skip="0" id="s1-s1" name="BUI">Testsuites.BUI</stat>
<stat pass="1" fail="4" skip="0" id="s1-s1-s1" name="Feature">Testsuites.BUI.Feature</stat>
<stat pass="1" fail="4" skip="0" id="s1-s1-s1-s1" name="Online Check In">Testsuites.BUI.Feature.Online Check In</stat>
<stat pass="1" fail="4" skip="0" id="s1-s1-s1-s1-s1" name="BUI2-556">Testsuites.BUI.Feature.Online Check In.BUI2-556</stat>
<stat pass="0" fail="2" skip="0" id="s1-s1-s2" name="Regression">Testsuites.BUI.Regression</stat>
<stat pass="0" fail="2" skip="0" id="s1-s1-s2-s1" name="New Booking">Testsuites.BUI.Regression.New Booking</stat>
</suite>
</statistics>
<errors>
<msg timestamp="20230605 03:48:40.504" level="ERROR">Error in file '/home/runner/work/nelson-test-automation/nelson-test-automation/resources/keywords/common.resource' on line 3: Initializing library 'GmailHandler' with no arguments failed: HttpAccessTokenRefreshError: invalid_client: The OAuth client was not found.
Traceback (most recent call last):
  File "/home/runner/work/nelson-test-automation/nelson-test-automation/resources/libraries/GmailHandler.py", line 19, in __init__
    self.new_messages = self.gmail.get_unread_inbox()
  File "/opt/hostedtoolcache/Python/3.10.11/x64/lib/python3.10/site-packages/simplegmail/gmail.py", line 213, in get_unread_inbox
    return self.get_unread_messages(user_id, labels, query)
  File "/opt/hostedtoolcache/Python/3.10.11/x64/lib/python3.10/site-packages/simplegmail/gmail.py", line 329, in get_unread_messages
    return self.get_messages(user_id, labels, query, attachments,
  File "/opt/hostedtoolcache/Python/3.10.11/x64/lib/python3.10/site-packages/simplegmail/gmail.py", line 529, in get_messages
    ).execute()
  File "/opt/hostedtoolcache/Python/3.10.11/x64/lib/python3.10/site-packages/googleapiclient/_helpers.py", line 130, in positional_wrapper
    return wrapped(*args, **kwargs)
  File "/opt/hostedtoolcache/Python/3.10.11/x64/lib/python3.10/site-packages/googleapiclient/http.py", line 923, in execute
    resp, content = _retry_request(
  File "/opt/hostedtoolcache/Python/3.10.11/x64/lib/python3.10/site-packages/googleapiclient/http.py", line 191, in _retry_request
    resp, content = http.request(uri, method, *args, **kwargs)
  File "/opt/hostedtoolcache/Python/3.10.11/x64/lib/python3.10/site-packages/oauth2client/transport.py", line 159, in new_request
    credentials._refresh(orig_request_method)
  File "/opt/hostedtoolcache/Python/3.10.11/x64/lib/python3.10/site-packages/oauth2client/client.py", line 761, in _refresh
    self._do_refresh_request(http)
  File "/opt/hostedtoolcache/Python/3.10.11/x64/lib/python3.10/site-packages/oauth2client/client.py", line 819, in _do_refresh_request
    raise HttpAccessTokenRefreshError(error_msg, status=resp.status)
oauth2client.client.HttpAccessTokenRefreshError: invalid_client: The OAuth client was not found.</msg>
<msg timestamp="20230605 03:49:31.901" level="WARN">Multiple tests with name 'Verify UI when users have signed' executed in suite 'Testsuites.BUI.Feature.Online Check In.BUI2-556'.</msg>
<msg timestamp="20230605 03:49:32.022" level="ERROR">Error in file '/home/runner/work/nelson-test-automation/nelson-test-automation/resources/keywords/common.resource' on line 3: Initializing library 'GmailHandler' with no arguments failed: AttributeError: 'NoneType' object has no attribute 'startswith'
Traceback (most recent call last):
  File "/home/runner/work/nelson-test-automation/nelson-test-automation/resources/libraries/GmailHandler.py", line 18, in __init__
    self.gmail = Gmail()
  File "/opt/hostedtoolcache/Python/3.10.11/x64/lib/python3.10/site-packages/simplegmail/gmail.py", line 87, in __init__
    flow = client.flow_from_clientsecrets(
  File "/opt/hostedtoolcache/Python/3.10.11/x64/lib/python3.10/site-packages/oauth2client/_helpers.py", line 133, in positional_wrapper
    return wrapped(*args, **kwargs)
  File "/opt/hostedtoolcache/Python/3.10.11/x64/lib/python3.10/site-packages/oauth2client/client.py", line 2134, in flow_from_clientsecrets
    client_type, client_info = clientsecrets.loadfile(filename,
  File "/opt/hostedtoolcache/Python/3.10.11/x64/lib/python3.10/site-packages/oauth2client/clientsecrets.py", line 165, in loadfile
    return _loadfile(filename)
  File "/opt/hostedtoolcache/Python/3.10.11/x64/lib/python3.10/site-packages/oauth2client/clientsecrets.py", line 126, in _loadfile
    return _validate_clientsecrets(obj)
  File "/opt/hostedtoolcache/Python/3.10.11/x64/lib/python3.10/site-packages/oauth2client/clientsecrets.py", line 103, in _validate_clientsecrets
    if client_info[prop_name].startswith('[['):
AttributeError: 'NoneType' object has no attribute 'startswith'</msg>
</errors>
</robot>
