<?xml version="1.0" encoding="UTF-8"?>
<testsuite name="Testsuites" tests="58" errors="0" failures="49" skipped="0" time="2842.009" timestamp="2023-07-30T19:39:03.705000">
<testsuite name="BUI" tests="34" errors="0" failures="33" skipped="0" time="2652.219" timestamp="2023-07-30T19:39:03.728000">
<testsuite name="Feature" tests="31" errors="0" failures="31" skipped="0" time="2536.832" timestamp="2023-07-30T19:39:03.730000">
<testsuite name="Online Check In" tests="31" errors="0" failures="31" skipped="0" time="2536.827" timestamp="2023-07-30T19:39:03.731000">
<testsuite name="BUI2-1248" tests="5" errors="0" failures="5" skipped="0" time="519.798" timestamp="2023-07-30T19:39:03.733000">
<testcase classname="Testsuites.BUI.Feature.Online Check In.BUI2-1248" name="Verify UI when Booker has not update Information" time="103.768">
<failure message="TimeoutError: locator.click: Timeout 90000ms exceeded.&#10;=========================== logs ===========================&#10;waiting for locator('xpath=//div[contains(@data-nelson-btn, &quot;hotels&quot;)]')&#10;============================================================&#10;Tip: Use &quot;Set Browser Timeout&quot; for increasing the timeout or double check your locator as the targeted element(s) couldn't be found." type="AssertionError"/>
</testcase>
<testcase classname="Testsuites.BUI.Feature.Online Check In.BUI2-1248" name="Verify User changes to another nationality than Finland and vice versa" time="103.659">
<failure message="TimeoutError: locator.click: Timeout 90000ms exceeded.&#10;=========================== logs ===========================&#10;waiting for locator('xpath=//div[contains(@data-nelson-btn, &quot;hotels&quot;)]')&#10;============================================================&#10;Tip: Use &quot;Set Browser Timeout&quot; for increasing the timeout or double check your locator as the targeted element(s) couldn't be found." type="AssertionError"/>
</testcase>
<testcase classname="Testsuites.BUI.Feature.Online Check In.BUI2-1248" name="Verify booker invites guest with already used email address" time="103.818">
<failure message="TimeoutError: locator.click: Timeout 90000ms exceeded.&#10;=========================== logs ===========================&#10;waiting for locator('xpath=//div[contains(@data-nelson-btn, &quot;hotels&quot;)]')&#10;============================================================&#10;Tip: Use &quot;Set Browser Timeout&quot; for increasing the timeout or double check your locator as the targeted element(s) couldn't be found." type="AssertionError"/>
</testcase>
<testcase classname="Testsuites.BUI.Feature.Online Check In.BUI2-1248" name="Verify booker univites guest in case guest has not completed online check-in" time="103.572">
<failure message="TimeoutError: locator.click: Timeout 90000ms exceeded.&#10;=========================== logs ===========================&#10;waiting for locator('xpath=//div[contains(@data-nelson-btn, &quot;hotels&quot;)]')&#10;============================================================&#10;Tip: Use &quot;Set Browser Timeout&quot; for increasing the timeout or double check your locator as the targeted element(s) couldn't be found." type="AssertionError"/>
</testcase>
<testcase classname="Testsuites.BUI.Feature.Online Check In.BUI2-1248" name="Verify UI when Booker has fully updated information" time="103.726">
<failure message="TimeoutError: locator.click: Timeout 90000ms exceeded.&#10;=========================== logs ===========================&#10;waiting for locator('xpath=//div[contains(@data-nelson-btn, &quot;hotels&quot;)]')&#10;============================================================&#10;Tip: Use &quot;Set Browser Timeout&quot; for increasing the timeout or double check your locator as the targeted element(s) couldn't be found." type="AssertionError"/>
</testcase>
</testsuite>
<testsuite name="BUI2-556" tests="7" errors="0" failures="7" skipped="0" time="564.160" timestamp="2023-07-30T19:47:43.538000">
<testcase classname="Testsuites.BUI.Feature.Online Check In.BUI2-556" name="Select Hotel, Dates and Guests" time="90.046">
<failure message="TimeoutError: locator.click: Timeout 90000ms exceeded.&#10;=========================== logs ===========================&#10;waiting for locator('xpath=//div[contains(@data-nelson-btn, &quot;hotels&quot;)]')&#10;============================================================&#10;Tip: Use &quot;Set Browser Timeout&quot; for increasing the timeout or double check your locator as the targeted element(s) couldn't be found." type="AssertionError"/>
</testcase>
<testcase classname="Testsuites.BUI.Feature.Online Check In.BUI2-556" name="Check Available Rooms and Select a Standard Room" time="90.052">
<failure message="TimeoutError: locator.click: Timeout 90000ms exceeded.&#10;=========================== logs ===========================&#10;waiting for locator('xpath=//button[contains(@class, \'booking-form-button\') and contains(text(), \'Book\')]')&#10;============================================================&#10;Tip: Use &quot;Set Browser Timeout&quot; for increasing the timeout or double check your locator as the targeted element(s) couldn't be found." type="AssertionError"/>
</testcase>
<testcase classname="Testsuites.BUI.Feature.Online Check In.BUI2-556" name="Continue to Extras and Select Join for Free" time="90.054">
<failure message="TimeoutError: locator.click: Timeout 90000ms exceeded.&#10;=========================== logs ===========================&#10;waiting for locator('xpath=(//div[contains(@view,&quot;booking&quot;)]//button[contains(text(), &quot;Continue to extras&quot;)])[1]')&#10;============================================================&#10;Tip: Use &quot;Set Browser Timeout&quot; for increasing the timeout or double check your locator as the targeted element(s) couldn't be found." type="AssertionError"/>
</testcase>
<testcase classname="Testsuites.BUI.Feature.Online Check In.BUI2-556" name="Fill in Booker Contact Information" time="0.280">
<failure message="ApiException: (426)&#10;Reason: &#10;HTTP response headers: HTTPHeaderDict({'Date': 'Sun, 30 Jul 2023 19:52:27 GMT', 'Content-Type': 'text/plain;charset=UTF-8', 'Content-Length': '818', 'Connection': 'keep-alive', 'X-XSS-Protection': '1; mode=block', 'Referrer-Policy': 'same-origin', 'Strict-Transport-Security': 'max-age=63072000; includeSubdomains; preload', 'X-Content-Type-Options': 'nosniff', 'Content-Security-Policy': &quot;default-src https: 'self' app.mailslurp.com *.mailslurp.com *.mailslurp.link *.mailslurp.dev http://localhost:3000; object-src none; frame-ancestors 'self' app.mailslurp.com *.mailslurp.com *.mailslurp.link *.mailslurp.dev http://localhost:3000; img-src * data: 'unsafe-inline'; style-src * data: 'unsafe-inline';&quot;, 'Vary': 'Origin, Access-Control-Request-Method, Access-Control-Request-Headers', 'Cache-Control': 'no-cache, no-store, max-age=0, must-revalidate', 'Pragma': 'no-cache', 'Expires': '0', 'X-Frame-Options': 'DENY'})&#10;HTTP response body: {&quot;message&quot;:&quot;Action not permitted. Message: `Your current free account CreateInbox feature limit MONTHLY_COUNT has been exceeded. Upgrade your account to increase usage and abilities. Current value = 123. Plan limit = 50`. Please upgrade your account. View your account dashboard at https://app.mailslurp.com/login/. For more usage see pricing page . For more help contact support on contact@mailslurp.dev&quot;,&quot;caseNumber&quot;:&quot;CASE-NF-56a6c8cf-7f8c-4efe-be77-8990f31c9503&quot;,&quot;errorClass&quot;:&quot;Error426UpgradeRequired&quot;,&quot;errorCode&quot;:&quot;E_001_UNEXPECTED_ERROR&quot;,&quot;comment&quot;:&quot;If your error persists please submit a ticket at `https://mailslurp.zendesk.com/hc/en-us/requests/new`. Please include your error `caseNumber` if available to help support debug the issue. Sharing screenshots or samples of your code will help the team understand.&quot;}&#10;" type="AssertionError"/>
</testcase>
<testcase classname="Testsuites.BUI.Feature.Online Check In.BUI2-556" name="Pay using Web Bank and Nordea" time="90.043">
<failure message="TimeoutError: locator.click: Timeout 90000ms exceeded.&#10;=========================== logs ===========================&#10;waiting for locator('xpath=//div[contains(text(), &quot;Web bank payment&quot;)]')&#10;============================================================&#10;Tip: Use &quot;Set Browser Timeout&quot; for increasing the timeout or double check your locator as the targeted element(s) couldn't be found." type="AssertionError"/>
</testcase>
<testcase classname="Testsuites.BUI.Feature.Online Check In.BUI2-556" name="Check In Online" time="90.040">
<failure message="TimeoutError: locator.waitFor: Timeout 90000ms exceeded.&#10;=========================== logs ===========================&#10;waiting for locator('xpath=(//button[text()=&quot;Check in&quot;])[1]') to be visible&#10;============================================================&#10;Tip: Use &quot;Set Browser Timeout&quot; for increasing the timeout or double check your locator as the targeted element(s) couldn't be found." type="AssertionError"/>
</testcase>
<testcase classname="Testsuites.BUI.Feature.Online Check In.BUI2-556" name="Wait for Door Code and Verify Page" time="100.327">
<failure message="TimeoutError: locator.elementHandle: Timeout 90000ms exceeded.&#10;=========================== logs ===========================&#10;waiting for locator('xpath=//*[contains(text(), &quot;Door code&quot;)]/following-sibling::*')&#10;============================================================&#10;Tip: Use &quot;Set Browser Timeout&quot; for increasing the timeout or double check your locator as the targeted element(s) couldn't be found." type="AssertionError"/>
</testcase>
<properties>
<property name="Documentation" value="This is a test suite for booking a room and checking in online"/>
</properties>
</testsuite>
<testsuite name="BUI2-557" tests="4" errors="0" failures="4" skipped="0" time="415.129" timestamp="2023-07-30T19:57:07.708000">
<testcase classname="Testsuites.BUI.Feature.Online Check In.BUI2-557" name="Create a new Booking" time="103.803">
<failure message="TimeoutError: locator.click: Timeout 90000ms exceeded.&#10;=========================== logs ===========================&#10;waiting for locator('xpath=//div[contains(@data-nelson-btn, &quot;hotels&quot;)]')&#10;============================================================&#10;Tip: Use &quot;Set Browser Timeout&quot; for increasing the timeout or double check your locator as the targeted element(s) couldn't be found." type="AssertionError"/>
</testcase>
<testcase classname="Testsuites.BUI.Feature.Online Check In.BUI2-557" name="Add Someone Else as the Main Guest" time="103.700">
<failure message="TimeoutError: locator.waitFor: Timeout 90000ms exceeded.&#10;=========================== logs ===========================&#10;waiting for locator('xpath=(//button[text()=&quot;Check in&quot;])[1]') to be visible&#10;============================================================&#10;Tip: Use &quot;Set Browser Timeout&quot; for increasing the timeout or double check your locator as the targeted element(s) couldn't be found." type="AssertionError"/>
</testcase>
<testcase classname="Testsuites.BUI.Feature.Online Check In.BUI2-557" name="Validation shows msg for fields marked" time="103.794">
<failure message="TimeoutError: locator.click: Timeout 90000ms exceeded.&#10;=========================== logs ===========================&#10;waiting for locator('xpath=//div[contains(@data-nelson-btn, &quot;hotels&quot;)]')&#10;============================================================&#10;Tip: Use &quot;Set Browser Timeout&quot; for increasing the timeout or double check your locator as the targeted element(s) couldn't be found." type="AssertionError"/>
</testcase>
<testcase classname="Testsuites.BUI.Feature.Online Check In.BUI2-557" name="Showing imported passport when the National is not Finland" time="103.801">
<failure message="TimeoutError: locator.click: Timeout 90000ms exceeded.&#10;=========================== logs ===========================&#10;waiting for locator('xpath=//div[contains(@data-nelson-btn, &quot;hotels&quot;)]')&#10;============================================================&#10;Tip: Use &quot;Set Browser Timeout&quot; for increasing the timeout or double check your locator as the targeted element(s) couldn't be found." type="AssertionError"/>
</testcase>
</testsuite>
<testsuite name="BUI2-558" tests="10" errors="0" failures="10" skipped="0" time="1037.579" timestamp="2023-07-30T20:04:02.843000">
<testcase classname="Testsuites.BUI.Feature.Online Check In.BUI2-558" name="Verify notification when marking someone else as a guest" time="103.833">
<failure message="TimeoutError: locator.click: Timeout 90000ms exceeded.&#10;=========================== logs ===========================&#10;waiting for locator('xpath=//div[contains(@data-nelson-btn, &quot;hotels&quot;)]')&#10;============================================================&#10;Tip: Use &quot;Set Browser Timeout&quot; for increasing the timeout or double check your locator as the targeted element(s) couldn't be found." type="AssertionError"/>
</testcase>
<testcase classname="Testsuites.BUI.Feature.Online Check In.BUI2-558" name="Verify room name in Edit guest popup when marking someone else as a guest" time="103.833">
<failure message="TimeoutError: locator.click: Timeout 90000ms exceeded.&#10;=========================== logs ===========================&#10;waiting for locator('xpath=//div[contains(@data-nelson-btn, &quot;hotels&quot;)]')&#10;============================================================&#10;Tip: Use &quot;Set Browser Timeout&quot; for increasing the timeout or double check your locator as the targeted element(s) couldn't be found." type="AssertionError"/>
</testcase>
<testcase classname="Testsuites.BUI.Feature.Online Check In.BUI2-558" name="Verify Purpose of trip checkbox in Edit guest popup when marking someone else as a guest" time="103.787">
<failure message="TimeoutError: locator.click: Timeout 90000ms exceeded.&#10;=========================== logs ===========================&#10;waiting for locator('xpath=//div[contains(@data-nelson-btn, &quot;hotels&quot;)]')&#10;============================================================&#10;Tip: Use &quot;Set Browser Timeout&quot; for increasing the timeout or double check your locator as the targeted element(s) couldn't be found." type="AssertionError"/>
</testcase>
<testcase classname="Testsuites.BUI.Feature.Online Check In.BUI2-558" name="Verify Save and invite button when marking someone else as a guest" time="103.696">
<failure message="TimeoutError: locator.click: Timeout 90000ms exceeded.&#10;=========================== logs ===========================&#10;waiting for locator('xpath=//div[contains(@data-nelson-btn, &quot;hotels&quot;)]')&#10;============================================================&#10;Tip: Use &quot;Set Browser Timeout&quot; for increasing the timeout or double check your locator as the targeted element(s) couldn't be found." type="AssertionError"/>
</testcase>
<testcase classname="Testsuites.BUI.Feature.Online Check In.BUI2-558" name="Verify Invite guest popup UI" time="103.563">
<failure message="TimeoutError: locator.click: Timeout 90000ms exceeded.&#10;=========================== logs ===========================&#10;waiting for locator('xpath=//div[contains(@data-nelson-btn, &quot;hotels&quot;)]')&#10;============================================================&#10;Tip: Use &quot;Set Browser Timeout&quot; for increasing the timeout or double check your locator as the targeted element(s) couldn't be found." type="AssertionError"/>
</testcase>
<testcase classname="Testsuites.BUI.Feature.Online Check In.BUI2-558" name="Verify email field validation when inviting guest" time="103.533">
<failure message="TimeoutError: locator.click: Timeout 90000ms exceeded.&#10;=========================== logs ===========================&#10;waiting for locator('xpath=//div[contains(@data-nelson-btn, &quot;hotels&quot;)]')&#10;============================================================&#10;Tip: Use &quot;Set Browser Timeout&quot; for increasing the timeout or double check your locator as the targeted element(s) couldn't be found." type="AssertionError"/>
</testcase>
<testcase classname="Testsuites.BUI.Feature.Online Check In.BUI2-558" name="Verify invalid email field validation when inviting guest" time="103.643">
<failure message="TimeoutError: locator.click: Timeout 90000ms exceeded.&#10;=========================== logs ===========================&#10;waiting for locator('xpath=//div[contains(@data-nelson-btn, &quot;hotels&quot;)]')&#10;============================================================&#10;Tip: Use &quot;Set Browser Timeout&quot; for increasing the timeout or double check your locator as the targeted element(s) couldn't be found." type="AssertionError"/>
</testcase>
<testcase classname="Testsuites.BUI.Feature.Online Check In.BUI2-558" name="Verify Warning popup when inviting blocked guest" time="103.766">
<failure message="TimeoutError: locator.click: Timeout 90000ms exceeded.&#10;=========================== logs ===========================&#10;waiting for locator('xpath=//div[contains(@data-nelson-btn, &quot;hotels&quot;)]')&#10;============================================================&#10;Tip: Use &quot;Set Browser Timeout&quot; for increasing the timeout or double check your locator as the targeted element(s) couldn't be found." type="AssertionError"/>
</testcase>
<testcase classname="Testsuites.BUI.Feature.Online Check In.BUI2-558" name="Verify invite guest with guest email same as booker email" time="103.487">
<failure message="TimeoutError: locator.click: Timeout 90000ms exceeded.&#10;=========================== logs ===========================&#10;waiting for locator('xpath=//div[contains(@data-nelson-btn, &quot;hotels&quot;)]')&#10;============================================================&#10;Tip: Use &quot;Set Browser Timeout&quot; for increasing the timeout or double check your locator as the targeted element(s) couldn't be found." type="AssertionError"/>
</testcase>
<testcase classname="Testsuites.BUI.Feature.Online Check In.BUI2-558" name="Verify invite guest with valid information" time="103.722">
<failure message="TimeoutError: locator.click: Timeout 90000ms exceeded.&#10;=========================== logs ===========================&#10;waiting for locator('xpath=//div[contains(@data-nelson-btn, &quot;hotels&quot;)]')&#10;============================================================&#10;Tip: Use &quot;Set Browser Timeout&quot; for increasing the timeout or double check your locator as the targeted element(s) couldn't be found." type="AssertionError"/>
</testcase>
</testsuite>
<testsuite name="BUI2-559" tests="5" errors="0" failures="5" skipped="0" time="0.125" timestamp="2023-07-30T20:21:20.428000">
<testcase classname="Testsuites.BUI.Feature.Online Check In.BUI2-559" name="UI authentication Formerly guest info when invited adult" time="0.017">
<failure message="Error: Could not find active page" type="AssertionError"/>
</testcase>
<testcase classname="Testsuites.BUI.Feature.Online Check In.BUI2-559" name="Univite pop-up UI validation" time="0.017">
<failure message="Error: Could not find active page" type="AssertionError"/>
</testcase>
<testcase classname="Testsuites.BUI.Feature.Online Check In.BUI2-559" name="UI authentication Formerly guest info when invited child" time="0.018">
<failure message="Error: Could not find active page" type="AssertionError"/>
</testcase>
<testcase classname="Testsuites.BUI.Feature.Online Check In.BUI2-559" name="UI validation when remove guest" time="0.024">
<failure message="Error: Could not find active page" type="AssertionError"/>
</testcase>
<testcase classname="Testsuites.BUI.Feature.Online Check In.BUI2-559" name="UI validation when uninvite guest" time="0.018">
<failure message="Error: Could not find active page" type="AssertionError"/>
</testcase>
</testsuite>
</testsuite>
</testsuite>
<testsuite name="Regression" tests="3" errors="0" failures="2" skipped="0" time="115.381" timestamp="2023-07-30T20:21:20.564000">
<testsuite name="Modify Booking" tests="1" errors="0" failures="0" skipped="0" time="13.233" timestamp="2023-07-30T20:21:20.566000">
<testcase classname="Testsuites.BUI.Regression.Modify Booking" name="A new booker opens the edit guest page and changes the main guest to someone else" time="0.009">
</testcase>
<properties>
<property name="Documentation" value="A test suite for verifying modify booking functionality"/>
</properties>
</testsuite>
<testsuite name="New Booking" tests="2" errors="0" failures="2" skipped="0" time="102.073" timestamp="2023-07-30T20:21:33.865000">
<testcase classname="Testsuites.BUI.Regression.New Booking" name="Create A New Booking as" time="90.049">
<failure message="TimeoutError: locator.click: Timeout 90000ms exceeded.&#10;=========================== logs ===========================&#10;waiting for locator('xpath=//div[contains(@data-nelson-btn, &quot;hotels&quot;)]')&#10;============================================================&#10;Tip: Use &quot;Set Browser Timeout&quot; for increasing the timeout or double check your locator as the targeted element(s) couldn't be found." type="AssertionError"/>
</testcase>
<testcase classname="Testsuites.BUI.Regression.New Booking" name="Confirm Email and Open Link" time="0.009">
<failure message="ApiValueError: Missing the required parameter `inbox_id` when calling `wait_for_matching_emails`" type="AssertionError"/>
</testcase>
<properties>
<property name="Documentation" value="A test suite for verifying modify booking functionality"/>
</properties>
</testsuite>
</testsuite>
</testsuite>
<testsuite name="MUI" tests="16" errors="0" failures="14" skipped="0" time="188.620" timestamp="2023-07-30T20:23:15.950000">
<testsuite name="EC" tests="7" errors="0" failures="5" skipped="0" time="181.044" timestamp="2023-07-30T20:23:15.951000">
<testsuite name="New Booking" tests="7" errors="0" failures="5" skipped="0" time="181.036" timestamp="2023-07-30T20:23:15.953000">
<testcase classname="Testsuites.MUI.EC.New Booking" name="Create A New Booking on Booking.com for today and verify Emails" time="115.594">
<failure message="TimeoutError: locator.click: Timeout 90000ms exceeded.&#10;=========================== logs ===========================&#10;waiting for locator('id=cc_name')&#10;  locator resolved to &lt;input size=&quot;22&quot; type=&quot;text&quot; id=&quot;cc_name&quot; name=&quot;cc_name…/&gt;&#10;attempting click action&#10;  waiting for element to be visible, enabled and stable&#10;  element is visible, enabled and stable&#10;  scrolling into view if needed&#10;  done scrolling&#10;  &lt;a type=&quot;button&quot; class=&quot;bui-button js-double-bookin…&gt;…&lt;/a&gt; from &lt;div class=&quot;bui-overlay bui-overlay--lock-scroll bui-…&gt;…&lt;/div&gt; subtree intercepts pointer events&#10;retrying click action, attempt #1&#10;  waiting for element to be visible, enabled and stable&#10;  element is visible, enabled and stable&#10;  scrolling into view if needed&#10;  done scrolling&#10;  &lt;div class=&quot;bui-overlay__align&quot;&gt;…&lt;/div&gt; from &lt;div class=&quot;bui-overlay bui-overlay--active&quot;&gt;…&lt;/div&gt; subtree intercepts pointer events&#10;    [ Message content over the limit has been removed. ]&#10;  waiting 500ms&#10;  waiting for element to be visible, enabled and stable&#10;  element is visible, enabled and stable&#10;  scrolling into view if needed&#10;  done scrolling&#10;  &lt;div class=&quot;bui-overlay__align&quot;&gt;…&lt;/div&gt; from &lt;div class=&quot;bui-overlay bui-overlay--active&quot;&gt;…&lt;/div&gt; subtree intercepts pointer events&#10;retrying click action, attempt #13&#10;  waiting 500ms&#10;  waiting for element to be visible, enabled and stable&#10;  element is visible, enabled and stable&#10;  scrolling into view if needed&#10;  done scrolling&#10;  &lt;div class=&quot;bui-overlay__align&quot;&gt;…&lt;/div&gt; from &lt;div class=&quot;bui-overlay bui-overlay--active&quot;&gt;…&lt;/div&gt; subtree intercepts pointer events&#10;retrying click action, attempt #14&#10;  waiting 500ms&#10;  waiting for element to be visible, enabled and st&#10;Tip: Use &quot;Set Browser Timeout&quot; for increasing the timeout or double check your locator as the targeted element(s) couldn't be found." type="AssertionError"/>
</testcase>
<testcase classname="Testsuites.MUI.EC.New Booking" name="Verify Emails and Get Booking No" time="61.590">
<failure message="ApiException: (408)&#10;Reason: &#10;HTTP response headers: HTTPHeaderDict({'Date': 'Sun, 30 Jul 2023 20:26:13 GMT', 'Content-Type': 'text/plain;charset=UTF-8', 'Content-Length': '1082', 'Connection': 'keep-alive', 'X-XSS-Protection': '1; mode=block', 'Referrer-Policy': 'same-origin', 'Strict-Transport-Security': 'max-age=63072000; includeSubdomains; preload', 'X-Content-Type-Options': 'nosniff', 'Content-Security-Policy': &quot;default-src https: 'self' app.mailslurp.com *.mailslurp.com *.mailslurp.link *.mailslurp.dev http://localhost:3000; object-src none; frame-ancestors 'self' app.mailslurp.com *.mailslurp.com *.mailslurp.link *.mailslurp.dev http://localhost:3000; img-src * data: 'unsafe-inline'; style-src * data: 'unsafe-inline';&quot;, 'Vary': 'origin,access-control-request-method,access-control-request-headers,accept-encoding', 'Cache-Control': 'no-cache, no-store, max-age=0, must-revalidate', 'Pragma': 'no-cache', 'Expires': '0', 'X-Frame-Options': 'DENY'})&#10;HTTP response body: {&quot;message&quot;:&quot;Failed to satisfy email query for inbox ID `492aa3bb-9e4b-410a-a02c-84f13ace89e8` for user ID `a2f48756-8279-471d-bb55-980a32334d37`. Expected minimum message count of `1`. Found at most `0`(after max timeout of `60000 ms` and a back-off period of `1000 ms`). Did you send an email to the inbox? The inbox's email address is `492aa3bb-9e4b-410a-a02c-84f13ace89e8@mailslurp.com`. Sort direction `ASC`, unread only `false`, match options `{\&quot;matches\&quot;:[{\&quot;field\&quot;:\&quot;SUBJECT\&quot;,\&quot;should\&quot;:\&quot;CONTAIN\&quot;,\&quot;value\&quot;:\&quot;Welcome to Exhibition Court Hotel\&quot;}],\&quot;conditions\&quot;:null}`, created at after `2000-01-01T00:00:00Z` and created at before `3000-01-01T00:00:00Z`&quot;,&quot;caseNumber&quot;:&quot;CASE-NF-6fa99651-9a4e-411a-9616-a65041620a2f&quot;,&quot;errorClass&quot;:&quot;GetMessagesRetryException&quot;,&quot;errorCode&quot;:&quot;E_001_UNEXPECTED_ERROR&quot;,&quot;comment&quot;:&quot;If your error persists please submit a ticket at `https://mailslurp.zendesk.com/hc/en-us/requests/new`. Please include your error `caseNumber` if available to help support debug the issue. Sharing screenshots or samples of your code will help the team understand.&quot;}&#10;" type="AssertionError"/>
</testcase>
<testcase classname="Testsuites.MUI.EC.New Booking" name="Create A New Booking on Booking.com for a later date and verify Emails" time="0.003">
</testcase>
<testcase classname="Testsuites.MUI.EC.New Booking" name="Cancel Booking via BDC" time="0.003">
</testcase>
<testcase classname="Testsuites.MUI.EC.New Booking" name="Open Booking in MUI" time="1.792">
<failure message="Error: page.goto: Protocol error (Page.navigate): Invalid url: &quot;$MUI_URL&quot; Page.navigate@chrome://juggler/content/protocol/PageHandler.js:386:13&#10;dispatch@chrome://juggler/content/protocol/Dispatcher.js:132:39&#10;_dispatch@chrome://juggler/content/protocol/Dispatcher.js:69:36&#10;receiveMessage@chrome://juggler/content/components/Juggler.js:118:20&#10;&#10;=========================== logs ===========================&#10;navigating to &quot;$MUI_URL&quot;, waiting until &quot;load&quot;&#10;============================================================" type="AssertionError"/>
</testcase>
<testcase classname="Testsuites.MUI.EC.New Booking" name="Cancel Booking in MUI" time="0.018">
<failure message="Error: Could not find active page" type="AssertionError"/>
</testcase>
<testcase classname="Testsuites.MUI.EC.New Booking" name="Start Creating a new Booking in MUI" time="0.434">
<failure message="Error: page.goto: Protocol error (Page.navigate): Invalid url: &quot;$MUI_URL&quot; Page.navigate@chrome://juggler/content/protocol/PageHandler.js:386:13&#10;dispatch@chrome://juggler/content/protocol/Dispatcher.js:132:39&#10;_dispatch@chrome://juggler/content/protocol/Dispatcher.js:69:36&#10;receiveMessage@chrome://juggler/content/components/Juggler.js:118:20&#10;&#10;=========================== logs ===========================&#10;navigating to &quot;$MUI_URL&quot;, waiting until &quot;load&quot;&#10;============================================================" type="AssertionError"/>
</testcase>
<properties>
<property name="Documentation" value="A test suite for verifying modify booking functionality"/>
</properties>
</testsuite>
</testsuite>
<testsuite name="Feature" tests="2" errors="0" failures="2" skipped="0" time="3.702" timestamp="2023-07-30T20:26:16.996000">
<testsuite name="MUI-430" tests="2" errors="0" failures="2" skipped="0" time="3.694" timestamp="2023-07-30T20:26:16.998000">
<testcase classname="Testsuites.MUI.Feature.MUI-430" name="Filter all reservations with Check-in incomplete" time="1.739">
<failure message="Error: page.goto: Protocol error (Page.navigate): Invalid url: &quot;$MUI_URL&quot; Page.navigate@chrome://juggler/content/protocol/PageHandler.js:386:13&#10;dispatch@chrome://juggler/content/protocol/Dispatcher.js:132:39&#10;_dispatch@chrome://juggler/content/protocol/Dispatcher.js:69:36&#10;receiveMessage@chrome://juggler/content/components/Juggler.js:118:20&#10;&#10;=========================== logs ===========================&#10;navigating to &quot;$MUI_URL&quot;, waiting until &quot;load&quot;&#10;============================================================" type="AssertionError"/>
</testcase>
<testcase classname="Testsuites.MUI.Feature.MUI-430" name="Remove filter and find a reservation with Check-in complete" time="0.490">
<failure message="Error: page.goto: Protocol error (Page.navigate): Invalid url: &quot;$MUI_URL&quot; Page.navigate@chrome://juggler/content/protocol/PageHandler.js:386:13&#10;dispatch@chrome://juggler/content/protocol/Dispatcher.js:132:39&#10;_dispatch@chrome://juggler/content/protocol/Dispatcher.js:69:36&#10;receiveMessage@chrome://juggler/content/components/Juggler.js:118:20&#10;&#10;=========================== logs ===========================&#10;navigating to &quot;$MUI_URL&quot;, waiting until &quot;load&quot;&#10;============================================================" type="AssertionError"/>
</testcase>
<properties>
<property name="Documentation" value="This file contains test cases for testing MUI-430.robot"/>
</properties>
</testsuite>
</testsuite>
<testsuite name="Regression" tests="7" errors="0" failures="7" skipped="0" time="3.870" timestamp="2023-07-30T20:26:20.699000">
<testsuite name="Smoke" tests="7" errors="0" failures="7" skipped="0" time="3.863" timestamp="2023-07-30T20:26:20.701000">
<testcase classname="Testsuites.MUI.Regression.Smoke" name="Try Logging in without Password" time="1.824">
<failure message="Error: page.goto: Protocol error (Page.navigate): Invalid url: &quot;$MUI_URL&quot; Page.navigate@chrome://juggler/content/protocol/PageHandler.js:386:13&#10;dispatch@chrome://juggler/content/protocol/Dispatcher.js:132:39&#10;_dispatch@chrome://juggler/content/protocol/Dispatcher.js:69:36&#10;receiveMessage@chrome://juggler/content/components/Juggler.js:118:20&#10;&#10;=========================== logs ===========================&#10;navigating to &quot;$MUI_URL&quot;, waiting until &quot;load&quot;&#10;============================================================" type="AssertionError"/>
</testcase>
<testcase classname="Testsuites.MUI.Regression.Smoke" name="Try Logging in without Username" time="0.379">
<failure message="Error: page.goto: Protocol error (Page.navigate): Invalid url: &quot;$MUI_URL&quot; Page.navigate@chrome://juggler/content/protocol/PageHandler.js:386:13&#10;dispatch@chrome://juggler/content/protocol/Dispatcher.js:132:39&#10;_dispatch@chrome://juggler/content/protocol/Dispatcher.js:69:36&#10;receiveMessage@chrome://juggler/content/components/Juggler.js:118:20&#10;&#10;=========================== logs ===========================&#10;navigating to &quot;$MUI_URL&quot;, waiting until &quot;load&quot;&#10;============================================================" type="AssertionError"/>
</testcase>
<testcase classname="Testsuites.MUI.Regression.Smoke" name="Try Logging in with incorrect Password/Username combination" time="0.427">
<failure message="Error: page.goto: Protocol error (Page.navigate): Invalid url: &quot;$MUI_URL&quot; Page.navigate@chrome://juggler/content/protocol/PageHandler.js:386:13&#10;dispatch@chrome://juggler/content/protocol/Dispatcher.js:132:39&#10;_dispatch@chrome://juggler/content/protocol/Dispatcher.js:69:36&#10;receiveMessage@chrome://juggler/content/components/Juggler.js:118:20&#10;&#10;=========================== logs ===========================&#10;navigating to &quot;$MUI_URL&quot;, waiting until &quot;load&quot;&#10;============================================================" type="AssertionError"/>
</testcase>
<testcase classname="Testsuites.MUI.Regression.Smoke" name="Log in with correct Username and Password" time="0.326">
<failure message="Error: page.goto: Protocol error (Page.navigate): Invalid url: &quot;$MUI_URL&quot; Page.navigate@chrome://juggler/content/protocol/PageHandler.js:386:13&#10;dispatch@chrome://juggler/content/protocol/Dispatcher.js:132:39&#10;_dispatch@chrome://juggler/content/protocol/Dispatcher.js:69:36&#10;receiveMessage@chrome://juggler/content/components/Juggler.js:118:20&#10;&#10;=========================== logs ===========================&#10;navigating to &quot;$MUI_URL&quot;, waiting until &quot;load&quot;&#10;============================================================" type="AssertionError"/>
</testcase>
<testcase classname="Testsuites.MUI.Regression.Smoke" name="Verify Users Page" time="0.011">
<failure message="Error: Could not find active page" type="AssertionError"/>
</testcase>
<testcase classname="Testsuites.MUI.Regression.Smoke" name="Verify User Profile" time="0.017">
<failure message="Error: Could not find active page" type="AssertionError"/>
</testcase>
<testcase classname="Testsuites.MUI.Regression.Smoke" name="Log Out" time="0.010">
<failure message="Error: Could not find active page" type="AssertionError"/>
</testcase>
<properties>
<property name="Documentation" value="This file contains smoke tests for MUI"/>
</properties>
</testsuite>
</testsuite>
</testsuite>
<testsuite name="Pretest" tests="8" errors="0" failures="2" skipped="0" time="1.137" timestamp="2023-07-30T20:26:24.572000">
<testcase classname="Testsuites.Pretest" name="Pre-Test: Get Config" time="0.136">
</testcase>
<testcase classname="Testsuites.Pretest" name="Pre-Test: Check Gmail" time="0.228">
<failure message="TypeError: Quitter.__call__() takes from 1 to 2 positional arguments but 3 were given" type="AssertionError"/>
</testcase>
<testcase classname="Testsuites.Pretest" name="Pre-Test: Verify Variables are Set" time="0.007">
</testcase>
<testcase classname="Testsuites.Pretest" name="Pre-Test: Get Member Inbox" time="0.504">
<failure message="ApiException: (426)&#10;Reason: &#10;HTTP response headers: HTTPHeaderDict({'Date': 'Sun, 30 Jul 2023 20:26:25 GMT', 'Content-Type': 'text/plain;charset=UTF-8', 'Content-Length': '818', 'Connection': 'keep-alive', 'X-XSS-Protection': '1; mode=block', 'Referrer-Policy': 'same-origin', 'Strict-Transport-Security': 'max-age=63072000; includeSubdomains; preload', 'X-Content-Type-Options': 'nosniff', 'Content-Security-Policy': &quot;default-src https: 'self' app.mailslurp.com *.mailslurp.com *.mailslurp.link *.mailslurp.dev http://localhost:3000; object-src none; frame-ancestors 'self' app.mailslurp.com *.mailslurp.com *.mailslurp.link *.mailslurp.dev http://localhost:3000; img-src * data: 'unsafe-inline'; style-src * data: 'unsafe-inline';&quot;, 'Vary': 'Origin, Access-Control-Request-Method, Access-Control-Request-Headers', 'Cache-Control': 'no-cache, no-store, max-age=0, must-revalidate', 'Pragma': 'no-cache', 'Expires': '0', 'X-Frame-Options': 'DENY'})&#10;HTTP response body: {&quot;message&quot;:&quot;Action not permitted. Message: `Your current free account CreateInbox feature limit MONTHLY_COUNT has been exceeded. Upgrade your account to increase usage and abilities. Current value = 123. Plan limit = 50`. Please upgrade your account. View your account dashboard at https://app.mailslurp.com/login/. For more usage see pricing page . For more help contact support on contact@mailslurp.dev&quot;,&quot;caseNumber&quot;:&quot;CASE-NF-d044f046-2782-464f-baf9-e214fe822a10&quot;,&quot;errorClass&quot;:&quot;Error426UpgradeRequired&quot;,&quot;errorCode&quot;:&quot;E_001_UNEXPECTED_ERROR&quot;,&quot;comment&quot;:&quot;If your error persists please submit a ticket at `https://mailslurp.zendesk.com/hc/en-us/requests/new`. Please include your error `caseNumber` if available to help support debug the issue. Sharing screenshots or samples of your code will help the team understand.&quot;}&#10;" type="AssertionError"/>
</testcase>
<testcase classname="Testsuites.Pretest" name="Pre-Test: Verify BUI is Up" time="0.004">
</testcase>
<testcase classname="Testsuites.Pretest" name="Pre-Test: Verify API is Up" time="0.003">
</testcase>
<testcase classname="Testsuites.Pretest" name="Pre-Test: Verify MUI is Up" time="0.002">
</testcase>
<testcase classname="Testsuites.Pretest" name="Verify Rooms are Available" time="0.004">
</testcase>
<properties>
<property name="Documentation" value="A test suite that will verify external libraries and variables&#10;Must pass in order for everything else to work as expected"/>
</properties>
</testsuite>
<properties>
<property name="Documentation" value="Argument file for running tests on Omena Staging Environmen (test3)"/>
</properties>
</testsuite>
