<?xml version="1.0" encoding="UTF-8"?>
<robot generator="Robot 5.0.1 (Python 3.10.12 on linux)" generated="20230713 16:23:24.949" rpa="false" schemaversion="3">
<suite id="s1" name="Testsuites" source="/home/runner/work/nelson-test-automation/nelson-test-automation/testsuites">
<suite id="s1-s1" name="BUI" source="/home/runner/work/nelson-test-automation/nelson-test-automation/testsuites/BUI">
<suite id="s1-s1-s1" name="Regression" source="/home/runner/work/nelson-test-automation/nelson-test-automation/testsuites/BUI/regression">
<suite id="s1-s1-s1-s1" name="New Booking" source="/home/runner/work/nelson-test-automation/nelson-test-automation/testsuites/BUI/regression/new_booking.robot">
<kw name="Open Browser to Landing Page" library="common" type="SETUP">
<doc>A general startup keyword for opening a browser to the landing page.</doc>
<kw name="Open New Browser To URL" library="common">
<arg>${url}</arg>
<kw name="New Browser" library="Browser">
<arg>${browser}</arg>
<arg>${headless}</arg>
<arg>timeout=${timeout}</arg>
<tag>BrowserControl</tag>
<tag>Setter</tag>
<doc>Create a new playwright Browser with specified options.</doc>
<msg timestamp="20230713 16:23:25.871" level="INFO">{"browser": "firefox", "headless": true, "devtools": false, "handleSIGHUP": true, "handleSIGINT": true, "handleSIGTERM": true, "slowMo": 0.0, "timeout": 90000.0, "tracesDir": "/home/runner/work/nelson-test-automation/nelson-test-automation/reports/test4/browser/traces/997f1bc0-c645-4111-b495-09de72ba8242"}</msg>
<msg timestamp="20230713 16:23:26.527" level="INFO">Successfully created browser with options: {"browser":"firefox","headless":true,"devtools":false,"handleSIGHUP":true,"handleSIGINT":true,"handleSIGTERM":true,"slowMo":0,"timeout":90000,"tracesDir":"/home/runner/work/nelson-test-automation/nelson-test-automation/reports/test4/browser/traces/997f1bc0-c645-4111-b495-09de72ba8242"}</msg>
<status status="PASS" starttime="20230713 16:23:25.870" endtime="20230713 16:23:26.527"/>
</kw>
<kw name="Set Browser Timeout" library="Browser">
<arg>${timeout}</arg>
<tag>Config</tag>
<tag>Setter</tag>
<doc>Sets the timeout used by most input and getter keywords.</doc>
<msg timestamp="20230713 16:23:26.532" level="INFO">No context open.</msg>
<status status="PASS" starttime="20230713 16:23:26.528" endtime="20230713 16:23:26.532"/>
</kw>
<kw name="New Context" library="Browser">
<tag>BrowserControl</tag>
<tag>Setter</tag>
<doc>Create a new BrowserContext with specified options.</doc>
<msg timestamp="20230713 16:23:26.533" level="INFO">{
  "acceptDownloads": true,
  "bypassCSP": false,
  "forcedColors": "none",
  "hideRfBrowser": "",
  "ignoreHTTPSErrors": false,
  "javaScriptEnabled": true,
  "offline": false,
  "reducedMotion": "no-preference",
  "viewport": {
    "height": 720,
    "width": 1280
  }
}</msg>
<msg timestamp="20230713 16:23:26.586" level="INFO">Successfully created context. </msg>
<msg timestamp="20230713 16:23:26.586" level="INFO">{'acceptDownloads': True, 'bypassCSP': False, 'forcedColors': 'none', 'hideRfBrowser': '', 'ignoreHTTPSErrors': False, 'javaScriptEnabled': True, 'offline': False, 'reducedMotion': 'no-preference', 'viewport': {'height': 720, 'width': 1280}}</msg>
<status status="PASS" starttime="20230713 16:23:26.532" endtime="20230713 16:23:26.586"/>
</kw>
<kw name="New Page" library="Browser">
<arg>${url}</arg>
<tag>BrowserControl</tag>
<tag>Setter</tag>
<doc>Open a new Page.</doc>
<msg timestamp="20230713 16:23:29.118" level="INFO">Successfully initialized new page object and opened url: https://test4.omenahotels.com/en</msg>
<status status="PASS" starttime="20230713 16:23:26.586" endtime="20230713 16:23:29.119"/>
</kw>
<status status="PASS" starttime="20230713 16:23:25.870" endtime="20230713 16:23:29.119"/>
</kw>
<kw name="Wait Until Network Is Idle" library="Browser">
<tag>HTTP</tag>
<tag>Wait</tag>
<doc>Waits until there has been at least one instance of 500 ms of no network traffic on the page after loading.</doc>
<status status="PASS" starttime="20230713 16:23:29.119" endtime="20230713 16:23:29.615"/>
</kw>
<kw name="Allow Cookies" library="common">
<doc>Allow Cookies/Toggle Cookie allowance</doc>
<kw name="Is Element Found" library="common">
<var>${cookieModalVisible}</var>
<arg>id=CybotCookiebotDialogBodyLevelButtonLevelOptinAllowAll</arg>
<doc>A keyword that has a very complex way of figuring out whether an
element is found or not because I had trouble with the built-in keywords
Can be solved differently if you have a better idea</doc>
<kw name="Set Browser Timeout" library="Browser">
<arg>10s</arg>
<tag>Config</tag>
<tag>Setter</tag>
<doc>Sets the timeout used by most input and getter keywords.</doc>
<msg timestamp="20230713 16:23:29.619" level="INFO">Set timeout to: 10000</msg>
<status status="PASS" starttime="20230713 16:23:29.616" endtime="20230713 16:23:29.619"/>
</kw>
<try>
<branch type="TRY">
<kw name="Get Elements" library="Browser">
<var>${els}</var>
<arg>${selector}</arg>
<tag>Getter</tag>
<tag>PageContent</tag>
<doc>Returns a reference to Playwright [https://playwright.dev/docs/api/class-locator|Locator]
for all matched elements by ``selector``.</doc>
<msg timestamp="20230713 16:23:39.627" level="INFO">Found  Locators successfully.</msg>
<msg timestamp="20230713 16:23:39.627" level="INFO">${els} = []</msg>
<status status="PASS" starttime="20230713 16:23:29.620" endtime="20230713 16:23:39.627"/>
</kw>
<kw name="Get Length" library="BuiltIn">
<var>${count}</var>
<arg>${els}</arg>
<doc>Returns and logs the length of the given item as an integer.</doc>
<msg timestamp="20230713 16:23:39.628" level="INFO">Length is 0</msg>
<msg timestamp="20230713 16:23:39.628" level="INFO">${count} = 0</msg>
<status status="PASS" starttime="20230713 16:23:39.628" endtime="20230713 16:23:39.628"/>
</kw>
<if>
<branch type="IF" condition="${count} &gt; 0">
<kw name="Set Variable" library="BuiltIn">
<var>${visible}</var>
<arg>True</arg>
<doc>Returns the given values which can then be assigned to a variables.</doc>
<status status="NOT RUN" starttime="20230713 16:23:39.629" endtime="20230713 16:23:39.629"/>
</kw>
<status status="NOT RUN" starttime="20230713 16:23:39.628" endtime="20230713 16:23:39.629"/>
</branch>
<branch type="ELSE">
<kw name="Set Variable" library="BuiltIn">
<var>${visible}</var>
<arg>False</arg>
<doc>Returns the given values which can then be assigned to a variables.</doc>
<msg timestamp="20230713 16:23:39.629" level="INFO">${visible} = False</msg>
<status status="PASS" starttime="20230713 16:23:39.629" endtime="20230713 16:23:39.629"/>
</kw>
<status status="PASS" starttime="20230713 16:23:39.629" endtime="20230713 16:23:39.629"/>
</branch>
<status status="PASS" starttime="20230713 16:23:39.628" endtime="20230713 16:23:39.629"/>
</if>
<status status="PASS" starttime="20230713 16:23:29.619" endtime="20230713 16:23:39.629"/>
</branch>
<branch type="EXCEPT">
<kw name="Set Variable" library="BuiltIn">
<var>${visible}</var>
<arg>False</arg>
<doc>Returns the given values which can then be assigned to a variables.</doc>
<status status="NOT RUN" starttime="20230713 16:23:39.630" endtime="20230713 16:23:39.630"/>
</kw>
<status status="NOT RUN" starttime="20230713 16:23:39.630" endtime="20230713 16:23:39.630"/>
</branch>
<status status="PASS" starttime="20230713 16:23:29.619" endtime="20230713 16:23:39.630"/>
</try>
<kw name="Set Browser Timeout" library="Browser">
<arg>${timeout}</arg>
<tag>Config</tag>
<tag>Setter</tag>
<doc>Sets the timeout used by most input and getter keywords.</doc>
<msg timestamp="20230713 16:23:39.634" level="INFO">Set timeout to: 90000</msg>
<status status="PASS" starttime="20230713 16:23:39.630" endtime="20230713 16:23:39.634"/>
</kw>
<msg timestamp="20230713 16:23:39.634" level="INFO">${cookieModalVisible} = False</msg>
<status status="PASS" starttime="20230713 16:23:29.616" endtime="20230713 16:23:39.634"/>
</kw>
<if>
<branch type="IF" condition="${cookieModalVisible}">
<kw name="Click" library="Browser">
<arg>id=CybotCookiebotDialogBodyLevelButtonLevelOptinAllowAll</arg>
<tag>PageContent</tag>
<tag>Setter</tag>
<doc>Simulates mouse click on the element found by ``selector``.</doc>
<status status="NOT RUN" starttime="20230713 16:23:39.635" endtime="20230713 16:23:39.635"/>
</kw>
<status status="NOT RUN" starttime="20230713 16:23:39.635" endtime="20230713 16:23:39.635"/>
</branch>
<branch type="ELSE">
<kw name="Log" library="BuiltIn">
<arg>No Cookie Modal Visible</arg>
<doc>Logs the given message with the given level.</doc>
<msg timestamp="20230713 16:23:39.635" level="INFO">No Cookie Modal Visible</msg>
<status status="PASS" starttime="20230713 16:23:39.635" endtime="20230713 16:23:39.636"/>
</kw>
<status status="PASS" starttime="20230713 16:23:39.635" endtime="20230713 16:23:39.636"/>
</branch>
<status status="PASS" starttime="20230713 16:23:39.634" endtime="20230713 16:23:39.636"/>
</if>
<status status="PASS" starttime="20230713 16:23:29.616" endtime="20230713 16:23:39.636"/>
</kw>
<kw name="Set Environment" library="common">
<kw name="Get Url" library="Browser">
<var>${currentUrl}</var>
<tag>Assertion</tag>
<tag>Getter</tag>
<tag>PageContent</tag>
<doc>Returns the current URL.</doc>
<msg timestamp="20230713 16:23:39.638" level="INFO">${currentUrl} = https://test4.omenahotels.com/en</msg>
<status status="PASS" starttime="20230713 16:23:39.636" endtime="20230713 16:23:39.638"/>
</kw>
<kw name="Get Environment From Url" library="Helpers">
<var>${env}</var>
<arg>${currentUrl}</arg>
<msg timestamp="20230713 16:23:39.639" level="INFO">${env} = test-omena</msg>
<status status="PASS" starttime="20230713 16:23:39.639" endtime="20230713 16:23:39.639"/>
</kw>
<kw name="Set Variable" library="BuiltIn">
<arg>${environment}</arg>
<arg>${env}</arg>
<doc>Returns the given values which can then be assigned to a variables.</doc>
<status status="PASS" starttime="20230713 16:23:39.639" endtime="20230713 16:23:39.639"/>
</kw>
<status status="PASS" starttime="20230713 16:23:39.636" endtime="20230713 16:23:39.639"/>
</kw>
<status status="PASS" starttime="20230713 16:23:25.869" endtime="20230713 16:23:39.640"/>
</kw>
<test id="s1-s1-s1-s1-t1" name="Create A New Booking as" line="12">
<kw name="Select Hotel" library="booking">
<doc>Select Hotel by using a number as an argument, default Lönnrotinkatu</doc>
<if>
<branch type="IF" condition="&quot;${environment}&quot; == &quot;test-exhibition&quot;">
<kw name="Log" library="BuiltIn">
<arg>No hotel to be selected</arg>
<doc>Logs the given message with the given level.</doc>
<status status="NOT RUN" starttime="20230713 16:23:39.641" endtime="20230713 16:23:39.641"/>
</kw>
<status status="NOT RUN" starttime="20230713 16:23:39.641" endtime="20230713 16:23:39.642"/>
</branch>
<branch type="ELSE">
<kw name="Log" library="BuiltIn">
<arg>Selecting Hotel: ${hotel}</arg>
<doc>Logs the given message with the given level.</doc>
<msg timestamp="20230713 16:23:39.642" level="INFO">Selecting Hotel: Lönnrotin</msg>
<status status="PASS" starttime="20230713 16:23:39.642" endtime="20230713 16:23:39.642"/>
</kw>
<kw name="Click" library="Browser">
<arg>//div[contains(@data-nelson-btn, "hotels")]</arg>
<tag>PageContent</tag>
<tag>Setter</tag>
<doc>Simulates mouse click on the element found by ``selector``.</doc>
<kw name="Take Custom Screenshot" library="common">
<doc>Sets the screenshot directory and filename</doc>
<kw name="Take Screenshot" library="Browser">
<arg>filename=${OUTPUTDIR}/screenshots/${SUITE NAME}_${TEST NAME}_{index}.png</arg>
<tag>PageContent</tag>
<doc>Takes a screenshot of the current window or element and saves it to disk.</doc>
<msg timestamp="20230713 16:25:09.680" level="INFO" html="true">&lt;/td&gt;&lt;/tr&gt;&lt;tr&gt;&lt;td colspan="3"&gt;&lt;a href="screenshots/Testsuites.BUI.Regression.New%20Booking_Create%20A%20New%20Booking%20as_1.png" target="_blank"&gt;&lt;img src="screenshots/Testsuites.BUI.Regression.New%20Booking_Create%20A%20New%20Booking%20as_1.png" width="800px"/&gt;&lt;/a&gt;</msg>
<status status="PASS" starttime="20230713 16:25:09.649" endtime="20230713 16:25:09.680"/>
</kw>
<status status="PASS" starttime="20230713 16:25:09.648" endtime="20230713 16:25:09.680"/>
</kw>
<msg timestamp="20230713 16:25:09.680" level="INFO">See also file:///home/runner/work/nelson-test-automation/nelson-test-automation/reports/test4/playwright-log.txt for additional details.</msg>
<msg timestamp="20230713 16:25:09.681" level="FAIL">TimeoutError: locator.click: Timeout 90000ms exceeded.
=========================== logs ===========================
waiting for locator('xpath=//div[contains(@data-nelson-btn, "hotels")]')
============================================================
Tip: Use "Set Browser Timeout" for increasing the timeout or double check your locator as the targeted element(s) couldn't be found.</msg>
<status status="FAIL" starttime="20230713 16:23:39.642" endtime="20230713 16:25:09.708"/>
</kw>
<kw name="Wait Until Visible" library="common">
<arg>//a[contains(@class, 'dropdown-item') and contains(text(), '${hotel}')]</arg>
<doc>An easier keyword for waiting until an element is visible</doc>
<status status="NOT RUN" starttime="20230713 16:25:09.709" endtime="20230713 16:25:09.709"/>
</kw>
<kw name="Click" library="Browser">
<arg>//a[contains(@class, 'dropdown-item') and contains(text(), '${hotel}')]</arg>
<tag>PageContent</tag>
<tag>Setter</tag>
<doc>Simulates mouse click on the element found by ``selector``.</doc>
<status status="NOT RUN" starttime="20230713 16:25:09.709" endtime="20230713 16:25:09.709"/>
</kw>
<kw name="Wait For Elements State" library="Browser">
<arg>//a[contains(@class, 'dropdown-item') and contains(text(), '${hotel}')]</arg>
<arg>hidden</arg>
<arg>timeout=3s</arg>
<tag>PageContent</tag>
<tag>Wait</tag>
<doc>Waits for the element found by ``selector`` to satisfy state option.</doc>
<status status="NOT RUN" starttime="20230713 16:25:09.709" endtime="20230713 16:25:09.709"/>
</kw>
<status status="FAIL" starttime="20230713 16:23:39.642" endtime="20230713 16:25:09.710"/>
</branch>
<status status="FAIL" starttime="20230713 16:23:39.641" endtime="20230713 16:25:09.710"/>
</if>
<status status="FAIL" starttime="20230713 16:23:39.641" endtime="20230713 16:25:09.710"/>
</kw>
<kw name="Select Dates" library="booking">
<status status="NOT RUN" starttime="20230713 16:25:09.711" endtime="20230713 16:25:09.711"/>
</kw>
<kw name="Select Guests" library="booking">
<doc>Selects the number of guests for the booking, current implementation will only check the dropdown</doc>
<status status="NOT RUN" starttime="20230713 16:25:09.711" endtime="20230713 16:25:09.711"/>
</kw>
<kw name="Click Book or Find Rooms Button" library="booking">
<status status="NOT RUN" starttime="20230713 16:25:09.711" endtime="20230713 16:25:09.711"/>
</kw>
<kw name="Select a Standard Room" library="booking">
<status status="NOT RUN" starttime="20230713 16:25:09.711" endtime="20230713 16:25:09.711"/>
</kw>
<kw name="Click Continue to Extras Button" library="booking">
<doc>Clicks the continue to extras button</doc>
<status status="NOT RUN" starttime="20230713 16:25:09.712" endtime="20230713 16:25:09.712"/>
</kw>
<kw name="Continue to Payment" library="booking">
<status status="NOT RUN" starttime="20230713 16:25:09.712" endtime="20230713 16:25:09.712"/>
</kw>
<kw name="Fill in Contact Information" library="booking">
<doc>Fills in Contact information that can be given as arguments or use default values
Uses a password if the environment is bui and</doc>
<status status="NOT RUN" starttime="20230713 16:25:09.712" endtime="20230713 16:25:09.712"/>
</kw>
<kw name="Accept offers and Terms" library="booking">
<status status="NOT RUN" starttime="20230713 16:25:09.712" endtime="20230713 16:25:09.712"/>
</kw>
<kw name="Select Web Bank and Nordea as Payment Method" library="booking">
<status status="NOT RUN" starttime="20230713 16:25:09.712" endtime="20230713 16:25:09.712"/>
</kw>
<kw name="Complete Payment Successfully" library="booking">
<status status="NOT RUN" starttime="20230713 16:25:09.713" endtime="20230713 16:25:09.713"/>
</kw>
<doc>A new booker opens the page and does a successful booking</doc>
<tag>smoke</tag>
<status status="FAIL" starttime="20230713 16:23:39.640" endtime="20230713 16:25:09.713">TimeoutError: locator.click: Timeout 90000ms exceeded.
=========================== logs ===========================
waiting for locator('xpath=//div[contains(@data-nelson-btn, "hotels")]')
============================================================
Tip: Use "Set Browser Timeout" for increasing the timeout or double check your locator as the targeted element(s) couldn't be found.</status>
</test>
<test id="s1-s1-s1-s1-t2" name="Confirm Email and Open Link" line="26">
<kw name="Get Variable Value" library="BuiltIn">
<var>${id}</var>
<arg>$ID</arg>
<doc>Returns variable value or ``default`` if the variable does not exist.</doc>
<msg timestamp="20230713 16:25:09.719" level="INFO">${id} = None</msg>
<status status="PASS" starttime="20230713 16:25:09.718" endtime="20230713 16:25:09.720"/>
</kw>
<kw name="Wait for Latest Booking Confirmation and Extract Link" library="MailSlurp">
<var>${modify_link}</var>
<arg>${id}</arg>
<msg timestamp="20230713 16:25:09.720" level="FAIL">ApiValueError: Missing the required parameter `inbox_id` when calling `wait_for_matching_emails`</msg>
<status status="FAIL" starttime="20230713 16:25:09.720" endtime="20230713 16:25:09.721"/>
</kw>
<kw name="Open New Browser To URL" library="common">
<arg>${modify_link}</arg>
<status status="NOT RUN" starttime="20230713 16:25:09.721" endtime="20230713 16:25:09.721"/>
</kw>
<doc>A new booker receives an email with a link to modify the booking</doc>
<tag>smoke</tag>
<status status="FAIL" starttime="20230713 16:25:09.717" endtime="20230713 16:25:09.722">ApiValueError: Missing the required parameter `inbox_id` when calling `wait_for_matching_emails`</status>
</test>
<kw name="Close Browser" library="Browser" type="TEARDOWN">
<tag>BrowserControl</tag>
<tag>Setter</tag>
<doc>Closes the current browser.</doc>
<msg timestamp="20230713 16:25:10.301" level="INFO">Closed browser</msg>
<status status="PASS" starttime="20230713 16:25:09.727" endtime="20230713 16:25:10.302"/>
</kw>
<doc>A test suite for verifying modify booking functionality</doc>
<status status="FAIL" starttime="20230713 16:23:24.972" endtime="20230713 16:25:10.302"/>
</suite>
<status status="FAIL" starttime="20230713 16:23:24.971" endtime="20230713 16:25:10.307"/>
</suite>
<status status="FAIL" starttime="20230713 16:23:24.968" endtime="20230713 16:25:10.308"/>
</suite>
<doc>Argument file for running tests on Omena test4 environment (test4)</doc>
<status status="FAIL" starttime="20230713 16:23:24.950" endtime="20230713 16:25:10.309"/>
</suite>
<statistics>
<total>
<stat pass="0" fail="2" skip="0">All Tests</stat>
</total>
<tag>
<stat pass="0" fail="2" skip="0">smoke</stat>
</tag>
<suite>
<stat pass="0" fail="2" skip="0" id="s1" name="Testsuites">Testsuites</stat>
<stat pass="0" fail="2" skip="0" id="s1-s1" name="BUI">Testsuites.BUI</stat>
<stat pass="0" fail="2" skip="0" id="s1-s1-s1" name="Regression">Testsuites.BUI.Regression</stat>
<stat pass="0" fail="2" skip="0" id="s1-s1-s1-s1" name="New Booking">Testsuites.BUI.Regression.New Booking</stat>
</suite>
</statistics>
<errors>
</errors>
</robot>
