<?xml version="1.0" encoding="UTF-8"?>
<robot generator="Robot 5.0.1 (Python 3.10.12 on linux)" generated="20230708 15:01:52.519" rpa="false" schemaversion="3">
<suite id="s1" name="Testsuites" source="/home/runner/work/nelson-test-automation/nelson-test-automation/testsuites">
<suite id="s1-s1" name="BUI" source="/home/runner/work/nelson-test-automation/nelson-test-automation/testsuites/BUI">
<suite id="s1-s1-s1" name="Feature" source="/home/runner/work/nelson-test-automation/nelson-test-automation/testsuites/BUI/feature">
<suite id="s1-s1-s1-s1" name="Online Check In" source="/home/runner/work/nelson-test-automation/nelson-test-automation/testsuites/BUI/feature/online_check_in">
<suite id="s1-s1-s1-s1-s1" name="BUI2-556" source="/home/runner/work/nelson-test-automation/nelson-test-automation/testsuites/BUI/feature/online_check_in/BUI2-556.robot">
<kw name="Open Browser to Landing Page" library="common" type="SETUP">
<doc>A general startup keyword for opening a browser to the landing page.</doc>
<kw name="Open New Browser To URL" library="common">
<arg>${url}</arg>
<kw name="New Browser" library="Browser">
<arg>${browser}</arg>
<arg>${headless}</arg>
<arg>timeout=${timeout}</arg>
<tag>BrowserControl</tag>
<tag>Setter</tag>
<doc>Create a new playwright Browser with specified options.</doc>
<msg timestamp="20230708 15:01:53.831" level="INFO">{"browser": "firefox", "headless": true, "devtools": false, "handleSIGHUP": true, "handleSIGINT": true, "handleSIGTERM": true, "slowMo": 0.0, "timeout": 90000.0, "deprecated_pos_args": [], "tracesDir": "/home/runner/work/nelson-test-automation/nelson-test-automation/reports/test4/browser/traces/ecac1c90-bbf1-4ccb-ab6f-fc30c40fee2b"}</msg>
<msg timestamp="20230708 15:01:54.562" level="INFO">Successfully created browser with options: {"browser":"firefox","headless":true,"devtools":false,"handleSIGHUP":true,"handleSIGINT":true,"handleSIGTERM":true,"slowMo":0,"timeout":90000,"deprecated_pos_args":[],"tracesDir":"/home/runner/work/nelson-test-automation/nelson-test-automation/reports/test4/browser/traces/ecac1c90-bbf1-4ccb-ab6f-fc30c40fee2b"}</msg>
<status status="PASS" starttime="20230708 15:01:53.830" endtime="20230708 15:01:54.562"/>
</kw>
<kw name="Set Browser Timeout" library="Browser">
<arg>${timeout}</arg>
<tag>Config</tag>
<tag>Setter</tag>
<doc>Sets the timeout used by most input and getter keywords.</doc>
<msg timestamp="20230708 15:01:54.567" level="INFO">No context open.</msg>
<status status="PASS" starttime="20230708 15:01:54.563" endtime="20230708 15:01:54.567"/>
</kw>
<kw name="New Context" library="Browser">
<tag>BrowserControl</tag>
<tag>Setter</tag>
<doc>Create a new BrowserContext with specified options.</doc>
<msg timestamp="20230708 15:01:54.567" level="INFO">{
  "acceptDownloads": true,
  "bypassCSP": false,
  "forcedColors": "none",
  "hideRfBrowser": false,
  "ignoreHTTPSErrors": false,
  "javaScriptEnabled": true,
  "offline": false,
  "reducedMotion": "no-preference",
  "viewport": {
    "height": 720,
    "width": 1280
  },
  "deprecated_pos_args": []
}</msg>
<msg timestamp="20230708 15:01:54.644" level="INFO">Successfully created context. </msg>
<msg timestamp="20230708 15:01:54.644" level="INFO">{'acceptDownloads': True, 'bypassCSP': False, 'forcedColors': 'none', 'hideRfBrowser': False, 'ignoreHTTPSErrors': False, 'javaScriptEnabled': True, 'offline': False, 'reducedMotion': 'no-preference', 'viewport': {'height': 720, 'width': 1280}, 'deprecated_pos_args': []}</msg>
<status status="PASS" starttime="20230708 15:01:54.567" endtime="20230708 15:01:54.644"/>
</kw>
<kw name="New Page" library="Browser">
<arg>${url}</arg>
<tag>BrowserControl</tag>
<tag>Setter</tag>
<doc>Open a new Page.</doc>
<msg timestamp="20230708 15:01:59.882" level="INFO">Successfully initialized new page object and opened url: https://test4.omenahotels.com/</msg>
<status status="PASS" starttime="20230708 15:01:54.645" endtime="20230708 15:01:59.883"/>
</kw>
<status status="PASS" starttime="20230708 15:01:53.829" endtime="20230708 15:01:59.883"/>
</kw>
<kw name="Wait Until Network Is Idle" library="Browser">
<tag>HTTP</tag>
<tag>Wait</tag>
<doc>Waits until there has been at least one instance of 500 ms of no network traffic on the page after loading.</doc>
<status status="PASS" starttime="20230708 15:01:59.883" endtime="20230708 15:02:02.122"/>
</kw>
<kw name="Allow Cookies" library="common">
<doc>Allow Cookies/Toggle Cookie allowance</doc>
<kw name="Is Element Found" library="common">
<var>${cookieModalVisible}</var>
<arg>id=CybotCookiebotDialogBodyLevelButtonLevelOptinAllowAll</arg>
<doc>A keyword that has a very complex way of figuring out whether an
element is found or not because I had trouble with the built-in keywords
Can be solved differently if you have a better idea</doc>
<kw name="Set Browser Timeout" library="Browser">
<arg>10s</arg>
<tag>Config</tag>
<tag>Setter</tag>
<doc>Sets the timeout used by most input and getter keywords.</doc>
<msg timestamp="20230708 15:02:02.129" level="INFO">Set timeout to: 10000</msg>
<status status="PASS" starttime="20230708 15:02:02.125" endtime="20230708 15:02:02.130"/>
</kw>
<try>
<branch type="TRY">
<kw name="Get Elements" library="Browser">
<var>${els}</var>
<arg>${selector}</arg>
<tag>Getter</tag>
<tag>PageContent</tag>
<doc>Returns a reference to Playwright [https://playwright.dev/docs/api/class-locator|Locator]
for all matched elements by ``selector``.</doc>
<msg timestamp="20230708 15:02:02.192" level="INFO">Found 1 Locators successfully.</msg>
<msg timestamp="20230708 15:02:02.192" level="INFO">${els} = ['element=4d5b5c00-787a-4a0c-a2b5-ea86e9633142']</msg>
<status status="PASS" starttime="20230708 15:02:02.130" endtime="20230708 15:02:02.193"/>
</kw>
<kw name="Get Length" library="BuiltIn">
<var>${count}</var>
<arg>${els}</arg>
<doc>Returns and logs the length of the given item as an integer.</doc>
<msg timestamp="20230708 15:02:02.193" level="INFO">Length is 1</msg>
<msg timestamp="20230708 15:02:02.193" level="INFO">${count} = 1</msg>
<status status="PASS" starttime="20230708 15:02:02.193" endtime="20230708 15:02:02.193"/>
</kw>
<if>
<branch type="IF" condition="${count} &gt; 0">
<kw name="Set Variable" library="BuiltIn">
<var>${visible}</var>
<arg>True</arg>
<doc>Returns the given values which can then be assigned to a variables.</doc>
<msg timestamp="20230708 15:02:02.194" level="INFO">${visible} = True</msg>
<status status="PASS" starttime="20230708 15:02:02.194" endtime="20230708 15:02:02.194"/>
</kw>
<status status="PASS" starttime="20230708 15:02:02.194" endtime="20230708 15:02:02.194"/>
</branch>
<branch type="ELSE">
<kw name="Set Variable" library="BuiltIn">
<var>${visible}</var>
<arg>False</arg>
<doc>Returns the given values which can then be assigned to a variables.</doc>
<status status="NOT RUN" starttime="20230708 15:02:02.195" endtime="20230708 15:02:02.195"/>
</kw>
<status status="NOT RUN" starttime="20230708 15:02:02.195" endtime="20230708 15:02:02.195"/>
</branch>
<status status="PASS" starttime="20230708 15:02:02.194" endtime="20230708 15:02:02.195"/>
</if>
<status status="PASS" starttime="20230708 15:02:02.130" endtime="20230708 15:02:02.195"/>
</branch>
<branch type="EXCEPT">
<kw name="Set Variable" library="BuiltIn">
<var>${visible}</var>
<arg>False</arg>
<doc>Returns the given values which can then be assigned to a variables.</doc>
<status status="NOT RUN" starttime="20230708 15:02:02.195" endtime="20230708 15:02:02.196"/>
</kw>
<status status="NOT RUN" starttime="20230708 15:02:02.195" endtime="20230708 15:02:02.196"/>
</branch>
<status status="PASS" starttime="20230708 15:02:02.130" endtime="20230708 15:02:02.196"/>
</try>
<kw name="Set Browser Timeout" library="Browser">
<arg>${timeout}</arg>
<tag>Config</tag>
<tag>Setter</tag>
<doc>Sets the timeout used by most input and getter keywords.</doc>
<msg timestamp="20230708 15:02:02.200" level="INFO">Set timeout to: 90000</msg>
<status status="PASS" starttime="20230708 15:02:02.196" endtime="20230708 15:02:02.200"/>
</kw>
<msg timestamp="20230708 15:02:02.200" level="INFO">${cookieModalVisible} = True</msg>
<status status="PASS" starttime="20230708 15:02:02.124" endtime="20230708 15:02:02.200"/>
</kw>
<if>
<branch type="IF" condition="${cookieModalVisible}">
<kw name="Click" library="Browser">
<arg>id=CybotCookiebotDialogBodyLevelButtonLevelOptinAllowAll</arg>
<tag>PageContent</tag>
<tag>Setter</tag>
<doc>Simulates mouse click on the element found by ``selector``.</doc>
<status status="PASS" starttime="20230708 15:02:02.201" endtime="20230708 15:02:02.300"/>
</kw>
<status status="PASS" starttime="20230708 15:02:02.201" endtime="20230708 15:02:02.300"/>
</branch>
<branch type="ELSE">
<kw name="Log" library="BuiltIn">
<arg>No Cookie Modal Visible</arg>
<doc>Logs the given message with the given level.</doc>
<status status="NOT RUN" starttime="20230708 15:02:02.301" endtime="20230708 15:02:02.301"/>
</kw>
<status status="NOT RUN" starttime="20230708 15:02:02.300" endtime="20230708 15:02:02.301"/>
</branch>
<status status="PASS" starttime="20230708 15:02:02.201" endtime="20230708 15:02:02.301"/>
</if>
<status status="PASS" starttime="20230708 15:02:02.123" endtime="20230708 15:02:02.301"/>
</kw>
<kw name="Set Environment" library="common">
<kw name="Get Url" library="Browser">
<var>${currentUrl}</var>
<tag>Assertion</tag>
<tag>Getter</tag>
<tag>PageContent</tag>
<doc>Returns the current URL.</doc>
<msg timestamp="20230708 15:02:02.310" level="INFO">${currentUrl} = https://test4.omenahotels.com/en/</msg>
<status status="PASS" starttime="20230708 15:02:02.302" endtime="20230708 15:02:02.310"/>
</kw>
<kw name="Get Environment From Url" library="Helpers">
<var>${env}</var>
<arg>${currentUrl}</arg>
<msg timestamp="20230708 15:02:02.310" level="INFO">${env} = test-omena</msg>
<status status="PASS" starttime="20230708 15:02:02.310" endtime="20230708 15:02:02.310"/>
</kw>
<kw name="Set Variable" library="BuiltIn">
<arg>${environment}</arg>
<arg>${env}</arg>
<doc>Returns the given values which can then be assigned to a variables.</doc>
<status status="PASS" starttime="20230708 15:02:02.311" endtime="20230708 15:02:02.311"/>
</kw>
<status status="PASS" starttime="20230708 15:02:02.302" endtime="20230708 15:02:02.312"/>
</kw>
<status status="PASS" starttime="20230708 15:01:53.829" endtime="20230708 15:02:02.312"/>
</kw>
<test id="s1-s1-s1-s1-s1-t1" name="Create a new booking, check-in and verify door code is displayed" line="13">
<kw name="Select Hotel" library="booking">
<arg>Helsinki, Lönnrotinkatu</arg>
<doc>Select Hotel by using a number as an argument, default Lönnrotinkatu</doc>
<if>
<branch type="IF" condition="&quot;${environment}&quot; == &quot;test-exhibition&quot;">
<kw name="Log" library="BuiltIn">
<arg>No hotel to be selected</arg>
<doc>Logs the given message with the given level.</doc>
<status status="NOT RUN" starttime="20230708 15:02:02.315" endtime="20230708 15:02:02.315"/>
</kw>
<status status="NOT RUN" starttime="20230708 15:02:02.315" endtime="20230708 15:02:02.315"/>
</branch>
<branch type="ELSE">
<kw name="Log" library="BuiltIn">
<arg>Selecting Hotel: ${hotel}</arg>
<doc>Logs the given message with the given level.</doc>
<msg timestamp="20230708 15:02:02.316" level="INFO">Selecting Hotel: Helsinki, Lönnrotinkatu</msg>
<status status="PASS" starttime="20230708 15:02:02.315" endtime="20230708 15:02:02.316"/>
</kw>
<kw name="Click" library="Browser">
<arg>//div[contains(@data-nelson-btn, "hotels")]</arg>
<tag>PageContent</tag>
<tag>Setter</tag>
<doc>Simulates mouse click on the element found by ``selector``.</doc>
<status status="PASS" starttime="20230708 15:02:02.316" endtime="20230708 15:02:02.436"/>
</kw>
<kw name="Wait Until Visible" library="common">
<arg>//a[contains(@class, 'dropdown-item') and contains(text(), '${hotel}')]</arg>
<doc>An easier keyword for waiting until an element is visible</doc>
<kw name="Wait For Elements State" library="Browser">
<arg>${element}</arg>
<arg>visible</arg>
<arg>timeout=${timeout}</arg>
<tag>PageContent</tag>
<tag>Wait</tag>
<doc>Waits for the element found by ``selector`` to satisfy state option.</doc>
<msg timestamp="20230708 15:02:02.548" level="INFO">Waited for Element with selector //a[contains(@class, 'dropdown-item') and contains(text(), 'Helsinki, Lönnrotinkatu')] at state visible</msg>
<status status="PASS" starttime="20230708 15:02:02.437" endtime="20230708 15:02:02.549"/>
</kw>
<status status="PASS" starttime="20230708 15:02:02.437" endtime="20230708 15:02:02.549"/>
</kw>
<kw name="Click" library="Browser">
<arg>//a[contains(@class, 'dropdown-item') and contains(text(), '${hotel}')]</arg>
<tag>PageContent</tag>
<tag>Setter</tag>
<doc>Simulates mouse click on the element found by ``selector``.</doc>
<status status="PASS" starttime="20230708 15:02:02.549" endtime="20230708 15:02:02.800"/>
</kw>
<kw name="Wait For Elements State" library="Browser">
<arg>//a[contains(@class, 'dropdown-item') and contains(text(), '${hotel}')]</arg>
<arg>hidden</arg>
<arg>timeout=3s</arg>
<tag>PageContent</tag>
<tag>Wait</tag>
<doc>Waits for the element found by ``selector`` to satisfy state option.</doc>
<msg timestamp="20230708 15:02:02.855" level="INFO">Waited for Element with selector //a[contains(@class, 'dropdown-item') and contains(text(), 'Helsinki, Lönnrotinkatu')] at state hidden</msg>
<status status="PASS" starttime="20230708 15:02:02.801" endtime="20230708 15:02:02.856"/>
</kw>
<status status="PASS" starttime="20230708 15:02:02.315" endtime="20230708 15:02:02.856"/>
</branch>
<status status="PASS" starttime="20230708 15:02:02.314" endtime="20230708 15:02:02.856"/>
</if>
<status status="PASS" starttime="20230708 15:02:02.314" endtime="20230708 15:02:02.856"/>
</kw>
<kw name="Select Dates" library="booking">
<kw name="Log" library="BuiltIn">
<arg>Skipping date selection for now</arg>
<doc>Logs the given message with the given level.</doc>
<msg timestamp="20230708 15:02:02.857" level="INFO">Skipping date selection for now</msg>
<status status="PASS" starttime="20230708 15:02:02.857" endtime="20230708 15:02:02.857"/>
</kw>
<status status="PASS" starttime="20230708 15:02:02.856" endtime="20230708 15:02:02.858"/>
</kw>
<kw name="Select Guests" library="booking">
<doc>Selects the number of guests for the booking, current implementation will only check the dropdown</doc>
<kw name="Log To Console" library="BuiltIn">
<arg>Not yet implemented</arg>
<doc>Logs the given message to the console.</doc>
<status status="PASS" starttime="20230708 15:02:02.858" endtime="20230708 15:02:02.860"/>
</kw>
<status status="PASS" starttime="20230708 15:02:02.858" endtime="20230708 15:02:02.861"/>
</kw>
<kw name="Click Book Button" library="booking">
<kw name="Click" library="Browser">
<arg>//div[@data-nelson-btn='book']</arg>
<tag>PageContent</tag>
<tag>Setter</tag>
<doc>Simulates mouse click on the element found by ``selector``.</doc>
<status status="PASS" starttime="20230708 15:02:02.861" endtime="20230708 15:02:03.535"/>
</kw>
<status status="PASS" starttime="20230708 15:02:02.861" endtime="20230708 15:02:03.536"/>
</kw>
<kw name="Select a Standard Room" library="booking">
<kw name="Wait Until Visible" library="common">
<arg>${btnExtras}</arg>
<doc>An easier keyword for waiting until an element is visible</doc>
<kw name="Wait For Elements State" library="Browser">
<arg>${element}</arg>
<arg>visible</arg>
<arg>timeout=${timeout}</arg>
<tag>PageContent</tag>
<tag>Wait</tag>
<doc>Waits for the element found by ``selector`` to satisfy state option.</doc>
<msg timestamp="20230708 15:02:08.791" level="INFO">Waited for Element with selector (//div[contains(@view,"booking")]//button[contains(text(), "Continue to extras")])[1] at state visible</msg>
<status status="PASS" starttime="20230708 15:02:03.537" endtime="20230708 15:02:08.791"/>
</kw>
<status status="PASS" starttime="20230708 15:02:03.536" endtime="20230708 15:02:08.792"/>
</kw>
<kw name="Get Element States" library="Browser">
<var>${visible}</var>
<arg>//div[contains(text(), 'Select room')]</arg>
<arg>then</arg>
<arg>bool(value &amp; visible)</arg>
<tag>Assertion</tag>
<tag>Getter</tag>
<tag>PageContent</tag>
<doc>Get the active states from the element found by ``selector``.</doc>
<msg timestamp="20230708 15:02:09.048" level="INFO">${visible} = False</msg>
<status status="PASS" starttime="20230708 15:02:08.792" endtime="20230708 15:02:09.048"/>
</kw>
<kw name="Run Keyword If" library="BuiltIn">
<arg>${visible}</arg>
<arg>Select Standard and Remove Other Room Selection</arg>
<doc>Runs the given keyword with the given arguments, if ``condition`` is true.</doc>
<status status="PASS" starttime="20230708 15:02:09.048" endtime="20230708 15:02:09.049"/>
</kw>
<status status="PASS" starttime="20230708 15:02:03.536" endtime="20230708 15:02:09.049"/>
</kw>
<kw name="Click Continue to Extras Button" library="booking">
<doc>Clicks the continue to extras button</doc>
<kw name="Click" library="Browser">
<arg>${btnExtras}</arg>
<tag>PageContent</tag>
<tag>Setter</tag>
<doc>Simulates mouse click on the element found by ``selector``.</doc>
<status status="PASS" starttime="20230708 15:02:09.050" endtime="20230708 15:02:15.744"/>
</kw>
<kw name="Wait Until Visible" library="common">
<arg>${btnPayment}</arg>
<doc>An easier keyword for waiting until an element is visible</doc>
<kw name="Wait For Elements State" library="Browser">
<arg>${element}</arg>
<arg>visible</arg>
<arg>timeout=${timeout}</arg>
<tag>PageContent</tag>
<tag>Wait</tag>
<doc>Waits for the element found by ``selector`` to satisfy state option.</doc>
<msg timestamp="20230708 15:02:17.108" level="INFO">Waited for Element with selector (//div[contains(@view,"extras")]//button[contains(text(), "Continue to payment")])[1] at state visible</msg>
<status status="PASS" starttime="20230708 15:02:15.746" endtime="20230708 15:02:17.108"/>
</kw>
<status status="PASS" starttime="20230708 15:02:15.745" endtime="20230708 15:02:17.109"/>
</kw>
<status status="PASS" starttime="20230708 15:02:09.049" endtime="20230708 15:02:17.109"/>
</kw>
<kw name="Continue to Payment" library="booking">
<kw name="Click" library="Browser">
<arg>(//button[normalize-space()='Continue to payment'])[1]</arg>
<tag>PageContent</tag>
<tag>Setter</tag>
<doc>Simulates mouse click on the element found by ``selector``.</doc>
<status status="PASS" starttime="20230708 15:02:17.110" endtime="20230708 15:02:17.381"/>
</kw>
<status status="PASS" starttime="20230708 15:02:17.109" endtime="20230708 15:02:17.381"/>
</kw>
<kw name="Select Join for Free" library="booking">
<kw name="Wait Until Visible" library="common">
<arg>//input[@value='memberRate' and @checked='']</arg>
<doc>An easier keyword for waiting until an element is visible</doc>
<kw name="Wait For Elements State" library="Browser">
<arg>${element}</arg>
<arg>visible</arg>
<arg>timeout=${timeout}</arg>
<tag>PageContent</tag>
<tag>Wait</tag>
<doc>Waits for the element found by ``selector`` to satisfy state option.</doc>
<msg timestamp="20230708 15:02:18.977" level="INFO">Waited for Element with selector //input[@value='memberRate' and @checked=''] at state visible</msg>
<status status="PASS" starttime="20230708 15:02:17.383" endtime="20230708 15:02:18.978"/>
</kw>
<status status="PASS" starttime="20230708 15:02:17.382" endtime="20230708 15:02:18.978"/>
</kw>
<kw name="Wait Until Visible" library="common">
<arg>//div//*[normalize-space()='Join for free and get the member rate']/following-sibling::div[@data-checked]</arg>
<doc>An easier keyword for waiting until an element is visible</doc>
<kw name="Wait For Elements State" library="Browser">
<arg>${element}</arg>
<arg>visible</arg>
<arg>timeout=${timeout}</arg>
<tag>PageContent</tag>
<tag>Wait</tag>
<doc>Waits for the element found by ``selector`` to satisfy state option.</doc>
<msg timestamp="20230708 15:02:18.998" level="INFO">Waited for Element with selector //div//*[normalize-space()='Join for free and get the member rate']/following-sibling::div[@data-checked] at state visible</msg>
<status status="PASS" starttime="20230708 15:02:18.979" endtime="20230708 15:02:18.999"/>
</kw>
<status status="PASS" starttime="20230708 15:02:18.979" endtime="20230708 15:02:18.999"/>
</kw>
<status status="PASS" starttime="20230708 15:02:17.382" endtime="20230708 15:02:18.999"/>
</kw>
<kw name="Fill in Contact Information" library="booking">
<doc>Fills in Contact information that can be given as arguments or use default values
Uses a password if the environment is bui and</doc>
<kw name="Create Email and Return Inbox" library="common">
<var>${inbox}</var>
<doc>Creates a new email address and returns the inbox object</doc>
<kw name="Create new Inbox" library="MailSlurp">
<var>${inbox}</var>
<msg timestamp="20230708 15:02:19.346" level="FAIL">TypeError: expected string or bytes-like object</msg>
<status status="FAIL" starttime="20230708 15:02:19.002" endtime="20230708 15:02:19.373"/>
</kw>
<status status="FAIL" starttime="20230708 15:02:19.000" endtime="20230708 15:02:19.375"/>
</kw>
<kw name="Click and Fill" library="common">
<arg>id=firstName</arg>
<arg>${firstName}</arg>
<doc>A keyword combination of Click and Fill Text since most of the form fields need a click</doc>
<status status="NOT RUN" starttime="20230708 15:02:19.375" endtime="20230708 15:02:19.375"/>
</kw>
<kw name="Click and Fill" library="common">
<arg>id=lastName</arg>
<arg>${lastName}</arg>
<doc>A keyword combination of Click and Fill Text since most of the form fields need a click</doc>
<status status="NOT RUN" starttime="20230708 15:02:19.376" endtime="20230708 15:02:19.376"/>
</kw>
<kw name="Click and Fill" library="common">
<arg>id=email</arg>
<arg>${inbox.email_address}</arg>
<doc>A keyword combination of Click and Fill Text since most of the form fields need a click</doc>
<status status="NOT RUN" starttime="20230708 15:02:19.376" endtime="20230708 15:02:19.376"/>
</kw>
<kw name="Click and Fill" library="common">
<arg>id=phoneNumber</arg>
<arg>${phone}</arg>
<doc>A keyword combination of Click and Fill Text since most of the form fields need a click</doc>
<status status="NOT RUN" starttime="20230708 15:02:19.376" endtime="20230708 15:02:19.376"/>
</kw>
<kw name="Log To Console" library="BuiltIn">
<arg>${inbox.id}</arg>
<doc>Logs the given message to the console.</doc>
<status status="NOT RUN" starttime="20230708 15:02:19.376" endtime="20230708 15:02:19.377"/>
</kw>
<kw name="Set Suite Variable" library="BuiltIn">
<arg>$ID</arg>
<arg>${inbox.id}</arg>
<doc>Makes a variable available everywhere within the scope of the current suite.</doc>
<status status="NOT RUN" starttime="20230708 15:02:19.377" endtime="20230708 15:02:19.377"/>
</kw>
<kw name="Get Element Count" library="Browser">
<var>${passwordVisible}</var>
<arg>id=password</arg>
<tag>Assertion</tag>
<tag>Getter</tag>
<tag>PageContent</tag>
<doc>Returns the count of elements found with ``selector``.</doc>
<status status="NOT RUN" starttime="20230708 15:02:19.377" endtime="20230708 15:02:19.377"/>
</kw>
<if>
<branch type="IF" condition="'${env}'=='bui' and '${passwordVisible}'&gt;'0'">
<kw name="Click and Fill" library="common">
<arg>id=password</arg>
<arg>${password}</arg>
<doc>A keyword combination of Click and Fill Text since most of the form fields need a click</doc>
<status status="NOT RUN" starttime="20230708 15:02:19.378" endtime="20230708 15:02:19.378"/>
</kw>
<status status="NOT RUN" starttime="20230708 15:02:19.377" endtime="20230708 15:02:19.378"/>
</branch>
<branch type="ELSE">
<kw name="Log To Console" library="BuiltIn">
<arg>No password filled</arg>
<doc>Logs the given message to the console.</doc>
<status status="NOT RUN" starttime="20230708 15:02:19.378" endtime="20230708 15:02:19.378"/>
</kw>
<status status="NOT RUN" starttime="20230708 15:02:19.378" endtime="20230708 15:02:19.378"/>
</branch>
<status status="NOT RUN" starttime="20230708 15:02:19.377" endtime="20230708 15:02:19.378"/>
</if>
<status status="FAIL" starttime="20230708 15:02:19.000" endtime="20230708 15:02:19.379"/>
</kw>
<kw name="Accept offers and Terms" library="booking">
<status status="NOT RUN" starttime="20230708 15:02:19.379" endtime="20230708 15:02:19.379"/>
</kw>
<kw name="Select Web Bank and Nordea as Payment Method" library="booking">
<status status="NOT RUN" starttime="20230708 15:02:19.380" endtime="20230708 15:02:19.380"/>
</kw>
<kw name="Complete Payment Successfully" library="booking">
<status status="NOT RUN" starttime="20230708 15:02:19.380" endtime="20230708 15:02:19.380"/>
</kw>
<kw name="Click Check In Button" library="booking">
<status status="NOT RUN" starttime="20230708 15:02:19.380" endtime="20230708 15:02:19.380"/>
</kw>
<kw name="Fill Check in Slide" library="booking">
<status status="NOT RUN" starttime="20230708 15:02:19.380" endtime="20230708 15:02:19.380"/>
</kw>
<kw name="Click Save and Sign Button and Sign if Required" library="booking">
<status status="NOT RUN" starttime="20230708 15:02:19.381" endtime="20230708 15:02:19.381"/>
</kw>
<kw name="Complete Check in" library="booking">
<status status="NOT RUN" starttime="20230708 15:02:19.381" endtime="20230708 15:02:19.381"/>
</kw>
<kw name="Wait Until Door Code is Available" library="checkin">
<status status="NOT RUN" starttime="20230708 15:02:19.381" endtime="20230708 15:02:19.381"/>
</kw>
<kw name="Check Door Code and verify it is not empty" library="checkin">
<status status="NOT RUN" starttime="20230708 15:02:19.381" endtime="20230708 15:02:19.381"/>
</kw>
<kw name="Verify Page Elements after Check-in" library="checkin">
<status status="NOT RUN" starttime="20230708 15:02:19.382" endtime="20230708 15:02:19.382"/>
</kw>
<tag>smoke, booking, BUI2-556, online-checkin</tag>
<status status="FAIL" starttime="20230708 15:02:02.313" endtime="20230708 15:02:19.382">TypeError: expected string or bytes-like object</status>
</test>
<kw name="Close Browser" library="Browser" type="TEARDOWN">
<tag>BrowserControl</tag>
<tag>Setter</tag>
<doc>Closes the current browser.</doc>
<msg timestamp="20230708 15:02:20.024" level="INFO">Closed browser</msg>
<status status="PASS" starttime="20230708 15:02:19.388" endtime="20230708 15:02:20.025"/>
</kw>
<status status="FAIL" starttime="20230708 15:01:52.550" endtime="20230708 15:02:20.025"/>
</suite>
<suite id="s1-s1-s1-s1-s2" name="BUI2-557" source="/home/runner/work/nelson-test-automation/nelson-test-automation/testsuites/BUI/feature/online_check_in/BUI2-557.robot">
<test id="s1-s1-s1-s1-s2-t1" name="Verify UI When in booker view" line="11">
<kw name="Open Browser to Landing Page" library="common" type="SETUP">
<doc>A general startup keyword for opening a browser to the landing page.</doc>
<kw name="Open New Browser To URL" library="common">
<arg>${url}</arg>
<kw name="New Browser" library="Browser">
<arg>${browser}</arg>
<arg>${headless}</arg>
<arg>timeout=${timeout}</arg>
<tag>BrowserControl</tag>
<tag>Setter</tag>
<doc>Create a new playwright Browser with specified options.</doc>
<msg timestamp="20230708 15:02:20.058" level="INFO">{"browser": "firefox", "headless": true, "devtools": false, "handleSIGHUP": true, "handleSIGINT": true, "handleSIGTERM": true, "slowMo": 0.0, "timeout": 90000.0, "deprecated_pos_args": [], "tracesDir": "/home/runner/work/nelson-test-automation/nelson-test-automation/reports/test4/browser/traces/0372a237-18c0-46c6-8c16-c4459c179a38"}</msg>
<msg timestamp="20230708 15:02:20.704" level="INFO">Successfully created browser with options: {"browser":"firefox","headless":true,"devtools":false,"handleSIGHUP":true,"handleSIGINT":true,"handleSIGTERM":true,"slowMo":0,"timeout":90000,"deprecated_pos_args":[],"tracesDir":"/home/runner/work/nelson-test-automation/nelson-test-automation/reports/test4/browser/traces/0372a237-18c0-46c6-8c16-c4459c179a38"}</msg>
<status status="PASS" starttime="20230708 15:02:20.057" endtime="20230708 15:02:20.704"/>
</kw>
<kw name="Set Browser Timeout" library="Browser">
<arg>${timeout}</arg>
<tag>Config</tag>
<tag>Setter</tag>
<doc>Sets the timeout used by most input and getter keywords.</doc>
<msg timestamp="20230708 15:02:20.707" level="INFO">No context open.</msg>
<status status="PASS" starttime="20230708 15:02:20.704" endtime="20230708 15:02:20.707"/>
</kw>
<kw name="New Context" library="Browser">
<tag>BrowserControl</tag>
<tag>Setter</tag>
<doc>Create a new BrowserContext with specified options.</doc>
<msg timestamp="20230708 15:02:20.708" level="INFO">{
  "acceptDownloads": true,
  "bypassCSP": false,
  "forcedColors": "none",
  "hideRfBrowser": false,
  "ignoreHTTPSErrors": false,
  "javaScriptEnabled": true,
  "offline": false,
  "reducedMotion": "no-preference",
  "viewport": {
    "height": 720,
    "width": 1280
  },
  "deprecated_pos_args": []
}</msg>
<msg timestamp="20230708 15:02:20.765" level="INFO">Successfully created context. </msg>
<msg timestamp="20230708 15:02:20.765" level="INFO">{'acceptDownloads': True, 'bypassCSP': False, 'forcedColors': 'none', 'hideRfBrowser': False, 'ignoreHTTPSErrors': False, 'javaScriptEnabled': True, 'offline': False, 'reducedMotion': 'no-preference', 'viewport': {'height': 720, 'width': 1280}, 'deprecated_pos_args': []}</msg>
<status status="PASS" starttime="20230708 15:02:20.707" endtime="20230708 15:02:20.765"/>
</kw>
<kw name="New Page" library="Browser">
<arg>${url}</arg>
<tag>BrowserControl</tag>
<tag>Setter</tag>
<doc>Open a new Page.</doc>
<msg timestamp="20230708 15:02:24.680" level="INFO">Successfully initialized new page object and opened url: https://test4.omenahotels.com/</msg>
<status status="PASS" starttime="20230708 15:02:20.766" endtime="20230708 15:02:24.680"/>
</kw>
<status status="PASS" starttime="20230708 15:02:20.057" endtime="20230708 15:02:24.680"/>
</kw>
<kw name="Wait Until Network Is Idle" library="Browser">
<tag>HTTP</tag>
<tag>Wait</tag>
<doc>Waits until there has been at least one instance of 500 ms of no network traffic on the page after loading.</doc>
<status status="PASS" starttime="20230708 15:02:24.681" endtime="20230708 15:02:26.171"/>
</kw>
<kw name="Allow Cookies" library="common">
<doc>Allow Cookies/Toggle Cookie allowance</doc>
<kw name="Is Element Found" library="common">
<var>${cookieModalVisible}</var>
<arg>id=CybotCookiebotDialogBodyLevelButtonLevelOptinAllowAll</arg>
<doc>A keyword that has a very complex way of figuring out whether an
element is found or not because I had trouble with the built-in keywords
Can be solved differently if you have a better idea</doc>
<kw name="Set Browser Timeout" library="Browser">
<arg>10s</arg>
<tag>Config</tag>
<tag>Setter</tag>
<doc>Sets the timeout used by most input and getter keywords.</doc>
<msg timestamp="20230708 15:02:26.176" level="INFO">Set timeout to: 10000</msg>
<status status="PASS" starttime="20230708 15:02:26.173" endtime="20230708 15:02:26.176"/>
</kw>
<try>
<branch type="TRY">
<kw name="Get Elements" library="Browser">
<var>${els}</var>
<arg>${selector}</arg>
<tag>Getter</tag>
<tag>PageContent</tag>
<doc>Returns a reference to Playwright [https://playwright.dev/docs/api/class-locator|Locator]
for all matched elements by ``selector``.</doc>
<msg timestamp="20230708 15:02:26.235" level="INFO">Found 1 Locators successfully.</msg>
<msg timestamp="20230708 15:02:26.235" level="INFO">${els} = ['element=5ea44927-dd72-4181-b559-904a5d746496']</msg>
<status status="PASS" starttime="20230708 15:02:26.177" endtime="20230708 15:02:26.235"/>
</kw>
<kw name="Get Length" library="BuiltIn">
<var>${count}</var>
<arg>${els}</arg>
<doc>Returns and logs the length of the given item as an integer.</doc>
<msg timestamp="20230708 15:02:26.236" level="INFO">Length is 1</msg>
<msg timestamp="20230708 15:02:26.236" level="INFO">${count} = 1</msg>
<status status="PASS" starttime="20230708 15:02:26.236" endtime="20230708 15:02:26.236"/>
</kw>
<if>
<branch type="IF" condition="${count} &gt; 0">
<kw name="Set Variable" library="BuiltIn">
<var>${visible}</var>
<arg>True</arg>
<doc>Returns the given values which can then be assigned to a variables.</doc>
<msg timestamp="20230708 15:02:26.239" level="INFO">${visible} = True</msg>
<status status="PASS" starttime="20230708 15:02:26.238" endtime="20230708 15:02:26.239"/>
</kw>
<status status="PASS" starttime="20230708 15:02:26.236" endtime="20230708 15:02:26.239"/>
</branch>
<branch type="ELSE">
<kw name="Set Variable" library="BuiltIn">
<var>${visible}</var>
<arg>False</arg>
<doc>Returns the given values which can then be assigned to a variables.</doc>
<status status="NOT RUN" starttime="20230708 15:02:26.239" endtime="20230708 15:02:26.239"/>
</kw>
<status status="NOT RUN" starttime="20230708 15:02:26.239" endtime="20230708 15:02:26.239"/>
</branch>
<status status="PASS" starttime="20230708 15:02:26.236" endtime="20230708 15:02:26.239"/>
</if>
<status status="PASS" starttime="20230708 15:02:26.177" endtime="20230708 15:02:26.240"/>
</branch>
<branch type="EXCEPT">
<kw name="Set Variable" library="BuiltIn">
<var>${visible}</var>
<arg>False</arg>
<doc>Returns the given values which can then be assigned to a variables.</doc>
<status status="NOT RUN" starttime="20230708 15:02:26.240" endtime="20230708 15:02:26.240"/>
</kw>
<status status="NOT RUN" starttime="20230708 15:02:26.240" endtime="20230708 15:02:26.240"/>
</branch>
<status status="PASS" starttime="20230708 15:02:26.176" endtime="20230708 15:02:26.240"/>
</try>
<kw name="Set Browser Timeout" library="Browser">
<arg>${timeout}</arg>
<tag>Config</tag>
<tag>Setter</tag>
<doc>Sets the timeout used by most input and getter keywords.</doc>
<msg timestamp="20230708 15:02:26.244" level="INFO">Set timeout to: 90000</msg>
<status status="PASS" starttime="20230708 15:02:26.241" endtime="20230708 15:02:26.244"/>
</kw>
<msg timestamp="20230708 15:02:26.244" level="INFO">${cookieModalVisible} = True</msg>
<status status="PASS" starttime="20230708 15:02:26.172" endtime="20230708 15:02:26.245"/>
</kw>
<if>
<branch type="IF" condition="${cookieModalVisible}">
<kw name="Click" library="Browser">
<arg>id=CybotCookiebotDialogBodyLevelButtonLevelOptinAllowAll</arg>
<tag>PageContent</tag>
<tag>Setter</tag>
<doc>Simulates mouse click on the element found by ``selector``.</doc>
<status status="PASS" starttime="20230708 15:02:26.245" endtime="20230708 15:02:26.331"/>
</kw>
<status status="PASS" starttime="20230708 15:02:26.245" endtime="20230708 15:02:26.331"/>
</branch>
<branch type="ELSE">
<kw name="Log" library="BuiltIn">
<arg>No Cookie Modal Visible</arg>
<doc>Logs the given message with the given level.</doc>
<status status="NOT RUN" starttime="20230708 15:02:26.332" endtime="20230708 15:02:26.332"/>
</kw>
<status status="NOT RUN" starttime="20230708 15:02:26.332" endtime="20230708 15:02:26.332"/>
</branch>
<status status="PASS" starttime="20230708 15:02:26.245" endtime="20230708 15:02:26.332"/>
</if>
<status status="PASS" starttime="20230708 15:02:26.172" endtime="20230708 15:02:26.333"/>
</kw>
<kw name="Set Environment" library="common">
<kw name="Get Url" library="Browser">
<var>${currentUrl}</var>
<tag>Assertion</tag>
<tag>Getter</tag>
<tag>PageContent</tag>
<doc>Returns the current URL.</doc>
<msg timestamp="20230708 15:02:26.336" level="INFO">${currentUrl} = https://test4.omenahotels.com/en/</msg>
<status status="PASS" starttime="20230708 15:02:26.333" endtime="20230708 15:02:26.336"/>
</kw>
<kw name="Get Environment From Url" library="Helpers">
<var>${env}</var>
<arg>${currentUrl}</arg>
<msg timestamp="20230708 15:02:26.337" level="INFO">${env} = test-omena</msg>
<status status="PASS" starttime="20230708 15:02:26.336" endtime="20230708 15:02:26.337"/>
</kw>
<kw name="Set Variable" library="BuiltIn">
<arg>${environment}</arg>
<arg>${env}</arg>
<doc>Returns the given values which can then be assigned to a variables.</doc>
<status status="PASS" starttime="20230708 15:02:26.337" endtime="20230708 15:02:26.337"/>
</kw>
<status status="PASS" starttime="20230708 15:02:26.333" endtime="20230708 15:02:26.338"/>
</kw>
<status status="PASS" starttime="20230708 15:02:20.056" endtime="20230708 15:02:26.338"/>
</kw>
<kw name="Select Hotel" library="booking">
<arg>Helsinki, Lönnrotinkatu</arg>
<doc>Select Hotel by using a number as an argument, default Lönnrotinkatu</doc>
<if>
<branch type="IF" condition="&quot;${environment}&quot; == &quot;test-exhibition&quot;">
<kw name="Log" library="BuiltIn">
<arg>No hotel to be selected</arg>
<doc>Logs the given message with the given level.</doc>
<status status="NOT RUN" starttime="20230708 15:02:26.339" endtime="20230708 15:02:26.339"/>
</kw>
<status status="NOT RUN" starttime="20230708 15:02:26.339" endtime="20230708 15:02:26.339"/>
</branch>
<branch type="ELSE">
<kw name="Log" library="BuiltIn">
<arg>Selecting Hotel: ${hotel}</arg>
<doc>Logs the given message with the given level.</doc>
<msg timestamp="20230708 15:02:26.340" level="INFO">Selecting Hotel: Helsinki, Lönnrotinkatu</msg>
<status status="PASS" starttime="20230708 15:02:26.340" endtime="20230708 15:02:26.340"/>
</kw>
<kw name="Click" library="Browser">
<arg>//div[contains(@data-nelson-btn, "hotels")]</arg>
<tag>PageContent</tag>
<tag>Setter</tag>
<doc>Simulates mouse click on the element found by ``selector``.</doc>
<status status="PASS" starttime="20230708 15:02:26.340" endtime="20230708 15:02:26.457"/>
</kw>
<kw name="Wait Until Visible" library="common">
<arg>//a[contains(@class, 'dropdown-item') and contains(text(), '${hotel}')]</arg>
<doc>An easier keyword for waiting until an element is visible</doc>
<kw name="Wait For Elements State" library="Browser">
<arg>${element}</arg>
<arg>visible</arg>
<arg>timeout=${timeout}</arg>
<tag>PageContent</tag>
<tag>Wait</tag>
<doc>Waits for the element found by ``selector`` to satisfy state option.</doc>
<msg timestamp="20230708 15:02:26.472" level="INFO">Waited for Element with selector //a[contains(@class, 'dropdown-item') and contains(text(), 'Helsinki, Lönnrotinkatu')] at state visible</msg>
<status status="PASS" starttime="20230708 15:02:26.458" endtime="20230708 15:02:26.472"/>
</kw>
<status status="PASS" starttime="20230708 15:02:26.457" endtime="20230708 15:02:26.472"/>
</kw>
<kw name="Click" library="Browser">
<arg>//a[contains(@class, 'dropdown-item') and contains(text(), '${hotel}')]</arg>
<tag>PageContent</tag>
<tag>Setter</tag>
<doc>Simulates mouse click on the element found by ``selector``.</doc>
<status status="PASS" starttime="20230708 15:02:26.473" endtime="20230708 15:02:26.828"/>
</kw>
<kw name="Wait For Elements State" library="Browser">
<arg>//a[contains(@class, 'dropdown-item') and contains(text(), '${hotel}')]</arg>
<arg>hidden</arg>
<arg>timeout=3s</arg>
<tag>PageContent</tag>
<tag>Wait</tag>
<doc>Waits for the element found by ``selector`` to satisfy state option.</doc>
<msg timestamp="20230708 15:02:26.928" level="INFO">Waited for Element with selector //a[contains(@class, 'dropdown-item') and contains(text(), 'Helsinki, Lönnrotinkatu')] at state hidden</msg>
<status status="PASS" starttime="20230708 15:02:26.828" endtime="20230708 15:02:26.928"/>
</kw>
<status status="PASS" starttime="20230708 15:02:26.339" endtime="20230708 15:02:26.929"/>
</branch>
<status status="PASS" starttime="20230708 15:02:26.338" endtime="20230708 15:02:26.929"/>
</if>
<status status="PASS" starttime="20230708 15:02:26.338" endtime="20230708 15:02:26.929"/>
</kw>
<kw name="Select Dates" library="booking">
<kw name="Log" library="BuiltIn">
<arg>Skipping date selection for now</arg>
<doc>Logs the given message with the given level.</doc>
<msg timestamp="20230708 15:02:26.931" level="INFO">Skipping date selection for now</msg>
<status status="PASS" starttime="20230708 15:02:26.930" endtime="20230708 15:02:26.931"/>
</kw>
<status status="PASS" starttime="20230708 15:02:26.929" endtime="20230708 15:02:26.932"/>
</kw>
<kw name="Select Guests" library="booking">
<doc>Selects the number of guests for the booking, current implementation will only check the dropdown</doc>
<kw name="Log To Console" library="BuiltIn">
<arg>Not yet implemented</arg>
<doc>Logs the given message to the console.</doc>
<status status="PASS" starttime="20230708 15:02:26.933" endtime="20230708 15:02:26.933"/>
</kw>
<status status="PASS" starttime="20230708 15:02:26.932" endtime="20230708 15:02:26.934"/>
</kw>
<kw name="Click Book Button" library="booking">
<kw name="Click" library="Browser">
<arg>//div[@data-nelson-btn='book']</arg>
<tag>PageContent</tag>
<tag>Setter</tag>
<doc>Simulates mouse click on the element found by ``selector``.</doc>
<status status="PASS" starttime="20230708 15:02:26.934" endtime="20230708 15:02:27.688"/>
</kw>
<status status="PASS" starttime="20230708 15:02:26.934" endtime="20230708 15:02:27.688"/>
</kw>
<kw name="Select a Standard Room" library="booking">
<kw name="Wait Until Visible" library="common">
<arg>${btnExtras}</arg>
<doc>An easier keyword for waiting until an element is visible</doc>
<kw name="Wait For Elements State" library="Browser">
<arg>${element}</arg>
<arg>visible</arg>
<arg>timeout=${timeout}</arg>
<tag>PageContent</tag>
<tag>Wait</tag>
<doc>Waits for the element found by ``selector`` to satisfy state option.</doc>
<msg timestamp="20230708 15:02:31.886" level="INFO">Waited for Element with selector (//div[contains(@view,"booking")]//button[contains(text(), "Continue to extras")])[1] at state visible</msg>
<status status="PASS" starttime="20230708 15:02:27.690" endtime="20230708 15:02:31.886"/>
</kw>
<status status="PASS" starttime="20230708 15:02:27.689" endtime="20230708 15:02:31.886"/>
</kw>
<kw name="Get Element States" library="Browser">
<var>${visible}</var>
<arg>//div[contains(text(), 'Select room')]</arg>
<arg>then</arg>
<arg>bool(value &amp; visible)</arg>
<tag>Assertion</tag>
<tag>Getter</tag>
<tag>PageContent</tag>
<doc>Get the active states from the element found by ``selector``.</doc>
<msg timestamp="20230708 15:02:32.145" level="INFO">${visible} = False</msg>
<status status="PASS" starttime="20230708 15:02:31.887" endtime="20230708 15:02:32.145"/>
</kw>
<kw name="Run Keyword If" library="BuiltIn">
<arg>${visible}</arg>
<arg>Select Standard and Remove Other Room Selection</arg>
<doc>Runs the given keyword with the given arguments, if ``condition`` is true.</doc>
<status status="PASS" starttime="20230708 15:02:32.145" endtime="20230708 15:02:32.146"/>
</kw>
<status status="PASS" starttime="20230708 15:02:27.688" endtime="20230708 15:02:32.146"/>
</kw>
<kw name="Click Continue to Extras Button" library="booking">
<doc>Clicks the continue to extras button</doc>
<kw name="Click" library="Browser">
<arg>${btnExtras}</arg>
<tag>PageContent</tag>
<tag>Setter</tag>
<doc>Simulates mouse click on the element found by ``selector``.</doc>
<status status="PASS" starttime="20230708 15:02:32.147" endtime="20230708 15:02:38.088"/>
</kw>
<kw name="Wait Until Visible" library="common">
<arg>${btnPayment}</arg>
<doc>An easier keyword for waiting until an element is visible</doc>
<kw name="Wait For Elements State" library="Browser">
<arg>${element}</arg>
<arg>visible</arg>
<arg>timeout=${timeout}</arg>
<tag>PageContent</tag>
<tag>Wait</tag>
<doc>Waits for the element found by ``selector`` to satisfy state option.</doc>
<msg timestamp="20230708 15:02:39.369" level="INFO">Waited for Element with selector (//div[contains(@view,"extras")]//button[contains(text(), "Continue to payment")])[1] at state visible</msg>
<status status="PASS" starttime="20230708 15:02:38.089" endtime="20230708 15:02:39.369"/>
</kw>
<status status="PASS" starttime="20230708 15:02:38.088" endtime="20230708 15:02:39.370"/>
</kw>
<status status="PASS" starttime="20230708 15:02:32.146" endtime="20230708 15:02:39.370"/>
</kw>
<kw name="Click Continue to Payment" library="booking">
<kw name="Click First Element Found" library="common">
<arg>//div[@class='css-1t415z1']//button[@type='button'][normalize-space()='Continue to payment']</arg>
<kw name="Get Elements" library="Browser">
<var>${elements}</var>
<arg>${xpath}</arg>
<tag>Getter</tag>
<tag>PageContent</tag>
<doc>Returns a reference to Playwright [https://playwright.dev/docs/api/class-locator|Locator]
for all matched elements by ``selector``.</doc>
<msg timestamp="20230708 15:02:39.411" level="INFO">Found 1 Locators successfully.</msg>
<msg timestamp="20230708 15:02:39.411" level="INFO">${elements} = ['element=f727a122-a8bf-4f36-a836-6bc1cb6c7adf']</msg>
<status status="PASS" starttime="20230708 15:02:39.371" endtime="20230708 15:02:39.411"/>
</kw>
<kw name="Set Variable" library="BuiltIn">
<var>${first_element}</var>
<arg>${elements}[0]</arg>
<doc>Returns the given values which can then be assigned to a variables.</doc>
<msg timestamp="20230708 15:02:39.412" level="INFO">${first_element} = element=f727a122-a8bf-4f36-a836-6bc1cb6c7adf</msg>
<status status="PASS" starttime="20230708 15:02:39.412" endtime="20230708 15:02:39.412"/>
</kw>
<kw name="Click" library="Browser">
<arg>${first_element}</arg>
<tag>PageContent</tag>
<tag>Setter</tag>
<doc>Simulates mouse click on the element found by ``selector``.</doc>
<status status="PASS" starttime="20230708 15:02:39.412" endtime="20230708 15:02:39.656"/>
</kw>
<status status="PASS" starttime="20230708 15:02:39.371" endtime="20230708 15:02:39.657"/>
</kw>
<status status="PASS" starttime="20230708 15:02:39.370" endtime="20230708 15:02:39.657"/>
</kw>
<kw name="Check Regular Rate 2" library="booking">
<kw name="Check Regular Rate" library="booking">
<kw name="Click" library="Browser">
<arg>//p[contains(text(),'Continue with regular rate')]</arg>
<tag>PageContent</tag>
<tag>Setter</tag>
<doc>Simulates mouse click on the element found by ``selector``.</doc>
<status status="PASS" starttime="20230708 15:02:39.658" endtime="20230708 15:02:41.820"/>
</kw>
<kw name="Wait Until Visible" library="common">
<arg>//div//*[normalize-space()='Continue with regular rate']/following-sibling::div[@data-checked]</arg>
<doc>An easier keyword for waiting until an element is visible</doc>
<kw name="Wait For Elements State" library="Browser">
<arg>${element}</arg>
<arg>visible</arg>
<arg>timeout=${timeout}</arg>
<tag>PageContent</tag>
<tag>Wait</tag>
<doc>Waits for the element found by ``selector`` to satisfy state option.</doc>
<msg timestamp="20230708 15:02:41.839" level="INFO">Waited for Element with selector //div//*[normalize-space()='Continue with regular rate']/following-sibling::div[@data-checked] at state visible</msg>
<status status="PASS" starttime="20230708 15:02:41.821" endtime="20230708 15:02:41.840"/>
</kw>
<status status="PASS" starttime="20230708 15:02:41.820" endtime="20230708 15:02:41.840"/>
</kw>
<status status="PASS" starttime="20230708 15:02:39.657" endtime="20230708 15:02:41.840"/>
</kw>
<kw name="Check Join as Member" library="booking">
<kw name="Click" library="Browser">
<arg>//p[contains(text(),'Join for free and')]</arg>
<tag>PageContent</tag>
<tag>Setter</tag>
<doc>Simulates mouse click on the element found by ``selector``.</doc>
<status status="PASS" starttime="20230708 15:02:41.841" endtime="20230708 15:02:42.143"/>
</kw>
<kw name="Wait Until Visible" library="common">
<arg>//div//*[normalize-space()='Join for free and get the member rate']/following-sibling::div[@data-checked]</arg>
<doc>An easier keyword for waiting until an element is visible</doc>
<kw name="Wait For Elements State" library="Browser">
<arg>${element}</arg>
<arg>visible</arg>
<arg>timeout=${timeout}</arg>
<tag>PageContent</tag>
<tag>Wait</tag>
<doc>Waits for the element found by ``selector`` to satisfy state option.</doc>
<msg timestamp="20230708 15:02:42.420" level="INFO">Waited for Element with selector //div//*[normalize-space()='Join for free and get the member rate']/following-sibling::div[@data-checked] at state visible</msg>
<status status="PASS" starttime="20230708 15:02:42.144" endtime="20230708 15:02:42.420"/>
</kw>
<status status="PASS" starttime="20230708 15:02:42.143" endtime="20230708 15:02:42.420"/>
</kw>
<status status="PASS" starttime="20230708 15:02:41.840" endtime="20230708 15:02:42.421"/>
</kw>
<kw name="Check Regular Rate" library="booking">
<kw name="Click" library="Browser">
<arg>//p[contains(text(),'Continue with regular rate')]</arg>
<tag>PageContent</tag>
<tag>Setter</tag>
<doc>Simulates mouse click on the element found by ``selector``.</doc>
<status status="PASS" starttime="20230708 15:02:42.421" endtime="20230708 15:02:42.592"/>
</kw>
<kw name="Wait Until Visible" library="common">
<arg>//div//*[normalize-space()='Continue with regular rate']/following-sibling::div[@data-checked]</arg>
<doc>An easier keyword for waiting until an element is visible</doc>
<kw name="Wait For Elements State" library="Browser">
<arg>${element}</arg>
<arg>visible</arg>
<arg>timeout=${timeout}</arg>
<tag>PageContent</tag>
<tag>Wait</tag>
<doc>Waits for the element found by ``selector`` to satisfy state option.</doc>
<msg timestamp="20230708 15:02:42.610" level="INFO">Waited for Element with selector //div//*[normalize-space()='Continue with regular rate']/following-sibling::div[@data-checked] at state visible</msg>
<status status="PASS" starttime="20230708 15:02:42.593" endtime="20230708 15:02:42.610"/>
</kw>
<status status="PASS" starttime="20230708 15:02:42.592" endtime="20230708 15:02:42.611"/>
</kw>
<status status="PASS" starttime="20230708 15:02:42.421" endtime="20230708 15:02:42.611"/>
</kw>
<kw name="Check Join as Member" library="booking">
<kw name="Click" library="Browser">
<arg>//p[contains(text(),'Join for free and')]</arg>
<tag>PageContent</tag>
<tag>Setter</tag>
<doc>Simulates mouse click on the element found by ``selector``.</doc>
<status status="PASS" starttime="20230708 15:02:42.612" endtime="20230708 15:02:42.937"/>
</kw>
<kw name="Wait Until Visible" library="common">
<arg>//div//*[normalize-space()='Join for free and get the member rate']/following-sibling::div[@data-checked]</arg>
<doc>An easier keyword for waiting until an element is visible</doc>
<kw name="Wait For Elements State" library="Browser">
<arg>${element}</arg>
<arg>visible</arg>
<arg>timeout=${timeout}</arg>
<tag>PageContent</tag>
<tag>Wait</tag>
<doc>Waits for the element found by ``selector`` to satisfy state option.</doc>
<msg timestamp="20230708 15:02:43.084" level="INFO">Waited for Element with selector //div//*[normalize-space()='Join for free and get the member rate']/following-sibling::div[@data-checked] at state visible</msg>
<status status="PASS" starttime="20230708 15:02:42.938" endtime="20230708 15:02:43.084"/>
</kw>
<status status="PASS" starttime="20230708 15:02:42.938" endtime="20230708 15:02:43.085"/>
</kw>
<status status="PASS" starttime="20230708 15:02:42.611" endtime="20230708 15:02:43.085"/>
</kw>
<kw name="Check Regular Rate" library="booking">
<kw name="Click" library="Browser">
<arg>//p[contains(text(),'Continue with regular rate')]</arg>
<tag>PageContent</tag>
<tag>Setter</tag>
<doc>Simulates mouse click on the element found by ``selector``.</doc>
<status status="PASS" starttime="20230708 15:02:43.086" endtime="20230708 15:02:43.470"/>
</kw>
<kw name="Wait Until Visible" library="common">
<arg>//div//*[normalize-space()='Continue with regular rate']/following-sibling::div[@data-checked]</arg>
<doc>An easier keyword for waiting until an element is visible</doc>
<kw name="Wait For Elements State" library="Browser">
<arg>${element}</arg>
<arg>visible</arg>
<arg>timeout=${timeout}</arg>
<tag>PageContent</tag>
<tag>Wait</tag>
<doc>Waits for the element found by ``selector`` to satisfy state option.</doc>
<msg timestamp="20230708 15:02:43.495" level="INFO">Waited for Element with selector //div//*[normalize-space()='Continue with regular rate']/following-sibling::div[@data-checked] at state visible</msg>
<status status="PASS" starttime="20230708 15:02:43.471" endtime="20230708 15:02:43.495"/>
</kw>
<status status="PASS" starttime="20230708 15:02:43.470" endtime="20230708 15:02:43.495"/>
</kw>
<status status="PASS" starttime="20230708 15:02:43.085" endtime="20230708 15:02:43.495"/>
</kw>
<status status="PASS" starttime="20230708 15:02:39.657" endtime="20230708 15:02:43.496"/>
</kw>
<kw name="Fill in Contact Information" library="booking">
<doc>Fills in Contact information that can be given as arguments or use default values
Uses a password if the environment is bui and</doc>
<kw name="Create Email and Return Inbox" library="common">
<var>${inbox}</var>
<doc>Creates a new email address and returns the inbox object</doc>
<kw name="Create new Inbox" library="MailSlurp">
<var>${inbox}</var>
<msg timestamp="20230708 15:02:43.754" level="FAIL">TypeError: expected string or bytes-like object</msg>
<status status="FAIL" starttime="20230708 15:02:43.498" endtime="20230708 15:02:43.755"/>
</kw>
<status status="FAIL" starttime="20230708 15:02:43.497" endtime="20230708 15:02:43.756"/>
</kw>
<kw name="Click and Fill" library="common">
<arg>id=firstName</arg>
<arg>${firstName}</arg>
<doc>A keyword combination of Click and Fill Text since most of the form fields need a click</doc>
<status status="NOT RUN" starttime="20230708 15:02:43.756" endtime="20230708 15:02:43.757"/>
</kw>
<kw name="Click and Fill" library="common">
<arg>id=lastName</arg>
<arg>${lastName}</arg>
<doc>A keyword combination of Click and Fill Text since most of the form fields need a click</doc>
<status status="NOT RUN" starttime="20230708 15:02:43.757" endtime="20230708 15:02:43.757"/>
</kw>
<kw name="Click and Fill" library="common">
<arg>id=email</arg>
<arg>${inbox.email_address}</arg>
<doc>A keyword combination of Click and Fill Text since most of the form fields need a click</doc>
<status status="NOT RUN" starttime="20230708 15:02:43.757" endtime="20230708 15:02:43.757"/>
</kw>
<kw name="Click and Fill" library="common">
<arg>id=phoneNumber</arg>
<arg>${phone}</arg>
<doc>A keyword combination of Click and Fill Text since most of the form fields need a click</doc>
<status status="NOT RUN" starttime="20230708 15:02:43.757" endtime="20230708 15:02:43.757"/>
</kw>
<kw name="Log To Console" library="BuiltIn">
<arg>${inbox.id}</arg>
<doc>Logs the given message to the console.</doc>
<status status="NOT RUN" starttime="20230708 15:02:43.758" endtime="20230708 15:02:43.758"/>
</kw>
<kw name="Set Suite Variable" library="BuiltIn">
<arg>$ID</arg>
<arg>${inbox.id}</arg>
<doc>Makes a variable available everywhere within the scope of the current suite.</doc>
<status status="NOT RUN" starttime="20230708 15:02:43.758" endtime="20230708 15:02:43.758"/>
</kw>
<kw name="Get Element Count" library="Browser">
<var>${passwordVisible}</var>
<arg>id=password</arg>
<tag>Assertion</tag>
<tag>Getter</tag>
<tag>PageContent</tag>
<doc>Returns the count of elements found with ``selector``.</doc>
<status status="NOT RUN" starttime="20230708 15:02:43.758" endtime="20230708 15:02:43.758"/>
</kw>
<if>
<branch type="IF" condition="'${env}'=='bui' and '${passwordVisible}'&gt;'0'">
<kw name="Click and Fill" library="common">
<arg>id=password</arg>
<arg>${password}</arg>
<doc>A keyword combination of Click and Fill Text since most of the form fields need a click</doc>
<status status="NOT RUN" starttime="20230708 15:02:43.759" endtime="20230708 15:02:43.759"/>
</kw>
<status status="NOT RUN" starttime="20230708 15:02:43.758" endtime="20230708 15:02:43.759"/>
</branch>
<branch type="ELSE">
<kw name="Log To Console" library="BuiltIn">
<arg>No password filled</arg>
<doc>Logs the given message to the console.</doc>
<status status="NOT RUN" starttime="20230708 15:02:43.759" endtime="20230708 15:02:43.759"/>
</kw>
<status status="NOT RUN" starttime="20230708 15:02:43.759" endtime="20230708 15:02:43.759"/>
</branch>
<status status="NOT RUN" starttime="20230708 15:02:43.758" endtime="20230708 15:02:43.760"/>
</if>
<status status="FAIL" starttime="20230708 15:02:43.496" endtime="20230708 15:02:43.760"/>
</kw>
<kw name="Accept offers and Terms" library="booking">
<status status="NOT RUN" starttime="20230708 15:02:43.760" endtime="20230708 15:02:43.761"/>
</kw>
<kw name="Select Web Bank and Nordea as Payment Method" library="booking">
<status status="NOT RUN" starttime="20230708 15:02:43.761" endtime="20230708 15:02:43.761"/>
</kw>
<kw name="Complete Payment Successfully" library="booking">
<status status="NOT RUN" starttime="20230708 15:02:43.761" endtime="20230708 15:02:43.761"/>
</kw>
<kw name="Click Check In Button" library="booking">
<status status="NOT RUN" starttime="20230708 15:02:43.761" endtime="20230708 15:02:43.761"/>
</kw>
<kw name="Click Someone else checkbox" library="booking">
<status status="NOT RUN" starttime="20230708 15:02:43.761" endtime="20230708 15:02:43.762"/>
</kw>
<kw name="Fill In Booker info" library="booking">
<status status="NOT RUN" starttime="20230708 15:02:43.762" endtime="20230708 15:02:43.762"/>
</kw>
<kw name="Click Save and invite" library="booking">
<status status="NOT RUN" starttime="20230708 15:02:43.762" endtime="20230708 15:02:43.762"/>
</kw>
<kw name="Wait for invite guest page" library="booking">
<arg>${True}</arg>
<status status="NOT RUN" starttime="20230708 15:02:43.762" endtime="20230708 15:02:43.762"/>
</kw>
<kw name="Fill Invite guest info and click invite button" library="booking">
<status status="NOT RUN" starttime="20230708 15:02:43.763" endtime="20230708 15:02:43.763"/>
</kw>
<kw name="Wait for invite guest page" library="booking">
<arg>${False}</arg>
<status status="NOT RUN" starttime="20230708 15:02:43.763" endtime="20230708 15:02:43.763"/>
</kw>
<kw name="Open Edit booker info" library="booking">
<status status="NOT RUN" starttime="20230708 15:02:43.763" endtime="20230708 15:02:43.763"/>
</kw>
<kw name="Verify All information is disbled" library="booking">
<status status="NOT RUN" starttime="20230708 15:02:43.763" endtime="20230708 15:02:43.763"/>
</kw>
<kw name="Check Add organization check box" library="booking">
<status status="NOT RUN" starttime="20230708 15:02:43.764" endtime="20230708 15:02:43.764"/>
</kw>
<kw name="Fill organization info" library="booking">
<status status="NOT RUN" starttime="20230708 15:02:43.764" endtime="20230708 15:02:43.764"/>
</kw>
<kw name="Verify all information are save" library="booking">
<status status="NOT RUN" starttime="20230708 15:02:43.764" endtime="20230708 15:02:43.764"/>
</kw>
<kw name="Close Browser" library="Browser" type="TEARDOWN">
<tag>BrowserControl</tag>
<tag>Setter</tag>
<doc>Closes the current browser.</doc>
<msg timestamp="20230708 15:02:44.463" level="INFO">Closed browser</msg>
<status status="PASS" starttime="20230708 15:02:43.765" endtime="20230708 15:02:44.463"/>
</kw>
<status status="FAIL" starttime="20230708 15:02:20.056" endtime="20230708 15:02:44.464">TypeError: expected string or bytes-like object</status>
</test>
<test id="s1-s1-s1-s1-s2-t2" name="Validation shows msg for fields marked" line="37">
<kw name="Open Browser to Landing Page" library="common" type="SETUP">
<doc>A general startup keyword for opening a browser to the landing page.</doc>
<kw name="Open New Browser To URL" library="common">
<arg>${url}</arg>
<kw name="New Browser" library="Browser">
<arg>${browser}</arg>
<arg>${headless}</arg>
<arg>timeout=${timeout}</arg>
<tag>BrowserControl</tag>
<tag>Setter</tag>
<doc>Create a new playwright Browser with specified options.</doc>
<msg timestamp="20230708 15:02:44.470" level="INFO">{"browser": "firefox", "headless": true, "devtools": false, "handleSIGHUP": true, "handleSIGINT": true, "handleSIGTERM": true, "slowMo": 0.0, "timeout": 90000.0, "deprecated_pos_args": [], "tracesDir": "/home/runner/work/nelson-test-automation/nelson-test-automation/reports/test4/browser/traces/7342a57b-a5be-4d81-a7ff-97481130a1e8"}</msg>
<msg timestamp="20230708 15:02:45.138" level="INFO">Successfully created browser with options: {"browser":"firefox","headless":true,"devtools":false,"handleSIGHUP":true,"handleSIGINT":true,"handleSIGTERM":true,"slowMo":0,"timeout":90000,"deprecated_pos_args":[],"tracesDir":"/home/runner/work/nelson-test-automation/nelson-test-automation/reports/test4/browser/traces/7342a57b-a5be-4d81-a7ff-97481130a1e8"}</msg>
<status status="PASS" starttime="20230708 15:02:44.469" endtime="20230708 15:02:45.138"/>
</kw>
<kw name="Set Browser Timeout" library="Browser">
<arg>${timeout}</arg>
<tag>Config</tag>
<tag>Setter</tag>
<doc>Sets the timeout used by most input and getter keywords.</doc>
<status status="PASS" starttime="20230708 15:02:45.139" endtime="20230708 15:02:45.139"/>
</kw>
<kw name="New Context" library="Browser">
<tag>BrowserControl</tag>
<tag>Setter</tag>
<doc>Create a new BrowserContext with specified options.</doc>
<msg timestamp="20230708 15:02:45.140" level="INFO">{
  "acceptDownloads": true,
  "bypassCSP": false,
  "forcedColors": "none",
  "hideRfBrowser": false,
  "ignoreHTTPSErrors": false,
  "javaScriptEnabled": true,
  "offline": false,
  "reducedMotion": "no-preference",
  "viewport": {
    "height": 720,
    "width": 1280
  },
  "deprecated_pos_args": []
}</msg>
<msg timestamp="20230708 15:02:45.206" level="INFO">Successfully created context. </msg>
<msg timestamp="20230708 15:02:45.206" level="INFO">{'acceptDownloads': True, 'bypassCSP': False, 'forcedColors': 'none', 'hideRfBrowser': False, 'ignoreHTTPSErrors': False, 'javaScriptEnabled': True, 'offline': False, 'reducedMotion': 'no-preference', 'viewport': {'height': 720, 'width': 1280}, 'deprecated_pos_args': []}</msg>
<status status="PASS" starttime="20230708 15:02:45.139" endtime="20230708 15:02:45.206"/>
</kw>
<kw name="New Page" library="Browser">
<arg>${url}</arg>
<tag>BrowserControl</tag>
<tag>Setter</tag>
<doc>Open a new Page.</doc>
<msg timestamp="20230708 15:02:48.002" level="INFO">Successfully initialized new page object and opened url: https://test4.omenahotels.com/</msg>
<status status="PASS" starttime="20230708 15:02:45.207" endtime="20230708 15:02:48.002"/>
</kw>
<status status="PASS" starttime="20230708 15:02:44.469" endtime="20230708 15:02:48.003"/>
</kw>
<kw name="Wait Until Network Is Idle" library="Browser">
<tag>HTTP</tag>
<tag>Wait</tag>
<doc>Waits until there has been at least one instance of 500 ms of no network traffic on the page after loading.</doc>
<status status="PASS" starttime="20230708 15:02:48.003" endtime="20230708 15:02:49.162"/>
</kw>
<kw name="Allow Cookies" library="common">
<doc>Allow Cookies/Toggle Cookie allowance</doc>
<kw name="Is Element Found" library="common">
<var>${cookieModalVisible}</var>
<arg>id=CybotCookiebotDialogBodyLevelButtonLevelOptinAllowAll</arg>
<doc>A keyword that has a very complex way of figuring out whether an
element is found or not because I had trouble with the built-in keywords
Can be solved differently if you have a better idea</doc>
<kw name="Set Browser Timeout" library="Browser">
<arg>10s</arg>
<tag>Config</tag>
<tag>Setter</tag>
<doc>Sets the timeout used by most input and getter keywords.</doc>
<msg timestamp="20230708 15:02:49.167" level="INFO">Set timeout to: 10000</msg>
<status status="PASS" starttime="20230708 15:02:49.164" endtime="20230708 15:02:49.167"/>
</kw>
<try>
<branch type="TRY">
<kw name="Get Elements" library="Browser">
<var>${els}</var>
<arg>${selector}</arg>
<tag>Getter</tag>
<tag>PageContent</tag>
<doc>Returns a reference to Playwright [https://playwright.dev/docs/api/class-locator|Locator]
for all matched elements by ``selector``.</doc>
<msg timestamp="20230708 15:02:49.219" level="INFO">Found 1 Locators successfully.</msg>
<msg timestamp="20230708 15:02:49.219" level="INFO">${els} = ['element=20ac437a-05ad-4520-8722-a0ff66b064d0']</msg>
<status status="PASS" starttime="20230708 15:02:49.167" endtime="20230708 15:02:49.220"/>
</kw>
<kw name="Get Length" library="BuiltIn">
<var>${count}</var>
<arg>${els}</arg>
<doc>Returns and logs the length of the given item as an integer.</doc>
<msg timestamp="20230708 15:02:49.220" level="INFO">Length is 1</msg>
<msg timestamp="20230708 15:02:49.220" level="INFO">${count} = 1</msg>
<status status="PASS" starttime="20230708 15:02:49.220" endtime="20230708 15:02:49.220"/>
</kw>
<if>
<branch type="IF" condition="${count} &gt; 0">
<kw name="Set Variable" library="BuiltIn">
<var>${visible}</var>
<arg>True</arg>
<doc>Returns the given values which can then be assigned to a variables.</doc>
<msg timestamp="20230708 15:02:49.221" level="INFO">${visible} = True</msg>
<status status="PASS" starttime="20230708 15:02:49.221" endtime="20230708 15:02:49.221"/>
</kw>
<status status="PASS" starttime="20230708 15:02:49.221" endtime="20230708 15:02:49.221"/>
</branch>
<branch type="ELSE">
<kw name="Set Variable" library="BuiltIn">
<var>${visible}</var>
<arg>False</arg>
<doc>Returns the given values which can then be assigned to a variables.</doc>
<status status="NOT RUN" starttime="20230708 15:02:49.222" endtime="20230708 15:02:49.222"/>
</kw>
<status status="NOT RUN" starttime="20230708 15:02:49.221" endtime="20230708 15:02:49.222"/>
</branch>
<status status="PASS" starttime="20230708 15:02:49.220" endtime="20230708 15:02:49.222"/>
</if>
<status status="PASS" starttime="20230708 15:02:49.167" endtime="20230708 15:02:49.222"/>
</branch>
<branch type="EXCEPT">
<kw name="Set Variable" library="BuiltIn">
<var>${visible}</var>
<arg>False</arg>
<doc>Returns the given values which can then be assigned to a variables.</doc>
<status status="NOT RUN" starttime="20230708 15:02:49.222" endtime="20230708 15:02:49.222"/>
</kw>
<status status="NOT RUN" starttime="20230708 15:02:49.222" endtime="20230708 15:02:49.223"/>
</branch>
<status status="PASS" starttime="20230708 15:02:49.167" endtime="20230708 15:02:49.223"/>
</try>
<kw name="Set Browser Timeout" library="Browser">
<arg>${timeout}</arg>
<tag>Config</tag>
<tag>Setter</tag>
<doc>Sets the timeout used by most input and getter keywords.</doc>
<msg timestamp="20230708 15:02:49.228" level="INFO">Set timeout to: 90000</msg>
<status status="PASS" starttime="20230708 15:02:49.223" endtime="20230708 15:02:49.228"/>
</kw>
<msg timestamp="20230708 15:02:49.228" level="INFO">${cookieModalVisible} = True</msg>
<status status="PASS" starttime="20230708 15:02:49.163" endtime="20230708 15:02:49.228"/>
</kw>
<if>
<branch type="IF" condition="${cookieModalVisible}">
<kw name="Click" library="Browser">
<arg>id=CybotCookiebotDialogBodyLevelButtonLevelOptinAllowAll</arg>
<tag>PageContent</tag>
<tag>Setter</tag>
<doc>Simulates mouse click on the element found by ``selector``.</doc>
<status status="PASS" starttime="20230708 15:02:49.229" endtime="20230708 15:02:49.338"/>
</kw>
<status status="PASS" starttime="20230708 15:02:49.229" endtime="20230708 15:02:49.339"/>
</branch>
<branch type="ELSE">
<kw name="Log" library="BuiltIn">
<arg>No Cookie Modal Visible</arg>
<doc>Logs the given message with the given level.</doc>
<status status="NOT RUN" starttime="20230708 15:02:49.339" endtime="20230708 15:02:49.339"/>
</kw>
<status status="NOT RUN" starttime="20230708 15:02:49.339" endtime="20230708 15:02:49.339"/>
</branch>
<status status="PASS" starttime="20230708 15:02:49.229" endtime="20230708 15:02:49.339"/>
</if>
<status status="PASS" starttime="20230708 15:02:49.163" endtime="20230708 15:02:49.340"/>
</kw>
<kw name="Set Environment" library="common">
<kw name="Get Url" library="Browser">
<var>${currentUrl}</var>
<tag>Assertion</tag>
<tag>Getter</tag>
<tag>PageContent</tag>
<doc>Returns the current URL.</doc>
<msg timestamp="20230708 15:02:49.343" level="INFO">${currentUrl} = https://test4.omenahotels.com/en/</msg>
<status status="PASS" starttime="20230708 15:02:49.340" endtime="20230708 15:02:49.343"/>
</kw>
<kw name="Get Environment From Url" library="Helpers">
<var>${env}</var>
<arg>${currentUrl}</arg>
<msg timestamp="20230708 15:02:49.344" level="INFO">${env} = test-omena</msg>
<status status="PASS" starttime="20230708 15:02:49.343" endtime="20230708 15:02:49.344"/>
</kw>
<kw name="Set Variable" library="BuiltIn">
<arg>${environment}</arg>
<arg>${env}</arg>
<doc>Returns the given values which can then be assigned to a variables.</doc>
<status status="PASS" starttime="20230708 15:02:49.344" endtime="20230708 15:02:49.344"/>
</kw>
<status status="PASS" starttime="20230708 15:02:49.340" endtime="20230708 15:02:49.345"/>
</kw>
<status status="PASS" starttime="20230708 15:02:44.468" endtime="20230708 15:02:49.345"/>
</kw>
<kw name="Select Hotel" library="booking">
<arg>Helsinki, Lönnrotinkatu</arg>
<doc>Select Hotel by using a number as an argument, default Lönnrotinkatu</doc>
<if>
<branch type="IF" condition="&quot;${environment}&quot; == &quot;test-exhibition&quot;">
<kw name="Log" library="BuiltIn">
<arg>No hotel to be selected</arg>
<doc>Logs the given message with the given level.</doc>
<status status="NOT RUN" starttime="20230708 15:02:49.346" endtime="20230708 15:02:49.346"/>
</kw>
<status status="NOT RUN" starttime="20230708 15:02:49.346" endtime="20230708 15:02:49.347"/>
</branch>
<branch type="ELSE">
<kw name="Log" library="BuiltIn">
<arg>Selecting Hotel: ${hotel}</arg>
<doc>Logs the given message with the given level.</doc>
<msg timestamp="20230708 15:02:49.347" level="INFO">Selecting Hotel: Helsinki, Lönnrotinkatu</msg>
<status status="PASS" starttime="20230708 15:02:49.347" endtime="20230708 15:02:49.347"/>
</kw>
<kw name="Click" library="Browser">
<arg>//div[contains(@data-nelson-btn, "hotels")]</arg>
<tag>PageContent</tag>
<tag>Setter</tag>
<doc>Simulates mouse click on the element found by ``selector``.</doc>
<status status="PASS" starttime="20230708 15:02:49.347" endtime="20230708 15:02:49.471"/>
</kw>
<kw name="Wait Until Visible" library="common">
<arg>//a[contains(@class, 'dropdown-item') and contains(text(), '${hotel}')]</arg>
<doc>An easier keyword for waiting until an element is visible</doc>
<kw name="Wait For Elements State" library="Browser">
<arg>${element}</arg>
<arg>visible</arg>
<arg>timeout=${timeout}</arg>
<tag>PageContent</tag>
<tag>Wait</tag>
<doc>Waits for the element found by ``selector`` to satisfy state option.</doc>
<msg timestamp="20230708 15:02:49.485" level="INFO">Waited for Element with selector //a[contains(@class, 'dropdown-item') and contains(text(), 'Helsinki, Lönnrotinkatu')] at state visible</msg>
<status status="PASS" starttime="20230708 15:02:49.472" endtime="20230708 15:02:49.485"/>
</kw>
<status status="PASS" starttime="20230708 15:02:49.472" endtime="20230708 15:02:49.485"/>
</kw>
<kw name="Click" library="Browser">
<arg>//a[contains(@class, 'dropdown-item') and contains(text(), '${hotel}')]</arg>
<tag>PageContent</tag>
<tag>Setter</tag>
<doc>Simulates mouse click on the element found by ``selector``.</doc>
<status status="PASS" starttime="20230708 15:02:49.485" endtime="20230708 15:02:49.791"/>
</kw>
<kw name="Wait For Elements State" library="Browser">
<arg>//a[contains(@class, 'dropdown-item') and contains(text(), '${hotel}')]</arg>
<arg>hidden</arg>
<arg>timeout=3s</arg>
<tag>PageContent</tag>
<tag>Wait</tag>
<doc>Waits for the element found by ``selector`` to satisfy state option.</doc>
<msg timestamp="20230708 15:02:49.959" level="INFO">Waited for Element with selector //a[contains(@class, 'dropdown-item') and contains(text(), 'Helsinki, Lönnrotinkatu')] at state hidden</msg>
<status status="PASS" starttime="20230708 15:02:49.792" endtime="20230708 15:02:49.959"/>
</kw>
<status status="PASS" starttime="20230708 15:02:49.347" endtime="20230708 15:02:49.959"/>
</branch>
<status status="PASS" starttime="20230708 15:02:49.346" endtime="20230708 15:02:49.959"/>
</if>
<status status="PASS" starttime="20230708 15:02:49.345" endtime="20230708 15:02:49.960"/>
</kw>
<kw name="Select Dates" library="booking">
<kw name="Log" library="BuiltIn">
<arg>Skipping date selection for now</arg>
<doc>Logs the given message with the given level.</doc>
<msg timestamp="20230708 15:02:49.961" level="INFO">Skipping date selection for now</msg>
<status status="PASS" starttime="20230708 15:02:49.960" endtime="20230708 15:02:49.961"/>
</kw>
<status status="PASS" starttime="20230708 15:02:49.960" endtime="20230708 15:02:49.961"/>
</kw>
<kw name="Select Guests" library="booking">
<doc>Selects the number of guests for the booking, current implementation will only check the dropdown</doc>
<kw name="Log To Console" library="BuiltIn">
<arg>Not yet implemented</arg>
<doc>Logs the given message to the console.</doc>
<status status="PASS" starttime="20230708 15:02:49.962" endtime="20230708 15:02:49.962"/>
</kw>
<status status="PASS" starttime="20230708 15:02:49.961" endtime="20230708 15:02:49.962"/>
</kw>
<kw name="Click Book Button" library="booking">
<kw name="Click" library="Browser">
<arg>//div[@data-nelson-btn='book']</arg>
<tag>PageContent</tag>
<tag>Setter</tag>
<doc>Simulates mouse click on the element found by ``selector``.</doc>
<status status="PASS" starttime="20230708 15:02:49.963" endtime="20230708 15:02:50.545"/>
</kw>
<status status="PASS" starttime="20230708 15:02:49.963" endtime="20230708 15:02:50.545"/>
</kw>
<kw name="Select a Standard Room" library="booking">
<kw name="Wait Until Visible" library="common">
<arg>${btnExtras}</arg>
<doc>An easier keyword for waiting until an element is visible</doc>
<kw name="Wait For Elements State" library="Browser">
<arg>${element}</arg>
<arg>visible</arg>
<arg>timeout=${timeout}</arg>
<tag>PageContent</tag>
<tag>Wait</tag>
<doc>Waits for the element found by ``selector`` to satisfy state option.</doc>
<msg timestamp="20230708 15:02:53.894" level="INFO">Waited for Element with selector (//div[contains(@view,"booking")]//button[contains(text(), "Continue to extras")])[1] at state visible</msg>
<status status="PASS" starttime="20230708 15:02:50.550" endtime="20230708 15:02:53.896"/>
</kw>
<status status="PASS" starttime="20230708 15:02:50.546" endtime="20230708 15:02:53.896"/>
</kw>
<kw name="Get Element States" library="Browser">
<var>${visible}</var>
<arg>//div[contains(text(), 'Select room')]</arg>
<arg>then</arg>
<arg>bool(value &amp; visible)</arg>
<tag>Assertion</tag>
<tag>Getter</tag>
<tag>PageContent</tag>
<doc>Get the active states from the element found by ``selector``.</doc>
<msg timestamp="20230708 15:02:54.151" level="INFO">${visible} = False</msg>
<status status="PASS" starttime="20230708 15:02:53.896" endtime="20230708 15:02:54.151"/>
</kw>
<kw name="Run Keyword If" library="BuiltIn">
<arg>${visible}</arg>
<arg>Select Standard and Remove Other Room Selection</arg>
<doc>Runs the given keyword with the given arguments, if ``condition`` is true.</doc>
<status status="PASS" starttime="20230708 15:02:54.151" endtime="20230708 15:02:54.151"/>
</kw>
<status status="PASS" starttime="20230708 15:02:50.545" endtime="20230708 15:02:54.152"/>
</kw>
<kw name="Click Continue to Extras Button" library="booking">
<doc>Clicks the continue to extras button</doc>
<kw name="Click" library="Browser">
<arg>${btnExtras}</arg>
<tag>PageContent</tag>
<tag>Setter</tag>
<doc>Simulates mouse click on the element found by ``selector``.</doc>
<status status="PASS" starttime="20230708 15:02:54.153" endtime="20230708 15:03:00.407"/>
</kw>
<kw name="Wait Until Visible" library="common">
<arg>${btnPayment}</arg>
<doc>An easier keyword for waiting until an element is visible</doc>
<kw name="Wait For Elements State" library="Browser">
<arg>${element}</arg>
<arg>visible</arg>
<arg>timeout=${timeout}</arg>
<tag>PageContent</tag>
<tag>Wait</tag>
<doc>Waits for the element found by ``selector`` to satisfy state option.</doc>
<msg timestamp="20230708 15:03:01.469" level="INFO">Waited for Element with selector (//div[contains(@view,"extras")]//button[contains(text(), "Continue to payment")])[1] at state visible</msg>
<status status="PASS" starttime="20230708 15:03:00.408" endtime="20230708 15:03:01.469"/>
</kw>
<status status="PASS" starttime="20230708 15:03:00.408" endtime="20230708 15:03:01.470"/>
</kw>
<status status="PASS" starttime="20230708 15:02:54.152" endtime="20230708 15:03:01.470"/>
</kw>
<kw name="Click Continue to Payment" library="booking">
<kw name="Click First Element Found" library="common">
<arg>//div[@class='css-1t415z1']//button[@type='button'][normalize-space()='Continue to payment']</arg>
<kw name="Get Elements" library="Browser">
<var>${elements}</var>
<arg>${xpath}</arg>
<tag>Getter</tag>
<tag>PageContent</tag>
<doc>Returns a reference to Playwright [https://playwright.dev/docs/api/class-locator|Locator]
for all matched elements by ``selector``.</doc>
<msg timestamp="20230708 15:03:01.500" level="INFO">Found 1 Locators successfully.</msg>
<msg timestamp="20230708 15:03:01.500" level="INFO">${elements} = ['element=63219a42-60ad-41e5-b0ba-dcf2a088856c']</msg>
<status status="PASS" starttime="20230708 15:03:01.471" endtime="20230708 15:03:01.500"/>
</kw>
<kw name="Set Variable" library="BuiltIn">
<var>${first_element}</var>
<arg>${elements}[0]</arg>
<doc>Returns the given values which can then be assigned to a variables.</doc>
<msg timestamp="20230708 15:03:01.501" level="INFO">${first_element} = element=63219a42-60ad-41e5-b0ba-dcf2a088856c</msg>
<status status="PASS" starttime="20230708 15:03:01.501" endtime="20230708 15:03:01.501"/>
</kw>
<kw name="Click" library="Browser">
<arg>${first_element}</arg>
<tag>PageContent</tag>
<tag>Setter</tag>
<doc>Simulates mouse click on the element found by ``selector``.</doc>
<status status="PASS" starttime="20230708 15:03:01.501" endtime="20230708 15:03:01.672"/>
</kw>
<status status="PASS" starttime="20230708 15:03:01.471" endtime="20230708 15:03:01.672"/>
</kw>
<status status="PASS" starttime="20230708 15:03:01.470" endtime="20230708 15:03:01.672"/>
</kw>
<kw name="Check Regular Rate 2" library="booking">
<kw name="Check Regular Rate" library="booking">
<kw name="Click" library="Browser">
<arg>//p[contains(text(),'Continue with regular rate')]</arg>
<tag>PageContent</tag>
<tag>Setter</tag>
<doc>Simulates mouse click on the element found by ``selector``.</doc>
<status status="PASS" starttime="20230708 15:03:01.674" endtime="20230708 15:03:03.592"/>
</kw>
<kw name="Wait Until Visible" library="common">
<arg>//div//*[normalize-space()='Continue with regular rate']/following-sibling::div[@data-checked]</arg>
<doc>An easier keyword for waiting until an element is visible</doc>
<kw name="Wait For Elements State" library="Browser">
<arg>${element}</arg>
<arg>visible</arg>
<arg>timeout=${timeout}</arg>
<tag>PageContent</tag>
<tag>Wait</tag>
<doc>Waits for the element found by ``selector`` to satisfy state option.</doc>
<msg timestamp="20230708 15:03:03.752" level="INFO">Waited for Element with selector //div//*[normalize-space()='Continue with regular rate']/following-sibling::div[@data-checked] at state visible</msg>
<status status="PASS" starttime="20230708 15:03:03.593" endtime="20230708 15:03:03.752"/>
</kw>
<status status="PASS" starttime="20230708 15:03:03.592" endtime="20230708 15:03:03.753"/>
</kw>
<status status="PASS" starttime="20230708 15:03:01.673" endtime="20230708 15:03:03.753"/>
</kw>
<kw name="Check Join as Member" library="booking">
<kw name="Click" library="Browser">
<arg>//p[contains(text(),'Join for free and')]</arg>
<tag>PageContent</tag>
<tag>Setter</tag>
<doc>Simulates mouse click on the element found by ``selector``.</doc>
<status status="PASS" starttime="20230708 15:03:03.754" endtime="20230708 15:03:03.920"/>
</kw>
<kw name="Wait Until Visible" library="common">
<arg>//div//*[normalize-space()='Join for free and get the member rate']/following-sibling::div[@data-checked]</arg>
<doc>An easier keyword for waiting until an element is visible</doc>
<kw name="Wait For Elements State" library="Browser">
<arg>${element}</arg>
<arg>visible</arg>
<arg>timeout=${timeout}</arg>
<tag>PageContent</tag>
<tag>Wait</tag>
<doc>Waits for the element found by ``selector`` to satisfy state option.</doc>
<msg timestamp="20230708 15:03:03.938" level="INFO">Waited for Element with selector //div//*[normalize-space()='Join for free and get the member rate']/following-sibling::div[@data-checked] at state visible</msg>
<status status="PASS" starttime="20230708 15:03:03.921" endtime="20230708 15:03:03.938"/>
</kw>
<status status="PASS" starttime="20230708 15:03:03.921" endtime="20230708 15:03:03.938"/>
</kw>
<status status="PASS" starttime="20230708 15:03:03.753" endtime="20230708 15:03:03.938"/>
</kw>
<kw name="Check Regular Rate" library="booking">
[...]
<status status="NOT RUN" starttime="20230708 15:14:39.823" endtime="20230708 15:14:39.823"/>
</kw>
<kw name="Switch Page" library="Browser">
<var>${previous}</var>
<arg>NEW</arg>
<tag>BrowserControl</tag>
<tag>Setter</tag>
<doc>Switches the active browser page to another open page by ``id`` or ``NEW``.</doc>
<status status="NOT RUN" starttime="20230708 15:14:39.823" endtime="20230708 15:14:39.823"/>
</kw>
<kw name="Wait Until Network Is Idle" library="Browser">
<tag>HTTP</tag>
<tag>Wait</tag>
<doc>Waits until there has been at least one instance of 500 ms of no network traffic on the page after loading.</doc>
<status status="NOT RUN" starttime="20230708 15:14:39.824" endtime="20230708 15:14:39.824"/>
</kw>
<kw name="Create a successful booking and return UUID" library="booking">
<var>${uuid}</var>
<arg>True</arg>
<status status="NOT RUN" starttime="20230708 15:14:39.824" endtime="20230708 15:14:39.824"/>
</kw>
<tag>exhibition_court</tag>
<status status="FAIL" starttime="20230708 15:14:39.384" endtime="20230708 15:14:39.824">Error: page.goto: Protocol error (Page.navigate): Invalid url: "$MUI_URL" Page.navigate@chrome://juggler/content/protocol/PageHandler.js:386:13
dispatch@chrome://juggler/content/protocol/Dispatcher.js:132:39
_dispatch@chrome://juggler/content/protocol/Dispatcher.js:69:36
receiveMessage@chrome://juggler/content/components/Juggler.js:118:20

=========================== logs ===========================
navigating to "$MUI_URL", waiting until "load"
============================================================</status>
</test>
<kw name="Close Browser" library="Browser" type="TEARDOWN">
<arg>ALL</arg>
<tag>BrowserControl</tag>
<tag>Setter</tag>
<doc>Closes the current browser.</doc>
<msg timestamp="20230708 15:14:41.309" level="INFO">Closed all browsers</msg>
<status status="PASS" starttime="20230708 15:14:39.883" endtime="20230708 15:14:41.309"/>
</kw>
<doc>A test suite for verifying modify booking functionality</doc>
<status status="FAIL" starttime="20230708 15:12:42.718" endtime="20230708 15:14:41.309"/>
</suite>
<status status="FAIL" starttime="20230708 15:12:39.050" endtime="20230708 15:14:41.317"/>
</suite>
<suite id="s1-s2-s2" name="Feature" source="/home/runner/work/nelson-test-automation/nelson-test-automation/testsuites/MUI/feature">
<suite id="s1-s2-s2-s1" name="MUI-430" source="/home/runner/work/nelson-test-automation/nelson-test-automation/testsuites/MUI/feature/MUI-430.robot">
<kw name="Open Browser to Nelson Portal and Login" library="mui" type="SETUP">
<kw name="Open Browser to Nelson Portal" library="mui">
<kw name="New Browser" library="Browser">
<arg>${browser}</arg>
<arg>${headless}</arg>
<tag>BrowserControl</tag>
<tag>Setter</tag>
<doc>Create a new playwright Browser with specified options.</doc>
<msg timestamp="20230708 15:14:41.343" level="INFO">{"browser": "firefox", "headless": true, "devtools": false, "handleSIGHUP": true, "handleSIGINT": true, "handleSIGTERM": true, "slowMo": 0.0, "timeout": 30000.0, "deprecated_pos_args": [], "tracesDir": "/home/runner/work/nelson-test-automation/nelson-test-automation/reports/test4/browser/traces/0f825c23-d7bb-4947-9660-6927b0e22910"}</msg>
<msg timestamp="20230708 15:14:42.028" level="INFO">Successfully created browser with options: {"browser":"firefox","headless":true,"devtools":false,"handleSIGHUP":true,"handleSIGINT":true,"handleSIGTERM":true,"slowMo":0,"timeout":30000,"deprecated_pos_args":[],"tracesDir":"/home/runner/work/nelson-test-automation/nelson-test-automation/reports/test4/browser/traces/0f825c23-d7bb-4947-9660-6927b0e22910"}</msg>
<status status="PASS" starttime="20230708 15:14:41.342" endtime="20230708 15:14:42.028"/>
</kw>
<kw name="Set Browser Timeout" library="Browser">
<arg>${timeout}</arg>
<tag>Config</tag>
<tag>Setter</tag>
<doc>Sets the timeout used by most input and getter keywords.</doc>
<msg timestamp="20230708 15:14:42.031" level="INFO">No context open.</msg>
<status status="PASS" starttime="20230708 15:14:42.029" endtime="20230708 15:14:42.031"/>
</kw>
<kw name="New Context" library="Browser">
<tag>BrowserControl</tag>
<tag>Setter</tag>
<doc>Create a new BrowserContext with specified options.</doc>
<msg timestamp="20230708 15:14:42.032" level="INFO">{
  "acceptDownloads": true,
  "bypassCSP": false,
  "forcedColors": "none",
  "hideRfBrowser": false,
  "ignoreHTTPSErrors": false,
  "javaScriptEnabled": true,
  "offline": false,
  "reducedMotion": "no-preference",
  "viewport": {
    "height": 720,
    "width": 1280
  },
  "deprecated_pos_args": []
}</msg>
<msg timestamp="20230708 15:14:42.103" level="INFO">Successfully created context. </msg>
<msg timestamp="20230708 15:14:42.103" level="INFO">{'acceptDownloads': True, 'bypassCSP': False, 'forcedColors': 'none', 'hideRfBrowser': False, 'ignoreHTTPSErrors': False, 'javaScriptEnabled': True, 'offline': False, 'reducedMotion': 'no-preference', 'viewport': {'height': 720, 'width': 1280}, 'deprecated_pos_args': []}</msg>
<status status="PASS" starttime="20230708 15:14:42.032" endtime="20230708 15:14:42.103"/>
</kw>
<kw name="New Page" library="Browser">
<arg>${MUI_URL}</arg>
<tag>BrowserControl</tag>
<tag>Setter</tag>
<doc>Open a new Page.</doc>
<msg timestamp="20230708 15:14:42.959" level="WARN">Keyword 'Take Screenshot  fail-screenshot-{index}' could not be run on failure:
Error: Tried to take screenshot, but no page was open.</msg>
<msg timestamp="20230708 15:14:42.959" level="INFO">See also file:///home/runner/work/nelson-test-automation/nelson-test-automation/reports/test4/playwright-log.txt for additional details.</msg>
<msg timestamp="20230708 15:14:42.959" level="FAIL">Error: page.goto: Protocol error (Page.navigate): Invalid url: "$MUI_URL" Page.navigate@chrome://juggler/content/protocol/PageHandler.js:386:13
dispatch@chrome://juggler/content/protocol/Dispatcher.js:132:39
_dispatch@chrome://juggler/content/protocol/Dispatcher.js:69:36
receiveMessage@chrome://juggler/content/components/Juggler.js:118:20

=========================== logs ===========================
navigating to "$MUI_URL", waiting until "load"
============================================================</msg>
<status status="FAIL" starttime="20230708 15:14:42.104" endtime="20230708 15:14:42.960"/>
</kw>
<status status="FAIL" starttime="20230708 15:14:41.342" endtime="20230708 15:14:42.961"/>
</kw>
<kw name="Log in to Nelson Portal" library="mui">
<status status="NOT RUN" starttime="20230708 15:14:42.961" endtime="20230708 15:14:42.961"/>
</kw>
<kw name="Select Environment" library="mui">
<arg>${environment}</arg>
<status status="NOT RUN" starttime="20230708 15:14:42.961" endtime="20230708 15:14:42.961"/>
</kw>
<status status="FAIL" starttime="20230708 15:14:41.342" endtime="20230708 15:14:42.962"/>
</kw>
<test id="s1-s2-s2-s1-t1" name="Filter Check in incomplete and open reservation" line="12">
<doc>Test case verifying the functionality of the Check in incomplete filter
when it's toggled on</doc>
<status status="FAIL" starttime="20230708 15:14:42.962" endtime="20230708 15:14:42.966">Parent suite setup failed:
Error: page.goto: Protocol error (Page.navigate): Invalid url: "$MUI_URL" Page.navigate@chrome://juggler/content/protocol/PageHandler.js:386:13
dispatch@chrome://juggler/content/protocol/Dispatcher.js:132:39
_dispatch@chrome://juggler/content/protocol/Dispatcher.js:69:36
receiveMessage@chrome://juggler/content/components/Juggler.js:118:20

=========================== logs ===========================
navigating to "$MUI_URL", waiting until "load"
============================================================</status>
</test>
<test id="s1-s2-s2-s1-t2" name="Remove filter and open a reservation" line="23">
<doc>Test case verifying the functionality of the Check in incomplete filter
when it's toggled off</doc>
<status status="FAIL" starttime="20230708 15:14:42.976" endtime="20230708 15:14:42.982">Parent suite setup failed:
Error: page.goto: Protocol error (Page.navigate): Invalid url: "$MUI_URL" Page.navigate@chrome://juggler/content/protocol/PageHandler.js:386:13
dispatch@chrome://juggler/content/protocol/Dispatcher.js:132:39
_dispatch@chrome://juggler/content/protocol/Dispatcher.js:69:36
receiveMessage@chrome://juggler/content/components/Juggler.js:118:20

=========================== logs ===========================
navigating to "$MUI_URL", waiting until "load"
============================================================</status>
</test>
<kw name="Close Browser" library="Browser" type="TEARDOWN">
<tag>BrowserControl</tag>
<tag>Setter</tag>
<doc>Closes the current browser.</doc>
<msg timestamp="20230708 15:14:44.966" level="INFO">Closed browser</msg>
<status status="PASS" starttime="20230708 15:14:42.991" endtime="20230708 15:14:44.966"/>
</kw>
<doc>This file contains test cases for testing MUI-430.robot</doc>
<status status="FAIL" starttime="20230708 15:14:41.321" endtime="20230708 15:14:44.966">Suite setup failed:
Error: page.goto: Protocol error (Page.navigate): Invalid url: "$MUI_URL" Page.navigate@chrome://juggler/content/protocol/PageHandler.js:386:13
dispatch@chrome://juggler/content/protocol/Dispatcher.js:132:39
_dispatch@chrome://juggler/content/protocol/Dispatcher.js:69:36
receiveMessage@chrome://juggler/content/components/Juggler.js:118:20

=========================== logs ===========================
navigating to "$MUI_URL", waiting until "load"
============================================================</status>
</suite>
<status status="FAIL" starttime="20230708 15:14:41.319" endtime="20230708 15:14:44.973"/>
</suite>
<status status="FAIL" starttime="20230708 15:12:39.048" endtime="20230708 15:14:44.974"/>
</suite>
<suite id="s1-s3" name="Others" source="/home/runner/work/nelson-test-automation/nelson-test-automation/testsuites/Others">
<suite id="s1-s3-s1" name="Example" source="/home/runner/work/nelson-test-automation/nelson-test-automation/testsuites/Others/example.robot">
<test id="s1-s3-s1-t1" name="Open Nelson Portal" line="9">
<kw name="New Browser" library="Browser">
<arg>${browser}</arg>
<arg>false</arg>
<tag>BrowserControl</tag>
<tag>Setter</tag>
<doc>Create a new playwright Browser with specified options.</doc>
<msg timestamp="20230708 15:14:44.989" level="INFO">{"browser": "firefox", "headless": false, "devtools": false, "handleSIGHUP": true, "handleSIGINT": true, "handleSIGTERM": true, "slowMo": 0.0, "timeout": 30000.0, "deprecated_pos_args": [], "tracesDir": "/home/runner/work/nelson-test-automation/nelson-test-automation/reports/test4/browser/traces/63df54f0-d07c-4973-88fb-b9f8aea57553"}</msg>
<msg timestamp="20230708 15:14:45.254" level="WARN">Keyword 'Take Screenshot  fail-screenshot-{index}' could not be run on failure:
Error: Tried to take screenshot, but no page was open.</msg>
<msg timestamp="20230708 15:14:45.255" level="INFO">See also file:///home/runner/work/nelson-test-automation/nelson-test-automation/reports/test4/playwright-log.txt for additional details.</msg>
<msg timestamp="20230708 15:14:45.257" level="FAIL">Error: browserType.launch: 
╔════════════════════════════════════════════════════════════════════════════════════════════════╗
║ Looks like you launched a headed browser without having a XServer running.                     ║
║ Set either 'headless: true' or use 'xvfb-run &lt;your-playwright-app&gt;' before running Playwright. ║
║                                                                                                ║
║ &lt;3 Playwright Team                                                                             ║
╚════════════════════════════════════════════════════════════════════════════════════════════════╝
=========================== logs ===========================
&lt;launching&gt; /opt/hostedtoolcache/Python/3.10.12/x64/lib/python3.10/site-packages/Browser/wrapper/node_modules/playwright-core/.local-browsers/firefox-1408/firefox/firefox -no-remote -wait-for-browser -foreground -profile /tmp/playwright_firefoxdev_profile-VNuaEh -juggler-pipe -silent
&lt;launched&gt; pid=15155
[pid=15155][err] Error: no DISPLAY environment variable specified
[pid=15155] &lt;process did exit: exitCode=1, signal=null&gt;
[pid=15155] starting temporary directories cleanup
============================================================</msg>
<status status="FAIL" starttime="20230708 15:14:44.989" endtime="20230708 15:14:45.257"/>
</kw>
<kw name="New Context" library="Browser">
<tag>BrowserControl</tag>
<tag>Setter</tag>
<doc>Create a new BrowserContext with specified options.</doc>
<status status="NOT RUN" starttime="20230708 15:14:45.258" endtime="20230708 15:14:45.258"/>
</kw>
<kw name="EnvHandler.Get Environment Variable">
<var>${url}</var>
<arg>MUI_LINK</arg>
<status status="NOT RUN" starttime="20230708 15:14:45.264" endtime="20230708 15:14:45.264"/>
</kw>
<kw name="New Page" library="Browser">
<arg>${url}</arg>
<tag>BrowserControl</tag>
<tag>Setter</tag>
<doc>Open a new Page.</doc>
<status status="NOT RUN" starttime="20230708 15:14:45.264" endtime="20230708 15:14:45.265"/>
</kw>
<tag>skip</tag>
<status status="FAIL" starttime="20230708 15:14:44.986" endtime="20230708 15:14:45.265">Error: browserType.launch: 
╔════════════════════════════════════════════════════════════════════════════════════════════════╗
║ Looks like you launched a headed browser without having a XServer running.                     ║
║ Set either 'headless: true' or use 'xvfb-run &lt;your-playwright-app&gt;' before running Playwright. ║
║                                                                                                ║
║ &lt;3 Playwright Team                                                                             ║
╚════════════════════════════════════════════════════════════════════════════════════════════════╝
=========================== logs ===========================
&lt;launching&gt; /opt/hostedtoolcache/Python/3.10.12/x64/lib/python3.10/site-packages/Browser/wrapper/node_modules/playwright-core/.local-browsers/firefox-1408/firefox/firefox -no-remote -wait-for-browser -foreground -profile /tmp/playwright_firefoxdev_profile-VNuaEh -juggler-pipe -silent
&lt;launched&gt; pid=15155
[pid=15155][err] Error: no DISPLAY environment variable specified
[pid=15155] &lt;process did exit: exitCode=1, signal=null&gt;
[pid=15155] starting temporary directories cleanup
============================================================</status>
</test>
<test id="s1-s3-s1-t2" name="Login Nelson Portal" line="15">
<kw name="EnvHandler.Get Environment Variable">
<var>${password}</var>
<arg>MUI_PASSWORD</arg>
<msg timestamp="20230708 15:14:45.280" level="FAIL">No keyword with name 'EnvHandler.Get Environment Variable' found.</msg>
<status status="FAIL" starttime="20230708 15:14:45.280" endtime="20230708 15:14:45.280"/>
</kw>
<kw name="EnvHandler.Get Environment Variable">
<var>${username}</var>
<arg>MUI_USERNAME</arg>
<status status="NOT RUN" starttime="20230708 15:14:45.286" endtime="20230708 15:14:45.286"/>
</kw>
<kw name="Type Secret" library="Browser">
<arg>id=loginUsername</arg>
<arg>${username}</arg>
<tag>PageContent</tag>
<tag>Setter</tag>
<doc>Types the given secret from ``variable_name`` into the text field
found by ``selector``.</doc>
<status status="NOT RUN" starttime="20230708 15:14:45.286" endtime="20230708 15:14:45.286"/>
</kw>
<kw name="Type Secret" library="Browser">
<arg>id=loginPassword</arg>
<arg>${password}</arg>
<tag>PageContent</tag>
<tag>Setter</tag>
<doc>Types the given secret from ``variable_name`` into the text field
found by ``selector``.</doc>
<status status="NOT RUN" starttime="20230708 15:14:45.287" endtime="20230708 15:14:45.287"/>
</kw>
<tag>skip</tag>
<status status="FAIL" starttime="20230708 15:14:45.270" endtime="20230708 15:14:45.287">No keyword with name 'EnvHandler.Get Environment Variable' found.</status>
</test>
<kw name="Close Browser" library="Browser" type="TEARDOWN">
<tag>BrowserControl</tag>
<tag>Setter</tag>
<doc>Closes the current browser.</doc>
<msg timestamp="20230708 15:14:45.294" level="INFO">No browser open, doing nothing</msg>
<status status="PASS" starttime="20230708 15:14:45.292" endtime="20230708 15:14:45.294"/>
</kw>
<status status="FAIL" starttime="20230708 15:14:44.977" endtime="20230708 15:14:45.294"/>
</suite>
<status status="FAIL" starttime="20230708 15:14:44.975" endtime="20230708 15:14:45.301"/>
</suite>
<doc>Argument file for running tests on Omena staging environment (test3)</doc>
<status status="FAIL" starttime="20230708 15:01:52.520" endtime="20230708 15:14:45.303"/>
</suite>
<statistics>
<total>
<stat pass="4" fail="31" skip="0">All Tests</stat>
</total>
<tag>
<stat pass="2" fail="6" skip="0">exhibition_court</stat>
<stat pass="1" fail="2" skip="0">skip</stat>
<stat pass="0" fail="1" skip="0">smoke</stat>
<stat pass="0" fail="1" skip="0">smoke, booking, BUI2-556, online-checkin</stat>
</tag>
<suite>
<stat pass="4" fail="31" skip="0" id="s1" name="Testsuites">Testsuites</stat>
<stat pass="2" fail="21" skip="0" id="s1-s1" name="BUI">Testsuites.BUI</stat>
<stat pass="1" fail="19" skip="0" id="s1-s1-s1" name="Feature">Testsuites.BUI.Feature</stat>
<stat pass="1" fail="19" skip="0" id="s1-s1-s1-s1" name="Online Check In">Testsuites.BUI.Feature.Online Check In</stat>
<stat pass="0" fail="1" skip="0" id="s1-s1-s1-s1-s1" name="BUI2-556">Testsuites.BUI.Feature.Online Check In.BUI2-556</stat>
<stat pass="1" fail="2" skip="0" id="s1-s1-s1-s1-s2" name="BUI2-557">Testsuites.BUI.Feature.Online Check In.BUI2-557</stat>
<stat pass="0" fail="11" skip="0" id="s1-s1-s1-s1-s3" name="BUI2-558">Testsuites.BUI.Feature.Online Check In.BUI2-558</stat>
<stat pass="0" fail="5" skip="0" id="s1-s1-s1-s1-s4" name="BUI2-559">Testsuites.BUI.Feature.Online Check In.BUI2-559</stat>
<stat pass="1" fail="2" skip="0" id="s1-s1-s2" name="Regression">Testsuites.BUI.Regression</stat>
<stat pass="1" fail="0" skip="0" id="s1-s1-s2-s1" name="Modify Booking">Testsuites.BUI.Regression.Modify Booking</stat>
<stat pass="0" fail="2" skip="0" id="s1-s1-s2-s2" name="New Booking">Testsuites.BUI.Regression.New Booking</stat>
<stat pass="2" fail="8" skip="0" id="s1-s2" name="MUI">Testsuites.MUI</stat>
<stat pass="2" fail="6" skip="0" id="s1-s2-s1" name="EC">Testsuites.MUI.EC</stat>
<stat pass="0" fail="1" skip="0" id="s1-s2-s1-s1" name="Example">Testsuites.MUI.EC.Example</stat>
<stat pass="2" fail="5" skip="0" id="s1-s2-s1-s2" name="New Booking">Testsuites.MUI.EC.New Booking</stat>
<stat pass="0" fail="2" skip="0" id="s1-s2-s2" name="Feature">Testsuites.MUI.Feature</stat>
<stat pass="0" fail="2" skip="0" id="s1-s2-s2-s1" name="MUI-430">Testsuites.MUI.Feature.MUI-430</stat>
<stat pass="0" fail="2" skip="0" id="s1-s3" name="Others">Testsuites.Others</stat>
<stat pass="0" fail="2" skip="0" id="s1-s3-s1" name="Example">Testsuites.Others.Example</stat>
</suite>
</statistics>
<errors>
<msg timestamp="20230708 15:12:40.651" level="WARN">Keyword 'Take Screenshot  fail-screenshot-{index}' could not be run on failure:
Error: Tried to take screenshot, but no page was open.</msg>
<msg timestamp="20230708 15:14:39.226" level="WARN">Keyword 'Take Screenshot  fail-screenshot-{index}' could not be run on failure:
Error: Tried to take screenshot, but no page was open.</msg>
<msg timestamp="20230708 15:14:39.374" level="WARN">Keyword 'Take Screenshot  fail-screenshot-{index}' could not be run on failure:
Error: Tried to take screenshot, but no page was open.</msg>
<msg timestamp="20230708 15:14:39.817" level="WARN">Keyword 'Take Screenshot  fail-screenshot-{index}' could not be run on failure:
Error: Tried to take screenshot, but no page was open.</msg>
<msg timestamp="20230708 15:14:42.959" level="WARN">Keyword 'Take Screenshot  fail-screenshot-{index}' could not be run on failure:
Error: Tried to take screenshot, but no page was open.</msg>
<msg timestamp="20230708 15:14:45.254" level="WARN">Keyword 'Take Screenshot  fail-screenshot-{index}' could not be run on failure:
Error: Tried to take screenshot, but no page was open.</msg>
</errors>
</robot>
