<?xml version="1.0" encoding="UTF-8"?>
<robot generator="Robot 5.0.1 (Python 3.10.12 on linux)" generated="20230710 10:35:46.278" rpa="false" schemaversion="3">
<suite id="s1" name="Testsuites" source="/home/runner/work/nelson-test-automation/nelson-test-automation/testsuites">
<suite id="s1-s1" name="BUI" source="/home/runner/work/nelson-test-automation/nelson-test-automation/testsuites/BUI">
<suite id="s1-s1-s1" name="Regression" source="/home/runner/work/nelson-test-automation/nelson-test-automation/testsuites/BUI/regression">
<suite id="s1-s1-s1-s1" name="New Booking" source="/home/runner/work/nelson-test-automation/nelson-test-automation/testsuites/BUI/regression/new_booking.robot">
<kw name="Open Browser to Landing Page" library="common" type="SETUP">
<doc>A general startup keyword for opening a browser to the landing page.</doc>
<kw name="Open New Browser To URL" library="common">
<arg>${url}</arg>
<kw name="New Browser" library="Browser">
<arg>${browser}</arg>
<arg>${headless}</arg>
<arg>timeout=${timeout}</arg>
<tag>BrowserControl</tag>
<tag>Setter</tag>
<doc>Create a new playwright Browser with specified options.</doc>
<msg timestamp="20230710 10:35:47.226" level="INFO">{"browser": "firefox", "headless": true, "devtools": false, "handleSIGHUP": true, "handleSIGINT": true, "handleSIGTERM": true, "slowMo": 0.0, "timeout": 90000.0, "deprecated_pos_args": [], "tracesDir": "/home/runner/work/nelson-test-automation/nelson-test-automation/reports/test4/browser/traces/ea6c03e1-0660-484d-9f31-bc21ed6dd58c"}</msg>
<msg timestamp="20230710 10:35:48.139" level="INFO">Successfully created browser with options: {"browser":"firefox","headless":true,"devtools":false,"handleSIGHUP":true,"handleSIGINT":true,"handleSIGTERM":true,"slowMo":0,"timeout":90000,"deprecated_pos_args":[],"tracesDir":"/home/runner/work/nelson-test-automation/nelson-test-automation/reports/test4/browser/traces/ea6c03e1-0660-484d-9f31-bc21ed6dd58c"}</msg>
<status status="PASS" starttime="20230710 10:35:47.226" endtime="20230710 10:35:48.139"/>
</kw>
<kw name="Set Browser Timeout" library="Browser">
<arg>${timeout}</arg>
<tag>Config</tag>
<tag>Setter</tag>
<doc>Sets the timeout used by most input and getter keywords.</doc>
<msg timestamp="20230710 10:35:48.143" level="INFO">No context open.</msg>
<status status="PASS" starttime="20230710 10:35:48.139" endtime="20230710 10:35:48.143"/>
</kw>
<kw name="New Context" library="Browser">
<tag>BrowserControl</tag>
<tag>Setter</tag>
<doc>Create a new BrowserContext with specified options.</doc>
<msg timestamp="20230710 10:35:48.144" level="INFO">{
  "acceptDownloads": true,
  "bypassCSP": false,
  "forcedColors": "none",
  "hideRfBrowser": false,
  "ignoreHTTPSErrors": false,
  "javaScriptEnabled": true,
  "offline": false,
  "reducedMotion": "no-preference",
  "viewport": {
    "width": 1280,
    "height": 720
  },
  "deprecated_pos_args": []
}</msg>
<msg timestamp="20230710 10:35:48.218" level="INFO">Successfully created context. </msg>
<msg timestamp="20230710 10:35:48.218" level="INFO">{'acceptDownloads': True, 'bypassCSP': False, 'forcedColors': 'none', 'hideRfBrowser': False, 'ignoreHTTPSErrors': False, 'javaScriptEnabled': True, 'offline': False, 'reducedMotion': 'no-preference', 'viewport': {'width': 1280, 'height': 720}, 'deprecated_pos_args': []}</msg>
<status status="PASS" starttime="20230710 10:35:48.143" endtime="20230710 10:35:48.218"/>
</kw>
<kw name="New Page" library="Browser">
<arg>${url}</arg>
<tag>BrowserControl</tag>
<tag>Setter</tag>
<doc>Open a new Page.</doc>
<msg timestamp="20230710 10:35:53.520" level="INFO">Successfully initialized new page object and opened url: https://test4.omenahotels.com/en</msg>
<status status="PASS" starttime="20230710 10:35:48.219" endtime="20230710 10:35:53.520"/>
</kw>
<status status="PASS" starttime="20230710 10:35:47.225" endtime="20230710 10:35:53.520"/>
</kw>
<kw name="Wait Until Network Is Idle" library="Browser">
<tag>HTTP</tag>
<tag>Wait</tag>
<doc>Waits until there has been at least one instance of 500 ms of no network traffic on the page after loading.</doc>
<status status="PASS" starttime="20230710 10:35:53.521" endtime="20230710 10:35:55.537"/>
</kw>
<kw name="Allow Cookies" library="common">
<doc>Allow Cookies/Toggle Cookie allowance</doc>
<kw name="Is Element Found" library="common">
<var>${cookieModalVisible}</var>
<arg>id=CybotCookiebotDialogBodyLevelButtonLevelOptinAllowAll</arg>
<doc>A keyword that has a very complex way of figuring out whether an
element is found or not because I had trouble with the built-in keywords
Can be solved differently if you have a better idea</doc>
<kw name="Set Browser Timeout" library="Browser">
<arg>10s</arg>
<tag>Config</tag>
<tag>Setter</tag>
<doc>Sets the timeout used by most input and getter keywords.</doc>
<msg timestamp="20230710 10:35:55.541" level="INFO">Set timeout to: 10000</msg>
<status status="PASS" starttime="20230710 10:35:55.538" endtime="20230710 10:35:55.541"/>
</kw>
<try>
<branch type="TRY">
<kw name="Get Elements" library="Browser">
<var>${els}</var>
<arg>${selector}</arg>
<tag>Getter</tag>
<tag>PageContent</tag>
<doc>Returns a reference to Playwright [https://playwright.dev/docs/api/class-locator|Locator]
for all matched elements by ``selector``.</doc>
<msg timestamp="20230710 10:35:55.592" level="INFO">Found 1 Locators successfully.</msg>
<msg timestamp="20230710 10:35:55.592" level="INFO">${els} = ['element=442c4066-6978-4ab1-b8d3-c025476d0897']</msg>
<status status="PASS" starttime="20230710 10:35:55.542" endtime="20230710 10:35:55.592"/>
</kw>
<kw name="Get Length" library="BuiltIn">
<var>${count}</var>
<arg>${els}</arg>
<doc>Returns and logs the length of the given item as an integer.</doc>
<msg timestamp="20230710 10:35:55.593" level="INFO">Length is 1</msg>
<msg timestamp="20230710 10:35:55.593" level="INFO">${count} = 1</msg>
<status status="PASS" starttime="20230710 10:35:55.592" endtime="20230710 10:35:55.593"/>
</kw>
<if>
<branch type="IF" condition="${count} &gt; 0">
<kw name="Set Variable" library="BuiltIn">
<var>${visible}</var>
<arg>True</arg>
<doc>Returns the given values which can then be assigned to a variables.</doc>
<msg timestamp="20230710 10:35:55.594" level="INFO">${visible} = True</msg>
<status status="PASS" starttime="20230710 10:35:55.593" endtime="20230710 10:35:55.594"/>
</kw>
<status status="PASS" starttime="20230710 10:35:55.593" endtime="20230710 10:35:55.594"/>
</branch>
<branch type="ELSE">
<kw name="Set Variable" library="BuiltIn">
<var>${visible}</var>
<arg>False</arg>
<doc>Returns the given values which can then be assigned to a variables.</doc>
<status status="NOT RUN" starttime="20230710 10:35:55.594" endtime="20230710 10:35:55.594"/>
</kw>
<status status="NOT RUN" starttime="20230710 10:35:55.594" endtime="20230710 10:35:55.594"/>
</branch>
<status status="PASS" starttime="20230710 10:35:55.593" endtime="20230710 10:35:55.594"/>
</if>
<status status="PASS" starttime="20230710 10:35:55.541" endtime="20230710 10:35:55.594"/>
</branch>
<branch type="EXCEPT">
<kw name="Set Variable" library="BuiltIn">
<var>${visible}</var>
<arg>False</arg>
<doc>Returns the given values which can then be assigned to a variables.</doc>
<status status="NOT RUN" starttime="20230710 10:35:55.595" endtime="20230710 10:35:55.595"/>
</kw>
<status status="NOT RUN" starttime="20230710 10:35:55.594" endtime="20230710 10:35:55.595"/>
</branch>
<status status="PASS" starttime="20230710 10:35:55.541" endtime="20230710 10:35:55.595"/>
</try>
<kw name="Set Browser Timeout" library="Browser">
<arg>${timeout}</arg>
<tag>Config</tag>
<tag>Setter</tag>
<doc>Sets the timeout used by most input and getter keywords.</doc>
<msg timestamp="20230710 10:35:55.598" level="INFO">Set timeout to: 90000</msg>
<status status="PASS" starttime="20230710 10:35:55.595" endtime="20230710 10:35:55.598"/>
</kw>
<msg timestamp="20230710 10:35:55.599" level="INFO">${cookieModalVisible} = True</msg>
<status status="PASS" starttime="20230710 10:35:55.537" endtime="20230710 10:35:55.599"/>
</kw>
<if>
<branch type="IF" condition="${cookieModalVisible}">
<kw name="Click" library="Browser">
<arg>id=CybotCookiebotDialogBodyLevelButtonLevelOptinAllowAll</arg>
<tag>PageContent</tag>
<tag>Setter</tag>
<doc>Simulates mouse click on the element found by ``selector``.</doc>
<status status="PASS" starttime="20230710 10:35:55.599" endtime="20230710 10:35:55.682"/>
</kw>
<status status="PASS" starttime="20230710 10:35:55.599" endtime="20230710 10:35:55.682"/>
</branch>
<branch type="ELSE">
<kw name="Log" library="BuiltIn">
<arg>No Cookie Modal Visible</arg>
<doc>Logs the given message with the given level.</doc>
<status status="NOT RUN" starttime="20230710 10:35:55.682" endtime="20230710 10:35:55.682"/>
</kw>
<status status="NOT RUN" starttime="20230710 10:35:55.682" endtime="20230710 10:35:55.683"/>
</branch>
<status status="PASS" starttime="20230710 10:35:55.599" endtime="20230710 10:35:55.683"/>
</if>
<status status="PASS" starttime="20230710 10:35:55.537" endtime="20230710 10:35:55.683"/>
</kw>
<kw name="Set Environment" library="common">
<kw name="Get Url" library="Browser">
<var>${currentUrl}</var>
<tag>Assertion</tag>
<tag>Getter</tag>
<tag>PageContent</tag>
<doc>Returns the current URL.</doc>
<msg timestamp="20230710 10:35:55.687" level="INFO">${currentUrl} = https://test4.omenahotels.com/en/</msg>
<status status="PASS" starttime="20230710 10:35:55.683" endtime="20230710 10:35:55.687"/>
</kw>
<kw name="Get Environment From Url" library="Helpers">
<var>${env}</var>
<arg>${currentUrl}</arg>
<msg timestamp="20230710 10:35:55.687" level="INFO">${env} = test-omena</msg>
<status status="PASS" starttime="20230710 10:35:55.687" endtime="20230710 10:35:55.688"/>
</kw>
<kw name="Set Variable" library="BuiltIn">
<arg>${environment}</arg>
<arg>${env}</arg>
<doc>Returns the given values which can then be assigned to a variables.</doc>
<status status="PASS" starttime="20230710 10:35:55.688" endtime="20230710 10:35:55.688"/>
</kw>
<status status="PASS" starttime="20230710 10:35:55.683" endtime="20230710 10:35:55.688"/>
</kw>
<status status="PASS" starttime="20230710 10:35:47.224" endtime="20230710 10:35:55.688"/>
</kw>
<test id="s1-s1-s1-s1-t1" name="Create A New Booking as" line="12">
<kw name="Select Hotel" library="booking">
<doc>Select Hotel by using a number as an argument, default Lönnrotinkatu</doc>
<if>
<branch type="IF" condition="&quot;${environment}&quot; == &quot;test-exhibition&quot;">
<kw name="Log" library="BuiltIn">
<arg>No hotel to be selected</arg>
<doc>Logs the given message with the given level.</doc>
<status status="NOT RUN" starttime="20230710 10:35:55.691" endtime="20230710 10:35:55.691"/>
</kw>
<status status="NOT RUN" starttime="20230710 10:35:55.690" endtime="20230710 10:35:55.691"/>
</branch>
<branch type="ELSE">
<kw name="Log" library="BuiltIn">
<arg>Selecting Hotel: ${hotel}</arg>
<doc>Logs the given message with the given level.</doc>
<msg timestamp="20230710 10:35:55.691" level="INFO">Selecting Hotel: Lönnrotin</msg>
<status status="PASS" starttime="20230710 10:35:55.691" endtime="20230710 10:35:55.691"/>
</kw>
<kw name="Click" library="Browser">
<arg>//div[contains(@data-nelson-btn, "hotels")]</arg>
<tag>PageContent</tag>
<tag>Setter</tag>
<doc>Simulates mouse click on the element found by ``selector``.</doc>
<status status="PASS" starttime="20230710 10:35:55.691" endtime="20230710 10:35:55.780"/>
</kw>
<kw name="Wait Until Visible" library="common">
<arg>//a[contains(@class, 'dropdown-item') and contains(text(), '${hotel}')]</arg>
<doc>An easier keyword for waiting until an element is visible</doc>
<kw name="Wait For Elements State" library="Browser">
<arg>${element}</arg>
<arg>visible</arg>
<arg>timeout=${timeout}</arg>
<tag>PageContent</tag>
<tag>Wait</tag>
<doc>Waits for the element found by ``selector`` to satisfy state option.</doc>
<msg timestamp="20230710 10:35:55.790" level="INFO">Waited for Element with selector //a[contains(@class, 'dropdown-item') and contains(text(), 'Lönnrotin')] at state visible</msg>
<status status="PASS" starttime="20230710 10:35:55.781" endtime="20230710 10:35:55.790"/>
</kw>
<status status="PASS" starttime="20230710 10:35:55.780" endtime="20230710 10:35:55.790"/>
</kw>
<kw name="Click" library="Browser">
<arg>//a[contains(@class, 'dropdown-item') and contains(text(), '${hotel}')]</arg>
<tag>PageContent</tag>
<tag>Setter</tag>
<doc>Simulates mouse click on the element found by ``selector``.</doc>
<status status="PASS" starttime="20230710 10:35:55.791" endtime="20230710 10:35:56.071"/>
</kw>
<kw name="Wait For Elements State" library="Browser">
<arg>//a[contains(@class, 'dropdown-item') and contains(text(), '${hotel}')]</arg>
<arg>hidden</arg>
<arg>timeout=3s</arg>
<tag>PageContent</tag>
<tag>Wait</tag>
<doc>Waits for the element found by ``selector`` to satisfy state option.</doc>
<msg timestamp="20230710 10:35:56.142" level="INFO">Waited for Element with selector //a[contains(@class, 'dropdown-item') and contains(text(), 'Lönnrotin')] at state hidden</msg>
<status status="PASS" starttime="20230710 10:35:56.071" endtime="20230710 10:35:56.142"/>
</kw>
<status status="PASS" starttime="20230710 10:35:55.691" endtime="20230710 10:35:56.142"/>
</branch>
<status status="PASS" starttime="20230710 10:35:55.690" endtime="20230710 10:35:56.143"/>
</if>
<status status="PASS" starttime="20230710 10:35:55.690" endtime="20230710 10:35:56.143"/>
</kw>
<kw name="Select Dates" library="booking">
<kw name="Log" library="BuiltIn">
<arg>${EMPTY}</arg>
<doc>Logs the given message with the given level.</doc>
<msg timestamp="20230710 10:35:56.145" level="INFO"/>
<status status="PASS" starttime="20230710 10:35:56.144" endtime="20230710 10:35:56.145"/>
</kw>
<status status="PASS" starttime="20230710 10:35:56.143" endtime="20230710 10:35:56.145"/>
</kw>
<kw name="Select Guests" library="booking">
<doc>Selects the number of guests for the booking, current implementation will only check the dropdown</doc>
<kw name="Log To Console" library="BuiltIn">
<arg>${EMPTY}</arg>
<doc>Logs the given message to the console.</doc>
<status status="PASS" starttime="20230710 10:35:56.148" endtime="20230710 10:35:56.154"/>
</kw>
<status status="PASS" starttime="20230710 10:35:56.145" endtime="20230710 10:35:56.157"/>
</kw>
<kw name="Click Book or Find Rooms Button" library="booking">
<kw name="Get Url" library="Browser">
<var>${url}</var>
<tag>Assertion</tag>
<tag>Getter</tag>
<tag>PageContent</tag>
<doc>Returns the current URL.</doc>
<msg timestamp="20230710 10:35:56.164" level="INFO">${url} = https://test4.omenahotels.com/en/#</msg>
<status status="PASS" starttime="20230710 10:35:56.158" endtime="20230710 10:35:56.164"/>
</kw>
<kw name="Check If String Contains" library="common">
<var>${booking}</var>
<arg>${url}</arg>
<arg>/booking/</arg>
<kw name="Check If String Contains Substring" library="Helpers">
<var>${contains}</var>
<arg>${string}</arg>
<arg>${substring}</arg>
<msg timestamp="20230710 10:35:56.170" level="INFO">${contains} = False</msg>
<status status="PASS" starttime="20230710 10:35:56.170" endtime="20230710 10:35:56.170"/>
</kw>
<msg timestamp="20230710 10:35:56.170" level="INFO">${booking} = False</msg>
<status status="PASS" starttime="20230710 10:35:56.164" endtime="20230710 10:35:56.170"/>
</kw>
<if>
<branch type="IF" condition="${booking} == True">
<kw name="Click" library="Browser">
<arg>//button[contains(@class, 'booking-form-button') and contains(text(), 'Find rooms')]</arg>
<tag>PageContent</tag>
<tag>Setter</tag>
<doc>Simulates mouse click on the element found by ``selector``.</doc>
<status status="NOT RUN" starttime="20230710 10:35:56.171" endtime="20230710 10:35:56.171"/>
</kw>
<status status="NOT RUN" starttime="20230710 10:35:56.171" endtime="20230710 10:35:56.171"/>
</branch>
<branch type="ELSE">
<kw name="Click" library="Browser">
<arg>//button[contains(@class, 'booking-form-button') and contains(text(), 'Book')]</arg>
<tag>PageContent</tag>
<tag>Setter</tag>
<doc>Simulates mouse click on the element found by ``selector``.</doc>
<status status="PASS" starttime="20230710 10:35:56.171" endtime="20230710 10:35:56.571"/>
</kw>
<status status="PASS" starttime="20230710 10:35:56.171" endtime="20230710 10:35:56.572"/>
</branch>
<status status="PASS" starttime="20230710 10:35:56.171" endtime="20230710 10:35:56.572"/>
</if>
<status status="PASS" starttime="20230710 10:35:56.157" endtime="20230710 10:35:56.572"/>
</kw>
<kw name="Select a Standard Room" library="booking">
<kw name="Wait Until Visible" library="common">
<arg>${btnExtras}</arg>
<doc>An easier keyword for waiting until an element is visible</doc>
<kw name="Wait For Elements State" library="Browser">
<arg>${element}</arg>
<arg>visible</arg>
<arg>timeout=${timeout}</arg>
<tag>PageContent</tag>
<tag>Wait</tag>
<doc>Waits for the element found by ``selector`` to satisfy state option.</doc>
<msg timestamp="20230710 10:35:59.665" level="INFO">Waited for Element with selector (//div[contains(@view,"booking")]//button[contains(text(), "Continue to extras")])[1] at state visible</msg>
<status status="PASS" starttime="20230710 10:35:56.573" endtime="20230710 10:35:59.665"/>
</kw>
<status status="PASS" starttime="20230710 10:35:56.573" endtime="20230710 10:35:59.666"/>
</kw>
<kw name="Get Element States" library="Browser">
<var>${visible}</var>
<arg>//div[contains(text(), 'Select room')]</arg>
<arg>then</arg>
<arg>bool(value &amp; visible)</arg>
<tag>Assertion</tag>
<tag>Getter</tag>
<tag>PageContent</tag>
<doc>Get the active states from the element found by ``selector``.</doc>
<msg timestamp="20230710 10:35:59.920" level="INFO">${visible} = False</msg>
<status status="PASS" starttime="20230710 10:35:59.666" endtime="20230710 10:35:59.920"/>
</kw>
<kw name="Run Keyword If" library="BuiltIn">
<arg>${visible}</arg>
<arg>Select Standard and Remove Other Room Selection</arg>
<doc>Runs the given keyword with the given arguments, if ``condition`` is true.</doc>
<status status="PASS" starttime="20230710 10:35:59.920" endtime="20230710 10:35:59.920"/>
</kw>
<status status="PASS" starttime="20230710 10:35:56.572" endtime="20230710 10:35:59.920"/>
</kw>
<kw name="Click Continue to Extras Button" library="booking">
<doc>Clicks the continue to extras button</doc>
<kw name="Click" library="Browser">
<arg>${btnExtras}</arg>
<tag>PageContent</tag>
<tag>Setter</tag>
<doc>Simulates mouse click on the element found by ``selector``.</doc>
<status status="PASS" starttime="20230710 10:35:59.921" endtime="20230710 10:36:06.607"/>
</kw>
<kw name="Wait Until Visible" library="common">
<arg>${btnPayment}</arg>
<doc>An easier keyword for waiting until an element is visible</doc>
<kw name="Wait For Elements State" library="Browser">
<arg>${element}</arg>
<arg>visible</arg>
<arg>timeout=${timeout}</arg>
<tag>PageContent</tag>
<tag>Wait</tag>
<doc>Waits for the element found by ``selector`` to satisfy state option.</doc>
<msg timestamp="20230710 10:36:08.048" level="INFO">Waited for Element with selector (//div[contains(@view,"extras")]//button[contains(text(), "Continue to payment")])[1] at state visible</msg>
<status status="PASS" starttime="20230710 10:36:06.608" endtime="20230710 10:36:08.049"/>
</kw>
<status status="PASS" starttime="20230710 10:36:06.607" endtime="20230710 10:36:08.049"/>
</kw>
<status status="PASS" starttime="20230710 10:35:59.921" endtime="20230710 10:36:08.049"/>
</kw>
<kw name="Continue to Payment" library="booking">
<kw name="Click" library="Browser">
<arg>(//button[normalize-space()='Continue to payment'])[1]</arg>
<tag>PageContent</tag>
<tag>Setter</tag>
<doc>Simulates mouse click on the element found by ``selector``.</doc>
<status status="PASS" starttime="20230710 10:36:08.050" endtime="20230710 10:36:08.189"/>
</kw>
<status status="PASS" starttime="20230710 10:36:08.049" endtime="20230710 10:36:08.189"/>
</kw>
<kw name="Fill in Contact Information" library="booking">
<doc>Fills in Contact information that can be given as arguments or use default values
Uses a password if the environment is bui and</doc>
<kw name="Create Email and Return Inbox" library="common">
<var>${inbox}</var>
<doc>Creates a new email address and returns the inbox object</doc>
<kw name="Create new Inbox" library="MailSlurp">
<var>${inbox}</var>
<msg timestamp="20230710 10:36:08.545" level="INFO">${inbox} = {'created_at': datetime.datetime(2023, 7, 10, 10, 36, 8, 503000, tzinfo=tzlocal()),
 'description': None,
 'domain_id': None,
 'email_address': '01ef33a9-c340-486a-b481-140ef4f889b2@mailslurp.com',
 '...</msg>
<status status="PASS" starttime="20230710 10:36:08.190" endtime="20230710 10:36:08.545"/>
</kw>
<kw name="Log To Console" library="BuiltIn">
<arg>${inbox.id}</arg>
<doc>Logs the given message to the console.</doc>
<status status="PASS" starttime="20230710 10:36:08.546" endtime="20230710 10:36:08.547"/>
</kw>
<msg timestamp="20230710 10:36:08.548" level="INFO">${inbox} = {'created_at': datetime.datetime(2023, 7, 10, 10, 36, 8, 503000, tzinfo=tzlocal()),
 'description': None,
 'domain_id': None,
 'email_address': '01ef33a9-c340-486a-b481-140ef4f889b2@mailslurp.com',
 '...</msg>
<status status="PASS" starttime="20230710 10:36:08.190" endtime="20230710 10:36:08.548"/>
</kw>
<kw name="Click and Fill" library="common">
<arg>id=firstName</arg>
<arg>${firstName}</arg>
<doc>A keyword combination of Click and Fill Text since most of the form fields need a click</doc>
<kw name="Click" library="Browser">
<arg>${selector}</arg>
<tag>PageContent</tag>
<tag>Setter</tag>
<doc>Simulates mouse click on the element found by ``selector``.</doc>
<status status="PASS" starttime="20230710 10:36:08.549" endtime="20230710 10:36:10.898"/>
</kw>
<kw name="Fill Text" library="Browser">
<arg>${selector}</arg>
<arg>${text}</arg>
<tag>PageContent</tag>
<tag>Setter</tag>
<doc>Clears and fills the given ``txt`` into the text field found by ``selector``.</doc>
<msg timestamp="20230710 10:36:10.899" level="INFO">Fills the text 'Mos' in the given field.</msg>
<status status="PASS" starttime="20230710 10:36:10.899" endtime="20230710 10:36:10.993"/>
</kw>
<status status="PASS" starttime="20230710 10:36:08.548" endtime="20230710 10:36:10.993"/>
</kw>
<kw name="Click and Fill" library="common">
<arg>id=lastName</arg>
<arg>${lastName}</arg>
<doc>A keyword combination of Click and Fill Text since most of the form fields need a click</doc>
<kw name="Click" library="Browser">
<arg>${selector}</arg>
<tag>PageContent</tag>
<tag>Setter</tag>
<doc>Simulates mouse click on the element found by ``selector``.</doc>
<status status="PASS" starttime="20230710 10:36:10.994" endtime="20230710 10:36:11.306"/>
</kw>
<kw name="Fill Text" library="Browser">
<arg>${selector}</arg>
<arg>${text}</arg>
<tag>PageContent</tag>
<tag>Setter</tag>
<doc>Clears and fills the given ``txt`` into the text field found by ``selector``.</doc>
<msg timestamp="20230710 10:36:11.306" level="INFO">Fills the text 'Def' in the given field.</msg>
<status status="PASS" starttime="20230710 10:36:11.306" endtime="20230710 10:36:11.384"/>
</kw>
<status status="PASS" starttime="20230710 10:36:10.994" endtime="20230710 10:36:11.384"/>
</kw>
<kw name="Click and Fill" library="common">
<arg>id=email</arg>
<arg>${inbox.email_address}</arg>
<doc>A keyword combination of Click and Fill Text since most of the form fields need a click</doc>
<kw name="Click" library="Browser">
<arg>${selector}</arg>
<tag>PageContent</tag>
<tag>Setter</tag>
<doc>Simulates mouse click on the element found by ``selector``.</doc>
<status status="PASS" starttime="20230710 10:36:11.386" endtime="20230710 10:36:11.586"/>
</kw>
<kw name="Fill Text" library="Browser">
<arg>${selector}</arg>
<arg>${text}</arg>
<tag>PageContent</tag>
<tag>Setter</tag>
<doc>Clears and fills the given ``txt`` into the text field found by ``selector``.</doc>
<msg timestamp="20230710 10:36:11.587" level="INFO">Fills the text '01ef33a9-c340-486a-b481-140ef4f889b2@mailslurp.com' in the given field.</msg>
<status status="PASS" starttime="20230710 10:36:11.586" endtime="20230710 10:36:11.653"/>
</kw>
<status status="PASS" starttime="20230710 10:36:11.384" endtime="20230710 10:36:11.653"/>
</kw>
<kw name="Click and Fill" library="common">
<arg>id=phoneNumber</arg>
<arg>${phone}</arg>
<doc>A keyword combination of Click and Fill Text since most of the form fields need a click</doc>
<kw name="Click" library="Browser">
<arg>${selector}</arg>
<tag>PageContent</tag>
<tag>Setter</tag>
<doc>Simulates mouse click on the element found by ``selector``.</doc>
<status status="PASS" starttime="20230710 10:36:11.654" endtime="20230710 10:36:11.818"/>
</kw>
<kw name="Fill Text" library="Browser">
<arg>${selector}</arg>
<arg>${text}</arg>
<tag>PageContent</tag>
<tag>Setter</tag>
<doc>Clears and fills the given ``txt`` into the text field found by ``selector``.</doc>
<msg timestamp="20230710 10:36:11.819" level="INFO">Fills the text '040123942' in the given field.</msg>
<status status="PASS" starttime="20230710 10:36:11.819" endtime="20230710 10:36:11.891"/>
</kw>
<status status="PASS" starttime="20230710 10:36:11.653" endtime="20230710 10:36:11.891"/>
</kw>
<kw name="Log To Console" library="BuiltIn">
<arg>${inbox.id}</arg>
<doc>Logs the given message to the console.</doc>
<status status="PASS" starttime="20230710 10:36:11.891" endtime="20230710 10:36:11.893"/>
</kw>
<kw name="Set Suite Variable" library="BuiltIn">
<arg>$ID</arg>
<arg>${inbox.id}</arg>
<doc>Makes a variable available everywhere within the scope of the current suite.</doc>
<msg timestamp="20230710 10:36:11.894" level="INFO">${ID} = 01ef33a9-c340-486a-b481-140ef4f889b2</msg>
<status status="PASS" starttime="20230710 10:36:11.893" endtime="20230710 10:36:11.894"/>
</kw>
<kw name="Get Element Count" library="Browser">
<var>${passwordVisible}</var>
<arg>id=password</arg>
<tag>Assertion</tag>
<tag>Getter</tag>
<tag>PageContent</tag>
<doc>Returns the count of elements found with ``selector``.</doc>
<msg timestamp="20230710 10:36:11.919" level="INFO">${passwordVisible} = 1</msg>
<status status="PASS" starttime="20230710 10:36:11.894" endtime="20230710 10:36:11.919"/>
</kw>
<if>
<branch type="IF" condition="'${env}'=='bui' and '${passwordVisible}'&gt;'0'">
<kw name="Click and Fill" library="common">
<arg>id=password</arg>
<arg>${password}</arg>
<doc>A keyword combination of Click and Fill Text since most of the form fields need a click</doc>
<kw name="Click" library="Browser">
<arg>${selector}</arg>
<tag>PageContent</tag>
<tag>Setter</tag>
<doc>Simulates mouse click on the element found by ``selector``.</doc>
<status status="PASS" starttime="20230710 10:36:11.920" endtime="20230710 10:36:12.056"/>
</kw>
<kw name="Fill Text" library="Browser">
<arg>${selector}</arg>
<arg>${text}</arg>
<tag>PageContent</tag>
<tag>Setter</tag>
<doc>Clears and fills the given ``txt`` into the text field found by ``selector``.</doc>
<msg timestamp="20230710 10:36:12.057" level="INFO">Fills the text 'NotARealPass123!' in the given field.</msg>
<status status="PASS" starttime="20230710 10:36:12.057" endtime="20230710 10:36:12.091"/>
</kw>
<status status="PASS" starttime="20230710 10:36:11.919" endtime="20230710 10:36:12.091"/>
</kw>
<status status="PASS" starttime="20230710 10:36:11.919" endtime="20230710 10:36:12.091"/>
</branch>
<branch type="ELSE">
<kw name="Log To Console" library="BuiltIn">
<arg>No password filled</arg>
<doc>Logs the given message to the console.</doc>
<status status="NOT RUN" starttime="20230710 10:36:12.092" endtime="20230710 10:36:12.092"/>
</kw>
<status status="NOT RUN" starttime="20230710 10:36:12.091" endtime="20230710 10:36:12.092"/>
</branch>
<status status="PASS" starttime="20230710 10:36:11.919" endtime="20230710 10:36:12.092"/>
</if>
<status status="PASS" starttime="20230710 10:36:08.189" endtime="20230710 10:36:12.092"/>
</kw>
<kw name="Accept offers and Terms" library="booking">
<kw name="Click" library="Browser">
<arg>(//div[contains(text(), 'like to receive')])[1]</arg>
<tag>PageContent</tag>
<tag>Setter</tag>
<doc>Simulates mouse click on the element found by ``selector``.</doc>
<status status="PASS" starttime="20230710 10:36:12.093" endtime="20230710 10:36:12.250"/>
</kw>
<kw name="Click" library="Browser">
<arg>(//*[contains(text(),'Accept')]/ancestor::label//span[contains(@class,'chakra-checkbox__control')])[1]</arg>
<tag>PageContent</tag>
<tag>Setter</tag>
<doc>Simulates mouse click on the element found by ``selector``.</doc>
<status status="PASS" starttime="20230710 10:36:12.250" endtime="20230710 10:36:12.368"/>
</kw>
<status status="PASS" starttime="20230710 10:36:12.092" endtime="20230710 10:36:12.368"/>
</kw>
<kw name="Select Web Bank and Nordea as Payment Method" library="booking">
<kw name="Click" library="Browser">
<arg>//div[contains(text(), "Web bank payment")]</arg>
<tag>PageContent</tag>
<tag>Setter</tag>
<doc>Simulates mouse click on the element found by ``selector``.</doc>
<status status="PASS" starttime="20230710 10:36:12.369" endtime="20230710 10:36:12.467"/>
</kw>
<kw name="Click" library="Browser">
<arg>//p[contains(text(), 'Nordea')]</arg>
<tag>PageContent</tag>
<tag>Setter</tag>
<doc>Simulates mouse click on the element found by ``selector``.</doc>
<status status="PASS" starttime="20230710 10:36:12.468" endtime="20230710 10:36:12.628"/>
</kw>
<kw name="Click" library="Browser">
<arg>(//div[contains(@view,"payment")]//button[contains(text(), "Pay")])[1]</arg>
<tag>PageContent</tag>
<tag>Setter</tag>
<doc>Simulates mouse click on the element found by ``selector``.</doc>
<status status="PASS" starttime="20230710 10:36:12.628" endtime="20230710 10:36:14.724"/>
</kw>
<status status="PASS" starttime="20230710 10:36:12.369" endtime="20230710 10:36:14.724"/>
</kw>
<kw name="Complete Payment Successfully" library="booking">
<kw name="Simulate Success or Failure" library="booking">
<arg>success</arg>
<kw name="Wait For Elements State" library="Browser">
<arg>//a[contains(text(), 'Simulate ${which} to merchant')]</arg>
<arg>visible</arg>
<arg>timeout=${timeout}</arg>
<tag>PageContent</tag>
<tag>Wait</tag>
<doc>Waits for the element found by ``selector`` to satisfy state option.</doc>
<msg timestamp="20230710 10:36:22.320" level="INFO">Waited for Element with selector //a[contains(text(), 'Simulate success to merchant')] at state visible</msg>
<status status="PASS" starttime="20230710 10:36:14.725" endtime="20230710 10:36:22.320"/>
</kw>
<kw name="Click" library="Browser">
<arg>//a[contains(text(), 'Simulate ${which} to merchant')]</arg>
<tag>PageContent</tag>
<tag>Setter</tag>
<doc>Simulates mouse click on the element found by ``selector``.</doc>
<status status="PASS" starttime="20230710 10:36:22.321" endtime="20230710 10:36:25.369"/>
</kw>
<status status="PASS" starttime="20230710 10:36:14.725" endtime="20230710 10:36:25.369"/>
</kw>
<kw name="Verify Payment was successful" library="booking">
<kw name="Wait Until Visible" library="common">
<arg>//p[contains(text(), 'Payment was successful')]</arg>
<doc>An easier keyword for waiting until an element is visible</doc>
<kw name="Wait For Elements State" library="Browser">
<arg>${element}</arg>
<arg>visible</arg>
<arg>timeout=${timeout}</arg>
<tag>PageContent</tag>
<tag>Wait</tag>
<doc>Waits for the element found by ``selector`` to satisfy state option.</doc>
<msg timestamp="20230710 10:36:27.801" level="INFO">Waited for Element with selector //p[contains(text(), 'Payment was successful')] at state visible</msg>
<status status="PASS" starttime="20230710 10:36:25.370" endtime="20230710 10:36:27.802"/>
</kw>
<status status="PASS" starttime="20230710 10:36:25.370" endtime="20230710 10:36:27.802"/>
</kw>
<kw name="Close Dialog" library="booking">
<kw name="Wait Until Visible" library="common">
<arg>//button[contains(text(), "Ok")]</arg>
<doc>An easier keyword for waiting until an element is visible</doc>
<kw name="Wait For Elements State" library="Browser">
<arg>${element}</arg>
<arg>visible</arg>
<arg>timeout=${timeout}</arg>
<tag>PageContent</tag>
<tag>Wait</tag>
<doc>Waits for the element found by ``selector`` to satisfy state option.</doc>
<msg timestamp="20230710 10:36:27.810" level="INFO">Waited for Element with selector //button[contains(text(), "Ok")] at state visible</msg>
<status status="PASS" starttime="20230710 10:36:27.803" endtime="20230710 10:36:27.810"/>
</kw>
<status status="PASS" starttime="20230710 10:36:27.803" endtime="20230710 10:36:27.811"/>
</kw>
<kw name="Click" library="Browser">
<arg>//button[contains(text(), "Ok")]</arg>
<tag>PageContent</tag>
<tag>Setter</tag>
<doc>Simulates mouse click on the element found by ``selector``.</doc>
<status status="PASS" starttime="20230710 10:36:27.811" endtime="20230710 10:36:27.924"/>
</kw>
<status status="PASS" starttime="20230710 10:36:27.802" endtime="20230710 10:36:27.924"/>
</kw>
<kw name="Save Booking Number 1" library="booking">
<kw name="Get Text" library="Browser">
<var>${str}</var>
<arg>//p[contains(text(),'Booking number')]</arg>
<tag>Assertion</tag>
<tag>Getter</tag>
<tag>PageContent</tag>
<doc>Returns text attribute of the element found by ``selector``.</doc>
<msg timestamp="20230710 10:36:28.076" level="INFO">Text: 'Booking number: 188945417'</msg>
<msg timestamp="20230710 10:36:28.076" level="INFO">${str} = Booking number: 188945417</msg>
<status status="PASS" starttime="20230710 10:36:27.925" endtime="20230710 10:36:28.076"/>
</kw>
<kw name="Log To Console" library="BuiltIn">
<arg>${bookingNumber}</arg>
<doc>Logs the given message to the console.</doc>
<status status="PASS" starttime="20230710 10:36:28.076" endtime="20230710 10:36:28.077"/>
</kw>
<kw name="Remove String" library="String">
<var>${str}</var>
<arg>${str}</arg>
<arg>Booking code${SPACE}</arg>
<doc>Removes all ``removables`` from the given ``string``.</doc>
<msg timestamp="20230710 10:36:28.078" level="INFO">${str} = Booking number: 188945417</msg>
<status status="PASS" starttime="20230710 10:36:28.077" endtime="20230710 10:36:28.078"/>
</kw>
<kw name="Strip String" library="String">
<var>${str}</var>
<arg>${str}</arg>
<doc>Remove leading and/or trailing whitespaces from the given string.</doc>
<msg timestamp="20230710 10:36:28.079" level="INFO">${str} = Booking number: 188945417</msg>
<status status="PASS" starttime="20230710 10:36:28.078" endtime="20230710 10:36:28.079"/>
</kw>
<status status="PASS" starttime="20230710 10:36:27.924" endtime="20230710 10:36:28.079"/>
</kw>
<status status="PASS" starttime="20230710 10:36:25.370" endtime="20230710 10:36:28.079"/>
</kw>
<status status="PASS" starttime="20230710 10:36:14.724" endtime="20230710 10:36:28.080"/>
</kw>
<doc>A new booker opens the page and does a successful booking</doc>
<tag>smoke</tag>
<status status="PASS" starttime="20230710 10:35:55.689" endtime="20230710 10:36:28.080"/>
</test>
<test id="s1-s1-s1-s1-t2" name="Confirm Email and Open Link" line="26">
<kw name="Get Variable Value" library="BuiltIn">
<var>${id}</var>
<arg>$ID</arg>
<doc>Returns variable value or ``default`` if the variable does not exist.</doc>
<msg timestamp="20230710 10:36:28.087" level="INFO">${id} = 01ef33a9-c340-486a-b481-140ef4f889b2</msg>
<status status="PASS" starttime="20230710 10:36:28.086" endtime="20230710 10:36:28.087"/>
</kw>
<kw name="Wait for Latest Booking Confirmation and Extract Link" library="MailSlurp">
<var>${modify_link}</var>
<arg>${id}</arg>
<msg timestamp="20230710 10:36:40.988" level="INFO">${modify_link} = https://testnelson.page.link/?link=https%3A%2F%2Ftest4.omenahotels.com%2Fen%2Fbooking%2F%23%2Fmanage-booking%2F8b0ce07d-028f-4242-b29a-6cdfe5fcaa9d%3FnewSession%3Dtrue%26email%3D01ef33a9-c340-486a-b48...</msg>
<status status="PASS" starttime="20230710 10:36:28.090" endtime="20230710 10:36:40.988"/>
</kw>
<kw name="Open New Browser To URL" library="common">
<arg>${modify_link}</arg>
<kw name="New Browser" library="Browser">
<arg>${browser}</arg>
<arg>${headless}</arg>
<arg>timeout=${timeout}</arg>
<tag>BrowserControl</tag>
<tag>Setter</tag>
<doc>Create a new playwright Browser with specified options.</doc>
<msg timestamp="20230710 10:36:40.989" level="INFO">Switching browser to browser=9bf0c510-098a-47eb-9d9c-e0574a4cc2e9</msg>
<msg timestamp="20230710 10:36:40.993" level="INFO">Successfully changed active browser</msg>
<msg timestamp="20230710 10:36:40.993" level="INFO">Reusing existing browser with id: browser=9bf0c510-098a-47eb-9d9c-e0574a4cc2e9</msg>
<status status="PASS" starttime="20230710 10:36:40.989" endtime="20230710 10:36:40.993"/>
</kw>
<kw name="Set Browser Timeout" library="Browser">
<arg>${timeout}</arg>
<tag>Config</tag>
<tag>Setter</tag>
<doc>Sets the timeout used by most input and getter keywords.</doc>
<status status="PASS" starttime="20230710 10:36:40.993" endtime="20230710 10:36:40.994"/>
</kw>
<kw name="New Context" library="Browser">
<tag>BrowserControl</tag>
<tag>Setter</tag>
<doc>Create a new BrowserContext with specified options.</doc>
<msg timestamp="20230710 10:36:40.994" level="INFO">{
  "acceptDownloads": true,
  "bypassCSP": false,
  "forcedColors": "none",
  "hideRfBrowser": false,
  "ignoreHTTPSErrors": false,
  "javaScriptEnabled": true,
  "offline": false,
  "reducedMotion": "no-preference",
  "viewport": {
    "width": 1280,
    "height": 720
  },
  "deprecated_pos_args": []
}</msg>
<msg timestamp="20230710 10:36:41.002" level="INFO">Successfully created context. </msg>
<msg timestamp="20230710 10:36:41.002" level="INFO">{'acceptDownloads': True, 'bypassCSP': False, 'forcedColors': 'none', 'hideRfBrowser': False, 'ignoreHTTPSErrors': False, 'javaScriptEnabled': True, 'offline': False, 'reducedMotion': 'no-preference', 'viewport': {'width': 1280, 'height': 720}, 'deprecated_pos_args': []}</msg>
<status status="PASS" starttime="20230710 10:36:40.994" endtime="20230710 10:36:41.002"/>
</kw>
<kw name="New Page" library="Browser">
<arg>${url}</arg>
<tag>BrowserControl</tag>
<tag>Setter</tag>
<doc>Open a new Page.</doc>
<msg timestamp="20230710 10:36:43.175" level="INFO">Successfully initialized new page object and opened url: https://testnelson.page.link/?link=https%3A%2F%2Ftest4.omenahotels.com%2Fen%2Fbooking%2F%23%2Fmanage-booking%2F8b0ce07d-028f-4242-b29a-6cdfe5fcaa9d%3FnewSession%3Dtrue%26email%3D01ef33a9-c340-486a-b481-140ef4f889b2%40mailslurp.com%26code%3D188945417%26isMembership%3Dtrue</msg>
<status status="PASS" starttime="20230710 10:36:41.002" endtime="20230710 10:36:43.175"/>
</kw>
<status status="PASS" starttime="20230710 10:36:40.988" endtime="20230710 10:36:43.175"/>
</kw>
<doc>A new booker receives an email with a link to modify the booking</doc>
<tag>smoke</tag>
<status status="PASS" starttime="20230710 10:36:28.085" endtime="20230710 10:36:43.176"/>
</test>
<kw name="Close Browser" library="Browser" type="TEARDOWN">
<tag>BrowserControl</tag>
<tag>Setter</tag>
<doc>Closes the current browser.</doc>
<msg timestamp="20230710 10:36:43.826" level="INFO">Closed browser</msg>
<status status="PASS" starttime="20230710 10:36:43.184" endtime="20230710 10:36:43.827"/>
</kw>
<doc>A test suite for verifying modify booking functionality</doc>
<status status="PASS" starttime="20230710 10:35:46.303" endtime="20230710 10:36:43.827"/>
</suite>
<status status="PASS" starttime="20230710 10:35:46.301" endtime="20230710 10:36:43.834"/>
</suite>
<status status="PASS" starttime="20230710 10:35:46.299" endtime="20230710 10:36:43.835"/>
</suite>
<doc>Argument file for running tests on Omena test4 environment (test4)</doc>
<status status="PASS" starttime="20230710 10:35:46.280" endtime="20230710 10:36:43.836"/>
</suite>
<statistics>
<total>
<stat pass="2" fail="0" skip="0">All Tests</stat>
</total>
<tag>
<stat pass="2" fail="0" skip="0">smoke</stat>
</tag>
<suite>
<stat pass="2" fail="0" skip="0" id="s1" name="Testsuites">Testsuites</stat>
<stat pass="2" fail="0" skip="0" id="s1-s1" name="BUI">Testsuites.BUI</stat>
<stat pass="2" fail="0" skip="0" id="s1-s1-s1" name="Regression">Testsuites.BUI.Regression</stat>
<stat pass="2" fail="0" skip="0" id="s1-s1-s1-s1" name="New Booking">Testsuites.BUI.Regression.New Booking</stat>
</suite>
</statistics>
<errors>
</errors>
</robot>
