<?xml version="1.0" encoding="UTF-8"?>
<robot generator="Robot 5.0.1 (Python 3.11.5 on darwin)" generated="20231030 19:03:37.118" rpa="false" schemaversion="3">
<suite id="s1" name="Testsuites" source="/Users/sara/code/nelson-test-automation/testsuites">
<suite id="s1-s1" name="BUI" source="/Users/sara/code/nelson-test-automation/testsuites/BUI">
<suite id="s1-s1-s1" name="Regression" source="/Users/sara/code/nelson-test-automation/testsuites/BUI/regression">
<suite id="s1-s1-s1-s1" name="Create Booking" source="/Users/sara/code/nelson-test-automation/testsuites/BUI/regression/create_booking.robot">
<kw name="Open Browser to Landing Page" library="common" type="SETUP">
<doc>A general startup keyword for opening a browser to the landing page.</doc>
<msg timestamp="20231030 19:03:37.210" level="TRACE">Arguments: [  ]</msg>
<kw name="Log To Console" library="BuiltIn">
<arg>Environment: ${environment}</arg>
<doc>Logs the given message to the console.</doc>
<msg timestamp="20231030 19:03:37.211" level="TRACE">Arguments: [ 'Environment: test4' ]</msg>
<msg timestamp="20231030 19:03:37.211" level="TRACE">Return: None</msg>
<status status="PASS" starttime="20231030 19:03:37.211" endtime="20231030 19:03:37.211"/>
</kw>
<if>
<branch type="IF" condition="'${environment}' == 'test3'">
<kw name="Set Suite Variable" library="BuiltIn">
<arg>${url.landing.page}</arg>
<arg>https://test3.omenahotels.com/en</arg>
<doc>Makes a variable available everywhere within the scope of the current suite.</doc>
<status status="NOT RUN" starttime="20231030 19:03:37.211" endtime="20231030 19:03:37.211"/>
</kw>
<status status="NOT RUN" starttime="20231030 19:03:37.211" endtime="20231030 19:03:37.211"/>
</branch>
<branch type="ELSE IF" condition="'${environment}' == 'ks_test'">
<kw name="Set Suite Variable" library="BuiltIn">
<arg>${url.landing.page}</arg>
<arg>https://test.kensingtonstay.com/en</arg>
<doc>Makes a variable available everywhere within the scope of the current suite.</doc>
<status status="NOT RUN" starttime="20231030 19:03:37.211" endtime="20231030 19:03:37.211"/>
</kw>
<status status="NOT RUN" starttime="20231030 19:03:37.211" endtime="20231030 19:03:37.211"/>
</branch>
<branch type="ELSE IF" condition="'${environment}' == 'salo_test'">
<kw name="Set Suite Variable" library="BuiltIn">
<arg>${url.landing.page}</arg>
<arg>https://test.kensingtonstay.com/en</arg>
<doc>Makes a variable available everywhere within the scope of the current suite.</doc>
<status status="NOT RUN" starttime="20231030 19:03:37.211" endtime="20231030 19:03:37.211"/>
</kw>
<status status="NOT RUN" starttime="20231030 19:03:37.211" endtime="20231030 19:03:37.211"/>
</branch>
<branch type="ELSE IF" condition="'${environment}' == 'test4'">
<kw name="Set Suite Variable" library="BuiltIn">
<arg>${url.landing.page}</arg>
<arg>https://test4.omenahotels.com/en</arg>
<doc>Makes a variable available everywhere within the scope of the current suite.</doc>
<msg timestamp="20231030 19:03:37.211" level="TRACE">Arguments: [ '${url.landing.page}' | 'https://test4.omenahotels.com/en' ]</msg>
<msg timestamp="20231030 19:03:37.211" level="INFO">${url.landing.page} = https://test4.omenahotels.com/en</msg>
<msg timestamp="20231030 19:03:37.211" level="TRACE">Return: None</msg>
<status status="PASS" starttime="20231030 19:03:37.211" endtime="20231030 19:03:37.211"/>
</kw>
<status status="PASS" starttime="20231030 19:03:37.211" endtime="20231030 19:03:37.211"/>
</branch>
<status status="PASS" starttime="20231030 19:03:37.211" endtime="20231030 19:03:37.211"/>
</if>
<kw name="Open New Browser To URL" library="common">
<arg>${url.landing.page}</arg>
<msg timestamp="20231030 19:03:37.211" level="TRACE">Arguments: [ ${url}='https://test4.omenahotels.com/en' ]</msg>
<kw name="New Browser">
<arg>${browser}</arg>
<arg>${headless}</arg>
<arg>timeout=${timeout}</arg>
<arg>downloadsPath=${EXECDIR}/resources/downloads</arg>
<msg timestamp="20231030 19:03:37.213" level="FAIL">No keyword with name 'New Browser' found.</msg>
<status status="FAIL" starttime="20231030 19:03:37.213" endtime="20231030 19:03:37.213"/>
</kw>
<kw name="Set Browser Timeout">
<arg>${timeout}</arg>
<status status="NOT RUN" starttime="20231030 19:03:37.215" endtime="20231030 19:03:37.215"/>
</kw>
<kw name="New Context">
<arg>acceptDownloads=True</arg>
<status status="NOT RUN" starttime="20231030 19:03:37.216" endtime="20231030 19:03:37.216"/>
</kw>
<kw name="New Page">
<arg>${url}</arg>
<status status="NOT RUN" starttime="20231030 19:03:37.218" endtime="20231030 19:03:37.218"/>
</kw>
<status status="FAIL" starttime="20231030 19:03:37.211" endtime="20231030 19:03:37.218"/>
</kw>
<kw name="Allow Cookies" library="common">
<doc>Allow Cookies/Toggle Cookie allowance</doc>
<status status="NOT RUN" starttime="20231030 19:03:37.218" endtime="20231030 19:03:37.218"/>
</kw>
<kw name="Set Environment" library="common">
<doc>A keyword that gets the environment from URL and checks it is the same as variable</doc>
<status status="NOT RUN" starttime="20231030 19:03:37.218" endtime="20231030 19:03:37.218"/>
</kw>
<status status="FAIL" starttime="20231030 19:03:37.210" endtime="20231030 19:03:37.218"/>
</kw>
<test id="s1-s1-s1-s1-t1" name="Create A New Booking as" line="12">
<doc>A new booker opens the page and does a successful booking</doc>
<tag>smoke</tag>
<status status="FAIL" starttime="20231030 19:03:37.218" endtime="20231030 19:03:37.218">Parent suite setup failed:
No keyword with name 'New Browser' found.</status>
</test>
<test id="s1-s1-s1-s1-t2" name="Confirm Email and Open Link" line="26">
<doc>A new booker receives an email with a link to modify the booking</doc>
<tag>smoke</tag>
<status status="FAIL" starttime="20231030 19:03:37.219" endtime="20231030 19:03:37.219">Parent suite setup failed:
No keyword with name 'New Browser' found.</status>
</test>
<kw name="Close Browser" type="TEARDOWN">
<msg timestamp="20231030 19:03:37.220" level="FAIL">No keyword with name 'Close Browser' found.</msg>
<status status="FAIL" starttime="20231030 19:03:37.220" endtime="20231030 19:03:37.220">No keyword with name 'Close Browser' found.</status>
</kw>
<doc>A test suite for verifying modify booking functionality</doc>
<status status="FAIL" starttime="20231030 19:03:37.125" endtime="20231030 19:03:37.220">Suite setup failed:
No keyword with name 'New Browser' found.

Also suite teardown failed:
No keyword with name 'Close Browser' found.</status>
</suite>
<suite id="s1-s1-s1-s2" name="Create Booking And Check In" source="/Users/sara/code/nelson-test-automation/testsuites/BUI/regression/create_booking_and_check_in.robot">
<kw name="Open Browser to Landing Page" library="common" type="SETUP">
<doc>A general startup keyword for opening a browser to the landing page.</doc>
<msg timestamp="20231030 19:03:37.238" level="TRACE">Arguments: [  ]</msg>
<kw name="Log To Console" library="BuiltIn">
<arg>Environment: ${environment}</arg>
<doc>Logs the given message to the console.</doc>
<msg timestamp="20231030 19:03:37.238" level="TRACE">Arguments: [ 'Environment: test4' ]</msg>
<msg timestamp="20231030 19:03:37.238" level="TRACE">Return: None</msg>
<status status="PASS" starttime="20231030 19:03:37.238" endtime="20231030 19:03:37.238"/>
</kw>
<if>
<branch type="IF" condition="'${environment}' == 'test3'">
<kw name="Set Suite Variable" library="BuiltIn">
<arg>${url.landing.page}</arg>
<arg>https://test3.omenahotels.com/en</arg>
<doc>Makes a variable available everywhere within the scope of the current suite.</doc>
<status status="NOT RUN" starttime="20231030 19:03:37.239" endtime="20231030 19:03:37.239"/>
</kw>
<status status="NOT RUN" starttime="20231030 19:03:37.239" endtime="20231030 19:03:37.239"/>
</branch>
<branch type="ELSE IF" condition="'${environment}' == 'ks_test'">
<kw name="Set Suite Variable" library="BuiltIn">
<arg>${url.landing.page}</arg>
<arg>https://test.kensingtonstay.com/en</arg>
<doc>Makes a variable available everywhere within the scope of the current suite.</doc>
<status status="NOT RUN" starttime="20231030 19:03:37.239" endtime="20231030 19:03:37.239"/>
</kw>
<status status="NOT RUN" starttime="20231030 19:03:37.239" endtime="20231030 19:03:37.239"/>
</branch>
<branch type="ELSE IF" condition="'${environment}' == 'salo_test'">
<kw name="Set Suite Variable" library="BuiltIn">
<arg>${url.landing.page}</arg>
<arg>https://test.kensingtonstay.com/en</arg>
<doc>Makes a variable available everywhere within the scope of the current suite.</doc>
<status status="NOT RUN" starttime="20231030 19:03:37.239" endtime="20231030 19:03:37.239"/>
</kw>
<status status="NOT RUN" starttime="20231030 19:03:37.239" endtime="20231030 19:03:37.239"/>
</branch>
<branch type="ELSE IF" condition="'${environment}' == 'test4'">
<kw name="Set Suite Variable" library="BuiltIn">
<arg>${url.landing.page}</arg>
<arg>https://test4.omenahotels.com/en</arg>
<doc>Makes a variable available everywhere within the scope of the current suite.</doc>
<msg timestamp="20231030 19:03:37.239" level="TRACE">Arguments: [ '${url.landing.page}' | 'https://test4.omenahotels.com/en' ]</msg>
<msg timestamp="20231030 19:03:37.239" level="INFO">${url.landing.page} = https://test4.omenahotels.com/en</msg>
<msg timestamp="20231030 19:03:37.239" level="TRACE">Return: None</msg>
<status status="PASS" starttime="20231030 19:03:37.239" endtime="20231030 19:03:37.239"/>
</kw>
<status status="PASS" starttime="20231030 19:03:37.239" endtime="20231030 19:03:37.239"/>
</branch>
<status status="PASS" starttime="20231030 19:03:37.238" endtime="20231030 19:03:37.239"/>
</if>
<kw name="Open New Browser To URL" library="common">
<arg>${url.landing.page}</arg>
<msg timestamp="20231030 19:03:37.239" level="TRACE">Arguments: [ ${url}='https://test4.omenahotels.com/en' ]</msg>
<kw name="New Browser">
<arg>${browser}</arg>
<arg>${headless}</arg>
<arg>timeout=${timeout}</arg>
<arg>downloadsPath=${EXECDIR}/resources/downloads</arg>
<msg timestamp="20231030 19:03:37.241" level="FAIL">No keyword with name 'New Browser' found.</msg>
<status status="FAIL" starttime="20231030 19:03:37.241" endtime="20231030 19:03:37.241"/>
</kw>
<kw name="Set Browser Timeout">
<arg>${timeout}</arg>
<status status="NOT RUN" starttime="20231030 19:03:37.243" endtime="20231030 19:03:37.243"/>
</kw>
<kw name="New Context">
<arg>acceptDownloads=True</arg>
<status status="NOT RUN" starttime="20231030 19:03:37.245" endtime="20231030 19:03:37.245"/>
</kw>
<kw name="New Page">
<arg>${url}</arg>
<status status="NOT RUN" starttime="20231030 19:03:37.247" endtime="20231030 19:03:37.247"/>
</kw>
<status status="FAIL" starttime="20231030 19:03:37.239" endtime="20231030 19:03:37.247"/>
</kw>
<kw name="Allow Cookies" library="common">
<doc>Allow Cookies/Toggle Cookie allowance</doc>
<status status="NOT RUN" starttime="20231030 19:03:37.247" endtime="20231030 19:03:37.247"/>
</kw>
<kw name="Set Environment" library="common">
<doc>A keyword that gets the environment from URL and checks it is the same as variable</doc>
<status status="NOT RUN" starttime="20231030 19:03:37.247" endtime="20231030 19:03:37.247"/>
</kw>
<status status="FAIL" starttime="20231030 19:03:37.238" endtime="20231030 19:03:37.247"/>
</kw>
<test id="s1-s1-s1-s2-t1" name="Select Hotel, Dates and Guests" line="15">
<tag>smoke, booking, BUI2-556, online-checkin</tag>
<status status="FAIL" starttime="20231030 19:03:37.247" endtime="20231030 19:03:37.247">Parent suite setup failed:
No keyword with name 'New Browser' found.</status>
</test>
<test id="s1-s1-s1-s2-t2" name="Check Available Rooms and Select a Standard Room" line="20">
<tag>smoke, booking, BUI2-556, online-checkin</tag>
<status status="FAIL" starttime="20231030 19:03:37.247" endtime="20231030 19:03:37.247">Parent suite setup failed:
No keyword with name 'New Browser' found.</status>
</test>
<test id="s1-s1-s1-s2-t3" name="Continue to Extras and Select Join for Free" line="24">
<tag>smoke, booking, BUI2-556, online-checkin</tag>
<status status="FAIL" starttime="20231030 19:03:37.247" endtime="20231030 19:03:37.248">Parent suite setup failed:
No keyword with name 'New Browser' found.</status>
</test>
<test id="s1-s1-s1-s2-t4" name="Fill in Booker Contact Information" line="29">
<tag>smoke, booking, BUI2-556, online-checkin</tag>
<status status="FAIL" starttime="20231030 19:03:37.248" endtime="20231030 19:03:37.248">Parent suite setup failed:
No keyword with name 'New Browser' found.</status>
</test>
<test id="s1-s1-s1-s2-t5" name="Pay using Web Bank and Nordea" line="33">
<tag>smoke, booking, BUI2-556, online-checkin</tag>
<status status="FAIL" starttime="20231030 19:03:37.248" endtime="20231030 19:03:37.248">Parent suite setup failed:
No keyword with name 'New Browser' found.</status>
</test>
<test id="s1-s1-s1-s2-t6" name="Check In Online" line="37">
<tag>smoke, booking, BUI2-556, online-checkin</tag>
<status status="FAIL" starttime="20231030 19:03:37.248" endtime="20231030 19:03:37.248">Parent suite setup failed:
No keyword with name 'New Browser' found.</status>
</test>
<test id="s1-s1-s1-s2-t7" name="Wait for Door Code and Verify Page" line="43">
<tag>smoke, booking, BUI2-556, online-checkin</tag>
<status status="FAIL" starttime="20231030 19:03:37.248" endtime="20231030 19:03:37.248">Parent suite setup failed:
No keyword with name 'New Browser' found.</status>
</test>
<kw name="Close Browser" type="TEARDOWN">
<msg timestamp="20231030 19:03:37.251" level="FAIL">No keyword with name 'Close Browser' found.</msg>
<status status="FAIL" starttime="20231030 19:03:37.251" endtime="20231030 19:03:37.251">No keyword with name 'Close Browser' found.</status>
</kw>
<doc>This is a test suite for booking a room and checking in online</doc>
<status status="FAIL" starttime="20231030 19:03:37.221" endtime="20231030 19:03:37.251">Suite setup failed:
No keyword with name 'New Browser' found.

Also suite teardown failed:
No keyword with name 'Close Browser' found.</status>
</suite>
<suite id="s1-s1-s1-s3" name="Online Check In" source="/Users/sara/code/nelson-test-automation/testsuites/BUI/regression/online_check_in">
<suite id="s1-s1-s1-s3-s1" name="BUI2-557" source="/Users/sara/code/nelson-test-automation/testsuites/BUI/regression/online_check_in/BUI2-557.robot">
<test id="s1-s1-s1-s3-s1-t1" name="Create a new Booking" line="11">
<kw name="Open Browser to Landing Page" library="common" type="SETUP">
<doc>A general startup keyword for opening a browser to the landing page.</doc>
<msg timestamp="20231030 19:03:37.262" level="TRACE">Arguments: [  ]</msg>
<kw name="Log To Console" library="BuiltIn">
<arg>Environment: ${environment}</arg>
<doc>Logs the given message to the console.</doc>
<msg timestamp="20231030 19:03:37.262" level="TRACE">Arguments: [ 'Environment: test4' ]</msg>
<msg timestamp="20231030 19:03:37.262" level="TRACE">Return: None</msg>
<status status="PASS" starttime="20231030 19:03:37.262" endtime="20231030 19:03:37.262"/>
</kw>
<if>
<branch type="IF" condition="'${environment}' == 'test3'">
<kw name="Set Suite Variable" library="BuiltIn">
<arg>${url.landing.page}</arg>
<arg>https://test3.omenahotels.com/en</arg>
<doc>Makes a variable available everywhere within the scope of the current suite.</doc>
<status status="NOT RUN" starttime="20231030 19:03:37.262" endtime="20231030 19:03:37.262"/>
</kw>
<status status="NOT RUN" starttime="20231030 19:03:37.262" endtime="20231030 19:03:37.262"/>
</branch>
<branch type="ELSE IF" condition="'${environment}' == 'ks_test'">
<kw name="Set Suite Variable" library="BuiltIn">
<arg>${url.landing.page}</arg>
<arg>https://test.kensingtonstay.com/en</arg>
<doc>Makes a variable available everywhere within the scope of the current suite.</doc>
<status status="NOT RUN" starttime="20231030 19:03:37.262" endtime="20231030 19:03:37.262"/>
</kw>
<status status="NOT RUN" starttime="20231030 19:03:37.262" endtime="20231030 19:03:37.262"/>
</branch>
<branch type="ELSE IF" condition="'${environment}' == 'salo_test'">
<kw name="Set Suite Variable" library="BuiltIn">
<arg>${url.landing.page}</arg>
<arg>https://test.kensingtonstay.com/en</arg>
<doc>Makes a variable available everywhere within the scope of the current suite.</doc>
<status status="NOT RUN" starttime="20231030 19:03:37.262" endtime="20231030 19:03:37.263"/>
</kw>
<status status="NOT RUN" starttime="20231030 19:03:37.262" endtime="20231030 19:03:37.263"/>
</branch>
<branch type="ELSE IF" condition="'${environment}' == 'test4'">
<kw name="Set Suite Variable" library="BuiltIn">
<arg>${url.landing.page}</arg>
<arg>https://test4.omenahotels.com/en</arg>
<doc>Makes a variable available everywhere within the scope of the current suite.</doc>
<msg timestamp="20231030 19:03:37.263" level="TRACE">Arguments: [ '${url.landing.page}' | 'https://test4.omenahotels.com/en' ]</msg>
<msg timestamp="20231030 19:03:37.263" level="INFO">${url.landing.page} = https://test4.omenahotels.com/en</msg>
<msg timestamp="20231030 19:03:37.263" level="TRACE">Return: None</msg>
<status status="PASS" starttime="20231030 19:03:37.263" endtime="20231030 19:03:37.263"/>
</kw>
<status status="PASS" starttime="20231030 19:03:37.263" endtime="20231030 19:03:37.263"/>
</branch>
<status status="PASS" starttime="20231030 19:03:37.262" endtime="20231030 19:03:37.263"/>
</if>
<kw name="Open New Browser To URL" library="common">
<arg>${url.landing.page}</arg>
<msg timestamp="20231030 19:03:37.263" level="TRACE">Arguments: [ ${url}='https://test4.omenahotels.com/en' ]</msg>
<kw name="New Browser">
<arg>${browser}</arg>
<arg>${headless}</arg>
<arg>timeout=${timeout}</arg>
<arg>downloadsPath=${EXECDIR}/resources/downloads</arg>
<msg timestamp="20231030 19:03:37.265" level="FAIL">No keyword with name 'New Browser' found.</msg>
<status status="FAIL" starttime="20231030 19:03:37.265" endtime="20231030 19:03:37.265"/>
</kw>
<kw name="Set Browser Timeout">
<arg>${timeout}</arg>
<status status="NOT RUN" starttime="20231030 19:03:37.267" endtime="20231030 19:03:37.267"/>
</kw>
<kw name="New Context">
<arg>acceptDownloads=True</arg>
<status status="NOT RUN" starttime="20231030 19:03:37.269" endtime="20231030 19:03:37.269"/>
</kw>
<kw name="New Page">
<arg>${url}</arg>
<status status="NOT RUN" starttime="20231030 19:03:37.270" endtime="20231030 19:03:37.270"/>
</kw>
<status status="FAIL" starttime="20231030 19:03:37.263" endtime="20231030 19:03:37.271"/>
</kw>
<kw name="Allow Cookies" library="common">
<doc>Allow Cookies/Toggle Cookie allowance</doc>
<status status="NOT RUN" starttime="20231030 19:03:37.271" endtime="20231030 19:03:37.271"/>
</kw>
<kw name="Set Environment" library="common">
<doc>A keyword that gets the environment from URL and checks it is the same as variable</doc>
<status status="NOT RUN" starttime="20231030 19:03:37.271" endtime="20231030 19:03:37.271"/>
</kw>
<status status="FAIL" starttime="20231030 19:03:37.262" endtime="20231030 19:03:37.271"/>
</kw>
<kw name="Close Browser" type="TEARDOWN">
<msg timestamp="20231030 19:03:37.273" level="FAIL">No keyword with name 'Close Browser' found.</msg>
<status status="FAIL" starttime="20231030 19:03:37.273" endtime="20231030 19:03:37.273">No keyword with name 'Close Browser' found.</status>
</kw>
<status status="FAIL" starttime="20231030 19:03:37.262" endtime="20231030 19:03:37.273">Setup failed:
No keyword with name 'New Browser' found.

Also teardown failed:
No keyword with name 'Close Browser' found.</status>
</test>
<test id="s1-s1-s1-s3-s1-t2" name="Add Someone Else as the Main Guest" line="25">
<kw name="Open Browser to Landing Page" library="common" type="SETUP">
<doc>A general startup keyword for opening a browser to the landing page.</doc>
<msg timestamp="20231030 19:03:37.273" level="TRACE">Arguments: [  ]</msg>
<kw name="Log To Console" library="BuiltIn">
<arg>Environment: ${environment}</arg>
<doc>Logs the given message to the console.</doc>
<msg timestamp="20231030 19:03:37.273" level="TRACE">Arguments: [ 'Environment: test4' ]</msg>
<msg timestamp="20231030 19:03:37.273" level="TRACE">Return: None</msg>
<status status="PASS" starttime="20231030 19:03:37.273" endtime="20231030 19:03:37.273"/>
</kw>
<if>
<branch type="IF" condition="'${environment}' == 'test3'">
<kw name="Set Suite Variable" library="BuiltIn">
<arg>${url.landing.page}</arg>
<arg>https://test3.omenahotels.com/en</arg>
<doc>Makes a variable available everywhere within the scope of the current suite.</doc>
<status status="NOT RUN" starttime="20231030 19:03:37.273" endtime="20231030 19:03:37.273"/>
</kw>
<status status="NOT RUN" starttime="20231030 19:03:37.273" endtime="20231030 19:03:37.273"/>
</branch>
<branch type="ELSE IF" condition="'${environment}' == 'ks_test'">
<kw name="Set Suite Variable" library="BuiltIn">
<arg>${url.landing.page}</arg>
<arg>https://test.kensingtonstay.com/en</arg>
<doc>Makes a variable available everywhere within the scope of the current suite.</doc>
<status status="NOT RUN" starttime="20231030 19:03:37.274" endtime="20231030 19:03:37.274"/>
</kw>
<status status="NOT RUN" starttime="20231030 19:03:37.274" endtime="20231030 19:03:37.274"/>
</branch>
<branch type="ELSE IF" condition="'${environment}' == 'salo_test'">
<kw name="Set Suite Variable" library="BuiltIn">
<arg>${url.landing.page}</arg>
<arg>https://test.kensingtonstay.com/en</arg>
<doc>Makes a variable available everywhere within the scope of the current suite.</doc>
<status status="NOT RUN" starttime="20231030 19:03:37.274" endtime="20231030 19:03:37.274"/>
</kw>
<status status="NOT RUN" starttime="20231030 19:03:37.274" endtime="20231030 19:03:37.274"/>
</branch>
<branch type="ELSE IF" condition="'${environment}' == 'test4'">
<kw name="Set Suite Variable" library="BuiltIn">
<arg>${url.landing.page}</arg>
<arg>https://test4.omenahotels.com/en</arg>
<doc>Makes a variable available everywhere within the scope of the current suite.</doc>
<msg timestamp="20231030 19:03:37.274" level="TRACE">Arguments: [ '${url.landing.page}' | 'https://test4.omenahotels.com/en' ]</msg>
<msg timestamp="20231030 19:03:37.274" level="INFO">${url.landing.page} = https://test4.omenahotels.com/en</msg>
<msg timestamp="20231030 19:03:37.274" level="TRACE">Return: None</msg>
<status status="PASS" starttime="20231030 19:03:37.274" endtime="20231030 19:03:37.274"/>
</kw>
<status status="PASS" starttime="20231030 19:03:37.274" endtime="20231030 19:03:37.274"/>
</branch>
<status status="PASS" starttime="20231030 19:03:37.273" endtime="20231030 19:03:37.274"/>
</if>
<kw name="Open New Browser To URL" library="common">
<arg>${url.landing.page}</arg>
<msg timestamp="20231030 19:03:37.274" level="TRACE">Arguments: [ ${url}='https://test4.omenahotels.com/en' ]</msg>
<kw name="New Browser">
<arg>${browser}</arg>
<arg>${headless}</arg>
<arg>timeout=${timeout}</arg>
<arg>downloadsPath=${EXECDIR}/resources/downloads</arg>
<msg timestamp="20231030 19:03:37.276" level="FAIL">No keyword with name 'New Browser' found.</msg>
<status status="FAIL" starttime="20231030 19:03:37.276" endtime="20231030 19:03:37.276"/>
</kw>
<kw name="Set Browser Timeout">
<arg>${timeout}</arg>
<status status="NOT RUN" starttime="20231030 19:03:37.278" endtime="20231030 19:03:37.278"/>
</kw>
<kw name="New Context">
<arg>acceptDownloads=True</arg>
<status status="NOT RUN" starttime="20231030 19:03:37.279" endtime="20231030 19:03:37.280"/>
</kw>
<kw name="New Page">
<arg>${url}</arg>
<status status="NOT RUN" starttime="20231030 19:03:37.281" endtime="20231030 19:03:37.281"/>
</kw>
<status status="FAIL" starttime="20231030 19:03:37.274" endtime="20231030 19:03:37.281"/>
</kw>
<kw name="Allow Cookies" library="common">
<doc>Allow Cookies/Toggle Cookie allowance</doc>
<status status="NOT RUN" starttime="20231030 19:03:37.281" endtime="20231030 19:03:37.281"/>
</kw>
<kw name="Set Environment" library="common">
<doc>A keyword that gets the environment from URL and checks it is the same as variable</doc>
<status status="NOT RUN" starttime="20231030 19:03:37.281" endtime="20231030 19:03:37.281"/>
</kw>
<status status="FAIL" starttime="20231030 19:03:37.273" endtime="20231030 19:03:37.282"/>
</kw>
<kw name="Close Browser" type="TEARDOWN">
<msg timestamp="20231030 19:03:37.283" level="FAIL">No keyword with name 'Close Browser' found.</msg>
<status status="FAIL" starttime="20231030 19:03:37.283" endtime="20231030 19:03:37.284">No keyword with name 'Close Browser' found.</status>
</kw>
<status status="FAIL" starttime="20231030 19:03:37.273" endtime="20231030 19:03:37.284">Setup failed:
No keyword with name 'New Browser' found.

Also teardown failed:
No keyword with name 'Close Browser' found.</status>
</test>
<test id="s1-s1-s1-s3-s1-t3" name="Validation shows msg for fields marked" line="40">
<kw name="Open Browser to Landing Page" library="common" type="SETUP">
<doc>A general startup keyword for opening a browser to the landing page.</doc>
<msg timestamp="20231030 19:03:37.284" level="TRACE">Arguments: [  ]</msg>
<kw name="Log To Console" library="BuiltIn">
<arg>Environment: ${environment}</arg>
<doc>Logs the given message to the console.</doc>
<msg timestamp="20231030 19:03:37.284" level="TRACE">Arguments: [ 'Environment: test4' ]</msg>
<msg timestamp="20231030 19:03:37.284" level="TRACE">Return: None</msg>
<status status="PASS" starttime="20231030 19:03:37.284" endtime="20231030 19:03:37.284"/>
</kw>
<if>
<branch type="IF" condition="'${environment}' == 'test3'">
<kw name="Set Suite Variable" library="BuiltIn">
<arg>${url.landing.page}</arg>
<arg>https://test3.omenahotels.com/en</arg>
<doc>Makes a variable available everywhere within the scope of the current suite.</doc>
<status status="NOT RUN" starttime="20231030 19:03:37.284" endtime="20231030 19:03:37.284"/>
</kw>
<status status="NOT RUN" starttime="20231030 19:03:37.284" endtime="20231030 19:03:37.284"/>
</branch>
<branch type="ELSE IF" condition="'${environment}' == 'ks_test'">
<kw name="Set Suite Variable" library="BuiltIn">
<arg>${url.landing.page}</arg>
<arg>https://test.kensingtonstay.com/en</arg>
<doc>Makes a variable available everywhere within the scope of the current suite.</doc>
<status status="NOT RUN" starttime="20231030 19:03:37.284" endtime="20231030 19:03:37.284"/>
</kw>
<status status="NOT RUN" starttime="20231030 19:03:37.284" endtime="20231030 19:03:37.284"/>
</branch>
<branch type="ELSE IF" condition="'${environment}' == 'salo_test'">
<kw name="Set Suite Variable" library="BuiltIn">
<arg>${url.landing.page}</arg>
<arg>https://test.kensingtonstay.com/en</arg>
<doc>Makes a variable available everywhere within the scope of the current suite.</doc>
<status status="NOT RUN" starttime="20231030 19:03:37.284" endtime="20231030 19:03:37.284"/>
</kw>
<status status="NOT RUN" starttime="20231030 19:03:37.284" endtime="20231030 19:03:37.284"/>
</branch>
<branch type="ELSE IF" condition="'${environment}' == 'test4'">
<kw name="Set Suite Variable" library="BuiltIn">
<arg>${url.landing.page}</arg>
<arg>https://test4.omenahotels.com/en</arg>
<doc>Makes a variable available everywhere within the scope of the current suite.</doc>
<msg timestamp="20231030 19:03:37.284" level="TRACE">Arguments: [ '${url.landing.page}' | 'https://test4.omenahotels.com/en' ]</msg>
<msg timestamp="20231030 19:03:37.284" level="INFO">${url.landing.page} = https://test4.omenahotels.com/en</msg>
<msg timestamp="20231030 19:03:37.284" level="TRACE">Return: None</msg>
<status status="PASS" starttime="20231030 19:03:37.284" endtime="20231030 19:03:37.284"/>
</kw>
<status status="PASS" starttime="20231030 19:03:37.284" endtime="20231030 19:03:37.284"/>
</branch>
<status status="PASS" starttime="20231030 19:03:37.284" endtime="20231030 19:03:37.284"/>
</if>
<kw name="Open New Browser To URL" library="common">
<arg>${url.landing.page}</arg>
<msg timestamp="20231030 19:03:37.285" level="TRACE">Arguments: [ ${url}='https://test4.omenahotels.com/en' ]</msg>
<kw name="New Browser">
<arg>${browser}</arg>
<arg>${headless}</arg>
<arg>timeout=${timeout}</arg>
<arg>downloadsPath=${EXECDIR}/resources/downloads</arg>
<msg timestamp="20231030 19:03:37.286" level="FAIL">No keyword with name 'New Browser' found.</msg>
<status status="FAIL" starttime="20231030 19:03:37.286" endtime="20231030 19:03:37.286"/>
</kw>
<kw name="Set Browser Timeout">
<arg>${timeout}</arg>
<status status="NOT RUN" starttime="20231030 19:03:37.289" endtime="20231030 19:03:37.289"/>
</kw>
<kw name="New Context">
<arg>acceptDownloads=True</arg>
<status status="NOT RUN" starttime="20231030 19:03:37.290" endtime="20231030 19:03:37.290"/>
</kw>
<kw name="New Page">
<arg>${url}</arg>
<status status="NOT RUN" starttime="20231030 19:03:37.292" endtime="20231030 19:03:37.292"/>
</kw>
<status status="FAIL" starttime="20231030 19:03:37.284" endtime="20231030 19:03:37.292"/>
</kw>
<kw name="Allow Cookies" library="common">
<doc>Allow Cookies/Toggle Cookie allowance</doc>
<status status="NOT RUN" starttime="20231030 19:03:37.292" endtime="20231030 19:03:37.292"/>
</kw>
<kw name="Set Environment" library="common">
<doc>A keyword that gets the environment from URL and checks it is the same as variable</doc>
<status status="NOT RUN" starttime="20231030 19:03:37.292" endtime="20231030 19:03:37.292"/>
</kw>
<status status="FAIL" starttime="20231030 19:03:37.284" endtime="20231030 19:03:37.292"/>
</kw>
<kw name="Close Browser" type="TEARDOWN">
<msg timestamp="20231030 19:03:37.294" level="FAIL">No keyword with name 'Close Browser' found.</msg>
<status status="FAIL" starttime="20231030 19:03:37.294" endtime="20231030 19:03:37.294">No keyword with name 'Close Browser' found.</status>
</kw>
<status status="FAIL" starttime="20231030 19:03:37.284" endtime="20231030 19:03:37.294">Setup failed:
No keyword with name 'New Browser' found.

Also teardown failed:
No keyword with name 'Close Browser' found.</status>
</test>
<test id="s1-s1-s1-s3-s1-t4" name="Showing imported passport when the National is not Finland" line="63">
<kw name="Open Browser to Landing Page" library="common" type="SETUP">
<doc>A general startup keyword for opening a browser to the landing page.</doc>
<msg timestamp="20231030 19:03:37.294" level="TRACE">Arguments: [  ]</msg>
<kw name="Log To Console" library="BuiltIn">
<arg>Environment: ${environment}</arg>
<doc>Logs the given message to the console.</doc>
<msg timestamp="20231030 19:03:37.294" level="TRACE">Arguments: [ 'Environment: test4' ]</msg>
<msg timestamp="20231030 19:03:37.294" level="TRACE">Return: None</msg>
<status status="PASS" starttime="20231030 19:03:37.294" endtime="20231030 19:03:37.295"/>
</kw>
<if>
<branch type="IF" condition="'${environment}' == 'test3'">
<kw name="Set Suite Variable" library="BuiltIn">
<arg>${url.landing.page}</arg>
<arg>https://test3.omenahotels.com/en</arg>
<doc>Makes a variable available everywhere within the scope of the current suite.</doc>
<status status="NOT RUN" starttime="20231030 19:03:37.295" endtime="20231030 19:03:37.295"/>
</kw>
<status status="NOT RUN" starttime="20231030 19:03:37.295" endtime="20231030 19:03:37.295"/>
</branch>
<branch type="ELSE IF" condition="'${environment}' == 'ks_test'">
<kw name="Set Suite Variable" library="BuiltIn">
<arg>${url.landing.page}</arg>
<arg>https://test.kensingtonstay.com/en</arg>
<doc>Makes a variable available everywhere within the scope of the current suite.</doc>
<status status="NOT RUN" starttime="20231030 19:03:37.295" endtime="20231030 19:03:37.295"/>
</kw>
<status status="NOT RUN" starttime="20231030 19:03:37.295" endtime="20231030 19:03:37.295"/>
</branch>
<branch type="ELSE IF" condition="'${environment}' == 'salo_test'">
<kw name="Set Suite Variable" library="BuiltIn">
<arg>${url.landing.page}</arg>
<arg>https://test.kensingtonstay.com/en</arg>
<doc>Makes a variable available everywhere within the scope of the current suite.</doc>
<status status="NOT RUN" starttime="20231030 19:03:37.295" endtime="20231030 19:03:37.295"/>
</kw>
<status status="NOT RUN" starttime="20231030 19:03:37.295" endtime="20231030 19:03:37.295"/>
</branch>
<branch type="ELSE IF" condition="'${environment}' == 'test4'">
<kw name="Set Suite Variable" library="BuiltIn">
<arg>${url.landing.page}</arg>
<arg>https://test4.omenahotels.com/en</arg>
<doc>Makes a variable available everywhere within the scope of the current suite.</doc>
<msg timestamp="20231030 19:03:37.295" level="TRACE">Arguments: [ '${url.landing.page}' | 'https://test4.omenahotels.com/en' ]</msg>
<msg timestamp="20231030 19:03:37.295" level="INFO">${url.landing.page} = https://test4.omenahotels.com/en</msg>
<msg timestamp="20231030 19:03:37.295" level="TRACE">Return: None</msg>
<status status="PASS" starttime="20231030 19:03:37.295" endtime="20231030 19:03:37.295"/>
</kw>
<status status="PASS" starttime="20231030 19:03:37.295" endtime="20231030 19:03:37.295"/>
</branch>
<status status="PASS" starttime="20231030 19:03:37.295" endtime="20231030 19:03:37.295"/>
</if>
<kw name="Open New Browser To URL" library="common">
<arg>${url.landing.page}</arg>
<msg timestamp="20231030 19:03:37.295" level="TRACE">Arguments: [ ${url}='https://test4.omenahotels.com/en' ]</msg>
<kw name="New Browser">
<arg>${browser}</arg>
<arg>${headless}</arg>
<arg>timeout=${timeout}</arg>
<arg>downloadsPath=${EXECDIR}/resources/downloads</arg>
<msg timestamp="20231030 19:03:37.297" level="FAIL">No keyword with name 'New Browser' found.</msg>
<status status="FAIL" starttime="20231030 19:03:37.297" endtime="20231030 19:03:37.297"/>
</kw>
<kw name="Set Browser Timeout">
<arg>${timeout}</arg>
<status status="NOT RUN" starttime="20231030 19:03:37.299" endtime="20231030 19:03:37.299"/>
</kw>
<kw name="New Context">
<arg>acceptDownloads=True</arg>
<status status="NOT RUN" starttime="20231030 19:03:37.301" endtime="20231030 19:03:37.301"/>
</kw>
<kw name="New Page">
<arg>${url}</arg>
<status status="NOT RUN" starttime="20231030 19:03:37.302" endtime="20231030 19:03:37.302"/>
</kw>
<status status="FAIL" starttime="20231030 19:03:37.295" endtime="20231030 19:03:37.303"/>
</kw>
<kw name="Allow Cookies" library="common">
<doc>Allow Cookies/Toggle Cookie allowance</doc>
<status status="NOT RUN" starttime="20231030 19:03:37.303" endtime="20231030 19:03:37.303"/>
</kw>
<kw name="Set Environment" library="common">
<doc>A keyword that gets the environment from URL and checks it is the same as variable</doc>
<status status="NOT RUN" starttime="20231030 19:03:37.303" endtime="20231030 19:03:37.303"/>
</kw>
<status status="FAIL" starttime="20231030 19:03:37.294" endtime="20231030 19:03:37.303"/>
</kw>
<kw name="Close Browser" type="TEARDOWN">
<msg timestamp="20231030 19:03:37.305" level="FAIL">No keyword with name 'Close Browser' found.</msg>
<status status="FAIL" starttime="20231030 19:03:37.305" endtime="20231030 19:03:37.305">No keyword with name 'Close Browser' found.</status>
</kw>
<status status="FAIL" starttime="20231030 19:03:37.294" endtime="20231030 19:03:37.305">Setup failed:
No keyword with name 'New Browser' found.

Also teardown failed:
No keyword with name 'Close Browser' found.</status>
</test>
<status status="FAIL" starttime="20231030 19:03:37.252" endtime="20231030 19:03:37.305"/>
</suite>
<status status="FAIL" starttime="20231030 19:03:37.251" endtime="20231030 19:03:37.305"/>
</suite>
<status status="FAIL" starttime="20231030 19:03:37.125" endtime="20231030 19:03:37.305"/>
</suite>
<status status="FAIL" starttime="20231030 19:03:37.124" endtime="20231030 19:03:37.306"/>
</suite>
<suite id="s1-s2" name="Customer Specific" source="/Users/sara/code/nelson-test-automation/testsuites/customer_specific">
<suite id="s1-s2-s1" name="Kensington Stay" source="/Users/sara/code/nelson-test-automation/testsuites/customer_specific/kensington_stay">
<suite id="s1-s2-s1-s1" name="Confirm Bdc Booking" source="/Users/sara/code/nelson-test-automation/testsuites/customer_specific/kensington_stay/confirm_bdc_booking.robot">
<test id="s1-s2-s1-s1-t1" name="Create A New Booking on Booking.com for a later date and verify Emails" line="15">
<kw name="Pass Execution" library="BuiltIn">
<arg>TBD</arg>
<doc>Skips rest of the current test, setup, or teardown with PASS status.</doc>
<msg timestamp="20231030 19:03:37.319" level="TRACE">Arguments: [ 'TBD' ]</msg>
<msg timestamp="20231030 19:03:37.319" level="INFO">Execution passed with message:
TBD</msg>
<status status="PASS" starttime="20231030 19:03:37.319" endtime="20231030 19:03:37.319"/>
</kw>
<tag>kensington_stay</tag>
<status status="PASS" starttime="20231030 19:03:37.319" endtime="20231030 19:03:37.319">TBD</status>
</test>
<test id="s1-s2-s1-s1-t2" name="Open Booking in MUI" line="18">
<kw name="Open Browser to Nelson Portal and Navigate to Kensington Stay" library="EC">
<msg timestamp="20231030 19:03:37.319" level="TRACE">Arguments: [  ]</msg>
<kw name="Open Browser to Nelson Portal" library="mui">
<msg timestamp="20231030 19:03:37.319" level="TRACE">Arguments: [  ]</msg>
<kw name="New Browser">
<arg>${browser}</arg>
<arg>${headless}</arg>
<msg timestamp="20231030 19:03:37.321" level="FAIL">No keyword with name 'New Browser' found.</msg>
<status status="FAIL" starttime="20231030 19:03:37.321" endtime="20231030 19:03:37.321"/>
</kw>
<kw name="Set Browser Timeout">
<arg>${timeout}</arg>
<status status="NOT RUN" starttime="20231030 19:03:37.323" endtime="20231030 19:03:37.323"/>
</kw>
<kw name="New Context">
<status status="NOT RUN" starttime="20231030 19:03:37.325" endtime="20231030 19:03:37.325"/>
</kw>
<kw name="New Page">
<arg>${MUI_URL}</arg>
<status status="NOT RUN" starttime="20231030 19:03:37.327" endtime="20231030 19:03:37.327"/>
</kw>
<status status="FAIL" starttime="20231030 19:03:37.319" endtime="20231030 19:03:37.327"/>
</kw>
<kw name="Log in to Nelson Portal" library="mui">
<status status="NOT RUN" starttime="20231030 19:03:37.327" endtime="20231030 19:03:37.327"/>
</kw>
<kw name="Select Environment" library="mui">
<arg>ks_test</arg>
<status status="NOT RUN" starttime="20231030 19:03:37.327" endtime="20231030 19:03:37.327"/>
</kw>
<status status="FAIL" starttime="20231030 19:03:37.319" endtime="20231030 19:03:37.327"/>
</kw>
<kw name="Log" library="BuiltIn">
<arg>In Nelson, looking for booking: ${BDCNo}</arg>
<doc>Logs the given message with the given level.</doc>
<status status="NOT RUN" starttime="20231030 19:03:37.327" endtime="20231030 19:03:37.327"/>
</kw>
<kw name="Search with String" library="mui.reservations">
<arg>${BDCNo}</arg>
<status status="NOT RUN" starttime="20231030 19:03:37.327" endtime="20231030 19:03:37.327"/>
</kw>
<kw name="Sleep" library="BuiltIn">
<arg>2s</arg>
<doc>Pauses the test executed for the given time.</doc>
<status status="NOT RUN" starttime="20231030 19:03:37.327" endtime="20231030 19:03:37.327"/>
</kw>
<kw name="Click">
<arg>//*[contains(text(), '${BDCNo}')]</arg>
<status status="NOT RUN" starttime="20231030 19:03:37.329" endtime="20231030 19:03:37.329"/>
</kw>
<kw name="Wait Until Keyword Succeeds" library="BuiltIn">
<arg>2</arg>
<arg>5</arg>
<arg>Click View Guests Button</arg>
<doc>Runs the specified keyword and retries if it fails.</doc>
<status status="NOT RUN" starttime="20231030 19:03:37.329" endtime="20231030 19:03:37.329"/>
</kw>
<tag>kensington_stay</tag>
<status status="FAIL" starttime="20231030 19:03:37.319" endtime="20231030 19:03:37.329">No keyword with name 'New Browser' found.</status>
</test>
<test id="s1-s2-s1-s1-t3" name="Cancel Booking in MUI" line="27">
<kw name="Click">
<arg>//button[contains(text(), 'Cancel')]</arg>
<msg timestamp="20231030 19:03:37.331" level="FAIL">No keyword with name 'Click' found.</msg>
<status status="FAIL" starttime="20231030 19:03:37.331" endtime="20231030 19:03:37.331"/>
</kw>
<kw name="Click">
<arg>//button[contains(text(), 'Yes')]</arg>
<status status="NOT RUN" starttime="20231030 19:03:37.332" endtime="20231030 19:03:37.332"/>
</kw>
<kw name="Wait Until Keyword Succeeds" library="BuiltIn">
<arg>2</arg>
<arg>5</arg>
<arg>Click View Guests Button</arg>
<doc>Runs the specified keyword and retries if it fails.</doc>
<status status="NOT RUN" starttime="20231030 19:03:37.332" endtime="20231030 19:03:37.332"/>
</kw>
<kw name="Get Text">
<var>${status}</var>
<arg>//span[contains(@class, 'status')]</arg>
<status status="NOT RUN" starttime="20231030 19:03:37.334" endtime="20231030 19:03:37.334"/>
</kw>
<kw name="Should Be Equal As Strings" library="BuiltIn">
<arg>${status}</arg>
<arg>Cancelled</arg>
<doc>Fails if objects are unequal after converting them to strings.</doc>
<status status="NOT RUN" starttime="20231030 19:03:37.334" endtime="20231030 19:03:37.334"/>
</kw>
<tag>kensington_stay</tag>
<status status="FAIL" starttime="20231030 19:03:37.329" endtime="20231030 19:03:37.334">No keyword with name 'Click' found.</status>
</test>
<kw name="Close Browser" type="TEARDOWN">
<arg>ALL</arg>
<msg timestamp="20231030 19:03:37.336" level="FAIL">No keyword with name 'Close Browser' found.</msg>
<status status="FAIL" starttime="20231030 19:03:37.336" endtime="20231030 19:03:37.336">No keyword with name 'Close Browser' found.</status>
</kw>
<doc>A test suite for verifying modify booking functionality</doc>
<status status="FAIL" starttime="20231030 19:03:37.307" endtime="20231030 19:03:37.336">Suite teardown failed:
No keyword with name 'Close Browser' found.</status>
</suite>
<suite id="s1-s2-s1-s2" name="Create Bdc Booking" source="/Users/sara/code/nelson-test-automation/testsuites/customer_specific/kensington_stay/create_bdc_booking.robot">
<test id="s1-s2-s1-s2-t1" name="Open BDC and Check for Availability" line="15">
<kw name="Open Booking.com to KS Test" library="bdc">
<msg timestamp="20231030 19:03:37.352" level="TRACE">Arguments: [  ]</msg>
<kw name="Open New Browser To URL" library="common">
<arg>${BDCUrl}${BDCHotelId}&amp;test=1</arg>
<msg timestamp="20231030 19:03:37.352" level="TRACE">Arguments: [ ${url}='https://secure.booking.com/book.html?hotel_id=10304890&amp;test=1' ]</msg>
<kw name="New Browser">
<arg>${browser}</arg>
<arg>${headless}</arg>
<arg>timeout=${timeout}</arg>
<arg>downloadsPath=${EXECDIR}/resources/downloads</arg>
<msg timestamp="20231030 19:03:37.354" level="FAIL">No keyword with name 'New Browser' found.</msg>
<status status="FAIL" starttime="20231030 19:03:37.354" endtime="20231030 19:03:37.354"/>
</kw>
<kw name="Set Browser Timeout">
<arg>${timeout}</arg>
<status status="NOT RUN" starttime="20231030 19:03:37.356" endtime="20231030 19:03:37.356"/>
</kw>
<kw name="New Context">
<arg>acceptDownloads=True</arg>
<status status="NOT RUN" starttime="20231030 19:03:37.358" endtime="20231030 19:03:37.358"/>
</kw>
<kw name="New Page">
<arg>${url}</arg>
<status status="NOT RUN" starttime="20231030 19:03:37.360" endtime="20231030 19:03:37.360"/>
</kw>
<status status="FAIL" starttime="20231030 19:03:37.352" endtime="20231030 19:03:37.360"/>
</kw>
<kw name="Log To Console" library="BuiltIn">
<arg>${BDCUrl}${BDCHotelId}&amp;test=1</arg>
<doc>Logs the given message to the console.</doc>
<status status="NOT RUN" starttime="20231030 19:03:37.360" endtime="20231030 19:03:37.360"/>
</kw>
<status status="FAIL" starttime="20231030 19:03:37.352" endtime="20231030 19:03:37.360"/>
</kw>
<kw name="Check Availability for Today" library="bdc">
<status status="NOT RUN" starttime="20231030 19:03:37.360" endtime="20231030 19:03:37.360"/>
</kw>
<tag>kensington_stay</tag>
<status status="FAIL" starttime="20231030 19:03:37.351" endtime="20231030 19:03:37.360">No keyword with name 'New Browser' found.</status>
</test>
<test id="s1-s2-s1-s2-t2" name="Start Reservation Process" line="19">
<kw name="Click Reserve Button to Start" library="bdc">
<msg timestamp="20231030 19:03:37.360" level="TRACE">Arguments: [  ]</msg>
<kw name="Is Element Visible" library="common">
<var>${reserveButton}</var>
<arg>//button[@name='book']</arg>
<msg timestamp="20231030 19:03:37.360" level="TRACE">Arguments: [ ${selector}="//button[@name='book']" ]</msg>
<kw name="Get Element States">
<var>${isVisible}</var>
<arg>${selector}</arg>
<arg>then</arg>
<arg>bool(value &amp; visible)</arg>
<msg timestamp="20231030 19:03:37.362" level="FAIL">No keyword with name 'Get Element States' found. Did you try using keyword 'RequestsLibrary.GET' and forgot to use enough whitespace between keyword and arguments?</msg>
<status status="FAIL" starttime="20231030 19:03:37.362" endtime="20231030 19:03:37.362"/>
</kw>
<status status="FAIL" starttime="20231030 19:03:37.360" endtime="20231030 19:03:37.363"/>
</kw>
<status status="FAIL" starttime="20231030 19:03:37.360" endtime="20231030 19:03:37.363"/>
</kw>
<kw name="Select Number of Rooms and Reserve" library="bdc">
<status status="NOT RUN" starttime="20231030 19:03:37.363" endtime="20231030 19:03:37.363"/>
</kw>
<tag>kensington_stay</tag>
<status status="FAIL" starttime="20231030 19:03:37.360" endtime="20231030 19:03:37.363">No keyword with name 'Get Element States' found. Did you try using keyword 'RequestsLibrary.GET' and forgot to use enough whitespace between keyword and arguments?</status>
</test>
<test id="s1-s2-s1-s2-t3" name="Fill Contact Information and Payment Details" line="23">
<kw name="Get Inbox ID" library="common">
<var>${id}</var>
<msg timestamp="20231030 19:03:37.363" level="TRACE">Arguments: [  ]</msg>
<kw name="Log To Console" library="BuiltIn">
<arg>Mailslurp: ${inbox_id}</arg>
<doc>Logs the given message to the console.</doc>
<msg timestamp="20231030 19:03:37.363" level="TRACE">Arguments: [ 'Mailslurp: 35ac21dc-e785-4cad-8949-6f32023a286d' ]</msg>
<msg timestamp="20231030 19:03:37.363" level="TRACE">Return: None</msg>
<status status="PASS" starttime="20231030 19:03:37.363" endtime="20231030 19:03:37.363"/>
</kw>
<msg timestamp="20231030 19:03:37.363" level="TRACE">Return: '35ac21dc-e785-4cad-8949-6f32023a286d'</msg>
<msg timestamp="20231030 19:03:37.363" level="INFO">${id} = 35ac21dc-e785-4cad-8949-6f32023a286d</msg>
<status status="PASS" starttime="20231030 19:03:37.363" endtime="20231030 19:03:37.363"/>
</kw>
<kw name="Fill Contact Information in BDC" library="bdc">
<msg timestamp="20231030 19:03:37.363" level="TRACE">Arguments: [  ]</msg>
<kw name="Get Inbox ID" library="common">
<var>${id}</var>
<msg timestamp="20231030 19:03:37.364" level="TRACE">Arguments: [  ]</msg>
<kw name="Log To Console" library="BuiltIn">
<arg>Mailslurp: ${inbox_id}</arg>
<doc>Logs the given message to the console.</doc>
<msg timestamp="20231030 19:03:37.364" level="TRACE">Arguments: [ 'Mailslurp: 35ac21dc-e785-4cad-8949-6f32023a286d' ]</msg>
<msg timestamp="20231030 19:03:37.364" level="TRACE">Return: None</msg>
<status status="PASS" starttime="20231030 19:03:37.364" endtime="20231030 19:03:37.364"/>
</kw>
<msg timestamp="20231030 19:03:37.364" level="TRACE">Return: '35ac21dc-e785-4cad-8949-6f32023a286d'</msg>
<msg timestamp="20231030 19:03:37.364" level="INFO">${id} = 35ac21dc-e785-4cad-8949-6f32023a286d</msg>
<status status="PASS" starttime="20231030 19:03:37.363" endtime="20231030 19:03:37.364"/>
</kw>
<kw name="Click and Fill with Sleep" library="common">
<arg>id=firstname</arg>
<arg>${firstName}</arg>
<doc>A keyword combination of Click and Fill, for too quick runs, added 1s sleep after input</doc>
<msg timestamp="20231030 19:03:37.364" level="TRACE">Arguments: [ ${selector}='id=firstname' | ${text}='Mos' ]</msg>
<kw name="Click and Fill" library="common">
<arg>${selector}</arg>
<arg>${text}</arg>
<doc>A keyword combination of Click and Fill Text since most of the form fields need a click</doc>
<msg timestamp="20231030 19:03:37.364" level="TRACE">Arguments: [ ${selector}='id=firstname' | ${text}='Mos' ]</msg>
<kw name="Click">
<arg>${selector}</arg>
<msg timestamp="20231030 19:03:37.366" level="FAIL">No keyword with name 'Click' found.</msg>
<status status="FAIL" starttime="20231030 19:03:37.366" endtime="20231030 19:03:37.366"/>
</kw>
<kw name="Fill Text">
<arg>${selector}</arg>
<arg>${text}</arg>
<status status="NOT RUN" starttime="20231030 19:03:37.368" endtime="20231030 19:03:37.368"/>
</kw>
<status status="FAIL" starttime="20231030 19:03:37.364" endtime="20231030 19:03:37.368"/>
</kw>
<kw name="Sleep" library="BuiltIn">
<arg>1s</arg>
<arg>BDC is weird with these fields</arg>
<doc>Pauses the test executed for the given time.</doc>
<status status="NOT RUN" starttime="20231030 19:03:37.368" endtime="20231030 19:03:37.368"/>
</kw>
<status status="FAIL" starttime="20231030 19:03:37.364" endtime="20231030 19:03:37.368"/>
</kw>
<kw name="Click and Fill with Sleep" library="common">
<arg>id=lastname</arg>
<arg>${lastName}</arg>
<doc>A keyword combination of Click and Fill, for too quick runs, added 1s sleep after input</doc>
<status status="NOT RUN" starttime="20231030 19:03:37.368" endtime="20231030 19:03:37.368"/>
</kw>
<kw name="Click and Fill with Sleep" library="common">
<arg>id=email</arg>
<arg>${id}@mailslurp.com</arg>
<doc>A keyword combination of Click and Fill, for too quick runs, added 1s sleep after input</doc>
<status status="NOT RUN" starttime="20231030 19:03:37.368" endtime="20231030 19:03:37.368"/>
</kw>
<kw name="Click">
<arg>xpath=//div[contains(@class, 'bp-personal-details-form')]</arg>
<status status="NOT RUN" starttime="20231030 19:03:37.370" endtime="20231030 19:03:37.370"/>
</kw>
<kw name="Is Element Visible" library="common">
<var>${emailErrorVisible}</var>
<arg>//p[contains(text(),'be wrong')]</arg>
<status status="NOT RUN" starttime="20231030 19:03:37.370" endtime="20231030 19:03:37.370"/>
</kw>
<if>
<branch type="IF" condition="'${emailErrorVisible}' == 'True'">
<kw name="Click">
<arg>id=email</arg>
<status status="NOT RUN" starttime="20231030 19:03:37.372" endtime="20231030 19:03:37.372"/>
</kw>
<kw name="Click">
<arg>xpath=//div[contains(@class, 'bp-personal-details-form')]</arg>
<status status="NOT RUN" starttime="20231030 19:03:37.373" endtime="20231030 19:03:37.373"/>
</kw>
<status status="NOT RUN" starttime="20231030 19:03:37.370" endtime="20231030 19:03:37.373"/>
</branch>
<status status="NOT RUN" starttime="20231030 19:03:37.370" endtime="20231030 19:03:37.373"/>
</if>
<kw name="Is Element Visible" library="common">
<var>${phoneNoVisible}</var>
<arg>//select[@data-phone-country]</arg>
<status status="NOT RUN" starttime="20231030 19:03:37.373" endtime="20231030 19:03:37.373"/>
</kw>
<if>
<branch type="IF" condition="'${phoneNoVisible}' == 'True'">
<kw name="Select Options By">
<arg>//select[@data-phone-country]</arg>
<arg>value</arg>
<arg>FI</arg>
<status status="NOT RUN" starttime="20231030 19:03:37.375" endtime="20231030 19:03:37.375"/>
</kw>
<kw name="Wait Until Visible" library="common">
<arg>//select[@data-phone-country]</arg>
<doc>An easier keyword for waiting until an element is visible</doc>
<status status="NOT RUN" starttime="20231030 19:03:37.375" endtime="20231030 19:03:37.375"/>
</kw>
<status status="NOT RUN" starttime="20231030 19:03:37.373" endtime="20231030 19:03:37.375"/>
</branch>
<status status="NOT RUN" starttime="20231030 19:03:37.373" endtime="20231030 19:03:37.375"/>
</if>
<kw name="Log To Console" library="BuiltIn">
<arg>${id}</arg>
<doc>Logs the given message to the console.</doc>
<status status="NOT RUN" starttime="20231030 19:03:37.375" endtime="20231030 19:03:37.375"/>
</kw>
<kw name="Set Suite Variable" library="BuiltIn">
<arg>$ID</arg>
<arg>${id}</arg>
<doc>Makes a variable available everywhere within the scope of the current suite.</doc>
<status status="NOT RUN" starttime="20231030 19:03:37.375" endtime="20231030 19:03:37.375"/>
</kw>
<kw name="Click and Fill with Sleep" library="common">
<arg>id=remarks</arg>
<arg>testRemark</arg>
<doc>A keyword combination of Click and Fill, for too quick runs, added 1s sleep after input</doc>
<status status="NOT RUN" starttime="20231030 19:03:37.375" endtime="20231030 19:03:37.375"/>
</kw>
<kw name="Click">
<arg>//span[contains(text(), 'Final details')]</arg>
<status status="NOT RUN" starttime="20231030 19:03:37.377" endtime="20231030 19:03:37.377"/>
</kw>
<kw name="Is Element Visible" library="common">
<var>${isVisible}</var>
<arg>//div[contains(@class, 'bui-modal--active')]</arg>
<status status="NOT RUN" starttime="20231030 19:03:37.377" endtime="20231030 19:03:37.377"/>
</kw>
<if>
<branch type="IF" condition="'${isVisible}' == 'True'">
<kw name="Click">
<arg>//button[contains(@class, 'bui-modal__close')]</arg>
<status status="NOT RUN" starttime="20231030 19:03:37.379" endtime="20231030 19:03:37.379"/>
</kw>
<status status="NOT RUN" starttime="20231030 19:03:37.377" endtime="20231030 19:03:37.379"/>
</branch>
<status status="NOT RUN" starttime="20231030 19:03:37.377" endtime="20231030 19:03:37.379"/>
</if>
<kw name="Is Element Visible" library="common">
<var>${phoneNoVisible}</var>
<arg>//select[@data-phone-country]</arg>
<status status="NOT RUN" starttime="20231030 19:03:37.379" endtime="20231030 19:03:37.379"/>
</kw>
<if>
<branch type="IF" condition="'${phoneNoVisible}' == 'True'">
<kw name="Select Options By">
<arg>//select[@data-phone-country]</arg>
<arg>value</arg>
<arg>FI</arg>
<status status="NOT RUN" starttime="20231030 19:03:37.381" endtime="20231030 19:03:37.381"/>
</kw>
<kw name="Wait Until Visible" library="common">
<arg>//select[@data-phone-country]</arg>
<doc>An easier keyword for waiting until an element is visible</doc>
<status status="NOT RUN" starttime="20231030 19:03:37.381" endtime="20231030 19:03:37.381"/>
</kw>
<status status="NOT RUN" starttime="20231030 19:03:37.379" endtime="20231030 19:03:37.381"/>
</branch>
<status status="NOT RUN" starttime="20231030 19:03:37.379" endtime="20231030 19:03:37.381"/>
</if>
<kw name="Select Options By">
<arg>id=cc1</arg>
<arg>value</arg>
<arg>us</arg>
<status status="NOT RUN" starttime="20231030 19:03:37.383" endtime="20231030 19:03:37.383"/>
</kw>
<kw name="Sleep" library="BuiltIn">
<arg>1s</arg>
<doc>Pauses the test executed for the given time.</doc>
<status status="NOT RUN" starttime="20231030 19:03:37.383" endtime="20231030 19:03:37.383"/>
</kw>
<kw name="Click and Fill with Sleep" library="common">
<arg>id=phone</arg>
<arg>${phone.no.zero}</arg>
<doc>A keyword combination of Click and Fill, for too quick runs, added 1s sleep after input</doc>
<status status="NOT RUN" starttime="20231030 19:03:37.383" endtime="20231030 19:03:37.383"/>
</kw>
<kw name="Click">
<arg>//div[contains(@class, 'bp-personal-details-form')]</arg>
<status status="NOT RUN" starttime="20231030 19:03:37.384" endtime="20231030 19:03:37.384"/>
</kw>
<kw name="Click">
<arg>//span[contains(text(), 'Final details')]</arg>
<status status="NOT RUN" starttime="20231030 19:03:37.386" endtime="20231030 19:03:37.386"/>
</kw>
<status status="FAIL" starttime="20231030 19:03:37.363" endtime="20231030 19:03:37.386"/>
</kw>
<kw name="Fill in Card Details" library="bdc">
<doc>Fill in Card Details in BDC</doc>
<status status="NOT RUN" starttime="20231030 19:03:37.386" endtime="20231030 19:03:37.386"/>
</kw>
<kw name="Click BDC Book Button" library="bdc">
<status status="NOT RUN" starttime="20231030 19:03:37.386" endtime="20231030 19:03:37.386"/>
</kw>
<tag>kensington_stay</tag>
<status status="FAIL" starttime="20231030 19:03:37.363" endtime="20231030 19:03:37.386">No keyword with name 'Click' found.</status>
</test>
<test id="s1-s2-s1-s2-t4" name="Verify Confirmation Email" line="29">
<kw name="Verify Emails and Set Booking No" library="bdc">
<doc>Waits for latest booking confirmation by subject, extracts links to CSV file and gets booking number</doc>
<msg timestamp="20231030 19:03:37.387" level="TRACE">Arguments: [  ]</msg>
<kw name="Get Inbox ID" library="common">
<var>${id}</var>
<msg timestamp="20231030 19:03:37.387" level="TRACE">Arguments: [  ]</msg>
<kw name="Log To Console" library="BuiltIn">
<arg>Mailslurp: ${inbox_id}</arg>
<doc>Logs the given message to the console.</doc>
<msg timestamp="20231030 19:03:37.387" level="TRACE">Arguments: [ 'Mailslurp: 35ac21dc-e785-4cad-8949-6f32023a286d' ]</msg>
<msg timestamp="20231030 19:03:37.387" level="TRACE">Return: None</msg>
<status status="PASS" starttime="20231030 19:03:37.387" endtime="20231030 19:03:37.387"/>
</kw>
<msg timestamp="20231030 19:03:37.387" level="TRACE">Return: '35ac21dc-e785-4cad-8949-6f32023a286d'</msg>
<msg timestamp="20231030 19:03:37.387" level="INFO">${id} = 35ac21dc-e785-4cad-8949-6f32023a286d</msg>
<status status="PASS" starttime="20231030 19:03:37.387" endtime="20231030 19:03:37.387"/>
</kw>
<kw name="Wait for Latest Booking Confirmation">
<var>${confirmationEmail}</var>
<arg>${id}</arg>
<arg>Booking confirmation</arg>
<msg timestamp="20231030 19:03:37.389" level="FAIL">No keyword with name 'Wait for Latest Booking Confirmation' found.</msg>
<status status="FAIL" starttime="20231030 19:03:37.389" endtime="20231030 19:03:37.389"/>
</kw>
<kw name="Extract All Links to CSV">
<var>${all_links}</var>
<arg>${confirmationEmail}</arg>
<status status="NOT RUN" starttime="20231030 19:03:37.391" endtime="20231030 19:03:37.391"/>
</kw>
<kw name="Get Confirmation Number from Email">
<var>${bookingNo}</var>
<arg>${confirmationEmail}</arg>
<status status="NOT RUN" starttime="20231030 19:03:37.393" endtime="20231030 19:03:37.393"/>
</kw>
<kw name="Log To Console" library="BuiltIn">
<arg>${bookingNo}</arg>
<doc>Logs the given message to the console.</doc>
<status status="NOT RUN" starttime="20231030 19:03:37.393" endtime="20231030 19:03:37.393"/>
</kw>
<kw name="Append To Environment Variable" library="OperatingSystem">
<arg>LAST_BOOKING_NO:${bookingNo}</arg>
<doc>Appends given ``values`` to environment variable ``name``.</doc>
<status status="NOT RUN" starttime="20231030 19:03:37.393" endtime="20231030 19:03:37.393"/>
</kw>
<status status="FAIL" starttime="20231030 19:03:37.387" endtime="20231030 19:03:37.393"/>
</kw>
<tag>kensington_stay</tag>
<status status="FAIL" starttime="20231030 19:03:37.386" endtime="20231030 19:03:37.393">No keyword with name 'Wait for Latest Booking Confirmation' found.</status>
</test>
<kw name="Close Browser" type="TEARDOWN">
<arg>ALL</arg>
<msg timestamp="20231030 19:03:37.395" level="FAIL">No keyword with name 'Close Browser' found.</msg>
<status status="FAIL" starttime="20231030 19:03:37.395" endtime="20231030 19:03:37.395">No keyword with name 'Close Browser' found.</status>
</kw>
<doc>A test suite for verifying modify booking functionality</doc>
<status status="FAIL" starttime="20231030 19:03:37.336" endtime="20231030 19:03:37.395">Suite teardown failed:
No keyword with name 'Close Browser' found.</status>
</suite>
<suite id="s1-s2-s1-s3" name="Create Bui Booking" source="/Users/sara/code/nelson-test-automation/testsuites/customer_specific/kensington_stay/create_bui_booking.robot">
<kw name="Set Browser Timeout" type="SETUP">
<arg>8s</arg>
<msg timestamp="20231030 19:03:37.411" level="FAIL">No keyword with name 'Set Browser Timeout' found.</msg>
<status status="FAIL" starttime="20231030 19:03:37.411" endtime="20231030 19:03:37.411"/>
</kw>
<test id="s1-s2-s1-s3-t1" name="Open Kensington Stay Home Page" line="13">
<tag>kensington_stay</tag>
<status status="FAIL" starttime="20231030 19:03:37.411" endtime="20231030 19:03:37.411">Parent suite setup failed:
No keyword with name 'Set Browser Timeout' found.</status>
</test>
<test id="s1-s2-s1-s3-t2" name="Open Menu and Click Book a Room" line="19">
<tag>kensington_stay</tag>
<status status="FAIL" starttime="20231030 19:03:37.411" endtime="20231030 19:03:37.411">Parent suite setup failed:
No keyword with name 'Set Browser Timeout' found.</status>
</test>
<test id="s1-s2-s1-s3-t3" name="Verify Booking Page Elements" line="25">
<tag>kensington_stay</tag>
<status status="FAIL" starttime="20231030 19:03:37.411" endtime="20231030 19:03:37.411">Parent suite setup failed:
No keyword with name 'Set Browser Timeout' found.</status>
</test>
<test id="s1-s2-s1-s3-t4" name="Create New Booking in KS" line="28">
<tag>kensington_stay</tag>
<status status="FAIL" starttime="20231030 19:03:37.411" endtime="20231030 19:03:37.411">Parent suite setup failed:
No keyword with name 'Set Browser Timeout' found.</status>
</test>
<test id="s1-s2-s1-s3-t5" name="Start Check in Process" line="35">
<tag>kensington_stay</tag>
<status status="FAIL" starttime="20231030 19:03:37.412" endtime="20231030 19:03:37.412">Parent suite setup failed:
No keyword with name 'Set Browser Timeout' found.</status>
</test>
<kw name="Close Browser" type="TEARDOWN">
<arg>ALL</arg>
<msg timestamp="20231030 19:03:37.414" level="FAIL">No keyword with name 'Close Browser' found.</msg>
<status status="FAIL" starttime="20231030 19:03:37.414" endtime="20231030 19:03:37.414">No keyword with name 'Close Browser' found.</status>
</kw>
<doc>A test suite for verifying the Kensington Stay Home Page</doc>
<status status="FAIL" starttime="20231030 19:03:37.396" endtime="20231030 19:03:37.414">Suite setup failed:
No keyword with name 'Set Browser Timeout' found.

Also suite teardown failed:
No keyword with name 'Close Browser' found.</status>
</suite>
<suite id="s1-s2-s1-s4" name="Create Mui Booking" source="/Users/sara/code/nelson-test-automation/testsuites/customer_specific/kensington_stay/create_mui_booking.robot">
<test id="s1-s2-s1-s4-t1" name="Start Creating a new Booking in MUI" line="13">
<kw name="Open Browser to Nelson Portal and Navigate to Test Exhibition">
<msg timestamp="20231030 19:03:37.427" level="FAIL">No keyword with name 'Open Browser to Nelson Portal and Navigate to Test Exhibition' found. Did you try using keyword 'mui.Open Browser To Nelson Portal' and forgot to use enough whitespace between keyword and arguments?</msg>
<status status="FAIL" starttime="20231030 19:03:37.427" endtime="20231030 19:03:37.427"/>
</kw>
<kw name="Open Reservations Page" library="mui">
<status status="NOT RUN" starttime="20231030 19:03:37.427" endtime="20231030 19:03:37.428"/>
</kw>
<kw name="Click New Reservation Button" library="mui.reservations">
<status status="NOT RUN" starttime="20231030 19:03:37.428" endtime="20231030 19:03:37.428"/>
</kw>
<kw name="Select Normal Reservation" library="mui.reservations">
<status status="NOT RUN" starttime="20231030 19:03:37.428" endtime="20231030 19:03:37.428"/>
</kw>
<kw name="Switch Page">
<var>${previous}</var>
<arg>NEW</arg>
<status status="NOT RUN" starttime="20231030 19:03:37.429" endtime="20231030 19:03:37.429"/>
</kw>
<kw name="Wait Until Network Is Idle">
<status status="NOT RUN" starttime="20231030 19:03:37.431" endtime="20231030 19:03:37.431"/>
</kw>
<kw name="Create a successful booking and return UUID" library="booking">
<var>${uuid}</var>
<arg>True</arg>
<status status="NOT RUN" starttime="20231030 19:03:37.431" endtime="20231030 19:03:37.431"/>
</kw>
<tag>kensington_stay</tag>
<status status="FAIL" starttime="20231030 19:03:37.425" endtime="20231030 19:03:37.432">No keyword with name 'Open Browser to Nelson Portal and Navigate to Test Exhibition' found. Did you try using keyword 'mui.Open Browser To Nelson Portal' and forgot to use enough whitespace between keyword and arguments?</status>
</test>
<kw name="Close Browser" type="TEARDOWN">
<arg>ALL</arg>
<msg timestamp="20231030 19:03:37.434" level="FAIL">No keyword with name 'Close Browser' found.</msg>
<status status="FAIL" starttime="20231030 19:03:37.434" endtime="20231030 19:03:37.434">No keyword with name 'Close Browser' found.</status>
</kw>
<doc>A test suite for verifying modify booking functionality</doc>
<status status="FAIL" starttime="20231030 19:03:37.414" endtime="20231030 19:03:37.434">Suite teardown failed:
No keyword with name 'Close Browser' found.</status>
</suite>
<status status="FAIL" starttime="20231030 19:03:37.306" endtime="20231030 19:03:37.434"/>
</suite>
<status status="FAIL" starttime="20231030 19:03:37.306" endtime="20231030 19:03:37.434"/>
</suite>
<suite id="s1-s3" name="MUI" source="/Users/sara/code/nelson-test-automation/testsuites/MUI">
<suite id="s1-s3-s1" name="Regression" source="/Users/sara/code/nelson-test-automation/testsuites/MUI/regression">
<suite id="s1-s3-s1-s1" name="Mui.Booking" source="/Users/sara/code/nelson-test-automation/testsuites/MUI/regression/mui.booking.robot">
<kw name="Open Browser to Nelson Portal and Login" library="mui" type="SETUP">
<msg timestamp="20231030 19:03:37.445" level="TRACE">Arguments: [  ]</msg>
<kw name="Open Browser to Nelson Portal" library="mui">
<msg timestamp="20231030 19:03:37.445" level="TRACE">Arguments: [  ]</msg>
<kw name="New Browser">
<arg>${browser}</arg>
<arg>${headless}</arg>
<msg timestamp="20231030 19:03:37.447" level="FAIL">No keyword with name 'New Browser' found.</msg>
<status status="FAIL" starttime="20231030 19:03:37.447" endtime="20231030 19:03:37.447"/>
</kw>
<kw name="Set Browser Timeout">
<arg>${timeout}</arg>
<status status="NOT RUN" starttime="20231030 19:03:37.449" endtime="20231030 19:03:37.449"/>
</kw>
<kw name="New Context">
<status status="NOT RUN" starttime="20231030 19:03:37.451" endtime="20231030 19:03:37.451"/>
</kw>
<kw name="New Page">
<arg>${MUI_URL}</arg>
<status status="NOT RUN" starttime="20231030 19:03:37.453" endtime="20231030 19:03:37.453"/>
</kw>
<status status="FAIL" starttime="20231030 19:03:37.445" endtime="20231030 19:03:37.453"/>
</kw>
<kw name="Log in to Nelson Portal" library="mui">
<status status="NOT RUN" starttime="20231030 19:03:37.453" endtime="20231030 19:03:37.453"/>
</kw>
<kw name="Select Environment" library="mui">
<arg>${environment}</arg>
<status status="NOT RUN" starttime="20231030 19:03:37.453" endtime="20231030 19:03:37.453"/>
</kw>
<status status="FAIL" starttime="20231030 19:03:37.445" endtime="20231030 19:03:37.453"/>
</kw>
<test id="s1-s3-s1-s1-t1" name="Create New Booking" line="13">
<tag>smoke</tag>
<status status="FAIL" starttime="20231030 19:03:37.453" endtime="20231030 19:03:37.453">Parent suite setup failed:
No keyword with name 'New Browser' found.</status>
</test>
<kw name="Close Browser" type="TEARDOWN">
<msg timestamp="20231030 19:03:37.455" level="FAIL">No keyword with name 'Close Browser' found.</msg>
<status status="FAIL" starttime="20231030 19:03:37.455" endtime="20231030 19:03:37.455">No keyword with name 'Close Browser' found.</status>
</kw>
<doc>A test suite for verifying modify booking functionality</doc>
<status status="FAIL" starttime="20231030 19:03:37.435" endtime="20231030 19:03:37.455">Suite setup failed:
No keyword with name 'New Browser' found.

Also suite teardown failed:
No keyword with name 'Close Browser' found.</status>
</suite>
<suite id="s1-s3-s1-s2" name="Mui.Gbe" source="/Users/sara/code/nelson-test-automation/testsuites/MUI/regression/mui.gbe.robot">
<kw name="Open Browser to Nelson Portal and Login" library="mui" type="SETUP">
<msg timestamp="20231030 19:03:37.466" level="TRACE">Arguments: [  ]</msg>
<kw name="Open Browser to Nelson Portal" library="mui">
<msg timestamp="20231030 19:03:37.466" level="TRACE">Arguments: [  ]</msg>
<kw name="New Browser">
<arg>${browser}</arg>
<arg>${headless}</arg>
<msg timestamp="20231030 19:03:37.468" level="FAIL">No keyword with name 'New Browser' found.</msg>
<status status="FAIL" starttime="20231030 19:03:37.468" endtime="20231030 19:03:37.468"/>
</kw>
<kw name="Set Browser Timeout">
<arg>${timeout}</arg>
<status status="NOT RUN" starttime="20231030 19:03:37.470" endtime="20231030 19:03:37.470"/>
</kw>
<kw name="New Context">
<status status="NOT RUN" starttime="20231030 19:03:37.471" endtime="20231030 19:03:37.471"/>
</kw>
<kw name="New Page">
<arg>${MUI_URL}</arg>
<status status="NOT RUN" starttime="20231030 19:03:37.473" endtime="20231030 19:03:37.473"/>
</kw>
<status status="FAIL" starttime="20231030 19:03:37.466" endtime="20231030 19:03:37.473"/>
</kw>
<kw name="Log in to Nelson Portal" library="mui">
<status status="NOT RUN" starttime="20231030 19:03:37.473" endtime="20231030 19:03:37.473"/>
</kw>
<kw name="Select Environment" library="mui">
<arg>${environment}</arg>
<status status="NOT RUN" starttime="20231030 19:03:37.473" endtime="20231030 19:03:37.473"/>
</kw>
<status status="FAIL" starttime="20231030 19:03:37.465" endtime="20231030 19:03:37.473"/>
</kw>
<test id="s1-s3-s1-s2-t1" name="Create New Group Booking" line="13">
<tag>smoke</tag>
<status status="FAIL" starttime="20231030 19:03:37.473" endtime="20231030 19:03:37.474">Parent suite setup failed:
No keyword with name 'New Browser' found.</status>
</test>
<kw name="Close Browser" type="TEARDOWN">
<msg timestamp="20231030 19:03:37.475" level="FAIL">No keyword with name 'Close Browser' found.</msg>
<status status="FAIL" starttime="20231030 19:03:37.475" endtime="20231030 19:03:37.475">No keyword with name 'Close Browser' found.</status>
</kw>
<doc>A test suite for verifying GBE2 in MUI</doc>
<status status="FAIL" starttime="20231030 19:03:37.456" endtime="20231030 19:03:37.475">Suite setup failed:
No keyword with name 'New Browser' found.

Also suite teardown failed:
No keyword with name 'Close Browser' found.</status>
</suite>
<suite id="s1-s3-s1-s3" name="Mui.Reservations" source="/Users/sara/code/nelson-test-automation/testsuites/MUI/regression/mui.reservations.robot">
<kw name="Open Browser to Nelson Portal and Login" library="mui" type="SETUP">
<msg timestamp="20231030 19:03:37.485" level="TRACE">Arguments: [  ]</msg>
<kw name="Open Browser to Nelson Portal" library="mui">
<msg timestamp="20231030 19:03:37.485" level="TRACE">Arguments: [  ]</msg>
<kw name="New Browser">
<arg>${browser}</arg>
<arg>${headless}</arg>
<msg timestamp="20231030 19:03:37.487" level="FAIL">No keyword with name 'New Browser' found.</msg>
<status status="FAIL" starttime="20231030 19:03:37.487" endtime="20231030 19:03:37.487"/>
</kw>
<kw name="Set Browser Timeout">
<arg>${timeout}</arg>
<status status="NOT RUN" starttime="20231030 19:03:37.489" endtime="20231030 19:03:37.489"/>
</kw>
<kw name="New Context">
<status status="NOT RUN" starttime="20231030 19:03:37.491" endtime="20231030 19:03:37.491"/>
</kw>
<kw name="New Page">
<arg>${MUI_URL}</arg>
<status status="NOT RUN" starttime="20231030 19:03:37.493" endtime="20231030 19:03:37.493"/>
</kw>
<status status="FAIL" starttime="20231030 19:03:37.485" endtime="20231030 19:03:37.493"/>
</kw>
<kw name="Log in to Nelson Portal" library="mui">
<status status="NOT RUN" starttime="20231030 19:03:37.493" endtime="20231030 19:03:37.493"/>
</kw>
<kw name="Select Environment" library="mui">
<arg>${environment}</arg>
<status status="NOT RUN" starttime="20231030 19:03:37.493" endtime="20231030 19:03:37.493"/>
</kw>
<status status="FAIL" starttime="20231030 19:03:37.485" endtime="20231030 19:03:37.493"/>
</kw>
<test id="s1-s3-s1-s3-t1" name="Reservations: Filter all reservations with Check-in incomplete" line="13">
<doc>Test case verifying the functionality of the Check in incomplete filter
when it's toggled onOpen Browser to Nelson Portal and Login</doc>
<tag>smoke</tag>
<status status="FAIL" starttime="20231030 19:03:37.493" endtime="20231030 19:03:37.493">Parent suite setup failed:
No keyword with name 'New Browser' found.</status>
</test>
<test id="s1-s3-s1-s3-t2" name="Reservations: Remove filter and find a reservation with Check-in complete" line="24">
<doc>Test case verifying the functionality of the Check in incomplete filter
when it's toggled off</doc>
<tag>smoke</tag>
<status status="FAIL" starttime="20231030 19:03:37.493" endtime="20231030 19:03:37.493">Parent suite setup failed:
No keyword with name 'New Browser' found.</status>
</test>
<test id="s1-s3-s1-s3-t3" name="Reservations: Filter Reservations by Stay Dates" line="32">
<doc>Test case verifying the functionality of the Departing Today filter
when it's toggled on</doc>
<tag>smoke</tag>
<status status="FAIL" starttime="20231030 19:03:37.493" endtime="20231030 19:03:37.494">Parent suite setup failed:
No keyword with name 'New Browser' found.</status>
</test>
<test id="s1-s3-s1-s3-t4" name="Verify all things" line="40">
<doc>Placeholder for now</doc>
<tag>smoke</tag>
<status status="FAIL" starttime="20231030 19:03:37.494" endtime="20231030 19:03:37.494">Parent suite setup failed:
No keyword with name 'New Browser' found.</status>
</test>
<kw name="Close Browser" type="TEARDOWN">
<msg timestamp="20231030 19:03:37.496" level="FAIL">No keyword with name 'Close Browser' found.</msg>
<status status="FAIL" starttime="20231030 19:03:37.496" endtime="20231030 19:03:37.496">No keyword with name 'Close Browser' found.</status>
</kw>
<doc>A test suite for verifying modify booking functionality</doc>
<status status="FAIL" starttime="20231030 19:03:37.476" endtime="20231030 19:03:37.496">Suite setup failed:
No keyword with name 'New Browser' found.

Also suite teardown failed:
No keyword with name 'Close Browser' found.</status>
</suite>
<suite id="s1-s3-s1-s4" name="Mui.Smoke" source="/Users/sara/code/nelson-test-automation/testsuites/MUI/regression/mui.smoke.robot">
<test id="s1-s3-s1-s4-t1" name="Log in with correct Username and Password" line="20">
<kw name="Open Browser to Nelson Portal" library="mui">
<msg timestamp="20231030 19:03:37.506" level="TRACE">Arguments: [  ]</msg>
<kw name="New Browser">
<arg>${browser}</arg>
<arg>${headless}</arg>
<msg timestamp="20231030 19:03:37.508" level="FAIL">No keyword with name 'New Browser' found.</msg>
<status status="FAIL" starttime="20231030 19:03:37.508" endtime="20231030 19:03:37.508"/>
</kw>
<kw name="Set Browser Timeout">
<arg>${timeout}</arg>
<status status="NOT RUN" starttime="20231030 19:03:37.510" endtime="20231030 19:03:37.510"/>
</kw>
<kw name="New Context">
<status status="NOT RUN" starttime="20231030 19:03:37.512" endtime="20231030 19:03:37.512"/>
</kw>
<kw name="New Page">
<arg>${MUI_URL}</arg>
<status status="NOT RUN" starttime="20231030 19:03:37.513" endtime="20231030 19:03:37.513"/>
</kw>
<status status="FAIL" starttime="20231030 19:03:37.506" endtime="20231030 19:03:37.514"/>
</kw>
<kw name="Log in to Nelson Portal" library="mui">
<status status="NOT RUN" starttime="20231030 19:03:37.514" endtime="20231030 19:03:37.514"/>
</kw>
<kw name="Verify Dashboard Elements" library="mui">
<status status="NOT RUN" starttime="20231030 19:03:37.514" endtime="20231030 19:03:37.514"/>
</kw>
<kw name="Select Environment" library="mui">
<arg>${ENVIRONMENT}</arg>
<status status="NOT RUN" starttime="20231030 19:03:37.514" endtime="20231030 19:03:37.514"/>
</kw>
<kw name="Verify Reservations Page Grid Elements" library="mui.reservations">
<doc>Verifies the elements on the reservations grid</doc>
<status status="NOT RUN" starttime="20231030 19:03:37.514" endtime="20231030 19:03:37.514"/>
</kw>
<kw name="Verify Hotels in Search By Hotel Dropdown" library="mui.reservations">
<doc>Verifies the hotels in the search by hotel dropdown</doc>
<status status="NOT RUN" starttime="20231030 19:03:37.514" endtime="20231030 19:03:37.514"/>
</kw>
<kw name="Click Datepicker Start" library="mui.reservations">
<status status="NOT RUN" starttime="20231030 19:03:37.514" endtime="20231030 19:03:37.514"/>
</kw>
<kw name="Click Datepicker End" library="mui.reservations">
<status status="NOT RUN" starttime="20231030 19:03:37.514" endtime="20231030 19:03:37.514"/>
</kw>
<kw name="Click Clear Search" library="mui.reservations">
<status status="NOT RUN" starttime="20231030 19:03:37.514" endtime="20231030 19:03:37.514"/>
</kw>
<tag>prod</tag>
<tag>smoke</tag>
<status status="FAIL" starttime="20231030 19:03:37.506" endtime="20231030 19:03:37.514">No keyword with name 'New Browser' found.</status>
</test>
<test id="s1-s3-s1-s4-t2" name="Open Reports Page and Verify" line="31">
<kw name="Click Reports from Navigation Menu" library="mui.menu">
<msg timestamp="20231030 19:03:37.514" level="TRACE">Arguments: [  ]</msg>
<kw name="Select From Menu" library="mui.menu">
<arg>reports</arg>
<msg timestamp="20231030 19:03:37.515" level="TRACE">Arguments: [ ${item}='reports' ]</msg>
<kw name="Wait Until Network Is Idle">
<msg timestamp="20231030 19:03:37.517" level="FAIL">No keyword with name 'Wait Until Network Is Idle' found.</msg>
<status status="FAIL" starttime="20231030 19:03:37.517" endtime="20231030 19:03:37.517"/>
</kw>
<try>
<branch type="TRY">
<kw name="Click">
<arg>//a[@href='#/${item}' and contains(@class, 'capitalize') and (not(contains(@class,'capitalize-mobile')))]</arg>
<status status="NOT RUN" starttime="20231030 19:03:37.518" endtime="20231030 19:03:37.518"/>
</kw>
<status status="NOT RUN" starttime="20231030 19:03:37.517" endtime="20231030 19:03:37.518"/>
</branch>
<branch type="EXCEPT">
<kw name="Log To Console" library="BuiltIn">
<arg>${item} is not found in the menu</arg>
<doc>Logs the given message to the console.</doc>
<status status="NOT RUN" starttime="20231030 19:03:37.519" endtime="20231030 19:03:37.519"/>
</kw>
<status status="NOT RUN" starttime="20231030 19:03:37.518" endtime="20231030 19:03:37.519"/>
</branch>
<status status="NOT RUN" starttime="20231030 19:03:37.517" endtime="20231030 19:03:37.519"/>
</try>
<status status="FAIL" starttime="20231030 19:03:37.515" endtime="20231030 19:03:37.519"/>
</kw>
<status status="FAIL" starttime="20231030 19:03:37.514" endtime="20231030 19:03:37.519"/>
</kw>
<kw name="Verify Reports Page Elements" library="mui">
<status status="NOT RUN" starttime="20231030 19:03:37.519" endtime="20231030 19:03:37.519"/>
</kw>
<tag>prod</tag>
<tag>smoke</tag>
<status status="FAIL" starttime="20231030 19:03:37.514" endtime="20231030 19:03:37.519">No keyword with name 'Wait Until Network Is Idle' found.</status>
</test>
<test id="s1-s3-s1-s4-t3" name="Verify Each Report Can be Downloaded" line="35">
<kw name="Click">
<arg>${reports.button.types}</arg>
<msg timestamp="20231030 19:03:37.521" level="FAIL">No keyword with name 'Click' found.</msg>
<status status="FAIL" starttime="20231030 19:03:37.521" endtime="20231030 19:03:37.521"/>
</kw>
<kw name="Get Elements">
<var>${report.items}</var>
<arg>//div[contains(@class, 'dropdown-content')]/ul/child::node()</arg>
<status status="NOT RUN" starttime="20231030 19:03:37.523" endtime="20231030 19:03:37.523"/>
</kw>
<for flavor="IN">
<var>${report}</var>
<value>@{report.items}</value>
<iter>
<var name="${report}"/>
<kw name="Click">
<arg>${reports.button.week}</arg>
<status status="NOT RUN" starttime="20231030 19:03:37.525" endtime="20231030 19:03:37.525"/>
</kw>
<kw name="Click">
<arg>${reports.button.types}</arg>
<status status="NOT RUN" starttime="20231030 19:03:37.526" endtime="20231030 19:03:37.526"/>
</kw>
<kw name="Get Property">
<var>${report.name}</var>
<arg>${report}</arg>
<arg>innerText</arg>
<status status="NOT RUN" starttime="20231030 19:03:37.528" endtime="20231030 19:03:37.528"/>
</kw>
<kw name="Wait For Elements State">
<arg>${reports.button.download}</arg>
<arg>enabled</arg>
<status status="NOT RUN" starttime="20231030 19:03:37.530" endtime="20231030 19:03:37.530"/>
</kw>
<kw name="Promise To Wait For Download">
<var>${promise}</var>
<arg>${EXECDIR}/resources/downloads/${report.name}.csv</arg>
<status status="NOT RUN" starttime="20231030 19:03:37.532" endtime="20231030 19:03:37.532"/>
</kw>
<kw name="Click">
<arg>${reports.button.download}</arg>
<status status="NOT RUN" starttime="20231030 19:03:37.533" endtime="20231030 19:03:37.533"/>
</kw>
<kw name="Wait For">
<var>${file_obj}</var>
<arg>${promise}</arg>
<status status="NOT RUN" starttime="20231030 19:03:37.535" endtime="20231030 19:03:37.535"/>
</kw>
<kw name="File Should Exist" library="OperatingSystem">
<arg>${file_obj}[saveAs]</arg>
<doc>Fails unless the given ``path`` points to an existing file.</doc>
<status status="NOT RUN" starttime="20231030 19:03:37.535" endtime="20231030 19:03:37.535"/>
</kw>
<status status="NOT RUN" starttime="20231030 19:03:37.523" endtime="20231030 19:03:37.535"/>
</iter>
<status status="NOT RUN" starttime="20231030 19:03:37.523" endtime="20231030 19:03:37.535"/>
</for>
<tag>prod</tag>
<tag>smoke</tag>
<status status="FAIL" starttime="20231030 19:03:37.519" endtime="20231030 19:03:37.535">No keyword with name 'Click' found.</status>
</test>
<test id="s1-s3-s1-s4-t4" name="Verify Usage Page" line="49">
<kw name="Click Usage from Navigation Menu" library="mui.menu">
<msg timestamp="20231030 19:03:37.535" level="TRACE">Arguments: [  ]</msg>
<kw name="Select From Menu" library="mui.menu">
<arg>usage</arg>
<msg timestamp="20231030 19:03:37.535" level="TRACE">Arguments: [ ${item}='usage' ]</msg>
<kw name="Wait Until Network Is Idle">
<msg timestamp="20231030 19:03:37.538" level="FAIL">No keyword with name 'Wait Until Network Is Idle' found.</msg>
<status status="FAIL" starttime="20231030 19:03:37.538" endtime="20231030 19:03:37.538"/>
</kw>
<try>
<branch type="TRY">
<kw name="Click">
<arg>//a[@href='#/${item}' and contains(@class, 'capitalize') and (not(contains(@class,'capitalize-mobile')))]</arg>
<status status="NOT RUN" starttime="20231030 19:03:37.539" endtime="20231030 19:03:37.539"/>
</kw>
<status status="NOT RUN" starttime="20231030 19:03:37.538" endtime="20231030 19:03:37.539"/>
</branch>
<branch type="EXCEPT">
<kw name="Log To Console" library="BuiltIn">
<arg>${item} is not found in the menu</arg>
<doc>Logs the given message to the console.</doc>
<status status="NOT RUN" starttime="20231030 19:03:37.539" endtime="20231030 19:03:37.539"/>
</kw>
<status status="NOT RUN" starttime="20231030 19:03:37.539" endtime="20231030 19:03:37.539"/>
</branch>
<status status="NOT RUN" starttime="20231030 19:03:37.538" endtime="20231030 19:03:37.539"/>
</try>
<status status="FAIL" starttime="20231030 19:03:37.535" endtime="20231030 19:03:37.540"/>
</kw>
<status status="FAIL" starttime="20231030 19:03:37.535" endtime="20231030 19:03:37.540"/>
</kw>
<kw name="Verify Usage Page Elements" library="mui">
<status status="NOT RUN" starttime="20231030 19:03:37.540" endtime="20231030 19:03:37.540"/>
</kw>
<tag>prod</tag>
<tag>smoke</tag>
<status status="FAIL" starttime="20231030 19:03:37.535" endtime="20231030 19:03:37.540">No keyword with name 'Wait Until Network Is Idle' found.</status>
</test>
<test id="s1-s3-s1-s4-t5" name="Verify Maintenance Page" line="53">
<kw name="Click Maintenance from Navigation Menu" library="mui.menu">
<msg timestamp="20231030 19:03:37.540" level="TRACE">Arguments: [  ]</msg>
<kw name="Select From Menu" library="mui.menu">
<arg>maintenance</arg>
<msg timestamp="20231030 19:03:37.540" level="TRACE">Arguments: [ ${item}='maintenance' ]</msg>
<kw name="Wait Until Network Is Idle">
<msg timestamp="20231030 19:03:37.542" level="FAIL">No keyword with name 'Wait Until Network Is Idle' found.</msg>
<status status="FAIL" starttime="20231030 19:03:37.542" endtime="20231030 19:03:37.542"/>
</kw>
<try>
<branch type="TRY">
<kw name="Click">
<arg>//a[@href='#/${item}' and contains(@class, 'capitalize') and (not(contains(@class,'capitalize-mobile')))]</arg>
<status status="NOT RUN" starttime="20231030 19:03:37.544" endtime="20231030 19:03:37.544"/>
</kw>
<status status="NOT RUN" starttime="20231030 19:03:37.543" endtime="20231030 19:03:37.544"/>
</branch>
<branch type="EXCEPT">
<kw name="Log To Console" library="BuiltIn">
<arg>${item} is not found in the menu</arg>
<doc>Logs the given message to the console.</doc>
<status status="NOT RUN" starttime="20231030 19:03:37.544" endtime="20231030 19:03:37.544"/>
</kw>
<status status="NOT RUN" starttime="20231030 19:03:37.544" endtime="20231030 19:03:37.544"/>
</branch>
<status status="NOT RUN" starttime="20231030 19:03:37.542" endtime="20231030 19:03:37.544"/>
</try>
<status status="FAIL" starttime="20231030 19:03:37.540" endtime="20231030 19:03:37.544"/>
</kw>
<status status="FAIL" starttime="20231030 19:03:37.540" endtime="20231030 19:03:37.544"/>
</kw>
<kw name="Verify Maintenance Page Elements" library="mui">
<status status="NOT RUN" starttime="20231030 19:03:37.544" endtime="20231030 19:03:37.544"/>
</kw>
<tag>prod</tag>
<tag>smoke</tag>
<status status="FAIL" starttime="20231030 19:03:37.540" endtime="20231030 19:03:37.545">No keyword with name 'Wait Until Network Is Idle' found.</status>
</test>
<test id="s1-s3-s1-s4-t6" name="Verify Customers Page" line="57">
<kw name="Click Customers from Navigation Menu" library="mui.menu">
<msg timestamp="20231030 19:03:37.545" level="TRACE">Arguments: [  ]</msg>
<kw name="Select From Menu" library="mui.menu">
<arg>customers</arg>
<msg timestamp="20231030 19:03:37.545" level="TRACE">Arguments: [ ${item}='customers' ]</msg>
<kw name="Wait Until Network Is Idle">
<msg timestamp="20231030 19:03:37.547" level="FAIL">No keyword with name 'Wait Until Network Is Idle' found.</msg>
<status status="FAIL" starttime="20231030 19:03:37.547" endtime="20231030 19:03:37.547"/>
</kw>
<try>
<branch type="TRY">
<kw name="Click">
<arg>//a[@href='#/${item}' and contains(@class, 'capitalize') and (not(contains(@class,'capitalize-mobile')))]</arg>
<status status="NOT RUN" starttime="20231030 19:03:37.549" endtime="20231030 19:03:37.549"/>
</kw>
<status status="NOT RUN" starttime="20231030 19:03:37.547" endtime="20231030 19:03:37.549"/>
</branch>
<branch type="EXCEPT">
<kw name="Log To Console" library="BuiltIn">
<arg>${item} is not found in the menu</arg>
<doc>Logs the given message to the console.</doc>
<status status="NOT RUN" starttime="20231030 19:03:37.549" endtime="20231030 19:03:37.549"/>
</kw>
<status status="NOT RUN" starttime="20231030 19:03:37.549" endtime="20231030 19:03:37.549"/>
</branch>
<status status="NOT RUN" starttime="20231030 19:03:37.547" endtime="20231030 19:03:37.549"/>
</try>
<status status="FAIL" starttime="20231030 19:03:37.545" endtime="20231030 19:03:37.549"/>
</kw>
<status status="FAIL" starttime="20231030 19:03:37.545" endtime="20231030 19:03:37.549"/>
</kw>
<tag>prod</tag>
<tag>smoke</tag>
<status status="FAIL" starttime="20231030 19:03:37.545" endtime="20231030 19:03:37.549">No keyword with name 'Wait Until Network Is Idle' found.</status>
</test>
<test id="s1-s3-s1-s4-t7" name="Verify Pricing Page" line="60">
<kw name="Click Pricing from Navigation Menu" library="mui.menu">
<msg timestamp="20231030 19:03:37.549" level="TRACE">Arguments: [  ]</msg>
<kw name="Select From Menu" library="mui.menu">
<arg>pricing</arg>
<msg timestamp="20231030 19:03:37.550" level="TRACE">Arguments: [ ${item}='pricing' ]</msg>
<kw name="Wait Until Network Is Idle">
<msg timestamp="20231030 19:03:37.552" level="FAIL">No keyword with name 'Wait Until Network Is Idle' found.</msg>
<status status="FAIL" starttime="20231030 19:03:37.552" endtime="20231030 19:03:37.552"/>
</kw>
<try>
<branch type="TRY">
<kw name="Click">
<arg>//a[@href='#/${item}' and contains(@class, 'capitalize') and (not(contains(@class,'capitalize-mobile')))]</arg>
<status status="NOT RUN" starttime="20231030 19:03:37.553" endtime="20231030 19:03:37.554"/>
</kw>
<status status="NOT RUN" starttime="20231030 19:03:37.552" endtime="20231030 19:03:37.554"/>
</branch>
<branch type="EXCEPT">
<kw name="Log To Console" library="BuiltIn">
<arg>${item} is not found in the menu</arg>
<doc>Logs the given message to the console.</doc>
<status status="NOT RUN" starttime="20231030 19:03:37.554" endtime="20231030 19:03:37.554"/>
</kw>
<status status="NOT RUN" starttime="20231030 19:03:37.554" endtime="20231030 19:03:37.554"/>
</branch>
<status status="NOT RUN" starttime="20231030 19:03:37.552" endtime="20231030 19:03:37.554"/>
</try>
<status status="FAIL" starttime="20231030 19:03:37.550" endtime="20231030 19:03:37.554"/>
</kw>
<status status="FAIL" starttime="20231030 19:03:37.549" endtime="20231030 19:03:37.554"/>
</kw>
<tag>prod</tag>
<tag>smoke</tag>
<status status="FAIL" starttime="20231030 19:03:37.549" endtime="20231030 19:03:37.554">No keyword with name 'Wait Until Network Is Idle' found.</status>
</test>
<test id="s1-s3-s1-s4-t8" name="Verify Allotments Page" line="63">
<kw name="Click Allotments from Navigation Menu" library="mui.menu">
<msg timestamp="20231030 19:03:37.554" level="TRACE">Arguments: [  ]</msg>
<kw name="Select From Menu" library="mui.menu">
<arg>allotments</arg>
<msg timestamp="20231030 19:03:37.554" level="TRACE">Arguments: [ ${item}='allotments' ]</msg>
<kw name="Wait Until Network Is Idle">
<msg timestamp="20231030 19:03:37.556" level="FAIL">No keyword with name 'Wait Until Network Is Idle' found.</msg>
<status status="FAIL" starttime="20231030 19:03:37.556" endtime="20231030 19:03:37.556"/>
</kw>
<try>
<branch type="TRY">
<kw name="Click">
<arg>//a[@href='#/${item}' and contains(@class, 'capitalize') and (not(contains(@class,'capitalize-mobile')))]</arg>
<status status="NOT RUN" starttime="20231030 19:03:37.558" endtime="20231030 19:03:37.558"/>
</kw>
<status status="NOT RUN" starttime="20231030 19:03:37.556" endtime="20231030 19:03:37.558"/>
</branch>
<branch type="EXCEPT">
<kw name="Log To Console" library="BuiltIn">
<arg>${item} is not found in the menu</arg>
<doc>Logs the given message to the console.</doc>
<status status="NOT RUN" starttime="20231030 19:03:37.558" endtime="20231030 19:03:37.558"/>
</kw>
<status status="NOT RUN" starttime="20231030 19:03:37.558" endtime="20231030 19:03:37.558"/>
</branch>
<status status="NOT RUN" starttime="20231030 19:03:37.556" endtime="20231030 19:03:37.558"/>
</try>
<status status="FAIL" starttime="20231030 19:03:37.554" endtime="20231030 19:03:37.558"/>
</kw>
<status status="FAIL" starttime="20231030 19:03:37.554" endtime="20231030 19:03:37.558"/>
</kw>
<tag>prod</tag>
<tag>smoke</tag>
<status status="FAIL" starttime="20231030 19:03:37.554" endtime="20231030 19:03:37.558">No keyword with name 'Wait Until Network Is Idle' found.</status>
</test>
<test id="s1-s3-s1-s4-t9" name="Verify Vouchers Page" line="66">
<kw name="Click Voucher from Navigation Menu" library="mui.menu">
<msg timestamp="20231030 19:03:37.559" level="TRACE">Arguments: [  ]</msg>
<kw name="Select From Menu" library="mui.menu">
<arg>voucher</arg>
<msg timestamp="20231030 19:03:37.559" level="TRACE">Arguments: [ ${item}='voucher' ]</msg>
<kw name="Wait Until Network Is Idle">
<msg timestamp="20231030 19:03:37.561" level="FAIL">No keyword with name 'Wait Until Network Is Idle' found.</msg>
<status status="FAIL" starttime="20231030 19:03:37.561" endtime="20231030 19:03:37.561"/>
</kw>
<try>
<branch type="TRY">
<kw name="Click">
<arg>//a[@href='#/${item}' and contains(@class, 'capitalize') and (not(contains(@class,'capitalize-mobile')))]</arg>
<status status="NOT RUN" starttime="20231030 19:03:37.562" endtime="20231030 19:03:37.562"/>
</kw>
<status status="NOT RUN" starttime="20231030 19:03:37.561" endtime="20231030 19:03:37.562"/>
</branch>
<branch type="EXCEPT">
<kw name="Log To Console" library="BuiltIn">
<arg>${item} is not found in the menu</arg>
<doc>Logs the given message to the console.</doc>
<status status="NOT RUN" starttime="20231030 19:03:37.562" endtime="20231030 19:03:37.562"/>
</kw>
<status status="NOT RUN" starttime="20231030 19:03:37.562" endtime="20231030 19:03:37.562"/>
</branch>
<status status="NOT RUN" starttime="20231030 19:03:37.561" endtime="20231030 19:03:37.562"/>
</try>
<status status="FAIL" starttime="20231030 19:03:37.559" endtime="20231030 19:03:37.563"/>
</kw>
<status status="FAIL" starttime="20231030 19:03:37.559" endtime="20231030 19:03:37.563"/>
</kw>
<tag>prod</tag>
<tag>smoke</tag>
<status status="FAIL" starttime="20231030 19:03:37.558" endtime="20231030 19:03:37.563">No keyword with name 'Wait Until Network Is Idle' found.</status>
</test>
<test id="s1-s3-s1-s4-t10" name="Verify Breakfast Page" line="69">
<kw name="Click Breakfast from Navigation Menu" library="mui.menu">
<msg timestamp="20231030 19:03:37.563" level="TRACE">Arguments: [  ]</msg>
<kw name="Select From Menu" library="mui.menu">
<arg>breakfast</arg>
<msg timestamp="20231030 19:03:37.563" level="TRACE">Arguments: [ ${item}='breakfast' ]</msg>
<kw name="Wait Until Network Is Idle">
<msg timestamp="20231030 19:03:37.565" level="FAIL">No keyword with name 'Wait Until Network Is Idle' found.</msg>
<status status="FAIL" starttime="20231030 19:03:37.565" endtime="20231030 19:03:37.565"/>
</kw>
<try>
<branch type="TRY">
<kw name="Click">
<arg>//a[@href='#/${item}' and contains(@class, 'capitalize') and (not(contains(@class,'capitalize-mobile')))]</arg>
<status status="NOT RUN" starttime="20231030 19:03:37.567" endtime="20231030 19:03:37.567"/>
</kw>
<status status="NOT RUN" starttime="20231030 19:03:37.565" endtime="20231030 19:03:37.567"/>
</branch>
<branch type="EXCEPT">
<kw name="Log To Console" library="BuiltIn">
<arg>${item} is not found in the menu</arg>
<doc>Logs the given message to the console.</doc>
<status status="NOT RUN" starttime="20231030 19:03:37.567" endtime="20231030 19:03:37.567"/>
</kw>
<status status="NOT RUN" starttime="20231030 19:03:37.567" endtime="20231030 19:03:37.567"/>
</branch>
<status status="NOT RUN" starttime="20231030 19:03:37.565" endtime="20231030 19:03:37.567"/>
</try>
<status status="FAIL" starttime="20231030 19:03:37.563" endtime="20231030 19:03:37.567"/>
</kw>
<status status="FAIL" starttime="20231030 19:03:37.563" endtime="20231030 19:03:37.567"/>
</kw>
<tag>prod</tag>
<tag>smoke</tag>
<status status="FAIL" starttime="20231030 19:03:37.563" endtime="20231030 19:03:37.567">No keyword with name 'Wait Until Network Is Idle' found.</status>
</test>
<test id="s1-s3-s1-s4-t11" name="Verify Settings Page" line="72">
<kw name="Click Settings from Navigation Menu" library="mui.menu">
<msg timestamp="20231030 19:03:37.568" level="TRACE">Arguments: [  ]</msg>
<kw name="Select From Menu" library="mui.menu">
<arg>hotels</arg>
<msg timestamp="20231030 19:03:37.568" level="TRACE">Arguments: [ ${item}='hotels' ]</msg>
<kw name="Wait Until Network Is Idle">
<msg timestamp="20231030 19:03:37.570" level="FAIL">No keyword with name 'Wait Until Network Is Idle' found.</msg>
<status status="FAIL" starttime="20231030 19:03:37.570" endtime="20231030 19:03:37.570"/>
</kw>
<try>
<branch type="TRY">
<kw name="Click">
<arg>//a[@href='#/${item}' and contains(@class, 'capitalize') and (not(contains(@class,'capitalize-mobile')))]</arg>
<status status="NOT RUN" starttime="20231030 19:03:37.572" endtime="20231030 19:03:37.572"/>
</kw>
<status status="NOT RUN" starttime="20231030 19:03:37.570" endtime="20231030 19:03:37.572"/>
</branch>
<branch type="EXCEPT">
<kw name="Log To Console" library="BuiltIn">
<arg>${item} is not found in the menu</arg>
<doc>Logs the given message to the console.</doc>
<status status="NOT RUN" starttime="20231030 19:03:37.572" endtime="20231030 19:03:37.572"/>
</kw>
<status status="NOT RUN" starttime="20231030 19:03:37.572" endtime="20231030 19:03:37.572"/>
</branch>
<status status="NOT RUN" starttime="20231030 19:03:37.570" endtime="20231030 19:03:37.572"/>
</try>
<status status="FAIL" starttime="20231030 19:03:37.568" endtime="20231030 19:03:37.572"/>
</kw>
<status status="FAIL" starttime="20231030 19:03:37.568" endtime="20231030 19:03:37.572"/>
</kw>
<tag>prod</tag>
<tag>smoke</tag>
<status status="FAIL" starttime="20231030 19:03:37.568" endtime="20231030 19:03:37.572">No keyword with name 'Wait Until Network Is Idle' found.</status>
</test>
<test id="s1-s3-s1-s4-t12" name="Verify Locks Page" line="75">
<kw name="Click Locks from Navigation Menu" library="mui.menu">
<msg timestamp="20231030 19:03:37.572" level="TRACE">Arguments: [  ]</msg>
<kw name="Select From Menu" library="mui.menu">
<arg>locks</arg>
<msg timestamp="20231030 19:03:37.572" level="TRACE">Arguments: [ ${item}='locks' ]</msg>
<kw name="Wait Until Network Is Idle">
<msg timestamp="20231030 19:03:37.574" level="FAIL">No keyword with name 'Wait Until Network Is Idle' found.</msg>
<status status="FAIL" starttime="20231030 19:03:37.574" endtime="20231030 19:03:37.574"/>
</kw>
<try>
<branch type="TRY">
<kw name="Click">
<arg>//a[@href='#/${item}' and contains(@class, 'capitalize') and (not(contains(@class,'capitalize-mobile')))]</arg>
<status status="NOT RUN" starttime="20231030 19:03:37.576" endtime="20231030 19:03:37.576"/>
</kw>
<status status="NOT RUN" starttime="20231030 19:03:37.574" endtime="20231030 19:03:37.576"/>
</branch>
<branch type="EXCEPT">
<kw name="Log To Console" library="BuiltIn">
<arg>${item} is not found in the menu</arg>
<doc>Logs the given message to the console.</doc>
<status status="NOT RUN" starttime="20231030 19:03:37.576" endtime="20231030 19:03:37.576"/>
</kw>
<status status="NOT RUN" starttime="20231030 19:03:37.576" endtime="20231030 19:03:37.576"/>
</branch>
<status status="NOT RUN" starttime="20231030 19:03:37.574" endtime="20231030 19:03:37.576"/>
</try>
<status status="FAIL" starttime="20231030 19:03:37.572" endtime="20231030 19:03:37.576"/>
</kw>
<status status="FAIL" starttime="20231030 19:03:37.572" endtime="20231030 19:03:37.576"/>
</kw>
<tag>prod</tag>
<tag>smoke</tag>
<status status="FAIL" starttime="20231030 19:03:37.572" endtime="20231030 19:03:37.576">No keyword with name 'Wait Until Network Is Idle' found.</status>
</test>
<test id="s1-s3-s1-s4-t13" name="Log Out" line="78">
<kw name="Click">
<arg>//div[contains(@class, 'mobile-hide')]//img[@src='assets/images/icon-signout.svg']</arg>
<msg timestamp="20231030 19:03:37.578" level="FAIL">No keyword with name 'Click' found.</msg>
<status status="FAIL" starttime="20231030 19:03:37.578" endtime="20231030 19:03:37.578"/>
</kw>
<tag>prod</tag>
<tag>smoke</tag>
<status status="FAIL" starttime="20231030 19:03:37.577" endtime="20231030 19:03:37.578">No keyword with name 'Click' found.</status>
</test>
<test id="s1-s3-s1-s4-t14" name="Try Logging in without Password" line="81">
<kw name="Open Browser to Nelson Portal" library="mui">
<msg timestamp="20231030 19:03:37.579" level="TRACE">Arguments: [  ]</msg>
<kw name="New Browser">
<arg>${browser}</arg>
<arg>${headless}</arg>
<msg timestamp="20231030 19:03:37.580" level="FAIL">No keyword with name 'New Browser' found.</msg>
<status status="FAIL" starttime="20231030 19:03:37.580" endtime="20231030 19:03:37.580"/>
</kw>
<kw name="Set Browser Timeout">
<arg>${timeout}</arg>
<status status="NOT RUN" starttime="20231030 19:03:37.583" endtime="20231030 19:03:37.583"/>
</kw>
<kw name="New Context">
<status status="NOT RUN" starttime="20231030 19:03:37.585" endtime="20231030 19:03:37.585"/>
</kw>
<kw name="New Page">
<arg>${MUI_URL}</arg>
<status status="NOT RUN" starttime="20231030 19:03:37.586" endtime="20231030 19:03:37.586"/>
</kw>
<status status="FAIL" starttime="20231030 19:03:37.579" endtime="20231030 19:03:37.586"/>
</kw>
<kw name="Log in to Nelson Portal with Credentials" library="mui">
<arg>admin</arg>
<arg>${EMPTY}</arg>
<status status="NOT RUN" starttime="20231030 19:03:37.586" endtime="20231030 19:03:37.586"/>
</kw>
<kw name="Close Browser">
<status status="NOT RUN" starttime="20231030 19:03:37.588" endtime="20231030 19:03:37.588"/>
</kw>
<tag>prod</tag>
<tag>smoke</tag>
<status status="FAIL" starttime="20231030 19:03:37.579" endtime="20231030 19:03:37.588">No keyword with name 'New Browser' found.</status>
</test>
<test id="s1-s3-s1-s4-t15" name="Try Logging in without Username" line="86">
<kw name="Open Browser to Nelson Portal" library="mui">
<msg timestamp="20231030 19:03:37.588" level="TRACE">Arguments: [  ]</msg>
<kw name="New Browser">
<arg>${browser}</arg>
<arg>${headless}</arg>
<msg timestamp="20231030 19:03:37.590" level="FAIL">No keyword with name 'New Browser' found.</msg>
<status status="FAIL" starttime="20231030 19:03:37.590" endtime="20231030 19:03:37.590"/>
</kw>
<kw name="Set Browser Timeout">
<arg>${timeout}</arg>
<status status="NOT RUN" starttime="20231030 19:03:37.592" endtime="20231030 19:03:37.592"/>
</kw>
<kw name="New Context">
<status status="NOT RUN" starttime="20231030 19:03:37.594" endtime="20231030 19:03:37.594"/>
</kw>
<kw name="New Page">
<arg>${MUI_URL}</arg>
<status status="NOT RUN" starttime="20231030 19:03:37.596" endtime="20231030 19:03:37.596"/>
</kw>
<status status="FAIL" starttime="20231030 19:03:37.588" endtime="20231030 19:03:37.596"/>
</kw>
<kw name="Log in to Nelson Portal with Credentials" library="mui">
<arg>${EMPTY}</arg>
<arg>pass</arg>
<status status="NOT RUN" starttime="20231030 19:03:37.596" endtime="20231030 19:03:37.596"/>
</kw>
<kw name="Close Browser">
<status status="NOT RUN" starttime="20231030 19:03:37.598" endtime="20231030 19:03:37.598"/>
</kw>
<tag>prod</tag>
<tag>smoke</tag>
<status status="FAIL" starttime="20231030 19:03:37.588" endtime="20231030 19:03:37.598">No keyword with name 'New Browser' found.</status>
</test>
<test id="s1-s3-s1-s4-t16" name="Try Logging in with incorrect Password/Username combination" line="91">
<kw name="Open Browser to Nelson Portal" library="mui">
<msg timestamp="20231030 19:03:37.598" level="TRACE">Arguments: [  ]</msg>
<kw name="New Browser">
<arg>${browser}</arg>
<arg>${headless}</arg>
<msg timestamp="20231030 19:03:37.600" level="FAIL">No keyword with name 'New Browser' found.</msg>
<status status="FAIL" starttime="20231030 19:03:37.600" endtime="20231030 19:03:37.600"/>
</kw>
<kw name="Set Browser Timeout">
<arg>${timeout}</arg>
<status status="NOT RUN" starttime="20231030 19:03:37.602" endtime="20231030 19:03:37.602"/>
</kw>
<kw name="New Context">
<status status="NOT RUN" starttime="20231030 19:03:37.604" endtime="20231030 19:03:37.604"/>
</kw>
<kw name="New Page">
<arg>${MUI_URL}</arg>
<status status="NOT RUN" starttime="20231030 19:03:37.605" endtime="20231030 19:03:37.605"/>
</kw>
<status status="FAIL" starttime="20231030 19:03:37.598" endtime="20231030 19:03:37.606"/>
</kw>
<kw name="Log in to Nelson Portal with Credentials" library="mui">
<arg>admin</arg>
<arg>admin</arg>
<status status="NOT RUN" starttime="20231030 19:03:37.606" endtime="20231030 19:03:37.606"/>
</kw>
<kw name="Close Browser">
<status status="NOT RUN" starttime="20231030 19:03:37.607" endtime="20231030 19:03:37.608"/>
</kw>
<tag>prod</tag>
<tag>smoke</tag>
<status status="FAIL" starttime="20231030 19:03:37.598" endtime="20231030 19:03:37.608">No keyword with name 'New Browser' found.</status>
</test>
<kw name="Close Browser" type="TEARDOWN">
<msg timestamp="20231030 19:03:37.610" level="FAIL">No keyword with name 'Close Browser' found.</msg>
<status status="FAIL" starttime="20231030 19:03:37.610" endtime="20231030 19:03:37.610">No keyword with name 'Close Browser' found.</status>
</kw>
<doc>This file contains smoke tests for MUI</doc>
<status status="FAIL" starttime="20231030 19:03:37.496" endtime="20231030 19:03:37.610">Suite teardown failed:
No keyword with name 'Close Browser' found.</status>
</suite>
<status status="FAIL" starttime="20231030 19:03:37.435" endtime="20231030 19:03:37.610"/>
</suite>
<status status="FAIL" starttime="20231030 19:03:37.434" endtime="20231030 19:03:37.610"/>
</suite>
<suite id="s1-s4" name="OTA" source="/Users/sara/code/nelson-test-automation/testsuites/OTA">
<suite id="s1-s4-s1" name="Bdc" source="/Users/sara/code/nelson-test-automation/testsuites/OTA/bdc.robot">
<test id="s1-s4-s1-t1" name="Open BDC and Check for Availability" line="12">
<kw name="Open New Browser To URL" library="common">
<arg>${url.bdc.test.omena}</arg>
<msg timestamp="20231030 19:03:37.617" level="TRACE">Arguments: [ ${url}='https://secure.booking.com/book.html?hotel_id=2752157&amp;test=1' ]</msg>
<kw name="New Browser">
<arg>${browser}</arg>
<arg>${headless}</arg>
<arg>timeout=${timeout}</arg>
<arg>downloadsPath=${EXECDIR}/resources/downloads</arg>
<msg timestamp="20231030 19:03:37.618" level="FAIL">No keyword with name 'New Browser' found.</msg>
<status status="FAIL" starttime="20231030 19:03:37.618" endtime="20231030 19:03:37.618"/>
</kw>
<kw name="Set Browser Timeout">
<arg>${timeout}</arg>
<status status="NOT RUN" starttime="20231030 19:03:37.619" endtime="20231030 19:03:37.619"/>
</kw>
<kw name="New Context">
<arg>acceptDownloads=True</arg>
<status status="NOT RUN" starttime="20231030 19:03:37.620" endtime="20231030 19:03:37.620"/>
</kw>
<kw name="New Page">
<arg>${url}</arg>
<status status="NOT RUN" starttime="20231030 19:03:37.621" endtime="20231030 19:03:37.621"/>
</kw>
<status status="FAIL" starttime="20231030 19:03:37.617" endtime="20231030 19:03:37.622"/>
</kw>
<kw name="Check Availability for Today" library="bdc">
<status status="NOT RUN" starttime="20231030 19:03:37.622" endtime="20231030 19:03:37.622"/>
</kw>
<tag>staging, omena, bdc, smoke</tag>
<status status="FAIL" starttime="20231030 19:03:37.617" endtime="20231030 19:03:37.622">No keyword with name 'New Browser' found.</status>
</test>
<test id="s1-s4-s1-t2" name="Create Reservation in BDC" line="16">
<kw name="Verify Book Button is Visible" library="bdc">
<msg timestamp="20231030 19:03:37.622" level="TRACE">Arguments: [  ]</msg>
<kw name="Is Element Visible" library="common">
<var>${reserveButton}</var>
<arg>//button[@name='book']</arg>
<msg timestamp="20231030 19:03:37.622" level="TRACE">Arguments: [ ${selector}="//button[@name='book']" ]</msg>
<kw name="Get Element States">
<var>${isVisible}</var>
<arg>${selector}</arg>
<arg>then</arg>
<arg>bool(value &amp; visible)</arg>
<msg timestamp="20231030 19:03:37.623" level="FAIL">No keyword with name 'Get Element States' found. Did you try using keyword 'RequestsLibrary.GET' and forgot to use enough whitespace between keyword and arguments?</msg>
<status status="FAIL" starttime="20231030 19:03:37.623" endtime="20231030 19:03:37.623"/>
</kw>
<status status="FAIL" starttime="20231030 19:03:37.622" endtime="20231030 19:03:37.624"/>
</kw>
<status status="FAIL" starttime="20231030 19:03:37.622" endtime="20231030 19:03:37.624"/>
</kw>
<kw name="Select Room Type" library="bdc">
<status status="NOT RUN" starttime="20231030 19:03:37.624" endtime="20231030 19:03:37.624"/>
</kw>
<kw name="Click I'll Reserve" library="bdc">
<status status="NOT RUN" starttime="20231030 19:03:37.624" endtime="20231030 19:03:37.624"/>
</kw>
<tag>staging, omena, bdc, smoke</tag>
<status status="FAIL" starttime="20231030 19:03:37.622" endtime="20231030 19:03:37.624">No keyword with name 'Get Element States' found. Did you try using keyword 'RequestsLibrary.GET' and forgot to use enough whitespace between keyword and arguments?</status>
</test>
<test id="s1-s4-s1-t3" name="Fill Contact Information and Payment Details" line="21">
<kw name="Get Inbox ID" library="common">
<var>${id}</var>
<msg timestamp="20231030 19:03:37.624" level="TRACE">Arguments: [  ]</msg>
<kw name="Log To Console" library="BuiltIn">
<arg>Mailslurp: ${inbox_id}</arg>
<doc>Logs the given message to the console.</doc>
<msg timestamp="20231030 19:03:37.624" level="TRACE">Arguments: [ 'Mailslurp: 35ac21dc-e785-4cad-8949-6f32023a286d' ]</msg>
<msg timestamp="20231030 19:03:37.624" level="TRACE">Return: None</msg>
<status status="PASS" starttime="20231030 19:03:37.624" endtime="20231030 19:03:37.624"/>
</kw>
<msg timestamp="20231030 19:03:37.624" level="TRACE">Return: '35ac21dc-e785-4cad-8949-6f32023a286d'</msg>
<msg timestamp="20231030 19:03:37.624" level="INFO">${id} = 35ac21dc-e785-4cad-8949-6f32023a286d</msg>
<status status="PASS" starttime="20231030 19:03:37.624" endtime="20231030 19:03:37.624"/>
</kw>
<kw name="Fill Contact Information in BDC" library="bdc">
<msg timestamp="20231030 19:03:37.624" level="TRACE">Arguments: [  ]</msg>
<kw name="Get Inbox ID" library="common">
<var>${id}</var>
<msg timestamp="20231030 19:03:37.624" level="TRACE">Arguments: [  ]</msg>
<kw name="Log To Console" library="BuiltIn">
<arg>Mailslurp: ${inbox_id}</arg>
<doc>Logs the given message to the console.</doc>
<msg timestamp="20231030 19:03:37.625" level="TRACE">Arguments: [ 'Mailslurp: 35ac21dc-e785-4cad-8949-6f32023a286d' ]</msg>
<msg timestamp="20231030 19:03:37.625" level="TRACE">Return: None</msg>
<status status="PASS" starttime="20231030 19:03:37.624" endtime="20231030 19:03:37.625"/>
</kw>
<msg timestamp="20231030 19:03:37.625" level="TRACE">Return: '35ac21dc-e785-4cad-8949-6f32023a286d'</msg>
<msg timestamp="20231030 19:03:37.625" level="INFO">${id} = 35ac21dc-e785-4cad-8949-6f32023a286d</msg>
<status status="PASS" starttime="20231030 19:03:37.624" endtime="20231030 19:03:37.625"/>
</kw>
<kw name="Click and Fill with Sleep" library="common">
<arg>id=firstname</arg>
<arg>${firstName}</arg>
<doc>A keyword combination of Click and Fill, for too quick runs, added 1s sleep after input</doc>
<msg timestamp="20231030 19:03:37.625" level="TRACE">Arguments: [ ${selector}='id=firstname' | ${text}='Mos' ]</msg>
<kw name="Click and Fill" library="common">
<arg>${selector}</arg>
<arg>${text}</arg>
<doc>A keyword combination of Click and Fill Text since most of the form fields need a click</doc>
<msg timestamp="20231030 19:03:37.625" level="TRACE">Arguments: [ ${selector}='id=firstname' | ${text}='Mos' ]</msg>
<kw name="Click">
<arg>${selector}</arg>
<msg timestamp="20231030 19:03:37.626" level="FAIL">No keyword with name 'Click' found.</msg>
<status status="FAIL" starttime="20231030 19:03:37.626" endtime="20231030 19:03:37.626"/>
</kw>
<kw name="Fill Text">
<arg>${selector}</arg>
<arg>${text}</arg>
<status status="NOT RUN" starttime="20231030 19:03:37.627" endtime="20231030 19:03:37.627"/>
</kw>
<status status="FAIL" starttime="20231030 19:03:37.625" endtime="20231030 19:03:37.627"/>
</kw>
<kw name="Sleep" library="BuiltIn">
<arg>1s</arg>
<arg>BDC is weird with these fields</arg>
<doc>Pauses the test executed for the given time.</doc>
<status status="NOT RUN" starttime="20231030 19:03:37.627" endtime="20231030 19:03:37.627"/>
</kw>
<status status="FAIL" starttime="20231030 19:03:37.625" endtime="20231030 19:03:37.627"/>
</kw>
<kw name="Click and Fill with Sleep" library="common">
<arg>id=lastname</arg>
<arg>${lastName}</arg>
<doc>A keyword combination of Click and Fill, for too quick runs, added 1s sleep after input</doc>
<status status="NOT RUN" starttime="20231030 19:03:37.627" endtime="20231030 19:03:37.628"/>
</kw>
<kw name="Click and Fill with Sleep" library="common">
<arg>id=email</arg>
<arg>${id}@mailslurp.com</arg>
<doc>A keyword combination of Click and Fill, for too quick runs, added 1s sleep after input</doc>
<status status="NOT RUN" starttime="20231030 19:03:37.628" endtime="20231030 19:03:37.628"/>
</kw>
<kw name="Click">
<arg>xpath=//div[contains(@class, 'bp-personal-details-form')]</arg>
<status status="NOT RUN" starttime="20231030 19:03:37.628" endtime="20231030 19:03:37.628"/>
</kw>
<kw name="Is Element Visible" library="common">
<var>${emailErrorVisible}</var>
<arg>//p[contains(text(),'be wrong')]</arg>
<status status="NOT RUN" starttime="20231030 19:03:37.628" endtime="20231030 19:03:37.628"/>
</kw>
<if>
<branch type="IF" condition="'${emailErrorVisible}' == 'True'">
<kw name="Click">
<arg>id=email</arg>
<status status="NOT RUN" starttime="20231030 19:03:37.629" endtime="20231030 19:03:37.629"/>
</kw>
<kw name="Click">
<arg>xpath=//div[contains(@class, 'bp-personal-details-form')]</arg>
<status status="NOT RUN" starttime="20231030 19:03:37.630" endtime="20231030 19:03:37.630"/>
</kw>
<status status="NOT RUN" starttime="20231030 19:03:37.629" endtime="20231030 19:03:37.630"/>
</branch>
<status status="NOT RUN" starttime="20231030 19:03:37.629" endtime="20231030 19:03:37.630"/>
</if>
<kw name="Is Element Visible" library="common">
<var>${phoneNoVisible}</var>
<arg>//select[@data-phone-country]</arg>
<status status="NOT RUN" starttime="20231030 19:03:37.630" endtime="20231030 19:03:37.630"/>
</kw>
<if>
<branch type="IF" condition="'${phoneNoVisible}' == 'True'">
<kw name="Select Options By">
<arg>//select[@data-phone-country]</arg>
<arg>value</arg>
<arg>FI</arg>
<status status="NOT RUN" starttime="20231030 19:03:37.632" endtime="20231030 19:03:37.632"/>
</kw>
<kw name="Wait Until Visible" library="common">
<arg>//select[@data-phone-country]</arg>
<doc>An easier keyword for waiting until an element is visible</doc>
<status status="NOT RUN" starttime="20231030 19:03:37.632" endtime="20231030 19:03:37.632"/>
</kw>
<status status="NOT RUN" starttime="20231030 19:03:37.630" endtime="20231030 19:03:37.632"/>
</branch>
<status status="NOT RUN" starttime="20231030 19:03:37.630" endtime="20231030 19:03:37.632"/>
</if>
<kw name="Log To Console" library="BuiltIn">
<arg>${id}</arg>
<doc>Logs the given message to the console.</doc>
<status status="NOT RUN" starttime="20231030 19:03:37.632" endtime="20231030 19:03:37.632"/>
</kw>
<kw name="Set Suite Variable" library="BuiltIn">
<arg>$ID</arg>
<arg>${id}</arg>
<doc>Makes a variable available everywhere within the scope of the current suite.</doc>
<status status="NOT RUN" starttime="20231030 19:03:37.632" endtime="20231030 19:03:37.632"/>
</kw>
<kw name="Click and Fill with Sleep" library="common">
<arg>id=remarks</arg>
<arg>testRemark</arg>
<doc>A keyword combination of Click and Fill, for too quick runs, added 1s sleep after input</doc>
<status status="NOT RUN" starttime="20231030 19:03:37.632" endtime="20231030 19:03:37.632"/>
</kw>
<kw name="Click">
<arg>//span[contains(text(), 'Final details')]</arg>
<status status="NOT RUN" starttime="20231030 19:03:37.633" endtime="20231030 19:03:37.633"/>
</kw>
<kw name="Is Element Visible" library="common">
<var>${isVisible}</var>
<arg>//div[contains(@class, 'bui-modal--active')]</arg>
<status status="NOT RUN" starttime="20231030 19:03:37.633" endtime="20231030 19:03:37.633"/>
</kw>
<if>
<branch type="IF" condition="'${isVisible}' == 'True'">
<kw name="Click">
<arg>//button[contains(@class, 'bui-modal__close')]</arg>
<status status="NOT RUN" starttime="20231030 19:03:37.634" endtime="20231030 19:03:37.634"/>
</kw>
<status status="NOT RUN" starttime="20231030 19:03:37.633" endtime="20231030 19:03:37.634"/>
</branch>
<status status="NOT RUN" starttime="20231030 19:03:37.633" endtime="20231030 19:03:37.634"/>
</if>
<kw name="Is Element Visible" library="common">
<var>${phoneNoVisible}</var>
<arg>//select[@data-phone-country]</arg>
<status status="NOT RUN" starttime="20231030 19:03:37.634" endtime="20231030 19:03:37.634"/>
</kw>
<if>
<branch type="IF" condition="'${phoneNoVisible}' == 'True'">
<kw name="Select Options By">
<arg>//select[@data-phone-country]</arg>
<arg>value</arg>
<arg>FI</arg>
<status status="NOT RUN" starttime="20231030 19:03:37.635" endtime="20231030 19:03:37.635"/>
</kw>
<kw name="Wait Until Visible" library="common">
<arg>//select[@data-phone-country]</arg>
<doc>An easier keyword for waiting until an element is visible</doc>
<status status="NOT RUN" starttime="20231030 19:03:37.635" endtime="20231030 19:03:37.635"/>
</kw>
<status status="NOT RUN" starttime="20231030 19:03:37.634" endtime="20231030 19:03:37.635"/>
</branch>
<status status="NOT RUN" starttime="20231030 19:03:37.634" endtime="20231030 19:03:37.635"/>
</if>
<kw name="Select Options By">
<arg>id=cc1</arg>
<arg>value</arg>
<arg>us</arg>
<status status="NOT RUN" starttime="20231030 19:03:37.636" endtime="20231030 19:03:37.636"/>
</kw>
<kw name="Sleep" library="BuiltIn">
<arg>1s</arg>
<doc>Pauses the test executed for the given time.</doc>
<status status="NOT RUN" starttime="20231030 19:03:37.636" endtime="20231030 19:03:37.636"/>
</kw>
<kw name="Click and Fill with Sleep" library="common">
<arg>id=phone</arg>
<arg>${phone.no.zero}</arg>
<doc>A keyword combination of Click and Fill, for too quick runs, added 1s sleep after input</doc>
<status status="NOT RUN" starttime="20231030 19:03:37.636" endtime="20231030 19:03:37.636"/>
</kw>
<kw name="Click">
<arg>//div[contains(@class, 'bp-personal-details-form')]</arg>
<status status="NOT RUN" starttime="20231030 19:03:37.637" endtime="20231030 19:03:37.637"/>
</kw>
<kw name="Click">
<arg>//span[contains(text(), 'Final details')]</arg>
<status status="NOT RUN" starttime="20231030 19:03:37.638" endtime="20231030 19:03:37.638"/>
</kw>
<status status="FAIL" starttime="20231030 19:03:37.624" endtime="20231030 19:03:37.638"/>
</kw>
<kw name="Fill in Card Details" library="bdc">
<doc>Fill in Card Details in BDC</doc>
<status status="NOT RUN" starttime="20231030 19:03:37.638" endtime="20231030 19:03:37.638"/>
</kw>
<kw name="Click BDC Book Button" library="bdc">
<status status="NOT RUN" starttime="20231030 19:03:37.638" endtime="20231030 19:03:37.638"/>
</kw>
<tag>staging, omena, bdc, smoke</tag>
<status status="FAIL" starttime="20231030 19:03:37.624" endtime="20231030 19:03:37.638">No keyword with name 'Click' found.</status>
</test>
<test id="s1-s4-s1-t4" name="Verify Confirmation Email Arrives" line="27">
<kw name="Verify Emails and Set Booking No" library="bdc">
<doc>Waits for latest booking confirmation by subject, extracts links to CSV file and gets booking number</doc>
<msg timestamp="20231030 19:03:37.639" level="TRACE">Arguments: [  ]</msg>
<kw name="Get Inbox ID" library="common">
<var>${id}</var>
<msg timestamp="20231030 19:03:37.639" level="TRACE">Arguments: [  ]</msg>
<kw name="Log To Console" library="BuiltIn">
<arg>Mailslurp: ${inbox_id}</arg>
<doc>Logs the given message to the console.</doc>
<msg timestamp="20231030 19:03:37.639" level="TRACE">Arguments: [ 'Mailslurp: 35ac21dc-e785-4cad-8949-6f32023a286d' ]</msg>
<msg timestamp="20231030 19:03:37.639" level="TRACE">Return: None</msg>
<status status="PASS" starttime="20231030 19:03:37.639" endtime="20231030 19:03:37.639"/>
</kw>
<msg timestamp="20231030 19:03:37.639" level="TRACE">Return: '35ac21dc-e785-4cad-8949-6f32023a286d'</msg>
<msg timestamp="20231030 19:03:37.639" level="INFO">${id} = 35ac21dc-e785-4cad-8949-6f32023a286d</msg>
<status status="PASS" starttime="20231030 19:03:37.639" endtime="20231030 19:03:37.639"/>
</kw>
<kw name="Wait for Latest Booking Confirmation">
<var>${confirmationEmail}</var>
<arg>${id}</arg>
<arg>Booking confirmation</arg>
<msg timestamp="20231030 19:03:37.640" level="FAIL">No keyword with name 'Wait for Latest Booking Confirmation' found.</msg>
<status status="FAIL" starttime="20231030 19:03:37.640" endtime="20231030 19:03:37.640"/>
</kw>
<kw name="Extract All Links to CSV">
<var>${all_links}</var>
<arg>${confirmationEmail}</arg>
<status status="NOT RUN" starttime="20231030 19:03:37.641" endtime="20231030 19:03:37.641"/>
</kw>
<kw name="Get Confirmation Number from Email">
<var>${bookingNo}</var>
<arg>${confirmationEmail}</arg>
<status status="NOT RUN" starttime="20231030 19:03:37.642" endtime="20231030 19:03:37.642"/>
</kw>
<kw name="Log To Console" library="BuiltIn">
<arg>${bookingNo}</arg>
<doc>Logs the given message to the console.</doc>
<status status="NOT RUN" starttime="20231030 19:03:37.642" endtime="20231030 19:03:37.642"/>
</kw>
<kw name="Append To Environment Variable" library="OperatingSystem">
<arg>LAST_BOOKING_NO:${bookingNo}</arg>
<doc>Appends given ``values`` to environment variable ``name``.</doc>
<status status="NOT RUN" starttime="20231030 19:03:37.642" endtime="20231030 19:03:37.642"/>
</kw>
<status status="FAIL" starttime="20231030 19:03:37.639" endtime="20231030 19:03:37.642"/>
</kw>
<tag>staging, omena, bdc, smoke</tag>
<status status="FAIL" starttime="20231030 19:03:37.638" endtime="20231030 19:03:37.643">No keyword with name 'Wait for Latest Booking Confirmation' found.</status>
</test>
<kw name="Close Browser" type="TEARDOWN">
<arg>ALL</arg>
<msg timestamp="20231030 19:03:37.644" level="FAIL">No keyword with name 'Close Browser' found.</msg>
<status status="FAIL" starttime="20231030 19:03:37.644" endtime="20231030 19:03:37.644">No keyword with name 'Close Browser' found.</status>
</kw>
<doc>A test suite for verifying BDC booking functionality</doc>
<status status="FAIL" starttime="20231030 19:03:37.611" endtime="20231030 19:03:37.644">Suite teardown failed:
No keyword with name 'Close Browser' found.</status>
</suite>
<suite id="s1-s4-s2" name="Expedia" source="/Users/sara/code/nelson-test-automation/testsuites/OTA/expedia.robot">
<test id="s1-s4-s2-t1" name="Check Availability in Expedia" line="30">
<kw name="Pass Execution" library="BuiltIn">
<arg>TBD</arg>
<doc>Skips rest of the current test, setup, or teardown with PASS status.</doc>
<msg timestamp="20231030 19:03:37.657" level="TRACE">Arguments: [ 'TBD' ]</msg>
<msg timestamp="20231030 19:03:37.657" level="INFO">Execution passed with message:
TBD</msg>
<status status="PASS" starttime="20231030 19:03:37.657" endtime="20231030 19:03:37.657"/>
</kw>
<kw name="Open Browser to Expedia Omena Test Hotel">
<status status="NOT RUN" starttime="20231030 19:03:37.657" endtime="20231030 19:03:37.657"/>
</kw>
<kw name="Select Dates for Expedia Stay">
<status status="NOT RUN" starttime="20231030 19:03:37.657" endtime="20231030 19:03:37.657"/>
</kw>
<kw name="Click">
<arg>id=search_button</arg>
<status status="NOT RUN" starttime="20231030 19:03:37.659" endtime="20231030 19:03:37.659"/>
</kw>
<tag>smoke, booking, BUI2-556, online-checkin</tag>
<status status="PASS" starttime="20231030 19:03:37.657" endtime="20231030 19:03:37.659">TBD</status>
</test>
<test id="s1-s4-s2-t2" name="Select Hotel and Create Booking" line="36">
<kw name="Pass Execution" library="BuiltIn">
<arg>TBD</arg>
<doc>Skips rest of the current test, setup, or teardown with PASS status.</doc>
<msg timestamp="20231030 19:03:37.659" level="TRACE">Arguments: [ 'TBD' ]</msg>
<msg timestamp="20231030 19:03:37.659" level="INFO">Execution passed with message:
TBD</msg>
<status status="PASS" starttime="20231030 19:03:37.659" endtime="20231030 19:03:37.659"/>
</kw>
<kw name="Click">
<arg>//a[contains(@href, "Region-Test-Hotels-EQC")]</arg>
<status status="NOT RUN" starttime="20231030 19:03:37.661" endtime="20231030 19:03:37.661"/>
</kw>
<kw name="Click">
<arg>//span[contains(text(), 'Select Standard')]</arg>
<status status="NOT RUN" starttime="20231030 19:03:37.663" endtime="20231030 19:03:37.663"/>
</kw>
<tag>smoke, booking, BUI2-556, online-checkin</tag>
<status status="PASS" starttime="20231030 19:03:37.659" endtime="20231030 19:03:37.663">TBD</status>
</test>
<test id="s1-s4-s2-t3" name="Fill Booker Details" line="43">
<kw name="Pass Execution" library="BuiltIn">
<arg>TBD</arg>
<doc>Skips rest of the current test, setup, or teardown with PASS status.</doc>
<msg timestamp="20231030 19:03:37.663" level="TRACE">Arguments: [ 'TBD' ]</msg>
<msg timestamp="20231030 19:03:37.663" level="INFO">Execution passed with message:
TBD</msg>
<status status="PASS" starttime="20231030 19:03:37.663" endtime="20231030 19:03:37.663"/>
</kw>
<kw name="Is Element Visible" library="common">
<var>${noCC}</var>
<arg>//button/span[contains(@aria-hidden, "false") and text()="Pay when you stay"]</arg>
<status status="NOT RUN" starttime="20231030 19:03:37.663" endtime="20231030 19:03:37.663"/>
</kw>
<if>
<branch type="IF" condition="'${noCC}' == 'True'">
<kw name="Click">
<arg>//button/span[contains(@aria-hidden, "false") and text()="Pay when you stay"]</arg>
<status status="NOT RUN" starttime="20231030 19:03:37.665" endtime="20231030 19:03:37.665"/>
</kw>
<status status="NOT RUN" starttime="20231030 19:03:37.663" endtime="20231030 19:03:37.665"/>
</branch>
<branch type="ELSE">
<kw name="Click">
<arg>//button/span[contains(@aria-hidden, "false") and text()="Pay when you stay"]</arg>
<status status="NOT RUN" starttime="20231030 19:03:37.667" endtime="20231030 19:03:37.667"/>
</kw>
<kw name="Fill Text">
<arg>//input[contains(@class, "billing-cardholder-name")]</arg>
<arg>Expedia Ex</arg>
<status status="NOT RUN" starttime="20231030 19:03:37.668" endtime="20231030 19:03:37.668"/>
</kw>
<kw name="Fill Text">
<arg>id=creditCardInput</arg>
<arg>${cc.expedia}</arg>
<status status="NOT RUN" starttime="20231030 19:03:37.670" endtime="20231030 19:03:37.670"/>
</kw>
<kw name="Fill Text">
<arg>//input[contains(@class, "cc-expiration-text-field")]</arg>
<arg>${cc.expedia.exp}</arg>
<status status="NOT RUN" starttime="20231030 19:03:37.672" endtime="20231030 19:03:37.672"/>
</kw>
<kw name="Fill Text">
<arg>//input[contains(@class, "new_cc_security_code")]</arg>
<arg>123</arg>
<status status="NOT RUN" starttime="20231030 19:03:37.674" endtime="20231030 19:03:37.674"/>
</kw>
<status status="NOT RUN" starttime="20231030 19:03:37.665" endtime="20231030 19:03:37.674"/>
</branch>
<status status="NOT RUN" starttime="20231030 19:03:37.663" endtime="20231030 19:03:37.674"/>
</if>
<kw name="Fill Text">
<arg>//input[contains(@name, "firstName")]</arg>
<arg>Expedia</arg>
<status status="NOT RUN" starttime="20231030 19:03:37.676" endtime="20231030 19:03:37.676"/>
</kw>
<kw name="Fill Text">
<arg>//input[contains(@name, "lastName")]</arg>
<arg>Expedia</arg>
<status status="NOT RUN" starttime="20231030 19:03:37.677" endtime="20231030 19:03:37.677"/>
</kw>
<kw name="Fill Text">
<arg>//input[@name='email' and contains(@class, 'always-include')]</arg>
<arg>nelsonsqa+expedia@gmail.com</arg>
<status status="NOT RUN" starttime="20231030 19:03:37.679" endtime="20231030 19:03:37.679"/>
</kw>
<kw name="Fill Text">
<arg>//input[contains(@class, "phone-number")]</arg>
<arg>111</arg>
<status status="NOT RUN" starttime="20231030 19:03:37.681" endtime="20231030 19:03:37.681"/>
</kw>
<tag>smoke, booking, BUI2-556, online-checkin</tag>
<status status="PASS" starttime="20231030 19:03:37.663" endtime="20231030 19:03:37.681">TBD</status>
</test>
<doc>This is a test suite for booking a room and checking in online</doc>
<status status="PASS" starttime="20231030 19:03:37.644" endtime="20231030 19:03:37.681"/>
</suite>
<status status="FAIL" starttime="20231030 19:03:37.611" endtime="20231030 19:03:37.681"/>
</suite>
<doc>Argument file for running tests on Omena test4 environment (test4)</doc>
<status status="FAIL" starttime="20231030 19:03:37.119" endtime="20231030 19:03:37.682"/>
</suite>
<statistics>
<total>
<stat pass="3" fail="52" skip="0">All Tests</stat>
</total>
<tag>
<stat pass="0" fail="13" skip="0">kensington_stay</stat>
<stat pass="0" fail="16" skip="0">prod</stat>
<stat pass="0" fail="24" skip="0">smoke</stat>
<stat pass="3" fail="7" skip="0">smoke, booking, BUI2-556, online-checkin</stat>
<stat pass="0" fail="4" skip="0">staging, omena, bdc, smoke</stat>
</tag>
<suite>
<stat pass="3" fail="52" skip="0" id="s1" name="Testsuites">Testsuites</stat>
<stat pass="0" fail="13" skip="0" id="s1-s1" name="BUI">Testsuites.BUI</stat>
<stat pass="0" fail="13" skip="0" id="s1-s1-s1" name="Regression">Testsuites.BUI.Regression</stat>
<stat pass="0" fail="2" skip="0" id="s1-s1-s1-s1" name="Create Booking">Testsuites.BUI.Regression.Create Booking</stat>
<stat pass="0" fail="7" skip="0" id="s1-s1-s1-s2" name="Create Booking And Check In">Testsuites.BUI.Regression.Create Booking And Check In</stat>
<stat pass="0" fail="4" skip="0" id="s1-s1-s1-s3" name="Online Check In">Testsuites.BUI.Regression.Online Check In</stat>
<stat pass="0" fail="4" skip="0" id="s1-s1-s1-s3-s1" name="BUI2-557">Testsuites.BUI.Regression.Online Check In.BUI2-557</stat>
<stat pass="0" fail="13" skip="0" id="s1-s2" name="Customer Specific">Testsuites.Customer Specific</stat>
<stat pass="0" fail="13" skip="0" id="s1-s2-s1" name="Kensington Stay">Testsuites.Customer Specific.Kensington Stay</stat>
<stat pass="0" fail="3" skip="0" id="s1-s2-s1-s1" name="Confirm Bdc Booking">Testsuites.Customer Specific.Kensington Stay.Confirm Bdc Booking</stat>
<stat pass="0" fail="4" skip="0" id="s1-s2-s1-s2" name="Create Bdc Booking">Testsuites.Customer Specific.Kensington Stay.Create Bdc Booking</stat>
<stat pass="0" fail="5" skip="0" id="s1-s2-s1-s3" name="Create Bui Booking">Testsuites.Customer Specific.Kensington Stay.Create Bui Booking</stat>
<stat pass="0" fail="1" skip="0" id="s1-s2-s1-s4" name="Create Mui Booking">Testsuites.Customer Specific.Kensington Stay.Create Mui Booking</stat>
<stat pass="0" fail="22" skip="0" id="s1-s3" name="MUI">Testsuites.MUI</stat>
<stat pass="0" fail="22" skip="0" id="s1-s3-s1" name="Regression">Testsuites.MUI.Regression</stat>
<stat pass="0" fail="1" skip="0" id="s1-s3-s1-s1" name="Mui.Booking">Testsuites.MUI.Regression.Mui.Booking</stat>
<stat pass="0" fail="1" skip="0" id="s1-s3-s1-s2" name="Mui.Gbe">Testsuites.MUI.Regression.Mui.Gbe</stat>
<stat pass="0" fail="4" skip="0" id="s1-s3-s1-s3" name="Mui.Reservations">Testsuites.MUI.Regression.Mui.Reservations</stat>
<stat pass="0" fail="16" skip="0" id="s1-s3-s1-s4" name="Mui.Smoke">Testsuites.MUI.Regression.Mui.Smoke</stat>
<stat pass="3" fail="4" skip="0" id="s1-s4" name="OTA">Testsuites.OTA</stat>
<stat pass="0" fail="4" skip="0" id="s1-s4-s1" name="Bdc">Testsuites.OTA.Bdc</stat>
<stat pass="3" fail="0" skip="0" id="s1-s4-s2" name="Expedia">Testsuites.OTA.Expedia</stat>
</suite>
</statistics>
<errors>
<msg timestamp="20231030 19:03:37.129" level="ERROR">Error in file '/Users/sara/code/nelson-test-automation/resources/keywords/common.resource' on line 3: Importing library '/Users/sara/code/nelson-test-automation/resources/libraries/Helpers.py' failed: ModuleNotFoundError: No module named 'mailslurp_client'
Traceback (most recent call last):
  File "/Users/sara/code/nelson-test-automation/resources/libraries/Helpers.py", line 4, in &lt;module&gt;
    import mailslurp_client
PYTHONPATH:
  /Users/sara/code/nelson-test-automation/resources/libraries
  /opt/homebrew/bin
  /opt/homebrew/Cellar/python@3.11/3.11.5/Frameworks/Python.framework/Versions/3.11/lib/python311.zip
  /opt/homebrew/Cellar/python@3.11/3.11.5/Frameworks/Python.framework/Versions/3.11/lib/python3.11
  /opt/homebrew/Cellar/python@3.11/3.11.5/Frameworks/Python.framework/Versions/3.11/lib/python3.11/lib-dynload
  /opt/homebrew/lib/python3.11/site-packages</msg>
<msg timestamp="20231030 19:03:37.130" level="ERROR">Error in file '/Users/sara/code/nelson-test-automation/resources/keywords/common.resource' on line 4: Importing library '/Users/sara/code/nelson-test-automation/resources/libraries/MailSlurp.py' failed: ModuleNotFoundError: No module named 'mailslurp_client'
Traceback (most recent call last):
  File "/Users/sara/code/nelson-test-automation/resources/libraries/MailSlurp.py", line 1, in &lt;module&gt;
    import mailslurp_client
PYTHONPATH:
  /Users/sara/code/nelson-test-automation/resources/libraries
  /opt/homebrew/bin
  /opt/homebrew/Cellar/python@3.11/3.11.5/Frameworks/Python.framework/Versions/3.11/lib/python311.zip
  /opt/homebrew/Cellar/python@3.11/3.11.5/Frameworks/Python.framework/Versions/3.11/lib/python3.11
  /opt/homebrew/Cellar/python@3.11/3.11.5/Frameworks/Python.framework/Versions/3.11/lib/python3.11/lib-dynload
  /opt/homebrew/lib/python3.11/site-packages</msg>
<msg timestamp="20231030 19:03:37.132" level="ERROR">Error in file '/Users/sara/code/nelson-test-automation/resources/keywords/common.resource' on line 6: Importing library 'Browser' failed: ModuleNotFoundError: No module named 'Browser'
Traceback (most recent call last):
  None
PYTHONPATH:
  /opt/homebrew/bin
  /opt/homebrew/Cellar/python@3.11/3.11.5/Frameworks/Python.framework/Versions/3.11/lib/python311.zip
  /opt/homebrew/Cellar/python@3.11/3.11.5/Frameworks/Python.framework/Versions/3.11/lib/python3.11
  /opt/homebrew/Cellar/python@3.11/3.11.5/Frameworks/Python.framework/Versions/3.11/lib/python3.11/lib-dynload
  /opt/homebrew/lib/python3.11/site-packages</msg>
<msg timestamp="20231030 19:03:37.209" level="ERROR">Error in file '/Users/sara/code/nelson-test-automation/resources/keywords/booking.resource' on line 3: Importing library '/Users/sara/code/nelson-test-automation/resources/libraries/Helpers.py' failed: ModuleNotFoundError: No module named 'mailslurp_client'
Traceback (most recent call last):
  File "/Users/sara/code/nelson-test-automation/resources/libraries/Helpers.py", line 4, in &lt;module&gt;
    import mailslurp_client
PYTHONPATH:
  /Users/sara/code/nelson-test-automation/resources/libraries
  /opt/homebrew/bin
  /opt/homebrew/Cellar/python@3.11/3.11.5/Frameworks/Python.framework/Versions/3.11/lib/python311.zip
  /opt/homebrew/Cellar/python@3.11/3.11.5/Frameworks/Python.framework/Versions/3.11/lib/python3.11
  /opt/homebrew/Cellar/python@3.11/3.11.5/Frameworks/Python.framework/Versions/3.11/lib/python3.11/lib-dynload
  /opt/homebrew/lib/python3.11/site-packages</msg>
<msg timestamp="20231030 19:03:37.210" level="ERROR">Error in file '/Users/sara/code/nelson-test-automation/resources/keywords/booking.resource' on line 7: Importing library 'Browser' failed: ModuleNotFoundError: No module named 'Browser'
Traceback (most recent call last):
  None
PYTHONPATH:
  /opt/homebrew/bin
  /opt/homebrew/Cellar/python@3.11/3.11.5/Frameworks/Python.framework/Versions/3.11/lib/python311.zip
  /opt/homebrew/Cellar/python@3.11/3.11.5/Frameworks/Python.framework/Versions/3.11/lib/python3.11
  /opt/homebrew/Cellar/python@3.11/3.11.5/Frameworks/Python.framework/Versions/3.11/lib/python3.11/lib-dynload
  /opt/homebrew/lib/python3.11/site-packages</msg>
<msg timestamp="20231030 19:03:37.222" level="ERROR">Error in file '/Users/sara/code/nelson-test-automation/testsuites/BUI/regression/create_booking_and_check_in.robot' on line 5: Importing library 'Browser' failed: ModuleNotFoundError: No module named 'Browser'
Traceback (most recent call last):
  None
PYTHONPATH:
  /opt/homebrew/bin
  /opt/homebrew/Cellar/python@3.11/3.11.5/Frameworks/Python.framework/Versions/3.11/lib/python311.zip
  /opt/homebrew/Cellar/python@3.11/3.11.5/Frameworks/Python.framework/Versions/3.11/lib/python3.11
  /opt/homebrew/Cellar/python@3.11/3.11.5/Frameworks/Python.framework/Versions/3.11/lib/python3.11/lib-dynload
  /opt/homebrew/lib/python3.11/site-packages</msg>
<msg timestamp="20231030 19:03:37.223" level="ERROR">Error in file '/Users/sara/code/nelson-test-automation/resources/keywords/common.resource' on line 3: Importing library '/Users/sara/code/nelson-test-automation/resources/libraries/Helpers.py' failed: ModuleNotFoundError: No module named 'mailslurp_client'
Traceback (most recent call last):
  File "/Users/sara/code/nelson-test-automation/resources/libraries/Helpers.py", line 4, in &lt;module&gt;
    import mailslurp_client
PYTHONPATH:
  /Users/sara/code/nelson-test-automation/resources/libraries
  /opt/homebrew/bin
  /opt/homebrew/Cellar/python@3.11/3.11.5/Frameworks/Python.framework/Versions/3.11/lib/python311.zip
  /opt/homebrew/Cellar/python@3.11/3.11.5/Frameworks/Python.framework/Versions/3.11/lib/python3.11
  /opt/homebrew/Cellar/python@3.11/3.11.5/Frameworks/Python.framework/Versions/3.11/lib/python3.11/lib-dynload
  /opt/homebrew/lib/python3.11/site-packages</msg>
<msg timestamp="20231030 19:03:37.224" level="ERROR">Error in file '/Users/sara/code/nelson-test-automation/resources/keywords/common.resource' on line 4: Importing library '/Users/sara/code/nelson-test-automation/resources/libraries/MailSlurp.py' failed: ModuleNotFoundError: No module named 'mailslurp_client'
Traceback (most recent call last):
  File "/Users/sara/code/nelson-test-automation/resources/libraries/MailSlurp.py", line 1, in &lt;module&gt;
    import mailslurp_client
PYTHONPATH:
  /Users/sara/code/nelson-test-automation/resources/libraries
  /opt/homebrew/bin
  /opt/homebrew/Cellar/python@3.11/3.11.5/Frameworks/Python.framework/Versions/3.11/lib/python311.zip
  /opt/homebrew/Cellar/python@3.11/3.11.5/Frameworks/Python.framework/Versions/3.11/lib/python3.11
  /opt/homebrew/Cellar/python@3.11/3.11.5/Frameworks/Python.framework/Versions/3.11/lib/python3.11/lib-dynload
  /opt/homebrew/lib/python3.11/site-packages</msg>
<msg timestamp="20231030 19:03:37.225" level="ERROR">Error in file '/Users/sara/code/nelson-test-automation/resources/keywords/common.resource' on line 6: Importing library 'Browser' failed: ModuleNotFoundError: No module named 'Browser'
Traceback (most recent call last):
  None
PYTHONPATH:
  /opt/homebrew/bin
  /opt/homebrew/Cellar/python@3.11/3.11.5/Frameworks/Python.framework/Versions/3.11/lib/python311.zip
  /opt/homebrew/Cellar/python@3.11/3.11.5/Frameworks/Python.framework/Versions/3.11/lib/python3.11
  /opt/homebrew/Cellar/python@3.11/3.11.5/Frameworks/Python.framework/Versions/3.11/lib/python3.11/lib-dynload
  /opt/homebrew/lib/python3.11/site-packages</msg>
<msg timestamp="20231030 19:03:37.227" level="ERROR">Error in file '/Users/sara/code/nelson-test-automation/resources/keywords/booking.resource' on line 3: Importing library '/Users/sara/code/nelson-test-automation/resources/libraries/Helpers.py' failed: ModuleNotFoundError: No module named 'mailslurp_client'
Traceback (most recent call last):
  File "/Users/sara/code/nelson-test-automation/resources/libraries/Helpers.py", line 4, in &lt;module&gt;
    import mailslurp_client
PYTHONPATH:
  /Users/sara/code/nelson-test-automation/resources/libraries
  /opt/homebrew/bin
  /opt/homebrew/Cellar/python@3.11/3.11.5/Frameworks/Python.framework/Versions/3.11/lib/python311.zip
  /opt/homebrew/Cellar/python@3.11/3.11.5/Frameworks/Python.framework/Versions/3.11/lib/python3.11
  /opt/homebrew/Cellar/python@3.11/3.11.5/Frameworks/Python.framework/Versions/3.11/lib/python3.11/lib-dynload
  /opt/homebrew/lib/python3.11/site-packages</msg>
<msg timestamp="20231030 19:03:37.227" level="ERROR">Error in file '/Users/sara/code/nelson-test-automation/resources/keywords/booking.resource' on line 7: Importing library 'Browser' failed: ModuleNotFoundError: No module named 'Browser'
Traceback (most recent call last):
  None
PYTHONPATH:
  /opt/homebrew/bin
  /opt/homebrew/Cellar/python@3.11/3.11.5/Frameworks/Python.framework/Versions/3.11/lib/python311.zip
  /opt/homebrew/Cellar/python@3.11/3.11.5/Frameworks/Python.framework/Versions/3.11/lib/python3.11
  /opt/homebrew/Cellar/python@3.11/3.11.5/Frameworks/Python.framework/Versions/3.11/lib/python3.11/lib-dynload
  /opt/homebrew/lib/python3.11/site-packages</msg>
<msg timestamp="20231030 19:03:37.230" level="ERROR">Error in file '/Users/sara/code/nelson-test-automation/resources/keywords/mui.resource' on line 3: Importing library '/Users/sara/code/nelson-test-automation/resources/libraries/Helpers.py' failed: ModuleNotFoundError: No module named 'mailslurp_client'
Traceback (most recent call last):
  File "/Users/sara/code/nelson-test-automation/resources/libraries/Helpers.py", line 4, in &lt;module&gt;
    import mailslurp_client
PYTHONPATH:
  /Users/sara/code/nelson-test-automation/resources/libraries
  /opt/homebrew/bin
  /opt/homebrew/Cellar/python@3.11/3.11.5/Frameworks/Python.framework/Versions/3.11/lib/python311.zip
  /opt/homebrew/Cellar/python@3.11/3.11.5/Frameworks/Python.framework/Versions/3.11/lib/python3.11
  /opt/homebrew/Cellar/python@3.11/3.11.5/Frameworks/Python.framework/Versions/3.11/lib/python3.11/lib-dynload
  /opt/homebrew/lib/python3.11/site-packages</msg>
<msg timestamp="20231030 19:03:37.232" level="ERROR">Error in file '/Users/sara/code/nelson-test-automation/resources/keywords/mui.menu.resource' on line 3: Importing library '/Users/sara/code/nelson-test-automation/resources/libraries/Helpers.py' failed: ModuleNotFoundError: No module named 'mailslurp_client'
Traceback (most recent call last):
  File "/Users/sara/code/nelson-test-automation/resources/libraries/Helpers.py", line 4, in &lt;module&gt;
    import mailslurp_client
PYTHONPATH:
  /Users/sara/code/nelson-test-automation/resources/libraries
  /opt/homebrew/bin
  /opt/homebrew/Cellar/python@3.11/3.11.5/Frameworks/Python.framework/Versions/3.11/lib/python311.zip
  /opt/homebrew/Cellar/python@3.11/3.11.5/Frameworks/Python.framework/Versions/3.11/lib/python3.11
  /opt/homebrew/Cellar/python@3.11/3.11.5/Frameworks/Python.framework/Versions/3.11/lib/python3.11/lib-dynload
  /opt/homebrew/lib/python3.11/site-packages</msg>
<msg timestamp="20231030 19:03:37.235" level="ERROR">Error in file '/Users/sara/code/nelson-test-automation/resources/keywords/mui.reservations.resource' on line 3: Importing library '/Users/sara/code/nelson-test-automation/resources/libraries/Helpers.py' failed: ModuleNotFoundError: No module named 'mailslurp_client'
Traceback (most recent call last):
  File "/Users/sara/code/nelson-test-automation/resources/libraries/Helpers.py", line 4, in &lt;module&gt;
    import mailslurp_client
PYTHONPATH:
  /Users/sara/code/nelson-test-automation/resources/libraries
  /opt/homebrew/bin
  /opt/homebrew/Cellar/python@3.11/3.11.5/Frameworks/Python.framework/Versions/3.11/lib/python311.zip
  /opt/homebrew/Cellar/python@3.11/3.11.5/Frameworks/Python.framework/Versions/3.11/lib/python3.11
  /opt/homebrew/Cellar/python@3.11/3.11.5/Frameworks/Python.framework/Versions/3.11/lib/python3.11/lib-dynload
  /opt/homebrew/lib/python3.11/site-packages</msg>
<msg timestamp="20231030 19:03:37.237" level="ERROR">Error in file '/Users/sara/code/nelson-test-automation/resources/keywords/checkin.resource' on line 3: Importing library '/Users/sara/code/nelson-test-automation/resources/libraries/Helpers.py' failed: ModuleNotFoundError: No module named 'mailslurp_client'
Traceback (most recent call last):
  File "/Users/sara/code/nelson-test-automation/resources/libraries/Helpers.py", line 4, in &lt;module&gt;
    import mailslurp_client
PYTHONPATH:
  /Users/sara/code/nelson-test-automation/resources/libraries
  /opt/homebrew/bin
  /opt/homebrew/Cellar/python@3.11/3.11.5/Frameworks/Python.framework/Versions/3.11/lib/python311.zip
  /opt/homebrew/Cellar/python@3.11/3.11.5/Frameworks/Python.framework/Versions/3.11/lib/python3.11
  /opt/homebrew/Cellar/python@3.11/3.11.5/Frameworks/Python.framework/Versions/3.11/lib/python3.11/lib-dynload
  /opt/homebrew/lib/python3.11/site-packages</msg>
<msg timestamp="20231030 19:03:37.238" level="ERROR">Error in file '/Users/sara/code/nelson-test-automation/resources/keywords/checkin.resource' on line 7: Importing library 'Browser' failed: ModuleNotFoundError: No module named 'Browser'
Traceback (most recent call last):
  None
PYTHONPATH:
  /opt/homebrew/bin
  /opt/homebrew/Cellar/python@3.11/3.11.5/Frameworks/Python.framework/Versions/3.11/lib/python311.zip
  /opt/homebrew/Cellar/python@3.11/3.11.5/Frameworks/Python.framework/Versions/3.11/lib/python3.11
  /opt/homebrew/Cellar/python@3.11/3.11.5/Frameworks/Python.framework/Versions/3.11/lib/python3.11/lib-dynload
  /opt/homebrew/lib/python3.11/site-packages</msg>
<msg timestamp="20231030 19:03:37.253" level="ERROR">Error in file '/Users/sara/code/nelson-test-automation/testsuites/BUI/regression/online_check_in/BUI2-557.robot' on line 4: Importing library 'Browser' failed: ModuleNotFoundError: No module named 'Browser'
Traceback (most recent call last):
  None
PYTHONPATH:
  /opt/homebrew/bin
  /opt/homebrew/Cellar/python@3.11/3.11.5/Frameworks/Python.framework/Versions/3.11/lib/python311.zip
  /opt/homebrew/Cellar/python@3.11/3.11.5/Frameworks/Python.framework/Versions/3.11/lib/python3.11
  /opt/homebrew/Cellar/python@3.11/3.11.5/Frameworks/Python.framework/Versions/3.11/lib/python3.11/lib-dynload
  /opt/homebrew/lib/python3.11/site-packages</msg>
<msg timestamp="20231030 19:03:37.254" level="ERROR">Error in file '/Users/sara/code/nelson-test-automation/resources/keywords/common.resource' on line 3: Importing library '/Users/sara/code/nelson-test-automation/resources/libraries/Helpers.py' failed: ModuleNotFoundError: No module named 'mailslurp_client'
Traceback (most recent call last):
  File "/Users/sara/code/nelson-test-automation/resources/libraries/Helpers.py", line 4, in &lt;module&gt;
    import mailslurp_client
PYTHONPATH:
  /Users/sara/code/nelson-test-automation/resources/libraries
  /opt/homebrew/bin
  /opt/homebrew/Cellar/python@3.11/3.11.5/Frameworks/Python.framework/Versions/3.11/lib/python311.zip
  /opt/homebrew/Cellar/python@3.11/3.11.5/Frameworks/Python.framework/Versions/3.11/lib/python3.11
  /opt/homebrew/Cellar/python@3.11/3.11.5/Frameworks/Python.framework/Versions/3.11/lib/python3.11/lib-dynload
  /opt/homebrew/lib/python3.11/site-packages</msg>
<msg timestamp="20231030 19:03:37.255" level="ERROR">Error in file '/Users/sara/code/nelson-test-automation/resources/keywords/common.resource' on line 4: Importing library '/Users/sara/code/nelson-test-automation/resources/libraries/MailSlurp.py' failed: ModuleNotFoundError: No module named 'mailslurp_client'
Traceback (most recent call last):
  File "/Users/sara/code/nelson-test-automation/resources/libraries/MailSlurp.py", line 1, in &lt;module&gt;
    import mailslurp_client
PYTHONPATH:
  /Users/sara/code/nelson-test-automation/resources/libraries
  /opt/homebrew/bin
  /opt/homebrew/Cellar/python@3.11/3.11.5/Frameworks/Python.framework/Versions/3.11/lib/python311.zip
  /opt/homebrew/Cellar/python@3.11/3.11.5/Frameworks/Python.framework/Versions/3.11/lib/python3.11
  /opt/homebrew/Cellar/python@3.11/3.11.5/Frameworks/Python.framework/Versions/3.11/lib/python3.11/lib-dynload
  /opt/homebrew/lib/python3.11/site-packages</msg>
<msg timestamp="20231030 19:03:37.256" level="ERROR">Error in file '/Users/sara/code/nelson-test-automation/resources/keywords/common.resource' on line 6: Importing library 'Browser' failed: ModuleNotFoundError: No module named 'Browser'
Traceback (most recent call last):
  None
PYTHONPATH:
  /opt/homebrew/bin
  /opt/homebrew/Cellar/python@3.11/3.11.5/Frameworks/Python.framework/Versions/3.11/lib/python311.zip
  /opt/homebrew/Cellar/python@3.11/3.11.5/Frameworks/Python.framework/Versions/3.11/lib/python3.11
  /opt/homebrew/Cellar/python@3.11/3.11.5/Frameworks/Python.framework/Versions/3.11/lib/python3.11/lib-dynload
  /opt/homebrew/lib/python3.11/site-packages</msg>
<msg timestamp="20231030 19:03:37.258" level="ERROR">Error in file '/Users/sara/code/nelson-test-automation/resources/keywords/booking.resource' on line 3: Importing library '/Users/sara/code/nelson-test-automation/resources/libraries/Helpers.py' failed: ModuleNotFoundError: No module named 'mailslurp_client'
Traceback (most recent call last):
  File "/Users/sara/code/nelson-test-automation/resources/libraries/Helpers.py", line 4, in &lt;module&gt;
    import mailslurp_client
PYTHONPATH:
  /Users/sara/code/nelson-test-automation/resources/libraries
  /opt/homebrew/bin
  /opt/homebrew/Cellar/python@3.11/3.11.5/Frameworks/Python.framework/Versions/3.11/lib/python311.zip
  /opt/homebrew/Cellar/python@3.11/3.11.5/Frameworks/Python.framework/Versions/3.11/lib/python3.11
  /opt/homebrew/Cellar/python@3.11/3.11.5/Frameworks/Python.framework/Versions/3.11/lib/python3.11/lib-dynload
  /opt/homebrew/lib/python3.11/site-packages</msg>
<msg timestamp="20231030 19:03:37.258" level="ERROR">Error in file '/Users/sara/code/nelson-test-automation/resources/keywords/booking.resource' on line 7: Importing library 'Browser' failed: ModuleNotFoundError: No module named 'Browser'
Traceback (most recent call last):
  None
PYTHONPATH:
  /opt/homebrew/bin
  /opt/homebrew/Cellar/python@3.11/3.11.5/Frameworks/Python.framework/Versions/3.11/lib/python311.zip
  /opt/homebrew/Cellar/python@3.11/3.11.5/Frameworks/Python.framework/Versions/3.11/lib/python3.11
  /opt/homebrew/Cellar/python@3.11/3.11.5/Frameworks/Python.framework/Versions/3.11/lib/python3.11/lib-dynload
  /opt/homebrew/lib/python3.11/site-packages</msg>
<msg timestamp="20231030 19:03:37.259" level="ERROR">Error in file '/Users/sara/code/nelson-test-automation/resources/keywords/mui.resource' on line 3: Importing library '/Users/sara/code/nelson-test-automation/resources/libraries/Helpers.py' failed: ModuleNotFoundError: No module named 'mailslurp_client'
Traceback (most recent call last):
  File "/Users/sara/code/nelson-test-automation/resources/libraries/Helpers.py", line 4, in &lt;module&gt;
    import mailslurp_client
PYTHONPATH:
  /Users/sara/code/nelson-test-automation/resources/libraries
  /opt/homebrew/bin
  /opt/homebrew/Cellar/python@3.11/3.11.5/Frameworks/Python.framework/Versions/3.11/lib/python311.zip
  /opt/homebrew/Cellar/python@3.11/3.11.5/Frameworks/Python.framework/Versions/3.11/lib/python3.11
  /opt/homebrew/Cellar/python@3.11/3.11.5/Frameworks/Python.framework/Versions/3.11/lib/python3.11/lib-dynload
  /opt/homebrew/lib/python3.11/site-packages</msg>
<msg timestamp="20231030 19:03:37.260" level="ERROR">Error in file '/Users/sara/code/nelson-test-automation/resources/keywords/mui.menu.resource' on line 3: Importing library '/Users/sara/code/nelson-test-automation/resources/libraries/Helpers.py' failed: ModuleNotFoundError: No module named 'mailslurp_client'
Traceback (most recent call last):
  File "/Users/sara/code/nelson-test-automation/resources/libraries/Helpers.py", line 4, in &lt;module&gt;
    import mailslurp_client
PYTHONPATH:
  /Users/sara/code/nelson-test-automation/resources/libraries
  /opt/homebrew/bin
  /opt/homebrew/Cellar/python@3.11/3.11.5/Frameworks/Python.framework/Versions/3.11/lib/python311.zip
  /opt/homebrew/Cellar/python@3.11/3.11.5/Frameworks/Python.framework/Versions/3.11/lib/python3.11
  /opt/homebrew/Cellar/python@3.11/3.11.5/Frameworks/Python.framework/Versions/3.11/lib/python3.11/lib-dynload
  /opt/homebrew/lib/python3.11/site-packages</msg>
<msg timestamp="20231030 19:03:37.261" level="ERROR">Error in file '/Users/sara/code/nelson-test-automation/resources/keywords/mui.reservations.resource' on line 3: Importing library '/Users/sara/code/nelson-test-automation/resources/libraries/Helpers.py' failed: ModuleNotFoundError: No module named 'mailslurp_client'
Traceback (most recent call last):
  File "/Users/sara/code/nelson-test-automation/resources/libraries/Helpers.py", line 4, in &lt;module&gt;
    import mailslurp_client
PYTHONPATH:
  /Users/sara/code/nelson-test-automation/resources/libraries
  /opt/homebrew/bin
  /opt/homebrew/Cellar/python@3.11/3.11.5/Frameworks/Python.framework/Versions/3.11/lib/python311.zip
  /opt/homebrew/Cellar/python@3.11/3.11.5/Frameworks/Python.framework/Versions/3.11/lib/python3.11
  /opt/homebrew/Cellar/python@3.11/3.11.5/Frameworks/Python.framework/Versions/3.11/lib/python3.11/lib-dynload
  /opt/homebrew/lib/python3.11/site-packages</msg>
<msg timestamp="20231030 19:03:37.308" level="ERROR">Error in file '/Users/sara/code/nelson-test-automation/resources/keywords/common.resource' on line 3: Importing library '/Users/sara/code/nelson-test-automation/resources/libraries/Helpers.py' failed: ModuleNotFoundError: No module named 'mailslurp_client'
Traceback (most recent call last):
  File "/Users/sara/code/nelson-test-automation/resources/libraries/Helpers.py", line 4, in &lt;module&gt;
    import mailslurp_client
PYTHONPATH:
  /Users/sara/code/nelson-test-automation/resources/libraries
  /opt/homebrew/bin
  /opt/homebrew/Cellar/python@3.11/3.11.5/Frameworks/Python.framework/Versions/3.11/lib/python311.zip
  /opt/homebrew/Cellar/python@3.11/3.11.5/Frameworks/Python.framework/Versions/3.11/lib/python3.11
  /opt/homebrew/Cellar/python@3.11/3.11.5/Frameworks/Python.framework/Versions/3.11/lib/python3.11/lib-dynload
  /opt/homebrew/lib/python3.11/site-packages</msg>
<msg timestamp="20231030 19:03:37.309" level="ERROR">Error in file '/Users/sara/code/nelson-test-automation/resources/keywords/common.resource' on line 4: Importing library '/Users/sara/code/nelson-test-automation/resources/libraries/MailSlurp.py' failed: ModuleNotFoundError: No module named 'mailslurp_client'
Traceback (most recent call last):
  File "/Users/sara/code/nelson-test-automation/resources/libraries/MailSlurp.py", line 1, in &lt;module&gt;
    import mailslurp_client
PYTHONPATH:
  /Users/sara/code/nelson-test-automation/resources/libraries
  /opt/homebrew/bin
  /opt/homebrew/Cellar/python@3.11/3.11.5/Frameworks/Python.framework/Versions/3.11/lib/python311.zip
  /opt/homebrew/Cellar/python@3.11/3.11.5/Frameworks/Python.framework/Versions/3.11/lib/python3.11
  /opt/homebrew/Cellar/python@3.11/3.11.5/Frameworks/Python.framework/Versions/3.11/lib/python3.11/lib-dynload
  /opt/homebrew/lib/python3.11/site-packages</msg>
<msg timestamp="20231030 19:03:37.310" level="ERROR">Error in file '/Users/sara/code/nelson-test-automation/resources/keywords/common.resource' on line 6: Importing library 'Browser' failed: ModuleNotFoundError: No module named 'Browser'
Traceback (most recent call last):
  None
PYTHONPATH:
  /opt/homebrew/bin
  /opt/homebrew/Cellar/python@3.11/3.11.5/Frameworks/Python.framework/Versions/3.11/lib/python311.zip
  /opt/homebrew/Cellar/python@3.11/3.11.5/Frameworks/Python.framework/Versions/3.11/lib/python3.11
  /opt/homebrew/Cellar/python@3.11/3.11.5/Frameworks/Python.framework/Versions/3.11/lib/python3.11/lib-dynload
  /opt/homebrew/lib/python3.11/site-packages</msg>
<msg timestamp="20231030 19:03:37.311" level="ERROR">Error in file '/Users/sara/code/nelson-test-automation/resources/keywords/EC.resource' on line 3: Importing library '/Users/sara/code/nelson-test-automation/resources/libraries/Helpers.py' failed: ModuleNotFoundError: No module named 'mailslurp_client'
Traceback (most recent call last):
  File "/Users/sara/code/nelson-test-automation/resources/libraries/Helpers.py", line 4, in &lt;module&gt;
    import mailslurp_client
PYTHONPATH:
  /Users/sara/code/nelson-test-automation/resources/libraries
  /opt/homebrew/bin
  /opt/homebrew/Cellar/python@3.11/3.11.5/Frameworks/Python.framework/Versions/3.11/lib/python311.zip
  /opt/homebrew/Cellar/python@3.11/3.11.5/Frameworks/Python.framework/Versions/3.11/lib/python3.11
  /opt/homebrew/Cellar/python@3.11/3.11.5/Frameworks/Python.framework/Versions/3.11/lib/python3.11/lib-dynload
  /opt/homebrew/lib/python3.11/site-packages</msg>
<msg timestamp="20231030 19:03:37.313" level="ERROR">Error in file '/Users/sara/code/nelson-test-automation/resources/keywords/booking.resource' on line 3: Importing library '/Users/sara/code/nelson-test-automation/resources/libraries/Helpers.py' failed: ModuleNotFoundError: No module named 'mailslurp_client'
Traceback (most recent call last):
  File "/Users/sara/code/nelson-test-automation/resources/libraries/Helpers.py", line 4, in &lt;module&gt;
    import mailslurp_client
PYTHONPATH:
  /Users/sara/code/nelson-test-automation/resources/libraries
  /opt/homebrew/bin
  /opt/homebrew/Cellar/python@3.11/3.11.5/Frameworks/Python.framework/Versions/3.11/lib/python311.zip
  /opt/homebrew/Cellar/python@3.11/3.11.5/Frameworks/Python.framework/Versions/3.11/lib/python3.11
  /opt/homebrew/Cellar/python@3.11/3.11.5/Frameworks/Python.framework/Versions/3.11/lib/python3.11/lib-dynload
  /opt/homebrew/lib/python3.11/site-packages</msg>
<msg timestamp="20231030 19:03:37.314" level="ERROR">Error in file '/Users/sara/code/nelson-test-automation/resources/keywords/booking.resource' on line 7: Importing library 'Browser' failed: ModuleNotFoundError: No module named 'Browser'
Traceback (most recent call last):
  None
PYTHONPATH:
  /opt/homebrew/bin
  /opt/homebrew/Cellar/python@3.11/3.11.5/Frameworks/Python.framework/Versions/3.11/lib/python311.zip
  /opt/homebrew/Cellar/python@3.11/3.11.5/Frameworks/Python.framework/Versions/3.11/lib/python3.11
  /opt/homebrew/Cellar/python@3.11/3.11.5/Frameworks/Python.framework/Versions/3.11/lib/python3.11/lib-dynload
  /opt/homebrew/lib/python3.11/site-packages</msg>
<msg timestamp="20231030 19:03:37.315" level="ERROR">Error in file '/Users/sara/code/nelson-test-automation/resources/keywords/mui.resource' on line 3: Importing library '/Users/sara/code/nelson-test-automation/resources/libraries/Helpers.py' failed: ModuleNotFoundError: No module named 'mailslurp_client'
Traceback (most recent call last):
  File "/Users/sara/code/nelson-test-automation/resources/libraries/Helpers.py", line 4, in &lt;module&gt;
    import mailslurp_client
PYTHONPATH:
  /Users/sara/code/nelson-test-automation/resources/libraries
  /opt/homebrew/bin
  /opt/homebrew/Cellar/python@3.11/3.11.5/Frameworks/Python.framework/Versions/3.11/lib/python311.zip
  /opt/homebrew/Cellar/python@3.11/3.11.5/Frameworks/Python.framework/Versions/3.11/lib/python3.11
  /opt/homebrew/Cellar/python@3.11/3.11.5/Frameworks/Python.framework/Versions/3.11/lib/python3.11/lib-dynload
  /opt/homebrew/lib/python3.11/site-packages</msg>
<msg timestamp="20231030 19:03:37.316" level="ERROR">Error in file '/Users/sara/code/nelson-test-automation/resources/keywords/mui.menu.resource' on line 3: Importing library '/Users/sara/code/nelson-test-automation/resources/libraries/Helpers.py' failed: ModuleNotFoundError: No module named 'mailslurp_client'
Traceback (most recent call last):
  File "/Users/sara/code/nelson-test-automation/resources/libraries/Helpers.py", line 4, in &lt;module&gt;
    import mailslurp_client
PYTHONPATH:
  /Users/sara/code/nelson-test-automation/resources/libraries
  /opt/homebrew/bin
  /opt/homebrew/Cellar/python@3.11/3.11.5/Frameworks/Python.framework/Versions/3.11/lib/python311.zip
  /opt/homebrew/Cellar/python@3.11/3.11.5/Frameworks/Python.framework/Versions/3.11/lib/python3.11
  /opt/homebrew/Cellar/python@3.11/3.11.5/Frameworks/Python.framework/Versions/3.11/lib/python3.11/lib-dynload
  /opt/homebrew/lib/python3.11/site-packages</msg>
<msg timestamp="20231030 19:03:37.317" level="ERROR">Error in file '/Users/sara/code/nelson-test-automation/resources/keywords/mui.reservations.resource' on line 3: Importing library '/Users/sara/code/nelson-test-automation/resources/libraries/Helpers.py' failed: ModuleNotFoundError: No module named 'mailslurp_client'
Traceback (most recent call last):
  File "/Users/sara/code/nelson-test-automation/resources/libraries/Helpers.py", line 4, in &lt;module&gt;
    import mailslurp_client
PYTHONPATH:
  /Users/sara/code/nelson-test-automation/resources/libraries
  /opt/homebrew/bin
  /opt/homebrew/Cellar/python@3.11/3.11.5/Frameworks/Python.framework/Versions/3.11/lib/python311.zip
  /opt/homebrew/Cellar/python@3.11/3.11.5/Frameworks/Python.framework/Versions/3.11/lib/python3.11
  /opt/homebrew/Cellar/python@3.11/3.11.5/Frameworks/Python.framework/Versions/3.11/lib/python3.11/lib-dynload
  /opt/homebrew/lib/python3.11/site-packages</msg>
<msg timestamp="20231030 19:03:37.318" level="ERROR">Error in file '/Users/sara/code/nelson-test-automation/testsuites/customer_specific/kensington_stay/confirm_bdc_booking.robot' on line 7: Importing library 'Browser' failed: ModuleNotFoundError: No module named 'Browser'
Traceback (most recent call last):
  None
PYTHONPATH:
  /opt/homebrew/bin
  /opt/homebrew/Cellar/python@3.11/3.11.5/Frameworks/Python.framework/Versions/3.11/lib/python311.zip
  /opt/homebrew/Cellar/python@3.11/3.11.5/Frameworks/Python.framework/Versions/3.11/lib/python3.11
  /opt/homebrew/Cellar/python@3.11/3.11.5/Frameworks/Python.framework/Versions/3.11/lib/python3.11/lib-dynload
  /opt/homebrew/lib/python3.11/site-packages</msg>
<msg timestamp="20231030 19:03:37.338" level="ERROR">Error in file '/Users/sara/code/nelson-test-automation/resources/keywords/common.resource' on line 3: Importing library '/Users/sara/code/nelson-test-automation/resources/libraries/Helpers.py' failed: ModuleNotFoundError: No module named 'mailslurp_client'
Traceback (most recent call last):
  File "/Users/sara/code/nelson-test-automation/resources/libraries/Helpers.py", line 4, in &lt;module&gt;
    import mailslurp_client
PYTHONPATH:
  /Users/sara/code/nelson-test-automation/resources/libraries
  /opt/homebrew/bin
  /opt/homebrew/Cellar/python@3.11/3.11.5/Frameworks/Python.framework/Versions/3.11/lib/python311.zip
  /opt/homebrew/Cellar/python@3.11/3.11.5/Frameworks/Python.framework/Versions/3.11/lib/python3.11
  /opt/homebrew/Cellar/python@3.11/3.11.5/Frameworks/Python.framework/Versions/3.11/lib/python3.11/lib-dynload
  /opt/homebrew/lib/python3.11/site-packages</msg>
<msg timestamp="20231030 19:03:37.339" level="ERROR">Error in file '/Users/sara/code/nelson-test-automation/resources/keywords/common.resource' on line 4: Importing library '/Users/sara/code/nelson-test-automation/resources/libraries/MailSlurp.py' failed: ModuleNotFoundError: No module named 'mailslurp_client'
Traceback (most recent call last):
  File "/Users/sara/code/nelson-test-automation/resources/libraries/MailSlurp.py", line 1, in &lt;module&gt;
    import mailslurp_client
PYTHONPATH:
  /Users/sara/code/nelson-test-automation/resources/libraries
  /opt/homebrew/bin
  /opt/homebrew/Cellar/python@3.11/3.11.5/Frameworks/Python.framework/Versions/3.11/lib/python311.zip
  /opt/homebrew/Cellar/python@3.11/3.11.5/Frameworks/Python.framework/Versions/3.11/lib/python3.11
  /opt/homebrew/Cellar/python@3.11/3.11.5/Frameworks/Python.framework/Versions/3.11/lib/python3.11/lib-dynload
  /opt/homebrew/lib/python3.11/site-packages</msg>
<msg timestamp="20231030 19:03:37.340" level="ERROR">Error in file '/Users/sara/code/nelson-test-automation/resources/keywords/common.resource' on line 6: Importing library 'Browser' failed: ModuleNotFoundError: No module named 'Browser'
Traceback (most recent call last):
  None
PYTHONPATH:
  /opt/homebrew/bin
  /opt/homebrew/Cellar/python@3.11/3.11.5/Frameworks/Python.framework/Versions/3.11/lib/python311.zip
  /opt/homebrew/Cellar/python@3.11/3.11.5/Frameworks/Python.framework/Versions/3.11/lib/python3.11
  /opt/homebrew/Cellar/python@3.11/3.11.5/Frameworks/Python.framework/Versions/3.11/lib/python3.11/lib-dynload
  /opt/homebrew/lib/python3.11/site-packages</msg>
<msg timestamp="20231030 19:03:37.342" level="ERROR">Error in file '/Users/sara/code/nelson-test-automation/resources/keywords/EC.resource' on line 3: Importing library '/Users/sara/code/nelson-test-automation/resources/libraries/Helpers.py' failed: ModuleNotFoundError: No module named 'mailslurp_client'
Traceback (most recent call last):
  File "/Users/sara/code/nelson-test-automation/resources/libraries/Helpers.py", line 4, in &lt;module&gt;
    import mailslurp_client
PYTHONPATH:
  /Users/sara/code/nelson-test-automation/resources/libraries
  /opt/homebrew/bin
  /opt/homebrew/Cellar/python@3.11/3.11.5/Frameworks/Python.framework/Versions/3.11/lib/python311.zip
  /opt/homebrew/Cellar/python@3.11/3.11.5/Frameworks/Python.framework/Versions/3.11/lib/python3.11
  /opt/homebrew/Cellar/python@3.11/3.11.5/Frameworks/Python.framework/Versions/3.11/lib/python3.11/lib-dynload
  /opt/homebrew/lib/python3.11/site-packages</msg>
<msg timestamp="20231030 19:03:37.344" level="ERROR">Error in file '/Users/sara/code/nelson-test-automation/resources/keywords/booking.resource' on line 3: Importing library '/Users/sara/code/nelson-test-automation/resources/libraries/Helpers.py' failed: ModuleNotFoundError: No module named 'mailslurp_client'
Traceback (most recent call last):
  File "/Users/sara/code/nelson-test-automation/resources/libraries/Helpers.py", line 4, in &lt;module&gt;
    import mailslurp_client
PYTHONPATH:
  /Users/sara/code/nelson-test-automation/resources/libraries
  /opt/homebrew/bin
  /opt/homebrew/Cellar/python@3.11/3.11.5/Frameworks/Python.framework/Versions/3.11/lib/python311.zip
  /opt/homebrew/Cellar/python@3.11/3.11.5/Frameworks/Python.framework/Versions/3.11/lib/python3.11
  /opt/homebrew/Cellar/python@3.11/3.11.5/Frameworks/Python.framework/Versions/3.11/lib/python3.11/lib-dynload
  /opt/homebrew/lib/python3.11/site-packages</msg>
<msg timestamp="20231030 19:03:37.345" level="ERROR">Error in file '/Users/sara/code/nelson-test-automation/resources/keywords/booking.resource' on line 7: Importing library 'Browser' failed: ModuleNotFoundError: No module named 'Browser'
Traceback (most recent call last):
  None
PYTHONPATH:
  /opt/homebrew/bin
  /opt/homebrew/Cellar/python@3.11/3.11.5/Frameworks/Python.framework/Versions/3.11/lib/python311.zip
  /opt/homebrew/Cellar/python@3.11/3.11.5/Frameworks/Python.framework/Versions/3.11/lib/python3.11
  /opt/homebrew/Cellar/python@3.11/3.11.5/Frameworks/Python.framework/Versions/3.11/lib/python3.11/lib-dynload
  /opt/homebrew/lib/python3.11/site-packages</msg>
<msg timestamp="20231030 19:03:37.345" level="ERROR">Error in file '/Users/sara/code/nelson-test-automation/resources/keywords/mui.resource' on line 3: Importing library '/Users/sara/code/nelson-test-automation/resources/libraries/Helpers.py' failed: ModuleNotFoundError: No module named 'mailslurp_client'
Traceback (most recent call last):
  File "/Users/sara/code/nelson-test-automation/resources/libraries/Helpers.py", line 4, in &lt;module&gt;
    import mailslurp_client
PYTHONPATH:
  /Users/sara/code/nelson-test-automation/resources/libraries
  /opt/homebrew/bin
  /opt/homebrew/Cellar/python@3.11/3.11.5/Frameworks/Python.framework/Versions/3.11/lib/python311.zip
  /opt/homebrew/Cellar/python@3.11/3.11.5/Frameworks/Python.framework/Versions/3.11/lib/python3.11
  /opt/homebrew/Cellar/python@3.11/3.11.5/Frameworks/Python.framework/Versions/3.11/lib/python3.11/lib-dynload
  /opt/homebrew/lib/python3.11/site-packages</msg>
<msg timestamp="20231030 19:03:37.346" level="ERROR">Error in file '/Users/sara/code/nelson-test-automation/resources/keywords/mui.menu.resource' on line 3: Importing library '/Users/sara/code/nelson-test-automation/resources/libraries/Helpers.py' failed: ModuleNotFoundError: No module named 'mailslurp_client'
Traceback (most recent call last):
  File "/Users/sara/code/nelson-test-automation/resources/libraries/Helpers.py", line 4, in &lt;module&gt;
    import mailslurp_client
PYTHONPATH:
  /Users/sara/code/nelson-test-automation/resources/libraries
  /opt/homebrew/bin
  /opt/homebrew/Cellar/python@3.11/3.11.5/Frameworks/Python.framework/Versions/3.11/lib/python311.zip
  /opt/homebrew/Cellar/python@3.11/3.11.5/Frameworks/Python.framework/Versions/3.11/lib/python3.11
  /opt/homebrew/Cellar/python@3.11/3.11.5/Frameworks/Python.framework/Versions/3.11/lib/python3.11/lib-dynload
  /opt/homebrew/lib/python3.11/site-packages</msg>
<msg timestamp="20231030 19:03:37.347" level="ERROR">Error in file '/Users/sara/code/nelson-test-automation/resources/keywords/mui.reservations.resource' on line 3: Importing library '/Users/sara/code/nelson-test-automation/resources/libraries/Helpers.py' failed: ModuleNotFoundError: No module named 'mailslurp_client'
Traceback (most recent call last):
  File "/Users/sara/code/nelson-test-automation/resources/libraries/Helpers.py", line 4, in &lt;module&gt;
    import mailslurp_client
PYTHONPATH:
  /Users/sara/code/nelson-test-automation/resources/libraries
  /opt/homebrew/bin
  /opt/homebrew/Cellar/python@3.11/3.11.5/Frameworks/Python.framework/Versions/3.11/lib/python311.zip
  /opt/homebrew/Cellar/python@3.11/3.11.5/Frameworks/Python.framework/Versions/3.11/lib/python3.11
  /opt/homebrew/Cellar/python@3.11/3.11.5/Frameworks/Python.framework/Versions/3.11/lib/python3.11/lib-dynload
  /opt/homebrew/lib/python3.11/site-packages</msg>
<msg timestamp="20231030 19:03:37.350" level="ERROR">Error in file '/Users/sara/code/nelson-test-automation/resources/keywords/bdc.resource' on line 3: Importing library '/Users/sara/code/nelson-test-automation/resources/libraries/Helpers.py' failed: ModuleNotFoundError: No module named 'mailslurp_client'
Traceback (most recent call last):
  File "/Users/sara/code/nelson-test-automation/resources/libraries/Helpers.py", line 4, in &lt;module&gt;
    import mailslurp_client
PYTHONPATH:
  /Users/sara/code/nelson-test-automation/resources/libraries
  /opt/homebrew/bin
  /opt/homebrew/Cellar/python@3.11/3.11.5/Frameworks/Python.framework/Versions/3.11/lib/python311.zip
  /opt/homebrew/Cellar/python@3.11/3.11.5/Frameworks/Python.framework/Versions/3.11/lib/python3.11
  /opt/homebrew/Cellar/python@3.11/3.11.5/Frameworks/Python.framework/Versions/3.11/lib/python3.11/lib-dynload
  /opt/homebrew/lib/python3.11/site-packages</msg>
<msg timestamp="20231030 19:03:37.351" level="ERROR">Error in file '/Users/sara/code/nelson-test-automation/testsuites/customer_specific/kensington_stay/create_bdc_booking.robot' on line 9: Importing library 'Browser' failed: ModuleNotFoundError: No module named 'Browser'
Traceback (most recent call last):
  None
PYTHONPATH:
  /opt/homebrew/bin
  /opt/homebrew/Cellar/python@3.11/3.11.5/Frameworks/Python.framework/Versions/3.11/lib/python311.zip
  /opt/homebrew/Cellar/python@3.11/3.11.5/Frameworks/Python.framework/Versions/3.11/lib/python3.11
  /opt/homebrew/Cellar/python@3.11/3.11.5/Frameworks/Python.framework/Versions/3.11/lib/python3.11/lib-dynload
  /opt/homebrew/lib/python3.11/site-packages</msg>
<msg timestamp="20231030 19:03:37.397" level="ERROR">Error in file '/Users/sara/code/nelson-test-automation/resources/keywords/common.resource' on line 3: Importing library '/Users/sara/code/nelson-test-automation/resources/libraries/Helpers.py' failed: ModuleNotFoundError: No module named 'mailslurp_client'
Traceback (most recent call last):
  File "/Users/sara/code/nelson-test-automation/resources/libraries/Helpers.py", line 4, in &lt;module&gt;
    import mailslurp_client
PYTHONPATH:
  /Users/sara/code/nelson-test-automation/resources/libraries
  /opt/homebrew/bin
  /opt/homebrew/Cellar/python@3.11/3.11.5/Frameworks/Python.framework/Versions/3.11/lib/python311.zip
  /opt/homebrew/Cellar/python@3.11/3.11.5/Frameworks/Python.framework/Versions/3.11/lib/python3.11
  /opt/homebrew/Cellar/python@3.11/3.11.5/Frameworks/Python.framework/Versions/3.11/lib/python3.11/lib-dynload
  /opt/homebrew/lib/python3.11/site-packages</msg>
<msg timestamp="20231030 19:03:37.398" level="ERROR">Error in file '/Users/sara/code/nelson-test-automation/resources/keywords/common.resource' on line 4: Importing library '/Users/sara/code/nelson-test-automation/resources/libraries/MailSlurp.py' failed: ModuleNotFoundError: No module named 'mailslurp_client'
Traceback (most recent call last):
  File "/Users/sara/code/nelson-test-automation/resources/libraries/MailSlurp.py", line 1, in &lt;module&gt;
    import mailslurp_client
PYTHONPATH:
  /Users/sara/code/nelson-test-automation/resources/libraries
  /opt/homebrew/bin
  /opt/homebrew/Cellar/python@3.11/3.11.5/Frameworks/Python.framework/Versions/3.11/lib/python311.zip
  /opt/homebrew/Cellar/python@3.11/3.11.5/Frameworks/Python.framework/Versions/3.11/lib/python3.11
  /opt/homebrew/Cellar/python@3.11/3.11.5/Frameworks/Python.framework/Versions/3.11/lib/python3.11/lib-dynload
  /opt/homebrew/lib/python3.11/site-packages</msg>
<msg timestamp="20231030 19:03:37.399" level="ERROR">Error in file '/Users/sara/code/nelson-test-automation/resources/keywords/common.resource' on line 6: Importing library 'Browser' failed: ModuleNotFoundError: No module named 'Browser'
Traceback (most recent call last):
  None
PYTHONPATH:
  /opt/homebrew/bin
  /opt/homebrew/Cellar/python@3.11/3.11.5/Frameworks/Python.framework/Versions/3.11/lib/python311.zip
  /opt/homebrew/Cellar/python@3.11/3.11.5/Frameworks/Python.framework/Versions/3.11/lib/python3.11
  /opt/homebrew/Cellar/python@3.11/3.11.5/Frameworks/Python.framework/Versions/3.11/lib/python3.11/lib-dynload
  /opt/homebrew/lib/python3.11/site-packages</msg>
<msg timestamp="20231030 19:03:37.402" level="ERROR">Error in file '/Users/sara/code/nelson-test-automation/resources/keywords/customer_specific/kensington_stay/kensington_stay.resource' on line 3: Importing library '/Users/sara/code/nelson-test-automation/resources/libraries/Helpers.py' failed: ModuleNotFoundError: No module named 'mailslurp_client'
Traceback (most recent call last):
  File "/Users/sara/code/nelson-test-automation/resources/libraries/Helpers.py", line 4, in &lt;module&gt;
    import mailslurp_client
PYTHONPATH:
  /Users/sara/code/nelson-test-automation/resources/libraries
  /opt/homebrew/bin
  /opt/homebrew/Cellar/python@3.11/3.11.5/Frameworks/Python.framework/Versions/3.11/lib/python311.zip
  /opt/homebrew/Cellar/python@3.11/3.11.5/Frameworks/Python.framework/Versions/3.11/lib/python3.11
  /opt/homebrew/Cellar/python@3.11/3.11.5/Frameworks/Python.framework/Versions/3.11/lib/python3.11/lib-dynload
  /opt/homebrew/lib/python3.11/site-packages</msg>
<msg timestamp="20231030 19:03:37.403" level="ERROR">Error in file '/Users/sara/code/nelson-test-automation/resources/keywords/booking.resource' on line 3: Importing library '/Users/sara/code/nelson-test-automation/resources/libraries/Helpers.py' failed: ModuleNotFoundError: No module named 'mailslurp_client'
Traceback (most recent call last):
  File "/Users/sara/code/nelson-test-automation/resources/libraries/Helpers.py", line 4, in &lt;module&gt;
    import mailslurp_client
PYTHONPATH:
  /Users/sara/code/nelson-test-automation/resources/libraries
  /opt/homebrew/bin
  /opt/homebrew/Cellar/python@3.11/3.11.5/Frameworks/Python.framework/Versions/3.11/lib/python311.zip
  /opt/homebrew/Cellar/python@3.11/3.11.5/Frameworks/Python.framework/Versions/3.11/lib/python3.11
  /opt/homebrew/Cellar/python@3.11/3.11.5/Frameworks/Python.framework/Versions/3.11/lib/python3.11/lib-dynload
  /opt/homebrew/lib/python3.11/site-packages</msg>
<msg timestamp="20231030 19:03:37.404" level="ERROR">Error in file '/Users/sara/code/nelson-test-automation/resources/keywords/booking.resource' on line 7: Importing library 'Browser' failed: ModuleNotFoundError: No module named 'Browser'
Traceback (most recent call last):
  None
PYTHONPATH:
  /opt/homebrew/bin
  /opt/homebrew/Cellar/python@3.11/3.11.5/Frameworks/Python.framework/Versions/3.11/lib/python311.zip
  /opt/homebrew/Cellar/python@3.11/3.11.5/Frameworks/Python.framework/Versions/3.11/lib/python3.11
  /opt/homebrew/Cellar/python@3.11/3.11.5/Frameworks/Python.framework/Versions/3.11/lib/python3.11/lib-dynload
  /opt/homebrew/lib/python3.11/site-packages</msg>
<msg timestamp="20231030 19:03:37.405" level="ERROR">Error in file '/Users/sara/code/nelson-test-automation/resources/keywords/mui.resource' on line 3: Importing library '/Users/sara/code/nelson-test-automation/resources/libraries/Helpers.py' failed: ModuleNotFoundError: No module named 'mailslurp_client'
Traceback (most recent call last):
  File "/Users/sara/code/nelson-test-automation/resources/libraries/Helpers.py", line 4, in &lt;module&gt;
    import mailslurp_client
PYTHONPATH:
  /Users/sara/code/nelson-test-automation/resources/libraries
  /opt/homebrew/bin
  /opt/homebrew/Cellar/python@3.11/3.11.5/Frameworks/Python.framework/Versions/3.11/lib/python311.zip
  /opt/homebrew/Cellar/python@3.11/3.11.5/Frameworks/Python.framework/Versions/3.11/lib/python3.11
  /opt/homebrew/Cellar/python@3.11/3.11.5/Frameworks/Python.framework/Versions/3.11/lib/python3.11/lib-dynload
  /opt/homebrew/lib/python3.11/site-packages</msg>
<msg timestamp="20231030 19:03:37.406" level="ERROR">Error in file '/Users/sara/code/nelson-test-automation/resources/keywords/mui.menu.resource' on line 3: Importing library '/Users/sara/code/nelson-test-automation/resources/libraries/Helpers.py' failed: ModuleNotFoundError: No module named 'mailslurp_client'
Traceback (most recent call last):
  File "/Users/sara/code/nelson-test-automation/resources/libraries/Helpers.py", line 4, in &lt;module&gt;
    import mailslurp_client
PYTHONPATH:
  /Users/sara/code/nelson-test-automation/resources/libraries
  /opt/homebrew/bin
  /opt/homebrew/Cellar/python@3.11/3.11.5/Frameworks/Python.framework/Versions/3.11/lib/python311.zip
  /opt/homebrew/Cellar/python@3.11/3.11.5/Frameworks/Python.framework/Versions/3.11/lib/python3.11
  /opt/homebrew/Cellar/python@3.11/3.11.5/Frameworks/Python.framework/Versions/3.11/lib/python3.11/lib-dynload
  /opt/homebrew/lib/python3.11/site-packages</msg>
<msg timestamp="20231030 19:03:37.407" level="ERROR">Error in file '/Users/sara/code/nelson-test-automation/resources/keywords/mui.reservations.resource' on line 3: Importing library '/Users/sara/code/nelson-test-automation/resources/libraries/Helpers.py' failed: ModuleNotFoundError: No module named 'mailslurp_client'
Traceback (most recent call last):
  File "/Users/sara/code/nelson-test-automation/resources/libraries/Helpers.py", line 4, in &lt;module&gt;
    import mailslurp_client
PYTHONPATH:
  /Users/sara/code/nelson-test-automation/resources/libraries
  /opt/homebrew/bin
  /opt/homebrew/Cellar/python@3.11/3.11.5/Frameworks/Python.framework/Versions/3.11/lib/python311.zip
  /opt/homebrew/Cellar/python@3.11/3.11.5/Frameworks/Python.framework/Versions/3.11/lib/python3.11
  /opt/homebrew/Cellar/python@3.11/3.11.5/Frameworks/Python.framework/Versions/3.11/lib/python3.11/lib-dynload
  /opt/homebrew/lib/python3.11/site-packages</msg>
<msg timestamp="20231030 19:03:37.408" level="ERROR">Error in file '/Users/sara/code/nelson-test-automation/testsuites/customer_specific/kensington_stay/create_bui_booking.robot' on line 6: Importing library 'Browser' failed: ModuleNotFoundError: No module named 'Browser'
Traceback (most recent call last):
  None
PYTHONPATH:
  /opt/homebrew/bin
  /opt/homebrew/Cellar/python@3.11/3.11.5/Frameworks/Python.framework/Versions/3.11/lib/python311.zip
  /opt/homebrew/Cellar/python@3.11/3.11.5/Frameworks/Python.framework/Versions/3.11/lib/python3.11
  /opt/homebrew/Cellar/python@3.11/3.11.5/Frameworks/Python.framework/Versions/3.11/lib/python3.11/lib-dynload
  /opt/homebrew/lib/python3.11/site-packages</msg>
<msg timestamp="20231030 19:03:37.415" level="ERROR">Error in file '/Users/sara/code/nelson-test-automation/resources/keywords/common.resource' on line 3: Importing library '/Users/sara/code/nelson-test-automation/resources/libraries/Helpers.py' failed: ModuleNotFoundError: No module named 'mailslurp_client'
Traceback (most recent call last):
  File "/Users/sara/code/nelson-test-automation/resources/libraries/Helpers.py", line 4, in &lt;module&gt;
    import mailslurp_client
PYTHONPATH:
  /Users/sara/code/nelson-test-automation/resources/libraries
  /opt/homebrew/bin
  /opt/homebrew/Cellar/python@3.11/3.11.5/Frameworks/Python.framework/Versions/3.11/lib/python311.zip
  /opt/homebrew/Cellar/python@3.11/3.11.5/Frameworks/Python.framework/Versions/3.11/lib/python3.11
  /opt/homebrew/Cellar/python@3.11/3.11.5/Frameworks/Python.framework/Versions/3.11/lib/python3.11/lib-dynload
  /opt/homebrew/lib/python3.11/site-packages</msg>
<msg timestamp="20231030 19:03:37.416" level="ERROR">Error in file '/Users/sara/code/nelson-test-automation/resources/keywords/common.resource' on line 4: Importing library '/Users/sara/code/nelson-test-automation/resources/libraries/MailSlurp.py' failed: ModuleNotFoundError: No module named 'mailslurp_client'
Traceback (most recent call last):
  File "/Users/sara/code/nelson-test-automation/resources/libraries/MailSlurp.py", line 1, in &lt;module&gt;
    import mailslurp_client
PYTHONPATH:
  /Users/sara/code/nelson-test-automation/resources/libraries
  /opt/homebrew/bin
  /opt/homebrew/Cellar/python@3.11/3.11.5/Frameworks/Python.framework/Versions/3.11/lib/python311.zip
  /opt/homebrew/Cellar/python@3.11/3.11.5/Frameworks/Python.framework/Versions/3.11/lib/python3.11
  /opt/homebrew/Cellar/python@3.11/3.11.5/Frameworks/Python.framework/Versions/3.11/lib/python3.11/lib-dynload
  /opt/homebrew/lib/python3.11/site-packages</msg>
<msg timestamp="20231030 19:03:37.417" level="ERROR">Error in file '/Users/sara/code/nelson-test-automation/resources/keywords/common.resource' on line 6: Importing library 'Browser' failed: ModuleNotFoundError: No module named 'Browser'
Traceback (most recent call last):
  None
PYTHONPATH:
  /opt/homebrew/bin
  /opt/homebrew/Cellar/python@3.11/3.11.5/Frameworks/Python.framework/Versions/3.11/lib/python311.zip
  /opt/homebrew/Cellar/python@3.11/3.11.5/Frameworks/Python.framework/Versions/3.11/lib/python3.11
  /opt/homebrew/Cellar/python@3.11/3.11.5/Frameworks/Python.framework/Versions/3.11/lib/python3.11/lib-dynload
  /opt/homebrew/lib/python3.11/site-packages</msg>
<msg timestamp="20231030 19:03:37.418" level="ERROR">Error in file '/Users/sara/code/nelson-test-automation/resources/keywords/EC.resource' on line 3: Importing library '/Users/sara/code/nelson-test-automation/resources/libraries/Helpers.py' failed: ModuleNotFoundError: No module named 'mailslurp_client'
Traceback (most recent call last):
  File "/Users/sara/code/nelson-test-automation/resources/libraries/Helpers.py", line 4, in &lt;module&gt;
    import mailslurp_client
PYTHONPATH:
  /Users/sara/code/nelson-test-automation/resources/libraries
  /opt/homebrew/bin
  /opt/homebrew/Cellar/python@3.11/3.11.5/Frameworks/Python.framework/Versions/3.11/lib/python311.zip
  /opt/homebrew/Cellar/python@3.11/3.11.5/Frameworks/Python.framework/Versions/3.11/lib/python3.11
  /opt/homebrew/Cellar/python@3.11/3.11.5/Frameworks/Python.framework/Versions/3.11/lib/python3.11/lib-dynload
  /opt/homebrew/lib/python3.11/site-packages</msg>
<msg timestamp="20231030 19:03:37.420" level="ERROR">Error in file '/Users/sara/code/nelson-test-automation/resources/keywords/booking.resource' on line 3: Importing library '/Users/sara/code/nelson-test-automation/resources/libraries/Helpers.py' failed: ModuleNotFoundError: No module named 'mailslurp_client'
Traceback (most recent call last):
  File "/Users/sara/code/nelson-test-automation/resources/libraries/Helpers.py", line 4, in &lt;module&gt;
    import mailslurp_client
PYTHONPATH:
  /Users/sara/code/nelson-test-automation/resources/libraries
  /opt/homebrew/bin
  /opt/homebrew/Cellar/python@3.11/3.11.5/Frameworks/Python.framework/Versions/3.11/lib/python311.zip
  /opt/homebrew/Cellar/python@3.11/3.11.5/Frameworks/Python.framework/Versions/3.11/lib/python3.11
  /opt/homebrew/Cellar/python@3.11/3.11.5/Frameworks/Python.framework/Versions/3.11/lib/python3.11/lib-dynload
  /opt/homebrew/lib/python3.11/site-packages</msg>
<msg timestamp="20231030 19:03:37.421" level="ERROR">Error in file '/Users/sara/code/nelson-test-automation/resources/keywords/booking.resource' on line 7: Importing library 'Browser' failed: ModuleNotFoundError: No module named 'Browser'
Traceback (most recent call last):
  None
PYTHONPATH:
  /opt/homebrew/bin
  /opt/homebrew/Cellar/python@3.11/3.11.5/Frameworks/Python.framework/Versions/3.11/lib/python311.zip
  /opt/homebrew/Cellar/python@3.11/3.11.5/Frameworks/Python.framework/Versions/3.11/lib/python3.11
  /opt/homebrew/Cellar/python@3.11/3.11.5/Frameworks/Python.framework/Versions/3.11/lib/python3.11/lib-dynload
  /opt/homebrew/lib/python3.11/site-packages</msg>
<msg timestamp="20231030 19:03:37.422" level="ERROR">Error in file '/Users/sara/code/nelson-test-automation/resources/keywords/mui.resource' on line 3: Importing library '/Users/sara/code/nelson-test-automation/resources/libraries/Helpers.py' failed: ModuleNotFoundError: No module named 'mailslurp_client'
Traceback (most recent call last):
  File "/Users/sara/code/nelson-test-automation/resources/libraries/Helpers.py", line 4, in &lt;module&gt;
    import mailslurp_client
PYTHONPATH:
  /Users/sara/code/nelson-test-automation/resources/libraries
  /opt/homebrew/bin
  /opt/homebrew/Cellar/python@3.11/3.11.5/Frameworks/Python.framework/Versions/3.11/lib/python311.zip
  /opt/homebrew/Cellar/python@3.11/3.11.5/Frameworks/Python.framework/Versions/3.11/lib/python3.11
  /opt/homebrew/Cellar/python@3.11/3.11.5/Frameworks/Python.framework/Versions/3.11/lib/python3.11/lib-dynload
  /opt/homebrew/lib/python3.11/site-packages</msg>
<msg timestamp="20231030 19:03:37.423" level="ERROR">Error in file '/Users/sara/code/nelson-test-automation/resources/keywords/mui.menu.resource' on line 3: Importing library '/Users/sara/code/nelson-test-automation/resources/libraries/Helpers.py' failed: ModuleNotFoundError: No module named 'mailslurp_client'
Traceback (most recent call last):
  File "/Users/sara/code/nelson-test-automation/resources/libraries/Helpers.py", line 4, in &lt;module&gt;
    import mailslurp_client
PYTHONPATH:
  /Users/sara/code/nelson-test-automation/resources/libraries
  /opt/homebrew/bin
  /opt/homebrew/Cellar/python@3.11/3.11.5/Frameworks/Python.framework/Versions/3.11/lib/python311.zip
  /opt/homebrew/Cellar/python@3.11/3.11.5/Frameworks/Python.framework/Versions/3.11/lib/python3.11
  /opt/homebrew/Cellar/python@3.11/3.11.5/Frameworks/Python.framework/Versions/3.11/lib/python3.11/lib-dynload
  /opt/homebrew/lib/python3.11/site-packages</msg>
<msg timestamp="20231030 19:03:37.424" level="ERROR">Error in file '/Users/sara/code/nelson-test-automation/resources/keywords/mui.reservations.resource' on line 3: Importing library '/Users/sara/code/nelson-test-automation/resources/libraries/Helpers.py' failed: ModuleNotFoundError: No module named 'mailslurp_client'
Traceback (most recent call last):
  File "/Users/sara/code/nelson-test-automation/resources/libraries/Helpers.py", line 4, in &lt;module&gt;
    import mailslurp_client
PYTHONPATH:
  /Users/sara/code/nelson-test-automation/resources/libraries
  /opt/homebrew/bin
  /opt/homebrew/Cellar/python@3.11/3.11.5/Frameworks/Python.framework/Versions/3.11/lib/python311.zip
  /opt/homebrew/Cellar/python@3.11/3.11.5/Frameworks/Python.framework/Versions/3.11/lib/python3.11
  /opt/homebrew/Cellar/python@3.11/3.11.5/Frameworks/Python.framework/Versions/3.11/lib/python3.11/lib-dynload
  /opt/homebrew/lib/python3.11/site-packages</msg>
<msg timestamp="20231030 19:03:37.425" level="ERROR">Error in file '/Users/sara/code/nelson-test-automation/testsuites/customer_specific/kensington_stay/create_mui_booking.robot' on line 7: Importing library 'Browser' failed: ModuleNotFoundError: No module named 'Browser'
Traceback (most recent call last):
  None
PYTHONPATH:
  /opt/homebrew/bin
  /opt/homebrew/Cellar/python@3.11/3.11.5/Frameworks/Python.framework/Versions/3.11/lib/python311.zip
  /opt/homebrew/Cellar/python@3.11/3.11.5/Frameworks/Python.framework/Versions/3.11/lib/python3.11
  /opt/homebrew/Cellar/python@3.11/3.11.5/Frameworks/Python.framework/Versions/3.11/lib/python3.11/lib-dynload
  /opt/homebrew/lib/python3.11/site-packages</msg>
<msg timestamp="20231030 19:03:37.437" level="ERROR">Error in file '/Users/sara/code/nelson-test-automation/resources/keywords/common.resource' on line 3: Importing library '/Users/sara/code/nelson-test-automation/resources/libraries/Helpers.py' failed: ModuleNotFoundError: No module named 'mailslurp_client'
Traceback (most recent call last):
  File "/Users/sara/code/nelson-test-automation/resources/libraries/Helpers.py", line 4, in &lt;module&gt;
    import mailslurp_client
PYTHONPATH:
  /Users/sara/code/nelson-test-automation/resources/libraries
  /opt/homebrew/bin
  /opt/homebrew/Cellar/python@3.11/3.11.5/Frameworks/Python.framework/Versions/3.11/lib/python311.zip
  /opt/homebrew/Cellar/python@3.11/3.11.5/Frameworks/Python.framework/Versions/3.11/lib/python3.11
  /opt/homebrew/Cellar/python@3.11/3.11.5/Frameworks/Python.framework/Versions/3.11/lib/python3.11/lib-dynload
  /opt/homebrew/lib/python3.11/site-packages</msg>
<msg timestamp="20231030 19:03:37.438" level="ERROR">Error in file '/Users/sara/code/nelson-test-automation/resources/keywords/common.resource' on line 4: Importing library '/Users/sara/code/nelson-test-automation/resources/libraries/MailSlurp.py' failed: ModuleNotFoundError: No module named 'mailslurp_client'
Traceback (most recent call last):
  File "/Users/sara/code/nelson-test-automation/resources/libraries/MailSlurp.py", line 1, in &lt;module&gt;
    import mailslurp_client
PYTHONPATH:
  /Users/sara/code/nelson-test-automation/resources/libraries
  /opt/homebrew/bin
  /opt/homebrew/Cellar/python@3.11/3.11.5/Frameworks/Python.framework/Versions/3.11/lib/python311.zip
  /opt/homebrew/Cellar/python@3.11/3.11.5/Frameworks/Python.framework/Versions/3.11/lib/python3.11
  /opt/homebrew/Cellar/python@3.11/3.11.5/Frameworks/Python.framework/Versions/3.11/lib/python3.11/lib-dynload
  /opt/homebrew/lib/python3.11/site-packages</msg>
<msg timestamp="20231030 19:03:37.439" level="ERROR">Error in file '/Users/sara/code/nelson-test-automation/resources/keywords/common.resource' on line 6: Importing library 'Browser' failed: ModuleNotFoundError: No module named 'Browser'
Traceback (most recent call last):
  None
PYTHONPATH:
  /opt/homebrew/bin
  /opt/homebrew/Cellar/python@3.11/3.11.5/Frameworks/Python.framework/Versions/3.11/lib/python311.zip
  /opt/homebrew/Cellar/python@3.11/3.11.5/Frameworks/Python.framework/Versions/3.11/lib/python3.11
  /opt/homebrew/Cellar/python@3.11/3.11.5/Frameworks/Python.framework/Versions/3.11/lib/python3.11/lib-dynload
  /opt/homebrew/lib/python3.11/site-packages</msg>
<msg timestamp="20231030 19:03:37.441" level="ERROR">Error in file '/Users/sara/code/nelson-test-automation/resources/keywords/booking.resource' on line 3: Importing library '/Users/sara/code/nelson-test-automation/resources/libraries/Helpers.py' failed: ModuleNotFoundError: No module named 'mailslurp_client'
Traceback (most recent call last):
  File "/Users/sara/code/nelson-test-automation/resources/libraries/Helpers.py", line 4, in &lt;module&gt;
    import mailslurp_client
PYTHONPATH:
  /Users/sara/code/nelson-test-automation/resources/libraries
  /opt/homebrew/bin
  /opt/homebrew/Cellar/python@3.11/3.11.5/Frameworks/Python.framework/Versions/3.11/lib/python311.zip
  /opt/homebrew/Cellar/python@3.11/3.11.5/Frameworks/Python.framework/Versions/3.11/lib/python3.11
  /opt/homebrew/Cellar/python@3.11/3.11.5/Frameworks/Python.framework/Versions/3.11/lib/python3.11/lib-dynload
  /opt/homebrew/lib/python3.11/site-packages</msg>
<msg timestamp="20231030 19:03:37.442" level="ERROR">Error in file '/Users/sara/code/nelson-test-automation/resources/keywords/booking.resource' on line 7: Importing library 'Browser' failed: ModuleNotFoundError: No module named 'Browser'
Traceback (most recent call last):
  None
PYTHONPATH:
  /opt/homebrew/bin
  /opt/homebrew/Cellar/python@3.11/3.11.5/Frameworks/Python.framework/Versions/3.11/lib/python311.zip
  /opt/homebrew/Cellar/python@3.11/3.11.5/Frameworks/Python.framework/Versions/3.11/lib/python3.11
  /opt/homebrew/Cellar/python@3.11/3.11.5/Frameworks/Python.framework/Versions/3.11/lib/python3.11/lib-dynload
  /opt/homebrew/lib/python3.11/site-packages</msg>
<msg timestamp="20231030 19:03:37.443" level="ERROR">Error in file '/Users/sara/code/nelson-test-automation/resources/keywords/mui.resource' on line 3: Importing library '/Users/sara/code/nelson-test-automation/resources/libraries/Helpers.py' failed: ModuleNotFoundError: No module named 'mailslurp_client'
Traceback (most recent call last):
  File "/Users/sara/code/nelson-test-automation/resources/libraries/Helpers.py", line 4, in &lt;module&gt;
    import mailslurp_client
PYTHONPATH:
  /Users/sara/code/nelson-test-automation/resources/libraries
  /opt/homebrew/bin
  /opt/homebrew/Cellar/python@3.11/3.11.5/Frameworks/Python.framework/Versions/3.11/lib/python311.zip
  /opt/homebrew/Cellar/python@3.11/3.11.5/Frameworks/Python.framework/Versions/3.11/lib/python3.11
  /opt/homebrew/Cellar/python@3.11/3.11.5/Frameworks/Python.framework/Versions/3.11/lib/python3.11/lib-dynload
  /opt/homebrew/lib/python3.11/site-packages</msg>
<msg timestamp="20231030 19:03:37.444" level="ERROR">Error in file '/Users/sara/code/nelson-test-automation/resources/keywords/mui.menu.resource' on line 3: Importing library '/Users/sara/code/nelson-test-automation/resources/libraries/Helpers.py' failed: ModuleNotFoundError: No module named 'mailslurp_client'
Traceback (most recent call last):
  File "/Users/sara/code/nelson-test-automation/resources/libraries/Helpers.py", line 4, in &lt;module&gt;
    import mailslurp_client
PYTHONPATH:
  /Users/sara/code/nelson-test-automation/resources/libraries
  /opt/homebrew/bin
  /opt/homebrew/Cellar/python@3.11/3.11.5/Frameworks/Python.framework/Versions/3.11/lib/python311.zip
  /opt/homebrew/Cellar/python@3.11/3.11.5/Frameworks/Python.framework/Versions/3.11/lib/python3.11
  /opt/homebrew/Cellar/python@3.11/3.11.5/Frameworks/Python.framework/Versions/3.11/lib/python3.11/lib-dynload
  /opt/homebrew/lib/python3.11/site-packages</msg>
<msg timestamp="20231030 19:03:37.445" level="ERROR">Error in file '/Users/sara/code/nelson-test-automation/resources/keywords/mui.reservations.resource' on line 3: Importing library '/Users/sara/code/nelson-test-automation/resources/libraries/Helpers.py' failed: ModuleNotFoundError: No module named 'mailslurp_client'
Traceback (most recent call last):
  File "/Users/sara/code/nelson-test-automation/resources/libraries/Helpers.py", line 4, in &lt;module&gt;
    import mailslurp_client
PYTHONPATH:
  /Users/sara/code/nelson-test-automation/resources/libraries
  /opt/homebrew/bin
  /opt/homebrew/Cellar/python@3.11/3.11.5/Frameworks/Python.framework/Versions/3.11/lib/python311.zip
  /opt/homebrew/Cellar/python@3.11/3.11.5/Frameworks/Python.framework/Versions/3.11/lib/python3.11
  /opt/homebrew/Cellar/python@3.11/3.11.5/Frameworks/Python.framework/Versions/3.11/lib/python3.11/lib-dynload
  /opt/homebrew/lib/python3.11/site-packages</msg>
<msg timestamp="20231030 19:03:37.457" level="ERROR">Error in file '/Users/sara/code/nelson-test-automation/resources/keywords/common.resource' on line 3: Importing library '/Users/sara/code/nelson-test-automation/resources/libraries/Helpers.py' failed: ModuleNotFoundError: No module named 'mailslurp_client'
Traceback (most recent call last):
  File "/Users/sara/code/nelson-test-automation/resources/libraries/Helpers.py", line 4, in &lt;module&gt;
    import mailslurp_client
PYTHONPATH:
  /Users/sara/code/nelson-test-automation/resources/libraries
  /opt/homebrew/bin
  /opt/homebrew/Cellar/python@3.11/3.11.5/Frameworks/Python.framework/Versions/3.11/lib/python311.zip
  /opt/homebrew/Cellar/python@3.11/3.11.5/Frameworks/Python.framework/Versions/3.11/lib/python3.11
  /opt/homebrew/Cellar/python@3.11/3.11.5/Frameworks/Python.framework/Versions/3.11/lib/python3.11/lib-dynload
  /opt/homebrew/lib/python3.11/site-packages</msg>
<msg timestamp="20231030 19:03:37.458" level="ERROR">Error in file '/Users/sara/code/nelson-test-automation/resources/keywords/common.resource' on line 4: Importing library '/Users/sara/code/nelson-test-automation/resources/libraries/MailSlurp.py' failed: ModuleNotFoundError: No module named 'mailslurp_client'
Traceback (most recent call last):
  File "/Users/sara/code/nelson-test-automation/resources/libraries/MailSlurp.py", line 1, in &lt;module&gt;
    import mailslurp_client
PYTHONPATH:
  /Users/sara/code/nelson-test-automation/resources/libraries
  /opt/homebrew/bin
  /opt/homebrew/Cellar/python@3.11/3.11.5/Frameworks/Python.framework/Versions/3.11/lib/python311.zip
  /opt/homebrew/Cellar/python@3.11/3.11.5/Frameworks/Python.framework/Versions/3.11/lib/python3.11
  /opt/homebrew/Cellar/python@3.11/3.11.5/Frameworks/Python.framework/Versions/3.11/lib/python3.11/lib-dynload
  /opt/homebrew/lib/python3.11/site-packages</msg>
<msg timestamp="20231030 19:03:37.459" level="ERROR">Error in file '/Users/sara/code/nelson-test-automation/resources/keywords/common.resource' on line 6: Importing library 'Browser' failed: ModuleNotFoundError: No module named 'Browser'
Traceback (most recent call last):
  None
PYTHONPATH:
  /opt/homebrew/bin
  /opt/homebrew/Cellar/python@3.11/3.11.5/Frameworks/Python.framework/Versions/3.11/lib/python311.zip
  /opt/homebrew/Cellar/python@3.11/3.11.5/Frameworks/Python.framework/Versions/3.11/lib/python3.11
  /opt/homebrew/Cellar/python@3.11/3.11.5/Frameworks/Python.framework/Versions/3.11/lib/python3.11/lib-dynload
  /opt/homebrew/lib/python3.11/site-packages</msg>
<msg timestamp="20231030 19:03:37.461" level="ERROR">Error in file '/Users/sara/code/nelson-test-automation/resources/keywords/booking.resource' on line 3: Importing library '/Users/sara/code/nelson-test-automation/resources/libraries/Helpers.py' failed: ModuleNotFoundError: No module named 'mailslurp_client'
Traceback (most recent call last):
  File "/Users/sara/code/nelson-test-automation/resources/libraries/Helpers.py", line 4, in &lt;module&gt;
    import mailslurp_client
PYTHONPATH:
  /Users/sara/code/nelson-test-automation/resources/libraries
  /opt/homebrew/bin
  /opt/homebrew/Cellar/python@3.11/3.11.5/Frameworks/Python.framework/Versions/3.11/lib/python311.zip
  /opt/homebrew/Cellar/python@3.11/3.11.5/Frameworks/Python.framework/Versions/3.11/lib/python3.11
  /opt/homebrew/Cellar/python@3.11/3.11.5/Frameworks/Python.framework/Versions/3.11/lib/python3.11/lib-dynload
  /opt/homebrew/lib/python3.11/site-packages</msg>
<msg timestamp="20231030 19:03:37.462" level="ERROR">Error in file '/Users/sara/code/nelson-test-automation/resources/keywords/booking.resource' on line 7: Importing library 'Browser' failed: ModuleNotFoundError: No module named 'Browser'
Traceback (most recent call last):
  None
PYTHONPATH:
  /opt/homebrew/bin
  /opt/homebrew/Cellar/python@3.11/3.11.5/Frameworks/Python.framework/Versions/3.11/lib/python311.zip
  /opt/homebrew/Cellar/python@3.11/3.11.5/Frameworks/Python.framework/Versions/3.11/lib/python3.11
  /opt/homebrew/Cellar/python@3.11/3.11.5/Frameworks/Python.framework/Versions/3.11/lib/python3.11/lib-dynload
  /opt/homebrew/lib/python3.11/site-packages</msg>
<msg timestamp="20231030 19:03:37.463" level="ERROR">Error in file '/Users/sara/code/nelson-test-automation/resources/keywords/mui.resource' on line 3: Importing library '/Users/sara/code/nelson-test-automation/resources/libraries/Helpers.py' failed: ModuleNotFoundError: No module named 'mailslurp_client'
Traceback (most recent call last):
  File "/Users/sara/code/nelson-test-automation/resources/libraries/Helpers.py", line 4, in &lt;module&gt;
    import mailslurp_client
PYTHONPATH:
  /Users/sara/code/nelson-test-automation/resources/libraries
  /opt/homebrew/bin
  /opt/homebrew/Cellar/python@3.11/3.11.5/Frameworks/Python.framework/Versions/3.11/lib/python311.zip
  /opt/homebrew/Cellar/python@3.11/3.11.5/Frameworks/Python.framework/Versions/3.11/lib/python3.11
  /opt/homebrew/Cellar/python@3.11/3.11.5/Frameworks/Python.framework/Versions/3.11/lib/python3.11/lib-dynload
  /opt/homebrew/lib/python3.11/site-packages</msg>
<msg timestamp="20231030 19:03:37.464" level="ERROR">Error in file '/Users/sara/code/nelson-test-automation/resources/keywords/mui.menu.resource' on line 3: Importing library '/Users/sara/code/nelson-test-automation/resources/libraries/Helpers.py' failed: ModuleNotFoundError: No module named 'mailslurp_client'
Traceback (most recent call last):
  File "/Users/sara/code/nelson-test-automation/resources/libraries/Helpers.py", line 4, in &lt;module&gt;
    import mailslurp_client
PYTHONPATH:
  /Users/sara/code/nelson-test-automation/resources/libraries
  /opt/homebrew/bin
  /opt/homebrew/Cellar/python@3.11/3.11.5/Frameworks/Python.framework/Versions/3.11/lib/python311.zip
  /opt/homebrew/Cellar/python@3.11/3.11.5/Frameworks/Python.framework/Versions/3.11/lib/python3.11
  /opt/homebrew/Cellar/python@3.11/3.11.5/Frameworks/Python.framework/Versions/3.11/lib/python3.11/lib-dynload
  /opt/homebrew/lib/python3.11/site-packages</msg>
<msg timestamp="20231030 19:03:37.465" level="ERROR">Error in file '/Users/sara/code/nelson-test-automation/resources/keywords/mui.reservations.resource' on line 3: Importing library '/Users/sara/code/nelson-test-automation/resources/libraries/Helpers.py' failed: ModuleNotFoundError: No module named 'mailslurp_client'
Traceback (most recent call last):
  File "/Users/sara/code/nelson-test-automation/resources/libraries/Helpers.py", line 4, in &lt;module&gt;
    import mailslurp_client
PYTHONPATH:
  /Users/sara/code/nelson-test-automation/resources/libraries
  /opt/homebrew/bin
  /opt/homebrew/Cellar/python@3.11/3.11.5/Frameworks/Python.framework/Versions/3.11/lib/python311.zip
  /opt/homebrew/Cellar/python@3.11/3.11.5/Frameworks/Python.framework/Versions/3.11/lib/python3.11
  /opt/homebrew/Cellar/python@3.11/3.11.5/Frameworks/Python.framework/Versions/3.11/lib/python3.11/lib-dynload
  /opt/homebrew/lib/python3.11/site-packages</msg>
<msg timestamp="20231030 19:03:37.477" level="ERROR">Error in file '/Users/sara/code/nelson-test-automation/resources/keywords/common.resource' on line 3: Importing library '/Users/sara/code/nelson-test-automation/resources/libraries/Helpers.py' failed: ModuleNotFoundError: No module named 'mailslurp_client'
Traceback (most recent call last):
  File "/Users/sara/code/nelson-test-automation/resources/libraries/Helpers.py", line 4, in &lt;module&gt;
    import mailslurp_client
PYTHONPATH:
  /Users/sara/code/nelson-test-automation/resources/libraries
  /opt/homebrew/bin
  /opt/homebrew/Cellar/python@3.11/3.11.5/Frameworks/Python.framework/Versions/3.11/lib/python311.zip
  /opt/homebrew/Cellar/python@3.11/3.11.5/Frameworks/Python.framework/Versions/3.11/lib/python3.11
  /opt/homebrew/Cellar/python@3.11/3.11.5/Frameworks/Python.framework/Versions/3.11/lib/python3.11/lib-dynload
  /opt/homebrew/lib/python3.11/site-packages</msg>
<msg timestamp="20231030 19:03:37.478" level="ERROR">Error in file '/Users/sara/code/nelson-test-automation/resources/keywords/common.resource' on line 4: Importing library '/Users/sara/code/nelson-test-automation/resources/libraries/MailSlurp.py' failed: ModuleNotFoundError: No module named 'mailslurp_client'
Traceback (most recent call last):
  File "/Users/sara/code/nelson-test-automation/resources/libraries/MailSlurp.py", line 1, in &lt;module&gt;
    import mailslurp_client
PYTHONPATH:
  /Users/sara/code/nelson-test-automation/resources/libraries
  /opt/homebrew/bin
  /opt/homebrew/Cellar/python@3.11/3.11.5/Frameworks/Python.framework/Versions/3.11/lib/python311.zip
  /opt/homebrew/Cellar/python@3.11/3.11.5/Frameworks/Python.framework/Versions/3.11/lib/python3.11
  /opt/homebrew/Cellar/python@3.11/3.11.5/Frameworks/Python.framework/Versions/3.11/lib/python3.11/lib-dynload
  /opt/homebrew/lib/python3.11/site-packages</msg>
<msg timestamp="20231030 19:03:37.479" level="ERROR">Error in file '/Users/sara/code/nelson-test-automation/resources/keywords/common.resource' on line 6: Importing library 'Browser' failed: ModuleNotFoundError: No module named 'Browser'
Traceback (most recent call last):
  None
PYTHONPATH:
  /opt/homebrew/bin
  /opt/homebrew/Cellar/python@3.11/3.11.5/Frameworks/Python.framework/Versions/3.11/lib/python311.zip
  /opt/homebrew/Cellar/python@3.11/3.11.5/Frameworks/Python.framework/Versions/3.11/lib/python3.11
  /opt/homebrew/Cellar/python@3.11/3.11.5/Frameworks/Python.framework/Versions/3.11/lib/python3.11/lib-dynload
  /opt/homebrew/lib/python3.11/site-packages</msg>
<msg timestamp="20231030 19:03:37.481" level="ERROR">Error in file '/Users/sara/code/nelson-test-automation/resources/keywords/booking.resource' on line 3: Importing library '/Users/sara/code/nelson-test-automation/resources/libraries/Helpers.py' failed: ModuleNotFoundError: No module named 'mailslurp_client'
Traceback (most recent call last):
  File "/Users/sara/code/nelson-test-automation/resources/libraries/Helpers.py", line 4, in &lt;module&gt;
    import mailslurp_client
PYTHONPATH:
  /Users/sara/code/nelson-test-automation/resources/libraries
  /opt/homebrew/bin
  /opt/homebrew/Cellar/python@3.11/3.11.5/Frameworks/Python.framework/Versions/3.11/lib/python311.zip
  /opt/homebrew/Cellar/python@3.11/3.11.5/Frameworks/Python.framework/Versions/3.11/lib/python3.11
  /opt/homebrew/Cellar/python@3.11/3.11.5/Frameworks/Python.framework/Versions/3.11/lib/python3.11/lib-dynload
  /opt/homebrew/lib/python3.11/site-packages</msg>
<msg timestamp="20231030 19:03:37.482" level="ERROR">Error in file '/Users/sara/code/nelson-test-automation/resources/keywords/booking.resource' on line 7: Importing library 'Browser' failed: ModuleNotFoundError: No module named 'Browser'
Traceback (most recent call last):
  None
PYTHONPATH:
  /opt/homebrew/bin
  /opt/homebrew/Cellar/python@3.11/3.11.5/Frameworks/Python.framework/Versions/3.11/lib/python311.zip
  /opt/homebrew/Cellar/python@3.11/3.11.5/Frameworks/Python.framework/Versions/3.11/lib/python3.11
  /opt/homebrew/Cellar/python@3.11/3.11.5/Frameworks/Python.framework/Versions/3.11/lib/python3.11/lib-dynload
  /opt/homebrew/lib/python3.11/site-packages</msg>
<msg timestamp="20231030 19:03:37.483" level="ERROR">Error in file '/Users/sara/code/nelson-test-automation/resources/keywords/mui.resource' on line 3: Importing library '/Users/sara/code/nelson-test-automation/resources/libraries/Helpers.py' failed: ModuleNotFoundError: No module named 'mailslurp_client'
Traceback (most recent call last):
  File "/Users/sara/code/nelson-test-automation/resources/libraries/Helpers.py", line 4, in &lt;module&gt;
    import mailslurp_client
PYTHONPATH:
  /Users/sara/code/nelson-test-automation/resources/libraries
  /opt/homebrew/bin
  /opt/homebrew/Cellar/python@3.11/3.11.5/Frameworks/Python.framework/Versions/3.11/lib/python311.zip
  /opt/homebrew/Cellar/python@3.11/3.11.5/Frameworks/Python.framework/Versions/3.11/lib/python3.11
  /opt/homebrew/Cellar/python@3.11/3.11.5/Frameworks/Python.framework/Versions/3.11/lib/python3.11/lib-dynload
  /opt/homebrew/lib/python3.11/site-packages</msg>
<msg timestamp="20231030 19:03:37.484" level="ERROR">Error in file '/Users/sara/code/nelson-test-automation/resources/keywords/mui.menu.resource' on line 3: Importing library '/Users/sara/code/nelson-test-automation/resources/libraries/Helpers.py' failed: ModuleNotFoundError: No module named 'mailslurp_client'
Traceback (most recent call last):
  File "/Users/sara/code/nelson-test-automation/resources/libraries/Helpers.py", line 4, in &lt;module&gt;
    import mailslurp_client
PYTHONPATH:
  /Users/sara/code/nelson-test-automation/resources/libraries
  /opt/homebrew/bin
  /opt/homebrew/Cellar/python@3.11/3.11.5/Frameworks/Python.framework/Versions/3.11/lib/python311.zip
  /opt/homebrew/Cellar/python@3.11/3.11.5/Frameworks/Python.framework/Versions/3.11/lib/python3.11
  /opt/homebrew/Cellar/python@3.11/3.11.5/Frameworks/Python.framework/Versions/3.11/lib/python3.11/lib-dynload
  /opt/homebrew/lib/python3.11/site-packages</msg>
<msg timestamp="20231030 19:03:37.485" level="ERROR">Error in file '/Users/sara/code/nelson-test-automation/resources/keywords/mui.reservations.resource' on line 3: Importing library '/Users/sara/code/nelson-test-automation/resources/libraries/Helpers.py' failed: ModuleNotFoundError: No module named 'mailslurp_client'
Traceback (most recent call last):
  File "/Users/sara/code/nelson-test-automation/resources/libraries/Helpers.py", line 4, in &lt;module&gt;
    import mailslurp_client
PYTHONPATH:
  /Users/sara/code/nelson-test-automation/resources/libraries
  /opt/homebrew/bin
  /opt/homebrew/Cellar/python@3.11/3.11.5/Frameworks/Python.framework/Versions/3.11/lib/python311.zip
  /opt/homebrew/Cellar/python@3.11/3.11.5/Frameworks/Python.framework/Versions/3.11/lib/python3.11
  /opt/homebrew/Cellar/python@3.11/3.11.5/Frameworks/Python.framework/Versions/3.11/lib/python3.11/lib-dynload
  /opt/homebrew/lib/python3.11/site-packages</msg>
<msg timestamp="20231030 19:03:37.498" level="ERROR">Error in file '/Users/sara/code/nelson-test-automation/resources/keywords/booking.resource' on line 3: Importing library '/Users/sara/code/nelson-test-automation/resources/libraries/Helpers.py' failed: ModuleNotFoundError: No module named 'mailslurp_client'
Traceback (most recent call last):
  File "/Users/sara/code/nelson-test-automation/resources/libraries/Helpers.py", line 4, in &lt;module&gt;
    import mailslurp_client
PYTHONPATH:
  /Users/sara/code/nelson-test-automation/resources/libraries
  /opt/homebrew/bin
  /opt/homebrew/Cellar/python@3.11/3.11.5/Frameworks/Python.framework/Versions/3.11/lib/python311.zip
  /opt/homebrew/Cellar/python@3.11/3.11.5/Frameworks/Python.framework/Versions/3.11/lib/python3.11
  /opt/homebrew/Cellar/python@3.11/3.11.5/Frameworks/Python.framework/Versions/3.11/lib/python3.11/lib-dynload
  /opt/homebrew/lib/python3.11/site-packages</msg>
<msg timestamp="20231030 19:03:37.500" level="ERROR">Error in file '/Users/sara/code/nelson-test-automation/resources/keywords/common.resource' on line 3: Importing library '/Users/sara/code/nelson-test-automation/resources/libraries/Helpers.py' failed: ModuleNotFoundError: No module named 'mailslurp_client'
Traceback (most recent call last):
  File "/Users/sara/code/nelson-test-automation/resources/libraries/Helpers.py", line 4, in &lt;module&gt;
    import mailslurp_client
PYTHONPATH:
  /Users/sara/code/nelson-test-automation/resources/libraries
  /opt/homebrew/bin
  /opt/homebrew/Cellar/python@3.11/3.11.5/Frameworks/Python.framework/Versions/3.11/lib/python311.zip
  /opt/homebrew/Cellar/python@3.11/3.11.5/Frameworks/Python.framework/Versions/3.11/lib/python3.11
  /opt/homebrew/Cellar/python@3.11/3.11.5/Frameworks/Python.framework/Versions/3.11/lib/python3.11/lib-dynload
  /opt/homebrew/lib/python3.11/site-packages</msg>
<msg timestamp="20231030 19:03:37.501" level="ERROR">Error in file '/Users/sara/code/nelson-test-automation/resources/keywords/common.resource' on line 4: Importing library '/Users/sara/code/nelson-test-automation/resources/libraries/MailSlurp.py' failed: ModuleNotFoundError: No module named 'mailslurp_client'
Traceback (most recent call last):
  File "/Users/sara/code/nelson-test-automation/resources/libraries/MailSlurp.py", line 1, in &lt;module&gt;
    import mailslurp_client
PYTHONPATH:
  /Users/sara/code/nelson-test-automation/resources/libraries
  /opt/homebrew/bin
  /opt/homebrew/Cellar/python@3.11/3.11.5/Frameworks/Python.framework/Versions/3.11/lib/python311.zip
  /opt/homebrew/Cellar/python@3.11/3.11.5/Frameworks/Python.framework/Versions/3.11/lib/python3.11
  /opt/homebrew/Cellar/python@3.11/3.11.5/Frameworks/Python.framework/Versions/3.11/lib/python3.11/lib-dynload
  /opt/homebrew/lib/python3.11/site-packages</msg>
<msg timestamp="20231030 19:03:37.501" level="ERROR">Error in file '/Users/sara/code/nelson-test-automation/resources/keywords/common.resource' on line 6: Importing library 'Browser' failed: ModuleNotFoundError: No module named 'Browser'
Traceback (most recent call last):
  None
PYTHONPATH:
  /opt/homebrew/bin
  /opt/homebrew/Cellar/python@3.11/3.11.5/Frameworks/Python.framework/Versions/3.11/lib/python311.zip
  /opt/homebrew/Cellar/python@3.11/3.11.5/Frameworks/Python.framework/Versions/3.11/lib/python3.11
  /opt/homebrew/Cellar/python@3.11/3.11.5/Frameworks/Python.framework/Versions/3.11/lib/python3.11/lib-dynload
  /opt/homebrew/lib/python3.11/site-packages</msg>
<msg timestamp="20231030 19:03:37.503" level="ERROR">Error in file '/Users/sara/code/nelson-test-automation/resources/keywords/booking.resource' on line 7: Importing library 'Browser' failed: ModuleNotFoundError: No module named 'Browser'
Traceback (most recent call last):
  None
PYTHONPATH:
  /opt/homebrew/bin
  /opt/homebrew/Cellar/python@3.11/3.11.5/Frameworks/Python.framework/Versions/3.11/lib/python311.zip
  /opt/homebrew/Cellar/python@3.11/3.11.5/Frameworks/Python.framework/Versions/3.11/lib/python3.11
  /opt/homebrew/Cellar/python@3.11/3.11.5/Frameworks/Python.framework/Versions/3.11/lib/python3.11/lib-dynload
  /opt/homebrew/lib/python3.11/site-packages</msg>
<msg timestamp="20231030 19:03:37.503" level="ERROR">Error in file '/Users/sara/code/nelson-test-automation/resources/keywords/mui.resource' on line 3: Importing library '/Users/sara/code/nelson-test-automation/resources/libraries/Helpers.py' failed: ModuleNotFoundError: No module named 'mailslurp_client'
Traceback (most recent call last):
  File "/Users/sara/code/nelson-test-automation/resources/libraries/Helpers.py", line 4, in &lt;module&gt;
    import mailslurp_client
PYTHONPATH:
  /Users/sara/code/nelson-test-automation/resources/libraries
  /opt/homebrew/bin
  /opt/homebrew/Cellar/python@3.11/3.11.5/Frameworks/Python.framework/Versions/3.11/lib/python311.zip
  /opt/homebrew/Cellar/python@3.11/3.11.5/Frameworks/Python.framework/Versions/3.11/lib/python3.11
  /opt/homebrew/Cellar/python@3.11/3.11.5/Frameworks/Python.framework/Versions/3.11/lib/python3.11/lib-dynload
  /opt/homebrew/lib/python3.11/site-packages</msg>
<msg timestamp="20231030 19:03:37.504" level="ERROR">Error in file '/Users/sara/code/nelson-test-automation/resources/keywords/mui.menu.resource' on line 3: Importing library '/Users/sara/code/nelson-test-automation/resources/libraries/Helpers.py' failed: ModuleNotFoundError: No module named 'mailslurp_client'
Traceback (most recent call last):
  File "/Users/sara/code/nelson-test-automation/resources/libraries/Helpers.py", line 4, in &lt;module&gt;
    import mailslurp_client
PYTHONPATH:
  /Users/sara/code/nelson-test-automation/resources/libraries
  /opt/homebrew/bin
  /opt/homebrew/Cellar/python@3.11/3.11.5/Frameworks/Python.framework/Versions/3.11/lib/python311.zip
  /opt/homebrew/Cellar/python@3.11/3.11.5/Frameworks/Python.framework/Versions/3.11/lib/python3.11
  /opt/homebrew/Cellar/python@3.11/3.11.5/Frameworks/Python.framework/Versions/3.11/lib/python3.11/lib-dynload
  /opt/homebrew/lib/python3.11/site-packages</msg>
<msg timestamp="20231030 19:03:37.506" level="ERROR">Error in file '/Users/sara/code/nelson-test-automation/resources/keywords/mui.reservations.resource' on line 3: Importing library '/Users/sara/code/nelson-test-automation/resources/libraries/Helpers.py' failed: ModuleNotFoundError: No module named 'mailslurp_client'
Traceback (most recent call last):
  File "/Users/sara/code/nelson-test-automation/resources/libraries/Helpers.py", line 4, in &lt;module&gt;
    import mailslurp_client
PYTHONPATH:
  /Users/sara/code/nelson-test-automation/resources/libraries
  /opt/homebrew/bin
  /opt/homebrew/Cellar/python@3.11/3.11.5/Frameworks/Python.framework/Versions/3.11/lib/python311.zip
  /opt/homebrew/Cellar/python@3.11/3.11.5/Frameworks/Python.framework/Versions/3.11/lib/python3.11
  /opt/homebrew/Cellar/python@3.11/3.11.5/Frameworks/Python.framework/Versions/3.11/lib/python3.11/lib-dynload
  /opt/homebrew/lib/python3.11/site-packages</msg>
<msg timestamp="20231030 19:03:37.612" level="ERROR">Error in file '/Users/sara/code/nelson-test-automation/resources/keywords/common.resource' on line 3: Importing library '/Users/sara/code/nelson-test-automation/resources/libraries/Helpers.py' failed: ModuleNotFoundError: No module named 'mailslurp_client'
Traceback (most recent call last):
  File "/Users/sara/code/nelson-test-automation/resources/libraries/Helpers.py", line 4, in &lt;module&gt;
    import mailslurp_client
PYTHONPATH:
  /Users/sara/code/nelson-test-automation/resources/libraries
  /opt/homebrew/bin
  /opt/homebrew/Cellar/python@3.11/3.11.5/Frameworks/Python.framework/Versions/3.11/lib/python311.zip
  /opt/homebrew/Cellar/python@3.11/3.11.5/Frameworks/Python.framework/Versions/3.11/lib/python3.11
  /opt/homebrew/Cellar/python@3.11/3.11.5/Frameworks/Python.framework/Versions/3.11/lib/python3.11/lib-dynload
  /opt/homebrew/lib/python3.11/site-packages</msg>
<msg timestamp="20231030 19:03:37.613" level="ERROR">Error in file '/Users/sara/code/nelson-test-automation/resources/keywords/common.resource' on line 4: Importing library '/Users/sara/code/nelson-test-automation/resources/libraries/MailSlurp.py' failed: ModuleNotFoundError: No module named 'mailslurp_client'
Traceback (most recent call last):
  File "/Users/sara/code/nelson-test-automation/resources/libraries/MailSlurp.py", line 1, in &lt;module&gt;
    import mailslurp_client
PYTHONPATH:
  /Users/sara/code/nelson-test-automation/resources/libraries
  /opt/homebrew/bin
  /opt/homebrew/Cellar/python@3.11/3.11.5/Frameworks/Python.framework/Versions/3.11/lib/python311.zip
  /opt/homebrew/Cellar/python@3.11/3.11.5/Frameworks/Python.framework/Versions/3.11/lib/python3.11
  /opt/homebrew/Cellar/python@3.11/3.11.5/Frameworks/Python.framework/Versions/3.11/lib/python3.11/lib-dynload
  /opt/homebrew/lib/python3.11/site-packages</msg>
<msg timestamp="20231030 19:03:37.614" level="ERROR">Error in file '/Users/sara/code/nelson-test-automation/resources/keywords/common.resource' on line 6: Importing library 'Browser' failed: ModuleNotFoundError: No module named 'Browser'
Traceback (most recent call last):
  None
PYTHONPATH:
  /opt/homebrew/bin
  /opt/homebrew/Cellar/python@3.11/3.11.5/Frameworks/Python.framework/Versions/3.11/lib/python311.zip
  /opt/homebrew/Cellar/python@3.11/3.11.5/Frameworks/Python.framework/Versions/3.11/lib/python3.11
  /opt/homebrew/Cellar/python@3.11/3.11.5/Frameworks/Python.framework/Versions/3.11/lib/python3.11/lib-dynload
  /opt/homebrew/lib/python3.11/site-packages</msg>
<msg timestamp="20231030 19:03:37.616" level="ERROR">Error in file '/Users/sara/code/nelson-test-automation/resources/keywords/bdc.resource' on line 3: Importing library '/Users/sara/code/nelson-test-automation/resources/libraries/Helpers.py' failed: ModuleNotFoundError: No module named 'mailslurp_client'
Traceback (most recent call last):
  File "/Users/sara/code/nelson-test-automation/resources/libraries/Helpers.py", line 4, in &lt;module&gt;
    import mailslurp_client
PYTHONPATH:
  /Users/sara/code/nelson-test-automation/resources/libraries
  /opt/homebrew/bin
  /opt/homebrew/Cellar/python@3.11/3.11.5/Frameworks/Python.framework/Versions/3.11/lib/python311.zip
  /opt/homebrew/Cellar/python@3.11/3.11.5/Frameworks/Python.framework/Versions/3.11/lib/python3.11
  /opt/homebrew/Cellar/python@3.11/3.11.5/Frameworks/Python.framework/Versions/3.11/lib/python3.11/lib-dynload
  /opt/homebrew/lib/python3.11/site-packages</msg>
<msg timestamp="20231030 19:03:37.645" level="ERROR">Error in file '/Users/sara/code/nelson-test-automation/testsuites/OTA/expedia.robot' on line 3: Importing library 'Browser' failed: ModuleNotFoundError: No module named 'Browser'
Traceback (most recent call last):
  None
PYTHONPATH:
  /opt/homebrew/bin
  /opt/homebrew/Cellar/python@3.11/3.11.5/Frameworks/Python.framework/Versions/3.11/lib/python311.zip
  /opt/homebrew/Cellar/python@3.11/3.11.5/Frameworks/Python.framework/Versions/3.11/lib/python3.11
  /opt/homebrew/Cellar/python@3.11/3.11.5/Frameworks/Python.framework/Versions/3.11/lib/python3.11/lib-dynload
  /opt/homebrew/lib/python3.11/site-packages</msg>
<msg timestamp="20231030 19:03:37.646" level="ERROR">Error in file '/Users/sara/code/nelson-test-automation/resources/keywords/common.resource' on line 3: Importing library '/Users/sara/code/nelson-test-automation/resources/libraries/Helpers.py' failed: ModuleNotFoundError: No module named 'mailslurp_client'
Traceback (most recent call last):
  File "/Users/sara/code/nelson-test-automation/resources/libraries/Helpers.py", line 4, in &lt;module&gt;
    import mailslurp_client
PYTHONPATH:
  /Users/sara/code/nelson-test-automation/resources/libraries
  /opt/homebrew/bin
  /opt/homebrew/Cellar/python@3.11/3.11.5/Frameworks/Python.framework/Versions/3.11/lib/python311.zip
  /opt/homebrew/Cellar/python@3.11/3.11.5/Frameworks/Python.framework/Versions/3.11/lib/python3.11
  /opt/homebrew/Cellar/python@3.11/3.11.5/Frameworks/Python.framework/Versions/3.11/lib/python3.11/lib-dynload
  /opt/homebrew/lib/python3.11/site-packages</msg>
<msg timestamp="20231030 19:03:37.647" level="ERROR">Error in file '/Users/sara/code/nelson-test-automation/resources/keywords/common.resource' on line 4: Importing library '/Users/sara/code/nelson-test-automation/resources/libraries/MailSlurp.py' failed: ModuleNotFoundError: No module named 'mailslurp_client'
Traceback (most recent call last):
  File "/Users/sara/code/nelson-test-automation/resources/libraries/MailSlurp.py", line 1, in &lt;module&gt;
    import mailslurp_client
PYTHONPATH:
  /Users/sara/code/nelson-test-automation/resources/libraries
  /opt/homebrew/bin
  /opt/homebrew/Cellar/python@3.11/3.11.5/Frameworks/Python.framework/Versions/3.11/lib/python311.zip
  /opt/homebrew/Cellar/python@3.11/3.11.5/Frameworks/Python.framework/Versions/3.11/lib/python3.11
  /opt/homebrew/Cellar/python@3.11/3.11.5/Frameworks/Python.framework/Versions/3.11/lib/python3.11/lib-dynload
  /opt/homebrew/lib/python3.11/site-packages</msg>
<msg timestamp="20231030 19:03:37.648" level="ERROR">Error in file '/Users/sara/code/nelson-test-automation/resources/keywords/common.resource' on line 6: Importing library 'Browser' failed: ModuleNotFoundError: No module named 'Browser'
Traceback (most recent call last):
  None
PYTHONPATH:
  /opt/homebrew/bin
  /opt/homebrew/Cellar/python@3.11/3.11.5/Frameworks/Python.framework/Versions/3.11/lib/python311.zip
  /opt/homebrew/Cellar/python@3.11/3.11.5/Frameworks/Python.framework/Versions/3.11/lib/python3.11
  /opt/homebrew/Cellar/python@3.11/3.11.5/Frameworks/Python.framework/Versions/3.11/lib/python3.11/lib-dynload
  /opt/homebrew/lib/python3.11/site-packages</msg>
<msg timestamp="20231030 19:03:37.651" level="ERROR">Error in file '/Users/sara/code/nelson-test-automation/resources/keywords/booking.resource' on line 3: Importing library '/Users/sara/code/nelson-test-automation/resources/libraries/Helpers.py' failed: ModuleNotFoundError: No module named 'mailslurp_client'
Traceback (most recent call last):
  File "/Users/sara/code/nelson-test-automation/resources/libraries/Helpers.py", line 4, in &lt;module&gt;
    import mailslurp_client
PYTHONPATH:
  /Users/sara/code/nelson-test-automation/resources/libraries
  /opt/homebrew/bin
  /opt/homebrew/Cellar/python@3.11/3.11.5/Frameworks/Python.framework/Versions/3.11/lib/python311.zip
  /opt/homebrew/Cellar/python@3.11/3.11.5/Frameworks/Python.framework/Versions/3.11/lib/python3.11
  /opt/homebrew/Cellar/python@3.11/3.11.5/Frameworks/Python.framework/Versions/3.11/lib/python3.11/lib-dynload
  /opt/homebrew/lib/python3.11/site-packages</msg>
<msg timestamp="20231030 19:03:37.651" level="ERROR">Error in file '/Users/sara/code/nelson-test-automation/resources/keywords/booking.resource' on line 7: Importing library 'Browser' failed: ModuleNotFoundError: No module named 'Browser'
Traceback (most recent call last):
  None
PYTHONPATH:
  /opt/homebrew/bin
  /opt/homebrew/Cellar/python@3.11/3.11.5/Frameworks/Python.framework/Versions/3.11/lib/python311.zip
  /opt/homebrew/Cellar/python@3.11/3.11.5/Frameworks/Python.framework/Versions/3.11/lib/python3.11
  /opt/homebrew/Cellar/python@3.11/3.11.5/Frameworks/Python.framework/Versions/3.11/lib/python3.11/lib-dynload
  /opt/homebrew/lib/python3.11/site-packages</msg>
<msg timestamp="20231030 19:03:37.653" level="ERROR">Error in file '/Users/sara/code/nelson-test-automation/resources/keywords/mui.resource' on line 3: Importing library '/Users/sara/code/nelson-test-automation/resources/libraries/Helpers.py' failed: ModuleNotFoundError: No module named 'mailslurp_client'
Traceback (most recent call last):
  File "/Users/sara/code/nelson-test-automation/resources/libraries/Helpers.py", line 4, in &lt;module&gt;
    import mailslurp_client
PYTHONPATH:
  /Users/sara/code/nelson-test-automation/resources/libraries
  /opt/homebrew/bin
  /opt/homebrew/Cellar/python@3.11/3.11.5/Frameworks/Python.framework/Versions/3.11/lib/python311.zip
  /opt/homebrew/Cellar/python@3.11/3.11.5/Frameworks/Python.framework/Versions/3.11/lib/python3.11
  /opt/homebrew/Cellar/python@3.11/3.11.5/Frameworks/Python.framework/Versions/3.11/lib/python3.11/lib-dynload
  /opt/homebrew/lib/python3.11/site-packages</msg>
<msg timestamp="20231030 19:03:37.654" level="ERROR">Error in file '/Users/sara/code/nelson-test-automation/resources/keywords/mui.menu.resource' on line 3: Importing library '/Users/sara/code/nelson-test-automation/resources/libraries/Helpers.py' failed: ModuleNotFoundError: No module named 'mailslurp_client'
Traceback (most recent call last):
  File "/Users/sara/code/nelson-test-automation/resources/libraries/Helpers.py", line 4, in &lt;module&gt;
    import mailslurp_client
PYTHONPATH:
  /Users/sara/code/nelson-test-automation/resources/libraries
  /opt/homebrew/bin
  /opt/homebrew/Cellar/python@3.11/3.11.5/Frameworks/Python.framework/Versions/3.11/lib/python311.zip
  /opt/homebrew/Cellar/python@3.11/3.11.5/Frameworks/Python.framework/Versions/3.11/lib/python3.11
  /opt/homebrew/Cellar/python@3.11/3.11.5/Frameworks/Python.framework/Versions/3.11/lib/python3.11/lib-dynload
  /opt/homebrew/lib/python3.11/site-packages</msg>
<msg timestamp="20231030 19:03:37.655" level="ERROR">Error in file '/Users/sara/code/nelson-test-automation/resources/keywords/mui.reservations.resource' on line 3: Importing library '/Users/sara/code/nelson-test-automation/resources/libraries/Helpers.py' failed: ModuleNotFoundError: No module named 'mailslurp_client'
Traceback (most recent call last):
  File "/Users/sara/code/nelson-test-automation/resources/libraries/Helpers.py", line 4, in &lt;module&gt;
    import mailslurp_client
PYTHONPATH:
  /Users/sara/code/nelson-test-automation/resources/libraries
  /opt/homebrew/bin
  /opt/homebrew/Cellar/python@3.11/3.11.5/Frameworks/Python.framework/Versions/3.11/lib/python311.zip
  /opt/homebrew/Cellar/python@3.11/3.11.5/Frameworks/Python.framework/Versions/3.11/lib/python3.11
  /opt/homebrew/Cellar/python@3.11/3.11.5/Frameworks/Python.framework/Versions/3.11/lib/python3.11/lib-dynload
  /opt/homebrew/lib/python3.11/site-packages</msg>
<msg timestamp="20231030 19:03:37.656" level="ERROR">Error in file '/Users/sara/code/nelson-test-automation/resources/keywords/checkin.resource' on line 3: Importing library '/Users/sara/code/nelson-test-automation/resources/libraries/Helpers.py' failed: ModuleNotFoundError: No module named 'mailslurp_client'
Traceback (most recent call last):
  File "/Users/sara/code/nelson-test-automation/resources/libraries/Helpers.py", line 4, in &lt;module&gt;
    import mailslurp_client
PYTHONPATH:
  /Users/sara/code/nelson-test-automation/resources/libraries
  /opt/homebrew/bin
  /opt/homebrew/Cellar/python@3.11/3.11.5/Frameworks/Python.framework/Versions/3.11/lib/python311.zip
  /opt/homebrew/Cellar/python@3.11/3.11.5/Frameworks/Python.framework/Versions/3.11/lib/python3.11
  /opt/homebrew/Cellar/python@3.11/3.11.5/Frameworks/Python.framework/Versions/3.11/lib/python3.11/lib-dynload
  /opt/homebrew/lib/python3.11/site-packages</msg>
<msg timestamp="20231030 19:03:37.656" level="ERROR">Error in file '/Users/sara/code/nelson-test-automation/resources/keywords/checkin.resource' on line 7: Importing library 'Browser' failed: ModuleNotFoundError: No module named 'Browser'
Traceback (most recent call last):
  None
PYTHONPATH:
  /opt/homebrew/bin
  /opt/homebrew/Cellar/python@3.11/3.11.5/Frameworks/Python.framework/Versions/3.11/lib/python311.zip
  /opt/homebrew/Cellar/python@3.11/3.11.5/Frameworks/Python.framework/Versions/3.11/lib/python3.11
  /opt/homebrew/Cellar/python@3.11/3.11.5/Frameworks/Python.framework/Versions/3.11/lib/python3.11/lib-dynload
  /opt/homebrew/lib/python3.11/site-packages</msg>
</errors>
</robot>
