<?xml version="1.0" encoding="UTF-8"?>
<robot generator="Robot 5.0.1 (Python 3.9.16 on darwin)" generated="20230709 20:39:54.927" rpa="false" schemaversion="3">
<suite id="s1" name="Testsuites" source="/Users/saragilbert/Code/SQA/nelson-ta/testsuites">
<suite id="s1-s1" name="BUI" source="/Users/saragilbert/Code/SQA/nelson-ta/testsuites/BUI">
<suite id="s1-s1-s1" name="Regression" source="/Users/saragilbert/Code/SQA/nelson-ta/testsuites/BUI/regression">
<suite id="s1-s1-s1-s1" name="New Booking" source="/Users/saragilbert/Code/SQA/nelson-ta/testsuites/BUI/regression/new_booking.robot">
<kw name="Open Browser to Landing Page" library="common" type="SETUP">
<doc>A general startup keyword for opening a browser to the landing page.</doc>
<kw name="Open New Browser To URL" library="common">
<arg>${url}</arg>
<kw name="New Browser" library="Browser">
<arg>${browser}</arg>
<arg>${headless}</arg>
<arg>timeout=${timeout}</arg>
<tag>BrowserControl</tag>
<tag>Setter</tag>
<doc>Create a new playwright Browser with specified options.</doc>
<msg timestamp="20230709 20:39:56.275" level="INFO">{"browser": "firefox", "headless": false, "devtools": false, "handleSIGHUP": true, "handleSIGINT": true, "handleSIGTERM": true, "slowMo": 0.0, "timeout": 90000.0, "deprecated_pos_args": [], "tracesDir": "/Users/saragilbert/Code/SQA/nelson-ta/reports/test4/browser/traces/397a1dc0-ec45-4493-892f-918dd3daa63f"}</msg>
<msg timestamp="20230709 20:39:57.337" level="INFO">Successfully created browser with options: {"browser":"firefox","headless":false,"devtools":false,"handleSIGHUP":true,"handleSIGINT":true,"handleSIGTERM":true,"slowMo":0,"timeout":90000,"deprecated_pos_args":[],"tracesDir":"/Users/saragilbert/Code/SQA/nelson-ta/reports/test4/browser/traces/397a1dc0-ec45-4493-892f-918dd3daa63f"}</msg>
<status status="PASS" starttime="20230709 20:39:56.274" endtime="20230709 20:39:57.337"/>
</kw>
<kw name="Set Browser Timeout" library="Browser">
<arg>${timeout}</arg>
<tag>Config</tag>
<tag>Setter</tag>
<doc>Sets the timeout used by most input and getter keywords.</doc>
<msg timestamp="20230709 20:39:57.342" level="INFO">No context open.</msg>
<status status="PASS" starttime="20230709 20:39:57.338" endtime="20230709 20:39:57.342"/>
</kw>
<kw name="New Context" library="Browser">
<tag>BrowserControl</tag>
<tag>Setter</tag>
<doc>Create a new BrowserContext with specified options.</doc>
<msg timestamp="20230709 20:39:57.343" level="INFO">{
  "acceptDownloads": true,
  "bypassCSP": false,
  "forcedColors": "none",
  "hideRfBrowser": false,
  "ignoreHTTPSErrors": false,
  "javaScriptEnabled": true,
  "offline": false,
  "reducedMotion": "no-preference",
  "viewport": {
    "height": 720,
    "width": 1280
  },
  "deprecated_pos_args": []
}</msg>
<msg timestamp="20230709 20:39:57.627" level="INFO">Successfully created context. </msg>
<msg timestamp="20230709 20:39:57.627" level="INFO">{'acceptDownloads': True, 'bypassCSP': False, 'forcedColors': 'none', 'hideRfBrowser': False, 'ignoreHTTPSErrors': False, 'javaScriptEnabled': True, 'offline': False, 'reducedMotion': 'no-preference', 'viewport': {'height': 720, 'width': 1280}, 'deprecated_pos_args': []}</msg>
<status status="PASS" starttime="20230709 20:39:57.343" endtime="20230709 20:39:57.627"/>
</kw>
<kw name="New Page" library="Browser">
<arg>${url}</arg>
<tag>BrowserControl</tag>
<tag>Setter</tag>
<doc>Open a new Page.</doc>
<msg timestamp="20230709 20:40:02.443" level="INFO">Successfully initialized new page object and opened url: https://test4.omenahotels.com/en</msg>
<status status="PASS" starttime="20230709 20:39:57.628" endtime="20230709 20:40:02.443"/>
</kw>
<status status="PASS" starttime="20230709 20:39:56.273" endtime="20230709 20:40:02.443"/>
</kw>
<kw name="Wait Until Network Is Idle" library="Browser">
<tag>HTTP</tag>
<tag>Wait</tag>
<doc>Waits until there has been at least one instance of 500 ms of no network traffic on the page after loading.</doc>
<status status="PASS" starttime="20230709 20:40:02.444" endtime="20230709 20:40:03.116"/>
</kw>
<kw name="Allow Cookies" library="common">
<doc>Allow Cookies/Toggle Cookie allowance</doc>
<kw name="Is Element Found" library="common">
<var>${cookieModalVisible}</var>
<arg>id=CybotCookiebotDialogBodyLevelButtonLevelOptinAllowAll</arg>
<doc>A keyword that has a very complex way of figuring out whether an
element is found or not because I had trouble with the built-in keywords
Can be solved differently if you have a better idea</doc>
<kw name="Set Browser Timeout" library="Browser">
<arg>10s</arg>
<tag>Config</tag>
<tag>Setter</tag>
<doc>Sets the timeout used by most input and getter keywords.</doc>
<msg timestamp="20230709 20:40:03.120" level="INFO">Set timeout to: 10000</msg>
<status status="PASS" starttime="20230709 20:40:03.117" endtime="20230709 20:40:03.120"/>
</kw>
<try>
<branch type="TRY">
<kw name="Get Elements" library="Browser">
<var>${els}</var>
<arg>${selector}</arg>
<tag>Getter</tag>
<tag>PageContent</tag>
<doc>Returns a reference to Playwright [https://playwright.dev/docs/api/class-locator|Locator]
for all matched elements by ``selector``.</doc>
<msg timestamp="20230709 20:40:03.170" level="INFO">Found 1 Locators successfully.</msg>
<msg timestamp="20230709 20:40:03.170" level="INFO">${els} = ['element=beb6d2a2-d341-4cf2-a21d-74295cd3fdbd']</msg>
<status status="PASS" starttime="20230709 20:40:03.121" endtime="20230709 20:40:03.170"/>
</kw>
<kw name="Get Length" library="BuiltIn">
<var>${count}</var>
<arg>${els}</arg>
<doc>Returns and logs the length of the given item as an integer.</doc>
<msg timestamp="20230709 20:40:03.171" level="INFO">Length is 1</msg>
<msg timestamp="20230709 20:40:03.171" level="INFO">${count} = 1</msg>
<status status="PASS" starttime="20230709 20:40:03.171" endtime="20230709 20:40:03.171"/>
</kw>
<if>
<branch type="IF" condition="${count} &gt; 0">
<kw name="Set Variable" library="BuiltIn">
<var>${visible}</var>
<arg>True</arg>
<doc>Returns the given values which can then be assigned to a variables.</doc>
<msg timestamp="20230709 20:40:03.172" level="INFO">${visible} = True</msg>
<status status="PASS" starttime="20230709 20:40:03.172" endtime="20230709 20:40:03.172"/>
</kw>
<status status="PASS" starttime="20230709 20:40:03.172" endtime="20230709 20:40:03.172"/>
</branch>
<branch type="ELSE">
<kw name="Set Variable" library="BuiltIn">
<var>${visible}</var>
<arg>False</arg>
<doc>Returns the given values which can then be assigned to a variables.</doc>
<status status="NOT RUN" starttime="20230709 20:40:03.172" endtime="20230709 20:40:03.173"/>
</kw>
<status status="NOT RUN" starttime="20230709 20:40:03.172" endtime="20230709 20:40:03.173"/>
</branch>
<status status="PASS" starttime="20230709 20:40:03.171" endtime="20230709 20:40:03.173"/>
</if>
<status status="PASS" starttime="20230709 20:40:03.121" endtime="20230709 20:40:03.173"/>
</branch>
<branch type="EXCEPT">
<kw name="Set Variable" library="BuiltIn">
<var>${visible}</var>
<arg>False</arg>
<doc>Returns the given values which can then be assigned to a variables.</doc>
<status status="NOT RUN" starttime="20230709 20:40:03.173" endtime="20230709 20:40:03.173"/>
</kw>
<status status="NOT RUN" starttime="20230709 20:40:03.173" endtime="20230709 20:40:03.173"/>
</branch>
<status status="PASS" starttime="20230709 20:40:03.120" endtime="20230709 20:40:03.173"/>
</try>
<kw name="Set Browser Timeout" library="Browser">
<arg>${timeout}</arg>
<tag>Config</tag>
<tag>Setter</tag>
<doc>Sets the timeout used by most input and getter keywords.</doc>
<msg timestamp="20230709 20:40:03.177" level="INFO">Set timeout to: 90000</msg>
<status status="PASS" starttime="20230709 20:40:03.174" endtime="20230709 20:40:03.177"/>
</kw>
<msg timestamp="20230709 20:40:03.177" level="INFO">${cookieModalVisible} = True</msg>
<status status="PASS" starttime="20230709 20:40:03.117" endtime="20230709 20:40:03.177"/>
</kw>
<if>
<branch type="IF" condition="${cookieModalVisible}">
<kw name="Click" library="Browser">
<arg>id=CybotCookiebotDialogBodyLevelButtonLevelOptinAllowAll</arg>
<tag>PageContent</tag>
<tag>Setter</tag>
<doc>Simulates mouse click on the element found by ``selector``.</doc>
<status status="PASS" starttime="20230709 20:40:03.178" endtime="20230709 20:40:03.271"/>
</kw>
<status status="PASS" starttime="20230709 20:40:03.177" endtime="20230709 20:40:03.271"/>
</branch>
<branch type="ELSE">
<kw name="Log" library="BuiltIn">
<arg>No Cookie Modal Visible</arg>
<doc>Logs the given message with the given level.</doc>
<status status="NOT RUN" starttime="20230709 20:40:03.271" endtime="20230709 20:40:03.271"/>
</kw>
<status status="NOT RUN" starttime="20230709 20:40:03.271" endtime="20230709 20:40:03.271"/>
</branch>
<status status="PASS" starttime="20230709 20:40:03.177" endtime="20230709 20:40:03.271"/>
</if>
<status status="PASS" starttime="20230709 20:40:03.116" endtime="20230709 20:40:03.272"/>
</kw>
<kw name="Set Environment" library="common">
<kw name="Get Url" library="Browser">
<var>${currentUrl}</var>
<tag>Assertion</tag>
<tag>Getter</tag>
<tag>PageContent</tag>
<doc>Returns the current URL.</doc>
<msg timestamp="20230709 20:40:03.275" level="INFO">${currentUrl} = https://test4.omenahotels.com/en/</msg>
<status status="PASS" starttime="20230709 20:40:03.272" endtime="20230709 20:40:03.275"/>
</kw>
<kw name="Get Environment From Url" library="Helpers">
<var>${env}</var>
<arg>${currentUrl}</arg>
<msg timestamp="20230709 20:40:03.276" level="INFO">${env} = test-omena</msg>
<status status="PASS" starttime="20230709 20:40:03.276" endtime="20230709 20:40:03.276"/>
</kw>
<kw name="Set Variable" library="BuiltIn">
<arg>${environment}</arg>
<arg>${env}</arg>
<doc>Returns the given values which can then be assigned to a variables.</doc>
<status status="PASS" starttime="20230709 20:40:03.276" endtime="20230709 20:40:03.276"/>
</kw>
<status status="PASS" starttime="20230709 20:40:03.272" endtime="20230709 20:40:03.277"/>
</kw>
<status status="PASS" starttime="20230709 20:39:56.272" endtime="20230709 20:40:03.277"/>
</kw>
<test id="s1-s1-s1-s1-t1" name="Create A New Booking as" line="13">
<kw name="Select Hotel" library="booking">
<doc>Select Hotel by using a number as an argument, default Lönnrotinkatu</doc>
<if>
<branch type="IF" condition="&quot;${environment}&quot; == &quot;test-exhibition&quot;">
<kw name="Log" library="BuiltIn">
<arg>No hotel to be selected</arg>
<doc>Logs the given message with the given level.</doc>
<status status="NOT RUN" starttime="20230709 20:40:03.284" endtime="20230709 20:40:03.284"/>
</kw>
<status status="NOT RUN" starttime="20230709 20:40:03.284" endtime="20230709 20:40:03.284"/>
</branch>
<branch type="ELSE">
<kw name="Log" library="BuiltIn">
<arg>Selecting Hotel: ${hotel}</arg>
<doc>Logs the given message with the given level.</doc>
<msg timestamp="20230709 20:40:03.285" level="INFO">Selecting Hotel: Lönnrotin</msg>
<status status="PASS" starttime="20230709 20:40:03.285" endtime="20230709 20:40:03.285"/>
</kw>
<kw name="Click" library="Browser">
<arg>//div[contains(@data-nelson-btn, "hotels")]</arg>
<tag>PageContent</tag>
<tag>Setter</tag>
<doc>Simulates mouse click on the element found by ``selector``.</doc>
<status status="PASS" starttime="20230709 20:40:03.285" endtime="20230709 20:40:03.375"/>
</kw>
<kw name="Wait Until Visible" library="common">
<arg>//a[contains(@class, 'dropdown-item') and contains(text(), '${hotel}')]</arg>
<doc>An easier keyword for waiting until an element is visible</doc>
<kw name="Wait For Elements State" library="Browser">
<arg>${element}</arg>
<arg>visible</arg>
<arg>timeout=${timeout}</arg>
<tag>PageContent</tag>
<tag>Wait</tag>
<doc>Waits for the element found by ``selector`` to satisfy state option.</doc>
<msg timestamp="20230709 20:40:03.387" level="INFO">Waited for Element with selector //a[contains(@class, 'dropdown-item') and contains(text(), 'Lönnrotin')] at state visible</msg>
<status status="PASS" starttime="20230709 20:40:03.376" endtime="20230709 20:40:03.387"/>
</kw>
<status status="PASS" starttime="20230709 20:40:03.376" endtime="20230709 20:40:03.387"/>
</kw>
<kw name="Click" library="Browser">
<arg>//a[contains(@class, 'dropdown-item') and contains(text(), '${hotel}')]</arg>
<tag>PageContent</tag>
<tag>Setter</tag>
<doc>Simulates mouse click on the element found by ``selector``.</doc>
<status status="PASS" starttime="20230709 20:40:03.387" endtime="20230709 20:40:03.588"/>
</kw>
<kw name="Wait For Elements State" library="Browser">
<arg>//a[contains(@class, 'dropdown-item') and contains(text(), '${hotel}')]</arg>
<arg>hidden</arg>
<arg>timeout=3s</arg>
<tag>PageContent</tag>
<tag>Wait</tag>
<doc>Waits for the element found by ``selector`` to satisfy state option.</doc>
<msg timestamp="20230709 20:40:03.596" level="INFO">Waited for Element with selector //a[contains(@class, 'dropdown-item') and contains(text(), 'Lönnrotin')] at state hidden</msg>
<status status="PASS" starttime="20230709 20:40:03.588" endtime="20230709 20:40:03.596"/>
</kw>
<status status="PASS" starttime="20230709 20:40:03.284" endtime="20230709 20:40:03.596"/>
</branch>
<status status="PASS" starttime="20230709 20:40:03.284" endtime="20230709 20:40:03.597"/>
</if>
<status status="PASS" starttime="20230709 20:40:03.283" endtime="20230709 20:40:03.597"/>
</kw>
<kw name="Select Dates" library="booking">
<kw name="Log" library="BuiltIn">
<arg>${EMPTY}</arg>
<doc>Logs the given message with the given level.</doc>
<msg timestamp="20230709 20:40:03.599" level="INFO"/>
<status status="PASS" starttime="20230709 20:40:03.598" endtime="20230709 20:40:03.599"/>
</kw>
<status status="PASS" starttime="20230709 20:40:03.597" endtime="20230709 20:40:03.599"/>
</kw>
<kw name="Select Guests" library="booking">
<doc>Selects the number of guests for the booking, current implementation will only check the dropdown</doc>
<kw name="Log To Console" library="BuiltIn">
<arg>${EMPTY}</arg>
<doc>Logs the given message to the console.</doc>
<status status="PASS" starttime="20230709 20:40:03.600" endtime="20230709 20:40:03.601"/>
</kw>
<status status="PASS" starttime="20230709 20:40:03.599" endtime="20230709 20:40:03.601"/>
</kw>
<kw name="Click Book or Find Rooms Button" library="booking">
<kw name="Get Url" library="Browser">
<var>${url}</var>
<tag>Assertion</tag>
<tag>Getter</tag>
<tag>PageContent</tag>
<doc>Returns the current URL.</doc>
<msg timestamp="20230709 20:40:03.605" level="INFO">${url} = https://test4.omenahotels.com/en/#</msg>
<status status="PASS" starttime="20230709 20:40:03.602" endtime="20230709 20:40:03.605"/>
</kw>
<kw name="Check If String Contains" library="common">
<var>${booking}</var>
<arg>${url}</arg>
<arg>/booking/</arg>
<kw name="Check If String Contains Substring" library="Helpers">
<var>${contains}</var>
<arg>${string}</arg>
<arg>${substring}</arg>
<msg timestamp="20230709 20:40:03.606" level="INFO">${contains} = False</msg>
<status status="PASS" starttime="20230709 20:40:03.605" endtime="20230709 20:40:03.606"/>
</kw>
<msg timestamp="20230709 20:40:03.606" level="INFO">${booking} = False</msg>
<status status="PASS" starttime="20230709 20:40:03.605" endtime="20230709 20:40:03.606"/>
</kw>
<if>
<branch type="IF" condition="${booking} == True">
<kw name="Click" library="Browser">
<arg>//button[contains(@class, 'booking-form-button') and contains(text(), 'Find rooms')]</arg>
<tag>PageContent</tag>
<tag>Setter</tag>
<doc>Simulates mouse click on the element found by ``selector``.</doc>
<status status="NOT RUN" starttime="20230709 20:40:03.607" endtime="20230709 20:40:03.607"/>
</kw>
<status status="NOT RUN" starttime="20230709 20:40:03.607" endtime="20230709 20:40:03.607"/>
</branch>
<branch type="ELSE">
<kw name="Click" library="Browser">
<arg>//button[contains(@class, 'booking-form-button') and contains(text(), 'Book')]</arg>
<tag>PageContent</tag>
<tag>Setter</tag>
<doc>Simulates mouse click on the element found by ``selector``.</doc>
<status status="PASS" starttime="20230709 20:40:03.607" endtime="20230709 20:40:03.828"/>
</kw>
<status status="PASS" starttime="20230709 20:40:03.607" endtime="20230709 20:40:03.828"/>
</branch>
<status status="PASS" starttime="20230709 20:40:03.606" endtime="20230709 20:40:03.828"/>
</if>
<status status="PASS" starttime="20230709 20:40:03.602" endtime="20230709 20:40:03.828"/>
</kw>
<kw name="Select a Standard Room" library="booking">
<kw name="Wait Until Visible" library="common">
<arg>${btnExtras}</arg>
<doc>An easier keyword for waiting until an element is visible</doc>
<kw name="Wait For Elements State" library="Browser">
<arg>${element}</arg>
<arg>visible</arg>
<arg>timeout=${timeout}</arg>
<tag>PageContent</tag>
<tag>Wait</tag>
<doc>Waits for the element found by ``selector`` to satisfy state option.</doc>
<msg timestamp="20230709 20:40:06.424" level="INFO">Waited for Element with selector (//div[contains(@view,"booking")]//button[contains(text(), "Continue to extras")])[1] at state visible</msg>
<status status="PASS" starttime="20230709 20:40:03.830" endtime="20230709 20:40:06.425"/>
</kw>
<status status="PASS" starttime="20230709 20:40:03.829" endtime="20230709 20:40:06.425"/>
</kw>
<kw name="Get Element States" library="Browser">
<var>${visible}</var>
<arg>//div[contains(text(), 'Select room')]</arg>
<arg>then</arg>
<arg>bool(value &amp; visible)</arg>
<tag>Assertion</tag>
<tag>Getter</tag>
<tag>PageContent</tag>
<doc>Get the active states from the element found by ``selector``.</doc>
<msg timestamp="20230709 20:40:06.680" level="INFO">${visible} = False</msg>
<status status="PASS" starttime="20230709 20:40:06.425" endtime="20230709 20:40:06.680"/>
</kw>
<kw name="Run Keyword If" library="BuiltIn">
<arg>${visible}</arg>
<arg>Select Standard and Remove Other Room Selection</arg>
<doc>Runs the given keyword with the given arguments, if ``condition`` is true.</doc>
<status status="PASS" starttime="20230709 20:40:06.680" endtime="20230709 20:40:06.680"/>
</kw>
<status status="PASS" starttime="20230709 20:40:03.828" endtime="20230709 20:40:06.681"/>
</kw>
<kw name="Click Continue to Extras Button" library="booking">
<doc>Clicks the continue to extras button</doc>
<kw name="Click" library="Browser">
<arg>${btnExtras}</arg>
<tag>PageContent</tag>
<tag>Setter</tag>
<doc>Simulates mouse click on the element found by ``selector``.</doc>
<status status="PASS" starttime="20230709 20:40:06.681" endtime="20230709 20:40:11.372"/>
</kw>
<kw name="Wait Until Visible" library="common">
<arg>${btnPayment}</arg>
<doc>An easier keyword for waiting until an element is visible</doc>
<kw name="Wait For Elements State" library="Browser">
<arg>${element}</arg>
<arg>visible</arg>
<arg>timeout=${timeout}</arg>
<tag>PageContent</tag>
<tag>Wait</tag>
<doc>Waits for the element found by ``selector`` to satisfy state option.</doc>
<msg timestamp="20230709 20:40:12.335" level="INFO">Waited for Element with selector (//div[contains(@view,"extras")]//button[contains(text(), "Continue to payment")])[1] at state visible</msg>
<status status="PASS" starttime="20230709 20:40:11.373" endtime="20230709 20:40:12.336"/>
</kw>
<status status="PASS" starttime="20230709 20:40:11.372" endtime="20230709 20:40:12.336"/>
</kw>
<status status="PASS" starttime="20230709 20:40:06.681" endtime="20230709 20:40:12.336"/>
</kw>
<kw name="Continue to Payment" library="booking">
<kw name="Click" library="Browser">
<arg>(//button[normalize-space()='Continue to payment'])[1]</arg>
<tag>PageContent</tag>
<tag>Setter</tag>
<doc>Simulates mouse click on the element found by ``selector``.</doc>
<status status="PASS" starttime="20230709 20:40:12.337" endtime="20230709 20:40:12.449"/>
</kw>
<status status="PASS" starttime="20230709 20:40:12.336" endtime="20230709 20:40:12.449"/>
</kw>
<kw name="Fill in Contact Information" library="booking">
<doc>Fills in Contact information that can be given as arguments or use default values
Uses a password if the environment is bui and</doc>
<kw name="Create Email and Return Inbox" library="common">
<var>${inbox}</var>
<doc>Creates a new email address and returns the inbox object</doc>
<kw name="Create new Inbox" library="MailSlurp">
<var>${inbox}</var>
<msg timestamp="20230709 20:40:13.298" level="INFO">${inbox} = {'created_at': datetime.datetime(2023, 7, 9, 17, 40, 13, 245000, tzinfo=tzutc()),
 'description': None,
 'domain_id': None,
 'email_address': 'c05cb5fd-ff85-4e42-b90c-3d4a64bc9132@mailslurp.com',
 'ex...</msg>
<status status="PASS" starttime="20230709 20:40:12.450" endtime="20230709 20:40:13.298"/>
</kw>
<kw name="Log To Console" library="BuiltIn">
<arg>${inbox.id}</arg>
<doc>Logs the given message to the console.</doc>
<status status="PASS" starttime="20230709 20:40:13.298" endtime="20230709 20:40:13.299"/>
</kw>
<msg timestamp="20230709 20:40:13.300" level="INFO">${inbox} = {'created_at': datetime.datetime(2023, 7, 9, 17, 40, 13, 245000, tzinfo=tzutc()),
 'description': None,
 'domain_id': None,
 'email_address': 'c05cb5fd-ff85-4e42-b90c-3d4a64bc9132@mailslurp.com',
 'ex...</msg>
<status status="PASS" starttime="20230709 20:40:12.450" endtime="20230709 20:40:13.300"/>
</kw>
<kw name="Click and Fill" library="common">
<arg>id=firstName</arg>
<arg>${firstName}</arg>
<doc>A keyword combination of Click and Fill Text since most of the form fields need a click</doc>
<kw name="Click" library="Browser">
<arg>${selector}</arg>
<tag>PageContent</tag>
<tag>Setter</tag>
<doc>Simulates mouse click on the element found by ``selector``.</doc>
<status status="PASS" starttime="20230709 20:40:13.301" endtime="20230709 20:40:13.935"/>
</kw>
<kw name="Fill Text" library="Browser">
<arg>${selector}</arg>
<arg>${text}</arg>
<tag>PageContent</tag>
<tag>Setter</tag>
<doc>Clears and fills the given ``txt`` into the text field found by ``selector``.</doc>
<msg timestamp="20230709 20:40:13.936" level="INFO">Fills the text 'Mos' in the given field.</msg>
<status status="PASS" starttime="20230709 20:40:13.935" endtime="20230709 20:40:14.004"/>
</kw>
<status status="PASS" starttime="20230709 20:40:13.300" endtime="20230709 20:40:14.005"/>
</kw>
<kw name="Click and Fill" library="common">
<arg>id=lastName</arg>
<arg>${lastName}</arg>
<doc>A keyword combination of Click and Fill Text since most of the form fields need a click</doc>
<kw name="Click" library="Browser">
<arg>${selector}</arg>
<tag>PageContent</tag>
<tag>Setter</tag>
<doc>Simulates mouse click on the element found by ``selector``.</doc>
<status status="PASS" starttime="20230709 20:40:14.005" endtime="20230709 20:40:14.158"/>
</kw>
<kw name="Fill Text" library="Browser">
<arg>${selector}</arg>
<arg>${text}</arg>
<tag>PageContent</tag>
<tag>Setter</tag>
<doc>Clears and fills the given ``txt`` into the text field found by ``selector``.</doc>
<msg timestamp="20230709 20:40:14.158" level="INFO">Fills the text 'Def' in the given field.</msg>
<status status="PASS" starttime="20230709 20:40:14.158" endtime="20230709 20:40:14.231"/>
</kw>
<status status="PASS" starttime="20230709 20:40:14.005" endtime="20230709 20:40:14.231"/>
</kw>
<kw name="Click and Fill" library="common">
<arg>id=email</arg>
<arg>${inbox.email_address}</arg>
<doc>A keyword combination of Click and Fill Text since most of the form fields need a click</doc>
<kw name="Click" library="Browser">
<arg>${selector}</arg>
<tag>PageContent</tag>
<tag>Setter</tag>
<doc>Simulates mouse click on the element found by ``selector``.</doc>
<status status="PASS" starttime="20230709 20:40:14.232" endtime="20230709 20:40:14.387"/>
</kw>
<kw name="Fill Text" library="Browser">
<arg>${selector}</arg>
<arg>${text}</arg>
<tag>PageContent</tag>
<tag>Setter</tag>
<doc>Clears and fills the given ``txt`` into the text field found by ``selector``.</doc>
<msg timestamp="20230709 20:40:14.387" level="INFO">Fills the text 'c05cb5fd-ff85-4e42-b90c-3d4a64bc9132@mailslurp.com' in the given field.</msg>
<status status="PASS" starttime="20230709 20:40:14.387" endtime="20230709 20:40:14.461"/>
</kw>
<status status="PASS" starttime="20230709 20:40:14.231" endtime="20230709 20:40:14.461"/>
</kw>
<kw name="Click and Fill" library="common">
<arg>id=phoneNumber</arg>
<arg>${phone}</arg>
<doc>A keyword combination of Click and Fill Text since most of the form fields need a click</doc>
<kw name="Click" library="Browser">
<arg>${selector}</arg>
<tag>PageContent</tag>
<tag>Setter</tag>
<doc>Simulates mouse click on the element found by ``selector``.</doc>
<status status="PASS" starttime="20230709 20:40:14.462" endtime="20230709 20:40:14.612"/>
</kw>
<kw name="Fill Text" library="Browser">
<arg>${selector}</arg>
<arg>${text}</arg>
<tag>PageContent</tag>
<tag>Setter</tag>
<doc>Clears and fills the given ``txt`` into the text field found by ``selector``.</doc>
<msg timestamp="20230709 20:40:14.612" level="INFO">Fills the text '040123942' in the given field.</msg>
<status status="PASS" starttime="20230709 20:40:14.612" endtime="20230709 20:40:14.673"/>
</kw>
<status status="PASS" starttime="20230709 20:40:14.462" endtime="20230709 20:40:14.673"/>
</kw>
<kw name="Log To Console" library="BuiltIn">
<arg>${inbox.id}</arg>
<doc>Logs the given message to the console.</doc>
<status status="PASS" starttime="20230709 20:40:14.673" endtime="20230709 20:40:14.675"/>
</kw>
<kw name="Set Suite Variable" library="BuiltIn">
<arg>$ID</arg>
<arg>${inbox.id}</arg>
<doc>Makes a variable available everywhere within the scope of the current suite.</doc>
<msg timestamp="20230709 20:40:14.676" level="INFO">${ID} = c05cb5fd-ff85-4e42-b90c-3d4a64bc9132</msg>
<status status="PASS" starttime="20230709 20:40:14.675" endtime="20230709 20:40:14.676"/>
</kw>
<kw name="Get Element Count" library="Browser">
<var>${passwordVisible}</var>
<arg>id=password</arg>
<tag>Assertion</tag>
<tag>Getter</tag>
<tag>PageContent</tag>
<doc>Returns the count of elements found with ``selector``.</doc>
<msg timestamp="20230709 20:40:14.703" level="INFO">${passwordVisible} = 1</msg>
<status status="PASS" starttime="20230709 20:40:14.677" endtime="20230709 20:40:14.703"/>
</kw>
<if>
<branch type="IF" condition="'${env}'=='bui' and '${passwordVisible}'&gt;'0'">
<kw name="Click and Fill" library="common">
<arg>id=password</arg>
<arg>${password}</arg>
<doc>A keyword combination of Click and Fill Text since most of the form fields need a click</doc>
<kw name="Click" library="Browser">
<arg>${selector}</arg>
<tag>PageContent</tag>
<tag>Setter</tag>
<doc>Simulates mouse click on the element found by ``selector``.</doc>
<status status="PASS" starttime="20230709 20:40:14.705" endtime="20230709 20:40:14.821"/>
</kw>
<kw name="Fill Text" library="Browser">
<arg>${selector}</arg>
<arg>${text}</arg>
<tag>PageContent</tag>
<tag>Setter</tag>
<doc>Clears and fills the given ``txt`` into the text field found by ``selector``.</doc>
<msg timestamp="20230709 20:40:14.822" level="INFO">Fills the text 'NotARealPass123!' in the given field.</msg>
<status status="PASS" starttime="20230709 20:40:14.822" endtime="20230709 20:40:14.852"/>
</kw>
<status status="PASS" starttime="20230709 20:40:14.704" endtime="20230709 20:40:14.852"/>
</kw>
<status status="PASS" starttime="20230709 20:40:14.704" endtime="20230709 20:40:14.852"/>
</branch>
<branch type="ELSE">
<kw name="Log To Console" library="BuiltIn">
<arg>No password filled</arg>
<doc>Logs the given message to the console.</doc>
<status status="NOT RUN" starttime="20230709 20:40:14.853" endtime="20230709 20:40:14.853"/>
</kw>
<status status="NOT RUN" starttime="20230709 20:40:14.853" endtime="20230709 20:40:14.853"/>
</branch>
<status status="PASS" starttime="20230709 20:40:14.703" endtime="20230709 20:40:14.853"/>
</if>
<status status="PASS" starttime="20230709 20:40:12.449" endtime="20230709 20:40:14.853"/>
</kw>
<kw name="Accept offers and Terms" library="booking">
<kw name="Click" library="Browser">
<arg>(//div[contains(text(), 'like to receive')])[1]</arg>
<tag>PageContent</tag>
<tag>Setter</tag>
<doc>Simulates mouse click on the element found by ``selector``.</doc>
<status status="PASS" starttime="20230709 20:40:14.854" endtime="20230709 20:40:15.014"/>
</kw>
<kw name="Click" library="Browser">
<arg>(//*[contains(text(),'Accept')]/ancestor::label//span[contains(@class,'chakra-checkbox__control')])[1]</arg>
<tag>PageContent</tag>
<tag>Setter</tag>
<doc>Simulates mouse click on the element found by ``selector``.</doc>
<status status="PASS" starttime="20230709 20:40:15.014" endtime="20230709 20:40:15.133"/>
</kw>
<status status="PASS" starttime="20230709 20:40:14.854" endtime="20230709 20:40:15.133"/>
</kw>
<kw name="Select Web Bank and Nordea as Payment Method" library="booking">
<kw name="Click" library="Browser">
<arg>//div[contains(text(), "Web bank payment")]</arg>
<tag>PageContent</tag>
<tag>Setter</tag>
<doc>Simulates mouse click on the element found by ``selector``.</doc>
<status status="PASS" starttime="20230709 20:40:15.134" endtime="20230709 20:40:15.240"/>
</kw>
<kw name="Click" library="Browser">
<arg>//p[contains(text(), 'Nordea')]</arg>
<tag>PageContent</tag>
<tag>Setter</tag>
<doc>Simulates mouse click on the element found by ``selector``.</doc>
<status status="PASS" starttime="20230709 20:40:15.240" endtime="20230709 20:40:15.377"/>
</kw>
<kw name="Click" library="Browser">
<arg>(//div[contains(@view,"payment")]//button[contains(text(), "Pay")])[1]</arg>
<tag>PageContent</tag>
<tag>Setter</tag>
<doc>Simulates mouse click on the element found by ``selector``.</doc>
<status status="PASS" starttime="20230709 20:40:15.377" endtime="20230709 20:40:17.612"/>
</kw>
<status status="PASS" starttime="20230709 20:40:15.134" endtime="20230709 20:40:17.613"/>
</kw>
<kw name="Complete Payment Successfully" library="booking">
<kw name="Simulate Success or Failure" library="booking">
<arg>success</arg>
<kw name="Wait For Elements State" library="Browser">
<arg>//a[contains(text(), 'Simulate ${which} to merchant')]</arg>
<arg>visible</arg>
<arg>timeout=${timeout}</arg>
<tag>PageContent</tag>
<tag>Wait</tag>
<doc>Waits for the element found by ``selector`` to satisfy state option.</doc>
<msg timestamp="20230709 20:40:24.321" level="INFO">Waited for Element with selector //a[contains(text(), 'Simulate success to merchant')] at state visible</msg>
<status status="PASS" starttime="20230709 20:40:17.614" endtime="20230709 20:40:24.321"/>
</kw>
<kw name="Click" library="Browser">
<arg>//a[contains(text(), 'Simulate ${which} to merchant')]</arg>
<tag>PageContent</tag>
<tag>Setter</tag>
<doc>Simulates mouse click on the element found by ``selector``.</doc>
<status status="PASS" starttime="20230709 20:40:24.322" endtime="20230709 20:40:26.099"/>
</kw>
<status status="PASS" starttime="20230709 20:40:17.613" endtime="20230709 20:40:26.099"/>
</kw>
<kw name="Verify Payment was successful" library="booking">
<kw name="Wait Until Visible" library="common">
<arg>//p[contains(text(), 'Payment was successful')]</arg>
<doc>An easier keyword for waiting until an element is visible</doc>
<kw name="Wait For Elements State" library="Browser">
<arg>${element}</arg>
<arg>visible</arg>
<arg>timeout=${timeout}</arg>
<tag>PageContent</tag>
<tag>Wait</tag>
<doc>Waits for the element found by ``selector`` to satisfy state option.</doc>
<msg timestamp="20230709 20:40:27.650" level="INFO">Waited for Element with selector //p[contains(text(), 'Payment was successful')] at state visible</msg>
<status status="PASS" starttime="20230709 20:40:26.101" endtime="20230709 20:40:27.650"/>
</kw>
<status status="PASS" starttime="20230709 20:40:26.100" endtime="20230709 20:40:27.650"/>
</kw>
<kw name="Close Dialog" library="booking">
<kw name="Wait Until Visible" library="common">
<arg>//button[contains(text(), "Ok")]</arg>
<doc>An easier keyword for waiting until an element is visible</doc>
<kw name="Wait For Elements State" library="Browser">
<arg>${element}</arg>
<arg>visible</arg>
<arg>timeout=${timeout}</arg>
<tag>PageContent</tag>
<tag>Wait</tag>
<doc>Waits for the element found by ``selector`` to satisfy state option.</doc>
<msg timestamp="20230709 20:40:27.679" level="INFO">Waited for Element with selector //button[contains(text(), "Ok")] at state visible</msg>
<status status="PASS" starttime="20230709 20:40:27.652" endtime="20230709 20:40:27.679"/>
</kw>
<status status="PASS" starttime="20230709 20:40:27.651" endtime="20230709 20:40:27.680"/>
</kw>
<kw name="Click" library="Browser">
<arg>//button[contains(text(), "Ok")]</arg>
<tag>PageContent</tag>
<tag>Setter</tag>
<doc>Simulates mouse click on the element found by ``selector``.</doc>
<status status="PASS" starttime="20230709 20:40:27.680" endtime="20230709 20:40:27.872"/>
</kw>
<status status="PASS" starttime="20230709 20:40:27.651" endtime="20230709 20:40:27.872"/>
</kw>
<kw name="Save Booking Number 1" library="booking">
<kw name="Get Text" library="Browser">
<var>${str}</var>
<arg>//p[contains(text(),'Booking number')]</arg>
<tag>Assertion</tag>
<tag>Getter</tag>
<tag>PageContent</tag>
<doc>Returns text attribute of the element found by ``selector``.</doc>
<msg timestamp="20230709 20:40:27.910" level="INFO">Text: 'Booking number: 800055150'</msg>
<msg timestamp="20230709 20:40:27.910" level="INFO">${str} = Booking number: 800055150</msg>
<status status="PASS" starttime="20230709 20:40:27.873" endtime="20230709 20:40:27.910"/>
</kw>
<kw name="Log To Console" library="BuiltIn">
<arg>${bookingNumber}</arg>
<doc>Logs the given message to the console.</doc>
<status status="PASS" starttime="20230709 20:40:27.911" endtime="20230709 20:40:27.911"/>
</kw>
<kw name="Remove String" library="String">
<var>${str}</var>
<arg>${str}</arg>
<arg>Booking code${SPACE}</arg>
<doc>Removes all ``removables`` from the given ``string``.</doc>
<msg timestamp="20230709 20:40:27.912" level="INFO">${str} = Booking number: 800055150</msg>
<status status="PASS" starttime="20230709 20:40:27.911" endtime="20230709 20:40:27.912"/>
</kw>
<kw name="Strip String" library="String">
<var>${str}</var>
<arg>${str}</arg>
<doc>Remove leading and/or trailing whitespaces from the given string.</doc>
<msg timestamp="20230709 20:40:27.912" level="INFO">${str} = Booking number: 800055150</msg>
<status status="PASS" starttime="20230709 20:40:27.912" endtime="20230709 20:40:27.913"/>
</kw>
<status status="PASS" starttime="20230709 20:40:27.872" endtime="20230709 20:40:27.913"/>
</kw>
<status status="PASS" starttime="20230709 20:40:26.100" endtime="20230709 20:40:27.913"/>
</kw>
<status status="PASS" starttime="20230709 20:40:17.613" endtime="20230709 20:40:27.913"/>
</kw>
<doc>A new booker opens the page and does a successful booking</doc>
<tag>smoke</tag>
<status status="PASS" starttime="20230709 20:40:03.277" endtime="20230709 20:40:27.913"/>
</test>
<test id="s1-s1-s1-s1-t2" name="Confirm Email and Open Link" line="27">
<kw name="Get Variable Value" library="BuiltIn">
<var>${id}</var>
<arg>$ID</arg>
<doc>Returns variable value or ``default`` if the variable does not exist.</doc>
<msg timestamp="20230709 20:40:27.926" level="INFO">${id} = c05cb5fd-ff85-4e42-b90c-3d4a64bc9132</msg>
<status status="PASS" starttime="20230709 20:40:27.925" endtime="20230709 20:40:27.926"/>
</kw>
<kw name="Wait for Latest Booking Confirmation and Extract Link" library="MailSlurp">
<var>${modify_link}</var>
<arg>${id}</arg>
<msg timestamp="20230709 20:40:44.704" level="INFO">${modify_link} = https://testnelson.page.link/?link=https%3A%2F%2Ftest4.omenahotels.com%2Fen%2Fbooking%2F%23%2Fmanage-booking%2F6776377a-0311-47f4-a996-79b57d0cffdb%3FnewSession%3Dtrue%26email%3Dc05cb5fd-ff85-4e42-b90...</msg>
<status status="PASS" starttime="20230709 20:40:27.926" endtime="20230709 20:40:44.704"/>
</kw>
<kw name="Open New Browser To URL" library="common">
<arg>${modify_link}</arg>
<kw name="New Browser" library="Browser">
<arg>${browser}</arg>
<arg>${headless}</arg>
<arg>timeout=${timeout}</arg>
<tag>BrowserControl</tag>
<tag>Setter</tag>
<doc>Create a new playwright Browser with specified options.</doc>
<msg timestamp="20230709 20:40:44.705" level="INFO">Switching browser to browser=d825d158-a299-4abf-bebe-acf52fa304ab</msg>
<msg timestamp="20230709 20:40:44.707" level="INFO">Successfully changed active browser</msg>
<msg timestamp="20230709 20:40:44.707" level="INFO">Reusing existing browser with id: browser=d825d158-a299-4abf-bebe-acf52fa304ab</msg>
<status status="PASS" starttime="20230709 20:40:44.704" endtime="20230709 20:40:44.707"/>
</kw>
<kw name="Set Browser Timeout" library="Browser">
<arg>${timeout}</arg>
<tag>Config</tag>
<tag>Setter</tag>
<doc>Sets the timeout used by most input and getter keywords.</doc>
<status status="PASS" starttime="20230709 20:40:44.707" endtime="20230709 20:40:44.707"/>
</kw>
<kw name="New Context" library="Browser">
<tag>BrowserControl</tag>
<tag>Setter</tag>
<doc>Create a new BrowserContext with specified options.</doc>
<msg timestamp="20230709 20:40:44.708" level="INFO">{
  "acceptDownloads": true,
  "bypassCSP": false,
  "forcedColors": "none",
  "hideRfBrowser": false,
  "ignoreHTTPSErrors": false,
  "javaScriptEnabled": true,
  "offline": false,
  "reducedMotion": "no-preference",
  "viewport": {
    "height": 720,
    "width": 1280
  },
  "deprecated_pos_args": []
}</msg>
<msg timestamp="20230709 20:40:44.715" level="INFO">Successfully created context. </msg>
<msg timestamp="20230709 20:40:44.715" level="INFO">{'acceptDownloads': True, 'bypassCSP': False, 'forcedColors': 'none', 'hideRfBrowser': False, 'ignoreHTTPSErrors': False, 'javaScriptEnabled': True, 'offline': False, 'reducedMotion': 'no-preference', 'viewport': {'height': 720, 'width': 1280}, 'deprecated_pos_args': []}</msg>
<status status="PASS" starttime="20230709 20:40:44.708" endtime="20230709 20:40:44.715"/>
</kw>
<kw name="New Page" library="Browser">
<arg>${url}</arg>
<tag>BrowserControl</tag>
<tag>Setter</tag>
<doc>Open a new Page.</doc>
<msg timestamp="20230709 20:40:53.310" level="INFO">Successfully initialized new page object and opened url: https://testnelson.page.link/?link=https%3A%2F%2Ftest4.omenahotels.com%2Fen%2Fbooking%2F%23%2Fmanage-booking%2F6776377a-0311-47f4-a996-79b57d0cffdb%3FnewSession%3Dtrue%26email%3Dc05cb5fd-ff85-4e42-b90c-3d4a64bc9132%40mailslurp.com%26code%3D800055150%26isMembership%3Dtrue</msg>
<status status="PASS" starttime="20230709 20:40:44.715" endtime="20230709 20:40:53.310"/>
</kw>
<status status="PASS" starttime="20230709 20:40:44.704" endtime="20230709 20:40:53.311"/>
</kw>
<doc>A new booker receives an email with a link to modify the booking</doc>
<tag>smoke</tag>
<status status="PASS" starttime="20230709 20:40:27.920" endtime="20230709 20:40:53.311"/>
</test>
<kw name="Close Browser" library="Browser" type="TEARDOWN">
<tag>BrowserControl</tag>
<tag>Setter</tag>
<doc>Closes the current browser.</doc>
<msg timestamp="20230709 20:40:54.064" level="INFO">Closed browser</msg>
<status status="PASS" starttime="20230709 20:40:53.372" endtime="20230709 20:40:54.064"/>
</kw>
<doc>A test suite for verifying modify booking functionality</doc>
<status status="PASS" starttime="20230709 20:39:54.949" endtime="20230709 20:40:54.065"/>
</suite>
<status status="PASS" starttime="20230709 20:39:54.947" endtime="20230709 20:40:54.072"/>
</suite>
<status status="PASS" starttime="20230709 20:39:54.946" endtime="20230709 20:40:54.073"/>
</suite>
<doc>Argument file for running tests on Omena test4 environment (test4)</doc>
<status status="PASS" starttime="20230709 20:39:54.928" endtime="20230709 20:40:54.074"/>
</suite>
<statistics>
<total>
<stat pass="2" fail="0" skip="0">All Tests</stat>
</total>
<tag>
<stat pass="2" fail="0" skip="0">smoke</stat>
</tag>
<suite>
<stat pass="2" fail="0" skip="0" id="s1" name="Testsuites">Testsuites</stat>
<stat pass="2" fail="0" skip="0" id="s1-s1" name="BUI">Testsuites.BUI</stat>
<stat pass="2" fail="0" skip="0" id="s1-s1-s1" name="Regression">Testsuites.BUI.Regression</stat>
<stat pass="2" fail="0" skip="0" id="s1-s1-s1-s1" name="New Booking">Testsuites.BUI.Regression.New Booking</stat>
</suite>
</statistics>
<errors>
</errors>
</robot>
