<?xml version="1.0" encoding="UTF-8"?>
<robot generator="Robot 5.0.1 (Python 3.11.4 on linux)" generated="20230809 11:51:05.763" rpa="false" schemaversion="3">
<suite id="s1" name="Testsuites" source="/home/runner/work/nelson-test-automation/nelson-test-automation/testsuites">
<suite id="s1-s1" name="BUI" source="/home/runner/work/nelson-test-automation/nelson-test-automation/testsuites/BUI">
<suite id="s1-s1-s1" name="Feature" source="/home/runner/work/nelson-test-automation/nelson-test-automation/testsuites/BUI/feature">
<suite id="s1-s1-s1-s1" name="Online Check In" source="/home/runner/work/nelson-test-automation/nelson-test-automation/testsuites/BUI/feature/online_check_in">
<suite id="s1-s1-s1-s1-s1" name="BUI2-556" source="/home/runner/work/nelson-test-automation/nelson-test-automation/testsuites/BUI/feature/online_check_in/BUI2-556.robot">
<kw name="Open Browser to Landing Page" library="common" type="SETUP">
<doc>A general startup keyword for opening a browser to the landing page.</doc>
<msg timestamp="20230809 11:51:07.047" level="TRACE">Arguments: [  ]</msg>
<kw name="Open New Browser To URL" library="common">
<arg>${url}</arg>
<msg timestamp="20230809 11:51:07.047" level="TRACE">Arguments: [ ${url}='https://test4.omenahotels.com/en' ]</msg>
<kw name="New Browser" library="Browser">
<arg>${browser}</arg>
<arg>${headless}</arg>
<arg>timeout=${timeout}</arg>
<tag>BrowserControl</tag>
<tag>Setter</tag>
<doc>Create a new playwright Browser with specified options.</doc>
<msg timestamp="20230809 11:51:07.048" level="TRACE">Arguments: [ &lt;SupportedBrowsers.firefox: 2&gt; | False | timeout=datetime.timedelta(seconds=90) ]</msg>
<msg timestamp="20230809 11:51:07.048" level="INFO">{"browser": "firefox", "headless": false, "chromiumSandbox": false, "devtools": false, "handleSIGHUP": true, "handleSIGINT": true, "handleSIGTERM": true, "ignoreDefaultArgs": false, "slowMo": 0.0, "timeout": 90000.0, "tracesDir": "/home/runner/work/nelson-test-automation/nelson-test-automation/reports/test4/browser/traces/b0d1778c-d2fe-4320-bea9-8e17361c7aca"}</msg>
<msg timestamp="20230809 11:51:07.405" level="INFO">Keyword 'Take Screenshot  fail-screenshot-{index}' could not be run on failure:
Error: Tried to take screenshot, but no page was open.</msg>
<msg timestamp="20230809 11:51:07.405" level="INFO">See also file:///home/runner/work/nelson-test-automation/nelson-test-automation/reports/test4/playwright-log.txt for additional details.</msg>
<msg timestamp="20230809 11:51:07.406" level="FAIL">Error: browserType.launch: 
╔════════════════════════════════════════════════════════════════════════════════════════════════╗
║ Looks like you launched a headed browser without having a XServer running.                     ║
║ Set either 'headless: true' or use 'xvfb-run &lt;your-playwright-app&gt;' before running Playwright. ║
║                                                                                                ║
║ &lt;3 Playwright Team                                                                             ║
╚════════════════════════════════════════════════════════════════════════════════════════════════╝
=========================== logs ===========================
&lt;launching&gt; /opt/hostedtoolcache/Python/3.11.4/x64/lib/python3.11/site-packages/Browser/wrapper/node_modules/playwright-core/.local-browsers/firefox-1419/firefox/firefox -no-remote -wait-for-browser -foreground -profile /tmp/playwright_firefoxdev_profile-A12KL3 -juggler-pipe -silent
&lt;launched&gt; pid=2656
[pid=2656][err] Error: no DISPLAY environment variable specified
[pid=2656] &lt;process did exit: exitCode=1, signal=null&gt;
[pid=2656] starting temporary directories cleanup
============================================================</msg>
<msg timestamp="20230809 11:51:07.424" level="DEBUG">Traceback (most recent call last):
  File "/opt/hostedtoolcache/Python/3.11.4/x64/lib/python3.11/site-packages/Browser/playwright.py", line 158, in grpc_channel
    yield playwright_pb2_grpc.PlaywrightStub(self._channel)
  File "/opt/hostedtoolcache/Python/3.11.4/x64/lib/python3.11/site-packages/Browser/keywords/playwright_state.py", line 383, in new_browser
    response = stub.NewBrowser(
               ^^^^^^^^^^^^^^^^
  File "/opt/hostedtoolcache/Python/3.11.4/x64/lib/python3.11/site-packages/grpc/_channel.py", line 1030, in __call__
    return _end_unary_response_blocking(state, call, False, None)
           ^^^^^^^^^^^^^^^^^^^^^^^^^^^^^^^^^^^^^^^^^^^^^^^^^^^^^^
  File "/opt/hostedtoolcache/Python/3.11.4/x64/lib/python3.11/site-packages/grpc/_channel.py", line 910, in _end_unary_response_blocking
    raise _InactiveRpcError(state)  # pytype: disable=not-instantiable
    ^^^^^^^^^^^^^^^^^^^^^^^^^^^^^^
grpc._channel._InactiveRpcError: &lt;_InactiveRpcError of RPC that terminated with:
	status = StatusCode.RESOURCE_EXHAUSTED
	details = "Error: browserType.launch: 
╔════════════════════════════════════════════════════════════════════════════════════════════════╗
║ Looks like you launched a headed browser without having a XServer running.                     ║
║ Set either 'headless: true' or use 'xvfb-run &lt;your-playwright-app&gt;' before running Playwright. ║
║                                                                                                ║
║ &lt;3 Playwright Team                                                                             ║
╚════════════════════════════════════════════════════════════════════════════════════════════════╝
=========================== logs ===========================
&lt;launching&gt; /opt/hostedtoolcache/Python/3.11.4/x64/lib/python3.11/site-packages/Browser/wrapper/node_modules/playwright-core/.local-browsers/firefox-1419/firefox/firefox -no-remote -wait-for-browser -foreground -profile /tmp/playwright_firefoxdev_profile-A12KL3 -juggler-pipe -silent
&lt;launched&gt; pid=2656
[pid=2656][err] Error: no DISPLAY environment variable specified
[pid=2656] &lt;process did exit: exitCode=1, signal=null&gt;
[pid=2656] starting temporary directories cleanup
============================================================"
	debug_error_string = "UNKNOWN:Error received from peer  {grpc_message:"Error: browserType.launch: \n\xe2\x95\x94\xe2\x95\x90\xe2\x95\x90\xe2\x95\x90\xe2\x95\x90\xe2\x95\x90\xe2\x95\x90\xe2\x95\x90\xe2\x95\x90\xe2\x95\x90\xe2\x95\x90\xe2\x95\x90\xe2\x95\x90\xe2\x95\x90\xe2\x95\x90\xe2\x95\x90\xe2\x95\x90\xe2\x95\x90\xe2\x95\x90\xe2\x95\x90\xe2\x95\x90\xe2\x95\x90\xe2\x95\x90\xe2\x95\x90\xe2\x95\x90\xe2\x95\x90\xe2\x95\x90\xe2\x95\x90\xe2\x95\x90\xe2\x95\x90\xe2\x95\x90\xe2\x95\x90\xe2\x95\x90\xe2\x95\x90\xe2\x95\x90\xe2\x95\x90\xe2\x95\x90\xe2\x95\x90\xe2\x95\x90\xe2\x95\x90\xe2\x95\x90\xe2\x95\x90\xe2\x95\x90\xe2\x95\x90\xe2\x95\x90\xe2\x95\x90\xe2\x95\x90\xe2\x95\x90\xe2\x95\x90\xe2\x95\x90\xe2\x95\x90\xe2\x95\x90\xe2\x95\x90\xe2\x95\x90\xe2\x95\x90\xe2\x95\x90\xe2\x95\x90\xe2\x95\x90\xe2\x95\x90\xe2\x95\x90\xe2\x95\x90\xe2\x95\x90\xe2\x95\x90\xe2\x95\x90\xe2\x95\x90\xe2\x95\x90\xe2\x95\x90\xe2\x95\x90\xe2\x95\x90\xe2\x95\x90\xe2\x95\x90\xe2\x95\x90\xe2\x95\x90\xe2\x95\x90\xe2\x95\x90\xe2\x95\x90\xe2\x95\x90\xe2\x95\x90\xe2\x95\x90\xe2\x95\x90\xe2\x95\x90\xe2\x95\x90\xe2\x95\x90\xe2\x95\x90\xe2\x95\x90\xe2\x95\x90\xe2\x95\x90\xe2\x95\x90\xe2\x95\x90\xe2\x95\x90\xe2\x95\x90\xe2\x95\x90\xe2\x95\x90\xe2\x95\x90\xe2\x95\x90\xe2\x95\x90\xe2\x95\x90\xe2\x95\x97\n\xe2\x95\x91 Looks like you launched a headed browser without having a XServer running.                     \xe2\x95\x91\n\xe2\x95\x91 Set either \'headless: true\' or use \'xvfb-run &lt;your-playwright-app&gt;\' before running Playwright. \xe2\x95\x91\n\xe2\x95\x91                                                                                                \xe2\x95\x91\n\xe2\x95\x91 &lt;3 Playwright Team                                                                             \xe2\x95\x91\n\xe2\x95\x9a\xe2\x95\x90\xe2\x95\x90\xe2\x95\x90\xe2\x95\x90\xe2\x95\x90\xe2\x95\x90\xe2\x95\x90\xe2\x95\x90\xe2\x95\x90\xe2\x95\x90\xe2\x95\x90\xe2\x95\x90\xe2\x95\x90\xe2\x95\x90\xe2\x95\x90\xe2\x95\x90\xe2\x95\x90\xe2\x95\x90\xe2\x95\x90\xe2\x95\x90\xe2\x95\x90\xe2\x95\x90\xe2\x95\x90\xe2\x95\x90\xe2\x95\x90\xe2\x95\x90\xe2\x95\x90\xe2\x95\x90\xe2\x95\x90\xe2\x95\x90\xe2\x95\x90\xe2\x95\x90\xe2\x95\x90\xe2\x95\x90\xe2\x95\x90\xe2\x95\x90\xe2\x95\x90\xe2\x95\x90\xe2\x95\x90\xe2\x95\x90\xe2\x95\x90\xe2\x95\x90\xe2\x95\x90\xe2\x95\x90\xe2\x95\x90\xe2\x95\x90\xe2\x95\x90\xe2\x95\x90\xe2\x95\x90\xe2\x95\x90\xe2\x95\x90\xe2\x95\x90\xe2\x95\x90\xe2\x95\x90\xe2\x95\x90\xe2\x95\x90\xe2\x95\x90\xe2\x95\x90\xe2\x95\x90\xe2\x95\x90\xe2\x95\x90\xe2\x95\x90\xe2\x95\x90\xe2\x95\x90\xe2\x95\x90\xe2\x95\x90\xe2\x95\x90\xe2\x95\x90\xe2\x95\x90\xe2\x95\x90\xe2\x95\x90\xe2\x95\x90\xe2\x95\x90\xe2\x95\x90\xe2\x95\x90\xe2\x95\x90\xe2\x95\x90\xe2\x95\x90\xe2\x95\x90\xe2\x95\x90\xe2\x95\x90\xe2\x95\x90\xe2\x95\x90\xe2\x95\x90\xe2\x95\x90\xe2\x95\x90\xe2\x95\x90\xe2\x95\x90\xe2\x95\x90\xe2\x95\x90\xe2\x95\x90\xe2\x95\x90\xe2\x95\x90\xe2\x95\x90\xe2\x95\x90\xe2\x95\x90\xe2\x95\x9d\n=========================== logs ===========================\n&lt;launching&gt; /opt/hostedtoolcache/Python/3.11.4/x64/lib/python3.11/site-packages/Browser/wrapper/node_modules/playwright-core/.local-browsers/firefox-1419/firefox/firefox -no-remote -wait-for-browser -foreground -profile /tmp/playwright_firefoxdev_profile-A12KL3 -juggler-pipe -silent\n&lt;launched&gt; pid=2656\n[pid=2656][err] Error: no DISPLAY environment variable specified\n[pid=2656] &lt;process did exit: exitCode=1, signal=null&gt;\n[pid=2656] starting temporary directories cleanup\n============================================================", grpc_status:8, created_time:"2023-08-09T11:51:07.399708982+00:00"}"
&gt;

During handling of the above exception, another exception occurred:

Traceback (most recent call last):
  File "/opt/hostedtoolcache/Python/3.11.4/x64/lib/python3.11/site-packages/Browser/browser.py", line 1095, in run_keyword
    raise e
  File "/opt/hostedtoolcache/Python/3.11.4/x64/lib/python3.11/site-packages/Browser/browser.py", line 1084, in run_keyword
    return DynamicCore.run_keyword(self, name, args, kwargs)
           ^^^^^^^^^^^^^^^^^^^^^^^^^^^^^^^^^^^^^^^^^^^^^^^^^
  File "/opt/hostedtoolcache/Python/3.11.4/x64/lib/python3.11/site-packages/robotlibcore.py", line 126, in run_keyword
    return self.keywords[name](*args, **(kwargs or {}))
           ^^^^^^^^^^^^^^^^^^^^^^^^^^^^^^^^^^^^^^^^^^^^
  File "/opt/hostedtoolcache/Python/3.11.4/x64/lib/python3.11/site-packages/Browser/keywords/playwright_state.py", line 382, in new_browser
    with self.playwright.grpc_channel() as stub:
  File "/opt/hostedtoolcache/Python/3.11.4/x64/lib/python3.11/contextlib.py", line 155, in __exit__
    self.gen.throw(typ, value, traceback)
  File "/opt/hostedtoolcache/Python/3.11.4/x64/lib/python3.11/site-packages/Browser/playwright.py", line 162, in grpc_channel
    raise AssertionError(error.details())
AssertionError: Error: browserType.launch: 
╔════════════════════════════════════════════════════════════════════════════════════════════════╗
║ Looks like you launched a headed browser without having a XServer running.                     ║
║ Set either 'headless: true' or use 'xvfb-run &lt;your-playwright-app&gt;' before running Playwright. ║
║                                                                                                ║
║ &lt;3 Playwright Team                                                                             ║
╚════════════════════════════════════════════════════════════════════════════════════════════════╝
=========================== logs ===========================
&lt;launching&gt; /opt/hostedtoolcache/Python/3.11.4/x64/lib/python3.11/site-packages/Browser/wrapper/node_modules/playwright-core/.local-browsers/firefox-1419/firefox/firefox -no-remote -wait-for-browser -foreground -profile /tmp/playwright_firefoxdev_profile-A12KL3 -juggler-pipe -silent
&lt;launched&gt; pid=2656
[pid=2656][err] Error: no DISPLAY environment variable specified
[pid=2656] &lt;process did exit: exitCode=1, signal=null&gt;
[pid=2656] starting temporary directories cleanup
============================================================</msg>
<status status="FAIL" starttime="20230809 11:51:07.047" endtime="20230809 11:51:07.424"/>
</kw>
<kw name="Set Browser Timeout" library="Browser">
<arg>${timeout}</arg>
<tag>Config</tag>
<tag>Setter</tag>
<doc>Sets the timeout used by most input and getter keywords.</doc>
<status status="NOT RUN" starttime="20230809 11:51:07.425" endtime="20230809 11:51:07.425"/>
</kw>
<kw name="New Context" library="Browser">
<tag>BrowserControl</tag>
<tag>Setter</tag>
<doc>Create a new BrowserContext with specified options.</doc>
<status status="NOT RUN" starttime="20230809 11:51:07.425" endtime="20230809 11:51:07.425"/>
</kw>
<kw name="New Page" library="Browser">
<arg>${url}</arg>
<tag>BrowserControl</tag>
<tag>Setter</tag>
<doc>Open a new Page.</doc>
<status status="NOT RUN" starttime="20230809 11:51:07.425" endtime="20230809 11:51:07.426"/>
</kw>
<status status="FAIL" starttime="20230809 11:51:07.047" endtime="20230809 11:51:07.426"/>
</kw>
<kw name="Wait Until Network Is Idle" library="Browser">
<tag>HTTP</tag>
<tag>Wait</tag>
<doc>Waits until there has been at least one instance of 500 ms of no network traffic on the page after loading.</doc>
<status status="NOT RUN" starttime="20230809 11:51:07.426" endtime="20230809 11:51:07.427"/>
</kw>
<kw name="Allow Cookies" library="common">
<doc>Allow Cookies/Toggle Cookie allowance</doc>
<status status="NOT RUN" starttime="20230809 11:51:07.427" endtime="20230809 11:51:07.427"/>
</kw>
<kw name="Set Environment" library="common">
<status status="NOT RUN" starttime="20230809 11:51:07.427" endtime="20230809 11:51:07.427"/>
</kw>
<status status="FAIL" starttime="20230809 11:51:07.046" endtime="20230809 11:51:07.428"/>
</kw>
<test id="s1-s1-s1-s1-s1-t1" name="Select Hotel, Dates and Guests" line="14">
<tag>smoke, booking, BUI2-556, online-checkin</tag>
<status status="FAIL" starttime="20230809 11:51:07.428" endtime="20230809 11:51:07.429">Parent suite setup failed:
Error: browserType.launch: 
╔════════════════════════════════════════════════════════════════════════════════════════════════╗
║ Looks like you launched a headed browser without having a XServer running.                     ║
║ Set either 'headless: true' or use 'xvfb-run &lt;your-playwright-app&gt;' before running Playwright. ║
║                                                                                                ║
║ &lt;3 Playwright Team                                                                             ║
╚════════════════════════════════════════════════════════════════════════════════════════════════╝
=========================== logs ===========================
&lt;launching&gt; /opt/hostedtoolcache/Python/3.11.4/x64/lib/python3.11/site-packages/Browser/wrapper/node_modules/playwright-core/.local-browsers/firefox-1419/firefox/firefox -no-remote -wait-for-browser -foreground -profile /tmp/playwright_firefoxdev_profile-A12KL3 -juggler-pipe -silent
&lt;launched&gt; pid=2656
[pid=2656][err] Error: no DISPLAY environment variable specified
[pid=2656] &lt;process did exit: exitCode=1, signal=null&gt;
[pid=2656] starting temporary directories cleanup
============================================================</status>
</test>
<test id="s1-s1-s1-s1-s1-t2" name="Check Available Rooms and Select a Standard Room" line="19">
<tag>smoke, booking, BUI2-556, online-checkin</tag>
<status status="FAIL" starttime="20230809 11:51:07.434" endtime="20230809 11:51:07.435">Parent suite setup failed:
Error: browserType.launch: 
╔════════════════════════════════════════════════════════════════════════════════════════════════╗
║ Looks like you launched a headed browser without having a XServer running.                     ║
║ Set either 'headless: true' or use 'xvfb-run &lt;your-playwright-app&gt;' before running Playwright. ║
║                                                                                                ║
║ &lt;3 Playwright Team                                                                             ║
╚════════════════════════════════════════════════════════════════════════════════════════════════╝
=========================== logs ===========================
&lt;launching&gt; /opt/hostedtoolcache/Python/3.11.4/x64/lib/python3.11/site-packages/Browser/wrapper/node_modules/playwright-core/.local-browsers/firefox-1419/firefox/firefox -no-remote -wait-for-browser -foreground -profile /tmp/playwright_firefoxdev_profile-A12KL3 -juggler-pipe -silent
&lt;launched&gt; pid=2656
[pid=2656][err] Error: no DISPLAY environment variable specified
[pid=2656] &lt;process did exit: exitCode=1, signal=null&gt;
[pid=2656] starting temporary directories cleanup
============================================================</status>
</test>
<test id="s1-s1-s1-s1-s1-t3" name="Continue to Extras and Select Join for Free" line="23">
<tag>smoke, booking, BUI2-556, online-checkin</tag>
<status status="FAIL" starttime="20230809 11:51:07.440" endtime="20230809 11:51:07.440">Parent suite setup failed:
Error: browserType.launch: 
╔════════════════════════════════════════════════════════════════════════════════════════════════╗
║ Looks like you launched a headed browser without having a XServer running.                     ║
║ Set either 'headless: true' or use 'xvfb-run &lt;your-playwright-app&gt;' before running Playwright. ║
║                                                                                                ║
║ &lt;3 Playwright Team                                                                             ║
╚════════════════════════════════════════════════════════════════════════════════════════════════╝
=========================== logs ===========================
&lt;launching&gt; /opt/hostedtoolcache/Python/3.11.4/x64/lib/python3.11/site-packages/Browser/wrapper/node_modules/playwright-core/.local-browsers/firefox-1419/firefox/firefox -no-remote -wait-for-browser -foreground -profile /tmp/playwright_firefoxdev_profile-A12KL3 -juggler-pipe -silent
&lt;launched&gt; pid=2656
[pid=2656][err] Error: no DISPLAY environment variable specified
[pid=2656] &lt;process did exit: exitCode=1, signal=null&gt;
[pid=2656] starting temporary directories cleanup
============================================================</status>
</test>
<test id="s1-s1-s1-s1-s1-t4" name="Fill in Booker Contact Information" line="28">
<tag>smoke, booking, BUI2-556, online-checkin</tag>
<status status="FAIL" starttime="20230809 11:51:07.445" endtime="20230809 11:51:07.446">Parent suite setup failed:
Error: browserType.launch: 
╔════════════════════════════════════════════════════════════════════════════════════════════════╗
║ Looks like you launched a headed browser without having a XServer running.                     ║
║ Set either 'headless: true' or use 'xvfb-run &lt;your-playwright-app&gt;' before running Playwright. ║
║                                                                                                ║
║ &lt;3 Playwright Team                                                                             ║
╚════════════════════════════════════════════════════════════════════════════════════════════════╝
=========================== logs ===========================
&lt;launching&gt; /opt/hostedtoolcache/Python/3.11.4/x64/lib/python3.11/site-packages/Browser/wrapper/node_modules/playwright-core/.local-browsers/firefox-1419/firefox/firefox -no-remote -wait-for-browser -foreground -profile /tmp/playwright_firefoxdev_profile-A12KL3 -juggler-pipe -silent
&lt;launched&gt; pid=2656
[pid=2656][err] Error: no DISPLAY environment variable specified
[pid=2656] &lt;process did exit: exitCode=1, signal=null&gt;
[pid=2656] starting temporary directories cleanup
============================================================</status>
</test>
<test id="s1-s1-s1-s1-s1-t5" name="Pay using Web Bank and Nordea" line="32">
<tag>smoke, booking, BUI2-556, online-checkin</tag>
<status status="FAIL" starttime="20230809 11:51:07.450" endtime="20230809 11:51:07.451">Parent suite setup failed:
Error: browserType.launch: 
╔════════════════════════════════════════════════════════════════════════════════════════════════╗
║ Looks like you launched a headed browser without having a XServer running.                     ║
║ Set either 'headless: true' or use 'xvfb-run &lt;your-playwright-app&gt;' before running Playwright. ║
║                                                                                                ║
║ &lt;3 Playwright Team                                                                             ║
╚════════════════════════════════════════════════════════════════════════════════════════════════╝
=========================== logs ===========================
&lt;launching&gt; /opt/hostedtoolcache/Python/3.11.4/x64/lib/python3.11/site-packages/Browser/wrapper/node_modules/playwright-core/.local-browsers/firefox-1419/firefox/firefox -no-remote -wait-for-browser -foreground -profile /tmp/playwright_firefoxdev_profile-A12KL3 -juggler-pipe -silent
&lt;launched&gt; pid=2656
[pid=2656][err] Error: no DISPLAY environment variable specified
[pid=2656] &lt;process did exit: exitCode=1, signal=null&gt;
[pid=2656] starting temporary directories cleanup
============================================================</status>
</test>
<test id="s1-s1-s1-s1-s1-t6" name="Check In Online" line="36">
<tag>smoke, booking, BUI2-556, online-checkin</tag>
<status status="FAIL" starttime="20230809 11:51:07.456" endtime="20230809 11:51:07.457">Parent suite setup failed:
Error: browserType.launch: 
╔════════════════════════════════════════════════════════════════════════════════════════════════╗
║ Looks like you launched a headed browser without having a XServer running.                     ║
║ Set either 'headless: true' or use 'xvfb-run &lt;your-playwright-app&gt;' before running Playwright. ║
║                                                                                                ║
║ &lt;3 Playwright Team                                                                             ║
╚════════════════════════════════════════════════════════════════════════════════════════════════╝
=========================== logs ===========================
&lt;launching&gt; /opt/hostedtoolcache/Python/3.11.4/x64/lib/python3.11/site-packages/Browser/wrapper/node_modules/playwright-core/.local-browsers/firefox-1419/firefox/firefox -no-remote -wait-for-browser -foreground -profile /tmp/playwright_firefoxdev_profile-A12KL3 -juggler-pipe -silent
&lt;launched&gt; pid=2656
[pid=2656][err] Error: no DISPLAY environment variable specified
[pid=2656] &lt;process did exit: exitCode=1, signal=null&gt;
[pid=2656] starting temporary directories cleanup
============================================================</status>
</test>
<test id="s1-s1-s1-s1-s1-t7" name="Wait for Door Code and Verify Page" line="42">
<tag>smoke, booking, BUI2-556, online-checkin</tag>
<status status="FAIL" starttime="20230809 11:51:07.461" endtime="20230809 11:51:07.462">Parent suite setup failed:
Error: browserType.launch: 
╔════════════════════════════════════════════════════════════════════════════════════════════════╗
║ Looks like you launched a headed browser without having a XServer running.                     ║
║ Set either 'headless: true' or use 'xvfb-run &lt;your-playwright-app&gt;' before running Playwright. ║
║                                                                                                ║
║ &lt;3 Playwright Team                                                                             ║
╚════════════════════════════════════════════════════════════════════════════════════════════════╝
=========================== logs ===========================
&lt;launching&gt; /opt/hostedtoolcache/Python/3.11.4/x64/lib/python3.11/site-packages/Browser/wrapper/node_modules/playwright-core/.local-browsers/firefox-1419/firefox/firefox -no-remote -wait-for-browser -foreground -profile /tmp/playwright_firefoxdev_profile-A12KL3 -juggler-pipe -silent
&lt;launched&gt; pid=2656
[pid=2656][err] Error: no DISPLAY environment variable specified
[pid=2656] &lt;process did exit: exitCode=1, signal=null&gt;
[pid=2656] starting temporary directories cleanup
============================================================</status>
</test>
<kw name="Close Browser" library="Browser" type="TEARDOWN">
<tag>BrowserControl</tag>
<tag>Setter</tag>
<doc>Closes the current browser.</doc>
<msg timestamp="20230809 11:51:07.466" level="TRACE">Arguments: [  ]</msg>
<msg timestamp="20230809 11:51:07.469" level="INFO">No browser open, doing nothing</msg>
<msg timestamp="20230809 11:51:07.469" level="TRACE">Return: None</msg>
<status status="PASS" starttime="20230809 11:51:07.466" endtime="20230809 11:51:07.469"/>
</kw>
<doc>This is a test suite for booking a room and checking in online</doc>
<status status="FAIL" starttime="20230809 11:51:05.792" endtime="20230809 11:51:07.470">Suite setup failed:
Error: browserType.launch: 
╔════════════════════════════════════════════════════════════════════════════════════════════════╗
║ Looks like you launched a headed browser without having a XServer running.                     ║
║ Set either 'headless: true' or use 'xvfb-run &lt;your-playwright-app&gt;' before running Playwright. ║
║                                                                                                ║
║ &lt;3 Playwright Team                                                                             ║
╚════════════════════════════════════════════════════════════════════════════════════════════════╝
=========================== logs ===========================
&lt;launching&gt; /opt/hostedtoolcache/Python/3.11.4/x64/lib/python3.11/site-packages/Browser/wrapper/node_modules/playwright-core/.local-browsers/firefox-1419/firefox/firefox -no-remote -wait-for-browser -foreground -profile /tmp/playwright_firefoxdev_profile-A12KL3 -juggler-pipe -silent
&lt;launched&gt; pid=2656
[pid=2656][err] Error: no DISPLAY environment variable specified
[pid=2656] &lt;process did exit: exitCode=1, signal=null&gt;
[pid=2656] starting temporary directories cleanup
============================================================</status>
</suite>
<suite id="s1-s1-s1-s1-s2" name="BUI2-557" source="/home/runner/work/nelson-test-automation/nelson-test-automation/testsuites/BUI/feature/online_check_in/BUI2-557.robot">
<test id="s1-s1-s1-s1-s2-t1" name="Create a new Booking" line="11">
<kw name="Open Browser to Landing Page" library="common" type="SETUP">
<doc>A general startup keyword for opening a browser to the landing page.</doc>
<msg timestamp="20230809 11:51:07.499" level="TRACE">Arguments: [  ]</msg>
<kw name="Open New Browser To URL" library="common">
<arg>${url}</arg>
<msg timestamp="20230809 11:51:07.499" level="TRACE">Arguments: [ ${url}='https://test4.omenahotels.com/en' ]</msg>
<kw name="New Browser" library="Browser">
<arg>${browser}</arg>
<arg>${headless}</arg>
<arg>timeout=${timeout}</arg>
<tag>BrowserControl</tag>
<tag>Setter</tag>
<doc>Create a new playwright Browser with specified options.</doc>
<msg timestamp="20230809 11:51:07.500" level="TRACE">Arguments: [ &lt;SupportedBrowsers.firefox: 2&gt; | False | timeout=datetime.timedelta(seconds=90) ]</msg>
<msg timestamp="20230809 11:51:07.500" level="INFO">{"browser": "firefox", "headless": false, "chromiumSandbox": false, "devtools": false, "handleSIGHUP": true, "handleSIGINT": true, "handleSIGTERM": true, "ignoreDefaultArgs": false, "slowMo": 0.0, "timeout": 90000.0, "tracesDir": "/home/runner/work/nelson-test-automation/nelson-test-automation/reports/test4/browser/traces/45f675e0-8f7e-4880-8364-fed59d658876"}</msg>
<msg timestamp="20230809 11:51:07.803" level="INFO">Keyword 'Take Screenshot  fail-screenshot-{index}' could not be run on failure:
Error: Tried to take screenshot, but no page was open.</msg>
<msg timestamp="20230809 11:51:07.804" level="INFO">See also file:///home/runner/work/nelson-test-automation/nelson-test-automation/reports/test4/playwright-log.txt for additional details.</msg>
<msg timestamp="20230809 11:51:07.804" level="FAIL">Error: browserType.launch: 
╔════════════════════════════════════════════════════════════════════════════════════════════════╗
║ Looks like you launched a headed browser without having a XServer running.                     ║
║ Set either 'headless: true' or use 'xvfb-run &lt;your-playwright-app&gt;' before running Playwright. ║
║                                                                                                ║
║ &lt;3 Playwright Team                                                                             ║
╚════════════════════════════════════════════════════════════════════════════════════════════════╝
=========================== logs ===========================
&lt;launching&gt; /opt/hostedtoolcache/Python/3.11.4/x64/lib/python3.11/site-packages/Browser/wrapper/node_modules/playwright-core/.local-browsers/firefox-1419/firefox/firefox -no-remote -wait-for-browser -foreground -profile /tmp/playwright_firefoxdev_profile-GDp2ze -juggler-pipe -silent
&lt;launched&gt; pid=2919
[pid=2919][err] Error: no DISPLAY environment variable specified
[pid=2919] &lt;process did exit: exitCode=1, signal=null&gt;
[pid=2919] starting temporary directories cleanup
============================================================</msg>
<msg timestamp="20230809 11:51:07.805" level="DEBUG">Traceback (most recent call last):
  File "/opt/hostedtoolcache/Python/3.11.4/x64/lib/python3.11/site-packages/Browser/playwright.py", line 158, in grpc_channel
    yield playwright_pb2_grpc.PlaywrightStub(self._channel)
  File "/opt/hostedtoolcache/Python/3.11.4/x64/lib/python3.11/site-packages/Browser/keywords/playwright_state.py", line 383, in new_browser
    response = stub.NewBrowser(
               ^^^^^^^^^^^^^^^^
  File "/opt/hostedtoolcache/Python/3.11.4/x64/lib/python3.11/site-packages/grpc/_channel.py", line 1030, in __call__
    return _end_unary_response_blocking(state, call, False, None)
           ^^^^^^^^^^^^^^^^^^^^^^^^^^^^^^^^^^^^^^^^^^^^^^^^^^^^^^
  File "/opt/hostedtoolcache/Python/3.11.4/x64/lib/python3.11/site-packages/grpc/_channel.py", line 910, in _end_unary_response_blocking
    raise _InactiveRpcError(state)  # pytype: disable=not-instantiable
    ^^^^^^^^^^^^^^^^^^^^^^^^^^^^^^
grpc._channel._InactiveRpcError: &lt;_InactiveRpcError of RPC that terminated with:
	status = StatusCode.RESOURCE_EXHAUSTED
	details = "Error: browserType.launch: 
╔════════════════════════════════════════════════════════════════════════════════════════════════╗
║ Looks like you launched a headed browser without having a XServer running.                     ║
║ Set either 'headless: true' or use 'xvfb-run &lt;your-playwright-app&gt;' before running Playwright. ║
║                                                                                                ║
║ &lt;3 Playwright Team                                                                             ║
╚════════════════════════════════════════════════════════════════════════════════════════════════╝
=========================== logs ===========================
&lt;launching&gt; /opt/hostedtoolcache/Python/3.11.4/x64/lib/python3.11/site-packages/Browser/wrapper/node_modules/playwright-core/.local-browsers/firefox-1419/firefox/firefox -no-remote -wait-for-browser -foreground -profile /tmp/playwright_firefoxdev_profile-GDp2ze -juggler-pipe -silent
&lt;launched&gt; pid=2919
[pid=2919][err] Error: no DISPLAY environment variable specified
[pid=2919] &lt;process did exit: exitCode=1, signal=null&gt;
[pid=2919] starting temporary directories cleanup
============================================================"
	debug_error_string = "UNKNOWN:Error received from peer  {grpc_message:"Error: browserType.launch: \n\xe2\x95\x94\xe2\x95\x90\xe2\x95\x90\xe2\x95\x90\xe2\x95\x90\xe2\x95\x90\xe2\x95\x90\xe2\x95\x90\xe2\x95\x90\xe2\x95\x90\xe2\x95\x90\xe2\x95\x90\xe2\x95\x90\xe2\x95\x90\xe2\x95\x90\xe2\x95\x90\xe2\x95\x90\xe2\x95\x90\xe2\x95\x90\xe2\x95\x90\xe2\x95\x90\xe2\x95\x90\xe2\x95\x90\xe2\x95\x90\xe2\x95\x90\xe2\x95\x90\xe2\x95\x90\xe2\x95\x90\xe2\x95\x90\xe2\x95\x90\xe2\x95\x90\xe2\x95\x90\xe2\x95\x90\xe2\x95\x90\xe2\x95\x90\xe2\x95\x90\xe2\x95\x90\xe2\x95\x90\xe2\x95\x90\xe2\x95\x90\xe2\x95\x90\xe2\x95\x90\xe2\x95\x90\xe2\x95\x90\xe2\x95\x90\xe2\x95\x90\xe2\x95\x90\xe2\x95\x90\xe2\x95\x90\xe2\x95\x90\xe2\x95\x90\xe2\x95\x90\xe2\x95\x90\xe2\x95\x90\xe2\x95\x90\xe2\x95\x90\xe2\x95\x90\xe2\x95\x90\xe2\x95\x90\xe2\x95\x90\xe2\x95\x90\xe2\x95\x90\xe2\x95\x90\xe2\x95\x90\xe2\x95\x90\xe2\x95\x90\xe2\x95\x90\xe2\x95\x90\xe2\x95\x90\xe2\x95\x90\xe2\x95\x90\xe2\x95\x90\xe2\x95\x90\xe2\x95\x90\xe2\x95\x90\xe2\x95\x90\xe2\x95\x90\xe2\x95\x90\xe2\x95\x90\xe2\x95\x90\xe2\x95\x90\xe2\x95\x90\xe2\x95\x90\xe2\x95\x90\xe2\x95\x90\xe2\x95\x90\xe2\x95\x90\xe2\x95\x90\xe2\x95\x90\xe2\x95\x90\xe2\x95\x90\xe2\x95\x90\xe2\x95\x90\xe2\x95\x90\xe2\x95\x90\xe2\x95\x90\xe2\x95\x90\xe2\x95\x97\n\xe2\x95\x91 Looks like you launched a headed browser without having a XServer running.                     \xe2\x95\x91\n\xe2\x95\x91 Set either \'headless: true\' or use \'xvfb-run &lt;your-playwright-app&gt;\' before running Playwright. \xe2\x95\x91\n\xe2\x95\x91                                                                                                \xe2\x95\x91\n\xe2\x95\x91 &lt;3 Playwright Team                                                                             \xe2\x95\x91\n\xe2\x95\x9a\xe2\x95\x90\xe2\x95\x90\xe2\x95\x90\xe2\x95\x90\xe2\x95\x90\xe2\x95\x90\xe2\x95\x90\xe2\x95\x90\xe2\x95\x90\xe2\x95\x90\xe2\x95\x90\xe2\x95\x90\xe2\x95\x90\xe2\x95\x90\xe2\x95\x90\xe2\x95\x90\xe2\x95\x90\xe2\x95\x90\xe2\x95\x90\xe2\x95\x90\xe2\x95\x90\xe2\x95\x90\xe2\x95\x90\xe2\x95\x90\xe2\x95\x90\xe2\x95\x90\xe2\x95\x90\xe2\x95\x90\xe2\x95\x90\xe2\x95\x90\xe2\x95\x90\xe2\x95\x90\xe2\x95\x90\xe2\x95\x90\xe2\x95\x90\xe2\x95\x90\xe2\x95\x90\xe2\x95\x90\xe2\x95\x90\xe2\x95\x90\xe2\x95\x90\xe2\x95\x90\xe2\x95\x90\xe2\x95\x90\xe2\x95\x90\xe2\x95\x90\xe2\x95\x90\xe2\x95\x90\xe2\x95\x90\xe2\x95\x90\xe2\x95\x90\xe2\x95\x90\xe2\x95\x90\xe2\x95\x90\xe2\x95\x90\xe2\x95\x90\xe2\x95\x90\xe2\x95\x90\xe2\x95\x90\xe2\x95\x90\xe2\x95\x90\xe2\x95\x90\xe2\x95\x90\xe2\x95\x90\xe2\x95\x90\xe2\x95\x90\xe2\x95\x90\xe2\x95\x90\xe2\x95\x90\xe2\x95\x90\xe2\x95\x90\xe2\x95\x90\xe2\x95\x90\xe2\x95\x90\xe2\x95\x90\xe2\x95\x90\xe2\x95\x90\xe2\x95\x90\xe2\x95\x90\xe2\x95\x90\xe2\x95\x90\xe2\x95\x90\xe2\x95\x90\xe2\x95\x90\xe2\x95\x90\xe2\x95\x90\xe2\x95\x90\xe2\x95\x90\xe2\x95\x90\xe2\x95\x90\xe2\x95\x90\xe2\x95\x90\xe2\x95\x90\xe2\x95\x90\xe2\x95\x90\xe2\x95\x90\xe2\x95\x9d\n=========================== logs ===========================\n&lt;launching&gt; /opt/hostedtoolcache/Python/3.11.4/x64/lib/python3.11/site-packages/Browser/wrapper/node_modules/playwright-core/.local-browsers/firefox-1419/firefox/firefox -no-remote -wait-for-browser -foreground -profile /tmp/playwright_firefoxdev_profile-GDp2ze -juggler-pipe -silent\n&lt;launched&gt; pid=2919\n[pid=2919][err] Error: no DISPLAY environment variable specified\n[pid=2919] &lt;process did exit: exitCode=1, signal=null&gt;\n[pid=2919] starting temporary directories cleanup\n============================================================", grpc_status:8, created_time:"2023-08-09T11:51:07.797100007+00:00"}"
&gt;

During handling of the above exception, another exception occurred:

Traceback (most recent call last):
  File "/opt/hostedtoolcache/Python/3.11.4/x64/lib/python3.11/site-packages/Browser/browser.py", line 1095, in run_keyword
    raise e
  File "/opt/hostedtoolcache/Python/3.11.4/x64/lib/python3.11/site-packages/Browser/browser.py", line 1084, in run_keyword
    return DynamicCore.run_keyword(self, name, args, kwargs)
           ^^^^^^^^^^^^^^^^^^^^^^^^^^^^^^^^^^^^^^^^^^^^^^^^^
  File "/opt/hostedtoolcache/Python/3.11.4/x64/lib/python3.11/site-packages/robotlibcore.py", line 126, in run_keyword
    return self.keywords[name](*args, **(kwargs or {}))
           ^^^^^^^^^^^^^^^^^^^^^^^^^^^^^^^^^^^^^^^^^^^^
  File "/opt/hostedtoolcache/Python/3.11.4/x64/lib/python3.11/site-packages/Browser/keywords/playwright_state.py", line 382, in new_browser
    with self.playwright.grpc_channel() as stub:
  File "/opt/hostedtoolcache/Python/3.11.4/x64/lib/python3.11/contextlib.py", line 155, in __exit__
    self.gen.throw(typ, value, traceback)
  File "/opt/hostedtoolcache/Python/3.11.4/x64/lib/python3.11/site-packages/Browser/playwright.py", line 162, in grpc_channel
    raise AssertionError(error.details())
AssertionError: Error: browserType.launch: 
╔════════════════════════════════════════════════════════════════════════════════════════════════╗
║ Looks like you launched a headed browser without having a XServer running.                     ║
║ Set either 'headless: true' or use 'xvfb-run &lt;your-playwright-app&gt;' before running Playwright. ║
║                                                                                                ║
║ &lt;3 Playwright Team                                                                             ║
╚════════════════════════════════════════════════════════════════════════════════════════════════╝
=========================== logs ===========================
&lt;launching&gt; /opt/hostedtoolcache/Python/3.11.4/x64/lib/python3.11/site-packages/Browser/wrapper/node_modules/playwright-core/.local-browsers/firefox-1419/firefox/firefox -no-remote -wait-for-browser -foreground -profile /tmp/playwright_firefoxdev_profile-GDp2ze -juggler-pipe -silent
&lt;launched&gt; pid=2919
[pid=2919][err] Error: no DISPLAY environment variable specified
[pid=2919] &lt;process did exit: exitCode=1, signal=null&gt;
[pid=2919] starting temporary directories cleanup
============================================================</msg>
<status status="FAIL" starttime="20230809 11:51:07.499" endtime="20230809 11:51:07.805"/>
</kw>
<kw name="Set Browser Timeout" library="Browser">
<arg>${timeout}</arg>
<tag>Config</tag>
<tag>Setter</tag>
<doc>Sets the timeout used by most input and getter keywords.</doc>
<status status="NOT RUN" starttime="20230809 11:51:07.806" endtime="20230809 11:51:07.806"/>
</kw>
<kw name="New Context" library="Browser">
<tag>BrowserControl</tag>
<tag>Setter</tag>
<doc>Create a new BrowserContext with specified options.</doc>
<status status="NOT RUN" starttime="20230809 11:51:07.806" endtime="20230809 11:51:07.806"/>
</kw>
<kw name="New Page" library="Browser">
<arg>${url}</arg>
<tag>BrowserControl</tag>
<tag>Setter</tag>
<doc>Open a new Page.</doc>
<status status="NOT RUN" starttime="20230809 11:51:07.807" endtime="20230809 11:51:07.807"/>
</kw>
<status status="FAIL" starttime="20230809 11:51:07.499" endtime="20230809 11:51:07.807"/>
</kw>
<kw name="Wait Until Network Is Idle" library="Browser">
<tag>HTTP</tag>
<tag>Wait</tag>
<doc>Waits until there has been at least one instance of 500 ms of no network traffic on the page after loading.</doc>
<status status="NOT RUN" starttime="20230809 11:51:07.808" endtime="20230809 11:51:07.808"/>
</kw>
<kw name="Allow Cookies" library="common">
<doc>Allow Cookies/Toggle Cookie allowance</doc>
<status status="NOT RUN" starttime="20230809 11:51:07.808" endtime="20230809 11:51:07.808"/>
</kw>
<kw name="Set Environment" library="common">
<status status="NOT RUN" starttime="20230809 11:51:07.808" endtime="20230809 11:51:07.808"/>
</kw>
<status status="FAIL" starttime="20230809 11:51:07.498" endtime="20230809 11:51:07.809"/>
</kw>
<kw name="Close Browser" library="Browser" type="TEARDOWN">
<tag>BrowserControl</tag>
<tag>Setter</tag>
<doc>Closes the current browser.</doc>
<msg timestamp="20230809 11:51:07.809" level="TRACE">Arguments: [  ]</msg>
<msg timestamp="20230809 11:51:07.819" level="INFO">No browser open, doing nothing</msg>
<msg timestamp="20230809 11:51:07.819" level="TRACE">Return: None</msg>
<status status="PASS" starttime="20230809 11:51:07.809" endtime="20230809 11:51:07.819"/>
</kw>
<status status="FAIL" starttime="20230809 11:51:07.498" endtime="20230809 11:51:07.819">Setup failed:
Error: browserType.launch: 
╔════════════════════════════════════════════════════════════════════════════════════════════════╗
║ Looks like you launched a headed browser without having a XServer running.                     ║
║ Set either 'headless: true' or use 'xvfb-run &lt;your-playwright-app&gt;' before running Playwright. ║
║                                                                                                ║
║ &lt;3 Playwright Team                                                                             ║
╚════════════════════════════════════════════════════════════════════════════════════════════════╝
=========================== logs ===========================
&lt;launching&gt; /opt/hostedtoolcache/Python/3.11.4/x64/lib/python3.11/site-packages/Browser/wrapper/node_modules/playwright-core/.local-browsers/firefox-1419/firefox/firefox -no-remote -wait-for-browser -foreground -profile /tmp/playwright_firefoxdev_profile-GDp2ze -juggler-pipe -silent
&lt;launched&gt; pid=2919
[pid=2919][err] Error: no DISPLAY environment variable specified
[pid=2919] &lt;process did exit: exitCode=1, signal=null&gt;
[pid=2919] starting temporary directories cleanup
============================================================</status>
</test>
<test id="s1-s1-s1-s1-s2-t2" name="Add Someone Else as the Main Guest" line="25">
<kw name="Open Browser to Landing Page" library="common" type="SETUP">
<doc>A general startup keyword for opening a browser to the landing page.</doc>
<msg timestamp="20230809 11:51:07.823" level="TRACE">Arguments: [  ]</msg>
<kw name="Open New Browser To URL" library="common">
<arg>${url}</arg>
<msg timestamp="20230809 11:51:07.824" level="TRACE">Arguments: [ ${url}='https://test4.omenahotels.com/en' ]</msg>
<kw name="New Browser" library="Browser">
<arg>${browser}</arg>
<arg>${headless}</arg>
<arg>timeout=${timeout}</arg>
<tag>BrowserControl</tag>
<tag>Setter</tag>
<doc>Create a new playwright Browser with specified options.</doc>
<msg timestamp="20230809 11:51:07.824" level="TRACE">Arguments: [ &lt;SupportedBrowsers.firefox: 2&gt; | False | timeout=datetime.timedelta(seconds=90) ]</msg>
<msg timestamp="20230809 11:51:07.825" level="INFO">{"browser": "firefox", "headless": false, "chromiumSandbox": false, "devtools": false, "handleSIGHUP": true, "handleSIGINT": true, "handleSIGTERM": true, "ignoreDefaultArgs": false, "slowMo": 0.0, "timeout": 90000.0, "tracesDir": "/home/runner/work/nelson-test-automation/nelson-test-automation/reports/test4/browser/traces/a1ae4235-dacc-4315-92ac-b73c359ea174"}</msg>
<msg timestamp="20230809 11:51:08.114" level="INFO">Keyword 'Take Screenshot  fail-screenshot-{index}' could not be run on failure:
Error: Tried to take screenshot, but no page was open.</msg>
<msg timestamp="20230809 11:51:08.114" level="INFO">See also file:///home/runner/work/nelson-test-automation/nelson-test-automation/reports/test4/playwright-log.txt for additional details.</msg>
<msg timestamp="20230809 11:51:08.114" level="FAIL">Error: browserType.launch: 
╔════════════════════════════════════════════════════════════════════════════════════════════════╗
║ Looks like you launched a headed browser without having a XServer running.                     ║
║ Set either 'headless: true' or use 'xvfb-run &lt;your-playwright-app&gt;' before running Playwright. ║
║                                                                                                ║
║ &lt;3 Playwright Team                                                                             ║
╚════════════════════════════════════════════════════════════════════════════════════════════════╝
=========================== logs ===========================
&lt;launching&gt; /opt/hostedtoolcache/Python/3.11.4/x64/lib/python3.11/site-packages/Browser/wrapper/node_modules/playwright-core/.local-browsers/firefox-1419/firefox/firefox -no-remote -wait-for-browser -foreground -profile /tmp/playwright_firefoxdev_profile-a1qUYj -juggler-pipe -silent
&lt;launched&gt; pid=3183
[pid=3183][err] Error: no DISPLAY environment variable specified
[pid=3183] &lt;process did exit: exitCode=1, signal=null&gt;
[pid=3183] starting temporary directories cleanup
============================================================</msg>
<msg timestamp="20230809 11:51:08.116" level="DEBUG">Traceback (most recent call last):
  File "/opt/hostedtoolcache/Python/3.11.4/x64/lib/python3.11/site-packages/Browser/playwright.py", line 158, in grpc_channel
    yield playwright_pb2_grpc.PlaywrightStub(self._channel)
  File "/opt/hostedtoolcache/Python/3.11.4/x64/lib/python3.11/site-packages/Browser/keywords/playwright_state.py", line 383, in new_browser
    response = stub.NewBrowser(
               ^^^^^^^^^^^^^^^^
  File "/opt/hostedtoolcache/Python/3.11.4/x64/lib/python3.11/site-packages/grpc/_channel.py", line 1030, in __call__
    return _end_unary_response_blocking(state, call, False, None)
           ^^^^^^^^^^^^^^^^^^^^^^^^^^^^^^^^^^^^^^^^^^^^^^^^^^^^^^
  File "/opt/hostedtoolcache/Python/3.11.4/x64/lib/python3.11/site-packages/grpc/_channel.py", line 910, in _end_unary_response_blocking
    raise _InactiveRpcError(state)  # pytype: disable=not-instantiable
    ^^^^^^^^^^^^^^^^^^^^^^^^^^^^^^
grpc._channel._InactiveRpcError: &lt;_InactiveRpcError of RPC that terminated with:
	status = StatusCode.RESOURCE_EXHAUSTED
	details = "Error: browserType.launch: 
╔════════════════════════════════════════════════════════════════════════════════════════════════╗
║ Looks like you launched a headed browser without having a XServer running.                     ║
║ Set either 'headless: true' or use 'xvfb-run &lt;your-playwright-app&gt;' before running Playwright. ║
║                                                                                                ║
║ &lt;3 Playwright Team                                                                             ║
╚════════════════════════════════════════════════════════════════════════════════════════════════╝
=========================== logs ===========================
&lt;launching&gt; /opt/hostedtoolcache/Python/3.11.4/x64/lib/python3.11/site-packages/Browser/wrapper/node_modules/playwright-core/.local-browsers/firefox-1419/firefox/firefox -no-remote -wait-for-browser -foreground -profile /tmp/playwright_firefoxdev_profile-a1qUYj -juggler-pipe -silent
&lt;launched&gt; pid=3183
[pid=3183][err] Error: no DISPLAY environment variable specified
[pid=3183] &lt;process did exit: exitCode=1, signal=null&gt;
[pid=3183] starting temporary directories cleanup
============================================================"
	debug_error_string = "UNKNOWN:Error received from peer  {grpc_message:"Error: browserType.launch: \n\xe2\x95\x94\xe2\x95\x90\xe2\x95\x90\xe2\x95\x90\xe2\x95\x90\xe2\x95\x90\xe2\x95\x90\xe2\x95\x90\xe2\x95\x90\xe2\x95\x90\xe2\x95\x90\xe2\x95\x90\xe2\x95\x90\xe2\x95\x90\xe2\x95\x90\xe2\x95\x90\xe2\x95\x90\xe2\x95\x90\xe2\x95\x90\xe2\x95\x90\xe2\x95\x90\xe2\x95\x90\xe2\x95\x90\xe2\x95\x90\xe2\x95\x90\xe2\x95\x90\xe2\x95\x90\xe2\x95\x90\xe2\x95\x90\xe2\x95\x90\xe2\x95\x90\xe2\x95\x90\xe2\x95\x90\xe2\x95\x90\xe2\x95\x90\xe2\x95\x90\xe2\x95\x90\xe2\x95\x90\xe2\x95\x90\xe2\x95\x90\xe2\x95\x90\xe2\x95\x90\xe2\x95\x90\xe2\x95\x90\xe2\x95\x90\xe2\x95\x90\xe2\x95\x90\xe2\x95\x90\xe2\x95\x90\xe2\x95\x90\xe2\x95\x90\xe2\x95\x90\xe2\x95\x90\xe2\x95\x90\xe2\x95\x90\xe2\x95\x90\xe2\x95\x90\xe2\x95\x90\xe2\x95\x90\xe2\x95\x90\xe2\x95\x90\xe2\x95\x90\xe2\x95\x90\xe2\x95\x90\xe2\x95\x90\xe2\x95\x90\xe2\x95\x90\xe2\x95\x90\xe2\x95\x90\xe2\x95\x90\xe2\x95\x90\xe2\x95\x90\xe2\x95\x90\xe2\x95\x90\xe2\x95\x90\xe2\x95\x90\xe2\x95\x90\xe2\x95\x90\xe2\x95\x90\xe2\x95\x90\xe2\x95\x90\xe2\x95\x90\xe2\x95\x90\xe2\x95\x90\xe2\x95\x90\xe2\x95\x90\xe2\x95\x90\xe2\x95\x90\xe2\x95\x90\xe2\x95\x90\xe2\x95\x90\xe2\x95\x90\xe2\x95\x90\xe2\x95\x90\xe2\x95\x90\xe2\x95\x90\xe2\x95\x90\xe2\x95\x97\n\xe2\x95\x91 Looks like you launched a headed browser without having a XServer running.                     \xe2\x95\x91\n\xe2\x95\x91 Set either \'headless: true\' or use \'xvfb-run &lt;your-playwright-app&gt;\' before running Playwright. \xe2\x95\x91\n\xe2\x95\x91                                                                                                \xe2\x95\x91\n\xe2\x95\x91 &lt;3 Playwright Team                                                                             \xe2\x95\x91\n\xe2\x95\x9a\xe2\x95\x90\xe2\x95\x90\xe2\x95\x90\xe2\x95\x90\xe2\x95\x90\xe2\x95\x90\xe2\x95\x90\xe2\x95\x90\xe2\x95\x90\xe2\x95\x90\xe2\x95\x90\xe2\x95\x90\xe2\x95\x90\xe2\x95\x90\xe2\x95\x90\xe2\x95\x90\xe2\x95\x90\xe2\x95\x90\xe2\x95\x90\xe2\x95\x90\xe2\x95\x90\xe2\x95\x90\xe2\x95\x90\xe2\x95\x90\xe2\x95\x90\xe2\x95\x90\xe2\x95\x90\xe2\x95\x90\xe2\x95\x90\xe2\x95\x90\xe2\x95\x90\xe2\x95\x90\xe2\x95\x90\xe2\x95\x90\xe2\x95\x90\xe2\x95\x90\xe2\x95\x90\xe2\x95\x90\xe2\x95\x90\xe2\x95\x90\xe2\x95\x90\xe2\x95\x90\xe2\x95\x90\xe2\x95\x90\xe2\x95\x90\xe2\x95\x90\xe2\x95\x90\xe2\x95\x90\xe2\x95\x90\xe2\x95\x90\xe2\x95\x90\xe2\x95\x90\xe2\x95\x90\xe2\x95\x90\xe2\x95\x90\xe2\x95\x90\xe2\x95\x90\xe2\x95\x90\xe2\x95\x90\xe2\x95\x90\xe2\x95\x90\xe2\x95\x90\xe2\x95\x90\xe2\x95\x90\xe2\x95\x90\xe2\x95\x90\xe2\x95\x90\xe2\x95\x90\xe2\x95\x90\xe2\x95\x90\xe2\x95\x90\xe2\x95\x90\xe2\x95\x90\xe2\x95\x90\xe2\x95\x90\xe2\x95\x90\xe2\x95\x90\xe2\x95\x90\xe2\x95\x90\xe2\x95\x90\xe2\x95\x90\xe2\x95\x90\xe2\x95\x90\xe2\x95\x90\xe2\x95\x90\xe2\x95\x90\xe2\x95\x90\xe2\x95\x90\xe2\x95\x90\xe2\x95\x90\xe2\x95\x90\xe2\x95\x90\xe2\x95\x90\xe2\x95\x90\xe2\x95\x90\xe2\x95\x90\xe2\x95\x9d\n=========================== logs ===========================\n&lt;launching&gt; /opt/hostedtoolcache/Python/3.11.4/x64/lib/python3.11/site-packages/Browser/wrapper/node_modules/playwright-core/.local-browsers/firefox-1419/firefox/firefox -no-remote -wait-for-browser -foreground -profile /tmp/playwright_firefoxdev_profile-a1qUYj -juggler-pipe -silent\n&lt;launched&gt; pid=3183\n[pid=3183][err] Error: no DISPLAY environment variable specified\n[pid=3183] &lt;process did exit: exitCode=1, signal=null&gt;\n[pid=3183] starting temporary directories cleanup\n============================================================", grpc_status:8, created_time:"2023-08-09T11:51:08.109974637+00:00"}"
&gt;

During handling of the above exception, another exception occurred:

Traceback (most recent call last):
  File "/opt/hostedtoolcache/Python/3.11.4/x64/lib/python3.11/site-packages/Browser/browser.py", line 1095, in run_keyword
    raise e
  File "/opt/hostedtoolcache/Python/3.11.4/x64/lib/python3.11/site-packages/Browser/browser.py", line 1084, in run_keyword
    return DynamicCore.run_keyword(self, name, args, kwargs)
           ^^^^^^^^^^^^^^^^^^^^^^^^^^^^^^^^^^^^^^^^^^^^^^^^^
  File "/opt/hostedtoolcache/Python/3.11.4/x64/lib/python3.11/site-packages/robotlibcore.py", line 126, in run_keyword
    return self.keywords[name](*args, **(kwargs or {}))
           ^^^^^^^^^^^^^^^^^^^^^^^^^^^^^^^^^^^^^^^^^^^^
  File "/opt/hostedtoolcache/Python/3.11.4/x64/lib/python3.11/site-packages/Browser/keywords/playwright_state.py", line 382, in new_browser
    with self.playwright.grpc_channel() as stub:
  File "/opt/hostedtoolcache/Python/3.11.4/x64/lib/python3.11/contextlib.py", line 155, in __exit__
    self.gen.throw(typ, value, traceback)
  File "/opt/hostedtoolcache/Python/3.11.4/x64/lib/python3.11/site-packages/Browser/playwright.py", line 162, in grpc_channel
    raise AssertionError(error.details())
AssertionError: Error: browserType.launch: 
╔════════════════════════════════════════════════════════════════════════════════════════════════╗
║ Looks like you launched a headed browser without having a XServer running.                     ║
║ Set either 'headless: true' or use 'xvfb-run &lt;your-playwright-app&gt;' before running Playwright. ║
║                                                                                                ║
║ &lt;3 Playwright Team                                                                             ║
╚════════════════════════════════════════════════════════════════════════════════════════════════╝
=========================== logs ===========================
&lt;launching&gt; /opt/hostedtoolcache/Python/3.11.4/x64/lib/python3.11/site-packages/Browser/wrapper/node_modules/playwright-core/.local-browsers/firefox-1419/firefox/firefox -no-remote -wait-for-browser -foreground -profile /tmp/playwright_firefoxdev_profile-a1qUYj -juggler-pipe -silent
&lt;launched&gt; pid=3183
[pid=3183][err] Error: no DISPLAY environment variable specified
[pid=3183] &lt;process did exit: exitCode=1, signal=null&gt;
[pid=3183] starting temporary directories cleanup
============================================================</msg>
<status status="FAIL" starttime="20230809 11:51:07.824" endtime="20230809 11:51:08.116"/>
</kw>
<kw name="Set Browser Timeout" library="Browser">
<arg>${timeout}</arg>
<tag>Config</tag>
<tag>Setter</tag>
<doc>Sets the timeout used by most input and getter keywords.</doc>
<status status="NOT RUN" starttime="20230809 11:51:08.117" endtime="20230809 11:51:08.117"/>
</kw>
<kw name="New Context" library="Browser">
<tag>BrowserControl</tag>
<tag>Setter</tag>
<doc>Create a new BrowserContext with specified options.</doc>
<status status="NOT RUN" starttime="20230809 11:51:08.117" endtime="20230809 11:51:08.117"/>
</kw>
<kw name="New Page" library="Browser">
<arg>${url}</arg>
<tag>BrowserControl</tag>
<tag>Setter</tag>
<doc>Open a new Page.</doc>
<status status="NOT RUN" starttime="20230809 11:51:08.117" endtime="20230809 11:51:08.118"/>
</kw>
<status status="FAIL" starttime="20230809 11:51:07.823" endtime="20230809 11:51:08.118"/>
</kw>
<kw name="Wait Until Network Is Idle" library="Browser">
<tag>HTTP</tag>
<tag>Wait</tag>
<doc>Waits until there has been at least one instance of 500 ms of no network traffic on the page after loading.</doc>
<status status="NOT RUN" starttime="20230809 11:51:08.119" endtime="20230809 11:51:08.119"/>
</kw>
<kw name="Allow Cookies" library="common">
<doc>Allow Cookies/Toggle Cookie allowance</doc>
<status status="NOT RUN" starttime="20230809 11:51:08.119" endtime="20230809 11:51:08.119"/>
</kw>
<kw name="Set Environment" library="common">
<status status="NOT RUN" starttime="20230809 11:51:08.119" endtime="20230809 11:51:08.119"/>
</kw>
<status status="FAIL" starttime="20230809 11:51:07.823" endtime="20230809 11:51:08.120"/>
</kw>
<kw name="Close Browser" library="Browser" type="TEARDOWN">
<tag>BrowserControl</tag>
<tag>Setter</tag>
<doc>Closes the current browser.</doc>
<msg timestamp="20230809 11:51:08.120" level="TRACE">Arguments: [  ]</msg>
<msg timestamp="20230809 11:51:08.123" level="INFO">No browser open, doing nothing</msg>
<msg timestamp="20230809 11:51:08.123" level="TRACE">Return: None</msg>
<status status="PASS" starttime="20230809 11:51:08.120" endtime="20230809 11:51:08.123"/>
</kw>
<status status="FAIL" starttime="20230809 11:51:07.822" endtime="20230809 11:51:08.123">Setup failed:
Error: browserType.launch: 
╔════════════════════════════════════════════════════════════════════════════════════════════════╗
║ Looks like you launched a headed browser without having a XServer running.                     ║
║ Set either 'headless: true' or use 'xvfb-run &lt;your-playwright-app&gt;' before running Playwright. ║
║                                                                                                ║
║ &lt;3 Playwright Team                                                                             ║
╚════════════════════════════════════════════════════════════════════════════════════════════════╝
=========================== logs ===========================
&lt;launching&gt; /opt/hostedtoolcache/Python/3.11.4/x64/lib/python3.11/site-packages/Browser/wrapper/node_modules/playwright-core/.local-browsers/firefox-1419/firefox/firefox -no-remote -wait-for-browser -foreground -profile /tmp/playwright_firefoxdev_profile-a1qUYj -juggler-pipe -silent
&lt;launched&gt; pid=3183
[pid=3183][err] Error: no DISPLAY environment variable specified
[pid=3183] &lt;process did exit: exitCode=1, signal=null&gt;
[pid=3183] starting temporary directories cleanup
============================================================</status>
</test>
<test id="s1-s1-s1-s1-s2-t3" name="Validation shows msg for fields marked" line="40">
<kw name="Open Browser to Landing Page" library="common" type="SETUP">
<doc>A general startup keyword for opening a browser to the landing page.</doc>
<msg timestamp="20230809 11:51:08.127" level="TRACE">Arguments: [  ]</msg>
<kw name="Open New Browser To URL" library="common">
<arg>${url}</arg>
<msg timestamp="20230809 11:51:08.128" level="TRACE">Arguments: [ ${url}='https://test4.omenahotels.com/en' ]</msg>
<kw name="New Browser" library="Browser">
<arg>${browser}</arg>
<arg>${headless}</arg>
<arg>timeout=${timeout}</arg>
<tag>BrowserControl</tag>
<tag>Setter</tag>
<doc>Create a new playwright Browser with specified options.</doc>
<msg timestamp="20230809 11:51:08.128" level="TRACE">Arguments: [ &lt;SupportedBrowsers.firefox: 2&gt; | False | timeout=datetime.timedelta(seconds=90) ]</msg>
<msg timestamp="20230809 11:51:08.129" level="INFO">{"browser": "firefox", "headless": false, "chromiumSandbox": false, "devtools": false, "handleSIGHUP": true, "handleSIGINT": true, "handleSIGTERM": true, "ignoreDefaultArgs": false, "slowMo": 0.0, "timeout": 90000.0, "tracesDir": "/home/runner/work/nelson-test-automation/nelson-test-automation/reports/test4/browser/traces/da374ec4-9a13-457c-87ea-d0559e5c177c"}</msg>
<msg timestamp="20230809 11:51:08.407" level="INFO">Keyword 'Take Screenshot  fail-screenshot-{index}' could not be run on failure:
Error: Tried to take screenshot, but no page was open.</msg>
<msg timestamp="20230809 11:51:08.407" level="INFO">See also file:///home/runner/work/nelson-test-automation/nelson-test-automation/reports/test4/playwright-log.txt for additional details.</msg>
<msg timestamp="20230809 11:51:08.408" level="FAIL">Error: browserType.launch: 
╔════════════════════════════════════════════════════════════════════════════════════════════════╗
║ Looks like you launched a headed browser without having a XServer running.                     ║
║ Set either 'headless: true' or use 'xvfb-run &lt;your-playwright-app&gt;' before running Playwright. ║
║                                                                                                ║
║ &lt;3 Playwright Team                                                                             ║
╚════════════════════════════════════════════════════════════════════════════════════════════════╝
=========================== logs ===========================
&lt;launching&gt; /opt/hostedtoolcache/Python/3.11.4/x64/lib/python3.11/site-packages/Browser/wrapper/node_modules/playwright-core/.local-browsers/firefox-1419/firefox/firefox -no-remote -wait-for-browser -foreground -profile /tmp/playwright_firefoxdev_profile-wvijWI -juggler-pipe -silent
&lt;launched&gt; pid=3447
[pid=3447][err] Error: no DISPLAY environment variable specified
[pid=3447] &lt;process did exit: exitCode=1, signal=null&gt;
[pid=3447] starting temporary directories cleanup
============================================================</msg>
<msg timestamp="20230809 11:51:08.409" level="DEBUG">Traceback (most recent call last):
  File "/opt/hostedtoolcache/Python/3.11.4/x64/lib/python3.11/site-packages/Browser/playwright.py", line 158, in grpc_channel
    yield playwright_pb2_grpc.PlaywrightStub(self._channel)
  File "/opt/hostedtoolcache/Python/3.11.4/x64/lib/python3.11/site-packages/Browser/keywords/playwright_state.py", line 383, in new_browser
    response = stub.NewBrowser(
               ^^^^^^^^^^^^^^^^
  File "/opt/hostedtoolcache/Python/3.11.4/x64/lib/python3.11/site-packages/grpc/_channel.py", line 1030, in __call__
    return _end_unary_response_blocking(state, call, False, None)
           ^^^^^^^^^^^^^^^^^^^^^^^^^^^^^^^^^^^^^^^^^^^^^^^^^^^^^^
  File "/opt/hostedtoolcache/Python/3.11.4/x64/lib/python3.11/site-packages/grpc/_channel.py", line 910, in _end_unary_response_blocking
    raise _InactiveRpcError(state)  # pytype: disable=not-instantiable
    ^^^^^^^^^^^^^^^^^^^^^^^^^^^^^^
grpc._channel._InactiveRpcError: &lt;_InactiveRpcError of RPC that terminated with:
	status = StatusCode.RESOURCE_EXHAUSTED
	details = "Error: browserType.launch: 
╔════════════════════════════════════════════════════════════════════════════════════════════════╗
║ Looks like you launched a headed browser without having a XServer running.                     ║
║ Set either 'headless: true' or use 'xvfb-run &lt;your-playwright-app&gt;' before running Playwright. ║
║                                                                                                ║
║ &lt;3 Playwright Team                                                                             ║
╚════════════════════════════════════════════════════════════════════════════════════════════════╝
=========================== logs ===========================
&lt;launching&gt; /opt/hostedtoolcache/Python/3.11.4/x64/lib/python3.11/site-packages/Browser/wrapper/node_modules/playwright-core/.local-browsers/firefox-1419/firefox/firefox -no-remote -wait-for-browser -foreground -profile /tmp/playwright_firefoxdev_profile-wvijWI -juggler-pipe -silent
&lt;launched&gt; pid=3447
[pid=3447][err] Error: no DISPLAY environment variable specified
[pid=3447] &lt;process did exit: exitCode=1, signal=null&gt;
[pid=3447] starting temporary directories cleanup
============================================================"
	debug_error_string = "UNKNOWN:Error received from peer  {created_time:"2023-08-09T11:51:08.403622959+00:00", grpc_status:8, grpc_message:"Error: browserType.launch: \n\xe2\x95\x94\xe2\x95\x90\xe2\x95\x90\xe2\x95\x90\xe2\x95\x90\xe2\x95\x90\xe2\x95\x90\xe2\x95\x90\xe2\x95\x90\xe2\x95\x90\xe2\x95\x90\xe2\x95\x90\xe2\x95\x90\xe2\x95\x90\xe2\x95\x90\xe2\x95\x90\xe2\x95\x90\xe2\x95\x90\xe2\x95\x90\xe2\x95\x90\xe2\x95\x90\xe2\x95\x90\xe2\x95\x90\xe2\x95\x90\xe2\x95\x90\xe2\x95\x90\xe2\x95\x90\xe2\x95\x90\xe2\x95\x90\xe2\x95\x90\xe2\x95\x90\xe2\x95\x90\xe2\x95\x90\xe2\x95\x90\xe2\x95\x90\xe2\x95\x90\xe2\x95\x90\xe2\x95\x90\xe2\x95\x90\xe2\x95\x90\xe2\x95\x90\xe2\x95\x90\xe2\x95\x90\xe2\x95\x90\xe2\x95\x90\xe2\x95\x90\xe2\x95\x90\xe2\x95\x90\xe2\x95\x90\xe2\x95\x90\xe2\x95\x90\xe2\x95\x90\xe2\x95\x90\xe2\x95\x90\xe2\x95\x90\xe2\x95\x90\xe2\x95\x90\xe2\x95\x90\xe2\x95\x90\xe2\x95\x90\xe2\x95\x90\xe2\x95\x90\xe2\x95\x90\xe2\x95\x90\xe2\x95\x90\xe2\x95\x90\xe2\x95\x90\xe2\x95\x90\xe2\x95\x90\xe2\x95\x90\xe2\x95\x90\xe2\x95\x90\xe2\x95\x90\xe2\x95\x90\xe2\x95\x90\xe2\x95\x90\xe2\x95\x90\xe2\x95\x90\xe2\x95\x90\xe2\x95\x90\xe2\x95\x90\xe2\x95\x90\xe2\x95\x90\xe2\x95\x90\xe2\x95\x90\xe2\x95\x90\xe2\x95\x90\xe2\x95\x90\xe2\x95\x90\xe2\x95\x90\xe2\x95\x90\xe2\x95\x90\xe2\x95\x90\xe2\x95\x90\xe2\x95\x90\xe2\x95\x90\xe2\x95\x90\xe2\x95\x97\n\xe2\x95\x91 Looks like you launched a headed browser without having a XServer running.                     \xe2\x95\x91\n\xe2\x95\x91 Set either \'headless: true\' or use \'xvfb-run &lt;your-playwright-app&gt;\' before running Playwright. \xe2\x95\x91\n\xe2\x95\x91                                                                                                \xe2\x95\x91\n\xe2\x95\x91 &lt;3 Playwright Team                                                                             \xe2\x95\x91\n\xe2\x95\x9a\xe2\x95\x90\xe2\x95\x90\xe2\x95\x90\xe2\x95\x90\xe2\x95\x90\xe2\x95\x90\xe2\x95\x90\xe2\x95\x90\xe2\x95\x90\xe2\x95\x90\xe2\x95\x90\xe2\x95\x90\xe2\x95\x90\xe2\x95\x90\xe2\x95\x90\xe2\x95\x90\xe2\x95\x90\xe2\x95\x90\xe2\x95\x90\xe2\x95\x90\xe2\x95\x90\xe2\x95\x90\xe2\x95\x90\xe2\x95\x90\xe2\x95\x90\xe2\x95\x90\xe2\x95\x90\xe2\x95\x90\xe2\x95\x90\xe2\x95\x90\xe2\x95\x90\xe2\x95\x90\xe2\x95\x90\xe2\x95\x90\xe2\x95\x90\xe2\x95\x90\xe2\x95\x90\xe2\x95\x90\xe2\x95\x90\xe2\x95\x90\xe2\x95\x90\xe2\x95\x90\xe2\x95\x90\xe2\x95\x90\xe2\x95\x90\xe2\x95\x90\xe2\x95\x90\xe2\x95\x90\xe2\x95\x90\xe2\x95\x90\xe2\x95\x90\xe2\x95\x90\xe2\x95\x90\xe2\x95\x90\xe2\x95\x90\xe2\x95\x90\xe2\x95\x90\xe2\x95\x90\xe2\x95\x90\xe2\x95\x90\xe2\x95\x90\xe2\x95\x90\xe2\x95\x90\xe2\x95\x90\xe2\x95\x90\xe2\x95\x90\xe2\x95\x90\xe2\x95\x90\xe2\x95\x90\xe2\x95\x90\xe2\x95\x90\xe2\x95\x90\xe2\x95\x90\xe2\x95\x90\xe2\x95\x90\xe2\x95\x90\xe2\x95\x90\xe2\x95\x90\xe2\x95\x90\xe2\x95\x90\xe2\x95\x90\xe2\x95\x90\xe2\x95\x90\xe2\x95\x90\xe2\x95\x90\xe2\x95\x90\xe2\x95\x90\xe2\x95\x90\xe2\x95\x90\xe2\x95\x90\xe2\x95\x90\xe2\x95\x90\xe2\x95\x90\xe2\x95\x90\xe2\x95\x90\xe2\x95\x90\xe2\x95\x9d\n=========================== logs ===========================\n&lt;launching&gt; /opt/hostedtoolcache/Python/3.11.4/x64/lib/python3.11/site-packages/Browser/wrapper/node_modules/playwright-core/.local-browsers/firefox-1419/firefox/firefox -no-remote -wait-for-browser -foreground -profile /tmp/playwright_firefoxdev_profile-wvijWI -juggler-pipe -silent\n&lt;launched&gt; pid=3447\n[pid=3447][err] Error: no DISPLAY environment variable specified\n[pid=3447] &lt;process did exit: exitCode=1, signal=null&gt;\n[pid=3447] starting temporary directories cleanup\n============================================================"}"
&gt;

During handling of the above exception, another exception occurred:

Traceback (most recent call last):
  File "/opt/hostedtoolcache/Python/3.11.4/x64/lib/python3.11/site-packages/Browser/browser.py", line 1095, in run_keyword
    raise e
  File "/opt/hostedtoolcache/Python/3.11.4/x64/lib/python3.11/site-packages/Browser/browser.py", line 1084, in run_keyword
    return DynamicCore.run_keyword(self, name, args, kwargs)
           ^^^^^^^^^^^^^^^^^^^^^^^^^^^^^^^^^^^^^^^^^^^^^^^^^
  File "/opt/hostedtoolcache/Python/3.11.4/x64/lib/python3.11/site-packages/robotlibcore.py", line 126, in run_keyword
    return self.keywords[name](*args, **(kwargs or {}))
           ^^^^^^^^^^^^^^^^^^^^^^^^^^^^^^^^^^^^^^^^^^^^
  File "/opt/hostedtoolcache/Python/3.11.4/x64/lib/python3.11/site-packages/Browser/keywords/playwright_state.py", line 382, in new_browser
    with self.playwright.grpc_channel() as stub:
  File "/opt/hostedtoolcache/Python/3.11.4/x64/lib/python3.11/contextlib.py", line 155, in __exit__
    self.gen.throw(typ, value, traceback)
  File "/opt/hostedtoolcache/Python/3.11.4/x64/lib/python3.11/site-packages/Browser/playwright.py", line 162, in grpc_channel
    raise AssertionError(error.details())
AssertionError: Error: browserType.launch: 
╔════════════════════════════════════════════════════════════════════════════════════════════════╗
║ Looks like you launched a headed browser without having a XServer running.                     ║
║ Set either 'headless: true' or use 'xvfb-run &lt;your-playwright-app&gt;' before running Playwright. ║
║                                                                                                ║
║ &lt;3 Playwright Team                                                                             ║
╚════════════════════════════════════════════════════════════════════════════════════════════════╝
=========================== logs ===========================
&lt;launching&gt; /opt/hostedtoolcache/Python/3.11.4/x64/lib/python3.11/site-packages/Browser/wrapper/node_modules/playwright-core/.local-browsers/firefox-1419/firefox/firefox -no-remote -wait-for-browser -foreground -profile /tmp/playwright_firefoxdev_profile-wvijWI -juggler-pipe -silent
&lt;launched&gt; pid=3447
[pid=3447][err] Error: no DISPLAY environment variable specified
[pid=3447] &lt;process did exit: exitCode=1, signal=null&gt;
[pid=3447] starting temporary directories cleanup
============================================================</msg>
<status status="FAIL" starttime="20230809 11:51:08.128" endtime="20230809 11:51:08.409"/>
</kw>
<kw name="Set Browser Timeout" library="Browser">
<arg>${timeout}</arg>
<tag>Config</tag>
<tag>Setter</tag>
<doc>Sets the timeout used by most input and getter keywords.</doc>
<status status="NOT RUN" starttime="20230809 11:51:08.410" endtime="20230809 11:51:08.410"/>
</kw>
<kw name="New Context" library="Browser">
<tag>BrowserControl</tag>
<tag>Setter</tag>
<doc>Create a new BrowserContext with specified options.</doc>
<status status="NOT RUN" starttime="20230809 11:51:08.410" endtime="20230809 11:51:08.410"/>
</kw>
<kw name="New Page" library="Browser">
<arg>${url}</arg>
<tag>BrowserControl</tag>
<tag>Setter</tag>
<doc>Open a new Page.</doc>
<status status="NOT RUN" starttime="20230809 11:51:08.410" endtime="20230809 11:51:08.410"/>
</kw>
<status status="FAIL" starttime="20230809 11:51:08.127" endtime="20230809 11:51:08.411"/>
</kw>
<kw name="Wait Until Network Is Idle" library="Browser">
<tag>HTTP</tag>
<tag>Wait</tag>
<doc>Waits until there has been at least one instance of 500 ms of no network traffic on the page after loading.</doc>
<status status="NOT RUN" starttime="20230809 11:51:08.411" endtime="20230809 11:51:08.411"/>
</kw>
<kw name="Allow Cookies" library="common">
<doc>Allow Cookies/Toggle Cookie allowance</doc>
<status status="NOT RUN" starttime="20230809 11:51:08.412" endtime="20230809 11:51:08.412"/>
</kw>
<kw name="Set Environment" library="common">
<status status="NOT RUN" starttime="20230809 11:51:08.412" endtime="20230809 11:51:08.412"/>
</kw>
<status status="FAIL" starttime="20230809 11:51:08.127" endtime="20230809 11:51:08.412"/>
</kw>
<kw name="Close Browser" library="Browser" type="TEARDOWN">
<tag>BrowserControl</tag>
<tag>Setter</tag>
<doc>Closes the current browser.</doc>
<msg timestamp="20230809 11:51:08.413" level="TRACE">Arguments: [  ]</msg>
<msg timestamp="20230809 11:51:08.416" level="INFO">No browser open, doing nothing</msg>
<msg timestamp="20230809 11:51:08.416" level="TRACE">Return: None</msg>
<status status="PASS" starttime="20230809 11:51:08.413" endtime="20230809 11:51:08.416"/>
</kw>
<status status="FAIL" starttime="20230809 11:51:08.126" endtime="20230809 11:51:08.416">Setup failed:
Error: browserType.launch: 
╔════════════════════════════════════════════════════════════════════════════════════════════════╗
║ Looks like you launched a headed browser without having a XServer running.                     ║
║ Set either 'headless: true' or use 'xvfb-run &lt;your-playwright-app&gt;' before running Playwright. ║
║                                                                                                ║
║ &lt;3 Playwright Team                                                                             ║
╚════════════════════════════════════════════════════════════════════════════════════════════════╝
=========================== logs ===========================
&lt;launching&gt; /opt/hostedtoolcache/Python/3.11.4/x64/lib/python3.11/site-packages/Browser/wrapper/node_modules/playwright-core/.local-browsers/firefox-1419/firefox/firefox -no-remote -wait-for-browser -foreground -profile /tmp/playwright_firefoxdev_profile-wvijWI -juggler-pipe -silent
&lt;launched&gt; pid=3447
[pid=3447][err] Error: no DISPLAY environment variable specified
[pid=3447] &lt;process did exit: exitCode=1, signal=null&gt;
[pid=3447] starting temporary directories cleanup
============================================================</status>
</test>
<test id="s1-s1-s1-s1-s2-t4" name="Showing imported passport when the National is not Finland" line="63">
<kw name="Open Browser to Landing Page" library="common" type="SETUP">
<doc>A general startup keyword for opening a browser to the landing page.</doc>
<msg timestamp="20230809 11:51:08.421" level="TRACE">Arguments: [  ]</msg>
<kw name="Open New Browser To URL" library="common">
<arg>${url}</arg>
<msg timestamp="20230809 11:51:08.422" level="TRACE">Arguments: [ ${url}='https://test4.omenahotels.com/en' ]</msg>
<kw name="New Browser" library="Browser">
<arg>${browser}</arg>
<arg>${headless}</arg>
<arg>timeout=${timeout}</arg>
<tag>BrowserControl</tag>
<tag>Setter</tag>
<doc>Create a new playwright Browser with specified options.</doc>
<msg timestamp="20230809 11:51:08.423" level="TRACE">Arguments: [ &lt;SupportedBrowsers.firefox: 2&gt; | False | timeout=datetime.timedelta(seconds=90) ]</msg>
<msg timestamp="20230809 11:51:08.423" level="INFO">{"browser": "firefox", "headless": false, "chromiumSandbox": false, "devtools": false, "handleSIGHUP": true, "handleSIGINT": true, "handleSIGTERM": true, "ignoreDefaultArgs": false, "slowMo": 0.0, "timeout": 90000.0, "tracesDir": "/home/runner/work/nelson-test-automation/nelson-test-automation/reports/test4/browser/traces/c16540ac-fda3-4967-9c82-e47bbf89f1e7"}</msg>
<msg timestamp="20230809 11:51:08.708" level="INFO">Keyword 'Take Screenshot  fail-screenshot-{index}' could not be run on failure:
Error: Tried to take screenshot, but no page was open.</msg>
<msg timestamp="20230809 11:51:08.708" level="INFO">See also file:///home/runner/work/nelson-test-automation/nelson-test-automation/reports/test4/playwright-log.txt for additional details.</msg>
<msg timestamp="20230809 11:51:08.709" level="FAIL">Error: browserType.launch: 
╔════════════════════════════════════════════════════════════════════════════════════════════════╗
║ Looks like you launched a headed browser without having a XServer running.                     ║
║ Set either 'headless: true' or use 'xvfb-run &lt;your-playwright-app&gt;' before running Playwright. ║
║                                                                                                ║
║ &lt;3 Playwright Team                                                                             ║
╚════════════════════════════════════════════════════════════════════════════════════════════════╝
=========================== logs ===========================
&lt;launching&gt; /opt/hostedtoolcache/Python/3.11.4/x64/lib/python3.11/site-packages/Browser/wrapper/node_modules/playwright-core/.local-browsers/firefox-1419/firefox/firefox -no-remote -wait-for-browser -foreground -profile /tmp/playwright_firefoxdev_profile-FniK4T -juggler-pipe -silent
&lt;launched&gt; pid=3710
[pid=3710][err] Error: no DISPLAY environment variable specified
[pid=3710] &lt;process did exit: exitCode=1, signal=null&gt;
[pid=3710] starting temporary directories cleanup
============================================================</msg>
<msg timestamp="20230809 11:51:08.710" level="DEBUG">Traceback (most recent call last):
  File "/opt/hostedtoolcache/Python/3.11.4/x64/lib/python3.11/site-packages/Browser/playwright.py", line 158, in grpc_channel
    yield playwright_pb2_grpc.PlaywrightStub(self._channel)
  File "/opt/hostedtoolcache/Python/3.11.4/x64/lib/python3.11/site-packages/Browser/keywords/playwright_state.py", line 383, in new_browser
    response = stub.NewBrowser(
               ^^^^^^^^^^^^^^^^
  File "/opt/hostedtoolcache/Python/3.11.4/x64/lib/python3.11/site-packages/grpc/_channel.py", line 1030, in __call__
    return _end_unary_response_blocking(state, call, False, None)
           ^^^^^^^^^^^^^^^^^^^^^^^^^^^^^^^^^^^^^^^^^^^^^^^^^^^^^^
  File "/opt/hostedtoolcache/Python/3.11.4/x64/lib/python3.11/site-packages/grpc/_channel.py", line 910, in _end_unary_response_blocking
    raise _InactiveRpcError(state)  # pytype: disable=not-instantiable
    ^^^^^^^^^^^^^^^^^^^^^^^^^^^^^^
grpc._channel._InactiveRpcError: &lt;_InactiveRpcError of RPC that terminated with:
	status = StatusCode.RESOURCE_EXHAUSTED
	details = "Error: browserType.launch: 
╔════════════════════════════════════════════════════════════════════════════════════════════════╗
║ Looks like you launched a headed browser without having a XServer running.                     ║
║ Set either 'headless: true' or use 'xvfb-run &lt;your-playwright-app&gt;' before running Playwright. ║
║                                                                                                ║
║ &lt;3 Playwright Team                                                                             ║
╚════════════════════════════════════════════════════════════════════════════════════════════════╝
=========================== logs ===========================
&lt;launching&gt; /opt/hostedtoolcache/Python/3.11.4/x64/lib/python3.11/site-packages/Browser/wrapper/node_modules/playwright-core/.local-browsers/firefox-1419/firefox/firefox -no-remote -wait-for-browser -foreground -profile /tmp/playwright_firefoxdev_profile-FniK4T -juggler-pipe -silent
&lt;launched&gt; pid=3710
[pid=3710][err] Error: no DISPLAY environment variable specified
[pid=3710] &lt;process did exit: exitCode=1, signal=null&gt;
[pid=3710] starting temporary directories cleanup
============================================================"
	debug_error_string = "UNKNOWN:Error received from peer  {created_time:"2023-08-09T11:51:08.704911706+00:00", grpc_status:8, grpc_message:"Error: browserType.launch: \n\xe2\x95\x94\xe2\x95\x90\xe2\x95\x90\xe2\x95\x90\xe2\x95\x90\xe2\x95\x90\xe2\x95\x90\xe2\x95\x90\xe2\x95\x90\xe2\x95\x90\xe2\x95\x90\xe2\x95\x90\xe2\x95\x90\xe2\x95\x90\xe2\x95\x90\xe2\x95\x90\xe2\x95\x90\xe2\x95\x90\xe2\x95\x90\xe2\x95\x90\xe2\x95\x90\xe2\x95\x90\xe2\x95\x90\xe2\x95\x90\xe2\x95\x90\xe2\x95\x90\xe2\x95\x90\xe2\x95\x90\xe2\x95\x90\xe2\x95\x90\xe2\x95\x90\xe2\x95\x90\xe2\x95\x90\xe2\x95\x90\xe2\x95\x90\xe2\x95\x90\xe2\x95\x90\xe2\x95\x90\xe2\x95\x90\xe2\x95\x90\xe2\x95\x90\xe2\x95\x90\xe2\x95\x90\xe2\x95\x90\xe2\x95\x90\xe2\x95\x90\xe2\x95\x90\xe2\x95\x90\xe2\x95\x90\xe2\x95\x90\xe2\x95\x90\xe2\x95\x90\xe2\x95\x90\xe2\x95\x90\xe2\x95\x90\xe2\x95\x90\xe2\x95\x90\xe2\x95\x90\xe2\x95\x90\xe2\x95\x90\xe2\x95\x90\xe2\x95\x90\xe2\x95\x90\xe2\x95\x90\xe2\x95\x90\xe2\x95\x90\xe2\x95\x90\xe2\x95\x90\xe2\x95\x90\xe2\x95\x90\xe2\x95\x90\xe2\x95\x90\xe2\x95\x90\xe2\x95\x90\xe2\x95\x90\xe2\x95\x90\xe2\x95\x90\xe2\x95\x90\xe2\x95\x90\xe2\x95\x90\xe2\x95\x90\xe2\x95\x90\xe2\x95\x90\xe2\x95\x90\xe2\x95\x90\xe2\x95\x90\xe2\x95\x90\xe2\x95\x90\xe2\x95\x90\xe2\x95\x90\xe2\x95\x90\xe2\x95\x90\xe2\x95\x90\xe2\x95\x90\xe2\x95\x90\xe2\x95\x90\xe2\x95\x90\xe2\x95\x97\n\xe2\x95\x91 Looks like you launched a headed browser without having a XServer running.                     \xe2\x95\x91\n\xe2\x95\x91 Set either \'headless: true\' or use \'xvfb-run &lt;your-playwright-app&gt;\' before running Playwright. \xe2\x95\x91\n\xe2\x95\x91                                                                                                \xe2\x95\x91\n\xe2\x95\x91 &lt;3 Playwright Team                                                                             \xe2\x95\x91\n\xe2\x95\x9a\xe2\x95\x90\xe2\x95\x90\xe2\x95\x90\xe2\x95\x90\xe2\x95\x90\xe2\x95\x90\xe2\x95\x90\xe2\x95\x90\xe2\x95\x90\xe2\x95\x90\xe2\x95\x90\xe2\x95\x90\xe2\x95\x90\xe2\x95\x90\xe2\x95\x90\xe2\x95\x90\xe2\x95\x90\xe2\x95\x90\xe2\x95\x90\xe2\x95\x90\xe2\x95\x90\xe2\x95\x90\xe2\x95\x90\xe2\x95\x90\xe2\x95\x90\xe2\x95\x90\xe2\x95\x90\xe2\x95\x90\xe2\x95\x90\xe2\x95\x90\xe2\x95\x90\xe2\x95\x90\xe2\x95\x90\xe2\x95\x90\xe2\x95\x90\xe2\x95\x90\xe2\x95\x90\xe2\x95\x90\xe2\x95\x90\xe2\x95\x90\xe2\x95\x90\xe2\x95\x90\xe2\x95\x90\xe2\x95\x90\xe2\x95\x90\xe2\x95\x90\xe2\x95\x90\xe2\x95\x90\xe2\x95\x90\xe2\x95\x90\xe2\x95\x90\xe2\x95\x90\xe2\x95\x90\xe2\x95\x90\xe2\x95\x90\xe2\x95\x90\xe2\x95\x90\xe2\x95\x90\xe2\x95\x90\xe2\x95\x90\xe2\x95\x90\xe2\x95\x90\xe2\x95\x90\xe2\x95\x90\xe2\x95\x90\xe2\x95\x90\xe2\x95\x90\xe2\x95\x90\xe2\x95\x90\xe2\x95\x90\xe2\x95\x90\xe2\x95\x90\xe2\x95\x90\xe2\x95\x90\xe2\x95\x90\xe2\x95\x90\xe2\x95\x90\xe2\x95\x90\xe2\x95\x90\xe2\x95\x90\xe2\x95\x90\xe2\x95\x90\xe2\x95\x90\xe2\x95\x90\xe2\x95\x90\xe2\x95\x90\xe2\x95\x90\xe2\x95\x90\xe2\x95\x90\xe2\x95\x90\xe2\x95\x90\xe2\x95\x90\xe2\x95\x90\xe2\x95\x90\xe2\x95\x90\xe2\x95\x90\xe2\x95\x9d\
[...]
    raise e
  File "/opt/hostedtoolcache/Python/3.11.4/x64/lib/python3.11/site-packages/Browser/browser.py", line 1084, in run_keyword
    return DynamicCore.run_keyword(self, name, args, kwargs)
           ^^^^^^^^^^^^^^^^^^^^^^^^^^^^^^^^^^^^^^^^^^^^^^^^^
  File "/opt/hostedtoolcache/Python/3.11.4/x64/lib/python3.11/site-packages/robotlibcore.py", line 126, in run_keyword
    return self.keywords[name](*args, **(kwargs or {}))
           ^^^^^^^^^^^^^^^^^^^^^^^^^^^^^^^^^^^^^^^^^^^^
  File "/opt/hostedtoolcache/Python/3.11.4/x64/lib/python3.11/site-packages/Browser/keywords/playwright_state.py", line 382, in new_browser
    with self.playwright.grpc_channel() as stub:
  File "/opt/hostedtoolcache/Python/3.11.4/x64/lib/python3.11/contextlib.py", line 155, in __exit__
    self.gen.throw(typ, value, traceback)
  File "/opt/hostedtoolcache/Python/3.11.4/x64/lib/python3.11/site-packages/Browser/playwright.py", line 162, in grpc_channel
    raise AssertionError(error.details())
AssertionError: Error: browserType.launch: 
╔════════════════════════════════════════════════════════════════════════════════════════════════╗
║ Looks like you launched a headed browser without having a XServer running.                     ║
║ Set either 'headless: true' or use 'xvfb-run &lt;your-playwright-app&gt;' before running Playwright. ║
║                                                                                                ║
║ &lt;3 Playwright Team                                                                             ║
╚════════════════════════════════════════════════════════════════════════════════════════════════╝
=========================== logs ===========================
&lt;launching&gt; /opt/hostedtoolcache/Python/3.11.4/x64/lib/python3.11/site-packages/Browser/wrapper/node_modules/playwright-core/.local-browsers/firefox-1419/firefox/firefox -no-remote -wait-for-browser -foreground -profile /tmp/playwright_firefoxdev_profile-osbSDi -juggler-pipe -silent
&lt;launched&gt; pid=6370
[pid=6370][err] Error: no DISPLAY environment variable specified
[pid=6370] &lt;process did exit: exitCode=1, signal=null&gt;
[pid=6370] starting temporary directories cleanup
============================================================</msg>
<status status="FAIL" starttime="20230809 11:52:13.652" endtime="20230809 11:52:13.939"/>
</kw>
<kw name="Set Browser Timeout" library="Browser">
<arg>${timeout}</arg>
<tag>Config</tag>
<tag>Setter</tag>
<doc>Sets the timeout used by most input and getter keywords.</doc>
<status status="NOT RUN" starttime="20230809 11:52:13.940" endtime="20230809 11:52:13.940"/>
</kw>
<kw name="New Context" library="Browser">
<tag>BrowserControl</tag>
<tag>Setter</tag>
<doc>Create a new BrowserContext with specified options.</doc>
<status status="NOT RUN" starttime="20230809 11:52:13.940" endtime="20230809 11:52:13.940"/>
</kw>
<kw name="New Page" library="Browser">
<arg>${MUI_URL}</arg>
<tag>BrowserControl</tag>
<tag>Setter</tag>
<doc>Open a new Page.</doc>
<status status="NOT RUN" starttime="20230809 11:52:13.941" endtime="20230809 11:52:13.941"/>
</kw>
<status status="FAIL" starttime="20230809 11:52:13.652" endtime="20230809 11:52:13.941"/>
</kw>
<kw name="Log in to Nelson Portal" library="mui">
<status status="NOT RUN" starttime="20230809 11:52:13.941" endtime="20230809 11:52:13.942"/>
</kw>
<kw name="Verify Dashboard Elements" library="mui">
<status status="NOT RUN" starttime="20230809 11:52:13.942" endtime="20230809 11:52:13.942"/>
</kw>
<kw name="Select Environment" library="mui">
<arg>${ENVIRONMENT}</arg>
<status status="NOT RUN" starttime="20230809 11:52:13.942" endtime="20230809 11:52:13.942"/>
</kw>
<status status="FAIL" starttime="20230809 11:52:13.651" endtime="20230809 11:52:13.942">Error: browserType.launch: 
╔════════════════════════════════════════════════════════════════════════════════════════════════╗
║ Looks like you launched a headed browser without having a XServer running.                     ║
║ Set either 'headless: true' or use 'xvfb-run &lt;your-playwright-app&gt;' before running Playwright. ║
║                                                                                                ║
║ &lt;3 Playwright Team                                                                             ║
╚════════════════════════════════════════════════════════════════════════════════════════════════╝
=========================== logs ===========================
&lt;launching&gt; /opt/hostedtoolcache/Python/3.11.4/x64/lib/python3.11/site-packages/Browser/wrapper/node_modules/playwright-core/.local-browsers/firefox-1419/firefox/firefox -no-remote -wait-for-browser -foreground -profile /tmp/playwright_firefoxdev_profile-osbSDi -juggler-pipe -silent
&lt;launched&gt; pid=6370
[pid=6370][err] Error: no DISPLAY environment variable specified
[pid=6370] &lt;process did exit: exitCode=1, signal=null&gt;
[pid=6370] starting temporary directories cleanup
============================================================</status>
</test>
<test id="s1-s2-s3-s1-t5" name="Verify Users Page" line="28">
<kw name="Click" library="Browser">
<arg>//a[contains(@href, "users") and (@class="capitalize")]</arg>
<tag>PageContent</tag>
<tag>Setter</tag>
<doc>Simulates mouse click on the element found by ``selector``.</doc>
<msg timestamp="20230809 11:52:13.949" level="TRACE">Arguments: [ '//a[contains(@href, "users") and (@class="capitalize")]' ]</msg>
<msg timestamp="20230809 11:52:13.950" level="DEBUG">Click options are: {"button": "left", "clickCount": 1, "force": false, "noWaitAfter": false, "trial": false}</msg>
<msg timestamp="20230809 11:52:13.955" level="INFO">Keyword 'Take Screenshot  fail-screenshot-{index}' could not be run on failure:
Error: Tried to take screenshot, but no page was open.</msg>
<msg timestamp="20230809 11:52:13.955" level="INFO">See also file:///home/runner/work/nelson-test-automation/nelson-test-automation/reports/test4/playwright-log.txt for additional details.</msg>
<msg timestamp="20230809 11:52:13.956" level="FAIL">Error: Could not find active page</msg>
<msg timestamp="20230809 11:52:13.957" level="DEBUG">Traceback (most recent call last):
  File "/opt/hostedtoolcache/Python/3.11.4/x64/lib/python3.11/site-packages/Browser/playwright.py", line 158, in grpc_channel
    yield playwright_pb2_grpc.PlaywrightStub(self._channel)
  File "/opt/hostedtoolcache/Python/3.11.4/x64/lib/python3.11/site-packages/Browser/keywords/interaction.py", line 446, in click_with_options
    response = stub.Click(
               ^^^^^^^^^^^
  File "/opt/hostedtoolcache/Python/3.11.4/x64/lib/python3.11/site-packages/grpc/_channel.py", line 1030, in __call__
    return _end_unary_response_blocking(state, call, False, None)
           ^^^^^^^^^^^^^^^^^^^^^^^^^^^^^^^^^^^^^^^^^^^^^^^^^^^^^^
  File "/opt/hostedtoolcache/Python/3.11.4/x64/lib/python3.11/site-packages/grpc/_channel.py", line 910, in _end_unary_response_blocking
    raise _InactiveRpcError(state)  # pytype: disable=not-instantiable
    ^^^^^^^^^^^^^^^^^^^^^^^^^^^^^^
grpc._channel._InactiveRpcError: &lt;_InactiveRpcError of RPC that terminated with:
	status = StatusCode.RESOURCE_EXHAUSTED
	details = "Error: Could not find active page"
	debug_error_string = "UNKNOWN:Error received from peer  {grpc_message:"Error: Could not find active page", grpc_status:8, created_time:"2023-08-09T11:52:13.951831134+00:00"}"
&gt;

During handling of the above exception, another exception occurred:

Traceback (most recent call last):
  File "/opt/hostedtoolcache/Python/3.11.4/x64/lib/python3.11/site-packages/Browser/browser.py", line 1095, in run_keyword
    raise e
  File "/opt/hostedtoolcache/Python/3.11.4/x64/lib/python3.11/site-packages/Browser/browser.py", line 1084, in run_keyword
    return DynamicCore.run_keyword(self, name, args, kwargs)
           ^^^^^^^^^^^^^^^^^^^^^^^^^^^^^^^^^^^^^^^^^^^^^^^^^
  File "/opt/hostedtoolcache/Python/3.11.4/x64/lib/python3.11/site-packages/robotlibcore.py", line 126, in run_keyword
    return self.keywords[name](*args, **(kwargs or {}))
           ^^^^^^^^^^^^^^^^^^^^^^^^^^^^^^^^^^^^^^^^^^^^
  File "/opt/hostedtoolcache/Python/3.11.4/x64/lib/python3.11/site-packages/Browser/keywords/interaction.py", line 366, in click
    self.click_with_options(
  File "/opt/hostedtoolcache/Python/3.11.4/x64/lib/python3.11/site-packages/Browser/keywords/interaction.py", line 428, in click_with_options
    with self.playwright.grpc_channel() as stub:
  File "/opt/hostedtoolcache/Python/3.11.4/x64/lib/python3.11/contextlib.py", line 155, in __exit__
    self.gen.throw(typ, value, traceback)
  File "/opt/hostedtoolcache/Python/3.11.4/x64/lib/python3.11/site-packages/Browser/playwright.py", line 162, in grpc_channel
    raise AssertionError(error.details())
AssertionError: Error: Could not find active page</msg>
<status status="FAIL" starttime="20230809 11:52:13.949" endtime="20230809 11:52:13.957"/>
</kw>
<status status="FAIL" starttime="20230809 11:52:13.948" endtime="20230809 11:52:13.957">Error: Could not find active page</status>
</test>
<test id="s1-s2-s3-s1-t6" name="Verify User Profile" line="31">
<kw name="Click" library="Browser">
<arg>(//span[contains(@class, "avatar")])[0]</arg>
<tag>PageContent</tag>
<tag>Setter</tag>
<doc>Simulates mouse click on the element found by ``selector``.</doc>
<msg timestamp="20230809 11:52:13.962" level="TRACE">Arguments: [ '(//span[contains(@class, "avatar")])[0]' ]</msg>
<msg timestamp="20230809 11:52:13.963" level="DEBUG">Click options are: {"button": "left", "clickCount": 1, "force": false, "noWaitAfter": false, "trial": false}</msg>
<msg timestamp="20230809 11:52:13.967" level="INFO">Keyword 'Take Screenshot  fail-screenshot-{index}' could not be run on failure:
Error: Tried to take screenshot, but no page was open.</msg>
<msg timestamp="20230809 11:52:13.967" level="INFO">See also file:///home/runner/work/nelson-test-automation/nelson-test-automation/reports/test4/playwright-log.txt for additional details.</msg>
<msg timestamp="20230809 11:52:13.967" level="FAIL">Error: Could not find active page</msg>
<msg timestamp="20230809 11:52:13.968" level="DEBUG">Traceback (most recent call last):
  File "/opt/hostedtoolcache/Python/3.11.4/x64/lib/python3.11/site-packages/Browser/playwright.py", line 158, in grpc_channel
    yield playwright_pb2_grpc.PlaywrightStub(self._channel)
  File "/opt/hostedtoolcache/Python/3.11.4/x64/lib/python3.11/site-packages/Browser/keywords/interaction.py", line 446, in click_with_options
    response = stub.Click(
               ^^^^^^^^^^^
  File "/opt/hostedtoolcache/Python/3.11.4/x64/lib/python3.11/site-packages/grpc/_channel.py", line 1030, in __call__
    return _end_unary_response_blocking(state, call, False, None)
           ^^^^^^^^^^^^^^^^^^^^^^^^^^^^^^^^^^^^^^^^^^^^^^^^^^^^^^
  File "/opt/hostedtoolcache/Python/3.11.4/x64/lib/python3.11/site-packages/grpc/_channel.py", line 910, in _end_unary_response_blocking
    raise _InactiveRpcError(state)  # pytype: disable=not-instantiable
    ^^^^^^^^^^^^^^^^^^^^^^^^^^^^^^
grpc._channel._InactiveRpcError: &lt;_InactiveRpcError of RPC that terminated with:
	status = StatusCode.RESOURCE_EXHAUSTED
	details = "Error: Could not find active page"
	debug_error_string = "UNKNOWN:Error received from peer  {grpc_message:"Error: Could not find active page", grpc_status:8, created_time:"2023-08-09T11:52:13.964346273+00:00"}"
&gt;

During handling of the above exception, another exception occurred:

Traceback (most recent call last):
  File "/opt/hostedtoolcache/Python/3.11.4/x64/lib/python3.11/site-packages/Browser/browser.py", line 1095, in run_keyword
    raise e
  File "/opt/hostedtoolcache/Python/3.11.4/x64/lib/python3.11/site-packages/Browser/browser.py", line 1084, in run_keyword
    return DynamicCore.run_keyword(self, name, args, kwargs)
           ^^^^^^^^^^^^^^^^^^^^^^^^^^^^^^^^^^^^^^^^^^^^^^^^^
  File "/opt/hostedtoolcache/Python/3.11.4/x64/lib/python3.11/site-packages/robotlibcore.py", line 126, in run_keyword
    return self.keywords[name](*args, **(kwargs or {}))
           ^^^^^^^^^^^^^^^^^^^^^^^^^^^^^^^^^^^^^^^^^^^^
  File "/opt/hostedtoolcache/Python/3.11.4/x64/lib/python3.11/site-packages/Browser/keywords/interaction.py", line 366, in click
    self.click_with_options(
  File "/opt/hostedtoolcache/Python/3.11.4/x64/lib/python3.11/site-packages/Browser/keywords/interaction.py", line 428, in click_with_options
    with self.playwright.grpc_channel() as stub:
  File "/opt/hostedtoolcache/Python/3.11.4/x64/lib/python3.11/contextlib.py", line 155, in __exit__
    self.gen.throw(typ, value, traceback)
  File "/opt/hostedtoolcache/Python/3.11.4/x64/lib/python3.11/site-packages/Browser/playwright.py", line 162, in grpc_channel
    raise AssertionError(error.details())
AssertionError: Error: Could not find active page</msg>
<status status="FAIL" starttime="20230809 11:52:13.962" endtime="20230809 11:52:13.968"/>
</kw>
<status status="FAIL" starttime="20230809 11:52:13.961" endtime="20230809 11:52:13.969">Error: Could not find active page</status>
</test>
<test id="s1-s2-s3-s1-t7" name="Log Out" line="34">
<kw name="Click" library="Browser">
<arg>(//img[contains(@src, "signout")][0]</arg>
<tag>PageContent</tag>
<tag>Setter</tag>
<doc>Simulates mouse click on the element found by ``selector``.</doc>
<msg timestamp="20230809 11:52:13.972" level="TRACE">Arguments: [ '(//img[contains(@src, "signout")][0]' ]</msg>
<msg timestamp="20230809 11:52:13.973" level="DEBUG">Click options are: {"button": "left", "clickCount": 1, "force": false, "noWaitAfter": false, "trial": false}</msg>
<msg timestamp="20230809 11:52:13.977" level="INFO">Keyword 'Take Screenshot  fail-screenshot-{index}' could not be run on failure:
Error: Tried to take screenshot, but no page was open.</msg>
<msg timestamp="20230809 11:52:13.977" level="INFO">See also file:///home/runner/work/nelson-test-automation/nelson-test-automation/reports/test4/playwright-log.txt for additional details.</msg>
<msg timestamp="20230809 11:52:13.978" level="FAIL">Error: Could not find active page</msg>
<msg timestamp="20230809 11:52:13.979" level="DEBUG">Traceback (most recent call last):
  File "/opt/hostedtoolcache/Python/3.11.4/x64/lib/python3.11/site-packages/Browser/playwright.py", line 158, in grpc_channel
    yield playwright_pb2_grpc.PlaywrightStub(self._channel)
  File "/opt/hostedtoolcache/Python/3.11.4/x64/lib/python3.11/site-packages/Browser/keywords/interaction.py", line 446, in click_with_options
    response = stub.Click(
               ^^^^^^^^^^^
  File "/opt/hostedtoolcache/Python/3.11.4/x64/lib/python3.11/site-packages/grpc/_channel.py", line 1030, in __call__
    return _end_unary_response_blocking(state, call, False, None)
           ^^^^^^^^^^^^^^^^^^^^^^^^^^^^^^^^^^^^^^^^^^^^^^^^^^^^^^
  File "/opt/hostedtoolcache/Python/3.11.4/x64/lib/python3.11/site-packages/grpc/_channel.py", line 910, in _end_unary_response_blocking
    raise _InactiveRpcError(state)  # pytype: disable=not-instantiable
    ^^^^^^^^^^^^^^^^^^^^^^^^^^^^^^
grpc._channel._InactiveRpcError: &lt;_InactiveRpcError of RPC that terminated with:
	status = StatusCode.RESOURCE_EXHAUSTED
	details = "Error: Could not find active page"
	debug_error_string = "UNKNOWN:Error received from peer  {created_time:"2023-08-09T11:52:13.974510192+00:00", grpc_status:8, grpc_message:"Error: Could not find active page"}"
&gt;

During handling of the above exception, another exception occurred:

Traceback (most recent call last):
  File "/opt/hostedtoolcache/Python/3.11.4/x64/lib/python3.11/site-packages/Browser/browser.py", line 1095, in run_keyword
    raise e
  File "/opt/hostedtoolcache/Python/3.11.4/x64/lib/python3.11/site-packages/Browser/browser.py", line 1084, in run_keyword
    return DynamicCore.run_keyword(self, name, args, kwargs)
           ^^^^^^^^^^^^^^^^^^^^^^^^^^^^^^^^^^^^^^^^^^^^^^^^^
  File "/opt/hostedtoolcache/Python/3.11.4/x64/lib/python3.11/site-packages/robotlibcore.py", line 126, in run_keyword
    return self.keywords[name](*args, **(kwargs or {}))
           ^^^^^^^^^^^^^^^^^^^^^^^^^^^^^^^^^^^^^^^^^^^^
  File "/opt/hostedtoolcache/Python/3.11.4/x64/lib/python3.11/site-packages/Browser/keywords/interaction.py", line 366, in click
    self.click_with_options(
  File "/opt/hostedtoolcache/Python/3.11.4/x64/lib/python3.11/site-packages/Browser/keywords/interaction.py", line 428, in click_with_options
    with self.playwright.grpc_channel() as stub:
  File "/opt/hostedtoolcache/Python/3.11.4/x64/lib/python3.11/contextlib.py", line 155, in __exit__
    self.gen.throw(typ, value, traceback)
  File "/opt/hostedtoolcache/Python/3.11.4/x64/lib/python3.11/site-packages/Browser/playwright.py", line 162, in grpc_channel
    raise AssertionError(error.details())
AssertionError: Error: Could not find active page</msg>
<status status="FAIL" starttime="20230809 11:52:13.972" endtime="20230809 11:52:13.979"/>
</kw>
<status status="FAIL" starttime="20230809 11:52:13.971" endtime="20230809 11:52:13.979">Error: Could not find active page</status>
</test>
<kw name="Close Browser" library="Browser" type="TEARDOWN">
<tag>BrowserControl</tag>
<tag>Setter</tag>
<doc>Closes the current browser.</doc>
<msg timestamp="20230809 11:52:13.983" level="TRACE">Arguments: [  ]</msg>
<msg timestamp="20230809 11:52:13.987" level="INFO">No browser open, doing nothing</msg>
<msg timestamp="20230809 11:52:13.987" level="TRACE">Return: None</msg>
<status status="PASS" starttime="20230809 11:52:13.983" endtime="20230809 11:52:13.987"/>
</kw>
<doc>This file contains smoke tests for MUI</doc>
<status status="FAIL" starttime="20230809 11:52:12.649" endtime="20230809 11:52:13.987"/>
</suite>
<status status="FAIL" starttime="20230809 11:52:12.647" endtime="20230809 11:52:13.993"/>
</suite>
<status status="FAIL" starttime="20230809 11:51:09.052" endtime="20230809 11:52:13.994"/>
</suite>
<doc>Argument file for running tests on Omena test4 environment (test4)</doc>
<status status="FAIL" starttime="20230809 11:51:05.764" endtime="20230809 11:52:13.996"/>
</suite>
<statistics>
<total>
<stat pass="2" fail="29" skip="0">All Tests</stat>
</total>
<tag>
<stat pass="2" fail="7" skip="0">exhibition_court</stat>
<stat pass="0" fail="2" skip="0">smoke</stat>
<stat pass="0" fail="7" skip="0">smoke, booking, BUI2-556, online-checkin</stat>
</tag>
<suite>
<stat pass="2" fail="29" skip="0" id="s1" name="Testsuites">Testsuites</stat>
<stat pass="0" fail="13" skip="0" id="s1-s1" name="BUI">Testsuites.BUI</stat>
<stat pass="0" fail="11" skip="0" id="s1-s1-s1" name="Feature">Testsuites.BUI.Feature</stat>
<stat pass="0" fail="11" skip="0" id="s1-s1-s1-s1" name="Online Check In">Testsuites.BUI.Feature.Online Check In</stat>
<stat pass="0" fail="7" skip="0" id="s1-s1-s1-s1-s1" name="BUI2-556">Testsuites.BUI.Feature.Online Check In.BUI2-556</stat>
<stat pass="0" fail="4" skip="0" id="s1-s1-s1-s1-s2" name="BUI2-557">Testsuites.BUI.Feature.Online Check In.BUI2-557</stat>
<stat pass="0" fail="2" skip="0" id="s1-s1-s2" name="Regression">Testsuites.BUI.Regression</stat>
<stat pass="0" fail="2" skip="0" id="s1-s1-s2-s1" name="Create Booking">Testsuites.BUI.Regression.Create Booking</stat>
<stat pass="2" fail="16" skip="0" id="s1-s2" name="MUI">Testsuites.MUI</stat>
<stat pass="2" fail="7" skip="0" id="s1-s2-s1" name="EC">Testsuites.MUI.EC</stat>
<stat pass="2" fail="7" skip="0" id="s1-s2-s1-s1" name="Smoke">Testsuites.MUI.EC.Smoke</stat>
<stat pass="0" fail="2" skip="0" id="s1-s2-s2" name="Feature">Testsuites.MUI.Feature</stat>
<stat pass="0" fail="2" skip="0" id="s1-s2-s2-s1" name="MUI-430">Testsuites.MUI.Feature.MUI-430</stat>
<stat pass="0" fail="7" skip="0" id="s1-s2-s3" name="Regression">Testsuites.MUI.Regression</stat>
<stat pass="0" fail="7" skip="0" id="s1-s2-s3-s1" name="Smoke">Testsuites.MUI.Regression.Smoke</stat>
</suite>
</statistics>
<errors>
</errors>
</robot>
