<?xml version="1.0" encoding="UTF-8"?>
<robot generator="Robot 5.0.1 (Python 3.10.11 on linux)" generated="20230713 14:27:07.038" rpa="false" schemaversion="3">
<suite id="s1" name="Testsuites" source="/home/runner/work/nelson-test-automation/nelson-test-automation/testsuites">
<suite id="s1-s1" name="BUI" source="/home/runner/work/nelson-test-automation/nelson-test-automation/testsuites/BUI">
<suite id="s1-s1-s1" name="Regression" source="/home/runner/work/nelson-test-automation/nelson-test-automation/testsuites/BUI/regression">
<suite id="s1-s1-s1-s1" name="New Booking" source="/home/runner/work/nelson-test-automation/nelson-test-automation/testsuites/BUI/regression/new_booking.robot">
<kw name="Open Browser to Landing Page" library="common" type="SETUP">
<doc>A general startup keyword for opening a browser to the landing page.</doc>
<kw name="Open New Browser To URL" library="common">
<arg>${url}</arg>
<kw name="New Browser" library="Browser">
<arg>${browser}</arg>
<arg>${headless}</arg>
<arg>timeout=${timeout}</arg>
<tag>BrowserControl</tag>
<tag>Setter</tag>
<doc>Create a new playwright Browser with specified options.</doc>
<msg timestamp="20230713 14:27:07.954" level="INFO">{"browser": "firefox", "headless": true, "devtools": false, "handleSIGHUP": true, "handleSIGINT": true, "handleSIGTERM": true, "slowMo": 0.0, "timeout": 90000.0, "tracesDir": "/home/runner/work/nelson-test-automation/nelson-test-automation/reports/test4/browser/traces/d84b48af-af3d-4210-96b8-b2bdf4a75c77"}</msg>
<msg timestamp="20230713 14:27:08.562" level="INFO">Successfully created browser with options: {"browser":"firefox","headless":true,"devtools":false,"handleSIGHUP":true,"handleSIGINT":true,"handleSIGTERM":true,"slowMo":0,"timeout":90000,"tracesDir":"/home/runner/work/nelson-test-automation/nelson-test-automation/reports/test4/browser/traces/d84b48af-af3d-4210-96b8-b2bdf4a75c77"}</msg>
<status status="PASS" starttime="20230713 14:27:07.953" endtime="20230713 14:27:08.562"/>
</kw>
<kw name="Set Browser Timeout" library="Browser">
<arg>${timeout}</arg>
<tag>Config</tag>
<tag>Setter</tag>
<doc>Sets the timeout used by most input and getter keywords.</doc>
<msg timestamp="20230713 14:27:08.565" level="INFO">No context open.</msg>
<status status="PASS" starttime="20230713 14:27:08.562" endtime="20230713 14:27:08.565"/>
</kw>
<kw name="New Context" library="Browser">
<tag>BrowserControl</tag>
<tag>Setter</tag>
<doc>Create a new BrowserContext with specified options.</doc>
<msg timestamp="20230713 14:27:08.566" level="INFO">{
  "acceptDownloads": true,
  "bypassCSP": false,
  "forcedColors": "none",
  "hideRfBrowser": "",
  "ignoreHTTPSErrors": false,
  "javaScriptEnabled": true,
  "offline": false,
  "reducedMotion": "no-preference",
  "viewport": {
    "height": 720,
    "width": 1280
  }
}</msg>
<msg timestamp="20230713 14:27:08.613" level="INFO">Successfully created context. </msg>
<msg timestamp="20230713 14:27:08.613" level="INFO">{'acceptDownloads': True, 'bypassCSP': False, 'forcedColors': 'none', 'hideRfBrowser': '', 'ignoreHTTPSErrors': False, 'javaScriptEnabled': True, 'offline': False, 'reducedMotion': 'no-preference', 'viewport': {'height': 720, 'width': 1280}}</msg>
<status status="PASS" starttime="20230713 14:27:08.565" endtime="20230713 14:27:08.613"/>
</kw>
<kw name="New Page" library="Browser">
<arg>${url}</arg>
<tag>BrowserControl</tag>
<tag>Setter</tag>
<doc>Open a new Page.</doc>
<msg timestamp="20230713 14:27:12.483" level="INFO">Successfully initialized new page object and opened url: https://test4.omenahotels.com/en</msg>
<status status="PASS" starttime="20230713 14:27:08.613" endtime="20230713 14:27:12.483"/>
</kw>
<status status="PASS" starttime="20230713 14:27:07.953" endtime="20230713 14:27:12.483"/>
</kw>
<kw name="Wait Until Network Is Idle" library="Browser">
<tag>HTTP</tag>
<tag>Wait</tag>
<doc>Waits until there has been at least one instance of 500 ms of no network traffic on the page after loading.</doc>
<status status="PASS" starttime="20230713 14:27:12.483" endtime="20230713 14:27:13.443"/>
</kw>
<kw name="Allow Cookies" library="common">
<doc>Allow Cookies/Toggle Cookie allowance</doc>
<kw name="Is Element Found" library="common">
<var>${cookieModalVisible}</var>
<arg>id=CybotCookiebotDialogBodyLevelButtonLevelOptinAllowAll</arg>
<doc>A keyword that has a very complex way of figuring out whether an
element is found or not because I had trouble with the built-in keywords
Can be solved differently if you have a better idea</doc>
<kw name="Set Browser Timeout" library="Browser">
<arg>10s</arg>
<tag>Config</tag>
<tag>Setter</tag>
<doc>Sets the timeout used by most input and getter keywords.</doc>
<msg timestamp="20230713 14:27:13.449" level="INFO">Set timeout to: 10000</msg>
<status status="PASS" starttime="20230713 14:27:13.444" endtime="20230713 14:27:13.449"/>
</kw>
<try>
<branch type="TRY">
<kw name="Get Elements" library="Browser">
<var>${els}</var>
<arg>${selector}</arg>
<tag>Getter</tag>
<tag>PageContent</tag>
<doc>Returns a reference to Playwright [https://playwright.dev/docs/api/class-locator|Locator]
for all matched elements by ``selector``.</doc>
<msg timestamp="20230713 14:27:13.505" level="INFO">Found Locator@id=CybotCookiebotDialogBodyLevelButtonLevelOptinAllowAll &gt;&gt; nth=0 Locators successfully.</msg>
<msg timestamp="20230713 14:27:13.506" level="INFO">${els} = ['id=CybotCookiebotDialogBodyLevelButtonLevelOptinAllowAll &gt;&gt; nth=0']</msg>
<status status="PASS" starttime="20230713 14:27:13.449" endtime="20230713 14:27:13.506"/>
</kw>
<kw name="Get Length" library="BuiltIn">
<var>${count}</var>
<arg>${els}</arg>
<doc>Returns and logs the length of the given item as an integer.</doc>
<msg timestamp="20230713 14:27:13.506" level="INFO">Length is 1</msg>
<msg timestamp="20230713 14:27:13.506" level="INFO">${count} = 1</msg>
<status status="PASS" starttime="20230713 14:27:13.506" endtime="20230713 14:27:13.506"/>
</kw>
<if>
<branch type="IF" condition="${count} &gt; 0">
<kw name="Set Variable" library="BuiltIn">
<var>${visible}</var>
<arg>True</arg>
<doc>Returns the given values which can then be assigned to a variables.</doc>
<msg timestamp="20230713 14:27:13.507" level="INFO">${visible} = True</msg>
<status status="PASS" starttime="20230713 14:27:13.507" endtime="20230713 14:27:13.507"/>
</kw>
<status status="PASS" starttime="20230713 14:27:13.507" endtime="20230713 14:27:13.507"/>
</branch>
<branch type="ELSE">
<kw name="Set Variable" library="BuiltIn">
<var>${visible}</var>
<arg>False</arg>
<doc>Returns the given values which can then be assigned to a variables.</doc>
<status status="NOT RUN" starttime="20230713 14:27:13.508" endtime="20230713 14:27:13.508"/>
</kw>
<status status="NOT RUN" starttime="20230713 14:27:13.507" endtime="20230713 14:27:13.508"/>
</branch>
<status status="PASS" starttime="20230713 14:27:13.507" endtime="20230713 14:27:13.508"/>
</if>
<status status="PASS" starttime="20230713 14:27:13.449" endtime="20230713 14:27:13.508"/>
</branch>
<branch type="EXCEPT">
<kw name="Set Variable" library="BuiltIn">
<var>${visible}</var>
<arg>False</arg>
<doc>Returns the given values which can then be assigned to a variables.</doc>
<status status="NOT RUN" starttime="20230713 14:27:13.508" endtime="20230713 14:27:13.508"/>
</kw>
<status status="NOT RUN" starttime="20230713 14:27:13.508" endtime="20230713 14:27:13.508"/>
</branch>
<status status="PASS" starttime="20230713 14:27:13.449" endtime="20230713 14:27:13.508"/>
</try>
<kw name="Set Browser Timeout" library="Browser">
<arg>${timeout}</arg>
<tag>Config</tag>
<tag>Setter</tag>
<doc>Sets the timeout used by most input and getter keywords.</doc>
<msg timestamp="20230713 14:27:13.511" level="INFO">Set timeout to: 90000</msg>
<status status="PASS" starttime="20230713 14:27:13.509" endtime="20230713 14:27:13.512"/>
</kw>
<msg timestamp="20230713 14:27:13.512" level="INFO">${cookieModalVisible} = True</msg>
<status status="PASS" starttime="20230713 14:27:13.444" endtime="20230713 14:27:13.512"/>
</kw>
<if>
<branch type="IF" condition="${cookieModalVisible}">
<kw name="Click" library="Browser">
<arg>id=CybotCookiebotDialogBodyLevelButtonLevelOptinAllowAll</arg>
<tag>PageContent</tag>
<tag>Setter</tag>
<doc>Simulates mouse click on the element found by ``selector``.</doc>
<status status="PASS" starttime="20230713 14:27:13.512" endtime="20230713 14:27:13.592"/>
</kw>
<status status="PASS" starttime="20230713 14:27:13.512" endtime="20230713 14:27:13.593"/>
</branch>
<branch type="ELSE">
<kw name="Log" library="BuiltIn">
<arg>No Cookie Modal Visible</arg>
<doc>Logs the given message with the given level.</doc>
<status status="NOT RUN" starttime="20230713 14:27:13.593" endtime="20230713 14:27:13.593"/>
</kw>
<status status="NOT RUN" starttime="20230713 14:27:13.593" endtime="20230713 14:27:13.593"/>
</branch>
<status status="PASS" starttime="20230713 14:27:13.512" endtime="20230713 14:27:13.593"/>
</if>
<status status="PASS" starttime="20230713 14:27:13.444" endtime="20230713 14:27:13.593"/>
</kw>
<kw name="Set Environment" library="common">
<kw name="Get Url" library="Browser">
<var>${currentUrl}</var>
<tag>Assertion</tag>
<tag>Getter</tag>
<tag>PageContent</tag>
<doc>Returns the current URL.</doc>
<msg timestamp="20230713 14:27:13.596" level="INFO">${currentUrl} = https://test4.omenahotels.com/en/</msg>
<status status="PASS" starttime="20230713 14:27:13.594" endtime="20230713 14:27:13.596"/>
</kw>
<kw name="Get Environment From Url" library="Helpers">
<var>${env}</var>
<arg>${currentUrl}</arg>
<msg timestamp="20230713 14:27:13.597" level="INFO">${env} = test-omena</msg>
<status status="PASS" starttime="20230713 14:27:13.596" endtime="20230713 14:27:13.597"/>
</kw>
<kw name="Set Variable" library="BuiltIn">
<arg>${environment}</arg>
<arg>${env}</arg>
<doc>Returns the given values which can then be assigned to a variables.</doc>
<status status="PASS" starttime="20230713 14:27:13.597" endtime="20230713 14:27:13.597"/>
</kw>
<status status="PASS" starttime="20230713 14:27:13.594" endtime="20230713 14:27:13.597"/>
</kw>
<status status="PASS" starttime="20230713 14:27:07.952" endtime="20230713 14:27:13.598"/>
</kw>
<test id="s1-s1-s1-s1-t1" name="Create A New Booking as" line="12">
<kw name="Select Hotel" library="booking">
<doc>Select Hotel by using a number as an argument, default Lönnrotinkatu</doc>
<if>
<branch type="IF" condition="&quot;${environment}&quot; == &quot;test-exhibition&quot;">
<kw name="Log" library="BuiltIn">
<arg>No hotel to be selected</arg>
<doc>Logs the given message with the given level.</doc>
<status status="NOT RUN" starttime="20230713 14:27:13.600" endtime="20230713 14:27:13.600"/>
</kw>
<status status="NOT RUN" starttime="20230713 14:27:13.600" endtime="20230713 14:27:13.600"/>
</branch>
<branch type="ELSE">
<kw name="Log" library="BuiltIn">
<arg>Selecting Hotel: ${hotel}</arg>
<doc>Logs the given message with the given level.</doc>
<msg timestamp="20230713 14:27:13.601" level="INFO">Selecting Hotel: Lönnrotin</msg>
<status status="PASS" starttime="20230713 14:27:13.601" endtime="20230713 14:27:13.601"/>
</kw>
<kw name="Click" library="Browser">
<arg>//div[contains(@data-nelson-btn, "hotels")]</arg>
<tag>PageContent</tag>
<tag>Setter</tag>
<doc>Simulates mouse click on the element found by ``selector``.</doc>
<status status="PASS" starttime="20230713 14:27:13.601" endtime="20230713 14:27:13.677"/>
</kw>
<kw name="Wait Until Visible" library="common">
<arg>//a[contains(@class, 'dropdown-item') and contains(text(), '${hotel}')]</arg>
<doc>An easier keyword for waiting until an element is visible</doc>
<kw name="Wait For Elements State" library="Browser">
<arg>${element}</arg>
<arg>visible</arg>
<arg>timeout=${timeout}</arg>
<tag>PageContent</tag>
<tag>Wait</tag>
<doc>Waits for the element found by ``selector`` to satisfy state option.</doc>
<msg timestamp="20230713 14:27:13.685" level="INFO">Waited for Element with selector //a[contains(@class, 'dropdown-item') and contains(text(), 'Lönnrotin')] at state visible</msg>
<status status="PASS" starttime="20230713 14:27:13.678" endtime="20230713 14:27:13.685"/>
</kw>
<status status="PASS" starttime="20230713 14:27:13.677" endtime="20230713 14:27:13.686"/>
</kw>
<kw name="Click" library="Browser">
<arg>//a[contains(@class, 'dropdown-item') and contains(text(), '${hotel}')]</arg>
<tag>PageContent</tag>
<tag>Setter</tag>
<doc>Simulates mouse click on the element found by ``selector``.</doc>
<status status="PASS" starttime="20230713 14:27:13.686" endtime="20230713 14:27:13.875"/>
</kw>
<kw name="Wait For Elements State" library="Browser">
<arg>//a[contains(@class, 'dropdown-item') and contains(text(), '${hotel}')]</arg>
<arg>hidden</arg>
<arg>timeout=3s</arg>
<tag>PageContent</tag>
<tag>Wait</tag>
<doc>Waits for the element found by ``selector`` to satisfy state option.</doc>
<msg timestamp="20230713 14:27:13.909" level="INFO">Waited for Element with selector //a[contains(@class, 'dropdown-item') and contains(text(), 'Lönnrotin')] at state hidden</msg>
<status status="PASS" starttime="20230713 14:27:13.876" endtime="20230713 14:27:13.909"/>
</kw>
<status status="PASS" starttime="20230713 14:27:13.600" endtime="20230713 14:27:13.910"/>
</branch>
<status status="PASS" starttime="20230713 14:27:13.600" endtime="20230713 14:27:13.910"/>
</if>
<status status="PASS" starttime="20230713 14:27:13.599" endtime="20230713 14:27:13.910"/>
</kw>
<kw name="Select Dates" library="booking">
<kw name="Log" library="BuiltIn">
<arg>${EMPTY}</arg>
<doc>Logs the given message with the given level.</doc>
<msg timestamp="20230713 14:27:13.911" level="INFO"/>
<status status="PASS" starttime="20230713 14:27:13.911" endtime="20230713 14:27:13.912"/>
</kw>
<status status="PASS" starttime="20230713 14:27:13.910" endtime="20230713 14:27:13.912"/>
</kw>
<kw name="Select Guests" library="booking">
<doc>Selects the number of guests for the booking, current implementation will only check the dropdown</doc>
<kw name="Log To Console" library="BuiltIn">
<arg>${EMPTY}</arg>
<doc>Logs the given message to the console.</doc>
<status status="PASS" starttime="20230713 14:27:13.912" endtime="20230713 14:27:13.914"/>
</kw>
<status status="PASS" starttime="20230713 14:27:13.912" endtime="20230713 14:27:13.914"/>
</kw>
<kw name="Click Book or Find Rooms Button" library="booking">
<kw name="Get Url" library="Browser">
<var>${url}</var>
<tag>Assertion</tag>
<tag>Getter</tag>
<tag>PageContent</tag>
<doc>Returns the current URL.</doc>
<msg timestamp="20230713 14:27:13.919" level="INFO">${url} = https://test4.omenahotels.com/en/#</msg>
<status status="PASS" starttime="20230713 14:27:13.915" endtime="20230713 14:27:13.919"/>
</kw>
<kw name="Check If String Contains" library="common">
<var>${booking}</var>
<arg>${url}</arg>
<arg>/booking/</arg>
<kw name="Check If String Contains Substring" library="Helpers">
<var>${contains}</var>
<arg>${string}</arg>
<arg>${substring}</arg>
<msg timestamp="20230713 14:27:13.921" level="INFO">${contains} = False</msg>
<status status="PASS" starttime="20230713 14:27:13.921" endtime="20230713 14:27:13.922"/>
</kw>
<msg timestamp="20230713 14:27:13.924" level="INFO">${booking} = False</msg>
<status status="PASS" starttime="20230713 14:27:13.919" endtime="20230713 14:27:13.924"/>
</kw>
<if>
<branch type="IF" condition="${booking} == True">
<kw name="Click" library="Browser">
<arg>//button[contains(@class, 'booking-form-button') and contains(text(), 'Find rooms')]</arg>
<tag>PageContent</tag>
<tag>Setter</tag>
<doc>Simulates mouse click on the element found by ``selector``.</doc>
<status status="NOT RUN" starttime="20230713 14:27:13.924" endtime="20230713 14:27:13.924"/>
</kw>
<status status="NOT RUN" starttime="20230713 14:27:13.924" endtime="20230713 14:27:13.924"/>
</branch>
<branch type="ELSE">
<kw name="Click" library="Browser">
<arg>//button[contains(@class, 'booking-form-button') and contains(text(), 'Book')]</arg>
<tag>PageContent</tag>
<tag>Setter</tag>
<doc>Simulates mouse click on the element found by ``selector``.</doc>
<kw name="Take Custom Screenshot" library="common">
<doc>Sets the screenshot directory and filename</doc>
<kw name="Take Screenshot" library="Browser">
<arg>filename=${OUTPUTDIR}/screenshots/${SUITE NAME}_${TEST NAME}_{index}.png</arg>
<tag>PageContent</tag>
<doc>Takes a screenshot of the current window or element and saves it to disk.</doc>
<msg timestamp="20230713 14:28:44.113" level="INFO" html="true">&lt;/td&gt;&lt;/tr&gt;&lt;tr&gt;&lt;td colspan="3"&gt;&lt;a href="screenshots/Testsuites.BUI.Regression.New%20Booking_Create%20A%20New%20Booking%20as_1.png" target="_blank"&gt;&lt;img src="screenshots/Testsuites.BUI.Regression.New%20Booking_Create%20A%20New%20Booking%20as_1.png" width="800px"/&gt;&lt;/a&gt;</msg>
<status status="PASS" starttime="20230713 14:28:43.937" endtime="20230713 14:28:44.113"/>
</kw>
<status status="PASS" starttime="20230713 14:28:43.936" endtime="20230713 14:28:44.113"/>
</kw>
<msg timestamp="20230713 14:28:44.113" level="INFO">See also file:///home/runner/work/nelson-test-automation/nelson-test-automation/reports/test4/playwright-log.txt for additional details.</msg>
<msg timestamp="20230713 14:28:44.114" level="FAIL">TimeoutError: locator.click: Timeout 90000ms exceeded.
=========================== logs ===========================
waiting for locator('xpath=//button[contains(@class, \'booking-form-button\') and contains(text(), \'Book\')]')
  locator resolved to &lt;button disabled class="booking-form-button btn btn-prim…&gt;Book now&lt;/button&gt;
attempting click action
  waiting for element to be visible, enabled and stable
    element is not enabled - waiting...
============================================================
Tip: Use "Set Browser Timeout" for increasing the timeout or double check your locator as the targeted element(s) couldn't be found.</msg>
<status status="FAIL" starttime="20230713 14:27:13.926" endtime="20230713 14:28:44.141"/>
</kw>
<status status="FAIL" starttime="20230713 14:27:13.924" endtime="20230713 14:28:44.141"/>
</branch>
<status status="FAIL" starttime="20230713 14:27:13.924" endtime="20230713 14:28:44.141"/>
</if>
<status status="FAIL" starttime="20230713 14:27:13.915" endtime="20230713 14:28:44.142"/>
</kw>
<kw name="Select a Standard Room" library="booking">
<status status="NOT RUN" starttime="20230713 14:28:44.143" endtime="20230713 14:28:44.143"/>
</kw>
<kw name="Click Continue to Extras Button" library="booking">
<doc>Clicks the continue to extras button</doc>
<status status="NOT RUN" starttime="20230713 14:28:44.143" endtime="20230713 14:28:44.143"/>
</kw>
<kw name="Continue to Payment" library="booking">
<status status="NOT RUN" starttime="20230713 14:28:44.143" endtime="20230713 14:28:44.143"/>
</kw>
<kw name="Fill in Contact Information" library="booking">
<doc>Fills in Contact information that can be given as arguments or use default values
Uses a password if the environment is bui and</doc>
<status status="NOT RUN" starttime="20230713 14:28:44.143" endtime="20230713 14:28:44.143"/>
</kw>
<kw name="Accept offers and Terms" library="booking">
<status status="NOT RUN" starttime="20230713 14:28:44.144" endtime="20230713 14:28:44.144"/>
</kw>
<kw name="Select Web Bank and Nordea as Payment Method" library="booking">
<status status="NOT RUN" starttime="20230713 14:28:44.144" endtime="20230713 14:28:44.144"/>
</kw>
<kw name="Complete Payment Successfully" library="booking">
<status status="NOT RUN" starttime="20230713 14:28:44.144" endtime="20230713 14:28:44.144"/>
</kw>
<doc>A new booker opens the page and does a successful booking</doc>
<tag>smoke</tag>
<status status="FAIL" starttime="20230713 14:27:13.598" endtime="20230713 14:28:44.145">TimeoutError: locator.click: Timeout 90000ms exceeded.
=========================== logs ===========================
waiting for locator('xpath=//button[contains(@class, \'booking-form-button\') and contains(text(), \'Book\')]')
  locator resolved to &lt;button disabled class="booking-form-button btn btn-prim…&gt;Book now&lt;/button&gt;
attempting click action
  waiting for element to be visible, enabled and stable
    element is not enabled - waiting...
============================================================
Tip: Use "Set Browser Timeout" for increasing the timeout or double check your locator as the targeted element(s) couldn't be found.</status>
</test>
<test id="s1-s1-s1-s1-t2" name="Confirm Email and Open Link" line="26">
<kw name="Get Variable Value" library="BuiltIn">
<var>${id}</var>
<arg>$ID</arg>
<doc>Returns variable value or ``default`` if the variable does not exist.</doc>
<msg timestamp="20230713 14:28:44.151" level="INFO">${id} = None</msg>
<status status="PASS" starttime="20230713 14:28:44.149" endtime="20230713 14:28:44.151"/>
</kw>
<kw name="Wait for Latest Booking Confirmation and Extract Link" library="MailSlurp">
<var>${modify_link}</var>
<arg>${id}</arg>
<msg timestamp="20230713 14:28:44.151" level="FAIL">ApiValueError: Missing the required parameter `inbox_id` when calling `wait_for_matching_emails`</msg>
<status status="FAIL" starttime="20230713 14:28:44.151" endtime="20230713 14:28:44.152"/>
</kw>
<kw name="Open New Browser To URL" library="common">
<arg>${modify_link}</arg>
<status status="NOT RUN" starttime="20230713 14:28:44.152" endtime="20230713 14:28:44.152"/>
</kw>
<doc>A new booker receives an email with a link to modify the booking</doc>
<tag>smoke</tag>
<status status="FAIL" starttime="20230713 14:28:44.148" endtime="20230713 14:28:44.153">ApiValueError: Missing the required parameter `inbox_id` when calling `wait_for_matching_emails`</status>
</test>
<kw name="Close Browser" library="Browser" type="TEARDOWN">
<tag>BrowserControl</tag>
<tag>Setter</tag>
<doc>Closes the current browser.</doc>
<msg timestamp="20230713 14:28:44.754" level="INFO">Closed browser</msg>
<status status="PASS" starttime="20230713 14:28:44.156" endtime="20230713 14:28:44.754"/>
</kw>
<doc>A test suite for verifying modify booking functionality</doc>
<status status="FAIL" starttime="20230713 14:27:07.061" endtime="20230713 14:28:44.754"/>
</suite>
<status status="FAIL" starttime="20230713 14:27:07.060" endtime="20230713 14:28:44.760"/>
</suite>
<status status="FAIL" starttime="20230713 14:27:07.058" endtime="20230713 14:28:44.762"/>
</suite>
<doc>Argument file for running tests on Omena test4 environment (test4)</doc>
<status status="FAIL" starttime="20230713 14:27:07.039" endtime="20230713 14:28:44.764"/>
</suite>
<statistics>
<total>
<stat pass="0" fail="2" skip="0">All Tests</stat>
</total>
<tag>
<stat pass="0" fail="2" skip="0">smoke</stat>
</tag>
<suite>
<stat pass="0" fail="2" skip="0" id="s1" name="Testsuites">Testsuites</stat>
<stat pass="0" fail="2" skip="0" id="s1-s1" name="BUI">Testsuites.BUI</stat>
<stat pass="0" fail="2" skip="0" id="s1-s1-s1" name="Regression">Testsuites.BUI.Regression</stat>
<stat pass="0" fail="2" skip="0" id="s1-s1-s1-s1" name="New Booking">Testsuites.BUI.Regression.New Booking</stat>
</suite>
</statistics>
<errors>
</errors>
</robot>
