<?xml version="1.0" encoding="UTF-8"?>
<robot generator="Robot 5.0.1 (Python 3.9.16 on darwin)" generated="20230706 17:17:04.596" rpa="false" schemaversion="3">
<suite id="s1" name="Testsuites" source="/Users/saragilbert/Code/SQA/nelson-ta/testsuites">
<suite id="s1-s1" name="BUI" source="/Users/saragilbert/Code/SQA/nelson-ta/testsuites/BUI">
<suite id="s1-s1-s1" name="Feature" source="/Users/saragilbert/Code/SQA/nelson-ta/testsuites/BUI/feature">
<suite id="s1-s1-s1-s1" name="Online Check In" source="/Users/saragilbert/Code/SQA/nelson-ta/testsuites/BUI/feature/online_check_in">
<suite id="s1-s1-s1-s1-s1" name="BUI2-556" source="/Users/saragilbert/Code/SQA/nelson-ta/testsuites/BUI/feature/online_check_in/BUI2-556.robot">
<kw name="Open Browser to Landing Page" library="common" type="SETUP">
<doc>A general startup keyword for opening a browser to the landing page.</doc>
<kw name="Open New Browser To URL" library="common">
<arg>${url}</arg>
<kw name="New Browser" library="Browser">
<arg>${browser}</arg>
<arg>${headless}</arg>
<arg>timeout=${timeout}</arg>
<tag>BrowserControl</tag>
<tag>Setter</tag>
<doc>Create a new playwright Browser with specified options.</doc>
<msg timestamp="20230706 17:17:06.384" level="INFO">{"browser": "firefox", "headless": true, "devtools": false, "handleSIGHUP": true, "handleSIGINT": true, "handleSIGTERM": true, "slowMo": 0.0, "timeout": 90000.0, "deprecated_pos_args": [], "tracesDir": "/Users/saragilbert/Code/SQA/nelson-ta/reports/test4/browser/traces/0990767f-34e8-41de-aad1-da88c84bb4de"}</msg>
<msg timestamp="20230706 17:17:07.369" level="INFO">Successfully created browser with options: {"browser":"firefox","headless":true,"devtools":false,"handleSIGHUP":true,"handleSIGINT":true,"handleSIGTERM":true,"slowMo":0,"timeout":90000,"deprecated_pos_args":[],"tracesDir":"/Users/saragilbert/Code/SQA/nelson-ta/reports/test4/browser/traces/0990767f-34e8-41de-aad1-da88c84bb4de"}</msg>
<status status="PASS" starttime="20230706 17:17:06.384" endtime="20230706 17:17:07.369"/>
</kw>
<kw name="Set Browser Timeout" library="Browser">
<arg>${timeout}</arg>
<tag>Config</tag>
<tag>Setter</tag>
<doc>Sets the timeout used by most input and getter keywords.</doc>
<msg timestamp="20230706 17:17:07.373" level="INFO">No context open.</msg>
<status status="PASS" starttime="20230706 17:17:07.370" endtime="20230706 17:17:07.374"/>
</kw>
<kw name="New Context" library="Browser">
<tag>BrowserControl</tag>
<tag>Setter</tag>
<doc>Create a new BrowserContext with specified options.</doc>
<msg timestamp="20230706 17:17:07.375" level="INFO">{
  "acceptDownloads": true,
  "bypassCSP": false,
  "forcedColors": "none",
  "hideRfBrowser": false,
  "ignoreHTTPSErrors": false,
  "javaScriptEnabled": true,
  "offline": false,
  "reducedMotion": "no-preference",
  "viewport": {
    "height": 720,
    "width": 1280
  },
  "deprecated_pos_args": []
}</msg>
<msg timestamp="20230706 17:17:07.481" level="INFO">Successfully created context. </msg>
<msg timestamp="20230706 17:17:07.481" level="INFO">{'acceptDownloads': True, 'bypassCSP': False, 'forcedColors': 'none', 'hideRfBrowser': False, 'ignoreHTTPSErrors': False, 'javaScriptEnabled': True, 'offline': False, 'reducedMotion': 'no-preference', 'viewport': {'height': 720, 'width': 1280}, 'deprecated_pos_args': []}</msg>
<status status="PASS" starttime="20230706 17:17:07.374" endtime="20230706 17:17:07.481"/>
</kw>
<kw name="New Page" library="Browser">
<arg>${url}</arg>
<tag>BrowserControl</tag>
<tag>Setter</tag>
<doc>Open a new Page.</doc>
<msg timestamp="20230706 17:17:30.758" level="INFO">Successfully initialized new page object and opened url: https://test4.omenahotels.com/</msg>
<status status="PASS" starttime="20230706 17:17:07.482" endtime="20230706 17:17:30.766"/>
</kw>
<status status="PASS" starttime="20230706 17:17:06.383" endtime="20230706 17:17:30.771"/>
</kw>
<kw name="Wait Until Network Is Idle" library="Browser">
<tag>HTTP</tag>
<tag>Wait</tag>
<doc>Waits until there has been at least one instance of 500 ms of no network traffic on the page after loading.</doc>
<status status="PASS" starttime="20230706 17:17:30.773" endtime="20230706 17:17:31.526"/>
</kw>
<kw name="Allow Cookies" library="common">
<doc>Allow Cookies/Toggle Cookie allowance</doc>
<kw name="Is Element Found" library="common">
<var>${cookieModalVisible}</var>
<arg>id=CybotCookiebotDialogBodyLevelButtonLevelOptinAllowAll</arg>
<doc>A keyword that has a very complex way of figuring out whether an
element is found or not because I had trouble with the built-in keywords
Can be solved differently if you have a better idea</doc>
<kw name="Set Browser Timeout" library="Browser">
<arg>10s</arg>
<tag>Config</tag>
<tag>Setter</tag>
<doc>Sets the timeout used by most input and getter keywords.</doc>
<msg timestamp="20230706 17:17:31.539" level="INFO">Set timeout to: 10000</msg>
<status status="PASS" starttime="20230706 17:17:31.531" endtime="20230706 17:17:31.540"/>
</kw>
<try>
<branch type="TRY">
<kw name="Get Elements" library="Browser">
<var>${els}</var>
<arg>${selector}</arg>
<tag>Getter</tag>
<tag>PageContent</tag>
<doc>Returns a reference to Playwright [https://playwright.dev/docs/api/class-locator|Locator]
for all matched elements by ``selector``.</doc>
<msg timestamp="20230706 17:17:31.656" level="INFO">Found 1 Locators successfully.</msg>
<msg timestamp="20230706 17:17:31.656" level="INFO">${els} = ['element=3bf38bfa-cf1b-4577-a76f-7136c011e90a']</msg>
<status status="PASS" starttime="20230706 17:17:31.543" endtime="20230706 17:17:31.656"/>
</kw>
<kw name="Get Length" library="BuiltIn">
<var>${count}</var>
<arg>${els}</arg>
<doc>Returns and logs the length of the given item as an integer.</doc>
<msg timestamp="20230706 17:17:31.658" level="INFO">Length is 1</msg>
<msg timestamp="20230706 17:17:31.658" level="INFO">${count} = 1</msg>
<status status="PASS" starttime="20230706 17:17:31.657" endtime="20230706 17:17:31.658"/>
</kw>
<if>
<branch type="IF" condition="${count} &gt; 0">
<kw name="Set Variable" library="BuiltIn">
<var>${visible}</var>
<arg>True</arg>
<doc>Returns the given values which can then be assigned to a variables.</doc>
<msg timestamp="20230706 17:17:31.659" level="INFO">${visible} = True</msg>
<status status="PASS" starttime="20230706 17:17:31.659" endtime="20230706 17:17:31.659"/>
</kw>
<status status="PASS" starttime="20230706 17:17:31.658" endtime="20230706 17:17:31.659"/>
</branch>
<branch type="ELSE">
<kw name="Set Variable" library="BuiltIn">
<var>${visible}</var>
<arg>False</arg>
<doc>Returns the given values which can then be assigned to a variables.</doc>
<status status="NOT RUN" starttime="20230706 17:17:31.660" endtime="20230706 17:17:31.660"/>
</kw>
<status status="NOT RUN" starttime="20230706 17:17:31.660" endtime="20230706 17:17:31.660"/>
</branch>
<status status="PASS" starttime="20230706 17:17:31.658" endtime="20230706 17:17:31.660"/>
</if>
<status status="PASS" starttime="20230706 17:17:31.542" endtime="20230706 17:17:31.660"/>
</branch>
<branch type="EXCEPT">
<kw name="Set Variable" library="BuiltIn">
<var>${visible}</var>
<arg>False</arg>
<doc>Returns the given values which can then be assigned to a variables.</doc>
<status status="NOT RUN" starttime="20230706 17:17:31.661" endtime="20230706 17:17:31.661"/>
</kw>
<status status="NOT RUN" starttime="20230706 17:17:31.660" endtime="20230706 17:17:31.661"/>
</branch>
<status status="PASS" starttime="20230706 17:17:31.541" endtime="20230706 17:17:31.661"/>
</try>
<kw name="Set Browser Timeout" library="Browser">
<arg>${timeout}</arg>
<tag>Config</tag>
<tag>Setter</tag>
<doc>Sets the timeout used by most input and getter keywords.</doc>
<msg timestamp="20230706 17:17:31.667" level="INFO">Set timeout to: 90000</msg>
<status status="PASS" starttime="20230706 17:17:31.661" endtime="20230706 17:17:31.667"/>
</kw>
<msg timestamp="20230706 17:17:31.667" level="INFO">${cookieModalVisible} = True</msg>
<status status="PASS" starttime="20230706 17:17:31.528" endtime="20230706 17:17:31.667"/>
</kw>
<if>
<branch type="IF" condition="${cookieModalVisible}">
<kw name="Click" library="Browser">
<arg>id=CybotCookiebotDialogBodyLevelButtonLevelOptinAllowAll</arg>
<tag>PageContent</tag>
<tag>Setter</tag>
<doc>Simulates mouse click on the element found by ``selector``.</doc>
<status status="PASS" starttime="20230706 17:17:31.668" endtime="20230706 17:17:31.819"/>
</kw>
<status status="PASS" starttime="20230706 17:17:31.668" endtime="20230706 17:17:31.820"/>
</branch>
<branch type="ELSE">
<kw name="Log" library="BuiltIn">
<arg>No Cookie Modal Visible</arg>
<doc>Logs the given message with the given level.</doc>
<status status="NOT RUN" starttime="20230706 17:17:31.821" endtime="20230706 17:17:31.822"/>
</kw>
<status status="NOT RUN" starttime="20230706 17:17:31.820" endtime="20230706 17:17:31.822"/>
</branch>
<status status="PASS" starttime="20230706 17:17:31.668" endtime="20230706 17:17:31.822"/>
</if>
<status status="PASS" starttime="20230706 17:17:31.527" endtime="20230706 17:17:31.822"/>
</kw>
<kw name="Set Environment" library="common">
<kw name="Get Url" library="Browser">
<var>${currentUrl}</var>
<tag>Assertion</tag>
<tag>Getter</tag>
<tag>PageContent</tag>
<doc>Returns the current URL.</doc>
<msg timestamp="20230706 17:17:31.830" level="INFO">${currentUrl} = https://test4.omenahotels.com/fi/</msg>
<status status="PASS" starttime="20230706 17:17:31.824" endtime="20230706 17:17:31.830"/>
</kw>
<kw name="Get Environment From Url" library="Helpers">
<var>${env}</var>
<arg>${currentUrl}</arg>
<msg timestamp="20230706 17:17:31.831" level="INFO">${env} = test-omena</msg>
<status status="PASS" starttime="20230706 17:17:31.831" endtime="20230706 17:17:31.832"/>
</kw>
<kw name="Set Variable" library="BuiltIn">
<arg>${environment}</arg>
<arg>${env}</arg>
<doc>Returns the given values which can then be assigned to a variables.</doc>
<status status="PASS" starttime="20230706 17:17:31.832" endtime="20230706 17:17:31.833"/>
</kw>
<status status="PASS" starttime="20230706 17:17:31.823" endtime="20230706 17:17:31.833"/>
</kw>
<status status="PASS" starttime="20230706 17:17:06.382" endtime="20230706 17:17:31.833"/>
</kw>
<test id="s1-s1-s1-s1-s1-t1" name="Create a new booking, check-in and verify door code is displayed" line="13">
<kw name="Select Hotel" library="booking">
<arg>Helsinki, Lönnrotinkatu</arg>
<doc>Select Hotel by using a number as an argument, default Lönnrotinkatu</doc>
<if>
<branch type="IF" condition="&quot;${environment}&quot; == &quot;test-exhibition&quot;">
<kw name="Log" library="BuiltIn">
<arg>No hotel to be selected</arg>
<doc>Logs the given message with the given level.</doc>
<status status="NOT RUN" starttime="20230706 17:17:31.842" endtime="20230706 17:17:31.843"/>
</kw>
<status status="NOT RUN" starttime="20230706 17:17:31.842" endtime="20230706 17:17:31.843"/>
</branch>
<branch type="ELSE">
<kw name="Log" library="BuiltIn">
<arg>Selecting Hotel: ${hotel}</arg>
<doc>Logs the given message with the given level.</doc>
<msg timestamp="20230706 17:17:31.844" level="INFO">Selecting Hotel: Helsinki, Lönnrotinkatu</msg>
<status status="PASS" starttime="20230706 17:17:31.844" endtime="20230706 17:17:31.844"/>
</kw>
<kw name="Click" library="Browser">
<arg>//div[contains(@data-nelson-btn, "hotels")]</arg>
<tag>PageContent</tag>
<tag>Setter</tag>
<doc>Simulates mouse click on the element found by ``selector``.</doc>
<status status="PASS" starttime="20230706 17:17:31.845" endtime="20230706 17:17:32.213"/>
</kw>
<kw name="Wait Until Visible" library="common">
<arg>//a[contains(@class, 'dropdown-item') and contains(text(), '${hotel}')]</arg>
<doc>An easier keyword for waiting until an element is visible</doc>
<kw name="Wait For Elements State" library="Browser">
<arg>${element}</arg>
<arg>visible</arg>
<arg>timeout=${timeout}</arg>
<tag>PageContent</tag>
<tag>Wait</tag>
<doc>Waits for the element found by ``selector`` to satisfy state option.</doc>
<msg timestamp="20230706 17:17:32.250" level="INFO">Waited for Element with selector //a[contains(@class, 'dropdown-item') and contains(text(), 'Helsinki, Lönnrotinkatu')] at state visible</msg>
<status status="PASS" starttime="20230706 17:17:32.217" endtime="20230706 17:17:32.251"/>
</kw>
<status status="PASS" starttime="20230706 17:17:32.213" endtime="20230706 17:17:32.251"/>
</kw>
<kw name="Click" library="Browser">
<arg>//a[contains(@class, 'dropdown-item') and contains(text(), '${hotel}')]</arg>
<tag>PageContent</tag>
<tag>Setter</tag>
<doc>Simulates mouse click on the element found by ``selector``.</doc>
<status status="PASS" starttime="20230706 17:17:32.252" endtime="20230706 17:17:33.532"/>
</kw>
<kw name="Wait For Elements State" library="Browser">
<arg>//a[contains(@class, 'dropdown-item') and contains(text(), '${hotel}')]</arg>
<arg>hidden</arg>
<arg>timeout=3s</arg>
<tag>PageContent</tag>
<tag>Wait</tag>
<doc>Waits for the element found by ``selector`` to satisfy state option.</doc>
<msg timestamp="20230706 17:17:33.592" level="INFO">Waited for Element with selector //a[contains(@class, 'dropdown-item') and contains(text(), 'Helsinki, Lönnrotinkatu')] at state hidden</msg>
<status status="PASS" starttime="20230706 17:17:33.532" endtime="20230706 17:17:33.593"/>
</kw>
<status status="PASS" starttime="20230706 17:17:31.843" endtime="20230706 17:17:33.593"/>
</branch>
<status status="PASS" starttime="20230706 17:17:31.841" endtime="20230706 17:17:33.593"/>
</if>
<status status="PASS" starttime="20230706 17:17:31.840" endtime="20230706 17:17:33.594"/>
</kw>
<kw name="Select Dates" library="booking">
<kw name="Log" library="BuiltIn">
<arg>Skipping date selection for now</arg>
<doc>Logs the given message with the given level.</doc>
<msg timestamp="20230706 17:17:33.600" level="INFO">Skipping date selection for now</msg>
<status status="PASS" starttime="20230706 17:17:33.598" endtime="20230706 17:17:33.600"/>
</kw>
<status status="PASS" starttime="20230706 17:17:33.596" endtime="20230706 17:17:33.602"/>
</kw>
<kw name="Select Guests" library="booking">
<doc>Selects the number of guests for the booking, current implementation will only check the dropdown</doc>
<kw name="Log To Console" library="BuiltIn">
<arg>Not yet implemented</arg>
<doc>Logs the given message to the console.</doc>
<status status="PASS" starttime="20230706 17:17:33.604" endtime="20230706 17:17:33.605"/>
</kw>
<status status="PASS" starttime="20230706 17:17:33.603" endtime="20230706 17:17:33.605"/>
</kw>
<kw name="Click Book Button" library="booking">
<kw name="Click" library="Browser">
<arg>//div[@data-nelson-btn='book']</arg>
<tag>PageContent</tag>
<tag>Setter</tag>
<doc>Simulates mouse click on the element found by ``selector``.</doc>
<msg timestamp="20230706 17:19:03.912" level="INFO" html="true">&lt;/td&gt;&lt;/tr&gt;&lt;tr&gt;&lt;td colspan="3"&gt;&lt;a href="browser/screenshot/fail-screenshot-1.png" target="_blank"&gt;&lt;img src="browser/screenshot/fail-screenshot-1.png" width="800px"/&gt;&lt;/a&gt;</msg>
<msg timestamp="20230706 17:19:03.912" level="INFO">See also file:///Users/saragilbert/Code/SQA/nelson-ta/reports/test4/playwright-log.txt for additional details.</msg>
<msg timestamp="20230706 17:19:03.916" level="FAIL">TimeoutError: locator.click: Timeout 90000ms exceeded.
=========================== logs ===========================
waiting for locator('xpath=//div[@data-nelson-btn=\'book\']')
  locator resolved to &lt;div data-nelson-btn="book" class="booking-form-book …&gt;…&lt;/div&gt;
attempting click action
  waiting for element to be visible, enabled and stable
  element is visible, enabled and stable
  scrolling into view if needed
  done scrolling
  &lt;div class="g-col-12 g-col-md-6 modal-content-col"&gt;…&lt;/div&gt; from &lt;div tabindex="-1" role="dialog" aria-modal="true" da…&gt;…&lt;/div&gt; subtree intercepts pointer events
retrying click action, attempt #1
  waiting for element to be visible, enabled and stable
  element is visible, enabled and stable
  scrolling into view if needed
  done scrolling
  &lt;div class="g-col-12 g-col-md-6 modal-content-col"&gt;…&lt;/div&gt; from &lt;div tabindex="-1" role="dialog" aria-modal="true" da…&gt;…&lt;/div&gt; subtree intercepts pointer events
retrying click action, attempt #2
  waiting 20ms
  waiting for element to be visible, enabled and stable
  element is visible, enabled and stable
  scrolling into view if needed
  done scrolling
  &lt;div class="g-col-12 g-col-md-6 modal-content-col"&gt;…&lt;/div&gt; from &lt;div tabindex="-1" role="dialog" aria-modal="true" da…&gt;…&lt;/div&gt; subtree intercepts pointer events
retrying click action, attempt #3
  waiting 100ms
  waiting for element to be visible, enabled and stable
  element is visible, enabled and stable
  scrolling into view if needed
  done scrolling
  &lt;div class="g-col-12 g-col-md-6 modal-content-col"&gt;…&lt;/div&gt; from &lt;div tabindex="-1" role="dialog" aria-modal="true" da…&gt;…&lt;/div&gt; subtree intercepts pointer events
retrying click action, attempt #4
  waiting 100ms
  waiting for element to be visible, enabled and stable
    element is not stable - waiting...
  element is visible, enabled and stable
  scrolling into view if needed
  done scrolling
  &lt;div tabindex="-1" role="dialog" aria-modal="true" da…&gt;…&lt;/div&gt; intercepts pointer events
retrying click action, attempt #5
  waiting 500ms
  waiting for element to be visible, enabled and stable
  element is visible, enabled and stable
  scrolling into view if needed
  done scrolling
  &lt;div tabindex="-1" role="dialog" aria-modal="true" da…&gt;…&lt;/div&gt; intercepts pointer events
retrying click action, attempt #6
  waiting 500ms
  waiting for element to be visible, enabled and stable
  element is visible, enabled and stable
  scrolling into view if needed
  done scrolling
  &lt;div class="g-col-12 g-col-md-6 modal-content-col"&gt;…&lt;/div&gt; from &lt;div tabindex="-1" role="dialog" aria-modal="true" da…&gt;…&lt;/div&gt; subtree intercepts pointer events
retrying click action, attempt #7
  waiting 500ms
  waiting for element to be visible, enabled and stable
  element is visible, enabled and stable
  scrolling into view if needed
  done scrolling
  &lt;div class="g-col-12 g-col-md-6 modal-content-col"&gt;…&lt;/div&gt; from &lt;div tabindex="-1" role="dialog" aria-modal="true" da…&gt;…&lt;/div&gt; subtree intercepts pointer events
retrying click action, attempt #8
  waiting 500ms
  waiting for element to be visible, enabled and stable
  element is visible, enabled and stable
  scrolling into view if needed
  done scrolling
  &lt;div tabindex="-1" role="dialog" aria-modal="true" da…&gt;…&lt;/div&gt; intercepts pointer events
retrying click action, attempt #9
  waiting 500ms
  waiting for element to be visible, enabled and stable
  element is visible, enabled and stable
  scrolling into view if needed
  done scrolling
  &lt;div tabindex="-1" role="dialog" aria-modal="true" da…&gt;…&lt;/div&gt; intercepts pointer events
retrying click action, attempt #10
  waiting 500ms
  waiting for element to be visible, enabled and stable
  element is visible, enabled and stable
  scrolling into view if needed
  done scrolling
  &lt;div class="g-col-12 g-col-md-6 modal-content-col"&gt;…&lt;/div&gt; from &lt;div tabindex="-1" role="dialog" aria-modal="true" da…&gt;…&lt;/div&gt; subtree intercepts pointer events
retrying click action, attempt #11
  waiting 500ms
  waiting for element to be visible, enabled and stable
  element is visible, enabled and stable
  scrolling into view if needed
  done scrolling
  &lt;div class="g-col-12 g-col-md-6 modal-content-col"&gt;…&lt;/div&gt; from &lt;div tabindex="-1" role="dialog" aria-modal="true" da…&gt;…&lt;/div&gt; subtree intercepts pointer events
retrying click action, attempt #12
  waiting 500ms
  waiting for element to be visible, enabled and stable
  element is visible, enabled and stable
  scrolling into view if needed
  done scrolling
  &lt;div tabindex="-1" role="dialog" aria-modal="true" da…&gt;…&lt;/div&gt; intercepts pointer events
retrying click action, attempt #13
  waiting 500ms
  waiting for element to be visible, enabled and stable
  element is visible, enabled and stable
  scrolling into view if needed
  done scrolling
  &lt;div tabindex="-1" role="dialog" aria-modal="true" da…&gt;…&lt;/div&gt; intercepts pointer events
retrying click action, attempt #14
  waiting 500ms
  waiting for element to be visible, enabled and stable
  element is visible, enabled and st
Tip: Use "Set Browser Timeout" for increasing the timeout or double check your locator as the targeted element(s) couldn't be found.</msg>
<status status="FAIL" starttime="20230706 17:17:33.606" endtime="20230706 17:19:03.932"/>
</kw>
<status status="FAIL" starttime="20230706 17:17:33.605" endtime="20230706 17:19:03.935"/>
</kw>
<kw name="Select a Standard Room" library="booking">
<status status="NOT RUN" starttime="20230706 17:19:03.938" endtime="20230706 17:19:03.938"/>
</kw>
<kw name="Click Continue to Extras Button" library="booking">
<doc>Clicks the continue to extras button</doc>
<status status="NOT RUN" starttime="20230706 17:19:03.939" endtime="20230706 17:19:03.939"/>
</kw>
<kw name="Continue to Payment" library="booking">
<status status="NOT RUN" starttime="20230706 17:19:03.939" endtime="20230706 17:19:03.939"/>
</kw>
<kw name="Select Join for Free" library="booking">
<status status="NOT RUN" starttime="20230706 17:19:03.939" endtime="20230706 17:19:03.939"/>
</kw>
<kw name="Fill in Contact Information" library="booking">
<doc>TBD: Use test data instead of hardcoded values</doc>
<status status="NOT RUN" starttime="20230706 17:19:03.940" endtime="20230706 17:19:03.940"/>
</kw>
<kw name="Accept offers and Terms" library="booking">
<status status="NOT RUN" starttime="20230706 17:19:03.940" endtime="20230706 17:19:03.941"/>
</kw>
<kw name="Select Web Bank and Nordea as Payment Method" library="booking">
<status status="NOT RUN" starttime="20230706 17:19:03.941" endtime="20230706 17:19:03.941"/>
</kw>
<kw name="Complete Payment Successfully" library="booking">
<status status="NOT RUN" starttime="20230706 17:19:03.941" endtime="20230706 17:19:03.941"/>
</kw>
<kw name="Click Check In Button" library="booking">
<status status="NOT RUN" starttime="20230706 17:19:03.942" endtime="20230706 17:19:03.942"/>
</kw>
<kw name="Fill Check in Slide" library="booking">
<status status="NOT RUN" starttime="20230706 17:19:03.942" endtime="20230706 17:19:03.942"/>
</kw>
<kw name="Click Save and Sign Button and Sign if Required" library="booking">
<status status="NOT RUN" starttime="20230706 17:19:03.942" endtime="20230706 17:19:03.942"/>
</kw>
<kw name="Complete Check in" library="booking">
<status status="NOT RUN" starttime="20230706 17:19:03.943" endtime="20230706 17:19:03.943"/>
</kw>
<kw name="Wait Until Door Code is Available" library="checkin">
<status status="NOT RUN" starttime="20230706 17:19:03.944" endtime="20230706 17:19:03.944"/>
</kw>
<kw name="Check Door Code and verify it is not empty" library="checkin">
<status status="NOT RUN" starttime="20230706 17:19:03.944" endtime="20230706 17:19:03.944"/>
</kw>
<kw name="Verify Page Elements after Check-in" library="checkin">
<status status="NOT RUN" starttime="20230706 17:19:03.944" endtime="20230706 17:19:03.944"/>
</kw>
<tag>smoke, booking, BUI2-556, online-checkin</tag>
<status status="FAIL" starttime="20230706 17:17:31.835" endtime="20230706 17:19:03.946">TimeoutError: locator.click: Timeout 90000ms exceeded.
=========================== logs ===========================
waiting for locator('xpath=//div[@data-nelson-btn=\'book\']')
  locator resolved to &lt;div data-nelson-btn="book" class="booking-form-book …&gt;…&lt;/div&gt;
attempting click action
  waiting for element to be visible, enabled and stable
  element is visible, enabled and stable
  scrolling into view if needed
  done scrolling
  &lt;div class="g-col-12 g-col-md-6 modal-content-col"&gt;…&lt;/div&gt; from &lt;div tabindex="-1" role="dialog" aria-modal="true" da…&gt;…&lt;/div&gt; subtree intercepts pointer events
retrying click action, attempt #1
  waiting for element to be visible, enabled and stable
  element is visible, enabled and stable
  scrolling into view if needed
  done scrolling
  &lt;div class="g-col-12 g-col-md-6 modal-content-col"&gt;…&lt;/div&gt; from &lt;div tabindex="-1" role="dialog" aria-modal="true" da…&gt;…&lt;/div&gt; subtree intercepts point...
    [ Message content over the limit has been removed. ]
  waiting for element to be visible, enabled and stable
  element is visible, enabled and stable
  scrolling into view if needed
  done scrolling
  &lt;div tabindex="-1" role="dialog" aria-modal="true" da…&gt;…&lt;/div&gt; intercepts pointer events
retrying click action, attempt #13
  waiting 500ms
  waiting for element to be visible, enabled and stable
  element is visible, enabled and stable
  scrolling into view if needed
  done scrolling
  &lt;div tabindex="-1" role="dialog" aria-modal="true" da…&gt;…&lt;/div&gt; intercepts pointer events
retrying click action, attempt #14
  waiting 500ms
  waiting for element to be visible, enabled and stable
  element is visible, enabled and st
Tip: Use "Set Browser Timeout" for increasing the timeout or double check your locator as the targeted element(s) couldn't be found.</status>
</test>
<kw name="Close Browser" library="Browser" type="TEARDOWN">
<tag>BrowserControl</tag>
<tag>Setter</tag>
<doc>Closes the current browser.</doc>
<msg timestamp="20230706 17:19:04.646" level="INFO">Closed browser</msg>
<status status="PASS" starttime="20230706 17:19:03.957" endtime="20230706 17:19:04.647"/>
</kw>
<status status="FAIL" starttime="20230706 17:17:04.625" endtime="20230706 17:19:04.647"/>
</suite>
<suite id="s1-s1-s1-s1-s2" name="BUI2-557" source="/Users/saragilbert/Code/SQA/nelson-ta/testsuites/BUI/feature/online_check_in/BUI2-557.robot">
<test id="s1-s1-s1-s1-s2-t1" name="Verify UI When in booker view" line="11">
<kw name="Open Browser to Landing Page" library="common" type="SETUP">
<doc>A general startup keyword for opening a browser to the landing page.</doc>
<kw name="Open New Browser To URL" library="common">
<arg>${url}</arg>
<kw name="New Browser" library="Browser">
<arg>${browser}</arg>
<arg>${headless}</arg>
<arg>timeout=${timeout}</arg>
<tag>BrowserControl</tag>
<tag>Setter</tag>
<doc>Create a new playwright Browser with specified options.</doc>
<msg timestamp="20230706 17:19:04.698" level="INFO">{"browser": "firefox", "headless": true, "devtools": false, "handleSIGHUP": true, "handleSIGINT": true, "handleSIGTERM": true, "slowMo": 0.0, "timeout": 90000.0, "deprecated_pos_args": [], "tracesDir": "/Users/saragilbert/Code/SQA/nelson-ta/reports/test4/browser/traces/e9eac611-9fae-400b-833d-f95201d985d6"}</msg>
<msg timestamp="20230706 17:19:05.587" level="INFO">Successfully created browser with options: {"browser":"firefox","headless":true,"devtools":false,"handleSIGHUP":true,"handleSIGINT":true,"handleSIGTERM":true,"slowMo":0,"timeout":90000,"deprecated_pos_args":[],"tracesDir":"/Users/saragilbert/Code/SQA/nelson-ta/reports/test4/browser/traces/e9eac611-9fae-400b-833d-f95201d985d6"}</msg>
<status status="PASS" starttime="20230706 17:19:04.695" endtime="20230706 17:19:05.588"/>
</kw>
<kw name="Set Browser Timeout" library="Browser">
<arg>${timeout}</arg>
<tag>Config</tag>
<tag>Setter</tag>
<doc>Sets the timeout used by most input and getter keywords.</doc>
<msg timestamp="20230706 17:19:05.591" level="INFO">No context open.</msg>
<status status="PASS" starttime="20230706 17:19:05.588" endtime="20230706 17:19:05.591"/>
</kw>
<kw name="New Context" library="Browser">
<tag>BrowserControl</tag>
<tag>Setter</tag>
<doc>Create a new BrowserContext with specified options.</doc>
<msg timestamp="20230706 17:19:05.592" level="INFO">{
  "acceptDownloads": true,
  "bypassCSP": false,
  "forcedColors": "none",
  "hideRfBrowser": false,
  "ignoreHTTPSErrors": false,
  "javaScriptEnabled": true,
  "offline": false,
  "reducedMotion": "no-preference",
  "viewport": {
    "height": 720,
    "width": 1280
  },
  "deprecated_pos_args": []
}</msg>
<msg timestamp="20230706 17:19:05.846" level="INFO">Successfully created context. </msg>
<msg timestamp="20230706 17:19:05.846" level="INFO">{'acceptDownloads': True, 'bypassCSP': False, 'forcedColors': 'none', 'hideRfBrowser': False, 'ignoreHTTPSErrors': False, 'javaScriptEnabled': True, 'offline': False, 'reducedMotion': 'no-preference', 'viewport': {'height': 720, 'width': 1280}, 'deprecated_pos_args': []}</msg>
<status status="PASS" starttime="20230706 17:19:05.591" endtime="20230706 17:19:05.846"/>
</kw>
<kw name="New Page" library="Browser">
<arg>${url}</arg>
<tag>BrowserControl</tag>
<tag>Setter</tag>
<doc>Open a new Page.</doc>
<msg timestamp="20230706 17:19:08.361" level="INFO">Successfully initialized new page object and opened url: https://test4.omenahotels.com/</msg>
<status status="PASS" starttime="20230706 17:19:05.847" endtime="20230706 17:19:08.361"/>
</kw>
<status status="PASS" starttime="20230706 17:19:04.694" endtime="20230706 17:19:08.362"/>
</kw>
<kw name="Wait Until Network Is Idle" library="Browser">
<tag>HTTP</tag>
<tag>Wait</tag>
<doc>Waits until there has been at least one instance of 500 ms of no network traffic on the page after loading.</doc>
<status status="PASS" starttime="20230706 17:19:08.363" endtime="20230706 17:19:08.866"/>
</kw>
<kw name="Allow Cookies" library="common">
<doc>Allow Cookies/Toggle Cookie allowance</doc>
<kw name="Is Element Found" library="common">
<var>${cookieModalVisible}</var>
<arg>id=CybotCookiebotDialogBodyLevelButtonLevelOptinAllowAll</arg>
<doc>A keyword that has a very complex way of figuring out whether an
element is found or not because I had trouble with the built-in keywords
Can be solved differently if you have a better idea</doc>
<kw name="Set Browser Timeout" library="Browser">
<arg>10s</arg>
<tag>Config</tag>
<tag>Setter</tag>
<doc>Sets the timeout used by most input and getter keywords.</doc>
<msg timestamp="20230706 17:19:08.871" level="INFO">Set timeout to: 10000</msg>
<status status="PASS" starttime="20230706 17:19:08.867" endtime="20230706 17:19:08.871"/>
</kw>
<try>
<branch type="TRY">
<kw name="Get Elements" library="Browser">
<var>${els}</var>
<arg>${selector}</arg>
<tag>Getter</tag>
<tag>PageContent</tag>
<doc>Returns a reference to Playwright [https://playwright.dev/docs/api/class-locator|Locator]
for all matched elements by ``selector``.</doc>
<msg timestamp="20230706 17:19:08.923" level="INFO">Found 1 Locators successfully.</msg>
<msg timestamp="20230706 17:19:08.924" level="INFO">${els} = ['element=ea4ef267-e771-4a32-983b-c946be708f18']</msg>
<status status="PASS" starttime="20230706 17:19:08.873" endtime="20230706 17:19:08.924"/>
</kw>
<kw name="Get Length" library="BuiltIn">
<var>${count}</var>
<arg>${els}</arg>
<doc>Returns and logs the length of the given item as an integer.</doc>
<msg timestamp="20230706 17:19:08.924" level="INFO">Length is 1</msg>
<msg timestamp="20230706 17:19:08.924" level="INFO">${count} = 1</msg>
<status status="PASS" starttime="20230706 17:19:08.924" endtime="20230706 17:19:08.924"/>
</kw>
<if>
<branch type="IF" condition="${count} &gt; 0">
<kw name="Set Variable" library="BuiltIn">
<var>${visible}</var>
<arg>True</arg>
<doc>Returns the given values which can then be assigned to a variables.</doc>
<msg timestamp="20230706 17:19:08.927" level="INFO">${visible} = True</msg>
<status status="PASS" starttime="20230706 17:19:08.926" endtime="20230706 17:19:08.927"/>
</kw>
<status status="PASS" starttime="20230706 17:19:08.925" endtime="20230706 17:19:08.927"/>
</branch>
<branch type="ELSE">
<kw name="Set Variable" library="BuiltIn">
<var>${visible}</var>
<arg>False</arg>
<doc>Returns the given values which can then be assigned to a variables.</doc>
<status status="NOT RUN" starttime="20230706 17:19:08.928" endtime="20230706 17:19:08.928"/>
</kw>
<status status="NOT RUN" starttime="20230706 17:19:08.927" endtime="20230706 17:19:08.928"/>
</branch>
<status status="PASS" starttime="20230706 17:19:08.925" endtime="20230706 17:19:08.929"/>
</if>
<status status="PASS" starttime="20230706 17:19:08.873" endtime="20230706 17:19:08.929"/>
</branch>
<branch type="EXCEPT">
<kw name="Set Variable" library="BuiltIn">
<var>${visible}</var>
<arg>False</arg>
<doc>Returns the given values which can then be assigned to a variables.</doc>
<status status="NOT RUN" starttime="20230706 17:19:08.929" endtime="20230706 17:19:08.929"/>
</kw>
<status status="NOT RUN" starttime="20230706 17:19:08.929" endtime="20230706 17:19:08.929"/>
</branch>
<status status="PASS" starttime="20230706 17:19:08.872" endtime="20230706 17:19:08.929"/>
</try>
<kw name="Set Browser Timeout" library="Browser">
<arg>${timeout}</arg>
<tag>Config</tag>
<tag>Setter</tag>
<doc>Sets the timeout used by most input and getter keywords.</doc>
<msg timestamp="20230706 17:19:08.932" level="INFO">Set timeout to: 90000</msg>
<status status="PASS" starttime="20230706 17:19:08.929" endtime="20230706 17:19:08.932"/>
</kw>
<msg timestamp="20230706 17:19:08.932" level="INFO">${cookieModalVisible} = True</msg>
<status status="PASS" starttime="20230706 17:19:08.866" endtime="20230706 17:19:08.932"/>
</kw>
<if>
<branch type="IF" condition="${cookieModalVisible}">
<kw name="Click" library="Browser">
<arg>id=CybotCookiebotDialogBodyLevelButtonLevelOptinAllowAll</arg>
<tag>PageContent</tag>
<tag>Setter</tag>
<doc>Simulates mouse click on the element found by ``selector``.</doc>
<status status="PASS" starttime="20230706 17:19:08.933" endtime="20230706 17:19:09.009"/>
</kw>
<status status="PASS" starttime="20230706 17:19:08.933" endtime="20230706 17:19:09.009"/>
</branch>
<branch type="ELSE">
<kw name="Log" library="BuiltIn">
<arg>No Cookie Modal Visible</arg>
<doc>Logs the given message with the given level.</doc>
<status status="NOT RUN" starttime="20230706 17:19:09.010" endtime="20230706 17:19:09.010"/>
</kw>
<status status="NOT RUN" starttime="20230706 17:19:09.010" endtime="20230706 17:19:09.011"/>
</branch>
<status status="PASS" starttime="20230706 17:19:08.932" endtime="20230706 17:19:09.011"/>
</if>
<status status="PASS" starttime="20230706 17:19:08.866" endtime="20230706 17:19:09.011"/>
</kw>
<kw name="Set Environment" library="common">
<kw name="Get Url" library="Browser">
<var>${currentUrl}</var>
<tag>Assertion</tag>
<tag>Getter</tag>
<tag>PageContent</tag>
<doc>Returns the current URL.</doc>
<msg timestamp="20230706 17:19:09.015" level="INFO">${currentUrl} = https://test4.omenahotels.com/fi/</msg>
<status status="PASS" starttime="20230706 17:19:09.012" endtime="20230706 17:19:09.015"/>
</kw>
<kw name="Get Environment From Url" library="Helpers">
<var>${env}</var>
<arg>${currentUrl}</arg>
<msg timestamp="20230706 17:19:09.016" level="INFO">${env} = test-omena</msg>
<status status="PASS" starttime="20230706 17:19:09.015" endtime="20230706 17:19:09.016"/>
</kw>
<kw name="Set Variable" library="BuiltIn">
<arg>${environment}</arg>
<arg>${env}</arg>
<doc>Returns the given values which can then be assigned to a variables.</doc>
<status status="PASS" starttime="20230706 17:19:09.016" endtime="20230706 17:19:09.016"/>
</kw>
<status status="PASS" starttime="20230706 17:19:09.011" endtime="20230706 17:19:09.016"/>
</kw>
<status status="PASS" starttime="20230706 17:19:04.694" endtime="20230706 17:19:09.017"/>
</kw>
<kw name="Select Hotel" library="booking">
<arg>Helsinki, Lönnrotinkatu</arg>
<doc>Select Hotel by using a number as an argument, default Lönnrotinkatu</doc>
<if>
<branch type="IF" condition="&quot;${environment}&quot; == &quot;test-exhibition&quot;">
<kw name="Log" library="BuiltIn">
<arg>No hotel to be selected</arg>
<doc>Logs the given message with the given level.</doc>
<status status="NOT RUN" starttime="20230706 17:19:09.018" endtime="20230706 17:19:09.018"/>
</kw>
<status status="NOT RUN" starttime="20230706 17:19:09.018" endtime="20230706 17:19:09.018"/>
</branch>
<branch type="ELSE">
<kw name="Log" library="BuiltIn">
<arg>Selecting Hotel: ${hotel}</arg>
<doc>Logs the given message with the given level.</doc>
<msg timestamp="20230706 17:19:09.019" level="INFO">Selecting Hotel: Helsinki, Lönnrotinkatu</msg>
<status status="PASS" starttime="20230706 17:19:09.019" endtime="20230706 17:19:09.019"/>
</kw>
<kw name="Click" library="Browser">
<arg>//div[contains(@data-nelson-btn, "hotels")]</arg>
<tag>PageContent</tag>
<tag>Setter</tag>
<doc>Simulates mouse click on the element found by ``selector``.</doc>
<status status="PASS" starttime="20230706 17:19:09.019" endtime="20230706 17:19:09.111"/>
</kw>
<kw name="Wait Until Visible" library="common">
<arg>//a[contains(@class, 'dropdown-item') and contains(text(), '${hotel}')]</arg>
<doc>An easier keyword for waiting until an element is visible</doc>
<kw name="Wait For Elements State" library="Browser">
<arg>${element}</arg>
<arg>visible</arg>
<arg>timeout=${timeout}</arg>
<tag>PageContent</tag>
<tag>Wait</tag>
<doc>Waits for the element found by ``selector`` to satisfy state option.</doc>
<msg timestamp="20230706 17:19:09.169" level="INFO">Waited for Element with selector //a[contains(@class, 'dropdown-item') and contains(text(), 'Helsinki, Lönnrotinkatu')] at state visible</msg>
<status status="PASS" starttime="20230706 17:19:09.113" endtime="20230706 17:19:09.169"/>
</kw>
<status status="PASS" starttime="20230706 17:19:09.112" endtime="20230706 17:19:09.170"/>
</kw>
<kw name="Click" library="Browser">
<arg>//a[contains(@class, 'dropdown-item') and contains(text(), '${hotel}')]</arg>
<tag>PageContent</tag>
<tag>Setter</tag>
<doc>Simulates mouse click on the element found by ``selector``.</doc>
<status status="PASS" starttime="20230706 17:19:09.170" endtime="20230706 17:19:09.287"/>
</kw>
<kw name="Wait For Elements State" library="Browser">
<arg>//a[contains(@class, 'dropdown-item') and contains(text(), '${hotel}')]</arg>
<arg>hidden</arg>
<arg>timeout=3s</arg>
<tag>PageContent</tag>
<tag>Wait</tag>
<doc>Waits for the element found by ``selector`` to satisfy state option.</doc>
<msg timestamp="20230706 17:19:09.297" level="INFO">Waited for Element with selector //a[contains(@class, 'dropdown-item') and contains(text(), 'Helsinki, Lönnrotinkatu')] at state hidden</msg>
<status status="PASS" starttime="20230706 17:19:09.288" endtime="20230706 17:19:09.298"/>
</kw>
<status status="PASS" starttime="20230706 17:19:09.018" endtime="20230706 17:19:09.298"/>
</branch>
<status status="PASS" starttime="20230706 17:19:09.018" endtime="20230706 17:19:09.298"/>
</if>
<status status="PASS" starttime="20230706 17:19:09.017" endtime="20230706 17:19:09.298"/>
</kw>
<kw name="Select Dates" library="booking">
<kw name="Log" library="BuiltIn">
<arg>Skipping date selection for now</arg>
<doc>Logs the given message with the given level.</doc>
<msg timestamp="20230706 17:19:09.299" level="INFO">Skipping date selection for now</msg>
<status status="PASS" starttime="20230706 17:19:09.299" endtime="20230706 17:19:09.299"/>
</kw>
<status status="PASS" starttime="20230706 17:19:09.298" endtime="20230706 17:19:09.299"/>
</kw>
<kw name="Select Guests" library="booking">
<doc>Selects the number of guests for the booking, current implementation will only check the dropdown</doc>
<kw name="Log To Console" library="BuiltIn">
<arg>Not yet implemented</arg>
<doc>Logs the given message to the console.</doc>
<status status="PASS" starttime="20230706 17:19:09.300" endtime="20230706 17:19:09.300"/>
</kw>
<status status="PASS" starttime="20230706 17:19:09.299" endtime="20230706 17:19:09.301"/>
</kw>
<kw name="Click Book Button" library="booking">
<kw name="Click" library="Browser">
<arg>//div[@data-nelson-btn='book']</arg>
<tag>PageContent</tag>
<tag>Setter</tag>
<doc>Simulates mouse click on the element found by ``selector``.</doc>
<status status="PASS" starttime="20230706 17:19:09.301" endtime="20230706 17:19:09.626"/>
</kw>
<status status="PASS" starttime="20230706 17:19:09.301" endtime="20230706 17:19:09.627"/>
</kw>
<kw name="Select a Standard Room" library="booking">
<kw name="Wait Until Visible" library="common">
<arg>${btnExtras}</arg>
<doc>An easier keyword for waiting until an element is visible</doc>
<kw name="Wait For Elements State" library="Browser">
<arg>${element}</arg>
<arg>visible</arg>
<arg>timeout=${timeout}</arg>
<tag>PageContent</tag>
<tag>Wait</tag>
<doc>Waits for the element found by ``selector`` to satisfy state option.</doc>
<errors>
<msg timestamp="20230706 17:19:13.779" level="ERROR">Execution stopped by user.</msg>
</errors>
</robot>
