<?xml version="1.0" encoding="UTF-8"?>
<robot generator="Robot 6.1.1 (Python 3.11.6 on linux)" generated="20231030 17:24:57.292" rpa="false" schemaversion="4">
<suite id="s1" name="Testsuites" source="/home/runner/work/nelson-test-automation/nelson-test-automation/testsuites">
<suite id="s1-s1" name="BUI" source="/home/runner/work/nelson-test-automation/nelson-test-automation/testsuites/BUI">
<suite id="s1-s1-s1" name="Regression" source="/home/runner/work/nelson-test-automation/nelson-test-automation/testsuites/BUI/regression">
<suite id="s1-s1-s1-s1" name="Create Booking" source="/home/runner/work/nelson-test-automation/nelson-test-automation/testsuites/BUI/regression/create_booking.robot">
<kw name="Open Browser to Landing Page" library="common" type="SETUP">
<doc>A general startup keyword for opening a browser to the landing page.</doc>
<msg timestamp="20231030 17:24:58.519" level="TRACE">Arguments: [  ]</msg>
<kw name="Log To Console" library="BuiltIn">
<arg>Environment: ${environment}</arg>
<doc>Logs the given message to the console.</doc>
<msg timestamp="20231030 17:24:58.519" level="TRACE">Arguments: [ 'Environment: test4' ]</msg>
<msg timestamp="20231030 17:24:58.519" level="TRACE">Return: None</msg>
<status status="PASS" starttime="20231030 17:24:58.519" endtime="20231030 17:24:58.519"/>
</kw>
<if>
<branch type="IF" condition="'${environment}' == 'test3'">
<kw name="Set Suite Variable" library="BuiltIn">
<arg>${url.landing.page}</arg>
<arg>https://test3.omenahotels.com/en</arg>
<doc>Makes a variable available everywhere within the scope of the current suite.</doc>
<status status="NOT RUN" starttime="20231030 17:24:58.520" endtime="20231030 17:24:58.520"/>
</kw>
<status status="NOT RUN" starttime="20231030 17:24:58.520" endtime="20231030 17:24:58.520"/>
</branch>
<branch type="ELSE IF" condition="'${environment}' == 'ks_test'">
<kw name="Set Suite Variable" library="BuiltIn">
<arg>${url.landing.page}</arg>
<arg>https://test.kensingtonstay.com/en</arg>
<doc>Makes a variable available everywhere within the scope of the current suite.</doc>
<status status="NOT RUN" starttime="20231030 17:24:58.520" endtime="20231030 17:24:58.521"/>
</kw>
<status status="NOT RUN" starttime="20231030 17:24:58.520" endtime="20231030 17:24:58.521"/>
</branch>
<branch type="ELSE IF" condition="'${environment}' == 'salo_test'">
<kw name="Set Suite Variable" library="BuiltIn">
<arg>${url.landing.page}</arg>
<arg>https://test.kensingtonstay.com/en</arg>
<doc>Makes a variable available everywhere within the scope of the current suite.</doc>
<status status="NOT RUN" starttime="20231030 17:24:58.521" endtime="20231030 17:24:58.521"/>
</kw>
<status status="NOT RUN" starttime="20231030 17:24:58.521" endtime="20231030 17:24:58.521"/>
</branch>
<branch type="ELSE IF" condition="'${environment}' == 'test4'">
<kw name="Set Suite Variable" library="BuiltIn">
<arg>${url.landing.page}</arg>
<arg>https://test4.omenahotels.com/en</arg>
<doc>Makes a variable available everywhere within the scope of the current suite.</doc>
<msg timestamp="20231030 17:24:58.522" level="TRACE">Arguments: [ '${url.landing.page}' | 'https://test4.omenahotels.com/en' ]</msg>
<msg timestamp="20231030 17:24:58.522" level="INFO">${url.landing.page} = https://test4.omenahotels.com/en</msg>
<msg timestamp="20231030 17:24:58.522" level="TRACE">Return: None</msg>
<status status="PASS" starttime="20231030 17:24:58.522" endtime="20231030 17:24:58.522"/>
</kw>
<status status="PASS" starttime="20231030 17:24:58.521" endtime="20231030 17:24:58.522"/>
</branch>
<status status="PASS" starttime="20231030 17:24:58.519" endtime="20231030 17:24:58.522"/>
</if>
<kw name="Open New Browser To URL" library="common">
<arg>${url.landing.page}</arg>
<msg timestamp="20231030 17:24:58.523" level="TRACE">Arguments: [ ${url}='https://test4.omenahotels.com/en' ]</msg>
<kw name="New Browser" library="Browser">
<arg>${browser}</arg>
<arg>${headless}</arg>
<arg>timeout=${timeout}</arg>
<arg>downloadsPath=${EXECDIR}/resources/downloads</arg>
<tag>BrowserControl</tag>
<tag>Setter</tag>
<doc>Create a new playwright Browser with specified options.</doc>
<msg timestamp="20231030 17:24:58.524" level="TRACE">Arguments: [ &lt;SupportedBrowsers.firefox: 2&gt; | False | timeout=datetime.timedelta(seconds=30) | downloadsPath='/home/runner/work/nelson-test-automation/nelson-test-automation/resources/downloads' ]</msg>
<msg timestamp="20231030 17:24:58.524" level="INFO">{"browser": "firefox", "headless": false, "chromiumSandbox": false, "devtools": false, "downloadsPath": "/home/runner/work/nelson-test-automation/nelson-test-automation/resources/downloads", "handleSIGHUP": true, "handleSIGINT": true, "handleSIGTERM": true, "slowMo": 0.0, "timeout": 30000.0, "tracesDir": "/home/runner/work/nelson-test-automation/nelson-test-automation/reports/test4/browser/traces/ba3e8107-5a56-4c5f-b3ee-700897d3b522"}</msg>
<msg timestamp="20231030 17:24:58.825" level="INFO">Keyword 'Take Screenshot  fail-screenshot-{index}' could not be run on failure:
Error: Tried to take screenshot, but no page was open.</msg>
<msg timestamp="20231030 17:24:58.826" level="INFO">See also file:///home/runner/work/nelson-test-automation/nelson-test-automation/reports/test4/playwright-log.txt for additional details.</msg>
<msg timestamp="20231030 17:24:58.826" level="FAIL">Error: browserType.launch: 
╔════════════════════════════════════════════════════════════════════════════════════════════════╗
║ Looks like you launched a headed browser without having a XServer running.                     ║
║ Set either 'headless: true' or use 'xvfb-run &lt;your-playwright-app&gt;' before running Playwright. ║
║                                                                                                ║
║ &lt;3 Playwright Team                                                                             ║
╚════════════════════════════════════════════════════════════════════════════════════════════════╝
=========================== logs ===========================
&lt;launching&gt; /opt/hostedtoolcache/Python/3.11.6/x64/lib/python3.11/site-packages/Browser/wrapper/node_modules/playwright-core/.local-browsers/firefox-1425/firefox/firefox -no-remote -wait-for-browser -foreground -profile /tmp/playwright_firefoxdev_profile-rpv7qa -juggler-pipe -silent
&lt;launched&gt; pid=9672
[pid=9672][err] Error: no DISPLAY environment variable specified
[pid=9672] &lt;process did exit: exitCode=1, signal=null&gt;
[pid=9672] starting temporary directories cleanup
============================================================</msg>
<msg timestamp="20231030 17:24:58.828" level="DEBUG">Traceback (most recent call last):
  File "/opt/hostedtoolcache/Python/3.11.6/x64/lib/python3.11/site-packages/Browser/playwright.py", line 158, in grpc_channel
    yield playwright_pb2_grpc.PlaywrightStub(self._channel)
  File "/opt/hostedtoolcache/Python/3.11.6/x64/lib/python3.11/site-packages/Browser/keywords/playwright_state.py", line 405, in new_browser
    response = stub.NewBrowser(
               ^^^^^^^^^^^^^^^^
  File "/opt/hostedtoolcache/Python/3.11.6/x64/lib/python3.11/site-packages/grpc/_channel.py", line 1161, in __call__
    return _end_unary_response_blocking(state, call, False, None)
           ^^^^^^^^^^^^^^^^^^^^^^^^^^^^^^^^^^^^^^^^^^^^^^^^^^^^^^
  File "/opt/hostedtoolcache/Python/3.11.6/x64/lib/python3.11/site-packages/grpc/_channel.py", line 1004, in _end_unary_response_blocking
    raise _InactiveRpcError(state)  # pytype: disable=not-instantiable
    ^^^^^^^^^^^^^^^^^^^^^^^^^^^^^^
grpc._channel._InactiveRpcError: &lt;_InactiveRpcError of RPC that terminated with:
	status = StatusCode.RESOURCE_EXHAUSTED
	details = "Error: browserType.launch: 
╔════════════════════════════════════════════════════════════════════════════════════════════════╗
║ Looks like you launched a headed browser without having a XServer running.                     ║
║ Set either 'headless: true' or use 'xvfb-run &lt;your-playwright-app&gt;' before running Playwright. ║
║                                                                                                ║
║ &lt;3 Playwright Team                                                                             ║
╚════════════════════════════════════════════════════════════════════════════════════════════════╝
=========================== logs ===========================
&lt;launching&gt; /opt/hostedtoolcache/Python/3.11.6/x64/lib/python3.11/site-packages/Browser/wrapper/node_modules/playwright-core/.local-browsers/firefox-1425/firefox/firefox -no-remote -wait-for-browser -foreground -profile /tmp/playwright_firefoxdev_profile-rpv7qa -juggler-pipe -silent
&lt;launched&gt; pid=9672
[pid=9672][err] Error: no DISPLAY environment variable specified
[pid=9672] &lt;process did exit: exitCode=1, signal=null&gt;
[pid=9672] starting temporary directories cleanup
============================================================"
	debug_error_string = "UNKNOWN:Error received from peer  {created_time:"2023-10-30T17:24:58.821211128+00:00", grpc_status:8, grpc_message:"Error: browserType.launch: \n\xe2\x95\x94\xe2\x95\x90\xe2\x95\x90\xe2\x95\x90\xe2\x95\x90\xe2\x95\x90\xe2\x95\x90\xe2\x95\x90\xe2\x95\x90\xe2\x95\x90\xe2\x95\x90\xe2\x95\x90\xe2\x95\x90\xe2\x95\x90\xe2\x95\x90\xe2\x95\x90\xe2\x95\x90\xe2\x95\x90\xe2\x95\x90\xe2\x95\x90\xe2\x95\x90\xe2\x95\x90\xe2\x95\x90\xe2\x95\x90\xe2\x95\x90\xe2\x95\x90\xe2\x95\x90\xe2\x95\x90\xe2\x95\x90\xe2\x95\x90\xe2\x95\x90\xe2\x95\x90\xe2\x95\x90\xe2\x95\x90\xe2\x95\x90\xe2\x95\x90\xe2\x95\x90\xe2\x95\x90\xe2\x95\x90\xe2\x95\x90\xe2\x95\x90\xe2\x95\x90\xe2\x95\x90\xe2\x95\x90\xe2\x95\x90\xe2\x95\x90\xe2\x95\x90\xe2\x95\x90\xe2\x95\x90\xe2\x95\x90\xe2\x95\x90\xe2\x95\x90\xe2\x95\x90\xe2\x95\x90\xe2\x95\x90\xe2\x95\x90\xe2\x95\x90\xe2\x95\x90\xe2\x95\x90\xe2\x95\x90\xe2\x95\x90\xe2\x95\x90\xe2\x95\x90\xe2\x95\x90\xe2\x95\x90\xe2\x95\x90\xe2\x95\x90\xe2\x95\x90\xe2\x95\x90\xe2\x95\x90\xe2\x95\x90\xe2\x95\x90\xe2\x95\x90\xe2\x95\x90\xe2\x95\x90\xe2\x95\x90\xe2\x95\x90\xe2\x95\x90\xe2\x95\x90\xe2\x95\x90\xe2\x95\x90\xe2\x95\x90\xe2\x95\x90\xe2\x95\x90\xe2\x95\x90\xe2\x95\x90\xe2\x95\x90\xe2\x95\x90\xe2\x95\x90\xe2\x95\x90\xe2\x95\x90\xe2\x95\x90\xe2\x95\x90\xe2\x95\x90\xe2\x95\x90\xe2\x95\x90\xe2\x95\x90\xe2\x95\x97\n\xe2\x95\x91 Looks like you launched a headed browser without having a XServer running.                     \xe2\x95\x91\n\xe2\x95\x91 Set either \'headless: true\' or use \'xvfb-run &lt;your-playwright-app&gt;\' before running Playwright. \xe2\x95\x91\n\xe2\x95\x91                                                                                                \xe2\x95\x91\n\xe2\x95\x91 &lt;3 Playwright Team                                                                             \xe2\x95\x91\n\xe2\x95\x9a\xe2\x95\x90\xe2\x95\x90\xe2\x95\x90\xe2\x95\x90\xe2\x95\x90\xe2\x95\x90\xe2\x95\x90\xe2\x95\x90\xe2\x95\x90\xe2\x95\x90\xe2\x95\x90\xe2\x95\x90\xe2\x95\x90\xe2\x95\x90\xe2\x95\x90\xe2\x95\x90\xe2\x95\x90\xe2\x95\x90\xe2\x95\x90\xe2\x95\x90\xe2\x95\x90\xe2\x95\x90\xe2\x95\x90\xe2\x95\x90\xe2\x95\x90\xe2\x95\x90\xe2\x95\x90\xe2\x95\x90\xe2\x95\x90\xe2\x95\x90\xe2\x95\x90\xe2\x95\x90\xe2\x95\x90\xe2\x95\x90\xe2\x95\x90\xe2\x95\x90\xe2\x95\x90\xe2\x95\x90\xe2\x95\x90\xe2\x95\x90\xe2\x95\x90\xe2\x95\x90\xe2\x95\x90\xe2\x95\x90\xe2\x95\x90\xe2\x95\x90\xe2\x95\x90\xe2\x95\x90\xe2\x95\x90\xe2\x95\x90\xe2\x95\x90\xe2\x95\x90\xe2\x95\x90\xe2\x95\x90\xe2\x95\x90\xe2\x95\x90\xe2\x95\x90\xe2\x95\x90\xe2\x95\x90\xe2\x95\x90\xe2\x95\x90\xe2\x95\x90\xe2\x95\x90\xe2\x95\x90\xe2\x95\x90\xe2\x95\x90\xe2\x95\x90\xe2\x95\x90\xe2\x95\x90\xe2\x95\x90\xe2\x95\x90\xe2\x95\x90\xe2\x95\x90\xe2\x95\x90\xe2\x95\x90\xe2\x95\x90\xe2\x95\x90\xe2\x95\x90\xe2\x95\x90\xe2\x95\x90\xe2\x95\x90\xe2\x95\x90\xe2\x95\x90\xe2\x95\x90\xe2\x95\x90\xe2\x95\x90\xe2\x95\x90\xe2\x95\x90\xe2\x95\x90\xe2\x95\x90\xe2\x95\x90\xe2\x95\x90\xe2\x95\x90\xe2\x95\x90\xe2\x95\x90\xe2\x95\x90\xe2\x95\x9d\n=========================== logs ===========================\n&lt;launching&gt; /opt/hostedtoolcache/Python/3.11.6/x64/lib/python3.11/site-packages/Browser/wrapper/node_modules/playwright-core/.local-browsers/firefox-1425/firefox/firefox -no-remote -wait-for-browser -foreground -profile /tmp/playwright_firefoxdev_profile-rpv7qa -juggler-pipe -silent\n&lt;launched&gt; pid=9672\n[pid=9672][err] Error: no DISPLAY environment variable specified\n[pid=9672] &lt;process did exit: exitCode=1, signal=null&gt;\n[pid=9672] starting temporary directories cleanup\n============================================================"}"
&gt;

During handling of the above exception, another exception occurred:

Traceback (most recent call last):
  File "/opt/hostedtoolcache/Python/3.11.6/x64/lib/python3.11/site-packages/Browser/browser.py", line 1096, in run_keyword
    raise e
  File "/opt/hostedtoolcache/Python/3.11.6/x64/lib/python3.11/site-packages/Browser/browser.py", line 1085, in run_keyword
    return DynamicCore.run_keyword(self, name, args, kwargs)
           ^^^^^^^^^^^^^^^^^^^^^^^^^^^^^^^^^^^^^^^^^^^^^^^^^
  File "/opt/hostedtoolcache/Python/3.11.6/x64/lib/python3.11/site-packages/robotlibcore.py", line 126, in run_keyword
    return self.keywords[name](*args, **(kwargs or {}))
           ^^^^^^^^^^^^^^^^^^^^^^^^^^^^^^^^^^^^^^^^^^^^
  File "/opt/hostedtoolcache/Python/3.11.6/x64/lib/python3.11/site-packages/Browser/keywords/playwright_state.py", line 404, in new_browser
    with self.playwright.grpc_channel() as stub:
  File "/opt/hostedtoolcache/Python/3.11.6/x64/lib/python3.11/contextlib.py", line 155, in __exit__
    self.gen.throw(typ, value, traceback)
  File "/opt/hostedtoolcache/Python/3.11.6/x64/lib/python3.11/site-packages/Browser/playwright.py", line 162, in grpc_channel
    raise AssertionError(error.details())
AssertionError: Error: browserType.launch: 
╔════════════════════════════════════════════════════════════════════════════════════════════════╗
║ Looks like you launched a headed browser without having a XServer running.                     ║
║ Set either 'headless: true' or use 'xvfb-run &lt;your-playwright-app&gt;' before running Playwright. ║
║                                                                                                ║
║ &lt;3 Playwright Team                                                                             ║
╚════════════════════════════════════════════════════════════════════════════════════════════════╝
=========================== logs ===========================
&lt;launching&gt; /opt/hostedtoolcache/Python/3.11.6/x64/lib/python3.11/site-packages/Browser/wrapper/node_modules/playwright-core/.local-browsers/firefox-1425/firefox/firefox -no-remote -wait-for-browser -foreground -profile /tmp/playwright_firefoxdev_profile-rpv7qa -juggler-pipe -silent
&lt;launched&gt; pid=9672
[pid=9672][err] Error: no DISPLAY environment variable specified
[pid=9672] &lt;process did exit: exitCode=1, signal=null&gt;
[pid=9672] starting temporary directories cleanup
============================================================</msg>
<status status="FAIL" starttime="20231030 17:24:58.523" endtime="20231030 17:24:58.829"/>
</kw>
<kw name="Set Browser Timeout" library="Browser">
<arg>${timeout}</arg>
<tag>Config</tag>
<tag>Setter</tag>
<doc>Sets the timeout used by most input and getter keywords.</doc>
<status status="NOT RUN" starttime="20231030 17:24:58.829" endtime="20231030 17:24:58.829"/>
</kw>
<kw name="New Context" library="Browser">
<arg>acceptDownloads=True</arg>
<tag>BrowserControl</tag>
<tag>Setter</tag>
<doc>Create a new BrowserContext with specified options.</doc>
<status status="NOT RUN" starttime="20231030 17:24:58.829" endtime="20231030 17:24:58.829"/>
</kw>
<kw name="New Page" library="Browser">
<arg>${url}</arg>
<tag>BrowserControl</tag>
<tag>Setter</tag>
<doc>Open a new Page.</doc>
<status status="NOT RUN" starttime="20231030 17:24:58.829" endtime="20231030 17:24:58.830"/>
</kw>
<status status="FAIL" starttime="20231030 17:24:58.522" endtime="20231030 17:24:58.830"/>
</kw>
<kw name="Allow Cookies" library="common">
<doc>Allow Cookies/Toggle Cookie allowance</doc>
<status status="NOT RUN" starttime="20231030 17:24:58.830" endtime="20231030 17:24:58.830"/>
</kw>
<kw name="Set Environment" library="common">
<doc>A keyword that gets the environment from URL and checks it is the same as variable</doc>
<status status="NOT RUN" starttime="20231030 17:24:58.830" endtime="20231030 17:24:58.830"/>
</kw>
<status status="FAIL" starttime="20231030 17:24:58.518" endtime="20231030 17:24:58.830"/>
</kw>
<test id="s1-s1-s1-s1-t1" name="Create A New Booking as" line="12">
<doc>A new booker opens the page and does a successful booking</doc>
<tag>smoke</tag>
<status status="FAIL" starttime="20231030 17:24:58.831" endtime="20231030 17:24:58.831">Parent suite setup failed:
Error: browserType.launch: 
╔════════════════════════════════════════════════════════════════════════════════════════════════╗
║ Looks like you launched a headed browser without having a XServer running.                     ║
║ Set either 'headless: true' or use 'xvfb-run &lt;your-playwright-app&gt;' before running Playwright. ║
║                                                                                                ║
║ &lt;3 Playwright Team                                                                             ║
╚════════════════════════════════════════════════════════════════════════════════════════════════╝
=========================== logs ===========================
&lt;launching&gt; /opt/hostedtoolcache/Python/3.11.6/x64/lib/python3.11/site-packages/Browser/wrapper/node_modules/playwright-core/.local-browsers/firefox-1425/firefox/firefox -no-remote -wait-for-browser -foreground -profile /tmp/playwright_firefoxdev_profile-rpv7qa -juggler-pipe -silent
&lt;launched&gt; pid=9672
[pid=9672][err] Error: no DISPLAY environment variable specified
[pid=9672] &lt;process did exit: exitCode=1, signal=null&gt;
[pid=9672] starting temporary directories cleanup
============================================================</status>
</test>
<test id="s1-s1-s1-s1-t2" name="Confirm Email and Open Link" line="26">
<doc>A new booker receives an email with a link to modify the booking</doc>
<tag>smoke</tag>
<status status="FAIL" starttime="20231030 17:24:58.835" endtime="20231030 17:24:58.836">Parent suite setup failed:
Error: browserType.launch: 
╔════════════════════════════════════════════════════════════════════════════════════════════════╗
║ Looks like you launched a headed browser without having a XServer running.                     ║
║ Set either 'headless: true' or use 'xvfb-run &lt;your-playwright-app&gt;' before running Playwright. ║
║                                                                                                ║
║ &lt;3 Playwright Team                                                                             ║
╚════════════════════════════════════════════════════════════════════════════════════════════════╝
=========================== logs ===========================
&lt;launching&gt; /opt/hostedtoolcache/Python/3.11.6/x64/lib/python3.11/site-packages/Browser/wrapper/node_modules/playwright-core/.local-browsers/firefox-1425/firefox/firefox -no-remote -wait-for-browser -foreground -profile /tmp/playwright_firefoxdev_profile-rpv7qa -juggler-pipe -silent
&lt;launched&gt; pid=9672
[pid=9672][err] Error: no DISPLAY environment variable specified
[pid=9672] &lt;process did exit: exitCode=1, signal=null&gt;
[pid=9672] starting temporary directories cleanup
============================================================</status>
</test>
<kw name="Close Browser" library="Browser" type="TEARDOWN">
<tag>BrowserControl</tag>
<tag>Setter</tag>
<doc>Closes the current browser.</doc>
<msg timestamp="20231030 17:24:58.841" level="TRACE">Arguments: [  ]</msg>
<msg timestamp="20231030 17:24:58.844" level="INFO">No browser open, doing nothing</msg>
<msg timestamp="20231030 17:24:58.844" level="TRACE">Return: None</msg>
<status status="PASS" starttime="20231030 17:24:58.841" endtime="20231030 17:24:58.844"/>
</kw>
<doc>A test suite for verifying modify booking functionality</doc>
<status status="FAIL" starttime="20231030 17:24:57.316" endtime="20231030 17:24:58.844">Suite setup failed:
Error: browserType.launch: 
╔════════════════════════════════════════════════════════════════════════════════════════════════╗
║ Looks like you launched a headed browser without having a XServer running.                     ║
║ Set either 'headless: true' or use 'xvfb-run &lt;your-playwright-app&gt;' before running Playwright. ║
║                                                                                                ║
║ &lt;3 Playwright Team                                                                             ║
╚════════════════════════════════════════════════════════════════════════════════════════════════╝
=========================== logs ===========================
&lt;launching&gt; /opt/hostedtoolcache/Python/3.11.6/x64/lib/python3.11/site-packages/Browser/wrapper/node_modules/playwright-core/.local-browsers/firefox-1425/firefox/firefox -no-remote -wait-for-browser -foreground -profile /tmp/playwright_firefoxdev_profile-rpv7qa -juggler-pipe -silent
&lt;launched&gt; pid=9672
[pid=9672][err] Error: no DISPLAY environment variable specified
[pid=9672] &lt;process did exit: exitCode=1, signal=null&gt;
[pid=9672] starting temporary directories cleanup
============================================================</status>
</suite>
<suite id="s1-s1-s1-s2" name="Create Booking And Check In" source="/home/runner/work/nelson-test-automation/nelson-test-automation/testsuites/BUI/regression/create_booking_and_check_in.robot">
<kw name="Open Browser to Landing Page" library="common" type="SETUP">
<doc>A general startup keyword for opening a browser to the landing page.</doc>
<msg timestamp="20231030 17:24:58.891" level="TRACE">Arguments: [  ]</msg>
<kw name="Log To Console" library="BuiltIn">
<arg>Environment: ${environment}</arg>
<doc>Logs the given message to the console.</doc>
<msg timestamp="20231030 17:24:58.891" level="TRACE">Arguments: [ 'Environment: test4' ]</msg>
<msg timestamp="20231030 17:24:58.892" level="TRACE">Return: None</msg>
<status status="PASS" starttime="20231030 17:24:58.891" endtime="20231030 17:24:58.892"/>
</kw>
<if>
<branch type="IF" condition="'${environment}' == 'test3'">
<kw name="Set Suite Variable" library="BuiltIn">
<arg>${url.landing.page}</arg>
<arg>https://test3.omenahotels.com/en</arg>
<doc>Makes a variable available everywhere within the scope of the current suite.</doc>
<status status="NOT RUN" starttime="20231030 17:24:58.892" endtime="20231030 17:24:58.892"/>
</kw>
<status status="NOT RUN" starttime="20231030 17:24:58.892" endtime="20231030 17:24:58.892"/>
</branch>
<branch type="ELSE IF" condition="'${environment}' == 'ks_test'">
<kw name="Set Suite Variable" library="BuiltIn">
<arg>${url.landing.page}</arg>
<arg>https://test.kensingtonstay.com/en</arg>
<doc>Makes a variable available everywhere within the scope of the current suite.</doc>
<status status="NOT RUN" starttime="20231030 17:24:58.893" endtime="20231030 17:24:58.893"/>
</kw>
<status status="NOT RUN" starttime="20231030 17:24:58.892" endtime="20231030 17:24:58.893"/>
</branch>
<branch type="ELSE IF" condition="'${environment}' == 'salo_test'">
<kw name="Set Suite Variable" library="BuiltIn">
<arg>${url.landing.page}</arg>
<arg>https://test.kensingtonstay.com/en</arg>
<doc>Makes a variable available everywhere within the scope of the current suite.</doc>
<status status="NOT RUN" starttime="20231030 17:24:58.893" endtime="20231030 17:24:58.893"/>
</kw>
<status status="NOT RUN" starttime="20231030 17:24:58.893" endtime="20231030 17:24:58.893"/>
</branch>
<branch type="ELSE IF" condition="'${environment}' == 'test4'">
<kw name="Set Suite Variable" library="BuiltIn">
<arg>${url.landing.page}</arg>
<arg>https://test4.omenahotels.com/en</arg>
<doc>Makes a variable available everywhere within the scope of the current suite.</doc>
<msg timestamp="20231030 17:24:58.894" level="TRACE">Arguments: [ '${url.landing.page}' | 'https://test4.omenahotels.com/en' ]</msg>
<msg timestamp="20231030 17:24:58.894" level="INFO">${url.landing.page} = https://test4.omenahotels.com/en</msg>
<msg timestamp="20231030 17:24:58.894" level="TRACE">Return: None</msg>
<status status="PASS" starttime="20231030 17:24:58.894" endtime="20231030 17:24:58.894"/>
</kw>
<status status="PASS" starttime="20231030 17:24:58.893" endtime="20231030 17:24:58.894"/>
</branch>
<status status="PASS" starttime="20231030 17:24:58.892" endtime="20231030 17:24:58.894"/>
</if>
<kw name="Open New Browser To URL" library="common">
<arg>${url.landing.page}</arg>
<msg timestamp="20231030 17:24:58.895" level="TRACE">Arguments: [ ${url}='https://test4.omenahotels.com/en' ]</msg>
<kw name="New Browser" library="Browser">
<arg>${browser}</arg>
<arg>${headless}</arg>
<arg>timeout=${timeout}</arg>
<arg>downloadsPath=${EXECDIR}/resources/downloads</arg>
<tag>BrowserControl</tag>
<tag>Setter</tag>
<doc>Create a new playwright Browser with specified options.</doc>
<msg timestamp="20231030 17:24:58.896" level="TRACE">Arguments: [ &lt;SupportedBrowsers.firefox: 2&gt; | False | timeout=datetime.timedelta(seconds=30) | downloadsPath='/home/runner/work/nelson-test-automation/nelson-test-automation/resources/downloads' ]</msg>
<msg timestamp="20231030 17:24:58.896" level="INFO">{"browser": "firefox", "headless": false, "chromiumSandbox": false, "devtools": false, "downloadsPath": "/home/runner/work/nelson-test-automation/nelson-test-automation/resources/downloads", "handleSIGHUP": true, "handleSIGINT": true, "handleSIGTERM": true, "slowMo": 0.0, "timeout": 30000.0, "tracesDir": "/home/runner/work/nelson-test-automation/nelson-test-automation/reports/test4/browser/traces/b0001638-9de2-40b8-9a65-c99a1b121a20"}</msg>
<msg timestamp="20231030 17:24:59.184" level="INFO">Keyword 'Take Screenshot  fail-screenshot-{index}' could not be run on failure:
Error: Tried to take screenshot, but no page was open.</msg>
<msg timestamp="20231030 17:24:59.184" level="INFO">See also file:///home/runner/work/nelson-test-automation/nelson-test-automation/reports/test4/playwright-log.txt for additional details.</msg>
<msg timestamp="20231030 17:24:59.184" level="FAIL">Error: browserType.launch: 
╔════════════════════════════════════════════════════════════════════════════════════════════════╗
║ Looks like you launched a headed browser without having a XServer running.                     ║
║ Set either 'headless: true' or use 'xvfb-run &lt;your-playwright-app&gt;' before running Playwright. ║
║                                                                                                ║
║ &lt;3 Playwright Team                                                                             ║
╚════════════════════════════════════════════════════════════════════════════════════════════════╝
=========================== logs ===========================
&lt;launching&gt; /opt/hostedtoolcache/Python/3.11.6/x64/lib/python3.11/site-packages/Browser/wrapper/node_modules/playwright-core/.local-browsers/firefox-1425/firefox/firefox -no-remote -wait-for-browser -foreground -profile /tmp/playwright_firefoxdev_profile-ZFHJui -juggler-pipe -silent
&lt;launched&gt; pid=9945
[pid=9945][err] Error: no DISPLAY environment variable specified
[pid=9945] &lt;process did exit: exitCode=1, signal=null&gt;
[pid=9945] starting temporary directories cleanup
============================================================</msg>
<msg timestamp="20231030 17:24:59.185" level="DEBUG">Traceback (most recent call last):
  File "/opt/hostedtoolcache/Python/3.11.6/x64/lib/python3.11/site-packages/Browser/playwright.py", line 158, in grpc_channel
    yield playwright_pb2_grpc.PlaywrightStub(self._channel)
  File "/opt/hostedtoolcache/Python/3.11.6/x64/lib/python3.11/site-packages/Browser/keywords/playwright_state.py", line 405, in new_browser
    response = stub.NewBrowser(
               ^^^^^^^^^^^^^^^^
  File "/opt/hostedtoolcache/Python/3.11.6/x64/lib/python3.11/site-packages/grpc/_channel.py", line 1161, in __call__
    return _end_unary_response_blocking(state, call, False, None)
           ^^^^^^^^^^^^^^^^^^^^^^^^^^^^^^^^^^^^^^^^^^^^^^^^^^^^^^
  File "/opt/hostedtoolcache/Python/3.11.6/x64/lib/python3.11/site-packages/grpc/_channel.py", line 1004, in _end_unary_response_blocking
    raise _InactiveRpcError(state)  # pytype: disable=not-instantiable
    ^^^^^^^^^^^^^^^^^^^^^^^^^^^^^^
grpc._channel._InactiveRpcError: &lt;_InactiveRpcError of RPC that terminated with:
	status = StatusCode.RESOURCE_EXHAUSTED
	details = "Error: browserType.launch: 
╔════════════════════════════════════════════════════════════════════════════════════════════════╗
║ Looks like you launched a headed browser without having a XServer running.                     ║
║ Set either 'headless: true' or use 'xvfb-run &lt;your-playwright-app&gt;' before running Playwright. ║
║                                                                                                ║
║ &lt;3 Playwright Team                                                                             ║
╚════════════════════════════════════════════════════════════════════════════════════════════════╝
=========================== logs ===========================
&lt;launching&gt; /opt/hostedtoolcache/Python/3.11.6/x64/lib/python3.11/site-packages/Browser/wrapper/node_modules/playwright-core/.local-browsers/firefox-1425/firefox/firefox -no-remote -wait-for-browser -foreground -profile /tmp/playwright_firefoxdev_profile-ZFHJui -juggler-pipe -silent
&lt;launched&gt; pid=9945
[pid=9945][err] Error: no DISPLAY environment variable specified
[pid=9945] &lt;process did exit: exitCode=1, signal=null&gt;
[pid=9945] starting temporary directories cleanup
============================================================"
	debug_error_string = "UNKNOWN:Error received from peer  {created_time:"2023-10-30T17:24:59.180368104+00:00", grpc_status:8, grpc_message:"Error: browserType.launch: \n\xe2\x95\x94\xe2\x95\x90\xe2\x95\x90\xe2\x95\x90\xe2\x95\x90\xe2\x95\x90\xe2\x95\x90\xe2\x95\x90\xe2\x95\x90\xe2\x95\x90\xe2\x95\x90\xe2\x95\x90\xe2\x95\x90\xe2\x95\x90\xe2\x95\x90\xe2\x95\x90\xe2\x95\x90\xe2\x95\x90\xe2\x95\x90\xe2\x95\x90\xe2\x95\x90\xe2\x95\x90\xe2\x95\x90\xe2\x95\x90\xe2\x95\x90\xe2\x95\x90\xe2\x95\x90\xe2\x95\x90\xe2\x95\x90\xe2\x95\x90\xe2\x95\x90\xe2\x95\x90\xe2\x95\x90\xe2\x95\x90\xe2\x95\x90\xe2\x95\x90\xe2\x95\x90\xe2\x95\x90\xe2\x95\x90\xe2\x95\x90\xe2\x95\x90\xe2\x95\x90\xe2\x95\x90\xe2\x95\x90\xe2\x95\x90\xe2\x95\x90\xe2\x95\x90\xe2\x95\x90\xe2\x95\x90\xe2\x95\x90\xe2\x95\x90\xe2\x95\x90\xe2\x95\x90\xe2\x95\x90\xe2\x95\x90\xe2\x95\x90\xe2\x95\x90\xe2\x95\x90\xe2\x95\x90\xe2\x95\x90\xe2\x95\x90\xe2\x95\x90\xe2\x95\x90\xe2\x95\x90\xe2\x95\x90\xe2\x95\x90\xe2\x95\x90\xe2\x95\x90\xe2\x95\x90\xe2\x95\x90\xe2\x95\x90\xe2\x95\x90\xe2\x95\x90\xe2\x95\x90\xe2\x95\x90\xe2\x95\x90\xe2\x95\x90\xe2\x95\x90\xe2\x95\x90\xe2\x95\x90\xe2\x95\x90\xe2\x95\x90\xe2\x95\x90\xe2\x95\x90\xe2\x95\x90\xe2\x95\x90\xe2\x95\x90\xe2\x95\x90\xe2\x95\x90\xe2\x95\x90\xe2\x95\x90\xe2\x95\x90\xe2\x95\x90\xe2\x95\x90\xe2\x95\x90\xe2\x95\x90\xe2\x95\x90\xe2\x95\x97\n\xe2\x95\x91 Looks like you launched a headed browser without having a XServer running.                     \xe2\x95\x91\n\xe2\x95\x91 Set either \'headless: true\' or use \'xvfb-run &lt;your-playwright-app&gt;\' before running Playwright. \xe2\x95\x91\n\xe2\x95\x91                                                                                                \xe2\x95\x91\n\xe2\x95\x91 &lt;3 Playwright Team                                                                             \xe2\x95\x91\n\xe2\x95\x9a\xe2\x95\x90\xe2\x95\x90\xe2\x95\x90\xe2\x95\x90\xe2\x95\x90\xe2\x95\x90\xe2\x95\x90\xe2\x95\x90\xe2\x95\x90\xe2\x95\x90\xe2\x95\x90\xe2\x95\x90\xe2\x95\x90\xe2\x95\x90\xe2\x95\x90\xe2\x95\x90\xe2\x95\x90\xe2\x95\x90\xe2\x95\x90\xe2\x95\x90\xe2\x95\x90\xe2\x95\x90\xe2\x95\x90\xe2\x95\x90\xe2\x95\x90\xe2\x95\x90\xe2\x95\x90\xe2\x95\x90\xe2\x95\x90\xe2\x95\x90\xe2\x95\x90\xe2\x95\x90\xe2\x95\x90\xe2\x95\x90\xe2\x95\x90\xe2\x95\x90\xe2\x95\x90\xe2\x95\x90\xe2\x95\x90\xe2\x95\x90\xe2\x95\x90\xe2\x95\x90\xe2\x95\x90\xe2\x95\x90\xe2\x95\x90\xe2\x95\x90\xe2\x95\x90\xe2\x95\x90\xe2\x95\x90\xe2\x95\x90\xe2\x95\x90\xe2\x95\x90\xe2\x95\x90\xe2\x95\x90\xe2\x95\x90\xe2\x95\x90\xe2\x95\x90\xe2\x95\x90\xe2\x95\x90\xe2\x95\x90\xe2\x95\x90\xe2\x95\x90\xe2\x95\x90\xe2\x95\x90\xe2\x95\x90\xe2\x95\x90\xe2\x95\x90\xe2\x95\x90\xe2\x95\x90\xe2\x95\x90\xe2\x95\x90\xe2\x95\x90\xe2\x95\x90\xe2\x95\x90\xe2\x95\x90\xe2\x95\x90\xe2\x95\x90\xe2\x95\x90\xe2\x95\x90\xe2\x95\x90\xe2\x95\x90\xe2\x95\x90\xe2\x95\x90\xe2\x95\x90\xe2\x95\x90\xe2\x95\x90\xe2\x95\x90\xe2\x95\x90\xe2\x95\x90\xe2\x95\x90\xe2\x95\x90\xe2\x95\x90\xe2\x95\x90\xe2\x95\x90\xe2\x95\x90\xe2\x95\x90\xe2\x95\x9d\n=========================== logs ===========================\n&lt;launching&gt; /opt/hostedtoolcache/Python/3.11.6/x64/lib/python3.11/site-packages/Browser/wrapper/node_modules/playwright-core/.local-browsers/firefox-1425/firefox/firefox -no-remote -wait-for-browser -foreground -profile /tmp/playwright_firefoxdev_profile-ZFHJui -juggler-pipe -silent\n&lt;launched&gt; pid=9945\n[pid=9945][err] Error: no DISPLAY environment variable specified\n[pid=9945] &lt;process did exit: exitCode=1, signal=null&gt;\n[pid=9945] starting temporary directories cleanup\n============================================================"}"
&gt;

During handling of the above exception, another exception occurred:

Traceback (most recent call last):
  File "/opt/hostedtoolcache/Python/3.11.6/x64/lib/python3.11/site-packages/Browser/browser.py", line 1096, in run_keyword
    raise e
  File "/opt/hostedtoolcache/Python/3.11.6/x64/lib/python3.11/site-packages/Browser/browser.py", line 1085, in run_keyword
    return DynamicCore.run_keyword(self, name, args, kwargs)
           ^^^^^^^^^^^^^^^^^^^^^^^^^^^^^^^^^^^^^^^^^^^^^^^^^
  File "/opt/hostedtoolcache/Python/3.11.6/x64/lib/python3.11/site-packages/robotlibcore.py", line 126, in run_keyword
    return self.keywords[name](*args, **(kwargs or {}))
           ^^^^^^^^^^^^^^^^^^^^^^^^^^^^^^^^^^^^^^^^^^^^
  File "/opt/hostedtoolcache/Python/3.11.6/x64/lib/python3.11/site-packages/Browser/keywords/playwright_state.py", line 404, in new_browser
    with self.playwright.grpc_channel() as stub:
  File "/opt/hostedtoolcache/Python/3.11.6/x64/lib/python3.11/contextlib.py", line 155, in __exit__
    self.gen.throw(typ, value, traceback)
  File "/opt/hostedtoolcache/Python/3.11.6/x64/lib/python3.11/site-packages/Browser/playwright.py", line 162, in grpc_channel
    raise AssertionError(error.details())
AssertionError: Error: browserType.launch: 
╔════════════════════════════════════════════════════════════════════════════════════════════════╗
║ Looks like you launched a headed browser without having a XServer running.                     ║
║ Set either 'headless: true' or use 'xvfb-run &lt;your-playwright-app&gt;' before running Playwright. ║
║                                                                                                ║
║ &lt;3 Playwright Team                                                                             ║
╚════════════════════════════════════════════════════════════════════════════════════════════════╝
=========================== logs ===========================
&lt;launching&gt; /opt/hostedtoolcache/Python/3.11.6/x64/lib/python3.11/site-packages/Browser/wrapper/node_modules/playwright-core/.local-browsers/firefox-1425/firefox/firefox -no-remote -wait-for-browser -foreground -profile /tmp/playwright_firefoxdev_profile-ZFHJui -juggler-pipe -silent
&lt;launched&gt; pid=9945
[pid=9945][err] Error: no DISPLAY environment variable specified
[pid=9945] &lt;process did exit: exitCode=1, signal=null&gt;
[pid=9945] starting temporary directories cleanup
============================================================</msg>
<status status="FAIL" starttime="20231030 17:24:58.895" endtime="20231030 17:24:59.186"/>
</kw>
<kw name="Set Browser Timeout" library="Browser">
<arg>${timeout}</arg>
<tag>Config</tag>
<tag>Setter</tag>
<doc>Sets the timeout used by most input and getter keywords.</doc>
<status status="NOT RUN" starttime="20231030 17:24:59.186" endtime="20231030 17:24:59.186"/>
</kw>
<kw name="New Context" library="Browser">
<arg>acceptDownloads=True</arg>
<tag>BrowserControl</tag>
<tag>Setter</tag>
<doc>Create a new BrowserContext with specified options.</doc>
<status status="NOT RUN" starttime="20231030 17:24:59.186" endtime="20231030 17:24:59.186"/>
</kw>
<kw name="New Page" library="Browser">
<arg>${url}</arg>
<tag>BrowserControl</tag>
<tag>Setter</tag>
<doc>Open a new Page.</doc>
<status status="NOT RUN" starttime="20231030 17:24:59.187" endtime="20231030 17:24:59.187"/>
</kw>
<status status="FAIL" starttime="20231030 17:24:58.894" endtime="20231030 17:24:59.187"/>
</kw>
<kw name="Allow Cookies" library="common">
<doc>Allow Cookies/Toggle Cookie allowance</doc>
<status status="NOT RUN" starttime="20231030 17:24:59.187" endtime="20231030 17:24:59.187"/>
</kw>
<kw name="Set Environment" library="common">
<doc>A keyword that gets the environment from URL and checks it is the same as variable</doc>
<status status="NOT RUN" starttime="20231030 17:24:59.187" endtime="20231030 17:24:59.187"/>
</kw>
<status status="FAIL" starttime="20231030 17:24:58.891" endtime="20231030 17:24:59.187"/>
</kw>
<test id="s1-s1-s1-s2-t1" name="Select Hotel, Dates and Guests" line="15">
<tag>smoke, booking, BUI2-556, online-checkin</tag>
<status status="FAIL" starttime="20231030 17:24:59.188" endtime="20231030 17:24:59.188">Parent suite setup failed:
Error: browserType.launch: 
╔════════════════════════════════════════════════════════════════════════════════════════════════╗
║ Looks like you launched a headed browser without having a XServer running.                     ║
║ Set either 'headless: true' or use 'xvfb-run &lt;your-playwright-app&gt;' before running Playwright. ║
║                                                                                                ║
║ &lt;3 Playwright Team                                                                             ║
╚════════════════════════════════════════════════════════════════════════════════════════════════╝
=========================== logs ===========================
&lt;launching&gt; /opt/hostedtoolcache/Python/3.11.6/x64/lib/python3.11/site-packages/Browser/wrapper/node_modules/playwright-core/.local-browsers/firefox-1425/firefox/firefox -no-remote -wait-for-browser -foreground -profile /tmp/playwright_firefoxdev_profile-ZFHJui -juggler-pipe -silent
&lt;launched&gt; pid=9945
[pid=9945][err] Error: no DISPLAY environment variable specified
[pid=9945] &lt;process did exit: exitCode=1, signal=null&gt;
[pid=9945] starting temporary directories cleanup
============================================================</status>
</test>
<test id="s1-s1-s1-s2-t2" name="Check Available Rooms and Select a Standard Room" line="20">
<tag>smoke, booking, BUI2-556, online-checkin</tag>
<status status="FAIL" starttime="20231030 17:24:59.193" endtime="20231030 17:24:59.194">Parent suite setup failed:
Error: browserType.launch: 
╔════════════════════════════════════════════════════════════════════════════════════════════════╗
║ Looks like you launched a headed browser without having a XServer running.                     ║
║ Set either 'headless: true' or use 'xvfb-run &lt;your-playwright-app&gt;' before running Playwright. ║
║                                                                                                ║
║ &lt;3 Playwright Team                                                                             ║
╚════════════════════════════════════════════════════════════════════════════════════════════════╝
=========================== logs ===========================
&lt;launching&gt; /opt/hostedtoolcache/Python/3.11.6/x64/lib/python3.11/site-packages/Browser/wrapper/node_modules/playwright-core/.local-browsers/firefox-1425/firefox/firefox -no-remote -wait-for-browser -foreground -profile /tmp/playwright_firefoxdev_profile-ZFHJui -juggler-pipe -silent
&lt;launched&gt; pid=9945
[pid=9945][err] Error: no DISPLAY environment variable specified
[pid=9945] &lt;process did exit: exitCode=1, signal=null&gt;
[pid=9945] starting temporary directories cleanup
============================================================</status>
</test>
<test id="s1-s1-s1-s2-t3" name="Continue to Extras and Select Join for Free" line="24">
<tag>smoke, booking, BUI2-556, online-checkin</tag>
<status status="FAIL" starttime="20231030 17:24:59.197" endtime="20231030 17:24:59.198">Parent suite setup failed:
Error: browserType.launch: 
╔════════════════════════════════════════════════════════════════════════════════════════════════╗
║ Looks like you launched a headed browser without having a XServer running.                     ║
║ Set either 'headless: true' or use 'xvfb-run &lt;your-playwright-app&gt;' before running Playwright. ║
║                                                                                                ║
║ &lt;3 Playwright Team                                                                             ║
╚════════════════════════════════════════════════════════════════════════════════════════════════╝
=========================== logs ===========================
&lt;launching&gt; /opt/hostedtoolcache/Python/3.11.6/x64/lib/python3.11/site-packages/Browser/wrapper/node_modules/playwright-core/.local-browsers/firefox-1425/firefox/firefox -no-remote -wait-for-browser -foreground -profile /tmp/playwright_firefoxdev_profile-ZFHJui -juggler-pipe -silent
&lt;launched&gt; pid=9945
[pid=9945][err] Error: no DISPLAY environment variable specified
[pid=9945] &lt;process did exit: exitCode=1, signal=null&gt;
[pid=9945] starting temporary directories cleanup
============================================================</status>
</test>
<test id="s1-s1-s1-s2-t4" name="Fill in Booker Contact Information" line="29">
<tag>smoke, booking, BUI2-556, online-checkin</tag>
<status status="FAIL" starttime="20231030 17:24:59.201" endtime="20231030 17:24:59.201">Parent suite setup failed:
Error: browserType.launch: 
╔════════════════════════════════════════════════════════════════════════════════════════════════╗
║ Looks like you launched a headed browser without having a XServer running.                     ║
║ Set either 'headless: true' or use 'xvfb-run &lt;your-playwright-app&gt;' before running Playwright. ║
║                                                                                                ║
║ &lt;3 Playwright Team                                                                             ║
╚════════════════════════════════════════════════════════════════════════════════════════════════╝
=========================== logs ===========================
&lt;launching&gt; /opt/hostedtoolcache/Python/3.11.6/x64/lib/python3.11/site-packages/Browser/wrapper/node_modules/playwright-core/.local-browsers/firefox-1425/firefox/firefox -no-remote -wait-for-browser -foreground -profile /tmp/playwright_firefoxdev_profile-ZFHJui -juggler-pipe -silent
&lt;launched&gt; pid=9945
[pid=9945][err] Error: no DISPLAY environment variable specified
[pid=9945] &lt;process did exit: exitCode=1, signal=null&gt;
[pid=9945] starting temporary directories cleanup
============================================================</status>
</test>
<test id="s1-s1-s1-s2-t5" name="Pay using Web Bank and Nordea" line="33">
<tag>smoke, booking, BUI2-556, online-checkin</tag>
<status status="FAIL" starttime="20231030 17:24:59.203" endtime="20231030 17:24:59.204">Parent suite setup failed:
Error: browserType.launch: 
╔════════════════════════════════════════════════════════════════════════════════════════════════╗
║ Looks like you launched a headed browser without having a XServer running.                     ║
║ Set either 'headless: true' or use 'xvfb-run &lt;your-playwright-app&gt;' before running Playwright. ║
║                                                                                                ║
║ &lt;3 Playwright Team                                                                             ║
╚════════════════════════════════════════════════════════════════════════════════════════════════╝
=========================== logs ===========================
&lt;launching&gt; /opt/hostedtoolcache/Python/3.11.6/x64/lib/python3.11/site-packages/Browser/wrapper/node_modules/playwright-core/.local-browsers/firefox-1425/firefox/firefox -no-remote -wait-for-browser -foreground -profile /tmp/playwright_firefoxdev_profile-ZFHJui -juggler-pipe -silent
&lt;launched&gt; pid=9945
[pid=9945][err] Error: no DISPLAY environment variable specified
[pid=9945] &lt;process did exit: exitCode=1, signal=null&gt;
[pid=9945] starting temporary directories cleanup
============================================================</status>
</test>
<test id="s1-s1-s1-s2-t6" name="Check In Online" line="37">
<tag>smoke, booking, BUI2-556, online-checkin</tag>
<status status="FAIL" starttime="20231030 17:24:59.206" endtime="20231030 17:24:59.206">Parent suite setup failed:
Error: browserType.launch: 
╔════════════════════════════════════════════════════════════════════════════════════════════════╗
║ Looks like you launched a headed browser without having a XServer running.                     ║
║ Set either 'headless: true' or use 'xvfb-run &lt;your-playwright-app&gt;' before running Playwright. ║
║                                                                                                ║
║ &lt;3 Playwright Team                                                                             ║
╚════════════════════════════════════════════════════════════════════════════════════════════════╝
=========================== logs ===========================
&lt;launching&gt; /opt/hostedtoolcache/Python/3.11.6/x64/lib/python3.11/site-packages/Browser/wrapper/node_modules/playwright-core/.local-browsers/firefox-1425/firefox/firefox -no-remote -wait-for-browser -foreground -profile /tmp/playwright_firefoxdev_profile-ZFHJui -juggler-pipe -silent
&lt;launched&gt; pid=9945
[pid=9945][err] Error: no DISPLAY environment variable specified
[pid=9945] &lt;process did exit: exitCode=1, signal=null&gt;
[pid=9945] starting temporary directories cleanup
============================================================</status>
</test>
<test id="s1-s1-s1-s2-t7" name="Wait for Door Code and Verify Page" line="43">
<tag>smoke, booking, BUI2-556, online-checkin</tag>
<status status="FAIL" starttime="20231030 17:24:59.209" endtime="20231030 17:24:59.209">Parent suite setup failed:
Error: browserType.launch: 
╔════════════════════════════════════════════════════════════════════════════════════════════════╗
║ Looks like you launched a headed browser without having a XServer running.                     ║
║ Set either 'headless: true' or use 'xvfb-run &lt;your-playwright-app&gt;' before running Playwright. ║
║                                                                                                ║
║ &lt;3 Playwright Team                                                                             ║
╚════════════════════════════════════════════════════════════════════════════════════════════════╝
=========================== logs ===========================
&lt;launching&gt; /opt/hostedtoolcache/Python/3.11.6/x64/lib/python3.11/site-packages/Browser/wrapper/node_modules/playwright-core/.local-browsers/firefox-1425/firefox/firefox -no-remote -wait-for-browser -foreground -profile /tmp/playwright_firefoxdev_profile-ZFHJui -juggler-pipe -silent
&lt;launched&gt; pid=9945
[pid=9945][err] Error: no DISPLAY environment variable specified
[pid=9945] &lt;process did exit: exitCode=1, signal=null&gt;
[pid=9945] starting temporary directories cleanup
============================================================</status>
</test>
<kw name="Close Browser" library="Browser" type="TEARDOWN">
<tag>BrowserControl</tag>
<tag>Setter</tag>
<doc>Closes the current browser.</doc>
<msg timestamp="20231030 17:24:59.214" level="TRACE">Arguments: [  ]</msg>
<msg timestamp="20231030 17:24:59.216" level="INFO">No browser open, doing nothing</msg>
<msg timestamp="20231030 17:24:59.216" level="TRACE">Return: None</msg>
<status status="PASS" starttime="20231030 17:24:59.214" endtime="20231030 17:24:59.217"/>
</kw>
<doc>This is a test suite for booking a room and checking in online</doc>
<status status="FAIL" starttime="20231030 17:24:58.850" endtime="20231030 17:24:59.217">Suite setup failed:
Error: browserType.launch: 
╔════════════════════════════════════════════════════════════════════════════════════════════════╗
║ Looks like you launched a headed browser without having a XServer running.                     ║
║ Set either 'headless: true' or use 'xvfb-run &lt;your-playwright-app&gt;' before running Playwright. ║
║                                                                                                ║
║ &lt;3 Playwright Team                                                                             ║
╚════════════════════════════════════════════════════════════════════════════════════════════════╝
=========================== logs ===========================
&lt;launching&gt; /opt/hostedtoolcache/Python/3.11.6/x64/lib/python3.11/site-packages/Browser/wrapper/node_modules/playwright-core/.local-browsers/firefox-1425/firefox/firefox -no-remote -wait-for-browser -foreground -profile /tmp/playwright_firefoxdev_profile-ZFHJui -juggler-pipe -silent
&lt;launched&gt; pid=9945
[pid=9945][err] Error: no DISPLAY environment variable specified
[pid=9945] &lt;process did exit: exitCode=1, signal=null&gt;
[pid=9945] starting temporary directories cleanup
============================================================</status>
</suite>
<suite id="s1-s1-s1-s3" name="Online Check In" source="/home/runner/work/nelson-test-automation/nelson-test-automation/testsuites/BUI/regression/online_check_in">
<suite id="s1-s1-s1-s3-s1" name="BUI2-557" source="/home/runner/work/nelson-test-automation/nelson-test-automation/testsuites/BUI/regression/online_check_in/BUI2-557.robot">
<test id="s1-s1-s1-s3-s1-t1" name="Create a new Booking" line="11">
<kw name="Open Browser to Landing Page" library="common" type="SETUP">
<doc>A general startup keyword for opening a browser to the landing page.</doc>
<msg timestamp="20231030 17:24:59.247" level="TRACE">Arguments: [  ]</msg>
<kw name="Log To Console" library="BuiltIn">
<arg>Environment: ${environment}</arg>
<doc>Logs the given message to the console.</doc>
<msg timestamp="20231030 17:24:59.247" level="TRACE">Arguments: [ 'Environment: test4' ]</msg>
<msg timestamp="20231030 17:24:59.247" level="TRACE">Return: None</msg>
<status status="PASS" starttime="20231030 17:24:59.247" endtime="20231030 17:24:59.247"/>
</kw>
<if>
<branch type="IF" condition="'${environment}' == 'test3'">
<kw name="Set Suite Variable" library="BuiltIn">
<arg>${url.landing.page}</arg>
<arg>https://test3.omenahotels.com/en</arg>
<doc>Makes a variable available everywhere within the scope of the current suite.</doc>
<status status="NOT RUN" starttime="20231030 17:24:59.248" endtime="20231030 17:24:59.248"/>
</kw>
<status status="NOT RUN" starttime="20231030 17:24:59.247" endtime="20231030 17:24:59.248"/>
</branch>
<branch type="ELSE IF" condition="'${environment}' == 'ks_test'">
<kw name="Set Suite Variable" library="BuiltIn">
<arg>${url.landing.page}</arg>
<arg>https://test.kensingtonstay.com/en</arg>
<doc>Makes a variable available everywhere within the scope of the current suite.</doc>
<status status="NOT RUN" starttime="20231030 17:24:59.248" endtime="20231030 17:24:59.248"/>
</kw>
<status status="NOT RUN" starttime="20231030 17:24:59.248" endtime="20231030 17:24:59.248"/>
</branch>
<branch type="ELSE IF" condition="'${environment}' == 'salo_test'">
<kw name="Set Suite Variable" library="BuiltIn">
<arg>${url.landing.page}</arg>
<arg>https://test.kensingtonstay.com/en</arg>
<doc>Makes a variable available everywhere within the scope of the current suite.</doc>
<status status="NOT RUN" starttime="20231030 17:24:59.249" endtime="20231030 17:24:59.249"/>
</kw>
<status status="NOT RUN" starttime="20231030 17:24:59.248" endtime="20231030 17:24:59.249"/>
</branch>
<branch type="ELSE IF" condition="'${environment}' == 'test4'">
<kw name="Set Suite Variable" library="BuiltIn">
<arg>${url.landing.page}</arg>
<arg>https://test4.omenahotels.com/en</arg>
<doc>Makes a variable available everywhere within the scope of the current suite.</doc>
<msg timestamp="20231030 17:24:59.249" level="TRACE">Arguments: [ '${url.landing.page}' | 'https://test4.omenahotels.com/en' ]</msg>
<msg timestamp="20231030 17:24:59.249" level="INFO">${url.landing.page} = https://test4.omenahotels.com/en</msg>
<msg timestamp="20231030 17:24:59.250" level="TRACE">Return: None</msg>
<status status="PASS" starttime="20231030 17:24:59.249" endtime="20231030 17:24:59.250"/>
</kw>
<status status="PASS" starttime="20231030 17:24:59.249" endtime="20231030 17:24:59.250"/>
</branch>
<status status="PASS" starttime="20231030 17:24:59.247" endtime="20231030 17:24:59.250"/>
</if>
<kw name="Open New Browser To URL" library="common">
<arg>${url.landing.page}</arg>
<msg timestamp="20231030 17:24:59.250" level="TRACE">Arguments: [ ${url}='https://test4.omenahotels.com/en' ]</msg>
<kw name="New Browser" library="Browser">
<arg>${browser}</arg>
<arg>${headless}</arg>
<arg>timeout=${timeout}</arg>
<arg>downloadsPath=${EXECDIR}/resources/downloads</arg>
<tag>BrowserControl</tag>
<tag>Setter</tag>
<doc>Create a new playwright Browser with specified options.</doc>
<msg timestamp="20231030 17:24:59.251" level="TRACE">Arguments: [ &lt;SupportedBrowsers.firefox: 2&gt; | False | timeout=datetime.timedelta(seconds=30) | downloadsPath='/home/runner/work/nelson-test-automation/nelson-test-automation/resources/downloads' ]</msg>
<msg timestamp="20231030 17:24:59.251" level="INFO">{"browser": "firefox", "headless": false, "chromiumSandbox": false, "devtools": false, "downloadsPath": "/home/runner/work/nelson-test-automation/nelson-test-automation/resources/downloads", "handleSIGHUP": true, "handleSIGINT": true, "handleSIGTERM": true, "slowMo": 0.0, "timeout": 30000.0, "tracesDir": "/home/runner/work/nelson-test-automation/nelson-test-automation/reports/test4/browser/traces/e378ac2e-04d5-41b1-8daf-6cdcb1d8afb4"}</msg>
<msg timestamp="20231030 17:24:59.539" level="INFO">Keyword 'Take Screenshot  fail-screenshot-{index}' could not be run on failure:
Error: Tried to take screenshot, but no page was open.</msg>
<msg timestamp="20231030 17:24:59.539" level="INFO">See also file:///home/runner/work/nelson-test-automation/nelson-test-automation/reports/test4/playwright-log.txt for additional details.</msg>
<msg timestamp="20231030 17:24:59.539" level="FAIL">Error: browserType.launch: 
╔════════════════════════════════════════════════════════════════════════════════════════════════╗
║ Looks like you launched a headed browser without having a XServer running.                     ║
║ Set either 'headless: true' or use 'xvfb-run &lt;your-playwright-app&gt;' before running Playwright. ║
║                                                                                                ║
║ &lt;3 Playwright Team                                                                             ║
╚════════════════════════════════════════════════════════════════════════════════════════════════╝
=========================== logs ===========================
&lt;launching&gt; /opt/hostedtoolcache/Python/3.11.6/x64/lib/python3.11/site-packages/Browser/wrapper/node_modules/playwright-core/.local-browsers/firefox-1425/firefox/firefox -no-remote -wait-for-browser -foreground -profile /tmp/playwright_firefoxdev_profile-3sOlcm -juggler-pipe -silent
&lt;launched&gt; pid=10218
[pid=10218][err] Error: no DISPLAY environment variable specified
[pid=10218] &lt;process did exit: exitCode=1, signal=null&gt;
[pid=10218] starting temporary directories cleanup
============================================================</msg>
<msg timestamp="20231030 17:24:59.540" level="DEBUG">Traceback (most recent call last):
  File "/opt/hostedtoolcache/Python/3.11.6/x64/lib/python3.11/site-packages/Browser/playwright.py", line 158, in grpc_channel
    yield playwright_pb2_grpc.PlaywrightStub(self._channel)
  File "/opt/hostedtoolcache/Python/3.11.6/x64/lib/python3.11/site-packages/Browser/keywords/playwright_state.py", line 405, in new_browser
    response = stub.NewBrowser(
               ^^^^^^^^^^^^^^^^
  File "/opt/hostedtoolcache/Python/3.11.6/x64/lib/python3.11/site-packages/grpc/_channel.py", line 1161, in __call__
    return _end_unary_response_blocking(state, call, False, None)
           ^^^^^^^^^^^^^^^^^^^^^^^^^^^^^^^^^^^^^^^^^^^^^^^^^^^^^^
  File "/opt/hostedtoolcache/Python/3.11.6/x64/lib/python3.11/site-packages/grpc/_channel.py", line 1004, in _end_unary_response_blocking
    raise _InactiveRpcError(state)  # pytype: disable=not-instantiable
    ^^^^^^^^^^^^^^^^^^^^^^^^^^^^^^
grpc._channel._InactiveRpcError: &lt;_InactiveRpcError of RPC that terminated with:
	status = StatusCode.RESOURCE_EXHAUSTED
	details = "Error: browserType.launch: 
╔════════════════════════════════════════════════════════════════════════════════════════════════╗
║ Looks like you launched a headed browser without having a XServer running.                     ║
║ Set either 'headless: true' or use 'xvfb-run &lt;your-playwright-app&gt;' before running Playwright. ║
║                                                                                                ║
║ &lt;3 Playwright Team                                                                             ║
╚════════════════════════════════════════════════════════════════════════════════════════════════╝
=========================== logs ===========================
&lt;launching&gt; /opt/hostedtoolcache/Python/3.11.6/x64/lib/python3.11/site-packages/Browser/wrapper/node_modules/playwright-core/.local-browsers/firefox-1425/firefox/firefox -no-remote -wait-for-browser -foreground -profile /tmp/playwright_firefoxdev_profile-3sOlcm -juggler-pipe -silent
&lt;launched&gt; pid=10218
[pid=10218][err] Error: no DISPLAY environment variable specified
[pid=10218] &lt;process did exit: exitCode=1, signal=null&gt;
[pid=10218] starting temporary directories cleanup
============================================================"
	debug_error_string = "UNKNOWN:Error received from peer  {grpc_message:"Error: browserType.launch: \n\xe2\x95\x94\xe2\x95\x90\xe2\x95\x90\xe2\x95\x90\xe2\x95\x90\xe2\x95\x90\xe2\x95\x90\xe2\x95\x90\xe2\x95\x90\xe2\x95\x90\xe2\x95\x90\xe2\x95\x90\xe2\x95\x90\xe2\x95\x90\xe2\x95\x90\xe2\x95\x90\xe2\x95\x90\xe2\x95\x90\xe2\x95\x90\xe2\x95\x90\xe2\x95\x90\xe2\x95\x90\xe2\x95\x90\xe2\x95\x90\xe2\x95\x90\xe2\x95\x90\xe2\x95\x90\xe2\x95\x90\xe2\x95\x90\xe2\x95\x90\xe2\x95\x90\xe2\x95\x90\xe2\x95\x90\xe2\x95\x90\xe2\x95\x90\xe2\x95\x90\xe2\x95\x90\xe2\x95\x90\xe2\x95\x90\xe2\x95\x90\xe2\x95\x90\xe2\x95\x90\xe2\x95\x90\xe2\x95\x90\xe2\x95\x90\xe2\x95\x90\xe2\x95\x90\xe2\x95\x90\xe2\x95\x90\xe2\x95\x90\xe2\x95\x90\xe2\x95\x90\xe2\x95\x90\xe2\x95\x90\xe2\x95\x90\xe2\x95\x90\xe2\x95\x90\xe2\x95\x90\xe2\x95\x90\xe2\x95\x90\xe2\x95\x90\xe2\x95\x90\xe2\x95\x90\xe2\x95\x90\xe2\x95\x90\xe2\x95\x90\xe2\x95\x90\xe2\x95\x90\xe2\x95\x90\xe2\x95\x90\xe2\x95\x90\xe2\x95\x90\xe2\x95\x90\xe2\x95\x90\xe2\x95\x90\xe2\x95\x90\xe2\x95\x90\xe2\x95\x90\xe2\x95\x90\xe2\x95\x90\xe2\x95\x90\xe2\x95\x90\xe2\x95\x90\xe2\x95\x90\xe2\x95\x90\xe2\x95\x90\xe2\x95\x90\xe2\x95\x90\xe2\x95\x90\xe2\x95\x90\xe2\x95\x90\xe2\x95\x90\xe2\x95\x90\xe2\x95\x90\xe2\x95\x90\xe2\x95\x90\xe2\x95\x90\xe2\x95\x97\n\xe2\x95\x91 Looks like you launched a headed browser without having a XServer running.                     \xe2\x95\x91\n\xe2\x95\x91 Set either \'headless: true\' or use \'xvfb-run &lt;your-playwright-app&gt;\' before running Playwright. \xe2\x95\x91\n\xe2\x95\x91                                                                                                \xe2\x95\x91\n\xe2\x95\x91 &lt;3 Playwright Team                                                                             \xe2\x95\x91\n\xe2\x95\x9a\xe2\x95\x90\xe2\x95\x90\xe2\x95\x90\xe2\x95\x90\xe2\x95\x90\xe2\x95\x90\xe2\x95\x90\xe2\x95\x90\xe2\x95\x90\xe2\x95\x90\xe2\x95\x90\xe2\x95\x90\xe2\x95\x90\xe2\x95\x90\xe2\x95\x90\xe2\x95\x90\xe2\x95\x90\xe2\x95\x90\xe2\x95\x90\xe2\x95\x90\xe2\x95\x90\xe2\x95\x90\xe2\x95\x90\xe2\x95\x90\xe2\x95\x90\xe2\x95\x90\xe2\x95\x90\xe2\x95\x90\xe2\x95\x90\xe2\x95\x90\xe2\x95\x90\xe2\x95\x90\xe2\x95\x90\xe2\x95\x90\xe2\x95\x90\xe2\x95\x90\xe2\x95\x90\xe2\x95\x90\xe2\x95\x90\xe2\x95\x90\xe2\x95\x90\xe2\x95\x90\xe2\x95\x90\xe2\x95\x90\xe2\x95\x90\xe2\x95\x90\xe2\x95\x90\xe2\x95\x90\xe2\x95\x90\xe2\x95\x90\xe2\x95\x90\xe2\x95\x90\xe2\x95\x90\xe2\x95\x90\xe2\x95\x90\xe2\x95\x90\xe2\x95\x90\xe2\x95\x90\xe2\x95\x90\xe2\x95\x90\xe2\x95\x90\xe2\x95\x90\xe2\x95\x90\xe2\x95\x90\xe2\x95\x90\xe2\x95\x90\xe2\x95\x90\xe2\x95\x90\xe2\x95\x90\xe2\x95\x90\xe2\x95\x90\xe2\x95\x90\xe2\x95\x90\xe2\x95\x90\xe2\x95\x90\xe2\x95\x90\xe2\x95\x90\xe2\x95\x90\xe2\x95\x90\xe2\x95\x90\xe2\x95\x90\xe2\x95\x90\xe2\x95\x90\xe2\x95\x90\xe2\x95\x90\xe2\x95\x90\xe2\x95\x90\xe2\x95\x90\xe2\x95\x90\xe2\x95\x90\xe2\x95\x90\xe2\x95\x90\xe2\x95\x90\xe2\x95\x90\xe2\x95\x90\xe2\x95\x90\xe2\x95\x9d\n=========================== logs ===========================\n&lt;launching&gt; /opt/hostedtoolcache/Python/3.11.6/x64/lib/python3.11/site-packages/Browser/wrapper/node_modules/playwright-core/.local-browsers/firefox-1425/firefox/firefox -no-remote -wait-for-browser -foreground -profile /tmp/playwright_firefoxdev_profile-3sOlcm -juggler-pipe -silent\n&lt;launched&gt; pid=10218\n[pid=10218][err] Error: no DISPLAY environment variable specified\n[pid=10218] &lt;process did exit: exitCode=1, signal=null&gt;\n[pid=10218] starting temporary directories cleanup\n============================================================", grpc_status:8, created_time:"2023-10-30T17:24:59.535733351+00:00"}"
&gt;

During handling of the above exception, another exception occurred:

Traceback (most recent call last):
  File "/opt/hostedtoolcache/Python/3.11.6/x64/lib/python3.11/site-packages/Browser/browser.py", line 1096, in run_keyword
    raise e
  File "/opt/hostedtoolcache/Python/3.11.6/x64/lib/python3.11/site-packages/Browser/browser.py", line 1085, in run_keyword
    return DynamicCore.run_keyword(self, name, args, kwargs)
           ^^^^^^^^^^^^^^^^^^^^^^^^^^^^^^^^^^^^^^^^^^^^^^^^^
  File "/opt/hostedtoolcache/Python/3.11.6/x64/lib/python3.11/site-packages/robotlibcore.py", line 126, in run_keyword
    return self.keywords[name](*args, **(kwargs or {}))
           ^^^^^^^^^^^^^^^^^^^^^^^^^^^^^^^^^^^^^^^^^^^^
  File "/opt/hostedtoolcache/Python/3.11.6/x64/lib/python3.11/site-packages/Browser/keywords/playwright_state.py", line 404, in new_browser
    with self.playwright.grpc_channel() as stub:
  File "/opt/hostedtoolcache/Python/3.11.6/x64/lib/python3.11/contextlib.py", line 155, in __exit__
    self.gen.throw(typ, value, traceback)
  File "/opt/hostedtoolcache/Python/3.11.6/x64/lib/python3.11/site-packages/Browser/playwright.py", line 162, in grpc_channel
    raise AssertionError(error.details())
AssertionError: Error: browserType.launch: 
╔════════════════════════════════════════════════════════════════════════════════════════════════╗
║ Looks like you launched a headed browser without having a XServer running.                     ║
║ Set either 'headless: true' or use 'xvfb-run &lt;your-playwright-app&gt;' before running Playwright. ║
║                                                                                                ║
║ &lt;3 Playwright Team                                                                             ║
╚════════════════════════════════════════════════════════════════════════════════════════════════╝
=========================== logs ===========================
&lt;launching&gt; /opt/hostedtoolcache/Python/3.11.6/x64/lib/python3.11/site-packages/Browser/wrapper/node_modules/playwright-core/.local-browsers/firefox-1425/firefox/firefox -no-remote -wait-for-browser -foreground -profile /tmp/playwright_firefoxdev_profile-3sOlcm -juggler-pipe -silent
&lt;launched&gt; pid=10218
[pid=10218][err] Error: no DISPLAY environment variable specified
[pid=10218] &lt;process did exit: exitCode=1, signal=null&gt;
[pid=10218] starting temporary directories cleanup
============================================================</msg>
<status status="FAIL" starttime="20231030 17:24:59.250" endtime="20231030 17:24:59.541"/>
</kw>
<kw name="Set Browser Timeout" library="Browser">
<arg>${timeout}</arg>
<tag>Config</tag>
<tag>Setter</tag>
<doc>Sets the timeout used by most input and getter keywords.</doc>
<status status="NOT RUN" starttime="20231030 17:24:59.541" endtime="20231030 17:24:59.541"/>
</kw>
<kw name="New Context" library="Browser">
<arg>acceptDownloads=True</arg>
<tag>BrowserControl</tag>
<tag>Setter</tag>
<doc>Create a new BrowserContext with specified options.</doc>
<status status="NOT RUN" starttime="20231030 17:24:59.541" endtime="20231030 17:24:59.541"/>
</kw>
<kw name="New Page" library="Browser">
<arg>${url}</arg>
<tag>BrowserControl</tag>
<tag>Setter</tag>
<doc>Open a new Page.</doc>
<status status="NOT RUN" starttime="20231030 17:24:59.541" endtime="20231030 17:24:59.542"/>
</kw>
<status status="FAIL" starttime="20231030 17:24:59.250" endtime="20231030 17:24:59.542"/>
</kw>
<kw name="Allow Cookies" library="common">
<doc>Allow Cookies/Toggle Cookie allowance</doc>
<status status="NOT RUN" starttime="20231030 17:24:59.542" endtime="20231030 17:24:59.542"/>
</kw>
<kw name="Set Environment" library="common">
<doc>A keyword that gets the environment from URL and checks it is the same as variable</doc>
<status status="NOT RUN" starttime="20231030 17:24:59.542" endtime="20231030 17:24:59.542"/>
</kw>
<status status="FAIL" starttime="20231030 17:24:59.247" endtime="20231030 17:24:59.542"/>
</kw>
<kw name="Close Browser" library="Browser" type="TEARDOWN">
<tag>BrowserControl</tag>
<tag>Setter</tag>
<doc>Closes the current browser.</doc>
<msg timestamp="20231030 17:24:59.543" level="TRACE">Arguments: [  ]</msg>
<msg timestamp="20231030 17:24:59.545" level="INFO">No browser open, doing nothing</msg>
<msg timestamp="20231030 17:24:59.546" level="TRACE">Return: None</msg>
<status status="PASS" starttime="20231030 17:24:59.543" endtime="20231030 17:24:59.546"/>
</kw>
<status status="FAIL" starttime="20231030 17:24:59.246" endtime="20231030 17:24:59.546">Setup failed:
Error: browserType.launch: 
╔════════════════════════════════════════════════════════════════════════════════════════════════╗
║ Looks like you launched a headed browser without having a XServer running.                     ║
║ Set either 'headless: true' or use 'xvfb-run &lt;your-playwright-app&gt;' before running Playwright. ║
║                                                                                                ║
║ &lt;3 Playwright Team                                                                             ║
╚════════════════════════════════════════════════════════════════════════════════════════════════╝
=========================== logs ===========================
&lt;launching&gt; /opt/hostedtoolcache/Python/3.11.6/x64/lib/python3.11/site-packages/Browser/wrapper/node_modules/playwright-core/.local-browsers/firefox-1425/firefox/firefox -no-remote -wait-for-browser -foreground -profile /tmp/playwright_firefoxdev_profile-3sOlcm -juggler-pipe -silent
&lt;launched&gt; pid=10218
[pid=10218][err] Error: no DISPLAY environment variable specified
[pid=10218] &lt;process did exit: exitCode=1, signal=null&gt;
[pid=10218] starting temporary directories cleanup
============================================================</status>
</test>
<test id="s1-s1-s1-s3-s1-t2" name="Add Someone Else as the Main Guest" line="25">
<kw name="Open Browser to Landing Page" library="common" type="SETUP">
<doc>A general startup keyword for opening a browser to the landing page.</doc>
<msg timestamp="20231030 17:24:59.550" level="TRACE">Arguments: [  ]</msg>
<kw name="Log To Console" library="BuiltIn">
<arg>Environment: ${environment}</arg>
<doc>Logs the given message to the console.</doc>
<msg timestamp="20231030 17:24:59.550" level="TRACE">Arguments: [ 'Environment: test4' ]</msg>
<msg timestamp="20231030 17:24:59.550" level="TRACE">Return: None</msg>
<status status="PASS" starttime="20231030 17:24:59.550" endtime="20231030 17:24:59.550"/>
</kw>
<if>
<branch type="IF" condition="'${environment}' == 'test3'">
<kw name="Set Suite Variable" library="BuiltIn">
<arg>${url.landing.page}</arg>
<arg>https://test3.omenahotels.com/en</arg>
<doc>Makes a variable available everywhere within the scope of the current suite.</doc>
<status status="NOT RUN" starttime="20231030 17:24:59.551" endtime="20231030 17:24:59.551"/>
</kw>
<status status="NOT RUN" starttime="20231030 17:24:59.551" endtime="20231030 17:24:59.551"/>
</branch>
<branch type="ELSE IF" condition="'${environment}' == 'ks_test'">
<kw name="Set Suite Variable" library="BuiltIn">
<arg>${url.landing.page}</arg>
<arg>https://test.kensingtonstay.com/en</arg>
<doc>Makes a variable available everywhere within the scope of the current suite.</doc>
<status status="NOT RUN" starttime="20231030 17:24:59.552" endtime="20231030 17:24:59.552"/>
</kw>
<status status="NOT RUN" starttime="20231030 17:24:59.551" endtime="20231030 17:24:59.552"/>
</branch>
<branch type="ELSE IF" condition="'${environment}' == 'salo_test'">
<kw name="Set Suite Variable" library="BuiltIn">
<arg>${url.landing.page}</arg>
<arg>https://test.kensingtonstay.com/en</arg>
<doc>Makes a variable available everywhere within the scope of the current suite.</doc>
<status status="NOT RUN" starttime="20231030 17:24:59.552" endtime="20231030 17:24:59.552"/>
</kw>
<status status="NOT RUN" starttime="20231030 17:24:59.552" endtime="20231030 17:24:59.552"/>
</branch>
<branch type="ELSE IF" condition="'${environment}' == 'test4'">
<kw name="Set Suite Variable" library="BuiltIn">
<arg>${url.landing.page}</arg>
<arg>https://test4.omenahotels.com/en</arg>
<doc>Makes a variable available everywhere within the scope of the current suite.</doc>
<msg timestamp="20231030 17:24:59.553" level="TRACE">Arguments: [ '${url.landing.page}' | 'https://test4.omenahotels.com/en' ]</msg>
<msg timestamp="20231030 17:24:59.553" level="INFO">${url.landing.page} = https://test4.omenahotels.com/en</msg>
<msg timestamp="20231030 17:24:59.553" level="TRACE">Return: None</msg>
<status status="PASS" starttime="20231030 17:24:59.553" endtime="20231030 17:24:59.553"/>
</kw>
<status status="PASS" starttime="20231030 17:24:59.552" endtime="20231030 17:24:59.553"/>
</branch>
<status status="PASS" starttime="20231030 17:24:59.551" endtime="20231030 17:24:59.553"/>
</if>
<kw name="Open New Browser To URL" library="common">
<arg>${url.landing.page}</arg>
<msg timestamp="20231030 17:24:59.554" level="TRACE">Arguments: [ ${url}='https://test4.omenahotels.com/en' ]</msg>
<kw name="New Browser" library="Browser">
<arg>${browser}</arg>
<arg>${headless}</arg>
<arg>timeout=${timeout}</arg>
<arg>downloadsPath=${EXECDIR}/resources/downloads</arg>
<tag>BrowserControl</tag>
<tag>Setter</tag>
<doc>Create a new playwright Browser with specified options.</doc>
<msg timestamp="20231030 17:24:59.554" level="TRACE">Arguments: [ &lt;SupportedBrowsers.firefox: 2&gt; | False | timeout=datetime.timedelta(seconds=30) | downloadsPath='/home/runner/work/nelson-test-automation/nelson-test-automation/resources/downloads' ]</msg>
<msg timestamp="20231030 17:24:59.555" level="INFO">{"browser": "firefox", "headless": false, "chromiumSandbox": false, "devtools": false, "downloadsPath": "/home/runner/work/nelson-test-automation/nelson-test-automation/resources/downloads", "handleSIGHUP": true, "handleSIGINT": true, "handleSIGTERM": true, "slowMo": 0.0, "timeout": 30000.0, "tracesDir": "/home/runner/work/nelson-test-automation/nelson-test-automation/reports/test4/browser/traces/8952eb76-5b55-4403-9d48-2a946f3b529f"}</msg>
<msg timestamp="20231030 17:24:59.839" level="INFO">Keyword 'Take Screenshot  fail-screenshot-{index}' could not be run on failure:
Error: Tried to take screenshot, but no page was open.</msg>
<msg timestamp="20231030 17:24:59.839" level="INFO">See also file:///home/runner/work/nelson-test-automation/nelson-test-automation/reports/test4/playwright-log.txt for additional details.</msg>
<msg timestamp="20231030 17:24:59.839" level="FAIL">Error: browserType.launch: 
╔════════════════════════════════════════════════════════════════════════════════════════════════╗
║ Looks like you launched a headed browser without having a XServer running.                     ║
║ Set either 'headless: true' or use 'xvfb-run &lt;your-playwright-app&gt;' before running Playwright. ║
║                                                                                                ║
║ &lt;3 Playwright Team                                                                             ║
╚════════════════════════════════════════════════════════════════════════════════════════════════╝
=========================== logs ===========================
&lt;launching&gt; /opt/hostedtoolcache/Python/3.11.6/x64/lib/python3.11/site-packages/Browser/wrapper/node_modules/playwright-core/.local-browsers/firefox-1425/firefox/firefox -no-remote -wait-for-browser -foreground -profile /tmp/playwright_firefoxdev_profile-4P2OSp -juggler-pipe -silent
&lt;launched&gt; pid=10491
[pid=10491][err] Error: no DISPLAY environment variable specified
[pid=10491] &lt;process did exit: exitCode=1, signal=null&gt;
[pid=10491] starting temporary directories cleanup
============================================================</msg>
<msg timestamp="20231030 17:24:59.840" level="DEBUG">Traceback (most recent call last):
  File "/opt/hostedtoolcache/Python/3.11.6/x64/lib/python3.11/site-packages/Browser/playwright.py", line 158, in grpc_channel
    yield playwright_pb2_grpc.PlaywrightStub(self._channel)
  File "/opt/hostedtoolcache/Python/3.11.6/x64/lib/python3.11/site-packages/Browser/keywords/playwright_state.py", line 405, in new_browser
    response = stub.NewBrowser(
               ^^^^^^^^^^^^^^^^
  File "/opt/hostedtoolcache/Python/3.11.6/x64/lib/python3.11/site-packages/grpc/_channel.py", line 1161, in __call__
    return _end_unary_response_blocking(state, call, False, None)
           ^^^^^^^^^^^^^^^^^^^^^^^^^^^^^^^^^^^^^^^^^^^^^^^^^^^^^^
  File "/opt/hostedtoolcache/Python/3.11.6/x64/lib/python3.11/site-packages/grpc/_channel.py", line 1004, in _end_unary_response_blocking
    raise _InactiveRpcError(state)  # pytype: disable=not-instantiable
    ^^^^^^^^^^^^^^^^^^^^^^^^^^^^^^
grpc._channel._InactiveRpcError: &lt;_InactiveRpcError of RPC that terminated with:
	status = StatusCode.RESOURCE_EXHAUSTED
	details = "Error: browserType.launch: 
╔════════════════════════════════════════════════════════════════════════════════════════════════╗
║ Looks like you launched a headed browser without having a XServer running.                     ║
║ Set either 'headless: true' or use 'xvfb-run &lt;your-playwright-app&gt;' before running Playwright. ║
║                                                                                                ║
║ &lt;3 Playwright Team                                                                             ║
╚════════════════════════════════════════════════════════════════════════════════════════════════╝
=========================== logs ===========================
&lt;launching&gt; /opt/hostedtoolcache/Python/3.11.6/x64/lib/python3.11/site-packages/Browser/wrapper/node_modules/playwright-core/.local-browsers/firefox-1425/firefox/firefox -no-remote -wait-for-browser -foreground -profile /tmp/playwright_firefoxdev_profile-4P2OSp -juggler-pipe -silent
&lt;launched&gt; pid=10491
[pid=10491][err] Error: no DISPLAY environment variable specified
[pid=10491] &lt;process did exit: exitCode=1, signal=null&gt;
[pid=10491] starting temporary directories cleanup
============================================================"
	debug_error_string = "UNKNOWN:Error received from peer  {created_time:"2023-10-30T17:24:59.835709074+00:00", grpc_status:8, grpc_message:"Error: browserType.launch: \n\xe2\x95\x94\xe2\x95\x90\xe2\x95\x90\xe2\x95\x90\xe2\x95\x90\xe2\x95\x90\xe2\x95\x90\xe2\x95\x90\xe2\x95\x90\xe2\x95\x90\xe2\x95\x90\xe2\x95\x90\xe2\x95\x90\xe2\x95\x90\xe2\x95\x90\xe2\x95\x90\xe2\x95\x90\xe2\x95\x90\xe2\x95\x90\xe2\x95\x90\xe2\x95\x90\xe2\x95\x90\xe2\x95\x90\xe2\x95\x90\xe2\x95\x90\xe2\x95\x90\xe2\x95\x90\xe2\x95\x90\xe2\x95\x90\xe2\x95\x90\xe2\x95\x90\xe2\x95\x90\xe2\x95\x90\xe2\x95\x90\xe2\x95\x90\xe2\x95\x90\xe2\x95\x90\xe2\x95\x90\xe2\x95\x90\xe2\x95\x90\xe2\x95\x90\xe2\x95\x90\xe2\x95\x90\xe2\x95\x90\xe2\x95\x90\xe2\x95\x90\xe2\x95\x90\xe2\x95\x90\xe2\x95\x90\xe2\x95\x90\xe2\x95\x90\xe2\x95\x90\xe2\x95\x90\xe2\x95\x90\xe2\x95\x90\xe2\x95\x90\xe2\x95\x90\xe2\x95\x90\xe2\x95\x90\xe2\x95\x90\xe2\x95\x90\xe2\x95\x90\xe2\x95\x90\xe2\x95\x90\xe2\x95\x90\xe2\x95\x90\xe2\x95\x90\xe2\x95\x90\xe2\x95\x90\xe2\x95\x90\xe2\x95\x90\xe2\x95\x90\xe2\x95\x90\xe2\x95\x90\xe2\x95\x90\xe2\x95\x90\xe2\x95\x90\xe2\x95\x90\xe2\x95\x90\xe2\x95\x90\xe2\x95\x90\xe2\x95\x90\xe2\x95\x90\xe2\x95\x90\xe2\x95\x90\xe2\x95\x90\xe2\x95\x90\xe2\x95\x90\xe2\x95\x90\xe2\x95\x90\xe2\x95\x90\xe2\x95\x90\xe2\x95\x90\xe2\x95\x90\xe2\x95\x90\xe2\x95\x90\xe2\x95\x90\xe2\x95\x97\n\xe2\x95\x91 Looks like you launched a headed browser without having a XServer running.                     \xe2\x95\x91\n\xe2\x95\x91 Set either \'headless: true\' or use \'xvfb-run &lt;your-playwright-app&gt;\' before running Playwright. \xe2\x95\x91\n\xe2\x95\x91                                                                                                \xe2\x95\x91\n\xe2\x95\x91 &lt;3 Playwright Team                                                                             \xe2\x95\x91\n\xe2\x95\x9a\xe2\x95\x90\xe2\x95\x90\xe2\x95\x90\xe2\x95\x90\xe2\x95\x90\xe2\x95\x90\xe2\x95\x90\xe2\x95\x90\xe2\x95\x90\xe2\x95\x90\xe2\x95\x90\xe2\x95\x90\xe2\x95\x90\xe2\x95\x90\xe2\x95\x90\xe2\x95\x90\xe2\x95\x90\xe2\x95\x90\xe2\x95\x90\xe2\x95\x90\xe2\x95\x90\xe2\x95\x90\xe2\x95\x90\xe2\x95\x90\xe2\x95\x90\xe2\x95\x90\xe2\x95\x90\xe2\x95\x90\xe2\x95\x90\xe2\x95\x90\xe2\x95\x90\xe2\x95\x90\xe2\x95\x90\xe2\x95\x90\xe2\x95\x90\xe2\x95\x90\xe2\x95\x90\xe2\x95\x90\xe2\x95\x90\xe2\x95\x90\xe2\x95\x90\xe2\x95\x90\xe2\x95\x90\xe2\x95\x90\xe2\x95\x90\xe2\x95\x90\xe2\x95\x90\xe2\x95\x90\xe2\x95\x90\xe2\x95\x90\xe2\x95\x90\xe2\x95\x90\xe2\x95\x90\xe2\x95\x90\xe2\x95\x90\xe2\x95\x90\xe2\x95\x90\xe2\x95\x90\xe2\x95\x90\xe2\x95\x90\xe2\x95\x90\xe2\x95\x90\xe2\x95\x90\xe2\x95\x90\xe2\x95\x90\xe2\x95\x90\xe2\x95\x90\xe2\x95\x90\xe2\x95\x90\xe2\x95\x90\xe2\x95\x90\xe2\x95\x90\xe2\x95\x90\xe2\x95\x90\xe2\x95\x90\xe2\x95\x90\xe2\x95\x90\xe2\x95\x90\xe2\x95\x90\xe2\x95\x90\xe2\x95\x90\xe2\x95\x90\xe2\x95\x90\xe2\x95\x90\xe2\x95\x90\xe2\x95\x90\xe2\x95\x90\xe2\x95\x90\xe2\x95\x90\xe2\x95\x90\xe2\x95\x90\xe2\x95\x90\xe2\x95\x90\xe2\x95\x90\xe2\x95\x90\xe2\x95\x90\xe2\x95\x9d\n=========================== logs ===========================\n&lt;launching&gt; /opt/hostedtoolcache/Python/3.11.6/x64/lib/python3.11/site-packages/Browser/wrapper/node_modules/playwright-core/.local-browsers/firefox-1425/firefox/firefox -no-remote -wait-for-browser -foreground -profile /tmp/playwright_firefoxdev_profile-4P2OSp -juggler-pipe -silent\n&lt;launched&gt; pid=10491\n[pid=10491][err] Er
[...]
<stat pass="0" fail="1" skip="0" id="s1-s3-s1-s2" name="Mui.Gbe">Testsuites.MUI.Regression.Mui.Gbe</stat>
<stat pass="0" fail="4" skip="0" id="s1-s3-s1-s3" name="Mui.Reservations">Testsuites.MUI.Regression.Mui.Reservations</stat>
<stat pass="0" fail="16" skip="0" id="s1-s3-s1-s4" name="Mui.Smoke">Testsuites.MUI.Regression.Mui.Smoke</stat>
<stat pass="3" fail="4" skip="0" id="s1-s4" name="OTA">Testsuites.OTA</stat>
<stat pass="0" fail="4" skip="0" id="s1-s4-s1" name="Bdc">Testsuites.OTA.Bdc</stat>
<stat pass="3" fail="0" skip="0" id="s1-s4-s2" name="Expedia">Testsuites.OTA.Expedia</stat>
</suite>
</statistics>
<errors>
<msg timestamp="20231030 17:24:57.603" level="ERROR">Error in file '/home/runner/work/nelson-test-automation/nelson-test-automation/resources/keywords/common.resource' on line 4: Importing library '/home/runner/work/nelson-test-automation/nelson-test-automation/resources/libraries/MailSlurp.py' failed: ModuleNotFoundError: No module named 'pandas'
Traceback (most recent call last):
  File "/home/runner/work/nelson-test-automation/nelson-test-automation/resources/libraries/MailSlurp.py", line 10, in &lt;module&gt;
    import pandas as pd
PYTHONPATH:
  /home/runner/work/nelson-test-automation/nelson-test-automation/resources/libraries
  /opt/hostedtoolcache/Python/3.11.6/x64/bin
  /opt/hostedtoolcache/Python/3.11.6/x64/lib/python311.zip
  /opt/hostedtoolcache/Python/3.11.6/x64/lib/python3.11
  /opt/hostedtoolcache/Python/3.11.6/x64/lib/python3.11/lib-dynload
  /opt/hostedtoolcache/Python/3.11.6/x64/lib/python3.11/site-packages</msg>
<msg timestamp="20231030 17:24:57.895" level="ERROR">Error in file '/home/runner/work/nelson-test-automation/nelson-test-automation/resources/keywords/booking.resource' on line 64: Creating keyword 'Save and Sign button is visible' failed: User keyword cannot be empty.</msg>
<msg timestamp="20231030 17:24:58.856" level="ERROR">Error in file '/home/runner/work/nelson-test-automation/nelson-test-automation/resources/keywords/common.resource' on line 4: Importing library '/home/runner/work/nelson-test-automation/nelson-test-automation/resources/libraries/MailSlurp.py' failed: ModuleNotFoundError: No module named 'pandas'
Traceback (most recent call last):
  File "/home/runner/work/nelson-test-automation/nelson-test-automation/resources/libraries/MailSlurp.py", line 10, in &lt;module&gt;
    import pandas as pd
PYTHONPATH:
  /home/runner/work/nelson-test-automation/nelson-test-automation/resources/libraries
  /opt/hostedtoolcache/Python/3.11.6/x64/bin
  /opt/hostedtoolcache/Python/3.11.6/x64/lib/python311.zip
  /opt/hostedtoolcache/Python/3.11.6/x64/lib/python3.11
  /opt/hostedtoolcache/Python/3.11.6/x64/lib/python3.11/lib-dynload
  /opt/hostedtoolcache/Python/3.11.6/x64/lib/python3.11/site-packages</msg>
<msg timestamp="20231030 17:24:58.859" level="ERROR">Error in file '/home/runner/work/nelson-test-automation/nelson-test-automation/resources/keywords/booking.resource' on line 64: Creating keyword 'Save and Sign button is visible' failed: User keyword cannot be empty.</msg>
<msg timestamp="20231030 17:24:58.881" level="ERROR">Error in file '/home/runner/work/nelson-test-automation/nelson-test-automation/resources/keywords/mui.reservations.resource' on line 92: Creating keyword 'Select Booking Channel for Search' failed: User keyword cannot be empty.</msg>
<msg timestamp="20231030 17:24:58.885" level="ERROR">Error in file '/home/runner/work/nelson-test-automation/nelson-test-automation/resources/keywords/checkin.resource' on line 48: Creating keyword 'Verify Page Elements before Check-in' failed: User keyword cannot be empty.</msg>
<msg timestamp="20231030 17:24:59.231" level="ERROR">Error in file '/home/runner/work/nelson-test-automation/nelson-test-automation/resources/keywords/common.resource' on line 4: Importing library '/home/runner/work/nelson-test-automation/nelson-test-automation/resources/libraries/MailSlurp.py' failed: ModuleNotFoundError: No module named 'pandas'
Traceback (most recent call last):
  File "/home/runner/work/nelson-test-automation/nelson-test-automation/resources/libraries/MailSlurp.py", line 10, in &lt;module&gt;
    import pandas as pd
PYTHONPATH:
  /home/runner/work/nelson-test-automation/nelson-test-automation/resources/libraries
  /opt/hostedtoolcache/Python/3.11.6/x64/bin
  /opt/hostedtoolcache/Python/3.11.6/x64/lib/python311.zip
  /opt/hostedtoolcache/Python/3.11.6/x64/lib/python3.11
  /opt/hostedtoolcache/Python/3.11.6/x64/lib/python3.11/lib-dynload
  /opt/hostedtoolcache/Python/3.11.6/x64/lib/python3.11/site-packages</msg>
<msg timestamp="20231030 17:24:59.234" level="ERROR">Error in file '/home/runner/work/nelson-test-automation/nelson-test-automation/resources/keywords/booking.resource' on line 64: Creating keyword 'Save and Sign button is visible' failed: User keyword cannot be empty.</msg>
<msg timestamp="20231030 17:24:59.242" level="ERROR">Error in file '/home/runner/work/nelson-test-automation/nelson-test-automation/resources/keywords/mui.reservations.resource' on line 92: Creating keyword 'Select Booking Channel for Search' failed: User keyword cannot be empty.</msg>
<msg timestamp="20231030 17:25:00.463" level="ERROR">Error in file '/home/runner/work/nelson-test-automation/nelson-test-automation/resources/keywords/common.resource' on line 4: Importing library '/home/runner/work/nelson-test-automation/nelson-test-automation/resources/libraries/MailSlurp.py' failed: ModuleNotFoundError: No module named 'pandas'
Traceback (most recent call last):
  File "/home/runner/work/nelson-test-automation/nelson-test-automation/resources/libraries/MailSlurp.py", line 10, in &lt;module&gt;
    import pandas as pd
PYTHONPATH:
  /home/runner/work/nelson-test-automation/nelson-test-automation/resources/libraries
  /opt/hostedtoolcache/Python/3.11.6/x64/bin
  /opt/hostedtoolcache/Python/3.11.6/x64/lib/python311.zip
  /opt/hostedtoolcache/Python/3.11.6/x64/lib/python3.11
  /opt/hostedtoolcache/Python/3.11.6/x64/lib/python3.11/lib-dynload
  /opt/hostedtoolcache/Python/3.11.6/x64/lib/python3.11/site-packages</msg>
<msg timestamp="20231030 17:25:00.470" level="ERROR">Error in file '/home/runner/work/nelson-test-automation/nelson-test-automation/resources/keywords/booking.resource' on line 64: Creating keyword 'Save and Sign button is visible' failed: User keyword cannot be empty.</msg>
<msg timestamp="20231030 17:25:00.476" level="ERROR">Error in file '/home/runner/work/nelson-test-automation/nelson-test-automation/resources/keywords/mui.reservations.resource' on line 92: Creating keyword 'Select Booking Channel for Search' failed: User keyword cannot be empty.</msg>
<msg timestamp="20231030 17:25:00.806" level="ERROR">Error in file '/home/runner/work/nelson-test-automation/nelson-test-automation/resources/keywords/common.resource' on line 4: Importing library '/home/runner/work/nelson-test-automation/nelson-test-automation/resources/libraries/MailSlurp.py' failed: ModuleNotFoundError: No module named 'pandas'
Traceback (most recent call last):
  File "/home/runner/work/nelson-test-automation/nelson-test-automation/resources/libraries/MailSlurp.py", line 10, in &lt;module&gt;
    import pandas as pd
PYTHONPATH:
  /home/runner/work/nelson-test-automation/nelson-test-automation/resources/libraries
  /opt/hostedtoolcache/Python/3.11.6/x64/bin
  /opt/hostedtoolcache/Python/3.11.6/x64/lib/python311.zip
  /opt/hostedtoolcache/Python/3.11.6/x64/lib/python3.11
  /opt/hostedtoolcache/Python/3.11.6/x64/lib/python3.11/lib-dynload
  /opt/hostedtoolcache/Python/3.11.6/x64/lib/python3.11/site-packages</msg>
<msg timestamp="20231030 17:25:00.813" level="ERROR">Error in file '/home/runner/work/nelson-test-automation/nelson-test-automation/resources/keywords/booking.resource' on line 64: Creating keyword 'Save and Sign button is visible' failed: User keyword cannot be empty.</msg>
<msg timestamp="20231030 17:25:00.855" level="ERROR">Error in file '/home/runner/work/nelson-test-automation/nelson-test-automation/resources/keywords/mui.reservations.resource' on line 92: Creating keyword 'Select Booking Channel for Search' failed: User keyword cannot be empty.</msg>
<msg timestamp="20231030 17:25:02.243" level="ERROR">Error in file '/home/runner/work/nelson-test-automation/nelson-test-automation/resources/keywords/common.resource' on line 4: Importing library '/home/runner/work/nelson-test-automation/nelson-test-automation/resources/libraries/MailSlurp.py' failed: ModuleNotFoundError: No module named 'pandas'
Traceback (most recent call last):
  File "/home/runner/work/nelson-test-automation/nelson-test-automation/resources/libraries/MailSlurp.py", line 10, in &lt;module&gt;
    import pandas as pd
PYTHONPATH:
  /home/runner/work/nelson-test-automation/nelson-test-automation/resources/libraries
  /opt/hostedtoolcache/Python/3.11.6/x64/bin
  /opt/hostedtoolcache/Python/3.11.6/x64/lib/python311.zip
  /opt/hostedtoolcache/Python/3.11.6/x64/lib/python3.11
  /opt/hostedtoolcache/Python/3.11.6/x64/lib/python3.11/lib-dynload
  /opt/hostedtoolcache/Python/3.11.6/x64/lib/python3.11/site-packages</msg>
<msg timestamp="20231030 17:25:02.252" level="ERROR">Error in file '/home/runner/work/nelson-test-automation/nelson-test-automation/resources/keywords/booking.resource' on line 64: Creating keyword 'Save and Sign button is visible' failed: User keyword cannot be empty.</msg>
<msg timestamp="20231030 17:25:02.260" level="ERROR">Error in file '/home/runner/work/nelson-test-automation/nelson-test-automation/resources/keywords/mui.reservations.resource' on line 92: Creating keyword 'Select Booking Channel for Search' failed: User keyword cannot be empty.</msg>
<msg timestamp="20231030 17:25:02.617" level="ERROR">Error in file '/home/runner/work/nelson-test-automation/nelson-test-automation/resources/keywords/common.resource' on line 4: Importing library '/home/runner/work/nelson-test-automation/nelson-test-automation/resources/libraries/MailSlurp.py' failed: ModuleNotFoundError: No module named 'pandas'
Traceback (most recent call last):
  File "/home/runner/work/nelson-test-automation/nelson-test-automation/resources/libraries/MailSlurp.py", line 10, in &lt;module&gt;
    import pandas as pd
PYTHONPATH:
  /home/runner/work/nelson-test-automation/nelson-test-automation/resources/libraries
  /opt/hostedtoolcache/Python/3.11.6/x64/bin
  /opt/hostedtoolcache/Python/3.11.6/x64/lib/python311.zip
  /opt/hostedtoolcache/Python/3.11.6/x64/lib/python3.11
  /opt/hostedtoolcache/Python/3.11.6/x64/lib/python3.11/lib-dynload
  /opt/hostedtoolcache/Python/3.11.6/x64/lib/python3.11/site-packages</msg>
<msg timestamp="20231030 17:25:02.623" level="ERROR">Error in file '/home/runner/work/nelson-test-automation/nelson-test-automation/resources/keywords/booking.resource' on line 64: Creating keyword 'Save and Sign button is visible' failed: User keyword cannot be empty.</msg>
<msg timestamp="20231030 17:25:02.629" level="ERROR">Error in file '/home/runner/work/nelson-test-automation/nelson-test-automation/resources/keywords/mui.reservations.resource' on line 92: Creating keyword 'Select Booking Channel for Search' failed: User keyword cannot be empty.</msg>
<msg timestamp="20231030 17:25:02.659" level="ERROR">Error in file '/home/runner/work/nelson-test-automation/nelson-test-automation/resources/keywords/common.resource' on line 4: Importing library '/home/runner/work/nelson-test-automation/nelson-test-automation/resources/libraries/MailSlurp.py' failed: ModuleNotFoundError: No module named 'pandas'
Traceback (most recent call last):
  File "/home/runner/work/nelson-test-automation/nelson-test-automation/resources/libraries/MailSlurp.py", line 10, in &lt;module&gt;
    import pandas as pd
PYTHONPATH:
  /home/runner/work/nelson-test-automation/nelson-test-automation/resources/libraries
  /opt/hostedtoolcache/Python/3.11.6/x64/bin
  /opt/hostedtoolcache/Python/3.11.6/x64/lib/python311.zip
  /opt/hostedtoolcache/Python/3.11.6/x64/lib/python3.11
  /opt/hostedtoolcache/Python/3.11.6/x64/lib/python3.11/lib-dynload
  /opt/hostedtoolcache/Python/3.11.6/x64/lib/python3.11/site-packages</msg>
<msg timestamp="20231030 17:25:02.662" level="ERROR">Error in file '/home/runner/work/nelson-test-automation/nelson-test-automation/resources/keywords/booking.resource' on line 64: Creating keyword 'Save and Sign button is visible' failed: User keyword cannot be empty.</msg>
<msg timestamp="20231030 17:25:02.670" level="ERROR">Error in file '/home/runner/work/nelson-test-automation/nelson-test-automation/resources/keywords/mui.reservations.resource' on line 92: Creating keyword 'Select Booking Channel for Search' failed: User keyword cannot be empty.</msg>
<msg timestamp="20231030 17:25:02.977" level="ERROR">Error in file '/home/runner/work/nelson-test-automation/nelson-test-automation/resources/keywords/common.resource' on line 4: Importing library '/home/runner/work/nelson-test-automation/nelson-test-automation/resources/libraries/MailSlurp.py' failed: ModuleNotFoundError: No module named 'pandas'
Traceback (most recent call last):
  File "/home/runner/work/nelson-test-automation/nelson-test-automation/resources/libraries/MailSlurp.py", line 10, in &lt;module&gt;
    import pandas as pd
PYTHONPATH:
  /home/runner/work/nelson-test-automation/nelson-test-automation/resources/libraries
  /opt/hostedtoolcache/Python/3.11.6/x64/bin
  /opt/hostedtoolcache/Python/3.11.6/x64/lib/python311.zip
  /opt/hostedtoolcache/Python/3.11.6/x64/lib/python3.11
  /opt/hostedtoolcache/Python/3.11.6/x64/lib/python3.11/lib-dynload
  /opt/hostedtoolcache/Python/3.11.6/x64/lib/python3.11/site-packages</msg>
<msg timestamp="20231030 17:25:02.981" level="ERROR">Error in file '/home/runner/work/nelson-test-automation/nelson-test-automation/resources/keywords/booking.resource' on line 64: Creating keyword 'Save and Sign button is visible' failed: User keyword cannot be empty.</msg>
<msg timestamp="20231030 17:25:02.987" level="ERROR">Error in file '/home/runner/work/nelson-test-automation/nelson-test-automation/resources/keywords/mui.reservations.resource' on line 92: Creating keyword 'Select Booking Channel for Search' failed: User keyword cannot be empty.</msg>
<msg timestamp="20231030 17:25:03.313" level="ERROR">Error in file '/home/runner/work/nelson-test-automation/nelson-test-automation/resources/keywords/common.resource' on line 4: Importing library '/home/runner/work/nelson-test-automation/nelson-test-automation/resources/libraries/MailSlurp.py' failed: ModuleNotFoundError: No module named 'pandas'
Traceback (most recent call last):
  File "/home/runner/work/nelson-test-automation/nelson-test-automation/resources/libraries/MailSlurp.py", line 10, in &lt;module&gt;
    import pandas as pd
PYTHONPATH:
  /home/runner/work/nelson-test-automation/nelson-test-automation/resources/libraries
  /opt/hostedtoolcache/Python/3.11.6/x64/bin
  /opt/hostedtoolcache/Python/3.11.6/x64/lib/python311.zip
  /opt/hostedtoolcache/Python/3.11.6/x64/lib/python3.11
  /opt/hostedtoolcache/Python/3.11.6/x64/lib/python3.11/lib-dynload
  /opt/hostedtoolcache/Python/3.11.6/x64/lib/python3.11/site-packages</msg>
<msg timestamp="20231030 17:25:03.317" level="ERROR">Error in file '/home/runner/work/nelson-test-automation/nelson-test-automation/resources/keywords/booking.resource' on line 64: Creating keyword 'Save and Sign button is visible' failed: User keyword cannot be empty.</msg>
<msg timestamp="20231030 17:25:03.323" level="ERROR">Error in file '/home/runner/work/nelson-test-automation/nelson-test-automation/resources/keywords/mui.reservations.resource' on line 92: Creating keyword 'Select Booking Channel for Search' failed: User keyword cannot be empty.</msg>
<msg timestamp="20231030 17:25:03.645" level="ERROR">Error in file '/home/runner/work/nelson-test-automation/nelson-test-automation/resources/keywords/booking.resource' on line 64: Creating keyword 'Save and Sign button is visible' failed: User keyword cannot be empty.</msg>
<msg timestamp="20231030 17:25:03.652" level="ERROR">Error in file '/home/runner/work/nelson-test-automation/nelson-test-automation/resources/keywords/common.resource' on line 4: Importing library '/home/runner/work/nelson-test-automation/nelson-test-automation/resources/libraries/MailSlurp.py' failed: ModuleNotFoundError: No module named 'pandas'
Traceback (most recent call last):
  File "/home/runner/work/nelson-test-automation/nelson-test-automation/resources/libraries/MailSlurp.py", line 10, in &lt;module&gt;
    import pandas as pd
PYTHONPATH:
  /home/runner/work/nelson-test-automation/nelson-test-automation/resources/libraries
  /opt/hostedtoolcache/Python/3.11.6/x64/bin
  /opt/hostedtoolcache/Python/3.11.6/x64/lib/python311.zip
  /opt/hostedtoolcache/Python/3.11.6/x64/lib/python3.11
  /opt/hostedtoolcache/Python/3.11.6/x64/lib/python3.11/lib-dynload
  /opt/hostedtoolcache/Python/3.11.6/x64/lib/python3.11/site-packages</msg>
<msg timestamp="20231030 17:25:03.660" level="ERROR">Error in file '/home/runner/work/nelson-test-automation/nelson-test-automation/resources/keywords/mui.reservations.resource' on line 92: Creating keyword 'Select Booking Channel for Search' failed: User keyword cannot be empty.</msg>
<msg timestamp="20231030 17:25:04.992" level="ERROR">Error in file '/home/runner/work/nelson-test-automation/nelson-test-automation/resources/keywords/common.resource' on line 4: Importing library '/home/runner/work/nelson-test-automation/nelson-test-automation/resources/libraries/MailSlurp.py' failed: ModuleNotFoundError: No module named 'pandas'
Traceback (most recent call last):
  File "/home/runner/work/nelson-test-automation/nelson-test-automation/resources/libraries/MailSlurp.py", line 10, in &lt;module&gt;
    import pandas as pd
PYTHONPATH:
  /home/runner/work/nelson-test-automation/nelson-test-automation/resources/libraries
  /opt/hostedtoolcache/Python/3.11.6/x64/bin
  /opt/hostedtoolcache/Python/3.11.6/x64/lib/python311.zip
  /opt/hostedtoolcache/Python/3.11.6/x64/lib/python3.11
  /opt/hostedtoolcache/Python/3.11.6/x64/lib/python3.11/lib-dynload
  /opt/hostedtoolcache/Python/3.11.6/x64/lib/python3.11/site-packages</msg>
<msg timestamp="20231030 17:25:06.369" level="ERROR">Error in file '/home/runner/work/nelson-test-automation/nelson-test-automation/resources/keywords/common.resource' on line 4: Importing library '/home/runner/work/nelson-test-automation/nelson-test-automation/resources/libraries/MailSlurp.py' failed: ModuleNotFoundError: No module named 'pandas'
Traceback (most recent call last):
  File "/home/runner/work/nelson-test-automation/nelson-test-automation/resources/libraries/MailSlurp.py", line 10, in &lt;module&gt;
    import pandas as pd
PYTHONPATH:
  /home/runner/work/nelson-test-automation/nelson-test-automation/resources/libraries
  /opt/hostedtoolcache/Python/3.11.6/x64/bin
  /opt/hostedtoolcache/Python/3.11.6/x64/lib/python311.zip
  /opt/hostedtoolcache/Python/3.11.6/x64/lib/python3.11
  /opt/hostedtoolcache/Python/3.11.6/x64/lib/python3.11/lib-dynload
  /opt/hostedtoolcache/Python/3.11.6/x64/lib/python3.11/site-packages</msg>
<msg timestamp="20231030 17:25:06.376" level="ERROR">Error in file '/home/runner/work/nelson-test-automation/nelson-test-automation/resources/keywords/booking.resource' on line 64: Creating keyword 'Save and Sign button is visible' failed: User keyword cannot be empty.</msg>
<msg timestamp="20231030 17:25:06.382" level="ERROR">Error in file '/home/runner/work/nelson-test-automation/nelson-test-automation/resources/keywords/mui.reservations.resource' on line 92: Creating keyword 'Select Booking Channel for Search' failed: User keyword cannot be empty.</msg>
<msg timestamp="20231030 17:25:06.383" level="ERROR">Error in file '/home/runner/work/nelson-test-automation/nelson-test-automation/resources/keywords/checkin.resource' on line 48: Creating keyword 'Verify Page Elements before Check-in' failed: User keyword cannot be empty.</msg>
</errors>
</robot>
