<?xml version="1.0" encoding="UTF-8"?>
<robot generator="Robot 5.0.1 (Python 3.10.12 on linux)" generated="20230710 08:28:12.138" rpa="false" schemaversion="3">
<suite id="s1" name="Testsuites" source="/home/runner/work/nelson-test-automation/nelson-test-automation/testsuites">
<suite id="s1-s1" name="BUI" source="/home/runner/work/nelson-test-automation/nelson-test-automation/testsuites/BUI">
<suite id="s1-s1-s1" name="Regression" source="/home/runner/work/nelson-test-automation/nelson-test-automation/testsuites/BUI/regression">
<suite id="s1-s1-s1-s1" name="New Booking" source="/home/runner/work/nelson-test-automation/nelson-test-automation/testsuites/BUI/regression/new_booking.robot">
<kw name="Open Browser to Landing Page" library="common" type="SETUP">
<doc>A general startup keyword for opening a browser to the landing page.</doc>
<kw name="Open New Browser To URL" library="common">
<arg>${url}</arg>
<kw name="New Browser" library="Browser">
<arg>${browser}</arg>
<arg>${headless}</arg>
<arg>timeout=${timeout}</arg>
<tag>BrowserControl</tag>
<tag>Setter</tag>
<doc>Create a new playwright Browser with specified options.</doc>
<msg timestamp="20230710 08:28:13.332" level="INFO">{"browser": "firefox", "headless": true, "devtools": false, "handleSIGHUP": true, "handleSIGINT": true, "handleSIGTERM": true, "slowMo": 0.0, "timeout": 90000.0, "deprecated_pos_args": [], "tracesDir": "/home/runner/work/nelson-test-automation/nelson-test-automation/reports/test4/browser/traces/0255c3e4-360c-4df4-b094-9ecc2276e034"}</msg>
<msg timestamp="20230710 08:28:15.374" level="INFO">Successfully created browser with options: {"browser":"firefox","headless":true,"devtools":false,"handleSIGHUP":true,"handleSIGINT":true,"handleSIGTERM":true,"slowMo":0,"timeout":90000,"deprecated_pos_args":[],"tracesDir":"/home/runner/work/nelson-test-automation/nelson-test-automation/reports/test4/browser/traces/0255c3e4-360c-4df4-b094-9ecc2276e034"}</msg>
<status status="PASS" starttime="20230710 08:28:13.331" endtime="20230710 08:28:15.375"/>
</kw>
<kw name="Set Browser Timeout" library="Browser">
<arg>${timeout}</arg>
<tag>Config</tag>
<tag>Setter</tag>
<doc>Sets the timeout used by most input and getter keywords.</doc>
<msg timestamp="20230710 08:28:15.379" level="INFO">No context open.</msg>
<status status="PASS" starttime="20230710 08:28:15.375" endtime="20230710 08:28:15.379"/>
</kw>
<kw name="New Context" library="Browser">
<tag>BrowserControl</tag>
<tag>Setter</tag>
<doc>Create a new BrowserContext with specified options.</doc>
<msg timestamp="20230710 08:28:15.380" level="INFO">{
  "acceptDownloads": true,
  "bypassCSP": false,
  "forcedColors": "none",
  "hideRfBrowser": false,
  "ignoreHTTPSErrors": false,
  "javaScriptEnabled": true,
  "offline": false,
  "reducedMotion": "no-preference",
  "viewport": {
    "width": 1280,
    "height": 720
  },
  "deprecated_pos_args": []
}</msg>
<msg timestamp="20230710 08:28:15.841" level="INFO">Successfully created context. </msg>
<msg timestamp="20230710 08:28:15.841" level="INFO">{'acceptDownloads': True, 'bypassCSP': False, 'forcedColors': 'none', 'hideRfBrowser': False, 'ignoreHTTPSErrors': False, 'javaScriptEnabled': True, 'offline': False, 'reducedMotion': 'no-preference', 'viewport': {'width': 1280, 'height': 720}, 'deprecated_pos_args': []}</msg>
<status status="PASS" starttime="20230710 08:28:15.379" endtime="20230710 08:28:15.841"/>
</kw>
<kw name="New Page" library="Browser">
<arg>${url}</arg>
<tag>BrowserControl</tag>
<tag>Setter</tag>
<doc>Open a new Page.</doc>
<msg timestamp="20230710 08:28:20.707" level="INFO">Successfully initialized new page object and opened url: https://test4.omenahotels.com/en</msg>
<status status="PASS" starttime="20230710 08:28:15.842" endtime="20230710 08:28:20.707"/>
</kw>
<status status="PASS" starttime="20230710 08:28:13.331" endtime="20230710 08:28:20.707"/>
</kw>
<kw name="Wait Until Network Is Idle" library="Browser">
<tag>HTTP</tag>
<tag>Wait</tag>
<doc>Waits until there has been at least one instance of 500 ms of no network traffic on the page after loading.</doc>
<status status="PASS" starttime="20230710 08:28:20.708" endtime="20230710 08:28:22.957"/>
</kw>
<kw name="Allow Cookies" library="common">
<doc>Allow Cookies/Toggle Cookie allowance</doc>
<kw name="Is Element Found" library="common">
<var>${cookieModalVisible}</var>
<arg>id=CybotCookiebotDialogBodyLevelButtonLevelOptinAllowAll</arg>
<doc>A keyword that has a very complex way of figuring out whether an
element is found or not because I had trouble with the built-in keywords
Can be solved differently if you have a better idea</doc>
<kw name="Set Browser Timeout" library="Browser">
<arg>10s</arg>
<tag>Config</tag>
<tag>Setter</tag>
<doc>Sets the timeout used by most input and getter keywords.</doc>
<msg timestamp="20230710 08:28:22.962" level="INFO">Set timeout to: 10000</msg>
<status status="PASS" starttime="20230710 08:28:22.958" endtime="20230710 08:28:22.962"/>
</kw>
<try>
<branch type="TRY">
<kw name="Get Elements" library="Browser">
<var>${els}</var>
<arg>${selector}</arg>
<tag>Getter</tag>
<tag>PageContent</tag>
<doc>Returns a reference to Playwright [https://playwright.dev/docs/api/class-locator|Locator]
for all matched elements by ``selector``.</doc>
<msg timestamp="20230710 08:28:23.024" level="INFO">Found 1 Locators successfully.</msg>
<msg timestamp="20230710 08:28:23.024" level="INFO">${els} = ['element=f6f2117e-329d-401f-9169-d1e699cb3b02']</msg>
<status status="PASS" starttime="20230710 08:28:22.963" endtime="20230710 08:28:23.025"/>
</kw>
<kw name="Get Length" library="BuiltIn">
<var>${count}</var>
<arg>${els}</arg>
<doc>Returns and logs the length of the given item as an integer.</doc>
<msg timestamp="20230710 08:28:23.025" level="INFO">Length is 1</msg>
<msg timestamp="20230710 08:28:23.026" level="INFO">${count} = 1</msg>
<status status="PASS" starttime="20230710 08:28:23.025" endtime="20230710 08:28:23.026"/>
</kw>
<if>
<branch type="IF" condition="${count} &gt; 0">
<kw name="Set Variable" library="BuiltIn">
<var>${visible}</var>
<arg>True</arg>
<doc>Returns the given values which can then be assigned to a variables.</doc>
<msg timestamp="20230710 08:28:23.027" level="INFO">${visible} = True</msg>
<status status="PASS" starttime="20230710 08:28:23.026" endtime="20230710 08:28:23.027"/>
</kw>
<status status="PASS" starttime="20230710 08:28:23.026" endtime="20230710 08:28:23.027"/>
</branch>
<branch type="ELSE">
<kw name="Set Variable" library="BuiltIn">
<var>${visible}</var>
<arg>False</arg>
<doc>Returns the given values which can then be assigned to a variables.</doc>
<status status="NOT RUN" starttime="20230710 08:28:23.027" endtime="20230710 08:28:23.027"/>
</kw>
<status status="NOT RUN" starttime="20230710 08:28:23.027" endtime="20230710 08:28:23.027"/>
</branch>
<status status="PASS" starttime="20230710 08:28:23.026" endtime="20230710 08:28:23.028"/>
</if>
<status status="PASS" starttime="20230710 08:28:22.963" endtime="20230710 08:28:23.028"/>
</branch>
<branch type="EXCEPT">
<kw name="Set Variable" library="BuiltIn">
<var>${visible}</var>
<arg>False</arg>
<doc>Returns the given values which can then be assigned to a variables.</doc>
<status status="NOT RUN" starttime="20230710 08:28:23.028" endtime="20230710 08:28:23.028"/>
</kw>
<status status="NOT RUN" starttime="20230710 08:28:23.028" endtime="20230710 08:28:23.028"/>
</branch>
<status status="PASS" starttime="20230710 08:28:22.963" endtime="20230710 08:28:23.028"/>
</try>
<kw name="Set Browser Timeout" library="Browser">
<arg>${timeout}</arg>
<tag>Config</tag>
<tag>Setter</tag>
<doc>Sets the timeout used by most input and getter keywords.</doc>
<msg timestamp="20230710 08:28:23.032" level="INFO">Set timeout to: 90000</msg>
<status status="PASS" starttime="20230710 08:28:23.029" endtime="20230710 08:28:23.033"/>
</kw>
<msg timestamp="20230710 08:28:23.033" level="INFO">${cookieModalVisible} = True</msg>
<status status="PASS" starttime="20230710 08:28:22.958" endtime="20230710 08:28:23.033"/>
</kw>
<if>
<branch type="IF" condition="${cookieModalVisible}">
<kw name="Click" library="Browser">
<arg>id=CybotCookiebotDialogBodyLevelButtonLevelOptinAllowAll</arg>
<tag>PageContent</tag>
<tag>Setter</tag>
<doc>Simulates mouse click on the element found by ``selector``.</doc>
<status status="PASS" starttime="20230710 08:28:23.034" endtime="20230710 08:28:23.128"/>
</kw>
<status status="PASS" starttime="20230710 08:28:23.033" endtime="20230710 08:28:23.128"/>
</branch>
<branch type="ELSE">
<kw name="Log" library="BuiltIn">
<arg>No Cookie Modal Visible</arg>
<doc>Logs the given message with the given level.</doc>
<status status="NOT RUN" starttime="20230710 08:28:23.129" endtime="20230710 08:28:23.129"/>
</kw>
<status status="NOT RUN" starttime="20230710 08:28:23.128" endtime="20230710 08:28:23.129"/>
</branch>
<status status="PASS" starttime="20230710 08:28:23.033" endtime="20230710 08:28:23.129"/>
</if>
<status status="PASS" starttime="20230710 08:28:22.957" endtime="20230710 08:28:23.129"/>
</kw>
<kw name="Set Environment" library="common">
<kw name="Get Url" library="Browser">
<var>${currentUrl}</var>
<tag>Assertion</tag>
<tag>Getter</tag>
<tag>PageContent</tag>
<doc>Returns the current URL.</doc>
<msg timestamp="20230710 08:28:23.133" level="INFO">${currentUrl} = https://test4.omenahotels.com/en/</msg>
<status status="PASS" starttime="20230710 08:28:23.130" endtime="20230710 08:28:23.133"/>
</kw>
<kw name="Get Environment From Url" library="Helpers">
<var>${env}</var>
<arg>${currentUrl}</arg>
<msg timestamp="20230710 08:28:23.134" level="INFO">${env} = test-omena</msg>
<status status="PASS" starttime="20230710 08:28:23.133" endtime="20230710 08:28:23.134"/>
</kw>
<kw name="Set Variable" library="BuiltIn">
<arg>${environment}</arg>
<arg>${env}</arg>
<doc>Returns the given values which can then be assigned to a variables.</doc>
<status status="PASS" starttime="20230710 08:28:23.134" endtime="20230710 08:28:23.134"/>
</kw>
<status status="PASS" starttime="20230710 08:28:23.129" endtime="20230710 08:28:23.135"/>
</kw>
<status status="PASS" starttime="20230710 08:28:13.330" endtime="20230710 08:28:23.135"/>
</kw>
<test id="s1-s1-s1-s1-t1" name="Create A New Booking as" line="12">
<kw name="Select Hotel" library="booking">
<doc>Select Hotel by using a number as an argument, default Lönnrotinkatu</doc>
<if>
<branch type="IF" condition="&quot;${environment}&quot; == &quot;test-exhibition&quot;">
<kw name="Log" library="BuiltIn">
<arg>No hotel to be selected</arg>
<doc>Logs the given message with the given level.</doc>
<status status="NOT RUN" starttime="20230710 08:28:23.137" endtime="20230710 08:28:23.138"/>
</kw>
<status status="NOT RUN" starttime="20230710 08:28:23.137" endtime="20230710 08:28:23.138"/>
</branch>
<branch type="ELSE">
<kw name="Log" library="BuiltIn">
<arg>Selecting Hotel: ${hotel}</arg>
<doc>Logs the given message with the given level.</doc>
<msg timestamp="20230710 08:28:23.138" level="INFO">Selecting Hotel: Lönnrotin</msg>
<status status="PASS" starttime="20230710 08:28:23.138" endtime="20230710 08:28:23.138"/>
</kw>
<kw name="Click" library="Browser">
<arg>//div[contains(@data-nelson-btn, "hotels")]</arg>
<tag>PageContent</tag>
<tag>Setter</tag>
<doc>Simulates mouse click on the element found by ``selector``.</doc>
<status status="PASS" starttime="20230710 08:28:23.139" endtime="20230710 08:28:23.268"/>
</kw>
<kw name="Wait Until Visible" library="common">
<arg>//a[contains(@class, 'dropdown-item') and contains(text(), '${hotel}')]</arg>
<doc>An easier keyword for waiting until an element is visible</doc>
<kw name="Wait For Elements State" library="Browser">
<arg>${element}</arg>
<arg>visible</arg>
<arg>timeout=${timeout}</arg>
<tag>PageContent</tag>
<tag>Wait</tag>
<doc>Waits for the element found by ``selector`` to satisfy state option.</doc>
<msg timestamp="20230710 08:28:23.289" level="INFO">Waited for Element with selector //a[contains(@class, 'dropdown-item') and contains(text(), 'Lönnrotin')] at state visible</msg>
<status status="PASS" starttime="20230710 08:28:23.269" endtime="20230710 08:28:23.289"/>
</kw>
<status status="PASS" starttime="20230710 08:28:23.268" endtime="20230710 08:28:23.289"/>
</kw>
<kw name="Click" library="Browser">
<arg>//a[contains(@class, 'dropdown-item') and contains(text(), '${hotel}')]</arg>
<tag>PageContent</tag>
<tag>Setter</tag>
<doc>Simulates mouse click on the element found by ``selector``.</doc>
<status status="PASS" starttime="20230710 08:28:23.290" endtime="20230710 08:28:23.654"/>
</kw>
<kw name="Wait For Elements State" library="Browser">
<arg>//a[contains(@class, 'dropdown-item') and contains(text(), '${hotel}')]</arg>
<arg>hidden</arg>
<arg>timeout=3s</arg>
<tag>PageContent</tag>
<tag>Wait</tag>
<doc>Waits for the element found by ``selector`` to satisfy state option.</doc>
<msg timestamp="20230710 08:28:23.739" level="INFO">Waited for Element with selector //a[contains(@class, 'dropdown-item') and contains(text(), 'Lönnrotin')] at state hidden</msg>
<status status="PASS" starttime="20230710 08:28:23.655" endtime="20230710 08:28:23.740"/>
</kw>
<status status="PASS" starttime="20230710 08:28:23.138" endtime="20230710 08:28:23.740"/>
</branch>
<status status="PASS" starttime="20230710 08:28:23.137" endtime="20230710 08:28:23.740"/>
</if>
<status status="PASS" starttime="20230710 08:28:23.136" endtime="20230710 08:28:23.740"/>
</kw>
<kw name="Select Dates" library="booking">
<kw name="Log" library="BuiltIn">
<arg>${EMPTY}</arg>
<doc>Logs the given message with the given level.</doc>
<msg timestamp="20230710 08:28:23.743" level="INFO"/>
<status status="PASS" starttime="20230710 08:28:23.741" endtime="20230710 08:28:23.743"/>
</kw>
<status status="PASS" starttime="20230710 08:28:23.741" endtime="20230710 08:28:23.743"/>
</kw>
<kw name="Select Guests" library="booking">
<doc>Selects the number of guests for the booking, current implementation will only check the dropdown</doc>
<kw name="Log To Console" library="BuiltIn">
<arg>${EMPTY}</arg>
<doc>Logs the given message to the console.</doc>
<status status="PASS" starttime="20230710 08:28:23.744" endtime="20230710 08:28:23.745"/>
</kw>
<status status="PASS" starttime="20230710 08:28:23.743" endtime="20230710 08:28:23.745"/>
</kw>
<kw name="Click Book or Find Rooms Button" library="booking">
<kw name="Get Url" library="Browser">
<var>${url}</var>
<tag>Assertion</tag>
<tag>Getter</tag>
<tag>PageContent</tag>
<doc>Returns the current URL.</doc>
<msg timestamp="20230710 08:28:23.750" level="INFO">${url} = https://test4.omenahotels.com/en/#</msg>
<status status="PASS" starttime="20230710 08:28:23.746" endtime="20230710 08:28:23.750"/>
</kw>
<kw name="Check If String Contains" library="common">
<var>${booking}</var>
<arg>${url}</arg>
<arg>/booking/</arg>
<kw name="Check If String Contains Substring" library="Helpers">
<var>${contains}</var>
<arg>${string}</arg>
<arg>${substring}</arg>
<msg timestamp="20230710 08:28:23.751" level="INFO">${contains} = False</msg>
<status status="PASS" starttime="20230710 08:28:23.751" endtime="20230710 08:28:23.751"/>
</kw>
<msg timestamp="20230710 08:28:23.752" level="INFO">${booking} = False</msg>
<status status="PASS" starttime="20230710 08:28:23.750" endtime="20230710 08:28:23.752"/>
</kw>
<if>
<branch type="IF" condition="${booking} == True">
<kw name="Click" library="Browser">
<arg>//button[contains(@class, 'booking-form-button') and contains(text(), 'Find rooms')]</arg>
<tag>PageContent</tag>
<tag>Setter</tag>
<doc>Simulates mouse click on the element found by ``selector``.</doc>
<status status="NOT RUN" starttime="20230710 08:28:23.752" endtime="20230710 08:28:23.753"/>
</kw>
<status status="NOT RUN" starttime="20230710 08:28:23.752" endtime="20230710 08:28:23.753"/>
</branch>
<branch type="ELSE">
<kw name="Click" library="Browser">
<arg>//button[contains(@class, 'booking-form-button') and contains(text(), 'Book')]</arg>
<tag>PageContent</tag>
<tag>Setter</tag>
<doc>Simulates mouse click on the element found by ``selector``.</doc>
<status status="PASS" starttime="20230710 08:28:23.753" endtime="20230710 08:28:24.484"/>
</kw>
<status status="PASS" starttime="20230710 08:28:23.753" endtime="20230710 08:28:24.484"/>
</branch>
<status status="PASS" starttime="20230710 08:28:23.752" endtime="20230710 08:28:24.484"/>
</if>
<status status="PASS" starttime="20230710 08:28:23.745" endtime="20230710 08:28:24.485"/>
</kw>
<kw name="Select a Standard Room" library="booking">
<kw name="Wait Until Visible" library="common">
<arg>${btnExtras}</arg>
<doc>An easier keyword for waiting until an element is visible</doc>
<kw name="Wait For Elements State" library="Browser">
<arg>${element}</arg>
<arg>visible</arg>
<arg>timeout=${timeout}</arg>
<tag>PageContent</tag>
<tag>Wait</tag>
<doc>Waits for the element found by ``selector`` to satisfy state option.</doc>
<msg timestamp="20230710 08:28:29.264" level="INFO">Waited for Element with selector (//div[contains(@view,"booking")]//button[contains(text(), "Continue to extras")])[1] at state visible</msg>
<status status="PASS" starttime="20230710 08:28:24.487" endtime="20230710 08:28:29.264"/>
</kw>
<status status="PASS" starttime="20230710 08:28:24.486" endtime="20230710 08:28:29.265"/>
</kw>
<kw name="Get Element States" library="Browser">
<var>${visible}</var>
<arg>//div[contains(text(), 'Select room')]</arg>
<arg>then</arg>
<arg>bool(value &amp; visible)</arg>
<tag>Assertion</tag>
<tag>Getter</tag>
<tag>PageContent</tag>
<doc>Get the active states from the element found by ``selector``.</doc>
<msg timestamp="20230710 08:28:29.522" level="INFO">${visible} = False</msg>
<status status="PASS" starttime="20230710 08:28:29.265" endtime="20230710 08:28:29.522"/>
</kw>
<kw name="Run Keyword If" library="BuiltIn">
<arg>${visible}</arg>
<arg>Select Standard and Remove Other Room Selection</arg>
<doc>Runs the given keyword with the given arguments, if ``condition`` is true.</doc>
<status status="PASS" starttime="20230710 08:28:29.522" endtime="20230710 08:28:29.523"/>
</kw>
<status status="PASS" starttime="20230710 08:28:24.485" endtime="20230710 08:28:29.523"/>
</kw>
<kw name="Click Continue to Extras Button" library="booking">
<doc>Clicks the continue to extras button</doc>
<kw name="Click" library="Browser">
<arg>${btnExtras}</arg>
<tag>PageContent</tag>
<tag>Setter</tag>
<doc>Simulates mouse click on the element found by ``selector``.</doc>
<status status="PASS" starttime="20230710 08:28:29.524" endtime="20230710 08:28:35.861"/>
</kw>
<kw name="Wait Until Visible" library="common">
<arg>${btnPayment}</arg>
<doc>An easier keyword for waiting until an element is visible</doc>
<kw name="Wait For Elements State" library="Browser">
<arg>${element}</arg>
<arg>visible</arg>
<arg>timeout=${timeout}</arg>
<tag>PageContent</tag>
<tag>Wait</tag>
<doc>Waits for the element found by ``selector`` to satisfy state option.</doc>
<msg timestamp="20230710 08:28:37.563" level="INFO">Waited for Element with selector (//div[contains(@view,"extras")]//button[contains(text(), "Continue to payment")])[1] at state visible</msg>
<status status="PASS" starttime="20230710 08:28:35.862" endtime="20230710 08:28:37.563"/>
</kw>
<status status="PASS" starttime="20230710 08:28:35.861" endtime="20230710 08:28:37.563"/>
</kw>
<status status="PASS" starttime="20230710 08:28:29.523" endtime="20230710 08:28:37.564"/>
</kw>
<kw name="Continue to Payment" library="booking">
<kw name="Click" library="Browser">
<arg>(//button[normalize-space()='Continue to payment'])[1]</arg>
<tag>PageContent</tag>
<tag>Setter</tag>
<doc>Simulates mouse click on the element found by ``selector``.</doc>
<status status="PASS" starttime="20230710 08:28:37.564" endtime="20230710 08:28:37.811"/>
</kw>
<status status="PASS" starttime="20230710 08:28:37.564" endtime="20230710 08:28:37.812"/>
</kw>
<kw name="Fill in Contact Information" library="booking">
<doc>Fills in Contact information that can be given as arguments or use default values
Uses a password if the environment is bui and</doc>
<kw name="Create Email and Return Inbox" library="common">
<var>${inbox}</var>
<doc>Creates a new email address and returns the inbox object</doc>
<kw name="Create new Inbox" library="MailSlurp">
<var>${inbox}</var>
<msg timestamp="20230710 08:28:38.200" level="INFO">${inbox} = {'created_at': datetime.datetime(2023, 7, 10, 8, 28, 38, 163000, tzinfo=tzlocal()),
 'description': None,
 'domain_id': None,
 'email_address': '2b68cc31-83b2-423c-8bf1-3b0d749ddfab@mailslurp.com',
 '...</msg>
<status status="PASS" starttime="20230710 08:28:37.813" endtime="20230710 08:28:38.200"/>
</kw>
<kw name="Log To Console" library="BuiltIn">
<arg>${inbox.id}</arg>
<doc>Logs the given message to the console.</doc>
<status status="PASS" starttime="20230710 08:28:38.200" endtime="20230710 08:28:38.202"/>
</kw>
<msg timestamp="20230710 08:28:38.203" level="INFO">${inbox} = {'created_at': datetime.datetime(2023, 7, 10, 8, 28, 38, 163000, tzinfo=tzlocal()),
 'description': None,
 'domain_id': None,
 'email_address': '2b68cc31-83b2-423c-8bf1-3b0d749ddfab@mailslurp.com',
 '...</msg>
<status status="PASS" starttime="20230710 08:28:37.813" endtime="20230710 08:28:38.203"/>
</kw>
<kw name="Click and Fill" library="common">
<arg>id=firstName</arg>
<arg>${firstName}</arg>
<doc>A keyword combination of Click and Fill Text since most of the form fields need a click</doc>
<kw name="Click" library="Browser">
<arg>${selector}</arg>
<tag>PageContent</tag>
<tag>Setter</tag>
<doc>Simulates mouse click on the element found by ``selector``.</doc>
<status status="PASS" starttime="20230710 08:28:38.207" endtime="20230710 08:28:40.797"/>
</kw>
<kw name="Fill Text" library="Browser">
<arg>${selector}</arg>
<arg>${text}</arg>
<tag>PageContent</tag>
<tag>Setter</tag>
<doc>Clears and fills the given ``txt`` into the text field found by ``selector``.</doc>
<msg timestamp="20230710 08:28:40.798" level="INFO">Fills the text 'Mos' in the given field.</msg>
<status status="PASS" starttime="20230710 08:28:40.797" endtime="20230710 08:28:40.927"/>
</kw>
<status status="PASS" starttime="20230710 08:28:38.203" endtime="20230710 08:28:40.928"/>
</kw>
<kw name="Click and Fill" library="common">
<arg>id=lastName</arg>
<arg>${lastName}</arg>
<doc>A keyword combination of Click and Fill Text since most of the form fields need a click</doc>
<kw name="Click" library="Browser">
<arg>${selector}</arg>
<tag>PageContent</tag>
<tag>Setter</tag>
<doc>Simulates mouse click on the element found by ``selector``.</doc>
<status status="PASS" starttime="20230710 08:28:40.929" endtime="20230710 08:28:41.187"/>
</kw>
<kw name="Fill Text" library="Browser">
<arg>${selector}</arg>
<arg>${text}</arg>
<tag>PageContent</tag>
<tag>Setter</tag>
<doc>Clears and fills the given ``txt`` into the text field found by ``selector``.</doc>
<msg timestamp="20230710 08:28:41.188" level="INFO">Fills the text 'Def' in the given field.</msg>
<status status="PASS" starttime="20230710 08:28:41.188" endtime="20230710 08:28:41.317"/>
</kw>
<status status="PASS" starttime="20230710 08:28:40.928" endtime="20230710 08:28:41.318"/>
</kw>
<kw name="Click and Fill" library="common">
<arg>id=email</arg>
<arg>${inbox.email_address}</arg>
<doc>A keyword combination of Click and Fill Text since most of the form fields need a click</doc>
<kw name="Click" library="Browser">
<arg>${selector}</arg>
<tag>PageContent</tag>
<tag>Setter</tag>
<doc>Simulates mouse click on the element found by ``selector``.</doc>
<status status="PASS" starttime="20230710 08:28:41.320" endtime="20230710 08:28:41.509"/>
</kw>
<kw name="Fill Text" library="Browser">
<arg>${selector}</arg>
<arg>${text}</arg>
<tag>PageContent</tag>
<tag>Setter</tag>
<doc>Clears and fills the given ``txt`` into the text field found by ``selector``.</doc>
<msg timestamp="20230710 08:28:41.510" level="INFO">Fills the text '2b68cc31-83b2-423c-8bf1-3b0d749ddfab@mailslurp.com' in the given field.</msg>
<status status="PASS" starttime="20230710 08:28:41.509" endtime="20230710 08:28:41.643"/>
</kw>
<status status="PASS" starttime="20230710 08:28:41.318" endtime="20230710 08:28:41.644"/>
</kw>
<kw name="Click and Fill" library="common">
<arg>id=phoneNumber</arg>
<arg>${phone}</arg>
<doc>A keyword combination of Click and Fill Text since most of the form fields need a click</doc>
<kw name="Click" library="Browser">
<arg>${selector}</arg>
<tag>PageContent</tag>
<tag>Setter</tag>
<doc>Simulates mouse click on the element found by ``selector``.</doc>
<status status="PASS" starttime="20230710 08:28:41.645" endtime="20230710 08:28:41.831"/>
</kw>
<kw name="Fill Text" library="Browser">
<arg>${selector}</arg>
<arg>${text}</arg>
<tag>PageContent</tag>
<tag>Setter</tag>
<doc>Clears and fills the given ``txt`` into the text field found by ``selector``.</doc>
<msg timestamp="20230710 08:28:41.832" level="INFO">Fills the text '040123942' in the given field.</msg>
<status status="PASS" starttime="20230710 08:28:41.832" endtime="20230710 08:28:41.935"/>
</kw>
<status status="PASS" starttime="20230710 08:28:41.644" endtime="20230710 08:28:41.936"/>
</kw>
<kw name="Log To Console" library="BuiltIn">
<arg>${inbox.id}</arg>
<doc>Logs the given message to the console.</doc>
<status status="PASS" starttime="20230710 08:28:41.936" endtime="20230710 08:28:41.937"/>
</kw>
<kw name="Set Suite Variable" library="BuiltIn">
<arg>$ID</arg>
<arg>${inbox.id}</arg>
<doc>Makes a variable available everywhere within the scope of the current suite.</doc>
<msg timestamp="20230710 08:28:41.939" level="INFO">${ID} = 2b68cc31-83b2-423c-8bf1-3b0d749ddfab</msg>
<status status="PASS" starttime="20230710 08:28:41.937" endtime="20230710 08:28:41.939"/>
</kw>
<kw name="Get Element Count" library="Browser">
<var>${passwordVisible}</var>
<arg>id=password</arg>
<tag>Assertion</tag>
<tag>Getter</tag>
<tag>PageContent</tag>
<doc>Returns the count of elements found with ``selector``.</doc>
<msg timestamp="20230710 08:28:41.977" level="INFO">${passwordVisible} = 1</msg>
<status status="PASS" starttime="20230710 08:28:41.939" endtime="20230710 08:28:41.977"/>
</kw>
<if>
<branch type="IF" condition="'${env}'=='bui' and '${passwordVisible}'&gt;'0'">
<kw name="Click and Fill" library="common">
<arg>id=password</arg>
<arg>${password}</arg>
<doc>A keyword combination of Click and Fill Text since most of the form fields need a click</doc>
<kw name="Click" library="Browser">
<arg>${selector}</arg>
<tag>PageContent</tag>
<tag>Setter</tag>
<doc>Simulates mouse click on the element found by ``selector``.</doc>
<status status="PASS" starttime="20230710 08:28:41.979" endtime="20230710 08:28:42.172"/>
</kw>
<kw name="Fill Text" library="Browser">
<arg>${selector}</arg>
<arg>${text}</arg>
<tag>PageContent</tag>
<tag>Setter</tag>
<doc>Clears and fills the given ``txt`` into the text field found by ``selector``.</doc>
<msg timestamp="20230710 08:28:42.173" level="INFO">Fills the text 'NotARealPass123!' in the given field.</msg>
<status status="PASS" starttime="20230710 08:28:42.172" endtime="20230710 08:28:42.221"/>
</kw>
<status status="PASS" starttime="20230710 08:28:41.978" endtime="20230710 08:28:42.221"/>
</kw>
<status status="PASS" starttime="20230710 08:28:41.978" endtime="20230710 08:28:42.221"/>
</branch>
<branch type="ELSE">
<kw name="Log To Console" library="BuiltIn">
<arg>No password filled</arg>
<doc>Logs the given message to the console.</doc>
<status status="NOT RUN" starttime="20230710 08:28:42.222" endtime="20230710 08:28:42.222"/>
</kw>
<status status="NOT RUN" starttime="20230710 08:28:42.221" endtime="20230710 08:28:42.222"/>
</branch>
<status status="PASS" starttime="20230710 08:28:41.977" endtime="20230710 08:28:42.222"/>
</if>
<status status="PASS" starttime="20230710 08:28:37.812" endtime="20230710 08:28:42.222"/>
</kw>
<kw name="Accept offers and Terms" library="booking">
<kw name="Click" library="Browser">
<arg>(//div[contains(text(), 'like to receive')])[1]</arg>
<tag>PageContent</tag>
<tag>Setter</tag>
<doc>Simulates mouse click on the element found by ``selector``.</doc>
<status status="PASS" starttime="20230710 08:28:42.223" endtime="20230710 08:28:42.433"/>
</kw>
<kw name="Click" library="Browser">
<arg>(//*[contains(text(),'Accept')]/ancestor::label//span[contains(@class,'chakra-checkbox__control')])[1]</arg>
<tag>PageContent</tag>
<tag>Setter</tag>
<doc>Simulates mouse click on the element found by ``selector``.</doc>
<status status="PASS" starttime="20230710 08:28:42.434" endtime="20230710 08:28:42.607"/>
</kw>
<status status="PASS" starttime="20230710 08:28:42.223" endtime="20230710 08:28:42.607"/>
</kw>
<kw name="Select Web Bank and Nordea as Payment Method" library="booking">
<kw name="Click" library="Browser">
<arg>//div[contains(text(), "Web bank payment")]</arg>
<tag>PageContent</tag>
<tag>Setter</tag>
<doc>Simulates mouse click on the element found by ``selector``.</doc>
<status status="PASS" starttime="20230710 08:28:42.608" endtime="20230710 08:28:42.733"/>
</kw>
<kw name="Click" library="Browser">
<arg>//p[contains(text(), 'Nordea')]</arg>
<tag>PageContent</tag>
<tag>Setter</tag>
<doc>Simulates mouse click on the element found by ``selector``.</doc>
<status status="PASS" starttime="20230710 08:28:42.733" endtime="20230710 08:28:42.965"/>
</kw>
<kw name="Click" library="Browser">
<arg>(//div[contains(@view,"payment")]//button[contains(text(), "Pay")])[1]</arg>
<tag>PageContent</tag>
<tag>Setter</tag>
<doc>Simulates mouse click on the element found by ``selector``.</doc>
<status status="PASS" starttime="20230710 08:28:42.965" endtime="20230710 08:28:45.119"/>
</kw>
<status status="PASS" starttime="20230710 08:28:42.608" endtime="20230710 08:28:45.119"/>
</kw>
<kw name="Complete Payment Successfully" library="booking">
<kw name="Simulate Success or Failure" library="booking">
<arg>success</arg>
<kw name="Wait For Elements State" library="Browser">
<arg>//a[contains(text(), 'Simulate ${which} to merchant')]</arg>
<arg>visible</arg>
<arg>timeout=${timeout}</arg>
<tag>PageContent</tag>
<tag>Wait</tag>
<doc>Waits for the element found by ``selector`` to satisfy state option.</doc>
<msg timestamp="20230710 08:28:53.774" level="INFO">Waited for Element with selector //a[contains(text(), 'Simulate success to merchant')] at state visible</msg>
<status status="PASS" starttime="20230710 08:28:45.121" endtime="20230710 08:28:53.774"/>
</kw>
<kw name="Click" library="Browser">
<arg>//a[contains(text(), 'Simulate ${which} to merchant')]</arg>
<tag>PageContent</tag>
<tag>Setter</tag>
<doc>Simulates mouse click on the element found by ``selector``.</doc>
<status status="PASS" starttime="20230710 08:28:53.775" endtime="20230710 08:28:56.988"/>
</kw>
<status status="PASS" starttime="20230710 08:28:45.120" endtime="20230710 08:28:56.989"/>
</kw>
<kw name="Verify Payment was successful" library="booking">
<kw name="Wait Until Visible" library="common">
<arg>//p[contains(text(), 'Payment was successful')]</arg>
<doc>An easier keyword for waiting until an element is visible</doc>
<kw name="Wait For Elements State" library="Browser">
<arg>${element}</arg>
<arg>visible</arg>
<arg>timeout=${timeout}</arg>
<tag>PageContent</tag>
<tag>Wait</tag>
<doc>Waits for the element found by ``selector`` to satisfy state option.</doc>
<msg timestamp="20230710 08:28:59.436" level="INFO">Waited for Element with selector //p[contains(text(), 'Payment was successful')] at state visible</msg>
<status status="PASS" starttime="20230710 08:28:56.992" endtime="20230710 08:28:59.436"/>
</kw>
<status status="PASS" starttime="20230710 08:28:56.990" endtime="20230710 08:28:59.437"/>
</kw>
<kw name="Close Dialog" library="booking">
<kw name="Wait Until Visible" library="common">
<arg>//button[contains(text(), "Ok")]</arg>
<doc>An easier keyword for waiting until an element is visible</doc>
<kw name="Wait For Elements State" library="Browser">
<arg>${element}</arg>
<arg>visible</arg>
<arg>timeout=${timeout}</arg>
<tag>PageContent</tag>
<tag>Wait</tag>
<doc>Waits for the element found by ``selector`` to satisfy state option.</doc>
<msg timestamp="20230710 08:28:59.461" level="INFO">Waited for Element with selector //button[contains(text(), "Ok")] at state visible</msg>
<status status="PASS" starttime="20230710 08:28:59.438" endtime="20230710 08:28:59.461"/>
</kw>
<status status="PASS" starttime="20230710 08:28:59.438" endtime="20230710 08:28:59.461"/>
</kw>
<kw name="Click" library="Browser">
<arg>//button[contains(text(), "Ok")]</arg>
<tag>PageContent</tag>
<tag>Setter</tag>
<doc>Simulates mouse click on the element found by ``selector``.</doc>
<status status="PASS" starttime="20230710 08:28:59.462" endtime="20230710 08:28:59.836"/>
</kw>
<status status="PASS" starttime="20230710 08:28:59.437" endtime="20230710 08:28:59.836"/>
</kw>
<kw name="Save Booking Number 1" library="booking">
<kw name="Get Text" library="Browser">
<var>${str}</var>
<arg>//p[contains(text(),'Booking number')]</arg>
<tag>Assertion</tag>
<tag>Getter</tag>
<tag>PageContent</tag>
<doc>Returns text attribute of the element found by ``selector``.</doc>
<msg timestamp="20230710 08:29:00.088" level="INFO">Text: 'Booking number: 688448873'</msg>
<msg timestamp="20230710 08:29:00.088" level="INFO">${str} = Booking number: 688448873</msg>
<status status="PASS" starttime="20230710 08:28:59.837" endtime="20230710 08:29:00.088"/>
</kw>
<kw name="Log To Console" library="BuiltIn">
<arg>${bookingNumber}</arg>
<doc>Logs the given message to the console.</doc>
<status status="PASS" starttime="20230710 08:29:00.088" endtime="20230710 08:29:00.089"/>
</kw>
<kw name="Remove String" library="String">
<var>${str}</var>
<arg>${str}</arg>
<arg>Booking code${SPACE}</arg>
<doc>Removes all ``removables`` from the given ``string``.</doc>
<msg timestamp="20230710 08:29:00.090" level="INFO">${str} = Booking number: 688448873</msg>
<status status="PASS" starttime="20230710 08:29:00.089" endtime="20230710 08:29:00.090"/>
</kw>
<kw name="Strip String" library="String">
<var>${str}</var>
<arg>${str}</arg>
<doc>Remove leading and/or trailing whitespaces from the given string.</doc>
<msg timestamp="20230710 08:29:00.091" level="INFO">${str} = Booking number: 688448873</msg>
<status status="PASS" starttime="20230710 08:29:00.090" endtime="20230710 08:29:00.091"/>
</kw>
<status status="PASS" starttime="20230710 08:28:59.836" endtime="20230710 08:29:00.091"/>
</kw>
<status status="PASS" starttime="20230710 08:28:56.989" endtime="20230710 08:29:00.092"/>
</kw>
<status status="PASS" starttime="20230710 08:28:45.120" endtime="20230710 08:29:00.092"/>
</kw>
<doc>A new booker opens the page and does a successful booking</doc>
<tag>smoke</tag>
<status status="PASS" starttime="20230710 08:28:23.135" endtime="20230710 08:29:00.092"/>
</test>
<test id="s1-s1-s1-s1-t2" name="Confirm Email and Open Link" line="26">
<kw name="Get Variable Value" library="BuiltIn">
<var>${id}</var>
<arg>$ID</arg>
<doc>Returns variable value or ``default`` if the variable does not exist.</doc>
<msg timestamp="20230710 08:29:00.101" level="INFO">${id} = 2b68cc31-83b2-423c-8bf1-3b0d749ddfab</msg>
<status status="PASS" starttime="20230710 08:29:00.101" endtime="20230710 08:29:00.101"/>
</kw>
<kw name="Wait for Latest Booking Confirmation and Extract Link" library="MailSlurp">
<var>${modify_link}</var>
<arg>${id}</arg>
<msg timestamp="20230710 08:29:13.034" level="INFO">${modify_link} = https://testnelson.page.link/?link=https%3A%2F%2Ftest4.omenahotels.com%2Fen%2Fbooking%2F%23%2Fmanage-booking%2F0bbc4404-ca9f-4a1b-b52d-c40f156ee992%3FnewSession%3Dtrue%26email%3D2b68cc31-83b2-423c-8bf...</msg>
<status status="PASS" starttime="20230710 08:29:00.101" endtime="20230710 08:29:13.034"/>
</kw>
<kw name="Open New Browser To URL" library="common">
<arg>${modify_link}</arg>
<kw name="New Browser" library="Browser">
<arg>${browser}</arg>
<arg>${headless}</arg>
<arg>timeout=${timeout}</arg>
<tag>BrowserControl</tag>
<tag>Setter</tag>
<doc>Create a new playwright Browser with specified options.</doc>
<msg timestamp="20230710 08:29:13.036" level="INFO">Switching browser to browser=48de06c5-cec1-4d4a-9190-8c94f00241b6</msg>
<msg timestamp="20230710 08:29:13.040" level="INFO">Successfully changed active browser</msg>
<msg timestamp="20230710 08:29:13.040" level="INFO">Reusing existing browser with id: browser=48de06c5-cec1-4d4a-9190-8c94f00241b6</msg>
<status status="PASS" starttime="20230710 08:29:13.035" endtime="20230710 08:29:13.040"/>
</kw>
<kw name="Set Browser Timeout" library="Browser">
<arg>${timeout}</arg>
<tag>Config</tag>
<tag>Setter</tag>
<doc>Sets the timeout used by most input and getter keywords.</doc>
<status status="PASS" starttime="20230710 08:29:13.040" endtime="20230710 08:29:13.041"/>
</kw>
<kw name="New Context" library="Browser">
<tag>BrowserControl</tag>
<tag>Setter</tag>
<doc>Create a new BrowserContext with specified options.</doc>
<msg timestamp="20230710 08:29:13.041" level="INFO">{
  "acceptDownloads": true,
  "bypassCSP": false,
  "forcedColors": "none",
  "hideRfBrowser": false,
  "ignoreHTTPSErrors": false,
  "javaScriptEnabled": true,
  "offline": false,
  "reducedMotion": "no-preference",
  "viewport": {
    "width": 1280,
    "height": 720
  },
  "deprecated_pos_args": []
}</msg>
<msg timestamp="20230710 08:29:13.052" level="INFO">Successfully created context. </msg>
<msg timestamp="20230710 08:29:13.052" level="INFO">{'acceptDownloads': True, 'bypassCSP': False, 'forcedColors': 'none', 'hideRfBrowser': False, 'ignoreHTTPSErrors': False, 'javaScriptEnabled': True, 'offline': False, 'reducedMotion': 'no-preference', 'viewport': {'width': 1280, 'height': 720}, 'deprecated_pos_args': []}</msg>
<status status="PASS" starttime="20230710 08:29:13.041" endtime="20230710 08:29:13.052"/>
</kw>
<kw name="New Page" library="Browser">
<arg>${url}</arg>
<tag>BrowserControl</tag>
<tag>Setter</tag>
<doc>Open a new Page.</doc>
<msg timestamp="20230710 08:29:15.126" level="INFO">Successfully initialized new page object and opened url: https://testnelson.page.link/?link=https%3A%2F%2Ftest4.omenahotels.com%2Fen%2Fbooking%2F%23%2Fmanage-booking%2F0bbc4404-ca9f-4a1b-b52d-c40f156ee992%3FnewSession%3Dtrue%26email%3D2b68cc31-83b2-423c-8bf1-3b0d749ddfab%40mailslurp.com%26code%3D688448873%26isMembership%3Dtrue</msg>
<status status="PASS" starttime="20230710 08:29:13.053" endtime="20230710 08:29:15.126"/>
</kw>
<status status="PASS" starttime="20230710 08:29:13.034" endtime="20230710 08:29:15.126"/>
</kw>
<doc>A new booker receives an email with a link to modify the booking</doc>
<tag>smoke</tag>
<status status="PASS" starttime="20230710 08:29:00.097" endtime="20230710 08:29:15.127"/>
</test>
<kw name="Close Browser" library="Browser" type="TEARDOWN">
<tag>BrowserControl</tag>
<tag>Setter</tag>
<doc>Closes the current browser.</doc>
<msg timestamp="20230710 08:29:15.905" level="INFO">Closed browser</msg>
<status status="PASS" starttime="20230710 08:29:15.136" endtime="20230710 08:29:15.906"/>
</kw>
<doc>A test suite for verifying modify booking functionality</doc>
<status status="PASS" starttime="20230710 08:28:12.172" endtime="20230710 08:29:15.906"/>
</suite>
<status status="PASS" starttime="20230710 08:28:12.170" endtime="20230710 08:29:15.916"/>
</suite>
<status status="PASS" starttime="20230710 08:28:12.167" endtime="20230710 08:29:15.917"/>
</suite>
<doc>Argument file for running tests on Omena test4 environment (test4)</doc>
<status status="PASS" starttime="20230710 08:28:12.139" endtime="20230710 08:29:15.918"/>
</suite>
<statistics>
<total>
<stat pass="2" fail="0" skip="0">All Tests</stat>
</total>
<tag>
<stat pass="2" fail="0" skip="0">smoke</stat>
</tag>
<suite>
<stat pass="2" fail="0" skip="0" id="s1" name="Testsuites">Testsuites</stat>
<stat pass="2" fail="0" skip="0" id="s1-s1" name="BUI">Testsuites.BUI</stat>
<stat pass="2" fail="0" skip="0" id="s1-s1-s1" name="Regression">Testsuites.BUI.Regression</stat>
<stat pass="2" fail="0" skip="0" id="s1-s1-s1-s1" name="New Booking">Testsuites.BUI.Regression.New Booking</stat>
</suite>
</statistics>
<errors>
</errors>
</robot>
