<?xml version="1.0" encoding="UTF-8"?>
<robot generator="Robot 5.0.1 (Python 3.9.16 on darwin)" generated="20230706 15:14:10.660" rpa="false" schemaversion="3">
<suite id="s1" name="Testsuites" source="/Users/saragilbert/Code/SQA/nelson-ta/testsuites">
<suite id="s1-s1" name="BUI" source="/Users/saragilbert/Code/SQA/nelson-ta/testsuites/BUI">
<suite id="s1-s1-s1" name="Feature" source="/Users/saragilbert/Code/SQA/nelson-ta/testsuites/BUI/feature">
<suite id="s1-s1-s1-s1" name="Online Check In" source="/Users/saragilbert/Code/SQA/nelson-ta/testsuites/BUI/feature/online_check_in">
<suite id="s1-s1-s1-s1-s1" name="BUI2-556" source="/Users/saragilbert/Code/SQA/nelson-ta/testsuites/BUI/feature/online_check_in/BUI2-556.robot">
<kw name="Open Browser to Landing Page" library="common" type="SETUP">
<doc>A general startup keyword for opening a browser to the landing page.</doc>
<kw name="Open New Browser To URL" library="common">
<arg>${url}</arg>
<kw name="New Browser" library="Browser">
<arg>${browser}</arg>
<arg>${headless}</arg>
<arg>timeout=${timeout}</arg>
<tag>BrowserControl</tag>
<tag>Setter</tag>
<doc>Create a new playwright Browser with specified options.</doc>
<msg timestamp="20230706 15:14:12.682" level="INFO">{"browser": "firefox", "headless": true, "devtools": false, "handleSIGHUP": true, "handleSIGINT": true, "handleSIGTERM": true, "slowMo": 0.0, "timeout": 90000.0, "deprecated_pos_args": [], "tracesDir": "/Users/saragilbert/Code/SQA/nelson-ta/reports/test4/browser/traces/e0ad8c31-fa1a-408d-9ebf-a0639342c88f"}</msg>
<msg timestamp="20230706 15:14:13.918" level="INFO">Successfully created browser with options: {"browser":"firefox","headless":true,"devtools":false,"handleSIGHUP":true,"handleSIGINT":true,"handleSIGTERM":true,"slowMo":0,"timeout":90000,"deprecated_pos_args":[],"tracesDir":"/Users/saragilbert/Code/SQA/nelson-ta/reports/test4/browser/traces/e0ad8c31-fa1a-408d-9ebf-a0639342c88f"}</msg>
<status status="PASS" starttime="20230706 15:14:12.681" endtime="20230706 15:14:13.918"/>
</kw>
<kw name="Set Browser Timeout" library="Browser">
<arg>${timeout}</arg>
<tag>Config</tag>
<tag>Setter</tag>
<doc>Sets the timeout used by most input and getter keywords.</doc>
<msg timestamp="20230706 15:14:13.921" level="INFO">No context open.</msg>
<status status="PASS" starttime="20230706 15:14:13.918" endtime="20230706 15:14:13.921"/>
</kw>
<kw name="New Context" library="Browser">
<tag>BrowserControl</tag>
<tag>Setter</tag>
<doc>Create a new BrowserContext with specified options.</doc>
<msg timestamp="20230706 15:14:13.921" level="INFO">{
  "acceptDownloads": true,
  "bypassCSP": false,
  "forcedColors": "none",
  "hideRfBrowser": false,
  "ignoreHTTPSErrors": false,
  "javaScriptEnabled": true,
  "offline": false,
  "reducedMotion": "no-preference",
  "viewport": {
    "height": 720,
    "width": 1280
  },
  "deprecated_pos_args": []
}</msg>
<msg timestamp="20230706 15:14:14.007" level="INFO">Successfully created context. </msg>
<msg timestamp="20230706 15:14:14.007" level="INFO">{'acceptDownloads': True, 'bypassCSP': False, 'forcedColors': 'none', 'hideRfBrowser': False, 'ignoreHTTPSErrors': False, 'javaScriptEnabled': True, 'offline': False, 'reducedMotion': 'no-preference', 'viewport': {'height': 720, 'width': 1280}, 'deprecated_pos_args': []}</msg>
<status status="PASS" starttime="20230706 15:14:13.921" endtime="20230706 15:14:14.007"/>
</kw>
<kw name="New Page" library="Browser">
<arg>${url}</arg>
<tag>BrowserControl</tag>
<tag>Setter</tag>
<doc>Open a new Page.</doc>
<msg timestamp="20230706 15:14:18.080" level="INFO">Successfully initialized new page object and opened url: https://test4.omenahotels.com/</msg>
<status status="PASS" starttime="20230706 15:14:14.007" endtime="20230706 15:14:18.080"/>
</kw>
<status status="PASS" starttime="20230706 15:14:12.680" endtime="20230706 15:14:18.081"/>
</kw>
<kw name="Wait Until Network Is Idle" library="Browser">
<tag>HTTP</tag>
<tag>Wait</tag>
<doc>Waits until there has been at least one instance of 500 ms of no network traffic on the page after loading.</doc>
<status status="PASS" starttime="20230706 15:14:18.081" endtime="20230706 15:14:19.319"/>
</kw>
<kw name="Allow Cookies" library="common">
<doc>Allow Cookies/Toggle Cookie allowance</doc>
<kw name="Is Element Found" library="common">
<var>${cookieModalVisible}</var>
<arg>id=CybotCookiebotDialogBodyLevelButtonLevelOptinAllowAll</arg>
<doc>A keyword that has a very complex way of figuring out whether an
element is found or not because I had trouble with the built-in keywords
Can be solved differently if you have a better idea</doc>
<kw name="Set Browser Timeout" library="Browser">
<arg>10s</arg>
<tag>Config</tag>
<tag>Setter</tag>
<doc>Sets the timeout used by most input and getter keywords.</doc>
<msg timestamp="20230706 15:14:19.323" level="INFO">Set timeout to: 10000</msg>
<status status="PASS" starttime="20230706 15:14:19.320" endtime="20230706 15:14:19.323"/>
</kw>
<try>
<branch type="TRY">
<kw name="Get Elements" library="Browser">
<var>${els}</var>
<arg>${selector}</arg>
<tag>Getter</tag>
<tag>PageContent</tag>
<doc>Returns a reference to Playwright [https://playwright.dev/docs/api/class-locator|Locator]
for all matched elements by ``selector``.</doc>
<msg timestamp="20230706 15:14:19.378" level="INFO">Found 1 Locators successfully.</msg>
<msg timestamp="20230706 15:14:19.378" level="INFO">${els} = ['element=e051258d-c9b9-4d38-ab5a-32a0cbbf71e4']</msg>
<status status="PASS" starttime="20230706 15:14:19.324" endtime="20230706 15:14:19.378"/>
</kw>
<kw name="Get Length" library="BuiltIn">
<var>${count}</var>
<arg>${els}</arg>
<doc>Returns and logs the length of the given item as an integer.</doc>
<msg timestamp="20230706 15:14:19.379" level="INFO">Length is 1</msg>
<msg timestamp="20230706 15:14:19.379" level="INFO">${count} = 1</msg>
<status status="PASS" starttime="20230706 15:14:19.379" endtime="20230706 15:14:19.379"/>
</kw>
<if>
<branch type="IF" condition="${count} &gt; 0">
<kw name="Set Variable" library="BuiltIn">
<var>${visible}</var>
<arg>True</arg>
<doc>Returns the given values which can then be assigned to a variables.</doc>
<msg timestamp="20230706 15:14:19.380" level="INFO">${visible} = True</msg>
<status status="PASS" starttime="20230706 15:14:19.379" endtime="20230706 15:14:19.380"/>
</kw>
<status status="PASS" starttime="20230706 15:14:19.379" endtime="20230706 15:14:19.380"/>
</branch>
<branch type="ELSE">
<kw name="Set Variable" library="BuiltIn">
<var>${visible}</var>
<arg>False</arg>
<doc>Returns the given values which can then be assigned to a variables.</doc>
<status status="NOT RUN" starttime="20230706 15:14:19.380" endtime="20230706 15:14:19.380"/>
</kw>
<status status="NOT RUN" starttime="20230706 15:14:19.380" endtime="20230706 15:14:19.380"/>
</branch>
<status status="PASS" starttime="20230706 15:14:19.379" endtime="20230706 15:14:19.380"/>
</if>
<status status="PASS" starttime="20230706 15:14:19.324" endtime="20230706 15:14:19.381"/>
</branch>
<branch type="EXCEPT">
<kw name="Set Variable" library="BuiltIn">
<var>${visible}</var>
<arg>False</arg>
<doc>Returns the given values which can then be assigned to a variables.</doc>
<status status="NOT RUN" starttime="20230706 15:14:19.381" endtime="20230706 15:14:19.381"/>
</kw>
<status status="NOT RUN" starttime="20230706 15:14:19.381" endtime="20230706 15:14:19.381"/>
</branch>
<status status="PASS" starttime="20230706 15:14:19.323" endtime="20230706 15:14:19.381"/>
</try>
<kw name="Set Browser Timeout" library="Browser">
<arg>${timeout}</arg>
<tag>Config</tag>
<tag>Setter</tag>
<doc>Sets the timeout used by most input and getter keywords.</doc>
<msg timestamp="20230706 15:14:19.384" level="INFO">Set timeout to: 90000</msg>
<status status="PASS" starttime="20230706 15:14:19.381" endtime="20230706 15:14:19.384"/>
</kw>
<msg timestamp="20230706 15:14:19.384" level="INFO">${cookieModalVisible} = True</msg>
<status status="PASS" starttime="20230706 15:14:19.320" endtime="20230706 15:14:19.384"/>
</kw>
<if>
<branch type="IF" condition="${cookieModalVisible}">
<kw name="Click" library="Browser">
<arg>id=CybotCookiebotDialogBodyLevelButtonLevelOptinAllowAll</arg>
<tag>PageContent</tag>
<tag>Setter</tag>
<doc>Simulates mouse click on the element found by ``selector``.</doc>
<status status="PASS" starttime="20230706 15:14:19.385" endtime="20230706 15:14:19.465"/>
</kw>
<status status="PASS" starttime="20230706 15:14:19.385" endtime="20230706 15:14:19.465"/>
</branch>
<branch type="ELSE">
<kw name="Log" library="BuiltIn">
<arg>No Cookie Modal Visible</arg>
<doc>Logs the given message with the given level.</doc>
<status status="NOT RUN" starttime="20230706 15:14:19.465" endtime="20230706 15:14:19.465"/>
</kw>
<status status="NOT RUN" starttime="20230706 15:14:19.465" endtime="20230706 15:14:19.465"/>
</branch>
<status status="PASS" starttime="20230706 15:14:19.384" endtime="20230706 15:14:19.465"/>
</if>
<status status="PASS" starttime="20230706 15:14:19.319" endtime="20230706 15:14:19.465"/>
</kw>
<kw name="Set Environment" library="common">
<kw name="Get Url" library="Browser">
<var>${currentUrl}</var>
<tag>Assertion</tag>
<tag>Getter</tag>
<tag>PageContent</tag>
<doc>Returns the current URL.</doc>
<msg timestamp="20230706 15:14:19.468" level="INFO">${currentUrl} = https://test4.omenahotels.com/fi/</msg>
<status status="PASS" starttime="20230706 15:14:19.466" endtime="20230706 15:14:19.468"/>
</kw>
<kw name="Get Environment From Url" library="Helpers">
<var>${env}</var>
<arg>${currentUrl}</arg>
<msg timestamp="20230706 15:14:19.469" level="INFO">${env} = test-omena</msg>
<status status="PASS" starttime="20230706 15:14:19.469" endtime="20230706 15:14:19.469"/>
</kw>
<kw name="Set Variable" library="BuiltIn">
<arg>${environment}</arg>
<arg>${env}</arg>
<doc>Returns the given values which can then be assigned to a variables.</doc>
<status status="PASS" starttime="20230706 15:14:19.469" endtime="20230706 15:14:19.469"/>
</kw>
<status status="PASS" starttime="20230706 15:14:19.466" endtime="20230706 15:14:19.470"/>
</kw>
<status status="PASS" starttime="20230706 15:14:12.679" endtime="20230706 15:14:19.470"/>
</kw>
<test id="s1-s1-s1-s1-s1-t1" name="Create a new booking, check-in and verify door code is displayed" line="13">
<kw name="Select Hotel" library="booking">
<arg>Helsinki, Lönnrotinkatu</arg>
<doc>Select Hotel by using a number as an argument, default Lönnrotinkatu</doc>
<if>
<branch type="IF" condition="&quot;${environment}&quot; == &quot;test-exhibition&quot;">
<kw name="Log" library="BuiltIn">
<arg>No hotel to be selected</arg>
<doc>Logs the given message with the given level.</doc>
<status status="NOT RUN" starttime="20230706 15:14:19.472" endtime="20230706 15:14:19.472"/>
</kw>
<status status="NOT RUN" starttime="20230706 15:14:19.472" endtime="20230706 15:14:19.472"/>
</branch>
<branch type="ELSE">
<kw name="Log" library="BuiltIn">
<arg>Selecting Hotel: ${hotel}</arg>
<doc>Logs the given message with the given level.</doc>
<msg timestamp="20230706 15:14:19.473" level="INFO">Selecting Hotel: Helsinki, Lönnrotinkatu</msg>
<status status="PASS" starttime="20230706 15:14:19.472" endtime="20230706 15:14:19.473"/>
</kw>
<kw name="Click" library="Browser">
<arg>//div[contains(@data-nelson-btn, "hotels")]</arg>
<tag>PageContent</tag>
<tag>Setter</tag>
<doc>Simulates mouse click on the element found by ``selector``.</doc>
<status status="PASS" starttime="20230706 15:14:19.473" endtime="20230706 15:14:19.657"/>
</kw>
<kw name="Wait Until Visible" library="common">
<arg>//a[contains(@class, 'dropdown-item') and contains(text(), '${hotel}')]</arg>
<doc>An easier keyword for waiting until an element is visible</doc>
<kw name="Wait For Elements State" library="Browser">
<arg>${element}</arg>
<arg>visible</arg>
<arg>timeout=${timeout}</arg>
<tag>PageContent</tag>
<tag>Wait</tag>
<doc>Waits for the element found by ``selector`` to satisfy state option.</doc>
<msg timestamp="20230706 15:14:19.666" level="INFO">Waited for Element with selector //a[contains(@class, 'dropdown-item') and contains(text(), 'Helsinki, Lönnrotinkatu')] at state visible</msg>
<status status="PASS" starttime="20230706 15:14:19.658" endtime="20230706 15:14:19.667"/>
</kw>
<status status="PASS" starttime="20230706 15:14:19.657" endtime="20230706 15:14:19.667"/>
</kw>
<kw name="Click" library="Browser">
<arg>//a[contains(@class, 'dropdown-item') and contains(text(), '${hotel}')]</arg>
<tag>PageContent</tag>
<tag>Setter</tag>
<doc>Simulates mouse click on the element found by ``selector``.</doc>
<status status="PASS" starttime="20230706 15:14:19.667" endtime="20230706 15:14:19.772"/>
</kw>
<kw name="Wait For Elements State" library="Browser">
<arg>//a[contains(@class, 'dropdown-item') and contains(text(), '${hotel}')]</arg>
<arg>hidden</arg>
<arg>timeout=3s</arg>
<tag>PageContent</tag>
<tag>Wait</tag>
<doc>Waits for the element found by ``selector`` to satisfy state option.</doc>
<msg timestamp="20230706 15:14:19.783" level="INFO">Waited for Element with selector //a[contains(@class, 'dropdown-item') and contains(text(), 'Helsinki, Lönnrotinkatu')] at state hidden</msg>
<status status="PASS" starttime="20230706 15:14:19.772" endtime="20230706 15:14:19.783"/>
</kw>
<status status="PASS" starttime="20230706 15:14:19.472" endtime="20230706 15:14:19.784"/>
</branch>
<status status="PASS" starttime="20230706 15:14:19.472" endtime="20230706 15:14:19.784"/>
</if>
<status status="PASS" starttime="20230706 15:14:19.471" endtime="20230706 15:14:19.784"/>
</kw>
<kw name="Select Dates" library="booking">
<kw name="Log" library="BuiltIn">
<arg>Skipping date selection for now</arg>
<doc>Logs the given message with the given level.</doc>
<msg timestamp="20230706 15:14:19.785" level="INFO">Skipping date selection for now</msg>
<status status="PASS" starttime="20230706 15:14:19.785" endtime="20230706 15:14:19.785"/>
</kw>
<status status="PASS" starttime="20230706 15:14:19.784" endtime="20230706 15:14:19.785"/>
</kw>
<kw name="Select Guests" library="booking">
<doc>Selects the number of guests for the booking, current implementation will only check the dropdown</doc>
<kw name="Log To Console" library="BuiltIn">
<arg>Not yet implemented</arg>
<doc>Logs the given message to the console.</doc>
<status status="PASS" starttime="20230706 15:14:19.786" endtime="20230706 15:14:19.787"/>
</kw>
<status status="PASS" starttime="20230706 15:14:19.786" endtime="20230706 15:14:19.787"/>
</kw>
<kw name="Click Book Button" library="booking">
<kw name="Click" library="Browser">
<arg>//div[@data-nelson-btn='book']</arg>
<tag>PageContent</tag>
<tag>Setter</tag>
<doc>Simulates mouse click on the element found by ``selector``.</doc>
<status status="PASS" starttime="20230706 15:14:19.788" endtime="20230706 15:14:20.095"/>
</kw>
<status status="PASS" starttime="20230706 15:14:19.787" endtime="20230706 15:14:20.096"/>
</kw>
<kw name="Select a Standard Room" library="booking">
<kw name="Wait Until Visible" library="common">
<arg>${btnExtras}</arg>
<doc>An easier keyword for waiting until an element is visible</doc>
<kw name="Wait For Elements State" library="Browser">
<arg>${element}</arg>
<arg>visible</arg>
<arg>timeout=${timeout}</arg>
<tag>PageContent</tag>
<tag>Wait</tag>
<doc>Waits for the element found by ``selector`` to satisfy state option.</doc>
<errors>
<msg timestamp="20230706 15:14:33.858" level="ERROR">Execution stopped by user.</msg>
</errors>
</robot>
