<?xml version="1.0" encoding="UTF-8"?>
<robot generator="Robot 5.0.1 (Python 3.10.12 on linux)" generated="20230708 14:45:39.532" rpa="false" schemaversion="3">
<suite id="s1" name="Testsuites" source="/home/runner/work/nelson-test-automation/nelson-test-automation/testsuites">
<suite id="s1-s1" name="BUI" source="/home/runner/work/nelson-test-automation/nelson-test-automation/testsuites/BUI">
<suite id="s1-s1-s1" name="Feature" source="/home/runner/work/nelson-test-automation/nelson-test-automation/testsuites/BUI/feature">
<suite id="s1-s1-s1-s1" name="Online Check In" source="/home/runner/work/nelson-test-automation/nelson-test-automation/testsuites/BUI/feature/online_check_in">
<suite id="s1-s1-s1-s1-s1" name="BUI2-556" source="/home/runner/work/nelson-test-automation/nelson-test-automation/testsuites/BUI/feature/online_check_in/BUI2-556.robot">
<kw name="Open Browser to Landing Page" library="common" type="SETUP">
<doc>A general startup keyword for opening a browser to the landing page.</doc>
<kw name="Open New Browser To URL" library="common">
<arg>${url}</arg>
<kw name="New Browser" library="Browser">
<arg>${browser}</arg>
<arg>${headless}</arg>
<arg>timeout=${timeout}</arg>
<tag>BrowserControl</tag>
<tag>Setter</tag>
<doc>Create a new playwright Browser with specified options.</doc>
<msg timestamp="20230708 14:45:40.816" level="INFO">{"browser": "firefox", "headless": true, "devtools": false, "handleSIGHUP": true, "handleSIGINT": true, "handleSIGTERM": true, "slowMo": 0.0, "timeout": 90000.0, "deprecated_pos_args": [], "tracesDir": "/home/runner/work/nelson-test-automation/nelson-test-automation/reports/test4/browser/traces/ade741cf-cf4c-483e-b16f-1b246a26aac5"}</msg>
<msg timestamp="20230708 14:45:42.020" level="INFO">Successfully created browser with options: {"browser":"firefox","headless":true,"devtools":false,"handleSIGHUP":true,"handleSIGINT":true,"handleSIGTERM":true,"slowMo":0,"timeout":90000,"deprecated_pos_args":[],"tracesDir":"/home/runner/work/nelson-test-automation/nelson-test-automation/reports/test4/browser/traces/ade741cf-cf4c-483e-b16f-1b246a26aac5"}</msg>
<status status="PASS" starttime="20230708 14:45:40.813" endtime="20230708 14:45:42.021"/>
</kw>
<kw name="Set Browser Timeout" library="Browser">
<arg>${timeout}</arg>
<tag>Config</tag>
<tag>Setter</tag>
<doc>Sets the timeout used by most input and getter keywords.</doc>
<msg timestamp="20230708 14:45:42.029" level="INFO">No context open.</msg>
<status status="PASS" starttime="20230708 14:45:42.021" endtime="20230708 14:45:42.029"/>
</kw>
<kw name="New Context" library="Browser">
<tag>BrowserControl</tag>
<tag>Setter</tag>
<doc>Create a new BrowserContext with specified options.</doc>
<msg timestamp="20230708 14:45:42.030" level="INFO">{
  "acceptDownloads": true,
  "bypassCSP": false,
  "forcedColors": "none",
  "hideRfBrowser": false,
  "ignoreHTTPSErrors": false,
  "javaScriptEnabled": true,
  "offline": false,
  "reducedMotion": "no-preference",
  "viewport": {
    "height": 720,
    "width": 1280
  },
  "deprecated_pos_args": []
}</msg>
<msg timestamp="20230708 14:45:42.098" level="INFO">Successfully created context. </msg>
<msg timestamp="20230708 14:45:42.098" level="INFO">{'acceptDownloads': True, 'bypassCSP': False, 'forcedColors': 'none', 'hideRfBrowser': False, 'ignoreHTTPSErrors': False, 'javaScriptEnabled': True, 'offline': False, 'reducedMotion': 'no-preference', 'viewport': {'height': 720, 'width': 1280}, 'deprecated_pos_args': []}</msg>
<status status="PASS" starttime="20230708 14:45:42.029" endtime="20230708 14:45:42.098"/>
</kw>
<kw name="New Page" library="Browser">
<arg>${url}</arg>
<tag>BrowserControl</tag>
<tag>Setter</tag>
<doc>Open a new Page.</doc>
<msg timestamp="20230708 14:45:47.405" level="INFO">Successfully initialized new page object and opened url: https://test4.omenahotels.com/</msg>
<status status="PASS" starttime="20230708 14:45:42.099" endtime="20230708 14:45:47.405"/>
</kw>
<status status="PASS" starttime="20230708 14:45:40.812" endtime="20230708 14:45:47.405"/>
</kw>
<kw name="Wait Until Network Is Idle" library="Browser">
<tag>HTTP</tag>
<tag>Wait</tag>
<doc>Waits until there has been at least one instance of 500 ms of no network traffic on the page after loading.</doc>
<status status="PASS" starttime="20230708 14:45:47.406" endtime="20230708 14:45:48.982"/>
</kw>
<kw name="Allow Cookies" library="common">
<doc>Allow Cookies/Toggle Cookie allowance</doc>
<kw name="Is Element Found" library="common">
<var>${cookieModalVisible}</var>
<arg>id=CybotCookiebotDialogBodyLevelButtonLevelOptinAllowAll</arg>
<doc>A keyword that has a very complex way of figuring out whether an
element is found or not because I had trouble with the built-in keywords
Can be solved differently if you have a better idea</doc>
<kw name="Set Browser Timeout" library="Browser">
<arg>10s</arg>
<tag>Config</tag>
<tag>Setter</tag>
<doc>Sets the timeout used by most input and getter keywords.</doc>
<msg timestamp="20230708 14:45:48.989" level="INFO">Set timeout to: 10000</msg>
<status status="PASS" starttime="20230708 14:45:48.984" endtime="20230708 14:45:48.989"/>
</kw>
<try>
<branch type="TRY">
<kw name="Get Elements" library="Browser">
<var>${els}</var>
<arg>${selector}</arg>
<tag>Getter</tag>
<tag>PageContent</tag>
<doc>Returns a reference to Playwright [https://playwright.dev/docs/api/class-locator|Locator]
for all matched elements by ``selector``.</doc>
<msg timestamp="20230708 14:45:49.049" level="INFO">Found 1 Locators successfully.</msg>
<msg timestamp="20230708 14:45:49.050" level="INFO">${els} = ['element=8724b8cb-fd67-4a76-9f7f-04d81f466e1a']</msg>
<status status="PASS" starttime="20230708 14:45:48.990" endtime="20230708 14:45:49.050"/>
</kw>
<kw name="Get Length" library="BuiltIn">
<var>${count}</var>
<arg>${els}</arg>
<doc>Returns and logs the length of the given item as an integer.</doc>
<msg timestamp="20230708 14:45:49.051" level="INFO">Length is 1</msg>
<msg timestamp="20230708 14:45:49.051" level="INFO">${count} = 1</msg>
<status status="PASS" starttime="20230708 14:45:49.050" endtime="20230708 14:45:49.051"/>
</kw>
<if>
<branch type="IF" condition="${count} &gt; 0">
<kw name="Set Variable" library="BuiltIn">
<var>${visible}</var>
<arg>True</arg>
<doc>Returns the given values which can then be assigned to a variables.</doc>
<msg timestamp="20230708 14:45:49.053" level="INFO">${visible} = True</msg>
<status status="PASS" starttime="20230708 14:45:49.053" endtime="20230708 14:45:49.054"/>
</kw>
<status status="PASS" starttime="20230708 14:45:49.051" endtime="20230708 14:45:49.054"/>
</branch>
<branch type="ELSE">
<kw name="Set Variable" library="BuiltIn">
<var>${visible}</var>
<arg>False</arg>
<doc>Returns the given values which can then be assigned to a variables.</doc>
<status status="NOT RUN" starttime="20230708 14:45:49.054" endtime="20230708 14:45:49.054"/>
</kw>
<status status="NOT RUN" starttime="20230708 14:45:49.054" endtime="20230708 14:45:49.054"/>
</branch>
<status status="PASS" starttime="20230708 14:45:49.051" endtime="20230708 14:45:49.054"/>
</if>
<status status="PASS" starttime="20230708 14:45:48.990" endtime="20230708 14:45:49.054"/>
</branch>
<branch type="EXCEPT">
<kw name="Set Variable" library="BuiltIn">
<var>${visible}</var>
<arg>False</arg>
<doc>Returns the given values which can then be assigned to a variables.</doc>
<status status="NOT RUN" starttime="20230708 14:45:49.055" endtime="20230708 14:45:49.055"/>
</kw>
<status status="NOT RUN" starttime="20230708 14:45:49.055" endtime="20230708 14:45:49.055"/>
</branch>
<status status="PASS" starttime="20230708 14:45:48.989" endtime="20230708 14:45:49.055"/>
</try>
<kw name="Set Browser Timeout" library="Browser">
<arg>${timeout}</arg>
<tag>Config</tag>
<tag>Setter</tag>
<doc>Sets the timeout used by most input and getter keywords.</doc>
<msg timestamp="20230708 14:45:49.060" level="INFO">Set timeout to: 90000</msg>
<status status="PASS" starttime="20230708 14:45:49.055" endtime="20230708 14:45:49.060"/>
</kw>
<msg timestamp="20230708 14:45:49.060" level="INFO">${cookieModalVisible} = True</msg>
<status status="PASS" starttime="20230708 14:45:48.984" endtime="20230708 14:45:49.060"/>
</kw>
<if>
<branch type="IF" condition="${cookieModalVisible}">
<kw name="Click" library="Browser">
<arg>id=CybotCookiebotDialogBodyLevelButtonLevelOptinAllowAll</arg>
<tag>PageContent</tag>
<tag>Setter</tag>
<doc>Simulates mouse click on the element found by ``selector``.</doc>
<status status="PASS" starttime="20230708 14:45:49.062" endtime="20230708 14:45:49.156"/>
</kw>
<status status="PASS" starttime="20230708 14:45:49.061" endtime="20230708 14:45:49.156"/>
</branch>
<branch type="ELSE">
<kw name="Log" library="BuiltIn">
<arg>No Cookie Modal Visible</arg>
<doc>Logs the given message with the given level.</doc>
<status status="NOT RUN" starttime="20230708 14:45:49.156" endtime="20230708 14:45:49.157"/>
</kw>
<status status="NOT RUN" starttime="20230708 14:45:49.156" endtime="20230708 14:45:49.157"/>
</branch>
<status status="PASS" starttime="20230708 14:45:49.061" endtime="20230708 14:45:49.157"/>
</if>
<status status="PASS" starttime="20230708 14:45:48.983" endtime="20230708 14:45:49.157"/>
</kw>
<kw name="Set Environment" library="common">
<kw name="Get Url" library="Browser">
<var>${currentUrl}</var>
<tag>Assertion</tag>
<tag>Getter</tag>
<tag>PageContent</tag>
<doc>Returns the current URL.</doc>
<msg timestamp="20230708 14:45:49.162" level="INFO">${currentUrl} = https://test4.omenahotels.com/en/</msg>
<status status="PASS" starttime="20230708 14:45:49.158" endtime="20230708 14:45:49.162"/>
</kw>
<kw name="Get Environment From Url" library="Helpers">
<var>${env}</var>
<arg>${currentUrl}</arg>
<msg timestamp="20230708 14:45:49.163" level="INFO">${env} = test-omena</msg>
<status status="PASS" starttime="20230708 14:45:49.162" endtime="20230708 14:45:49.163"/>
</kw>
<kw name="Set Variable" library="BuiltIn">
<arg>${environment}</arg>
<arg>${env}</arg>
<doc>Returns the given values which can then be assigned to a variables.</doc>
<status status="PASS" starttime="20230708 14:45:49.163" endtime="20230708 14:45:49.163"/>
</kw>
<status status="PASS" starttime="20230708 14:45:49.157" endtime="20230708 14:45:49.163"/>
</kw>
<status status="PASS" starttime="20230708 14:45:40.811" endtime="20230708 14:45:49.164"/>
</kw>
<test id="s1-s1-s1-s1-s1-t1" name="Create a new booking, check-in and verify door code is displayed" line="13">
<kw name="Select Hotel" library="booking">
<arg>Helsinki, Lönnrotinkatu</arg>
<doc>Select Hotel by using a number as an argument, default Lönnrotinkatu</doc>
<if>
<branch type="IF" condition="&quot;${environment}&quot; == &quot;test-exhibition&quot;">
<kw name="Log" library="BuiltIn">
<arg>No hotel to be selected</arg>
<doc>Logs the given message with the given level.</doc>
<status status="NOT RUN" starttime="20230708 14:45:49.166" endtime="20230708 14:45:49.166"/>
</kw>
<status status="NOT RUN" starttime="20230708 14:45:49.166" endtime="20230708 14:45:49.166"/>
</branch>
<branch type="ELSE">
<kw name="Log" library="BuiltIn">
<arg>Selecting Hotel: ${hotel}</arg>
<doc>Logs the given message with the given level.</doc>
<msg timestamp="20230708 14:45:49.167" level="INFO">Selecting Hotel: Helsinki, Lönnrotinkatu</msg>
<status status="PASS" starttime="20230708 14:45:49.167" endtime="20230708 14:45:49.167"/>
</kw>
<kw name="Click" library="Browser">
<arg>//div[contains(@data-nelson-btn, "hotels")]</arg>
<tag>PageContent</tag>
<tag>Setter</tag>
<doc>Simulates mouse click on the element found by ``selector``.</doc>
<status status="PASS" starttime="20230708 14:45:49.167" endtime="20230708 14:45:49.279"/>
</kw>
<kw name="Wait Until Visible" library="common">
<arg>//a[contains(@class, 'dropdown-item') and contains(text(), '${hotel}')]</arg>
<doc>An easier keyword for waiting until an element is visible</doc>
<kw name="Wait For Elements State" library="Browser">
<arg>${element}</arg>
<arg>visible</arg>
<arg>timeout=${timeout}</arg>
<tag>PageContent</tag>
<tag>Wait</tag>
<doc>Waits for the element found by ``selector`` to satisfy state option.</doc>
<msg timestamp="20230708 14:45:49.295" level="INFO">Waited for Element with selector //a[contains(@class, 'dropdown-item') and contains(text(), 'Helsinki, Lönnrotinkatu')] at state visible</msg>
<status status="PASS" starttime="20230708 14:45:49.280" endtime="20230708 14:45:49.295"/>
</kw>
<status status="PASS" starttime="20230708 14:45:49.279" endtime="20230708 14:45:49.296"/>
</kw>
<kw name="Click" library="Browser">
<arg>//a[contains(@class, 'dropdown-item') and contains(text(), '${hotel}')]</arg>
<tag>PageContent</tag>
<tag>Setter</tag>
<doc>Simulates mouse click on the element found by ``selector``.</doc>
<status status="PASS" starttime="20230708 14:45:49.296" endtime="20230708 14:45:49.685"/>
</kw>
<kw name="Wait For Elements State" library="Browser">
<arg>//a[contains(@class, 'dropdown-item') and contains(text(), '${hotel}')]</arg>
<arg>hidden</arg>
<arg>timeout=3s</arg>
<tag>PageContent</tag>
<tag>Wait</tag>
<doc>Waits for the element found by ``selector`` to satisfy state option.</doc>
<msg timestamp="20230708 14:45:49.750" level="INFO">Waited for Element with selector //a[contains(@class, 'dropdown-item') and contains(text(), 'Helsinki, Lönnrotinkatu')] at state hidden</msg>
<status status="PASS" starttime="20230708 14:45:49.686" endtime="20230708 14:45:49.750"/>
</kw>
<status status="PASS" starttime="20230708 14:45:49.167" endtime="20230708 14:45:49.750"/>
</branch>
<status status="PASS" starttime="20230708 14:45:49.166" endtime="20230708 14:45:49.750"/>
</if>
<status status="PASS" starttime="20230708 14:45:49.165" endtime="20230708 14:45:49.750"/>
</kw>
<kw name="Select Dates" library="booking">
<kw name="Log" library="BuiltIn">
<arg>Skipping date selection for now</arg>
<doc>Logs the given message with the given level.</doc>
<msg timestamp="20230708 14:45:49.751" level="INFO">Skipping date selection for now</msg>
<status status="PASS" starttime="20230708 14:45:49.751" endtime="20230708 14:45:49.751"/>
</kw>
<status status="PASS" starttime="20230708 14:45:49.751" endtime="20230708 14:45:49.752"/>
</kw>
<kw name="Select Guests" library="booking">
<doc>Selects the number of guests for the booking, current implementation will only check the dropdown</doc>
<kw name="Log To Console" library="BuiltIn">
<arg>Not yet implemented</arg>
<doc>Logs the given message to the console.</doc>
<status status="PASS" starttime="20230708 14:45:49.752" endtime="20230708 14:45:49.754"/>
</kw>
<status status="PASS" starttime="20230708 14:45:49.752" endtime="20230708 14:45:49.754"/>
</kw>
<kw name="Click Book Button" library="booking">
<kw name="Click" library="Browser">
<arg>//div[@data-nelson-btn='book']</arg>
<tag>PageContent</tag>
<tag>Setter</tag>
<doc>Simulates mouse click on the element found by ``selector``.</doc>
<status status="PASS" starttime="20230708 14:45:49.755" endtime="20230708 14:45:50.382"/>
</kw>
<status status="PASS" starttime="20230708 14:45:49.754" endtime="20230708 14:45:50.382"/>
</kw>
<kw name="Select a Standard Room" library="booking">
<kw name="Wait Until Visible" library="common">
<arg>${btnExtras}</arg>
<doc>An easier keyword for waiting until an element is visible</doc>
<kw name="Wait For Elements State" library="Browser">
<arg>${element}</arg>
<arg>visible</arg>
<arg>timeout=${timeout}</arg>
<tag>PageContent</tag>
<tag>Wait</tag>
<doc>Waits for the element found by ``selector`` to satisfy state option.</doc>
<msg timestamp="20230708 14:45:55.227" level="INFO">Waited for Element with selector (//div[contains(@view,"booking")]//button[contains(text(), "Continue to extras")])[1] at state visible</msg>
<status status="PASS" starttime="20230708 14:45:50.383" endtime="20230708 14:45:55.228"/>
</kw>
<status status="PASS" starttime="20230708 14:45:50.383" endtime="20230708 14:45:55.228"/>
</kw>
<kw name="Get Element States" library="Browser">
<var>${visible}</var>
<arg>//div[contains(text(), 'Select room')]</arg>
<arg>then</arg>
<arg>bool(value &amp; visible)</arg>
<tag>Assertion</tag>
<tag>Getter</tag>
<tag>PageContent</tag>
<doc>Get the active states from the element found by ``selector``.</doc>
<msg timestamp="20230708 14:45:55.484" level="INFO">${visible} = False</msg>
<status status="PASS" starttime="20230708 14:45:55.228" endtime="20230708 14:45:55.484"/>
</kw>
<kw name="Run Keyword If" library="BuiltIn">
<arg>${visible}</arg>
<arg>Select Standard and Remove Other Room Selection</arg>
<doc>Runs the given keyword with the given arguments, if ``condition`` is true.</doc>
<status status="PASS" starttime="20230708 14:45:55.484" endtime="20230708 14:45:55.485"/>
</kw>
<status status="PASS" starttime="20230708 14:45:50.382" endtime="20230708 14:45:55.485"/>
</kw>
<kw name="Click Continue to Extras Button" library="booking">
<doc>Clicks the continue to extras button</doc>
<kw name="Click" library="Browser">
<arg>${btnExtras}</arg>
<tag>PageContent</tag>
<tag>Setter</tag>
<doc>Simulates mouse click on the element found by ``selector``.</doc>
<status status="PASS" starttime="20230708 14:45:55.487" endtime="20230708 14:46:01.263"/>
</kw>
<kw name="Wait Until Visible" library="common">
<arg>${btnPayment}</arg>
<doc>An easier keyword for waiting until an element is visible</doc>
<kw name="Wait For Elements State" library="Browser">
<arg>${element}</arg>
<arg>visible</arg>
<arg>timeout=${timeout}</arg>
<tag>PageContent</tag>
<tag>Wait</tag>
<doc>Waits for the element found by ``selector`` to satisfy state option.</doc>
<msg timestamp="20230708 14:46:02.193" level="INFO">Waited for Element with selector (//div[contains(@view,"extras")]//button[contains(text(), "Continue to payment")])[1] at state visible</msg>
<status status="PASS" starttime="20230708 14:46:01.264" endtime="20230708 14:46:02.193"/>
</kw>
<status status="PASS" starttime="20230708 14:46:01.263" endtime="20230708 14:46:02.194"/>
</kw>
<status status="PASS" starttime="20230708 14:45:55.485" endtime="20230708 14:46:02.194"/>
</kw>
<kw name="Continue to Payment" library="booking">
<kw name="Click" library="Browser">
<arg>(//button[normalize-space()='Continue to payment'])[1]</arg>
<tag>PageContent</tag>
<tag>Setter</tag>
<doc>Simulates mouse click on the element found by ``selector``.</doc>
<status status="PASS" starttime="20230708 14:46:02.195" endtime="20230708 14:46:02.490"/>
</kw>
<status status="PASS" starttime="20230708 14:46:02.194" endtime="20230708 14:46:02.490"/>
</kw>
<kw name="Select Join for Free" library="booking">
<kw name="Wait Until Visible" library="common">
<arg>//input[@value='memberRate' and @checked='']</arg>
<doc>An easier keyword for waiting until an element is visible</doc>
<kw name="Wait For Elements State" library="Browser">
<arg>${element}</arg>
<arg>visible</arg>
<arg>timeout=${timeout}</arg>
<tag>PageContent</tag>
<tag>Wait</tag>
<doc>Waits for the element found by ``selector`` to satisfy state option.</doc>
<msg timestamp="20230708 14:46:05.472" level="INFO">Waited for Element with selector //input[@value='memberRate' and @checked=''] at state visible</msg>
<status status="PASS" starttime="20230708 14:46:02.491" endtime="20230708 14:46:05.472"/>
</kw>
<status status="PASS" starttime="20230708 14:46:02.491" endtime="20230708 14:46:05.473"/>
</kw>
<kw name="Wait Until Visible" library="common">
<arg>//div//*[normalize-space()='Join for free and get the member rate']/following-sibling::div[@data-checked]</arg>
<doc>An easier keyword for waiting until an element is visible</doc>
<kw name="Wait For Elements State" library="Browser">
<arg>${element}</arg>
<arg>visible</arg>
<arg>timeout=${timeout}</arg>
<tag>PageContent</tag>
<tag>Wait</tag>
<doc>Waits for the element found by ``selector`` to satisfy state option.</doc>
<msg timestamp="20230708 14:46:05.503" level="INFO">Waited for Element with selector //div//*[normalize-space()='Join for free and get the member rate']/following-sibling::div[@data-checked] at state visible</msg>
<status status="PASS" starttime="20230708 14:46:05.474" endtime="20230708 14:46:05.504"/>
</kw>
<status status="PASS" starttime="20230708 14:46:05.473" endtime="20230708 14:46:05.504"/>
</kw>
<status status="PASS" starttime="20230708 14:46:02.490" endtime="20230708 14:46:05.504"/>
</kw>
<kw name="Fill in Contact Information" library="booking">
<doc>Fills in Contact information that can be given as arguments or use default values
Uses a password if the environment is bui and</doc>
<kw name="Create Email and Return Inbox" library="common">
<var>${inbox}</var>
<doc>Creates a new email address and returns the inbox object</doc>
<kw name="Create new Inbox" library="MailSlurp">
<var>${inbox}</var>
<msg timestamp="20230708 14:46:05.880" level="FAIL">TypeError: expected string or bytes-like object</msg>
<status status="FAIL" starttime="20230708 14:46:05.506" endtime="20230708 14:46:05.899"/>
</kw>
<status status="FAIL" starttime="20230708 14:46:05.505" endtime="20230708 14:46:05.900"/>
</kw>
<kw name="Click and Fill" library="common">
<arg>id=firstName</arg>
<arg>${firstName}</arg>
<doc>A keyword combination of Click and Fill Text since most of the form fields need a click</doc>
<status status="NOT RUN" starttime="20230708 14:46:05.901" endtime="20230708 14:46:05.901"/>
</kw>
<kw name="Click and Fill" library="common">
<arg>id=lastName</arg>
<arg>${lastName}</arg>
<doc>A keyword combination of Click and Fill Text since most of the form fields need a click</doc>
<status status="NOT RUN" starttime="20230708 14:46:05.901" endtime="20230708 14:46:05.901"/>
</kw>
<kw name="Click and Fill" library="common">
<arg>id=email</arg>
<arg>${inbox.email_address}</arg>
<doc>A keyword combination of Click and Fill Text since most of the form fields need a click</doc>
<status status="NOT RUN" starttime="20230708 14:46:05.901" endtime="20230708 14:46:05.901"/>
</kw>
<kw name="Click and Fill" library="common">
<arg>id=phoneNumber</arg>
<arg>${phone}</arg>
<doc>A keyword combination of Click and Fill Text since most of the form fields need a click</doc>
<status status="NOT RUN" starttime="20230708 14:46:05.901" endtime="20230708 14:46:05.902"/>
</kw>
<kw name="Log To Console" library="BuiltIn">
<arg>${inbox.id}</arg>
<doc>Logs the given message to the console.</doc>
<status status="NOT RUN" starttime="20230708 14:46:05.902" endtime="20230708 14:46:05.902"/>
</kw>
<kw name="Set Suite Variable" library="BuiltIn">
<arg>$ID</arg>
<arg>${inbox.id}</arg>
<doc>Makes a variable available everywhere within the scope of the current suite.</doc>
<status status="NOT RUN" starttime="20230708 14:46:05.902" endtime="20230708 14:46:05.902"/>
</kw>
<kw name="Get Element Count" library="Browser">
<var>${passwordVisible}</var>
<arg>id=password</arg>
<tag>Assertion</tag>
<tag>Getter</tag>
<tag>PageContent</tag>
<doc>Returns the count of elements found with ``selector``.</doc>
<status status="NOT RUN" starttime="20230708 14:46:05.902" endtime="20230708 14:46:05.902"/>
</kw>
<if>
<branch type="IF" condition="'${env}'=='bui' and '${passwordVisible}'&gt;'0'">
<kw name="Click and Fill" library="common">
<arg>id=password</arg>
<arg>${password}</arg>
<doc>A keyword combination of Click and Fill Text since most of the form fields need a click</doc>
<status status="NOT RUN" starttime="20230708 14:46:05.903" endtime="20230708 14:46:05.903"/>
</kw>
<status status="NOT RUN" starttime="20230708 14:46:05.903" endtime="20230708 14:46:05.903"/>
</branch>
<branch type="ELSE">
<kw name="Log To Console" library="BuiltIn">
<arg>No password filled</arg>
<doc>Logs the given message to the console.</doc>
<status status="NOT RUN" starttime="20230708 14:46:05.904" endtime="20230708 14:46:05.904"/>
</kw>
<status status="NOT RUN" starttime="20230708 14:46:05.903" endtime="20230708 14:46:05.904"/>
</branch>
<status status="NOT RUN" starttime="20230708 14:46:05.903" endtime="20230708 14:46:05.904"/>
</if>
<status status="FAIL" starttime="20230708 14:46:05.504" endtime="20230708 14:46:05.905"/>
</kw>
<kw name="Accept offers and Terms" library="booking">
<status status="NOT RUN" starttime="20230708 14:46:05.905" endtime="20230708 14:46:05.905"/>
</kw>
<kw name="Select Web Bank and Nordea as Payment Method" library="booking">
<status status="NOT RUN" starttime="20230708 14:46:05.905" endtime="20230708 14:46:05.905"/>
</kw>
<kw name="Complete Payment Successfully" library="booking">
<status status="NOT RUN" starttime="20230708 14:46:05.905" endtime="20230708 14:46:05.906"/>
</kw>
<kw name="Click Check In Button" library="booking">
<status status="NOT RUN" starttime="20230708 14:46:05.906" endtime="20230708 14:46:05.906"/>
</kw>
<kw name="Fill Check in Slide" library="booking">
<status status="NOT RUN" starttime="20230708 14:46:05.906" endtime="20230708 14:46:05.906"/>
</kw>
<kw name="Click Save and Sign Button and Sign if Required" library="booking">
<status status="NOT RUN" starttime="20230708 14:46:05.906" endtime="20230708 14:46:05.906"/>
</kw>
<kw name="Complete Check in" library="booking">
<status status="NOT RUN" starttime="20230708 14:46:05.906" endtime="20230708 14:46:05.907"/>
</kw>
<kw name="Wait Until Door Code is Available" library="checkin">
<status status="NOT RUN" starttime="20230708 14:46:05.907" endtime="20230708 14:46:05.907"/>
</kw>
<kw name="Check Door Code and verify it is not empty" library="checkin">
<status status="NOT RUN" starttime="20230708 14:46:05.907" endtime="20230708 14:46:05.907"/>
</kw>
<kw name="Verify Page Elements after Check-in" library="checkin">
<status status="NOT RUN" starttime="20230708 14:46:05.907" endtime="20230708 14:46:05.907"/>
</kw>
<tag>smoke, booking, BUI2-556, online-checkin</tag>
<status status="FAIL" starttime="20230708 14:45:49.164" endtime="20230708 14:46:05.908">TypeError: expected string or bytes-like object</status>
</test>
<kw name="Close Browser" library="Browser" type="TEARDOWN">
<tag>BrowserControl</tag>
<tag>Setter</tag>
<doc>Closes the current browser.</doc>
<msg timestamp="20230708 14:46:06.579" level="INFO">Closed browser</msg>
<status status="PASS" starttime="20230708 14:46:05.913" endtime="20230708 14:46:06.580"/>
</kw>
<status status="FAIL" starttime="20230708 14:45:39.561" endtime="20230708 14:46:06.580"/>
</suite>
<suite id="s1-s1-s1-s1-s2" name="BUI2-557" source="/home/runner/work/nelson-test-automation/nelson-test-automation/testsuites/BUI/feature/online_check_in/BUI2-557.robot">
<test id="s1-s1-s1-s1-s2-t1" name="Verify UI When in booker view" line="11">
<kw name="Open Browser to Landing Page" library="common" type="SETUP">
<doc>A general startup keyword for opening a browser to the landing page.</doc>
<kw name="Open New Browser To URL" library="common">
<arg>${url}</arg>
<kw name="New Browser" library="Browser">
<arg>${browser}</arg>
<arg>${headless}</arg>
<arg>timeout=${timeout}</arg>
<tag>BrowserControl</tag>
<tag>Setter</tag>
<doc>Create a new playwright Browser with specified options.</doc>
<msg timestamp="20230708 14:46:06.619" level="INFO">{"browser": "firefox", "headless": true, "devtools": false, "handleSIGHUP": true, "handleSIGINT": true, "handleSIGTERM": true, "slowMo": 0.0, "timeout": 90000.0, "deprecated_pos_args": [], "tracesDir": "/home/runner/work/nelson-test-automation/nelson-test-automation/reports/test4/browser/traces/07aacb93-0594-422d-9438-e6f40c6c9034"}</msg>
<msg timestamp="20230708 14:46:07.253" level="INFO">Successfully created browser with options: {"browser":"firefox","headless":true,"devtools":false,"handleSIGHUP":true,"handleSIGINT":true,"handleSIGTERM":true,"slowMo":0,"timeout":90000,"deprecated_pos_args":[],"tracesDir":"/home/runner/work/nelson-test-automation/nelson-test-automation/reports/test4/browser/traces/07aacb93-0594-422d-9438-e6f40c6c9034"}</msg>
<status status="PASS" starttime="20230708 14:46:06.619" endtime="20230708 14:46:07.253"/>
</kw>
<kw name="Set Browser Timeout" library="Browser">
<arg>${timeout}</arg>
<tag>Config</tag>
<tag>Setter</tag>
<doc>Sets the timeout used by most input and getter keywords.</doc>
<msg timestamp="20230708 14:46:07.257" level="INFO">No context open.</msg>
<status status="PASS" starttime="20230708 14:46:07.254" endtime="20230708 14:46:07.258"/>
</kw>
<kw name="New Context" library="Browser">
<tag>BrowserControl</tag>
<tag>Setter</tag>
<doc>Create a new BrowserContext with specified options.</doc>
<msg timestamp="20230708 14:46:07.258" level="INFO">{
  "acceptDownloads": true,
  "bypassCSP": false,
  "forcedColors": "none",
  "hideRfBrowser": false,
  "ignoreHTTPSErrors": false,
  "javaScriptEnabled": true,
  "offline": false,
  "reducedMotion": "no-preference",
  "viewport": {
    "height": 720,
    "width": 1280
  },
  "deprecated_pos_args": []
}</msg>
<msg timestamp="20230708 14:46:07.322" level="INFO">Successfully created context. </msg>
<msg timestamp="20230708 14:46:07.322" level="INFO">{'acceptDownloads': True, 'bypassCSP': False, 'forcedColors': 'none', 'hideRfBrowser': False, 'ignoreHTTPSErrors': False, 'javaScriptEnabled': True, 'offline': False, 'reducedMotion': 'no-preference', 'viewport': {'height': 720, 'width': 1280}, 'deprecated_pos_args': []}</msg>
<status status="PASS" starttime="20230708 14:46:07.258" endtime="20230708 14:46:07.322"/>
</kw>
<kw name="New Page" library="Browser">
<arg>${url}</arg>
<tag>BrowserControl</tag>
<tag>Setter</tag>
<doc>Open a new Page.</doc>
<msg timestamp="20230708 14:46:10.192" level="INFO">Successfully initialized new page object and opened url: https://test4.omenahotels.com/</msg>
<status status="PASS" starttime="20230708 14:46:07.322" endtime="20230708 14:46:10.192"/>
</kw>
<status status="PASS" starttime="20230708 14:46:06.618" endtime="20230708 14:46:10.192"/>
</kw>
<kw name="Wait Until Network Is Idle" library="Browser">
<tag>HTTP</tag>
<tag>Wait</tag>
<doc>Waits until there has been at least one instance of 500 ms of no network traffic on the page after loading.</doc>
<status status="PASS" starttime="20230708 14:46:10.193" endtime="20230708 14:46:11.575"/>
</kw>
<kw name="Allow Cookies" library="common">
<doc>Allow Cookies/Toggle Cookie allowance</doc>
<kw name="Is Element Found" library="common">
<var>${cookieModalVisible}</var>
<arg>id=CybotCookiebotDialogBodyLevelButtonLevelOptinAllowAll</arg>
<doc>A keyword that has a very complex way of figuring out whether an
element is found or not because I had trouble with the built-in keywords
Can be solved differently if you have a better idea</doc>
<kw name="Set Browser Timeout" library="Browser">
<arg>10s</arg>
<tag>Config</tag>
<tag>Setter</tag>
<doc>Sets the timeout used by most input and getter keywords.</doc>
<msg timestamp="20230708 14:46:11.580" level="INFO">Set timeout to: 10000</msg>
<status status="PASS" starttime="20230708 14:46:11.577" endtime="20230708 14:46:11.580"/>
</kw>
<try>
<branch type="TRY">
<kw name="Get Elements" library="Browser">
<var>${els}</var>
<arg>${selector}</arg>
<tag>Getter</tag>
<tag>PageContent</tag>
<doc>Returns a reference to Playwright [https://playwright.dev/docs/api/class-locator|Locator]
for all matched elements by ``selector``.</doc>
<msg timestamp="20230708 14:46:11.631" level="INFO">Found 1 Locators successfully.</msg>
<msg timestamp="20230708 14:46:11.631" level="INFO">${els} = ['element=5a0840fc-eaa8-4af2-b55c-e8723f5394e0']</msg>
<status status="PASS" starttime="20230708 14:46:11.581" endtime="20230708 14:46:11.631"/>
</kw>
<kw name="Get Length" library="BuiltIn">
<var>${count}</var>
<arg>${els}</arg>
<doc>Returns and logs the length of the given item as an integer.</doc>
<msg timestamp="20230708 14:46:11.632" level="INFO">Length is 1</msg>
<msg timestamp="20230708 14:46:11.632" level="INFO">${count} = 1</msg>
<status status="PASS" starttime="20230708 14:46:11.632" endtime="20230708 14:46:11.632"/>
</kw>
<if>
<branch type="IF" condition="${count} &gt; 0">
<kw name="Set Variable" library="BuiltIn">
<var>${visible}</var>
<arg>True</arg>
<doc>Returns the given values which can then be assigned to a variables.</doc>
<msg timestamp="20230708 14:46:11.633" level="INFO">${visible} = True</msg>
<status status="PASS" starttime="20230708 14:46:11.633" endtime="20230708 14:46:11.633"/>
</kw>
<status status="PASS" starttime="20230708 14:46:11.633" endtime="20230708 14:46:11.633"/>
</branch>
<branch type="ELSE">
<kw name="Set Variable" library="BuiltIn">
<var>${visible}</var>
<arg>False</arg>
<doc>Returns the given values which can then be assigned to a variables.</doc>
<status status="NOT RUN" starttime="20230708 14:46:11.634" endtime="20230708 14:46:11.634"/>
</kw>
<status status="NOT RUN" starttime="20230708 14:46:11.633" endtime="20230708 14:46:11.634"/>
</branch>
<status status="PASS" starttime="20230708 14:46:11.632" endtime="20230708 14:46:11.634"/>
</if>
<status status="PASS" starttime="20230708 14:46:11.580" endtime="20230708 14:46:11.634"/>
</branch>
<branch type="EXCEPT">
<kw name="Set Variable" library="BuiltIn">
<var>${visible}</var>
<arg>False</arg>
<doc>Returns the given values which can then be assigned to a variables.</doc>
<status status="NOT RUN" starttime="20230708 14:46:11.634" endtime="20230708 14:46:11.634"/>
</kw>
<status status="NOT RUN" starttime="20230708 14:46:11.634" endtime="20230708 14:46:11.635"/>
</branch>
<status status="PASS" starttime="20230708 14:46:11.580" endtime="20230708 14:46:11.635"/>
</try>
<kw name="Set Browser Timeout" library="Browser">
<arg>${timeout}</arg>
<tag>Config</tag>
<tag>Setter</tag>
<doc>Sets the timeout used by most input and getter keywords.</doc>
<msg timestamp="20230708 14:46:11.638" level="INFO">Set timeout to: 90000</msg>
<status status="PASS" starttime="20230708 14:46:11.635" endtime="20230708 14:46:11.638"/>
</kw>
<msg timestamp="20230708 14:46:11.638" level="INFO">${cookieModalVisible} = True</msg>
<status status="PASS" starttime="20230708 14:46:11.576" endtime="20230708 14:46:11.638"/>
</kw>
<if>
<branch type="IF" condition="${cookieModalVisible}">
<kw name="Click" library="Browser">
<arg>id=CybotCookiebotDialogBodyLevelButtonLevelOptinAllowAll</arg>
<tag>PageContent</tag>
<tag>Setter</tag>
<doc>Simulates mouse click on the element found by ``selector``.</doc>
<status status="PASS" starttime="20230708 14:46:11.639" endtime="20230708 14:46:11.733"/>
</kw>
<status status="PASS" starttime="20230708 14:46:11.639" endtime="20230708 14:46:11.734"/>
</branch>
<branch type="ELSE">
<kw name="Log" library="BuiltIn">
<arg>No Cookie Modal Visible</arg>
<doc>Logs the given message with the given level.</doc>
<status status="NOT RUN" starttime="20230708 14:46:11.734" endtime="20230708 14:46:11.734"/>
</kw>
<status status="NOT RUN" starttime="20230708 14:46:11.734" endtime="20230708 14:46:11.734"/>
</branch>
<status status="PASS" starttime="20230708 14:46:11.639" endtime="20230708 14:46:11.734"/>
</if>
<status status="PASS" starttime="20230708 14:46:11.575" endtime="20230708 14:46:11.735"/>
</kw>
<kw name="Set Environment" library="common">
<kw name="Get Url" library="Browser">
<var>${currentUrl}</var>
<tag>Assertion</tag>
<tag>Getter</tag>
<tag>PageContent</tag>
<doc>Returns the current URL.</doc>
<msg timestamp="20230708 14:46:11.739" level="INFO">${currentUrl} = https://test4.omenahotels.com/en/</msg>
<status status="PASS" starttime="20230708 14:46:11.737" endtime="20230708 14:46:11.739"/>
</kw>
<kw name="Get Environment From Url" library="Helpers">
<var>${env}</var>
<arg>${currentUrl}</arg>
<msg timestamp="20230708 14:46:11.740" level="INFO">${env} = test-omena</msg>
<status status="PASS" starttime="20230708 14:46:11.739" endtime="20230708 14:46:11.740"/>
</kw>
<kw name="Set Variable" library="BuiltIn">
<arg>${environment}</arg>
<arg>${env}</arg>
<doc>Returns the given values which can then be assigned to a variables.</doc>
<status status="PASS" starttime="20230708 14:46:11.740" endtime="20230708 14:46:11.740"/>
</kw>
<status status="PASS" starttime="20230708 14:46:11.735" endtime="20230708 14:46:11.740"/>
</kw>
<status status="PASS" starttime="20230708 14:46:06.618" endtime="20230708 14:46:11.741"/>
</kw>
<kw name="Select Hotel" library="booking">
<arg>Helsinki, Lönnrotinkatu</arg>
<doc>Select Hotel by using a number as an argument, default Lönnrotinkatu</doc>
<if>
<branch type="IF" condition="&quot;${environment}&quot; == &quot;test-exhibition&quot;">
<kw name="Log" library="BuiltIn">
<arg>No hotel to be selected</arg>
<doc>Logs the given message with the given level.</doc>
<status status="NOT RUN" starttime="20230708 14:46:11.743" endtime="20230708 14:46:11.743"/>
</kw>
<status status="NOT RUN" starttime="20230708 14:46:11.743" endtime="20230708 14:46:11.743"/>
</branch>
<branch type="ELSE">
<kw name="Log" library="BuiltIn">
<arg>Selecting Hotel: ${hotel}</arg>
<doc>Logs the given message with the given level.</doc>
<msg timestamp="20230708 14:46:11.744" level="INFO">Selecting Hotel: Helsinki, Lönnrotinkatu</msg>
<status status="PASS" starttime="20230708 14:46:11.744" endtime="20230708 14:46:11.744"/>
</kw>
<kw name="Click" library="Browser">
<arg>//div[contains(@data-nelson-btn, "hotels")]</arg>
<tag>PageContent</tag>
<tag>Setter</tag>
<doc>Simulates mouse click on the element found by ``selector``.</doc>
<status status="PASS" starttime="20230708 14:46:11.744" endtime="20230708 14:46:11.879"/>
</kw>
<kw name="Wait Until Visible" library="common">
<arg>//a[contains(@class, 'dropdown-item') and contains(text(), '${hotel}')]</arg>
<doc>An easier keyword for waiting until an element is visible</doc>
<kw name="Wait For Elements State" library="Browser">
<arg>${element}</arg>
<arg>visible</arg>
<arg>timeout=${timeout}</arg>
<tag>PageContent</tag>
<tag>Wait</tag>
<doc>Waits for the element found by ``selector`` to satisfy state option.</doc>
<msg timestamp="20230708 14:46:11.893" level="INFO">Waited for Element with selector //a[contains(@class, 'dropdown-item') and contains(text(), 'Helsinki, Lönnrotinkatu')] at state visible</msg>
<status status="PASS" starttime="20230708 14:46:11.880" endtime="20230708 14:46:11.893"/>
</kw>
<status status="PASS" starttime="20230708 14:46:11.879" endtime="20230708 14:46:11.893"/>
</kw>
<kw name="Click" library="Browser">
<arg>//a[contains(@class, 'dropdown-item') and contains(text(), '${hotel}')]</arg>
<tag>PageContent</tag>
<tag>Setter</tag>
<doc>Simulates mouse click on the element found by ``selector``.</doc>
<status status="PASS" starttime="20230708 14:46:11.894" endtime="20230708 14:46:12.186"/>
</kw>
<kw name="Wait For Elements State" library="Browser">
<arg>//a[contains(@class, 'dropdown-item') and contains(text(), '${hotel}')]</arg>
<arg>hidden</arg>
<arg>timeout=3s</arg>
<tag>PageContent</tag>
<tag>Wait</tag>
<doc>Waits for the element found by ``selector`` to satisfy state option.</doc>
<msg timestamp="20230708 14:46:12.243" level="INFO">Waited for Element with selector //a[contains(@class, 'dropdown-item') and contains(text(), 'Helsinki, Lönnrotinkatu')] at state hidden</msg>
<status status="PASS" starttime="20230708 14:46:12.187" endtime="20230708 14:46:12.243"/>
</kw>
<status status="PASS" starttime="20230708 14:46:11.744" endtime="20230708 14:46:12.243"/>
</branch>
<status status="PASS" starttime="20230708 14:46:11.742" endtime="20230708 14:46:12.244"/>
</if>
<status status="PASS" starttime="20230708 14:46:11.742" endtime="20230708 14:46:12.244"/>
</kw>
<kw name="Select Dates" library="booking">
<kw name="Log" library="BuiltIn">
<arg>Skipping date selection for now</arg>
<doc>Logs the given message with the given level.</doc>
<msg timestamp="20230708 14:46:12.245" level="INFO">Skipping date selection for now</msg>
<status status="PASS" starttime="20230708 14:46:12.245" endtime="20230708 14:46:12.245"/>
</kw>
<status status="PASS" starttime="20230708 14:46:12.244" endtime="20230708 14:46:12.245"/>
</kw>
<kw name="Select Guests" library="booking">
<doc>Selects the number of guests for the booking, current implementation will only check the dropdown</doc>
<kw name="Log To Console" library="BuiltIn">
<arg>Not yet implemented</arg>
<doc>Logs the given message to the console.</doc>
<status status="PASS" starttime="20230708 14:46:12.246" endtime="20230708 14:46:12.246"/>
</kw>
<status status="PASS" starttime="20230708 14:46:12.246" endtime="20230708 14:46:12.247"/>
</kw>
<kw name="Click Book Button" library="booking">
<kw name="Click" library="Browser">
<arg>//div[@data-nelson-btn='book']</arg>
<tag>PageContent</tag>
<tag>Setter</tag>
<doc>Simulates mouse click on the element found by ``selector``.</doc>
<status status="PASS" starttime="20230708 14:46:12.247" endtime="20230708 14:46:13.755"/>
</kw>
<status status="PASS" starttime="20230708 14:46:12.247" endtime="20230708 14:46:13.755"/>
</kw>
<kw name="Select a Standard Room" library="booking">
<kw name="Wait Until Visible" library="common">
<arg>${btnExtras}</arg>
<doc>An easier keyword for waiting until an element is visible</doc>
<kw name="Wait For Elements State" library="Browser">
<arg>${element}</arg>
<arg>visible</arg>
<arg>timeout=${timeout}</arg>
<tag>PageContent</tag>
<tag>Wait</tag>
<doc>Waits for the element found by ``selector`` to satisfy state option.</doc>
<msg timestamp="20230708 14:46:16.776" level="INFO">Waited for Element with selector (//div[contains(@view,"booking")]//button[contains(text(), "Continue to extras")])[1] at state visible</msg>
<status status="PASS" starttime="20230708 14:46:13.757" endtime="20230708 14:46:16.777"/>
</kw>
<status status="PASS" starttime="20230708 14:46:13.756" endtime="20230708 14:46:16.777"/>
</kw>
<kw name="Get Element States" library="Browser">
<var>${visible}</var>
<arg>//div[contains(text(), 'Select room')]</arg>
<arg>then</arg>
<arg>bool(value &amp; visible)</arg>
<tag>Assertion</tag>
<tag>Getter</tag>
<tag>PageContent</tag>
<doc>Get the active states from the element found by ``selector``.</doc>
<msg timestamp="20230708 14:46:17.031" level="INFO">${visible} = False</msg>
<status status="PASS" starttime="20230708 14:46:16.778" endtime="20230708 14:46:17.031"/>
</kw>
<kw name="Run Keyword If" library="BuiltIn">
<arg>${visible}</arg>
<arg>Select Standard and Remove Other Room Selection</arg>
<doc>Runs the given keyword with the given arguments, if ``condition`` is true.</doc>
<status status="PASS" starttime="20230708 14:46:17.032" endtime="20230708 14:46:17.032"/>
</kw>
<status status="PASS" starttime="20230708 14:46:13.756" endtime="20230708 14:46:17.032"/>
</kw>
<kw name="Click Continue to Extras Button" library="booking">
<doc>Clicks the continue to extras button</doc>
<kw name="Click" library="Browser">
<arg>${btnExtras}</arg>
<tag>PageContent</tag>
<tag>Setter</tag>
<doc>Simulates mouse click on the element found by ``selector``.</doc>
<status status="PASS" starttime="20230708 14:46:17.033" endtime="20230708 14:46:23.392"/>
</kw>
<kw name="Wait Until Visible" library="common">
<arg>${btnPayment}</arg>
<doc>An easier keyword for waiting until an element is visible</doc>
<kw name="Wait For Elements State" library="Browser">
<arg>${element}</arg>
<arg>visible</arg>
<arg>timeout=${timeout}</arg>
<tag>PageContent</tag>
<tag>Wait</tag>
<doc>Waits for the element found by ``selector`` to satisfy state option.</doc>
<msg timestamp="20230708 14:46:25.165" level="INFO">Waited for Element with selector (//div[contains(@view,"extras")]//button[contains(text(), "Continue to payment")])[1] at state visible</msg>
<status status="PASS" starttime="20230708 14:46:23.393" endtime="20230708 14:46:25.165"/>
</kw>
<status status="PASS" starttime="20230708 14:46:23.393" endtime="20230708 14:46:25.166"/>
</kw>
<status status="PASS" starttime="20230708 14:46:17.032" endtime="20230708 14:46:25.166"/>
</kw>
<kw name="Click Continue to Payment" library="booking">
<kw name="Click First Element Found" library="common">
<arg>//div[@class='css-1t415z1']//button[@type='button'][normalize-space()='Continue to payment']</arg>
<kw name="Get Elements" library="Browser">
<var>${elements}</var>
<arg>${xpath}</arg>
<tag>Getter</tag>
<tag>PageContent</tag>
<doc>Returns a reference to Playwright [https://playwright.dev/docs/api/class-locator|Locator]
for all matched elements by ``selector``.</doc>
<msg timestamp="20230708 14:46:25.196" level="INFO">Found 1 Locators successfully.</msg>
<msg timestamp="20230708 14:46:25.196" level="INFO">${elements} = ['element=36594db8-b860-4262-8124-f35b6ac25ca0']</msg>
<status status="PASS" starttime="20230708 14:46:25.167" endtime="20230708 14:46:25.196"/>
</kw>
<kw name="Set Variable" library="BuiltIn">
<var>${first_element}</var>
<arg>${elements}[0]</arg>
<doc>Returns the given values which can then be assigned to a variables.</doc>
<msg timestamp="20230708 14:46:25.197" level="INFO">${first_element} = element=36594db8-b860-4262-8124-f35b6ac25ca0</msg>
<status status="PASS" starttime="20230708 14:46:25.197" endtime="20230708 14:46:25.197"/>
</kw>
<kw name="Click" library="Browser">
<arg>${first_element}</arg>
<tag>PageContent</tag>
<tag>Setter</tag>
<doc>Simulates mouse click on the element found by ``selector``.</doc>
<status status="PASS" starttime="20230708 14:46:25.197" endtime="20230708 14:46:25.331"/>
</kw>
<status status="PASS" starttime="20230708 14:46:25.167" endtime="20230708 14:46:25.331"/>
</kw>
<status status="PASS" starttime="20230708 14:46:25.166" endtime="20230708 14:46:25.332"/>
</kw>
<kw name="Check Regular Rate 2" library="booking">
<kw name="Check Regular Rate" library="booking">
<kw name="Click" library="Browser">
<arg>//p[contains(text(),'Continue with regular rate')]</arg>
<tag>PageContent</tag>
<tag>Setter</tag>
<doc>Simulates mouse click on the element found by ``selector``.</doc>
<status status="PASS" starttime="20230708 14:46:25.333" endtime="20230708 14:46:27.677"/>
</kw>
<kw name="Wait Until Visible" library="common">
<arg>//div//*[normalize-space()='Continue with regular rate']/following-sibling::div[@data-checked]</arg>
<doc>An easier keyword for waiting until an element is visible</doc>
<kw name="Wait For Elements State" library="Browser">
<arg>${element}</arg>
<arg>visible</arg>
<arg>timeout=${timeout}</arg>
<tag>PageContent</tag>
<tag>Wait</tag>
<doc>Waits for the element found by ``selector`` to satisfy state option.</doc>
<msg timestamp="20230708 14:46:27.863" level="INFO">Waited for Element with selector //div//*[normalize-space()='Continue with regular rate']/following-sibling::div[@data-checked] at state visible</msg>
<status status="PASS" starttime="20230708 14:46:27.678" endtime="20230708 14:46:27.863"/>
</kw>
<status status="PASS" starttime="20230708 14:46:27.677" endtime="20230708 14:46:27.864"/>
</kw>
<status status="PASS" starttime="20230708 14:46:25.332" endtime="20230708 14:46:27.864"/>
</kw>
<kw name="Check Join as Member" library="booking">
<kw name="Click" library="Browser">
<arg>//p[contains(text(),'Join for free and')]</arg>
<tag>PageContent</tag>
<tag>Setter</tag>
<doc>Simulates mouse click on the element found by ``selector``.</doc>
<status status="PASS" starttime="20230708 14:46:27.865" endtime="20230708 14:46:28.207"/>
</kw>
<kw name="Wait Until Visible" library="common">
<arg>//div//*[normalize-space()='Join for free and get the member rate']/following-sibling::div[@data-checked]</arg>
<doc>An easier keyword for waiting until an element is visible</doc>
<kw name="Wait For Elements State" library="Browser">
<arg>${element}</arg>
<arg>visible</arg>
<arg>timeout=${timeout}</arg>
<tag>PageContent</tag>
<tag>Wait</tag>
<doc>Waits for the element found by ``selector`` to satisfy state option.</doc>
<msg timestamp="20230708 14:46:28.387" level="INFO">Waited for Element with selector //div//*[normalize-space()='Join for free and get the member rate']/following-sibling::div[@data-checked] at state visible</msg>
<status status="PASS" starttime="20230708 14:46:28.208" endtime="20230708 14:46:28.387"/>
</kw>
<status status="PASS" starttime="20230708 14:46:28.207" endtime="20230708 14:46:28.388"/>
</kw>
<status status="PASS" starttime="20230708 14:46:27.864" endtime="20230708 14:46:28.388"/>
</kw>
<kw name="Check Regular Rate" library="booking">
<kw name="Click" library="Browser">
<arg>//p[contains(text(),'Continue with regular rate')]</arg>
<tag>PageContent</tag>
<tag>Setter</tag>
<doc>Simulates mouse click on the element found by ``selector``.</doc>
<status status="PASS" starttime="20230708 14:46:28.389" endtime="20230708 14:46:28.621"/>
</kw>
<kw name="Wait Until Visible" library="common">
<arg>//div//*[normalize-space()='Continue with regular rate']/following-sibling::div[@data-checked]</arg>
<doc>An easier keyword for waiting until an element is visible</doc>
<kw name="Wait For Elements State" library="Browser">
<arg>${element}</arg>
<arg>visible</arg>
<arg>timeout=${timeout}</arg>
<tag>PageContent</tag>
<tag>Wait</tag>
<doc>Waits for the element found by ``selector`` to satisfy state option.</doc>
<msg timestamp="20230708 14:46:28.775" level="INFO">Waited for Element with selector //div//*[normalize-space()='Continue with regular rate']/following-sibling::div[@data-checked] at state visible</msg>
<status status="PASS" starttime="20230708 14:46:28.622" endtime="20230708 14:46:28.775"/>
</kw>
<status status="PASS" starttime="20230708 14:46:28.622" endtime="20230708 14:46:28.776"/>
</kw>
<status status="PASS" starttime="20230708 14:46:28.388" endtime="20230708 14:46:28.776"/>
</kw>
<kw name="Check Join as Member" library="booking">
<kw name="Click" library="Browser">
<arg>//p[contains(text(),'Join for free and')]</arg>
<tag>PageContent</tag>
<tag>Setter</tag>
<doc>Simulates mouse click on the element found by ``selector``.</doc>
<status status="PASS" starttime="20230708 14:46:28.777" endtime="20230708 14:46:29.472"/>
</kw>
<kw name="Wait Until Visible" library="common">
<arg>//div//*[normalize-space()='Join for free and get the member rate']/following-sibling::div[@data-checked]</arg>
<doc>An easier keyword for waiting until an element is visible</doc>
<kw name="Wait For Elements State" library="Browser">
<arg>${element}</arg>
<arg>visible</arg>
<arg>timeout=${timeout}</arg>
<tag>PageContent</tag>
<tag>Wait</tag>
<doc>Waits for the element found by ``selector`` to satisfy state option.</doc>
<msg timestamp="20230708 14:46:29.559" level="INFO">Waited for Element with selector //div//*[normalize-space()='Join for free and get the member rate']/following-sibling::div[@data-checked] at state visible</msg>
<status status="PASS" starttime="20230708 14:46:29.473" endtime="20230708 14:46:29.559"/>
</kw>
<status status="PASS" starttime="20230708 14:46:29.473" endtime="20230708 14:46:29.559"/>
</kw>
<status status="PASS" starttime="20230708 14:46:28.776" endtime="20230708 14:46:29.560"/>
</kw>
<kw name="Check Regular Rate" library="booking">
<kw name="Click" library="Browser">
<arg>//p[contains(text(),'Continue with regular rate')]</arg>
<tag>PageContent</tag>
<tag>Setter</tag>
<doc>Simulates mouse click on the element found by ``selector``.</doc>
<status status="PASS" starttime="20230708 14:46:29.560" endtime="20230708 14:46:29.805"/>
</kw>
<kw name="Wait Until Visible" library="common">
<arg>//div//*[normalize-space()='Continue with regular rate']/following-sibling::div[@data-checked]</arg>
<doc>An easier keyword for waiting until an element is visible</doc>
<kw name="Wait For Elements State" library="Browser">
<arg>${element}</arg>
<arg>visible</arg>
<arg>timeout=${timeout}</arg>
<tag>PageContent</tag>
<tag>Wait</tag>
<doc>Waits for the element found by ``selector`` to satisfy state option.</doc>
<msg timestamp="20230708 14:46:29.909" level="INFO">Waited for Element with selector //div//*[normalize-space()='Continue with regular rate']/following-sibling::div[@data-checked] at state visible</msg>
<status status="PASS" starttime="20230708 14:46:29.806" endtime="20230708 14:46:29.910"/>
</kw>
<status status="PASS" starttime="20230708 14:46:29.806" endtime="20230708 14:46:29.910"/>
</kw>
<status status="PASS" starttime="20230708 14:46:29.560" endtime="20230708 14:46:29.910"/>
</kw>
<status status="PASS" starttime="20230708 14:46:25.332" endtime="20230708 14:46:29.911"/>
</kw>
<kw name="Fill in Contact Information" library="booking">
<doc>Fills in Contact information that can be given as arguments or use default values
Uses a password if the environment is bui and</doc>
<kw name="Create Email and Return Inbox" library="common">
<var>${inbox}</var>
<doc>Creates a new email address and returns the inbox object</doc>
<kw name="Create new Inbox" library="MailSlurp">
<var>${inbox}</var>
<msg timestamp="20230708 14:46:30.267" level="FAIL">TypeError: expected string or bytes-like object</msg>
<status status="FAIL" starttime="20230708 14:46:29.912" endtime="20230708 14:46:30.267"/>
</kw>
<status status="FAIL" starttime="20230708 14:46:29.911" endtime="20230708 14:46:30.269"/>
</kw>
<kw name="Click and Fill" library="common">
<arg>id=firstName</arg>
<arg>${firstName}</arg>
<doc>A keyword combination of Click and Fill Text since most of the form fields need a click</doc>
<status status="NOT RUN" starttime="20230708 14:46:30.270" endtime="20230708 14:46:30.270"/>
</kw>
<kw name="Click and Fill" library="common">
<arg>id=lastName</arg>
<arg>${lastName}</arg>
<doc>A keyword combination of Click and Fill Text since most of the form fields need a click</doc>
<status status="NOT RUN" starttime="20230708 14:46:30.271" endtime="20230708 14:46:30.271"/>
</kw>
<kw name="Click and Fill" library="common">
<arg>id=email</arg>
<arg>${inbox.email_address}</arg>
<doc>A keyword combination of Click and Fill Text since most of the form fields need a click</doc>
<status status="NOT RUN" starttime="20230708 14:46:30.271" endtime="20230708 14:46:30.271"/>
</kw>
<kw name="Click and Fill" library="common">
<arg>id=phoneNumber</arg>
<arg>${phone}</arg>
<doc>A keyword combination of Click and Fill Text since most of the form fields need a click</doc>
<status status="NOT RUN" starttime="20230708 14:46:30.272" endtime="20230708 14:46:30.272"/>
</kw>
<kw name="Log To Console" library="BuiltIn">
<arg>${inbox.id}</arg>
<doc>Logs the given message to the console.</doc>
<status status="NOT RUN" starttime="20230708 14:46:30.272" endtime="20230708 14:46:30.272"/>
</kw>
<kw name="Set Suite Variable" library="BuiltIn">
<arg>$ID</arg>
<arg>${inbox.id}</arg>
<doc>Makes a variable available everywhere within the scope of the current suite.</doc>
<status status="NOT RUN" starttime="20230708 14:46:30.272" endtime="20230708 14:46:30.273"/>
</kw>
<kw name="Get Element Count" library="Browser">
<var>${passwordVisible}</var>
<arg>id=password</arg>
<tag>Assertion</tag>
<tag>Getter</tag>
<tag>PageContent</tag>
<doc>Returns the count of elements found with ``selector``.</doc>
<status status="NOT RUN" starttime="20230708 14:46:30.273" endtime="20230708 14:46:30.273"/>
</kw>
<if>
<branch type="IF" condition="'${env}'=='bui' and '${passwordVisible}'&gt;'0'">
<kw name="Click and Fill" library="common">
<arg>id=password</arg>
<arg>${password}</arg>
<doc>A keyword combination of Click and Fill Text since most of the form fields need a click</doc>
<status status="NOT RUN" starttime="20230708 14:46:30.273" endtime="20230708 14:46:30.273"/>
</kw>
<status status="NOT RUN" starttime="20230708 14:46:30.273" endtime="20230708 14:46:30.273"/>
</branch>
<branch type="ELSE">
<kw name="Log To Console" library="BuiltIn">
<arg>No password filled</arg>
<doc>Logs the given message to the console.</doc>
<status status="NOT RUN" starttime="20230708 14:46:30.274" endtime="20230708 14:46:30.274"/>
</kw>
<status status="NOT RUN" starttime="20230708 14:46:30.274" endtime="20230708 14:46:30.274"/>
</branch>
<status status="NOT RUN" starttime="20230708 14:46:30.273" endtime="20230708 14:46:30.274"/>
</if>
<status status="FAIL" starttime="20230708 14:46:29.911" endtime="20230708 14:46:30.275"/>
</kw>
<kw name="Accept offers and Terms" library="booking">
<status status="NOT RUN" starttime="20230708 14:46:30.275" endtime="20230708 14:46:30.275"/>
</kw>
<kw name="Select Web Bank and Nordea as Payment Method" library="booking">
<status status="NOT RUN" starttime="20230708 14:46:30.275" endtime="20230708 14:46:30.275"/>
</kw>
<kw name="Complete Payment Successfully" library="booking">
<status status="NOT RUN" starttime="20230708 14:46:30.275" endtime="20230708 14:46:30.276"/>
</kw>
<kw name="Click Check In Button" library="booking">
<status status="NOT RUN" starttime="20230708 14:46:30.276" endtime="20230708 14:46:30.276"/>
</kw>
<kw name="Click Someone else checkbox" library="booking">
<status status="NOT RUN" starttime="20230708 14:46:30.276" endtime="20230708 14:46:30.276"/>
</kw>
<kw name="Fill In Booker info" library="booking">
<status status="NOT RUN" starttime="20230708 14:46:30.276" endtime="20230708 14:46:30.276"/>
</kw>
<kw name="Click Save and invite" library="booking">
<status status="NOT RUN" starttime="20230708 14:46:30.276" endtime="20230708 14:46:30.276"/>
</kw>
<kw name="Wait for invite guest page" library="booking">
<arg>${True}</arg>
<status status="NOT RUN" starttime="20230708 14:46:30.277" endtime="20230708 14:46:30.277"/>
</kw>
<kw name="Fill Invite guest info and click invite button" library="booking">
<status status="NOT RUN" starttime="20230708 14:46:30.277" endtime="20230708 14:46:30.277"/>
</kw>
<kw name="Wait for invite guest page" library="booking">
<arg>${False}</arg>
<status status="NOT RUN" starttime="20230708 14:46:30.277" endtime="20230708 14:46:30.277"/>
</kw>
<kw name="Open Edit booker info" library="booking">
<status status="NOT RUN" starttime="20230708 14:46:30.277" endtime="20230708 14:46:30.278"/>
</kw>
<kw name="Verify All information is disbled" library="booking">
<status status="NOT RUN" starttime="20230708 14:46:30.278" endtime="20230708 14:46:30.278"/>
</kw>
<kw name="Check Add organization check box" library="booking">
<status status="NOT RUN" starttime="20230708 14:46:30.278" endtime="20230708 14:46:30.278"/>
</kw>
<kw name="Fill organization info" library="booking">
<status status="NOT RUN" starttime="20230708 14:46:30.278" endtime="20230708 14:46:30.278"/>
</kw>
<kw name="Verify all information are save" library="booking">
<status status="NOT RUN" starttime="20230708 14:46:30.278" endtime="20230708 14:46:30.278"/>
</kw>
<kw name="Close Browser" library="Browser" type="TEARDOWN">
<tag>BrowserControl</tag>
<tag>Setter</tag>
<doc>Closes the current browser.</doc>
<msg timestamp="20230708 14:46:30.939" level="INFO">Closed browser</msg>
<status status="PASS" starttime="20230708 14:46:30.279" endtime="20230708 14:46:30.939"/>
</kw>
<status status="FAIL" starttime="20230708 14:46:06.617" endtime="20230708 14:46:30.940">TypeError: expected string or bytes-like object</status>
</test>
<test id="s1-s1-s1-s1-s2-t2" name="Validation shows msg for fields marked" line="37">
<kw name="Open Browser to Landing Page" library="common" type="SETUP">
<doc>A general startup keyword for opening a browser to the landing page.</doc>
<kw name="Open New Browser To URL" library="common">
<arg>${url}</arg>
<kw name="New Browser" library="Browser">
<arg>${browser}</arg>
<arg>${headless}</arg>
<arg>timeout=${timeout}</arg>
<tag>BrowserControl</tag>
<tag>Setter</tag>
<doc>Create a new playwright Browser with specified options.</doc>
<msg timestamp="20230708 14:46:30.946" level="INFO">{"browser": "firefox", "headless": true, "devtools": false, "handleSIGHUP": true, "handleSIGINT": true, "handleSIGTERM": true, "slowMo": 0.0, "timeout": 90000.0, "deprecated_pos_args": [], "tracesDir": "/home/runner/work/nelson-test-automation/nelson-test-automation/reports/test4/browser/traces/26d0ef41-f442-41fa-a5c6-6cabed6871a0"}</msg>
<msg timestamp="20230708 14:46:31.614" level="INFO">Successfully created browser with options: {"browser":"firefox","headless":true,"devtools":false,"handleSIGHUP":true,"handleSIGINT":true,"handleSIGTERM":true,"slowMo":0,"timeout":90000,"deprecated_pos_args":[],"tracesDir":"/home/runner/work/nelson-test-automation/nelson-test-automation/reports/test4/browser/traces/26d0ef41-f442-41fa-a5c6-6cabed6871a0"}</msg>
<status status="PASS" starttime="20230708 14:46:30.945" endtime="20230708 14:46:31.614"/>
</kw>
<kw name="Set Browser Timeout" library="Browser">
<arg>${timeout}</arg>
<tag>Config</tag>
<tag>Setter</tag>
<doc>Sets the timeout used by most input and getter keywords.</doc>
<status status="PASS" starttime="20230708 14:46:31.615" endtime="20230708 14:46:31.615"/>
</kw>
<kw name="New Context" library="Browser">
<tag>BrowserControl</tag>
<tag>Setter</tag>
<doc>Create a new BrowserContext with specified options.</doc>
<msg timestamp="20230708 14:46:31.616" level="INFO">{
  "acceptDownloads": true,
  "bypassCSP": false,
  "forcedColors": "none",
  "hideRfBrowser": false,
  "ignoreHTTPSErrors": false,
  "javaScriptEnabled": true,
  "offline": false,
  "reducedMotion": "no-preference",
  "viewport": {
    "height": 720,
    "width": 1280
  },
  "deprecated_pos_args": []
}</msg>
<msg timestamp="20230708 14:46:31.690" level="INFO">Successfully created context. </msg>
<msg timestamp="20230708 14:46:31.690" level="INFO">{'acceptDownloads': True, 'bypassCSP': False, 'forcedColors': 'none', 'hideRfBrowser': False, 'ignoreHTTPSErrors': False, 'javaScriptEnabled': True, 'offline': False, 'reducedMotion': 'no-preference', 'viewport': {'height': 720, 'width': 1280}, 'deprecated_pos_args': []}</msg>
<status status="PASS" starttime="20230708 14:46:31.616" endtime="20230708 14:46:31.690"/>
</kw>
<kw name="New Page" library="Browser">
<arg>${url}</arg>
<tag>BrowserControl</tag>
<tag>Setter</tag>
<doc>Open a new Page.</doc>
<msg timestamp="20230708 14:46:34.208" level="INFO">Successfully initialized new page object and opened url: https://test4.omenahotels.com/</msg>
<status status="PASS" starttime="20230708 14:46:31.691" endtime="20230708 14:46:34.208"/>
</kw>
<status status="PASS" starttime="20230708 14:46:30.944" endtime="20230708 14:46:34.209"/>
</kw>
<kw name="Wait Until Network Is Idle" library="Browser">
<tag>HTTP</tag>
<tag>Wait</tag>
<doc>Waits until there has been at least one instance of 500 ms of no network traffic on the page after loading.</doc>
<status status="PASS" starttime="20230708 14:46:34.209" endtime="20230708 14:46:35.678"/>
</kw>
<kw name="Allow Cookies" library="common">
<doc>Allow Cookies/Toggle Cookie allowance</doc>
<kw name="Is Element Found" library="common">
<var>${cookieModalVisible}</var>
<arg>id=CybotCookiebotDialogBodyLevelButtonLevelOptinAllowAll</arg>
<doc>A keyword that has a very complex way of figuring out whether an
element is found or not because I had trouble with the built-in keywords
Can be solved differently if you have a better idea</doc>
<kw name="Set Browser Timeout" library="Browser">
<arg>10s</arg>
<tag>Config</tag>
<tag>Setter</tag>
<doc>Sets the timeout used by most input and getter keywords.</doc>
<msg timestamp="20230708 14:46:35.683" level="INFO">Set timeout to: 10000</msg>
<status status="PASS" starttime="20230708 14:46:35.680" endtime="20230708 14:46:35.684"/>
</kw>
<try>
<branch type="TRY">
<kw name="Get Elements" library="Browser">
<var>${els}</var>
<arg>${selector}</arg>
<tag>Getter</tag>
<tag>PageContent</tag>
<doc>Returns a reference to Playwright [https://playwright.dev/docs/api/class-locator|Locator]
for all matched elements by ``selector``.</doc>
<msg timestamp="20230708 14:46:35.734" level="INFO">Found 1 Locators successfully.</msg>
<msg timestamp="20230708 14:46:35.734" level="INFO">${els} = ['element=9ac22680-260d-4513-872a-2caccb0995bd']</msg>
<status status="PASS" starttime="20230708 14:46:35.684" endtime="20230708 14:46:35.734"/>
</kw>
<kw name="Get Length" library="BuiltIn">
<var>${count}</var>
<arg>${els}</arg>
<doc>Returns and logs the length of the given item as an integer.</doc>
<msg timestamp="20230708 14:46:35.735" level="INFO">Length is 1</msg>
<msg timestamp="20230708 14:46:35.735" level="INFO">${count} = 1</msg>
<status status="PASS" starttime="20230708 14:46:35.734" endtime="20230708 14:46:35.735"/>
</kw>
<if>
<branch type="IF" condition="${count} &gt; 0">
<kw name="Set Variable" library="BuiltIn">
<var>${visible}</var>
<arg>True</arg>
<doc>Returns the given values which can then be assigned to a variables.</doc>
<msg timestamp="20230708 14:46:35.736" level="INFO">${visible} = True</msg>
<status status="PASS" starttime="20230708 14:46:35.735" endtime="20230708 14:46:35.736"/>
</kw>
<status status="PASS" starttime="20230708 14:46:35.735" endtime="20230708 14:46:35.736"/>
</branch>
<branch type="ELSE">
<kw name="Set Variable" library="BuiltIn">
<var>${visible}</var>
<arg>False</arg>
<doc>Returns the given values which can then be assigned to a variables.</doc>
<status status="NOT RUN" starttime="20230708 14:46:35.736" endtime="20230708 14:46:35.736"/>
</kw>
<status status="NOT RUN" starttime="20230708 14:46:35.736" endtime="20230708 14:46:35.736"/>
</branch>
<status status="PASS" starttime="20230708 14:46:35.735" endtime="20230708 14:46:35.736"/>
</if>
<status status="PASS" starttime="20230708 14:46:35.684" endtime="20230708 14:46:35.736"/>
</branch>
<branch type="EXCEPT">
<kw name="Set Variable" library="BuiltIn">
<var>${visible}</var>
<arg>False</arg>
<doc>Returns the given values which can then be assigned to a variables.</doc>
<status status="NOT RUN" starttime="20230708 14:46:35.737" endtime="20230708 14:46:35.737"/>
</kw>
<status status="NOT RUN" starttime="20230708 14:46:35.737" endtime="20230708 14:46:35.737"/>
</branch>
<status status="PASS" starttime="20230708 14:46:35.684" endtime="20230708 14:46:35.737"/>
</try>
<kw name="Set Browser Timeout" library="Browser">
<arg>${timeout}</arg>
<tag>Config</tag>
<tag>Setter</tag>
<doc>Sets the timeout used by most input and getter keywords.</doc>
<msg timestamp="20230708 14:46:35.742" level="INFO">Set timeout to: 90000</msg>
<status status="PASS" starttime="20230708 14:46:35.737" endtime="20230708 14:46:35.742"/>
</kw>
<msg timestamp="20230708 14:46:35.743" level="INFO">${cookieModalVisible} = True</msg>
<status status="PASS" starttime="20230708 14:46:35.679" endtime="20230708 14:46:35.743"/>
</kw>
<if>
<branch type="IF" condition="${cookieModalVisible}">
<kw name="Click" library="Browser">
<arg>id=CybotCookiebotDialogBodyLevelButtonLevelOptinAllowAll</arg>
<tag>PageContent</tag>
<tag>Setter</tag>
<doc>Simulates mouse click on the element found by ``selector``.</doc>
<status status="PASS" starttime="20230708 14:46:35.743" endtime="20230708 14:46:35.831"/>
</kw>
<status status="PASS" starttime="20230708 14:46:35.743" endtime="20230708 14:46:35.832"/>
</branch>
<branch type="ELSE">
<kw name="Log" library="BuiltIn">
<arg>No Cookie Modal Visible</arg>
<doc>Logs the given message with the given level.</doc>
<status status="NOT RUN" starttime="20230708 14:46:35.832" endtime="20230708 14:46:35.832"/>
</kw>
<status status="NOT RUN" starttime="20230708 14:46:35.832" endtime="20230708 14:46:35.832"/>
</branch>
<status status="PASS" starttime="20230708 14:46:35.743" endtime="20230708 14:46:35.832"/>
</if>
<status status="PASS" starttime="20230708 14:46:35.678" endtime="20230708 14:46:35.833"/>
</kw>
<kw name="Set Environment" library="common">
<kw name="Get Url" library="Browser">
<var>${currentUrl}</var>
<tag>Assertion</tag>
<tag>Getter</tag>
<tag>PageContent</tag>
<doc>Returns the current URL.</doc>
<msg timestamp="20230708 14:46:35.839" level="INFO">${currentUrl} = https://test4.omenahotels.com/en/</msg>
<status status="PASS" starttime="20230708 14:46:35.833" endtime="20230708 14:46:35.839"/>
</kw>
<kw name="Get Environment From Url" library="Helpers">
<var>${env}</var>
<arg>${currentUrl}</arg>
<msg timestamp="20230708 14:46:35.840" level="INFO">${env} = test-omena</msg>
<status status="PASS" starttime="20230708 14:46:35.839" endtime="20230708 14:46:35.840"/>
</kw>
<kw name="Set Variable" library="BuiltIn">
<arg>${environment}</arg>
<arg>${env}</arg>
<doc>Returns the given values which can then be assigned to a variables.</doc>
<status status="PASS" starttime="20230708 14:46:35.840" endtime="20230708 14:46:35.841"/>
</kw>
<status status="PASS" starttime="20230708 14:46:35.833" endtime="20230708 14:46:35.841"/>
</kw>
<status status="PASS" starttime="20230708 14:46:30.944" endtime="20230708 14:46:35.841"/>
</kw>
<kw name="Select Hotel" library="booking">
<arg>Helsinki, Lönnrotinkatu</arg>
<doc>Select Hotel by using a number as an argument, default Lönnrotinkatu</doc>
<if>
<branch type="IF" condition="&quot;${environment}&quot; == &quot;test-exhibition&quot;">
<kw name="Log" library="BuiltIn">
<arg>No hotel to be selected</arg>
<doc>Logs the given message with the given level.</doc>
<status status="NOT RUN" starttime="20230708 14:46:35.842" endtime="20230708 14:46:35.843"/>
</kw>
<status status="NOT RUN" starttime="20230708 14:46:35.842" endtime="20230708 14:46:35.843"/>
</branch>
<branch type="ELSE">
<kw name="Log" library="BuiltIn">
<arg>Selecting Hotel: ${hotel}</arg>
<doc>Logs the given message with the given level.</doc>
<msg timestamp="20230708 14:46:35.843" level="INFO">Selecting Hotel: Helsinki, Lönnrotinkatu</msg>
<status status="PASS" starttime="20230708 14:46:35.843" endtime="20230708 14:46:35.843"/>
</kw>
<kw name="Click" library="Browser">
<arg>//div[contains(@data-nelson-btn, "hotels")]</arg>
<tag>PageContent</tag>
<tag>Setter</tag>
<doc>Simulates mouse click on the element found by ``selector``.</doc>
<status status="PASS" starttime="20230708 14:46:35.843" endtime="20230708 14:46:36.041"/>
</kw>
<kw name="Wait Until Visible" library="common">
<arg>//a[contains(@class, 'dropdown-item') and contains(text(), '${hotel}')]</arg>
<doc>An easier keyword for waiting until an element is visible</doc>
<kw name="Wait For Elements State" library="Browser">
<arg>${element}</arg>
<arg>visible</arg>
<arg>timeout=${timeout}</arg>
<tag>PageContent</tag>
<tag>Wait</tag>
<doc>Waits for the element found by ``selector`` to satisfy state option.</doc>
<msg timestamp="20230708 14:46:36.079" level="INFO">Waited for Element with selector //a[contains(@class, 'dropdown-item') and contains(text(), 'Helsinki, Lönnrotinkatu')] at state visible</msg>
<status status="PASS" starttime="20230708 14:46:36.042" endtime="20230708 14:46:36.079"/>
</kw>
<status status="PASS" starttime="20230708 14:46:36.041" endtime="20230708 14:46:36.079"/>
</kw>
<kw name="Click" library="Browser">
<arg>//a[contains(@class, 'dropdown-item') and contains(text(), '${hotel}')]</arg>
<tag>PageContent</tag>
<tag>Setter</tag>
<doc>Simulates mouse click on the element found by ``selector``.</doc>
<status status="PASS" starttime="20230708 14:46:36.080" endtime="20230708 14:46:36.279"/>
</kw>
<kw name="Wait For Elements State" library="Browser">
<arg>//a[contains(@class, 'dropdown-item') and contains(text(), '${hotel}')]</arg>
<arg>hidden</arg>
<arg>timeout=3s</arg>
<tag>PageContent</tag>
<tag>Wait</tag>
<doc>Waits for the element found by ``selector`` to satisfy state option.</doc>
<msg timestamp="20230708 14:46:36.449" level="INFO">Waited for Element with selector //a[contains(@class, 'dropdown-item') and contains(text(), 'Helsinki, Lönnrotinkatu')] at state hidden</msg>
<status status="PASS" starttime="20230708 14:46:36.280" endtime="20230708 14:46:36.450"/>
</kw>
<status status="PASS" starttime="20230708 14:46:35.843" endtime="20230708 14:46:36.450"/>
</branch>
<status status="PASS" starttime="20230708 14:46:35.842" endtime="20230708 14:46:36.450"/>
</if>
<status status="PASS" starttime="20230708 14:46:35.842" endtime="20230708 14:46:36.450"/>
</kw>
<kw name="Select Dates" library="booking">
<kw name="Log" library="BuiltIn">
<arg>Skipping date selection for now</arg>
<doc>Logs the given message with the given level.</doc>
<msg timestamp="20230708 14:46:36.451" level="INFO">Skipping date selection for now</msg>
<status status="PASS" starttime="20230708 14:46:36.451" endtime="20230708 14:46:36.451"/>
</kw>
<status status="PASS" starttime="20230708 14:46:36.451" endtime="20230708 14:46:36.452"/>
</kw>
<kw name="Select Guests" library="booking">
<doc>Selects the number of guests for the booking, current implementation will only check the dropdown</doc>
<kw name="Log To Console" library="BuiltIn">
<arg>Not yet implemented</arg>
<doc>Logs the given message to the console.</doc>
<status status="PASS" starttime="20230708 14:46:36.452" endtime="20230708 14:46:36.453"/>
</kw>
<status status="PASS" starttime="20230708 14:46:36.452" endtime="20230708 14:46:36.453"/>
</kw>
<kw name="Click Book Button" library="booking">
<kw name="Click" library="Browser">
<arg>//div[@data-nelson-btn='book']</arg>
<tag>PageContent</tag>
<tag>Setter</tag>
<doc>Simulates mouse click on the element found by ``selector``.</doc>
<status status="PASS" starttime="20230708 14:46:36.454" endtime="20230708 14:46:37.055"/>
</kw>
<status status="PASS" starttime="20230708 14:46:36.453" endtime="20230708 14:46:37.055"/>
</kw>
<kw name="Select a Standard Room" library="booking">
<kw name="Wait Until Visible" library="common">
<arg>${btnExtras}</arg>
<doc>An easier keyword for waiting until an element is visible</doc>
<kw name="Wait For Elements State" library="Browser">
<arg>${element}</arg>
<arg>visible</arg>
<arg>timeout=${timeout}</arg>
<tag>PageContent</tag>
<tag>Wait</tag>
<doc>Waits for the element found by ``selector`` to satisfy state option.</doc>
<msg timestamp="20230708 14:46:40.854" level="INFO">Waited for Element with selector (//div[contains(@view,"booking")]//button[contains(text(), "Continue to extras")])[1] at state visible</msg>
<status status="PASS" starttime="20230708 14:46:37.058" endtime="20230708 14:46:40.854"/>
</kw>
<status status="PASS" starttime="20230708 14:46:37.056" endtime="20230708 14:46:40.855"/>
</kw>
<kw name="Get Element States" library="Browser">
<var>${visible}</var>
<arg>//div[contains(text(), 'Select room')]</arg>
<arg>then</arg>
<arg>bool(value &amp; visible)</arg>
<tag>Assertion</tag>
<tag>Getter</tag>
<tag>PageContent</tag>
<doc>Get the active states from the element found by ``selector``.</doc>
<msg timestamp="20230708 14:46:41.110" level="INFO">${visible} = False</msg>
<status status="PASS" starttime="20230708 14:46:40.855" endtime="20230708 14:46:41.110"/>
</kw>
<kw name="Run Keyword If" library="BuiltIn">
<arg>${visible}</arg>
<arg>Select Standard and Remove Other Room Selection</arg>
<doc>Runs the given keyword with the given arguments, if ``condition`` is true.</doc>
<status status="PASS" starttime="20230708 14:46:41.110" endtime="20230708 14:46:41.111"/>
</kw>
<status status="PASS" starttime="20230708 14:46:37.055" endtime="20230708 14:46:41.111"/>
</kw>
<kw name="Click Continue to Extras Button" library="booking">
<doc>Clicks the continue to extras button</doc>
<kw name="Click" library="Browser">
<arg>${btnExtras}</arg>
<tag>PageContent</tag>
<tag>Setter</tag>
<doc>Simulates mouse click on the element found by ``selector``.</doc>
<status status="PASS" starttime="20230708 14:46:41.112" endtime="20230708 14:46:46.988"/>
</kw>
<kw name="Wait Until Visible" library="common">
<arg>${btnPayment}</arg>
<doc>An easier keyword for waiting until an element is visible</doc>
<kw name="Wait For Elements State" library="Browser">
<arg>${element}</arg>
<arg>visible</arg>
<arg>timeout=${timeout}</arg>
<tag>PageContent</tag>
<tag>Wait</tag>
<doc>Waits for the element found by ``selector`` to satisfy state option.</doc>
<msg timestamp="20230708 14:46:48.088" level="INFO">Waited for Element with selector (//div[contains(@view,"extras")]//button[contains(text(), "Continue to payment")])[1] at state visible</msg>
<status status="PASS" starttime="20230708 14:46:46.989" endtime="20230708 14:46:48.089"/>
</kw>
<status status="PASS" starttime="20230708 14:46:46.988" endtime="20230708 14:46:48.089"/>
</kw>
<status status="PASS" starttime="20230708 14:46:41.111" endtime="20230708 14:46:48.089"/>
</kw>
<kw name="Click Continue to Payment" library="booking">
<kw name="Click First Element Found" library="common">
<arg>//div[@class='css-1t415z1']//button[@type='button'][normalize-space()='Continue to payment']</arg>
<kw name="Get Elements" library="Browser">
<var>${elements}</var>
<arg>${xpath}</arg>
<tag>Getter</tag>
<tag>PageContent</tag>
<doc>Returns a reference to Playwright [https://playwright.dev/docs/api/class-locator|Locator]
for all matched elements by ``selector``.</doc>
<msg timestamp="20230708 14:46:48.125" level="INFO">Found 1 Locators successfully.</msg>
<msg timestamp="20230708 14:46:48.125" level="INFO">${elements} = ['element=b09e5615-af40-4944-af5c-dee47e2fead2']</msg>
<status status="PASS" starttime="20230708 14:46:48.091" endtime="20230708 14:46:48.125"/>
</kw>
<kw name="Set Variable" library="BuiltIn">
<var>${first_element}</var>
<arg>${elements}[0]</arg>
<doc>Returns the given values which can then be assigned to a variables.</doc>
<msg timestamp="20230708 14:46:48.126" level="INFO">${first_element} = element=b09e5615-af40-4944-af5c-dee47e2fead2</msg>
<status status="PASS" starttime="20230708 14:46:48.126" endtime="20230708 14:46:48.126"/>
</kw>
<kw name="Click" library="Browser">
<arg>${first_element}</arg>
<tag>PageContent</tag>
<tag>Setter</tag>
<doc>Simulates mouse click on the element found by ``selector``.</doc>
<status status="PASS" starttime="20230708 14:46:48.126" endtime="20230708 14:46:48.395"/>
</kw>
<status status="PASS" starttime="20230708 14:46:48.090" endtime="20230708 14:46:48.395"/>
</kw>
<status status="PASS" starttime="20230708 14:46:48.090" endtime="20230708 14:46:48.395"/>
</kw>
<kw name="Check Regular Rate 2" library="booking">
<kw name="Check Regular Rate" library="booking">
<kw name="Click" library="Browser">
<arg>//p[contains(text(),'Continue with regular rate')]</arg>
<tag>PageContent</tag>
<tag>Setter</tag>
<doc>Simulates mouse click on the element found by ``selector``.</doc>
<status status="PASS" starttime="20230708 14:46:48.396" endtime="20230708 14:46:50.483"/>
</kw>
<kw name="Wait Until Visible" library="common">
<arg>//div//*[normalize-space()='Continue with regular rate']/following-sibling::div[@data-checked]</arg>
<doc>An easier keyword for waiting until an element is visible</doc>
<kw name="Wait For Elements State" library="Browser">
<arg>${element}</arg>
<arg>visible</arg>
<arg>timeout=${timeout}</arg>
<tag>PageContent</tag>
<tag>Wait</tag>
<doc>Waits for the element found by ``selector`` to satisfy state option.</doc>
<msg timestamp="20230708 14:46:50.567" level="INFO">Waited for Element with selector //div//*[normalize-space()='Continue with regular rate']/following-sibling::div[@data-checked] at state visible</msg>
<status status="PASS" starttime="20230708 14:46:50.484" endtime="20230708 14:46:50.568"/>
</kw>
<status status="PASS" starttime="20230708 14:46:50.484" endtime="20230708 14:46:50.568"/>
</kw>
<status status="PASS" starttime="20230708 14:46:48.396" endtime="20230708 14:46:50.568"/>
</kw>
<kw name="Check Join as Member" library="booking">
<kw name="Click" library="Browser">
<arg>//p[contains(text(),'Join for free and')]</arg>
<tag>PageContent</tag>
<tag>Setter</tag>
<doc>Simulates mouse click on the element found by ``selector``.</doc>
<status status="PASS" starttime="20230708 14:46:50.569" endtime="20230708 14:46:50.924"/>
</kw>
<kw name="Wait Until Visible" library="common">
<arg>//div//*[normalize-space()='Join for free and get the member rate']/following-sibling::div[@data-checked]</arg>
<doc>An easier keyword for waiting until an element is visible</doc>
<kw name="Wait For Elements State" library="Browser">
<arg>${element}</arg>
<arg>visible</arg>
<arg>timeout=${timeout}</arg>
<tag>PageContent</tag>
<tag>Wait</tag>
<doc>Waits for the element found by ``selector`` to satisfy state option.</doc>
<msg timestamp="20230708 14:46:50.945" level="INFO">Waited for Element with selector //div//*[normalize-space()='Join for free and get the member rate']/following-sibling::div[@data-checked] at state visible</msg>
<status status="PASS" starttime="20230708 14:46:50.925" endtime="20230708 14:46:50.945"/>
</kw>
<status status="PASS" starttime="20230708 14:46:50.924" endtime="20230708 14:46:50.946"/>
</kw>
<status status="PASS" starttime="20230708 14:46:50.569" endtime="20230708 14:46:50.946"/>
</kw>
<kw name="Check Regular Rate" library="booking">
[...]
<msg timestamp="20230708 14:49:30.746" level="INFO">Successfully created browser with options: {"browser":"firefox","headless":true,"devtools":false,"handleSIGHUP":true,"handleSIGINT":true,"handleSIGTERM":true,"slowMo":0,"timeout":30000,"deprecated_pos_args":[],"tracesDir":"/home/runner/work/nelson-test-automation/nelson-test-automation/reports/test4/browser/traces/a18b4085-970e-4030-8af5-cec6dbbd7df6"}</msg>
<status status="PASS" starttime="20230708 14:49:30.067" endtime="20230708 14:49:30.747"/>
</kw>
<kw name="Set Browser Timeout" library="Browser">
<arg>${timeout}</arg>
<tag>Config</tag>
<tag>Setter</tag>
<doc>Sets the timeout used by most input and getter keywords.</doc>
<msg timestamp="20230708 14:49:30.750" level="INFO">No context open.</msg>
<status status="PASS" starttime="20230708 14:49:30.747" endtime="20230708 14:49:30.750"/>
</kw>
<kw name="New Context" library="Browser">
<tag>BrowserControl</tag>
<tag>Setter</tag>
<doc>Create a new BrowserContext with specified options.</doc>
<msg timestamp="20230708 14:49:30.751" level="INFO">{
  "acceptDownloads": true,
  "bypassCSP": false,
  "forcedColors": "none",
  "hideRfBrowser": false,
  "ignoreHTTPSErrors": false,
  "javaScriptEnabled": true,
  "offline": false,
  "reducedMotion": "no-preference",
  "viewport": {
    "height": 720,
    "width": 1280
  },
  "deprecated_pos_args": []
}</msg>
<msg timestamp="20230708 14:49:30.810" level="INFO">Successfully created context. </msg>
<msg timestamp="20230708 14:49:30.810" level="INFO">{'acceptDownloads': True, 'bypassCSP': False, 'forcedColors': 'none', 'hideRfBrowser': False, 'ignoreHTTPSErrors': False, 'javaScriptEnabled': True, 'offline': False, 'reducedMotion': 'no-preference', 'viewport': {'height': 720, 'width': 1280}, 'deprecated_pos_args': []}</msg>
<status status="PASS" starttime="20230708 14:49:30.750" endtime="20230708 14:49:30.810"/>
</kw>
<kw name="New Page" library="Browser">
<arg>${MUI_URL}</arg>
<tag>BrowserControl</tag>
<tag>Setter</tag>
<doc>Open a new Page.</doc>
<msg timestamp="20230708 14:49:31.575" level="WARN">Keyword 'Take Screenshot  fail-screenshot-{index}' could not be run on failure:
Error: Tried to take screenshot, but no page was open.</msg>
<msg timestamp="20230708 14:49:31.575" level="INFO">See also file:///home/runner/work/nelson-test-automation/nelson-test-automation/reports/test4/playwright-log.txt for additional details.</msg>
<msg timestamp="20230708 14:49:31.576" level="FAIL">Error: page.goto: Protocol error (Page.navigate): Invalid url: "$MUI_URL" Page.navigate@chrome://juggler/content/protocol/PageHandler.js:386:13
dispatch@chrome://juggler/content/protocol/Dispatcher.js:132:39
_dispatch@chrome://juggler/content/protocol/Dispatcher.js:69:36
receiveMessage@chrome://juggler/content/components/Juggler.js:118:20

=========================== logs ===========================
navigating to "$MUI_URL", waiting until "load"
============================================================</msg>
<status status="FAIL" starttime="20230708 14:49:30.810" endtime="20230708 14:49:31.576"/>
</kw>
<status status="FAIL" starttime="20230708 14:49:30.066" endtime="20230708 14:49:31.577"/>
</kw>
<kw name="Log in to Nelson Portal" library="mui">
<status status="NOT RUN" starttime="20230708 14:49:31.577" endtime="20230708 14:49:31.577"/>
</kw>
<kw name="Select Environment" library="mui">
<arg>${environment}</arg>
<status status="NOT RUN" starttime="20230708 14:49:31.577" endtime="20230708 14:49:31.578"/>
</kw>
<status status="FAIL" starttime="20230708 14:49:30.066" endtime="20230708 14:49:31.578"/>
</kw>
<test id="s1-s2-s2-s1-t1" name="Filter Check in incomplete and open reservation" line="12">
<doc>Test case verifying the functionality of the Check in incomplete filter
when it's toggled on</doc>
<status status="FAIL" starttime="20230708 14:49:31.578" endtime="20230708 14:49:31.584">Parent suite setup failed:
Error: page.goto: Protocol error (Page.navigate): Invalid url: "$MUI_URL" Page.navigate@chrome://juggler/content/protocol/PageHandler.js:386:13
dispatch@chrome://juggler/content/protocol/Dispatcher.js:132:39
_dispatch@chrome://juggler/content/protocol/Dispatcher.js:69:36
receiveMessage@chrome://juggler/content/components/Juggler.js:118:20

=========================== logs ===========================
navigating to "$MUI_URL", waiting until "load"
============================================================</status>
</test>
<test id="s1-s2-s2-s1-t2" name="Remove filter and open a reservation" line="23">
<doc>Test case verifying the functionality of the Check in incomplete filter
when it's toggled off</doc>
<status status="FAIL" starttime="20230708 14:49:31.602" endtime="20230708 14:49:31.605">Parent suite setup failed:
Error: page.goto: Protocol error (Page.navigate): Invalid url: "$MUI_URL" Page.navigate@chrome://juggler/content/protocol/PageHandler.js:386:13
dispatch@chrome://juggler/content/protocol/Dispatcher.js:132:39
_dispatch@chrome://juggler/content/protocol/Dispatcher.js:69:36
receiveMessage@chrome://juggler/content/components/Juggler.js:118:20

=========================== logs ===========================
navigating to "$MUI_URL", waiting until "load"
============================================================</status>
</test>
<kw name="Close Browser" library="Browser" type="TEARDOWN">
<tag>BrowserControl</tag>
<tag>Setter</tag>
<doc>Closes the current browser.</doc>
<msg timestamp="20230708 14:49:33.689" level="INFO">Closed browser</msg>
<status status="PASS" starttime="20230708 14:49:31.610" endtime="20230708 14:49:33.689"/>
</kw>
<doc>This file contains test cases for testing MUI-430.robot</doc>
<status status="FAIL" starttime="20230708 14:49:30.047" endtime="20230708 14:49:33.690">Suite setup failed:
Error: page.goto: Protocol error (Page.navigate): Invalid url: "$MUI_URL" Page.navigate@chrome://juggler/content/protocol/PageHandler.js:386:13
dispatch@chrome://juggler/content/protocol/Dispatcher.js:132:39
_dispatch@chrome://juggler/content/protocol/Dispatcher.js:69:36
receiveMessage@chrome://juggler/content/components/Juggler.js:118:20

=========================== logs ===========================
navigating to "$MUI_URL", waiting until "load"
============================================================</status>
</suite>
<status status="FAIL" starttime="20230708 14:49:30.045" endtime="20230708 14:49:33.696"/>
</suite>
<status status="FAIL" starttime="20230708 14:48:44.184" endtime="20230708 14:49:33.698"/>
</suite>
<suite id="s1-s3" name="Others" source="/home/runner/work/nelson-test-automation/nelson-test-automation/testsuites/Others">
<suite id="s1-s3-s1" name="Example" source="/home/runner/work/nelson-test-automation/nelson-test-automation/testsuites/Others/example.robot">
<test id="s1-s3-s1-t1" name="Open Nelson Portal" line="9">
<kw name="New Browser" library="Browser">
<arg>${browser}</arg>
<arg>false</arg>
<tag>BrowserControl</tag>
<tag>Setter</tag>
<doc>Create a new playwright Browser with specified options.</doc>
<msg timestamp="20230708 14:49:33.712" level="INFO">{"browser": "firefox", "headless": false, "devtools": false, "handleSIGHUP": true, "handleSIGINT": true, "handleSIGTERM": true, "slowMo": 0.0, "timeout": 30000.0, "deprecated_pos_args": [], "tracesDir": "/home/runner/work/nelson-test-automation/nelson-test-automation/reports/test4/browser/traces/4bce7a4b-61a8-4c13-b142-55c2dff5247c"}</msg>
<msg timestamp="20230708 14:49:34.035" level="WARN">Keyword 'Take Screenshot  fail-screenshot-{index}' could not be run on failure:
Error: Tried to take screenshot, but no page was open.</msg>
<msg timestamp="20230708 14:49:34.036" level="INFO">See also file:///home/runner/work/nelson-test-automation/nelson-test-automation/reports/test4/playwright-log.txt for additional details.</msg>
<msg timestamp="20230708 14:49:34.037" level="FAIL">Error: browserType.launch: 
╔════════════════════════════════════════════════════════════════════════════════════════════════╗
║ Looks like you launched a headed browser without having a XServer running.                     ║
║ Set either 'headless: true' or use 'xvfb-run &lt;your-playwright-app&gt;' before running Playwright. ║
║                                                                                                ║
║ &lt;3 Playwright Team                                                                             ║
╚════════════════════════════════════════════════════════════════════════════════════════════════╝
=========================== logs ===========================
&lt;launching&gt; /opt/hostedtoolcache/Python/3.10.12/x64/lib/python3.10/site-packages/Browser/wrapper/node_modules/playwright-core/.local-browsers/firefox-1408/firefox/firefox -no-remote -wait-for-browser -foreground -profile /tmp/playwright_firefoxdev_profile-wUVuXI -juggler-pipe -silent
&lt;launched&gt; pid=8259
[pid=8259][err] Error: no DISPLAY environment variable specified
[pid=8259] &lt;process did exit: exitCode=1, signal=null&gt;
[pid=8259] starting temporary directories cleanup
============================================================</msg>
<status status="FAIL" starttime="20230708 14:49:33.711" endtime="20230708 14:49:34.037"/>
</kw>
<kw name="New Context" library="Browser">
<tag>BrowserControl</tag>
<tag>Setter</tag>
<doc>Create a new BrowserContext with specified options.</doc>
<status status="NOT RUN" starttime="20230708 14:49:34.038" endtime="20230708 14:49:34.039"/>
</kw>
<kw name="EnvHandler.Get Environment Variable">
<var>${url}</var>
<arg>MUI_LINK</arg>
<status status="NOT RUN" starttime="20230708 14:49:34.044" endtime="20230708 14:49:34.044"/>
</kw>
<kw name="New Page" library="Browser">
<arg>${url}</arg>
<tag>BrowserControl</tag>
<tag>Setter</tag>
<doc>Open a new Page.</doc>
<status status="NOT RUN" starttime="20230708 14:49:34.045" endtime="20230708 14:49:34.045"/>
</kw>
<tag>skip</tag>
<status status="FAIL" starttime="20230708 14:49:33.709" endtime="20230708 14:49:34.045">Error: browserType.launch: 
╔════════════════════════════════════════════════════════════════════════════════════════════════╗
║ Looks like you launched a headed browser without having a XServer running.                     ║
║ Set either 'headless: true' or use 'xvfb-run &lt;your-playwright-app&gt;' before running Playwright. ║
║                                                                                                ║
║ &lt;3 Playwright Team                                                                             ║
╚════════════════════════════════════════════════════════════════════════════════════════════════╝
=========================== logs ===========================
&lt;launching&gt; /opt/hostedtoolcache/Python/3.10.12/x64/lib/python3.10/site-packages/Browser/wrapper/node_modules/playwright-core/.local-browsers/firefox-1408/firefox/firefox -no-remote -wait-for-browser -foreground -profile /tmp/playwright_firefoxdev_profile-wUVuXI -juggler-pipe -silent
&lt;launched&gt; pid=8259
[pid=8259][err] Error: no DISPLAY environment variable specified
[pid=8259] &lt;process did exit: exitCode=1, signal=null&gt;
[pid=8259] starting temporary directories cleanup
============================================================</status>
</test>
<test id="s1-s3-s1-t2" name="Login Nelson Portal" line="15">
<kw name="EnvHandler.Get Environment Variable">
<var>${password}</var>
<arg>MUI_PASSWORD</arg>
<msg timestamp="20230708 14:49:34.059" level="FAIL">No keyword with name 'EnvHandler.Get Environment Variable' found.</msg>
<status status="FAIL" starttime="20230708 14:49:34.059" endtime="20230708 14:49:34.059"/>
</kw>
<kw name="EnvHandler.Get Environment Variable">
<var>${username}</var>
<arg>MUI_USERNAME</arg>
<status status="NOT RUN" starttime="20230708 14:49:34.065" endtime="20230708 14:49:34.065"/>
</kw>
<kw name="Type Secret" library="Browser">
<arg>id=loginUsername</arg>
<arg>${username}</arg>
<tag>PageContent</tag>
<tag>Setter</tag>
<doc>Types the given secret from ``variable_name`` into the text field
found by ``selector``.</doc>
<status status="NOT RUN" starttime="20230708 14:49:34.065" endtime="20230708 14:49:34.065"/>
</kw>
<kw name="Type Secret" library="Browser">
<arg>id=loginPassword</arg>
<arg>${password}</arg>
<tag>PageContent</tag>
<tag>Setter</tag>
<doc>Types the given secret from ``variable_name`` into the text field
found by ``selector``.</doc>
<status status="NOT RUN" starttime="20230708 14:49:34.065" endtime="20230708 14:49:34.065"/>
</kw>
<tag>skip</tag>
<status status="FAIL" starttime="20230708 14:49:34.051" endtime="20230708 14:49:34.066">No keyword with name 'EnvHandler.Get Environment Variable' found.</status>
</test>
<kw name="Close Browser" library="Browser" type="TEARDOWN">
<tag>BrowserControl</tag>
<tag>Setter</tag>
<doc>Closes the current browser.</doc>
<msg timestamp="20230708 14:49:34.073" level="INFO">No browser open, doing nothing</msg>
<status status="PASS" starttime="20230708 14:49:34.071" endtime="20230708 14:49:34.073"/>
</kw>
<status status="FAIL" starttime="20230708 14:49:33.701" endtime="20230708 14:49:34.073"/>
</suite>
<status status="FAIL" starttime="20230708 14:49:33.699" endtime="20230708 14:49:34.079"/>
</suite>
<doc>Argument file for running tests on Omena staging environment (test3)</doc>
<status status="FAIL" starttime="20230708 14:45:39.533" endtime="20230708 14:49:34.080"/>
</suite>
<statistics>
<total>
<stat pass="5" fail="30" skip="0">All Tests</stat>
</total>
<tag>
<stat pass="3" fail="5" skip="0">exhibition_court</stat>
<stat pass="1" fail="2" skip="0">skip</stat>
<stat pass="0" fail="1" skip="0">smoke</stat>
<stat pass="0" fail="1" skip="0">smoke, booking, BUI2-556, online-checkin</stat>
</tag>
<suite>
<stat pass="5" fail="30" skip="0" id="s1" name="Testsuites">Testsuites</stat>
<stat pass="2" fail="21" skip="0" id="s1-s1" name="BUI">Testsuites.BUI</stat>
<stat pass="1" fail="19" skip="0" id="s1-s1-s1" name="Feature">Testsuites.BUI.Feature</stat>
<stat pass="1" fail="19" skip="0" id="s1-s1-s1-s1" name="Online Check In">Testsuites.BUI.Feature.Online Check In</stat>
<stat pass="0" fail="1" skip="0" id="s1-s1-s1-s1-s1" name="BUI2-556">Testsuites.BUI.Feature.Online Check In.BUI2-556</stat>
<stat pass="1" fail="2" skip="0" id="s1-s1-s1-s1-s2" name="BUI2-557">Testsuites.BUI.Feature.Online Check In.BUI2-557</stat>
<stat pass="0" fail="11" skip="0" id="s1-s1-s1-s1-s3" name="BUI2-558">Testsuites.BUI.Feature.Online Check In.BUI2-558</stat>
<stat pass="0" fail="5" skip="0" id="s1-s1-s1-s1-s4" name="BUI2-559">Testsuites.BUI.Feature.Online Check In.BUI2-559</stat>
<stat pass="1" fail="2" skip="0" id="s1-s1-s2" name="Regression">Testsuites.BUI.Regression</stat>
<stat pass="1" fail="0" skip="0" id="s1-s1-s2-s1" name="Modify Booking">Testsuites.BUI.Regression.Modify Booking</stat>
<stat pass="0" fail="2" skip="0" id="s1-s1-s2-s2" name="New Booking">Testsuites.BUI.Regression.New Booking</stat>
<stat pass="3" fail="7" skip="0" id="s1-s2" name="MUI">Testsuites.MUI</stat>
<stat pass="3" fail="5" skip="0" id="s1-s2-s1" name="EC">Testsuites.MUI.EC</stat>
<stat pass="0" fail="1" skip="0" id="s1-s2-s1-s1" name="Example">Testsuites.MUI.EC.Example</stat>
<stat pass="3" fail="4" skip="0" id="s1-s2-s1-s2" name="New Booking">Testsuites.MUI.EC.New Booking</stat>
<stat pass="0" fail="2" skip="0" id="s1-s2-s2" name="Feature">Testsuites.MUI.Feature</stat>
<stat pass="0" fail="2" skip="0" id="s1-s2-s2-s1" name="MUI-430">Testsuites.MUI.Feature.MUI-430</stat>
<stat pass="0" fail="2" skip="0" id="s1-s3" name="Others">Testsuites.Others</stat>
<stat pass="0" fail="2" skip="0" id="s1-s3-s1" name="Example">Testsuites.Others.Example</stat>
</suite>
</statistics>
<errors>
<msg timestamp="20230708 14:48:20.679" level="WARN">Keyword 'Take Screenshot  fail-screenshot-{index}' could not be run on failure:
Playwright process has been terminated with code 1</msg>
<msg timestamp="20230708 14:48:20.692" level="ERROR">Calling method '_end_test' of listener 'Browser' failed: ConnectionError: Playwright process has been terminated with code 1</msg>
<msg timestamp="20230708 14:48:20.702" level="ERROR">Calling method '_end_test' of listener 'Browser' failed: ConnectionError: Playwright process has been terminated with code 1</msg>
<msg timestamp="20230708 14:48:20.711" level="ERROR">Calling method '_end_test' of listener 'Browser' failed: ConnectionError: Playwright process has been terminated with code 1</msg>
<msg timestamp="20230708 14:48:20.719" level="ERROR">Calling method '_end_test' of listener 'Browser' failed: ConnectionError: Playwright process has been terminated with code 1</msg>
<msg timestamp="20230708 14:48:20.727" level="ERROR">Calling method '_end_test' of listener 'Browser' failed: ConnectionError: Playwright process has been terminated with code 1</msg>
<msg timestamp="20230708 14:48:20.736" level="ERROR">Calling method '_end_test' of listener 'Browser' failed: ConnectionError: Playwright process has been terminated with code 1</msg>
<msg timestamp="20230708 14:48:20.744" level="ERROR">Calling method '_end_test' of listener 'Browser' failed: ConnectionError: Playwright process has been terminated with code 1</msg>
<msg timestamp="20230708 14:48:20.753" level="ERROR">Calling method '_end_test' of listener 'Browser' failed: ConnectionError: Playwright process has been terminated with code 1</msg>
<msg timestamp="20230708 14:48:20.761" level="ERROR">Calling method '_end_test' of listener 'Browser' failed: ConnectionError: Playwright process has been terminated with code 1</msg>
<msg timestamp="20230708 14:48:20.763" level="ERROR">Calling method '_end_suite' of listener 'Browser' failed: ConnectionError: Playwright process has been terminated with code 1</msg>
<msg timestamp="20230708 14:48:20.789" level="ERROR">Calling method '_end_test' of listener 'Browser' failed: ConnectionError: Playwright process has been terminated with code 1</msg>
<msg timestamp="20230708 14:48:20.798" level="ERROR">Calling method '_end_test' of listener 'Browser' failed: ConnectionError: Playwright process has been terminated with code 1</msg>
<msg timestamp="20230708 14:48:20.806" level="ERROR">Calling method '_end_test' of listener 'Browser' failed: ConnectionError: Playwright process has been terminated with code 1</msg>
<msg timestamp="20230708 14:48:20.816" level="ERROR">Calling method '_end_test' of listener 'Browser' failed: ConnectionError: Playwright process has been terminated with code 1</msg>
<msg timestamp="20230708 14:48:20.826" level="ERROR">Calling method '_end_test' of listener 'Browser' failed: ConnectionError: Playwright process has been terminated with code 1</msg>
<msg timestamp="20230708 14:48:20.828" level="ERROR">Calling method '_end_suite' of listener 'Browser' failed: ConnectionError: Playwright process has been terminated with code 1</msg>
<msg timestamp="20230708 14:48:45.721" level="WARN">Keyword 'Take Screenshot  fail-screenshot-{index}' could not be run on failure:
Error: Tried to take screenshot, but no page was open.</msg>
<msg timestamp="20230708 14:49:28.035" level="WARN">Keyword 'Take Screenshot  fail-screenshot-{index}' could not be run on failure:
Error: Tried to take screenshot, but no page was open.</msg>
<msg timestamp="20230708 14:49:28.130" level="WARN">Keyword 'Take Screenshot  fail-screenshot-{index}' could not be run on failure:
Error: Tried to take screenshot, but no page was open.</msg>
<msg timestamp="20230708 14:49:28.449" level="WARN">Keyword 'Take Screenshot  fail-screenshot-{index}' could not be run on failure:
Error: Tried to take screenshot, but no page was open.</msg>
<msg timestamp="20230708 14:49:31.575" level="WARN">Keyword 'Take Screenshot  fail-screenshot-{index}' could not be run on failure:
Error: Tried to take screenshot, but no page was open.</msg>
<msg timestamp="20230708 14:49:34.035" level="WARN">Keyword 'Take Screenshot  fail-screenshot-{index}' could not be run on failure:
Error: Tried to take screenshot, but no page was open.</msg>
</errors>
</robot>
