<?xml version="1.0" encoding="UTF-8"?>
<testsuite name="Create Booking And Check In" tests="7" errors="0" failures="6" skipped="0" time="200.438" timestamp="2023-10-30T17:39:35.400000">
<testcase classname="Create Booking And Check In" name="Select Hotel, Dates and Guests" time="0.483">
</testcase>
<testcase classname="Create Booking And Check In" name="Check Available Rooms and Select a Standard Room" time="30.272">
<failure message="TimeoutError: locator.click: Timeout 30000ms exceeded.&#10;=========================== logs ===========================&#10;waiting for locator('xpath=//button[contains(@class, \'booking-form-button\') and contains(text(), \'Book\')]')&#10;  locator resolved to &lt;button disabled class=&quot;booking-form-button btn btn-prim…&gt;Book now&lt;/button&gt;&#10;attempting click action&#10;  waiting for element to be visible, enabled and stable&#10;    element is not enabled - waiting...&#10;============================================================&#10;Tip: Use &quot;Set Browser Timeout&quot; for increasing the timeout or double check your locator as the targeted element(s) couldn't be found." type="AssertionError"/>
</testcase>
<testcase classname="Create Booking And Check In" name="Continue to Extras and Select Join for Free" time="30.197">
<failure message="TimeoutError: locator.click: Timeout 30000ms exceeded.&#10;=========================== logs ===========================&#10;waiting for locator('xpath=(//div[contains(@view,&quot;booking&quot;)]//button[contains(text(), &quot;Continue to extras&quot;)])[1]')&#10;============================================================&#10;Tip: Use &quot;Set Browser Timeout&quot; for increasing the timeout or double check your locator as the targeted element(s) couldn't be found." type="AssertionError"/>
</testcase>
<testcase classname="Create Booking And Check In" name="Fill in Booker Contact Information" time="30.476">
<failure message="TimeoutError: locator.click: Timeout 30000ms exceeded.&#10;=========================== logs ===========================&#10;waiting for locator('id=firstName')&#10;============================================================&#10;Tip: Use &quot;Set Browser Timeout&quot; for increasing the timeout or double check your locator as the targeted element(s) couldn't be found." type="AssertionError"/>
</testcase>
<testcase classname="Create Booking And Check In" name="Pay using Web Bank and Nordea" time="30.223">
<failure message="TimeoutError: locator.click: Timeout 30000ms exceeded.&#10;=========================== logs ===========================&#10;waiting for locator('xpath=//div[contains(text(), &quot;Web bank payment&quot;)]')&#10;============================================================&#10;Tip: Use &quot;Set Browser Timeout&quot; for increasing the timeout or double check your locator as the targeted element(s) couldn't be found." type="AssertionError"/>
</testcase>
<testcase classname="Create Booking And Check In" name="Check In Online" time="30.211">
<failure message="TimeoutError: locator.waitFor: Timeout 30000ms exceeded.&#10;=========================== logs ===========================&#10;waiting for locator('xpath=(//button[text()=&quot;Check in&quot;])[1]') to be visible&#10;============================================================&#10;Tip: Use &quot;Set Browser Timeout&quot; for increasing the timeout or double check your locator as the targeted element(s) couldn't be found." type="AssertionError"/>
</testcase>
<testcase classname="Create Booking And Check In" name="Wait for Door Code and Verify Page" time="40.492">
<failure message="TimeoutError: locator.elementHandle: Timeout 30000ms exceeded.&#10;=========================== logs ===========================&#10;waiting for locator('xpath=//*[contains(text(), &quot;Door code&quot;)]/following-sibling::*')&#10;============================================================&#10;Tip: Use &quot;Set Browser Timeout&quot; for increasing the timeout or double check your locator as the targeted element(s) couldn't be found." type="AssertionError"/>
</testcase>
<properties>
<property name="Documentation" value="Argument file for running tests on Omena test4 environment (test4)"/>
</properties>
</testsuite>
