<?xml version="1.0" encoding="UTF-8"?>
<testsuite name="Testsuites" tests="31" errors="0" failures="29" skipped="0" time="67.049" timestamp="2023-08-09T12:03:08.054000">
<testsuite name="BUI" tests="13" errors="0" failures="13" skipped="0" time="2.678" timestamp="2023-08-09T12:03:08.071000">
<testsuite name="Feature" tests="11" errors="0" failures="11" skipped="0" time="2.435" timestamp="2023-08-09T12:03:08.072000">
<testsuite name="Online Check In" tests="11" errors="0" failures="11" skipped="0" time="2.432" timestamp="2023-08-09T12:03:08.073000">
<testsuite name="BUI2-556" tests="7" errors="0" failures="7" skipped="0" time="1.487" timestamp="2023-08-09T12:03:08.074000">
<testcase classname="Testsuites.BUI.Feature.Online Check In.BUI2-556" name="Select Hotel, Dates and Guests" time="0.001">
<failure message="Parent suite setup failed:&#10;Error: browserType.launch: &#10;╔════════════════════════════════════════════════════════════════════════════════════════════════╗&#10;║ Looks like you launched a headed browser without having a XServer running.                     ║&#10;║ Set either 'headless: true' or use 'xvfb-run &lt;your-playwright-app&gt;' before running Playwright. ║&#10;║                                                                                                ║&#10;║ &lt;3 Playwright Team                                                                             ║&#10;╚════════════════════════════════════════════════════════════════════════════════════════════════╝&#10;=========================== logs ===========================&#10;&lt;launching&gt; /opt/hostedtoolcache/Python/3.11.4/x64/lib/python3.11/site-packages/Browser/wrapper/node_modules/playwright-core/.local-browsers/firefox-1419/firefox/firefox -no-remote -wait-for-browser -foreground -profile /tmp/playwright_firefoxdev_profile-Qyuktj -juggler-pipe -silent&#10;&lt;launched&gt; pid=2603&#10;[pid=2603][err] Error: no DISPLAY environment variable specified&#10;[pid=2603] &lt;process did exit: exitCode=1, signal=null&gt;&#10;[pid=2603] starting temporary directories cleanup&#10;============================================================" type="AssertionError"/>
</testcase>
<testcase classname="Testsuites.BUI.Feature.Online Check In.BUI2-556" name="Check Available Rooms and Select a Standard Room" time="0.001">
<failure message="Parent suite setup failed:&#10;Error: browserType.launch: &#10;╔════════════════════════════════════════════════════════════════════════════════════════════════╗&#10;║ Looks like you launched a headed browser without having a XServer running.                     ║&#10;║ Set either 'headless: true' or use 'xvfb-run &lt;your-playwright-app&gt;' before running Playwright. ║&#10;║                                                                                                ║&#10;║ &lt;3 Playwright Team                                                                             ║&#10;╚════════════════════════════════════════════════════════════════════════════════════════════════╝&#10;=========================== logs ===========================&#10;&lt;launching&gt; /opt/hostedtoolcache/Python/3.11.4/x64/lib/python3.11/site-packages/Browser/wrapper/node_modules/playwright-core/.local-browsers/firefox-1419/firefox/firefox -no-remote -wait-for-browser -foreground -profile /tmp/playwright_firefoxdev_profile-Qyuktj -juggler-pipe -silent&#10;&lt;launched&gt; pid=2603&#10;[pid=2603][err] Error: no DISPLAY environment variable specified&#10;[pid=2603] &lt;process did exit: exitCode=1, signal=null&gt;&#10;[pid=2603] starting temporary directories cleanup&#10;============================================================" type="AssertionError"/>
</testcase>
<testcase classname="Testsuites.BUI.Feature.Online Check In.BUI2-556" name="Continue to Extras and Select Join for Free" time="0.000">
<failure message="Parent suite setup failed:&#10;Error: browserType.launch: &#10;╔════════════════════════════════════════════════════════════════════════════════════════════════╗&#10;║ Looks like you launched a headed browser without having a XServer running.                     ║&#10;║ Set either 'headless: true' or use 'xvfb-run &lt;your-playwright-app&gt;' before running Playwright. ║&#10;║                                                                                                ║&#10;║ &lt;3 Playwright Team                                                                             ║&#10;╚════════════════════════════════════════════════════════════════════════════════════════════════╝&#10;=========================== logs ===========================&#10;&lt;launching&gt; /opt/hostedtoolcache/Python/3.11.4/x64/lib/python3.11/site-packages/Browser/wrapper/node_modules/playwright-core/.local-browsers/firefox-1419/firefox/firefox -no-remote -wait-for-browser -foreground -profile /tmp/playwright_firefoxdev_profile-Qyuktj -juggler-pipe -silent&#10;&lt;launched&gt; pid=2603&#10;[pid=2603][err] Error: no DISPLAY environment variable specified&#10;[pid=2603] &lt;process did exit: exitCode=1, signal=null&gt;&#10;[pid=2603] starting temporary directories cleanup&#10;============================================================" type="AssertionError"/>
</testcase>
<testcase classname="Testsuites.BUI.Feature.Online Check In.BUI2-556" name="Fill in Booker Contact Information" time="0.000">
<failure message="Parent suite setup failed:&#10;Error: browserType.launch: &#10;╔════════════════════════════════════════════════════════════════════════════════════════════════╗&#10;║ Looks like you launched a headed browser without having a XServer running.                     ║&#10;║ Set either 'headless: true' or use 'xvfb-run &lt;your-playwright-app&gt;' before running Playwright. ║&#10;║                                                                                                ║&#10;║ &lt;3 Playwright Team                                                                             ║&#10;╚════════════════════════════════════════════════════════════════════════════════════════════════╝&#10;=========================== logs ===========================&#10;&lt;launching&gt; /opt/hostedtoolcache/Python/3.11.4/x64/lib/python3.11/site-packages/Browser/wrapper/node_modules/playwright-core/.local-browsers/firefox-1419/firefox/firefox -no-remote -wait-for-browser -foreground -profile /tmp/playwright_firefoxdev_profile-Qyuktj -juggler-pipe -silent&#10;&lt;launched&gt; pid=2603&#10;[pid=2603][err] Error: no DISPLAY environment variable specified&#10;[pid=2603] &lt;process did exit: exitCode=1, signal=null&gt;&#10;[pid=2603] starting temporary directories cleanup&#10;============================================================" type="AssertionError"/>
</testcase>
<testcase classname="Testsuites.BUI.Feature.Online Check In.BUI2-556" name="Pay using Web Bank and Nordea" time="0.001">
<failure message="Parent suite setup failed:&#10;Error: browserType.launch: &#10;╔════════════════════════════════════════════════════════════════════════════════════════════════╗&#10;║ Looks like you launched a headed browser without having a XServer running.                     ║&#10;║ Set either 'headless: true' or use 'xvfb-run &lt;your-playwright-app&gt;' before running Playwright. ║&#10;║                                                                                                ║&#10;║ &lt;3 Playwright Team                                                                             ║&#10;╚════════════════════════════════════════════════════════════════════════════════════════════════╝&#10;=========================== logs ===========================&#10;&lt;launching&gt; /opt/hostedtoolcache/Python/3.11.4/x64/lib/python3.11/site-packages/Browser/wrapper/node_modules/playwright-core/.local-browsers/firefox-1419/firefox/firefox -no-remote -wait-for-browser -foreground -profile /tmp/playwright_firefoxdev_profile-Qyuktj -juggler-pipe -silent&#10;&lt;launched&gt; pid=2603&#10;[pid=2603][err] Error: no DISPLAY environment variable specified&#10;[pid=2603] &lt;process did exit: exitCode=1, signal=null&gt;&#10;[pid=2603] starting temporary directories cleanup&#10;============================================================" type="AssertionError"/>
</testcase>
<testcase classname="Testsuites.BUI.Feature.Online Check In.BUI2-556" name="Check In Online" time="0.000">
<failure message="Parent suite setup failed:&#10;Error: browserType.launch: &#10;╔════════════════════════════════════════════════════════════════════════════════════════════════╗&#10;║ Looks like you launched a headed browser without having a XServer running.                     ║&#10;║ Set either 'headless: true' or use 'xvfb-run &lt;your-playwright-app&gt;' before running Playwright. ║&#10;║                                                                                                ║&#10;║ &lt;3 Playwright Team                                                                             ║&#10;╚════════════════════════════════════════════════════════════════════════════════════════════════╝&#10;=========================== logs ===========================&#10;&lt;launching&gt; /opt/hostedtoolcache/Python/3.11.4/x64/lib/python3.11/site-packages/Browser/wrapper/node_modules/playwright-core/.local-browsers/firefox-1419/firefox/firefox -no-remote -wait-for-browser -foreground -profile /tmp/playwright_firefoxdev_profile-Qyuktj -juggler-pipe -silent&#10;&lt;launched&gt; pid=2603&#10;[pid=2603][err] Error: no DISPLAY environment variable specified&#10;[pid=2603] &lt;process did exit: exitCode=1, signal=null&gt;&#10;[pid=2603] starting temporary directories cleanup&#10;============================================================" type="AssertionError"/>
</testcase>
<testcase classname="Testsuites.BUI.Feature.Online Check In.BUI2-556" name="Wait for Door Code and Verify Page" time="0.001">
<failure message="Parent suite setup failed:&#10;Error: browserType.launch: &#10;╔════════════════════════════════════════════════════════════════════════════════════════════════╗&#10;║ Looks like you launched a headed browser without having a XServer running.                     ║&#10;║ Set either 'headless: true' or use 'xvfb-run &lt;your-playwright-app&gt;' before running Playwright. ║&#10;║                                                                                                ║&#10;║ &lt;3 Playwright Team                                                                             ║&#10;╚════════════════════════════════════════════════════════════════════════════════════════════════╝&#10;=========================== logs ===========================&#10;&lt;launching&gt; /opt/hostedtoolcache/Python/3.11.4/x64/lib/python3.11/site-packages/Browser/wrapper/node_modules/playwright-core/.local-browsers/firefox-1419/firefox/firefox -no-remote -wait-for-browser -foreground -profile /tmp/playwright_firefoxdev_profile-Qyuktj -juggler-pipe -silent&#10;&lt;launched&gt; pid=2603&#10;[pid=2603][err] Error: no DISPLAY environment variable specified&#10;[pid=2603] &lt;process did exit: exitCode=1, signal=null&gt;&#10;[pid=2603] starting temporary directories cleanup&#10;============================================================" type="AssertionError"/>
</testcase>
<properties>
<property name="Documentation" value="This is a test suite for booking a room and checking in online"/>
</properties>
</testsuite>
<testsuite name="BUI2-557" tests="4" errors="0" failures="4" skipped="0" time="0.934" timestamp="2023-08-09T12:03:09.565000">
<testcase classname="Testsuites.BUI.Feature.Online Check In.BUI2-557" name="Create a new Booking" time="0.235">
<failure message="Setup failed:&#10;Error: browserType.launch: &#10;╔════════════════════════════════════════════════════════════════════════════════════════════════╗&#10;║ Looks like you launched a headed browser without having a XServer running.                     ║&#10;║ Set either 'headless: true' or use 'xvfb-run &lt;your-playwright-app&gt;' before running Playwright. ║&#10;║                                                                                                ║&#10;║ &lt;3 Playwright Team                                                                             ║&#10;╚════════════════════════════════════════════════════════════════════════════════════════════════╝&#10;=========================== logs ===========================&#10;&lt;launching&gt; /opt/hostedtoolcache/Python/3.11.4/x64/lib/python3.11/site-packages/Browser/wrapper/node_modules/playwright-core/.local-browsers/firefox-1419/firefox/firefox -no-remote -wait-for-browser -foreground -profile /tmp/playwright_firefoxdev_profile-sBEwqQ -juggler-pipe -silent&#10;&lt;launched&gt; pid=2868&#10;[pid=2868][err] Error: no DISPLAY environment variable specified&#10;[pid=2868] &lt;process did exit: exitCode=1, signal=null&gt;&#10;[pid=2868] starting temporary directories cleanup&#10;============================================================" type="AssertionError"/>
</testcase>
<testcase classname="Testsuites.BUI.Feature.Online Check In.BUI2-557" name="Add Someone Else as the Main Guest" time="0.228">
<failure message="Setup failed:&#10;Error: browserType.launch: &#10;╔════════════════════════════════════════════════════════════════════════════════════════════════╗&#10;║ Looks like you launched a headed browser without having a XServer running.                     ║&#10;║ Set either 'headless: true' or use 'xvfb-run &lt;your-playwright-app&gt;' before running Playwright. ║&#10;║                                                                                                ║&#10;║ &lt;3 Playwright Team                                                                             ║&#10;╚════════════════════════════════════════════════════════════════════════════════════════════════╝&#10;=========================== logs ===========================&#10;&lt;launching&gt; /opt/hostedtoolcache/Python/3.11.4/x64/lib/python3.11/site-packages/Browser/wrapper/node_modules/playwright-core/.local-browsers/firefox-1419/firefox/firefox -no-remote -wait-for-browser -foreground -profile /tmp/playwright_firefoxdev_profile-zfzKdY -juggler-pipe -silent&#10;&lt;launched&gt; pid=3131&#10;[pid=3131][err] Error: no DISPLAY environment variable specified&#10;[pid=3131] &lt;process did exit: exitCode=1, signal=null&gt;&#10;[pid=3131] starting temporary directories cleanup&#10;============================================================" type="AssertionError"/>
</testcase>
<testcase classname="Testsuites.BUI.Feature.Online Check In.BUI2-557" name="Validation shows msg for fields marked" time="0.224">
<failure message="Setup failed:&#10;Error: browserType.launch: &#10;╔════════════════════════════════════════════════════════════════════════════════════════════════╗&#10;║ Looks like you launched a headed browser without having a XServer running.                     ║&#10;║ Set either 'headless: true' or use 'xvfb-run &lt;your-playwright-app&gt;' before running Playwright. ║&#10;║                                                                                                ║&#10;║ &lt;3 Playwright Team                                                                             ║&#10;╚════════════════════════════════════════════════════════════════════════════════════════════════╝&#10;=========================== logs ===========================&#10;&lt;launching&gt; /opt/hostedtoolcache/Python/3.11.4/x64/lib/python3.11/site-packages/Browser/wrapper/node_modules/playwright-core/.local-browsers/firefox-1419/firefox/firefox -no-remote -wait-for-browser -foreground -profile /tmp/playwright_firefoxdev_profile-BWYH6Q -juggler-pipe -silent&#10;&lt;launched&gt; pid=3394&#10;[pid=3394][err] Error: no DISPLAY environment variable specified&#10;[pid=3394] &lt;process did exit: exitCode=1, signal=null&gt;&#10;[pid=3394] starting temporary directories cleanup&#10;============================================================" type="AssertionError"/>
</testcase>
<testcase classname="Testsuites.BUI.Feature.Online Check In.BUI2-557" name="Showing imported passport when the National is not Finland" time="0.222">
<failure message="Setup failed:&#10;Error: browserType.launch: &#10;╔════════════════════════════════════════════════════════════════════════════════════════════════╗&#10;║ Looks like you launched a headed browser without having a XServer running.                     ║&#10;║ Set either 'headless: true' or use 'xvfb-run &lt;your-playwright-app&gt;' before running Playwright. ║&#10;║                                                                                                ║&#10;║ &lt;3 Playwright Team                                                                             ║&#10;╚════════════════════════════════════════════════════════════════════════════════════════════════╝&#10;=========================== logs ===========================&#10;&lt;launching&gt; /opt/hostedtoolcache/Python/3.11.4/x64/lib/python3.11/site-packages/Browser/wrapper/node_modules/playwright-core/.local-browsers/firefox-1419/firefox/firefox -no-remote -wait-for-browser -foreground -profile /tmp/playwright_firefoxdev_profile-gBEbZm -juggler-pipe -silent&#10;&lt;launched&gt; pid=3657&#10;[pid=3657][err] Error: no DISPLAY environment variable specified&#10;[pid=3657] &lt;process did exit: exitCode=1, signal=null&gt;&#10;[pid=3657] starting temporary directories cleanup&#10;============================================================" type="AssertionError"/>
</testcase>
</testsuite>
</testsuite>
</testsuite>
<testsuite name="Regression" tests="2" errors="0" failures="2" skipped="0" time="0.242" timestamp="2023-08-09T12:03:10.507000">
<testsuite name="Create Booking" tests="2" errors="0" failures="2" skipped="0" time="0.236" timestamp="2023-08-09T12:03:10.509000">
<testcase classname="Testsuites.BUI.Regression.Create Booking" name="Create A New Booking as" time="0.000">
<failure message="Parent suite setup failed:&#10;Error: browserType.launch: &#10;╔════════════════════════════════════════════════════════════════════════════════════════════════╗&#10;║ Looks like you launched a headed browser without having a XServer running.                     ║&#10;║ Set either 'headless: true' or use 'xvfb-run &lt;your-playwright-app&gt;' before running Playwright. ║&#10;║                                                                                                ║&#10;║ &lt;3 Playwright Team                                                                             ║&#10;╚════════════════════════════════════════════════════════════════════════════════════════════════╝&#10;=========================== logs ===========================&#10;&lt;launching&gt; /opt/hostedtoolcache/Python/3.11.4/x64/lib/python3.11/site-packages/Browser/wrapper/node_modules/playwright-core/.local-browsers/firefox-1419/firefox/firefox -no-remote -wait-for-browser -foreground -profile /tmp/playwright_firefoxdev_profile-CseWzF -juggler-pipe -silent&#10;&lt;launched&gt; pid=3920&#10;[pid=3920][err] Error: no DISPLAY environment variable specified&#10;[pid=3920] &lt;process did exit: exitCode=1, signal=null&gt;&#10;[pid=3920] starting temporary directories cleanup&#10;============================================================" type="AssertionError"/>
</testcase>
<testcase classname="Testsuites.BUI.Regression.Create Booking" name="Confirm Email and Open Link" time="0.001">
<failure message="Parent suite setup failed:&#10;Error: browserType.launch: &#10;╔════════════════════════════════════════════════════════════════════════════════════════════════╗&#10;║ Looks like you launched a headed browser without having a XServer running.                     ║&#10;║ Set either 'headless: true' or use 'xvfb-run &lt;your-playwright-app&gt;' before running Playwright. ║&#10;║                                                                                                ║&#10;║ &lt;3 Playwright Team                                                                             ║&#10;╚════════════════════════════════════════════════════════════════════════════════════════════════╝&#10;=========================== logs ===========================&#10;&lt;launching&gt; /opt/hostedtoolcache/Python/3.11.4/x64/lib/python3.11/site-packages/Browser/wrapper/node_modules/playwright-core/.local-browsers/firefox-1419/firefox/firefox -no-remote -wait-for-browser -foreground -profile /tmp/playwright_firefoxdev_profile-CseWzF -juggler-pipe -silent&#10;&lt;launched&gt; pid=3920&#10;[pid=3920][err] Error: no DISPLAY environment variable specified&#10;[pid=3920] &lt;process did exit: exitCode=1, signal=null&gt;&#10;[pid=3920] starting temporary directories cleanup&#10;============================================================" type="AssertionError"/>
</testcase>
<properties>
<property name="Documentation" value="A test suite for verifying modify booking functionality"/>
</properties>
</testsuite>
</testsuite>
</testsuite>
<testsuite name="MUI" tests="18" errors="0" failures="16" skipped="0" time="64.352" timestamp="2023-08-09T12:03:10.750000">
<testsuite name="EC" tests="9" errors="0" failures="7" skipped="0" time="62.818" timestamp="2023-08-09T12:03:10.751000">
<testsuite name="Smoke" tests="9" errors="0" failures="7" skipped="0" time="62.810" timestamp="2023-08-09T12:03:10.753000">
<testcase classname="Testsuites.MUI.EC.Smoke" name="Open BDC and Check for Availability" time="0.222">
<failure message="Error: browserType.launch: &#10;╔════════════════════════════════════════════════════════════════════════════════════════════════╗&#10;║ Looks like you launched a headed browser without having a XServer running.                     ║&#10;║ Set either 'headless: true' or use 'xvfb-run &lt;your-playwright-app&gt;' before running Playwright. ║&#10;║                                                                                                ║&#10;║ &lt;3 Playwright Team                                                                             ║&#10;╚════════════════════════════════════════════════════════════════════════════════════════════════╝&#10;=========================== logs ===========================&#10;&lt;launching&gt; /opt/hostedtoolcache/Python/3.11.4/x64/lib/python3.11/site-packages/Browser/wrapper/node_modules/playwright-core/.local-browsers/firefox-1419/firefox/firefox -no-remote -wait-for-browser -foreground -profile /tmp/playwright_firefoxdev_profile-eJXSll -juggler-pipe -silent&#10;&lt;launched&gt; pid=4184&#10;[pid=4184][err] Error: no DISPLAY environment variable specified&#10;[pid=4184] &lt;process did exit: exitCode=1, signal=null&gt;&#10;[pid=4184] starting temporary directories cleanup&#10;============================================================" type="AssertionError"/>
</testcase>
<testcase classname="Testsuites.MUI.EC.Smoke" name="Create Reservation" time="1.010">
<failure message="Error: Could not find active page" type="AssertionError"/>
</testcase>
<testcase classname="Testsuites.MUI.EC.Smoke" name="Fill Contact Information and Payment Details" time="0.016">
<failure message="Error: Could not find active page" type="AssertionError"/>
</testcase>
<testcase classname="Testsuites.MUI.EC.Smoke" name="Verify Emails and Get Booking No" time="60.968">
<failure message="ApiException: (408)&#10;Reason: &#10;HTTP response headers: HTTPHeaderDict({'Date': 'Wed, 09 Aug 2023 12:04:12 GMT', 'Content-Type': 'text/plain;charset=UTF-8', 'Content-Length': '1061', 'Connection': 'keep-alive', 'X-XSS-Protection': '1; mode=block', 'Referrer-Policy': 'same-origin', 'Strict-Transport-Security': 'max-age=63072000; includeSubdomains; preload', 'X-Content-Type-Options': 'nosniff', 'Content-Security-Policy': &quot;default-src https: 'self' app.mailslurp.com *.mailslurp.com *.mailslurp.link *.mailslurp.dev http://localhost:3000; object-src none; frame-ancestors 'self' app.mailslurp.com *.mailslurp.com *.mailslurp.link *.mailslurp.dev http://localhost:3000; img-src * data: 'unsafe-inline'; style-src * data: 'unsafe-inline';&quot;, 'Vary': 'origin,access-control-request-method,access-control-request-headers,accept-encoding', 'Cache-Control': 'no-cache, no-store, max-age=0, must-revalidate', 'Pragma': 'no-cache', 'Expires': '0', 'X-Frame-Options': 'DENY'})&#10;HTTP response body: {&quot;message&quot;:&quot;Failed to satisfy email query for inbox ID `492aa3bb-9e4b-410a-a02c-84f13ace89e8` for user ID `a2f48756-8279-471d-bb55-980a32334d37`. Expected minimum message count of `10`. Found at most `0`(after max timeout of `60000 ms` and a back-off period of `1000 ms`). Did you send an email to the inbox? The inbox's email address is `492aa3bb-9e4b-410a-a02c-84f13ace89e8@mailslurp.com`. Sort direction `ASC`, unread only `true`, match options `{\&quot;matches\&quot;:[{\&quot;field\&quot;:\&quot;SUBJECT\&quot;,\&quot;should\&quot;:\&quot;CONTAIN\&quot;,\&quot;value\&quot;:\&quot;is confirmed\&quot;}],\&quot;conditions\&quot;:null}`, created at after `2000-01-01T00:00:00Z` and created at before `3000-01-01T00:00:00Z`&quot;,&quot;caseNumber&quot;:&quot;CASE-NF-803c0263-88ec-423c-94a0-d979bd784f9a&quot;,&quot;errorClass&quot;:&quot;GetMessagesRetryException&quot;,&quot;errorCode&quot;:&quot;E_001_UNEXPECTED_ERROR&quot;,&quot;comment&quot;:&quot;If your error persists please submit a ticket at `https://mailslurp.zendesk.com/hc/en-us/requests/new`. Please include your error `caseNumber` if available to help support debug the issue. Sharing screenshots or samples of your code will help the team understand.&quot;}&#10;" type="AssertionError"/>
</testcase>
<testcase classname="Testsuites.MUI.EC.Smoke" name="Create A New Booking on Booking.com for a later date and verify Emails" time="0.002">
</testcase>
<testcase classname="Testsuites.MUI.EC.Smoke" name="Cancel Booking via BDC" time="0.002">
</testcase>
<testcase classname="Testsuites.MUI.EC.Smoke" name="Open Booking in MUI" time="0.241">
<failure message="Error: browserType.launch: &#10;╔════════════════════════════════════════════════════════════════════════════════════════════════╗&#10;║ Looks like you launched a headed browser without having a XServer running.                     ║&#10;║ Set either 'headless: true' or use 'xvfb-run &lt;your-playwright-app&gt;' before running Playwright. ║&#10;║                                                                                                ║&#10;║ &lt;3 Playwright Team                                                                             ║&#10;╚════════════════════════════════════════════════════════════════════════════════════════════════╝&#10;=========================== logs ===========================&#10;&lt;launching&gt; /opt/hostedtoolcache/Python/3.11.4/x64/lib/python3.11/site-packages/Browser/wrapper/node_modules/playwright-core/.local-browsers/firefox-1419/firefox/firefox -no-remote -wait-for-browser -foreground -profile /tmp/playwright_firefoxdev_profile-3FFxSt -juggler-pipe -silent&#10;&lt;launched&gt; pid=4533&#10;[pid=4533][err] Error: no DISPLAY environment variable specified&#10;[pid=4533] &lt;process did exit: exitCode=1, signal=null&gt;&#10;[pid=4533] starting temporary directories cleanup&#10;============================================================" type="AssertionError"/>
</testcase>
<testcase classname="Testsuites.MUI.EC.Smoke" name="Cancel Booking in MUI" time="0.007">
<failure message="Error: Could not find active page" type="AssertionError"/>
</testcase>
<testcase classname="Testsuites.MUI.EC.Smoke" name="Start Creating a new Booking in MUI" time="0.298">
<failure message="Error: browserType.launch: &#10;╔════════════════════════════════════════════════════════════════════════════════════════════════╗&#10;║ Looks like you launched a headed browser without having a XServer running.                     ║&#10;║ Set either 'headless: true' or use 'xvfb-run &lt;your-playwright-app&gt;' before running Playwright. ║&#10;║                                                                                                ║&#10;║ &lt;3 Playwright Team                                                                             ║&#10;╚════════════════════════════════════════════════════════════════════════════════════════════════╝&#10;=========================== logs ===========================&#10;&lt;launching&gt; /opt/hostedtoolcache/Python/3.11.4/x64/lib/python3.11/site-packages/Browser/wrapper/node_modules/playwright-core/.local-browsers/firefox-1419/firefox/firefox -no-remote -wait-for-browser -foreground -profile /tmp/playwright_firefoxdev_profile-g8MJtG -juggler-pipe -silent&#10;&lt;launched&gt; pid=4796&#10;[pid=4796][err] Error: no DISPLAY environment variable specified&#10;[pid=4796] &lt;process did exit: exitCode=1, signal=null&gt;&#10;[pid=4796] starting temporary directories cleanup&#10;============================================================" type="AssertionError"/>
</testcase>
<properties>
<property name="Documentation" value="A test suite for verifying modify booking functionality"/>
</properties>
</testsuite>
</testsuite>
<testsuite name="Feature" tests="2" errors="0" failures="2" skipped="0" time="0.510" timestamp="2023-08-09T12:04:13.570000">
<testsuite name="MUI-430" tests="2" errors="0" failures="2" skipped="0" time="0.504" timestamp="2023-08-09T12:04:13.571000">
<testcase classname="Testsuites.MUI.Feature.MUI-430" name="Filter all reservations with Check-in incomplete" time="0.243">
<failure message="Error: browserType.launch: &#10;╔════════════════════════════════════════════════════════════════════════════════════════════════╗&#10;║ Looks like you launched a headed browser without having a XServer running.                     ║&#10;║ Set either 'headless: true' or use 'xvfb-run &lt;your-playwright-app&gt;' before running Playwright. ║&#10;║                                                                                                ║&#10;║ &lt;3 Playwright Team                                                                             ║&#10;╚════════════════════════════════════════════════════════════════════════════════════════════════╝&#10;=========================== logs ===========================&#10;&lt;launching&gt; /opt/hostedtoolcache/Python/3.11.4/x64/lib/python3.11/site-packages/Browser/wrapper/node_modules/playwright-core/.local-browsers/firefox-1419/firefox/firefox -no-remote -wait-for-browser -foreground -profile /tmp/playwright_firefoxdev_profile-BJhEAM -juggler-pipe -silent&#10;&lt;launched&gt; pid=5060&#10;[pid=5060][err] Error: no DISPLAY environment variable specified&#10;[pid=5060] &lt;process did exit: exitCode=1, signal=null&gt;&#10;[pid=5060] starting temporary directories cleanup&#10;============================================================" type="AssertionError"/>
</testcase>
<testcase classname="Testsuites.MUI.Feature.MUI-430" name="Remove filter and find a reservation with Check-in complete" time="0.238">
<failure message="Error: browserType.launch: &#10;╔════════════════════════════════════════════════════════════════════════════════════════════════╗&#10;║ Looks like you launched a headed browser without having a XServer running.                     ║&#10;║ Set either 'headless: true' or use 'xvfb-run &lt;your-playwright-app&gt;' before running Playwright. ║&#10;║                                                                                                ║&#10;║ &lt;3 Playwright Team                                                                             ║&#10;╚════════════════════════════════════════════════════════════════════════════════════════════════╝&#10;=========================== logs ===========================&#10;&lt;launching&gt; /opt/hostedtoolcache/Python/3.11.4/x64/lib/python3.11/site-packages/Browser/wrapper/node_modules/playwright-core/.local-browsers/firefox-1419/firefox/firefox -no-remote -wait-for-browser -foreground -profile /tmp/playwright_firefoxdev_profile-GMz2g4 -juggler-pipe -silent&#10;&lt;launched&gt; pid=5325&#10;[pid=5325][err] Error: no DISPLAY environment variable specified&#10;[pid=5325] &lt;process did exit: exitCode=1, signal=null&gt;&#10;[pid=5325] starting temporary directories cleanup&#10;============================================================" type="AssertionError"/>
</testcase>
<properties>
<property name="Documentation" value="This file contains test cases for testing MUI-430.robot"/>
</properties>
</testsuite>
</testsuite>
<testsuite name="Regression" tests="7" errors="0" failures="7" skipped="0" time="1.021" timestamp="2023-08-09T12:04:14.080000">
<testsuite name="Smoke" tests="7" errors="0" failures="7" skipped="0" time="1.015" timestamp="2023-08-09T12:04:14.082000">
<testcase classname="Testsuites.MUI.Regression.Smoke" name="Try Logging in without Password" time="0.268">
<failure message="Error: browserType.launch: &#10;╔════════════════════════════════════════════════════════════════════════════════════════════════╗&#10;║ Looks like you launched a headed browser without having a XServer running.                     ║&#10;║ Set either 'headless: true' or use 'xvfb-run &lt;your-playwright-app&gt;' before running Playwright. ║&#10;║                                                                                                ║&#10;║ &lt;3 Playwright Team                                                                             ║&#10;╚════════════════════════════════════════════════════════════════════════════════════════════════╝&#10;=========================== logs ===========================&#10;&lt;launching&gt; /opt/hostedtoolcache/Python/3.11.4/x64/lib/python3.11/site-packages/Browser/wrapper/node_modules/playwright-core/.local-browsers/firefox-1419/firefox/firefox -no-remote -wait-for-browser -foreground -profile /tmp/playwright_firefoxdev_profile-7m8qAD -juggler-pipe -silent&#10;&lt;launched&gt; pid=5589&#10;[pid=5589][err] Error: no DISPLAY environment variable specified&#10;[pid=5589] &lt;process did exit: exitCode=1, signal=null&gt;&#10;[pid=5589] starting temporary directories cleanup&#10;============================================================" type="AssertionError"/>
</testcase>
<testcase classname="Testsuites.MUI.Regression.Smoke" name="Try Logging in without Username" time="0.226">
<failure message="Error: browserType.launch: &#10;╔════════════════════════════════════════════════════════════════════════════════════════════════╗&#10;║ Looks like you launched a headed browser without having a XServer running.                     ║&#10;║ Set either 'headless: true' or use 'xvfb-run &lt;your-playwright-app&gt;' before running Playwright. ║&#10;║                                                                                                ║&#10;║ &lt;3 Playwright Team                                                                             ║&#10;╚════════════════════════════════════════════════════════════════════════════════════════════════╝&#10;=========================== logs ===========================&#10;&lt;launching&gt; /opt/hostedtoolcache/Python/3.11.4/x64/lib/python3.11/site-packages/Browser/wrapper/node_modules/playwright-core/.local-browsers/firefox-1419/firefox/firefox -no-remote -wait-for-browser -foreground -profile /tmp/playwright_firefoxdev_profile-sav330 -juggler-pipe -silent&#10;&lt;launched&gt; pid=5853&#10;[pid=5853][err] Error: no DISPLAY environment variable specified&#10;[pid=5853] &lt;process did exit: exitCode=1, signal=null&gt;&#10;[pid=5853] starting temporary directories cleanup&#10;============================================================" type="AssertionError"/>
</testcase>
<testcase classname="Testsuites.MUI.Regression.Smoke" name="Try Logging in with incorrect Password/Username combination" time="0.236">
<failure message="Error: browserType.launch: &#10;╔════════════════════════════════════════════════════════════════════════════════════════════════╗&#10;║ Looks like you launched a headed browser without having a XServer running.                     ║&#10;║ Set either 'headless: true' or use 'xvfb-run &lt;your-playwright-app&gt;' before running Playwright. ║&#10;║                                                                                                ║&#10;║ &lt;3 Playwright Team                                                                             ║&#10;╚════════════════════════════════════════════════════════════════════════════════════════════════╝&#10;=========================== logs ===========================&#10;&lt;launching&gt; /opt/hostedtoolcache/Python/3.11.4/x64/lib/python3.11/site-packages/Browser/wrapper/node_modules/playwright-core/.local-browsers/firefox-1419/firefox/firefox -no-remote -wait-for-browser -foreground -profile /tmp/playwright_firefoxdev_profile-Sohp7D -juggler-pipe -silent&#10;&lt;launched&gt; pid=6116&#10;[pid=6116][err] Error: no DISPLAY environment variable specified&#10;[pid=6116] &lt;process did exit: exitCode=1, signal=null&gt;&#10;[pid=6116] starting temporary directories cleanup&#10;============================================================" type="AssertionError"/>
</testcase>
<testcase classname="Testsuites.MUI.Regression.Smoke" name="Log in with correct Username and Password" time="0.237">
<failure message="Error: browserType.launch: &#10;╔════════════════════════════════════════════════════════════════════════════════════════════════╗&#10;║ Looks like you launched a headed browser without having a XServer running.                     ║&#10;║ Set either 'headless: true' or use 'xvfb-run &lt;your-playwright-app&gt;' before running Playwright. ║&#10;║                                                                                                ║&#10;║ &lt;3 Playwright Team                                                                             ║&#10;╚════════════════════════════════════════════════════════════════════════════════════════════════╝&#10;=========================== logs ===========================&#10;&lt;launching&gt; /opt/hostedtoolcache/Python/3.11.4/x64/lib/python3.11/site-packages/Browser/wrapper/node_modules/playwright-core/.local-browsers/firefox-1419/firefox/firefox -no-remote -wait-for-browser -foreground -profile /tmp/playwright_firefoxdev_profile-iaTV21 -juggler-pipe -silent&#10;&lt;launched&gt; pid=6379&#10;[pid=6379][err] Error: no DISPLAY environment variable specified&#10;[pid=6379] &lt;process did exit: exitCode=1, signal=null&gt;&#10;[pid=6379] starting temporary directories cleanup&#10;============================================================" type="AssertionError"/>
</testcase>
<testcase classname="Testsuites.MUI.Regression.Smoke" name="Verify Users Page" time="0.006">
<failure message="Error: Could not find active page" type="AssertionError"/>
</testcase>
<testcase classname="Testsuites.MUI.Regression.Smoke" name="Verify User Profile" time="0.006">
<failure message="Error: Could not find active page" type="AssertionError"/>
</testcase>
<testcase classname="Testsuites.MUI.Regression.Smoke" name="Log Out" time="0.006">
<failure message="Error: Could not find active page" type="AssertionError"/>
</testcase>
<properties>
<property name="Documentation" value="This file contains smoke tests for MUI"/>
</properties>
</testsuite>
</testsuite>
</testsuite>
<properties>
<property name="Documentation" value="Argument file for running tests on Omena test4 environment (test4)"/>
</properties>
</testsuite>
