<?xml version="1.0" encoding="UTF-8"?>
<robot generator="Robot 5.0.1 (Python 3.11.4 on win32)" generated="20230717 14:00:38.099" rpa="false" schemaversion="3">
<suite id="s1" name="Testsuites" source="C:\Users\SaraGilbert\nelson-test-automation\testsuites">
<suite id="s1-s1" name="BUI" source="C:\Users\SaraGilbert\nelson-test-automation\testsuites\BUI">
<suite id="s1-s1-s1" name="Feature" source="C:\Users\SaraGilbert\nelson-test-automation\testsuites\BUI\feature">
<suite id="s1-s1-s1-s1" name="Online Check In" source="C:\Users\SaraGilbert\nelson-test-automation\testsuites\BUI\feature\online_check_in">
<suite id="s1-s1-s1-s1-s1" name="BUI2-556" source="C:\Users\SaraGilbert\nelson-test-automation\testsuites\BUI\feature\online_check_in\BUI2-556.robot">
<kw name="Open Browser to Landing Page" library="common" type="SETUP">
<doc>A general startup keyword for opening a browser to the landing page.</doc>
<kw name="Open New Browser To URL" library="common">
<arg>${url}</arg>
<kw name="New Browser">
<arg>${browser}</arg>
<arg>${headless}</arg>
<arg>timeout=${timeout}</arg>
<msg timestamp="20230717 14:00:38.630" level="FAIL">No keyword with name 'New Browser' found.</msg>
<status status="FAIL" starttime="20230717 14:00:38.630" endtime="20230717 14:00:38.630"/>
</kw>
<kw name="Set Browser Timeout">
<arg>${timeout}</arg>
<status status="NOT RUN" starttime="20230717 14:00:38.634" endtime="20230717 14:00:38.634"/>
</kw>
<kw name="New Context">
<status status="NOT RUN" starttime="20230717 14:00:38.637" endtime="20230717 14:00:38.637"/>
</kw>
<kw name="New Page">
<arg>${url}</arg>
<status status="NOT RUN" starttime="20230717 14:00:38.641" endtime="20230717 14:00:38.641"/>
</kw>
<status status="FAIL" starttime="20230717 14:00:38.627" endtime="20230717 14:00:38.641"/>
</kw>
<kw name="Wait Until Network Is Idle">
<status status="NOT RUN" starttime="20230717 14:00:38.646" endtime="20230717 14:00:38.646"/>
</kw>
<kw name="Allow Cookies" library="common">
<doc>Allow Cookies/Toggle Cookie allowance</doc>
<status status="NOT RUN" starttime="20230717 14:00:38.646" endtime="20230717 14:00:38.646"/>
</kw>
<kw name="Set Environment" library="common">
<status status="NOT RUN" starttime="20230717 14:00:38.646" endtime="20230717 14:00:38.646"/>
</kw>
<status status="FAIL" starttime="20230717 14:00:38.627" endtime="20230717 14:00:38.646"/>
</kw>
<test id="s1-s1-s1-s1-s1-t1" name="Select Hotel, Dates and Guests" line="14">
<tag>smoke, booking, BUI2-556, online-checkin</tag>
<status status="FAIL" starttime="20230717 14:00:38.647" endtime="20230717 14:00:38.647">Parent suite setup failed:
No keyword with name 'New Browser' found.</status>
</test>
<test id="s1-s1-s1-s1-s1-t2" name="Check Available Rooms and Select a Standard Room" line="19">
<tag>smoke, booking, BUI2-556, online-checkin</tag>
<status status="FAIL" starttime="20230717 14:00:38.649" endtime="20230717 14:00:38.650">Parent suite setup failed:
No keyword with name 'New Browser' found.</status>
</test>
<test id="s1-s1-s1-s1-s1-t3" name="Continue to Extras and Select Join for Free" line="23">
<tag>smoke, booking, BUI2-556, online-checkin</tag>
<status status="FAIL" starttime="20230717 14:00:38.651" endtime="20230717 14:00:38.651">Parent suite setup failed:
No keyword with name 'New Browser' found.</status>
</test>
<test id="s1-s1-s1-s1-s1-t4" name="Fill in Booker Contact Information" line="28">
<tag>smoke, booking, BUI2-556, online-checkin</tag>
<status status="FAIL" starttime="20230717 14:00:38.653" endtime="20230717 14:00:38.653">Parent suite setup failed:
No keyword with name 'New Browser' found.</status>
</test>
<test id="s1-s1-s1-s1-s1-t5" name="Pay using Web Bank and Nordea" line="32">
<tag>smoke, booking, BUI2-556, online-checkin</tag>
<status status="FAIL" starttime="20230717 14:00:38.656" endtime="20230717 14:00:38.657">Parent suite setup failed:
No keyword with name 'New Browser' found.</status>
</test>
<test id="s1-s1-s1-s1-s1-t6" name="Check In Online" line="36">
<tag>smoke, booking, BUI2-556, online-checkin</tag>
<status status="FAIL" starttime="20230717 14:00:38.659" endtime="20230717 14:00:38.659">Parent suite setup failed:
No keyword with name 'New Browser' found.</status>
</test>
<test id="s1-s1-s1-s1-s1-t7" name="Wait for Door Code and Verify Page" line="42">
<tag>smoke, booking, BUI2-556, online-checkin</tag>
<status status="FAIL" starttime="20230717 14:00:38.660" endtime="20230717 14:00:38.661">Parent suite setup failed:
No keyword with name 'New Browser' found.</status>
</test>
<kw name="Close Browser" type="TEARDOWN">
<msg timestamp="20230717 14:00:38.666" level="FAIL">No keyword with name 'Close Browser' found.</msg>
<status status="FAIL" starttime="20230717 14:00:38.666" endtime="20230717 14:00:38.666">No keyword with name 'Close Browser' found.</status>
</kw>
<doc>This is a test suite for booking a room and checking in online</doc>
<status status="FAIL" starttime="20230717 14:00:38.127" endtime="20230717 14:00:38.666">Suite setup failed:
No keyword with name 'New Browser' found.

Also suite teardown failed:
No keyword with name 'Close Browser' found.</status>
</suite>
<suite id="s1-s1-s1-s1-s2" name="BUI2-557" source="C:\Users\SaraGilbert\nelson-test-automation\testsuites\BUI\feature\online_check_in\BUI2-557.robot">
<test id="s1-s1-s1-s1-s2-t1" name="Create a new Booking" line="11">
<kw name="Open Browser to Landing Page" library="common" type="SETUP">
<doc>A general startup keyword for opening a browser to the landing page.</doc>
<kw name="Open New Browser To URL" library="common">
<arg>${url}</arg>
<kw name="New Browser">
<arg>${browser}</arg>
<arg>${headless}</arg>
<arg>timeout=${timeout}</arg>
<msg timestamp="20230717 14:00:38.705" level="FAIL">No keyword with name 'New Browser' found.</msg>
<status status="FAIL" starttime="20230717 14:00:38.705" endtime="20230717 14:00:38.706"/>
</kw>
<kw name="Set Browser Timeout">
<arg>${timeout}</arg>
<status status="NOT RUN" starttime="20230717 14:00:38.711" endtime="20230717 14:00:38.711"/>
</kw>
<kw name="New Context">
<status status="NOT RUN" starttime="20230717 14:00:38.715" endtime="20230717 14:00:38.715"/>
</kw>
<kw name="New Page">
<arg>${url}</arg>
<status status="NOT RUN" starttime="20230717 14:00:38.718" endtime="20230717 14:00:38.718"/>
</kw>
<status status="FAIL" starttime="20230717 14:00:38.702" endtime="20230717 14:00:38.718"/>
</kw>
<kw name="Wait Until Network Is Idle">
<status status="NOT RUN" starttime="20230717 14:00:38.721" endtime="20230717 14:00:38.721"/>
</kw>
<kw name="Allow Cookies" library="common">
<doc>Allow Cookies/Toggle Cookie allowance</doc>
<status status="NOT RUN" starttime="20230717 14:00:38.721" endtime="20230717 14:00:38.721"/>
</kw>
<kw name="Set Environment" library="common">
<status status="NOT RUN" starttime="20230717 14:00:38.721" endtime="20230717 14:00:38.721"/>
</kw>
<status status="FAIL" starttime="20230717 14:00:38.702" endtime="20230717 14:00:38.722"/>
</kw>
<kw name="Close Browser" type="TEARDOWN">
<msg timestamp="20230717 14:00:38.727" level="FAIL">No keyword with name 'Close Browser' found.</msg>
<status status="FAIL" starttime="20230717 14:00:38.726" endtime="20230717 14:00:38.727">No keyword with name 'Close Browser' found.</status>
</kw>
<status status="FAIL" starttime="20230717 14:00:38.702" endtime="20230717 14:00:38.727">Setup failed:
No keyword with name 'New Browser' found.

Also teardown failed:
No keyword with name 'Close Browser' found.</status>
</test>
<test id="s1-s1-s1-s1-s2-t2" name="Add Someone Else as the Main Guest" line="25">
<kw name="Open Browser to Landing Page" library="common" type="SETUP">
<doc>A general startup keyword for opening a browser to the landing page.</doc>
<kw name="Open New Browser To URL" library="common">
<arg>${url}</arg>
<kw name="New Browser">
<arg>${browser}</arg>
<arg>${headless}</arg>
<arg>timeout=${timeout}</arg>
<msg timestamp="20230717 14:00:38.734" level="FAIL">No keyword with name 'New Browser' found.</msg>
<status status="FAIL" starttime="20230717 14:00:38.734" endtime="20230717 14:00:38.734"/>
</kw>
<kw name="Set Browser Timeout">
<arg>${timeout}</arg>
<status status="NOT RUN" starttime="20230717 14:00:38.737" endtime="20230717 14:00:38.737"/>
</kw>
<kw name="New Context">
<status status="NOT RUN" starttime="20230717 14:00:38.741" endtime="20230717 14:00:38.741"/>
</kw>
<kw name="New Page">
<arg>${url}</arg>
<status status="NOT RUN" starttime="20230717 14:00:38.745" endtime="20230717 14:00:38.745"/>
</kw>
<status status="FAIL" starttime="20230717 14:00:38.731" endtime="20230717 14:00:38.745"/>
</kw>
<kw name="Wait Until Network Is Idle">
<status status="NOT RUN" starttime="20230717 14:00:38.750" endtime="20230717 14:00:38.750"/>
</kw>
<kw name="Allow Cookies" library="common">
<doc>Allow Cookies/Toggle Cookie allowance</doc>
<status status="NOT RUN" starttime="20230717 14:00:38.750" endtime="20230717 14:00:38.750"/>
</kw>
<kw name="Set Environment" library="common">
<status status="NOT RUN" starttime="20230717 14:00:38.750" endtime="20230717 14:00:38.750"/>
</kw>
<status status="FAIL" starttime="20230717 14:00:38.730" endtime="20230717 14:00:38.750"/>
</kw>
<kw name="Close Browser" type="TEARDOWN">
<msg timestamp="20230717 14:00:38.754" level="FAIL">No keyword with name 'Close Browser' found.</msg>
<status status="FAIL" starttime="20230717 14:00:38.754" endtime="20230717 14:00:38.754">No keyword with name 'Close Browser' found.</status>
</kw>
<status status="FAIL" starttime="20230717 14:00:38.730" endtime="20230717 14:00:38.754">Setup failed:
No keyword with name 'New Browser' found.

Also teardown failed:
No keyword with name 'Close Browser' found.</status>
</test>
<test id="s1-s1-s1-s1-s2-t3" name="Validation shows msg for fields marked" line="39">
<kw name="Open Browser to Landing Page" library="common" type="SETUP">
<doc>A general startup keyword for opening a browser to the landing page.</doc>
<kw name="Open New Browser To URL" library="common">
<arg>${url}</arg>
<kw name="New Browser">
<arg>${browser}</arg>
<arg>${headless}</arg>
<arg>timeout=${timeout}</arg>
<msg timestamp="20230717 14:00:38.762" level="FAIL">No keyword with name 'New Browser' found.</msg>
<status status="FAIL" starttime="20230717 14:00:38.762" endtime="20230717 14:00:38.762"/>
</kw>
<kw name="Set Browser Timeout">
<arg>${timeout}</arg>
<status status="NOT RUN" starttime="20230717 14:00:38.765" endtime="20230717 14:00:38.765"/>
</kw>
<kw name="New Context">
<status status="NOT RUN" starttime="20230717 14:00:38.768" endtime="20230717 14:00:38.768"/>
</kw>
<kw name="New Page">
<arg>${url}</arg>
<status status="NOT RUN" starttime="20230717 14:00:38.770" endtime="20230717 14:00:38.770"/>
</kw>
<status status="FAIL" starttime="20230717 14:00:38.758" endtime="20230717 14:00:38.770"/>
</kw>
<kw name="Wait Until Network Is Idle">
<status status="NOT RUN" starttime="20230717 14:00:38.774" endtime="20230717 14:00:38.774"/>
</kw>
<kw name="Allow Cookies" library="common">
<doc>Allow Cookies/Toggle Cookie allowance</doc>
<status status="NOT RUN" starttime="20230717 14:00:38.774" endtime="20230717 14:00:38.774"/>
</kw>
<kw name="Set Environment" library="common">
<status status="NOT RUN" starttime="20230717 14:00:38.774" endtime="20230717 14:00:38.774"/>
</kw>
<status status="FAIL" starttime="20230717 14:00:38.758" endtime="20230717 14:00:38.775"/>
</kw>
<kw name="Close Browser" type="TEARDOWN">
<msg timestamp="20230717 14:00:38.781" level="FAIL">No keyword with name 'Close Browser' found.</msg>
<status status="FAIL" starttime="20230717 14:00:38.781" endtime="20230717 14:00:38.781">No keyword with name 'Close Browser' found.</status>
</kw>
<status status="FAIL" starttime="20230717 14:00:38.757" endtime="20230717 14:00:38.782">Setup failed:
No keyword with name 'New Browser' found.

Also teardown failed:
No keyword with name 'Close Browser' found.</status>
</test>
<test id="s1-s1-s1-s1-s2-t4" name="Showing imported passport when the National is not Finland" line="62">
<kw name="Open Browser to Landing Page" library="common" type="SETUP">
<doc>A general startup keyword for opening a browser to the landing page.</doc>
<kw name="Open New Browser To URL" library="common">
<arg>${url}</arg>
<kw name="New Browser">
<arg>${browser}</arg>
<arg>${headless}</arg>
<arg>timeout=${timeout}</arg>
<msg timestamp="20230717 14:00:38.788" level="FAIL">No keyword with name 'New Browser' found.</msg>
<status status="FAIL" starttime="20230717 14:00:38.788" endtime="20230717 14:00:38.788"/>
</kw>
<kw name="Set Browser Timeout">
<arg>${timeout}</arg>
<status status="NOT RUN" starttime="20230717 14:00:38.793" endtime="20230717 14:00:38.793"/>
</kw>
<kw name="New Context">
<status status="NOT RUN" starttime="20230717 14:00:38.797" endtime="20230717 14:00:38.797"/>
</kw>
<kw name="New Page">
<arg>${url}</arg>
<status status="NOT RUN" starttime="20230717 14:00:38.800" endtime="20230717 14:00:38.800"/>
</kw>
<status status="FAIL" starttime="20230717 14:00:38.784" endtime="20230717 14:00:38.800"/>
</kw>
<kw name="Wait Until Network Is Idle">
<status status="NOT RUN" starttime="20230717 14:00:38.804" endtime="20230717 14:00:38.804"/>
</kw>
<kw name="Allow Cookies" library="common">
<doc>Allow Cookies/Toggle Cookie allowance</doc>
<status status="NOT RUN" starttime="20230717 14:00:38.804" endtime="20230717 14:00:38.804"/>
</kw>
<kw name="Set Environment" library="common">
<status status="NOT RUN" starttime="20230717 14:00:38.804" endtime="20230717 14:00:38.804"/>
</kw>
<status status="FAIL" starttime="20230717 14:00:38.784" endtime="20230717 14:00:38.804"/>
</kw>
<kw name="Close Browser" type="TEARDOWN">
<msg timestamp="20230717 14:00:38.809" level="FAIL">No keyword with name 'Close Browser' found.</msg>
<status status="FAIL" starttime="20230717 14:00:38.808" endtime="20230717 14:00:38.809">No keyword with name 'Close Browser' found.</status>
</kw>
<status status="FAIL" starttime="20230717 14:00:38.784" endtime="20230717 14:00:38.810">Setup failed:
No keyword with name 'New Browser' found.

Also teardown failed:
No keyword with name 'Close Browser' found.</status>
</test>
<status status="FAIL" starttime="20230717 14:00:38.669" endtime="20230717 14:00:38.813"/>
</suite>
<suite id="s1-s1-s1-s1-s3" name="BUI2-558" source="C:\Users\SaraGilbert\nelson-test-automation\testsuites\BUI\feature\online_check_in\BUI2-558.robot">
<test id="s1-s1-s1-s1-s3-t1" name="Verify notification when marking someone else as a guest" line="9">
<kw name="Complete a new booking" library="booking">
<doc>A complete booking process from start to finish
This is currently duplicate to "Create a new booking" test case</doc>
<kw name="Run Keyword If" library="BuiltIn">
<arg>'${isBrowserOpen}'=='False'</arg>
<arg>Open Browser to Landing Page</arg>
<doc>Runs the given keyword with the given arguments, if ``condition`` is true.</doc>
<kw name="Open Browser to Landing Page" library="common">
<doc>A general startup keyword for opening a browser to the landing page.</doc>
<kw name="Open New Browser To URL" library="common">
<arg>${url}</arg>
<kw name="New Browser">
<arg>${browser}</arg>
<arg>${headless}</arg>
<arg>timeout=${timeout}</arg>
<msg timestamp="20230717 14:00:38.845" level="FAIL">No keyword with name 'New Browser' found.</msg>
<status status="FAIL" starttime="20230717 14:00:38.845" endtime="20230717 14:00:38.845"/>
</kw>
<kw name="Set Browser Timeout">
<arg>${timeout}</arg>
<status status="NOT RUN" starttime="20230717 14:00:38.849" endtime="20230717 14:00:38.849"/>
</kw>
<kw name="New Context">
<status status="NOT RUN" starttime="20230717 14:00:38.851" endtime="20230717 14:00:38.851"/>
</kw>
<kw name="New Page">
<arg>${url}</arg>
<status status="NOT RUN" starttime="20230717 14:00:38.851" endtime="20230717 14:00:38.851"/>
</kw>
<status status="FAIL" starttime="20230717 14:00:38.841" endtime="20230717 14:00:38.851"/>
</kw>
<kw name="Wait Until Network Is Idle">
<status status="NOT RUN" starttime="20230717 14:00:38.859" endtime="20230717 14:00:38.859"/>
</kw>
<kw name="Allow Cookies" library="common">
<doc>Allow Cookies/Toggle Cookie allowance</doc>
<status status="NOT RUN" starttime="20230717 14:00:38.859" endtime="20230717 14:00:38.859"/>
</kw>
<kw name="Set Environment" library="common">
<status status="NOT RUN" starttime="20230717 14:00:38.860" endtime="20230717 14:00:38.860"/>
</kw>
<status status="FAIL" starttime="20230717 14:00:38.841" endtime="20230717 14:00:38.860"/>
</kw>
<status status="FAIL" starttime="20230717 14:00:38.840" endtime="20230717 14:00:38.860"/>
</kw>
<kw name="Select Hotel" library="booking">
<doc>Select Hotel by using a number as an argument, default Lönnrotinkatu</doc>
<status status="NOT RUN" starttime="20230717 14:00:38.860" endtime="20230717 14:00:38.860"/>
</kw>
<kw name="Select Dates" library="booking">
<status status="NOT RUN" starttime="20230717 14:00:38.860" endtime="20230717 14:00:38.860"/>
</kw>
<kw name="Select Guests" library="booking">
<doc>Selects the number of guests for the booking, current implementation will only check the dropdown</doc>
<status status="NOT RUN" starttime="20230717 14:00:38.860" endtime="20230717 14:00:38.860"/>
</kw>
<kw name="Click Book or Find Rooms Button" library="booking">
<status status="NOT RUN" starttime="20230717 14:00:38.860" endtime="20230717 14:00:38.860"/>
</kw>
<kw name="Select a Standard Room" library="booking">
<status status="NOT RUN" starttime="20230717 14:00:38.861" endtime="20230717 14:00:38.861"/>
</kw>
<kw name="Click Continue to Extras Button" library="booking">
<doc>Clicks the continue to extras button</doc>
<status status="NOT RUN" starttime="20230717 14:00:38.861" endtime="20230717 14:00:38.861"/>
</kw>
<kw name="Continue to Payment" library="booking">
<status status="NOT RUN" starttime="20230717 14:00:38.861" endtime="20230717 14:00:38.861"/>
</kw>
<kw name="Select Join for Free" library="booking">
<status status="NOT RUN" starttime="20230717 14:00:38.861" endtime="20230717 14:00:38.861"/>
</kw>
<kw name="Fill in Contact Information" library="booking">
<doc>Fills in Contact information that can be given as arguments or use default values
Uses a password if the environment is bui and</doc>
<status status="NOT RUN" starttime="20230717 14:00:38.861" endtime="20230717 14:00:38.861"/>
</kw>
<kw name="Accept offers and Terms" library="booking">
<status status="NOT RUN" starttime="20230717 14:00:38.861" endtime="20230717 14:00:38.861"/>
</kw>
<kw name="Select Web Bank and Nordea as Payment Method" library="booking">
<status status="NOT RUN" starttime="20230717 14:00:38.861" endtime="20230717 14:00:38.861"/>
</kw>
<kw name="Complete Payment Successfully" library="booking">
<status status="NOT RUN" starttime="20230717 14:00:38.861" endtime="20230717 14:00:38.861"/>
</kw>
<status status="FAIL" starttime="20230717 14:00:38.840" endtime="20230717 14:00:38.861"/>
</kw>
<kw name="Click Check In Button" library="booking">
<status status="NOT RUN" starttime="20230717 14:00:38.862" endtime="20230717 14:00:38.862"/>
</kw>
<kw name="Click Someone else checkbox" library="booking">
<status status="NOT RUN" starttime="20230717 14:00:38.862" endtime="20230717 14:00:38.862"/>
</kw>
<kw name="Verify notification &quot;Before iniviting someone else to be the main guest in this room, you must fill in your own information&quot;" library="booking">
<status status="NOT RUN" starttime="20230717 14:00:38.862" endtime="20230717 14:00:38.862"/>
</kw>
<kw name="Close Browser" type="TEARDOWN">
<msg timestamp="20230717 14:00:38.866" level="FAIL">No keyword with name 'Close Browser' found.</msg>
<status status="FAIL" starttime="20230717 14:00:38.866" endtime="20230717 14:00:38.866">No keyword with name 'Close Browser' found.</status>
</kw>
<tag>skip</tag>
<status status="FAIL" starttime="20230717 14:00:38.840" endtime="20230717 14:00:38.866">No keyword with name 'New Browser' found.

Also teardown failed:
No keyword with name 'Close Browser' found.</status>
</test>
<test id="s1-s1-s1-s1-s3-t2" name="Verify room name in Edit guest popup when marking someone else as a guest" line="15">
<kw name="Complete a new booking" library="booking">
<doc>A complete booking process from start to finish
This is currently duplicate to "Create a new booking" test case</doc>
<kw name="Run Keyword If" library="BuiltIn">
<arg>'${isBrowserOpen}'=='False'</arg>
<arg>Open Browser to Landing Page</arg>
<doc>Runs the given keyword with the given arguments, if ``condition`` is true.</doc>
<kw name="Open Browser to Landing Page" library="common">
<doc>A general startup keyword for opening a browser to the landing page.</doc>
<kw name="Open New Browser To URL" library="common">
<arg>${url}</arg>
<kw name="New Browser">
<arg>${browser}</arg>
<arg>${headless}</arg>
<arg>timeout=${timeout}</arg>
<msg timestamp="20230717 14:00:38.875" level="FAIL">No keyword with name 'New Browser' found.</msg>
<status status="FAIL" starttime="20230717 14:00:38.875" endtime="20230717 14:00:38.875"/>
</kw>
<kw name="Set Browser Timeout">
<arg>${timeout}</arg>
<status status="NOT RUN" starttime="20230717 14:00:38.881" endtime="20230717 14:00:38.881"/>
</kw>
<kw name="New Context">
<status status="NOT RUN" starttime="20230717 14:00:38.884" endtime="20230717 14:00:38.884"/>
</kw>
<kw name="New Page">
<arg>${url}</arg>
<status status="NOT RUN" starttime="20230717 14:00:38.885" endtime="20230717 14:00:38.885"/>
</kw>
<status status="FAIL" starttime="20230717 14:00:38.870" endtime="20230717 14:00:38.885"/>
</kw>
<kw name="Wait Until Network Is Idle">
<status status="NOT RUN" starttime="20230717 14:00:38.891" endtime="20230717 14:00:38.891"/>
</kw>
<kw name="Allow Cookies" library="common">
<doc>Allow Cookies/Toggle Cookie allowance</doc>
<status status="NOT RUN" starttime="20230717 14:00:38.891" endtime="20230717 14:00:38.891"/>
</kw>
<kw name="Set Environment" library="common">
<status status="NOT RUN" starttime="20230717 14:00:38.891" endtime="20230717 14:00:38.891"/>
</kw>
<status status="FAIL" starttime="20230717 14:00:38.870" endtime="20230717 14:00:38.892"/>
</kw>
<status status="FAIL" starttime="20230717 14:00:38.870" endtime="20230717 14:00:38.892"/>
</kw>
<kw name="Select Hotel" library="booking">
<doc>Select Hotel by using a number as an argument, default Lönnrotinkatu</doc>
<status status="NOT RUN" starttime="20230717 14:00:38.892" endtime="20230717 14:00:38.892"/>
</kw>
<kw name="Select Dates" library="booking">
<status status="NOT RUN" starttime="20230717 14:00:38.892" endtime="20230717 14:00:38.892"/>
</kw>
<kw name="Select Guests" library="booking">
<doc>Selects the number of guests for the booking, current implementation will only check the dropdown</doc>
<status status="NOT RUN" starttime="20230717 14:00:38.892" endtime="20230717 14:00:38.892"/>
</kw>
<kw name="Click Book or Find Rooms Button" library="booking">
<status status="NOT RUN" starttime="20230717 14:00:38.892" endtime="20230717 14:00:38.892"/>
</kw>
<kw name="Select a Standard Room" library="booking">
<status status="NOT RUN" starttime="20230717 14:00:38.892" endtime="20230717 14:00:38.892"/>
</kw>
<kw name="Click Continue to Extras Button" library="booking">
<doc>Clicks the continue to extras button</doc>
<status status="NOT RUN" starttime="20230717 14:00:38.892" endtime="20230717 14:00:38.892"/>
</kw>
<kw name="Continue to Payment" library="booking">
<status status="NOT RUN" starttime="20230717 14:00:38.892" endtime="20230717 14:00:38.892"/>
</kw>
<kw name="Select Join for Free" library="booking">
<status status="NOT RUN" starttime="20230717 14:00:38.892" endtime="20230717 14:00:38.892"/>
</kw>
<kw name="Fill in Contact Information" library="booking">
<doc>Fills in Contact information that can be given as arguments or use default values
Uses a password if the environment is bui and</doc>
<status status="NOT RUN" starttime="20230717 14:00:38.892" endtime="20230717 14:00:38.892"/>
</kw>
<kw name="Accept offers and Terms" library="booking">
<status status="NOT RUN" starttime="20230717 14:00:38.893" endtime="20230717 14:00:38.893"/>
</kw>
<kw name="Select Web Bank and Nordea as Payment Method" library="booking">
<status status="NOT RUN" starttime="20230717 14:00:38.893" endtime="20230717 14:00:38.893"/>
</kw>
<kw name="Complete Payment Successfully" library="booking">
<status status="NOT RUN" starttime="20230717 14:00:38.893" endtime="20230717 14:00:38.893"/>
</kw>
<status status="FAIL" starttime="20230717 14:00:38.870" endtime="20230717 14:00:38.893"/>
</kw>
<kw name="Click Check In Button" library="booking">
<status status="NOT RUN" starttime="20230717 14:00:38.894" endtime="20230717 14:00:38.894"/>
</kw>
<kw name="Click Someone else checkbox" library="booking">
<status status="NOT RUN" starttime="20230717 14:00:38.895" endtime="20230717 14:00:38.895"/>
</kw>
<kw name="Room name is removed" library="booking">
<status status="NOT RUN" starttime="20230717 14:00:38.895" endtime="20230717 14:00:38.895"/>
</kw>
<kw name="Close Browser" type="TEARDOWN">
<msg timestamp="20230717 14:00:38.899" level="FAIL">No keyword with name 'Close Browser' found.</msg>
<status status="FAIL" starttime="20230717 14:00:38.898" endtime="20230717 14:00:38.899">No keyword with name 'Close Browser' found.</status>
</kw>
<tag>skip</tag>
<status status="FAIL" starttime="20230717 14:00:38.870" endtime="20230717 14:00:38.899">No keyword with name 'New Browser' found.

Also teardown failed:
No keyword with name 'Close Browser' found.</status>
</test>
<test id="s1-s1-s1-s1-s3-t3" name="Verify Purpose of trip checkbox in Edit guest popup when marking someone else as a guest" line="21">
<kw name="Complete a new booking" library="booking">
<doc>A complete booking process from start to finish
This is currently duplicate to "Create a new booking" test case</doc>
<kw name="Run Keyword If" library="BuiltIn">
<arg>'${isBrowserOpen}'=='False'</arg>
<arg>Open Browser to Landing Page</arg>
<doc>Runs the given keyword with the given arguments, if ``condition`` is true.</doc>
<kw name="Open Browser to Landing Page" library="common">
<doc>A general startup keyword for opening a browser to the landing page.</doc>
<kw name="Open New Browser To URL" library="common">
<arg>${url}</arg>
<kw name="New Browser">
<arg>${browser}</arg>
<arg>${headless}</arg>
<arg>timeout=${timeout}</arg>
<msg timestamp="20230717 14:00:38.907" level="FAIL">No keyword with name 'New Browser' found.</msg>
<status status="FAIL" starttime="20230717 14:00:38.907" endtime="20230717 14:00:38.907"/>
</kw>
<kw name="Set Browser Timeout">
<arg>${timeout}</arg>
<status status="NOT RUN" starttime="20230717 14:00:38.911" endtime="20230717 14:00:38.911"/>
</kw>
<kw name="New Context">
<status status="NOT RUN" starttime="20230717 14:00:38.914" endtime="20230717 14:00:38.914"/>
</kw>
<kw name="New Page">
<arg>${url}</arg>
<status status="NOT RUN" starttime="20230717 14:00:38.916" endtime="20230717 14:00:38.916"/>
</kw>
<status status="FAIL" starttime="20230717 14:00:38.903" endtime="20230717 14:00:38.916"/>
</kw>
<kw name="Wait Until Network Is Idle">
<status status="NOT RUN" starttime="20230717 14:00:38.919" endtime="20230717 14:00:38.919"/>
</kw>
<kw name="Allow Cookies" library="common">
<doc>Allow Cookies/Toggle Cookie allowance</doc>
<status status="NOT RUN" starttime="20230717 14:00:38.919" endtime="20230717 14:00:38.919"/>
</kw>
<kw name="Set Environment" library="common">
<status status="NOT RUN" starttime="20230717 14:00:38.919" endtime="20230717 14:00:38.919"/>
</kw>
<status status="FAIL" starttime="20230717 14:00:38.903" endtime="20230717 14:00:38.919"/>
</kw>
<status status="FAIL" starttime="20230717 14:00:38.903" endtime="20230717 14:00:38.919"/>
</kw>
<kw name="Select Hotel" library="booking">
<doc>Select Hotel by using a number as an argument, default Lönnrotinkatu</doc>
<status status="NOT RUN" starttime="20230717 14:00:38.919" endtime="20230717 14:00:38.919"/>
</kw>
<kw name="Select Dates" library="booking">
<status status="NOT RUN" starttime="20230717 14:00:38.919" endtime="20230717 14:00:38.919"/>
</kw>
<kw name="Select Guests" library="booking">
<doc>Selects the number of guests for the booking, current implementation will only check the dropdown</doc>
<status status="NOT RUN" starttime="20230717 14:00:38.919" endtime="20230717 14:00:38.919"/>
</kw>
<kw name="Click Book or Find Rooms Button" library="booking">
<status status="NOT RUN" starttime="20230717 14:00:38.919" endtime="20230717 14:00:38.919"/>
</kw>
<kw name="Select a Standard Room" library="booking">
<status status="NOT RUN" starttime="20230717 14:00:38.919" endtime="20230717 14:00:38.919"/>
</kw>
<kw name="Click Continue to Extras Button" library="booking">
<doc>Clicks the continue to extras button</doc>
<status status="NOT RUN" starttime="20230717 14:00:38.919" endtime="20230717 14:00:38.919"/>
</kw>
<kw name="Continue to Payment" library="booking">
<status status="NOT RUN" starttime="20230717 14:00:38.919" endtime="20230717 14:00:38.919"/>
</kw>
<kw name="Select Join for Free" library="booking">
<status status="NOT RUN" starttime="20230717 14:00:38.919" endtime="20230717 14:00:38.919"/>
</kw>
<kw name="Fill in Contact Information" library="booking">
<doc>Fills in Contact information that can be given as arguments or use default values
Uses a password if the environment is bui and</doc>
<status status="NOT RUN" starttime="20230717 14:00:38.919" endtime="20230717 14:00:38.919"/>
</kw>
<kw name="Accept offers and Terms" library="booking">
<status status="NOT RUN" starttime="20230717 14:00:38.919" endtime="20230717 14:00:38.919"/>
</kw>
<kw name="Select Web Bank and Nordea as Payment Method" library="booking">
<status status="NOT RUN" starttime="20230717 14:00:38.919" endtime="20230717 14:00:38.919"/>
</kw>
<kw name="Complete Payment Successfully" library="booking">
<status status="NOT RUN" starttime="20230717 14:00:38.919" endtime="20230717 14:00:38.919"/>
</kw>
<status status="FAIL" starttime="20230717 14:00:38.903" endtime="20230717 14:00:38.919"/>
</kw>
<kw name="Click Check In Button" library="booking">
<status status="NOT RUN" starttime="20230717 14:00:38.919" endtime="20230717 14:00:38.919"/>
</kw>
<kw name="Click Someone else checkbox" library="booking">
<status status="NOT RUN" starttime="20230717 14:00:38.919" endtime="20230717 14:00:38.919"/>
</kw>
<kw name="The &quot;Purpose of the trip&quot; checkbox is removed" library="booking">
<status status="NOT RUN" starttime="20230717 14:00:38.919" endtime="20230717 14:00:38.919"/>
</kw>
<kw name="Close Browser" type="TEARDOWN">
<msg timestamp="20230717 14:00:38.928" level="FAIL">No keyword with name 'Close Browser' found.</msg>
<status status="FAIL" starttime="20230717 14:00:38.928" endtime="20230717 14:00:38.928">No keyword with name 'Close Browser' found.</status>
</kw>
<tag>skip</tag>
<status status="FAIL" starttime="20230717 14:00:38.902" endtime="20230717 14:00:38.928">No keyword with name 'New Browser' found.

Also teardown failed:
No keyword with name 'Close Browser' found.</status>
</test>
<test id="s1-s1-s1-s1-s3-t4" name="Verify Save and invite button when marking someone else as a guest" line="27">
<kw name="Complete a new booking" library="booking">
<doc>A complete booking process from start to finish
This is currently duplicate to "Create a new booking" test case</doc>
<kw name="Run Keyword If" library="BuiltIn">
<arg>'${isBrowserOpen}'=='False'</arg>
<arg>Open Browser to Landing Page</arg>
<doc>Runs the given keyword with the given arguments, if ``condition`` is true.</doc>
<kw name="Open Browser to Landing Page" library="common">
<doc>A general startup keyword for opening a browser to the landing page.</doc>
<kw name="Open New Browser To URL" library="common">
<arg>${url}</arg>
<kw name="New Browser">
<arg>${browser}</arg>
<arg>${headless}</arg>
<arg>timeout=${timeout}</arg>
<msg timestamp="20230717 14:00:38.935" level="FAIL">No keyword with name 'New Browser' found.</msg>
<status status="FAIL" starttime="20230717 14:00:38.935" endtime="20230717 14:00:38.935"/>
</kw>
<kw name="Set Browser Timeout">
<arg>${timeout}</arg>
<status status="NOT RUN" starttime="20230717 14:00:38.938" endtime="20230717 14:00:38.938"/>
</kw>
<kw name="New Context">
<status status="NOT RUN" starttime="20230717 14:00:38.942" endtime="20230717 14:00:38.942"/>
</kw>
<kw name="New Page">
<arg>${url}</arg>
<status status="NOT RUN" starttime="20230717 14:00:38.948" endtime="20230717 14:00:38.948"/>
</kw>
<status status="FAIL" starttime="20230717 14:00:38.932" endtime="20230717 14:00:38.949"/>
</kw>
<kw name="Wait Until Network Is Idle">
<status status="NOT RUN" starttime="20230717 14:00:38.956" endtime="20230717 14:00:38.956"/>
</kw>
<kw name="Allow Cookies" library="common">
<doc>Allow Cookies/Toggle Cookie allowance</doc>
<status status="NOT RUN" starttime="20230717 14:00:38.956" endtime="20230717 14:00:38.956"/>
</kw>
<kw name="Set Environment" library="common">
<status status="NOT RUN" starttime="20230717 14:00:38.956" endtime="20230717 14:00:38.956"/>
</kw>
<status status="FAIL" starttime="20230717 14:00:38.932" endtime="20230717 14:00:38.958"/>
</kw>
<status status="FAIL" starttime="20230717 14:00:38.932" endtime="20230717 14:00:38.959"/>
</kw>
<kw name="Select Hotel" library="booking">
<doc>Select Hotel by using a number as an argument, default Lönnrotinkatu</doc>
<status status="NOT RUN" starttime="20230717 14:00:38.959" endtime="20230717 14:00:38.959"/>
</kw>
<kw name="Select Dates" library="booking">
<status status="NOT RUN" starttime="20230717 14:00:38.960" endtime="20230717 14:00:38.960"/>
</kw>
<kw name="Select Guests" library="booking">
<doc>Selects the number of guests for the booking, current implementation will only check the dropdown</doc>
<status status="NOT RUN" starttime="20230717 14:00:38.960" endtime="20230717 14:00:38.960"/>
</kw>
<kw name="Click Book or Find Rooms Button" library="booking">
<status status="NOT RUN" starttime="20230717 14:00:38.960" endtime="20230717 14:00:38.960"/>
</kw>
<kw name="Select a Standard Room" library="booking">
<status status="NOT RUN" starttime="20230717 14:00:38.960" endtime="20230717 14:00:38.960"/>
</kw>
<kw name="Click Continue to Extras Button" library="booking">
<doc>Clicks the continue to extras button</doc>
<status status="NOT RUN" starttime="20230717 14:00:38.960" endtime="20230717 14:00:38.960"/>
</kw>
<kw name="Continue to Payment" library="booking">
<status status="NOT RUN" starttime="20230717 14:00:38.960" endtime="20230717 14:00:38.960"/>
</kw>
<kw name="Select Join for Free" library="booking">
<status status="NOT RUN" starttime="20230717 14:00:38.960" endtime="20230717 14:00:38.960"/>
</kw>
<kw name="Fill in Contact Information" library="booking">
<doc>Fills in Contact information that can be given as arguments or use default values
Uses a password if the environment is bui and</doc>
<status status="NOT RUN" starttime="20230717 14:00:38.961" endtime="20230717 14:00:38.961"/>
</kw>
<kw name="Accept offers and Terms" library="booking">
<status status="NOT RUN" starttime="20230717 14:00:38.961" endtime="20230717 14:00:38.961"/>
</kw>
<kw name="Select Web Bank and Nordea as Payment Method" library="booking">
<status status="NOT RUN" starttime="20230717 14:00:38.961" endtime="20230717 14:00:38.961"/>
</kw>
<kw name="Complete Payment Successfully" library="booking">
<status status="NOT RUN" starttime="20230717 14:00:38.961" endtime="20230717 14:00:38.961"/>
</kw>
<status status="FAIL" starttime="20230717 14:00:38.932" endtime="20230717 14:00:38.961"/>
</kw>
<kw name="Click Check In Button" library="booking">
<status status="NOT RUN" starttime="20230717 14:00:38.965" endtime="20230717 14:00:38.965"/>
</kw>
<kw name="Click Someone else checkbox" library="booking">
<status status="NOT RUN" starttime="20230717 14:00:38.965" endtime="20230717 14:00:38.965"/>
</kw>
<kw name="The &quot;Save and sign&quot; button changes to &quot; Save and invite&quot; button" library="booking">
<status status="NOT RUN" starttime="20230717 14:00:38.966" endtime="20230717 14:00:38.966"/>
</kw>
<kw name="Close Browser" type="TEARDOWN">
<msg timestamp="20230717 14:00:38.971" level="FAIL">No keyword with name 'Close Browser' found.</msg>
<status status="FAIL" starttime="20230717 14:00:38.971" endtime="20230717 14:00:38.971">No keyword with name 'Close Browser' found.</status>
</kw>
<tag>skip</tag>
<status status="FAIL" starttime="20230717 14:00:38.931" endtime="20230717 14:00:38.971">No keyword with name 'New Browser' found.

Also teardown failed:
No keyword with name 'Close Browser' found.</status>
</test>
<test id="s1-s1-s1-s1-s3-t5" name="Verify Invite guest popup UI" line="33">
<kw name="Complete a new booking" library="booking">
<doc>A complete booking process from start to finish
This is currently duplicate to "Create a new booking" test case</doc>
<kw name="Run Keyword If" library="BuiltIn">
<arg>'${isBrowserOpen}'=='False'</arg>
<arg>Open Browser to Landing Page</arg>
<doc>Runs the given keyword with the given arguments, if ``condition`` is true.</doc>
<kw name="Open Browser to Landing Page" library="common">
<doc>A general startup keyword for opening a browser to the landing page.</doc>
<kw name="Open New Browser To URL" library="common">
<arg>${url}</arg>
<kw name="New Browser">
<arg>${browser}</arg>
<arg>${headless}</arg>
<arg>timeout=${timeout}</arg>
<msg timestamp="20230717 14:00:38.980" level="FAIL">No keyword with name 'New Browser' found.</msg>
<status status="FAIL" starttime="20230717 14:00:38.980" endtime="20230717 14:00:38.980"/>
</kw>
<kw name="Set Browser Timeout">
<arg>${timeout}</arg>
<status status="NOT RUN" starttime="20230717 14:00:38.984" endtime="20230717 14:00:38.984"/>
</kw>
<kw name="New Context">
<status status="NOT RUN" starttime="20230717 14:00:38.985" endtime="20230717 14:00:38.985"/>
</kw>
<kw name="New Page">
<arg>${url}</arg>
<status status="NOT RUN" starttime="20230717 14:00:38.985" endtime="20230717 14:00:38.985"/>
</kw>
<status status="FAIL" starttime="20230717 14:00:38.975" endtime="20230717 14:00:38.985"/>
</kw>
<kw name="Wait Until Network Is Idle">
<status status="NOT RUN" starttime="20230717 14:00:38.994" endtime="20230717 14:00:38.994"/>
</kw>
<kw name="Allow Cookies" library="common">
<doc>Allow Cookies/Toggle Cookie allowance</doc>
<status status="NOT RUN" starttime="20230717 14:00:38.994" endtime="20230717 14:00:38.994"/>
</kw>
<kw name="Set Environment" library="common">
<status status="NOT RUN" starttime="20230717 14:00:38.994" endtime="20230717 14:00:38.994"/>
</kw>
<status status="FAIL" starttime="20230717 14:00:38.975" endtime="20230717 14:00:38.994"/>
</kw>
<status status="FAIL" starttime="20230717 14:00:38.975" endtime="20230717 14:00:38.994"/>
</kw>
<kw name="Select Hotel" library="booking">
<doc>Select Hotel by using a number as an argument, default Lönnrotinkatu</doc>
<status status="NOT RUN" starttime="20230717 14:00:38.994" endtime="20230717 14:00:38.995"/>
</kw>
<kw name="Select Dates" library="booking">
<status status="NOT RUN" starttime="20230717 14:00:38.995" endtime="20230717 14:00:38.995"/>
</kw>
<kw name="Select Guests" library="booking">
<doc>Selects the number of guests for the booking, current implementation will only check the dropdown</doc>
<status status="NOT RUN" starttime="20230717 14:00:38.995" endtime="20230717 14:00:38.995"/>
</kw>
<kw name="Click Book or Find Rooms Button" library="booking">
<status status="NOT RUN" starttime="20230717 14:00:38.995" endtime="20230717 14:00:38.995"/>
</kw>
<kw name="Select a Standard Room" library="booking">
<status status="NOT RUN" starttime="20230717 14:00:38.995" endtime="20230717 14:00:38.995"/>
</kw>
<kw name="Click Continue to Extras Button" library="booking">
<doc>Clicks the continue to extras button</doc>
<status status="NOT RUN" starttime="20230717 14:00:38.995" endtime="20230717 14:00:38.995"/>
</kw>
<kw name="Continue to Payment" library="booking">
<status status="NOT RUN" starttime="20230717 14:00:38.995" endtime="20230717 14:00:38.995"/>
</kw>
<kw name="Select Join for Free" library="booking">
<status status="NOT RUN" starttime="20230717 14:00:38.995" endtime="20230717 14:00:38.995"/>
</kw>
<kw name="Fill in Contact Information" library="booking">
<doc>Fills in Contact information that can be given as arguments or use default values
Uses a password if the environment is bui and</doc>
<status status="NOT RUN" starttime="20230717 14:00:38.995" endtime="20230717 14:00:38.995"/>
</kw>
<kw name="Accept offers and Terms" library="booking">
<status status="NOT RUN" starttime="20230717 14:00:38.995" endtime="20230717 14:00:38.995"/>
</kw>
<kw name="Select Web Bank and Nordea as Payment Method" library="booking">
<status status="NOT RUN" starttime="20230717 14:00:38.995" endtime="20230717 14:00:38.995"/>
</kw>
<kw name="Complete Payment Successfully" library="booking">
<status status="NOT RUN" starttime="20230717 14:00:38.996" endtime="20230717 14:00:38.996"/>
</kw>
<status status="FAIL" starttime="20230717 14:00:38.974" endtime="20230717 14:00:38.996"/>
</kw>
<kw name="Click Check In Button" library="booking">
<status status="NOT RUN" starttime="20230717 14:00:38.997" endtime="20230717 14:00:38.997"/>
</kw>
<kw name="Click Someone else checkbox" library="booking">
<status status="NOT RUN" starttime="20230717 14:00:38.998" endtime="20230717 14:00:38.998"/>
</kw>
<kw name="Fill In Booker info" library="booking">
<status status="NOT RUN" starttime="20230717 14:00:38.998" endtime="20230717 14:00:38.998"/>
</kw>
<kw name="Click Save and invite" library="booking">
<status status="NOT RUN" starttime="20230717 14:00:38.999" endtime="20230717 14:00:38.999"/>
</kw>
<kw name="Invite guest popup is open" library="booking">
<status status="NOT RUN" starttime="20230717 14:00:38.999" endtime="20230717 14:00:38.999"/>
</kw>
<kw name="Verify the Invite Guest UI" library="booking">
<status status="NOT RUN" starttime="20230717 14:00:38.999" endtime="20230717 14:00:39.000"/>
</kw>
<kw name="Close Browser" type="TEARDOWN">
<msg timestamp="20230717 14:00:39.004" level="FAIL">No keyword with name 'Close Browser' found.</msg>
<status status="FAIL" starttime="20230717 14:00:39.003" endtime="20230717 14:00:39.004">No keyword with name 'Close Browser' found.</status>
</kw>
<tag>skip</tag>
<status status="FAIL" starttime="20230717 14:00:38.973" endtime="20230717 14:00:39.004">No keyword with name 'New Browser' found.

Also teardown failed:
No keyword with name 'Close Browser' found.</status>
</test>
<test id="s1-s1-s1-s1-s3-t6" name="Verify email field validation when inviting guest" line="42">
<kw name="Complete a new booking" library="booking">
<doc>A complete booking process from start to finish
This is currently duplicate to "Create a new booking" test case</doc>
<kw name="Run Keyword If" library="BuiltIn">
<arg>'${isBrowserOpen}'=='False'</arg>
<arg>Open Browser to Landing Page</arg>
<doc>Runs the given keyword with the given arguments, if ``condition`` is true.</doc>
<kw name="Open Browser to Landing Page" library="common">
<doc>A general startup keyword for opening a browser to the landing page.</doc>
<kw name="Open New Browser To URL" library="common">
<arg>${url}</arg>
<kw name="New Browser">
<arg>${browser}</arg>
<arg>${headless}</arg>
<arg>timeout=${timeout}</arg>
<msg timestamp="20230717 14:00:39.010" level="FAIL">No keyword with name 'New Browser' found.</msg>
<status status="FAIL" starttime="20230717 14:00:39.010" endtime="20230717 14:00:39.010"/>
</kw>
<kw name="Set Browser Timeout">
<arg>${timeout}</arg>
<status status="NOT RUN" starttime="20230717 14:00:39.014" endtime="20230717 14:00:39.014"/>
</kw>
<kw name="New Context">
<status status="NOT RUN" starttime="20230717 14:00:39.017" endtime="20230717 14:00:39.018"/>
</kw>
<kw name="New Page">
<arg>${url}</arg>
<status status="NOT RUN" starttime="20230717 14:00:39.020" endtime="20230717 14:00:39.021"/>
</kw>
<status status="FAIL" starttime="20230717 14:00:39.006" endtime="20230717 14:00:39.021"/>
</kw>
<kw name="Wait Until Network Is Idle">
<status status="NOT RUN" starttime="20230717 14:00:39.025" endtime="20230717 14:00:39.025"/>
</kw>
<kw name="Allow Cookies" library="common">
<doc>Allow Cookies/Toggle Cookie allowance</doc>
<status status="NOT RUN" starttime="20230717 14:00:39.025" endtime="20230717 14:00:39.025"/>
</kw>
<kw name="Set Environment" library="common">
<status status="NOT RUN" starttime="20230717 14:00:39.025" endtime="20230717 14:00:39.025"/>
</kw>
<status status="FAIL" starttime="20230717 14:00:39.006" endtime="20230717 14:00:39.025"/>
</kw>
<status status="FAIL" starttime="20230717 14:00:39.006" endtime="20230717 14:00:39.026"/>
</kw>
<kw name="Select Hotel" library="booking">
<doc>Select Hotel by using a number as an argument, default Lönnrotinkatu</doc>
<status status="NOT RUN" starttime="20230717 14:00:39.026" endtime="20230717 14:00:39.026"/>
</kw>
<kw name="Select Dates" library="booking">
<status status="NOT RUN" starttime="20230717 14:00:39.026" endtime="20230717 14:00:39.026"/>
</kw>
<kw name="Select Guests" library="booking">
<doc>Selects the number of guests for the booking, current implementation will only check the dropdown</doc>
<status status="NOT RUN" starttime="20230717 14:00:39.026" endtime="20230717 14:00:39.026"/>
</kw>
<kw name="Click Book or Find Rooms Button" library="booking">
<status status="NOT RUN" starttime="20230717 14:00:39.026" endtime="20230717 14:00:39.026"/>
</kw>
<kw name="Select a Standard Room" library="booking">
<status status="NOT RUN" starttime="20230717 14:00:39.026" endtime="20230717 14:00:39.026"/>
</kw>
<kw name="Click Continue to Extras Button" library="booking">
<doc>Clicks the continue to extras button</doc>
<status status="NOT RUN" starttime="20230717 14:00:39.026" endtime="20230717 14:00:39.026"/>
</kw>
<kw name="Continue to Payment" library="booking">
<status status="NOT RUN" starttime="20230717 14:00:39.026" endtime="20230717 14:00:39.026"/>
</kw>
<kw name="Select Join for Free" library="booking">
<status status="NOT RUN" starttime="20230717 14:00:39.026" endtime="20230717 14:00:39.026"/>
</kw>
<kw name="Fill in Contact Information" library="booking">
<doc>Fills in Contact information that can be given as arguments or use default values
Uses a password if the environment is bui and</doc>
<status status="NOT RUN" starttime="20230717 14:00:39.026" endtime="20230717 14:00:39.026"/>
</kw>
<kw name="Accept offers and Terms" library="booking">
<status status="NOT RUN" starttime="20230717 14:00:39.026" endtime="20230717 14:00:39.026"/>
</kw>
<kw name="Select Web Bank and Nordea as Payment Method" library="booking">
<status status="NOT RUN" starttime="20230717 14:00:39.026" endtime="20230717 14:00:39.026"/>
</kw>
<kw name="Complete Payment Successfully" library="booking">
<status status="NOT RUN" starttime="20230717 14:00:39.027" endtime="20230717 14:00:39.027"/>
</kw>
<status status="FAIL" starttime="20230717 14:00:39.006" endtime="20230717 14:00:39.027"/>
</kw>
<kw name="Click Check In Button" library="booking">
<status status="NOT RUN" starttime="20230717 14:00:39.028" endtime="20230717 14:00:39.028"/>
</kw>
<kw name="Click Someone else checkbox" library="booking">
<status status="NOT RUN" starttime="20230717 14:00:39.028" endtime="20230717 14:00:39.029"/>
</kw>
<kw name="Fill In Booker info" library="booking">
<status status="NOT RUN" starttime="20230717 14:00:39.029" endtime="20230717 14:00:39.029"/>
</kw>
<kw name="Click Save and invite" library="booking">
<status status="NOT RUN" starttime="20230717 14:00:39.029" endtime="20230717 14:00:39.029"/>
</kw>
<kw name="Invite guest popup is open" library="booking">
<status status="NOT RUN" starttime="20230717 14:00:39.029" endtime="20230717 14:00:39.029"/>
</kw>
<kw name="Verify email with valid email" library="booking">
<status status="NOT RUN" starttime="20230717 14:00:39.030" endtime="20230717 14:00:39.030"/>
</kw>
<kw name="Close Browser" type="TEARDOWN">
<msg timestamp="20230717 14:00:39.033" level="FAIL">No keyword with name 'Close Browser' found.</msg>
<status status="FAIL" starttime="20230717 14:00:39.033" endtime="20230717 14:00:39.033">No keyword with name 'Close Browser' found.</status>
</kw>
<tag>skip</tag>
<status status="FAIL" starttime="20230717 14:00:39.005" endtime="20230717 14:00:39.033">No keyword with name 'New Browser' found.

Also teardown failed:
No keyword with name 'Close Browser' found.</status>
</test>
<test id="s1-s1-s1-s1-s3-t7" name="Verify invalid email field validation when inviting guest" line="51">
<kw name="Complete a new booking" library="booking">
<doc>A complete booking process from start to finish
This is currently duplicate to "Create a new booking" test case</doc>
<kw name="Run Keyword If" library="BuiltIn">
<arg>'${isBrowserOpen}'=='False'</arg>
<arg>Open Browser to Landing Page</arg>
<doc>Runs the given keyword with the given arguments, if ``condition`` is true.</doc>
<kw name="Open Browser to Landing Page" library="common">
<doc>A general startup keyword for opening a browser to the landing page.</doc>
<kw name="Open New Browser To URL" library="common">
<arg>${url}</arg>
<kw name="New Browser">
<arg>${browser}</arg>
<arg>${headless}</arg>
<arg>timeout=${timeout}</arg>
<msg timestamp="20230717 14:00:39.040" level="FAIL">No keyword with name 'New Browser' found.</msg>
<status status="FAIL" starttime="20230717 14:00:39.040" endtime="20230717 14:00:39.040"/>
</kw>
<kw name="Set Browser Timeout">
<arg>${timeout}</arg>
<status status="NOT RUN" starttime="20230717 14:00:39.044" endtime="20230717 14:00:39.044"/>
</kw>
<kw name="New Context">
<status status="NOT RUN" starttime="20230717 14:00:39.047" endtime="20230717 14:00:39.047"/>
</kw>
<kw name="New Page">
<arg>${url}</arg>
<status status="NOT RUN" starttime="20230717 14:00:39.050" endtime="20230717 14:00:39.050"/>
</kw>
<status status="FAIL" starttime="20230717 14:00:39.037" endtime="20230717 14:00:39.050"/>
</kw>
<kw name="Wait Until Network Is Idle">
<status status="NOT RUN" starttime="20230717 14:00:39.053" endtime="20230717 14:00:39.053"/>
</kw>
<kw name="Allow Cookies" library="common">
<doc>Allow Cookies/Toggle Cookie allowance</doc>
<status status="NOT RUN" starttime="20230717 14:00:39.053" endtime="20230717 14:00:39.053"/>
</kw>
<kw name="Set Environment" library="common">
<status status="NOT RUN" starttime="20230717 14:00:39.053" endtime="20230717 14:00:39.053"/>
</kw>
<status status="FAIL" starttime="20230717 14:00:39.037" endtime="20230717 14:00:39.055"/>
</kw>
<status status="FAIL" starttime="20230717 14:00:39.036" endtime="20230717 14:00:39.055"/>
</kw>
<kw name="Select Hotel" library="booking">
<doc>Select Hotel by using a number as an argument, default Lönnrotinkatu</doc>
<status status="NOT RUN" starttime="20230717 14:00:39.055" endtime="20230717 14:00:39.055"/>
</kw>
<kw name="Select Dates" library="booking">
<status status="NOT RUN" starttime="20230717 14:00:39.055" endtime="20230717 14:00:39.055"/>
</kw>
<kw name="Select Guests" library="booking">
<doc>Selects the number of guests for the booking, current implementation will only check the dropdown</doc>
<status status="NOT RUN" starttime="20230717 14:00:39.055" endtime="20230717 14:00:39.055"/>
</kw>
<kw name="Click Book or Find Rooms Button" library="booking">
<status status="NOT RUN" starttime="20230717 14:00:39.055" endtime="20230717 14:00:39.055"/>
</kw>
<kw name="Select a Standard Room" library="booking">
<status status="NOT RUN" starttime="20230717 14:00:39.055" endtime="20230717 14:00:39.055"/>
</kw>
<kw name="Click Continue to Extras Button" library="booking">
<doc>Clicks the continue to extras button</doc>
<status status="NOT RUN" starttime="20230717 14:00:39.055" endtime="20230717 14:00:39.055"/>
</kw>
<kw name="Continue to Payment" library="booking">
<status status="NOT RUN" starttime="20230717 14:00:39.055" endtime="20230717 14:00:39.055"/>
</kw>
<kw name="Select Join for Free" library="booking">
<status status="NOT RUN" starttime="20230717 14:00:39.055" endtime="20230717 14:00:39.055"/>
</kw>
<kw name="Fill in Contact Information" library="booking">
<doc>Fills in Contact information that can be given as arguments or use default values
Uses a password if the environment is bui and</doc>
<status status="NOT RUN" starttime="20230717 14:00:39.055" endtime="20230717 14:00:39.055"/>
</kw>
<kw name="Accept offers and Terms" library="booking">
<status status="NOT RUN" starttime="20230717 14:00:39.055" endtime="20230717 14:00:39.055"/>
</kw>
<kw name="Select Web Bank and Nordea as Payment Method" library="booking">
<status status="NOT RUN" starttime="20230717 14:00:39.055" endtime="20230717 14:00:39.055"/>
</kw>
<kw name="Complete Payment Successfully" library="booking">
<status status="NOT RUN" starttime="20230717 14:00:39.056" endtime="20230717 14:00:39.056"/>
</kw>
<status status="FAIL" starttime="20230717 14:00:39.036" endtime="20230717 14:00:39.056"/>
</kw>
<kw name="Click Check In Button" library="booking">
<status status="NOT RUN" starttime="20230717 14:00:39.057" endtime="20230717 14:00:39.057"/>
</kw>
<kw name="Click Someone else checkbox" library="booking">
<status status="NOT RUN" starttime="20230717 14:00:39.057" endtime="20230717 14:00:39.057"/>
</kw>
<kw name="Fill In Booker info" library="booking">
<status status="NOT RUN" starttime="20230717 14:00:39.058" endtime="20230717 14:00:39.058"/>
</kw>
<kw name="Click Save and invite" library="booking">
<status status="NOT RUN" starttime="20230717 14:00:39.059" endtime="20230717 14:00:39.059"/>
</kw>
<kw name="Invite guest popup is open" library="booking">
<status status="NOT RUN" starttime="20230717 14:00:39.059" endtime="20230717 14:00:39.059"/>
</kw>
<kw name="Verify email with invalid email" library="booking">
<status status="NOT RUN" starttime="20230717 14:00:39.059" endtime="20230717 14:00:39.059"/>
</kw>
<kw name="Close Browser" type="TEARDOWN">
<msg timestamp="20230717 14:00:39.063" level="FAIL">No keyword with name 'Close Browser' found.</msg>
<status status="FAIL" starttime="20230717 14:00:39.063" endtime="20230717 14:00:39.063">No keyword with name 'Close Browser' found.</status>
</kw>
<tag>skip</tag>
<status status="FAIL" starttime="20230717 14:00:39.036" endtime="20230717 14:00:39.064">No keyword with name 'New Browser' found.

Also teardown failed:
No keyword with name 'Close Browser' found.</status>
</test>
<test id="s1-s1-s1-s1-s3-t8" name="Verify Warning popup when inviting blocked guest" line="60">
<kw name="Complete a new booking" library="booking">
<doc>A complete booking process from start to finish
This is currently duplicate to "Create a new booking" test case</doc>
<kw name="Run Keyword If" library="BuiltIn">
<arg>'${isBrowserOpen}'=='False'</arg>
<arg>Open Browser to Landing Page</arg>
<doc>Runs the given keyword with the given arguments, if ``condition`` is true.</doc>
<kw name="Open Browser to Landing Page" library="common">
<doc>A general startup keyword for opening a browser to the landing page.</doc>
<kw name="Open New Browser To URL" library="common">
<arg>${url}</arg>
<kw name="New Browser">
<arg>${browser}</arg>
<arg>${headless}</arg>
<arg>timeout=${timeout}</arg>
<msg timestamp="20230717 14:00:39.072" level="FAIL">No keyword with name 'New Browser' found.</msg>
<status status="FAIL" starttime="20230717 14:00:39.072" endtime="20230717 14:00:39.072"/>
</kw>
<kw name="Set Browser Timeout">
<arg>${timeout}</arg>
<status status="NOT RUN" starttime="20230717 14:00:39.076" endtime="20230717 14:00:39.076"/>
</kw>
<kw name="New Context">
<status status="NOT RUN" starttime="20230717 14:00:39.080" endtime="20230717 14:00:39.080"/>
</kw>
<kw name="New Page">
<arg>${url}</arg>
<status status="NOT RUN" starttime="20230717 14:00:39.083" endtime="20230717 14:00:39.083"/>
</kw>
<status status="FAIL" starttime="20230717 14:00:39.068" endtime="20230717 14:00:39.084"/>
</kw>
<kw name="Wait Until Network Is Idle">
<status status="NOT RUN" starttime="20230717 14:00:39.087" endtime="20230717 14:00:39.087"/>
</kw>
<kw name="Allow Cookies" library="common">
<doc>Allow Cookies/Toggle Cookie allowance</doc>
<status status="NOT RUN" starttime="20230717 14:00:39.087" endtime="20230717 14:00:39.087"/>
</kw>
<kw name="Set Environment" library="common">
<status status="NOT RUN" starttime="20230717 14:00:39.087" endtime="20230717 14:00:39.087"/>
</kw>
<status status="FAIL" starttime="20230717 14:00:39.068" endtime="20230717 14:00:39.088"/>
</kw>
<status status="FAIL" starttime="20230717 14:00:39.068" endtime="20230717 14:00:39.088"/>
</kw>
<kw name="Select Hotel" library="booking">
<doc>Select Hotel by using a number as an argument, default Lönnrotinkatu</doc>
<status status="NOT RUN" starttime="20230717 14:00:39.088" endtime="20230717 14:00:39.088"/>
</kw>
<kw name="Select Dates" library="booking">
<status status="NOT RUN" starttime="20230717 14:00:39.088" endtime="20230717 14:00:39.088"/>
</kw>
<kw name="Select Guests" library="booking">
<doc>Selects the number of guests for the booking, current implementation will only check the dropdown</doc>
<status status="NOT RUN" starttime="20230717 14:00:39.088" endtime="20230717 14:00:39.088"/>
</kw>
<kw name="Click Book or Find Rooms Button" library="booking">
<status status="NOT RUN" starttime="20230717 14:00:39.088" endtime="20230717 14:00:39.088"/>
</kw>
<kw name="Select a Standard Room" library="booking">
<status status="NOT RUN" starttime="20230717 14:00:39.088" endtime="20230717 14:00:39.088"/>
</kw>
<kw name="Click Continue to Extras Button" library="booking">
<doc>Clicks the continue to extras button</doc>
<status status="NOT RUN" starttime="20230717 14:00:39.088" endtime="20230717 14:00:39.088"/>
</kw>
<kw name="Continue to Payment" library="booking">
<status status="NOT RUN" starttime="20230717 14:00:39.088" endtime="20230717 14:00:39.088"/>
</kw>
<kw name="Select Join for Free" library="booking">
<status status="NOT RUN" starttime="20230717 14:00:39.088" endtime="20230717 14:00:39.088"/>
</kw>
<kw name="Fill in Contact Information" library="booking">
<doc>Fills in Contact information that can be given as arguments or use default values
Uses a password if the environment is bui and</doc>
<status status="NOT RUN" starttime="20230717 14:00:39.088" endtime="20230717 14:00:39.088"/>
</kw>
<kw name="Accept offers and Terms" library="booking">
<status status="NOT RUN" starttime="20230717 14:00:39.088" endtime="20230717 14:00:39.088"/>
</kw>
<kw name="Select Web Bank and Nordea as Payment Method" library="booking">
<status status="NOT RUN" starttime="20230717 14:00:39.088" endtime="20230717 14:00:39.088"/>
</kw>
<kw name="Complete Payment Successfully" library="booking">
<status status="NOT RUN" starttime="20230717 14:00:39.088" endtime="20230717 14:00:39.088"/>
</kw>
<status status="FAIL" starttime="20230717 14:00:39.068" endtime="20230717 14:00:39.089"/>
</kw>
<kw name="Click Check In Button" library="booking">
<status status="NOT RUN" starttime="20230717 14:00:39.089" endtime="20230717 14:00:39.089"/>
</kw>
<kw name="Click Someone else checkbox" library="booking">
<status status="NOT RUN" starttime="20230717 14:00:39.090" endtime="20230717 14:00:39.090"/>
</kw>
<kw name="Fill In Booker info" library="booking">
<status status="NOT RUN" starttime="20230717 14:00:39.090" endtime="20230717 14:00:39.090"/>
</kw>
<kw name="Click Save and invite" library="booking">
<status status="NOT RUN" starttime="20230717 14:00:39.090" endtime="20230717 14:00:39.090"/>
</kw>
<kw name="Invite guest popup is open" library="booking">
<status status="NOT RUN" starttime="20230717 14:00:39.091" endtime="20230717 14:00:39.091"/>
</kw>
<kw name="Fill invite guest info with block guest email" library="booking">
<status status="NOT RUN" starttime="20230717 14:00:39.091" endtime="20230717 14:00:39.091"/>
</kw>
<kw name="Verify Warning Popup is displayed with blocker email" library="booking">
<status status="NOT RUN" starttime="20230717 14:00:39.091" endtime="20230717 14:00:39.091"/>
</kw>
<kw name="Close Warning popup" library="booking">
<status status="NOT RUN" starttime="20230717 14:00:39.092" endtime="20230717 14:00:39.092"/>
</kw>
<kw name="Close Browser" type="TEARDOWN">
<msg timestamp="20230717 14:00:39.095" level="FAIL">No keyword with name 'Close Browser' found.</msg>
<status status="FAIL" starttime="20230717 14:00:39.095" endtime="20230717 14:00:39.095">No keyword with name 'Close Browser' found.</status>
</kw>
<tag>skip</tag>
<status status="FAIL" starttime="20230717 14:00:39.067" endtime="20230717 14:00:39.096">No keyword with name 'New Browser' found.

Also teardown failed:
No keyword with name 'Close Browser' found.</status>
</test>
<test id="s1-s1-s1-s1-s3-t9" name="Verify invite guest with guest email same as booker email" line="71">
<kw name="Complete a new booking" library="booking">
<doc>A complete booking process from start to finish
This is currently duplicate to "Create a new booking" test case</doc>
<kw name="Run Keyword If" library="BuiltIn">
<arg>'${isBrowserOpen}'=='False'</arg>
<arg>Open Browser to Landing Page</arg>
<doc>Runs the given keyword with the given arguments, if ``condition`` is true.</doc>
<kw name="Open Browser to Landing Page" library="common">
<doc>A general startup keyword for opening a browser to the landing page.</doc>
<kw name="Open New Browser To URL" library="common">
<arg>${url}</arg>
<kw name="New Browser">
<arg>${browser}</arg>
<arg>${headless}</arg>
<arg>timeout=${timeout}</arg>
<msg timestamp="20230717 14:00:39.103" level="FAIL">No keyword with name 'New Browser' found.</msg>
<status status="FAIL" starttime="20230717 14:00:39.103" endtime="20230717 14:00:39.103"/>
</kw>
<kw name="Set Browser Timeout">
<arg>${timeout}</arg>
<status status="NOT RUN" starttime="20230717 14:00:39.109" endtime="20230717 14:00:39.109"/>
</kw>
<kw name="New Context">
<status status="NOT RUN" starttime="20230717 14:00:39.113" endtime="20230717 14:00:39.113"/>
</kw>
<kw name="New Page">
<arg>${url}</arg>
<status status="NOT RUN" starttime="20230717 14:00:39.116" endtime="20230717 14:00:39.116"/>
</kw>
<status status="FAIL" starttime="20230717 14:00:39.099" endtime="20230717 14:00:39.116"/>
</kw>
<kw name="Wait Until Network Is Idle">
<status status="NOT RUN" starttime="20230717 14:00:39.120" endtime="20230717 14:00:39.120"/>
</kw>
<kw name="Allow Cookies" library="common">
<doc>Allow Cookies/Toggle Cookie allowance</doc>
<status status="NOT RUN" starttime="20230717 14:00:39.120" endtime="20230717 14:00:39.120"/>
</kw>
<kw name="Set Environment" library="common">
<status status="NOT RUN" starttime="20230717 14:00:39.120" endtime="20230717 14:00:39.120"/>
</kw>
<status status="FAIL" starttime="20230717 14:00:39.099" endtime="20230717 14:00:39.121"/>
</kw>
<status status="FAIL" starttime="20230717 14:00:39.099" endtime="20230717 14:00:39.121"/>
</kw>
<kw name="Select Hotel" library="booking">
<doc>Select Hotel by using a number as an argument, default Lönnrotinkatu</doc>
<status status="NOT RUN" starttime="20230717 14:00:39.121" endtime="20230717 14:00:39.121"/>
</kw>
<kw name="Select Dates" library="booking">
<status status="NOT RUN" starttime="20230717 14:00:39.121" endtime="20230717 14:00:39.121"/>
</kw>
<kw name="Select Guests" library="booking">
<doc>Selects the number of guests for the booking, current implementation will only check the dropdown</doc>
<status status="NOT RUN" starttime="20230717 14:00:39.121" endtime="20230717 14:00:39.121"/>
</kw>
<kw name="Click Book or Find Rooms Button" library="booking">
<status status="NOT RUN" starttime="20230717 14:00:39.121" endtime="20230717 14:00:39.121"/>
</kw>
<kw name="Select a Standard Room" library="booking">
<status status="NOT RUN" starttime="20230717 14:00:39.121" endtime="20230717 14:00:39.121"/>
</kw>
<kw name="Click Continue to Extras Button" library="booking">
<doc>Clicks the continue to extras button</doc>
<status status="NOT RUN" starttime="20230717 14:00:39.121" endtime="20230717 14:00:39.121"/>
</kw>
<kw name="Continue to Payment" library="booking">
<status status="NOT RUN" starttime="20230717 14:00:39.121" endtime="20230717 14:00:39.122"/>
</kw>
<kw name="Select Join for Free" library="booking">
<status status="NOT RUN" starttime="20230717 14:00:39.122" endtime="20230717 14:00:39.122"/>
</kw>
<kw name="Fill in Contact Information" library="booking">
<doc>Fills in Contact information that can be given as arguments or use default values
Uses a password if the environment is bui and</doc>
<status status="NOT RUN" starttime="20230717 14:00:39.122" endtime="20230717 14:00:39.122"/>
</kw>
<kw name="Accept offers and Terms" library="booking">
<status status="NOT RUN" starttime="20230717 14:00:39.122" endtime="20230717 14:00:39.122"/>
</kw>
<kw name="Select Web Bank and Nordea as Payment Method" library="booking">
<status status="NOT RUN" starttime="20230717 14:00:39.122" endtime="20230717 14:00:39.122"/>
</kw>
<kw name="Complete Payment Successfully" library="booking">
<status status="NOT RUN" starttime="20230717 14:00:39.122" endtime="20230717 14:00:39.122"/>
</kw>
<status status="FAIL" starttime="20230717 14:00:39.099" endtime="20230717 14:00:39.122"/>
</kw>
<kw name="Click Check In Button" library="booking">
<status status="NOT RUN" starttime="20230717 14:00:39.123" endtime="20230717 14:00:39.123"/>
</kw>
<kw name="Click Someone else checkbox" library="booking">
<status status="NOT RUN" starttime="20230717 14:00:39.125" endtime="20230717 14:00:39.125"/>
</kw>
<kw name="Fill In Booker info" library="booking">
<status status="NOT RUN" starttime="20230717 14:00:39.126" endtime="20230717 14:00:39.126"/>
</kw>
<kw name="Click Save and invite" library="booking">
<status status="NOT RUN" starttime="20230717 14:00:39.126" endtime="20230717 14:00:39.126"/>
</kw>
<kw name="Invite guest popup is open" library="booking">
<status status="NOT RUN" starttime="20230717 14:00:39.126" endtime="20230717 14:00:39.126"/>
</kw>
<kw name="Fill invite guest infor with booker email" library="booking">
<status status="NOT RUN" starttime="20230717 14:00:39.127" endtime="20230717 14:00:39.127"/>
</kw>
<kw name="Verify Warning Popup is displayed with booker email" library="booking">
<status status="NOT RUN" starttime="20230717 14:00:39.127" endtime="20230717 14:00:39.127"/>
</kw>
<kw name="Close Warning popup" library="booking">
<status status="NOT RUN" starttime="20230717 14:00:39.128" endtime="20230717 14:00:39.128"/>
</kw>
<kw name="Click Cancel button" library="booking">
<status status="NOT RUN" starttime="20230717 14:00:39.129" endtime="20230717 14:00:39.129"/>
</kw>
<kw name="Booker is brought back to Comfirmation Landing page" library="booking">
<status status="NOT RUN" starttime="20230717 14:00:39.129" endtime="20230717 14:00:39.129"/>
</kw>
<kw name="Close Browser" type="TEARDOWN">
<msg timestamp="20230717 14:00:39.133" level="FAIL">No keyword with name 'Close Browser' found.</msg>
<status status="FAIL" starttime="20230717 14:00:39.133" endtime="20230717 14:00:39.133">No keyword with name 'Close Browser' found.</status>
</kw>
<tag>skip</tag>
<status status="FAIL" starttime="20230717 14:00:39.098" endtime="20230717 14:00:39.134">No keyword with name 'New Browser' found.

Also teardown failed:
No keyword with name 'Close Browser' found.</status>
</test>
<test id="s1-s1-s1-s1-s3-t10" name="Verify invite guest with valid information" line="84">
<kw name="Complete a new booking" library="booking">
<doc>A complete booking process from start to finish
This is currently duplicate to "Create a new booking" test case</doc>
<kw name="Run Keyword If" library="BuiltIn">
<arg>'${isBrowserOpen}'=='False'</arg>
<arg>Open Browser to Landing Page</arg>
<doc>Runs the given keyword with the given arguments, if ``condition`` is true.</doc>
<kw name="Open Browser to Landing Page" library="common">
<doc>A general startup keyword for opening a browser to the landing page.</doc>
<kw name="Open New Browser To URL" library="common">
<arg>${url}</arg>
<kw name="New Browser">
<arg>${browser}</arg>
<arg>${headless}</arg>
<arg>timeout=${timeout}</arg>
<msg timestamp="20230717 14:00:39.140" level="FAIL">No keyword with name 'New Browser' found.</msg>
<status status="FAIL" starttime="20230717 14:00:39.140" endtime="20230717 14:00:39.140"/>
</kw>
<kw name="Set Browser Timeout">
<arg>${timeout}</arg>
<status status="NOT RUN" starttime="20230717 14:00:39.145" endtime="20230717 14:00:39.145"/>
</kw>
<kw name="New Context">
<status status="NOT RUN" starttime="20230717 14:00:39.149" endtime="20230717 14:00:39.149"/>
</kw>
<kw name="New Page">
<arg>${url}</arg>
<status status="NOT RUN" starttime="20230717 14:00:39.152" endtime="20230717 14:00:39.152"/>
</kw>
<status status="FAIL" starttime="20230717 14:00:39.136" endtime="20230717 14:00:39.153"/>
</kw>
<kw name="Wait Until Network Is Idle">
<status status="NOT RUN" starttime="20230717 14:00:39.153" endtime="20230717 14:00:39.153"/>
</kw>
<kw name="Allow Cookies" library="common">
<doc>Allow Cookies/Toggle Cookie allowance</doc>
<status status="NOT RUN" starttime="20230717 14:00:39.153" endtime="20230717 14:00:39.153"/>
</kw>
<kw name="Set Environment" library="common">
<status status="NOT RUN" starttime="20230717 14:00:39.153" endtime="20230717 14:00:39.153"/>
</kw>
<status status="FAIL" starttime="20230717 14:00:39.136" endtime="20230717 14:00:39.153"/>
</kw>
<status status="FAIL" starttime="20230717 14:00:39.136" endtime="20230717 14:00:39.153"/>
</kw>
<kw name="Select Hotel" library="booking">
<doc>Select Hotel by using a number as an argument, default Lönnrotinkatu</doc>
<status status="NOT RUN" starttime="20230717 14:00:39.153" endtime="20230717 14:00:39.153"/>
</kw>
<kw name="Select Dates" library="booking">
<status status="NOT RUN" starttime="20230717 14:00:39.153" endtime="20230717 14:00:39.153"/>
</kw>
<kw name="Select Guests" library="booking">
<doc>Selects the number of guests for the booking, current implementation will only check the dropdown</doc>
<status status="NOT RUN" starttime="20230717 14:00:39.153" endtime="20230717 14:00:39.153"/>
</kw>
<kw name="Click Book or Find Rooms Button" library="booking">
<status status="NOT RUN" starttime="20230717 14:00:39.158" endtime="20230717 14:00:39.158"/>
</kw>
<kw name="Select a Standard Room" library="booking">
<status status="NOT RUN" starttime="20230717 14:00:39.158" endtime="20230717 14:00:39.158"/>
</kw>
<kw name="Click Continue to Extras Button" library="booking">
<doc>Clicks the continue to extras button</doc>
<status status="NOT RUN" starttime="20230717 14:00:39.158" endtime="20230717 14:00:39.158"/>
</kw>
<kw name="Continue to Payment" library="booking">
<status status="NOT RUN" starttime="20230717 14:00:39.158" endtime="20230717 14:00:39.158"/>
</kw>
<kw name="Select Join for Free" library="booking">
<status status="NOT RUN" starttime="20230717 14:00:39.158" endtime="20230717 14:00:39.158"/>
</kw>
<kw name="Fill in Contact Information" library="booking">
<doc>Fills in Contact information that can be given as arguments or use default values
Uses a password if the environment is bui and</doc>
<status status="NOT RUN" starttime="20230717 14:00:39.158" endtime="20230717 14:00:39.158"/>
</kw>
<kw name="Accept offers and Terms" library="booking">
<status status="NOT RUN" starttime="20230717 14:00:39.158" endtime="20230717 14:00:39.159"/>
</kw>
<kw name="Select Web Bank and Nordea as Payment Method" library="booking">
<status status="NOT RUN" starttime="20230717 14:00:39.159" endtime="20230717 14:00:39.159"/>
</kw>
<kw name="Complete Payment Successfully" library="booking">
<status status="NOT RUN" starttime="20230717 14:00:39.159" endtime="20230717 14:00:39.159"/>
</kw>
<status status="FAIL" starttime="20230717 14:00:39.136" endtime="20230717 14:00:39.159"/>
</kw>
<kw name="Click Check In Button" library="booking">
<status status="NOT RUN" starttime="20230717 14:00:39.161" endtime="20230717 14:00:39.161"/>
</kw>
<kw name="Click Someone else checkbox" library="booking">
<status status="NOT RUN" starttime="20230717 14:00:39.162" endtime="20230717 14:00:39.162"/>
</kw>
<kw name="Fill In Booker info" library="booking">
<status status="NOT RUN" starttime="20230717 14:00:39.162" endtime="20230717 14:00:39.162"/>
</kw>
<kw name="Click Save and invite" library="booking">
<status status="NOT RUN" starttime="20230717 14:00:39.163" endtime="20230717 14:00:39.163"/>
</kw>
<kw name="Invite guest popup is open" library="booking">
<status status="NOT RUN" starttime="20230717 14:00:39.163" endtime="20230717 14:00:39.163"/>
</kw>
<kw name="Fill Invite guest info and click invite button" library="booking">
<status status="NOT RUN" starttime="20230717 14:00:39.163" endtime="20230717 14:00:39.163"/>
</kw>
<kw name="Booker is brought back to Comfirmation Landing page" library="booking">
<status status="NOT RUN" starttime="20230717 14:00:39.164" endtime="20230717 14:00:39.164"/>
</kw>
<kw name="Notice &quot;Invite sent&quot; displays" library="booking">
<status status="NOT RUN" starttime="20230717 14:00:39.164" endtime="20230717 14:00:39.165"/>
</kw>
<kw name="Status of guest confirmation is changed to &quot;Invite sent, not check-in&quot;" library="booking">
<status status="NOT RUN" starttime="20230717 14:00:39.165" endtime="20230717 14:00:39.165"/>
</kw>
<kw name="Verify Guest information component" library="booking">
<status status="NOT RUN" starttime="20230717 14:00:39.166" endtime="20230717 14:00:39.166"/>
</kw>
<kw name="Verify Booking summary" library="booking">
<status status="NOT RUN" starttime="20230717 14:00:39.166" endtime="20230717 14:00:39.166"/>
</kw>
<kw name="Verify Guest information popup when guest not checkin" library="booking">
<status status="NOT RUN" starttime="20230717 14:00:39.166" endtime="20230717 14:00:39.166"/>
</kw>
<kw name="Click Uninvite button" library="booking">
<status status="NOT RUN" starttime="20230717 14:00:39.167" endtime="20230717 14:00:39.167"/>
</kw>
<kw name="Close Browser" type="TEARDOWN">
<msg timestamp="20230717 14:00:39.171" level="FAIL">No keyword with name 'Close Browser' found.</msg>
<status status="FAIL" starttime="20230717 14:00:39.170" endtime="20230717 14:00:39.171">No keyword with name 'Close Browser' found.</status>
</kw>
<tag>skip</tag>
<status status="FAIL" starttime="20230717 14:00:39.135" endtime="20230717 14:00:39.171">No keyword with name 'New Browser' found.

Also teardown failed:
No keyword with name 'Close Browser' found.</status>
</test>
<status status="FAIL" starttime="20230717 14:00:38.815" endtime="20230717 14:00:39.173"/>
</suite>
<suite id="s1-s1-s1-s1-s4" name="BUI2-559" source="C:\Users\SaraGilbert\nelson-test-automation\testsuites\BUI\feature\online_check_in\BUI2-559.robot">
<test id="s1-s1-s1-s1-s4-t1" name="UI authentication Formerly guest info when invited adult" line="13">
<kw name="Select Hotel" library="booking">
<arg>Helsinki, Lönnrotinkatu</arg>
<doc>Select Hotel by using a number as an argument, default Lönnrotinkatu</doc>
<if>
<branch type="IF" condition="&quot;${environment}&quot; == &quot;test-exhibition&quot;">
<kw name="Log" library="BuiltIn">
<arg>No hotel to be selected</arg>
<doc>Logs the given message with the given level.</doc>
<status status="NOT RUN" starttime="20230717 14:00:39.216" endtime="20230717 14:00:39.216"/>
</kw>
<status status="NOT RUN" starttime="20230717 14:00:39.216" endtime="20230717 14:00:39.216"/>
</branch>
<branch type="ELSE">
<kw name="Log" library="BuiltIn">
<arg>Selecting Hotel: ${hotel}</arg>
<doc>Logs the given message with the given level.</doc>
<msg timestamp="20230717 14:00:39.216" level="INFO">Selecting Hotel: Helsinki, Lönnrotinkatu</msg>
<status status="PASS" starttime="20230717 14:00:39.216" endtime="20230717 14:00:39.216"/>
</kw>
<kw name="Click">
<arg>//div[contains(@data-nelson-btn, "hotels")]</arg>
<msg timestamp="20230717 14:00:39.222" level="FAIL">No keyword with name 'Click' found.</msg>
<status status="FAIL" starttime="20230717 14:00:39.222" endtime="20230717 14:00:39.222"/>
</kw>
<kw name="Wait Until Visible" library="common">
<arg>//a[contains(@class, 'dropdown-item') and contains(text(), '${hotel}')]</arg>
<doc>An easier keyword for waiting until an element is visible</doc>
<status status="NOT RUN" starttime="20230717 14:00:39.223" endtime="20230717 14:00:39.223"/>
</kw>
<kw name="Click">
<arg>//a[contains(@class, 'dropdown-item') and contains(text(), '${hotel}')]</arg>
<status status="NOT RUN" starttime="20230717 14:00:39.228" endtime="20230717 14:00:39.228"/>
</kw>
<kw name="Wait For Elements State">
<arg>//a[contains(@class, 'dropdown-item') and contains(text(), '${hotel}')]</arg>
<arg>hidden</arg>
<arg>timeout=3s</arg>
<status status="NOT RUN" starttime="20230717 14:00:39.232" endtime="20230717 14:00:39.232"/>
</kw>
<status status="FAIL" starttime="20230717 14:00:39.216" endtime="20230717 14:00:39.232"/>
</branch>
<status status="FAIL" starttime="20230717 14:00:39.216" endtime="20230717 14:00:39.232"/>
</if>
<status status="FAIL" starttime="20230717 14:00:39.216" endtime="20230717 14:00:39.232"/>
</kw>
<kw name="Select Dates" library="booking">
<status status="NOT RUN" starttime="20230717 14:00:39.233" endtime="20230717 14:00:39.233"/>
</kw>
<kw name="Select 1 Room 2 Adult and 1 Children" library="booking">
<status status="NOT RUN" starttime="20230717 14:00:39.233" endtime="20230717 14:00:39.234"/>
</kw>
<kw name="Click Book or Find Rooms Button" library="booking">
<status status="NOT RUN" starttime="20230717 14:00:39.234" endtime="20230717 14:00:39.234"/>
</kw>
<kw name="Select a Standard Room" library="booking">
<status status="NOT RUN" starttime="20230717 14:00:39.234" endtime="20230717 14:00:39.235"/>
</kw>
<kw name="Click Continue to Extras Button" library="booking">
<doc>Clicks the continue to extras button</doc>
<status status="NOT RUN" starttime="20230717 14:00:39.235" endtime="20230717 14:00:39.235"/>
</kw>
<kw name="Click Continue to Payment" library="booking">
<status status="NOT RUN" starttime="20230717 14:00:39.236" endtime="20230717 14:00:39.236"/>
</kw>
<kw name="Check Regular Rate 2" library="booking">
<status status="NOT RUN" starttime="20230717 14:00:39.236" endtime="20230717 14:00:39.236"/>
</kw>
<kw name="Fill in Contact Information" library="booking">
<doc>Fills in Contact information that can be given as arguments or use default values
Uses a password if the environment is bui and</doc>
<status status="NOT RUN" starttime="20230717 14:00:39.236" endtime="20230717 14:00:39.236"/>
</kw>
<kw name="Accept offers and Terms" library="booking">
<status status="NOT RUN" starttime="20230717 14:00:39.237" endtime="20230717 14:00:39.237"/>
</kw>
<kw name="Select Web Bank and Nordea as Payment Method" library="booking">
<status status="NOT RUN" starttime="20230717 14:00:39.237" endtime="20230717 14:00:39.237"/>
</kw>
<kw name="Complete Payment Successfully" library="booking">
<status status="NOT RUN" starttime="20230717 14:00:39.238" endtime="20230717 14:00:39.238"/>
</kw>
<kw name="Booker is main guest and completes check-in process" library="booking">
<status status="NOT RUN" starttime="20230717 14:00:39.238" endtime="20230717 14:00:39.238"/>
</kw>
<kw name="Click the first guest invite" library="booking">
<status status="NOT RUN" starttime="20230717 14:00:39.238" endtime="20230717 14:00:39.238"/>
</kw>
<kw name="Verify Invite guest popup UI when guest is adult" library="booking">
<status status="NOT RUN" starttime="20230717 14:00:39.238" endtime="20230717 14:00:39.238"/>
</kw>
<kw name="Fill in guest information when guest is adult" library="booking">
<status status="NOT RUN" starttime="20230717 14:00:39.239" endtime="20230717 14:00:39.239"/>
</kw>
<kw name="Close Browser" type="TEARDOWN">
<msg timestamp="20230717 14:00:39.243" level="FAIL">No keyword with name 'Close Browser' found.</msg>
<status status="FAIL" starttime="20230717 14:00:39.243" endtime="20230717 14:00:39.243">No keyword with name 'Close Browser' found.</status>
</kw>
<tag>skip</tag>
<status status="FAIL" starttime="20230717 14:00:39.215" endtime="20230717 14:00:39.244">No keyword with name 'Click' found.

Also teardown failed:
No keyword with name 'Close Browser' found.</status>
</test>
<test id="s1-s1-s1-s1-s4-t2" name="Univite pop-up UI validation" line="31">
[...]
Traceback (most recent call last):
  File "C:\Users\SaraGilbert\AppData\Local\Programs\Python\Python311\Lib\site-packages\Browser\playwright.py", line 65, in ensure_node_dependencies
    run(["node", "-v"], stdout=DEVNULL, check=True)
  File "C:\Users\SaraGilbert\AppData\Local\Programs\Python\Python311\Lib\subprocess.py", line 548, in run
    with Popen(*popenargs, **kwargs) as process:
         ^^^^^^^^^^^^^^^^^^^^^^^^^^^
  File "C:\Users\SaraGilbert\AppData\Local\Programs\Python\Python311\Lib\subprocess.py", line 1026, in __init__
    self._execute_child(args, executable, preexec_fn, close_fds,
  File "C:\Users\SaraGilbert\AppData\Local\Programs\Python\Python311\Lib\subprocess.py", line 1538, in _execute_child
    hp, ht, pid, tid = _winapi.CreateProcess(executable, args,
                       ^^^^^^^^^^^^^^^^^^^^^^^^^^^^^^^^^^^^^^^
FileNotFoundError: [WinError 2] The system cannot find the file specified

During handling of the above exception, another exception occurred:

Traceback (most recent call last):
  File "C:\Users\SaraGilbert\AppData\Local\Programs\Python\Python311\Lib\site-packages\Browser\browser.py", line 798, in __init__
    self.playwright = Playwright(
                      ^^^^^^^^^^^
  File "C:\Users\SaraGilbert\AppData\Local\Programs\Python\Python311\Lib\site-packages\Browser\playwright.py", line 51, in __init__
    self.ensure_node_dependencies()
  File "C:\Users\SaraGilbert\AppData\Local\Programs\Python\Python311\Lib\site-packages\Browser\playwright.py", line 67, in ensure_node_dependencies
    raise RuntimeError(
RuntimeError: Couldn't execute node. Please ensure you have node.js installed and in PATH. See https://nodejs.org/ for instructions. Original error is [WinError 2] The system cannot find the file specified</msg>
<msg timestamp="20230717 14:00:39.199" level="ERROR">Error in file 'C:\Users\SaraGilbert\nelson-test-automation\resources\keywords\common.resource' on line 6: Initializing library 'Browser' with arguments [ run_on_failure=Take Custom Screenshot | auto_closing_level=AutoClosingLevel.SUITE ] failed: Couldn't execute node. Please ensure you have node.js installed and in PATH. See https://nodejs.org/ for instructions. Original error is [WinError 2] The system cannot find the file specified
Traceback (most recent call last):
  File "C:\Users\SaraGilbert\AppData\Local\Programs\Python\Python311\Lib\site-packages\Browser\playwright.py", line 65, in ensure_node_dependencies
    run(["node", "-v"], stdout=DEVNULL, check=True)
  File "C:\Users\SaraGilbert\AppData\Local\Programs\Python\Python311\Lib\subprocess.py", line 548, in run
    with Popen(*popenargs, **kwargs) as process:
         ^^^^^^^^^^^^^^^^^^^^^^^^^^^
  File "C:\Users\SaraGilbert\AppData\Local\Programs\Python\Python311\Lib\subprocess.py", line 1026, in __init__
    self._execute_child(args, executable, preexec_fn, close_fds,
  File "C:\Users\SaraGilbert\AppData\Local\Programs\Python\Python311\Lib\subprocess.py", line 1538, in _execute_child
    hp, ht, pid, tid = _winapi.CreateProcess(executable, args,
                       ^^^^^^^^^^^^^^^^^^^^^^^^^^^^^^^^^^^^^^^
FileNotFoundError: [WinError 2] The system cannot find the file specified

During handling of the above exception, another exception occurred:

Traceback (most recent call last):
  File "C:\Users\SaraGilbert\AppData\Local\Programs\Python\Python311\Lib\site-packages\Browser\browser.py", line 798, in __init__
    self.playwright = Playwright(
                      ^^^^^^^^^^^
  File "C:\Users\SaraGilbert\AppData\Local\Programs\Python\Python311\Lib\site-packages\Browser\playwright.py", line 51, in __init__
    self.ensure_node_dependencies()
  File "C:\Users\SaraGilbert\AppData\Local\Programs\Python\Python311\Lib\site-packages\Browser\playwright.py", line 67, in ensure_node_dependencies
    raise RuntimeError(
RuntimeError: Couldn't execute node. Please ensure you have node.js installed and in PATH. See https://nodejs.org/ for instructions. Original error is [WinError 2] The system cannot find the file specified</msg>
<msg timestamp="20230717 14:00:39.408" level="ERROR">Error in file 'C:\Users\SaraGilbert\nelson-test-automation\resources\keywords\common.resource' on line 6: Initializing library 'Browser' with arguments [ run_on_failure=Take Custom Screenshot | auto_closing_level=AutoClosingLevel.SUITE ] failed: Couldn't execute node. Please ensure you have node.js installed and in PATH. See https://nodejs.org/ for instructions. Original error is [WinError 2] The system cannot find the file specified
Traceback (most recent call last):
  File "C:\Users\SaraGilbert\AppData\Local\Programs\Python\Python311\Lib\site-packages\Browser\playwright.py", line 65, in ensure_node_dependencies
    run(["node", "-v"], stdout=DEVNULL, check=True)
  File "C:\Users\SaraGilbert\AppData\Local\Programs\Python\Python311\Lib\subprocess.py", line 548, in run
    with Popen(*popenargs, **kwargs) as process:
         ^^^^^^^^^^^^^^^^^^^^^^^^^^^
  File "C:\Users\SaraGilbert\AppData\Local\Programs\Python\Python311\Lib\subprocess.py", line 1026, in __init__
    self._execute_child(args, executable, preexec_fn, close_fds,
  File "C:\Users\SaraGilbert\AppData\Local\Programs\Python\Python311\Lib\subprocess.py", line 1538, in _execute_child
    hp, ht, pid, tid = _winapi.CreateProcess(executable, args,
                       ^^^^^^^^^^^^^^^^^^^^^^^^^^^^^^^^^^^^^^^
FileNotFoundError: [WinError 2] The system cannot find the file specified

During handling of the above exception, another exception occurred:

Traceback (most recent call last):
  File "C:\Users\SaraGilbert\AppData\Local\Programs\Python\Python311\Lib\site-packages\Browser\browser.py", line 798, in __init__
    self.playwright = Playwright(
                      ^^^^^^^^^^^
  File "C:\Users\SaraGilbert\AppData\Local\Programs\Python\Python311\Lib\site-packages\Browser\playwright.py", line 51, in __init__
    self.ensure_node_dependencies()
  File "C:\Users\SaraGilbert\AppData\Local\Programs\Python\Python311\Lib\site-packages\Browser\playwright.py", line 67, in ensure_node_dependencies
    raise RuntimeError(
RuntimeError: Couldn't execute node. Please ensure you have node.js installed and in PATH. See https://nodejs.org/ for instructions. Original error is [WinError 2] The system cannot find the file specified</msg>
<msg timestamp="20230717 14:00:39.454" level="ERROR">Error in file 'C:\Users\SaraGilbert\nelson-test-automation\resources\keywords\common.resource' on line 6: Initializing library 'Browser' with arguments [ run_on_failure=Take Custom Screenshot | auto_closing_level=AutoClosingLevel.SUITE ] failed: Couldn't execute node. Please ensure you have node.js installed and in PATH. See https://nodejs.org/ for instructions. Original error is [WinError 2] The system cannot find the file specified
Traceback (most recent call last):
  File "C:\Users\SaraGilbert\AppData\Local\Programs\Python\Python311\Lib\site-packages\Browser\playwright.py", line 65, in ensure_node_dependencies
    run(["node", "-v"], stdout=DEVNULL, check=True)
  File "C:\Users\SaraGilbert\AppData\Local\Programs\Python\Python311\Lib\subprocess.py", line 548, in run
    with Popen(*popenargs, **kwargs) as process:
         ^^^^^^^^^^^^^^^^^^^^^^^^^^^
  File "C:\Users\SaraGilbert\AppData\Local\Programs\Python\Python311\Lib\subprocess.py", line 1026, in __init__
    self._execute_child(args, executable, preexec_fn, close_fds,
  File "C:\Users\SaraGilbert\AppData\Local\Programs\Python\Python311\Lib\subprocess.py", line 1538, in _execute_child
    hp, ht, pid, tid = _winapi.CreateProcess(executable, args,
                       ^^^^^^^^^^^^^^^^^^^^^^^^^^^^^^^^^^^^^^^
FileNotFoundError: [WinError 2] The system cannot find the file specified

During handling of the above exception, another exception occurred:

Traceback (most recent call last):
  File "C:\Users\SaraGilbert\AppData\Local\Programs\Python\Python311\Lib\site-packages\Browser\browser.py", line 798, in __init__
    self.playwright = Playwright(
                      ^^^^^^^^^^^
  File "C:\Users\SaraGilbert\AppData\Local\Programs\Python\Python311\Lib\site-packages\Browser\playwright.py", line 51, in __init__
    self.ensure_node_dependencies()
  File "C:\Users\SaraGilbert\AppData\Local\Programs\Python\Python311\Lib\site-packages\Browser\playwright.py", line 67, in ensure_node_dependencies
    raise RuntimeError(
RuntimeError: Couldn't execute node. Please ensure you have node.js installed and in PATH. See https://nodejs.org/ for instructions. Original error is [WinError 2] The system cannot find the file specified</msg>
<msg timestamp="20230717 14:00:39.512" level="ERROR">Error in file 'C:\Users\SaraGilbert\nelson-test-automation\resources\keywords\common.resource' on line 6: Initializing library 'Browser' with arguments [ run_on_failure=Take Custom Screenshot | auto_closing_level=AutoClosingLevel.SUITE ] failed: Couldn't execute node. Please ensure you have node.js installed and in PATH. See https://nodejs.org/ for instructions. Original error is [WinError 2] The system cannot find the file specified
Traceback (most recent call last):
  File "C:\Users\SaraGilbert\AppData\Local\Programs\Python\Python311\Lib\site-packages\Browser\playwright.py", line 65, in ensure_node_dependencies
    run(["node", "-v"], stdout=DEVNULL, check=True)
  File "C:\Users\SaraGilbert\AppData\Local\Programs\Python\Python311\Lib\subprocess.py", line 548, in run
    with Popen(*popenargs, **kwargs) as process:
         ^^^^^^^^^^^^^^^^^^^^^^^^^^^
  File "C:\Users\SaraGilbert\AppData\Local\Programs\Python\Python311\Lib\subprocess.py", line 1026, in __init__
    self._execute_child(args, executable, preexec_fn, close_fds,
  File "C:\Users\SaraGilbert\AppData\Local\Programs\Python\Python311\Lib\subprocess.py", line 1538, in _execute_child
    hp, ht, pid, tid = _winapi.CreateProcess(executable, args,
                       ^^^^^^^^^^^^^^^^^^^^^^^^^^^^^^^^^^^^^^^
FileNotFoundError: [WinError 2] The system cannot find the file specified

During handling of the above exception, another exception occurred:

Traceback (most recent call last):
  File "C:\Users\SaraGilbert\AppData\Local\Programs\Python\Python311\Lib\site-packages\Browser\browser.py", line 798, in __init__
    self.playwright = Playwright(
                      ^^^^^^^^^^^
  File "C:\Users\SaraGilbert\AppData\Local\Programs\Python\Python311\Lib\site-packages\Browser\playwright.py", line 51, in __init__
    self.ensure_node_dependencies()
  File "C:\Users\SaraGilbert\AppData\Local\Programs\Python\Python311\Lib\site-packages\Browser\playwright.py", line 67, in ensure_node_dependencies
    raise RuntimeError(
RuntimeError: Couldn't execute node. Please ensure you have node.js installed and in PATH. See https://nodejs.org/ for instructions. Original error is [WinError 2] The system cannot find the file specified</msg>
<msg timestamp="20230717 14:00:39.521" level="ERROR">Error in file 'C:\Users\SaraGilbert\nelson-test-automation\testsuites\MUI\EC\new_booking.robot' on line 8: Initializing library 'Browser' with arguments [ auto_closing_level=AutoClosingLevel.SUITE ] failed: Couldn't execute node. Please ensure you have node.js installed and in PATH. See https://nodejs.org/ for instructions. Original error is [WinError 2] The system cannot find the file specified
Traceback (most recent call last):
  File "C:\Users\SaraGilbert\AppData\Local\Programs\Python\Python311\Lib\site-packages\Browser\playwright.py", line 65, in ensure_node_dependencies
    run(["node", "-v"], stdout=DEVNULL, check=True)
  File "C:\Users\SaraGilbert\AppData\Local\Programs\Python\Python311\Lib\subprocess.py", line 548, in run
    with Popen(*popenargs, **kwargs) as process:
         ^^^^^^^^^^^^^^^^^^^^^^^^^^^
  File "C:\Users\SaraGilbert\AppData\Local\Programs\Python\Python311\Lib\subprocess.py", line 1026, in __init__
    self._execute_child(args, executable, preexec_fn, close_fds,
  File "C:\Users\SaraGilbert\AppData\Local\Programs\Python\Python311\Lib\subprocess.py", line 1538, in _execute_child
    hp, ht, pid, tid = _winapi.CreateProcess(executable, args,
                       ^^^^^^^^^^^^^^^^^^^^^^^^^^^^^^^^^^^^^^^
FileNotFoundError: [WinError 2] The system cannot find the file specified

During handling of the above exception, another exception occurred:

Traceback (most recent call last):
  File "C:\Users\SaraGilbert\AppData\Local\Programs\Python\Python311\Lib\site-packages\Browser\browser.py", line 798, in __init__
    self.playwright = Playwright(
                      ^^^^^^^^^^^
  File "C:\Users\SaraGilbert\AppData\Local\Programs\Python\Python311\Lib\site-packages\Browser\playwright.py", line 51, in __init__
    self.ensure_node_dependencies()
  File "C:\Users\SaraGilbert\AppData\Local\Programs\Python\Python311\Lib\site-packages\Browser\playwright.py", line 67, in ensure_node_dependencies
    raise RuntimeError(
RuntimeError: Couldn't execute node. Please ensure you have node.js installed and in PATH. See https://nodejs.org/ for instructions. Original error is [WinError 2] The system cannot find the file specified</msg>
<msg timestamp="20230717 14:00:40.643" level="ERROR">Error in file 'C:\Users\SaraGilbert\nelson-test-automation\resources\keywords\common.resource' on line 6: Initializing library 'Browser' with arguments [ run_on_failure=Take Custom Screenshot | auto_closing_level=AutoClosingLevel.SUITE ] failed: Couldn't execute node. Please ensure you have node.js installed and in PATH. See https://nodejs.org/ for instructions. Original error is [WinError 2] The system cannot find the file specified
Traceback (most recent call last):
  File "C:\Users\SaraGilbert\AppData\Local\Programs\Python\Python311\Lib\site-packages\Browser\playwright.py", line 65, in ensure_node_dependencies
    run(["node", "-v"], stdout=DEVNULL, check=True)
  File "C:\Users\SaraGilbert\AppData\Local\Programs\Python\Python311\Lib\subprocess.py", line 548, in run
    with Popen(*popenargs, **kwargs) as process:
         ^^^^^^^^^^^^^^^^^^^^^^^^^^^
  File "C:\Users\SaraGilbert\AppData\Local\Programs\Python\Python311\Lib\subprocess.py", line 1026, in __init__
    self._execute_child(args, executable, preexec_fn, close_fds,
  File "C:\Users\SaraGilbert\AppData\Local\Programs\Python\Python311\Lib\subprocess.py", line 1538, in _execute_child
    hp, ht, pid, tid = _winapi.CreateProcess(executable, args,
                       ^^^^^^^^^^^^^^^^^^^^^^^^^^^^^^^^^^^^^^^
FileNotFoundError: [WinError 2] The system cannot find the file specified

During handling of the above exception, another exception occurred:

Traceback (most recent call last):
  File "C:\Users\SaraGilbert\AppData\Local\Programs\Python\Python311\Lib\site-packages\Browser\browser.py", line 798, in __init__
    self.playwright = Playwright(
                      ^^^^^^^^^^^
  File "C:\Users\SaraGilbert\AppData\Local\Programs\Python\Python311\Lib\site-packages\Browser\playwright.py", line 51, in __init__
    self.ensure_node_dependencies()
  File "C:\Users\SaraGilbert\AppData\Local\Programs\Python\Python311\Lib\site-packages\Browser\playwright.py", line 67, in ensure_node_dependencies
    raise RuntimeError(
RuntimeError: Couldn't execute node. Please ensure you have node.js installed and in PATH. See https://nodejs.org/ for instructions. Original error is [WinError 2] The system cannot find the file specified</msg>
<msg timestamp="20230717 14:00:40.663" level="ERROR">Error in file 'C:\Users\SaraGilbert\nelson-test-automation\testsuites\MUI\feature\MUI-430.robot' on line 6: Initializing library 'Browser' with arguments [ auto_closing_level=AutoClosingLevel.SUITE ] failed: Couldn't execute node. Please ensure you have node.js installed and in PATH. See https://nodejs.org/ for instructions. Original error is [WinError 2] The system cannot find the file specified
Traceback (most recent call last):
  File "C:\Users\SaraGilbert\AppData\Local\Programs\Python\Python311\Lib\site-packages\Browser\playwright.py", line 65, in ensure_node_dependencies
    run(["node", "-v"], stdout=DEVNULL, check=True)
  File "C:\Users\SaraGilbert\AppData\Local\Programs\Python\Python311\Lib\subprocess.py", line 548, in run
    with Popen(*popenargs, **kwargs) as process:
         ^^^^^^^^^^^^^^^^^^^^^^^^^^^
  File "C:\Users\SaraGilbert\AppData\Local\Programs\Python\Python311\Lib\subprocess.py", line 1026, in __init__
    self._execute_child(args, executable, preexec_fn, close_fds,
  File "C:\Users\SaraGilbert\AppData\Local\Programs\Python\Python311\Lib\subprocess.py", line 1538, in _execute_child
    hp, ht, pid, tid = _winapi.CreateProcess(executable, args,
                       ^^^^^^^^^^^^^^^^^^^^^^^^^^^^^^^^^^^^^^^
FileNotFoundError: [WinError 2] The system cannot find the file specified

During handling of the above exception, another exception occurred:

Traceback (most recent call last):
  File "C:\Users\SaraGilbert\AppData\Local\Programs\Python\Python311\Lib\site-packages\Browser\browser.py", line 798, in __init__
    self.playwright = Playwright(
                      ^^^^^^^^^^^
  File "C:\Users\SaraGilbert\AppData\Local\Programs\Python\Python311\Lib\site-packages\Browser\playwright.py", line 51, in __init__
    self.ensure_node_dependencies()
  File "C:\Users\SaraGilbert\AppData\Local\Programs\Python\Python311\Lib\site-packages\Browser\playwright.py", line 67, in ensure_node_dependencies
    raise RuntimeError(
RuntimeError: Couldn't execute node. Please ensure you have node.js installed and in PATH. See https://nodejs.org/ for instructions. Original error is [WinError 2] The system cannot find the file specified</msg>
<msg timestamp="20230717 14:00:40.728" level="ERROR">Error in file 'C:\Users\SaraGilbert\nelson-test-automation\resources\keywords\common.resource' on line 6: Initializing library 'Browser' with arguments [ run_on_failure=Take Custom Screenshot | auto_closing_level=AutoClosingLevel.SUITE ] failed: Couldn't execute node. Please ensure you have node.js installed and in PATH. See https://nodejs.org/ for instructions. Original error is [WinError 2] The system cannot find the file specified
Traceback (most recent call last):
  File "C:\Users\SaraGilbert\AppData\Local\Programs\Python\Python311\Lib\site-packages\Browser\playwright.py", line 65, in ensure_node_dependencies
    run(["node", "-v"], stdout=DEVNULL, check=True)
  File "C:\Users\SaraGilbert\AppData\Local\Programs\Python\Python311\Lib\subprocess.py", line 548, in run
    with Popen(*popenargs, **kwargs) as process:
         ^^^^^^^^^^^^^^^^^^^^^^^^^^^
  File "C:\Users\SaraGilbert\AppData\Local\Programs\Python\Python311\Lib\subprocess.py", line 1026, in __init__
    self._execute_child(args, executable, preexec_fn, close_fds,
  File "C:\Users\SaraGilbert\AppData\Local\Programs\Python\Python311\Lib\subprocess.py", line 1538, in _execute_child
    hp, ht, pid, tid = _winapi.CreateProcess(executable, args,
                       ^^^^^^^^^^^^^^^^^^^^^^^^^^^^^^^^^^^^^^^
FileNotFoundError: [WinError 2] The system cannot find the file specified

During handling of the above exception, another exception occurred:

Traceback (most recent call last):
  File "C:\Users\SaraGilbert\AppData\Local\Programs\Python\Python311\Lib\site-packages\Browser\browser.py", line 798, in __init__
    self.playwright = Playwright(
                      ^^^^^^^^^^^
  File "C:\Users\SaraGilbert\AppData\Local\Programs\Python\Python311\Lib\site-packages\Browser\playwright.py", line 51, in __init__
    self.ensure_node_dependencies()
  File "C:\Users\SaraGilbert\AppData\Local\Programs\Python\Python311\Lib\site-packages\Browser\playwright.py", line 67, in ensure_node_dependencies
    raise RuntimeError(
RuntimeError: Couldn't execute node. Please ensure you have node.js installed and in PATH. See https://nodejs.org/ for instructions. Original error is [WinError 2] The system cannot find the file specified</msg>
</errors>
</robot>
