<?xml version="1.0" encoding="UTF-8"?>
<robot generator="Robot 5.0.1 (Python 3.11.4 on linux)" generated="20230726 11:56:13.386" rpa="false" schemaversion="3">
<suite id="s1" name="Testsuites" source="/home/runner/work/nelson-test-automation/nelson-test-automation/testsuites">
<suite id="s1-s1" name="BUI" source="/home/runner/work/nelson-test-automation/nelson-test-automation/testsuites/BUI">
<suite id="s1-s1-s1" name="Regression" source="/home/runner/work/nelson-test-automation/nelson-test-automation/testsuites/BUI/regression">
<suite id="s1-s1-s1-s1" name="New Booking" source="/home/runner/work/nelson-test-automation/nelson-test-automation/testsuites/BUI/regression/new_booking.robot">
<kw name="Open Browser to Landing Page" library="common" type="SETUP">
<doc>A general startup keyword for opening a browser to the landing page.</doc>
<kw name="Open New Browser To URL" library="common">
<arg>${url}</arg>
<kw name="New Browser" library="Browser">
<arg>${browser}</arg>
<arg>${headless}</arg>
<arg>timeout=${timeout}</arg>
<tag>BrowserControl</tag>
<tag>Setter</tag>
<doc>Create a new playwright Browser with specified options.</doc>
<msg timestamp="20230726 11:56:14.292" level="INFO">{"browser": "firefox", "headless": true, "devtools": false, "handleSIGHUP": true, "handleSIGINT": true, "handleSIGTERM": true, "slowMo": 0.0, "timeout": 90000.0, "tracesDir": "/home/runner/work/nelson-test-automation/nelson-test-automation/reports/test3/browser/traces/a08ec0cb-1c54-4359-91f1-4ef17504c3cd"}</msg>
<msg timestamp="20230726 11:56:15.531" level="INFO">Successfully created browser with options: {"browser":"firefox","headless":true,"devtools":false,"handleSIGHUP":true,"handleSIGINT":true,"handleSIGTERM":true,"slowMo":0,"timeout":90000,"tracesDir":"/home/runner/work/nelson-test-automation/nelson-test-automation/reports/test3/browser/traces/a08ec0cb-1c54-4359-91f1-4ef17504c3cd"}</msg>
<status status="PASS" starttime="20230726 11:56:14.291" endtime="20230726 11:56:15.531"/>
</kw>
<kw name="Set Browser Timeout" library="Browser">
<arg>${timeout}</arg>
<tag>Config</tag>
<tag>Setter</tag>
<doc>Sets the timeout used by most input and getter keywords.</doc>
<msg timestamp="20230726 11:56:15.536" level="INFO">No context open.</msg>
<status status="PASS" starttime="20230726 11:56:15.531" endtime="20230726 11:56:15.536"/>
</kw>
<kw name="New Context" library="Browser">
<tag>BrowserControl</tag>
<tag>Setter</tag>
<doc>Create a new BrowserContext with specified options.</doc>
<msg timestamp="20230726 11:56:15.536" level="INFO">{
  "acceptDownloads": true,
  "bypassCSP": false,
  "forcedColors": "none",
  "hideRfBrowser": "",
  "ignoreHTTPSErrors": false,
  "javaScriptEnabled": true,
  "offline": false,
  "reducedMotion": "no-preference",
  "viewport": {
    "height": 720,
    "width": 1280
  }
}</msg>
<msg timestamp="20230726 11:56:15.569" level="INFO">Successfully created context. </msg>
<msg timestamp="20230726 11:56:15.569" level="INFO">{'acceptDownloads': True, 'bypassCSP': False, 'forcedColors': 'none', 'hideRfBrowser': '', 'ignoreHTTPSErrors': False, 'javaScriptEnabled': True, 'offline': False, 'reducedMotion': 'no-preference', 'viewport': {'height': 720, 'width': 1280}}</msg>
<status status="PASS" starttime="20230726 11:56:15.536" endtime="20230726 11:56:15.569"/>
</kw>
<kw name="New Page" library="Browser">
<arg>${url}</arg>
<tag>BrowserControl</tag>
<tag>Setter</tag>
<doc>Open a new Page.</doc>
<msg timestamp="20230726 11:56:20.279" level="INFO">Successfully initialized new page object and opened url: https://test3.omenahotels.com/en</msg>
<status status="PASS" starttime="20230726 11:56:15.569" endtime="20230726 11:56:20.279"/>
</kw>
<status status="PASS" starttime="20230726 11:56:14.291" endtime="20230726 11:56:20.280"/>
</kw>
<kw name="Wait Until Network Is Idle" library="Browser">
<tag>HTTP</tag>
<tag>Wait</tag>
<doc>Waits until there has been at least one instance of 500 ms of no network traffic on the page after loading.</doc>
<status status="PASS" starttime="20230726 11:56:20.280" endtime="20230726 11:56:21.023"/>
</kw>
<kw name="Allow Cookies" library="common">
<doc>Allow Cookies/Toggle Cookie allowance</doc>
<kw name="Is Element Found" library="common">
<var>${cookieModalVisible}</var>
<arg>id=CybotCookiebotDialogBodyLevelButtonLevelOptinAllowAll</arg>
<doc>A keyword that has a very complex way of figuring out whether an
element is found or not because I had trouble with the built-in keywords
Can be solved differently if you have a better idea</doc>
<kw name="Set Browser Timeout" library="Browser">
<arg>10s</arg>
<tag>Config</tag>
<tag>Setter</tag>
<doc>Sets the timeout used by most input and getter keywords.</doc>
<msg timestamp="20230726 11:56:21.027" level="INFO">Set timeout to: 10000</msg>
<status status="PASS" starttime="20230726 11:56:21.024" endtime="20230726 11:56:21.027"/>
</kw>
<try>
<branch type="TRY">
<kw name="Get Elements" library="Browser">
<var>${els}</var>
<arg>${selector}</arg>
<tag>Getter</tag>
<tag>PageContent</tag>
<doc>Returns a reference to Playwright [https://playwright.dev/docs/api/class-locator|Locator]
for all matched elements by ``selector``.</doc>
<msg timestamp="20230726 11:56:21.077" level="INFO">Found Locator@id=CybotCookiebotDialogBodyLevelButtonLevelOptinAllowAll &gt;&gt; nth=0 Locators successfully.</msg>
<msg timestamp="20230726 11:56:21.078" level="INFO">${els} = ['id=CybotCookiebotDialogBodyLevelButtonLevelOptinAllowAll &gt;&gt; nth=0']</msg>
<status status="PASS" starttime="20230726 11:56:21.028" endtime="20230726 11:56:21.078"/>
</kw>
<kw name="Get Length" library="BuiltIn">
<var>${count}</var>
<arg>${els}</arg>
<doc>Returns and logs the length of the given item as an integer.</doc>
<msg timestamp="20230726 11:56:21.078" level="INFO">Length is 1</msg>
<msg timestamp="20230726 11:56:21.078" level="INFO">${count} = 1</msg>
<status status="PASS" starttime="20230726 11:56:21.078" endtime="20230726 11:56:21.078"/>
</kw>
<if>
<branch type="IF" condition="${count} &gt; 0">
<kw name="Set Variable" library="BuiltIn">
<var>${visible}</var>
<arg>True</arg>
<doc>Returns the given values which can then be assigned to a variables.</doc>
<msg timestamp="20230726 11:56:21.079" level="INFO">${visible} = True</msg>
<status status="PASS" starttime="20230726 11:56:21.079" endtime="20230726 11:56:21.079"/>
</kw>
<status status="PASS" starttime="20230726 11:56:21.079" endtime="20230726 11:56:21.079"/>
</branch>
<branch type="ELSE">
<kw name="Set Variable" library="BuiltIn">
<var>${visible}</var>
<arg>False</arg>
<doc>Returns the given values which can then be assigned to a variables.</doc>
<status status="NOT RUN" starttime="20230726 11:56:21.079" endtime="20230726 11:56:21.079"/>
</kw>
<status status="NOT RUN" starttime="20230726 11:56:21.079" endtime="20230726 11:56:21.079"/>
</branch>
<status status="PASS" starttime="20230726 11:56:21.078" endtime="20230726 11:56:21.079"/>
</if>
<status status="PASS" starttime="20230726 11:56:21.028" endtime="20230726 11:56:21.080"/>
</branch>
<branch type="EXCEPT">
<kw name="Set Variable" library="BuiltIn">
<var>${visible}</var>
<arg>False</arg>
<doc>Returns the given values which can then be assigned to a variables.</doc>
<status status="NOT RUN" starttime="20230726 11:56:21.080" endtime="20230726 11:56:21.080"/>
</kw>
<status status="NOT RUN" starttime="20230726 11:56:21.080" endtime="20230726 11:56:21.080"/>
</branch>
<status status="PASS" starttime="20230726 11:56:21.028" endtime="20230726 11:56:21.080"/>
</try>
<kw name="Set Browser Timeout" library="Browser">
<arg>${timeout}</arg>
<tag>Config</tag>
<tag>Setter</tag>
<doc>Sets the timeout used by most input and getter keywords.</doc>
<msg timestamp="20230726 11:56:21.083" level="INFO">Set timeout to: 90000</msg>
<status status="PASS" starttime="20230726 11:56:21.080" endtime="20230726 11:56:21.083"/>
</kw>
<msg timestamp="20230726 11:56:21.084" level="INFO">${cookieModalVisible} = True</msg>
<status status="PASS" starttime="20230726 11:56:21.024" endtime="20230726 11:56:21.084"/>
</kw>
<if>
<branch type="IF" condition="${cookieModalVisible}">
<kw name="Click" library="Browser">
<arg>id=CybotCookiebotDialogBodyLevelButtonLevelOptinAllowAll</arg>
<tag>PageContent</tag>
<tag>Setter</tag>
<doc>Simulates mouse click on the element found by ``selector``.</doc>
<status status="PASS" starttime="20230726 11:56:21.084" endtime="20230726 11:56:21.167"/>
</kw>
<status status="PASS" starttime="20230726 11:56:21.084" endtime="20230726 11:56:21.167"/>
</branch>
<branch type="ELSE">
<kw name="Log" library="BuiltIn">
<arg>No Cookie Modal Visible</arg>
<doc>Logs the given message with the given level.</doc>
<status status="NOT RUN" starttime="20230726 11:56:21.168" endtime="20230726 11:56:21.168"/>
</kw>
<status status="NOT RUN" starttime="20230726 11:56:21.168" endtime="20230726 11:56:21.168"/>
</branch>
<status status="PASS" starttime="20230726 11:56:21.084" endtime="20230726 11:56:21.168"/>
</if>
<status status="PASS" starttime="20230726 11:56:21.023" endtime="20230726 11:56:21.168"/>
</kw>
<kw name="Set Environment" library="common">
<kw name="Get Url" library="Browser">
<var>${currentUrl}</var>
<tag>Assertion</tag>
<tag>Getter</tag>
<tag>PageContent</tag>
<doc>Returns the current URL.</doc>
<msg timestamp="20230726 11:56:21.173" level="INFO">${currentUrl} = https://test3.omenahotels.com/en/</msg>
<status status="PASS" starttime="20230726 11:56:21.169" endtime="20230726 11:56:21.173"/>
</kw>
<kw name="Get Environment From Url" library="Helpers">
<var>${env}</var>
<arg>${currentUrl}</arg>
<msg timestamp="20230726 11:56:21.173" level="INFO">${env} = test-omena</msg>
<status status="PASS" starttime="20230726 11:56:21.173" endtime="20230726 11:56:21.173"/>
</kw>
<kw name="Set Variable" library="BuiltIn">
<arg>${environment}</arg>
<arg>${env}</arg>
<doc>Returns the given values which can then be assigned to a variables.</doc>
<status status="PASS" starttime="20230726 11:56:21.173" endtime="20230726 11:56:21.173"/>
</kw>
<status status="PASS" starttime="20230726 11:56:21.168" endtime="20230726 11:56:21.174"/>
</kw>
<status status="PASS" starttime="20230726 11:56:14.290" endtime="20230726 11:56:21.174"/>
</kw>
<test id="s1-s1-s1-s1-t1" name="Create A New Booking as" line="12">
<kw name="Select Hotel" library="booking">
<doc>Select Hotel by using a number as an argument, default Lönnrotinkatu</doc>
<if>
<branch type="IF" condition="&quot;${environment}&quot; == &quot;test-exhibition&quot;">
<kw name="Log" library="BuiltIn">
<arg>No hotel to be selected</arg>
<doc>Logs the given message with the given level.</doc>
<status status="NOT RUN" starttime="20230726 11:56:21.182" endtime="20230726 11:56:21.182"/>
</kw>
<status status="NOT RUN" starttime="20230726 11:56:21.182" endtime="20230726 11:56:21.182"/>
</branch>
<branch type="ELSE">
<kw name="Log" library="BuiltIn">
<arg>Selecting Hotel: ${hotel}</arg>
<doc>Logs the given message with the given level.</doc>
<msg timestamp="20230726 11:56:21.182" level="INFO">Selecting Hotel: Lönnrotin</msg>
<status status="PASS" starttime="20230726 11:56:21.182" endtime="20230726 11:56:21.182"/>
</kw>
<kw name="Click" library="Browser">
<arg>//div[contains(@data-nelson-btn, "hotels")]</arg>
<tag>PageContent</tag>
<tag>Setter</tag>
<doc>Simulates mouse click on the element found by ``selector``.</doc>
<status status="PASS" starttime="20230726 11:56:21.182" endtime="20230726 11:56:21.274"/>
</kw>
<kw name="Wait Until Visible" library="common">
<arg>//a[contains(@class, 'dropdown-item') and contains(text(), '${hotel}')]</arg>
<doc>An easier keyword for waiting until an element is visible</doc>
<kw name="Wait For Elements State" library="Browser">
<arg>${element}</arg>
<arg>visible</arg>
<arg>timeout=${timeout}</arg>
<tag>PageContent</tag>
<tag>Wait</tag>
<doc>Waits for the element found by ``selector`` to satisfy state option.</doc>
<msg timestamp="20230726 11:56:21.284" level="INFO">Waited for Element with selector //a[contains(@class, 'dropdown-item') and contains(text(), 'Lönnrotin')] at state visible</msg>
<status status="PASS" starttime="20230726 11:56:21.275" endtime="20230726 11:56:21.284"/>
</kw>
<status status="PASS" starttime="20230726 11:56:21.274" endtime="20230726 11:56:21.284"/>
</kw>
<kw name="Click" library="Browser">
<arg>//a[contains(@class, 'dropdown-item') and contains(text(), '${hotel}')]</arg>
<tag>PageContent</tag>
<tag>Setter</tag>
<doc>Simulates mouse click on the element found by ``selector``.</doc>
<status status="PASS" starttime="20230726 11:56:21.284" endtime="20230726 11:56:22.517"/>
</kw>
<kw name="Wait For Elements State" library="Browser">
<arg>//a[contains(@class, 'dropdown-item') and contains(text(), '${hotel}')]</arg>
<arg>hidden</arg>
<arg>timeout=3s</arg>
<tag>PageContent</tag>
<tag>Wait</tag>
<doc>Waits for the element found by ``selector`` to satisfy state option.</doc>
<msg timestamp="20230726 11:56:22.543" level="INFO">Waited for Element with selector //a[contains(@class, 'dropdown-item') and contains(text(), 'Lönnrotin')] at state hidden</msg>
<status status="PASS" starttime="20230726 11:56:22.518" endtime="20230726 11:56:22.543"/>
</kw>
<status status="PASS" starttime="20230726 11:56:21.182" endtime="20230726 11:56:22.543"/>
</branch>
<status status="PASS" starttime="20230726 11:56:21.181" endtime="20230726 11:56:22.543"/>
</if>
<status status="PASS" starttime="20230726 11:56:21.181" endtime="20230726 11:56:22.543"/>
</kw>
<kw name="Select Dates" library="booking">
<kw name="Log" library="BuiltIn">
<arg>${EMPTY}</arg>
<doc>Logs the given message with the given level.</doc>
<msg timestamp="20230726 11:56:22.545" level="INFO"/>
<status status="PASS" starttime="20230726 11:56:22.544" endtime="20230726 11:56:22.545"/>
</kw>
<status status="PASS" starttime="20230726 11:56:22.544" endtime="20230726 11:56:22.545"/>
</kw>
<kw name="Select Guests" library="booking">
<doc>Selects the number of guests for the booking, current implementation will only check the dropdown</doc>
<kw name="Log To Console" library="BuiltIn">
<arg>${EMPTY}</arg>
<doc>Logs the given message to the console.</doc>
<status status="PASS" starttime="20230726 11:56:22.548" endtime="20230726 11:56:22.549"/>
</kw>
<status status="PASS" starttime="20230726 11:56:22.545" endtime="20230726 11:56:22.550"/>
</kw>
<kw name="Click Book or Find Rooms Button" library="booking">
<kw name="Get Url" library="Browser">
<var>${url}</var>
<tag>Assertion</tag>
<tag>Getter</tag>
<tag>PageContent</tag>
<doc>Returns the current URL.</doc>
<msg timestamp="20230726 11:56:22.553" level="INFO">${url} = https://test3.omenahotels.com/en/#</msg>
<status status="PASS" starttime="20230726 11:56:22.550" endtime="20230726 11:56:22.553"/>
</kw>
<kw name="Check If String Contains" library="common">
<var>${booking}</var>
<arg>${url}</arg>
<arg>/booking/</arg>
<kw name="Check If String Contains Substring" library="Helpers">
<var>${contains}</var>
<arg>${string}</arg>
<arg>${substring}</arg>
<msg timestamp="20230726 11:56:22.554" level="INFO">${contains} = False</msg>
<status status="PASS" starttime="20230726 11:56:22.553" endtime="20230726 11:56:22.554"/>
</kw>
<msg timestamp="20230726 11:56:22.554" level="INFO">${booking} = False</msg>
<status status="PASS" starttime="20230726 11:56:22.553" endtime="20230726 11:56:22.554"/>
</kw>
<if>
<branch type="IF" condition="${booking} == True">
<kw name="Click" library="Browser">
<arg>//button[contains(@class, 'booking-form-button') and contains(text(), 'Find rooms')]</arg>
<tag>PageContent</tag>
<tag>Setter</tag>
<doc>Simulates mouse click on the element found by ``selector``.</doc>
<status status="NOT RUN" starttime="20230726 11:56:22.554" endtime="20230726 11:56:22.554"/>
</kw>
<status status="NOT RUN" starttime="20230726 11:56:22.554" endtime="20230726 11:56:22.554"/>
</branch>
<branch type="ELSE">
<kw name="Click" library="Browser">
<arg>//button[contains(@class, 'booking-form-button') and contains(text(), 'Book')]</arg>
<tag>PageContent</tag>
<tag>Setter</tag>
<doc>Simulates mouse click on the element found by ``selector``.</doc>
<status status="PASS" starttime="20230726 11:56:22.555" endtime="20230726 11:56:24.014"/>
</kw>
<status status="PASS" starttime="20230726 11:56:22.554" endtime="20230726 11:56:24.014"/>
</branch>
<status status="PASS" starttime="20230726 11:56:22.554" endtime="20230726 11:56:24.014"/>
</if>
<status status="PASS" starttime="20230726 11:56:22.550" endtime="20230726 11:56:24.014"/>
</kw>
<kw name="Select a Standard Room" library="booking">
<kw name="Wait Until Visible" library="common">
<arg>${btnExtras}</arg>
<doc>An easier keyword for waiting until an element is visible</doc>
<kw name="Wait For Elements State" library="Browser">
<arg>${element}</arg>
<arg>visible</arg>
<arg>timeout=${timeout}</arg>
<tag>PageContent</tag>
<tag>Wait</tag>
<doc>Waits for the element found by ``selector`` to satisfy state option.</doc>
<msg timestamp="20230726 11:56:28.740" level="INFO">Waited for Element with selector (//div[contains(@view,"booking")]//button[contains(text(), "Continue to extras")])[1] at state visible</msg>
<status status="PASS" starttime="20230726 11:56:24.015" endtime="20230726 11:56:28.741"/>
</kw>
<status status="PASS" starttime="20230726 11:56:24.015" endtime="20230726 11:56:28.741"/>
</kw>
<kw name="Get Element States" library="Browser">
<var>${visible}</var>
<arg>//div[contains(text(), 'Select room')]</arg>
<arg>then</arg>
<arg>bool(value &amp; visible)</arg>
<tag>Assertion</tag>
<tag>Getter</tag>
<tag>PageContent</tag>
<doc>Get the active states from the element found by ``selector``.</doc>
<msg timestamp="20230726 11:56:28.996" level="INFO">${visible} = False</msg>
<status status="PASS" starttime="20230726 11:56:28.741" endtime="20230726 11:56:28.996"/>
</kw>
<kw name="Run Keyword If" library="BuiltIn">
<arg>${visible}</arg>
<arg>Select Standard and Remove Other Room Selection</arg>
<doc>Runs the given keyword with the given arguments, if ``condition`` is true.</doc>
<status status="PASS" starttime="20230726 11:56:28.996" endtime="20230726 11:56:28.996"/>
</kw>
<status status="PASS" starttime="20230726 11:56:24.014" endtime="20230726 11:56:28.996"/>
</kw>
<kw name="Click Continue to Extras Button" library="booking">
<doc>Clicks the continue to extras button</doc>
<kw name="Click" library="Browser">
<arg>${btnExtras}</arg>
<tag>PageContent</tag>
<tag>Setter</tag>
<doc>Simulates mouse click on the element found by ``selector``.</doc>
<status status="PASS" starttime="20230726 11:56:28.997" endtime="20230726 11:56:31.714"/>
</kw>
<kw name="Wait Until Visible" library="common">
<arg>${btnPayment}</arg>
<doc>An easier keyword for waiting until an element is visible</doc>
<kw name="Wait For Elements State" library="Browser">
<arg>${element}</arg>
<arg>visible</arg>
<arg>timeout=${timeout}</arg>
<tag>PageContent</tag>
<tag>Wait</tag>
<doc>Waits for the element found by ``selector`` to satisfy state option.</doc>
<msg timestamp="20230726 11:56:32.739" level="INFO">Waited for Element with selector (//div[contains(@view,"extras")]//button[contains(text(), "Continue to payment")])[1] at state visible</msg>
<status status="PASS" starttime="20230726 11:56:31.715" endtime="20230726 11:56:32.740"/>
</kw>
<status status="PASS" starttime="20230726 11:56:31.715" endtime="20230726 11:56:32.740"/>
</kw>
<status status="PASS" starttime="20230726 11:56:28.996" endtime="20230726 11:56:32.740"/>
</kw>
<kw name="Continue to Payment" library="booking">
<kw name="Click" library="Browser">
<arg>(//button[normalize-space()='Continue to payment'])[1]</arg>
<tag>PageContent</tag>
<tag>Setter</tag>
<doc>Simulates mouse click on the element found by ``selector``.</doc>
<status status="PASS" starttime="20230726 11:56:32.741" endtime="20230726 11:56:32.843"/>
</kw>
<status status="PASS" starttime="20230726 11:56:32.740" endtime="20230726 11:56:32.843"/>
</kw>
<kw name="Fill in Contact Information" library="booking">
<doc>Fills in Contact information that can be given as arguments or use default values
Uses a password if the environment is bui and</doc>
<kw name="Create Email and Return Inbox" library="common">
<var>${inbox}</var>
<doc>Creates a new email address and returns the inbox object</doc>
<kw name="Create new Inbox" library="MailSlurp">
<var>${inbox}</var>
<msg timestamp="20230726 11:56:33.216" level="INFO">Debug Config
&lt;mailslurp_client.configuration.Configuration object at 0x7f9c8e5ef850&gt;
{'created_at': datetime.datetime(2023, 7, 26, 11, 56, 33, 177000, tzinfo=tzlocal()),
 'description': None,
 'domain_id': None,
 'email_address': '4d5a793a-70b2-44db-acaa-b437cfb412e7@mailslurp.com',
 'expires_at': None,
 'favourite': False,
 'id': '4d5a793a-70b2-44db-acaa-b437cfb412e7',
 'inbox_type': 'HTTP_INBOX',
 'name': None,
 'read_only': False,
 'tags': None,
 'user_id': 'a2f48756-8279-471d-bb55-980a32334d37',
 'virtual_inbox': False}
&lt;MailSlurp.MailSlurp object at 0x7f9c8e5efad0&gt;</msg>
<msg timestamp="20230726 11:56:33.217" level="INFO">${inbox} = {'created_at': datetime.datetime(2023, 7, 26, 11, 56, 33, 177000, tzinfo=tzlocal()),
 'description': None,
 'domain_id': None,
 'email_address': '4d5a793a-70b2-44db-acaa-b437cfb412e7@mailslurp.com',
 ...</msg>
<status status="PASS" starttime="20230726 11:56:32.844" endtime="20230726 11:56:33.217"/>
</kw>
<kw name="Log To Console" library="BuiltIn">
<arg>${inbox.id}</arg>
<doc>Logs the given message to the console.</doc>
<status status="PASS" starttime="20230726 11:56:33.217" endtime="20230726 11:56:33.218"/>
</kw>
<msg timestamp="20230726 11:56:33.218" level="INFO">${inbox} = {'created_at': datetime.datetime(2023, 7, 26, 11, 56, 33, 177000, tzinfo=tzlocal()),
 'description': None,
 'domain_id': None,
 'email_address': '4d5a793a-70b2-44db-acaa-b437cfb412e7@mailslurp.com',
 ...</msg>
<status status="PASS" starttime="20230726 11:56:32.843" endtime="20230726 11:56:33.219"/>
</kw>
<kw name="Click and Fill" library="common">
<arg>id=firstName</arg>
<arg>${firstName}</arg>
<doc>A keyword combination of Click and Fill Text since most of the form fields need a click</doc>
<kw name="Click" library="Browser">
<arg>${selector}</arg>
<tag>PageContent</tag>
<tag>Setter</tag>
<doc>Simulates mouse click on the element found by ``selector``.</doc>
<status status="PASS" starttime="20230726 11:56:33.220" endtime="20230726 11:56:34.259"/>
</kw>
<kw name="Fill Text" library="Browser">
<arg>${selector}</arg>
<arg>${text}</arg>
<tag>PageContent</tag>
<tag>Setter</tag>
<doc>Clears and fills the given ``txt`` into the text field found by ``selector``.</doc>
<msg timestamp="20230726 11:56:34.260" level="INFO">Fills the text 'Mos' in the given field.</msg>
<status status="PASS" starttime="20230726 11:56:34.259" endtime="20230726 11:56:34.574"/>
</kw>
<status status="PASS" starttime="20230726 11:56:33.219" endtime="20230726 11:56:34.574"/>
</kw>
<kw name="Click and Fill" library="common">
<arg>id=lastName</arg>
<arg>${lastName}</arg>
<doc>A keyword combination of Click and Fill Text since most of the form fields need a click</doc>
<kw name="Click" library="Browser">
<arg>${selector}</arg>
<tag>PageContent</tag>
<tag>Setter</tag>
<doc>Simulates mouse click on the element found by ``selector``.</doc>
<status status="PASS" starttime="20230726 11:56:34.575" endtime="20230726 11:56:34.929"/>
</kw>
<kw name="Fill Text" library="Browser">
<arg>${selector}</arg>
<arg>${text}</arg>
<tag>PageContent</tag>
<tag>Setter</tag>
<doc>Clears and fills the given ``txt`` into the text field found by ``selector``.</doc>
<msg timestamp="20230726 11:56:34.930" level="INFO">Fills the text 'Def' in the given field.</msg>
<status status="PASS" starttime="20230726 11:56:34.929" endtime="20230726 11:56:35.005"/>
</kw>
<status status="PASS" starttime="20230726 11:56:34.574" endtime="20230726 11:56:35.006"/>
</kw>
<kw name="Click and Fill" library="common">
<arg>id=email</arg>
<arg>${inbox.email_address}</arg>
<doc>A keyword combination of Click and Fill Text since most of the form fields need a click</doc>
<kw name="Click" library="Browser">
<arg>${selector}</arg>
<tag>PageContent</tag>
<tag>Setter</tag>
<doc>Simulates mouse click on the element found by ``selector``.</doc>
<status status="PASS" starttime="20230726 11:56:35.007" endtime="20230726 11:56:35.218"/>
</kw>
<kw name="Fill Text" library="Browser">
<arg>${selector}</arg>
<arg>${text}</arg>
<tag>PageContent</tag>
<tag>Setter</tag>
<doc>Clears and fills the given ``txt`` into the text field found by ``selector``.</doc>
<msg timestamp="20230726 11:56:35.219" level="INFO">Fills the text '4d5a793a-70b2-44db-acaa-b437cfb412e7@mailslurp.com' in the given field.</msg>
<status status="PASS" starttime="20230726 11:56:35.219" endtime="20230726 11:56:35.314"/>
</kw>
<status status="PASS" starttime="20230726 11:56:35.006" endtime="20230726 11:56:35.314"/>
</kw>
<kw name="Click and Fill" library="common">
<arg>id=phoneNumber</arg>
<arg>${phone}</arg>
<doc>A keyword combination of Click and Fill Text since most of the form fields need a click</doc>
<kw name="Click" library="Browser">
<arg>${selector}</arg>
<tag>PageContent</tag>
<tag>Setter</tag>
<doc>Simulates mouse click on the element found by ``selector``.</doc>
<status status="PASS" starttime="20230726 11:56:35.315" endtime="20230726 11:56:35.501"/>
</kw>
<kw name="Fill Text" library="Browser">
<arg>${selector}</arg>
<arg>${text}</arg>
<tag>PageContent</tag>
<tag>Setter</tag>
<doc>Clears and fills the given ``txt`` into the text field found by ``selector``.</doc>
<msg timestamp="20230726 11:56:35.502" level="INFO">Fills the text '040123942' in the given field.</msg>
<status status="PASS" starttime="20230726 11:56:35.501" endtime="20230726 11:56:35.583"/>
</kw>
<status status="PASS" starttime="20230726 11:56:35.314" endtime="20230726 11:56:35.584"/>
</kw>
<kw name="Log To Console" library="BuiltIn">
<arg>${inbox.id}</arg>
<doc>Logs the given message to the console.</doc>
<status status="PASS" starttime="20230726 11:56:35.584" endtime="20230726 11:56:35.585"/>
</kw>
<kw name="Set Suite Variable" library="BuiltIn">
<arg>$ID</arg>
<arg>${inbox.id}</arg>
<doc>Makes a variable available everywhere within the scope of the current suite.</doc>
<msg timestamp="20230726 11:56:35.586" level="INFO">${ID} = 4d5a793a-70b2-44db-acaa-b437cfb412e7</msg>
<status status="PASS" starttime="20230726 11:56:35.585" endtime="20230726 11:56:35.586"/>
</kw>
<kw name="Get Element Count" library="Browser">
<var>${passwordVisible}</var>
<arg>id=password</arg>
<tag>Assertion</tag>
<tag>Getter</tag>
<tag>PageContent</tag>
<doc>Returns the count of elements found with ``selector``.</doc>
<msg timestamp="20230726 11:56:35.610" level="INFO">${passwordVisible} = 1</msg>
<status status="PASS" starttime="20230726 11:56:35.586" endtime="20230726 11:56:35.610"/>
</kw>
<if>
<branch type="IF" condition="'${env}'=='bui' and '${passwordVisible}'&gt;'0'">
<kw name="Click and Fill" library="common">
<arg>id=password</arg>
<arg>${password}</arg>
<doc>A keyword combination of Click and Fill Text since most of the form fields need a click</doc>
<kw name="Click" library="Browser">
<arg>${selector}</arg>
<tag>PageContent</tag>
<tag>Setter</tag>
<doc>Simulates mouse click on the element found by ``selector``.</doc>
<status status="PASS" starttime="20230726 11:56:35.611" endtime="20230726 11:56:35.763"/>
</kw>
<kw name="Fill Text" library="Browser">
<arg>${selector}</arg>
<arg>${text}</arg>
<tag>PageContent</tag>
<tag>Setter</tag>
<doc>Clears and fills the given ``txt`` into the text field found by ``selector``.</doc>
<msg timestamp="20230726 11:56:35.764" level="INFO">Fills the text 'NotARealPass123!' in the given field.</msg>
<status status="PASS" starttime="20230726 11:56:35.764" endtime="20230726 11:56:35.795"/>
</kw>
<status status="PASS" starttime="20230726 11:56:35.610" endtime="20230726 11:56:35.795"/>
</kw>
<status status="PASS" starttime="20230726 11:56:35.610" endtime="20230726 11:56:35.795"/>
</branch>
<branch type="ELSE">
<kw name="Log To Console" library="BuiltIn">
<arg>No password filled</arg>
<doc>Logs the given message to the console.</doc>
<status status="NOT RUN" starttime="20230726 11:56:35.796" endtime="20230726 11:56:35.796"/>
</kw>
<status status="NOT RUN" starttime="20230726 11:56:35.796" endtime="20230726 11:56:35.796"/>
</branch>
<status status="PASS" starttime="20230726 11:56:35.610" endtime="20230726 11:56:35.796"/>
</if>
<status status="PASS" starttime="20230726 11:56:32.843" endtime="20230726 11:56:35.796"/>
</kw>
<kw name="Accept offers and Terms" library="booking">
<kw name="Click" library="Browser">
<arg>(//div[contains(text(), 'like to receive')])[1]</arg>
<tag>PageContent</tag>
<tag>Setter</tag>
<doc>Simulates mouse click on the element found by ``selector``.</doc>
<status status="PASS" starttime="20230726 11:56:35.797" endtime="20230726 11:56:35.994"/>
</kw>
<kw name="Click" library="Browser">
<arg>(//*[contains(text(),'Accept')]/ancestor::label//span[contains(@class,'chakra-checkbox__control')])[1]</arg>
<tag>PageContent</tag>
<tag>Setter</tag>
<doc>Simulates mouse click on the element found by ``selector``.</doc>
<status status="PASS" starttime="20230726 11:56:35.995" endtime="20230726 11:56:36.143"/>
</kw>
<status status="PASS" starttime="20230726 11:56:35.796" endtime="20230726 11:56:36.143"/>
</kw>
<kw name="Select Web Bank and Nordea as Payment Method" library="booking">
<kw name="Click" library="Browser">
<arg>//div[contains(text(), "Web bank payment")]</arg>
<tag>PageContent</tag>
<tag>Setter</tag>
<doc>Simulates mouse click on the element found by ``selector``.</doc>
<status status="PASS" starttime="20230726 11:56:36.144" endtime="20230726 11:56:36.301"/>
</kw>
<kw name="Click" library="Browser">
<arg>//p[contains(text(), 'Nordea')]</arg>
<tag>PageContent</tag>
<tag>Setter</tag>
<doc>Simulates mouse click on the element found by ``selector``.</doc>
<status status="PASS" starttime="20230726 11:56:36.302" endtime="20230726 11:56:36.501"/>
</kw>
<kw name="Click" library="Browser">
<arg>(//div[contains(@view,"payment")]//button[contains(text(), "Pay")])[1]</arg>
<tag>PageContent</tag>
<tag>Setter</tag>
<doc>Simulates mouse click on the element found by ``selector``.</doc>
<status status="PASS" starttime="20230726 11:56:36.501" endtime="20230726 11:56:38.596"/>
</kw>
<status status="PASS" starttime="20230726 11:56:36.143" endtime="20230726 11:56:38.596"/>
</kw>
<kw name="Complete Payment Successfully" library="booking">
<kw name="Simulate Success or Failure" library="booking">
<arg>success</arg>
<kw name="Wait For Elements State" library="Browser">
<arg>//a[contains(text(), 'Simulate ${which} to merchant')]</arg>
<arg>visible</arg>
<arg>timeout=${timeout}</arg>
<tag>PageContent</tag>
<tag>Wait</tag>
<doc>Waits for the element found by ``selector`` to satisfy state option.</doc>
<msg timestamp="20230726 11:56:50.527" level="INFO">Waited for Element with selector //a[contains(text(), 'Simulate success to merchant')] at state visible</msg>
<status status="PASS" starttime="20230726 11:56:38.597" endtime="20230726 11:56:50.527"/>
</kw>
<kw name="Click" library="Browser">
<arg>//a[contains(text(), 'Simulate ${which} to merchant')]</arg>
<tag>PageContent</tag>
<tag>Setter</tag>
<doc>Simulates mouse click on the element found by ``selector``.</doc>
<status status="PASS" starttime="20230726 11:56:50.528" endtime="20230726 11:56:58.262"/>
</kw>
<status status="PASS" starttime="20230726 11:56:38.597" endtime="20230726 11:56:58.262"/>
</kw>
<kw name="Verify Payment was successful" library="booking">
<kw name="Wait Until Visible" library="common">
<arg>//p[contains(text(), 'Payment was successful')]</arg>
<doc>An easier keyword for waiting until an element is visible</doc>
<kw name="Wait For Elements State" library="Browser">
<arg>${element}</arg>
<arg>visible</arg>
<arg>timeout=${timeout}</arg>
<tag>PageContent</tag>
<tag>Wait</tag>
<doc>Waits for the element found by ``selector`` to satisfy state option.</doc>
<msg timestamp="20230726 11:57:01.097" level="INFO">Waited for Element with selector //p[contains(text(), 'Payment was successful')] at state visible</msg>
<status status="PASS" starttime="20230726 11:56:58.263" endtime="20230726 11:57:01.097"/>
</kw>
<status status="PASS" starttime="20230726 11:56:58.262" endtime="20230726 11:57:01.098"/>
</kw>
<kw name="Close Dialog" library="booking">
<kw name="Wait Until Visible" library="common">
<arg>//button[contains(text(), "Ok")]</arg>
<doc>An easier keyword for waiting until an element is visible</doc>
<kw name="Wait For Elements State" library="Browser">
<arg>${element}</arg>
<arg>visible</arg>
<arg>timeout=${timeout}</arg>
<tag>PageContent</tag>
<tag>Wait</tag>
<doc>Waits for the element found by ``selector`` to satisfy state option.</doc>
<msg timestamp="20230726 11:57:01.280" level="INFO">Waited for Element with selector //button[contains(text(), "Ok")] at state visible</msg>
<status status="PASS" starttime="20230726 11:57:01.099" endtime="20230726 11:57:01.280"/>
</kw>
<status status="PASS" starttime="20230726 11:57:01.098" endtime="20230726 11:57:01.281"/>
</kw>
<kw name="Click" library="Browser">
<arg>//button[contains(text(), "Ok")]</arg>
<tag>PageContent</tag>
<tag>Setter</tag>
<doc>Simulates mouse click on the element found by ``selector``.</doc>
<status status="PASS" starttime="20230726 11:57:01.281" endtime="20230726 11:57:03.717"/>
</kw>
<status status="PASS" starttime="20230726 11:57:01.098" endtime="20230726 11:57:03.718"/>
</kw>
<kw name="Save Booking Number 1" library="booking">
<kw name="Get Text" library="Browser">
<var>${str}</var>
<arg>//p[contains(text(),'Booking number')]</arg>
<tag>Assertion</tag>
<tag>Getter</tag>
<tag>PageContent</tag>
<doc>Returns text attribute of the element found by ``selector``.</doc>
<msg timestamp="20230726 11:57:03.848" level="INFO">Text: 'Booking number: 463675306'</msg>
<msg timestamp="20230726 11:57:03.848" level="INFO">${str} = Booking number: 463675306</msg>
<status status="PASS" starttime="20230726 11:57:03.718" endtime="20230726 11:57:03.848"/>
</kw>
<kw name="Log To Console" library="BuiltIn">
<arg>${bookingNumber}</arg>
<doc>Logs the given message to the console.</doc>
<status status="PASS" starttime="20230726 11:57:03.848" endtime="20230726 11:57:03.849"/>
</kw>
<kw name="Remove String" library="String">
<var>${str}</var>
<arg>${str}</arg>
<arg>Booking code${SPACE}</arg>
<doc>Removes all ``removables`` from the given ``string``.</doc>
<msg timestamp="20230726 11:57:03.849" level="INFO">${str} = Booking number: 463675306</msg>
<status status="PASS" starttime="20230726 11:57:03.849" endtime="20230726 11:57:03.849"/>
</kw>
<kw name="Strip String" library="String">
<var>${str}</var>
<arg>${str}</arg>
<doc>Remove leading and/or trailing whitespaces from the given string.</doc>
<msg timestamp="20230726 11:57:03.849" level="INFO">${str} = Booking number: 463675306</msg>
<status status="PASS" starttime="20230726 11:57:03.849" endtime="20230726 11:57:03.849"/>
</kw>
<status status="PASS" starttime="20230726 11:57:03.718" endtime="20230726 11:57:03.850"/>
</kw>
<status status="PASS" starttime="20230726 11:56:58.262" endtime="20230726 11:57:03.850"/>
</kw>
<status status="PASS" starttime="20230726 11:56:38.597" endtime="20230726 11:57:03.850"/>
</kw>
<doc>A new booker opens the page and does a successful booking</doc>
<tag>smoke</tag>
<status status="PASS" starttime="20230726 11:56:21.174" endtime="20230726 11:57:03.850"/>
</test>
<test id="s1-s1-s1-s1-t2" name="Confirm Email and Open Link" line="26">
<kw name="Get Variable Value" library="BuiltIn">
<var>${id}</var>
<arg>$ID</arg>
<doc>Returns variable value or ``default`` if the variable does not exist.</doc>
<msg timestamp="20230726 11:57:03.883" level="INFO">${id} = 4d5a793a-70b2-44db-acaa-b437cfb412e7</msg>
<status status="PASS" starttime="20230726 11:57:03.883" endtime="20230726 11:57:03.883"/>
</kw>
<kw name="Wait for Latest Booking Confirmation and Extract Link" library="MailSlurp">
<var>${modify_link}</var>
<arg>${id}</arg>
<msg timestamp="20230726 11:57:13.659" level="INFO">${modify_link} = https://testnelson.page.link/?link=https%3A%2F%2Ftest3.omenahotels.com%2Fen%2Fbooking%2F%23%2Fmanage-booking%2F614d852c-b80b-448c-8670-52328ed180de%3FnewSession%3Dtrue%26email%3D4d5a793a-70b2-44db-aca...</msg>
<status status="PASS" starttime="20230726 11:57:03.883" endtime="20230726 11:57:13.659"/>
</kw>
<kw name="Open New Browser To URL" library="common">
<arg>${modify_link}</arg>
<kw name="New Browser" library="Browser">
<arg>${browser}</arg>
<arg>${headless}</arg>
<arg>timeout=${timeout}</arg>
<tag>BrowserControl</tag>
<tag>Setter</tag>
<doc>Create a new playwright Browser with specified options.</doc>
<msg timestamp="20230726 11:57:13.661" level="INFO">Switching browser to browser=10133143-d726-4f65-b439-08bca78f40c0</msg>
<msg timestamp="20230726 11:57:13.663" level="INFO">Successfully changed active browser</msg>
<msg timestamp="20230726 11:57:13.664" level="INFO">Reusing existing browser with id: browser=10133143-d726-4f65-b439-08bca78f40c0</msg>
<status status="PASS" starttime="20230726 11:57:13.660" endtime="20230726 11:57:13.664"/>
</kw>
<kw name="Set Browser Timeout" library="Browser">
<arg>${timeout}</arg>
<tag>Config</tag>
<tag>Setter</tag>
<doc>Sets the timeout used by most input and getter keywords.</doc>
<status status="PASS" starttime="20230726 11:57:13.664" endtime="20230726 11:57:13.664"/>
</kw>
<kw name="New Context" library="Browser">
<tag>BrowserControl</tag>
<tag>Setter</tag>
<doc>Create a new BrowserContext with specified options.</doc>
<msg timestamp="20230726 11:57:13.665" level="INFO">{
  "acceptDownloads": true,
  "bypassCSP": false,
  "forcedColors": "none",
  "hideRfBrowser": "",
  "ignoreHTTPSErrors": false,
  "javaScriptEnabled": true,
  "offline": false,
  "reducedMotion": "no-preference",
  "viewport": {
    "height": 720,
    "width": 1280
  }
}</msg>
<msg timestamp="20230726 11:57:13.671" level="INFO">Successfully created context. </msg>
<msg timestamp="20230726 11:57:13.671" level="INFO">{'acceptDownloads': True, 'bypassCSP': False, 'forcedColors': 'none', 'hideRfBrowser': '', 'ignoreHTTPSErrors': False, 'javaScriptEnabled': True, 'offline': False, 'reducedMotion': 'no-preference', 'viewport': {'height': 720, 'width': 1280}}</msg>
<status status="PASS" starttime="20230726 11:57:13.664" endtime="20230726 11:57:13.671"/>
</kw>
<kw name="New Page" library="Browser">
<arg>${url}</arg>
<tag>BrowserControl</tag>
<tag>Setter</tag>
<doc>Open a new Page.</doc>
<msg timestamp="20230726 11:57:15.871" level="INFO">Successfully initialized new page object and opened url: https://testnelson.page.link/?link=https%3A%2F%2Ftest3.omenahotels.com%2Fen%2Fbooking%2F%23%2Fmanage-booking%2F614d852c-b80b-448c-8670-52328ed180de%3FnewSession%3Dtrue%26email%3D4d5a793a-70b2-44db-acaa-b437cfb412e7%40mailslurp.com%26code%3D463675306%26isMembership%3Dtrue</msg>
<status status="PASS" starttime="20230726 11:57:13.672" endtime="20230726 11:57:15.871"/>
</kw>
<status status="PASS" starttime="20230726 11:57:13.660" endtime="20230726 11:57:15.872"/>
</kw>
<doc>A new booker receives an email with a link to modify the booking</doc>
<tag>smoke</tag>
<status status="PASS" starttime="20230726 11:57:03.878" endtime="20230726 11:57:15.872"/>
</test>
<kw name="Close Browser" library="Browser" type="TEARDOWN">
<tag>BrowserControl</tag>
<tag>Setter</tag>
<doc>Closes the current browser.</doc>
<msg timestamp="20230726 11:57:16.638" level="INFO">Closed browser</msg>
<status status="PASS" starttime="20230726 11:57:15.942" endtime="20230726 11:57:16.638"/>
</kw>
<doc>A test suite for verifying modify booking functionality</doc>
<status status="PASS" starttime="20230726 11:56:13.405" endtime="20230726 11:57:16.638"/>
</suite>
<status status="PASS" starttime="20230726 11:56:13.404" endtime="20230726 11:57:16.646"/>
</suite>
<status status="PASS" starttime="20230726 11:56:13.403" endtime="20230726 11:57:16.647"/>
</suite>
<doc>Argument file for running tests on Omena Staging Environmen (test3)</doc>
<status status="PASS" starttime="20230726 11:56:13.387" endtime="20230726 11:57:16.648"/>
</suite>
<statistics>
<total>
<stat pass="2" fail="0" skip="0">All Tests</stat>
</total>
<tag>
<stat pass="2" fail="0" skip="0">smoke</stat>
</tag>
<suite>
<stat pass="2" fail="0" skip="0" id="s1" name="Testsuites">Testsuites</stat>
<stat pass="2" fail="0" skip="0" id="s1-s1" name="BUI">Testsuites.BUI</stat>
<stat pass="2" fail="0" skip="0" id="s1-s1-s1" name="Regression">Testsuites.BUI.Regression</stat>
<stat pass="2" fail="0" skip="0" id="s1-s1-s1-s1" name="New Booking">Testsuites.BUI.Regression.New Booking</stat>
</suite>
</statistics>
<errors>
</errors>
</robot>
