<?xml version="1.0" encoding="UTF-8"?>
<robot generator="Robot 6.1.1 (Python 3.11.6 on linux)" generated="20231030 17:17:58.777" rpa="false" schemaversion="4">
<suite id="s1" name="Testsuites" source="/home/runner/work/nelson-test-automation/nelson-test-automation/testsuites">
<suite id="s1-s1" name="BUI" source="/home/runner/work/nelson-test-automation/nelson-test-automation/testsuites/BUI">
<suite id="s1-s1-s1" name="Regression" source="/home/runner/work/nelson-test-automation/nelson-test-automation/testsuites/BUI/regression">
<suite id="s1-s1-s1-s1" name="Create Booking" source="/home/runner/work/nelson-test-automation/nelson-test-automation/testsuites/BUI/regression/create_booking.robot">
<kw name="Open Browser to Landing Page" library="common" type="SETUP">
<doc>A general startup keyword for opening a browser to the landing page.</doc>
<msg timestamp="20231030 17:17:59.991" level="TRACE">Arguments: [  ]</msg>
<kw name="Log To Console" library="BuiltIn">
<arg>Environment: ${environment}</arg>
<doc>Logs the given message to the console.</doc>
<msg timestamp="20231030 17:17:59.991" level="TRACE">Arguments: [ 'Environment: test3' ]</msg>
<msg timestamp="20231030 17:17:59.991" level="TRACE">Return: None</msg>
<status status="PASS" starttime="20231030 17:17:59.991" endtime="20231030 17:17:59.991"/>
</kw>
<if>
<branch type="IF" condition="'${environment}' == 'test3'">
<kw name="Set Suite Variable" library="BuiltIn">
<arg>${url.landing.page}</arg>
<arg>https://test3.omenahotels.com/en</arg>
<doc>Makes a variable available everywhere within the scope of the current suite.</doc>
<msg timestamp="20231030 17:17:59.992" level="TRACE">Arguments: [ '${url.landing.page}' | 'https://test3.omenahotels.com/en' ]</msg>
<msg timestamp="20231030 17:17:59.992" level="INFO">${url.landing.page} = https://test3.omenahotels.com/en</msg>
<msg timestamp="20231030 17:17:59.992" level="TRACE">Return: None</msg>
<status status="PASS" starttime="20231030 17:17:59.992" endtime="20231030 17:17:59.992"/>
</kw>
<status status="PASS" starttime="20231030 17:17:59.991" endtime="20231030 17:17:59.992"/>
</branch>
<branch type="ELSE IF" condition="'${environment}' == 'ks_test'">
<kw name="Set Suite Variable" library="BuiltIn">
<arg>${url.landing.page}</arg>
<arg>https://test.kensingtonstay.com/en</arg>
<doc>Makes a variable available everywhere within the scope of the current suite.</doc>
<status status="NOT RUN" starttime="20231030 17:17:59.993" endtime="20231030 17:17:59.993"/>
</kw>
<status status="NOT RUN" starttime="20231030 17:17:59.992" endtime="20231030 17:17:59.993"/>
</branch>
<branch type="ELSE IF" condition="'${environment}' == 'salo_test'">
<kw name="Set Suite Variable" library="BuiltIn">
<arg>${url.landing.page}</arg>
<arg>https://test.kensingtonstay.com/en</arg>
<doc>Makes a variable available everywhere within the scope of the current suite.</doc>
<status status="NOT RUN" starttime="20231030 17:17:59.993" endtime="20231030 17:17:59.993"/>
</kw>
<status status="NOT RUN" starttime="20231030 17:17:59.993" endtime="20231030 17:17:59.993"/>
</branch>
<branch type="ELSE IF" condition="'${environment}' == 'test4'">
<kw name="Set Suite Variable" library="BuiltIn">
<arg>${url.landing.page}</arg>
<arg>https://test4.omenahotels.com/en</arg>
<doc>Makes a variable available everywhere within the scope of the current suite.</doc>
<status status="NOT RUN" starttime="20231030 17:17:59.994" endtime="20231030 17:17:59.994"/>
</kw>
<status status="NOT RUN" starttime="20231030 17:17:59.993" endtime="20231030 17:17:59.994"/>
</branch>
<status status="PASS" starttime="20231030 17:17:59.991" endtime="20231030 17:17:59.994"/>
</if>
<kw name="Open New Browser To URL" library="common">
<arg>${url.landing.page}</arg>
<msg timestamp="20231030 17:17:59.994" level="TRACE">Arguments: [ ${url}='https://test3.omenahotels.com/en' ]</msg>
<kw name="New Browser" library="Browser">
<arg>${browser}</arg>
<arg>${headless}</arg>
<arg>timeout=${timeout}</arg>
<arg>downloadsPath=${EXECDIR}/resources/downloads</arg>
<tag>BrowserControl</tag>
<tag>Setter</tag>
<doc>Create a new playwright Browser with specified options.</doc>
<msg timestamp="20231030 17:17:59.995" level="TRACE">Arguments: [ &lt;SupportedBrowsers.firefox: 2&gt; | True | timeout=datetime.timedelta(seconds=30) | downloadsPath='/home/runner/work/nelson-test-automation/nelson-test-automation/resources/downloads' ]</msg>
<msg timestamp="20231030 17:17:59.996" level="INFO">{"browser": "firefox", "headless": true, "chromiumSandbox": false, "devtools": false, "downloadsPath": "/home/runner/work/nelson-test-automation/nelson-test-automation/resources/downloads", "handleSIGHUP": true, "handleSIGINT": true, "handleSIGTERM": true, "slowMo": 0.0, "timeout": 30000.0, "tracesDir": "/home/runner/work/nelson-test-automation/nelson-test-automation/reports/test3/browser/traces/3791694c-4298-4d3a-9b03-464d7f1a2ff8"}</msg>
<msg timestamp="20231030 17:18:00.894" level="INFO">Successfully created browser with options: {"browser":"firefox","headless":true,"chromiumSandbox":false,"devtools":false,"downloadsPath":"/home/runner/work/nelson-test-automation/nelson-test-automation/resources/downloads","handleSIGHUP":true,"handleSIGINT":true,"handleSIGTERM":true,"slowMo":0,"timeout":30000,"tracesDir":"/home/runner/work/nelson-test-automation/nelson-test-automation/reports/test3/browser/traces/3791694c-4298-4d3a-9b03-464d7f1a2ff8"}</msg>
<msg timestamp="20231030 17:18:00.894" level="TRACE">Return: 'browser=9583b550-2474-427a-a455-5f0be4354ea0'</msg>
<status status="PASS" starttime="20231030 17:17:59.994" endtime="20231030 17:18:00.894"/>
</kw>
<kw name="Set Browser Timeout" library="Browser">
<arg>${timeout}</arg>
<tag>Config</tag>
<tag>Setter</tag>
<doc>Sets the timeout used by most input and getter keywords.</doc>
<msg timestamp="20231030 17:18:00.896" level="TRACE">Arguments: [ datetime.timedelta(seconds=30) ]</msg>
<msg timestamp="20231030 17:18:00.901" level="INFO">No context open.</msg>
<msg timestamp="20231030 17:18:00.901" level="TRACE">Return: '10 seconds'</msg>
<status status="PASS" starttime="20231030 17:18:00.896" endtime="20231030 17:18:00.901"/>
</kw>
<kw name="New Context" library="Browser">
<arg>acceptDownloads=True</arg>
<tag>BrowserControl</tag>
<tag>Setter</tag>
<doc>Create a new BrowserContext with specified options.</doc>
<msg timestamp="20231030 17:18:00.902" level="TRACE">Arguments: [ acceptDownloads=True ]</msg>
<msg timestamp="20231030 17:18:00.902" level="INFO">{
  "acceptDownloads": true,
  "bypassCSP": false,
  "forcedColors": "none",
  "hideRfBrowser": "",
  "ignoreHTTPSErrors": false,
  "javaScriptEnabled": true,
  "offline": false,
  "reducedMotion": "no-preference",
  "serviceWorkers": "allow",
  "viewport": {
    "height": 720,
    "width": 1280
  }
}</msg>
<msg timestamp="20231030 17:18:00.960" level="INFO">Successfully created context. </msg>
<msg timestamp="20231030 17:18:00.960" level="INFO">{'acceptDownloads': True, 'bypassCSP': False, 'forcedColors': 'none', 'hideRfBrowser': '', 'ignoreHTTPSErrors': False, 'javaScriptEnabled': True, 'offline': False, 'reducedMotion': 'no-preference', 'serviceWorkers': 'allow', 'viewport': {'height': 720, 'width': 1280}}</msg>
<msg timestamp="20231030 17:18:00.960" level="TRACE">Return: 'context=ee3107ad-cfb9-4af1-8f7e-a5224e6ae2bd'</msg>
<status status="PASS" starttime="20231030 17:18:00.901" endtime="20231030 17:18:00.960"/>
</kw>
<kw name="New Page" library="Browser">
<arg>${url}</arg>
<tag>BrowserControl</tag>
<tag>Setter</tag>
<doc>Open a new Page.</doc>
<msg timestamp="20231030 17:18:00.961" level="TRACE">Arguments: [ 'https://test3.omenahotels.com/en' ]</msg>
<msg timestamp="20231030 17:18:04.187" level="INFO">Successfully initialized new page object and opened url: https://test3.omenahotels.com/en</msg>
<msg timestamp="20231030 17:18:04.188" level="DEBUG">Video is not enabled.</msg>
<msg timestamp="20231030 17:18:04.188" level="TRACE">Return: {'page_id': 'page=4f192bd9-17e4-49b8-aa19-de5fad065aa4', 'video_path': ''}</msg>
<status status="PASS" starttime="20231030 17:18:00.960" endtime="20231030 17:18:04.188"/>
</kw>
<msg timestamp="20231030 17:18:04.188" level="TRACE">Return: None</msg>
<status status="PASS" starttime="20231030 17:17:59.994" endtime="20231030 17:18:04.188"/>
</kw>
<kw name="Allow Cookies" library="common">
<doc>Allow Cookies/Toggle Cookie allowance</doc>
<msg timestamp="20231030 17:18:04.189" level="TRACE">Arguments: [  ]</msg>
<kw name="Is Element Found" library="common">
<var>${cookieModalVisible}</var>
<arg>id=CybotCookiebotDialogBodyLevelButtonLevelOptinAllowAll</arg>
<doc>A keyword that has a very complex way of figuring out whether an
element is found or not because I had trouble with the built-in keywords
Can be solved differently if you have a better idea</doc>
<msg timestamp="20231030 17:18:04.189" level="TRACE">Arguments: [ ${selector}='id=CybotCookiebotDialogBodyLevelButtonLevelOptinAllowAll' ]</msg>
<kw name="Set Browser Timeout" library="Browser">
<arg>10s</arg>
<tag>Config</tag>
<tag>Setter</tag>
<doc>Sets the timeout used by most input and getter keywords.</doc>
<msg timestamp="20231030 17:18:04.189" level="TRACE">Arguments: [ datetime.timedelta(seconds=10) ]</msg>
<msg timestamp="20231030 17:18:04.195" level="INFO">Set timeout to: 10000</msg>
<msg timestamp="20231030 17:18:04.195" level="TRACE">Return: '30 seconds'</msg>
<status status="PASS" starttime="20231030 17:18:04.189" endtime="20231030 17:18:04.195"/>
</kw>
<try>
<branch type="TRY">
<kw name="Get Elements" library="Browser">
<var>${els}</var>
<arg>${selector}</arg>
<tag>Getter</tag>
<tag>PageContent</tag>
<doc>Returns a reference to Playwright [https://playwright.dev/docs/api/class-locator|Locator]
for all matched elements by ``selector``.</doc>
<msg timestamp="20231030 17:18:04.196" level="TRACE">Arguments: [ 'id=CybotCookiebotDialogBodyLevelButtonLevelOptinAllowAll' ]</msg>
<msg timestamp="20231030 17:18:04.278" level="INFO">Found locator('id=CybotCookiebotDialogBodyLevelButtonLevelOptinAllowAll').first() Locators successfully.</msg>
<msg timestamp="20231030 17:18:04.278" level="DEBUG">["id=CybotCookiebotDialogBodyLevelButtonLevelOptinAllowAll &gt;&gt; nth=0"]</msg>
<msg timestamp="20231030 17:18:04.278" level="TRACE">Return: ['id=CybotCookiebotDialogBodyLevelButtonLevelOptinAllowAll &gt;&gt; nth=0']</msg>
<msg timestamp="20231030 17:18:04.279" level="INFO">${els} = ['id=CybotCookiebotDialogBodyLevelButtonLevelOptinAllowAll &gt;&gt; nth=0']</msg>
<status status="PASS" starttime="20231030 17:18:04.195" endtime="20231030 17:18:04.279"/>
</kw>
<kw name="Get Length" library="BuiltIn">
<var>${count}</var>
<arg>${els}</arg>
<doc>Returns and logs the length of the given item as an integer.</doc>
<msg timestamp="20231030 17:18:04.279" level="TRACE">Arguments: [ ['id=CybotCookiebotDialogBodyLevelButtonLevelOptinAllowAll &gt;&gt; nth=0'] ]</msg>
<msg timestamp="20231030 17:18:04.279" level="INFO">Length is 1</msg>
<msg timestamp="20231030 17:18:04.279" level="TRACE">Return: 1</msg>
<msg timestamp="20231030 17:18:04.279" level="INFO">${count} = 1</msg>
<status status="PASS" starttime="20231030 17:18:04.279" endtime="20231030 17:18:04.279"/>
</kw>
<if>
<branch type="IF" condition="${count} &gt; 0">
<kw name="Set Variable" library="BuiltIn">
<var>${visible}</var>
<arg>True</arg>
<doc>Returns the given values which can then be assigned to a variables.</doc>
<msg timestamp="20231030 17:18:04.280" level="TRACE">Arguments: [ 'True' ]</msg>
<msg timestamp="20231030 17:18:04.280" level="TRACE">Return: 'True'</msg>
<msg timestamp="20231030 17:18:04.280" level="INFO">${visible} = True</msg>
<status status="PASS" starttime="20231030 17:18:04.280" endtime="20231030 17:18:04.280"/>
</kw>
<status status="PASS" starttime="20231030 17:18:04.279" endtime="20231030 17:18:04.280"/>
</branch>
<branch type="ELSE">
<kw name="Set Variable" library="BuiltIn">
<var>${visible}</var>
<arg>False</arg>
<doc>Returns the given values which can then be assigned to a variables.</doc>
<status status="NOT RUN" starttime="20231030 17:18:04.280" endtime="20231030 17:18:04.281"/>
</kw>
<status status="NOT RUN" starttime="20231030 17:18:04.280" endtime="20231030 17:18:04.281"/>
</branch>
<status status="PASS" starttime="20231030 17:18:04.279" endtime="20231030 17:18:04.281"/>
</if>
<status status="PASS" starttime="20231030 17:18:04.195" endtime="20231030 17:18:04.281"/>
</branch>
<branch type="EXCEPT">
<kw name="Set Variable" library="BuiltIn">
<var>${visible}</var>
<arg>False</arg>
<doc>Returns the given values which can then be assigned to a variables.</doc>
<status status="NOT RUN" starttime="20231030 17:18:04.282" endtime="20231030 17:18:04.282"/>
</kw>
<status status="NOT RUN" starttime="20231030 17:18:04.282" endtime="20231030 17:18:04.282"/>
</branch>
<status status="PASS" starttime="20231030 17:18:04.195" endtime="20231030 17:18:04.282"/>
</try>
<kw name="Set Browser Timeout" library="Browser">
<arg>${timeout}</arg>
<tag>Config</tag>
<tag>Setter</tag>
<doc>Sets the timeout used by most input and getter keywords.</doc>
<msg timestamp="20231030 17:18:04.283" level="TRACE">Arguments: [ datetime.timedelta(seconds=30) ]</msg>
<msg timestamp="20231030 17:18:04.286" level="INFO">Set timeout to: 30000</msg>
<msg timestamp="20231030 17:18:04.286" level="TRACE">Return: '10 seconds'</msg>
<status status="PASS" starttime="20231030 17:18:04.283" endtime="20231030 17:18:04.286"/>
</kw>
<msg timestamp="20231030 17:18:04.286" level="TRACE">Return: 'True'</msg>
<msg timestamp="20231030 17:18:04.286" level="INFO">${cookieModalVisible} = True</msg>
<status status="PASS" starttime="20231030 17:18:04.189" endtime="20231030 17:18:04.286"/>
</kw>
<if>
<branch type="IF" condition="${cookieModalVisible}">
<kw name="Click" library="Browser">
<arg>id=CybotCookiebotDialogBodyLevelButtonLevelOptinAllowAll</arg>
<tag>PageContent</tag>
<tag>Setter</tag>
<doc>Simulates mouse click on the element found by ``selector``.</doc>
<msg timestamp="20231030 17:18:04.287" level="TRACE">Arguments: [ 'id=CybotCookiebotDialogBodyLevelButtonLevelOptinAllowAll' ]</msg>
<msg timestamp="20231030 17:18:04.288" level="DEBUG">Click options are: {"button": "left", "clickCount": 1, "force": false, "noWaitAfter": false, "trial": false}</msg>
<msg timestamp="20231030 17:18:04.403" level="DEBUG">Clicked element: 'id=CybotCookiebotDialogBodyLevelButtonLevelOptinAllowAll' with options: '{"button": "left", "clickCount": 1, "force": false, "noWaitAfter": false, "trial": false}' successfully.</msg>
<msg timestamp="20231030 17:18:04.403" level="TRACE">Return: None</msg>
<status status="PASS" starttime="20231030 17:18:04.287" endtime="20231030 17:18:04.403"/>
</kw>
<status status="PASS" starttime="20231030 17:18:04.287" endtime="20231030 17:18:04.403"/>
</branch>
<branch type="ELSE">
<kw name="Log" library="BuiltIn">
<arg>No Cookie Modal Visible</arg>
<doc>Logs the given message with the given level.</doc>
<status status="NOT RUN" starttime="20231030 17:18:04.404" endtime="20231030 17:18:04.404"/>
</kw>
<status status="NOT RUN" starttime="20231030 17:18:04.403" endtime="20231030 17:18:04.404"/>
</branch>
<status status="PASS" starttime="20231030 17:18:04.287" endtime="20231030 17:18:04.404"/>
</if>
<msg timestamp="20231030 17:18:04.404" level="TRACE">Return: None</msg>
<status status="PASS" starttime="20231030 17:18:04.188" endtime="20231030 17:18:04.404"/>
</kw>
<kw name="Set Environment" library="common">
<doc>A keyword that gets the environment from URL and checks it is the same as variable</doc>
<msg timestamp="20231030 17:18:04.404" level="TRACE">Arguments: [  ]</msg>
<kw name="Get Url" library="Browser">
<var>${currentUrl}</var>
<tag>Assertion</tag>
<tag>Getter</tag>
<tag>PageContent</tag>
<doc>Returns the current URL.</doc>
<msg timestamp="20231030 17:18:04.405" level="TRACE">Arguments: [  ]</msg>
<msg timestamp="20231030 17:18:04.407" level="DEBUG">https://test3.omenahotels.com/en/</msg>
<msg timestamp="20231030 17:18:04.408" level="TRACE">Return: 'https://test3.omenahotels.com/en/'</msg>
<msg timestamp="20231030 17:18:04.408" level="INFO">${currentUrl} = https://test3.omenahotels.com/en/</msg>
<status status="PASS" starttime="20231030 17:18:04.404" endtime="20231030 17:18:04.408"/>
</kw>
<kw name="Get Environment From Url" library="Helpers">
<var>${env}</var>
<arg>${currentUrl}</arg>
<msg timestamp="20231030 17:18:04.408" level="TRACE">Arguments: [ 'https://test3.omenahotels.com/en/' ]</msg>
<msg timestamp="20231030 17:18:04.408" level="TRACE">Return: 'test3'</msg>
<msg timestamp="20231030 17:18:04.408" level="INFO">${env} = test3</msg>
<status status="PASS" starttime="20231030 17:18:04.408" endtime="20231030 17:18:04.408"/>
</kw>
<kw name="Should Be Equal As Strings" library="BuiltIn">
<arg>${env}</arg>
<arg>${environment}</arg>
<doc>Fails if objects are unequal after converting them to strings.</doc>
<msg timestamp="20231030 17:18:04.409" level="TRACE">Arguments: [ 'test3' | 'test3' ]</msg>
<msg timestamp="20231030 17:18:04.409" level="DEBUG">Argument types are:
&lt;class 'str'&gt;
&lt;class 'str'&gt;</msg>
<msg timestamp="20231030 17:18:04.409" level="TRACE">Return: None</msg>
<status status="PASS" starttime="20231030 17:18:04.409" endtime="20231030 17:18:04.409"/>
</kw>
<msg timestamp="20231030 17:18:04.409" level="TRACE">Return: None</msg>
<status status="PASS" starttime="20231030 17:18:04.404" endtime="20231030 17:18:04.409"/>
</kw>
<msg timestamp="20231030 17:18:04.409" level="TRACE">Return: None</msg>
<status status="PASS" starttime="20231030 17:17:59.990" endtime="20231030 17:18:04.409"/>
</kw>
<test id="s1-s1-s1-s1-t1" name="Create A New Booking as" line="12">
<kw name="Select Hotel" library="booking">
<doc>Select Hotel by using a number as an argument, default Lönnrotinkatu</doc>
<msg timestamp="20231030 17:18:04.411" level="TRACE">Arguments: [ ${hotel}='Lönnrotin' ]</msg>
<if>
<branch type="IF" condition="&quot;${environment}&quot; == &quot;ks_test&quot;">
<kw name="Log" library="BuiltIn">
<arg>No hotel to be selected</arg>
<doc>Logs the given message with the given level.</doc>
<status status="NOT RUN" starttime="20231030 17:18:04.412" endtime="20231030 17:18:04.412"/>
</kw>
<status status="NOT RUN" starttime="20231030 17:18:04.411" endtime="20231030 17:18:04.412"/>
</branch>
<branch type="ELSE">
<kw name="Log" library="BuiltIn">
<arg>Selecting Hotel: ${hotel}</arg>
<doc>Logs the given message with the given level.</doc>
<msg timestamp="20231030 17:18:04.413" level="TRACE">Arguments: [ 'Selecting Hotel: Lönnrotin' ]</msg>
<msg timestamp="20231030 17:18:04.414" level="INFO">Selecting Hotel: Lönnrotin</msg>
<msg timestamp="20231030 17:18:04.414" level="TRACE">Return: None</msg>
<status status="PASS" starttime="20231030 17:18:04.412" endtime="20231030 17:18:04.414"/>
</kw>
<kw name="Click" library="Browser">
<arg>//div[contains(@data-nelson-btn, "hotels")]</arg>
<tag>PageContent</tag>
<tag>Setter</tag>
<doc>Simulates mouse click on the element found by ``selector``.</doc>
<msg timestamp="20231030 17:18:04.414" level="TRACE">Arguments: [ '//div[contains(@data-nelson-btn, "hotels")]' ]</msg>
<msg timestamp="20231030 17:18:04.415" level="DEBUG">Click options are: {"button": "left", "clickCount": 1, "force": false, "noWaitAfter": false, "trial": false}</msg>
<msg timestamp="20231030 17:18:04.609" level="DEBUG">Clicked element: '//div[contains(@data-nelson-btn, "hotels")]' with options: '{"button": "left", "clickCount": 1, "force": false, "noWaitAfter": false, "trial": false}' successfully.</msg>
<msg timestamp="20231030 17:18:04.609" level="TRACE">Return: None</msg>
<status status="PASS" starttime="20231030 17:18:04.414" endtime="20231030 17:18:04.609"/>
</kw>
<kw name="Wait Until Visible" library="common">
<arg>//a[contains(@class, 'dropdown-item') and contains(text(), '${hotel}')]</arg>
<doc>An easier keyword for waiting until an element is visible</doc>
<msg timestamp="20231030 17:18:04.610" level="TRACE">Arguments: [ ${element}="//a[contains(@class, 'dropdown-item') and contains(text(), 'Lönnrotin')]" ]</msg>
<kw name="Wait For Elements State" library="Browser">
<arg>${element}</arg>
<arg>visible</arg>
<arg>timeout=${timeout}</arg>
<tag>PageContent</tag>
<tag>Wait</tag>
<doc>Waits for the element found by ``selector`` to satisfy state option.</doc>
<msg timestamp="20231030 17:18:04.610" level="TRACE">Arguments: [ "//a[contains(@class, 'dropdown-item') and contains(text(), 'Lönnrotin')]" | &lt;ElementState.visible: 4&gt; | timeout=datetime.timedelta(seconds=30) ]</msg>
<msg timestamp="20231030 17:18:04.655" level="INFO">Waited for Element with selector //a[contains(@class, 'dropdown-item') and contains(text(), 'Lönnrotin')] at state visible</msg>
<msg timestamp="20231030 17:18:04.655" level="TRACE">Return: None</msg>
<status status="PASS" starttime="20231030 17:18:04.610" endtime="20231030 17:18:04.655"/>
</kw>
<msg timestamp="20231030 17:18:04.655" level="TRACE">Return: None</msg>
<status status="PASS" starttime="20231030 17:18:04.609" endtime="20231030 17:18:04.655"/>
</kw>
<kw name="Click" library="Browser">
<arg>//a[contains(@class, 'dropdown-item') and contains(text(), '${hotel}')]</arg>
<tag>PageContent</tag>
<tag>Setter</tag>
<doc>Simulates mouse click on the element found by ``selector``.</doc>
<msg timestamp="20231030 17:18:04.656" level="TRACE">Arguments: [ "//a[contains(@class, 'dropdown-item') and contains(text(), 'Lönnrotin')]" ]</msg>
<msg timestamp="20231030 17:18:04.657" level="DEBUG">Click options are: {"button": "left", "clickCount": 1, "force": false, "noWaitAfter": false, "trial": false}</msg>
<msg timestamp="20231030 17:18:05.879" level="DEBUG">Clicked element: '//a[contains(@class, 'dropdown-item') and contains(text(), 'Lönnrotin')]' with options: '{"button": "left", "clickCount": 1, "force": false, "noWaitAfter": false, "trial": false}' successfully.</msg>
<msg timestamp="20231030 17:18:05.879" level="TRACE">Return: None</msg>
<status status="PASS" starttime="20231030 17:18:04.656" endtime="20231030 17:18:05.879"/>
</kw>
<kw name="Wait For Elements State" library="Browser">
<arg>//a[contains(@class, 'dropdown-item') and contains(text(), '${hotel}')]</arg>
<arg>hidden</arg>
<arg>timeout=3s</arg>
<tag>PageContent</tag>
<tag>Wait</tag>
<doc>Waits for the element found by ``selector`` to satisfy state option.</doc>
<msg timestamp="20231030 17:18:05.880" level="TRACE">Arguments: [ "//a[contains(@class, 'dropdown-item') and contains(text(), 'Lönnrotin')]" | &lt;ElementState.hidden: 8&gt; | timeout=datetime.timedelta(seconds=3) ]</msg>
<msg timestamp="20231030 17:18:05.905" level="INFO">Waited for Element with selector //a[contains(@class, 'dropdown-item') and contains(text(), 'Lönnrotin')] at state hidden</msg>
<msg timestamp="20231030 17:18:05.905" level="TRACE">Return: None</msg>
<status status="PASS" starttime="20231030 17:18:05.879" endtime="20231030 17:18:05.905"/>
</kw>
<status status="PASS" starttime="20231030 17:18:04.412" endtime="20231030 17:18:05.905"/>
</branch>
<status status="PASS" starttime="20231030 17:18:04.411" endtime="20231030 17:18:05.905"/>
</if>
<msg timestamp="20231030 17:18:05.905" level="TRACE">Return: None</msg>
<status status="PASS" starttime="20231030 17:18:04.410" endtime="20231030 17:18:05.905"/>
</kw>
<kw name="Select Dates" library="booking">
<msg timestamp="20231030 17:18:05.906" level="TRACE">Arguments: [  ]</msg>
<kw name="Log" library="BuiltIn">
<arg>${EMPTY}</arg>
<doc>Logs the given message with the given level.</doc>
<msg timestamp="20231030 17:18:05.907" level="TRACE">Arguments: [ '' ]</msg>
<msg timestamp="20231030 17:18:05.907" level="INFO"/>
<msg timestamp="20231030 17:18:05.907" level="TRACE">Return: None</msg>
<status status="PASS" starttime="20231030 17:18:05.906" endtime="20231030 17:18:05.907"/>
</kw>
<msg timestamp="20231030 17:18:05.907" level="TRACE">Return: None</msg>
<status status="PASS" starttime="20231030 17:18:05.906" endtime="20231030 17:18:05.907"/>
</kw>
<kw name="Select Guests" library="booking">
<doc>Selects the number of guests for the booking, current implementation will only check the dropdown</doc>
<msg timestamp="20231030 17:18:05.908" level="TRACE">Arguments: [ ${rooms}='1' | ${persons}='1' | ${children}='0' ]</msg>
<kw name="Log To Console" library="BuiltIn">
<arg>${EMPTY}</arg>
<doc>Logs the given message to the console.</doc>
<msg timestamp="20231030 17:18:05.909" level="TRACE">Arguments: [ '' ]</msg>
<msg timestamp="20231030 17:18:05.909" level="TRACE">Return: None</msg>
<status status="PASS" starttime="20231030 17:18:05.908" endtime="20231030 17:18:05.909"/>
</kw>
<msg timestamp="20231030 17:18:05.909" level="TRACE">Return: None</msg>
<status status="PASS" starttime="20231030 17:18:05.908" endtime="20231030 17:18:05.909"/>
</kw>
<kw name="Click Book or Find Rooms Button" library="booking">
<msg timestamp="20231030 17:18:05.914" level="TRACE">Arguments: [  ]</msg>
<kw name="Get Url" library="Browser">
<var>${url}</var>
<tag>Assertion</tag>
<tag>Getter</tag>
<tag>PageContent</tag>
<doc>Returns the current URL.</doc>
<msg timestamp="20231030 17:18:05.914" level="TRACE">Arguments: [  ]</msg>
<msg timestamp="20231030 17:18:05.920" level="DEBUG">https://test3.omenahotels.com/en/#</msg>
<msg timestamp="20231030 17:18:05.920" level="TRACE">Return: 'https://test3.omenahotels.com/en/#'</msg>
<msg timestamp="20231030 17:18:05.920" level="INFO">${url} = https://test3.omenahotels.com/en/#</msg>
<status status="PASS" starttime="20231030 17:18:05.914" endtime="20231030 17:18:05.920"/>
</kw>
<kw name="Check If String Contains" library="common">
<var>${booking}</var>
<arg>${url}</arg>
<arg>/booking/</arg>
<msg timestamp="20231030 17:18:05.924" level="TRACE">Arguments: [ ${string}='https://test3.omenahotels.com/en/#' | ${substring}='/booking/' ]</msg>
<kw name="Check If String Contains Substring" library="Helpers">
<var>${contains}</var>
<arg>${string}</arg>
<arg>${substring}</arg>
<msg timestamp="20231030 17:18:05.924" level="TRACE">Arguments: [ 'https://test3.omenahotels.com/en/#' | '/booking/' ]</msg>
<msg timestamp="20231030 17:18:05.924" level="TRACE">Return: False</msg>
<msg timestamp="20231030 17:18:05.924" level="INFO">${contains} = False</msg>
<status status="PASS" starttime="20231030 17:18:05.924" endtime="20231030 17:18:05.925"/>
</kw>
<msg timestamp="20231030 17:18:05.925" level="TRACE">Return: False</msg>
<msg timestamp="20231030 17:18:05.925" level="INFO">${booking} = False</msg>
<status status="PASS" starttime="20231030 17:18:05.922" endtime="20231030 17:18:05.925"/>
</kw>
<if>
<branch type="IF" condition="${booking} == True">
<kw name="Click" library="Browser">
<arg>//button[contains(@class, 'booking-form-button') and contains(text(), 'Find rooms')]</arg>
<tag>PageContent</tag>
<tag>Setter</tag>
<doc>Simulates mouse click on the element found by ``selector``.</doc>
<status status="NOT RUN" starttime="20231030 17:18:05.925" endtime="20231030 17:18:05.925"/>
</kw>
<status status="NOT RUN" starttime="20231030 17:18:05.925" endtime="20231030 17:18:05.925"/>
</branch>
<branch type="ELSE">
<kw name="Click" library="Browser">
<arg>//button[contains(@class, 'booking-form-button') and contains(text(), 'Book')]</arg>
<tag>PageContent</tag>
<tag>Setter</tag>
<doc>Simulates mouse click on the element found by ``selector``.</doc>
<msg timestamp="20231030 17:18:05.926" level="TRACE">Arguments: [ "//button[contains(@class, 'booking-form-button') and contains(text(), 'Book')]" ]</msg>
<msg timestamp="20231030 17:18:05.926" level="DEBUG">Click options are: {"button": "left", "clickCount": 1, "force": false, "noWaitAfter": false, "trial": false}</msg>
<msg timestamp="20231030 17:18:06.301" level="DEBUG">Clicked element: '//button[contains(@class, 'booking-form-button') and contains(text(), 'Book')]' with options: '{"button": "left", "clickCount": 1, "force": false, "noWaitAfter": false, "trial": false}' successfully.</msg>
<msg timestamp="20231030 17:18:06.301" level="TRACE">Return: None</msg>
<status status="PASS" starttime="20231030 17:18:05.926" endtime="20231030 17:18:06.301"/>
</kw>
<status status="PASS" starttime="20231030 17:18:05.926" endtime="20231030 17:18:06.301"/>
</branch>
<status status="PASS" starttime="20231030 17:18:05.925" endtime="20231030 17:18:06.301"/>
</if>
<msg timestamp="20231030 17:18:06.301" level="TRACE">Return: None</msg>
<status status="PASS" starttime="20231030 17:18:05.914" endtime="20231030 17:18:06.301"/>
</kw>
<kw name="Select a Standard Room" library="booking">
<msg timestamp="20231030 17:18:06.302" level="TRACE">Arguments: [  ]</msg>
<kw name="Wait Until Visible" library="common">
<arg>${btnExtras}</arg>
<doc>An easier keyword for waiting until an element is visible</doc>
<msg timestamp="20231030 17:18:06.302" level="TRACE">Arguments: [ ${element}='(//div[contains(@view,"booking")]//button[contains(text(), "Continue to extras")])[1]' ]</msg>
<kw name="Wait For Elements State" library="Browser">
<arg>${element}</arg>
<arg>visible</arg>
<arg>timeout=${timeout}</arg>
<tag>PageContent</tag>
<tag>Wait</tag>
<doc>Waits for the element found by ``selector`` to satisfy state option.</doc>
<msg timestamp="20231030 17:18:06.303" level="TRACE">Arguments: [ '(//div[contains(@view,"booking")]//button[contains(text(), "Continue to extras")])[1]' | &lt;ElementState.visible: 4&gt; | timeout=datetime.timedelta(seconds=30) ]</msg>
<msg timestamp="20231030 17:18:09.985" level="INFO">Waited for Element with selector (//div[contains(@view,"booking")]//button[contains(text(), "Continue to extras")])[1] at state visible</msg>
<msg timestamp="20231030 17:18:09.985" level="TRACE">Return: None</msg>
<status status="PASS" starttime="20231030 17:18:06.302" endtime="20231030 17:18:09.985"/>
</kw>
<msg timestamp="20231030 17:18:09.985" level="TRACE">Return: None</msg>
<status status="PASS" starttime="20231030 17:18:06.302" endtime="20231030 17:18:09.985"/>
</kw>
<kw name="Get Element States" library="Browser">
<var>${visible}</var>
<arg>//div[contains(text(), 'Select room')]</arg>
<arg>then</arg>
<arg>bool(value &amp; visible)</arg>
<tag>Assertion</tag>
<tag>Getter</tag>
<tag>PageContent</tag>
<doc>Get the active states from the element found by ``selector``.</doc>
<msg timestamp="20231030 17:18:09.986" level="TRACE">Arguments: [ "//div[contains(text(), 'Select room')]" | &lt;AssertionOperator.then: 'then'&gt; | 'bool(value &amp; visible)' ]</msg>
<msg timestamp="20231030 17:18:10.240" level="DEBUG">States: 2</msg>
<msg timestamp="20231030 17:18:10.240" level="DEBUG">Assertion polling statistics:
First element asserted in: 0.25348854064941406 seconds
Total tries: 1
Elapsed time in retries 0.0 seconds</msg>
<msg timestamp="20231030 17:18:10.240" level="TRACE">Return: False</msg>
<msg timestamp="20231030 17:18:10.240" level="INFO">${visible} = False</msg>
<status status="PASS" starttime="20231030 17:18:09.986" endtime="20231030 17:18:10.240"/>
</kw>
<kw name="Run Keyword If" library="BuiltIn">
<arg>${visible}</arg>
<arg>Select Standard and Remove Other Room Selection</arg>
<doc>Runs the given keyword with the given arguments, if ``condition`` is true.</doc>
<msg timestamp="20231030 17:18:10.241" level="TRACE">Arguments: [ False | 'Select Standard and Remove Other Room Selection' ]</msg>
<msg timestamp="20231030 17:18:10.241" level="TRACE">Return: None</msg>
<status status="PASS" starttime="20231030 17:18:10.241" endtime="20231030 17:18:10.241"/>
</kw>
<msg timestamp="20231030 17:18:10.241" level="TRACE">Return: None</msg>
<status status="PASS" starttime="20231030 17:18:06.302" endtime="20231030 17:18:10.241"/>
</kw>
<kw name="Click Continue to Extras Button" library="booking">
<doc>Clicks the continue to extras button</doc>
<msg timestamp="20231030 17:18:10.242" level="TRACE">Arguments: [  ]</msg>
<kw name="Click" library="Browser">
<arg>${btnExtras}</arg>
<tag>PageContent</tag>
<tag>Setter</tag>
<doc>Simulates mouse click on the element found by ``selector``.</doc>
<msg timestamp="20231030 17:18:10.242" level="TRACE">Arguments: [ '(//div[contains(@view,"booking")]//button[contains(text(), "Continue to extras")])[1]' ]</msg>
<msg timestamp="20231030 17:18:10.245" level="DEBUG">Click options are: {"button": "left", "clickCount": 1, "force": false, "noWaitAfter": false, "trial": false}</msg>
<msg timestamp="20231030 17:18:12.653" level="DEBUG">Clicked element: '(//div[contains(@view,"booking")]//button[contains(text(), "Continue to extras")])[1]' with options: '{"button": "left", "clickCount": 1, "force": false, "noWaitAfter": false, "trial": false}' successfully.</msg>
<msg timestamp="20231030 17:18:12.653" level="TRACE">Return: None</msg>
<status status="PASS" starttime="20231030 17:18:10.242" endtime="20231030 17:18:12.653"/>
</kw>
<kw name="Wait Until Visible" library="common">
<arg>${btnPayment}</arg>
<doc>An easier keyword for waiting until an element is visible</doc>
<msg timestamp="20231030 17:18:12.654" level="TRACE">Arguments: [ ${element}='(//div[contains(@view,"extras")]//button[contains(text(), "Continue to payment")])[1]' ]</msg>
<kw name="Wait For Elements State" library="Browser">
<arg>${element}</arg>
<arg>visible</arg>
<arg>timeout=${timeout}</arg>
<tag>PageContent</tag>
<tag>Wait</tag>
<doc>Waits for the element found by ``selector`` to satisfy state option.</doc>
<msg timestamp="20231030 17:18:12.655" level="TRACE">Arguments: [ '(//div[contains(@view,"extras")]//button[contains(text(), "Continue to payment")])[1]' | &lt;ElementState.visible: 4&gt; | timeout=datetime.timedelta(seconds=30) ]</msg>
<msg timestamp="20231030 17:18:13.838" level="INFO">Waited for Element with selector (//div[contains(@view,"extras")]//button[contains(text(), "Continue to payment")])[1] at state visible</msg>
<msg timestamp="20231030 17:18:13.838" level="TRACE">Return: None</msg>
<status status="PASS" starttime="20231030 17:18:12.654" endtime="20231030 17:18:13.838"/>
</kw>
<msg timestamp="20231030 17:18:13.839" level="TRACE">Return: None</msg>
<status status="PASS" starttime="20231030 17:18:12.654" endtime="20231030 17:18:13.839"/>
</kw>
<msg timestamp="20231030 17:18:13.839" level="TRACE">Return: None</msg>
<status status="PASS" starttime="20231030 17:18:10.241" endtime="20231030 17:18:13.839"/>
</kw>
<kw name="Continue to Payment" library="booking">
<msg timestamp="20231030 17:18:13.839" level="TRACE">Arguments: [  ]</msg>
<kw name="Click" library="Browser">
<arg>(//button[normalize-space()='Continue to payment'])[1]</arg>
<tag>PageContent</tag>
<tag>Setter</tag>
<doc>Simulates mouse click on the element found by ``selector``.</doc>
<msg timestamp="20231030 17:18:13.840" level="TRACE">Arguments: [ "(//button[normalize-space()='Continue to payment'])[1]" ]</msg>
<msg timestamp="20231030 17:18:13.842" level="DEBUG">Click options are: {"button": "left", "clickCount": 1, "force": false, "noWaitAfter": false, "trial": false}</msg>
<msg timestamp="20231030 17:18:13.983" level="DEBUG">Clicked element: '(//button[normalize-space()='Continue to payment'])[1]' with options: '{"button": "left", "clickCount": 1, "force": false, "noWaitAfter": false, "trial": false}' successfully.</msg>
<msg timestamp="20231030 17:18:13.983" level="TRACE">Return: None</msg>
<status status="PASS" starttime="20231030 17:18:13.839" endtime="20231030 17:18:13.983"/>
</kw>
<msg timestamp="20231030 17:18:13.983" level="TRACE">Return: None</msg>
<status status="PASS" starttime="20231030 17:18:13.839" endtime="20231030 17:18:13.983"/>
</kw>
<kw name="Fill in Contact Information" library="booking">
<doc>Fills in Contact information that can be given as arguments or use default values
Uses a password if the environment is bui and</doc>
<msg timestamp="20231030 17:18:13.984" level="TRACE">Arguments: [ ${firstName}='Mos' | ${lastName}='Def' | ${phone}='401705972' | ${ssn}='170479-371J' | ${env}='bui' ]</msg>
<kw name="Create Email and Return Inbox" library="common">
<var>${inbox}</var>
<doc>Creates a new email address and returns the inbox object</doc>
<msg timestamp="20231030 17:18:13.984" level="TRACE">Arguments: [  ]</msg>
<kw name="Create new Inbox">
<var>${inbox}</var>
<msg timestamp="20231030 17:18:13.991" level="FAIL">No keyword with name 'Create new Inbox' found.</msg>
<status status="FAIL" starttime="20231030 17:18:13.991" endtime="20231030 17:18:13.991"/>
</kw>
<kw name="Log To Console" library="BuiltIn">
<arg>${inbox.id}</arg>
<doc>Logs the given message to the console.</doc>
<status status="NOT RUN" starttime="20231030 17:18:13.991" endtime="20231030 17:18:13.991"/>
</kw>
<status status="FAIL" starttime="20231030 17:18:13.984" endtime="20231030 17:18:13.991"/>
</kw>
<kw name="Click and Fill" library="common">
<arg>id=firstName</arg>
<arg>${firstName}</arg>
<doc>A keyword combination of Click and Fill Text since most of the form fields need a click</doc>
<status status="NOT RUN" starttime="20231030 17:18:13.992" endtime="20231030 17:18:13.992"/>
</kw>
<kw name="Click and Fill" library="common">
<arg>id=lastName</arg>
<arg>${lastName}</arg>
<doc>A keyword combination of Click and Fill Text since most of the form fields need a click</doc>
<status status="NOT RUN" starttime="20231030 17:18:13.992" endtime="20231030 17:18:13.992"/>
</kw>
<kw name="Click and Fill" library="common">
<arg>id=email</arg>
<arg>${inbox.email_address}</arg>
<doc>A keyword combination of Click and Fill Text since most of the form fields need a click</doc>
<status status="NOT RUN" starttime="20231030 17:18:13.992" endtime="20231030 17:18:13.992"/>
</kw>
<kw name="Get Url" library="Browser">
<var>${u}</var>
<tag>Assertion</tag>
<tag>Getter</tag>
<tag>PageContent</tag>
<doc>Returns the current URL.</doc>
<status status="NOT RUN" starttime="20231030 17:18:13.992" endtime="20231030 17:18:13.992"/>
</kw>
<kw name="Get Environment From Url" library="Helpers">
<var>${e}</var>
<arg>${u}</arg>
<status status="NOT RUN" starttime="20231030 17:18:13.993" endtime="20231030 17:18:13.993"/>
</kw>
<if>
<branch type="IF" condition="'${e}' == 'test-kensington'">
<kw name="Click and Fill" library="common">
<arg>id=phoneNumber</arg>
<arg>${phone.uk}</arg>
<doc>A keyword combination of Click and Fill Text since most of the form fields need a click</doc>
<status status="NOT RUN" starttime="20231030 17:18:13.993" endtime="20231030 17:18:13.993"/>
</kw>
<status status="NOT RUN" starttime="20231030 17:18:13.993" endtime="20231030 17:18:13.993"/>
</branch>
<branch type="ELSE">
<kw name="Click and Fill" library="common">
<arg>id=phoneNumber</arg>
<arg>${phone}</arg>
<doc>A keyword combination of Click and Fill Text since most of the form fields need a click</doc>
<status status="NOT RUN" starttime="20231030 17:18:13.993" endtime="20231030 17:18:13.993"/>
</kw>
<status status="NOT RUN" starttime="20231030 17:18:13.993" endtime="20231030 17:18:13.993"/>
</branch>
<status status="NOT RUN" starttime="20231030 17:18:13.993" endtime="20231030 17:18:13.994"/>
</if>
<kw name="Log To Console" library="BuiltIn">
<arg>${inbox.id}</arg>
<doc>Logs the given message to the console.</doc>
<status status="NOT RUN" starttime="20231030 17:18:13.994" endtime="20231030 17:18:13.994"/>
</kw>
<kw name="Set Suite Variable" library="BuiltIn">
<arg>$ID</arg>
<arg>${inbox.id}</arg>
<doc>Makes a variable available everywhere within the scope of the current suite.</doc>
<status status="NOT RUN" starttime="20231030 17:18:13.994" endtime="20231030 17:18:13.994"/>
</kw>
<kw name="Get Element Count" library="Browser">
<var>${passwordVisible}</var>
<arg>id=password</arg>
<tag>Assertion</tag>
<tag>Getter</tag>
<tag>PageContent</tag>
<doc>Returns the count of elements found with ``selector``.</doc>
<status status="NOT RUN" starttime="20231030 17:18:13.994" endtime="20231030 17:18:13.994"/>
</kw>
<if>
<branch type="IF" condition="'${env}'=='bui' and '${passwordVisible}'&gt;'0'">
<kw name="Click and Fill" library="common">
<arg>id=password</arg>
<arg>${password}</arg>
<doc>A keyword combination of Click and Fill Text since most of the form fields need a click</doc>
<status status="NOT RUN" starttime="20231030 17:18:13.995" endtime="20231030 17:18:13.995"/>
</kw>
<status status="NOT RUN" starttime="20231030 17:18:13.994" endtime="20231030 17:18:13.995"/>
</branch>
<branch type="ELSE">
<kw name="Log To Console" library="BuiltIn">
<arg>No password filled</arg>
<doc>Logs the given message to the console.</doc>
<status status="NOT RUN" starttime="20231030 17:18:13.995" endtime="20231030 17:18:13.995"/>
</kw>
<status status="NOT RUN" starttime="20231030 17:18:13.995" endtime="20231030 17:18:13.995"/>
</branch>
<status status="NOT RUN" starttime="20231030 17:18:13.994" endtime="20231030 17:18:13.995"/>
</if>
<status status="FAIL" starttime="20231030 17:18:13.983" endtime="20231030 17:18:13.995"/>
</kw>
<kw name="Accept offers and Terms" library="booking">
<status status="NOT RUN" starttime="20231030 17:18:13.996" endtime="20231030 17:18:13.996"/>
</kw>
<kw name="Select Web Bank and Nordea as Payment Method" library="booking">
<status status="NOT RUN" starttime="20231030 17:18:13.996" endtime="20231030 17:18:13.996"/>
</kw>
<kw name="Complete Payment Successfully" library="booking">
<status status="NOT RUN" starttime="20231030 17:18:13.996" endtime="20231030 17:18:13.996"/>
</kw>
<doc>A new booker opens the page and does a successful booking</doc>
<tag>smoke</tag>
<status status="FAIL" starttime="20231030 17:18:04.410" endtime="20231030 17:18:13.996">No keyword with name 'Create new Inbox' found.</status>
</test>
<test id="s1-s1-s1-s1-t2" name="Confirm Email and Open Link" line="26">
<kw name="Get Variable Value" library="BuiltIn">
<var>${id}</var>
<arg>$ID</arg>
<doc>Returns variable value or ``default`` if the variable does not exist.</doc>
<msg timestamp="20231030 17:18:14.001" level="TRACE">Arguments: [ '$ID' ]</msg>
<msg timestamp="20231030 17:18:14.002" level="TRACE">Return: None</msg>
<msg timestamp="20231030 17:18:14.003" level="INFO">${id} = None</msg>
<status status="PASS" starttime="20231030 17:18:14.001" endtime="20231030 17:18:14.003"/>
</kw>
<kw name="Wait For Latest Booking Confirmation and Extract Link">
<var>${modify_link}</var>
<arg>${id}</arg>
<msg timestamp="20231030 17:18:14.010" level="FAIL">No keyword with name 'Wait For Latest Booking Confirmation and Extract Link' found. Did you try using keyword 'Browser.Wait For' and forgot to use enough whitespace between keyword and arguments?</msg>
<status status="FAIL" starttime="20231030 17:18:14.010" endtime="20231030 17:18:14.010"/>
</kw>
<kw name="Open New Browser To URL" library="common">
<arg>${modify_link}</arg>
<status status="NOT RUN" starttime="20231030 17:18:14.010" endtime="20231030 17:18:14.010"/>
</kw>
<doc>A new booker receives an email with a link to modify the booking</doc>
<tag>smoke</tag>
<status status="FAIL" starttime="20231030 17:18:14.000" endtime="20231030 17:18:14.010">No keyword with name 'Wait For Latest Booking Confirmation and Extract Link' found. Did you try using keyword 'Browser.Wait For' and forgot to use enough whitespace between keyword and arguments?</status>
</test>
<kw name="Close Browser" library="Browser" type="TEARDOWN">
<tag>BrowserControl</tag>
<tag>Setter</tag>
<doc>Closes the current browser.</doc>
<msg timestamp="20231030 17:18:14.016" level="TRACE">Arguments: [  ]</msg>
<msg timestamp="20231030 17:18:14.805" level="INFO">Closed browser</msg>
<msg timestamp="20231030 17:18:14.805" level="TRACE">Return: None</msg>
<status status="PASS" starttime="20231030 17:18:14.016" endtime="20231030 17:18:14.805"/>
</kw>
<doc>A test suite for verifying modify booking functionality</doc>
<status status="FAIL" starttime="20231030 17:17:58.801" endtime="20231030 17:18:14.805"/>
</suite>
<suite id="s1-s1-s1-s2" name="Create Booking And Check In" source="/home/runner/work/nelson-test-automation/nelson-test-automation/testsuites/BUI/regression/create_booking_and_check_in.robot">
<kw name="Open Browser to Landing Page" library="common" type="SETUP">
<doc>A general startup keyword for opening a browser to the landing page.</doc>
<msg timestamp="20231030 17:18:14.853" level="TRACE">Arguments: [  ]</msg>
<kw name="Log To Console" library="BuiltIn">
<arg>Environment: ${environment}</arg>
<doc>Logs the given message to the console.</doc>
<msg timestamp="20231030 17:18:14.854" level="TRACE">Arguments: [ 'Environment: test3' ]</msg>
<msg timestamp="20231030 17:18:14.854" level="TRACE">Return: None</msg>
<status status="PASS" starttime="20231030 17:18:14.853" endtime="20231030 17:18:14.854"/>
</kw>
<if>
<branch type="IF" condition="'${environment}' == 'test3'">
<kw name="Set Suite Variable" library="BuiltIn">
<arg>${url.landing.page}</arg>
<arg>https://test3.omenahotels.com/en</arg>
<doc>Makes a variable available everywhere within the scope of the current suite.</doc>
<msg timestamp="20231030 17:18:14.854" level="TRACE">Arguments: [ '${url.landing.page}' | 'https://test3.omenahotels.com/en' ]</msg>
<msg timestamp="20231030 17:18:14.855" level="INFO">${url.landing.page} = https://test3.omenahotels.com/en</msg>
<msg timestamp="20231030 17:18:14.855" level="TRACE">Return: None</msg>
<status status="PASS" starttime="20231030 17:18:14.854" endtime="20231030 17:18:14.855"/>
</kw>
<status status="PASS" starttime="20231030 17:18:14.854" endtime="20231030 17:18:14.855"/>
</branch>
<branch type="ELSE IF" condition="'${environment}' == 'ks_test'">
<kw name="Set Suite Variable" library="BuiltIn">
<arg>${url.landing.page}</arg>
<arg>https://test.kensingtonstay.com/en</arg>
<doc>Makes a variable available everywhere within the scope of the current suite.</doc>
<status status="NOT RUN" starttime="20231030 17:18:14.855" endtime="20231030 17:18:14.855"/>
</kw>
<status status="NOT RUN" starttime="20231030 17:18:14.855" endtime="20231030 17:18:14.855"/>
</branch>
<branch type="ELSE IF" condition="'${environment}' == 'salo_test'">
<kw name="Set Suite Variable" library="BuiltIn">
<arg>${url.landing.page}</arg>
<arg>https://test.kensingtonstay.com/en</arg>
<doc>Makes a variable available everywhere within the scope of the current suite.</doc>
<status status="NOT RUN" starttime="20231030 17:18:14.855" endtime="20231030 17:18:14.855"/>
</kw>
<status status="NOT RUN" starttime="20231030 17:18:14.855" endtime="20231030 17:18:14.856"/>
</branch>
<branch type="ELSE IF" condition="'${environment}' == 'test4'">
<kw name="Set Suite Variable" library="BuiltIn">
<arg>${url.landing.page}</arg>
<arg>https://test4.omenahotels.com/en</arg>
<doc>Makes a variable available everywhere within the scope of the current suite.</doc>
<status status="NOT RUN" starttime="20231030 17:18:14.856" endtime="20231030 17:18:14.856"/>
</kw>
<status status="NOT RUN" starttime="20231030 17:18:14.856" endtime="20231030 17:18:14.856"/>
</branch>
<status status="PASS" starttime="20231030 17:18:14.854" endtime="20231030 17:18:14.856"/>
</if>
<kw name="Open New Browser To URL" library="common">
<arg>${url.landing.page}</arg>
<msg timestamp="20231030 17:18:14.856" level="TRACE">Arguments: [ ${url}='https://test3.omenahotels.com/en' ]</msg>
<kw name="New Browser" library="Browser">
<arg>${browser}</arg>
<arg>${headless}</arg>
<arg>timeout=${timeout}</arg>
<arg>downloadsPath=${EXECDIR}/resources/downloads</arg>
<tag>BrowserControl</tag>
<tag>Setter</tag>
<doc>Create a new playwright Browser with specified options.</doc>
<msg timestamp="20231030 17:18:14.857" level="TRACE">Arguments: [ &lt;SupportedBrowsers.firefox: 2&gt; | True | timeout=datetime.timedelta(seconds=30) | downloadsPath='/home/runner/work/nelson-test-automation/nelson-test-automation/resources/downloads' ]</msg>
<msg timestamp="20231030 17:18:14.858" level="INFO">{"browser": "firefox", "headless": true, "chromiumSandbox": false, "devtools": false, "downloadsPath": "/home/runner/work/nelson-test-automation/nelson-test-automation/resources/downloads", "handleSIGHUP": true, "handleSIGINT": true, "handleSIGTERM": true, "slowMo": 0.0, "timeout": 30000.0, "tracesDir": "/home/runner/work/nelson-test-automation/nelson-test-automation/reports/test3/browser/traces/504d9e70-e788-430b-b076-449fb12e9b1d"}</msg>
<msg timestamp="20231030 17:18:15.576" level="INFO">Successfully created browser with options: {"browser":"firefox","headless":true,"chromiumSandbox":false,"devtools":false,"downloadsPath":"/home/runner/work/nelson-test-automation/nelson-test-automation/resources/downloads","handleSIGHUP":true,"handleSIGINT":true,"handleSIGTERM":true,"slowMo":0,"timeout":30000,"tracesDir":"/home/runner/work/nelson-test-automation/nelson-test-automation/reports/test3/browser/traces/504d9e70-e788-430b-b076-449fb12e9b1d"}</msg>
<msg timestamp="20231030 17:18:15.576" level="TRACE">Return: 'browser=af7b3657-f36e-4644-bfd0-5cad563d78f9'</msg>
<status status="PASS" starttime="20231030 17:18:14.857" endtime="20231030 17:18:15.576"/>
</kw>
<kw name="Set Browser Timeout" library="Browser">
<arg>${timeout}</arg>
<tag>Config</tag>
<tag>Setter</tag>
<doc>Sets the timeout used by most input and getter keywords.</doc>
<msg timestamp="20231030 17:18:15.577" level="TRACE">Arguments: [ datetime.timedelta(seconds=30) ]</msg>
<msg timestamp="20231030 17:18:15.579" level="INFO">No context open.</msg>
<msg timestamp="20231030 17:18:15.580" level="TRACE">Return: '10 seconds'</msg>
<status status="PASS" starttime="20231030 17:18:15.577" endtime="20231030 17:18:15.580"/>
</kw>
<kw name="New Context" library="Browser">
<arg>acceptDownloads=True</arg>
<tag>BrowserControl</tag>
<tag>Setter</tag>
<doc>Create a new BrowserContext with specified options.</doc>
<msg timestamp="20231030 17:18:15.580" level="TRACE">Arguments: [ acceptDownloads=True ]</msg>
<msg timestamp="20231030 17:18:15.580" level="INFO">{
  "acceptDownloads": true,
  "bypassCSP": false,
  "forcedColors": "none",
  "hideRfBrowser": "",
  "ignoreHTTPSErrors": false,
  "javaScriptEnabled": true,
  "offline": false,
  "reducedMotion": "no-preference",
  "serviceWorkers": "allow",
  "viewport": {
    "height": 720,
    "width": 1280
  }
}</msg>
<msg timestamp="20231030 17:18:15.654" level="INFO">Successfully created context. </msg>
<msg timestamp="20231030 17:18:15.654" level="INFO">{'acceptDownloads': True, 'bypassCSP': False, 'forcedColors': 'none', 'hideRfBrowser': '', 'ignoreHTTPSErrors': False, 'javaScriptEnabled': True, 'offline': False, 'reducedMotion': 'no-preference', 'serviceWorkers': 'allow', 'viewport': {'height': 720, 'width': 1280}}</msg>
<msg timestamp="20231030 17:18:15.654" level="TRACE">Return: 'context=10f34495-0801-45a6-9344-1ea174174b90'</msg>
<status status="PASS" starttime="20231030 17:18:15.580" endtime="20231030 17:18:15.654"/>
</kw>
<kw name="New Page" library="Browser">
<arg>${url}</arg>
<tag>BrowserControl</tag>
<tag>Setter</tag>
<doc>Open a new Page.</doc>
<msg timestamp="20231030 17:18:15.655" level="TRACE">Arguments: [ 'https://test3.omenahotels.com/en' ]</msg>
<msg timestamp="20231030 17:18:18.775" level="INFO">Successfully initialized new page object and opened url: https://test3.omenahotels.com/en</msg>
<msg timestamp="20231030 17:18:18.775" level="DEBUG">Video is not enabled.</msg>
<msg timestamp="20231030 17:18:18.775" level="TRACE">Return: {'page_id': 'page=51104083-0994-427e-ab6d-bfe45f5e81d2', 'video_path': ''}</msg>
<status status="PASS" starttime="20231030 17:18:15.654" endtime="20231030 17:18:18.775"/>
</kw>
<msg timestamp="20231030 17:18:18.775" level="TRACE">Return: None</msg>
<status status="PASS" starttime="20231030 17:18:14.856" endtime="20231030 17:18:18.775"/>
</kw>
<kw name="Allow Cookies" library="common">
<doc>Allow Cookies/Toggle Cookie allowance</doc>
<msg timestamp="20231030 17:18:18.776" level="TRACE">Arguments: [  ]</msg>
<kw name="Is Element Found" library="common">
<var>${cookieModalVisible}</var>
<arg>id=CybotCookiebotDialogBodyLevelButtonLevelOptinAllowAll</arg>
<doc>A keyword that has a very complex way of figuring out whether an
element is found or not because I had trouble with the built-in keywords
Can be solved differently if you have a better idea</doc>
<msg timestamp="20231030 17:18:18.776" level="TRACE">Arguments: [ ${selector}='id=CybotCookiebotDialogBodyLevelButtonLevelOptinAllowAll' ]</msg>
<kw name="Set Browser Timeout" library="Browser">
<arg>10s</arg>
<tag>Config</tag>
<tag>Setter</tag>
<doc>Sets the timeout used by most input and getter keywords.</doc>
<msg timestamp="20231030 17:18:18.776" level="TRACE">Arguments: [ datetime.timedelta(seconds=10) ]</msg>
<msg timestamp="20231030 17:18:18.787" level="INFO">Set timeout to: 10000</msg>
<msg timestamp="20231030 17:18:18.787" level="TRACE">Return: '30 seconds'</msg>
<status status="PASS" starttime="20231030 17:18:18.776" endtime="20231030 17:18:18.788"/>
</kw>
<try>
<branch type="TRY">
<kw name="Get Elements" library="Browser">
<var>${els}</var>
<arg>${selector}</arg>
<tag>Getter</tag>
<tag>PageContent</tag>
<doc>Returns a reference to Playwright [https://playwright.dev/docs/api/class-locator|Locator]
for all matched elements by ``selector``.</doc>
<msg timestamp="20231030 17:18:18.792" level="TRACE">Arguments: [ 'id=CybotCookiebotDialogBodyLevelButtonLevelOptinAllowAll' ]</msg>
<msg timestamp="20231030 17:18:18.871" level="INFO">Found locator('id=CybotCookiebotDialogBodyLevelButtonLevelOptinAllowAll').first() Locators successfully.</msg>
<msg timestamp="20231030 17:18:18.871" level="DEBUG">["id=CybotCookiebotDialogBodyLevelButtonLevelOptinAllowAll &gt;&gt; nth=0"]</msg>
<msg timestamp="20231030 17:18:18.871" level="TRACE">Return: ['id=CybotCookiebotDialogBodyLevelButtonLevelOptinAllowAll &gt;&gt; nth=0']</msg>
<msg timestamp="20231030 17:18:18.871" level="INFO">${els} = ['id=CybotCookiebotDialogBodyLevelButtonLevelOptinAllowAll &gt;&gt; nth=0']</msg>
<status status="PASS" starttime="20231030 17:18:18.791" endtime="20231030 17:18:18.871"/>
</kw>
<kw name="Get Length" library="BuiltIn">
<var>${count}</var>
<arg>${els}</arg>
<doc>Returns and logs the length of the given item as an integer.</doc>
<msg timestamp="20231030 17:18:18.872" level="TRACE">Arguments: [ ['id=CybotCookiebotDialogBodyLevelButtonLevelOptinAllowAll &gt;&gt; nth=0'] ]</msg>
<msg timestamp="20231030 17:18:18.872" level="INFO">Length is 1</msg>
<msg timestamp="20231030 17:18:18.872" level="TRACE">Return: 1</msg>
<msg timestamp="20231030 17:18:18.872" level="INFO">${count} = 1</msg>
<status status="PASS" starttime="20231030 17:18:18.871" endtime="20231030 17:18:18.872"/>
</kw>
<if>
<branch type="IF" condition="${count} &gt; 0">
<kw name="Set Variable" library="BuiltIn">
<var>${visible}</var>
<arg>True</arg>
<doc>Returns the given values which can then be assigned to a variables.</doc>
<msg timestamp="20231030 17:18:18.872" level="TRACE">Arguments: [ 'True' ]</msg>
<msg timestamp="20231030 17:18:18.873" level="TRACE">Return: 'True'</msg>
<msg timestamp="20231030 17:18:18.873" level="INFO">${visible} = True</msg>
<status status="PASS" starttime="20231030 17:18:18.872" endtime="20231030 17:18:18.873"/>
</kw>
<status status="PASS" starttime="20231030 17:18:18.872" endtime="20231030 17:18:18.873"/>
</branch>
<branch type="ELSE">
<kw name="Set Variable" library="BuiltIn">
<var>${visible}</var>
<arg>False</arg>
<doc>Returns the given values which can then be assigned to a variables.</doc>
<status status="NOT RUN" starttime="20231030 17:18:18.873" endtime="20231030 17:18:18.873"/>
</kw>
<status status="NOT RUN" starttime="20231030 17:18:18.873" endtime="20231030 17:18:18.873"/>
</branch>
<status status="PASS" starttime="20231030 17:18:18.872" endtime="20231030 17:18:18.873"/>
</if>
<status status="PASS" starttime="20231030 17:18:18.788" endtime="20231030 17:18:18.873"/>
</branch>
<branch type="EXCEPT">
<kw name="Set Variable" library="BuiltIn">
<var>${visible}</var>
<arg>False</arg>
<doc>Returns the given values which can then be assigned to a variables.</doc>
<status status="NOT RUN" starttime="20231030 17:18:18.874" endtime="20231030 17:18:18.874"/>
</kw>
<status status="NOT RUN" starttime="20231030 17:18:18.873" endtime="20231030 17:18:18.874"/>
</branch>
<status status="PASS" starttime="20231030 17:18:18.788" endtime="20231030 17:18:18.874"/>
</try>
<kw name="Set Browser Timeout" library="Browser">
<arg>${timeout}</arg>
<tag>Config</tag>
<tag>Setter</tag>
<doc>Sets the timeout used by most input and getter keywords.</doc>
<msg timestamp="20231030 17:18:18.876" level="TRACE">Arguments: [ datetime.timedelta(seconds=30) ]</msg>
<msg timestamp="20231030 17:18:18.878" level="INFO">Set timeout to: 30000</msg>
<msg timestamp="20231030 17:18:18.879" level="TRACE">Return: '10 seconds'</msg>
<status status="PASS" starttime="20231030 17:18:18.875" endtime="20231030 17:18:18.879"/>
</kw>
<msg timestamp="20231030 17:18:18.880" level="TRACE">Return: 'True'</msg>
<msg timestamp="20231030 17:18:18.880" level="INFO">${cookieModalVisible} = True</msg>
<status status="PASS" starttime="20231030 17:18:18.776" endtime="20231030 17:18:18.880"/>
</kw>
<if>
<branch type="IF" condition="${cookieModalVisible}">
<kw name="Click" library="Browser">
<arg>id=CybotCookiebotDialogBodyLevelButtonLevelOptinAllowAll</arg>
<tag>PageContent</tag>
<tag>Setter</tag>
<doc>Simulates mouse click on the element found by ``selector``.</doc>
<msg timestamp="20231030 17:18:18.880" level="TRACE">Arguments: [ 'id=CybotCookiebotDialogBodyLevelButtonLevelOptinAllowAll' ]</msg>
<msg timestamp="20231030 17:18:18.881" level="DEBUG">Click options are: {"button": "left", "clickCount": 1, "force": false, "noWaitAfter": false, "trial": false}</msg>
<msg timestamp="20231030 17:18:19.006" level="DEBUG">Clicked element: 'id=CybotCookiebotDialogBodyLevelButtonLevelOptinAllowAll' with options: '{"button": "left", "clickCount": 1, "force": false, "noWaitAfter": false, "trial": false}' successfully.</msg>
<msg timestamp="20231030 17:18:19.007" level="TRACE">Return: None</msg>
<status status="PASS" starttime="20231030 17:18:18.880" endtime="20231030 17:18:19.007"/>
</kw>
<status status="PASS" starttime="20231030 17:18:18.880" endtime="20231030 17:18:19.007"/>
</branch>
<branch type="ELSE">
<kw name="Log" library="BuiltIn">
<arg>No Cookie Modal Visible</arg>
<doc>Logs the given message with the given level.</doc>
<status status="NOT RUN" starttime="20231030 17:18:19.007" endtime="20231030 17:18:19.007"/>
</kw>
<status status="NOT RUN" starttime="20231030 17:18:19.007" endtime="20231030 17:18:19.007"/>
</branch>
<status status="PASS" starttime="20231030 17:18:18.880" endtime="20231030 17:18:19.007"/>
</if>
<msg timestamp="20231030 17:18:19.008" level="TRACE">Return: None</msg>
<status status="PASS" starttime="20231030 17:18:18.775" endtime="20231030 17:18:19.008"/>
</kw>
<kw name="Set Environment" library="common">
<doc>A keyword that gets the environment from URL and checks it is the same as variable</doc>
<msg timestamp="20231030 17:18:19.008" level="TRACE">Arguments: [  ]</msg>
<kw name="Get Url" library="Browser">
<var>${currentUrl}</var>
<tag>Assertion</tag>
<tag>Getter</tag>
<tag>PageContent</tag>
<doc>Returns the current URL.</doc>
<msg timestamp="20231030 17:18:19.008" level="TRACE">Arguments: [  ]</msg>
<msg timestamp="20231030 17:18:19.010" level="DEBUG">https://test3.omenahotels.com/en/</msg>
<msg timestamp="20231030 17:18:19.010" level="TRACE">Return: 'https://test3.omenahotels.com/en/'</msg>
<msg timestamp="20231030 17:18:19.011" level="INFO">${currentUrl} = https://test3.omenahotels.com/en/</msg>
<status status="PASS" starttime="20231030 17:18:19.008" endtime="20231030 17:18:19.011"/>
</kw>
<kw name="Get Environment From Url" library="Helpers">
<var>${env}</var>
<arg>${currentUrl}</arg>
<msg timestamp="20231030 17:18:19.011" level="TRACE">Arguments: [ 'https://test3.omenahotels.com/en/' ]</msg>
<msg timestamp="20231030 17:18:19.011" level="TRACE">Return: 'test3'</msg>
<msg timestamp="20231030 17:18:19.011" level="INFO">${env} = test3</msg>
<status status="PASS" starttime="20231030 17:18:19.011" endtime="20231030 17:18:19.011"/>
</kw>
<kw name="Should Be Equal As Strings" library="BuiltIn">
<arg>${env}</arg>
<arg>${environment}</arg>
<doc>Fails if objects are unequal after converting them to strings.</doc>
<msg timestamp="20231030 17:18:19.012" level="TRACE">Arguments: [ 'test3' | 'test3' ]</msg>
<msg timestamp="20231030 17:18:19.012" level="DEBUG">Argument types are:
&lt;class 'str'&gt;
&lt;class 'str'&gt;</msg>
<msg timestamp="20231030 17:18:19.012" level="TRACE">Return: None</msg>
<status status="PASS" starttime="20231030 17:18:19.011" endtime="20231030 17:18:19.012"/>
</kw>
<msg timestamp="20231030 17:18:19.012" level="TRACE">Return: None</msg>
<status status="PASS" starttime="20231030 17:18:19.008" endtime="20231030 17:18:19.012"/>
</kw>
<msg timestamp="20231030 17:18:19.012" level="TRACE">Return: None</msg>
<status status="PASS" starttime="20231030 17:18:14.853" endtime="20231030 17:18:19.012"/>
</kw>
<test id="s1-s1-s1-s2-t1" name="Select Hotel, Dates and Guests" line="15">
<kw name="Select Hotel" library="booking">
<arg>Helsinki, Lönnrotinkatu</arg>
<doc>Select Hotel by using a number as an argument, default Lönnrotinkatu</doc>
<msg timestamp="20231030 17:18:19.013" level="TRACE">Arguments: [ ${hotel}='Helsinki, Lönnrotinkatu' ]</msg>
<if>
<branch type="IF" condition="&quot;${environment}&quot; == &quot;ks_test&quot;">
<kw name="Log" library="BuiltIn">
<arg>No hotel to be selected</arg>
<doc>Logs the given message with the given level.</doc>
<status status="NOT RUN" starttime="20231030 17:18:19.014" endtime="20231030 17:18:19.014"/>
</kw>
<status status="NOT RUN" starttime="20231030 17:18:19.013" endtime="20231030 17:18:19.014"/>
</branch>
<branch type="ELSE">
<kw name="Log" library="BuiltIn">
<arg>Selecting Hotel: ${hotel}</arg>
<doc>Logs the given message with the given level.</doc>
<msg timestamp="20231030 17:18:19.014" level="TRACE">Arguments: [ 'Selecting Hotel: Helsinki, Lönnrotinkatu' ]</msg>
<msg timestamp="20231030 17:18:19.014" level="INFO">Selecting Hotel: Helsinki, Lönnrotinkatu</msg>
<msg timestamp="20231030 17:18:19.014" level="TRACE">Return: None</msg>
<status status="PASS" starttime="20231030 17:18:19.014" endtime="20231030 17:18:19.014"/>
</kw>
<kw name="Click" library="Browser">
<arg>//div[contains(@data-nelson-btn, "hotels")]</arg>
<tag>PageContent</tag>
<tag>Setter</tag>
<doc>Simulates mouse click on the element found by ``selector``.</doc>
<msg timestamp="20231030 17:18:19.015" level="TRACE">Arguments: [ '//div[contains(@data-nelson-btn, "hotels")]' ]</msg>
<msg timestamp="20231030 17:18:19.016" level="DEBUG">Click options are: {"button": "left", "clickCount": 1, "force": false, "noWaitAfter": false, "trial": false}</msg>
<msg timestamp="20231030 17:18:19.192" level="DEBUG">Clicked element: '//div[contains(@data-nelson-btn, "hotels")]' with options: '{"button": "left", "clickCount": 1, "force": false, "noWaitAfter": false, "trial": false}' successfully.</msg>
<msg timestamp="20231030 17:18:19.192" level="TRACE">Return: None</msg>
<status status="PASS" starttime="20231030 17:18:19.014" endtime="20231030 17:18:19.192"/>
</kw>
<kw name="Wait Until Visible" library="common">
<arg>//a[contains(@class, 'dropdown-item') and contains(text(), '${hotel}')]</arg>
<doc>An easier keyword for waiting until an element is visible</doc>
<msg timestamp="20231030 17:18:19.193" level="TRACE">Arguments: [ ${element}="//a[contains(@class, 'dropdown-item') and contains(text(), 'Helsinki, Lönnrotinkatu')]" ]</msg>
<kw name="Wait For Elements State" library="Browser">
<arg>${element}</arg>
<arg>visible</arg>
<arg>timeout=${timeout}</arg>
<tag>PageContent</tag>
<tag>Wait</tag>
<doc>Waits for the element found by ``selector`` to satisfy state option.</doc>
<msg timestamp="20231030 17:18:19.194" level="TRACE">Arguments: [ "//a[contains(@class, 'dropdown-item') and contains(text(), 'Helsinki, Lönnrotinkatu')]" | &lt;ElementState.visible: 4&gt; | timeout=datetime.timedelta(seconds=30) ]</msg>
<msg timestamp="20231030 17:18:19.226" level="INFO">Waited for Element with selector //a[contains(@class, 'dropdown-item') and contains(text(), 'Helsinki, Lönnrotinkatu')] at state visible</msg>
<msg timestamp="20231030 17:18:19.226" level="TRACE">Return: None</msg>
<status status="PASS" starttime="20231030 17:18:19.193" endtime="20231030 17:18:19.226"/>
</kw>
<msg timestamp="20231030 17:18:19.226" level="TRACE">Return: None</msg>
<status status="PASS" starttime="20231030 17:18:19.193" endtime="20231030 17:18:19.226"/>
</kw>
<kw name="Click" library="Browser">
<arg>//a[contains(@class, 'dropdown-item') and contains(text(), '${hotel}')]</arg>
<tag>PageContent</tag>
<tag>Setter</tag>
<doc>Simulates mouse click on the element found by ``selector``.</doc>
<msg timestamp="20231030 17:18:19.227" level="TRACE">Arguments: [ "//a[contains(@class, 'dropdown-item') and contains(text(), 'Helsinki, Lönnrotinkatu')]" ]</msg>
<msg timestamp="20231030 17:18:19.228" level="DEBUG">Click options are: {"button": "left", "clickCount": 1, "force": false, "noWaitAfter": false, "trial": false}</msg>
<msg timestamp="20231030 17:18:20.338" level="DEBUG">Clicked element: '//a[contains(@class, 'dropdown-item') and contains(text(), 'Helsinki, Lönnrotinkatu')]' with options: '{"button": "left", "clickCount": 1, "force": false, "noWaitAfter": false, "trial": false}' successfully.</msg>
<msg timestamp="20231030 17:18:20.339" level="TRACE">Return: None</msg>
<status status="PASS" starttime="20231030 17:18:19.226" endtime="20231030 17:18:20.339"/>
</kw>
<kw name="Wait For Elements State" library="Browser">
<arg>//a[contains(@class, 'dropdown-item') and contains(text(), '${hotel}')]</arg>
<arg>hidden</arg>
<arg>timeout=3s</arg>
<tag>PageContent</tag>
<tag>Wait</tag>
<doc>Waits for the element found by ``selector`` to satisfy state option.</doc>
<msg timestamp="20231030 17:18:20.340" level="TRACE">Arguments: [ "//a[contains(@class, 'dropdown-item') and contains(text(), 'Helsinki, Lönnrotinkatu')]" | &lt;ElementState.hidden: 8&gt; | timeout=datetime.timedelta(seconds=3) ]</msg>
<msg timestamp="20231030 17:18:20.373" level="INFO">Waited for Element with selector //a[contains(@class, 'dropdown-item') and contains(text(), 'Helsinki, Lönnrotinkatu')] at state hidden</msg>
<msg timestamp="20231030 17:18:20.373" level="TRACE">Return: None</msg>
<status status="PASS" starttime="20231030 17:18:20.339" endtime="20231030 17:18:20.373"/>
</kw>
<status status="PASS" starttime="20231030 17:18:19.014" endtime="20231030 17:18:20.373"/>
</branch>
<status status="PASS" starttime="20231030 17:18:19.013" endtime="20231030 17:18:20.373"/>
</if>
<msg timestamp="20231030 17:18:20.373" level="TRACE">Return: None</msg>
<status status="PASS" starttime="20231030 17:18:19.013" endtime="20231030 17:18:20.373"/>
</kw>
<kw name="Select Dates" library="booking">
<msg timestamp="20231030 17:18:20.374" level="TRACE">Arguments: [  ]</msg>
<kw name="Log" library="BuiltIn">
<arg>${EMPTY}</arg>
<doc>Logs the given message with the given level.</doc>
<msg timestamp="20231030 17:18:20.376" level="TRACE">Arguments: [ '' ]</msg>
<msg timestamp="20231030 17:18:20.378" level="INFO"/>
<msg timestamp="20231030 17:18:20.378" level="TRACE">Return: None</msg>
<status status="PASS" starttime="20231030 17:18:20.374" endtime="20231030 17:18:20.379"/>
</kw>
<msg timestamp="20231030 17:18:20.379" level="TRACE">Return: None</msg>
<status status="PASS" starttime="20231030 17:18:20.374" endtime="20231030 17:18:20.379"/>
</kw>
<kw name="Select Guests" library="booking">
<doc>Selects the number of guests for the booking, current implementation will only check the dropdown</doc>
<msg timestamp="20231030 17:18:20.380" level="TRACE">Arguments: [ ${rooms}='1' | ${persons}='1' | ${children}='0' ]</msg>
<kw name="Log To Console" library="BuiltIn">
<arg>${EMPTY}</arg>
<doc>Logs the given message to the console.</doc>
<msg timestamp="20231030 17:18:20.381" level="TRACE">Arguments: [ '' ]</msg>
<msg timestamp="20231030 17:18:20.382" level="TRACE">Return: None</msg>
<status status="PASS" starttime="20231030 17:18:20.380" endtime="20231030 17:18:20.382"/>
</kw>
<msg timestamp="20231030 17:18:20.382" level="TRACE">Return: None</msg>
<status status="PASS" starttime="20231030 17:18:20.379" endtime="20231030 17:18:20.382"/>
</kw>
<tag>smoke, booking, BUI2-556, online-checkin</tag>
<status status="PASS" starttime="20231030 17:18:19.012" endtime="20231030 17:18:20.382"/>
</test>
<test id="s1-s1-s1-s2-t2" name="Check Available Rooms and Select a Standard Room" line="20">
<kw name="Click Book or Find Rooms Button" library="booking">
<msg timestamp="20231030 17:18:20.391" level="TRACE">Arguments: [  ]</msg>
<kw name="Get Url" library="Browser">
<var>${url}</var>
<tag>Assertion</tag>
<tag>Getter</tag>
<tag>PageContent</tag>
<doc>Returns the current URL.</doc>
<msg timestamp="20231030 17:18:20.392" level="TRACE">Arguments: [  ]</msg>
<msg timestamp="20231030 17:18:20.400" level="DEBUG">https://test3.omenahotels.com/en/#</msg>
<msg timestamp="20231030 17:18:20.400" level="TRACE">Return: 'https://test3.omenahotels.com/en/#'</msg>
<msg timestamp="20231030 17:18:20.400" level="INFO">${url} = https://test3.omenahotels.com/en/#</msg>
<status status="PASS" starttime="20231030 17:18:20.391" endtime="20231030 17:18:20.400"/>
</kw>
<kw name="Check If String Contains" library="common">
<var>${booking}</var>
<arg>${url}</arg>
<arg>/booking/</arg>
<msg timestamp="20231030 17:18:20.401" level="TRACE">Arguments: [ ${string}='https://test3.omenahotels.com/en/#' | ${substring}='/booking/' ]</msg>
<kw name="Check If String Contains Substring" library="Helpers">
<var>${contains}</var>
<arg>${string}</arg>
<arg>${substring}</arg>
<msg timestamp="20231030 17:18:20.405" level="TRACE">Arguments: [ 'https://test3.omenahotels.com/en/#' | '/booking/' ]</msg>
<msg timestamp="20231030 17:18:20.405" level="TRACE">Return: False</msg>
<msg timestamp="20231030 17:18:20.405" level="INFO">${contains} = False</msg>
<status status="PASS" starttime="20231030 17:18:20.404" endtime="20231030 17:18:20.405"/>
</kw>
<msg timestamp="20231030 17:18:20.405" level="TRACE">Return: False</msg>
<msg timestamp="20231030 17:18:20.405" level="INFO">${booking} = False</msg>
<status status="PASS" starttime="20231030 17:18:20.400" endtime="20231030 17:18:20.405"/>
</kw>
<if>
<branch type="IF" condition="${booking} == True">
<kw name="Click" library="Browser">
<arg>//button[contains(@class, 'booking-form-button') and contains(text(), 'Find rooms')]</arg>
<tag>PageContent</tag>
<tag>Setter</tag>
<doc>Simulates mouse click on the element found by ``selector``.</doc>
<status status="NOT RUN" starttime="20231030 17:18:20.405" endtime="20231030 17:18:20.406"/>
</kw>
<status status="NOT RUN" starttime="20231030 17:18:20.405" endtime="20231030 17:18:20.406"/>
</branch>
<branch type="ELSE">
<kw name="Click" library="Browser">
<arg>//button[contains(@class, 'booking-form-button') and contains(text(), 'Book')]</arg>
<tag>PageContent</tag>
<tag>Setter</tag>
<doc>Simulates mouse click on the element found by ``selector``.</doc>
<msg timestamp="20231030 17:18:20.406" level="TRACE">Arguments: [ "//button[contains(@class, 'booking-form-button') and contains(text(), 'Book')]" ]</msg>
<msg timestamp="20231030 17:18:20.407" level="DEBUG">Click options are: {"button": "left", "clickCount": 1, "force": false, "noWaitAfter": false, "trial": false}</msg>
<msg timestamp="20231030 17:18:20.807" level="DEBUG">Clicked element: '//button[contains(@class, 'booking-form-button') and contains(text(), 'Book')]' with options: '{"button": "left", "clickCount": 1, "force": false, "noWaitAfter": false, "trial": false}' successfully.</msg>
<msg timestamp="20231030 17:18:20.808" level="TRACE">Return: None</msg>
<status status="PASS" starttime="20231030 17:18:20.406" endtime="20231030 17:18:20.808"/>
</kw>
<status status="PASS" starttime="20231030 17:18:20.406" endtime="20231030 17:18:20.808"/>
</branch>
<status status="PASS" starttime="20231030 17:18:20.405" endtime="20231030 17:18:20.808"/>
</if>
<msg timestamp="20231030 17:18:20.808" level="TRACE">Return: None</msg>
<status status="PASS" starttime="20231030 17:18:20.391" endtime="20231030 17:18:20.808"/>
</kw>
<kw name="Select a Standard Room" library="booking">
<msg timestamp="20231030 17:18:20.809" level="TRACE">Arguments: [  ]</msg>
<kw name="Wait Until Visible" library="common">
<arg>${btnExtras}</arg>
<doc>An easier keyword for waiting until an element is visible</doc>
<msg timestamp="20231030 17:18:20.809" level="TRACE">Arguments: [ ${element}='(//div[contains(@view,"booking")]//button[contains(text(), "Continue to extras")])[1]' ]</msg>
<kw name="Wait For Elements State" library="Browser">
<arg>${element}</arg>
<arg>visible</arg>
<arg>timeout=${timeout}</arg>
<tag>PageContent</tag>
<tag>Wait</tag>
<doc>Waits for the element found by ``selector`` to satisfy state option.</doc>
<msg timestamp="20231030 17:18:20.810" level="TRACE">Arguments: [ '(//div[contains(@view,"booking")]//button[contains(text(), "Continue to extras")])[1]' | &lt;ElementState.visible: 4&gt; | timeout=datetime.timedelta(seconds=30) ]</msg>
<msg timestamp="20231030 17:18:24.151" level="INFO">Waited for Element with selector (//div[contains(@view,"booking")]//button[contains(text(), "Continue to extras")])[1] at state visible</msg>
<msg timestamp="20231030 17:18:24.151" level="TRACE">Return: None</msg>
<status status="PASS" starttime="20231030 17:18:20.809" endtime="20231030 17:18:24.151"/>
</kw>
<msg timestamp="20231030 17:18:24.151" level="TRACE">Return: None</msg>
<status status="PASS" starttime="20231030 17:18:20.809" endtime="20231030 17:18:24.151"/>
</kw>
<kw name="Get Element States" library="Browser">
<var>${visible}</var>
<arg>//div[contains(text(), 'Select room')]</arg>
<arg>then</arg>
<arg>bool(value &amp; visible)</arg>
<tag>Assertion</tag>
<tag>Getter</tag>
<tag>PageContent</tag>
<doc>Get the active states from the element found by ``selector``.</doc>
<msg timestamp="20231030 17:18:24.153" level="TRACE">Arguments: [ "//div[contains(text(), 'Select room')]" | &lt;AssertionOperator.then: 'then'&gt; | 'bool(value &amp; visible)' ]</msg>
<msg timestamp="20231030 17:18:24.407" level="DEBUG">States: 2</msg>
<msg timestamp="20231030 17:18:24.407" level="DEBUG">Assertion polling statistics:
First element asserted in: 0.25405430793762207 seconds
Total tries: 1
Elapsed time in retries 0.0 seconds</msg>
<msg timestamp="20231030 17:18:24.407" level="TRACE">Return: False</msg>
<msg timestamp="20231030 17:18:24.407" level="INFO">${visible} = False</msg>
<status status="PASS" starttime="20231030 17:18:24.152" endtime="20231030 17:18:24.407"/>
</kw>
<kw name="Run Keyword If" library="BuiltIn">
<arg>${visible}</arg>
<arg>Select Standard and Remove Other Room Selection</arg>
<doc>Runs the given keyword with the given arguments, if ``condition`` is true.</doc>
<msg timestamp="20231030 17:18:24.407" level="TRACE">Arguments: [ False | 'Select Standard and Remove Other Room Selection' ]</msg>
<msg timestamp="20231030 17:18:24.408" level="TRACE">Return: None</msg>
<status status="PASS" starttime="20231030 17:18:24.407" endtime="20231030 17:18:24.408"/>
</kw>
<msg timestamp="20231030 17:18:24.408" level="TRACE">Return: None</msg>
<status status="PASS" starttime="20231030 17:18:20.808" endtime="20231030 17:18:24.408"/>
</kw>
<tag>smoke, booking, BUI2-556, online-checkin</tag>
<status status="PASS" starttime="20231030 17:18:20.389" endtime="20231030 17:18:24.408"/>
</test>
<test id="s1-s1-s1-s2-t3" name="Continue to Extras and Select Join for Free" line="24">
<kw name="Click Continue to Extras Button" library="booking">
<doc>Clicks the continue to extras button</doc>
<msg timestamp="20231030 17:18:24.420" level="TRACE">Arguments: [  ]</msg>
<kw name="Click" library="Browser">
<arg>${btnExtras}</arg>
<tag>PageContent</tag>
<tag>Setter</tag>
<doc>Simulates mouse click on the element found by ``selector``.</doc>
<msg timestamp="20231030 17:18:24.420" level="TRACE">Arguments: [ '(//div[contains(@view,"booking")]//button[contains(text(), "Continue to extras")])[1]' ]</msg>
<msg timestamp="20231030 17:18:24.421" level="DEBUG">Click options are: {"button": "left", "clickCount": 1, "force": false, "noWaitAfter": false, "trial": false}</msg>
<msg timestamp="20231030 17:18:26.704" level="DEBUG">Clicked element: '(//div[contains(@view,"booking")]//button[contains(text(), "Continue to extras")])[1]' with options: '{"button": "left", "clickCount": 1, "force": false, "noWaitAfter": false, "trial": false}' successfully.</msg>
<msg timestamp="20231030 17:18:26.704" level="TRACE">Return: None</msg>
<status status="PASS" starttime="20231030 17:18:24.420" endtime="20231030 17:18:26.704"/>
</kw>
<kw name="Wait Until Visible" library="common">
<arg>${btnPayment}</arg>
<doc>An easier keyword for waiting until an element is visible</doc>
<msg timestamp="20231030 17:18:26.705" level="TRACE">Arguments: [ ${element}='(//div[contains(@view,"extras")]//button[contains(text(), "Continue to payment")])[1]' ]</msg>
<kw name="Wait For Elements State" library="Browser">
<arg>${element}</arg>
<arg>visible</arg>
<arg>timeout=${timeout}</arg>
<tag>PageContent</tag>
<tag>Wait</tag>
<doc>Waits for the element found by ``selector`` to satisfy state option.</doc>
<msg timestamp="20231030 17:18:26.706" level="TRACE">Arguments: [ '(//div[contains(@view,"extras")]//button[contains(text(), "Continue to payment")])[1]' | &lt;ElementState.visible: 4&gt; | timeout=datetime.timedelta(seconds=30) ]</msg>
<msg timestamp="20231030 17:18:27.689" level="INFO">Waited for Element with selector (//div[contains(@view,"extras")]//button[contains(text(), "Continue to payment")])[1] at state visible</msg>
<msg timestamp="20231030 17:18:27.690" level="TRACE">Return: None</msg>
<status status="PASS" starttime="20231030 17:18:26.705" endtime="20231030 17:18:27.690"/>
</kw>
<msg timestamp="20231030 17:18:27.690" level="TRACE">Return: None</msg>
<status status="PASS" starttime="20231030 17:18:26.705" endtime="20231030 17:18:27.690"/>
</kw>
<msg timestamp="20231030 17:18:27.690" level="TRACE">Return: None</msg>
<status status="PASS" starttime="20231030 17:18:24.420" endtime="20231030 17:18:27.690"/>
</kw>
<kw name="Continue to Payment" library="booking">
<msg timestamp="20231030 17:18:27.691" level="TRACE">Arguments: [  ]</msg>
<kw name="Click" library="Browser">
<arg>(//button[normalize-space()='Continue to payment'])[1]</arg>
<tag>PageContent</tag>
<tag>Setter</tag>
<doc>Simulates mouse click on the element found by ``selector``.</doc>
<msg timestamp="20231030 17:18:27.691" level="TRACE">Arguments: [ "(//button[normalize-space()='Continue to payment'])[1]" ]</msg>
<msg timestamp="20231030 17:18:27.692" level="DEBUG">Click options are: {"button": "left", "clickCount": 1, "force": false, "noWaitAfter": false, "trial": false}</msg>
<msg timestamp="20231030 17:18:27.953" level="DEBUG">Clicked element: '(//button[normalize-space()='Continue to payment'])[1]' with options: '{"button": "left", "clickCount": 1, "force": false, "noWaitAfter": false, "trial": false}' successfully.</msg>
<msg timestamp="20231030 17:18:27.953" level="TRACE">Return: None</msg>
<status status="PASS" starttime="20231030 17:18:27.691" endtime="20231030 17:18:27.953"/>
</kw>
<msg timestamp="20231030 17:18:27.953" level="TRACE">Return: None</msg>
<status status="PASS" starttime="20231030 17:18:27.690" endtime="20231030 17:18:27.953"/>
</kw>
<kw name="Select Join for Free" library="booking">
<msg timestamp="20231030 17:18:27.954" level="TRACE">Arguments: [  ]</msg>
<kw name="Wait Until Visible" library="common">
<arg>//input[@value='memberRate' and @checked='']</arg>
<doc>An easier keyword for waiting until an element is visible</doc>
<msg timestamp="20231030 17:18:27.954" level="TRACE">Arguments: [ ${element}="//input[@value='memberRate' and @checked='']" ]</msg>
<kw name="Wait For Elements State" library="Browser">
<arg>${element}</arg>
<arg>visible</arg>
<arg>timeout=${timeout}</arg>
<tag>PageContent</tag>
<tag>Wait</tag>
<doc>Waits for the element found by ``selector`` to satisfy state option.</doc>
[...]
<stat pass="0" fail="1" skip="0" id="s1-s3-s1-s2" name="Mui.Gbe">Testsuites.MUI.Regression.Mui.Gbe</stat>
<stat pass="0" fail="4" skip="0" id="s1-s3-s1-s3" name="Mui.Reservations">Testsuites.MUI.Regression.Mui.Reservations</stat>
<stat pass="0" fail="16" skip="0" id="s1-s3-s1-s4" name="Mui.Smoke">Testsuites.MUI.Regression.Mui.Smoke</stat>
<stat pass="5" fail="2" skip="0" id="s1-s4" name="OTA">Testsuites.OTA</stat>
<stat pass="2" fail="2" skip="0" id="s1-s4-s1" name="Bdc">Testsuites.OTA.Bdc</stat>
<stat pass="3" fail="0" skip="0" id="s1-s4-s2" name="Expedia">Testsuites.OTA.Expedia</stat>
</suite>
</statistics>
<errors>
<msg timestamp="20231030 17:17:59.077" level="ERROR">Error in file '/home/runner/work/nelson-test-automation/nelson-test-automation/resources/keywords/common.resource' on line 4: Importing library '/home/runner/work/nelson-test-automation/nelson-test-automation/resources/libraries/MailSlurp.py' failed: ModuleNotFoundError: No module named 'pandas'
Traceback (most recent call last):
  File "/home/runner/work/nelson-test-automation/nelson-test-automation/resources/libraries/MailSlurp.py", line 10, in &lt;module&gt;
    import pandas as pd
PYTHONPATH:
  /home/runner/work/nelson-test-automation/nelson-test-automation/resources/libraries
  /opt/hostedtoolcache/Python/3.11.6/x64/bin
  /opt/hostedtoolcache/Python/3.11.6/x64/lib/python311.zip
  /opt/hostedtoolcache/Python/3.11.6/x64/lib/python3.11
  /opt/hostedtoolcache/Python/3.11.6/x64/lib/python3.11/lib-dynload
  /opt/hostedtoolcache/Python/3.11.6/x64/lib/python3.11/site-packages</msg>
<msg timestamp="20231030 17:17:59.361" level="ERROR">Error in file '/home/runner/work/nelson-test-automation/nelson-test-automation/resources/keywords/booking.resource' on line 64: Creating keyword 'Save and Sign button is visible' failed: User keyword cannot be empty.</msg>
<msg timestamp="20231030 17:18:14.818" level="ERROR">Error in file '/home/runner/work/nelson-test-automation/nelson-test-automation/resources/keywords/common.resource' on line 4: Importing library '/home/runner/work/nelson-test-automation/nelson-test-automation/resources/libraries/MailSlurp.py' failed: ModuleNotFoundError: No module named 'pandas'
Traceback (most recent call last):
  File "/home/runner/work/nelson-test-automation/nelson-test-automation/resources/libraries/MailSlurp.py", line 10, in &lt;module&gt;
    import pandas as pd
PYTHONPATH:
  /home/runner/work/nelson-test-automation/nelson-test-automation/resources/libraries
  /opt/hostedtoolcache/Python/3.11.6/x64/bin
  /opt/hostedtoolcache/Python/3.11.6/x64/lib/python311.zip
  /opt/hostedtoolcache/Python/3.11.6/x64/lib/python3.11
  /opt/hostedtoolcache/Python/3.11.6/x64/lib/python3.11/lib-dynload
  /opt/hostedtoolcache/Python/3.11.6/x64/lib/python3.11/site-packages</msg>
<msg timestamp="20231030 17:18:14.821" level="ERROR">Error in file '/home/runner/work/nelson-test-automation/nelson-test-automation/resources/keywords/booking.resource' on line 64: Creating keyword 'Save and Sign button is visible' failed: User keyword cannot be empty.</msg>
<msg timestamp="20231030 17:18:14.844" level="ERROR">Error in file '/home/runner/work/nelson-test-automation/nelson-test-automation/resources/keywords/mui.reservations.resource' on line 92: Creating keyword 'Select Booking Channel for Search' failed: User keyword cannot be empty.</msg>
<msg timestamp="20231030 17:18:14.847" level="ERROR">Error in file '/home/runner/work/nelson-test-automation/nelson-test-automation/resources/keywords/checkin.resource' on line 48: Creating keyword 'Verify Page Elements before Check-in' failed: User keyword cannot be empty.</msg>
<msg timestamp="20231030 17:20:11.334" level="ERROR">Error in file '/home/runner/work/nelson-test-automation/nelson-test-automation/resources/keywords/common.resource' on line 4: Importing library '/home/runner/work/nelson-test-automation/nelson-test-automation/resources/libraries/MailSlurp.py' failed: ModuleNotFoundError: No module named 'pandas'
Traceback (most recent call last):
  File "/home/runner/work/nelson-test-automation/nelson-test-automation/resources/libraries/MailSlurp.py", line 10, in &lt;module&gt;
    import pandas as pd
PYTHONPATH:
  /home/runner/work/nelson-test-automation/nelson-test-automation/resources/libraries
  /opt/hostedtoolcache/Python/3.11.6/x64/bin
  /opt/hostedtoolcache/Python/3.11.6/x64/lib/python311.zip
  /opt/hostedtoolcache/Python/3.11.6/x64/lib/python3.11
  /opt/hostedtoolcache/Python/3.11.6/x64/lib/python3.11/lib-dynload
  /opt/hostedtoolcache/Python/3.11.6/x64/lib/python3.11/site-packages</msg>
<msg timestamp="20231030 17:20:11.338" level="ERROR">Error in file '/home/runner/work/nelson-test-automation/nelson-test-automation/resources/keywords/booking.resource' on line 64: Creating keyword 'Save and Sign button is visible' failed: User keyword cannot be empty.</msg>
<msg timestamp="20231030 17:20:11.347" level="ERROR">Error in file '/home/runner/work/nelson-test-automation/nelson-test-automation/resources/keywords/mui.reservations.resource' on line 92: Creating keyword 'Select Booking Channel for Search' failed: User keyword cannot be empty.</msg>
<msg timestamp="20231030 17:22:00.499" level="ERROR">Error in file '/home/runner/work/nelson-test-automation/nelson-test-automation/resources/keywords/common.resource' on line 4: Importing library '/home/runner/work/nelson-test-automation/nelson-test-automation/resources/libraries/MailSlurp.py' failed: ModuleNotFoundError: No module named 'pandas'
Traceback (most recent call last):
  File "/home/runner/work/nelson-test-automation/nelson-test-automation/resources/libraries/MailSlurp.py", line 10, in &lt;module&gt;
    import pandas as pd
PYTHONPATH:
  /home/runner/work/nelson-test-automation/nelson-test-automation/resources/libraries
  /opt/hostedtoolcache/Python/3.11.6/x64/bin
  /opt/hostedtoolcache/Python/3.11.6/x64/lib/python311.zip
  /opt/hostedtoolcache/Python/3.11.6/x64/lib/python3.11
  /opt/hostedtoolcache/Python/3.11.6/x64/lib/python3.11/lib-dynload
  /opt/hostedtoolcache/Python/3.11.6/x64/lib/python3.11/site-packages</msg>
<msg timestamp="20231030 17:22:00.505" level="ERROR">Error in file '/home/runner/work/nelson-test-automation/nelson-test-automation/resources/keywords/booking.resource' on line 64: Creating keyword 'Save and Sign button is visible' failed: User keyword cannot be empty.</msg>
<msg timestamp="20231030 17:22:00.511" level="ERROR">Error in file '/home/runner/work/nelson-test-automation/nelson-test-automation/resources/keywords/mui.reservations.resource' on line 92: Creating keyword 'Select Booking Channel for Search' failed: User keyword cannot be empty.</msg>
<msg timestamp="20231030 17:22:04.194" level="ERROR">Error in file '/home/runner/work/nelson-test-automation/nelson-test-automation/resources/keywords/common.resource' on line 4: Importing library '/home/runner/work/nelson-test-automation/nelson-test-automation/resources/libraries/MailSlurp.py' failed: ModuleNotFoundError: No module named 'pandas'
Traceback (most recent call last):
  File "/home/runner/work/nelson-test-automation/nelson-test-automation/resources/libraries/MailSlurp.py", line 10, in &lt;module&gt;
    import pandas as pd
PYTHONPATH:
  /home/runner/work/nelson-test-automation/nelson-test-automation/resources/libraries
  /opt/hostedtoolcache/Python/3.11.6/x64/bin
  /opt/hostedtoolcache/Python/3.11.6/x64/lib/python311.zip
  /opt/hostedtoolcache/Python/3.11.6/x64/lib/python3.11
  /opt/hostedtoolcache/Python/3.11.6/x64/lib/python3.11/lib-dynload
  /opt/hostedtoolcache/Python/3.11.6/x64/lib/python3.11/site-packages</msg>
<msg timestamp="20231030 17:22:04.199" level="ERROR">Error in file '/home/runner/work/nelson-test-automation/nelson-test-automation/resources/keywords/booking.resource' on line 64: Creating keyword 'Save and Sign button is visible' failed: User keyword cannot be empty.</msg>
<msg timestamp="20231030 17:22:04.204" level="ERROR">Error in file '/home/runner/work/nelson-test-automation/nelson-test-automation/resources/keywords/mui.reservations.resource' on line 92: Creating keyword 'Select Booking Channel for Search' failed: User keyword cannot be empty.</msg>
<msg timestamp="20231030 17:23:14.821" level="ERROR">Error in file '/home/runner/work/nelson-test-automation/nelson-test-automation/resources/keywords/common.resource' on line 4: Importing library '/home/runner/work/nelson-test-automation/nelson-test-automation/resources/libraries/MailSlurp.py' failed: ModuleNotFoundError: No module named 'pandas'
Traceback (most recent call last):
  File "/home/runner/work/nelson-test-automation/nelson-test-automation/resources/libraries/MailSlurp.py", line 10, in &lt;module&gt;
    import pandas as pd
PYTHONPATH:
  /home/runner/work/nelson-test-automation/nelson-test-automation/resources/libraries
  /opt/hostedtoolcache/Python/3.11.6/x64/bin
  /opt/hostedtoolcache/Python/3.11.6/x64/lib/python311.zip
  /opt/hostedtoolcache/Python/3.11.6/x64/lib/python3.11
  /opt/hostedtoolcache/Python/3.11.6/x64/lib/python3.11/lib-dynload
  /opt/hostedtoolcache/Python/3.11.6/x64/lib/python3.11/site-packages</msg>
<msg timestamp="20231030 17:23:14.829" level="ERROR">Error in file '/home/runner/work/nelson-test-automation/nelson-test-automation/resources/keywords/booking.resource' on line 64: Creating keyword 'Save and Sign button is visible' failed: User keyword cannot be empty.</msg>
<msg timestamp="20231030 17:23:14.836" level="ERROR">Error in file '/home/runner/work/nelson-test-automation/nelson-test-automation/resources/keywords/mui.reservations.resource' on line 92: Creating keyword 'Select Booking Channel for Search' failed: User keyword cannot be empty.</msg>
<msg timestamp="20231030 17:23:45.689" level="ERROR">Error in file '/home/runner/work/nelson-test-automation/nelson-test-automation/resources/keywords/common.resource' on line 4: Importing library '/home/runner/work/nelson-test-automation/nelson-test-automation/resources/libraries/MailSlurp.py' failed: ModuleNotFoundError: No module named 'pandas'
Traceback (most recent call last):
  File "/home/runner/work/nelson-test-automation/nelson-test-automation/resources/libraries/MailSlurp.py", line 10, in &lt;module&gt;
    import pandas as pd
PYTHONPATH:
  /home/runner/work/nelson-test-automation/nelson-test-automation/resources/libraries
  /opt/hostedtoolcache/Python/3.11.6/x64/bin
  /opt/hostedtoolcache/Python/3.11.6/x64/lib/python311.zip
  /opt/hostedtoolcache/Python/3.11.6/x64/lib/python3.11
  /opt/hostedtoolcache/Python/3.11.6/x64/lib/python3.11/lib-dynload
  /opt/hostedtoolcache/Python/3.11.6/x64/lib/python3.11/site-packages</msg>
<msg timestamp="20231030 17:23:45.694" level="ERROR">Error in file '/home/runner/work/nelson-test-automation/nelson-test-automation/resources/keywords/booking.resource' on line 64: Creating keyword 'Save and Sign button is visible' failed: User keyword cannot be empty.</msg>
<msg timestamp="20231030 17:23:45.700" level="ERROR">Error in file '/home/runner/work/nelson-test-automation/nelson-test-automation/resources/keywords/mui.reservations.resource' on line 92: Creating keyword 'Select Booking Channel for Search' failed: User keyword cannot be empty.</msg>
<msg timestamp="20231030 17:23:45.740" level="ERROR">Error in file '/home/runner/work/nelson-test-automation/nelson-test-automation/resources/keywords/common.resource' on line 4: Importing library '/home/runner/work/nelson-test-automation/nelson-test-automation/resources/libraries/MailSlurp.py' failed: ModuleNotFoundError: No module named 'pandas'
Traceback (most recent call last):
  File "/home/runner/work/nelson-test-automation/nelson-test-automation/resources/libraries/MailSlurp.py", line 10, in &lt;module&gt;
    import pandas as pd
PYTHONPATH:
  /home/runner/work/nelson-test-automation/nelson-test-automation/resources/libraries
  /opt/hostedtoolcache/Python/3.11.6/x64/bin
  /opt/hostedtoolcache/Python/3.11.6/x64/lib/python311.zip
  /opt/hostedtoolcache/Python/3.11.6/x64/lib/python3.11
  /opt/hostedtoolcache/Python/3.11.6/x64/lib/python3.11/lib-dynload
  /opt/hostedtoolcache/Python/3.11.6/x64/lib/python3.11/site-packages</msg>
<msg timestamp="20231030 17:23:45.744" level="ERROR">Error in file '/home/runner/work/nelson-test-automation/nelson-test-automation/resources/keywords/booking.resource' on line 64: Creating keyword 'Save and Sign button is visible' failed: User keyword cannot be empty.</msg>
<msg timestamp="20231030 17:23:45.751" level="ERROR">Error in file '/home/runner/work/nelson-test-automation/nelson-test-automation/resources/keywords/mui.reservations.resource' on line 92: Creating keyword 'Select Booking Channel for Search' failed: User keyword cannot be empty.</msg>
<msg timestamp="20231030 17:23:49.439" level="ERROR">Error in file '/home/runner/work/nelson-test-automation/nelson-test-automation/resources/keywords/common.resource' on line 4: Importing library '/home/runner/work/nelson-test-automation/nelson-test-automation/resources/libraries/MailSlurp.py' failed: ModuleNotFoundError: No module named 'pandas'
Traceback (most recent call last):
  File "/home/runner/work/nelson-test-automation/nelson-test-automation/resources/libraries/MailSlurp.py", line 10, in &lt;module&gt;
    import pandas as pd
PYTHONPATH:
  /home/runner/work/nelson-test-automation/nelson-test-automation/resources/libraries
  /opt/hostedtoolcache/Python/3.11.6/x64/bin
  /opt/hostedtoolcache/Python/3.11.6/x64/lib/python311.zip
  /opt/hostedtoolcache/Python/3.11.6/x64/lib/python3.11
  /opt/hostedtoolcache/Python/3.11.6/x64/lib/python3.11/lib-dynload
  /opt/hostedtoolcache/Python/3.11.6/x64/lib/python3.11/site-packages</msg>
<msg timestamp="20231030 17:23:49.443" level="ERROR">Error in file '/home/runner/work/nelson-test-automation/nelson-test-automation/resources/keywords/booking.resource' on line 64: Creating keyword 'Save and Sign button is visible' failed: User keyword cannot be empty.</msg>
<msg timestamp="20231030 17:23:49.449" level="ERROR">Error in file '/home/runner/work/nelson-test-automation/nelson-test-automation/resources/keywords/mui.reservations.resource' on line 92: Creating keyword 'Select Booking Channel for Search' failed: User keyword cannot be empty.</msg>
<msg timestamp="20231030 17:23:53.119" level="ERROR">Error in file '/home/runner/work/nelson-test-automation/nelson-test-automation/resources/keywords/common.resource' on line 4: Importing library '/home/runner/work/nelson-test-automation/nelson-test-automation/resources/libraries/MailSlurp.py' failed: ModuleNotFoundError: No module named 'pandas'
Traceback (most recent call last):
  File "/home/runner/work/nelson-test-automation/nelson-test-automation/resources/libraries/MailSlurp.py", line 10, in &lt;module&gt;
    import pandas as pd
PYTHONPATH:
  /home/runner/work/nelson-test-automation/nelson-test-automation/resources/libraries
  /opt/hostedtoolcache/Python/3.11.6/x64/bin
  /opt/hostedtoolcache/Python/3.11.6/x64/lib/python311.zip
  /opt/hostedtoolcache/Python/3.11.6/x64/lib/python3.11
  /opt/hostedtoolcache/Python/3.11.6/x64/lib/python3.11/lib-dynload
  /opt/hostedtoolcache/Python/3.11.6/x64/lib/python3.11/site-packages</msg>
<msg timestamp="20231030 17:23:53.122" level="ERROR">Error in file '/home/runner/work/nelson-test-automation/nelson-test-automation/resources/keywords/booking.resource' on line 64: Creating keyword 'Save and Sign button is visible' failed: User keyword cannot be empty.</msg>
<msg timestamp="20231030 17:23:53.128" level="ERROR">Error in file '/home/runner/work/nelson-test-automation/nelson-test-automation/resources/keywords/mui.reservations.resource' on line 92: Creating keyword 'Select Booking Channel for Search' failed: User keyword cannot be empty.</msg>
<msg timestamp="20231030 17:23:56.793" level="ERROR">Error in file '/home/runner/work/nelson-test-automation/nelson-test-automation/resources/keywords/booking.resource' on line 64: Creating keyword 'Save and Sign button is visible' failed: User keyword cannot be empty.</msg>
<msg timestamp="20231030 17:23:56.803" level="ERROR">Error in file '/home/runner/work/nelson-test-automation/nelson-test-automation/resources/keywords/common.resource' on line 4: Importing library '/home/runner/work/nelson-test-automation/nelson-test-automation/resources/libraries/MailSlurp.py' failed: ModuleNotFoundError: No module named 'pandas'
Traceback (most recent call last):
  File "/home/runner/work/nelson-test-automation/nelson-test-automation/resources/libraries/MailSlurp.py", line 10, in &lt;module&gt;
    import pandas as pd
PYTHONPATH:
  /home/runner/work/nelson-test-automation/nelson-test-automation/resources/libraries
  /opt/hostedtoolcache/Python/3.11.6/x64/bin
  /opt/hostedtoolcache/Python/3.11.6/x64/lib/python311.zip
  /opt/hostedtoolcache/Python/3.11.6/x64/lib/python3.11
  /opt/hostedtoolcache/Python/3.11.6/x64/lib/python3.11/lib-dynload
  /opt/hostedtoolcache/Python/3.11.6/x64/lib/python3.11/site-packages</msg>
<msg timestamp="20231030 17:23:56.809" level="ERROR">Error in file '/home/runner/work/nelson-test-automation/nelson-test-automation/resources/keywords/mui.reservations.resource' on line 92: Creating keyword 'Select Booking Channel for Search' failed: User keyword cannot be empty.</msg>
<msg timestamp="20231030 17:24:00.875" level="ERROR">Error in file '/home/runner/work/nelson-test-automation/nelson-test-automation/resources/keywords/common.resource' on line 4: Importing library '/home/runner/work/nelson-test-automation/nelson-test-automation/resources/libraries/MailSlurp.py' failed: ModuleNotFoundError: No module named 'pandas'
Traceback (most recent call last):
  File "/home/runner/work/nelson-test-automation/nelson-test-automation/resources/libraries/MailSlurp.py", line 10, in &lt;module&gt;
    import pandas as pd
PYTHONPATH:
  /home/runner/work/nelson-test-automation/nelson-test-automation/resources/libraries
  /opt/hostedtoolcache/Python/3.11.6/x64/bin
  /opt/hostedtoolcache/Python/3.11.6/x64/lib/python311.zip
  /opt/hostedtoolcache/Python/3.11.6/x64/lib/python3.11
  /opt/hostedtoolcache/Python/3.11.6/x64/lib/python3.11/lib-dynload
  /opt/hostedtoolcache/Python/3.11.6/x64/lib/python3.11/site-packages</msg>
<msg timestamp="20231030 17:24:56.026" level="ERROR">Error in file '/home/runner/work/nelson-test-automation/nelson-test-automation/resources/keywords/common.resource' on line 4: Importing library '/home/runner/work/nelson-test-automation/nelson-test-automation/resources/libraries/MailSlurp.py' failed: ModuleNotFoundError: No module named 'pandas'
Traceback (most recent call last):
  File "/home/runner/work/nelson-test-automation/nelson-test-automation/resources/libraries/MailSlurp.py", line 10, in &lt;module&gt;
    import pandas as pd
PYTHONPATH:
  /home/runner/work/nelson-test-automation/nelson-test-automation/resources/libraries
  /opt/hostedtoolcache/Python/3.11.6/x64/bin
  /opt/hostedtoolcache/Python/3.11.6/x64/lib/python311.zip
  /opt/hostedtoolcache/Python/3.11.6/x64/lib/python3.11
  /opt/hostedtoolcache/Python/3.11.6/x64/lib/python3.11/lib-dynload
  /opt/hostedtoolcache/Python/3.11.6/x64/lib/python3.11/site-packages</msg>
<msg timestamp="20231030 17:24:56.031" level="ERROR">Error in file '/home/runner/work/nelson-test-automation/nelson-test-automation/resources/keywords/booking.resource' on line 64: Creating keyword 'Save and Sign button is visible' failed: User keyword cannot be empty.</msg>
<msg timestamp="20231030 17:24:56.037" level="ERROR">Error in file '/home/runner/work/nelson-test-automation/nelson-test-automation/resources/keywords/mui.reservations.resource' on line 92: Creating keyword 'Select Booking Channel for Search' failed: User keyword cannot be empty.</msg>
<msg timestamp="20231030 17:24:56.039" level="ERROR">Error in file '/home/runner/work/nelson-test-automation/nelson-test-automation/resources/keywords/checkin.resource' on line 48: Creating keyword 'Verify Page Elements before Check-in' failed: User keyword cannot be empty.</msg>
</errors>
</robot>
