<?xml version="1.0" encoding="UTF-8"?>
<robot generator="Robot 5.0.1 (Python 3.11.4 on darwin)" generated="20230803 12:19:55.693" rpa="false" schemaversion="3">
<suite id="s1" name="Testsuites" source="/Users/sara/code/nelson-test-automation/testsuites">
<suite id="s1-s1" name="BUI" source="/Users/sara/code/nelson-test-automation/testsuites/BUI">
<suite id="s1-s1-s1" name="Feature" source="/Users/sara/code/nelson-test-automation/testsuites/BUI/feature">
<suite id="s1-s1-s1-s1" name="Online Check In" source="/Users/sara/code/nelson-test-automation/testsuites/BUI/feature/online_check_in">
<errors>
<msg timestamp="20230803 12:19:55.952" level="ERROR">Execution stopped by user.</msg>
</errors>
</robot>
