<?xml version="1.0" encoding="UTF-8"?>
<robot generator="Robot 6.1.1 (Python 3.11.5 on linux)" generated="20230922 13:21:58.002" rpa="false" schemaversion="4">
<suite id="s1" name="Testsuites" source="/home/runner/work/nelson-test-automation/nelson-test-automation/testsuites">
<suite id="s1-s1" name="BUI" source="/home/runner/work/nelson-test-automation/nelson-test-automation/testsuites/BUI">
<suite id="s1-s1-s1" name="Feature" source="/home/runner/work/nelson-test-automation/nelson-test-automation/testsuites/BUI/feature">
<suite id="s1-s1-s1-s1" name="Online Check In" source="/home/runner/work/nelson-test-automation/nelson-test-automation/testsuites/BUI/feature/online_check_in">
<suite id="s1-s1-s1-s1-s1" name="BUI2-556" source="/home/runner/work/nelson-test-automation/nelson-test-automation/testsuites/BUI/feature/online_check_in/BUI2-556.robot">
<kw name="Open Browser to Landing Page" library="common" type="SETUP">
<doc>A general startup keyword for opening a browser to the landing page.</doc>
<msg timestamp="20230922 13:21:58.995" level="TRACE">Arguments: [  ]</msg>
<kw name="Open New Browser To URL" library="common">
<arg>${url}</arg>
<msg timestamp="20230922 13:21:58.995" level="TRACE">Arguments: [ ${url}='https://test3.omenahotels.com/en' ]</msg>
<kw name="New Browser" library="Browser">
<arg>${browser}</arg>
<arg>${headless}</arg>
<arg>timeout=${timeout}</arg>
<tag>BrowserControl</tag>
<tag>Setter</tag>
<doc>Create a new playwright Browser with specified options.</doc>
<msg timestamp="20230922 13:21:58.996" level="TRACE">Arguments: [ &lt;SupportedBrowsers.firefox: 2&gt; | True | timeout=datetime.timedelta(seconds=90) ]</msg>
<msg timestamp="20230922 13:21:58.996" level="INFO">{"browser": "firefox", "headless": true, "chromiumSandbox": false, "devtools": false, "handleSIGHUP": true, "handleSIGINT": true, "handleSIGTERM": true, "slowMo": 0.0, "timeout": 90000.0, "tracesDir": "/home/runner/work/nelson-test-automation/nelson-test-automation/reports/test3/browser/traces/bdab5337-f104-4190-a855-d8defb9c967f"}</msg>
<msg timestamp="20230922 13:21:59.677" level="INFO">Successfully created browser with options: {"browser":"firefox","headless":true,"chromiumSandbox":false,"devtools":false,"handleSIGHUP":true,"handleSIGINT":true,"handleSIGTERM":true,"slowMo":0,"timeout":90000,"tracesDir":"/home/runner/work/nelson-test-automation/nelson-test-automation/reports/test3/browser/traces/bdab5337-f104-4190-a855-d8defb9c967f"}</msg>
<msg timestamp="20230922 13:21:59.678" level="TRACE">Return: 'browser=417027a1-5b15-4666-b015-b7656bbb6ac8'</msg>
<status status="PASS" starttime="20230922 13:21:58.996" endtime="20230922 13:21:59.678"/>
</kw>
<kw name="Set Browser Timeout" library="Browser">
<arg>${timeout}</arg>
<tag>Config</tag>
<tag>Setter</tag>
<doc>Sets the timeout used by most input and getter keywords.</doc>
<msg timestamp="20230922 13:21:59.679" level="TRACE">Arguments: [ datetime.timedelta(seconds=90) ]</msg>
<msg timestamp="20230922 13:21:59.682" level="INFO">No context open.</msg>
<msg timestamp="20230922 13:21:59.682" level="TRACE">Return: '10 seconds'</msg>
<status status="PASS" starttime="20230922 13:21:59.678" endtime="20230922 13:21:59.682"/>
</kw>
<kw name="New Context" library="Browser">
<tag>BrowserControl</tag>
<tag>Setter</tag>
<doc>Create a new BrowserContext with specified options.</doc>
<msg timestamp="20230922 13:21:59.683" level="TRACE">Arguments: [  ]</msg>
<msg timestamp="20230922 13:21:59.683" level="INFO">{
  "acceptDownloads": true,
  "bypassCSP": false,
  "forcedColors": "none",
  "hideRfBrowser": "",
  "ignoreHTTPSErrors": false,
  "javaScriptEnabled": true,
  "offline": false,
  "reducedMotion": "no-preference",
  "serviceWorkers": "allow",
  "viewport": {
    "width": 1280,
    "height": 720
  }
}</msg>
<msg timestamp="20230922 13:21:59.746" level="INFO">Successfully created context. </msg>
<msg timestamp="20230922 13:21:59.746" level="INFO">{'acceptDownloads': True, 'bypassCSP': False, 'forcedColors': 'none', 'hideRfBrowser': '', 'ignoreHTTPSErrors': False, 'javaScriptEnabled': True, 'offline': False, 'reducedMotion': 'no-preference', 'serviceWorkers': 'allow', 'viewport': {'width': 1280, 'height': 720}}</msg>
<msg timestamp="20230922 13:21:59.746" level="TRACE">Return: 'context=b51d8cb1-265b-4f99-984a-cf3d095cfa18'</msg>
<status status="PASS" starttime="20230922 13:21:59.682" endtime="20230922 13:21:59.746"/>
</kw>
<kw name="New Page" library="Browser">
<arg>${url}</arg>
<tag>BrowserControl</tag>
<tag>Setter</tag>
<doc>Open a new Page.</doc>
<msg timestamp="20230922 13:21:59.747" level="TRACE">Arguments: [ 'https://test3.omenahotels.com/en' ]</msg>
<msg timestamp="20230922 13:22:04.814" level="INFO">Successfully initialized new page object and opened url: https://test3.omenahotels.com/en</msg>
<msg timestamp="20230922 13:22:04.814" level="DEBUG">Video is not enabled.</msg>
<msg timestamp="20230922 13:22:04.814" level="TRACE">Return: {'page_id': 'page=3ab58a4f-0b80-4040-9308-50ae97ed4fb0', 'video_path': ''}</msg>
<status status="PASS" starttime="20230922 13:21:59.747" endtime="20230922 13:22:04.814"/>
</kw>
<msg timestamp="20230922 13:22:04.815" level="TRACE">Return: None</msg>
<status status="PASS" starttime="20230922 13:21:58.995" endtime="20230922 13:22:04.815"/>
</kw>
<kw name="Wait Until Network Is Idle" library="Browser">
<tag>HTTP</tag>
<tag>Wait</tag>
<doc>Waits until there has been at least one instance of 500 ms of no network traffic on the page after loading.</doc>
<msg timestamp="20230922 13:22:04.815" level="TRACE">Arguments: [  ]</msg>
<msg timestamp="20230922 13:22:05.819" level="DEBUG">Network is idle</msg>
<msg timestamp="20230922 13:22:05.820" level="TRACE">Return: None</msg>
<status status="PASS" starttime="20230922 13:22:04.815" endtime="20230922 13:22:05.820"/>
</kw>
<kw name="Allow Cookies" library="common">
<doc>Allow Cookies/Toggle Cookie allowance</doc>
<msg timestamp="20230922 13:22:05.820" level="TRACE">Arguments: [  ]</msg>
<kw name="Is Element Found" library="common">
<var>${cookieModalVisible}</var>
<arg>id=CybotCookiebotDialogBodyLevelButtonLevelOptinAllowAll</arg>
<doc>A keyword that has a very complex way of figuring out whether an
element is found or not because I had trouble with the built-in keywords
Can be solved differently if you have a better idea</doc>
<msg timestamp="20230922 13:22:05.821" level="TRACE">Arguments: [ ${selector}='id=CybotCookiebotDialogBodyLevelButtonLevelOptinAllowAll' ]</msg>
<kw name="Set Browser Timeout" library="Browser">
<arg>10s</arg>
<tag>Config</tag>
<tag>Setter</tag>
<doc>Sets the timeout used by most input and getter keywords.</doc>
<msg timestamp="20230922 13:22:05.821" level="TRACE">Arguments: [ datetime.timedelta(seconds=10) ]</msg>
<msg timestamp="20230922 13:22:05.824" level="INFO">Set timeout to: 10000</msg>
<msg timestamp="20230922 13:22:05.824" level="TRACE">Return: '1 minute 30 seconds'</msg>
<status status="PASS" starttime="20230922 13:22:05.821" endtime="20230922 13:22:05.824"/>
</kw>
<try>
<branch type="TRY">
<kw name="Get Elements" library="Browser">
<var>${els}</var>
<arg>${selector}</arg>
<tag>Getter</tag>
<tag>PageContent</tag>
<doc>Returns a reference to Playwright [https://playwright.dev/docs/api/class-locator|Locator]
for all matched elements by ``selector``.</doc>
<msg timestamp="20230922 13:22:05.825" level="TRACE">Arguments: [ 'id=CybotCookiebotDialogBodyLevelButtonLevelOptinAllowAll' ]</msg>
<msg timestamp="20230922 13:22:05.883" level="INFO">Found Locator@id=CybotCookiebotDialogBodyLevelButtonLevelOptinAllowAll &gt;&gt; nth=0 Locators successfully.</msg>
<msg timestamp="20230922 13:22:05.883" level="DEBUG">["id=CybotCookiebotDialogBodyLevelButtonLevelOptinAllowAll &gt;&gt; nth=0"]</msg>
<msg timestamp="20230922 13:22:05.883" level="TRACE">Return: ['id=CybotCookiebotDialogBodyLevelButtonLevelOptinAllowAll &gt;&gt; nth=0']</msg>
<msg timestamp="20230922 13:22:05.884" level="INFO">${els} = ['id=CybotCookiebotDialogBodyLevelButtonLevelOptinAllowAll &gt;&gt; nth=0']</msg>
<status status="PASS" starttime="20230922 13:22:05.824" endtime="20230922 13:22:05.884"/>
</kw>
<kw name="Get Length" library="BuiltIn">
<var>${count}</var>
<arg>${els}</arg>
<doc>Returns and logs the length of the given item as an integer.</doc>
<msg timestamp="20230922 13:22:05.884" level="TRACE">Arguments: [ ['id=CybotCookiebotDialogBodyLevelButtonLevelOptinAllowAll &gt;&gt; nth=0'] ]</msg>
<msg timestamp="20230922 13:22:05.884" level="INFO">Length is 1</msg>
<msg timestamp="20230922 13:22:05.884" level="TRACE">Return: 1</msg>
<msg timestamp="20230922 13:22:05.884" level="INFO">${count} = 1</msg>
<status status="PASS" starttime="20230922 13:22:05.884" endtime="20230922 13:22:05.884"/>
</kw>
<if>
<branch type="IF" condition="${count} &gt; 0">
<kw name="Set Variable" library="BuiltIn">
<var>${visible}</var>
<arg>True</arg>
<doc>Returns the given values which can then be assigned to a variables.</doc>
<msg timestamp="20230922 13:22:05.885" level="TRACE">Arguments: [ 'True' ]</msg>
<msg timestamp="20230922 13:22:05.885" level="TRACE">Return: 'True'</msg>
<msg timestamp="20230922 13:22:05.885" level="INFO">${visible} = True</msg>
<status status="PASS" starttime="20230922 13:22:05.885" endtime="20230922 13:22:05.885"/>
</kw>
<status status="PASS" starttime="20230922 13:22:05.885" endtime="20230922 13:22:05.885"/>
</branch>
<branch type="ELSE">
<kw name="Set Variable" library="BuiltIn">
<var>${visible}</var>
<arg>False</arg>
<doc>Returns the given values which can then be assigned to a variables.</doc>
<status status="NOT RUN" starttime="20230922 13:22:05.886" endtime="20230922 13:22:05.886"/>
</kw>
<status status="NOT RUN" starttime="20230922 13:22:05.885" endtime="20230922 13:22:05.886"/>
</branch>
<status status="PASS" starttime="20230922 13:22:05.885" endtime="20230922 13:22:05.886"/>
</if>
<status status="PASS" starttime="20230922 13:22:05.824" endtime="20230922 13:22:05.886"/>
</branch>
<branch type="EXCEPT">
<kw name="Set Variable" library="BuiltIn">
<var>${visible}</var>
<arg>False</arg>
<doc>Returns the given values which can then be assigned to a variables.</doc>
<status status="NOT RUN" starttime="20230922 13:22:05.886" endtime="20230922 13:22:05.886"/>
</kw>
<status status="NOT RUN" starttime="20230922 13:22:05.886" endtime="20230922 13:22:05.886"/>
</branch>
<status status="PASS" starttime="20230922 13:22:05.824" endtime="20230922 13:22:05.886"/>
</try>
<kw name="Set Browser Timeout" library="Browser">
<arg>${timeout}</arg>
<tag>Config</tag>
<tag>Setter</tag>
<doc>Sets the timeout used by most input and getter keywords.</doc>
<msg timestamp="20230922 13:22:05.887" level="TRACE">Arguments: [ datetime.timedelta(seconds=90) ]</msg>
<msg timestamp="20230922 13:22:05.890" level="INFO">Set timeout to: 90000</msg>
<msg timestamp="20230922 13:22:05.890" level="TRACE">Return: '10 seconds'</msg>
<status status="PASS" starttime="20230922 13:22:05.886" endtime="20230922 13:22:05.890"/>
</kw>
<msg timestamp="20230922 13:22:05.890" level="TRACE">Return: 'True'</msg>
<msg timestamp="20230922 13:22:05.890" level="INFO">${cookieModalVisible} = True</msg>
<status status="PASS" starttime="20230922 13:22:05.820" endtime="20230922 13:22:05.890"/>
</kw>
<if>
<branch type="IF" condition="${cookieModalVisible}">
<kw name="Click" library="Browser">
<arg>id=CybotCookiebotDialogBodyLevelButtonLevelOptinAllowAll</arg>
<tag>PageContent</tag>
<tag>Setter</tag>
<doc>Simulates mouse click on the element found by ``selector``.</doc>
<msg timestamp="20230922 13:22:05.891" level="TRACE">Arguments: [ 'id=CybotCookiebotDialogBodyLevelButtonLevelOptinAllowAll' ]</msg>
<msg timestamp="20230922 13:22:05.891" level="DEBUG">Click options are: {"button": "left", "clickCount": 1, "force": false, "noWaitAfter": false, "trial": false}</msg>
<msg timestamp="20230922 13:22:05.988" level="DEBUG">Clicked element: 'id=CybotCookiebotDialogBodyLevelButtonLevelOptinAllowAll' with options: '{"button": "left", "clickCount": 1, "force": false, "noWaitAfter": false, "trial": false}' successfully.</msg>
<msg timestamp="20230922 13:22:05.988" level="TRACE">Return: None</msg>
<status status="PASS" starttime="20230922 13:22:05.890" endtime="20230922 13:22:05.988"/>
</kw>
<status status="PASS" starttime="20230922 13:22:05.890" endtime="20230922 13:22:05.989"/>
</branch>
<branch type="ELSE">
<kw name="Log" library="BuiltIn">
<arg>No Cookie Modal Visible</arg>
<doc>Logs the given message with the given level.</doc>
<status status="NOT RUN" starttime="20230922 13:22:05.989" endtime="20230922 13:22:05.989"/>
</kw>
<status status="NOT RUN" starttime="20230922 13:22:05.989" endtime="20230922 13:22:05.989"/>
</branch>
<status status="PASS" starttime="20230922 13:22:05.890" endtime="20230922 13:22:05.989"/>
</if>
<msg timestamp="20230922 13:22:05.989" level="TRACE">Return: None</msg>
<status status="PASS" starttime="20230922 13:22:05.820" endtime="20230922 13:22:05.989"/>
</kw>
<kw name="Set Environment" library="common">
<msg timestamp="20230922 13:22:05.990" level="TRACE">Arguments: [  ]</msg>
<kw name="Get Url" library="Browser">
<var>${currentUrl}</var>
<tag>Assertion</tag>
<tag>Getter</tag>
<tag>PageContent</tag>
<doc>Returns the current URL.</doc>
<msg timestamp="20230922 13:22:05.990" level="TRACE">Arguments: [  ]</msg>
<msg timestamp="20230922 13:22:05.992" level="DEBUG">https://test3.omenahotels.com/en/</msg>
<msg timestamp="20230922 13:22:05.992" level="TRACE">Return: 'https://test3.omenahotels.com/en/'</msg>
<msg timestamp="20230922 13:22:05.992" level="INFO">${currentUrl} = https://test3.omenahotels.com/en/</msg>
<status status="PASS" starttime="20230922 13:22:05.990" endtime="20230922 13:22:05.992"/>
</kw>
<kw name="Get Environment From Url" library="Helpers">
<var>${env}</var>
<arg>${currentUrl}</arg>
<msg timestamp="20230922 13:22:05.993" level="TRACE">Arguments: [ 'https://test3.omenahotels.com/en/' ]</msg>
<msg timestamp="20230922 13:22:05.993" level="TRACE">Return: 'test-omena'</msg>
<msg timestamp="20230922 13:22:05.993" level="INFO">${env} = test-omena</msg>
<status status="PASS" starttime="20230922 13:22:05.993" endtime="20230922 13:22:05.993"/>
</kw>
<kw name="Set Variable" library="BuiltIn">
<arg>${environment}</arg>
<arg>${env}</arg>
<doc>Returns the given values which can then be assigned to a variables.</doc>
<msg timestamp="20230922 13:22:05.993" level="TRACE">Arguments: [ '' | 'test-omena' ]</msg>
<msg timestamp="20230922 13:22:05.993" level="TRACE">Return: ['', 'test-omena']</msg>
<status status="PASS" starttime="20230922 13:22:05.993" endtime="20230922 13:22:05.993"/>
</kw>
<msg timestamp="20230922 13:22:05.993" level="TRACE">Return: None</msg>
<status status="PASS" starttime="20230922 13:22:05.990" endtime="20230922 13:22:05.993"/>
</kw>
<msg timestamp="20230922 13:22:05.994" level="TRACE">Return: None</msg>
<status status="PASS" starttime="20230922 13:21:58.994" endtime="20230922 13:22:05.994"/>
</kw>
<test id="s1-s1-s1-s1-s1-t1" name="Select Hotel, Dates and Guests" line="14">
<kw name="Select Hotel" library="booking">
<arg>Helsinki, Lönnrotinkatu</arg>
<doc>Select Hotel by using a number as an argument, default Lönnrotinkatu</doc>
<msg timestamp="20230922 13:22:05.995" level="TRACE">Arguments: [ ${hotel}='Helsinki, Lönnrotinkatu' ]</msg>
<if>
<branch type="IF" condition="&quot;${environment}&quot; == &quot;test-exhibition&quot;">
<kw name="Log" library="BuiltIn">
<arg>No hotel to be selected</arg>
<doc>Logs the given message with the given level.</doc>
<status status="NOT RUN" starttime="20230922 13:22:05.995" endtime="20230922 13:22:05.995"/>
</kw>
<status status="NOT RUN" starttime="20230922 13:22:05.995" endtime="20230922 13:22:05.995"/>
</branch>
<branch type="ELSE">
<kw name="Log" library="BuiltIn">
<arg>Selecting Hotel: ${hotel}</arg>
<doc>Logs the given message with the given level.</doc>
<msg timestamp="20230922 13:22:05.996" level="TRACE">Arguments: [ 'Selecting Hotel: Helsinki, Lönnrotinkatu' ]</msg>
<msg timestamp="20230922 13:22:05.996" level="INFO">Selecting Hotel: Helsinki, Lönnrotinkatu</msg>
<msg timestamp="20230922 13:22:05.996" level="TRACE">Return: None</msg>
<status status="PASS" starttime="20230922 13:22:05.995" endtime="20230922 13:22:05.996"/>
</kw>
<kw name="Click" library="Browser">
<arg>//div[contains(@data-nelson-btn, "hotels")]</arg>
<tag>PageContent</tag>
<tag>Setter</tag>
<doc>Simulates mouse click on the element found by ``selector``.</doc>
<msg timestamp="20230922 13:22:05.996" level="TRACE">Arguments: [ '//div[contains(@data-nelson-btn, "hotels")]' ]</msg>
<msg timestamp="20230922 13:22:05.997" level="DEBUG">Click options are: {"button": "left", "clickCount": 1, "force": false, "noWaitAfter": false, "trial": false}</msg>
<msg timestamp="20230922 13:22:06.185" level="DEBUG">Clicked element: '//div[contains(@data-nelson-btn, "hotels")]' with options: '{"button": "left", "clickCount": 1, "force": false, "noWaitAfter": false, "trial": false}' successfully.</msg>
<msg timestamp="20230922 13:22:06.185" level="TRACE">Return: None</msg>
<status status="PASS" starttime="20230922 13:22:05.996" endtime="20230922 13:22:06.185"/>
</kw>
<kw name="Wait Until Visible" library="common">
<arg>//a[contains(@class, 'dropdown-item') and contains(text(), '${hotel}')]</arg>
<doc>An easier keyword for waiting until an element is visible</doc>
<msg timestamp="20230922 13:22:06.186" level="TRACE">Arguments: [ ${element}="//a[contains(@class, 'dropdown-item') and contains(text(), 'Helsinki, Lönnrotinkatu')]" ]</msg>
<kw name="Wait For Elements State" library="Browser">
<arg>${element}</arg>
<arg>visible</arg>
<arg>timeout=${timeout}</arg>
<tag>PageContent</tag>
<tag>Wait</tag>
<doc>Waits for the element found by ``selector`` to satisfy state option.</doc>
<msg timestamp="20230922 13:22:06.187" level="TRACE">Arguments: [ "//a[contains(@class, 'dropdown-item') and contains(text(), 'Helsinki, Lönnrotinkatu')]" | &lt;ElementState.visible: 4&gt; | timeout=datetime.timedelta(seconds=90) ]</msg>
<msg timestamp="20230922 13:22:06.222" level="INFO">Waited for Element with selector //a[contains(@class, 'dropdown-item') and contains(text(), 'Helsinki, Lönnrotinkatu')] at state visible</msg>
<msg timestamp="20230922 13:22:06.222" level="TRACE">Return: None</msg>
<status status="PASS" starttime="20230922 13:22:06.186" endtime="20230922 13:22:06.222"/>
</kw>
<msg timestamp="20230922 13:22:06.222" level="TRACE">Return: None</msg>
<status status="PASS" starttime="20230922 13:22:06.186" endtime="20230922 13:22:06.222"/>
</kw>
<kw name="Click" library="Browser">
<arg>//a[contains(@class, 'dropdown-item') and contains(text(), '${hotel}')]</arg>
<tag>PageContent</tag>
<tag>Setter</tag>
<doc>Simulates mouse click on the element found by ``selector``.</doc>
<msg timestamp="20230922 13:22:06.223" level="TRACE">Arguments: [ "//a[contains(@class, 'dropdown-item') and contains(text(), 'Helsinki, Lönnrotinkatu')]" ]</msg>
<msg timestamp="20230922 13:22:06.223" level="DEBUG">Click options are: {"button": "left", "clickCount": 1, "force": false, "noWaitAfter": false, "trial": false}</msg>
<msg timestamp="20230922 13:22:06.375" level="DEBUG">Clicked element: '//a[contains(@class, 'dropdown-item') and contains(text(), 'Helsinki, Lönnrotinkatu')]' with options: '{"button": "left", "clickCount": 1, "force": false, "noWaitAfter": false, "trial": false}' successfully.</msg>
<msg timestamp="20230922 13:22:06.376" level="TRACE">Return: None</msg>
<status status="PASS" starttime="20230922 13:22:06.222" endtime="20230922 13:22:06.376"/>
</kw>
<kw name="Wait For Elements State" library="Browser">
<arg>//a[contains(@class, 'dropdown-item') and contains(text(), '${hotel}')]</arg>
<arg>hidden</arg>
<arg>timeout=3s</arg>
<tag>PageContent</tag>
<tag>Wait</tag>
<doc>Waits for the element found by ``selector`` to satisfy state option.</doc>
<msg timestamp="20230922 13:22:06.377" level="TRACE">Arguments: [ "//a[contains(@class, 'dropdown-item') and contains(text(), 'Helsinki, Lönnrotinkatu')]" | &lt;ElementState.hidden: 8&gt; | timeout=datetime.timedelta(seconds=3) ]</msg>
<msg timestamp="20230922 13:22:07.412" level="INFO">Waited for Element with selector //a[contains(@class, 'dropdown-item') and contains(text(), 'Helsinki, Lönnrotinkatu')] at state hidden</msg>
<msg timestamp="20230922 13:22:07.412" level="TRACE">Return: None</msg>
<status status="PASS" starttime="20230922 13:22:06.376" endtime="20230922 13:22:07.412"/>
</kw>
<status status="PASS" starttime="20230922 13:22:05.995" endtime="20230922 13:22:07.412"/>
</branch>
<status status="PASS" starttime="20230922 13:22:05.995" endtime="20230922 13:22:07.412"/>
</if>
<msg timestamp="20230922 13:22:07.412" level="TRACE">Return: None</msg>
<status status="PASS" starttime="20230922 13:22:05.994" endtime="20230922 13:22:07.412"/>
</kw>
<kw name="Select Dates" library="booking">
<msg timestamp="20230922 13:22:07.413" level="TRACE">Arguments: [  ]</msg>
<kw name="Log" library="BuiltIn">
<arg>${EMPTY}</arg>
<doc>Logs the given message with the given level.</doc>
<msg timestamp="20230922 13:22:07.415" level="TRACE">Arguments: [ '' ]</msg>
<msg timestamp="20230922 13:22:07.415" level="INFO"/>
<msg timestamp="20230922 13:22:07.415" level="TRACE">Return: None</msg>
<status status="PASS" starttime="20230922 13:22:07.413" endtime="20230922 13:22:07.415"/>
</kw>
<msg timestamp="20230922 13:22:07.415" level="TRACE">Return: None</msg>
<status status="PASS" starttime="20230922 13:22:07.413" endtime="20230922 13:22:07.415"/>
</kw>
<kw name="Select Guests" library="booking">
<doc>Selects the number of guests for the booking, current implementation will only check the dropdown</doc>
<msg timestamp="20230922 13:22:07.418" level="TRACE">Arguments: [ ${rooms}='1' | ${persons}='1' | ${children}='0' ]</msg>
<kw name="Log To Console" library="BuiltIn">
<arg>${EMPTY}</arg>
<doc>Logs the given message to the console.</doc>
<msg timestamp="20230922 13:22:07.419" level="TRACE">Arguments: [ '' ]</msg>
<msg timestamp="20230922 13:22:07.419" level="TRACE">Return: None</msg>
<status status="PASS" starttime="20230922 13:22:07.418" endtime="20230922 13:22:07.419"/>
</kw>
<msg timestamp="20230922 13:22:07.419" level="TRACE">Return: None</msg>
<status status="PASS" starttime="20230922 13:22:07.417" endtime="20230922 13:22:07.420"/>
</kw>
<tag>smoke, booking, BUI2-556, online-checkin</tag>
<status status="PASS" starttime="20230922 13:22:05.994" endtime="20230922 13:22:07.420"/>
</test>
<test id="s1-s1-s1-s1-s1-t2" name="Check Available Rooms and Select a Standard Room" line="19">
<kw name="Click Book or Find Rooms Button" library="booking">
<msg timestamp="20230922 13:22:07.428" level="TRACE">Arguments: [  ]</msg>
<kw name="Get Url" library="Browser">
<var>${url}</var>
<tag>Assertion</tag>
<tag>Getter</tag>
<tag>PageContent</tag>
<doc>Returns the current URL.</doc>
<msg timestamp="20230922 13:22:07.428" level="TRACE">Arguments: [  ]</msg>
<msg timestamp="20230922 13:22:07.435" level="DEBUG">https://test3.omenahotels.com/en/#</msg>
<msg timestamp="20230922 13:22:07.435" level="TRACE">Return: 'https://test3.omenahotels.com/en/#'</msg>
<msg timestamp="20230922 13:22:07.435" level="INFO">${url} = https://test3.omenahotels.com/en/#</msg>
<status status="PASS" starttime="20230922 13:22:07.428" endtime="20230922 13:22:07.435"/>
</kw>
<kw name="Check If String Contains" library="common">
<var>${booking}</var>
<arg>${url}</arg>
<arg>/booking/</arg>
<msg timestamp="20230922 13:22:07.436" level="TRACE">Arguments: [ ${string}='https://test3.omenahotels.com/en/#' | ${substring}='/booking/' ]</msg>
<kw name="Check If String Contains Substring" library="Helpers">
<var>${contains}</var>
<arg>${string}</arg>
<arg>${substring}</arg>
<msg timestamp="20230922 13:22:07.436" level="TRACE">Arguments: [ 'https://test3.omenahotels.com/en/#' | '/booking/' ]</msg>
<msg timestamp="20230922 13:22:07.436" level="TRACE">Return: False</msg>
<msg timestamp="20230922 13:22:07.436" level="INFO">${contains} = False</msg>
<status status="PASS" starttime="20230922 13:22:07.436" endtime="20230922 13:22:07.437"/>
</kw>
<msg timestamp="20230922 13:22:07.437" level="TRACE">Return: False</msg>
<msg timestamp="20230922 13:22:07.437" level="INFO">${booking} = False</msg>
<status status="PASS" starttime="20230922 13:22:07.435" endtime="20230922 13:22:07.437"/>
</kw>
<if>
<branch type="IF" condition="${booking} == True">
<kw name="Click" library="Browser">
<arg>//button[contains(@class, 'booking-form-button') and contains(text(), 'Find rooms')]</arg>
<tag>PageContent</tag>
<tag>Setter</tag>
<doc>Simulates mouse click on the element found by ``selector``.</doc>
<status status="NOT RUN" starttime="20230922 13:22:07.438" endtime="20230922 13:22:07.439"/>
</kw>
<status status="NOT RUN" starttime="20230922 13:22:07.437" endtime="20230922 13:22:07.439"/>
</branch>
<branch type="ELSE">
<kw name="Click" library="Browser">
<arg>//button[contains(@class, 'booking-form-button') and contains(text(), 'Book')]</arg>
<tag>PageContent</tag>
<tag>Setter</tag>
<doc>Simulates mouse click on the element found by ``selector``.</doc>
<msg timestamp="20230922 13:22:07.440" level="TRACE">Arguments: [ "//button[contains(@class, 'booking-form-button') and contains(text(), 'Book')]" ]</msg>
<msg timestamp="20230922 13:22:07.442" level="DEBUG">Click options are: {"button": "left", "clickCount": 1, "force": false, "noWaitAfter": false, "trial": false}</msg>
<msg timestamp="20230922 13:22:07.839" level="DEBUG">Clicked element: '//button[contains(@class, 'booking-form-button') and contains(text(), 'Book')]' with options: '{"button": "left", "clickCount": 1, "force": false, "noWaitAfter": false, "trial": false}' successfully.</msg>
<msg timestamp="20230922 13:22:07.839" level="TRACE">Return: None</msg>
<status status="PASS" starttime="20230922 13:22:07.440" endtime="20230922 13:22:07.839"/>
</kw>
<status status="PASS" starttime="20230922 13:22:07.439" endtime="20230922 13:22:07.839"/>
</branch>
<status status="PASS" starttime="20230922 13:22:07.437" endtime="20230922 13:22:07.839"/>
</if>
<msg timestamp="20230922 13:22:07.839" level="TRACE">Return: None</msg>
<status status="PASS" starttime="20230922 13:22:07.428" endtime="20230922 13:22:07.839"/>
</kw>
<kw name="Select a Standard Room" library="booking">
<msg timestamp="20230922 13:22:07.840" level="TRACE">Arguments: [  ]</msg>
<kw name="Wait Until Visible" library="common">
<arg>${btnExtras}</arg>
<doc>An easier keyword for waiting until an element is visible</doc>
<msg timestamp="20230922 13:22:07.840" level="TRACE">Arguments: [ ${element}='(//div[contains(@view,"booking")]//button[contains(text(), "Continue to extras")])[1]' ]</msg>
<kw name="Wait For Elements State" library="Browser">
<arg>${element}</arg>
<arg>visible</arg>
<arg>timeout=${timeout}</arg>
<tag>PageContent</tag>
<tag>Wait</tag>
<doc>Waits for the element found by ``selector`` to satisfy state option.</doc>
<msg timestamp="20230922 13:22:07.841" level="TRACE">Arguments: [ '(//div[contains(@view,"booking")]//button[contains(text(), "Continue to extras")])[1]' | &lt;ElementState.visible: 4&gt; | timeout=datetime.timedelta(seconds=90) ]</msg>
<msg timestamp="20230922 13:22:11.068" level="INFO">Waited for Element with selector (//div[contains(@view,"booking")]//button[contains(text(), "Continue to extras")])[1] at state visible</msg>
<msg timestamp="20230922 13:22:11.068" level="TRACE">Return: None</msg>
<status status="PASS" starttime="20230922 13:22:07.840" endtime="20230922 13:22:11.068"/>
</kw>
<msg timestamp="20230922 13:22:11.069" level="TRACE">Return: None</msg>
<status status="PASS" starttime="20230922 13:22:07.840" endtime="20230922 13:22:11.069"/>
</kw>
<kw name="Get Element States" library="Browser">
<var>${visible}</var>
<arg>//div[contains(text(), 'Select room')]</arg>
<arg>then</arg>
<arg>bool(value &amp; visible)</arg>
<tag>Assertion</tag>
<tag>Getter</tag>
<tag>PageContent</tag>
<doc>Get the active states from the element found by ``selector``.</doc>
<msg timestamp="20230922 13:22:11.070" level="TRACE">Arguments: [ "//div[contains(text(), 'Select room')]" | &lt;AssertionOperator.then: 'then'&gt; | 'bool(value &amp; visible)' ]</msg>
<msg timestamp="20230922 13:22:11.332" level="DEBUG">States: 2</msg>
<msg timestamp="20230922 13:22:11.332" level="DEBUG">Assertion polling statistics:
First element asserted in: 0.26227617263793945 seconds
Total tries: 1
Elapsed time in retries 0.0 seconds</msg>
<msg timestamp="20230922 13:22:11.332" level="TRACE">Return: False</msg>
<msg timestamp="20230922 13:22:11.332" level="INFO">${visible} = False</msg>
<status status="PASS" starttime="20230922 13:22:11.069" endtime="20230922 13:22:11.332"/>
</kw>
<kw name="Run Keyword If" library="BuiltIn">
<arg>${visible}</arg>
<arg>Select Standard and Remove Other Room Selection</arg>
<doc>Runs the given keyword with the given arguments, if ``condition`` is true.</doc>
<msg timestamp="20230922 13:22:11.333" level="TRACE">Arguments: [ False | 'Select Standard and Remove Other Room Selection' ]</msg>
<msg timestamp="20230922 13:22:11.333" level="TRACE">Return: None</msg>
<status status="PASS" starttime="20230922 13:22:11.333" endtime="20230922 13:22:11.333"/>
</kw>
<msg timestamp="20230922 13:22:11.333" level="TRACE">Return: None</msg>
<status status="PASS" starttime="20230922 13:22:07.840" endtime="20230922 13:22:11.333"/>
</kw>
<tag>smoke, booking, BUI2-556, online-checkin</tag>
<status status="PASS" starttime="20230922 13:22:07.427" endtime="20230922 13:22:11.333"/>
</test>
<test id="s1-s1-s1-s1-s1-t3" name="Continue to Extras and Select Join for Free" line="23">
<kw name="Click Continue to Extras Button" library="booking">
<doc>Clicks the continue to extras button</doc>
<msg timestamp="20230922 13:22:11.341" level="TRACE">Arguments: [  ]</msg>
<kw name="Click" library="Browser">
<arg>${btnExtras}</arg>
<tag>PageContent</tag>
<tag>Setter</tag>
<doc>Simulates mouse click on the element found by ``selector``.</doc>
<msg timestamp="20230922 13:22:11.341" level="TRACE">Arguments: [ '(//div[contains(@view,"booking")]//button[contains(text(), "Continue to extras")])[1]' ]</msg>
<msg timestamp="20230922 13:22:11.342" level="DEBUG">Click options are: {"button": "left", "clickCount": 1, "force": false, "noWaitAfter": false, "trial": false}</msg>
<msg timestamp="20230922 13:23:41.527" level="DEBUG">Screenshot successfully captured to: /home/runner/work/nelson-test-automation/nelson-test-automation/reports/test3/browser/screenshot/fail-screenshot-1.png</msg>
<msg timestamp="20230922 13:23:41.528" level="INFO" html="true">&lt;/td&gt;&lt;/tr&gt;&lt;tr&gt;&lt;td colspan="3"&gt;&lt;a href="browser/screenshot/fail-screenshot-1.png" target="_blank"&gt;&lt;img src="browser/screenshot/fail-screenshot-1.png" width="800px"/&gt;&lt;/a&gt;</msg>
<msg timestamp="20230922 13:23:41.528" level="INFO">See also file:///home/runner/work/nelson-test-automation/nelson-test-automation/reports/test3/playwright-log.txt for additional details.</msg>
<msg timestamp="20230922 13:23:41.528" level="FAIL">TimeoutError: locator.click: Timeout 90000ms exceeded.
=========================== logs ===========================
waiting for locator('xpath=(//div[contains(@view,"booking")]//button[contains(text(), "Continue to extras")])[1]')
  locator resolved to &lt;button disabled type="button" class="chakra-button css-…&gt;Continue to extras&lt;/button&gt;
attempting click action
  waiting for element to be visible, enabled and stable
    element is not enabled - waiting...
element was detached from the DOM, retrying
  locator resolved to &lt;button disabled type="button" class="chakra-button css-…&gt;Continue to extras&lt;/button&gt;
attempting click action
  waiting for element to be visible, enabled and stable
    element is not enabled - waiting...
element was detached from the DOM, retrying
  locator resolved to &lt;button disabled type="button" class="chakra-button css-…&gt;Continue to extras&lt;/button&gt;
attempting click action
  waiting for element to be visible, enabled and stable
    element is not enabled - waiting...
element was detached from the DOM, retrying
  locator resolved to &lt;button disabled type="button" class="chakra-button css-…&gt;Continue to extras&lt;/button&gt;
attempting click action
  waiting for element to be visible, enabled and stable
    element is not enabled - waiting...
============================================================
Tip: Use "Set Browser Timeout" for increasing the timeout or double check your locator as the targeted element(s) couldn't be found.</msg>
<msg timestamp="20230922 13:23:41.548" level="DEBUG">Traceback (most recent call last):
  File "/opt/hostedtoolcache/Python/3.11.5/x64/lib/python3.11/site-packages/Browser/playwright.py", line 158, in grpc_channel
    yield playwright_pb2_grpc.PlaywrightStub(self._channel)
  File "/opt/hostedtoolcache/Python/3.11.5/x64/lib/python3.11/site-packages/Browser/keywords/interaction.py", line 446, in click_with_options
    response = stub.Click(
               ^^^^^^^^^^^
  File "/opt/hostedtoolcache/Python/3.11.5/x64/lib/python3.11/site-packages/grpc/_channel.py", line 1161, in __call__
    return _end_unary_response_blocking(state, call, False, None)
           ^^^^^^^^^^^^^^^^^^^^^^^^^^^^^^^^^^^^^^^^^^^^^^^^^^^^^^
  File "/opt/hostedtoolcache/Python/3.11.5/x64/lib/python3.11/site-packages/grpc/_channel.py", line 1004, in _end_unary_response_blocking
    raise _InactiveRpcError(state)  # pytype: disable=not-instantiable
    ^^^^^^^^^^^^^^^^^^^^^^^^^^^^^^
grpc._channel._InactiveRpcError: &lt;_InactiveRpcError of RPC that terminated with:
	status = StatusCode.DEADLINE_EXCEEDED
	details = "TimeoutError: locator.click: Timeout 90000ms exceeded.
=========================== logs ===========================
waiting for locator('xpath=(//div[contains(@view,"booking")]//button[contains(text(), "Continue to extras")])[1]')
  locator resolved to &lt;button disabled type="button" class="chakra-button css-…&gt;Continue to extras&lt;/button&gt;
attempting click action
  waiting for element to be visible, enabled and stable
    element is not enabled - waiting...
element was detached from the DOM, retrying
  locator resolved to &lt;button disabled type="button" class="chakra-button css-…&gt;Continue to extras&lt;/button&gt;
attempting click action
  waiting for element to be visible, enabled and stable
    element is not enabled - waiting...
element was detached from the DOM, retrying
  locator resolved to &lt;button disabled type="button" class="chakra-button css-…&gt;Continue to extras&lt;/button&gt;
attempting click action
  waiting for element to be visible, enabled and stable
    element is not enabled - waiting...
element was detached from the DOM, retrying
  locator resolved to &lt;button disabled type="button" class="chakra-button css-…&gt;Continue to extras&lt;/button&gt;
attempting click action
  waiting for element to be visible, enabled and stable
    element is not enabled - waiting...
============================================================"
	debug_error_string = "UNKNOWN:Error received from peer  {grpc_message:"TimeoutError: locator.click: Timeout 90000ms exceeded.\n=========================== logs ===========================\nwaiting for locator(\'xpath=(//div[contains(@view,\"booking\")]//button[contains(text(), \"Continue to extras\")])[1]\')\n  locator resolved to &lt;button disabled type=\"button\" class=\"chakra-button css-\xe2\x80\xa6&gt;Continue to extras&lt;/button&gt;\nattempting click action\n  waiting for element to be visible, enabled and stable\n    element is not enabled - waiting...\nelement was detached from the DOM, retrying\n  locator resolved to &lt;button disabled type=\"button\" class=\"chakra-button css-\xe2\x80\xa6&gt;Continue to extras&lt;/button&gt;\nattempting click action\n  waiting for element to be visible, enabled and stable\n    element is not enabled - waiting...\nelement was detached from the DOM, retrying\n  locator resolved to &lt;button disabled type=\"button\" class=\"chakra-button css-\xe2\x80\xa6&gt;Continue to extras&lt;/button&gt;\nattempting click action\n  waiting for element to be visible, enabled and stable\n    element is not enabled - waiting...\nelement was detached from the DOM, retrying\n  locator resolved to &lt;button disabled type=\"button\" class=\"chakra-button css-\xe2\x80\xa6&gt;Continue to extras&lt;/button&gt;\nattempting click action\n  waiting for element to be visible, enabled and stable\n    element is not enabled - waiting...\n============================================================", grpc_status:4, created_time:"2023-09-22T13:23:41.356001871+00:00"}"
&gt;

During handling of the above exception, another exception occurred:

Traceback (most recent call last):
  File "/opt/hostedtoolcache/Python/3.11.5/x64/lib/python3.11/site-packages/Browser/browser.py", line 1095, in run_keyword
    raise e
  File "/opt/hostedtoolcache/Python/3.11.5/x64/lib/python3.11/site-packages/Browser/browser.py", line 1084, in run_keyword
    return DynamicCore.run_keyword(self, name, args, kwargs)
           ^^^^^^^^^^^^^^^^^^^^^^^^^^^^^^^^^^^^^^^^^^^^^^^^^
  File "/opt/hostedtoolcache/Python/3.11.5/x64/lib/python3.11/site-packages/robotlibcore.py", line 126, in run_keyword
    return self.keywords[name](*args, **(kwargs or {}))
           ^^^^^^^^^^^^^^^^^^^^^^^^^^^^^^^^^^^^^^^^^^^^
  File "/opt/hostedtoolcache/Python/3.11.5/x64/lib/python3.11/site-packages/Browser/keywords/interaction.py", line 366, in click
    self.click_with_options(
  File "/opt/hostedtoolcache/Python/3.11.5/x64/lib/python3.11/site-packages/Browser/keywords/interaction.py", line 428, in click_with_options
    with self.playwright.grpc_channel() as stub:
  File "/opt/hostedtoolcache/Python/3.11.5/x64/lib/python3.11/contextlib.py", line 155, in __exit__
    self.gen.throw(typ, value, traceback)
  File "/opt/hostedtoolcache/Python/3.11.5/x64/lib/python3.11/site-packages/Browser/playwright.py", line 162, in grpc_channel
    raise AssertionError(error.details())
AssertionError: TimeoutError: locator.click: Timeout 90000ms exceeded.
=========================== logs ===========================
waiting for locator('xpath=(//div[contains(@view,"booking")]//button[contains(text(), "Continue to extras")])[1]')
  locator resolved to &lt;button disabled type="button" class="chakra-button css-…&gt;Continue to extras&lt;/button&gt;
attempting click action
  waiting for element to be visible, enabled and stable
    element is not enabled - waiting...
element was detached from the DOM, retrying
  locator resolved to &lt;button disabled type="button" class="chakra-button css-…&gt;Continue to extras&lt;/button&gt;
attempting click action
  waiting for element to be visible, enabled and stable
    element is not enabled - waiting...
element was detached from the DOM, retrying
  locator resolved to &lt;button disabled type="button" class="chakra-button css-…&gt;Continue to extras&lt;/button&gt;
attempting click action
  waiting for element to be visible, enabled and stable
    element is not enabled - waiting...
element was detached from the DOM, retrying
  locator resolved to &lt;button disabled type="button" class="chakra-button css-…&gt;Continue to extras&lt;/button&gt;
attempting click action
  waiting for element to be visible, enabled and stable
    element is not enabled - waiting...
============================================================
Tip: Use "Set Browser Timeout" for increasing the timeout or double check your locator as the targeted element(s) couldn't be found.</msg>
<status status="FAIL" starttime="20230922 13:22:11.341" endtime="20230922 13:23:41.548"/>
</kw>
<kw name="Wait Until Visible" library="common">
<arg>${btnPayment}</arg>
<doc>An easier keyword for waiting until an element is visible</doc>
<status status="NOT RUN" starttime="20230922 13:23:41.549" endtime="20230922 13:23:41.549"/>
</kw>
<status status="FAIL" starttime="20230922 13:22:11.340" endtime="20230922 13:23:41.549"/>
</kw>
<kw name="Continue to Payment" library="booking">
<status status="NOT RUN" starttime="20230922 13:23:41.549" endtime="20230922 13:23:41.549"/>
</kw>
<kw name="Select Join for Free" library="booking">
<status status="NOT RUN" starttime="20230922 13:23:41.549" endtime="20230922 13:23:41.549"/>
</kw>
<tag>smoke, booking, BUI2-556, online-checkin</tag>
<status status="FAIL" starttime="20230922 13:22:11.340" endtime="20230922 13:23:41.550">TimeoutError: locator.click: Timeout 90000ms exceeded.
=========================== logs ===========================
waiting for locator('xpath=(//div[contains(@view,"booking")]//button[contains(text(), "Continue to extras")])[1]')
  locator resolved to &lt;button disabled type="button" class="chakra-button css-…&gt;Continue to extras&lt;/button&gt;
attempting click action
  waiting for element to be visible, enabled and stable
    element is not enabled - waiting...
element was detached from the DOM, retrying
  locator resolved to &lt;button disabled type="button" class="chakra-button css-…&gt;Continue to extras&lt;/button&gt;
attempting click action
  waiting for element to be visible, enabled and stable
    element is not enabled - waiting...
element was detached from the DOM, retrying
  locator resolved to &lt;button disabled type="button" class="chakra-button css-…&gt;Continue to extras&lt;/button&gt;
attempting click action
  waiting for element to be visible, enabled and stable
    element is not enabled - waiting...
element was detached from the DOM, retrying
  locator resolved to &lt;button disabled type="button" class="chakra-button css-…&gt;Continue to extras&lt;/button&gt;
attempting click action
  waiting for element to be visible, enabled and stable
    element is not enabled - waiting...
============================================================
Tip: Use "Set Browser Timeout" for increasing the timeout or double check your locator as the targeted element(s) couldn't be found.</status>
</test>
<test id="s1-s1-s1-s1-s1-t4" name="Fill in Booker Contact Information" line="28">
<kw name="Fill in Contact Information" library="booking">
<doc>Fills in Contact information that can be given as arguments or use default values
Uses a password if the environment is bui and</doc>
<msg timestamp="20230922 13:23:41.558" level="TRACE">Arguments: [ ${firstName}='Mos' | ${lastName}='Def' | ${phone}='040123942' | ${ssn}='170479-371J' | ${env}='bui' ]</msg>
<kw name="Create Email and Return Inbox" library="common">
<var>${inbox}</var>
<doc>Creates a new email address and returns the inbox object</doc>
<msg timestamp="20230922 13:23:41.559" level="TRACE">Arguments: [  ]</msg>
<kw name="Create new Inbox" library="MailSlurp">
<var>${inbox}</var>
<msg timestamp="20230922 13:23:41.559" level="TRACE">Arguments: [  ]</msg>
<msg timestamp="20230922 13:23:42.027" level="INFO">Debug Config
&lt;mailslurp_client.configuration.Configuration object at 0x7f6cd97c03d0&gt;
{'created_at': datetime.datetime(2023, 9, 22, 13, 23, 41, 984000, tzinfo=tzlocal()),
 'description': None,
 'domain_id': None,
 'email_address': 'fa3192bd-12c5-4164-8d00-982e261b476b@mailslurp.com',
 'expires_at': None,
 'favourite': False,
 'id': 'fa3192bd-12c5-4164-8d00-982e261b476b',
 'inbox_type': 'HTTP_INBOX',
 'name': None,
 'read_only': False,
 'tags': None,
 'user_id': 'a2f48756-8279-471d-bb55-980a32334d37',
 'virtual_inbox': False}
&lt;MailSlurp.MailSlurp object at 0x7f6cd96d6250&gt;</msg>
<msg timestamp="20230922 13:23:42.027" level="TRACE">Return: {'created_at': datetime.datetime(2023, 9, 22, 13, 23, 41, 984000, tzinfo=tzlocal()),
 'description': None,
 'domain_id': None,
 'email_address': 'fa3192bd-12c5-4164-8d00-982e261b476b@mailslurp.com',
 'expires_at': None,
 'favourite': False,
 'id': 'fa3192bd-12c5-4164-8d00-982e261b476b',
 'inbox_type': 'HTTP_INBOX',
 'name': None,
 'read_only': False,
 'tags': None,
 'user_id': 'a2f48756-8279-471d-bb55-980a32334d37',
 'virtual_inbox': False}</msg>
<msg timestamp="20230922 13:23:42.027" level="INFO">${inbox} = {'created_at': datetime.datetime(2023, 9, 22, 13, 23, 41, 984000, tzinfo=tzlocal()),
 'description': None,
 'domain_id': None,
 'email_address': 'fa3192bd-12c5-4164-8d00-982e261b476b@mailslurp.com',
 ...</msg>
<status status="PASS" starttime="20230922 13:23:41.559" endtime="20230922 13:23:42.027"/>
</kw>
<kw name="Log To Console" library="BuiltIn">
<arg>${inbox.id}</arg>
<doc>Logs the given message to the console.</doc>
<msg timestamp="20230922 13:23:42.029" level="TRACE">Arguments: [ 'fa3192bd-12c5-4164-8d00-982e261b476b' ]</msg>
<msg timestamp="20230922 13:23:42.029" level="TRACE">Return: None</msg>
<status status="PASS" starttime="20230922 13:23:42.028" endtime="20230922 13:23:42.029"/>
</kw>
<msg timestamp="20230922 13:23:42.029" level="TRACE">Return: {'created_at': datetime.datetime(2023, 9, 22, 13, 23, 41, 984000, tzinfo=tzlocal()),
 'description': None,
 'domain_id': None,
 'email_address': 'fa3192bd-12c5-4164-8d00-982e261b476b@mailslurp.com',
 'expires_at': None,
 'favourite': False,
 'id': 'fa3192bd-12c5-4164-8d00-982e261b476b',
 'inbox_type': 'HTTP_INBOX',
 'name': None,
 'read_only': False,
 'tags': None,
 'user_id': 'a2f48756-8279-471d-bb55-980a32334d37',
 'virtual_inbox': False}</msg>
<msg timestamp="20230922 13:23:42.029" level="INFO">${inbox} = {'created_at': datetime.datetime(2023, 9, 22, 13, 23, 41, 984000, tzinfo=tzlocal()),
 'description': None,
 'domain_id': None,
 'email_address': 'fa3192bd-12c5-4164-8d00-982e261b476b@mailslurp.com',
 ...</msg>
<status status="PASS" starttime="20230922 13:23:41.559" endtime="20230922 13:23:42.029"/>
</kw>
<kw name="Click and Fill" library="common">
<arg>id=firstName</arg>
<arg>${firstName}</arg>
<doc>A keyword combination of Click and Fill Text since most of the form fields need a click</doc>
<msg timestamp="20230922 13:23:42.030" level="TRACE">Arguments: [ ${selector}='id=firstName' | ${text}='Mos' ]</msg>
<kw name="Click" library="Browser">
<arg>${selector}</arg>
<tag>PageContent</tag>
<tag>Setter</tag>
<doc>Simulates mouse click on the element found by ``selector``.</doc>
<msg timestamp="20230922 13:23:42.030" level="TRACE">Arguments: [ 'id=firstName' ]</msg>
<msg timestamp="20230922 13:23:42.031" level="DEBUG">Click options are: {"button": "left", "clickCount": 1, "force": false, "noWaitAfter": false, "trial": false}</msg>
<msg timestamp="20230922 13:25:12.192" level="DEBUG">Screenshot successfully captured to: /home/runner/work/nelson-test-automation/nelson-test-automation/reports/test3/browser/screenshot/fail-screenshot-2.png</msg>
<msg timestamp="20230922 13:25:12.192" level="INFO" html="true">&lt;/td&gt;&lt;/tr&gt;&lt;tr&gt;&lt;td colspan="3"&gt;&lt;a href="browser/screenshot/fail-screenshot-2.png" target="_blank"&gt;&lt;img src="browser/screenshot/fail-screenshot-2.png" width="800px"/&gt;&lt;/a&gt;</msg>
<msg timestamp="20230922 13:25:12.193" level="INFO">See also file:///home/runner/work/nelson-test-automation/nelson-test-automation/reports/test3/playwright-log.txt for additional details.</msg>
<msg timestamp="20230922 13:25:12.193" level="FAIL">TimeoutError: locator.click: Timeout 90000ms exceeded.
=========================== logs ===========================
waiting for locator('id=firstName')
============================================================
Tip: Use "Set Browser Timeout" for increasing the timeout or double check your locator as the targeted element(s) couldn't be found.</msg>
<msg timestamp="20230922 13:25:12.194" level="DEBUG">Traceback (most recent call last):
  File "/opt/hostedtoolcache/Python/3.11.5/x64/lib/python3.11/site-packages/Browser/playwright.py", line 158, in grpc_channel
    yield playwright_pb2_grpc.PlaywrightStub(self._channel)
  File "/opt/hostedtoolcache/Python/3.11.5/x64/lib/python3.11/site-packages/Browser/keywords/interaction.py", line 446, in click_with_options
    response = stub.Click(
               ^^^^^^^^^^^
  File "/opt/hostedtoolcache/Python/3.11.5/x64/lib/python3.11/site-packages/grpc/_channel.py", line 1161, in __call__
    return _end_unary_response_blocking(state, call, False, None)
           ^^^^^^^^^^^^^^^^^^^^^^^^^^^^^^^^^^^^^^^^^^^^^^^^^^^^^^
  File "/opt/hostedtoolcache/Python/3.11.5/x64/lib/python3.11/site-packages/grpc/_channel.py", line 1004, in _end_unary_response_blocking
    raise _InactiveRpcError(state)  # pytype: disable=not-instantiable
    ^^^^^^^^^^^^^^^^^^^^^^^^^^^^^^
grpc._channel._InactiveRpcError: &lt;_InactiveRpcError of RPC that terminated with:
	status = StatusCode.DEADLINE_EXCEEDED
	details = "TimeoutError: locator.click: Timeout 90000ms exceeded.
=========================== logs ===========================
waiting for locator('id=firstName')
============================================================"
	debug_error_string = "UNKNOWN:Error received from peer  {grpc_message:"TimeoutError: locator.click: Timeout 90000ms exceeded.\n=========================== logs ===========================\nwaiting for locator(\'id=firstName\')\n============================================================", grpc_status:4, created_time:"2023-09-22T13:25:12.034422476+00:00"}"
&gt;

During handling of the above exception, another exception occurred:

Traceback (most recent call last):
  File "/opt/hostedtoolcache/Python/3.11.5/x64/lib/python3.11/site-packages/Browser/browser.py", line 1095, in run_keyword
    raise e
  File "/opt/hostedtoolcache/Python/3.11.5/x64/lib/python3.11/site-packages/Browser/browser.py", line 1084, in run_keyword
    return DynamicCore.run_keyword(self, name, args, kwargs)
           ^^^^^^^^^^^^^^^^^^^^^^^^^^^^^^^^^^^^^^^^^^^^^^^^^
  File "/opt/hostedtoolcache/Python/3.11.5/x64/lib/python3.11/site-packages/robotlibcore.py", line 126, in run_keyword
    return self.keywords[name](*args, **(kwargs or {}))
           ^^^^^^^^^^^^^^^^^^^^^^^^^^^^^^^^^^^^^^^^^^^^
  File "/opt/hostedtoolcache/Python/3.11.5/x64/lib/python3.11/site-packages/Browser/keywords/interaction.py", line 366, in click
    self.click_with_options(
  File "/opt/hostedtoolcache/Python/3.11.5/x64/lib/python3.11/site-packages/Browser/keywords/interaction.py", line 428, in click_with_options
    with self.playwright.grpc_channel() as stub:
  File "/opt/hostedtoolcache/Python/3.11.5/x64/lib/python3.11/contextlib.py", line 155, in __exit__
    self.gen.throw(typ, value, traceback)
  File "/opt/hostedtoolcache/Python/3.11.5/x64/lib/python3.11/site-packages/Browser/playwright.py", line 162, in grpc_channel
    raise AssertionError(error.details())
AssertionError: TimeoutError: locator.click: Timeout 90000ms exceeded.
=========================== logs ===========================
waiting for locator('id=firstName')
============================================================
Tip: Use "Set Browser Timeout" for increasing the timeout or double check your locator as the targeted element(s) couldn't be found.</msg>
<status status="FAIL" starttime="20230922 13:23:42.030" endtime="20230922 13:25:12.194"/>
</kw>
<kw name="Fill Text" library="Browser">
<arg>${selector}</arg>
<arg>${text}</arg>
<tag>PageContent</tag>
<tag>Setter</tag>
<doc>Clears and fills the given ``txt`` into the text field found by ``selector``.</doc>
<status status="NOT RUN" starttime="20230922 13:25:12.194" endtime="20230922 13:25:12.194"/>
</kw>
<status status="FAIL" starttime="20230922 13:23:42.030" endtime="20230922 13:25:12.194"/>
</kw>
<kw name="Click and Fill" library="common">
<arg>id=lastName</arg>
<arg>${lastName}</arg>
<doc>A keyword combination of Click and Fill Text since most of the form fields need a click</doc>
<status status="NOT RUN" starttime="20230922 13:25:12.195" endtime="20230922 13:25:12.195"/>
</kw>
<kw name="Click and Fill" library="common">
<arg>id=email</arg>
<arg>${inbox.email_address}</arg>
<doc>A keyword combination of Click and Fill Text since most of the form fields need a click</doc>
<status status="NOT RUN" starttime="20230922 13:25:12.195" endtime="20230922 13:25:12.195"/>
</kw>
<kw name="Click and Fill" library="common">
<arg>id=phoneNumber</arg>
<arg>${phone}</arg>
<doc>A keyword combination of Click and Fill Text since most of the form fields need a click</doc>
<status status="NOT RUN" starttime="20230922 13:25:12.195" endtime="20230922 13:25:12.195"/>
</kw>
<kw name="Log To Console" library="BuiltIn">
<arg>${inbox.id}</arg>
<doc>Logs the given message to the console.</doc>
<status status="NOT RUN" starttime="20230922 13:25:12.195" endtime="20230922 13:25:12.195"/>
</kw>
<kw name="Set Suite Variable" library="BuiltIn">
<arg>$ID</arg>
<arg>${inbox.id}</arg>
<doc>Makes a variable available everywhere within the scope of the current suite.</doc>
<status status="NOT RUN" starttime="20230922 13:25:12.195" endtime="20230922 13:25:12.195"/>
</kw>
<kw name="Get Element Count" library="Browser">
<var>${passwordVisible}</var>
<arg>id=password</arg>
<tag>Assertion</tag>
<tag>Getter</tag>
<tag>PageContent</tag>
<doc>Returns the count of elements found with ``selector``.</doc>
<status status="NOT RUN" starttime="20230922 13:25:12.196" endtime="20230922 13:25:12.196"/>
</kw>
<if>
<branch type="IF" condition="'${env}'=='bui' and '${passwordVisible}'&gt;'0'">
<kw name="Click and Fill" library="common">
<arg>id=password</arg>
<arg>${password}</arg>
<doc>A keyword combination of Click and Fill Text since most of the form fields need a click</doc>
<status status="NOT RUN" starttime="20230922 13:25:12.196" endtime="20230922 13:25:12.196"/>
</kw>
<status status="NOT RUN" starttime="20230922 13:25:12.196" endtime="20230922 13:25:12.196"/>
</branch>
<branch type="ELSE">
<kw name="Log To Console" library="BuiltIn">
<arg>No password filled</arg>
<doc>Logs the given message to the console.</doc>
<status status="NOT RUN" starttime="20230922 13:25:12.196" endtime="20230922 13:25:12.196"/>
</kw>
<status status="NOT RUN" starttime="20230922 13:25:12.196" endtime="20230922 13:25:12.196"/>
</branch>
<status status="NOT RUN" starttime="20230922 13:25:12.196" endtime="20230922 13:25:12.196"/>
</if>
<status status="FAIL" starttime="20230922 13:23:41.558" endtime="20230922 13:25:12.197"/>
</kw>
<kw name="Accept offers and Terms" library="booking">
<status status="NOT RUN" starttime="20230922 13:25:12.197" endtime="20230922 13:25:12.197"/>
</kw>
<tag>smoke, booking, BUI2-556, online-checkin</tag>
<status status="FAIL" starttime="20230922 13:23:41.557" endtime="20230922 13:25:12.197">TimeoutError: locator.click: Timeout 90000ms exceeded.
=========================== logs ===========================
waiting for locator('id=firstName')
============================================================
Tip: Use "Set Browser Timeout" for increasing the timeout or double check your locator as the targeted element(s) couldn't be found.</status>
</test>
<test id="s1-s1-s1-s1-s1-t5" name="Pay using Web Bank and Nordea" line="32">
<kw name="Select Web Bank and Nordea as Payment Method" library="booking">
<msg timestamp="20230922 13:25:12.203" level="TRACE">Arguments: [  ]</msg>
<kw name="Click" library="Browser">
<arg>//div[contains(text(), "Web bank payment")]</arg>
<tag>PageContent</tag>
<tag>Setter</tag>
<doc>Simulates mouse click on the element found by ``selector``.</doc>
<msg timestamp="20230922 13:25:12.203" level="TRACE">Arguments: [ '//div[contains(text(), "Web bank payment")]' ]</msg>
<msg timestamp="20230922 13:25:12.204" level="DEBUG">Click options are: {"button": "left", "clickCount": 1, "force": false, "noWaitAfter": false, "trial": false}</msg>
<msg timestamp="20230922 13:26:42.355" level="DEBUG">Screenshot successfully captured to: /home/runner/work/nelson-test-automation/nelson-test-automation/reports/test3/browser/screenshot/fail-screenshot-3.png</msg>
<msg timestamp="20230922 13:26:42.355" level="INFO" html="true">&lt;/td&gt;&lt;/tr&gt;&lt;tr&gt;&lt;td colspan="3"&gt;&lt;a href="browser/screenshot/fail-screenshot-3.png" target="_blank"&gt;&lt;img src="browser/screenshot/fail-screenshot-3.png" width="800px"/&gt;&lt;/a&gt;</msg>
<msg timestamp="20230922 13:26:42.355" level="INFO">See also file:///home/runner/work/nelson-test-automation/nelson-test-automation/reports/test3/playwright-log.txt for additional details.</msg>
<msg timestamp="20230922 13:26:42.355" level="FAIL">TimeoutError: locator.click: Timeout 90000ms exceeded.
=========================== logs ===========================
waiting for locator('xpath=//div[contains(text(), "Web bank payment")]')
============================================================
Tip: Use "Set Browser Timeout" for increasing the timeout or double check your locator as the targeted element(s) couldn't be found.</msg>
<msg timestamp="20230922 13:26:42.356" level="DEBUG">Traceback (most recent call last):
  File "/opt/hostedtoolcache/Python/3.11.5/x64/lib/python3.11/site-packages/Browser/playwright.py", line 158, in grpc_channel
    yield playwright_pb2_grpc.PlaywrightStub(self._channel)
  File "/opt/hostedtoolcache/Python/3.11.5/x64/lib/python3.11/site-packages/Browser/keywords/interaction.py", line 446, in click_with_options
    response = stub.Click(
               ^^^^^^^^^^^
  File "/opt/hostedtoolcache/Python/3.11.5/x64/lib/python3.11/site-packages/grpc/_channel.py", line 1161, in __call__
    return _end_unary_response_blocking(state, call, False, None)
           ^^^^^^^^^^^^^^^^^^^^^^^^^^^^^^^^^^^^^^^^^^^^^^^^^^^^^^
  File "/opt/hostedtoolcache/Python/3.11.5/x64/lib/python3.11/site-packages/grpc/_channel.py", line 1004, in _end_unary_response_blocking
    raise _InactiveRpcError(state)  # pytype: disable=not-instantiable
    ^^^^^^^^^^^^^^^^^^^^^^^^^^^^^^
grpc._channel._InactiveRpcError: &lt;_InactiveRpcError of RPC that terminated with:
	status = StatusCode.DEADLINE_EXCEEDED
	details = "TimeoutError: locator.click: Timeout 90000ms exceeded.
=========================== logs ===========================
waiting for locator('xpath=//div[contains(text(), "Web bank payment")]')
============================================================"
	debug_error_string = "UNKNOWN:Error received from peer  {grpc_message:"TimeoutError: locator.click: Timeout 90000ms exceeded.\n=========================== logs ===========================\nwaiting for locator(\'xpath=//div[contains(text(), \"Web bank payment\")]\')\n============================================================", grpc_status:4, created_time:"2023-09-22T13:26:42.205867282+00:00"}"
&gt;

During handling of the above exception, another exception occurred:

Traceback (most recent call last):
  File "/opt/hostedtoolcache/Python/3.11.5/x64/lib/python3.11/site-packages/Browser/browser.py", line 1095, in run_keyword
    raise e
  File "/opt/hostedtoolcache/Python/3.11.5/x64/lib/python3.11/site-packages/Browser/browser.py", line 1084, in run_keyword
    return DynamicCore.run_keyword(self, name, args, kwargs)
           ^^^^^^^^^^^^^^^^^^^^^^^^^^^^^^^^^^^^^^^^^^^^^^^^^
  File "/opt/hostedtoolcache/Python/3.11.5/x64/lib/python3.11/site-packages/robotlibcore.py", line 126, in run_keyword
    return self.keywords[name](*args, **(kwargs or {}))
           ^^^^^^^^^^^^^^^^^^^^^^^^^^^^^^^^^^^^^^^^^^^^
  File "/opt/hostedtoolcache/Python/3.11.5/x64/lib/python3.11/site-packages/Browser/keywords/interaction.py", line 366, in click
    self.click_with_options(
  File "/opt/hostedtoolcache/Python/3.11.5/x64/lib/python3.11/site-packages/Browser/keywords/interaction.py", line 428, in click_with_options
    with self.playwright.grpc_channel() as stub:
  File "/opt/hostedtoolcache/Python/3.11.5/x64/lib/python3.11/contextlib.py", line 155, in __exit__
    self.gen.throw(typ, value, traceback)
  File "/opt/hostedtoolcache/Python/3.11.5/x64/lib/python3.11/site-packages/Browser/playwright.py", line 162, in grpc_channel
    raise AssertionError(error.details())
AssertionError: TimeoutError: locator.click: Timeout 90000ms exceeded.
=========================== logs ===========================
waiting for locator('xpath=//div[contains(text(), "Web bank payment")]')
============================================================
Tip: Use "Set Browser Timeout" for increasing the timeout or double check your locator as the targeted element(s) couldn't be found.</msg>
<status status="FAIL" starttime="20230922 13:25:12.203" endtime="20230922 13:26:42.357"/>
</kw>
<kw name="Click" library="Browser">
<arg>//p[contains(text(), 'Nordea')]</arg>
<tag>PageContent</tag>
<tag>Setter</tag>
<doc>Simulates mouse click on the element found by ``selector``.</doc>
<status status="NOT RUN" starttime="20230922 13:26:42.357" endtime="20230922 13:26:42.357"/>
</kw>
<kw name="Click" library="Browser">
<arg>(//div[contains(@view,"payment")]//button[contains(text(), "Pay")])[1]</arg>
<tag>PageContent</tag>
<tag>Setter</tag>
<doc>Simulates mouse click on the element found by ``selector``.</doc>
<status status="NOT RUN" starttime="20230922 13:26:42.357" endtime="20230922 13:26:42.357"/>
</kw>
<status status="FAIL" starttime="20230922 13:25:12.202" endtime="20230922 13:26:42.357"/>
</kw>
<kw name="Complete Payment Successfully" library="booking">
<status status="NOT RUN" starttime="20230922 13:26:42.358" endtime="20230922 13:26:42.358"/>
</kw>
<tag>smoke, booking, BUI2-556, online-checkin</tag>
<status status="FAIL" starttime="20230922 13:25:12.201" endtime="20230922 13:26:42.358">TimeoutError: locator.click: Timeout 90000ms exceeded.
=========================== logs ===========================
waiting for locator('xpath=//div[contains(text(), "Web bank payment")]')
============================================================
Tip: Use "Set Browser Timeout" for increasing the timeout or double check your locator as the targeted element(s) couldn't be found.</status>
</test>
<test id="s1-s1-s1-s1-s1-t6" name="Check In Online" line="36">
<kw name="Click Check In Button" library="booking">
<msg timestamp="20230922 13:26:42.364" level="TRACE">Arguments: [  ]</msg>
<kw name="Wait Until Visible" library="common">
<arg>(//button[text()="Check in"])[1]</arg>
<doc>An easier keyword for waiting until an element is visible</doc>
<msg timestamp="20230922 13:26:42.364" level="TRACE">Arguments: [ ${element}='(//button[text()="Check in"])[1]' ]</msg>
<kw name="Wait For Elements State" library="Browser">
<arg>${element}</arg>
<arg>visible</arg>
<arg>timeout=${timeout}</arg>
<tag>PageContent</tag>
<tag>Wait</tag>
<doc>Waits for the element found by ``selector`` to satisfy state option.</doc>
<msg timestamp="20230922 13:26:42.365" level="TRACE">Arguments: [ '(//button[text()="Check in"])[1]' | &lt;ElementState.visible: 4&gt; | timeout=datetime.timedelta(seconds=90) ]</msg>
<msg timestamp="20230922 13:28:12.546" level="DEBUG">Screenshot successfully captured to: /home/runner/work/nelson-test-automation/nelson-test-automation/reports/test3/browser/screenshot/fail-screenshot-4.png</msg>
<msg timestamp="20230922 13:28:12.547" level="INFO" html="true">&lt;/td&gt;&lt;/tr&gt;&lt;tr&gt;&lt;td colspan="3"&gt;&lt;a href="browser/screenshot/fail-screenshot-4.png" target="_blank"&gt;&lt;img src="browser/screenshot/fail-screenshot-4.png" width="800px"/&gt;&lt;/a&gt;</msg>
<msg timestamp="20230922 13:28:12.547" level="INFO">See also file:///home/runner/work/nelson-test-automation/nelson-test-automation/reports/test3/playwright-log.txt for additional details.</msg>
<msg timestamp="20230922 13:28:12.547" level="FAIL">TimeoutError: locator.waitFor: Timeout 90000ms exceeded.
=========================== logs ===========================
waiting for locator('xpath=(//button[text()="Check in"])[1]') to be visible
============================================================
Tip: Use "Set Browser Timeout" for increasing the timeout or double check your locator as the targeted element(s) couldn't be found.</msg>
<msg timestamp="20230922 13:28:12.548" level="DEBUG">Traceback (most recent call last):
  File "/opt/hostedtoolcache/Python/3.11.5/x64/lib/python3.11/site-packages/Browser/playwright.py", line 158, in grpc_channel
    yield playwright_pb2_grpc.PlaywrightStub(self._channel)
  File "/opt/hostedtoolcache/Python/3.11.5/x64/lib/python3.11/site-packages/Browser/keywords/waiter.py", line 140, in _wait_for_elements_state
    response = stub.WaitForElementsState(
               ^^^^^^^^^^^^^^^^^^^^^^^^^^
  File "/opt/hostedtoolcache/Python/3.11.5/x64/lib/python3.11/site-packages/grpc/_channel.py", line 1161, in __call__
    return _end_unary_response_blocking(state, call, False, None)
           ^^^^^^^^^^^^^^^^^^^^^^^^^^^^^^^^^^^^^^^^^^^^^^^^^^^^^^
  File "/opt/hostedtoolcache/Python/3.11.5/x64/lib/python3.11/site-packages/grpc/_channel.py", line 1004, in _end_unary_response_blocking
    raise _InactiveRpcError(state)  # pytype: disable=not-instantiable
    ^^^^^^^^^^^^^^^^^^^^^^^^^^^^^^
grpc._channel._InactiveRpcError: &lt;_InactiveRpcError of RPC that terminated with:
	status = StatusCode.DEADLINE_EXCEEDED
	details = "TimeoutError: locator.waitFor: Timeout 90000ms exceeded.
=========================== logs ===========================
waiting for locator('xpath=(//button[text()="Check in"])[1]') to be visible
============================================================"
	debug_error_string = "UNKNOWN:Error received from peer  {created_time:"2023-09-22T13:28:12.367645607+00:00", grpc_status:4, grpc_message:"TimeoutError: locator.waitFor: Timeout 90000ms exceeded.\n=========================== logs ===========================\nwaiting for locator(\'xpath=(//button[text()=\"Check in\"])[1]\') to be visible\n============================================================"}"
&gt;

During handling of the above exception, another exception occurred:

Traceback (most recent call last):
  File "/opt/hostedtoolcache/Python/3.11.5/x64/lib/python3.11/site-packages/Browser/browser.py", line 1095, in run_keyword
    raise e
  File "/opt/hostedtoolcache/Python/3.11.5/x64/lib/python3.11/site-packages/Browser/browser.py", line 1084, in run_keyword
    return DynamicCore.run_keyword(self, name, args, kwargs)
           ^^^^^^^^^^^^^^^^^^^^^^^^^^^^^^^^^^^^^^^^^^^^^^^^^
  File "/opt/hostedtoolcache/Python/3.11.5/x64/lib/python3.11/site-packages/robotlibcore.py", line 126, in run_keyword
    return self.keywords[name](*args, **(kwargs or {}))
           ^^^^^^^^^^^^^^^^^^^^^^^^^^^^^^^^^^^^^^^^^^^^
  File "/opt/hostedtoolcache/Python/3.11.5/x64/lib/python3.11/site-packages/Browser/keywords/waiter.py", line 102, in wait_for_elements_state
    return self._wait_for_elements_state(
           ^^^^^^^^^^^^^^^^^^^^^^^^^^^^^^
  File "/opt/hostedtoolcache/Python/3.11.5/x64/lib/python3.11/site-packages/Browser/keywords/waiter.py", line 135, in _wait_for_elements_state
    with self.playwright.grpc_channel() as stub:
  File "/opt/hostedtoolcache/Python/3.11.5/x64/lib/python3.11/contextlib.py", line 155, in __exit__
    self.gen.throw(typ, value, traceback)
  File "/opt/hostedtoolcache/Python/3.11.5/x64/lib/python3.11/site-packages/Browser/playwright.py", line 162, in grpc_channel
    raise AssertionError(error.details())
AssertionError: TimeoutError: locator.waitFor: Timeout 90000ms exceeded.
=========================== logs ===========================
waiting for locator('xpath=(//button[text()="Check in"])[1]') to be visible
============================================================
Tip: Use "Set Browser Timeout" for increasing the timeout or double check your locator as the targeted element(s) couldn't be found.</msg>
<status status="FAIL" starttime="20230922 13:26:42.364" endtime="20230922 13:28:12.548"/>
</kw>
<status status="FAIL" starttime="20230922 13:26:42.364" endtime="20230922 13:28:12.548"/>
</kw>
<kw name="Click" library="Browser">
<arg>(//button[text()="Check in"])[1]</arg>
<tag>PageContent</tag>
<tag>Setter</tag>
<doc>Simulates mouse click on the element found by ``selector``.</doc>
<status status="NOT RUN" starttime="20230922 13:28:12.549" endtime="20230922 13:28:12.549"/>
</kw>
<status status="FAIL" starttime="20230922 13:26:42.364" endtime="20230922 13:28:12.549"/>
</kw>
<kw name="Fill Check in Slide" library="booking">
<status status="NOT RUN" starttime="20230922 13:28:12.549" endtime="20230922 13:28:12.549"/>
</kw>
<kw name="Click Save and Sign Button and Sign if Required" library="booking">
<status status="NOT RUN" starttime="20230922 13:28:12.549" endtime="20230922 13:28:12.549"/>
</kw>
<kw name="Complete Check in" library="booking">
<status status="NOT RUN" starttime="20230922 13:28:12.549" endtime="20230922 13:28:12.549"/>
</kw>
<tag>smoke, booking, BUI2-556, online-checkin</tag>
<status status="FAIL" starttime="20230922 13:26:42.363" endtime="20230922 13:28:12.550">TimeoutError: locator.waitFor: Timeout 90000ms exceeded.
=========================== logs ===========================
waiting for locator('xpath=(//button[text()="Check in"])[1]') to be visible
============================================================
Tip: Use "Set Browser Timeout" for increasing the timeout or double check your locator as the targeted element(s) couldn't be found.</status>
</test>
<test id="s1-s1-s1-s1-s1-t7" name="Wait for Door Code and Verify Page" line="42">
<kw name="Wait Until Door Code is Available" library="checkin">
<msg timestamp="20230922 13:28:12.557" level="TRACE">Arguments: [  ]</msg>
<kw name="Set Browser Timeout" library="Browser">
<arg>5 minutes</arg>
<tag>Config</tag>
<tag>Setter</tag>
<doc>Sets the timeout used by most input and getter keywords.</doc>
<msg timestamp="20230922 13:28:12.557" level="TRACE">Arguments: [ datetime.timedelta(seconds=300) ]</msg>
<msg timestamp="20230922 13:28:12.560" level="INFO">Set timeout to: 300000</msg>
<msg timestamp="20230922 13:28:12.560" level="TRACE">Return: '1 minute 30 seconds'</msg>
<status status="PASS" starttime="20230922 13:28:12.557" endtime="20230922 13:28:12.560"/>
</kw>
<kw name="Is Element Found" library="common">
<var>${availableInFound}</var>
<arg>//p[contains(text(), "Available in")]</arg>
<doc>A keyword that has a very complex way of figuring out whether an
element is found or not because I had trouble with the built-in keywords
Can be solved differently if you have a better idea</doc>
<msg timestamp="20230922 13:28:12.560" level="TRACE">Arguments: [ ${selector}='//p[contains(text(), "Available in")]' ]</msg>
<kw name="Set Browser Timeout" library="Browser">
<arg>10s</arg>
<tag>Config</tag>
<tag>Setter</tag>
<doc>Sets the timeout used by most input and getter keywords.</doc>
<msg timestamp="20230922 13:28:12.561" level="TRACE">Arguments: [ datetime.timedelta(seconds=10) ]</msg>
<msg timestamp="20230922 13:28:12.563" level="INFO">Set timeout to: 10000</msg>
<msg timestamp="20230922 13:28:12.563" level="TRACE">Return: '5 minutes'</msg>
<status status="PASS" starttime="20230922 13:28:12.561" endtime="20230922 13:28:12.563"/>
</kw>
<try>
<branch type="TRY">
<kw name="Get Elements" library="Browser">
<var>${els}</var>
<arg>${selector}</arg>
<tag>Getter</tag>
<tag>PageContent</tag>
<doc>Returns a reference to Playwright [https://playwright.dev/docs/api/class-locator|Locator]
for all matched elements by ``selector``.</doc>
<msg timestamp="20230922 13:28:12.563" level="TRACE">Arguments: [ '//p[contains(text(), "Available in")]' ]</msg>
<msg timestamp="20230922 13:28:22.569" level="INFO">Found  Locators successfully.</msg>
<msg timestamp="20230922 13:28:22.569" level="DEBUG">[]</msg>
<msg timestamp="20230922 13:28:22.569" level="TRACE">Return: []</msg>
<msg timestamp="20230922 13:28:22.569" level="INFO">${els} = []</msg>
<status status="PASS" starttime="20230922 13:28:12.563" endtime="20230922 13:28:22.569"/>
</kw>
<kw name="Get Length" library="BuiltIn">
<var>${count}</var>
<arg>${els}</arg>
<doc>Returns and logs the length of the given item as an integer.</doc>
<msg timestamp="20230922 13:28:22.569" level="TRACE">Arguments: [ [] ]</msg>
<msg timestamp="20230922 13:28:22.570" level="INFO">Length is 0</msg>
<msg timestamp="20230922 13:28:22.570" level="TRACE">Return: 0</msg>
<msg timestamp="20230922 13:28:22.570" level="INFO">${count} = 0</msg>
<status status="PASS" starttime="20230922 13:28:22.569" endtime="20230922 13:28:22.570"/>
</kw>
<if>
<branch type="IF" condition="${count} &gt; 0">
<kw name="Set Variable" library="BuiltIn">
<var>${visible}</var>
<arg>True</arg>
<doc>Returns the given values which can then be assigned to a variables.</doc>
<status status="NOT RUN" starttime="20230922 13:28:22.570" endtime="20230922 13:28:22.570"/>
</kw>
<status status="NOT RUN" starttime="20230922 13:28:22.570" endtime="20230922 13:28:22.570"/>
</branch>
<branch type="ELSE">
<kw name="Set Variable" library="BuiltIn">
<var>${visible}</var>
<arg>False</arg>
<doc>Returns the given values which can then be assigned to a variables.</doc>
<msg timestamp="20230922 13:28:22.571" level="TRACE">Arguments: [ 'False' ]</msg>
<msg timestamp="20230922 13:28:22.571" level="TRACE">Return: 'False'</msg>
<msg timestamp="20230922 13:28:22.571" level="INFO">${visible} = False</msg>
<status status="PASS" starttime="20230922 13:28:22.571" endtime="20230922 13:28:22.571"/>
</kw>
<status status="PASS" starttime="20230922 13:28:22.570" endtime="20230922 13:28:22.571"/>
</branch>
<status status="PASS" starttime="20230922 13:28:22.570" endtime="20230922 13:28:22.571"/>
</if>
<status status="PASS" starttime="20230922 13:28:12.563" endtime="20230922 13:28:22.571"/>
</branch>
<branch type="EXCEPT">
<kw name="Set Variable" library="BuiltIn">
<var>${visible}</var>
<arg>False</arg>
<doc>Returns the given values which can then be assigned to a variables.</doc>
<status status="NOT RUN" starttime="20230922 13:28:22.571" endtime="20230922 13:28:22.571"/>
</kw>
<status status="NOT RUN" starttime="20230922 13:28:22.571" endtime="20230922 13:28:22.571"/>
</branch>
<status status="PASS" starttime="20230922 13:28:12.563" endtime="20230922 13:28:22.572"/>
</try>
<kw name="Set Browser Timeout" library="Browser">
<arg>${timeout}</arg>
<tag>Config</tag>
<tag>Setter</tag>
<doc>Sets the timeout used by most input and getter keywords.</doc>
<msg timestamp="20230922 13:28:22.572" level="TRACE">Arguments: [ datetime.timedelta(seconds=90) ]</msg>
<msg timestamp="20230922 13:28:22.574" level="INFO">Set timeout to: 90000</msg>
<msg timestamp="20230922 13:28:22.574" level="TRACE">Return: '10 seconds'</msg>
<status status="PASS" starttime="20230922 13:28:22.572" endtime="20230922 13:28:22.574"/>
</kw>
<msg timestamp="20230922 13:28:22.574" level="TRACE">Return: 'False'</msg>
<msg timestamp="20230922 13:28:22.574" level="INFO">${availableInFound} = False</msg>
<status status="PASS" starttime="20230922 13:28:12.560" endtime="20230922 13:28:22.574"/>
</kw>
<while condition="${availableInFound}">
<iter>
<kw name="Sleep" library="BuiltIn">
<arg>15s</arg>
<doc>Pauses the test executed for the given time.</doc>
<status status="NOT RUN" starttime="20230922 13:28:22.575" endtime="20230922 13:28:22.575"/>
</kw>
<kw name="Reload" library="Browser">
<tag>BrowserControl</tag>
<tag>Setter</tag>
<doc>Reloads current active page.</doc>
<status status="NOT RUN" starttime="20230922 13:28:22.575" endtime="20230922 13:28:22.575"/>
</kw>
<kw name="Is Element Found" library="common">
<var>${availableInFound}</var>
<arg>//p[contains(text(), "Available in")]</arg>
<doc>A keyword that has a very complex way of figuring out whether an
element is found or not because I had trouble with the built-in keywords
Can be solved differently if you have a better idea</doc>
<status status="NOT RUN" starttime="20230922 13:28:22.575" endtime="20230922 13:28:22.575"/>
</kw>
<status status="NOT RUN" starttime="20230922 13:28:22.575" endtime="20230922 13:28:22.575"/>
</iter>
<status status="NOT RUN" starttime="20230922 13:28:22.575" endtime="20230922 13:28:22.576"/>
</while>
<kw name="Set Browser Timeout" library="Browser">
<arg>${timeout}</arg>
<tag>Config</tag>
<tag>Setter</tag>
<doc>Sets the timeout used by most input and getter keywords.</doc>
<msg timestamp="20230922 13:28:22.576" level="TRACE">Arguments: [ datetime.timedelta(seconds=90) ]</msg>
<msg timestamp="20230922 13:28:22.576" level="TRACE">Return: '1 minute 30 seconds'</msg>
<status status="PASS" starttime="20230922 13:28:22.576" endtime="20230922 13:28:22.576"/>
</kw>
<kw name="Check for Payment Ok Modal" library="checkin">
<doc>Workaround to closing modal until it is fixed</doc>
<msg timestamp="20230922 13:28:22.576" level="TRACE">Arguments: [  ]</msg>
<kw name="Is Element Visible" library="common">
<var>${modalIsVisible}</var>
<arg>//section[contains(@class, 'chakra')]</arg>
<msg timestamp="20230922 13:28:22.577" level="TRACE">Arguments: [ ${selector}="//section[contains(@class, 'chakra')]" ]</msg>
<kw name="Get Element States" library="Browser">
<var>${isVisible}</var>
<arg>${selector}</arg>
<arg>then</arg>
<arg>bool(value &amp; visible)</arg>
<tag>Assertion</tag>
<tag>Getter</tag>
<tag>PageContent</tag>
<doc>Get the active states from the element found by ``selector``.</doc>
<msg timestamp="20230922 13:28:22.577" level="TRACE">Arguments: [ "//section[contains(@class, 'chakra')]" | &lt;AssertionOperator.then: 'then'&gt; | 'bool(value &amp; visible)' ]</msg>
<msg timestamp="20230922 13:28:23.620" level="DEBUG">Assertion polling statistics:
First element asserted in: 0.024172306060791016 seconds
Total tries: 42
Elapsed time in retries 1.0181615352630615 seconds</msg>
<msg timestamp="20230922 13:28:23.771" level="DEBUG">Screenshot successfully captured to: /home/runner/work/nelson-test-automation/nelson-test-automation/reports/test3/browser/screenshot/fail-screenshot-5.png</msg>
<msg timestamp="20230922 13:28:23.771" level="INFO" html="true">&lt;/td&gt;&lt;/tr&gt;&lt;tr&gt;&lt;td colspan="3"&gt;&lt;a href="browser/screenshot/fail-screenshot-5.png" target="_blank"&gt;&lt;img src="browser/screenshot/fail-screenshot-5.png" width="800px"/&gt;&lt;/a&gt;</msg>
<msg timestamp="20230922 13:28:23.772" level="INFO">See also file:///home/runner/work/nelson-test-automation/nelson-test-automation/reports/test3/playwright-log.txt for additional details.</msg>
<msg timestamp="20230922 13:28:23.772" level="FAIL">Error: locator.waitFor: Error: strict mode violation: locator('xpath=//section[contains(@class, \'chakra\')]') resolved to 4 elements:
    1) &lt;section tabindex="-1" role="dialog" id="popover-content-…&gt;&lt;/section&gt; aka locator('#popover-content-205')
    2) &lt;section tabindex="-1" role="dialog" id="popover-content-…&gt;&lt;/section&gt; aka locator('#popover-content-209')
    3) &lt;section tabindex="-1" role="dialog" id="popover-content-…&gt;&lt;/section&gt; aka locator('#popover-content-213')
    4) &lt;section tabindex="-1" role="dialog" id="popover-content-…&gt;&lt;/section&gt; aka locator('#popover-content-217')

=========================== logs ===========================
waiting for locator('xpath=//section[contains(@class, \'chakra\')]')
============================================================</msg>
<msg timestamp="20230922 13:28:23.773" level="DEBUG">Traceback (most recent call last):
  File "/opt/hostedtoolcache/Python/3.11.5/x64/lib/python3.11/site-packages/Browser/playwright.py", line 158, in grpc_channel
    yield playwright_pb2_grpc.PlaywrightStub(self._channel)
  File "/opt/hostedtoolcache/Python/3.11.5/x64/lib/python3.11/site-packages/Browser/keywords/getters.py", line 1396, in get_element_states
    response = stub.GetElementStates(
               ^^^^^^^^^^^^^^^^^^^^^^
  File "/opt/hostedtoolcache/Python/3.11.5/x64/lib/python3.11/site-packages/grpc/_channel.py", line 1161, in __call__
    return _end_unary_response_blocking(state, call, False, None)
           ^^^^^^^^^^^^^^^^^^^^^^^^^^^^^^^^^^^^^^^^^^^^^^^^^^^^^^
  File "/opt/hostedtoolcache/Python/3.11.5/x64/lib/python3.11/site-packages/grpc/_channel.py", line 1004, in _end_unary_response_blocking
    raise _InactiveRpcError(state)  # pytype: disable=not-instantiable
    ^^^^^^^^^^^^^^^^^^^^^^^^^^^^^^
grpc._channel._InactiveRpcError: &lt;_InactiveRpcError of RPC that terminated with:
	status = StatusCode.RESOURCE_EXHAUSTED
	details = "Error: locator.waitFor: Error: strict mode violation: locator('xpath=//section[contains(@class, \'chakra\')]') resolved to 4 elements:
[...]
&gt;

During handling of the above exception, another exception occurred:

Traceback (most recent call last):
  File "/opt/hostedtoolcache/Python/3.11.5/x64/lib/python3.11/site-packages/Browser/browser.py", line 1095, in run_keyword
    raise e
  File "/opt/hostedtoolcache/Python/3.11.5/x64/lib/python3.11/site-packages/Browser/browser.py", line 1084, in run_keyword
    return DynamicCore.run_keyword(self, name, args, kwargs)
           ^^^^^^^^^^^^^^^^^^^^^^^^^^^^^^^^^^^^^^^^^^^^^^^^^
  File "/opt/hostedtoolcache/Python/3.11.5/x64/lib/python3.11/site-packages/robotlibcore.py", line 126, in run_keyword
    return self.keywords[name](*args, **(kwargs or {}))
           ^^^^^^^^^^^^^^^^^^^^^^^^^^^^^^^^^^^^^^^^^^^^
  File "/opt/hostedtoolcache/Python/3.11.5/x64/lib/python3.11/site-packages/Browser/keywords/playwright_state.py", line 735, in new_page
    with self.playwright.grpc_channel() as stub:
  File "/opt/hostedtoolcache/Python/3.11.5/x64/lib/python3.11/contextlib.py", line 155, in __exit__
    self.gen.throw(typ, value, traceback)
  File "/opt/hostedtoolcache/Python/3.11.5/x64/lib/python3.11/site-packages/Browser/playwright.py", line 162, in grpc_channel
    raise AssertionError(error.details())
AssertionError: Error: page.goto: Protocol error (Page.navigate): Invalid url: "$MUI_URL" Page.navigate@chrome://juggler/content/protocol/PageHandler.js:386:13
dispatch@chrome://juggler/content/protocol/Dispatcher.js:132:39
_dispatch@chrome://juggler/content/protocol/Dispatcher.js:69:36
receiveMessage@chrome://juggler/content/components/Juggler.js:118:20

=========================== logs ===========================
navigating to "$MUI_URL", waiting until "load"
============================================================</msg>
<status status="FAIL" starttime="20230922 13:40:56.165" endtime="20230922 13:40:56.451"/>
</kw>
<status status="FAIL" starttime="20230922 13:40:56.135" endtime="20230922 13:40:56.451"/>
</kw>
<kw name="Log in to Nelson Portal" library="mui">
<status status="NOT RUN" starttime="20230922 13:40:56.451" endtime="20230922 13:40:56.451"/>
</kw>
<kw name="Verify Dashboard Elements" library="mui">
<status status="NOT RUN" starttime="20230922 13:40:56.452" endtime="20230922 13:40:56.452"/>
</kw>
<kw name="Select Environment" library="mui">
<arg>${ENVIRONMENT}</arg>
<status status="NOT RUN" starttime="20230922 13:40:56.452" endtime="20230922 13:40:56.452"/>
</kw>
<status status="FAIL" starttime="20230922 13:40:56.134" endtime="20230922 13:40:56.452">Error: page.goto: Protocol error (Page.navigate): Invalid url: "$MUI_URL" Page.navigate@chrome://juggler/content/protocol/PageHandler.js:386:13
dispatch@chrome://juggler/content/protocol/Dispatcher.js:132:39
_dispatch@chrome://juggler/content/protocol/Dispatcher.js:69:36
receiveMessage@chrome://juggler/content/components/Juggler.js:118:20

=========================== logs ===========================
navigating to "$MUI_URL", waiting until "load"
============================================================</status>
</test>
<test id="s1-s2-s3-s1-t5" name="Verify Users Page" line="28">
<kw name="Click" library="Browser">
<arg>//a[contains(@href, "users") and (@class="capitalize")]</arg>
<tag>PageContent</tag>
<tag>Setter</tag>
<doc>Simulates mouse click on the element found by ``selector``.</doc>
<msg timestamp="20230922 13:40:56.456" level="TRACE">Arguments: [ '//a[contains(@href, "users") and (@class="capitalize")]' ]</msg>
<msg timestamp="20230922 13:40:56.457" level="DEBUG">Click options are: {"button": "left", "clickCount": 1, "force": false, "noWaitAfter": false, "trial": false}</msg>
<msg timestamp="20230922 13:40:56.464" level="INFO">Keyword 'Take Screenshot  fail-screenshot-{index}' could not be run on failure:
Error: Tried to take screenshot, but no page was open.</msg>
<msg timestamp="20230922 13:40:56.464" level="INFO">See also file:///home/runner/work/nelson-test-automation/nelson-test-automation/reports/test3/playwright-log.txt for additional details.</msg>
<msg timestamp="20230922 13:40:56.464" level="FAIL">Error: Could not find active page</msg>
<msg timestamp="20230922 13:40:56.465" level="DEBUG">Traceback (most recent call last):
  File "/opt/hostedtoolcache/Python/3.11.5/x64/lib/python3.11/site-packages/Browser/playwright.py", line 158, in grpc_channel
    yield playwright_pb2_grpc.PlaywrightStub(self._channel)
  File "/opt/hostedtoolcache/Python/3.11.5/x64/lib/python3.11/site-packages/Browser/keywords/interaction.py", line 446, in click_with_options
    response = stub.Click(
               ^^^^^^^^^^^
  File "/opt/hostedtoolcache/Python/3.11.5/x64/lib/python3.11/site-packages/grpc/_channel.py", line 1161, in __call__
    return _end_unary_response_blocking(state, call, False, None)
           ^^^^^^^^^^^^^^^^^^^^^^^^^^^^^^^^^^^^^^^^^^^^^^^^^^^^^^
  File "/opt/hostedtoolcache/Python/3.11.5/x64/lib/python3.11/site-packages/grpc/_channel.py", line 1004, in _end_unary_response_blocking
    raise _InactiveRpcError(state)  # pytype: disable=not-instantiable
    ^^^^^^^^^^^^^^^^^^^^^^^^^^^^^^
grpc._channel._InactiveRpcError: &lt;_InactiveRpcError of RPC that terminated with:
	status = StatusCode.RESOURCE_EXHAUSTED
	details = "Error: Could not find active page"
	debug_error_string = "UNKNOWN:Error received from peer  {created_time:"2023-09-22T13:40:56.457797957+00:00", grpc_status:8, grpc_message:"Error: Could not find active page"}"
&gt;

During handling of the above exception, another exception occurred:

Traceback (most recent call last):
  File "/opt/hostedtoolcache/Python/3.11.5/x64/lib/python3.11/site-packages/Browser/browser.py", line 1095, in run_keyword
    raise e
  File "/opt/hostedtoolcache/Python/3.11.5/x64/lib/python3.11/site-packages/Browser/browser.py", line 1084, in run_keyword
    return DynamicCore.run_keyword(self, name, args, kwargs)
           ^^^^^^^^^^^^^^^^^^^^^^^^^^^^^^^^^^^^^^^^^^^^^^^^^
  File "/opt/hostedtoolcache/Python/3.11.5/x64/lib/python3.11/site-packages/robotlibcore.py", line 126, in run_keyword
    return self.keywords[name](*args, **(kwargs or {}))
           ^^^^^^^^^^^^^^^^^^^^^^^^^^^^^^^^^^^^^^^^^^^^
  File "/opt/hostedtoolcache/Python/3.11.5/x64/lib/python3.11/site-packages/Browser/keywords/interaction.py", line 366, in click
    self.click_with_options(
  File "/opt/hostedtoolcache/Python/3.11.5/x64/lib/python3.11/site-packages/Browser/keywords/interaction.py", line 428, in click_with_options
    with self.playwright.grpc_channel() as stub:
  File "/opt/hostedtoolcache/Python/3.11.5/x64/lib/python3.11/contextlib.py", line 155, in __exit__
    self.gen.throw(typ, value, traceback)
  File "/opt/hostedtoolcache/Python/3.11.5/x64/lib/python3.11/site-packages/Browser/playwright.py", line 162, in grpc_channel
    raise AssertionError(error.details())
AssertionError: Error: Could not find active page</msg>
<status status="FAIL" starttime="20230922 13:40:56.456" endtime="20230922 13:40:56.465"/>
</kw>
<status status="FAIL" starttime="20230922 13:40:56.455" endtime="20230922 13:40:56.466">Error: Could not find active page</status>
</test>
<test id="s1-s2-s3-s1-t6" name="Verify User Profile" line="31">
<kw name="Click" library="Browser">
<arg>(//span[contains(@class, "avatar")])[0]</arg>
<tag>PageContent</tag>
<tag>Setter</tag>
<doc>Simulates mouse click on the element found by ``selector``.</doc>
<msg timestamp="20230922 13:40:56.470" level="TRACE">Arguments: [ '(//span[contains(@class, "avatar")])[0]' ]</msg>
<msg timestamp="20230922 13:40:56.471" level="DEBUG">Click options are: {"button": "left", "clickCount": 1, "force": false, "noWaitAfter": false, "trial": false}</msg>
<msg timestamp="20230922 13:40:56.479" level="INFO">Keyword 'Take Screenshot  fail-screenshot-{index}' could not be run on failure:
Error: Tried to take screenshot, but no page was open.</msg>
<msg timestamp="20230922 13:40:56.479" level="INFO">See also file:///home/runner/work/nelson-test-automation/nelson-test-automation/reports/test3/playwright-log.txt for additional details.</msg>
<msg timestamp="20230922 13:40:56.480" level="FAIL">Error: Could not find active page</msg>
<msg timestamp="20230922 13:40:56.481" level="DEBUG">Traceback (most recent call last):
  File "/opt/hostedtoolcache/Python/3.11.5/x64/lib/python3.11/site-packages/Browser/playwright.py", line 158, in grpc_channel
    yield playwright_pb2_grpc.PlaywrightStub(self._channel)
  File "/opt/hostedtoolcache/Python/3.11.5/x64/lib/python3.11/site-packages/Browser/keywords/interaction.py", line 446, in click_with_options
    response = stub.Click(
               ^^^^^^^^^^^
  File "/opt/hostedtoolcache/Python/3.11.5/x64/lib/python3.11/site-packages/grpc/_channel.py", line 1161, in __call__
    return _end_unary_response_blocking(state, call, False, None)
           ^^^^^^^^^^^^^^^^^^^^^^^^^^^^^^^^^^^^^^^^^^^^^^^^^^^^^^
  File "/opt/hostedtoolcache/Python/3.11.5/x64/lib/python3.11/site-packages/grpc/_channel.py", line 1004, in _end_unary_response_blocking
    raise _InactiveRpcError(state)  # pytype: disable=not-instantiable
    ^^^^^^^^^^^^^^^^^^^^^^^^^^^^^^
grpc._channel._InactiveRpcError: &lt;_InactiveRpcError of RPC that terminated with:
	status = StatusCode.RESOURCE_EXHAUSTED
	details = "Error: Could not find active page"
	debug_error_string = "UNKNOWN:Error received from peer  {created_time:"2023-09-22T13:40:56.473611256+00:00", grpc_status:8, grpc_message:"Error: Could not find active page"}"
&gt;

During handling of the above exception, another exception occurred:

Traceback (most recent call last):
  File "/opt/hostedtoolcache/Python/3.11.5/x64/lib/python3.11/site-packages/Browser/browser.py", line 1095, in run_keyword
    raise e
  File "/opt/hostedtoolcache/Python/3.11.5/x64/lib/python3.11/site-packages/Browser/browser.py", line 1084, in run_keyword
    return DynamicCore.run_keyword(self, name, args, kwargs)
           ^^^^^^^^^^^^^^^^^^^^^^^^^^^^^^^^^^^^^^^^^^^^^^^^^
  File "/opt/hostedtoolcache/Python/3.11.5/x64/lib/python3.11/site-packages/robotlibcore.py", line 126, in run_keyword
    return self.keywords[name](*args, **(kwargs or {}))
           ^^^^^^^^^^^^^^^^^^^^^^^^^^^^^^^^^^^^^^^^^^^^
  File "/opt/hostedtoolcache/Python/3.11.5/x64/lib/python3.11/site-packages/Browser/keywords/interaction.py", line 366, in click
    self.click_with_options(
  File "/opt/hostedtoolcache/Python/3.11.5/x64/lib/python3.11/site-packages/Browser/keywords/interaction.py", line 428, in click_with_options
    with self.playwright.grpc_channel() as stub:
  File "/opt/hostedtoolcache/Python/3.11.5/x64/lib/python3.11/contextlib.py", line 155, in __exit__
    self.gen.throw(typ, value, traceback)
  File "/opt/hostedtoolcache/Python/3.11.5/x64/lib/python3.11/site-packages/Browser/playwright.py", line 162, in grpc_channel
    raise AssertionError(error.details())
AssertionError: Error: Could not find active page</msg>
<status status="FAIL" starttime="20230922 13:40:56.470" endtime="20230922 13:40:56.481"/>
</kw>
<status status="FAIL" starttime="20230922 13:40:56.469" endtime="20230922 13:40:56.481">Error: Could not find active page</status>
</test>
<test id="s1-s2-s3-s1-t7" name="Log Out" line="34">
<kw name="Click" library="Browser">
<arg>(//img[contains(@src, "signout")][0]</arg>
<tag>PageContent</tag>
<tag>Setter</tag>
<doc>Simulates mouse click on the element found by ``selector``.</doc>
<msg timestamp="20230922 13:40:56.486" level="TRACE">Arguments: [ '(//img[contains(@src, "signout")][0]' ]</msg>
<msg timestamp="20230922 13:40:56.486" level="DEBUG">Click options are: {"button": "left", "clickCount": 1, "force": false, "noWaitAfter": false, "trial": false}</msg>
<msg timestamp="20230922 13:40:56.490" level="INFO">Keyword 'Take Screenshot  fail-screenshot-{index}' could not be run on failure:
Error: Tried to take screenshot, but no page was open.</msg>
<msg timestamp="20230922 13:40:56.490" level="INFO">See also file:///home/runner/work/nelson-test-automation/nelson-test-automation/reports/test3/playwright-log.txt for additional details.</msg>
<msg timestamp="20230922 13:40:56.491" level="FAIL">Error: Could not find active page</msg>
<msg timestamp="20230922 13:40:56.491" level="DEBUG">Traceback (most recent call last):
  File "/opt/hostedtoolcache/Python/3.11.5/x64/lib/python3.11/site-packages/Browser/playwright.py", line 158, in grpc_channel
    yield playwright_pb2_grpc.PlaywrightStub(self._channel)
  File "/opt/hostedtoolcache/Python/3.11.5/x64/lib/python3.11/site-packages/Browser/keywords/interaction.py", line 446, in click_with_options
    response = stub.Click(
               ^^^^^^^^^^^
  File "/opt/hostedtoolcache/Python/3.11.5/x64/lib/python3.11/site-packages/grpc/_channel.py", line 1161, in __call__
    return _end_unary_response_blocking(state, call, False, None)
           ^^^^^^^^^^^^^^^^^^^^^^^^^^^^^^^^^^^^^^^^^^^^^^^^^^^^^^
  File "/opt/hostedtoolcache/Python/3.11.5/x64/lib/python3.11/site-packages/grpc/_channel.py", line 1004, in _end_unary_response_blocking
    raise _InactiveRpcError(state)  # pytype: disable=not-instantiable
    ^^^^^^^^^^^^^^^^^^^^^^^^^^^^^^
grpc._channel._InactiveRpcError: &lt;_InactiveRpcError of RPC that terminated with:
	status = StatusCode.RESOURCE_EXHAUSTED
	details = "Error: Could not find active page"
	debug_error_string = "UNKNOWN:Error received from peer  {created_time:"2023-09-22T13:40:56.487718471+00:00", grpc_status:8, grpc_message:"Error: Could not find active page"}"
&gt;

During handling of the above exception, another exception occurred:

Traceback (most recent call last):
  File "/opt/hostedtoolcache/Python/3.11.5/x64/lib/python3.11/site-packages/Browser/browser.py", line 1095, in run_keyword
    raise e
  File "/opt/hostedtoolcache/Python/3.11.5/x64/lib/python3.11/site-packages/Browser/browser.py", line 1084, in run_keyword
    return DynamicCore.run_keyword(self, name, args, kwargs)
           ^^^^^^^^^^^^^^^^^^^^^^^^^^^^^^^^^^^^^^^^^^^^^^^^^
  File "/opt/hostedtoolcache/Python/3.11.5/x64/lib/python3.11/site-packages/robotlibcore.py", line 126, in run_keyword
    return self.keywords[name](*args, **(kwargs or {}))
           ^^^^^^^^^^^^^^^^^^^^^^^^^^^^^^^^^^^^^^^^^^^^
  File "/opt/hostedtoolcache/Python/3.11.5/x64/lib/python3.11/site-packages/Browser/keywords/interaction.py", line 366, in click
    self.click_with_options(
  File "/opt/hostedtoolcache/Python/3.11.5/x64/lib/python3.11/site-packages/Browser/keywords/interaction.py", line 428, in click_with_options
    with self.playwright.grpc_channel() as stub:
  File "/opt/hostedtoolcache/Python/3.11.5/x64/lib/python3.11/contextlib.py", line 155, in __exit__
    self.gen.throw(typ, value, traceback)
  File "/opt/hostedtoolcache/Python/3.11.5/x64/lib/python3.11/site-packages/Browser/playwright.py", line 162, in grpc_channel
    raise AssertionError(error.details())
AssertionError: Error: Could not find active page</msg>
<status status="FAIL" starttime="20230922 13:40:56.486" endtime="20230922 13:40:56.491"/>
</kw>
<status status="FAIL" starttime="20230922 13:40:56.485" endtime="20230922 13:40:56.492">Error: Could not find active page</status>
</test>
<kw name="Close Browser" library="Browser" type="TEARDOWN">
<tag>BrowserControl</tag>
<tag>Setter</tag>
<doc>Closes the current browser.</doc>
<msg timestamp="20230922 13:40:56.495" level="TRACE">Arguments: [  ]</msg>
<msg timestamp="20230922 13:40:57.478" level="INFO">Closed browser</msg>
<msg timestamp="20230922 13:40:57.478" level="TRACE">Return: None</msg>
<status status="PASS" starttime="20230922 13:40:56.495" endtime="20230922 13:40:57.478"/>
</kw>
<doc>This file contains smoke tests for MUI</doc>
<status status="FAIL" starttime="20230922 13:40:53.889" endtime="20230922 13:40:57.478"/>
</suite>
<status status="FAIL" starttime="20230922 13:40:53.887" endtime="20230922 13:40:57.483"/>
</suite>
<status status="FAIL" starttime="20230922 13:36:38.500" endtime="20230922 13:40:57.484"/>
</suite>
<doc>Argument file for running tests on Omena Staging Environmen (test3)</doc>
<status status="FAIL" starttime="20230922 13:21:58.003" endtime="20230922 13:40:57.486"/>
</suite>
<statistics>
<total>
<stat pass="5" fail="26" skip="0">All Tests</stat>
</total>
<tag>
<stat pass="3" fail="6" skip="0">exhibition_court</stat>
<stat pass="0" fail="2" skip="0">smoke</stat>
<stat pass="2" fail="5" skip="0">smoke, booking, BUI2-556, online-checkin</stat>
</tag>
<suite>
<stat pass="5" fail="26" skip="0" id="s1" name="Testsuites">Testsuites</stat>
<stat pass="2" fail="11" skip="0" id="s1-s1" name="BUI">Testsuites.BUI</stat>
<stat pass="2" fail="9" skip="0" id="s1-s1-s1" name="Feature">Testsuites.BUI.Feature</stat>
<stat pass="2" fail="9" skip="0" id="s1-s1-s1-s1" name="Online Check In">Testsuites.BUI.Feature.Online Check In</stat>
<stat pass="2" fail="5" skip="0" id="s1-s1-s1-s1-s1" name="BUI2-556">Testsuites.BUI.Feature.Online Check In.BUI2-556</stat>
<stat pass="0" fail="4" skip="0" id="s1-s1-s1-s1-s2" name="BUI2-557">Testsuites.BUI.Feature.Online Check In.BUI2-557</stat>
<stat pass="0" fail="2" skip="0" id="s1-s1-s2" name="Regression">Testsuites.BUI.Regression</stat>
<stat pass="0" fail="2" skip="0" id="s1-s1-s2-s1" name="Create Booking">Testsuites.BUI.Regression.Create Booking</stat>
<stat pass="3" fail="15" skip="0" id="s1-s2" name="MUI">Testsuites.MUI</stat>
<stat pass="3" fail="6" skip="0" id="s1-s2-s1" name="EC">Testsuites.MUI.EC</stat>
<stat pass="3" fail="6" skip="0" id="s1-s2-s1-s1" name="Smoke">Testsuites.MUI.EC.Smoke</stat>
<stat pass="0" fail="2" skip="0" id="s1-s2-s2" name="Feature">Testsuites.MUI.Feature</stat>
<stat pass="0" fail="2" skip="0" id="s1-s2-s2-s1" name="MUI-430">Testsuites.MUI.Feature.MUI-430</stat>
<stat pass="0" fail="7" skip="0" id="s1-s2-s3" name="Regression">Testsuites.MUI.Regression</stat>
<stat pass="0" fail="7" skip="0" id="s1-s2-s3-s1" name="Smoke">Testsuites.MUI.Regression.Smoke</stat>
</suite>
</statistics>
<errors>
<msg timestamp="20230922 13:21:58.481" level="ERROR">Error in file '/home/runner/work/nelson-test-automation/nelson-test-automation/resources/keywords/booking.resource' on line 55: Creating keyword 'Save and Sign button is visible' failed: User keyword cannot be empty.</msg>
<msg timestamp="20230922 13:21:58.560" level="ERROR">Error in file '/home/runner/work/nelson-test-automation/nelson-test-automation/resources/keywords/checkin.resource' on line 48: Creating keyword 'Verify Page Elements before Check-in' failed: User keyword cannot be empty.</msg>
<msg timestamp="20230922 13:28:24.025" level="ERROR">Error in file '/home/runner/work/nelson-test-automation/nelson-test-automation/resources/keywords/booking.resource' on line 55: Creating keyword 'Save and Sign button is visible' failed: User keyword cannot be empty.</msg>
<msg timestamp="20230922 13:34:58.679" level="ERROR">Error in file '/home/runner/work/nelson-test-automation/nelson-test-automation/resources/keywords/booking.resource' on line 55: Creating keyword 'Save and Sign button is visible' failed: User keyword cannot be empty.</msg>
<msg timestamp="20230922 13:36:38.511" level="ERROR">Error in file '/home/runner/work/nelson-test-automation/nelson-test-automation/resources/keywords/booking.resource' on line 55: Creating keyword 'Save and Sign button is visible' failed: User keyword cannot be empty.</msg>
<msg timestamp="20230922 13:40:50.289" level="ERROR">Error in file '/home/runner/work/nelson-test-automation/nelson-test-automation/resources/keywords/booking.resource' on line 55: Creating keyword 'Save and Sign button is visible' failed: User keyword cannot be empty.</msg>
<msg timestamp="20230922 13:40:53.890" level="ERROR">Error in file '/home/runner/work/nelson-test-automation/nelson-test-automation/resources/keywords/booking.resource' on line 55: Creating keyword 'Save and Sign button is visible' failed: User keyword cannot be empty.</msg>
</errors>
</robot>
