<?xml version="1.0" encoding="UTF-8"?>
<robot generator="Robot 5.0.1 (Python 3.11.4 on linux)" generated="20230801 10:06:50.504" rpa="false" schemaversion="3">
<suite id="s1" name="Testsuites" source="/home/runner/work/nelson-test-automation/nelson-test-automation/testsuites">
<suite id="s1-s1" name="BUI" source="/home/runner/work/nelson-test-automation/nelson-test-automation/testsuites/BUI">
<suite id="s1-s1-s1" name="Feature" source="/home/runner/work/nelson-test-automation/nelson-test-automation/testsuites/BUI/feature">
<suite id="s1-s1-s1-s1" name="Online Check In" source="/home/runner/work/nelson-test-automation/nelson-test-automation/testsuites/BUI/feature/online_check_in">
<suite id="s1-s1-s1-s1-s1" name="BUI2-1248" source="/home/runner/work/nelson-test-automation/nelson-test-automation/testsuites/BUI/feature/online_check_in/BUI2-1248.robot">
<test id="s1-s1-s1-s1-s1-t1" name="Verify UI when Booker has not update Information" line="11">
<kw name="Open Browser to Landing Page" library="common" type="SETUP">
<doc>A general startup keyword for opening a browser to the landing page.</doc>
<msg timestamp="20230801 10:06:51.453" level="TRACE">Arguments: [  ]</msg>
<kw name="Open New Browser To URL" library="common">
<arg>${url}</arg>
<msg timestamp="20230801 10:06:51.454" level="TRACE">Arguments: [ ${url}='https://test3.omenahotels.com/en' ]</msg>
<kw name="New Browser" library="Browser">
<arg>${browser}</arg>
<arg>${headless}</arg>
<arg>timeout=${timeout}</arg>
<tag>BrowserControl</tag>
<tag>Setter</tag>
<doc>Create a new playwright Browser with specified options.</doc>
<msg timestamp="20230801 10:06:51.454" level="TRACE">Arguments: [ &lt;SupportedBrowsers.firefox: 2&gt; | True | timeout=datetime.timedelta(seconds=90) ]</msg>
<msg timestamp="20230801 10:06:51.455" level="INFO">{"browser": "firefox", "headless": true, "chromiumSandbox": false, "devtools": false, "handleSIGHUP": true, "handleSIGINT": true, "handleSIGTERM": true, "ignoreDefaultArgs": false, "slowMo": 0.0, "timeout": 90000.0, "tracesDir": "/home/runner/work/nelson-test-automation/nelson-test-automation/reports/test3/browser/traces/fd685ec9-10a3-4274-bbef-40e72544ea15"}</msg>
<msg timestamp="20230801 10:06:52.458" level="INFO">Successfully created browser with options: {"browser":"firefox","headless":true,"chromiumSandbox":false,"devtools":false,"handleSIGHUP":true,"handleSIGINT":true,"handleSIGTERM":true,"ignoreDefaultArgs":false,"slowMo":0,"timeout":90000,"tracesDir":"/home/runner/work/nelson-test-automation/nelson-test-automation/reports/test3/browser/traces/fd685ec9-10a3-4274-bbef-40e72544ea15"}</msg>
<msg timestamp="20230801 10:06:52.459" level="TRACE">Return: 'browser=1b7a1807-1b57-43f6-bf14-7c45aab20cdd'</msg>
<status status="PASS" starttime="20230801 10:06:51.454" endtime="20230801 10:06:52.459"/>
</kw>
<kw name="Set Browser Timeout" library="Browser">
<arg>${timeout}</arg>
<tag>Config</tag>
<tag>Setter</tag>
<doc>Sets the timeout used by most input and getter keywords.</doc>
<msg timestamp="20230801 10:06:52.460" level="TRACE">Arguments: [ datetime.timedelta(seconds=90) ]</msg>
<msg timestamp="20230801 10:06:52.464" level="INFO">No context open.</msg>
<msg timestamp="20230801 10:06:52.464" level="TRACE">Return: '10 seconds'</msg>
<status status="PASS" starttime="20230801 10:06:52.459" endtime="20230801 10:06:52.464"/>
</kw>
<kw name="New Context" library="Browser">
<tag>BrowserControl</tag>
<tag>Setter</tag>
<doc>Create a new BrowserContext with specified options.</doc>
<msg timestamp="20230801 10:06:52.464" level="TRACE">Arguments: [  ]</msg>
<msg timestamp="20230801 10:06:52.465" level="INFO">{
  "acceptDownloads": true,
  "bypassCSP": false,
  "forcedColors": "none",
  "hideRfBrowser": "",
  "ignoreHTTPSErrors": false,
  "javaScriptEnabled": true,
  "offline": false,
  "reducedMotion": "no-preference",
  "serviceWorkers": "allow",
  "viewport": {
    "height": 720,
    "width": 1280
  }
}</msg>
<msg timestamp="20230801 10:06:52.508" level="INFO">Successfully created context. </msg>
<msg timestamp="20230801 10:06:52.509" level="INFO">{'acceptDownloads': True, 'bypassCSP': False, 'forcedColors': 'none', 'hideRfBrowser': '', 'ignoreHTTPSErrors': False, 'javaScriptEnabled': True, 'offline': False, 'reducedMotion': 'no-preference', 'serviceWorkers': 'allow', 'viewport': {'height': 720, 'width': 1280}}</msg>
<msg timestamp="20230801 10:06:52.509" level="TRACE">Return: 'context=100f9da4-c54e-4d07-a8c7-a53d0d83c686'</msg>
<status status="PASS" starttime="20230801 10:06:52.464" endtime="20230801 10:06:52.509"/>
</kw>
<kw name="New Page" library="Browser">
<arg>${url}</arg>
<tag>BrowserControl</tag>
<tag>Setter</tag>
<doc>Open a new Page.</doc>
<msg timestamp="20230801 10:06:52.509" level="TRACE">Arguments: [ 'https://test3.omenahotels.com/en' ]</msg>
<msg timestamp="20230801 10:06:53.853" level="INFO">Successfully initialized new page object and opened url: https://test3.omenahotels.com/en</msg>
<msg timestamp="20230801 10:06:53.853" level="DEBUG">Video is not enabled.</msg>
<msg timestamp="20230801 10:06:53.853" level="TRACE">Return: {'page_id': 'page=a901c7b7-c52a-4668-af8e-78a04074d633', 'video_path': ''}</msg>
<status status="PASS" starttime="20230801 10:06:52.509" endtime="20230801 10:06:53.853"/>
</kw>
<msg timestamp="20230801 10:06:53.853" level="TRACE">Return: None</msg>
<status status="PASS" starttime="20230801 10:06:51.453" endtime="20230801 10:06:53.853"/>
</kw>
<kw name="Wait Until Network Is Idle" library="Browser">
<tag>HTTP</tag>
<tag>Wait</tag>
<doc>Waits until there has been at least one instance of 500 ms of no network traffic on the page after loading.</doc>
<msg timestamp="20230801 10:06:53.853" level="TRACE">Arguments: [  ]</msg>
<msg timestamp="20230801 10:06:54.346" level="DEBUG">Network is idle</msg>
<msg timestamp="20230801 10:06:54.346" level="TRACE">Return: None</msg>
<status status="PASS" starttime="20230801 10:06:53.853" endtime="20230801 10:06:54.346"/>
</kw>
<kw name="Allow Cookies" library="common">
<doc>Allow Cookies/Toggle Cookie allowance</doc>
<msg timestamp="20230801 10:06:54.346" level="TRACE">Arguments: [  ]</msg>
<kw name="Is Element Found" library="common">
<var>${cookieModalVisible}</var>
<arg>id=CybotCookiebotDialogBodyLevelButtonLevelOptinAllowAll</arg>
<doc>A keyword that has a very complex way of figuring out whether an
element is found or not because I had trouble with the built-in keywords
Can be solved differently if you have a better idea</doc>
<msg timestamp="20230801 10:06:54.347" level="TRACE">Arguments: [ ${selector}='id=CybotCookiebotDialogBodyLevelButtonLevelOptinAllowAll' ]</msg>
<kw name="Set Browser Timeout" library="Browser">
<arg>10s</arg>
<tag>Config</tag>
<tag>Setter</tag>
<doc>Sets the timeout used by most input and getter keywords.</doc>
<msg timestamp="20230801 10:06:54.347" level="TRACE">Arguments: [ datetime.timedelta(seconds=10) ]</msg>
<msg timestamp="20230801 10:06:54.349" level="INFO">Set timeout to: 10000</msg>
<msg timestamp="20230801 10:06:54.349" level="TRACE">Return: '1 minute 30 seconds'</msg>
<status status="PASS" starttime="20230801 10:06:54.347" endtime="20230801 10:06:54.349"/>
</kw>
<try>
<branch type="TRY">
<kw name="Get Elements" library="Browser">
<var>${els}</var>
<arg>${selector}</arg>
<tag>Getter</tag>
<tag>PageContent</tag>
<doc>Returns a reference to Playwright [https://playwright.dev/docs/api/class-locator|Locator]
for all matched elements by ``selector``.</doc>
<msg timestamp="20230801 10:06:54.350" level="TRACE">Arguments: [ 'id=CybotCookiebotDialogBodyLevelButtonLevelOptinAllowAll' ]</msg>
<msg timestamp="20230801 10:07:04.357" level="INFO">Found  Locators successfully.</msg>
<msg timestamp="20230801 10:07:04.357" level="DEBUG">[]</msg>
<msg timestamp="20230801 10:07:04.357" level="TRACE">Return: []</msg>
<msg timestamp="20230801 10:07:04.357" level="INFO">${els} = []</msg>
<status status="PASS" starttime="20230801 10:06:54.350" endtime="20230801 10:07:04.357"/>
</kw>
<kw name="Get Length" library="BuiltIn">
<var>${count}</var>
<arg>${els}</arg>
<doc>Returns and logs the length of the given item as an integer.</doc>
<msg timestamp="20230801 10:07:04.358" level="TRACE">Arguments: [ [] ]</msg>
<msg timestamp="20230801 10:07:04.358" level="INFO">Length is 0</msg>
<msg timestamp="20230801 10:07:04.358" level="TRACE">Return: 0</msg>
<msg timestamp="20230801 10:07:04.358" level="INFO">${count} = 0</msg>
<status status="PASS" starttime="20230801 10:07:04.358" endtime="20230801 10:07:04.358"/>
</kw>
<if>
<branch type="IF" condition="${count} &gt; 0">
<kw name="Set Variable" library="BuiltIn">
<var>${visible}</var>
<arg>True</arg>
<doc>Returns the given values which can then be assigned to a variables.</doc>
<status status="NOT RUN" starttime="20230801 10:07:04.359" endtime="20230801 10:07:04.359"/>
</kw>
<status status="NOT RUN" starttime="20230801 10:07:04.358" endtime="20230801 10:07:04.359"/>
</branch>
<branch type="ELSE">
<kw name="Set Variable" library="BuiltIn">
<var>${visible}</var>
<arg>False</arg>
<doc>Returns the given values which can then be assigned to a variables.</doc>
<msg timestamp="20230801 10:07:04.359" level="TRACE">Arguments: [ 'False' ]</msg>
<msg timestamp="20230801 10:07:04.359" level="TRACE">Return: 'False'</msg>
<msg timestamp="20230801 10:07:04.359" level="INFO">${visible} = False</msg>
<status status="PASS" starttime="20230801 10:07:04.359" endtime="20230801 10:07:04.359"/>
</kw>
<status status="PASS" starttime="20230801 10:07:04.359" endtime="20230801 10:07:04.359"/>
</branch>
<status status="PASS" starttime="20230801 10:07:04.358" endtime="20230801 10:07:04.359"/>
</if>
<status status="PASS" starttime="20230801 10:06:54.350" endtime="20230801 10:07:04.359"/>
</branch>
<branch type="EXCEPT">
<kw name="Set Variable" library="BuiltIn">
<var>${visible}</var>
<arg>False</arg>
<doc>Returns the given values which can then be assigned to a variables.</doc>
<status status="NOT RUN" starttime="20230801 10:07:04.360" endtime="20230801 10:07:04.360"/>
</kw>
<status status="NOT RUN" starttime="20230801 10:07:04.360" endtime="20230801 10:07:04.360"/>
</branch>
<status status="PASS" starttime="20230801 10:06:54.350" endtime="20230801 10:07:04.360"/>
</try>
<kw name="Set Browser Timeout" library="Browser">
<arg>${timeout}</arg>
<tag>Config</tag>
<tag>Setter</tag>
<doc>Sets the timeout used by most input and getter keywords.</doc>
<msg timestamp="20230801 10:07:04.360" level="TRACE">Arguments: [ datetime.timedelta(seconds=90) ]</msg>
<msg timestamp="20230801 10:07:04.363" level="INFO">Set timeout to: 90000</msg>
<msg timestamp="20230801 10:07:04.363" level="TRACE">Return: '10 seconds'</msg>
<status status="PASS" starttime="20230801 10:07:04.360" endtime="20230801 10:07:04.363"/>
</kw>
<msg timestamp="20230801 10:07:04.363" level="TRACE">Return: 'False'</msg>
<msg timestamp="20230801 10:07:04.363" level="INFO">${cookieModalVisible} = False</msg>
<status status="PASS" starttime="20230801 10:06:54.347" endtime="20230801 10:07:04.363"/>
</kw>
<if>
<branch type="IF" condition="${cookieModalVisible}">
<kw name="Click" library="Browser">
<arg>id=CybotCookiebotDialogBodyLevelButtonLevelOptinAllowAll</arg>
<tag>PageContent</tag>
<tag>Setter</tag>
<doc>Simulates mouse click on the element found by ``selector``.</doc>
<status status="NOT RUN" starttime="20230801 10:07:04.364" endtime="20230801 10:07:04.364"/>
</kw>
<status status="NOT RUN" starttime="20230801 10:07:04.363" endtime="20230801 10:07:04.364"/>
</branch>
<branch type="ELSE">
<kw name="Log" library="BuiltIn">
<arg>No Cookie Modal Visible</arg>
<doc>Logs the given message with the given level.</doc>
<msg timestamp="20230801 10:07:04.364" level="TRACE">Arguments: [ 'No Cookie Modal Visible' ]</msg>
<msg timestamp="20230801 10:07:04.364" level="INFO">No Cookie Modal Visible</msg>
<msg timestamp="20230801 10:07:04.364" level="TRACE">Return: None</msg>
<status status="PASS" starttime="20230801 10:07:04.364" endtime="20230801 10:07:04.364"/>
</kw>
<status status="PASS" starttime="20230801 10:07:04.364" endtime="20230801 10:07:04.364"/>
</branch>
<status status="PASS" starttime="20230801 10:07:04.363" endtime="20230801 10:07:04.364"/>
</if>
<msg timestamp="20230801 10:07:04.364" level="TRACE">Return: None</msg>
<status status="PASS" starttime="20230801 10:06:54.346" endtime="20230801 10:07:04.364"/>
</kw>
<kw name="Set Environment" library="common">
<msg timestamp="20230801 10:07:04.365" level="TRACE">Arguments: [  ]</msg>
<kw name="Get Url" library="Browser">
<var>${currentUrl}</var>
<tag>Assertion</tag>
<tag>Getter</tag>
<tag>PageContent</tag>
<doc>Returns the current URL.</doc>
<msg timestamp="20230801 10:07:04.365" level="TRACE">Arguments: [  ]</msg>
<msg timestamp="20230801 10:07:04.367" level="DEBUG">https://test3.omenahotels.com/en</msg>
<msg timestamp="20230801 10:07:04.367" level="TRACE">Return: 'https://test3.omenahotels.com/en'</msg>
<msg timestamp="20230801 10:07:04.367" level="INFO">${currentUrl} = https://test3.omenahotels.com/en</msg>
<status status="PASS" starttime="20230801 10:07:04.365" endtime="20230801 10:07:04.367"/>
</kw>
<kw name="Get Environment From Url" library="Helpers">
<var>${env}</var>
<arg>${currentUrl}</arg>
<msg timestamp="20230801 10:07:04.367" level="TRACE">Arguments: [ 'https://test3.omenahotels.com/en' ]</msg>
<msg timestamp="20230801 10:07:04.367" level="TRACE">Return: 'test-omena'</msg>
<msg timestamp="20230801 10:07:04.367" level="INFO">${env} = test-omena</msg>
<status status="PASS" starttime="20230801 10:07:04.367" endtime="20230801 10:07:04.367"/>
</kw>
<kw name="Set Variable" library="BuiltIn">
<arg>${environment}</arg>
<arg>${env}</arg>
<doc>Returns the given values which can then be assigned to a variables.</doc>
<msg timestamp="20230801 10:07:04.368" level="TRACE">Arguments: [ '' | 'test-omena' ]</msg>
<msg timestamp="20230801 10:07:04.368" level="TRACE">Return: ['', 'test-omena']</msg>
<status status="PASS" starttime="20230801 10:07:04.367" endtime="20230801 10:07:04.368"/>
</kw>
<msg timestamp="20230801 10:07:04.368" level="TRACE">Return: None</msg>
<status status="PASS" starttime="20230801 10:07:04.365" endtime="20230801 10:07:04.368"/>
</kw>
<msg timestamp="20230801 10:07:04.368" level="TRACE">Return: None</msg>
<status status="PASS" starttime="20230801 10:06:51.453" endtime="20230801 10:07:04.368"/>
</kw>
<kw name="Booker just completed payment for a reservation with 1 room 3 guest" library="booking">
<msg timestamp="20230801 10:07:04.368" level="TRACE">Arguments: [  ]</msg>
<kw name="Select Hotel" library="booking">
<arg>Helsinki, Lönnrotinkatu</arg>
<doc>Select Hotel by using a number as an argument, default Lönnrotinkatu</doc>
<msg timestamp="20230801 10:07:04.369" level="TRACE">Arguments: [ ${hotel}='Helsinki, Lönnrotinkatu' ]</msg>
<if>
<branch type="IF" condition="&quot;${environment}&quot; == &quot;test-exhibition&quot;">
<kw name="Log" library="BuiltIn">
<arg>No hotel to be selected</arg>
<doc>Logs the given message with the given level.</doc>
<status status="NOT RUN" starttime="20230801 10:07:04.369" endtime="20230801 10:07:04.369"/>
</kw>
<status status="NOT RUN" starttime="20230801 10:07:04.369" endtime="20230801 10:07:04.369"/>
</branch>
<branch type="ELSE">
<kw name="Log" library="BuiltIn">
<arg>Selecting Hotel: ${hotel}</arg>
<doc>Logs the given message with the given level.</doc>
<msg timestamp="20230801 10:07:04.369" level="TRACE">Arguments: [ 'Selecting Hotel: Helsinki, Lönnrotinkatu' ]</msg>
<msg timestamp="20230801 10:07:04.369" level="INFO">Selecting Hotel: Helsinki, Lönnrotinkatu</msg>
<msg timestamp="20230801 10:07:04.369" level="TRACE">Return: None</msg>
<status status="PASS" starttime="20230801 10:07:04.369" endtime="20230801 10:07:04.369"/>
</kw>
<kw name="Click" library="Browser">
<arg>//div[contains(@data-nelson-btn, "hotels")]</arg>
<tag>PageContent</tag>
<tag>Setter</tag>
<doc>Simulates mouse click on the element found by ``selector``.</doc>
<msg timestamp="20230801 10:07:04.370" level="TRACE">Arguments: [ '//div[contains(@data-nelson-btn, "hotels")]' ]</msg>
<msg timestamp="20230801 10:07:04.370" level="DEBUG">Click options are: {"button": "left", "clickCount": 1, "force": false, "noWaitAfter": false, "trial": false}</msg>
<msg timestamp="20230801 10:08:34.401" level="DEBUG">Screenshot successfully captured to: /home/runner/work/nelson-test-automation/nelson-test-automation/reports/test3/browser/screenshot/fail-screenshot-1.png</msg>
<msg timestamp="20230801 10:08:34.401" level="INFO" html="true">&lt;/td&gt;&lt;/tr&gt;&lt;tr&gt;&lt;td colspan="3"&gt;&lt;a href="browser/screenshot/fail-screenshot-1.png" target="_blank"&gt;&lt;img src="browser/screenshot/fail-screenshot-1.png" width="800px"/&gt;&lt;/a&gt;</msg>
<msg timestamp="20230801 10:08:34.401" level="INFO">See also file:///home/runner/work/nelson-test-automation/nelson-test-automation/reports/test3/playwright-log.txt for additional details.</msg>
<msg timestamp="20230801 10:08:34.402" level="FAIL">TimeoutError: locator.click: Timeout 90000ms exceeded.
=========================== logs ===========================
waiting for locator('xpath=//div[contains(@data-nelson-btn, "hotels")]')
============================================================
Tip: Use "Set Browser Timeout" for increasing the timeout or double check your locator as the targeted element(s) couldn't be found.</msg>
<msg timestamp="20230801 10:08:34.424" level="DEBUG">Traceback (most recent call last):
  File "/opt/hostedtoolcache/Python/3.11.4/x64/lib/python3.11/site-packages/Browser/playwright.py", line 158, in grpc_channel
    yield playwright_pb2_grpc.PlaywrightStub(self._channel)
  File "/opt/hostedtoolcache/Python/3.11.4/x64/lib/python3.11/site-packages/Browser/keywords/interaction.py", line 446, in click_with_options
    response = stub.Click(
               ^^^^^^^^^^^
  File "/opt/hostedtoolcache/Python/3.11.4/x64/lib/python3.11/site-packages/grpc/_channel.py", line 1030, in __call__
    return _end_unary_response_blocking(state, call, False, None)
           ^^^^^^^^^^^^^^^^^^^^^^^^^^^^^^^^^^^^^^^^^^^^^^^^^^^^^^
  File "/opt/hostedtoolcache/Python/3.11.4/x64/lib/python3.11/site-packages/grpc/_channel.py", line 910, in _end_unary_response_blocking
    raise _InactiveRpcError(state)  # pytype: disable=not-instantiable
    ^^^^^^^^^^^^^^^^^^^^^^^^^^^^^^
grpc._channel._InactiveRpcError: &lt;_InactiveRpcError of RPC that terminated with:
	status = StatusCode.DEADLINE_EXCEEDED
	details = "TimeoutError: locator.click: Timeout 90000ms exceeded.
=========================== logs ===========================
waiting for locator('xpath=//div[contains(@data-nelson-btn, "hotels")]')
============================================================"
	debug_error_string = "UNKNOWN:Error received from peer  {created_time:"2023-08-01T10:08:34.374933365+00:00", grpc_status:4, grpc_message:"TimeoutError: locator.click: Timeout 90000ms exceeded.\n=========================== logs ===========================\nwaiting for locator(\'xpath=//div[contains(@data-nelson-btn, \"hotels\")]\')\n============================================================"}"
&gt;

During handling of the above exception, another exception occurred:

Traceback (most recent call last):
  File "/opt/hostedtoolcache/Python/3.11.4/x64/lib/python3.11/site-packages/Browser/browser.py", line 1095, in run_keyword
    raise e
  File "/opt/hostedtoolcache/Python/3.11.4/x64/lib/python3.11/site-packages/Browser/browser.py", line 1084, in run_keyword
    return DynamicCore.run_keyword(self, name, args, kwargs)
           ^^^^^^^^^^^^^^^^^^^^^^^^^^^^^^^^^^^^^^^^^^^^^^^^^
  File "/opt/hostedtoolcache/Python/3.11.4/x64/lib/python3.11/site-packages/robotlibcore.py", line 126, in run_keyword
    return self.keywords[name](*args, **(kwargs or {}))
           ^^^^^^^^^^^^^^^^^^^^^^^^^^^^^^^^^^^^^^^^^^^^
  File "/opt/hostedtoolcache/Python/3.11.4/x64/lib/python3.11/site-packages/Browser/keywords/interaction.py", line 366, in click
    self.click_with_options(
  File "/opt/hostedtoolcache/Python/3.11.4/x64/lib/python3.11/site-packages/Browser/keywords/interaction.py", line 428, in click_with_options
    with self.playwright.grpc_channel() as stub:
  File "/opt/hostedtoolcache/Python/3.11.4/x64/lib/python3.11/contextlib.py", line 155, in __exit__
    self.gen.throw(typ, value, traceback)
  File "/opt/hostedtoolcache/Python/3.11.4/x64/lib/python3.11/site-packages/Browser/playwright.py", line 162, in grpc_channel
    raise AssertionError(error.details())
AssertionError: TimeoutError: locator.click: Timeout 90000ms exceeded.
=========================== logs ===========================
waiting for locator('xpath=//div[contains(@data-nelson-btn, "hotels")]')
============================================================
Tip: Use "Set Browser Timeout" for increasing the timeout or double check your locator as the targeted element(s) couldn't be found.</msg>
<status status="FAIL" starttime="20230801 10:07:04.370" endtime="20230801 10:08:34.424"/>
</kw>
<kw name="Wait Until Visible" library="common">
<arg>//a[contains(@class, 'dropdown-item') and contains(text(), '${hotel}')]</arg>
<doc>An easier keyword for waiting until an element is visible</doc>
<status status="NOT RUN" starttime="20230801 10:08:34.425" endtime="20230801 10:08:34.425"/>
</kw>
<kw name="Click" library="Browser">
<arg>//a[contains(@class, 'dropdown-item') and contains(text(), '${hotel}')]</arg>
<tag>PageContent</tag>
<tag>Setter</tag>
<doc>Simulates mouse click on the element found by ``selector``.</doc>
<status status="NOT RUN" starttime="20230801 10:08:34.425" endtime="20230801 10:08:34.425"/>
</kw>
<kw name="Wait For Elements State" library="Browser">
<arg>//a[contains(@class, 'dropdown-item') and contains(text(), '${hotel}')]</arg>
<arg>hidden</arg>
<arg>timeout=3s</arg>
<tag>PageContent</tag>
<tag>Wait</tag>
<doc>Waits for the element found by ``selector`` to satisfy state option.</doc>
<status status="NOT RUN" starttime="20230801 10:08:34.425" endtime="20230801 10:08:34.425"/>
</kw>
<status status="FAIL" starttime="20230801 10:07:04.369" endtime="20230801 10:08:34.425"/>
</branch>
<status status="FAIL" starttime="20230801 10:07:04.369" endtime="20230801 10:08:34.425"/>
</if>
<status status="FAIL" starttime="20230801 10:07:04.368" endtime="20230801 10:08:34.426"/>
</kw>
<kw name="Select Dates" library="booking">
<status status="NOT RUN" starttime="20230801 10:08:34.426" endtime="20230801 10:08:34.426"/>
</kw>
<kw name="Select 1 Room 2 Adult and 1 Children" library="booking">
<status status="NOT RUN" starttime="20230801 10:08:34.427" endtime="20230801 10:08:34.427"/>
</kw>
<kw name="Click Book or Find Rooms Button" library="booking">
<status status="NOT RUN" starttime="20230801 10:08:34.427" endtime="20230801 10:08:34.427"/>
</kw>
<kw name="Select a Standard Room" library="booking">
<status status="NOT RUN" starttime="20230801 10:08:34.427" endtime="20230801 10:08:34.427"/>
</kw>
<kw name="Click Continue to Extras Button" library="booking">
<doc>Clicks the continue to extras button</doc>
<status status="NOT RUN" starttime="20230801 10:08:34.427" endtime="20230801 10:08:34.427"/>
</kw>
<kw name="Click Continue to Payment" library="booking">
<status status="NOT RUN" starttime="20230801 10:08:34.427" endtime="20230801 10:08:34.427"/>
</kw>
<kw name="Check Regular Rate 2" library="booking">
<status status="NOT RUN" starttime="20230801 10:08:34.427" endtime="20230801 10:08:34.427"/>
</kw>
<kw name="Fill in Contact Information" library="booking">
<doc>Fills in Contact information that can be given as arguments or use default values
Uses a password if the environment is bui and</doc>
<status status="NOT RUN" starttime="20230801 10:08:34.427" endtime="20230801 10:08:34.428"/>
</kw>
<kw name="Accept offers and Terms" library="booking">
<status status="NOT RUN" starttime="20230801 10:08:34.428" endtime="20230801 10:08:34.428"/>
</kw>
<kw name="Select Web Bank and Nordea as Payment Method" library="booking">
<status status="NOT RUN" starttime="20230801 10:08:34.428" endtime="20230801 10:08:34.428"/>
</kw>
<kw name="Complete Payment Successfully" library="booking">
<status status="NOT RUN" starttime="20230801 10:08:34.428" endtime="20230801 10:08:34.428"/>
</kw>
<status status="FAIL" starttime="20230801 10:07:04.368" endtime="20230801 10:08:34.428"/>
</kw>
<kw name="Booker is brought back to Comfirmation Landing page" library="booking">
<status status="NOT RUN" starttime="20230801 10:08:34.429" endtime="20230801 10:08:34.429"/>
</kw>
<kw name="Booker does not update information" library="booking">
<status status="NOT RUN" starttime="20230801 10:08:34.429" endtime="20230801 10:08:34.429"/>
</kw>
<kw name="Verify UI confirmation landing page when Booker does not update information" library="booking">
<status status="NOT RUN" starttime="20230801 10:08:34.429" endtime="20230801 10:08:34.429"/>
</kw>
<kw name="Close Browser" library="Browser" type="TEARDOWN">
<tag>BrowserControl</tag>
<tag>Setter</tag>
<doc>Closes the current browser.</doc>
<msg timestamp="20230801 10:08:34.430" level="TRACE">Arguments: [  ]</msg>
<msg timestamp="20230801 10:08:34.987" level="INFO">Closed browser</msg>
<msg timestamp="20230801 10:08:34.987" level="TRACE">Return: None</msg>
<status status="PASS" starttime="20230801 10:08:34.429" endtime="20230801 10:08:34.987"/>
</kw>
<status status="FAIL" starttime="20230801 10:06:51.452" endtime="20230801 10:08:34.988">TimeoutError: locator.click: Timeout 90000ms exceeded.
=========================== logs ===========================
waiting for locator('xpath=//div[contains(@data-nelson-btn, "hotels")]')
============================================================
Tip: Use "Set Browser Timeout" for increasing the timeout or double check your locator as the targeted element(s) couldn't be found.</status>
</test>
<test id="s1-s1-s1-s1-s1-t2" name="Verify User changes to another nationality than Finland and vice versa" line="18">
<kw name="Open Browser to Landing Page" library="common" type="SETUP">
<doc>A general startup keyword for opening a browser to the landing page.</doc>
<msg timestamp="20230801 10:08:34.992" level="TRACE">Arguments: [  ]</msg>
<kw name="Open New Browser To URL" library="common">
<arg>${url}</arg>
<msg timestamp="20230801 10:08:34.993" level="TRACE">Arguments: [ ${url}='https://test3.omenahotels.com/en' ]</msg>
<kw name="New Browser" library="Browser">
<arg>${browser}</arg>
<arg>${headless}</arg>
<arg>timeout=${timeout}</arg>
<tag>BrowserControl</tag>
<tag>Setter</tag>
<doc>Create a new playwright Browser with specified options.</doc>
<msg timestamp="20230801 10:08:34.993" level="TRACE">Arguments: [ &lt;SupportedBrowsers.firefox: 2&gt; | True | timeout=datetime.timedelta(seconds=90) ]</msg>
<msg timestamp="20230801 10:08:34.993" level="INFO">{"browser": "firefox", "headless": true, "chromiumSandbox": false, "devtools": false, "handleSIGHUP": true, "handleSIGINT": true, "handleSIGTERM": true, "ignoreDefaultArgs": false, "slowMo": 0.0, "timeout": 90000.0, "tracesDir": "/home/runner/work/nelson-test-automation/nelson-test-automation/reports/test3/browser/traces/81374742-36d8-4fb1-ac82-2d498101a6a9"}</msg>
<msg timestamp="20230801 10:08:35.568" level="INFO">Successfully created browser with options: {"browser":"firefox","headless":true,"chromiumSandbox":false,"devtools":false,"handleSIGHUP":true,"handleSIGINT":true,"handleSIGTERM":true,"ignoreDefaultArgs":false,"slowMo":0,"timeout":90000,"tracesDir":"/home/runner/work/nelson-test-automation/nelson-test-automation/reports/test3/browser/traces/81374742-36d8-4fb1-ac82-2d498101a6a9"}</msg>
<msg timestamp="20230801 10:08:35.568" level="TRACE">Return: 'browser=4731c5ee-7512-4589-b8e1-8a75fc542578'</msg>
<status status="PASS" starttime="20230801 10:08:34.993" endtime="20230801 10:08:35.568"/>
</kw>
<kw name="Set Browser Timeout" library="Browser">
<arg>${timeout}</arg>
<tag>Config</tag>
<tag>Setter</tag>
<doc>Sets the timeout used by most input and getter keywords.</doc>
<msg timestamp="20230801 10:08:35.569" level="TRACE">Arguments: [ datetime.timedelta(seconds=90) ]</msg>
<msg timestamp="20230801 10:08:35.569" level="TRACE">Return: '1 minute 30 seconds'</msg>
<status status="PASS" starttime="20230801 10:08:35.569" endtime="20230801 10:08:35.569"/>
</kw>
<kw name="New Context" library="Browser">
<tag>BrowserControl</tag>
<tag>Setter</tag>
<doc>Create a new BrowserContext with specified options.</doc>
<msg timestamp="20230801 10:08:35.569" level="TRACE">Arguments: [  ]</msg>
<msg timestamp="20230801 10:08:35.570" level="INFO">{
  "acceptDownloads": true,
  "bypassCSP": false,
  "forcedColors": "none",
  "hideRfBrowser": "",
  "ignoreHTTPSErrors": false,
  "javaScriptEnabled": true,
  "offline": false,
  "reducedMotion": "no-preference",
  "serviceWorkers": "allow",
  "viewport": {
    "height": 720,
    "width": 1280
  }
}</msg>
<msg timestamp="20230801 10:08:35.597" level="INFO">Successfully created context. </msg>
<msg timestamp="20230801 10:08:35.597" level="INFO">{'acceptDownloads': True, 'bypassCSP': False, 'forcedColors': 'none', 'hideRfBrowser': '', 'ignoreHTTPSErrors': False, 'javaScriptEnabled': True, 'offline': False, 'reducedMotion': 'no-preference', 'serviceWorkers': 'allow', 'viewport': {'height': 720, 'width': 1280}}</msg>
<msg timestamp="20230801 10:08:35.597" level="TRACE">Return: 'context=aab4cd13-c2de-4d87-ad17-3d335f048175'</msg>
<status status="PASS" starttime="20230801 10:08:35.569" endtime="20230801 10:08:35.597"/>
</kw>
<kw name="New Page" library="Browser">
<arg>${url}</arg>
<tag>BrowserControl</tag>
<tag>Setter</tag>
<doc>Open a new Page.</doc>
<msg timestamp="20230801 10:08:35.598" level="TRACE">Arguments: [ 'https://test3.omenahotels.com/en' ]</msg>
<msg timestamp="20230801 10:08:36.743" level="INFO">Successfully initialized new page object and opened url: https://test3.omenahotels.com/en</msg>
<msg timestamp="20230801 10:08:36.744" level="DEBUG">Video is not enabled.</msg>
<msg timestamp="20230801 10:08:36.744" level="TRACE">Return: {'page_id': 'page=651a0c65-c405-4af9-8f76-b3c233a629bb', 'video_path': ''}</msg>
<status status="PASS" starttime="20230801 10:08:35.598" endtime="20230801 10:08:36.744"/>
</kw>
<msg timestamp="20230801 10:08:36.744" level="TRACE">Return: None</msg>
<status status="PASS" starttime="20230801 10:08:34.992" endtime="20230801 10:08:36.744"/>
</kw>
<kw name="Wait Until Network Is Idle" library="Browser">
<tag>HTTP</tag>
<tag>Wait</tag>
<doc>Waits until there has been at least one instance of 500 ms of no network traffic on the page after loading.</doc>
<msg timestamp="20230801 10:08:36.744" level="TRACE">Arguments: [  ]</msg>
<msg timestamp="20230801 10:08:37.242" level="DEBUG">Network is idle</msg>
<msg timestamp="20230801 10:08:37.242" level="TRACE">Return: None</msg>
<status status="PASS" starttime="20230801 10:08:36.744" endtime="20230801 10:08:37.242"/>
</kw>
<kw name="Allow Cookies" library="common">
<doc>Allow Cookies/Toggle Cookie allowance</doc>
<msg timestamp="20230801 10:08:37.242" level="TRACE">Arguments: [  ]</msg>
<kw name="Is Element Found" library="common">
<var>${cookieModalVisible}</var>
<arg>id=CybotCookiebotDialogBodyLevelButtonLevelOptinAllowAll</arg>
<doc>A keyword that has a very complex way of figuring out whether an
element is found or not because I had trouble with the built-in keywords
Can be solved differently if you have a better idea</doc>
<msg timestamp="20230801 10:08:37.243" level="TRACE">Arguments: [ ${selector}='id=CybotCookiebotDialogBodyLevelButtonLevelOptinAllowAll' ]</msg>
<kw name="Set Browser Timeout" library="Browser">
<arg>10s</arg>
<tag>Config</tag>
<tag>Setter</tag>
<doc>Sets the timeout used by most input and getter keywords.</doc>
<msg timestamp="20230801 10:08:37.243" level="TRACE">Arguments: [ datetime.timedelta(seconds=10) ]</msg>
<msg timestamp="20230801 10:08:37.245" level="INFO">Set timeout to: 10000</msg>
<msg timestamp="20230801 10:08:37.245" level="TRACE">Return: '1 minute 30 seconds'</msg>
<status status="PASS" starttime="20230801 10:08:37.243" endtime="20230801 10:08:37.245"/>
</kw>
<try>
<branch type="TRY">
<kw name="Get Elements" library="Browser">
<var>${els}</var>
<arg>${selector}</arg>
<tag>Getter</tag>
<tag>PageContent</tag>
<doc>Returns a reference to Playwright [https://playwright.dev/docs/api/class-locator|Locator]
for all matched elements by ``selector``.</doc>
<msg timestamp="20230801 10:08:37.246" level="TRACE">Arguments: [ 'id=CybotCookiebotDialogBodyLevelButtonLevelOptinAllowAll' ]</msg>
<msg timestamp="20230801 10:08:47.249" level="INFO">Found  Locators successfully.</msg>
<msg timestamp="20230801 10:08:47.249" level="DEBUG">[]</msg>
<msg timestamp="20230801 10:08:47.249" level="TRACE">Return: []</msg>
<msg timestamp="20230801 10:08:47.250" level="INFO">${els} = []</msg>
<status status="PASS" starttime="20230801 10:08:37.245" endtime="20230801 10:08:47.250"/>
</kw>
<kw name="Get Length" library="BuiltIn">
<var>${count}</var>
<arg>${els}</arg>
<doc>Returns and logs the length of the given item as an integer.</doc>
<msg timestamp="20230801 10:08:47.250" level="TRACE">Arguments: [ [] ]</msg>
<msg timestamp="20230801 10:08:47.250" level="INFO">Length is 0</msg>
<msg timestamp="20230801 10:08:47.250" level="TRACE">Return: 0</msg>
<msg timestamp="20230801 10:08:47.250" level="INFO">${count} = 0</msg>
<status status="PASS" starttime="20230801 10:08:47.250" endtime="20230801 10:08:47.250"/>
</kw>
<if>
<branch type="IF" condition="${count} &gt; 0">
<kw name="Set Variable" library="BuiltIn">
<var>${visible}</var>
<arg>True</arg>
<doc>Returns the given values which can then be assigned to a variables.</doc>
<status status="NOT RUN" starttime="20230801 10:08:47.251" endtime="20230801 10:08:47.251"/>
</kw>
<status status="NOT RUN" starttime="20230801 10:08:47.250" endtime="20230801 10:08:47.251"/>
</branch>
<branch type="ELSE">
<kw name="Set Variable" library="BuiltIn">
<var>${visible}</var>
<arg>False</arg>
<doc>Returns the given values which can then be assigned to a variables.</doc>
<msg timestamp="20230801 10:08:47.251" level="TRACE">Arguments: [ 'False' ]</msg>
<msg timestamp="20230801 10:08:47.251" level="TRACE">Return: 'False'</msg>
<msg timestamp="20230801 10:08:47.251" level="INFO">${visible} = False</msg>
<status status="PASS" starttime="20230801 10:08:47.251" endtime="20230801 10:08:47.251"/>
</kw>
<status status="PASS" starttime="20230801 10:08:47.251" endtime="20230801 10:08:47.251"/>
</branch>
<status status="PASS" starttime="20230801 10:08:47.250" endtime="20230801 10:08:47.251"/>
</if>
<status status="PASS" starttime="20230801 10:08:37.245" endtime="20230801 10:08:47.251"/>
</branch>
<branch type="EXCEPT">
<kw name="Set Variable" library="BuiltIn">
<var>${visible}</var>
<arg>False</arg>
<doc>Returns the given values which can then be assigned to a variables.</doc>
<status status="NOT RUN" starttime="20230801 10:08:47.252" endtime="20230801 10:08:47.252"/>
</kw>
<status status="NOT RUN" starttime="20230801 10:08:47.252" endtime="20230801 10:08:47.252"/>
</branch>
<status status="PASS" starttime="20230801 10:08:37.245" endtime="20230801 10:08:47.252"/>
</try>
<kw name="Set Browser Timeout" library="Browser">
<arg>${timeout}</arg>
<tag>Config</tag>
<tag>Setter</tag>
<doc>Sets the timeout used by most input and getter keywords.</doc>
<msg timestamp="20230801 10:08:47.252" level="TRACE">Arguments: [ datetime.timedelta(seconds=90) ]</msg>
<msg timestamp="20230801 10:08:47.254" level="INFO">Set timeout to: 90000</msg>
<msg timestamp="20230801 10:08:47.254" level="TRACE">Return: '10 seconds'</msg>
<status status="PASS" starttime="20230801 10:08:47.252" endtime="20230801 10:08:47.254"/>
</kw>
<msg timestamp="20230801 10:08:47.255" level="TRACE">Return: 'False'</msg>
<msg timestamp="20230801 10:08:47.255" level="INFO">${cookieModalVisible} = False</msg>
<status status="PASS" starttime="20230801 10:08:37.242" endtime="20230801 10:08:47.255"/>
</kw>
<if>
<branch type="IF" condition="${cookieModalVisible}">
<kw name="Click" library="Browser">
<arg>id=CybotCookiebotDialogBodyLevelButtonLevelOptinAllowAll</arg>
<tag>PageContent</tag>
<tag>Setter</tag>
<doc>Simulates mouse click on the element found by ``selector``.</doc>
<status status="NOT RUN" starttime="20230801 10:08:47.255" endtime="20230801 10:08:47.255"/>
</kw>
<status status="NOT RUN" starttime="20230801 10:08:47.255" endtime="20230801 10:08:47.255"/>
</branch>
<branch type="ELSE">
<kw name="Log" library="BuiltIn">
<arg>No Cookie Modal Visible</arg>
<doc>Logs the given message with the given level.</doc>
<msg timestamp="20230801 10:08:47.255" level="TRACE">Arguments: [ 'No Cookie Modal Visible' ]</msg>
<msg timestamp="20230801 10:08:47.256" level="INFO">No Cookie Modal Visible</msg>
<msg timestamp="20230801 10:08:47.256" level="TRACE">Return: None</msg>
<status status="PASS" starttime="20230801 10:08:47.255" endtime="20230801 10:08:47.256"/>
</kw>
<status status="PASS" starttime="20230801 10:08:47.255" endtime="20230801 10:08:47.256"/>
</branch>
<status status="PASS" starttime="20230801 10:08:47.255" endtime="20230801 10:08:47.256"/>
</if>
<msg timestamp="20230801 10:08:47.256" level="TRACE">Return: None</msg>
<status status="PASS" starttime="20230801 10:08:37.242" endtime="20230801 10:08:47.256"/>
</kw>
<kw name="Set Environment" library="common">
<msg timestamp="20230801 10:08:47.256" level="TRACE">Arguments: [  ]</msg>
<kw name="Get Url" library="Browser">
<var>${currentUrl}</var>
<tag>Assertion</tag>
<tag>Getter</tag>
<tag>PageContent</tag>
<doc>Returns the current URL.</doc>
<msg timestamp="20230801 10:08:47.256" level="TRACE">Arguments: [  ]</msg>
<msg timestamp="20230801 10:08:47.258" level="DEBUG">https://test3.omenahotels.com/en</msg>
<msg timestamp="20230801 10:08:47.258" level="TRACE">Return: 'https://test3.omenahotels.com/en'</msg>
<msg timestamp="20230801 10:08:47.258" level="INFO">${currentUrl} = https://test3.omenahotels.com/en</msg>
<status status="PASS" starttime="20230801 10:08:47.256" endtime="20230801 10:08:47.258"/>
</kw>
<kw name="Get Environment From Url" library="Helpers">
<var>${env}</var>
<arg>${currentUrl}</arg>
<msg timestamp="20230801 10:08:47.258" level="TRACE">Arguments: [ 'https://test3.omenahotels.com/en' ]</msg>
<msg timestamp="20230801 10:08:47.258" level="TRACE">Return: 'test-omena'</msg>
<msg timestamp="20230801 10:08:47.258" level="INFO">${env} = test-omena</msg>
<status status="PASS" starttime="20230801 10:08:47.258" endtime="20230801 10:08:47.258"/>
</kw>
<kw name="Set Variable" library="BuiltIn">
<arg>${environment}</arg>
<arg>${env}</arg>
<doc>Returns the given values which can then be assigned to a variables.</doc>
<msg timestamp="20230801 10:08:47.259" level="TRACE">Arguments: [ '' | 'test-omena' ]</msg>
<msg timestamp="20230801 10:08:47.259" level="TRACE">Return: ['', 'test-omena']</msg>
<status status="PASS" starttime="20230801 10:08:47.258" endtime="20230801 10:08:47.259"/>
</kw>
<msg timestamp="20230801 10:08:47.259" level="TRACE">Return: None</msg>
<status status="PASS" starttime="20230801 10:08:47.256" endtime="20230801 10:08:47.259"/>
</kw>
<msg timestamp="20230801 10:08:47.259" level="TRACE">Return: None</msg>
<status status="PASS" starttime="20230801 10:08:34.990" endtime="20230801 10:08:47.259"/>
</kw>
<kw name="Booker just completed payment for a reservation with 1 room 3 guest" library="booking">
<msg timestamp="20230801 10:08:47.259" level="TRACE">Arguments: [  ]</msg>
<kw name="Select Hotel" library="booking">
<arg>Helsinki, Lönnrotinkatu</arg>
<doc>Select Hotel by using a number as an argument, default Lönnrotinkatu</doc>
<msg timestamp="20230801 10:08:47.260" level="TRACE">Arguments: [ ${hotel}='Helsinki, Lönnrotinkatu' ]</msg>
<if>
<branch type="IF" condition="&quot;${environment}&quot; == &quot;test-exhibition&quot;">
<kw name="Log" library="BuiltIn">
<arg>No hotel to be selected</arg>
<doc>Logs the given message with the given level.</doc>
<status status="NOT RUN" starttime="20230801 10:08:47.260" endtime="20230801 10:08:47.260"/>
</kw>
<status status="NOT RUN" starttime="20230801 10:08:47.260" endtime="20230801 10:08:47.260"/>
</branch>
<branch type="ELSE">
<kw name="Log" library="BuiltIn">
<arg>Selecting Hotel: ${hotel}</arg>
<doc>Logs the given message with the given level.</doc>
<msg timestamp="20230801 10:08:47.260" level="TRACE">Arguments: [ 'Selecting Hotel: Helsinki, Lönnrotinkatu' ]</msg>
<msg timestamp="20230801 10:08:47.260" level="INFO">Selecting Hotel: Helsinki, Lönnrotinkatu</msg>
<msg timestamp="20230801 10:08:47.260" level="TRACE">Return: None</msg>
<status status="PASS" starttime="20230801 10:08:47.260" endtime="20230801 10:08:47.260"/>
</kw>
<kw name="Click" library="Browser">
<arg>//div[contains(@data-nelson-btn, "hotels")]</arg>
<tag>PageContent</tag>
<tag>Setter</tag>
<doc>Simulates mouse click on the element found by ``selector``.</doc>
<msg timestamp="20230801 10:08:47.261" level="TRACE">Arguments: [ '//div[contains(@data-nelson-btn, "hotels")]' ]</msg>
<msg timestamp="20230801 10:08:47.261" level="DEBUG">Click options are: {"button": "left", "clickCount": 1, "force": false, "noWaitAfter": false, "trial": false}</msg>
<msg timestamp="20230801 10:10:17.287" level="DEBUG">Screenshot successfully captured to: /home/runner/work/nelson-test-automation/nelson-test-automation/reports/test3/browser/screenshot/fail-screenshot-2.png</msg>
<msg timestamp="20230801 10:10:17.287" level="INFO" html="true">&lt;/td&gt;&lt;/tr&gt;&lt;tr&gt;&lt;td colspan="3"&gt;&lt;a href="browser/screenshot/fail-screenshot-2.png" target="_blank"&gt;&lt;img src="browser/screenshot/fail-screenshot-2.png" width="800px"/&gt;&lt;/a&gt;</msg>
<msg timestamp="20230801 10:10:17.287" level="INFO">See also file:///home/runner/work/nelson-test-automation/nelson-test-automation/reports/test3/playwright-log.txt for additional details.</msg>
<msg timestamp="20230801 10:10:17.288" level="FAIL">TimeoutError: locator.click: Timeout 90000ms exceeded.
=========================== logs ===========================
waiting for locator('xpath=//div[contains(@data-nelson-btn, "hotels")]')
============================================================
Tip: Use "Set Browser Timeout" for increasing the timeout or double check your locator as the targeted element(s) couldn't be found.</msg>
<msg timestamp="20230801 10:10:17.289" level="DEBUG">Traceback (most recent call last):
  File "/opt/hostedtoolcache/Python/3.11.4/x64/lib/python3.11/site-packages/Browser/playwright.py", line 158, in grpc_channel
    yield playwright_pb2_grpc.PlaywrightStub(self._channel)
  File "/opt/hostedtoolcache/Python/3.11.4/x64/lib/python3.11/site-packages/Browser/keywords/interaction.py", line 446, in click_with_options
    response = stub.Click(
               ^^^^^^^^^^^
  File "/opt/hostedtoolcache/Python/3.11.4/x64/lib/python3.11/site-packages/grpc/_channel.py", line 1030, in __call__
    return _end_unary_response_blocking(state, call, False, None)
           ^^^^^^^^^^^^^^^^^^^^^^^^^^^^^^^^^^^^^^^^^^^^^^^^^^^^^^
  File "/opt/hostedtoolcache/Python/3.11.4/x64/lib/python3.11/site-packages/grpc/_channel.py", line 910, in _end_unary_response_blocking
    raise _InactiveRpcError(state)  # pytype: disable=not-instantiable
    ^^^^^^^^^^^^^^^^^^^^^^^^^^^^^^
grpc._channel._InactiveRpcError: &lt;_InactiveRpcError of RPC that terminated with:
	status = StatusCode.DEADLINE_EXCEEDED
	details = "TimeoutError: locator.click: Timeout 90000ms exceeded.
=========================== logs ===========================
waiting for locator('xpath=//div[contains(@data-nelson-btn, "hotels")]')
============================================================"
	debug_error_string = "UNKNOWN:Error received from peer  {grpc_message:"TimeoutError: locator.click: Timeout 90000ms exceeded.\n=========================== logs ===========================\nwaiting for locator(\'xpath=//div[contains(@data-nelson-btn, \"hotels\")]\')\n============================================================", grpc_status:4, created_time:"2023-08-01T10:10:17.262926284+00:00"}"
&gt;

During handling of the above exception, another exception occurred:

Traceback (most recent call last):
  File "/opt/hostedtoolcache/Python/3.11.4/x64/lib/python3.11/site-packages/Browser/browser.py", line 1095, in run_keyword
    raise e
  File "/opt/hostedtoolcache/Python/3.11.4/x64/lib/python3.11/site-packages/Browser/browser.py", line 1084, in run_keyword
    return DynamicCore.run_keyword(self, name, args, kwargs)
           ^^^^^^^^^^^^^^^^^^^^^^^^^^^^^^^^^^^^^^^^^^^^^^^^^
  File "/opt/hostedtoolcache/Python/3.11.4/x64/lib/python3.11/site-packages/robotlibcore.py", line 126, in run_keyword
    return self.keywords[name](*args, **(kwargs or {}))
           ^^^^^^^^^^^^^^^^^^^^^^^^^^^^^^^^^^^^^^^^^^^^
  File "/opt/hostedtoolcache/Python/3.11.4/x64/lib/python3.11/site-packages/Browser/keywords/interaction.py", line 366, in click
    self.click_with_options(
  File "/opt/hostedtoolcache/Python/3.11.4/x64/lib/python3.11/site-packages/Browser/keywords/interaction.py", line 428, in click_with_options
    with self.playwright.grpc_channel() as stub:
  File "/opt/hostedtoolcache/Python/3.11.4/x64/lib/python3.11/contextlib.py", line 155, in __exit__
    self.gen.throw(typ, value, traceback)
  File "/opt/hostedtoolcache/Python/3.11.4/x64/lib/python3.11/site-packages/Browser/playwright.py", line 162, in grpc_channel
    raise AssertionError(error.details())
AssertionError: TimeoutError: locator.click: Timeout 90000ms exceeded.
=========================== logs ===========================
waiting for locator('xpath=//div[contains(@data-nelson-btn, "hotels")]')
============================================================
Tip: Use "Set Browser Timeout" for increasing the timeout or double check your locator as the targeted element(s) couldn't be found.</msg>
<status status="FAIL" starttime="20230801 10:08:47.261" endtime="20230801 10:10:17.289"/>
</kw>
<kw name="Wait Until Visible" library="common">
<arg>//a[contains(@class, 'dropdown-item') and contains(text(), '${hotel}')]</arg>
<doc>An easier keyword for waiting until an element is visible</doc>
<status status="NOT RUN" starttime="20230801 10:10:17.289" endtime="20230801 10:10:17.289"/>
</kw>
<kw name="Click" library="Browser">
<arg>//a[contains(@class, 'dropdown-item') and contains(text(), '${hotel}')]</arg>
<tag>PageContent</tag>
<tag>Setter</tag>
<doc>Simulates mouse click on the element found by ``selector``.</doc>
<status status="NOT RUN" starttime="20230801 10:10:17.289" endtime="20230801 10:10:17.289"/>
</kw>
<kw name="Wait For Elements State" library="Browser">
<arg>//a[contains(@class, 'dropdown-item') and contains(text(), '${hotel}')]</arg>
<arg>hidden</arg>
<arg>timeout=3s</arg>
<tag>PageContent</tag>
<tag>Wait</tag>
<doc>Waits for the element found by ``selector`` to satisfy state option.</doc>
<status status="NOT RUN" starttime="20230801 10:10:17.290" endtime="20230801 10:10:17.290"/>
</kw>
<status status="FAIL" starttime="20230801 10:08:47.260" endtime="20230801 10:10:17.290"/>
</branch>
<status status="FAIL" starttime="20230801 10:08:47.260" endtime="20230801 10:10:17.290"/>
</if>
<status status="FAIL" starttime="20230801 10:08:47.259" endtime="20230801 10:10:17.290"/>
</kw>
<kw name="Select Dates" library="booking">
<status status="NOT RUN" starttime="20230801 10:10:17.291" endtime="20230801 10:10:17.291"/>
</kw>
<kw name="Select 1 Room 2 Adult and 1 Children" library="booking">
<status status="NOT RUN" starttime="20230801 10:10:17.291" endtime="20230801 10:10:17.291"/>
</kw>
<kw name="Click Book or Find Rooms Button" library="booking">
<status status="NOT RUN" starttime="20230801 10:10:17.291" endtime="20230801 10:10:17.291"/>
</kw>
<kw name="Select a Standard Room" library="booking">
<status status="NOT RUN" starttime="20230801 10:10:17.291" endtime="20230801 10:10:17.291"/>
</kw>
<kw name="Click Continue to Extras Button" library="booking">
<doc>Clicks the continue to extras button</doc>
<status status="NOT RUN" starttime="20230801 10:10:17.291" endtime="20230801 10:10:17.291"/>
</kw>
<kw name="Click Continue to Payment" library="booking">
<status status="NOT RUN" starttime="20230801 10:10:17.292" endtime="20230801 10:10:17.292"/>
</kw>
<kw name="Check Regular Rate 2" library="booking">
<status status="NOT RUN" starttime="20230801 10:10:17.292" endtime="20230801 10:10:17.292"/>
</kw>
<kw name="Fill in Contact Information" library="booking">
<doc>Fills in Contact information that can be given as arguments or use default values
Uses a password if the environment is bui and</doc>
<status status="NOT RUN" starttime="20230801 10:10:17.292" endtime="20230801 10:10:17.292"/>
</kw>
<kw name="Accept offers and Terms" library="booking">
<status status="NOT RUN" starttime="20230801 10:10:17.292" endtime="20230801 10:10:17.292"/>
</kw>
<kw name="Select Web Bank and Nordea as Payment Method" library="booking">
<status status="NOT RUN" starttime="20230801 10:10:17.292" endtime="20230801 10:10:17.292"/>
</kw>
<kw name="Complete Payment Successfully" library="booking">
<status status="NOT RUN" starttime="20230801 10:10:17.292" endtime="20230801 10:10:17.292"/>
</kw>
<status status="FAIL" starttime="20230801 10:08:47.259" endtime="20230801 10:10:17.293"/>
</kw>
<kw name="Booker is brought back to Comfirmation Landing page" library="booking">
<status status="NOT RUN" starttime="20230801 10:10:17.293" endtime="20230801 10:10:17.293"/>
</kw>
<kw name="Click Check In Button" library="booking">
<status status="NOT RUN" starttime="20230801 10:10:17.293" endtime="20230801 10:10:17.293"/>
</kw>
<kw name="Verify required field presence" library="booking">
<arg>Social security number</arg>
<arg>${True}</arg>
<status status="NOT RUN" starttime="20230801 10:10:17.293" endtime="20230801 10:10:17.293"/>
</kw>
<kw name="Verify required field presence" library="booking">
<arg>Passport number</arg>
<arg>${False}</arg>
<status status="NOT RUN" starttime="20230801 10:10:17.293" endtime="20230801 10:10:17.294"/>
</kw>
<kw name="Search &amp; select nationality" library="booking">
<arg>Vietnam</arg>
<status status="NOT RUN" starttime="20230801 10:10:17.294" endtime="20230801 10:10:17.294"/>
</kw>
<kw name="Verify required field presence" library="booking">
<arg>Social security number</arg>
<arg>${False}</arg>
<status status="NOT RUN" starttime="20230801 10:10:17.294" endtime="20230801 10:10:17.294"/>
</kw>
<kw name="Verify required field presence" library="booking">
<arg>Passport number</arg>
<arg>${True}</arg>
<status status="NOT RUN" starttime="20230801 10:10:17.294" endtime="20230801 10:10:17.294"/>
</kw>
<kw name="Search &amp; select nationality" library="booking">
<arg>Finland</arg>
<status status="NOT RUN" starttime="20230801 10:10:17.294" endtime="20230801 10:10:17.294"/>
</kw>
<kw name="Verify required field presence" library="booking">
<arg>Social security number</arg>
<arg>${True}</arg>
<status status="NOT RUN" starttime="20230801 10:10:17.294" endtime="20230801 10:10:17.294"/>
</kw>
<kw name="Verify required field presence" library="booking">
<arg>Passport number</arg>
<arg>${False}</arg>
<status status="NOT RUN" starttime="20230801 10:10:17.294" endtime="20230801 10:10:17.295"/>
</kw>
<kw name="Close Browser" library="Browser" type="TEARDOWN">
<tag>BrowserControl</tag>
<tag>Setter</tag>
<doc>Closes the current browser.</doc>
<msg timestamp="20230801 10:10:17.295" level="TRACE">Arguments: [  ]</msg>
<msg timestamp="20230801 10:10:17.827" level="INFO">Closed browser</msg>
<msg timestamp="20230801 10:10:17.827" level="TRACE">Return: None</msg>
<status status="PASS" starttime="20230801 10:10:17.295" endtime="20230801 10:10:17.827"/>
</kw>
<status status="FAIL" starttime="20230801 10:08:34.990" endtime="20230801 10:10:17.828">TimeoutError: locator.click: Timeout 90000ms exceeded.
=========================== logs ===========================
waiting for locator('xpath=//div[contains(@data-nelson-btn, "hotels")]')
============================================================
Tip: Use "Set Browser Timeout" for increasing the timeout or double check your locator as the targeted element(s) couldn't be found.</status>
</test>
<test id="s1-s1-s1-s1-s1-t3" name="Verify booker invites guest with already used email address" line="34">
<kw name="Open Browser to Landing Page" library="common" type="SETUP">
<doc>A general startup keyword for opening a browser to the landing page.</doc>
<msg timestamp="20230801 10:10:17.831" level="TRACE">Arguments: [  ]</msg>
<kw name="Open New Browser To URL" library="common">
<arg>${url}</arg>
<msg timestamp="20230801 10:10:17.831" level="TRACE">Arguments: [ ${url}='https://test3.omenahotels.com/en' ]</msg>
<kw name="New Browser" library="Browser">
<arg>${browser}</arg>
<arg>${headless}</arg>
<arg>timeout=${timeout}</arg>
<tag>BrowserControl</tag>
<tag>Setter</tag>
<doc>Create a new playwright Browser with specified options.</doc>
<msg timestamp="20230801 10:10:17.831" level="TRACE">Arguments: [ &lt;SupportedBrowsers.firefox: 2&gt; | True | timeout=datetime.timedelta(seconds=90) ]</msg>
<msg timestamp="20230801 10:10:17.832" level="INFO">{"browser": "firefox", "headless": true, "chromiumSandbox": false, "devtools": false, "handleSIGHUP": true, "handleSIGINT": true, "handleSIGTERM": true, "ignoreDefaultArgs": false, "slowMo": 0.0, "timeout": 90000.0, "tracesDir": "/home/runner/work/nelson-test-automation/nelson-test-automation/reports/test3/browser/traces/98319a20-90c3-4c2e-afa9-14c0dfbdfbb0"}</msg>
<msg timestamp="20230801 10:10:18.387" level="INFO">Successfully created browser with options: {"browser":"firefox","headless":true,"chromiumSandbox":false,"devtools":false,"handleSIGHUP":true,"handleSIGINT":true,"handleSIGTERM":true,"ignoreDefaultArgs":false,"slowMo":0,"timeout":90000,"tracesDir":"/home/runner/work/nelson-test-automation/nelson-test-automation/reports/test3/browser/traces/98319a20-90c3-4c2e-afa9-14c0dfbdfbb0"}</msg>
<msg timestamp="20230801 10:10:18.388" level="TRACE">Return: 'browser=f318410f-1382-4d03-9122-cfff774ea02c'</msg>
<status status="PASS" starttime="20230801 10:10:17.831" endtime="20230801 10:10:18.388"/>
</kw>
<kw name="Set Browser Timeout" library="Browser">
<arg>${timeout}</arg>
<tag>Config</tag>
<tag>Setter</tag>
<doc>Sets the timeout used by most input and getter keywords.</doc>
<msg timestamp="20230801 10:10:18.388" level="TRACE">Arguments: [ datetime.timedelta(seconds=90) ]</msg>
<msg timestamp="20230801 10:10:18.388" level="TRACE">Return: '1 minute 30 seconds'</msg>
<status status="PASS" starttime="20230801 10:10:18.388" endtime="20230801 10:10:18.388"/>
</kw>
<kw name="New Context" library="Browser">
<tag>BrowserControl</tag>
<tag>Setter</tag>
<doc>Create a new BrowserContext with specified options.</doc>
<msg timestamp="20230801 10:10:18.389" level="TRACE">Arguments: [  ]</msg>
<msg timestamp="20230801 10:10:18.389" level="INFO">{
  "acceptDownloads": true,
  "bypassCSP": false,
  "forcedColors": "none",
  "hideRfBrowser": "",
  "ignoreHTTPSErrors": false,
  "javaScriptEnabled": true,
  "offline": false,
  "reducedMotion": "no-preference",
  "serviceWorkers": "allow",
  "viewport": {
    "height": 720,
    "width": 1280
  }
}</msg>
<msg timestamp="20230801 10:10:18.420" level="INFO">Successfully created context. </msg>
<msg timestamp="20230801 10:10:18.420" level="INFO">{'acceptDownloads': True, 'bypassCSP': False, 'forcedColors': 'none', 'hideRfBrowser': '', 'ignoreHTTPSErrors': False, 'javaScriptEnabled': True, 'offline': False, 'reducedMotion': 'no-preference', 'serviceWorkers': 'allow', 'viewport': {'height': 720, 'width': 1280}}</msg>
<msg timestamp="20230801 10:10:18.420" level="TRACE">Return: 'context=a885c562-86b9-4e10-8bd3-33e0b56ba2a9'</msg>
<status status="PASS" starttime="20230801 10:10:18.389" endtime="20230801 10:10:18.420"/>
</kw>
<kw name="New Page" library="Browser">
<arg>${url}</arg>
<tag>BrowserControl</tag>
<tag>Setter</tag>
<doc>Open a new Page.</doc>
<msg timestamp="20230801 10:10:18.420" level="TRACE">Arguments: [ 'https://test3.omenahotels.com/en' ]</msg>
<msg timestamp="20230801 10:10:19.493" level="INFO">Successfully initialized new page object and opened url: https://test3.omenahotels.com/en</msg>
<msg timestamp="20230801 10:10:19.493" level="DEBUG">Video is not enabled.</msg>
<msg timestamp="20230801 10:10:19.494" level="TRACE">Return: {'page_id': 'page=3a8b2ace-6835-4538-8aea-bbc794073f16', 'video_path': ''}</msg>
<status status="PASS" starttime="20230801 10:10:18.420" endtime="20230801 10:10:19.494"/>
</kw>
<msg timestamp="20230801 10:10:19.494" level="TRACE">Return: None</msg>
<status status="PASS" starttime="20230801 10:10:17.831" endtime="20230801 10:10:19.494"/>
</kw>
<kw name="Wait Until Network Is Idle" library="Browser">
<tag>HTTP</tag>
<tag>Wait</tag>
<doc>Waits until there has been at least one instance of 500 ms of no network traffic on the page after loading.</doc>
<msg timestamp="20230801 10:10:19.494" level="TRACE">Arguments: [  ]</msg>
<msg timestamp="20230801 10:10:19.992" level="DEBUG">Network is idle</msg>
<msg timestamp="20230801 10:10:19.993" level="TRACE">Return: None</msg>
<status status="PASS" starttime="20230801 10:10:19.494" endtime="20230801 10:10:19.993"/>
</kw>
<kw name="Allow Cookies" library="common">
<doc>Allow Cookies/Toggle Cookie allowance</doc>
<msg timestamp="20230801 10:10:19.993" level="TRACE">Arguments: [  ]</msg>
<kw name="Is Element Found" library="common">
<var>${cookieModalVisible}</var>
<arg>id=CybotCookiebotDialogBodyLevelButtonLevelOptinAllowAll</arg>
<doc>A keyword that has a very complex way of figuring out whether an
element is found or not because I had trouble with the built-in keywords
Can be solved differently if you have a better idea</doc>
<msg timestamp="20230801 10:10:19.993" level="TRACE">Arguments: [ ${selector}='id=CybotCookiebotDialogBodyLevelButtonLevelOptinAllowAll' ]</msg>
<kw name="Set Browser Timeout" library="Browser">
<arg>10s</arg>
<tag>Config</tag>
<tag>Setter</tag>
<doc>Sets the timeout used by most input and getter keywords.</doc>
<msg timestamp="20230801 10:10:19.994" level="TRACE">Arguments: [ datetime.timedelta(seconds=10) ]</msg>
<msg timestamp="20230801 10:10:19.996" level="INFO">Set timeout to: 10000</msg>
<msg timestamp="20230801 10:10:19.996" level="TRACE">Return: '1 minute 30 seconds'</msg>
<status status="PASS" starttime="20230801 10:10:19.994" endtime="20230801 10:10:19.996"/>
</kw>
<try>
<branch type="TRY">
<kw name="Get Elements" library="Browser">
<var>${els}</var>
<arg>${selector}</arg>
<tag>Getter</tag>
<tag>PageContent</tag>
<doc>Returns a reference to Playwright [https://playwright.dev/docs/api/class-locator|Locator]
for all matched elements by ``selector``.</doc>
<msg timestamp="20230801 10:10:19.997" level="TRACE">Arguments: [ 'id=CybotCookiebotDialogBodyLevelButtonLevelOptinAllowAll' ]</msg>
<msg timestamp="20230801 10:10:30.000" level="INFO">Found  Locators successfully.</msg>
<msg timestamp="20230801 10:10:30.000" level="DEBUG">[]</msg>
<msg timestamp="20230801 10:10:30.000" level="TRACE">Return: []</msg>
<msg timestamp="20230801 10:10:30.000" level="INFO">${els} = []</msg>
<status status="PASS" starttime="20230801 10:10:19.997" endtime="20230801 10:10:30.000"/>
</kw>
<kw name="Get Length" library="BuiltIn">
<var>${count}</var>
<arg>${els}</arg>
<doc>Returns and logs the length of the given item as an integer.</doc>
<msg timestamp="20230801 10:10:30.001" level="TRACE">Arguments: [ [] ]</msg>
<msg timestamp="20230801 10:10:30.001" level="INFO">Length is 0</msg>
<msg timestamp="20230801 10:10:30.001" level="TRACE">Return: 0</msg>
<msg timestamp="20230801 10:10:30.001" level="INFO">${count} = 0</msg>
<status status="PASS" starttime="20230801 10:10:30.000" endtime="20230801 10:10:30.001"/>
</kw>
<if>
<branch type="IF" condition="${count} &gt; 0">
<kw name="Set Variable" library="BuiltIn">
<var>${visible}</var>
<arg>True</arg>
<doc>Returns the given values which can then be assigned to a variables.</doc>
<status status="NOT RUN" starttime="20230801 10:10:30.001" endtime="20230801 10:10:30.001"/>
</kw>
<status status="NOT RUN" starttime="20230801 10:10:30.001" endtime="20230801 10:10:30.001"/>
</branch>
<branch type="ELSE">
<kw name="Set Variable" library="BuiltIn">
<var>${visible}</var>
<arg>False</arg>
<doc>Returns the given values which can then be assigned to a variables.</doc>
<msg timestamp="20230801 10:10:30.002" level="TRACE">Arguments: [ 'False' ]</msg>
<msg timestamp="20230801 10:10:30.002" level="TRACE">Return: 'False'</msg>
<msg timestamp="20230801 10:10:30.002" level="INFO">${visible} = False</msg>
<status status="PASS" starttime="20230801 10:10:30.001" endtime="20230801 10:10:30.002"/>
</kw>
<status status="PASS" starttime="20230801 10:10:30.001" endtime="20230801 10:10:30.002"/>
</branch>
<status status="PASS" starttime="20230801 10:10:30.001" endtime="20230801 10:10:30.002"/>
</if>
<status status="PASS" starttime="20230801 10:10:19.997" endtime="20230801 10:10:30.002"/>
</branch>
<branch type="EXCEPT">
<kw name="Set Variable" library="BuiltIn">
<var>${visible}</var>
<arg>False</arg>
<doc>Returns the given values which can then be assigned to a variables.</doc>
<status status="NOT RUN" starttime="20230801 10:10:30.002" endtime="20230801 10:10:30.002"/>
</kw>
<status status="NOT RUN" starttime="20230801 10:10:30.002" endtime="20230801 10:10:30.002"/>
</branch>
<status status="PASS" starttime="20230801 10:10:19.996" endtime="20230801 10:10:30.002"/>
</try>
<kw name="Set Browser Timeout" library="Browser">
<arg>${timeout}</arg>
<tag>Config</tag>
<tag>Setter</tag>
<doc>Sets the timeout used by most input and getter keywords.</doc>
<msg timestamp="20230801 10:10:30.003" level="TRACE">Arguments: [ datetime.timedelta(seconds=90) ]</msg>
<msg timestamp="20230801 10:10:30.005" level="INFO">Set timeout to: 90000</msg>
<msg timestamp="20230801 10:10:30.005" level="TRACE">Return: '10 seconds'</msg>
<status status="PASS" starttime="20230801 10:10:30.002" endtime="20230801 10:10:30.005"/>
</kw>
<msg timestamp="20230801 10:10:30.005" level="TRACE">Return: 'False'</msg>
<msg timestamp="20230801 10:10:30.005" level="INFO">${cookieModalVisible} = False</msg>
<status status="PASS" starttime="20230801 10:10:19.993" endtime="20230801 10:10:30.005"/>
</kw>
<if>
<branch type="IF" condition="${cookieModalVisible}">
<kw name="Click" library="Browser">
<arg>id=CybotCookiebotDialogBodyLevelButtonLevelOptinAllowAll</arg>
<tag>PageContent</tag>
<tag>Setter</tag>
<doc>Simulates mouse click on the element found by ``selector``.</doc>
<status status="NOT RUN" starttime="20230801 10:10:30.005" endtime="20230801 10:10:30.005"/>
</kw>
<status status="NOT RUN" starttime="20230801 10:10:30.005" endtime="20230801 10:10:30.006"/>
</branch>
<branch type="ELSE">
<kw name="Log" library="BuiltIn">
<arg>No Cookie Modal Visible</arg>
<doc>Logs the given message with the given level.</doc>
<msg timestamp="20230801 10:10:30.006" level="TRACE">Arguments: [ 'No Cookie Modal Visible' ]</msg>
<msg timestamp="20230801 10:10:30.006" level="INFO">No Cookie Modal Visible</msg>
<msg timestamp="20230801 10:10:30.006" level="TRACE">Return: None</msg>
<status status="PASS" starttime="20230801 10:10:30.006" endtime="20230801 10:10:30.006"/>
</kw>
<status status="PASS" starttime="20230801 10:10:30.006" endtime="20230801 10:10:30.006"/>
</branch>
<status status="PASS" starttime="20230801 10:10:30.005" endtime="20230801 10:10:30.006"/>
</if>
<msg timestamp="20230801 10:10:30.006" level="TRACE">Return: None</msg>
<status status="PASS" starttime="20230801 10:10:19.993" endtime="20230801 10:10:30.006"/>
</kw>
<kw name="Set Environment" library="common">
<msg timestamp="20230801 10:10:30.007" level="TRACE">Arguments: [  ]</msg>
<kw name="Get Url" library="Browser">
<var>${currentUrl}</var>
<tag>Assertion</tag>
<tag>Getter</tag>
<tag>PageContent</tag>
<doc>Returns the current URL.</doc>
<msg timestamp="20230801 10:10:30.007" level="TRACE">Arguments: [  ]</msg>
<msg timestamp="20230801 10:10:30.008" level="DEBUG">https://test3.omenahotels.com/en</msg>
<msg timestamp="20230801 10:10:30.008" level="TRACE">Return: 'https://test3.omenahotels.com/en'</msg>
<msg timestamp="20230801 10:10:30.008" level="INFO">${currentUrl} = https://test3.omenahotels.com/en</msg>
<status status="PASS" starttime="20230801 10:10:30.007" endtime="20230801 10:10:30.008"/>
</kw>
<kw name="Get Environment From Url" library="Helpers">
<var>${env}</var>
<arg>${currentUrl}</arg>
<msg timestamp="20230801 10:10:30.009" level="TRACE">Arguments: [ 'https://test3.omenahotels.com/en' ]</msg>
<msg timestamp="20230801 10:10:30.009" level="TRACE">Return: 'test-omena'</msg>
<msg timestamp="20230801 10:10:30.009" level="INFO">${env} = test-omena</msg>
<status status="PASS" starttime="20230801 10:10:30.008" endtime="20230801 10:10:30.009"/>
</kw>
<kw name="Set Variable" library="BuiltIn">
<arg>${environment}</arg>
<arg>${env}</arg>
<doc>Returns the given values which can then be assigned to a variables.</doc>
<msg timestamp="20230801 10:10:30.009" level="TRACE">Arguments: [ '' | 'test-omena' ]</msg>
<msg timestamp="20230801 10:10:30.009" level="TRACE">Return: ['', 'test-omena']</msg>
<status status="PASS" starttime="20230801 10:10:30.009" endtime="20230801 10:10:30.009"/>
</kw>
<msg timestamp="20230801 10:10:30.009" level="TRACE">Return: None</msg>
<status status="PASS" starttime="20230801 10:10:30.006" endtime="20230801 10:10:30.009"/>
</kw>
<msg timestamp="20230801 10:10:30.009" level="TRACE">Return: None</msg>
<status status="PASS" starttime="20230801 10:10:17.830" endtime="20230801 10:10:30.009"/>
</kw>
<kw name="Booker just completed payment for a reservation with 1 room 3 guest" library="booking">
<msg timestamp="20230801 10:10:30.010" level="TRACE">Arguments: [  ]</msg>
<kw name="Select Hotel" library="booking">
<arg>Helsinki, Lönnrotinkatu</arg>
<doc>Select Hotel by using a number as an argument, default Lönnrotinkatu</doc>
<msg timestamp="20230801 10:10:30.010" level="TRACE">Arguments: [ ${hotel}='Helsinki, Lönnrotinkatu' ]</msg>
<if>
<branch type="IF" condition="&quot;${environment}&quot; == &quot;test-exhibition&quot;">
<kw name="Log" library="BuiltIn">
<arg>No hotel to be selected</arg>
<doc>Logs the given message with the given level.</doc>
<status status="NOT RUN" starttime="20230801 10:10:30.010" endtime="20230801 10:10:30.010"/>
</kw>
<status status="NOT RUN" starttime="20230801 10:10:30.010" endtime="20230801 10:10:30.010"/>
</branch>
<branch type="ELSE">
<kw name="Log" library="BuiltIn">
<arg>Selecting Hotel: ${hotel}</arg>
<doc>Logs the given message with the given level.</doc>
<msg timestamp="20230801 10:10:30.011" level="TRACE">Arguments: [ 'Selecting Hotel: Helsinki, Lönnrotinkatu' ]</msg>
<msg timestamp="20230801 10:10:30.011" level="INFO">Selecting Hotel: Helsinki, Lönnrotinkatu</msg>
<msg timestamp="20230801 10:10:30.011" level="TRACE">Return: None</msg>
<status status="PASS" starttime="20230801 10:10:30.011" endtime="20230801 10:10:30.011"/>
</kw>
<kw name="Click" library="Browser">
<arg>//div[contains(@data-nelson-btn, "hotels")]</arg>
<tag>PageContent</tag>
<tag>Setter</tag>
<doc>Simulates mouse click on the element found by ``selector``.</doc>
<msg timestamp="20230801 10:10:30.011" level="TRACE">Arguments: [ '//div[contains(@data-nelson-btn, "hotels")]' ]</msg>
<msg timestamp="20230801 10:10:30.012" level="DEBUG">Click options are: {"button": "left", "clickCount": 1, "force": false, "noWaitAfter": false, "trial": false}</msg>
<msg timestamp="20230801 10:12:00.036" level="DEBUG">Screenshot successfully captured to: /home/runner/work/nelson-test-automation/nelson-test-automation/reports/test3/browser/screenshot/fail-screenshot-3.png</msg>
<msg timestamp="20230801 10:12:00.036" level="INFO" html="true">&lt;/td&gt;&lt;/tr&gt;&lt;tr&gt;&lt;td colspan="3"&gt;&lt;a href="browser/screenshot/fail-screenshot-3.png" target="_blank"&gt;&lt;img src="browser/screenshot/fail-screenshot-3.png" width="800px"/&gt;&lt;/a&gt;</msg>
<msg timestamp="20230801 10:12:00.036" level="INFO">See also file:///home/runner/work/nelson-test-automation/nelson-test-automation/reports/test3/playwright-log.txt for additional details.</msg>
<msg timestamp="20230801 10:12:00.036" level="FAIL">TimeoutError: locator.click: Timeout 90000ms exceeded.
=========================== logs ===========================
waiting for locator('xpath=//div[contains(@data-nelson-btn, "hotels")]')
============================================================
Tip: Use "Set Browser Timeout" for increasing the timeout or double check your locator as the targeted element(s) couldn't be found.</msg>
<msg timestamp="20230801 10:12:00.037" level="DEBUG">Traceback (most recent call last):
  File "/opt/hostedtoolcache/Python/3.11.4/x64/lib/python3.11/site-packages/Browser/playwright.py", line 158, in grpc_channel
    yield playwright_pb2_grpc.PlaywrightStub(self._channel)
  File "/opt/hostedtoolcache/Python/3.11.4/x64/lib/python3.11/site-packages/Browser/keywords/interaction.py", line 446, in click_with_options
    response = stub.Click(
               ^^^^^^^^^^^
  File "/opt/hostedtoolcache/Python/3.11.4/x64/lib/python3.11/site-packages/grpc/_channel.py", line 1030, in __call__
    return _end_unary_response_blocking(state, call, False, None)
           ^^^^^^^^^^^^^^^^^^^^^^^^^^^^^^^^^^^^^^^^^^^^^^^^^^^^^^
  File "/opt/hostedtoolcache/Python/3.11.4/x64/lib/python3.11/site-packages/grpc/_channel.py", line 910, in _end_unary_response_blocking
    raise _InactiveRpcError(state)  # pytype: disable=not-instantiable
    ^^^^^^^^^^^^^^^^^^^^^^^^^^^^^^
grpc._channel._InactiveRpcError: &lt;_InactiveRpcError of RPC that terminated with:
	status = StatusCode.DEADLINE_EXCEEDED
	details = "TimeoutError: locator.click: Timeout 90000ms exceeded.
=========================== logs ===========================
waiting for locator('xpath=//div[contains(@data-nelson-btn, "hotels")]')
============================================================"
	debug_error_string = "UNKNOWN:Error received from peer  {created_time:"2023-08-01T10:12:00.012485132+00:00", grpc_status:4, grpc_message:"TimeoutError: locator.click: Timeout 90000ms exceeded.\n=========================== logs ===========================\nwaiting for locator(\'xpath=//div[contains(@data-nelson-btn, \"hotels\")]\')\n============================================================"}"
&gt;

During handling of the above exception, another exception occurred:

Traceback (most recent call last):
  File "/opt/hostedtoolcache/Python/3.11.4/x64/lib/python3.11/site-packages/Browser/browser.py", line 1095, in run_keyword
    raise e
  File "/opt/hostedtoolcache/Python/3.11.4/x64/lib/python3.11/site-packages/Browser/browser.py", line 1084, in run_keyword
    return DynamicCore.run_keyword(self, name, args, kwargs)
           ^^^^^^^^^^^^^^^^^^^^^^^^^^^^^^^^^^^^^^^^^^^^^^^^^
  File "/opt/hostedtoolcache/Python/3.11.4/x64/lib/python3.11/site-packages/robotlibcore.py", line 126, in run_keyword
    return self.keywords[name](*args, **(kwargs or {}))
           ^^^^^^^^^^^^^^^^^^^^^^^^^^^^^^^^^^^^^^^^^^^^
  File "/opt/hostedtoolcache/Python/3.11.4/x64/lib/python3.11/site-packages/Browser/keywords/interaction.py", line 366, in click
    self.click_with_options(
  File "/opt/hostedtoolcache/Python/3.11.4/x64/lib/python3.11/site-packages/Browser/keywords/interaction.py", line 428, in click_with_options
    with self.playwright.grpc_channel() as stub:
  File "/opt/hostedtoolcache/Python/3.11.4/x64/lib/python3.11/contextlib.py", line 155, in __exit__
    self.gen.throw(typ, value, traceback)
  File "/opt/hostedtoolcache/Python/3.11.4/x64/lib/python3.11/site-packages/Browser/playwright.py", line 162, in grpc_channel
    raise AssertionError(error.details())
AssertionError: TimeoutError: locator.click: Timeout 90000ms exceeded.
=========================== logs ===========================
waiting for locator('xpath=//div[contains(@data-nelson-btn, "hotels")]')
============================================================
Tip: Use "Set Browser Timeout" for increasing the timeout or double check your locator as the targeted element(s) couldn't be found.</msg>
<status status="FAIL" starttime="20230801 10:10:30.011" endtime="20230801 10:12:00.037"/>
</kw>
<kw name="Wait Until Visible" library="common">
<arg>//a[contains(@class, 'dropdown-item') and contains(text(), '${hotel}')]</arg>
<doc>An easier keyword for waiting until an element is visible</doc>
<status status="NOT RUN" starttime="20230801 10:12:00.038" endtime="20230801 10:12:00.038"/>
</kw>
<kw name="Click" library="Browser">
<arg>//a[contains(@class, 'dropdown-item') and contains(text(), '${hotel}')]</arg>
<tag>PageContent</tag>
<tag>Setter</tag>
<doc>Simulates mouse click on the element found by ``selector``.</doc>
<status status="NOT RUN" starttime="20230801 10:12:00.038" endtime="20230801 10:12:00.038"/>
</kw>
<kw name="Wait For Elements State" library="Browser">
<arg>//a[contains(@class, 'dropdown-item') and contains(text(), '${hotel}')]</arg>
<arg>hidden</arg>
<arg>timeout=3s</arg>
<tag>PageContent</tag>
<tag>Wait</tag>
<doc>Waits for the element found by ``selector`` to satisfy state option.</doc>
<status status="NOT RUN" starttime="20230801 10:12:00.038" endtime="20230801 10:12:00.038"/>
</kw>
<status status="FAIL" starttime="20230801 10:10:30.011" endtime="20230801 10:12:00.038"/>
</branch>
<status status="FAIL" starttime="20230801 10:10:30.010" endtime="20230801 10:12:00.038"/>
</if>
<status status="FAIL" starttime="20230801 10:10:30.010" endtime="20230801 10:12:00.039"/>
</kw>
<kw name="Select Dates" library="booking">
<status status="NOT RUN" starttime="20230801 10:12:00.039" endtime="20230801 10:12:00.039"/>
</kw>
<kw name="Select 1 Room 2 Adult and 1 Children" library="booking">
<status status="NOT RUN" starttime="20230801 10:12:00.039" endtime="20230801 10:12:00.040"/>
</kw>
<kw name="Click Book or Find Rooms Button" library="booking">
<status status="NOT RUN" starttime="20230801 10:12:00.040" endtime="20230801 10:12:00.040"/>
</kw>
<kw name="Select a Standard Room" library="booking">
<status status="NOT RUN" starttime="20230801 10:12:00.040" endtime="20230801 10:12:00.040"/>
</kw>
<kw name="Click Continue to Extras Button" library="booking">
<doc>Clicks the continue to extras button</doc>
<status status="NOT RUN" starttime="20230801 10:12:00.040" endtime="20230801 10:12:00.040"/>
</kw>
<kw name="Click Continue to Payment" library="booking">
<status status="NOT RUN" starttime="20230801 10:12:00.040" endtime="20230801 10:12:00.040"/>
</kw>
<kw name="Check Regular Rate 2" library="booking">
<status status="NOT RUN" starttime="20230801 10:12:00.040" endtime="20230801 10:12:00.040"/>
</kw>
<kw name="Fill in Contact Information" library="booking">
<doc>Fills in Contact information that can be given as arguments or use default values
Uses a password if the environment is bui and</doc>
<status status="NOT RUN" starttime="20230801 10:12:00.040" endtime="20230801 10:12:00.040"/>
</kw>
<kw name="Accept offers and Terms" library="booking">
<status status="NOT RUN" starttime="20230801 10:12:00.041" endtime="20230801 10:12:00.041"/>
</kw>
<kw name="Select Web Bank and Nordea as Payment Method" library="booking">
<status status="NOT RUN" starttime="20230801 10:12:00.041" endtime="20230801 10:12:00.041"/>
</kw>
<kw name="Complete Payment Successfully" library="booking">
<status status="NOT RUN" starttime="20230801 10:12:00.041" endtime="20230801 10:12:00.041"/>
</kw>
<status status="FAIL" starttime="20230801 10:10:30.010" endtime="20230801 10:12:00.041"/>
</kw>
<kw name="Booker is brought back to Comfirmation Landing page" library="booking">
<status status="NOT RUN" starttime="20230801 10:12:00.042" endtime="20230801 10:12:00.042"/>
</kw>
<kw name="Booker is main guest and completes check-in process" library="booking">
<status status="NOT RUN" starttime="20230801 10:12:00.042" endtime="20230801 10:12:00.042"/>
</kw>
<kw name="Click the first guest invite" library="booking">
<status status="NOT RUN" starttime="20230801 10:12:00.042" endtime="20230801 10:12:00.042"/>
</kw>
<kw name="Verify Invite guest popup UI when guest is adult" library="booking">
<status status="NOT RUN" starttime="20230801 10:12:00.042" endtime="20230801 10:12:00.042"/>
</kw>
<kw name="Fill Invite guest info and click invite button" library="booking">
<arg>Auto</arg>
<arg>Test</arg>
<arg>finlong1111@gmail.com</arg>
<status status="NOT RUN" starttime="20230801 10:12:00.042" endtime="20230801 10:12:00.042"/>
</kw>
<kw name="Verify Warning Popup is displayed with booker email" library="booking">
<status status="NOT RUN" starttime="20230801 10:12:00.042" endtime="20230801 10:12:00.042"/>
</kw>
<kw name="Close Browser" library="Browser" type="TEARDOWN">
<tag>BrowserControl</tag>
<tag>Setter</tag>
<doc>Closes the current browser.</doc>
<msg timestamp="20230801 10:12:00.043" level="TRACE">Arguments: [  ]</msg>
<msg timestamp="20230801 10:12:00.562" level="INFO">Closed browser</msg>
<msg timestamp="20230801 10:12:00.562" level="TRACE">Return: None</msg>
<status status="PASS" starttime="20230801 10:12:00.043" endtime="20230801 10:12:00.562"/>
</kw>
<status status="FAIL" starttime="20230801 10:10:17.830" endtime="20230801 10:12:00.562">TimeoutError: locator.click: Timeout 90000ms exceeded.
=========================== logs ===========================
waiting for locator('xpath=//div[contains(@data-nelson-btn, "hotels")]')
============================================================
Tip: Use "Set Browser Timeout" for increasing the timeout or double check your locator as the targeted element(s) couldn't be found.</status>
</test>
<test id="s1-s1-s1-s1-s1-t4" name="Verify booker univites guest in case guest has not completed online check-in" line="43">
<kw name="Open Browser to Landing Page" library="common" type="SETUP">
<doc>A general startup keyword for opening a browser to the landing page.</doc>
<msg timestamp="20230801 10:12:00.565" level="TRACE">Arguments: [  ]</msg>
<kw name="Open New Browser To URL" library="common">
<arg>${url}</arg>
<msg timestamp="20230801 10:12:00.565" level="TRACE">Arguments: [ ${url}='https://test3.omenahotels.com/en' ]</msg>
<kw name="New Browser" library="Browser">
<arg>${browser}</arg>
<arg>${headless}</arg>
<arg>timeout=${timeout}</arg>
<tag>BrowserControl</tag>
<tag>Setter</tag>
<doc>Create a new playwright Browser with specified options.</doc>
<msg timestamp="20230801 10:12:00.565" level="TRACE">Arguments: [ &lt;SupportedBrowsers.firefox: 2&gt; | True | timeout=datetime.timedelta(seconds=90) ]</msg>
<msg timestamp="20230801 10:12:00.566" level="INFO">{"browser": "firefox", "headless": true, "chromiumSandbox": false, "devtools": false, "handleSIGHUP": true, "handleSIGINT": true, "handleSIGTERM": true, "ignoreDefaultArgs": false, "slowMo": 0.0, "timeout": 90000.0, "tracesDir": "/home/runner/work/nelson-test-automation/nelson-test-automation/reports/test3/browser/traces/13f53443-0b3b-4877-9b0a-bfb74d743952"}</msg>
<msg timestamp="20230801 10:12:01.111" level="INFO">Successfully created browser with options: {"browser":"firefox","headless":true,"chromiumSandbox":false,"devtools":false,"handleSIGHUP":true,"handleSIGINT":true,"handleSIGTERM":true,"ignoreDefaultArgs":false,"slowMo":0,"timeout":90000,"tracesDir":"/home/runner/work/nelson-test-automation/nelson-test-automation/reports/test3/browser/traces/13f53443-0b3b-4877-9b0a-bfb74d743952"}</msg>
<msg timestamp="20230801 10:12:01.111" level="TRACE">Return: 'browser=cd8485eb-1387-4f92-b59d-22fe97661a71'</msg>
<status status="PASS" starttime="20230801 10:12:00.565" endtime="20230801 10:12:01.112"/>
</kw>
<kw name="Set Browser Timeout" library="Browser">
<arg>${timeout}</arg>
<tag>Config</tag>
<tag>Setter</tag>
<doc>Sets the timeout used by most input and getter keywords.</doc>
<msg timestamp="20230801 10:12:01.112" level="TRACE">Arguments: [ datetime.timedelta(seconds=90) ]</msg>
<msg timestamp="20230801 10:12:01.112" level="TRACE">Return: '1 minute 30 seconds'</msg>
[...]
  File "/opt/hostedtoolcache/Python/3.11.4/x64/lib/python3.11/site-packages/Browser/keywords/playwright_state.py", line 733, in new_page
    response = stub.NewPage(
               ^^^^^^^^^^^^^
  File "/opt/hostedtoolcache/Python/3.11.4/x64/lib/python3.11/site-packages/grpc/_channel.py", line 1030, in __call__
    return _end_unary_response_blocking(state, call, False, None)
           ^^^^^^^^^^^^^^^^^^^^^^^^^^^^^^^^^^^^^^^^^^^^^^^^^^^^^^
  File "/opt/hostedtoolcache/Python/3.11.4/x64/lib/python3.11/site-packages/grpc/_channel.py", line 910, in _end_unary_response_blocking
    raise _InactiveRpcError(state)  # pytype: disable=not-instantiable
    ^^^^^^^^^^^^^^^^^^^^^^^^^^^^^^
grpc._channel._InactiveRpcError: &lt;_InactiveRpcError of RPC that terminated with:
	status = StatusCode.RESOURCE_EXHAUSTED
	details = "Error: page.goto: Protocol error (Page.navigate): Invalid url: "$MUI_URL" Page.navigate@chrome://juggler/content/protocol/PageHandler.js:386:13
dispatch@chrome://juggler/content/protocol/Dispatcher.js:132:39
_dispatch@chrome://juggler/content/protocol/Dispatcher.js:69:36
receiveMessage@chrome://juggler/content/components/Juggler.js:118:20

=========================== logs ===========================
navigating to "$MUI_URL", waiting until "load"
============================================================"
	debug_error_string = "UNKNOWN:Error received from peer  {created_time:"2023-08-01T10:36:41.659423961+00:00", grpc_status:8, grpc_message:"Error: page.goto: Protocol error (Page.navigate): Invalid url: \"$MUI_URL\" Page.navigate@chrome://juggler/content/protocol/PageHandler.js:386:13\ndispatch@chrome://juggler/content/protocol/Dispatcher.js:132:39\n_dispatch@chrome://juggler/content/protocol/Dispatcher.js:69:36\nreceiveMessage@chrome://juggler/content/components/Juggler.js:118:20\n\n=========================== logs ===========================\nnavigating to \"$MUI_URL\", waiting until \"load\"\n============================================================"}"
&gt;

During handling of the above exception, another exception occurred:

Traceback (most recent call last):
  File "/opt/hostedtoolcache/Python/3.11.4/x64/lib/python3.11/site-packages/Browser/browser.py", line 1095, in run_keyword
    raise e
  File "/opt/hostedtoolcache/Python/3.11.4/x64/lib/python3.11/site-packages/Browser/browser.py", line 1084, in run_keyword
    return DynamicCore.run_keyword(self, name, args, kwargs)
           ^^^^^^^^^^^^^^^^^^^^^^^^^^^^^^^^^^^^^^^^^^^^^^^^^
  File "/opt/hostedtoolcache/Python/3.11.4/x64/lib/python3.11/site-packages/robotlibcore.py", line 126, in run_keyword
    return self.keywords[name](*args, **(kwargs or {}))
           ^^^^^^^^^^^^^^^^^^^^^^^^^^^^^^^^^^^^^^^^^^^^
  File "/opt/hostedtoolcache/Python/3.11.4/x64/lib/python3.11/site-packages/Browser/keywords/playwright_state.py", line 732, in new_page
    with self.playwright.grpc_channel() as stub:
  File "/opt/hostedtoolcache/Python/3.11.4/x64/lib/python3.11/contextlib.py", line 155, in __exit__
    self.gen.throw(typ, value, traceback)
  File "/opt/hostedtoolcache/Python/3.11.4/x64/lib/python3.11/site-packages/Browser/playwright.py", line 162, in grpc_channel
    raise AssertionError(error.details())
AssertionError: Error: page.goto: Protocol error (Page.navigate): Invalid url: "$MUI_URL" Page.navigate@chrome://juggler/content/protocol/PageHandler.js:386:13
dispatch@chrome://juggler/content/protocol/Dispatcher.js:132:39
_dispatch@chrome://juggler/content/protocol/Dispatcher.js:69:36
receiveMessage@chrome://juggler/content/components/Juggler.js:118:20

=========================== logs ===========================
navigating to "$MUI_URL", waiting until "load"
============================================================</msg>
<status status="FAIL" starttime="20230801 10:36:41.468" endtime="20230801 10:36:41.663"/>
</kw>
<status status="FAIL" starttime="20230801 10:36:41.446" endtime="20230801 10:36:41.664"/>
</kw>
<kw name="Log in to Nelson Portal" library="mui">
<status status="NOT RUN" starttime="20230801 10:36:41.664" endtime="20230801 10:36:41.664"/>
</kw>
<kw name="Verify Dashboard Elements" library="mui">
<status status="NOT RUN" starttime="20230801 10:36:41.664" endtime="20230801 10:36:41.664"/>
</kw>
<kw name="Select Environment" library="mui">
<arg>test2</arg>
<status status="NOT RUN" starttime="20230801 10:36:41.664" endtime="20230801 10:36:41.665"/>
</kw>
<status status="FAIL" starttime="20230801 10:36:41.444" endtime="20230801 10:36:41.665">Error: page.goto: Protocol error (Page.navigate): Invalid url: "$MUI_URL" Page.navigate@chrome://juggler/content/protocol/PageHandler.js:386:13
dispatch@chrome://juggler/content/protocol/Dispatcher.js:132:39
_dispatch@chrome://juggler/content/protocol/Dispatcher.js:69:36
receiveMessage@chrome://juggler/content/components/Juggler.js:118:20

=========================== logs ===========================
navigating to "$MUI_URL", waiting until "load"
============================================================</status>
</test>
<test id="s1-s2-s3-s1-t5" name="Verify Users Page" line="28">
<kw name="Click" library="Browser">
<arg>//a[contains(@href, "users") and (@class="capitalize")]</arg>
<tag>PageContent</tag>
<tag>Setter</tag>
<doc>Simulates mouse click on the element found by ``selector``.</doc>
<msg timestamp="20230801 10:36:41.700" level="TRACE">Arguments: [ '//a[contains(@href, "users") and (@class="capitalize")]' ]</msg>
<msg timestamp="20230801 10:36:41.700" level="DEBUG">Click options are: {"button": "left", "clickCount": 1, "force": false, "noWaitAfter": false, "trial": false}</msg>
<msg timestamp="20230801 10:36:41.705" level="INFO">Keyword 'Take Screenshot  fail-screenshot-{index}' could not be run on failure:
Error: Tried to take screenshot, but no page was open.</msg>
<msg timestamp="20230801 10:36:41.705" level="INFO">See also file:///home/runner/work/nelson-test-automation/nelson-test-automation/reports/test3/playwright-log.txt for additional details.</msg>
<msg timestamp="20230801 10:36:41.705" level="FAIL">Error: Could not find active page</msg>
<msg timestamp="20230801 10:36:41.706" level="DEBUG">Traceback (most recent call last):
  File "/opt/hostedtoolcache/Python/3.11.4/x64/lib/python3.11/site-packages/Browser/playwright.py", line 158, in grpc_channel
    yield playwright_pb2_grpc.PlaywrightStub(self._channel)
  File "/opt/hostedtoolcache/Python/3.11.4/x64/lib/python3.11/site-packages/Browser/keywords/interaction.py", line 446, in click_with_options
    response = stub.Click(
               ^^^^^^^^^^^
  File "/opt/hostedtoolcache/Python/3.11.4/x64/lib/python3.11/site-packages/grpc/_channel.py", line 1030, in __call__
    return _end_unary_response_blocking(state, call, False, None)
           ^^^^^^^^^^^^^^^^^^^^^^^^^^^^^^^^^^^^^^^^^^^^^^^^^^^^^^
  File "/opt/hostedtoolcache/Python/3.11.4/x64/lib/python3.11/site-packages/grpc/_channel.py", line 910, in _end_unary_response_blocking
    raise _InactiveRpcError(state)  # pytype: disable=not-instantiable
    ^^^^^^^^^^^^^^^^^^^^^^^^^^^^^^
grpc._channel._InactiveRpcError: &lt;_InactiveRpcError of RPC that terminated with:
	status = StatusCode.RESOURCE_EXHAUSTED
	details = "Error: Could not find active page"
	debug_error_string = "UNKNOWN:Error received from peer  {created_time:"2023-08-01T10:36:41.701201305+00:00", grpc_status:8, grpc_message:"Error: Could not find active page"}"
&gt;

During handling of the above exception, another exception occurred:

Traceback (most recent call last):
  File "/opt/hostedtoolcache/Python/3.11.4/x64/lib/python3.11/site-packages/Browser/browser.py", line 1095, in run_keyword
    raise e
  File "/opt/hostedtoolcache/Python/3.11.4/x64/lib/python3.11/site-packages/Browser/browser.py", line 1084, in run_keyword
    return DynamicCore.run_keyword(self, name, args, kwargs)
           ^^^^^^^^^^^^^^^^^^^^^^^^^^^^^^^^^^^^^^^^^^^^^^^^^
  File "/opt/hostedtoolcache/Python/3.11.4/x64/lib/python3.11/site-packages/robotlibcore.py", line 126, in run_keyword
    return self.keywords[name](*args, **(kwargs or {}))
           ^^^^^^^^^^^^^^^^^^^^^^^^^^^^^^^^^^^^^^^^^^^^
  File "/opt/hostedtoolcache/Python/3.11.4/x64/lib/python3.11/site-packages/Browser/keywords/interaction.py", line 366, in click
    self.click_with_options(
  File "/opt/hostedtoolcache/Python/3.11.4/x64/lib/python3.11/site-packages/Browser/keywords/interaction.py", line 428, in click_with_options
    with self.playwright.grpc_channel() as stub:
  File "/opt/hostedtoolcache/Python/3.11.4/x64/lib/python3.11/contextlib.py", line 155, in __exit__
    self.gen.throw(typ, value, traceback)
  File "/opt/hostedtoolcache/Python/3.11.4/x64/lib/python3.11/site-packages/Browser/playwright.py", line 162, in grpc_channel
    raise AssertionError(error.details())
AssertionError: Error: Could not find active page</msg>
<status status="FAIL" starttime="20230801 10:36:41.700" endtime="20230801 10:36:41.706"/>
</kw>
<status status="FAIL" starttime="20230801 10:36:41.698" endtime="20230801 10:36:41.707">Error: Could not find active page</status>
</test>
<test id="s1-s2-s3-s1-t6" name="Verify User Profile" line="31">
<kw name="Click" library="Browser">
<arg>(//span[contains(@class, "avatar")])[0]</arg>
<tag>PageContent</tag>
<tag>Setter</tag>
<doc>Simulates mouse click on the element found by ``selector``.</doc>
<msg timestamp="20230801 10:36:41.715" level="TRACE">Arguments: [ '(//span[contains(@class, "avatar")])[0]' ]</msg>
<msg timestamp="20230801 10:36:41.716" level="DEBUG">Click options are: {"button": "left", "clickCount": 1, "force": false, "noWaitAfter": false, "trial": false}</msg>
<msg timestamp="20230801 10:36:41.721" level="INFO">Keyword 'Take Screenshot  fail-screenshot-{index}' could not be run on failure:
Error: Tried to take screenshot, but no page was open.</msg>
<msg timestamp="20230801 10:36:41.721" level="INFO">See also file:///home/runner/work/nelson-test-automation/nelson-test-automation/reports/test3/playwright-log.txt for additional details.</msg>
<msg timestamp="20230801 10:36:41.721" level="FAIL">Error: Could not find active page</msg>
<msg timestamp="20230801 10:36:41.722" level="DEBUG">Traceback (most recent call last):
  File "/opt/hostedtoolcache/Python/3.11.4/x64/lib/python3.11/site-packages/Browser/playwright.py", line 158, in grpc_channel
    yield playwright_pb2_grpc.PlaywrightStub(self._channel)
  File "/opt/hostedtoolcache/Python/3.11.4/x64/lib/python3.11/site-packages/Browser/keywords/interaction.py", line 446, in click_with_options
    response = stub.Click(
               ^^^^^^^^^^^
  File "/opt/hostedtoolcache/Python/3.11.4/x64/lib/python3.11/site-packages/grpc/_channel.py", line 1030, in __call__
    return _end_unary_response_blocking(state, call, False, None)
           ^^^^^^^^^^^^^^^^^^^^^^^^^^^^^^^^^^^^^^^^^^^^^^^^^^^^^^
  File "/opt/hostedtoolcache/Python/3.11.4/x64/lib/python3.11/site-packages/grpc/_channel.py", line 910, in _end_unary_response_blocking
    raise _InactiveRpcError(state)  # pytype: disable=not-instantiable
    ^^^^^^^^^^^^^^^^^^^^^^^^^^^^^^
grpc._channel._InactiveRpcError: &lt;_InactiveRpcError of RPC that terminated with:
	status = StatusCode.RESOURCE_EXHAUSTED
	details = "Error: Could not find active page"
	debug_error_string = "UNKNOWN:Error received from peer  {grpc_message:"Error: Could not find active page", grpc_status:8, created_time:"2023-08-01T10:36:41.717034403+00:00"}"
&gt;

During handling of the above exception, another exception occurred:

Traceback (most recent call last):
  File "/opt/hostedtoolcache/Python/3.11.4/x64/lib/python3.11/site-packages/Browser/browser.py", line 1095, in run_keyword
    raise e
  File "/opt/hostedtoolcache/Python/3.11.4/x64/lib/python3.11/site-packages/Browser/browser.py", line 1084, in run_keyword
    return DynamicCore.run_keyword(self, name, args, kwargs)
           ^^^^^^^^^^^^^^^^^^^^^^^^^^^^^^^^^^^^^^^^^^^^^^^^^
  File "/opt/hostedtoolcache/Python/3.11.4/x64/lib/python3.11/site-packages/robotlibcore.py", line 126, in run_keyword
    return self.keywords[name](*args, **(kwargs or {}))
           ^^^^^^^^^^^^^^^^^^^^^^^^^^^^^^^^^^^^^^^^^^^^
  File "/opt/hostedtoolcache/Python/3.11.4/x64/lib/python3.11/site-packages/Browser/keywords/interaction.py", line 366, in click
    self.click_with_options(
  File "/opt/hostedtoolcache/Python/3.11.4/x64/lib/python3.11/site-packages/Browser/keywords/interaction.py", line 428, in click_with_options
    with self.playwright.grpc_channel() as stub:
  File "/opt/hostedtoolcache/Python/3.11.4/x64/lib/python3.11/contextlib.py", line 155, in __exit__
    self.gen.throw(typ, value, traceback)
  File "/opt/hostedtoolcache/Python/3.11.4/x64/lib/python3.11/site-packages/Browser/playwright.py", line 162, in grpc_channel
    raise AssertionError(error.details())
AssertionError: Error: Could not find active page</msg>
<status status="FAIL" starttime="20230801 10:36:41.715" endtime="20230801 10:36:41.722"/>
</kw>
<status status="FAIL" starttime="20230801 10:36:41.711" endtime="20230801 10:36:41.723">Error: Could not find active page</status>
</test>
<test id="s1-s2-s3-s1-t7" name="Log Out" line="34">
<kw name="Click" library="Browser">
<arg>(//img[contains(@src, "signout")][0]</arg>
<tag>PageContent</tag>
<tag>Setter</tag>
<doc>Simulates mouse click on the element found by ``selector``.</doc>
<msg timestamp="20230801 10:36:41.727" level="TRACE">Arguments: [ '(//img[contains(@src, "signout")][0]' ]</msg>
<msg timestamp="20230801 10:36:41.728" level="DEBUG">Click options are: {"button": "left", "clickCount": 1, "force": false, "noWaitAfter": false, "trial": false}</msg>
<msg timestamp="20230801 10:36:41.730" level="INFO">Keyword 'Take Screenshot  fail-screenshot-{index}' could not be run on failure:
Error: Tried to take screenshot, but no page was open.</msg>
<msg timestamp="20230801 10:36:41.730" level="INFO">See also file:///home/runner/work/nelson-test-automation/nelson-test-automation/reports/test3/playwright-log.txt for additional details.</msg>
<msg timestamp="20230801 10:36:41.731" level="FAIL">Error: Could not find active page</msg>
<msg timestamp="20230801 10:36:41.731" level="DEBUG">Traceback (most recent call last):
  File "/opt/hostedtoolcache/Python/3.11.4/x64/lib/python3.11/site-packages/Browser/playwright.py", line 158, in grpc_channel
    yield playwright_pb2_grpc.PlaywrightStub(self._channel)
  File "/opt/hostedtoolcache/Python/3.11.4/x64/lib/python3.11/site-packages/Browser/keywords/interaction.py", line 446, in click_with_options
    response = stub.Click(
               ^^^^^^^^^^^
  File "/opt/hostedtoolcache/Python/3.11.4/x64/lib/python3.11/site-packages/grpc/_channel.py", line 1030, in __call__
    return _end_unary_response_blocking(state, call, False, None)
           ^^^^^^^^^^^^^^^^^^^^^^^^^^^^^^^^^^^^^^^^^^^^^^^^^^^^^^
  File "/opt/hostedtoolcache/Python/3.11.4/x64/lib/python3.11/site-packages/grpc/_channel.py", line 910, in _end_unary_response_blocking
    raise _InactiveRpcError(state)  # pytype: disable=not-instantiable
    ^^^^^^^^^^^^^^^^^^^^^^^^^^^^^^
grpc._channel._InactiveRpcError: &lt;_InactiveRpcError of RPC that terminated with:
	status = StatusCode.RESOURCE_EXHAUSTED
	details = "Error: Could not find active page"
	debug_error_string = "UNKNOWN:Error received from peer  {created_time:"2023-08-01T10:36:41.728281124+00:00", grpc_status:8, grpc_message:"Error: Could not find active page"}"
&gt;

During handling of the above exception, another exception occurred:

Traceback (most recent call last):
  File "/opt/hostedtoolcache/Python/3.11.4/x64/lib/python3.11/site-packages/Browser/browser.py", line 1095, in run_keyword
    raise e
  File "/opt/hostedtoolcache/Python/3.11.4/x64/lib/python3.11/site-packages/Browser/browser.py", line 1084, in run_keyword
    return DynamicCore.run_keyword(self, name, args, kwargs)
           ^^^^^^^^^^^^^^^^^^^^^^^^^^^^^^^^^^^^^^^^^^^^^^^^^
  File "/opt/hostedtoolcache/Python/3.11.4/x64/lib/python3.11/site-packages/robotlibcore.py", line 126, in run_keyword
    return self.keywords[name](*args, **(kwargs or {}))
           ^^^^^^^^^^^^^^^^^^^^^^^^^^^^^^^^^^^^^^^^^^^^
  File "/opt/hostedtoolcache/Python/3.11.4/x64/lib/python3.11/site-packages/Browser/keywords/interaction.py", line 366, in click
    self.click_with_options(
  File "/opt/hostedtoolcache/Python/3.11.4/x64/lib/python3.11/site-packages/Browser/keywords/interaction.py", line 428, in click_with_options
    with self.playwright.grpc_channel() as stub:
  File "/opt/hostedtoolcache/Python/3.11.4/x64/lib/python3.11/contextlib.py", line 155, in __exit__
    self.gen.throw(typ, value, traceback)
  File "/opt/hostedtoolcache/Python/3.11.4/x64/lib/python3.11/site-packages/Browser/playwright.py", line 162, in grpc_channel
    raise AssertionError(error.details())
AssertionError: Error: Could not find active page</msg>
<status status="FAIL" starttime="20230801 10:36:41.727" endtime="20230801 10:36:41.731"/>
</kw>
<status status="FAIL" starttime="20230801 10:36:41.725" endtime="20230801 10:36:41.732">Error: Could not find active page</status>
</test>
<kw name="Close Browser" library="Browser" type="TEARDOWN">
<tag>BrowserControl</tag>
<tag>Setter</tag>
<doc>Closes the current browser.</doc>
<msg timestamp="20230801 10:36:41.734" level="TRACE">Arguments: [  ]</msg>
<msg timestamp="20230801 10:36:42.965" level="INFO">Closed browser</msg>
<msg timestamp="20230801 10:36:42.965" level="TRACE">Return: None</msg>
<status status="PASS" starttime="20230801 10:36:41.734" endtime="20230801 10:36:42.965"/>
</kw>
<doc>This file contains smoke tests for MUI</doc>
<status status="FAIL" starttime="20230801 10:36:39.460" endtime="20230801 10:36:42.966"/>
</suite>
<status status="FAIL" starttime="20230801 10:36:39.459" endtime="20230801 10:36:42.974"/>
</suite>
<status status="FAIL" starttime="20230801 10:34:54.509" endtime="20230801 10:36:42.974"/>
</suite>
<doc>Argument file for running tests on Omena Staging Environmen (test3)</doc>
<status status="FAIL" starttime="20230801 10:06:50.505" endtime="20230801 10:36:42.976"/>
</suite>
<statistics>
<total>
<stat pass="3" fail="31" skip="0">All Tests</stat>
</total>
<tag>
<stat pass="3" fail="4" skip="0">exhibition_court</stat>
<stat pass="0" fail="2" skip="0">smoke</stat>
<stat pass="0" fail="7" skip="0">smoke, booking, BUI2-556, online-checkin</stat>
</tag>
<suite>
<stat pass="3" fail="31" skip="0" id="s1" name="Testsuites">Testsuites</stat>
<stat pass="0" fail="18" skip="0" id="s1-s1" name="BUI">Testsuites.BUI</stat>
<stat pass="0" fail="16" skip="0" id="s1-s1-s1" name="Feature">Testsuites.BUI.Feature</stat>
<stat pass="0" fail="16" skip="0" id="s1-s1-s1-s1" name="Online Check In">Testsuites.BUI.Feature.Online Check In</stat>
<stat pass="0" fail="5" skip="0" id="s1-s1-s1-s1-s1" name="BUI2-1248">Testsuites.BUI.Feature.Online Check In.BUI2-1248</stat>
<stat pass="0" fail="7" skip="0" id="s1-s1-s1-s1-s2" name="BUI2-556">Testsuites.BUI.Feature.Online Check In.BUI2-556</stat>
<stat pass="0" fail="4" skip="0" id="s1-s1-s1-s1-s3" name="BUI2-557">Testsuites.BUI.Feature.Online Check In.BUI2-557</stat>
<stat pass="0" fail="2" skip="0" id="s1-s1-s2" name="Regression">Testsuites.BUI.Regression</stat>
<stat pass="0" fail="2" skip="0" id="s1-s1-s2-s1" name="New Booking">Testsuites.BUI.Regression.New Booking</stat>
<stat pass="3" fail="13" skip="0" id="s1-s2" name="MUI">Testsuites.MUI</stat>
<stat pass="3" fail="4" skip="0" id="s1-s2-s1" name="EC">Testsuites.MUI.EC</stat>
<stat pass="3" fail="4" skip="0" id="s1-s2-s1-s1" name="Smoke">Testsuites.MUI.EC.Smoke</stat>
<stat pass="0" fail="2" skip="0" id="s1-s2-s2" name="Feature">Testsuites.MUI.Feature</stat>
<stat pass="0" fail="2" skip="0" id="s1-s2-s2-s1" name="MUI-430">Testsuites.MUI.Feature.MUI-430</stat>
<stat pass="0" fail="7" skip="0" id="s1-s2-s3" name="Regression">Testsuites.MUI.Regression</stat>
<stat pass="0" fail="7" skip="0" id="s1-s2-s3-s1" name="Smoke">Testsuites.MUI.Regression.Smoke</stat>
</suite>
</statistics>
<errors>
</errors>
</robot>
