<?xml version="1.0" encoding="UTF-8"?>
<robot generator="Robot 5.0.1 (Python 3.10.12 on linux)" generated="20230714 12:43:17.435" rpa="false" schemaversion="3">
<suite id="s1" name="Testsuites" source="/home/runner/work/nelson-test-automation/nelson-test-automation/testsuites">
<suite id="s1-s1" name="BUI" source="/home/runner/work/nelson-test-automation/nelson-test-automation/testsuites/BUI">
<suite id="s1-s1-s1" name="Feature" source="/home/runner/work/nelson-test-automation/nelson-test-automation/testsuites/BUI/feature">
<suite id="s1-s1-s1-s1" name="Online Check In" source="/home/runner/work/nelson-test-automation/nelson-test-automation/testsuites/BUI/feature/online_check_in">
<suite id="s1-s1-s1-s1-s1" name="BUI2-556" source="/home/runner/work/nelson-test-automation/nelson-test-automation/testsuites/BUI/feature/online_check_in/BUI2-556.robot">
<kw name="Open Browser to Landing Page" library="common" type="SETUP">
<doc>A general startup keyword for opening a browser to the landing page.</doc>
<kw name="Open New Browser To URL" library="common">
<arg>${url}</arg>
<kw name="New Browser" library="Browser">
<arg>${browser}</arg>
<arg>${headless}</arg>
<arg>timeout=${timeout}</arg>
<tag>BrowserControl</tag>
<tag>Setter</tag>
<doc>Create a new playwright Browser with specified options.</doc>
<msg timestamp="20230714 12:43:18.437" level="INFO">{"browser": "firefox", "headless": true, "devtools": false, "handleSIGHUP": true, "handleSIGINT": true, "handleSIGTERM": true, "slowMo": 0.0, "timeout": 90000.0, "tracesDir": "/home/runner/work/nelson-test-automation/nelson-test-automation/reports/test3/browser/traces/0b8c544f-14f8-4df5-9729-37a31ccbd061"}</msg>
<msg timestamp="20230714 12:43:19.442" level="INFO">Successfully created browser with options: {"browser":"firefox","headless":true,"devtools":false,"handleSIGHUP":true,"handleSIGINT":true,"handleSIGTERM":true,"slowMo":0,"timeout":90000,"tracesDir":"/home/runner/work/nelson-test-automation/nelson-test-automation/reports/test3/browser/traces/0b8c544f-14f8-4df5-9729-37a31ccbd061"}</msg>
<status status="PASS" starttime="20230714 12:43:18.436" endtime="20230714 12:43:19.442"/>
</kw>
<kw name="Set Browser Timeout" library="Browser">
<arg>${timeout}</arg>
<tag>Config</tag>
<tag>Setter</tag>
<doc>Sets the timeout used by most input and getter keywords.</doc>
<msg timestamp="20230714 12:43:19.446" level="INFO">No context open.</msg>
<status status="PASS" starttime="20230714 12:43:19.442" endtime="20230714 12:43:19.446"/>
</kw>
<kw name="New Context" library="Browser">
<tag>BrowserControl</tag>
<tag>Setter</tag>
<doc>Create a new BrowserContext with specified options.</doc>
<msg timestamp="20230714 12:43:19.447" level="INFO">{
  "acceptDownloads": true,
  "bypassCSP": false,
  "forcedColors": "none",
  "hideRfBrowser": "",
  "ignoreHTTPSErrors": false,
  "javaScriptEnabled": true,
  "offline": false,
  "reducedMotion": "no-preference",
  "viewport": {
    "height": 720,
    "width": 1280
  }
}</msg>
<msg timestamp="20230714 12:43:19.491" level="INFO">Successfully created context. </msg>
<msg timestamp="20230714 12:43:19.491" level="INFO">{'acceptDownloads': True, 'bypassCSP': False, 'forcedColors': 'none', 'hideRfBrowser': '', 'ignoreHTTPSErrors': False, 'javaScriptEnabled': True, 'offline': False, 'reducedMotion': 'no-preference', 'viewport': {'height': 720, 'width': 1280}}</msg>
<status status="PASS" starttime="20230714 12:43:19.447" endtime="20230714 12:43:19.492"/>
</kw>
<kw name="New Page" library="Browser">
<arg>${url}</arg>
<tag>BrowserControl</tag>
<tag>Setter</tag>
<doc>Open a new Page.</doc>
<msg timestamp="20230714 12:43:23.540" level="INFO">Successfully initialized new page object and opened url: https://test3.omenahotels.com/</msg>
<status status="PASS" starttime="20230714 12:43:19.492" endtime="20230714 12:43:23.540"/>
</kw>
<status status="PASS" starttime="20230714 12:43:18.435" endtime="20230714 12:43:23.541"/>
</kw>
<kw name="Wait Until Network Is Idle" library="Browser">
<tag>HTTP</tag>
<tag>Wait</tag>
<doc>Waits until there has been at least one instance of 500 ms of no network traffic on the page after loading.</doc>
<status status="PASS" starttime="20230714 12:43:23.541" endtime="20230714 12:43:24.581"/>
</kw>
<kw name="Allow Cookies" library="common">
<doc>Allow Cookies/Toggle Cookie allowance</doc>
<kw name="Is Element Found" library="common">
<var>${cookieModalVisible}</var>
<arg>id=CybotCookiebotDialogBodyLevelButtonLevelOptinAllowAll</arg>
<doc>A keyword that has a very complex way of figuring out whether an
element is found or not because I had trouble with the built-in keywords
Can be solved differently if you have a better idea</doc>
<kw name="Set Browser Timeout" library="Browser">
<arg>10s</arg>
<tag>Config</tag>
<tag>Setter</tag>
<doc>Sets the timeout used by most input and getter keywords.</doc>
<msg timestamp="20230714 12:43:24.585" level="INFO">Set timeout to: 10000</msg>
<status status="PASS" starttime="20230714 12:43:24.582" endtime="20230714 12:43:24.585"/>
</kw>
<try>
<branch type="TRY">
<kw name="Get Elements" library="Browser">
<var>${els}</var>
<arg>${selector}</arg>
<tag>Getter</tag>
<tag>PageContent</tag>
<doc>Returns a reference to Playwright [https://playwright.dev/docs/api/class-locator|Locator]
for all matched elements by ``selector``.</doc>
<msg timestamp="20230714 12:43:24.635" level="INFO">Found Locator@id=CybotCookiebotDialogBodyLevelButtonLevelOptinAllowAll &gt;&gt; nth=0 Locators successfully.</msg>
<msg timestamp="20230714 12:43:24.635" level="INFO">${els} = ['id=CybotCookiebotDialogBodyLevelButtonLevelOptinAllowAll &gt;&gt; nth=0']</msg>
<status status="PASS" starttime="20230714 12:43:24.585" endtime="20230714 12:43:24.635"/>
</kw>
<kw name="Get Length" library="BuiltIn">
<var>${count}</var>
<arg>${els}</arg>
<doc>Returns and logs the length of the given item as an integer.</doc>
<msg timestamp="20230714 12:43:24.635" level="INFO">Length is 1</msg>
<msg timestamp="20230714 12:43:24.636" level="INFO">${count} = 1</msg>
<status status="PASS" starttime="20230714 12:43:24.635" endtime="20230714 12:43:24.636"/>
</kw>
<if>
<branch type="IF" condition="${count} &gt; 0">
<kw name="Set Variable" library="BuiltIn">
<var>${visible}</var>
<arg>True</arg>
<doc>Returns the given values which can then be assigned to a variables.</doc>
<msg timestamp="20230714 12:43:24.636" level="INFO">${visible} = True</msg>
<status status="PASS" starttime="20230714 12:43:24.636" endtime="20230714 12:43:24.636"/>
</kw>
<status status="PASS" starttime="20230714 12:43:24.636" endtime="20230714 12:43:24.636"/>
</branch>
<branch type="ELSE">
<kw name="Set Variable" library="BuiltIn">
<var>${visible}</var>
<arg>False</arg>
<doc>Returns the given values which can then be assigned to a variables.</doc>
<status status="NOT RUN" starttime="20230714 12:43:24.637" endtime="20230714 12:43:24.637"/>
</kw>
<status status="NOT RUN" starttime="20230714 12:43:24.637" endtime="20230714 12:43:24.637"/>
</branch>
<status status="PASS" starttime="20230714 12:43:24.636" endtime="20230714 12:43:24.637"/>
</if>
<status status="PASS" starttime="20230714 12:43:24.585" endtime="20230714 12:43:24.637"/>
</branch>
<branch type="EXCEPT">
<kw name="Set Variable" library="BuiltIn">
<var>${visible}</var>
<arg>False</arg>
<doc>Returns the given values which can then be assigned to a variables.</doc>
<status status="NOT RUN" starttime="20230714 12:43:24.637" endtime="20230714 12:43:24.637"/>
</kw>
<status status="NOT RUN" starttime="20230714 12:43:24.637" endtime="20230714 12:43:24.637"/>
</branch>
<status status="PASS" starttime="20230714 12:43:24.585" endtime="20230714 12:43:24.638"/>
</try>
<kw name="Set Browser Timeout" library="Browser">
<arg>${timeout}</arg>
<tag>Config</tag>
<tag>Setter</tag>
<doc>Sets the timeout used by most input and getter keywords.</doc>
<msg timestamp="20230714 12:43:24.640" level="INFO">Set timeout to: 90000</msg>
<status status="PASS" starttime="20230714 12:43:24.638" endtime="20230714 12:43:24.641"/>
</kw>
<msg timestamp="20230714 12:43:24.641" level="INFO">${cookieModalVisible} = True</msg>
<status status="PASS" starttime="20230714 12:43:24.582" endtime="20230714 12:43:24.641"/>
</kw>
<if>
<branch type="IF" condition="${cookieModalVisible}">
<kw name="Click" library="Browser">
<arg>id=CybotCookiebotDialogBodyLevelButtonLevelOptinAllowAll</arg>
<tag>PageContent</tag>
<tag>Setter</tag>
<doc>Simulates mouse click on the element found by ``selector``.</doc>
<status status="PASS" starttime="20230714 12:43:24.641" endtime="20230714 12:43:24.708"/>
</kw>
<status status="PASS" starttime="20230714 12:43:24.641" endtime="20230714 12:43:24.708"/>
</branch>
<branch type="ELSE">
<kw name="Log" library="BuiltIn">
<arg>No Cookie Modal Visible</arg>
<doc>Logs the given message with the given level.</doc>
<status status="NOT RUN" starttime="20230714 12:43:24.709" endtime="20230714 12:43:24.709"/>
</kw>
<status status="NOT RUN" starttime="20230714 12:43:24.708" endtime="20230714 12:43:24.709"/>
</branch>
<status status="PASS" starttime="20230714 12:43:24.641" endtime="20230714 12:43:24.709"/>
</if>
<status status="PASS" starttime="20230714 12:43:24.582" endtime="20230714 12:43:24.709"/>
</kw>
<kw name="Set Environment" library="common">
<kw name="Get Url" library="Browser">
<var>${currentUrl}</var>
<tag>Assertion</tag>
<tag>Getter</tag>
<tag>PageContent</tag>
<doc>Returns the current URL.</doc>
<msg timestamp="20230714 12:43:24.713" level="INFO">${currentUrl} = https://test3.omenahotels.com/en/</msg>
<status status="PASS" starttime="20230714 12:43:24.710" endtime="20230714 12:43:24.713"/>
</kw>
<kw name="Get Environment From Url" library="Helpers">
<var>${env}</var>
<arg>${currentUrl}</arg>
<msg timestamp="20230714 12:43:24.714" level="INFO">${env} = test-omena</msg>
<status status="PASS" starttime="20230714 12:43:24.713" endtime="20230714 12:43:24.714"/>
</kw>
<kw name="Set Variable" library="BuiltIn">
<arg>${environment}</arg>
<arg>${env}</arg>
<doc>Returns the given values which can then be assigned to a variables.</doc>
<status status="PASS" starttime="20230714 12:43:24.714" endtime="20230714 12:43:24.714"/>
</kw>
<status status="PASS" starttime="20230714 12:43:24.709" endtime="20230714 12:43:24.714"/>
</kw>
<status status="PASS" starttime="20230714 12:43:18.435" endtime="20230714 12:43:24.714"/>
</kw>
<test id="s1-s1-s1-s1-s1-t1" name="Select Hotel, Dates and Guests" line="14">
<kw name="Select Hotel" library="booking">
<arg>Helsinki, Lönnrotinkatu</arg>
<doc>Select Hotel by using a number as an argument, default Lönnrotinkatu</doc>
<if>
<branch type="IF" condition="&quot;${environment}&quot; == &quot;test-exhibition&quot;">
<kw name="Log" library="BuiltIn">
<arg>No hotel to be selected</arg>
<doc>Logs the given message with the given level.</doc>
<status status="NOT RUN" starttime="20230714 12:43:24.717" endtime="20230714 12:43:24.717"/>
</kw>
<status status="NOT RUN" starttime="20230714 12:43:24.717" endtime="20230714 12:43:24.717"/>
</branch>
<branch type="ELSE">
<kw name="Log" library="BuiltIn">
<arg>Selecting Hotel: ${hotel}</arg>
<doc>Logs the given message with the given level.</doc>
<msg timestamp="20230714 12:43:24.718" level="INFO">Selecting Hotel: Helsinki, Lönnrotinkatu</msg>
<status status="PASS" starttime="20230714 12:43:24.718" endtime="20230714 12:43:24.718"/>
</kw>
<kw name="Click" library="Browser">
<arg>//div[contains(@data-nelson-btn, "hotels")]</arg>
<tag>PageContent</tag>
<tag>Setter</tag>
<doc>Simulates mouse click on the element found by ``selector``.</doc>
<status status="PASS" starttime="20230714 12:43:24.718" endtime="20230714 12:43:24.809"/>
</kw>
<kw name="Wait Until Visible" library="common">
<arg>//a[contains(@class, 'dropdown-item') and contains(text(), '${hotel}')]</arg>
<doc>An easier keyword for waiting until an element is visible</doc>
<kw name="Wait For Elements State" library="Browser">
<arg>${element}</arg>
<arg>visible</arg>
<arg>timeout=${timeout}</arg>
<tag>PageContent</tag>
<tag>Wait</tag>
<doc>Waits for the element found by ``selector`` to satisfy state option.</doc>
<msg timestamp="20230714 12:43:24.819" level="INFO">Waited for Element with selector //a[contains(@class, 'dropdown-item') and contains(text(), 'Helsinki, Lönnrotinkatu')] at state visible</msg>
<status status="PASS" starttime="20230714 12:43:24.810" endtime="20230714 12:43:24.819"/>
</kw>
<status status="PASS" starttime="20230714 12:43:24.810" endtime="20230714 12:43:24.819"/>
</kw>
<kw name="Click" library="Browser">
<arg>//a[contains(@class, 'dropdown-item') and contains(text(), '${hotel}')]</arg>
<tag>PageContent</tag>
<tag>Setter</tag>
<doc>Simulates mouse click on the element found by ``selector``.</doc>
<status status="PASS" starttime="20230714 12:43:24.820" endtime="20230714 12:43:25.042"/>
</kw>
<kw name="Wait For Elements State" library="Browser">
<arg>//a[contains(@class, 'dropdown-item') and contains(text(), '${hotel}')]</arg>
<arg>hidden</arg>
<arg>timeout=3s</arg>
<tag>PageContent</tag>
<tag>Wait</tag>
<doc>Waits for the element found by ``selector`` to satisfy state option.</doc>
<msg timestamp="20230714 12:43:25.073" level="INFO">Waited for Element with selector //a[contains(@class, 'dropdown-item') and contains(text(), 'Helsinki, Lönnrotinkatu')] at state hidden</msg>
<status status="PASS" starttime="20230714 12:43:25.042" endtime="20230714 12:43:25.073"/>
</kw>
<status status="PASS" starttime="20230714 12:43:24.717" endtime="20230714 12:43:25.074"/>
</branch>
<status status="PASS" starttime="20230714 12:43:24.717" endtime="20230714 12:43:25.074"/>
</if>
<status status="PASS" starttime="20230714 12:43:24.716" endtime="20230714 12:43:25.074"/>
</kw>
<kw name="Select Dates" library="booking">
<kw name="Log" library="BuiltIn">
<arg>${EMPTY}</arg>
<doc>Logs the given message with the given level.</doc>
<msg timestamp="20230714 12:43:25.080" level="INFO"/>
<status status="PASS" starttime="20230714 12:43:25.075" endtime="20230714 12:43:25.080"/>
</kw>
<status status="PASS" starttime="20230714 12:43:25.074" endtime="20230714 12:43:25.080"/>
</kw>
<kw name="Select Guests" library="booking">
<doc>Selects the number of guests for the booking, current implementation will only check the dropdown</doc>
<kw name="Log To Console" library="BuiltIn">
<arg>${EMPTY}</arg>
<doc>Logs the given message to the console.</doc>
<status status="PASS" starttime="20230714 12:43:25.083" endtime="20230714 12:43:25.086"/>
</kw>
<status status="PASS" starttime="20230714 12:43:25.080" endtime="20230714 12:43:25.087"/>
</kw>
<tag>smoke, booking, BUI2-556, online-checkin</tag>
<status status="PASS" starttime="20230714 12:43:24.715" endtime="20230714 12:43:25.088"/>
</test>
<test id="s1-s1-s1-s1-s1-t2" name="Check Available Rooms and Select a Standard Room" line="19">
<kw name="Click Book or Find Rooms Button" library="booking">
<kw name="Get Url" library="Browser">
<var>${url}</var>
<tag>Assertion</tag>
<tag>Getter</tag>
<tag>PageContent</tag>
<doc>Returns the current URL.</doc>
<msg timestamp="20230714 12:43:25.096" level="INFO">${url} = https://test3.omenahotels.com/en/#</msg>
<status status="PASS" starttime="20230714 12:43:25.094" endtime="20230714 12:43:25.096"/>
</kw>
<kw name="Check If String Contains" library="common">
<var>${booking}</var>
<arg>${url}</arg>
<arg>/booking/</arg>
<kw name="Check If String Contains Substring" library="Helpers">
<var>${contains}</var>
<arg>${string}</arg>
<arg>${substring}</arg>
<msg timestamp="20230714 12:43:25.097" level="INFO">${contains} = False</msg>
<status status="PASS" starttime="20230714 12:43:25.097" endtime="20230714 12:43:25.097"/>
</kw>
<msg timestamp="20230714 12:43:25.105" level="INFO">${booking} = False</msg>
<status status="PASS" starttime="20230714 12:43:25.096" endtime="20230714 12:43:25.105"/>
</kw>
<if>
<branch type="IF" condition="${booking} == True">
<kw name="Click" library="Browser">
<arg>//button[contains(@class, 'booking-form-button') and contains(text(), 'Find rooms')]</arg>
<tag>PageContent</tag>
<tag>Setter</tag>
<doc>Simulates mouse click on the element found by ``selector``.</doc>
<status status="NOT RUN" starttime="20230714 12:43:25.106" endtime="20230714 12:43:25.106"/>
</kw>
<status status="NOT RUN" starttime="20230714 12:43:25.106" endtime="20230714 12:43:25.106"/>
</branch>
<branch type="ELSE">
<kw name="Click" library="Browser">
<arg>//button[contains(@class, 'booking-form-button') and contains(text(), 'Book')]</arg>
<tag>PageContent</tag>
<tag>Setter</tag>
<doc>Simulates mouse click on the element found by ``selector``.</doc>
<status status="PASS" starttime="20230714 12:43:25.106" endtime="20230714 12:43:25.616"/>
</kw>
<status status="PASS" starttime="20230714 12:43:25.106" endtime="20230714 12:43:25.616"/>
</branch>
<status status="PASS" starttime="20230714 12:43:25.105" endtime="20230714 12:43:25.616"/>
</if>
<status status="PASS" starttime="20230714 12:43:25.094" endtime="20230714 12:43:25.616"/>
</kw>
<kw name="Select a Standard Room" library="booking">
<kw name="Wait Until Visible" library="common">
<arg>${btnExtras}</arg>
<doc>An easier keyword for waiting until an element is visible</doc>
<kw name="Wait For Elements State" library="Browser">
<arg>${element}</arg>
<arg>visible</arg>
<arg>timeout=${timeout}</arg>
<tag>PageContent</tag>
<tag>Wait</tag>
<doc>Waits for the element found by ``selector`` to satisfy state option.</doc>
<msg timestamp="20230714 12:43:30.117" level="INFO">Waited for Element with selector (//div[contains(@view,"booking")]//button[contains(text(), "Continue to extras")])[1] at state visible</msg>
<status status="PASS" starttime="20230714 12:43:25.617" endtime="20230714 12:43:30.117"/>
</kw>
<status status="PASS" starttime="20230714 12:43:25.617" endtime="20230714 12:43:30.118"/>
</kw>
<kw name="Get Element States" library="Browser">
<var>${visible}</var>
<arg>//div[contains(text(), 'Select room')]</arg>
<arg>then</arg>
<arg>bool(value &amp; visible)</arg>
<tag>Assertion</tag>
<tag>Getter</tag>
<tag>PageContent</tag>
<doc>Get the active states from the element found by ``selector``.</doc>
<msg timestamp="20230714 12:43:30.371" level="INFO">${visible} = False</msg>
<status status="PASS" starttime="20230714 12:43:30.118" endtime="20230714 12:43:30.371"/>
</kw>
<kw name="Run Keyword If" library="BuiltIn">
<arg>${visible}</arg>
<arg>Select Standard and Remove Other Room Selection</arg>
<doc>Runs the given keyword with the given arguments, if ``condition`` is true.</doc>
<status status="PASS" starttime="20230714 12:43:30.372" endtime="20230714 12:43:30.372"/>
</kw>
<status status="PASS" starttime="20230714 12:43:25.616" endtime="20230714 12:43:30.372"/>
</kw>
<tag>smoke, booking, BUI2-556, online-checkin</tag>
<status status="PASS" starttime="20230714 12:43:25.093" endtime="20230714 12:43:30.372"/>
</test>
<test id="s1-s1-s1-s1-s1-t3" name="Continue to Extras and Select Join for Free" line="23">
<kw name="Click Continue to Extras Button" library="booking">
<doc>Clicks the continue to extras button</doc>
<kw name="Click" library="Browser">
<arg>${btnExtras}</arg>
<tag>PageContent</tag>
<tag>Setter</tag>
<doc>Simulates mouse click on the element found by ``selector``.</doc>
<msg timestamp="20230714 12:45:00.544" level="INFO" html="true">&lt;/td&gt;&lt;/tr&gt;&lt;tr&gt;&lt;td colspan="3"&gt;&lt;a href="browser/screenshot/fail-screenshot-1.png" target="_blank"&gt;&lt;img src="browser/screenshot/fail-screenshot-1.png" width="800px"/&gt;&lt;/a&gt;</msg>
<msg timestamp="20230714 12:45:00.544" level="INFO">See also file:///home/runner/work/nelson-test-automation/nelson-test-automation/reports/test3/playwright-log.txt for additional details.</msg>
<msg timestamp="20230714 12:45:00.544" level="FAIL">TimeoutError: locator.click: Timeout 90000ms exceeded.
=========================== logs ===========================
waiting for locator('xpath=(//div[contains(@view,"booking")]//button[contains(text(), "Continue to extras")])[1]')
  locator resolved to &lt;button disabled type="button" class="chakra-button css-…&gt;Continue to extras&lt;/button&gt;
attempting click action
  waiting for element to be visible, enabled and stable
    element is not enabled - waiting...
element was detached from the DOM, retrying
  locator resolved to &lt;button disabled type="button" class="chakra-button css-…&gt;Continue to extras&lt;/button&gt;
attempting click action
  waiting for element to be visible, enabled and stable
    element is not enabled - waiting...
element was detached from the DOM, retrying
  locator resolved to &lt;button disabled type="button" class="chakra-button css-…&gt;Continue to extras&lt;/button&gt;
attempting click action
  waiting for element to be visible, enabled and stable
    element is not enabled - waiting...
element was detached from the DOM, retrying
  locator resolved to &lt;button disabled type="button" class="chakra-button css-…&gt;Continue to extras&lt;/button&gt;
attempting click action
  waiting for element to be visible, enabled and stable
    element is not enabled - waiting...
============================================================
Tip: Use "Set Browser Timeout" for increasing the timeout or double check your locator as the targeted element(s) couldn't be found.</msg>
<status status="FAIL" starttime="20230714 12:43:30.377" endtime="20230714 12:45:00.555"/>
</kw>
<kw name="Wait Until Visible" library="common">
<arg>${btnPayment}</arg>
<doc>An easier keyword for waiting until an element is visible</doc>
<status status="NOT RUN" starttime="20230714 12:45:00.555" endtime="20230714 12:45:00.555"/>
</kw>
<status status="FAIL" starttime="20230714 12:43:30.377" endtime="20230714 12:45:00.556"/>
</kw>
<kw name="Continue to Payment" library="booking">
<status status="NOT RUN" starttime="20230714 12:45:00.556" endtime="20230714 12:45:00.556"/>
</kw>
<kw name="Select Join for Free" library="booking">
<status status="NOT RUN" starttime="20230714 12:45:00.556" endtime="20230714 12:45:00.557"/>
</kw>
<tag>smoke, booking, BUI2-556, online-checkin</tag>
<status status="FAIL" starttime="20230714 12:43:30.375" endtime="20230714 12:45:00.557">TimeoutError: locator.click: Timeout 90000ms exceeded.
=========================== logs ===========================
waiting for locator('xpath=(//div[contains(@view,"booking")]//button[contains(text(), "Continue to extras")])[1]')
  locator resolved to &lt;button disabled type="button" class="chakra-button css-…&gt;Continue to extras&lt;/button&gt;
attempting click action
  waiting for element to be visible, enabled and stable
    element is not enabled - waiting...
element was detached from the DOM, retrying
  locator resolved to &lt;button disabled type="button" class="chakra-button css-…&gt;Continue to extras&lt;/button&gt;
attempting click action
  waiting for element to be visible, enabled and stable
    element is not enabled - waiting...
element was detached from the DOM, retrying
  locator resolved to &lt;button disabled type="button" class="chakra-button css-…&gt;Continue to extras&lt;/button&gt;
attempting click action
  waiting for element to be visible, enabled and stable
    element is not enabled - waiting...
element was detached from the DOM, retrying
  locator resolved to &lt;button disabled type="button" class="chakra-button css-…&gt;Continue to extras&lt;/button&gt;
attempting click action
  waiting for element to be visible, enabled and stable
    element is not enabled - waiting...
============================================================
Tip: Use "Set Browser Timeout" for increasing the timeout or double check your locator as the targeted element(s) couldn't be found.</status>
</test>
<test id="s1-s1-s1-s1-s1-t4" name="Fill in Booker Contact Information" line="28">
<kw name="Fill in Contact Information" library="booking">
<doc>Fills in Contact information that can be given as arguments or use default values
Uses a password if the environment is bui and</doc>
<kw name="Create Email and Return Inbox" library="common">
<var>${inbox}</var>
<doc>Creates a new email address and returns the inbox object</doc>
<kw name="Create new Inbox" library="MailSlurp">
<var>${inbox}</var>
<msg timestamp="20230714 12:45:00.963" level="INFO">${inbox} = {'created_at': datetime.datetime(2023, 7, 14, 12, 45, 0, 921000, tzinfo=tzlocal()),
 'description': None,
 'domain_id': None,
 'email_address': '350b960e-526c-454d-96c2-38dc564d9119@mailslurp.com',
 '...</msg>
<status status="PASS" starttime="20230714 12:45:00.562" endtime="20230714 12:45:00.963"/>
</kw>
<kw name="Log To Console" library="BuiltIn">
<arg>${inbox.id}</arg>
<doc>Logs the given message to the console.</doc>
<status status="PASS" starttime="20230714 12:45:00.964" endtime="20230714 12:45:00.965"/>
</kw>
<msg timestamp="20230714 12:45:00.965" level="INFO">${inbox} = {'created_at': datetime.datetime(2023, 7, 14, 12, 45, 0, 921000, tzinfo=tzlocal()),
 'description': None,
 'domain_id': None,
 'email_address': '350b960e-526c-454d-96c2-38dc564d9119@mailslurp.com',
 '...</msg>
<status status="PASS" starttime="20230714 12:45:00.562" endtime="20230714 12:45:00.965"/>
</kw>
<kw name="Click and Fill" library="common">
<arg>id=firstName</arg>
<arg>${firstName}</arg>
<doc>A keyword combination of Click and Fill Text since most of the form fields need a click</doc>
<kw name="Click" library="Browser">
<arg>${selector}</arg>
<tag>PageContent</tag>
<tag>Setter</tag>
<doc>Simulates mouse click on the element found by ``selector``.</doc>
<msg timestamp="20230714 12:46:31.108" level="INFO" html="true">&lt;/td&gt;&lt;/tr&gt;&lt;tr&gt;&lt;td colspan="3"&gt;&lt;a href="browser/screenshot/fail-screenshot-2.png" target="_blank"&gt;&lt;img src="browser/screenshot/fail-screenshot-2.png" width="800px"/&gt;&lt;/a&gt;</msg>
<msg timestamp="20230714 12:46:31.108" level="INFO">See also file:///home/runner/work/nelson-test-automation/nelson-test-automation/reports/test3/playwright-log.txt for additional details.</msg>
<msg timestamp="20230714 12:46:31.108" level="FAIL">TimeoutError: locator.click: Timeout 90000ms exceeded.
=========================== logs ===========================
waiting for locator('id=firstName')
============================================================
Tip: Use "Set Browser Timeout" for increasing the timeout or double check your locator as the targeted element(s) couldn't be found.</msg>
<status status="FAIL" starttime="20230714 12:45:00.966" endtime="20230714 12:46:31.109"/>
</kw>
<kw name="Fill Text" library="Browser">
<arg>${selector}</arg>
<arg>${text}</arg>
<tag>PageContent</tag>
<tag>Setter</tag>
<doc>Clears and fills the given ``txt`` into the text field found by ``selector``.</doc>
<status status="NOT RUN" starttime="20230714 12:46:31.109" endtime="20230714 12:46:31.109"/>
</kw>
<status status="FAIL" starttime="20230714 12:45:00.966" endtime="20230714 12:46:31.110"/>
</kw>
<kw name="Click and Fill" library="common">
<arg>id=lastName</arg>
<arg>${lastName}</arg>
<doc>A keyword combination of Click and Fill Text since most of the form fields need a click</doc>
<status status="NOT RUN" starttime="20230714 12:46:31.110" endtime="20230714 12:46:31.110"/>
</kw>
<kw name="Click and Fill" library="common">
<arg>id=email</arg>
<arg>${inbox.email_address}</arg>
<doc>A keyword combination of Click and Fill Text since most of the form fields need a click</doc>
<status status="NOT RUN" starttime="20230714 12:46:31.111" endtime="20230714 12:46:31.111"/>
</kw>
<kw name="Click and Fill" library="common">
<arg>id=phoneNumber</arg>
<arg>${phone}</arg>
<doc>A keyword combination of Click and Fill Text since most of the form fields need a click</doc>
<status status="NOT RUN" starttime="20230714 12:46:31.111" endtime="20230714 12:46:31.111"/>
</kw>
<kw name="Log To Console" library="BuiltIn">
<arg>${inbox.id}</arg>
<doc>Logs the given message to the console.</doc>
<status status="NOT RUN" starttime="20230714 12:46:31.111" endtime="20230714 12:46:31.111"/>
</kw>
<kw name="Set Suite Variable" library="BuiltIn">
<arg>$ID</arg>
<arg>${inbox.id}</arg>
<doc>Makes a variable available everywhere within the scope of the current suite.</doc>
<status status="NOT RUN" starttime="20230714 12:46:31.111" endtime="20230714 12:46:31.111"/>
</kw>
<kw name="Get Element Count" library="Browser">
<var>${passwordVisible}</var>
<arg>id=password</arg>
<tag>Assertion</tag>
<tag>Getter</tag>
<tag>PageContent</tag>
<doc>Returns the count of elements found with ``selector``.</doc>
<status status="NOT RUN" starttime="20230714 12:46:31.112" endtime="20230714 12:46:31.112"/>
</kw>
<if>
<branch type="IF" condition="'${env}'=='bui' and '${passwordVisible}'&gt;'0'">
<kw name="Click and Fill" library="common">
<arg>id=password</arg>
<arg>${password}</arg>
<doc>A keyword combination of Click and Fill Text since most of the form fields need a click</doc>
<status status="NOT RUN" starttime="20230714 12:46:31.112" endtime="20230714 12:46:31.112"/>
</kw>
<status status="NOT RUN" starttime="20230714 12:46:31.112" endtime="20230714 12:46:31.112"/>
</branch>
<branch type="ELSE">
<kw name="Log To Console" library="BuiltIn">
<arg>No password filled</arg>
<doc>Logs the given message to the console.</doc>
<status status="NOT RUN" starttime="20230714 12:46:31.113" endtime="20230714 12:46:31.113"/>
</kw>
<status status="NOT RUN" starttime="20230714 12:46:31.112" endtime="20230714 12:46:31.113"/>
</branch>
<status status="NOT RUN" starttime="20230714 12:46:31.112" endtime="20230714 12:46:31.113"/>
</if>
<status status="FAIL" starttime="20230714 12:45:00.562" endtime="20230714 12:46:31.113"/>
</kw>
<kw name="Accept offers and Terms" library="booking">
<status status="NOT RUN" starttime="20230714 12:46:31.114" endtime="20230714 12:46:31.114"/>
</kw>
<tag>smoke, booking, BUI2-556, online-checkin</tag>
<status status="FAIL" starttime="20230714 12:45:00.561" endtime="20230714 12:46:31.114">TimeoutError: locator.click: Timeout 90000ms exceeded.
=========================== logs ===========================
waiting for locator('id=firstName')
============================================================
Tip: Use "Set Browser Timeout" for increasing the timeout or double check your locator as the targeted element(s) couldn't be found.</status>
</test>
<test id="s1-s1-s1-s1-s1-t5" name="Pay using Web Bank and Nordea" line="32">
<kw name="Select Web Bank and Nordea as Payment Method" library="booking">
<kw name="Click" library="Browser">
<arg>//div[contains(text(), "Web bank payment")]</arg>
<tag>PageContent</tag>
<tag>Setter</tag>
<doc>Simulates mouse click on the element found by ``selector``.</doc>
<msg timestamp="20230714 12:48:01.266" level="INFO" html="true">&lt;/td&gt;&lt;/tr&gt;&lt;tr&gt;&lt;td colspan="3"&gt;&lt;a href="browser/screenshot/fail-screenshot-3.png" target="_blank"&gt;&lt;img src="browser/screenshot/fail-screenshot-3.png" width="800px"/&gt;&lt;/a&gt;</msg>
<msg timestamp="20230714 12:48:01.266" level="INFO">See also file:///home/runner/work/nelson-test-automation/nelson-test-automation/reports/test3/playwright-log.txt for additional details.</msg>
<msg timestamp="20230714 12:48:01.267" level="FAIL">TimeoutError: locator.click: Timeout 90000ms exceeded.
=========================== logs ===========================
waiting for locator('xpath=//div[contains(text(), "Web bank payment")]')
============================================================
Tip: Use "Set Browser Timeout" for increasing the timeout or double check your locator as the targeted element(s) couldn't be found.</msg>
<status status="FAIL" starttime="20230714 12:46:31.119" endtime="20230714 12:48:01.267"/>
</kw>
<kw name="Click" library="Browser">
<arg>//p[contains(text(), 'Nordea')]</arg>
<tag>PageContent</tag>
<tag>Setter</tag>
<doc>Simulates mouse click on the element found by ``selector``.</doc>
<status status="NOT RUN" starttime="20230714 12:48:01.268" endtime="20230714 12:48:01.268"/>
</kw>
<kw name="Click" library="Browser">
<arg>(//div[contains(@view,"payment")]//button[contains(text(), "Pay")])[1]</arg>
<tag>PageContent</tag>
<tag>Setter</tag>
<doc>Simulates mouse click on the element found by ``selector``.</doc>
<status status="NOT RUN" starttime="20230714 12:48:01.268" endtime="20230714 12:48:01.268"/>
</kw>
<status status="FAIL" starttime="20230714 12:46:31.119" endtime="20230714 12:48:01.268"/>
</kw>
<kw name="Complete Payment Successfully" library="booking">
<status status="NOT RUN" starttime="20230714 12:48:01.269" endtime="20230714 12:48:01.269"/>
</kw>
<tag>smoke, booking, BUI2-556, online-checkin</tag>
<status status="FAIL" starttime="20230714 12:46:31.119" endtime="20230714 12:48:01.269">TimeoutError: locator.click: Timeout 90000ms exceeded.
=========================== logs ===========================
waiting for locator('xpath=//div[contains(text(), "Web bank payment")]')
============================================================
Tip: Use "Set Browser Timeout" for increasing the timeout or double check your locator as the targeted element(s) couldn't be found.</status>
</test>
<test id="s1-s1-s1-s1-s1-t6" name="Check In Online" line="36">
<kw name="Click Check In Button" library="booking">
<kw name="Wait Until Visible" library="common">
<arg>(//button[text()="Check in"])[1]</arg>
<doc>An easier keyword for waiting until an element is visible</doc>
<kw name="Wait For Elements State" library="Browser">
<arg>${element}</arg>
<arg>visible</arg>
<arg>timeout=${timeout}</arg>
<tag>PageContent</tag>
<tag>Wait</tag>
<doc>Waits for the element found by ``selector`` to satisfy state option.</doc>
<msg timestamp="20230714 12:49:31.436" level="INFO" html="true">&lt;/td&gt;&lt;/tr&gt;&lt;tr&gt;&lt;td colspan="3"&gt;&lt;a href="browser/screenshot/fail-screenshot-4.png" target="_blank"&gt;&lt;img src="browser/screenshot/fail-screenshot-4.png" width="800px"/&gt;&lt;/a&gt;</msg>
<msg timestamp="20230714 12:49:31.436" level="INFO">See also file:///home/runner/work/nelson-test-automation/nelson-test-automation/reports/test3/playwright-log.txt for additional details.</msg>
<msg timestamp="20230714 12:49:31.436" level="FAIL">TimeoutError: locator.waitFor: Timeout 90000ms exceeded.
=========================== logs ===========================
waiting for locator('xpath=(//button[text()="Check in"])[1]') to be visible
============================================================
Tip: Use "Set Browser Timeout" for increasing the timeout or double check your locator as the targeted element(s) couldn't be found.</msg>
<status status="FAIL" starttime="20230714 12:48:01.278" endtime="20230714 12:49:31.437"/>
</kw>
<status status="FAIL" starttime="20230714 12:48:01.277" endtime="20230714 12:49:31.438"/>
</kw>
<kw name="Click" library="Browser">
<arg>(//button[text()="Check in"])[1]</arg>
<tag>PageContent</tag>
<tag>Setter</tag>
<doc>Simulates mouse click on the element found by ``selector``.</doc>
<status status="NOT RUN" starttime="20230714 12:49:31.438" endtime="20230714 12:49:31.438"/>
</kw>
<status status="FAIL" starttime="20230714 12:48:01.277" endtime="20230714 12:49:31.439"/>
</kw>
<kw name="Fill Check in Slide" library="booking">
<status status="NOT RUN" starttime="20230714 12:49:31.439" endtime="20230714 12:49:31.439"/>
</kw>
<kw name="Click Save and Sign Button and Sign if Required" library="booking">
<status status="NOT RUN" starttime="20230714 12:49:31.439" endtime="20230714 12:49:31.439"/>
</kw>
<kw name="Complete Check in" library="booking">
<status status="NOT RUN" starttime="20230714 12:49:31.439" endtime="20230714 12:49:31.439"/>
</kw>
<tag>smoke, booking, BUI2-556, online-checkin</tag>
<status status="FAIL" starttime="20230714 12:48:01.276" endtime="20230714 12:49:31.440">TimeoutError: locator.waitFor: Timeout 90000ms exceeded.
=========================== logs ===========================
waiting for locator('xpath=(//button[text()="Check in"])[1]') to be visible
============================================================
Tip: Use "Set Browser Timeout" for increasing the timeout or double check your locator as the targeted element(s) couldn't be found.</status>
</test>
<test id="s1-s1-s1-s1-s1-t7" name="Wait for Door Code and Verify Page" line="42">
<kw name="Wait Until Door Code is Available" library="checkin">
<kw name="Set Browser Timeout" library="Browser">
<arg>5 minutes</arg>
<tag>Config</tag>
<tag>Setter</tag>
<doc>Sets the timeout used by most input and getter keywords.</doc>
<msg timestamp="20230714 12:49:31.447" level="INFO">Set timeout to: 300000</msg>
<status status="PASS" starttime="20230714 12:49:31.445" endtime="20230714 12:49:31.447"/>
</kw>
<kw name="Is Element Found" library="common">
<var>${availableInFound}</var>
<arg>//p[contains(text(), "Available in")]</arg>
<doc>A keyword that has a very complex way of figuring out whether an
element is found or not because I had trouble with the built-in keywords
Can be solved differently if you have a better idea</doc>
<kw name="Set Browser Timeout" library="Browser">
<arg>10s</arg>
<tag>Config</tag>
<tag>Setter</tag>
<doc>Sets the timeout used by most input and getter keywords.</doc>
<msg timestamp="20230714 12:49:31.451" level="INFO">Set timeout to: 10000</msg>
<status status="PASS" starttime="20230714 12:49:31.449" endtime="20230714 12:49:31.451"/>
</kw>
<try>
<branch type="TRY">
<kw name="Get Elements" library="Browser">
<var>${els}</var>
<arg>${selector}</arg>
<tag>Getter</tag>
<tag>PageContent</tag>
<doc>Returns a reference to Playwright [https://playwright.dev/docs/api/class-locator|Locator]
for all matched elements by ``selector``.</doc>
<msg timestamp="20230714 12:49:41.456" level="INFO">Found  Locators successfully.</msg>
<msg timestamp="20230714 12:49:41.456" level="INFO">${els} = []</msg>
<status status="PASS" starttime="20230714 12:49:31.452" endtime="20230714 12:49:41.456"/>
</kw>
<kw name="Get Length" library="BuiltIn">
<var>${count}</var>
<arg>${els}</arg>
<doc>Returns and logs the length of the given item as an integer.</doc>
<msg timestamp="20230714 12:49:41.457" level="INFO">Length is 0</msg>
<msg timestamp="20230714 12:49:41.457" level="INFO">${count} = 0</msg>
<status status="PASS" starttime="20230714 12:49:41.457" endtime="20230714 12:49:41.457"/>
</kw>
<if>
<branch type="IF" condition="${count} &gt; 0">
<kw name="Set Variable" library="BuiltIn">
<var>${visible}</var>
<arg>True</arg>
<doc>Returns the given values which can then be assigned to a variables.</doc>
<status status="NOT RUN" starttime="20230714 12:49:41.457" endtime="20230714 12:49:41.458"/>
</kw>
<status status="NOT RUN" starttime="20230714 12:49:41.457" endtime="20230714 12:49:41.458"/>
</branch>
<branch type="ELSE">
<kw name="Set Variable" library="BuiltIn">
<var>${visible}</var>
<arg>False</arg>
<doc>Returns the given values which can then be assigned to a variables.</doc>
<msg timestamp="20230714 12:49:41.458" level="INFO">${visible} = False</msg>
<status status="PASS" starttime="20230714 12:49:41.458" endtime="20230714 12:49:41.458"/>
</kw>
<status status="PASS" starttime="20230714 12:49:41.458" endtime="20230714 12:49:41.458"/>
</branch>
<status status="PASS" starttime="20230714 12:49:41.457" endtime="20230714 12:49:41.458"/>
</if>
<status status="PASS" starttime="20230714 12:49:31.451" endtime="20230714 12:49:41.458"/>
</branch>
<branch type="EXCEPT">
<kw name="Set Variable" library="BuiltIn">
<var>${visible}</var>
<arg>False</arg>
<doc>Returns the given values which can then be assigned to a variables.</doc>
<status status="NOT RUN" starttime="20230714 12:49:41.459" endtime="20230714 12:49:41.459"/>
</kw>
<status status="NOT RUN" starttime="20230714 12:49:41.459" endtime="20230714 12:49:41.459"/>
</branch>
<status status="PASS" starttime="20230714 12:49:31.451" endtime="20230714 12:49:41.459"/>
</try>
<kw name="Set Browser Timeout" library="Browser">
<arg>${timeout}</arg>
<tag>Config</tag>
<tag>Setter</tag>
<doc>Sets the timeout used by most input and getter keywords.</doc>
<msg timestamp="20230714 12:49:41.461" level="INFO">Set timeout to: 90000</msg>
<status status="PASS" starttime="20230714 12:49:41.459" endtime="20230714 12:49:41.461"/>
</kw>
<msg timestamp="20230714 12:49:41.462" level="INFO">${availableInFound} = False</msg>
<status status="PASS" starttime="20230714 12:49:31.448" endtime="20230714 12:49:41.462"/>
</kw>
<while condition="${availableInFound}">
<iter>
<kw name="Sleep" library="BuiltIn">
<arg>15s</arg>
<doc>Pauses the test executed for the given time.</doc>
<status status="NOT RUN" starttime="20230714 12:49:41.462" endtime="20230714 12:49:41.462"/>
</kw>
<kw name="Reload" library="Browser">
<tag>BrowserControl</tag>
<tag>Setter</tag>
<doc>Reloads current active page.</doc>
<status status="NOT RUN" starttime="20230714 12:49:41.463" endtime="20230714 12:49:41.463"/>
</kw>
<kw name="Is Element Found" library="common">
<var>${availableInFound}</var>
<arg>//p[contains(text(), "Available in")]</arg>
<doc>A keyword that has a very complex way of figuring out whether an
element is found or not because I had trouble with the built-in keywords
Can be solved differently if you have a better idea</doc>
<status status="NOT RUN" starttime="20230714 12:49:41.463" endtime="20230714 12:49:41.463"/>
</kw>
<status status="NOT RUN" starttime="20230714 12:49:41.462" endtime="20230714 12:49:41.463"/>
</iter>
<status status="NOT RUN" starttime="20230714 12:49:41.462" endtime="20230714 12:49:41.463"/>
</while>
<kw name="Set Browser Timeout" library="Browser">
<arg>${timeout}</arg>
<tag>Config</tag>
<tag>Setter</tag>
<doc>Sets the timeout used by most input and getter keywords.</doc>
<status status="PASS" starttime="20230714 12:49:41.463" endtime="20230714 12:49:41.464"/>
</kw>
<kw name="Check for Payment Ok Modal" library="checkin">
<doc>Workaround to closing modal until it is fixed</doc>
<kw name="Is Element Visible" library="common">
<var>${modalIsVisible}</var>
<arg>//section[contains(@class, 'chakra')]</arg>
<kw name="Get Element States" library="Browser">
<var>${isVisible}</var>
<arg>${selector}</arg>
<arg>then</arg>
<arg>bool(value &amp; visible)</arg>
<tag>Assertion</tag>
<tag>Getter</tag>
<tag>PageContent</tag>
<doc>Get the active states from the element found by ``selector``.</doc>
<msg timestamp="20230714 12:49:42.620" level="INFO" html="true">&lt;/td&gt;&lt;/tr&gt;&lt;tr&gt;&lt;td colspan="3"&gt;&lt;a href="browser/screenshot/fail-screenshot-5.png" target="_blank"&gt;&lt;img src="browser/screenshot/fail-screenshot-5.png" width="800px"/&gt;&lt;/a&gt;</msg>
<msg timestamp="20230714 12:49:42.620" level="INFO">See also file:///home/runner/work/nelson-test-automation/nelson-test-automation/reports/test3/playwright-log.txt for additional details.</msg>
<msg timestamp="20230714 12:49:42.621" level="FAIL">Error: locator.waitFor: Error: strict mode violation: locator('xpath=//section[contains(@class, \'chakra\')]') resolved to 2 elements:
    1) &lt;section tabindex="-1" role="dialog" id="popover-content-…&gt;&lt;/section&gt; aka locator('#popover-content-205')
    2) &lt;section tabindex="-1" role="dialog" id="popover-content-…&gt;&lt;/section&gt; aka locator('#popover-content-209')

=========================== logs ===========================
waiting for locator('xpath=//section[contains(@class, \'chakra\')]')
============================================================</msg>
<status status="FAIL" starttime="20230714 12:49:41.464" endtime="20230714 12:49:42.621"/>
</kw>
<status status="FAIL" starttime="20230714 12:49:41.464" endtime="20230714 12:49:42.622"/>
</kw>
<if>
<branch type="IF" condition="${modalIsVisible}">
<kw name="Click" library="Browser">
<arg>//button[contains(text(),'Ok')]</arg>
<tag>PageContent</tag>
<tag>Setter</tag>
<doc>Simulates mouse click on the element found by ``selector``.</doc>
<status status="NOT RUN" starttime="20230714 12:49:42.623" endtime="20230714 12:49:42.623"/>
</kw>
<status status="NOT RUN" starttime="20230714 12:49:42.623" endtime="20230714 12:49:42.623"/>
</branch>
<status status="NOT RUN" starttime="20230714 12:49:42.623" endtime="20230714 12:49:42.624"/>
</if>
<status status="FAIL" starttime="20230714 12:49:41.464" endtime="20230714 12:49:42.624"/>
</kw>
<status status="FAIL" starttime="20230714 12:49:31.445" endtime="20230714 12:49:42.625"/>
</kw>
<kw name="Check Door Code and verify it is not empty" library="checkin">
<status status="NOT RUN" starttime="20230714 12:49:42.625" endtime="20230714 12:49:42.625"/>
</kw>
<kw name="Verify Page Elements after Check-in" library="checkin">
<status status="NOT RUN" starttime="20230714 12:49:42.626" endtime="20230714 12:49:42.626"/>
</kw>
<tag>smoke, booking, BUI2-556, online-checkin</tag>
<status status="FAIL" starttime="20230714 12:49:31.444" endtime="20230714 12:49:42.626">Error: locator.waitFor: Error: strict mode violation: locator('xpath=//section[contains(@class, \'chakra\')]') resolved to 2 elements:
    1) &lt;section tabindex="-1" role="dialog" id="popover-content-…&gt;&lt;/section&gt; aka locator('#popover-content-205')
    2) &lt;section tabindex="-1" role="dialog" id="popover-content-…&gt;&lt;/section&gt; aka locator('#popover-content-209')

=========================== logs ===========================
waiting for locator('xpath=//section[contains(@class, \'chakra\')]')
============================================================</status>
</test>
<kw name="Close Browser" library="Browser" type="TEARDOWN">
<tag>BrowserControl</tag>
<tag>Setter</tag>
<doc>Closes the current browser.</doc>
<msg timestamp="20230714 12:49:42.845" level="INFO">Closed browser</msg>
<status status="PASS" starttime="20230714 12:49:42.631" endtime="20230714 12:49:42.845"/>
</kw>
<doc>This is a test suite for booking a room and checking in online</doc>
<status status="FAIL" starttime="20230714 12:43:17.460" endtime="20230714 12:49:42.845"/>
</suite>
<suite id="s1-s1-s1-s1-s2" name="BUI2-557" source="/home/runner/work/nelson-test-automation/nelson-test-automation/testsuites/BUI/feature/online_check_in/BUI2-557.robot">
<test id="s1-s1-s1-s1-s2-t1" name="Create a new Booking" line="11">
<kw name="Open Browser to Landing Page" library="common" type="SETUP">
<doc>A general startup keyword for opening a browser to the landing page.</doc>
<kw name="Open New Browser To URL" library="common">
<arg>${url}</arg>
<kw name="New Browser" library="Browser">
<arg>${browser}</arg>
<arg>${headless}</arg>
<arg>timeout=${timeout}</arg>
<tag>BrowserControl</tag>
<tag>Setter</tag>
<doc>Create a new playwright Browser with specified options.</doc>
<msg timestamp="20230714 12:49:42.869" level="INFO">{"browser": "firefox", "headless": true, "devtools": false, "handleSIGHUP": true, "handleSIGINT": true, "handleSIGTERM": true, "slowMo": 0.0, "timeout": 90000.0, "tracesDir": "/home/runner/work/nelson-test-automation/nelson-test-automation/reports/test3/browser/traces/5aa9e419-f474-4e0b-80b3-81a9205b6b10"}</msg>
<msg timestamp="20230714 12:49:43.408" level="INFO">Successfully created browser with options: {"browser":"firefox","headless":true,"devtools":false,"handleSIGHUP":true,"handleSIGINT":true,"handleSIGTERM":true,"slowMo":0,"timeout":90000,"tracesDir":"/home/runner/work/nelson-test-automation/nelson-test-automation/reports/test3/browser/traces/5aa9e419-f474-4e0b-80b3-81a9205b6b10"}</msg>
<status status="PASS" starttime="20230714 12:49:42.868" endtime="20230714 12:49:43.408"/>
</kw>
<kw name="Set Browser Timeout" library="Browser">
<arg>${timeout}</arg>
<tag>Config</tag>
<tag>Setter</tag>
<doc>Sets the timeout used by most input and getter keywords.</doc>
<msg timestamp="20230714 12:49:43.412" level="INFO">No context open.</msg>
<status status="PASS" starttime="20230714 12:49:43.409" endtime="20230714 12:49:43.413"/>
</kw>
<kw name="New Context" library="Browser">
<tag>BrowserControl</tag>
<tag>Setter</tag>
<doc>Create a new BrowserContext with specified options.</doc>
<msg timestamp="20230714 12:49:43.413" level="INFO">{
  "acceptDownloads": true,
  "bypassCSP": false,
  "forcedColors": "none",
  "hideRfBrowser": "",
  "ignoreHTTPSErrors": false,
  "javaScriptEnabled": true,
  "offline": false,
  "reducedMotion": "no-preference",
  "viewport": {
    "height": 720,
    "width": 1280
  }
}</msg>
<msg timestamp="20230714 12:49:43.448" level="INFO">Successfully created context. </msg>
<msg timestamp="20230714 12:49:43.448" level="INFO">{'acceptDownloads': True, 'bypassCSP': False, 'forcedColors': 'none', 'hideRfBrowser': '', 'ignoreHTTPSErrors': False, 'javaScriptEnabled': True, 'offline': False, 'reducedMotion': 'no-preference', 'viewport': {'height': 720, 'width': 1280}}</msg>
<status status="PASS" starttime="20230714 12:49:43.413" endtime="20230714 12:49:43.449"/>
</kw>
<kw name="New Page" library="Browser">
<arg>${url}</arg>
<tag>BrowserControl</tag>
<tag>Setter</tag>
<doc>Open a new Page.</doc>
<msg timestamp="20230714 12:49:46.275" level="INFO">Successfully initialized new page object and opened url: https://test3.omenahotels.com/</msg>
<status status="PASS" starttime="20230714 12:49:43.449" endtime="20230714 12:49:46.275"/>
</kw>
<status status="PASS" starttime="20230714 12:49:42.868" endtime="20230714 12:49:46.276"/>
</kw>
<kw name="Wait Until Network Is Idle" library="Browser">
<tag>HTTP</tag>
<tag>Wait</tag>
<doc>Waits until there has been at least one instance of 500 ms of no network traffic on the page after loading.</doc>
<status status="PASS" starttime="20230714 12:49:46.276" endtime="20230714 12:49:47.150"/>
</kw>
<kw name="Allow Cookies" library="common">
<doc>Allow Cookies/Toggle Cookie allowance</doc>
<kw name="Is Element Found" library="common">
<var>${cookieModalVisible}</var>
<arg>id=CybotCookiebotDialogBodyLevelButtonLevelOptinAllowAll</arg>
<doc>A keyword that has a very complex way of figuring out whether an
element is found or not because I had trouble with the built-in keywords
Can be solved differently if you have a better idea</doc>
<kw name="Set Browser Timeout" library="Browser">
<arg>10s</arg>
<tag>Config</tag>
<tag>Setter</tag>
<doc>Sets the timeout used by most input and getter keywords.</doc>
<msg timestamp="20230714 12:49:47.153" level="INFO">Set timeout to: 10000</msg>
<status status="PASS" starttime="20230714 12:49:47.151" endtime="20230714 12:49:47.153"/>
</kw>
<try>
<branch type="TRY">
<kw name="Get Elements" library="Browser">
<var>${els}</var>
<arg>${selector}</arg>
<tag>Getter</tag>
<tag>PageContent</tag>
<doc>Returns a reference to Playwright [https://playwright.dev/docs/api/class-locator|Locator]
for all matched elements by ``selector``.</doc>
<msg timestamp="20230714 12:49:47.195" level="INFO">Found Locator@id=CybotCookiebotDialogBodyLevelButtonLevelOptinAllowAll &gt;&gt; nth=0 Locators successfully.</msg>
<msg timestamp="20230714 12:49:47.195" level="INFO">${els} = ['id=CybotCookiebotDialogBodyLevelButtonLevelOptinAllowAll &gt;&gt; nth=0']</msg>
<status status="PASS" starttime="20230714 12:49:47.154" endtime="20230714 12:49:47.195"/>
</kw>
<kw name="Get Length" library="BuiltIn">
<var>${count}</var>
<arg>${els}</arg>
<doc>Returns and logs the length of the given item as an integer.</doc>
<msg timestamp="20230714 12:49:47.196" level="INFO">Length is 1</msg>
<msg timestamp="20230714 12:49:47.196" level="INFO">${count} = 1</msg>
<status status="PASS" starttime="20230714 12:49:47.196" endtime="20230714 12:49:47.196"/>
</kw>
<if>
<branch type="IF" condition="${count} &gt; 0">
<kw name="Set Variable" library="BuiltIn">
<var>${visible}</var>
<arg>True</arg>
<doc>Returns the given values which can then be assigned to a variables.</doc>
<msg timestamp="20230714 12:49:47.197" level="INFO">${visible} = True</msg>
<status status="PASS" starttime="20230714 12:49:47.197" endtime="20230714 12:49:47.197"/>
</kw>
<status status="PASS" starttime="20230714 12:49:47.196" endtime="20230714 12:49:47.197"/>
</branch>
<branch type="ELSE">
<kw name="Set Variable" library="BuiltIn">
<var>${visible}</var>
<arg>False</arg>
<doc>Returns the given values which can then be assigned to a variables.</doc>
<status status="NOT RUN" starttime="20230714 12:49:47.197" endtime="20230714 12:49:47.197"/>
</kw>
<status status="NOT RUN" starttime="20230714 12:49:47.197" endtime="20230714 12:49:47.197"/>
</branch>
<status status="PASS" starttime="20230714 12:49:47.196" endtime="20230714 12:49:47.197"/>
</if>
<status status="PASS" starttime="20230714 12:49:47.154" endtime="20230714 12:49:47.197"/>
</branch>
<branch type="EXCEPT">
<kw name="Set Variable" library="BuiltIn">
<var>${visible}</var>
<arg>False</arg>
<doc>Returns the given values which can then be assigned to a variables.</doc>
<status status="NOT RUN" starttime="20230714 12:49:47.198" endtime="20230714 12:49:47.198"/>
</kw>
<status status="NOT RUN" starttime="20230714 12:49:47.198" endtime="20230714 12:49:47.198"/>
</branch>
<status status="PASS" starttime="20230714 12:49:47.154" endtime="20230714 12:49:47.198"/>
</try>
<kw name="Set Browser Timeout" library="Browser">
<arg>${timeout}</arg>
<tag>Config</tag>
<tag>Setter</tag>
<doc>Sets the timeout used by most input and getter keywords.</doc>
<msg timestamp="20230714 12:49:47.201" level="INFO">Set timeout to: 90000</msg>
<status status="PASS" starttime="20230714 12:49:47.198" endtime="20230714 12:49:47.201"/>
</kw>
<msg timestamp="20230714 12:49:47.201" level="INFO">${cookieModalVisible} = True</msg>
<status status="PASS" starttime="20230714 12:49:47.151" endtime="20230714 12:49:47.201"/>
</kw>
<if>
<branch type="IF" condition="${cookieModalVisible}">
<kw name="Click" library="Browser">
<arg>id=CybotCookiebotDialogBodyLevelButtonLevelOptinAllowAll</arg>
<tag>PageContent</tag>
<tag>Setter</tag>
<doc>Simulates mouse click on the element found by ``selector``.</doc>
<status status="PASS" starttime="20230714 12:49:47.202" endtime="20230714 12:49:47.276"/>
</kw>
<status status="PASS" starttime="20230714 12:49:47.202" endtime="20230714 12:49:47.276"/>
</branch>
<branch type="ELSE">
<kw name="Log" library="BuiltIn">
<arg>No Cookie Modal Visible</arg>
<doc>Logs the given message with the given level.</doc>
<status status="NOT RUN" starttime="20230714 12:49:47.277" endtime="20230714 12:49:47.277"/>
</kw>
<status status="NOT RUN" starttime="20230714 12:49:47.277" endtime="20230714 12:49:47.277"/>
</branch>
<status status="PASS" starttime="20230714 12:49:47.202" endtime="20230714 12:49:47.277"/>
</if>
<status status="PASS" starttime="20230714 12:49:47.150" endtime="20230714 12:49:47.277"/>
</kw>
<kw name="Set Environment" library="common">
<kw name="Get Url" library="Browser">
<var>${currentUrl}</var>
<tag>Assertion</tag>
<tag>Getter</tag>
<tag>PageContent</tag>
<doc>Returns the current URL.</doc>
<msg timestamp="20230714 12:49:47.281" level="INFO">${currentUrl} = https://test3.omenahotels.com/en/</msg>
<status status="PASS" starttime="20230714 12:49:47.278" endtime="20230714 12:49:47.281"/>
</kw>
<kw name="Get Environment From Url" library="Helpers">
<var>${env}</var>
<arg>${currentUrl}</arg>
<msg timestamp="20230714 12:49:47.282" level="INFO">${env} = test-omena</msg>
<status status="PASS" starttime="20230714 12:49:47.281" endtime="20230714 12:49:47.282"/>
</kw>
<kw name="Set Variable" library="BuiltIn">
<arg>${environment}</arg>
<arg>${env}</arg>
<doc>Returns the given values which can then be assigned to a variables.</doc>
<status status="PASS" starttime="20230714 12:49:47.282" endtime="20230714 12:49:47.282"/>
</kw>
<status status="PASS" starttime="20230714 12:49:47.277" endtime="20230714 12:49:47.282"/>
</kw>
<status status="PASS" starttime="20230714 12:49:42.867" endtime="20230714 12:49:47.283"/>
</kw>
<kw name="Select Hotel" library="booking">
<arg>Helsinki, Lönnrotinkatu</arg>
<doc>Select Hotel by using a number as an argument, default Lönnrotinkatu</doc>
<if>
<branch type="IF" condition="&quot;${environment}&quot; == &quot;test-exhibition&quot;">
<kw name="Log" library="BuiltIn">
<arg>No hotel to be selected</arg>
<doc>Logs the given message with the given level.</doc>
<status status="NOT RUN" starttime="20230714 12:49:47.285" endtime="20230714 12:49:47.285"/>
</kw>
<status status="NOT RUN" starttime="20230714 12:49:47.284" endtime="20230714 12:49:47.285"/>
</branch>
<branch type="ELSE">
<kw name="Log" library="BuiltIn">
<arg>Selecting Hotel: ${hotel}</arg>
<doc>Logs the given message with the given level.</doc>
<msg timestamp="20230714 12:49:47.285" level="INFO">Selecting Hotel: Helsinki, Lönnrotinkatu</msg>
<status status="PASS" starttime="20230714 12:49:47.285" endtime="20230714 12:49:47.285"/>
</kw>
<kw name="Click" library="Browser">
<arg>//div[contains(@data-nelson-btn, "hotels")]</arg>
<tag>PageContent</tag>
<tag>Setter</tag>
<doc>Simulates mouse click on the element found by ``selector``.</doc>
<status status="PASS" starttime="20230714 12:49:47.286" endtime="20230714 12:49:47.361"/>
</kw>
<kw name="Wait Until Visible" library="common">
<arg>//a[contains(@class, 'dropdown-item') and contains(text(), '${hotel}')]</arg>
<doc>An easier keyword for waiting until an element is visible</doc>
<kw name="Wait For Elements State" library="Browser">
<arg>${element}</arg>
<arg>visible</arg>
<arg>timeout=${timeout}</arg>
<tag>PageContent</tag>
<tag>Wait</tag>
<doc>Waits for the element found by ``selector`` to satisfy state option.</doc>
<msg timestamp="20230714 12:49:47.370" level="INFO">Waited for Element with selector //a[contains(@class, 'dropdown-item') and contains(text(), 'Helsinki, Lönnrotinkatu')] at state visible</msg>
<status status="PASS" starttime="20230714 12:49:47.362" endtime="20230714 12:49:47.370"/>
</kw>
<status status="PASS" starttime="20230714 12:49:47.361" endtime="20230714 12:49:47.371"/>
</kw>
<kw name="Click" library="Browser">
<arg>//a[contains(@class, 'dropdown-item') and contains(text(), '${hotel}')]</arg>
<tag>PageContent</tag>
<tag>Setter</tag>
<doc>Simulates mouse click on the element found by ``selector``.</doc>
<status status="PASS" starttime="20230714 12:49:47.371" endtime="20230714 12:49:47.704"/>
</kw>
<kw name="Wait For Elements State" library="Browser">
<arg>//a[contains(@class, 'dropdown-item') and contains(text(), '${hotel}')]</arg>
<arg>hidden</arg>
<arg>timeout=3s</arg>
<tag>PageContent</tag>
<tag>Wait</tag>
<doc>Waits for the element found by ``selector`` to satisfy state option.</doc>
<msg timestamp="20230714 12:49:47.743" level="INFO">Waited for Element with selector //a[contains(@class, 'dropdown-item') and contains(text(), 'Helsinki, Lönnrotinkatu')] at state hidden</msg>
<status status="PASS" starttime="20230714 12:49:47.704" endtime="20230714 12:49:47.743"/>
</kw>
<status status="PASS" starttime="20230714 12:49:47.285" endtime="20230714 12:49:47.744"/>
</branch>
<status status="PASS" starttime="20230714 12:49:47.284" endtime="20230714 12:49:47.744"/>
</if>
<status status="PASS" starttime="20230714 12:49:47.283" endtime="20230714 12:49:47.744"/>
</kw>
<kw name="Select Dates" library="booking">
<kw name="Log" library="BuiltIn">
<arg>${EMPTY}</arg>
<doc>Logs the given message with the given level.</doc>
<msg timestamp="20230714 12:49:47.745" level="INFO"/>
<status status="PASS" starttime="20230714 12:49:47.744" endtime="20230714 12:49:47.745"/>
</kw>
<status status="PASS" starttime="20230714 12:49:47.744" endtime="20230714 12:49:47.746"/>
</kw>
<kw name="Select Guests" library="booking">
<doc>Selects the number of guests for the booking, current implementation will only check the dropdown</doc>
<kw name="Log To Console" library="BuiltIn">
<arg>${EMPTY}</arg>
<doc>Logs the given message to the console.</doc>
<status status="PASS" starttime="20230714 12:49:47.746" endtime="20230714 12:49:47.751"/>
</kw>
<status status="PASS" starttime="20230714 12:49:47.746" endtime="20230714 12:49:47.752"/>
</kw>
<kw name="Click Book or Find Rooms Button" library="booking">
<kw name="Get Url" library="Browser">
<var>${url}</var>
<tag>Assertion</tag>
<tag>Getter</tag>
<tag>PageContent</tag>
<doc>Returns the current URL.</doc>
<msg timestamp="20230714 12:49:47.754" level="INFO">${url} = https://test3.omenahotels.com/en/#</msg>
<status status="PASS" starttime="20230714 12:49:47.752" endtime="20230714 12:49:47.755"/>
</kw>
<kw name="Check If String Contains" library="common">
<var>${booking}</var>
<arg>${url}</arg>
<arg>/booking/</arg>
<kw name="Check If String Contains Substring" library="Helpers">
<var>${contains}</var>
<arg>${string}</arg>
<arg>${substring}</arg>
<msg timestamp="20230714 12:49:47.756" level="INFO">${contains} = False</msg>
<status status="PASS" starttime="20230714 12:49:47.755" endtime="20230714 12:49:47.757"/>
</kw>
<msg timestamp="20230714 12:49:47.757" level="INFO">${booking} = False</msg>
<status status="PASS" starttime="20230714 12:49:47.755" endtime="20230714 12:49:47.757"/>
</kw>
<if>
<branch type="IF" condition="${booking} == True">
<kw name="Click" library="Browser">
<arg>//button[contains(@class, 'booking-form-button') and contains(text(), 'Find rooms')]</arg>
<tag>PageContent</tag>
<tag>Setter</tag>
<doc>Simulates mouse click on the element found by ``selector``.</doc>
<status status="NOT RUN" starttime="20230714 12:49:47.758" endtime="20230714 12:49:47.758"/>
</kw>
<status status="NOT RUN" starttime="20230714 12:49:47.757" endtime="20230714 12:49:47.758"/>
</branch>
<branch type="ELSE">
<kw name="Click" library="Browser">
<arg>//button[contains(@class, 'booking-form-button') and contains(text(), 'Book')]</arg>
<tag>PageContent</tag>
<tag>Setter</tag>
<doc>Simulates mouse click on the element found by ``selector``.</doc>
<status status="PASS" starttime="20230714 12:49:47.758" endtime="20230714 12:49:48.171"/>
</kw>
<status status="PASS" starttime="20230714 12:49:47.758" endtime="20230714 12:49:48.172"/>
</branch>
<status status="PASS" starttime="20230714 12:49:47.757" endtime="20230714 12:49:48.172"/>
</if>
<status status="PASS" starttime="20230714 12:49:47.752" endtime="20230714 12:49:48.172"/>
</kw>
<kw name="Select a Standard Room" library="booking">
<kw name="Wait Until Visible" library="common">
<arg>${btnExtras}</arg>
<doc>An easier keyword for waiting until an element is visible</doc>
<kw name="Wait For Elements State" library="Browser">
<arg>${element}</arg>
<arg>visible</arg>
<arg>timeout=${timeout}</arg>
<tag>PageContent</tag>
<tag>Wait</tag>
<doc>Waits for the element found by ``selector`` to satisfy state option.</doc>
<msg timestamp="20230714 12:49:51.469" level="INFO">Waited for Element with selector (//div[contains(@view,"booking")]//button[contains(text(), "Continue to extras")])[1] at state visible</msg>
<status status="PASS" starttime="20230714 12:49:48.173" endtime="20230714 12:49:51.469"/>
</kw>
<status status="PASS" starttime="20230714 12:49:48.172" endtime="20230714 12:49:51.469"/>
</kw>
<kw name="Get Element States" library="Browser">
<var>${visible}</var>
<arg>//div[contains(text(), 'Select room')]</arg>
<arg>then</arg>
<arg>bool(value &amp; visible)</arg>
<tag>Assertion</tag>
<tag>Getter</tag>
<tag>PageContent</tag>
<doc>Get the active states from the element found by ``selector``.</doc>
<msg timestamp="20230714 12:49:51.722" level="INFO">${visible} = False</msg>
<status status="PASS" starttime="20230714 12:49:51.470" endtime="20230714 12:49:51.722"/>
</kw>
<kw name="Run Keyword If" library="BuiltIn">
<arg>${visible}</arg>
<arg>Select Standard and Remove Other Room Selection</arg>
<doc>Runs the given keyword with the given arguments, if ``condition`` is true.</doc>
<status status="PASS" starttime="20230714 12:49:51.723" endtime="20230714 12:49:51.723"/>
</kw>
<status status="PASS" starttime="20230714 12:49:48.172" endtime="20230714 12:49:51.723"/>
</kw>
<kw name="Click Continue to Extras Button" library="booking">
<doc>Clicks the continue to extras button</doc>
<kw name="Click" library="Browser">
<arg>${btnExtras}</arg>
<tag>PageContent</tag>
<tag>Setter</tag>
<doc>Simulates mouse click on the element found by ``selector``.</doc>
<msg timestamp="20230714 12:51:21.876" level="INFO" html="true">&lt;/td&gt;&lt;/tr&gt;&lt;tr&gt;&lt;td colspan="3"&gt;&lt;a href="browser/screenshot/fail-screenshot-6.png" target="_blank"&gt;&lt;img src="browser/screenshot/fail-screenshot-6.png" width="800px"/&gt;&lt;/a&gt;</msg>
<msg timestamp="20230714 12:51:21.877" level="INFO">See also file:///home/runner/work/nelson-test-automation/nelson-test-automation/reports/test3/playwright-log.txt for additional details.</msg>
<msg timestamp="20230714 12:51:21.877" level="FAIL">TimeoutError: locator.click: Timeout 90000ms exceeded.
=========================== logs ===========================
waiting for locator('xpath=(//div[contains(@view,"booking")]//button[contains(text(), "Continue to extras")])[1]')
  locator resolved to &lt;button disabled type="button" class="chakra-button css-…&gt;Continue to extras&lt;/button&gt;
attempting click action
  waiting for element to be visible, enabled and stable
    element is not enabled - waiting...
element was detached from the DOM, retrying
  locator resolved to &lt;button disabled type="button" class="chakra-button css-…&gt;Continue to extras&lt;/button&gt;
attempting click action
  waiting for element to be visible, enabled and stable
    element is not enabled - waiting...
element was detached from the DOM, retrying
  locator resolved to &lt;button disabled type="button" class="chakra-button css-…&gt;Continue to extras&lt;/button&gt;
attempting click action
  waiting for element to be visible, enabled and stable
    element is not enabled - waiting...
element was detached from the DOM, retrying
  locator resolved to &lt;button disabled type="button" class="chakra-button css-…&gt;Continue to extras&lt;/button&gt;
attempting click action
  waiting for element to be visible, enabled and stable
    element is not enabled - waiting...
============================================================
Tip: Use "Set Browser Timeout" for increasing the timeout or double check your locator as the targeted element(s) couldn't be found.</msg>
<status status="FAIL" starttime="20230714 12:49:51.724" endtime="20230714 12:51:21.877"/>
</kw>
<kw name="Wait Until Visible" library="common">
<arg>${btnPayment}</arg>
<doc>An easier keyword for waiting until an element is visible</doc>
<status status="NOT RUN" starttime="20230714 12:51:21.878" endtime="20230714 12:51:21.878"/>
</kw>
<status status="FAIL" starttime="20230714 12:49:51.723" endtime="20230714 12:51:21.878"/>
</kw>
<kw name="Click Continue to Payment" library="booking">
<status status="NOT RUN" starttime="20230714 12:51:21.879" endtime="20230714 12:51:21.879"/>
</kw>
<kw name="Check Regular Rate 2" library="booking">
<status status="NOT RUN" starttime="20230714 12:51:21.879" endtime="20230714 12:51:21.879"/>
</kw>
<kw name="Fill in Contact Information" library="booking">
<doc>Fills in Contact information that can be given as arguments or use default values
Uses a password if the environment is bui and</doc>
<status status="NOT RUN" starttime="20230714 12:51:21.879" endtime="20230714 12:51:21.879"/>
</kw>
<kw name="Accept offers and Terms" library="booking">
<status status="NOT RUN" starttime="20230714 12:51:21.879" endtime="20230714 12:51:21.879"/>
</kw>
<kw name="Select Web Bank and Nordea as Payment Method" library="booking">
<status status="NOT RUN" starttime="20230714 12:51:21.880" endtime="20230714 12:51:21.880"/>
</kw>
<kw name="Complete Payment Successfully" library="booking">
<status status="NOT RUN" starttime="20230714 12:51:21.880" endtime="20230714 12:51:21.880"/>
</kw>
<kw name="Close Browser" library="Browser" type="TEARDOWN">
<tag>BrowserControl</tag>
<tag>Setter</tag>
<doc>Closes the current browser.</doc>
<msg timestamp="20230714 12:51:22.483" level="INFO">Closed browser</msg>
<status status="PASS" starttime="20230714 12:51:21.880" endtime="20230714 12:51:22.483"/>
</kw>
<status status="FAIL" starttime="20230714 12:49:42.867" endtime="20230714 12:51:22.483">TimeoutError: locator.click: Timeout 90000ms exceeded.
=========================== logs ===========================
waiting for locator('xpath=(//div[contains(@view,"booking")]//button[contains(text(), "Continue to extras")])[1]')
  locator resolved to &lt;button disabled type="button" class="chakra-button css-…&gt;Continue to extras&lt;/button&gt;
attempting click action
  waiting for element to be visible, enabled and stable
    element is not enabled - waiting...
element was detached from the DOM, retrying
  locator resolved to &lt;button disabled type="button" class="chakra-button css-…&gt;Continue to extras&lt;/button&gt;
attempting click action
  waiting for element to be visible, enabled and stable
    element is not enabled - waiting...
element was detached from the DOM, retrying
  locator resolved to &lt;button disabled type="button" class="chakra-button css-…&gt;Continue to extras&lt;/button&gt;
attempting click action
  waiting for element to be visible, enabled and stable
    element is not enabled - waiting...
element was detached from the DOM, retrying
  locator resolved to &lt;button disabled type="button" class="chakra-button css-…&gt;Continue to extras&lt;/button&gt;
attempting click action
  waiting for element to be visible, enabled and stable
    element is not enabled - waiting...
============================================================
Tip: Use "Set Browser Timeout" for increasing the timeout or double check your locator as the targeted element(s) couldn't be found.</status>
</test>
<test id="s1-s1-s1-s1-s2-t2" name="Add Someone Else as the Main Guest" line="25">
<kw name="Open Browser to Landing Page" library="common" type="SETUP">
<doc>A general startup keyword for opening a browser to the landing page.</doc>
<kw name="Open New Browser To URL" library="common">
<arg>${url}</arg>
<kw name="New Browser" library="Browser">
<arg>${browser}</arg>
<arg>${headless}</arg>
<arg>timeout=${timeout}</arg>
<tag>BrowserControl</tag>
<tag>Setter</tag>
<doc>Create a new playwright Browser with specified options.</doc>
<msg timestamp="20230714 12:51:22.488" level="INFO">{"browser": "firefox", "headless": true, "devtools": false, "handleSIGHUP": true, "handleSIGINT": true, "handleSIGTERM": true, "slowMo": 0.0, "timeout": 90000.0, "tracesDir": "/home/runner/work/nelson-test-automation/nelson-test-automation/reports/test3/browser/traces/d660d64a-5a07-4e42-a70c-6582b9af8593"}</msg>
<msg timestamp="20230714 12:51:23.043" level="INFO">Successfully created browser with options: {"browser":"firefox","headless":true,"devtools":false,"handleSIGHUP":true,"handleSIGINT":true,"handleSIGTERM":true,"slowMo":0,"timeout":90000,"tracesDir":"/home/runner/work/nelson-test-automation/nelson-test-automation/reports/test3/browser/traces/d660d64a-5a07-4e42-a70c-6582b9af8593"}</msg>
<status status="PASS" starttime="20230714 12:51:22.487" endtime="20230714 12:51:23.044"/>
</kw>
<kw name="Set Browser Timeout" library="Browser">
<arg>${timeout}</arg>
<tag>Config</tag>
<tag>Setter</tag>
<doc>Sets the timeout used by most input and getter keywords.</doc>
<status status="PASS" starttime="20230714 12:51:23.044" endtime="20230714 12:51:23.044"/>
</kw>
<kw name="New Context" library="Browser">
<tag>BrowserControl</tag>
<tag>Setter</tag>
<doc>Create a new BrowserContext with specified options.</doc>
<msg timestamp="20230714 12:51:23.045" level="INFO">{
  "acceptDownloads": true,
  "bypassCSP": false,
  "forcedColors": "none",
  "hideRfBrowser": "",
  "ignoreHTTPSErrors": false,
  "javaScriptEnabled": true,
  "offline": false,
  "reducedMotion": "no-preference",
  "viewport": {
    "height": 720,
    "width": 1280
  }
}</msg>
<msg timestamp="20230714 12:51:23.103" level="INFO">Successfully created context. </msg>
<msg timestamp="20230714 12:51:23.103" level="INFO">{'acceptDownloads': True, 'bypassCSP': False, 'forcedColors': 'none', 'hideRfBrowser': '', 'ignoreHTTPSErrors': False, 'javaScriptEnabled': True, 'offline': False, 'reducedMotion': 'no-preference', 'viewport': {'height': 720, 'width': 1280}}</msg>
<status status="PASS" starttime="20230714 12:51:23.045" endtime="20230714 12:51:23.104"/>
</kw>
<kw name="New Page" library="Browser">
<arg>${url}</arg>
<tag>BrowserControl</tag>
<tag>Setter</tag>
<doc>Open a new Page.</doc>
<msg timestamp="20230714 12:51:27.893" level="INFO">Successfully initialized new page object and opened url: https://test3.omenahotels.com/</msg>
<status status="PASS" starttime="20230714 12:51:23.104" endtime="20230714 12:51:27.893"/>
</kw>
<status status="PASS" starttime="20230714 12:51:22.487" endtime="20230714 12:51:27.894"/>
</kw>
<kw name="Wait Until Network Is Idle" library="Browser">
<tag>HTTP</tag>
<tag>Wait</tag>
<doc>Waits until there has been at least one instance of 500 ms of no network traffic on the page after loading.</doc>
<status status="PASS" starttime="20230714 12:51:27.894" endtime="20230714 12:51:28.607"/>
</kw>
<kw name="Allow Cookies" library="common">
<doc>Allow Cookies/Toggle Cookie allowance</doc>
<kw name="Is Element Found" library="common">
<var>${cookieModalVisible}</var>
<arg>id=CybotCookiebotDialogBodyLevelButtonLevelOptinAllowAll</arg>
<doc>A keyword that has a very complex way of figuring out whether an
element is found or not because I had trouble with the built-in keywords
Can be solved differently if you have a better idea</doc>
<kw name="Set Browser Timeout" library="Browser">
<arg>10s</arg>
<tag>Config</tag>
<tag>Setter</tag>
<doc>Sets the timeout used by most input and getter keywords.</doc>
<msg timestamp="20230714 12:51:28.610" level="INFO">Set timeout to: 10000</msg>
<status status="PASS" starttime="20230714 12:51:28.608" endtime="20230714 12:51:28.610"/>
</kw>
<try>
<branch type="TRY">
<kw name="Get Elements" library="Browser">
<var>${els}</var>
<arg>${selector}</arg>
<tag>Getter</tag>
<tag>PageContent</tag>
<doc>Returns a reference to Playwright [https://playwright.dev/docs/api/class-locator|Locator]
for all matched elements by ``selector``.</doc>
<msg timestamp="20230714 12:51:28.655" level="INFO">Found Locator@id=CybotCookiebotDialogBodyLevelButtonLevelOptinAllowAll &gt;&gt; nth=0 Locators successfully.</msg>
<msg timestamp="20230714 12:51:28.655" level="INFO">${els} = ['id=CybotCookiebotDialogBodyLevelButtonLevelOptinAllowAll &gt;&gt; nth=0']</msg>
<status status="PASS" starttime="20230714 12:51:28.611" endtime="20230714 12:51:28.655"/>
</kw>
<kw name="Get Length" library="BuiltIn">
<var>${count}</var>
<arg>${els}</arg>
<doc>Returns and logs the length of the given item as an integer.</doc>
<msg timestamp="20230714 12:51:28.655" level="INFO">Length is 1</msg>
<msg timestamp="20230714 12:51:28.655" level="INFO">${count} = 1</msg>
<status status="PASS" starttime="20230714 12:51:28.655" endtime="20230714 12:51:28.655"/>
</kw>
<if>
<branch type="IF" condition="${count} &gt; 0">
<kw name="Set Variable" library="BuiltIn">
<var>${visible}</var>
<arg>True</arg>
<doc>Returns the given values which can then be assigned to a variables.</doc>
<msg timestamp="20230714 12:51:28.656" level="INFO">${visible} = True</msg>
<status status="PASS" starttime="20230714 12:51:28.656" endtime="20230714 12:51:28.656"/>
</kw>
<status status="PASS" starttime="20230714 12:51:28.656" endtime="20230714 12:51:28.656"/>
</branch>
<branch type="ELSE">
<kw name="Set Variable" library="BuiltIn">
<var>${visible}</var>
<arg>False</arg>
<doc>Returns the given values which can then be assigned to a variables.</doc>
<status status="NOT RUN" starttime="20230714 12:51:28.656" endtime="20230714 12:51:28.657"/>
</kw>
<status status="NOT RUN" starttime="20230714 12:51:28.656" endtime="20230714 12:51:28.657"/>
</branch>
<status status="PASS" starttime="20230714 12:51:28.656" endtime="20230714 12:51:28.657"/>
</if>
<status status="PASS" starttime="20230714 12:51:28.610" endtime="20230714 12:51:28.657"/>
</branch>
<branch type="EXCEPT">
<kw name="Set Variable" library="BuiltIn">
<var>${visible}</var>
<arg>False</arg>
<doc>Returns the given values which can then be assigned to a variables.</doc>
<status status="NOT RUN" starttime="20230714 12:51:28.657" endtime="20230714 12:51:28.657"/>
</kw>
<status status="NOT RUN" starttime="20230714 12:51:28.657" endtime="20230714 12:51:28.657"/>
</branch>
<status status="PASS" starttime="20230714 12:51:28.610" endtime="20230714 12:51:28.657"/>
</try>
<kw name="Set Browser Timeout" library="Browser">
<arg>${timeout}</arg>
<tag>Config</tag>
<tag>Setter</tag>
<doc>Sets the timeout used by most input and getter keywords.</doc>
<msg timestamp="20230714 12:51:28.660" level="INFO">Set timeout to: 90000</msg>
<status status="PASS" starttime="20230714 12:51:28.657" endtime="20230714 12:51:28.661"/>
</kw>
<msg timestamp="20230714 12:51:28.661" level="INFO">${cookieModalVisible} = True</msg>
<status status="PASS" starttime="20230714 12:51:28.608" endtime="20230714 12:51:28.661"/>
</kw>
<if>
<branch type="IF" condition="${cookieModalVisible}">
<kw name="Click" library="Browser">
<arg>id=CybotCookiebotDialogBodyLevelButtonLevelOptinAllowAll</arg>
<tag>PageContent</tag>
<tag>Setter</tag>
<doc>Simulates mouse click on the element found by ``selector``.</doc>
<status status="PASS" starttime="20230714 12:51:28.661" endtime="20230714 12:51:28.736"/>
</kw>
<status status="PASS" starttime="20230714 12:51:28.661" endtime="20230714 12:51:28.736"/>
</branch>
<branch type="ELSE">
<kw name="Log" library="BuiltIn">
<arg>No Cookie Modal Visible</arg>
<doc>Logs the given message with the given level.</doc>
<status status="NOT RUN" starttime="20230714 12:51:28.736" endtime="20230714 12:51:28.736"/>
</kw>
<status status="NOT RUN" starttime="20230714 12:51:28.736" endtime="20230714 12:51:28.736"/>
</branch>
<status status="PASS" starttime="20230714 12:51:28.661" endtime="20230714 12:51:28.736"/>
</if>
<status status="PASS" starttime="20230714 12:51:28.607" endtime="20230714 12:51:28.737"/>
</kw>
<kw name="Set Environment" library="common">
<kw name="Get Url" library="Browser">
<var>${currentUrl}</var>
<tag>Assertion</tag>
<tag>Getter</tag>
<tag>PageContent</tag>
<doc>Returns the current URL.</doc>
<msg timestamp="20230714 12:51:28.739" level="INFO">${currentUrl} = https://test3.omenahotels.com/en/</msg>
<status status="PASS" starttime="20230714 12:51:28.737" endtime="20230714 12:51:28.739"/>
</kw>
<kw name="Get Environment From Url" library="Helpers">
<var>${env}</var>
<arg>${currentUrl}</arg>
<msg timestamp="20230714 12:51:28.741" level="INFO">${env} = test-omena</msg>
<status status="PASS" starttime="20230714 12:51:28.740" endtime="20230714 12:51:28.741"/>
</kw>
<kw name="Set Variable" library="BuiltIn">
<arg>${environment}</arg>
<arg>${env}</arg>
<doc>Returns the given values which can then be assigned to a variables.</doc>
<status status="PASS" starttime="20230714 12:51:28.741" endtime="20230714 12:51:28.741"/>
</kw>
<status status="PASS" starttime="20230714 12:51:28.737" endtime="20230714 12:51:28.742"/>
</kw>
<status status="PASS" starttime="20230714 12:51:22.486" endtime="20230714 12:51:28.742"/>
</kw>
<kw name="Click Check In Button" library="booking">
<kw name="Wait Until Visible" library="common">
<arg>(//button[text()="Check in"])[1]</arg>
<doc>An easier keyword for waiting until an element is visible</doc>
<kw name="Wait For Elements State" library="Browser">
<arg>${element}</arg>
<arg>visible</arg>
<arg>timeout=${timeout}</arg>
<tag>PageContent</tag>
<tag>Wait</tag>
<doc>Waits for the element found by ``selector`` to satisfy state option.</doc>
<msg timestamp="20230714 12:52:58.917" level="INFO" html="true">&lt;/td&gt;&lt;/tr&gt;&lt;tr&gt;&lt;td colspan="3"&gt;&lt;a href="browser/screenshot/fail-screenshot-7.png" target="_blank"&gt;&lt;img src="browser/screenshot/fail-screenshot-7.png" width="800px"/&gt;&lt;/a&gt;</msg>
<msg timestamp="20230714 12:52:58.917" level="INFO">See also file:///home/runner/work/nelson-test-automation/nelson-test-automation/reports/test3/playwright-log.txt for additional details.</msg>
<msg timestamp="20230714 12:52:58.918" level="FAIL">TimeoutError: locator.waitFor: Timeout 90000ms exceeded.
=========================== logs ===========================
waiting for locator('xpath=(//button[text()="Check in"])[1]') to be visible
============================================================
[...]
</kw>
<kw name="Should Be Equal As Strings" library="BuiltIn">
<arg>${status}</arg>
<arg>Cancelled</arg>
<doc>Fails if objects are unequal after converting them to strings.</doc>
<status status="NOT RUN" starttime="20230714 13:16:59.208" endtime="20230714 13:16:59.208"/>
</kw>
<tag>exhibition_court</tag>
<status status="FAIL" starttime="20230714 13:16:59.199" endtime="20230714 13:16:59.209">Error: Could not find active page</status>
</test>
<test id="s1-s2-s1-s1-t7" name="Start Creating a new Booking in MUI" line="94">
<kw name="Open Browser to Nelson Portal and Navigate to Test Exhibition" library="mui">
<kw name="Open Browser to Nelson Portal" library="mui">
<kw name="New Browser" library="Browser">
<arg>${browser}</arg>
<arg>${headless}</arg>
<tag>BrowserControl</tag>
<tag>Setter</tag>
<doc>Create a new playwright Browser with specified options.</doc>
<msg timestamp="20230714 13:16:59.215" level="INFO">Switching browser to browser=1232f22f-c1ec-4de5-a2bf-dc67a433ab98</msg>
<msg timestamp="20230714 13:16:59.217" level="INFO">Successfully changed active browser</msg>
<msg timestamp="20230714 13:16:59.217" level="INFO">Reusing existing browser with id: browser=1232f22f-c1ec-4de5-a2bf-dc67a433ab98</msg>
<status status="PASS" starttime="20230714 13:16:59.214" endtime="20230714 13:16:59.217"/>
</kw>
<kw name="Set Browser Timeout" library="Browser">
<arg>${timeout}</arg>
<tag>Config</tag>
<tag>Setter</tag>
<doc>Sets the timeout used by most input and getter keywords.</doc>
<status status="PASS" starttime="20230714 13:16:59.217" endtime="20230714 13:16:59.218"/>
</kw>
<kw name="New Context" library="Browser">
<tag>BrowserControl</tag>
<tag>Setter</tag>
<doc>Create a new BrowserContext with specified options.</doc>
<msg timestamp="20230714 13:16:59.218" level="INFO">{
  "acceptDownloads": true,
  "bypassCSP": false,
  "forcedColors": "none",
  "hideRfBrowser": "",
  "ignoreHTTPSErrors": false,
  "javaScriptEnabled": true,
  "offline": false,
  "reducedMotion": "no-preference",
  "viewport": {
    "height": 720,
    "width": 1280
  }
}</msg>
<msg timestamp="20230714 13:16:59.242" level="INFO">Successfully created context. </msg>
<msg timestamp="20230714 13:16:59.243" level="INFO">{'acceptDownloads': True, 'bypassCSP': False, 'forcedColors': 'none', 'hideRfBrowser': '', 'ignoreHTTPSErrors': False, 'javaScriptEnabled': True, 'offline': False, 'reducedMotion': 'no-preference', 'viewport': {'height': 720, 'width': 1280}}</msg>
<status status="PASS" starttime="20230714 13:16:59.218" endtime="20230714 13:16:59.243"/>
</kw>
<kw name="New Page" library="Browser">
<arg>${MUI_URL}</arg>
<tag>BrowserControl</tag>
<tag>Setter</tag>
<doc>Open a new Page.</doc>
<msg timestamp="20230714 13:16:59.245" level="FAIL">Variable '${MUI_URL}' not found.</msg>
<status status="FAIL" starttime="20230714 13:16:59.243" endtime="20230714 13:16:59.245"/>
</kw>
<status status="FAIL" starttime="20230714 13:16:59.214" endtime="20230714 13:16:59.245"/>
</kw>
<kw name="Log in to Nelson Portal" library="mui">
<status status="NOT RUN" starttime="20230714 13:16:59.246" endtime="20230714 13:16:59.246"/>
</kw>
<kw name="Select Environment" library="mui">
<arg>Test Exhibition</arg>
<status status="NOT RUN" starttime="20230714 13:16:59.246" endtime="20230714 13:16:59.246"/>
</kw>
<status status="FAIL" starttime="20230714 13:16:59.214" endtime="20230714 13:16:59.246"/>
</kw>
<kw name="Open Reservations Page" library="mui">
<status status="NOT RUN" starttime="20230714 13:16:59.247" endtime="20230714 13:16:59.247"/>
</kw>
<kw name="Click New Reservation Button" library="mui">
<status status="NOT RUN" starttime="20230714 13:16:59.247" endtime="20230714 13:16:59.247"/>
</kw>
<kw name="Select Normal Reservation" library="mui">
<status status="NOT RUN" starttime="20230714 13:16:59.247" endtime="20230714 13:16:59.247"/>
</kw>
<kw name="Switch Page" library="Browser">
<var>${previous}</var>
<arg>NEW</arg>
<tag>BrowserControl</tag>
<tag>Setter</tag>
<doc>Switches the active browser page to another open page by ``id`` or ``NEW``.</doc>
<status status="NOT RUN" starttime="20230714 13:16:59.247" endtime="20230714 13:16:59.247"/>
</kw>
<kw name="Wait Until Network Is Idle" library="Browser">
<tag>HTTP</tag>
<tag>Wait</tag>
<doc>Waits until there has been at least one instance of 500 ms of no network traffic on the page after loading.</doc>
<status status="NOT RUN" starttime="20230714 13:16:59.248" endtime="20230714 13:16:59.248"/>
</kw>
<kw name="Create a successful booking and return UUID" library="booking">
<var>${uuid}</var>
<arg>True</arg>
<status status="NOT RUN" starttime="20230714 13:16:59.248" endtime="20230714 13:16:59.248"/>
</kw>
<tag>exhibition_court</tag>
<status status="FAIL" starttime="20230714 13:16:59.213" endtime="20230714 13:16:59.248">Variable '${MUI_URL}' not found.</status>
</test>
<kw name="Close Browser" library="Browser" type="TEARDOWN">
<arg>ALL</arg>
<tag>BrowserControl</tag>
<tag>Setter</tag>
<doc>Closes the current browser.</doc>
<msg timestamp="20230714 13:17:02.110" level="INFO">Closed all browsers</msg>
<status status="PASS" starttime="20230714 13:16:59.252" endtime="20230714 13:17:02.110"/>
</kw>
<doc>A test suite for verifying modify booking functionality</doc>
<status status="FAIL" starttime="20230714 13:15:06.812" endtime="20230714 13:17:02.110"/>
</suite>
<status status="FAIL" starttime="20230714 13:15:06.811" endtime="20230714 13:17:02.116"/>
</suite>
<suite id="s1-s2-s2" name="Feature" source="/home/runner/work/nelson-test-automation/nelson-test-automation/testsuites/MUI/feature">
<suite id="s1-s2-s2-s1" name="MUI-430" source="/home/runner/work/nelson-test-automation/nelson-test-automation/testsuites/MUI/feature/MUI-430.robot">
<kw name="Open Browser to Nelson Portal and Login" library="mui" type="SETUP">
<kw name="Open Browser to Nelson Portal" library="mui">
<kw name="New Browser" library="Browser">
<arg>${browser}</arg>
<arg>${headless}</arg>
<tag>BrowserControl</tag>
<tag>Setter</tag>
<doc>Create a new playwright Browser with specified options.</doc>
<msg timestamp="20230714 13:17:02.134" level="INFO">{"browser": "firefox", "headless": true, "devtools": false, "handleSIGHUP": true, "handleSIGINT": true, "handleSIGTERM": true, "slowMo": 0.0, "timeout": 30000.0, "tracesDir": "/home/runner/work/nelson-test-automation/nelson-test-automation/reports/test3/browser/traces/7ea37f6c-afab-406e-8e96-9cdebd93504b"}</msg>
<msg timestamp="20230714 13:17:02.669" level="INFO">Successfully created browser with options: {"browser":"firefox","headless":true,"devtools":false,"handleSIGHUP":true,"handleSIGINT":true,"handleSIGTERM":true,"slowMo":0,"timeout":30000,"tracesDir":"/home/runner/work/nelson-test-automation/nelson-test-automation/reports/test3/browser/traces/7ea37f6c-afab-406e-8e96-9cdebd93504b"}</msg>
<status status="PASS" starttime="20230714 13:17:02.133" endtime="20230714 13:17:02.669"/>
</kw>
<kw name="Set Browser Timeout" library="Browser">
<arg>${timeout}</arg>
<tag>Config</tag>
<tag>Setter</tag>
<doc>Sets the timeout used by most input and getter keywords.</doc>
<msg timestamp="20230714 13:17:02.672" level="INFO">No context open.</msg>
<status status="PASS" starttime="20230714 13:17:02.670" endtime="20230714 13:17:02.673"/>
</kw>
<kw name="New Context" library="Browser">
<tag>BrowserControl</tag>
<tag>Setter</tag>
<doc>Create a new BrowserContext with specified options.</doc>
<msg timestamp="20230714 13:17:02.676" level="INFO">{
  "acceptDownloads": true,
  "bypassCSP": false,
  "forcedColors": "none",
  "hideRfBrowser": "",
  "ignoreHTTPSErrors": false,
  "javaScriptEnabled": true,
  "offline": false,
  "reducedMotion": "no-preference",
  "viewport": {
    "height": 720,
    "width": 1280
  }
}</msg>
<msg timestamp="20230714 13:17:02.726" level="INFO">Successfully created context. </msg>
<msg timestamp="20230714 13:17:02.726" level="INFO">{'acceptDownloads': True, 'bypassCSP': False, 'forcedColors': 'none', 'hideRfBrowser': '', 'ignoreHTTPSErrors': False, 'javaScriptEnabled': True, 'offline': False, 'reducedMotion': 'no-preference', 'viewport': {'height': 720, 'width': 1280}}</msg>
<status status="PASS" starttime="20230714 13:17:02.675" endtime="20230714 13:17:02.726"/>
</kw>
<kw name="New Page" library="Browser">
<arg>${MUI_URL}</arg>
<tag>BrowserControl</tag>
<tag>Setter</tag>
<doc>Open a new Page.</doc>
<msg timestamp="20230714 13:17:02.728" level="FAIL">Variable '${MUI_URL}' not found.</msg>
<status status="FAIL" starttime="20230714 13:17:02.727" endtime="20230714 13:17:02.728"/>
</kw>
<status status="FAIL" starttime="20230714 13:17:02.133" endtime="20230714 13:17:02.729"/>
</kw>
<kw name="Log in to Nelson Portal" library="mui">
<status status="NOT RUN" starttime="20230714 13:17:02.729" endtime="20230714 13:17:02.729"/>
</kw>
<kw name="Select Environment" library="mui">
<arg>${environment}</arg>
<status status="NOT RUN" starttime="20230714 13:17:02.730" endtime="20230714 13:17:02.730"/>
</kw>
<status status="FAIL" starttime="20230714 13:17:02.133" endtime="20230714 13:17:02.730"/>
</kw>
<test id="s1-s2-s2-s1-t1" name="Filter Check in incomplete and open reservation" line="12">
<doc>Test case verifying the functionality of the Check in incomplete filter
when it's toggled on</doc>
<status status="FAIL" starttime="20230714 13:17:02.730" endtime="20230714 13:17:02.731">Parent suite setup failed:
Variable '${MUI_URL}' not found.</status>
</test>
<test id="s1-s2-s2-s1-t2" name="Remove filter and open a reservation" line="23">
<doc>Test case verifying the functionality of the Check in incomplete filter
when it's toggled off</doc>
<status status="FAIL" starttime="20230714 13:17:02.736" endtime="20230714 13:17:02.736">Parent suite setup failed:
Variable '${MUI_URL}' not found.</status>
</test>
<kw name="Close Browser" library="Browser" type="TEARDOWN">
<tag>BrowserControl</tag>
<tag>Setter</tag>
<doc>Closes the current browser.</doc>
<msg timestamp="20230714 13:17:05.604" level="INFO">Closed browser</msg>
<status status="PASS" starttime="20230714 13:17:02.741" endtime="20230714 13:17:05.604"/>
</kw>
<doc>This file contains test cases for testing MUI-430.robot</doc>
<status status="FAIL" starttime="20230714 13:17:02.119" endtime="20230714 13:17:05.605">Suite setup failed:
Variable '${MUI_URL}' not found.</status>
</suite>
<status status="FAIL" starttime="20230714 13:17:02.117" endtime="20230714 13:17:05.609"/>
</suite>
<status status="FAIL" starttime="20230714 13:15:06.809" endtime="20230714 13:17:05.611"/>
</suite>
<suite id="s1-s3" name="Pretest" source="/home/runner/work/nelson-test-automation/nelson-test-automation/testsuites/pretest.robot">
<test id="s1-s3-t1" name="Pre-Test: Get Non-Member Inbox" line="19">
<kw name="Create new Inbox" library="MailSlurp">
<var>${inbox}</var>
<msg timestamp="20230714 13:17:05.969" level="INFO">${inbox} = {'created_at': datetime.datetime(2023, 7, 14, 13, 17, 5, 926000, tzinfo=tzlocal()),
 'description': None,
 'domain_id': None,
 'email_address': '456fab2f-e9a6-43ca-8bde-3956d4db5877@mailslurp.com',
 '...</msg>
<status status="PASS" starttime="20230714 13:17:05.626" endtime="20230714 13:17:05.969"/>
</kw>
<kw name="Set Suite Variable" library="BuiltIn">
<arg>${inboxId}</arg>
<arg>${inbox.id}</arg>
<doc>Makes a variable available everywhere within the scope of the current suite.</doc>
<msg timestamp="20230714 13:17:05.971" level="INFO">${inboxId} = 456fab2f-e9a6-43ca-8bde-3956d4db5877</msg>
<status status="PASS" starttime="20230714 13:17:05.970" endtime="20230714 13:17:05.971"/>
</kw>
<kw name="Log To Console" library="BuiltIn">
<arg>${inbox_id}</arg>
<doc>Logs the given message to the console.</doc>
<status status="PASS" starttime="20230714 13:17:05.972" endtime="20230714 13:17:05.972"/>
</kw>
<doc>Verifies the Mailslurp keywords are running</doc>
<tag>pretest</tag>
<status status="PASS" starttime="20230714 13:17:05.625" endtime="20230714 13:17:05.972"/>
</test>
<test id="s1-s3-t2" name="Pre-Test: Get Member Inbox" line="25">
<kw name="Log To Console" library="BuiltIn">
<arg>${inbox_id}</arg>
<doc>Logs the given message to the console.</doc>
<status status="PASS" starttime="20230714 13:17:05.975" endtime="20230714 13:17:05.975"/>
</kw>
<kw name="Get Inbox" library="MailSlurp">
<var>${inbox}</var>
<arg>${inbox_id}</arg>
<msg timestamp="20230714 13:17:06.307" level="INFO">None</msg>
<msg timestamp="20230714 13:17:06.308" level="INFO">${inbox} = {'created_at': datetime.datetime(2023, 7, 14, 13, 17, 5, 926000, tzinfo=tzlocal()),
 'description': None,
 'domain_id': None,
 'email_address': '456fab2f-e9a6-43ca-8bde-3956d4db5877@mailslurp.com',
 '...</msg>
<status status="PASS" starttime="20230714 13:17:05.976" endtime="20230714 13:17:06.308"/>
</kw>
<kw name="Set Suite Variable" library="BuiltIn">
<arg>${inbox_object}</arg>
<arg>${inbox}</arg>
<doc>Makes a variable available everywhere within the scope of the current suite.</doc>
<msg timestamp="20230714 13:17:06.309" level="INFO">${inbox_object} = {'created_at': datetime.datetime(2023, 7, 14, 13, 17, 5, 926000, tzinfo=tzlocal()),
 'description': None,
 'domain_id': None,
 'email_address': '456fab2f-e9a6-43ca-8bde-3956d4db5877@mailslurp.com',
 '...</msg>
<status status="PASS" starttime="20230714 13:17:06.308" endtime="20230714 13:17:06.309"/>
</kw>
<kw name="Log To Console" library="BuiltIn">
<arg>${inbox.name}</arg>
<doc>Logs the given message to the console.</doc>
<status status="PASS" starttime="20230714 13:17:06.309" endtime="20230714 13:17:06.310"/>
</kw>
<doc>Verifies the Mailslurp keywords are running</doc>
<tag>pretest</tag>
<status status="PASS" starttime="20230714 13:17:05.974" endtime="20230714 13:17:06.311"/>
</test>
<test id="s1-s3-t3" name="Pre-Test: Verify Variables are Set" line="32">
<kw name="Create List" library="BuiltIn">
<var>@{vars}</var>
<arg>${inbox_id}</arg>
<arg>${MAILSLURP_API_KEY}</arg>
<arg>${MUI_URL}</arg>
<arg>${MUI_USERNAME}</arg>
<arg>${MUI_PASSWORD}</arg>
<arg>${MUI_URL}</arg>
<arg>${MUI_USERNAME}</arg>
<arg>${MUI_PASSWORD}</arg>
<doc>Returns a list containing given items.</doc>
<msg timestamp="20230714 13:17:06.315" level="FAIL">Variable '${MAILSLURP_API_KEY}' not found.</msg>
<status status="FAIL" starttime="20230714 13:17:06.314" endtime="20230714 13:17:06.315"/>
</kw>
<for flavor="IN">
<var>${var}</var>
<value>@{vars}</value>
<iter>
<var name="${var}"/>
<kw name="Should Not Be Empty" library="BuiltIn">
<arg>${var}</arg>
<doc>Verifies that the given item is not empty.</doc>
<status status="NOT RUN" starttime="20230714 13:17:06.316" endtime="20230714 13:17:06.316"/>
</kw>
<status status="NOT RUN" starttime="20230714 13:17:06.315" endtime="20230714 13:17:06.316"/>
</iter>
<status status="NOT RUN" starttime="20230714 13:17:06.315" endtime="20230714 13:17:06.316"/>
</for>
<tag>pretest</tag>
<status status="FAIL" starttime="20230714 13:17:06.313" endtime="20230714 13:17:06.316">Variable '${MAILSLURP_API_KEY}' not found.</status>
</test>
<test id="s1-s3-t4" name="Pre-Test: Verify BUI is Up" line="38">
<kw name="Pass Execution" library="BuiltIn">
<arg>TBD: BUI is up and runnin</arg>
<doc>Skips rest of the current test, setup, or teardown with PASS status.</doc>
<msg timestamp="20230714 13:17:06.319" level="INFO">Execution passed with message:
TBD: BUI is up and runnin</msg>
<status status="PASS" starttime="20230714 13:17:06.319" endtime="20230714 13:17:06.319"/>
</kw>
<tag>pretest</tag>
<status status="PASS" starttime="20230714 13:17:06.318" endtime="20230714 13:17:06.319">TBD: BUI is up and runnin</status>
</test>
<test id="s1-s3-t5" name="Pre-Test: Verify API is Up" line="41">
<kw name="Pass Execution" library="BuiltIn">
<arg>TBD: API is up and running</arg>
<doc>Skips rest of the current test, setup, or teardown with PASS status.</doc>
<msg timestamp="20230714 13:17:06.321" level="INFO">Execution passed with message:
TBD: API is up and running</msg>
<status status="PASS" starttime="20230714 13:17:06.321" endtime="20230714 13:17:06.322"/>
</kw>
<tag>pretest</tag>
<status status="PASS" starttime="20230714 13:17:06.321" endtime="20230714 13:17:06.322">TBD: API is up and running</status>
</test>
<test id="s1-s3-t6" name="Pre-Test: Verify MUI is Up" line="44">
<kw name="Pass Execution" library="BuiltIn">
<arg>TBD: MUI is up and running</arg>
<doc>Skips rest of the current test, setup, or teardown with PASS status.</doc>
<msg timestamp="20230714 13:17:06.324" level="INFO">Execution passed with message:
TBD: MUI is up and running</msg>
<status status="PASS" starttime="20230714 13:17:06.324" endtime="20230714 13:17:06.324"/>
</kw>
<tag>pretest</tag>
<status status="PASS" starttime="20230714 13:17:06.324" endtime="20230714 13:17:06.325">TBD: MUI is up and running</status>
</test>
<test id="s1-s3-t7" name="Verify Rooms are Available" line="47">
<kw name="Pass Execution" library="BuiltIn">
<arg>TBD: Check Rooms are available, for example API</arg>
<doc>Skips rest of the current test, setup, or teardown with PASS status.</doc>
<msg timestamp="20230714 13:17:06.327" level="INFO">Execution passed with message:
TBD: Check Rooms are available, for example API</msg>
<status status="PASS" starttime="20230714 13:17:06.327" endtime="20230714 13:17:06.327"/>
</kw>
<tag>pretest</tag>
<status status="PASS" starttime="20230714 13:17:06.326" endtime="20230714 13:17:06.327">TBD: Check Rooms are available, for example API</status>
</test>
<doc>A test suite that will verify external libraries and variables
Must pass in order for everything else to work as expected</doc>
<status status="FAIL" starttime="20230714 13:17:05.612" endtime="20230714 13:17:06.333"/>
</suite>
<doc>Argument file for running tests on Omena Staging Environmen (test3)</doc>
<status status="FAIL" starttime="20230714 12:43:17.436" endtime="20230714 13:17:06.337"/>
</suite>
<statistics>
<total>
<stat pass="11" fail="34" skip="0">All Tests</stat>
</total>
<tag>
<stat pass="2" fail="5" skip="0">exhibition_court</stat>
<stat pass="6" fail="1" skip="0">pretest</stat>
<stat pass="1" fail="15" skip="0">skip</stat>
<stat pass="0" fail="2" skip="0">smoke</stat>
<stat pass="2" fail="5" skip="0">smoke, booking, BUI2-556, online-checkin</stat>
</tag>
<suite>
<stat pass="11" fail="34" skip="0" id="s1" name="Testsuites">Testsuites</stat>
<stat pass="3" fail="26" skip="0" id="s1-s1" name="BUI">Testsuites.BUI</stat>
<stat pass="2" fail="24" skip="0" id="s1-s1-s1" name="Feature">Testsuites.BUI.Feature</stat>
<stat pass="2" fail="24" skip="0" id="s1-s1-s1-s1" name="Online Check In">Testsuites.BUI.Feature.Online Check In</stat>
<stat pass="2" fail="5" skip="0" id="s1-s1-s1-s1-s1" name="BUI2-556">Testsuites.BUI.Feature.Online Check In.BUI2-556</stat>
<stat pass="0" fail="4" skip="0" id="s1-s1-s1-s1-s2" name="BUI2-557">Testsuites.BUI.Feature.Online Check In.BUI2-557</stat>
<stat pass="0" fail="10" skip="0" id="s1-s1-s1-s1-s3" name="BUI2-558">Testsuites.BUI.Feature.Online Check In.BUI2-558</stat>
<stat pass="0" fail="5" skip="0" id="s1-s1-s1-s1-s4" name="BUI2-559">Testsuites.BUI.Feature.Online Check In.BUI2-559</stat>
<stat pass="1" fail="2" skip="0" id="s1-s1-s2" name="Regression">Testsuites.BUI.Regression</stat>
<stat pass="1" fail="0" skip="0" id="s1-s1-s2-s1" name="Modify Booking">Testsuites.BUI.Regression.Modify Booking</stat>
<stat pass="0" fail="2" skip="0" id="s1-s1-s2-s2" name="New Booking">Testsuites.BUI.Regression.New Booking</stat>
<stat pass="2" fail="7" skip="0" id="s1-s2" name="MUI">Testsuites.MUI</stat>
<stat pass="2" fail="5" skip="0" id="s1-s2-s1" name="EC">Testsuites.MUI.EC</stat>
<stat pass="2" fail="5" skip="0" id="s1-s2-s1-s1" name="New Booking">Testsuites.MUI.EC.New Booking</stat>
<stat pass="0" fail="2" skip="0" id="s1-s2-s2" name="Feature">Testsuites.MUI.Feature</stat>
<stat pass="0" fail="2" skip="0" id="s1-s2-s2-s1" name="MUI-430">Testsuites.MUI.Feature.MUI-430</stat>
<stat pass="6" fail="1" skip="0" id="s1-s3" name="Pretest">Testsuites.Pretest</stat>
</suite>
</statistics>
<errors>
</errors>
</robot>
