<?xml version="1.0" encoding="UTF-8"?>
<robot generator="Robot 6.1.1 (Python 3.11.6 on linux)" generated="20231030 18:02:58.469" rpa="false" schemaversion="4">
<suite id="s1" name="Create Booking And Check In" source="/home/runner/work/nelson-test-automation/nelson-test-automation/testsuites/BUI/regression/create_booking_and_check_in.robot">
<kw name="Open Browser to Landing Page" library="common" type="SETUP">
<doc>A general startup keyword for opening a browser to the landing page.</doc>
<msg timestamp="20231030 18:02:59.800" level="TRACE">Arguments: [  ]</msg>
<kw name="Log To Console" library="BuiltIn">
<arg>Environment: ${environment}</arg>
<doc>Logs the given message to the console.</doc>
<msg timestamp="20231030 18:02:59.801" level="TRACE">Arguments: [ 'Environment: test3' ]</msg>
<msg timestamp="20231030 18:02:59.801" level="TRACE">Return: None</msg>
<status status="PASS" starttime="20231030 18:02:59.801" endtime="20231030 18:02:59.801"/>
</kw>
<if>
<branch type="IF" condition="'${environment}' == 'test3'">
<kw name="Set Suite Variable" library="BuiltIn">
<arg>${url.landing.page}</arg>
<arg>https://test3.omenahotels.com/en</arg>
<doc>Makes a variable available everywhere within the scope of the current suite.</doc>
<msg timestamp="20231030 18:02:59.802" level="TRACE">Arguments: [ '${url.landing.page}' | 'https://test3.omenahotels.com/en' ]</msg>
<msg timestamp="20231030 18:02:59.802" level="INFO">${url.landing.page} = https://test3.omenahotels.com/en</msg>
<msg timestamp="20231030 18:02:59.802" level="TRACE">Return: None</msg>
<status status="PASS" starttime="20231030 18:02:59.802" endtime="20231030 18:02:59.802"/>
</kw>
<status status="PASS" starttime="20231030 18:02:59.801" endtime="20231030 18:02:59.802"/>
</branch>
<branch type="ELSE IF" condition="'${environment}' == 'ks_test'">
<kw name="Set Suite Variable" library="BuiltIn">
<arg>${url.landing.page}</arg>
<arg>https://test.kensingtonstay.com/en</arg>
<doc>Makes a variable available everywhere within the scope of the current suite.</doc>
<status status="NOT RUN" starttime="20231030 18:02:59.802" endtime="20231030 18:02:59.802"/>
</kw>
<status status="NOT RUN" starttime="20231030 18:02:59.802" endtime="20231030 18:02:59.803"/>
</branch>
<branch type="ELSE IF" condition="'${environment}' == 'salo_test'">
<kw name="Set Suite Variable" library="BuiltIn">
<arg>${url.landing.page}</arg>
<arg>https://test.kensingtonstay.com/en</arg>
<doc>Makes a variable available everywhere within the scope of the current suite.</doc>
<status status="NOT RUN" starttime="20231030 18:02:59.803" endtime="20231030 18:02:59.803"/>
</kw>
<status status="NOT RUN" starttime="20231030 18:02:59.803" endtime="20231030 18:02:59.803"/>
</branch>
<branch type="ELSE IF" condition="'${environment}' == 'test4'">
<kw name="Set Suite Variable" library="BuiltIn">
<arg>${url.landing.page}</arg>
<arg>https://test4.omenahotels.com/en</arg>
<doc>Makes a variable available everywhere within the scope of the current suite.</doc>
<status status="NOT RUN" starttime="20231030 18:02:59.803" endtime="20231030 18:02:59.803"/>
</kw>
<status status="NOT RUN" starttime="20231030 18:02:59.803" endtime="20231030 18:02:59.803"/>
</branch>
<status status="PASS" starttime="20231030 18:02:59.801" endtime="20231030 18:02:59.804"/>
</if>
<kw name="Open New Browser To URL" library="common">
<arg>${url.landing.page}</arg>
<msg timestamp="20231030 18:02:59.804" level="TRACE">Arguments: [ ${url}='https://test3.omenahotels.com/en' ]</msg>
<kw name="New Browser" library="Browser">
<arg>${browser}</arg>
<arg>${headless}</arg>
<arg>timeout=${timeout}</arg>
<arg>downloadsPath=${EXECDIR}/resources/downloads</arg>
<tag>BrowserControl</tag>
<tag>Setter</tag>
<doc>Create a new playwright Browser with specified options.</doc>
<msg timestamp="20231030 18:02:59.805" level="TRACE">Arguments: [ &lt;SupportedBrowsers.firefox: 2&gt; | True | timeout=datetime.timedelta(seconds=30) | downloadsPath='/home/runner/work/nelson-test-automation/nelson-test-automation/resources/downloads' ]</msg>
<msg timestamp="20231030 18:02:59.805" level="INFO">{"browser": "firefox", "headless": true, "chromiumSandbox": false, "devtools": false, "downloadsPath": "/home/runner/work/nelson-test-automation/nelson-test-automation/resources/downloads", "handleSIGHUP": true, "handleSIGINT": true, "handleSIGTERM": true, "slowMo": 0.0, "timeout": 30000.0, "tracesDir": "/home/runner/work/nelson-test-automation/nelson-test-automation/reports/test3/browser/traces/1380f684-4467-41e3-a246-6ca1b4427857"}</msg>
<msg timestamp="20231030 18:03:00.594" level="INFO">Successfully created browser with options: {"browser":"firefox","headless":true,"chromiumSandbox":false,"devtools":false,"downloadsPath":"/home/runner/work/nelson-test-automation/nelson-test-automation/resources/downloads","handleSIGHUP":true,"handleSIGINT":true,"handleSIGTERM":true,"slowMo":0,"timeout":30000,"tracesDir":"/home/runner/work/nelson-test-automation/nelson-test-automation/reports/test3/browser/traces/1380f684-4467-41e3-a246-6ca1b4427857"}</msg>
<msg timestamp="20231030 18:03:00.594" level="TRACE">Return: 'browser=5b5736d0-6b98-458b-8210-f5dc32e85096'</msg>
<status status="PASS" starttime="20231030 18:02:59.804" endtime="20231030 18:03:00.594"/>
</kw>
<kw name="Set Browser Timeout" library="Browser">
<arg>${timeout}</arg>
<tag>Config</tag>
<tag>Setter</tag>
<doc>Sets the timeout used by most input and getter keywords.</doc>
<msg timestamp="20231030 18:03:00.595" level="TRACE">Arguments: [ datetime.timedelta(seconds=30) ]</msg>
<msg timestamp="20231030 18:03:00.598" level="INFO">No context open.</msg>
<msg timestamp="20231030 18:03:00.598" level="TRACE">Return: '10 seconds'</msg>
<status status="PASS" starttime="20231030 18:03:00.595" endtime="20231030 18:03:00.598"/>
</kw>
<kw name="New Context" library="Browser">
<arg>acceptDownloads=True</arg>
<tag>BrowserControl</tag>
<tag>Setter</tag>
<doc>Create a new BrowserContext with specified options.</doc>
<msg timestamp="20231030 18:03:00.599" level="TRACE">Arguments: [ acceptDownloads=True ]</msg>
<msg timestamp="20231030 18:03:00.599" level="INFO">{
  "acceptDownloads": true,
  "bypassCSP": false,
  "forcedColors": "none",
  "hideRfBrowser": "",
  "ignoreHTTPSErrors": false,
  "javaScriptEnabled": true,
  "offline": false,
  "reducedMotion": "no-preference",
  "serviceWorkers": "allow",
  "viewport": {
    "width": 1280,
    "height": 720
  }
}</msg>
<msg timestamp="20231030 18:03:00.661" level="INFO">Successfully created context. </msg>
<msg timestamp="20231030 18:03:00.661" level="INFO">{'acceptDownloads': True, 'bypassCSP': False, 'forcedColors': 'none', 'hideRfBrowser': '', 'ignoreHTTPSErrors': False, 'javaScriptEnabled': True, 'offline': False, 'reducedMotion': 'no-preference', 'serviceWorkers': 'allow', 'viewport': {'width': 1280, 'height': 720}}</msg>
<msg timestamp="20231030 18:03:00.661" level="TRACE">Return: 'context=a25b3c72-2d50-4779-8817-eb6ca936cb87'</msg>
<status status="PASS" starttime="20231030 18:03:00.599" endtime="20231030 18:03:00.661"/>
</kw>
<kw name="New Page" library="Browser">
<arg>${url}</arg>
<tag>BrowserControl</tag>
<tag>Setter</tag>
<doc>Open a new Page.</doc>
<msg timestamp="20231030 18:03:00.662" level="TRACE">Arguments: [ 'https://test3.omenahotels.com/en' ]</msg>
<msg timestamp="20231030 18:03:05.470" level="INFO">Successfully initialized new page object and opened url: https://test3.omenahotels.com/en</msg>
<msg timestamp="20231030 18:03:05.470" level="DEBUG">Video is not enabled.</msg>
<msg timestamp="20231030 18:03:05.471" level="TRACE">Return: {'page_id': 'page=8cf88398-2e51-4e67-b27f-f517cbf4f87e', 'video_path': ''}</msg>
<status status="PASS" starttime="20231030 18:03:00.662" endtime="20231030 18:03:05.471"/>
</kw>
<msg timestamp="20231030 18:03:05.471" level="TRACE">Return: None</msg>
<status status="PASS" starttime="20231030 18:02:59.804" endtime="20231030 18:03:05.471"/>
</kw>
<kw name="Allow Cookies" library="common">
<doc>Allow Cookies/Toggle Cookie allowance</doc>
<msg timestamp="20231030 18:03:05.471" level="TRACE">Arguments: [  ]</msg>
<kw name="Is Element Found" library="common">
<var>${cookieModalVisible}</var>
<arg>id=CybotCookiebotDialogBodyLevelButtonLevelOptinAllowAll</arg>
<doc>A keyword that has a very complex way of figuring out whether an
element is found or not because I had trouble with the built-in keywords
Can be solved differently if you have a better idea</doc>
<msg timestamp="20231030 18:03:05.472" level="TRACE">Arguments: [ ${selector}='id=CybotCookiebotDialogBodyLevelButtonLevelOptinAllowAll' ]</msg>
<kw name="Set Browser Timeout" library="Browser">
<arg>10s</arg>
<tag>Config</tag>
<tag>Setter</tag>
<doc>Sets the timeout used by most input and getter keywords.</doc>
<msg timestamp="20231030 18:03:05.472" level="TRACE">Arguments: [ datetime.timedelta(seconds=10) ]</msg>
<msg timestamp="20231030 18:03:05.482" level="INFO">Set timeout to: 10000</msg>
<msg timestamp="20231030 18:03:05.482" level="TRACE">Return: '30 seconds'</msg>
<status status="PASS" starttime="20231030 18:03:05.472" endtime="20231030 18:03:05.482"/>
</kw>
<try>
<branch type="TRY">
<kw name="Get Elements" library="Browser">
<var>${els}</var>
<arg>${selector}</arg>
<tag>Getter</tag>
<tag>PageContent</tag>
<doc>Returns a reference to Playwright [https://playwright.dev/docs/api/class-locator|Locator]
for all matched elements by ``selector``.</doc>
<msg timestamp="20231030 18:03:05.483" level="TRACE">Arguments: [ 'id=CybotCookiebotDialogBodyLevelButtonLevelOptinAllowAll' ]</msg>
<msg timestamp="20231030 18:03:05.557" level="INFO">Found locator('id=CybotCookiebotDialogBodyLevelButtonLevelOptinAllowAll').first() Locators successfully.</msg>
<msg timestamp="20231030 18:03:05.557" level="DEBUG">["id=CybotCookiebotDialogBodyLevelButtonLevelOptinAllowAll &gt;&gt; nth=0"]</msg>
<msg timestamp="20231030 18:03:05.557" level="TRACE">Return: ['id=CybotCookiebotDialogBodyLevelButtonLevelOptinAllowAll &gt;&gt; nth=0']</msg>
<msg timestamp="20231030 18:03:05.557" level="INFO">${els} = ['id=CybotCookiebotDialogBodyLevelButtonLevelOptinAllowAll &gt;&gt; nth=0']</msg>
<status status="PASS" starttime="20231030 18:03:05.483" endtime="20231030 18:03:05.557"/>
</kw>
<kw name="Get Length" library="BuiltIn">
<var>${count}</var>
<arg>${els}</arg>
<doc>Returns and logs the length of the given item as an integer.</doc>
<msg timestamp="20231030 18:03:05.557" level="TRACE">Arguments: [ ['id=CybotCookiebotDialogBodyLevelButtonLevelOptinAllowAll &gt;&gt; nth=0'] ]</msg>
<msg timestamp="20231030 18:03:05.558" level="INFO">Length is 1</msg>
<msg timestamp="20231030 18:03:05.558" level="TRACE">Return: 1</msg>
<msg timestamp="20231030 18:03:05.558" level="INFO">${count} = 1</msg>
<status status="PASS" starttime="20231030 18:03:05.557" endtime="20231030 18:03:05.558"/>
</kw>
<if>
<branch type="IF" condition="${count} &gt; 0">
<kw name="Set Variable" library="BuiltIn">
<var>${visible}</var>
<arg>True</arg>
<doc>Returns the given values which can then be assigned to a variables.</doc>
<msg timestamp="20231030 18:03:05.558" level="TRACE">Arguments: [ 'True' ]</msg>
<msg timestamp="20231030 18:03:05.558" level="TRACE">Return: 'True'</msg>
<msg timestamp="20231030 18:03:05.558" level="INFO">${visible} = True</msg>
<status status="PASS" starttime="20231030 18:03:05.558" endtime="20231030 18:03:05.558"/>
</kw>
<status status="PASS" starttime="20231030 18:03:05.558" endtime="20231030 18:03:05.559"/>
</branch>
<branch type="ELSE">
<kw name="Set Variable" library="BuiltIn">
<var>${visible}</var>
<arg>False</arg>
<doc>Returns the given values which can then be assigned to a variables.</doc>
<status status="NOT RUN" starttime="20231030 18:03:05.559" endtime="20231030 18:03:05.559"/>
</kw>
<status status="NOT RUN" starttime="20231030 18:03:05.559" endtime="20231030 18:03:05.559"/>
</branch>
<status status="PASS" starttime="20231030 18:03:05.558" endtime="20231030 18:03:05.559"/>
</if>
<status status="PASS" starttime="20231030 18:03:05.482" endtime="20231030 18:03:05.559"/>
</branch>
<branch type="EXCEPT">
<kw name="Set Variable" library="BuiltIn">
<var>${visible}</var>
<arg>False</arg>
<doc>Returns the given values which can then be assigned to a variables.</doc>
<status status="NOT RUN" starttime="20231030 18:03:05.560" endtime="20231030 18:03:05.560"/>
</kw>
<status status="NOT RUN" starttime="20231030 18:03:05.559" endtime="20231030 18:03:05.560"/>
</branch>
<status status="PASS" starttime="20231030 18:03:05.482" endtime="20231030 18:03:05.560"/>
</try>
<kw name="Set Browser Timeout" library="Browser">
<arg>${timeout}</arg>
<tag>Config</tag>
<tag>Setter</tag>
<doc>Sets the timeout used by most input and getter keywords.</doc>
<msg timestamp="20231030 18:03:05.561" level="TRACE">Arguments: [ datetime.timedelta(seconds=30) ]</msg>
<msg timestamp="20231030 18:03:05.564" level="INFO">Set timeout to: 30000</msg>
<msg timestamp="20231030 18:03:05.564" level="TRACE">Return: '10 seconds'</msg>
<status status="PASS" starttime="20231030 18:03:05.560" endtime="20231030 18:03:05.564"/>
</kw>
<msg timestamp="20231030 18:03:05.564" level="TRACE">Return: 'True'</msg>
<msg timestamp="20231030 18:03:05.564" level="INFO">${cookieModalVisible} = True</msg>
<status status="PASS" starttime="20231030 18:03:05.471" endtime="20231030 18:03:05.564"/>
</kw>
<if>
<branch type="IF" condition="${cookieModalVisible}">
<kw name="Click" library="Browser">
<arg>id=CybotCookiebotDialogBodyLevelButtonLevelOptinAllowAll</arg>
<tag>PageContent</tag>
<tag>Setter</tag>
<doc>Simulates mouse click on the element found by ``selector``.</doc>
<msg timestamp="20231030 18:03:05.566" level="TRACE">Arguments: [ 'id=CybotCookiebotDialogBodyLevelButtonLevelOptinAllowAll' ]</msg>
<msg timestamp="20231030 18:03:05.567" level="DEBUG">Click options are: {"button": "left", "clickCount": 1, "force": false, "noWaitAfter": false, "trial": false}</msg>
<msg timestamp="20231030 18:03:05.661" level="DEBUG">Clicked element: 'id=CybotCookiebotDialogBodyLevelButtonLevelOptinAllowAll' with options: '{"button": "left", "clickCount": 1, "force": false, "noWaitAfter": false, "trial": false}' successfully.</msg>
<msg timestamp="20231030 18:03:05.661" level="TRACE">Return: None</msg>
<status status="PASS" starttime="20231030 18:03:05.565" endtime="20231030 18:03:05.661"/>
</kw>
<status status="PASS" starttime="20231030 18:03:05.565" endtime="20231030 18:03:05.661"/>
</branch>
<branch type="ELSE">
<kw name="Log" library="BuiltIn">
<arg>No Cookie Modal Visible</arg>
<doc>Logs the given message with the given level.</doc>
<status status="NOT RUN" starttime="20231030 18:03:05.661" endtime="20231030 18:03:05.661"/>
</kw>
<status status="NOT RUN" starttime="20231030 18:03:05.661" endtime="20231030 18:03:05.662"/>
</branch>
<status status="PASS" starttime="20231030 18:03:05.565" endtime="20231030 18:03:05.662"/>
</if>
<msg timestamp="20231030 18:03:05.662" level="TRACE">Return: None</msg>
<status status="PASS" starttime="20231030 18:03:05.471" endtime="20231030 18:03:05.662"/>
</kw>
<kw name="Set Environment" library="common">
<doc>A keyword that gets the environment from URL and checks it is the same as variable</doc>
<msg timestamp="20231030 18:03:05.662" level="TRACE">Arguments: [  ]</msg>
<kw name="Get Url" library="Browser">
<var>${currentUrl}</var>
<tag>Assertion</tag>
<tag>Getter</tag>
<tag>PageContent</tag>
<doc>Returns the current URL.</doc>
<msg timestamp="20231030 18:03:05.662" level="TRACE">Arguments: [  ]</msg>
<msg timestamp="20231030 18:03:05.665" level="DEBUG">https://test3.omenahotels.com/en/</msg>
<msg timestamp="20231030 18:03:05.665" level="TRACE">Return: 'https://test3.omenahotels.com/en/'</msg>
<msg timestamp="20231030 18:03:05.665" level="INFO">${currentUrl} = https://test3.omenahotels.com/en/</msg>
<status status="PASS" starttime="20231030 18:03:05.662" endtime="20231030 18:03:05.665"/>
</kw>
<kw name="Get Environment From Url" library="Helpers">
<var>${env}</var>
<arg>${currentUrl}</arg>
<msg timestamp="20231030 18:03:05.665" level="TRACE">Arguments: [ 'https://test3.omenahotels.com/en/' ]</msg>
<msg timestamp="20231030 18:03:05.665" level="TRACE">Return: 'test3'</msg>
<msg timestamp="20231030 18:03:05.665" level="INFO">${env} = test3</msg>
<status status="PASS" starttime="20231030 18:03:05.665" endtime="20231030 18:03:05.665"/>
</kw>
<kw name="Should Be Equal As Strings" library="BuiltIn">
<arg>${env}</arg>
<arg>${environment}</arg>
<doc>Fails if objects are unequal after converting them to strings.</doc>
<msg timestamp="20231030 18:03:05.666" level="TRACE">Arguments: [ 'test3' | 'test3' ]</msg>
<msg timestamp="20231030 18:03:05.666" level="DEBUG">Argument types are:
&lt;class 'str'&gt;
&lt;class 'str'&gt;</msg>
<msg timestamp="20231030 18:03:05.666" level="TRACE">Return: None</msg>
<status status="PASS" starttime="20231030 18:03:05.666" endtime="20231030 18:03:05.666"/>
</kw>
<msg timestamp="20231030 18:03:05.666" level="TRACE">Return: None</msg>
<status status="PASS" starttime="20231030 18:03:05.662" endtime="20231030 18:03:05.666"/>
</kw>
<msg timestamp="20231030 18:03:05.666" level="TRACE">Return: None</msg>
<status status="PASS" starttime="20231030 18:02:59.800" endtime="20231030 18:03:05.666"/>
</kw>
<test id="s1-t1" name="Select Hotel, Dates and Guests" line="15">
<kw name="Select Hotel" library="booking">
<arg>Helsinki, Lönnrotinkatu</arg>
<doc>Select Hotel by using a number as an argument, default Lönnrotinkatu</doc>
<msg timestamp="20231030 18:03:05.667" level="TRACE">Arguments: [ ${hotel}='Helsinki, Lönnrotinkatu' ]</msg>
<if>
<branch type="IF" condition="&quot;${environment}&quot; == &quot;ks_test&quot;">
<kw name="Log" library="BuiltIn">
<arg>No hotel to be selected</arg>
<doc>Logs the given message with the given level.</doc>
<status status="NOT RUN" starttime="20231030 18:03:05.668" endtime="20231030 18:03:05.668"/>
</kw>
<status status="NOT RUN" starttime="20231030 18:03:05.667" endtime="20231030 18:03:05.668"/>
</branch>
<branch type="ELSE">
<kw name="Log" library="BuiltIn">
<arg>Selecting Hotel: ${hotel}</arg>
<doc>Logs the given message with the given level.</doc>
<msg timestamp="20231030 18:03:05.668" level="TRACE">Arguments: [ 'Selecting Hotel: Helsinki, Lönnrotinkatu' ]</msg>
<msg timestamp="20231030 18:03:05.668" level="INFO">Selecting Hotel: Helsinki, Lönnrotinkatu</msg>
<msg timestamp="20231030 18:03:05.668" level="TRACE">Return: None</msg>
<status status="PASS" starttime="20231030 18:03:05.668" endtime="20231030 18:03:05.668"/>
</kw>
<kw name="Click" library="Browser">
<arg>//div[contains(@data-nelson-btn, "hotels")]</arg>
<tag>PageContent</tag>
<tag>Setter</tag>
<doc>Simulates mouse click on the element found by ``selector``.</doc>
<msg timestamp="20231030 18:03:05.669" level="TRACE">Arguments: [ '//div[contains(@data-nelson-btn, "hotels")]' ]</msg>
<msg timestamp="20231030 18:03:05.669" level="DEBUG">Click options are: {"button": "left", "clickCount": 1, "force": false, "noWaitAfter": false, "trial": false}</msg>
<msg timestamp="20231030 18:03:05.757" level="DEBUG">Clicked element: '//div[contains(@data-nelson-btn, "hotels")]' with options: '{"button": "left", "clickCount": 1, "force": false, "noWaitAfter": false, "trial": false}' successfully.</msg>
<msg timestamp="20231030 18:03:05.757" level="TRACE">Return: None</msg>
<status status="PASS" starttime="20231030 18:03:05.669" endtime="20231030 18:03:05.757"/>
</kw>
<kw name="Wait Until Visible" library="common">
<arg>//a[contains(@class, 'dropdown-item') and contains(text(), '${hotel}')]</arg>
<doc>An easier keyword for waiting until an element is visible</doc>
<msg timestamp="20231030 18:03:05.758" level="TRACE">Arguments: [ ${element}="//a[contains(@class, 'dropdown-item') and contains(text(), 'Helsinki, Lönnrotinkatu')]" ]</msg>
<kw name="Wait For Elements State" library="Browser">
<arg>${element}</arg>
<arg>visible</arg>
<arg>timeout=${timeout}</arg>
<tag>PageContent</tag>
<tag>Wait</tag>
<doc>Waits for the element found by ``selector`` to satisfy state option.</doc>
<msg timestamp="20231030 18:03:05.759" level="TRACE">Arguments: [ "//a[contains(@class, 'dropdown-item') and contains(text(), 'Helsinki, Lönnrotinkatu')]" | &lt;ElementState.visible: 4&gt; | timeout=datetime.timedelta(seconds=30) ]</msg>
<msg timestamp="20231030 18:03:05.776" level="INFO">Waited for Element with selector //a[contains(@class, 'dropdown-item') and contains(text(), 'Helsinki, Lönnrotinkatu')] at state visible</msg>
<msg timestamp="20231030 18:03:05.776" level="TRACE">Return: None</msg>
<status status="PASS" starttime="20231030 18:03:05.758" endtime="20231030 18:03:05.776"/>
</kw>
<msg timestamp="20231030 18:03:05.776" level="TRACE">Return: None</msg>
<status status="PASS" starttime="20231030 18:03:05.758" endtime="20231030 18:03:05.776"/>
</kw>
<kw name="Click" library="Browser">
<arg>//a[contains(@class, 'dropdown-item') and contains(text(), '${hotel}')]</arg>
<tag>PageContent</tag>
<tag>Setter</tag>
<doc>Simulates mouse click on the element found by ``selector``.</doc>
<msg timestamp="20231030 18:03:05.777" level="TRACE">Arguments: [ "//a[contains(@class, 'dropdown-item') and contains(text(), 'Helsinki, Lönnrotinkatu')]" ]</msg>
<msg timestamp="20231030 18:03:05.777" level="DEBUG">Click options are: {"button": "left", "clickCount": 1, "force": false, "noWaitAfter": false, "trial": false}</msg>
<msg timestamp="20231030 18:03:06.121" level="DEBUG">Clicked element: '//a[contains(@class, 'dropdown-item') and contains(text(), 'Helsinki, Lönnrotinkatu')]' with options: '{"button": "left", "clickCount": 1, "force": false, "noWaitAfter": false, "trial": false}' successfully.</msg>
<msg timestamp="20231030 18:03:06.121" level="TRACE">Return: None</msg>
<status status="PASS" starttime="20231030 18:03:05.776" endtime="20231030 18:03:06.121"/>
</kw>
<kw name="Wait For Elements State" library="Browser">
<arg>//a[contains(@class, 'dropdown-item') and contains(text(), '${hotel}')]</arg>
<arg>hidden</arg>
<arg>timeout=3s</arg>
<tag>PageContent</tag>
<tag>Wait</tag>
<doc>Waits for the element found by ``selector`` to satisfy state option.</doc>
<msg timestamp="20231030 18:03:06.122" level="TRACE">Arguments: [ "//a[contains(@class, 'dropdown-item') and contains(text(), 'Helsinki, Lönnrotinkatu')]" | &lt;ElementState.hidden: 8&gt; | timeout=datetime.timedelta(seconds=3) ]</msg>
<msg timestamp="20231030 18:03:06.186" level="INFO">Waited for Element with selector //a[contains(@class, 'dropdown-item') and contains(text(), 'Helsinki, Lönnrotinkatu')] at state hidden</msg>
<msg timestamp="20231030 18:03:06.186" level="TRACE">Return: None</msg>
<status status="PASS" starttime="20231030 18:03:06.121" endtime="20231030 18:03:06.186"/>
</kw>
<status status="PASS" starttime="20231030 18:03:05.668" endtime="20231030 18:03:06.186"/>
</branch>
<status status="PASS" starttime="20231030 18:03:05.667" endtime="20231030 18:03:06.186"/>
</if>
<msg timestamp="20231030 18:03:06.187" level="TRACE">Return: None</msg>
<status status="PASS" starttime="20231030 18:03:05.667" endtime="20231030 18:03:06.187"/>
</kw>
<kw name="Select Dates" library="booking">
<msg timestamp="20231030 18:03:06.187" level="TRACE">Arguments: [  ]</msg>
<kw name="Log" library="BuiltIn">
<arg>${EMPTY}</arg>
<doc>Logs the given message with the given level.</doc>
<msg timestamp="20231030 18:03:06.189" level="TRACE">Arguments: [ '' ]</msg>
<msg timestamp="20231030 18:03:06.189" level="INFO"/>
<msg timestamp="20231030 18:03:06.189" level="TRACE">Return: None</msg>
<status status="PASS" starttime="20231030 18:03:06.187" endtime="20231030 18:03:06.189"/>
</kw>
<msg timestamp="20231030 18:03:06.189" level="TRACE">Return: None</msg>
<status status="PASS" starttime="20231030 18:03:06.187" endtime="20231030 18:03:06.190"/>
</kw>
<kw name="Select Guests" library="booking">
<doc>Selects the number of guests for the booking, current implementation will only check the dropdown</doc>
<msg timestamp="20231030 18:03:06.190" level="TRACE">Arguments: [ ${rooms}='1' | ${persons}='1' | ${children}='0' ]</msg>
<kw name="Log To Console" library="BuiltIn">
<arg>${EMPTY}</arg>
<doc>Logs the given message to the console.</doc>
<msg timestamp="20231030 18:03:06.191" level="TRACE">Arguments: [ '' ]</msg>
<msg timestamp="20231030 18:03:06.192" level="TRACE">Return: None</msg>
<status status="PASS" starttime="20231030 18:03:06.190" endtime="20231030 18:03:06.192"/>
</kw>
<msg timestamp="20231030 18:03:06.192" level="TRACE">Return: None</msg>
<status status="PASS" starttime="20231030 18:03:06.190" endtime="20231030 18:03:06.192"/>
</kw>
<tag>smoke, booking, BUI2-556, online-checkin</tag>
<status status="PASS" starttime="20231030 18:03:05.666" endtime="20231030 18:03:06.192"/>
</test>
<test id="s1-t2" name="Check Available Rooms and Select a Standard Room" line="20">
<kw name="Click Book or Find Rooms Button" library="booking">
<msg timestamp="20231030 18:03:06.201" level="TRACE">Arguments: [  ]</msg>
<kw name="Get Url" library="Browser">
<var>${url}</var>
<tag>Assertion</tag>
<tag>Getter</tag>
<tag>PageContent</tag>
<doc>Returns the current URL.</doc>
<msg timestamp="20231030 18:03:06.202" level="TRACE">Arguments: [  ]</msg>
<msg timestamp="20231030 18:03:06.206" level="DEBUG">https://test3.omenahotels.com/en/#</msg>
<msg timestamp="20231030 18:03:06.206" level="TRACE">Return: 'https://test3.omenahotels.com/en/#'</msg>
<msg timestamp="20231030 18:03:06.206" level="INFO">${url} = https://test3.omenahotels.com/en/#</msg>
<status status="PASS" starttime="20231030 18:03:06.202" endtime="20231030 18:03:06.206"/>
</kw>
<kw name="Check If String Contains" library="common">
<var>${booking}</var>
<arg>${url}</arg>
<arg>/booking/</arg>
<msg timestamp="20231030 18:03:06.207" level="TRACE">Arguments: [ ${string}='https://test3.omenahotels.com/en/#' | ${substring}='/booking/' ]</msg>
<kw name="Check If String Contains Substring" library="Helpers">
<var>${contains}</var>
<arg>${string}</arg>
<arg>${substring}</arg>
<msg timestamp="20231030 18:03:06.207" level="TRACE">Arguments: [ 'https://test3.omenahotels.com/en/#' | '/booking/' ]</msg>
<msg timestamp="20231030 18:03:06.207" level="TRACE">Return: False</msg>
<msg timestamp="20231030 18:03:06.207" level="INFO">${contains} = False</msg>
<status status="PASS" starttime="20231030 18:03:06.207" endtime="20231030 18:03:06.207"/>
</kw>
<msg timestamp="20231030 18:03:06.207" level="TRACE">Return: False</msg>
<msg timestamp="20231030 18:03:06.207" level="INFO">${booking} = False</msg>
<status status="PASS" starttime="20231030 18:03:06.206" endtime="20231030 18:03:06.207"/>
</kw>
<if>
<branch type="IF" condition="${booking} == True">
<kw name="Click" library="Browser">
<arg>//button[contains(@class, 'booking-form-button') and contains(text(), 'Find rooms')]</arg>
<tag>PageContent</tag>
<tag>Setter</tag>
<doc>Simulates mouse click on the element found by ``selector``.</doc>
<status status="NOT RUN" starttime="20231030 18:03:06.208" endtime="20231030 18:03:06.208"/>
</kw>
<status status="NOT RUN" starttime="20231030 18:03:06.208" endtime="20231030 18:03:06.208"/>
</branch>
<branch type="ELSE">
<kw name="Click" library="Browser">
<arg>//button[contains(@class, 'booking-form-button') and contains(text(), 'Book')]</arg>
<tag>PageContent</tag>
<tag>Setter</tag>
<doc>Simulates mouse click on the element found by ``selector``.</doc>
<msg timestamp="20231030 18:03:06.208" level="TRACE">Arguments: [ "//button[contains(@class, 'booking-form-button') and contains(text(), 'Book')]" ]</msg>
<msg timestamp="20231030 18:03:06.209" level="DEBUG">Click options are: {"button": "left", "clickCount": 1, "force": false, "noWaitAfter": false, "trial": false}</msg>
<msg timestamp="20231030 18:03:06.486" level="DEBUG">Clicked element: '//button[contains(@class, 'booking-form-button') and contains(text(), 'Book')]' with options: '{"button": "left", "clickCount": 1, "force": false, "noWaitAfter": false, "trial": false}' successfully.</msg>
<msg timestamp="20231030 18:03:06.486" level="TRACE">Return: None</msg>
<status status="PASS" starttime="20231030 18:03:06.208" endtime="20231030 18:03:06.486"/>
</kw>
<status status="PASS" starttime="20231030 18:03:06.208" endtime="20231030 18:03:06.486"/>
</branch>
<status status="PASS" starttime="20231030 18:03:06.207" endtime="20231030 18:03:06.487"/>
</if>
<msg timestamp="20231030 18:03:06.487" level="TRACE">Return: None</msg>
<status status="PASS" starttime="20231030 18:03:06.201" endtime="20231030 18:03:06.487"/>
</kw>
<kw name="Select a Standard Room" library="booking">
<msg timestamp="20231030 18:03:06.487" level="TRACE">Arguments: [  ]</msg>
<kw name="Wait Until Visible" library="common">
<arg>${btnExtras}</arg>
<doc>An easier keyword for waiting until an element is visible</doc>
<msg timestamp="20231030 18:03:06.488" level="TRACE">Arguments: [ ${element}='(//div[contains(@view,"booking")]//button[contains(text(), "Continue to extras")])[1]' ]</msg>
<kw name="Wait For Elements State" library="Browser">
<arg>${element}</arg>
<arg>visible</arg>
<arg>timeout=${timeout}</arg>
<tag>PageContent</tag>
<tag>Wait</tag>
<doc>Waits for the element found by ``selector`` to satisfy state option.</doc>
<msg timestamp="20231030 18:03:06.489" level="TRACE">Arguments: [ '(//div[contains(@view,"booking")]//button[contains(text(), "Continue to extras")])[1]' | &lt;ElementState.visible: 4&gt; | timeout=datetime.timedelta(seconds=30) ]</msg>
<msg timestamp="20231030 18:03:09.239" level="INFO">Waited for Element with selector (//div[contains(@view,"booking")]//button[contains(text(), "Continue to extras")])[1] at state visible</msg>
<msg timestamp="20231030 18:03:09.240" level="TRACE">Return: None</msg>
<status status="PASS" starttime="20231030 18:03:06.488" endtime="20231030 18:03:09.240"/>
</kw>
<msg timestamp="20231030 18:03:09.240" level="TRACE">Return: None</msg>
<status status="PASS" starttime="20231030 18:03:06.487" endtime="20231030 18:03:09.240"/>
</kw>
<kw name="Get Element States" library="Browser">
<var>${visible}</var>
<arg>//div[contains(text(), 'Select room')]</arg>
<arg>then</arg>
<arg>bool(value &amp; visible)</arg>
<tag>Assertion</tag>
<tag>Getter</tag>
<tag>PageContent</tag>
<doc>Get the active states from the element found by ``selector``.</doc>
<msg timestamp="20231030 18:03:09.241" level="TRACE">Arguments: [ "//div[contains(text(), 'Select room')]" | &lt;AssertionOperator.then: 'then'&gt; | 'bool(value &amp; visible)' ]</msg>
<msg timestamp="20231030 18:03:09.494" level="DEBUG">States: 2</msg>
<msg timestamp="20231030 18:03:09.494" level="DEBUG">Assertion polling statistics:
First element asserted in: 0.25301694869995117 seconds
Total tries: 1
Elapsed time in retries 0.0 seconds</msg>
<msg timestamp="20231030 18:03:09.494" level="TRACE">Return: False</msg>
<msg timestamp="20231030 18:03:09.494" level="INFO">${visible} = False</msg>
<status status="PASS" starttime="20231030 18:03:09.240" endtime="20231030 18:03:09.494"/>
</kw>
<kw name="Run Keyword If" library="BuiltIn">
<arg>${visible}</arg>
<arg>Select Standard and Remove Other Room Selection</arg>
<doc>Runs the given keyword with the given arguments, if ``condition`` is true.</doc>
<msg timestamp="20231030 18:03:09.495" level="TRACE">Arguments: [ False | 'Select Standard and Remove Other Room Selection' ]</msg>
<msg timestamp="20231030 18:03:09.495" level="TRACE">Return: None</msg>
<status status="PASS" starttime="20231030 18:03:09.495" endtime="20231030 18:03:09.495"/>
</kw>
<msg timestamp="20231030 18:03:09.495" level="TRACE">Return: None</msg>
<status status="PASS" starttime="20231030 18:03:06.487" endtime="20231030 18:03:09.495"/>
</kw>
<tag>smoke, booking, BUI2-556, online-checkin</tag>
<status status="PASS" starttime="20231030 18:03:06.200" endtime="20231030 18:03:09.495"/>
</test>
<test id="s1-t3" name="Continue to Extras and Select Join for Free" line="24">
<kw name="Click Continue to Extras Button" library="booking">
<doc>Clicks the continue to extras button</doc>
<msg timestamp="20231030 18:03:09.501" level="TRACE">Arguments: [  ]</msg>
<kw name="Click" library="Browser">
<arg>${btnExtras}</arg>
<tag>PageContent</tag>
<tag>Setter</tag>
<doc>Simulates mouse click on the element found by ``selector``.</doc>
<msg timestamp="20231030 18:03:09.502" level="TRACE">Arguments: [ '(//div[contains(@view,"booking")]//button[contains(text(), "Continue to extras")])[1]' ]</msg>
<msg timestamp="20231030 18:03:09.502" level="DEBUG">Click options are: {"button": "left", "clickCount": 1, "force": false, "noWaitAfter": false, "trial": false}</msg>
<msg timestamp="20231030 18:03:12.276" level="DEBUG">Clicked element: '(//div[contains(@view,"booking")]//button[contains(text(), "Continue to extras")])[1]' with options: '{"button": "left", "clickCount": 1, "force": false, "noWaitAfter": false, "trial": false}' successfully.</msg>
<msg timestamp="20231030 18:03:12.276" level="TRACE">Return: None</msg>
<status status="PASS" starttime="20231030 18:03:09.501" endtime="20231030 18:03:12.276"/>
</kw>
<kw name="Wait Until Visible" library="common">
<arg>${btnPayment}</arg>
<doc>An easier keyword for waiting until an element is visible</doc>
<msg timestamp="20231030 18:03:12.277" level="TRACE">Arguments: [ ${element}='(//div[contains(@view,"extras")]//button[contains(text(), "Continue to payment")])[1]' ]</msg>
<kw name="Wait For Elements State" library="Browser">
<arg>${element}</arg>
<arg>visible</arg>
<arg>timeout=${timeout}</arg>
<tag>PageContent</tag>
<tag>Wait</tag>
<doc>Waits for the element found by ``selector`` to satisfy state option.</doc>
<msg timestamp="20231030 18:03:12.278" level="TRACE">Arguments: [ '(//div[contains(@view,"extras")]//button[contains(text(), "Continue to payment")])[1]' | &lt;ElementState.visible: 4&gt; | timeout=datetime.timedelta(seconds=30) ]</msg>
<msg timestamp="20231030 18:03:13.644" level="INFO">Waited for Element with selector (//div[contains(@view,"extras")]//button[contains(text(), "Continue to payment")])[1] at state visible</msg>
<msg timestamp="20231030 18:03:13.644" level="TRACE">Return: None</msg>
<status status="PASS" starttime="20231030 18:03:12.277" endtime="20231030 18:03:13.644"/>
</kw>
<msg timestamp="20231030 18:03:13.645" level="TRACE">Return: None</msg>
<status status="PASS" starttime="20231030 18:03:12.276" endtime="20231030 18:03:13.645"/>
</kw>
<msg timestamp="20231030 18:03:13.645" level="TRACE">Return: None</msg>
<status status="PASS" starttime="20231030 18:03:09.501" endtime="20231030 18:03:13.645"/>
</kw>
<kw name="Continue to Payment" library="booking">
<msg timestamp="20231030 18:03:13.645" level="TRACE">Arguments: [  ]</msg>
<kw name="Click" library="Browser">
<arg>(//button[normalize-space()='Continue to payment'])[1]</arg>
<tag>PageContent</tag>
<tag>Setter</tag>
<doc>Simulates mouse click on the element found by ``selector``.</doc>
<msg timestamp="20231030 18:03:13.646" level="TRACE">Arguments: [ "(//button[normalize-space()='Continue to payment'])[1]" ]</msg>
<msg timestamp="20231030 18:03:13.646" level="DEBUG">Click options are: {"button": "left", "clickCount": 1, "force": false, "noWaitAfter": false, "trial": false}</msg>
<msg timestamp="20231030 18:03:13.757" level="DEBUG">Clicked element: '(//button[normalize-space()='Continue to payment'])[1]' with options: '{"button": "left", "clickCount": 1, "force": false, "noWaitAfter": false, "trial": false}' successfully.</msg>
<msg timestamp="20231030 18:03:13.757" level="TRACE">Return: None</msg>
<status status="PASS" starttime="20231030 18:03:13.645" endtime="20231030 18:03:13.757"/>
</kw>
<msg timestamp="20231030 18:03:13.757" level="TRACE">Return: None</msg>
<status status="PASS" starttime="20231030 18:03:13.645" endtime="20231030 18:03:13.757"/>
</kw>
<kw name="Select Join for Free" library="booking">
<msg timestamp="20231030 18:03:13.758" level="TRACE">Arguments: [  ]</msg>
<kw name="Wait Until Visible" library="common">
<arg>//input[@value='memberRate' and @checked='']</arg>
<doc>An easier keyword for waiting until an element is visible</doc>
<msg timestamp="20231030 18:03:13.758" level="TRACE">Arguments: [ ${element}="//input[@value='memberRate' and @checked='']" ]</msg>
<kw name="Wait For Elements State" library="Browser">
<arg>${element}</arg>
<arg>visible</arg>
<arg>timeout=${timeout}</arg>
<tag>PageContent</tag>
<tag>Wait</tag>
<doc>Waits for the element found by ``selector`` to satisfy state option.</doc>
<msg timestamp="20231030 18:03:13.759" level="TRACE">Arguments: [ "//input[@value='memberRate' and @checked='']" | &lt;ElementState.visible: 4&gt; | timeout=datetime.timedelta(seconds=30) ]</msg>
<msg timestamp="20231030 18:03:16.048" level="INFO">Waited for Element with selector //input[@value='memberRate' and @checked=''] at state visible</msg>
<msg timestamp="20231030 18:03:16.048" level="TRACE">Return: None</msg>
<status status="PASS" starttime="20231030 18:03:13.758" endtime="20231030 18:03:16.048"/>
</kw>
<msg timestamp="20231030 18:03:16.049" level="TRACE">Return: None</msg>
<status status="PASS" starttime="20231030 18:03:13.758" endtime="20231030 18:03:16.049"/>
</kw>
<kw name="Wait Until Visible" library="common">
<arg>//div//*[normalize-space()='Join for free and get the member rate']/following-sibling::div[@data-checked]</arg>
<doc>An easier keyword for waiting until an element is visible</doc>
<msg timestamp="20231030 18:03:16.049" level="TRACE">Arguments: [ ${element}="//div//*[normalize-space()='Join for free and get the member rate']/following-sibling::div[@data-checked]" ]</msg>
<kw name="Wait For Elements State" library="Browser">
<arg>${element}</arg>
<arg>visible</arg>
<arg>timeout=${timeout}</arg>
<tag>PageContent</tag>
<tag>Wait</tag>
<doc>Waits for the element found by ``selector`` to satisfy state option.</doc>
<msg timestamp="20231030 18:03:16.050" level="TRACE">Arguments: [ "//div//*[normalize-space()='Join for free and get the member rate']/following-sibling::div[@data-checked]" | &lt;ElementState.visible: 4&gt; | timeout=datetime.timedelta(seconds=30) ]</msg>
<msg timestamp="20231030 18:03:16.071" level="INFO">Waited for Element with selector //div//*[normalize-space()='Join for free and get the member rate']/following-sibling::div[@data-checked] at state visible</msg>
<msg timestamp="20231030 18:03:16.071" level="TRACE">Return: None</msg>
<status status="PASS" starttime="20231030 18:03:16.049" endtime="20231030 18:03:16.071"/>
</kw>
<msg timestamp="20231030 18:03:16.071" level="TRACE">Return: None</msg>
<status status="PASS" starttime="20231030 18:03:16.049" endtime="20231030 18:03:16.071"/>
</kw>
<msg timestamp="20231030 18:03:16.071" level="TRACE">Return: None</msg>
<status status="PASS" starttime="20231030 18:03:13.757" endtime="20231030 18:03:16.071"/>
</kw>
<tag>smoke, booking, BUI2-556, online-checkin</tag>
<status status="PASS" starttime="20231030 18:03:09.500" endtime="20231030 18:03:16.072"/>
</test>
<test id="s1-t4" name="Fill in Booker Contact Information" line="29">
<kw name="Fill in Contact Information" library="booking">
<doc>Fills in Contact information that can be given as arguments or use default values
Uses a password if the environment is bui and</doc>
<msg timestamp="20231030 18:03:16.075" level="TRACE">Arguments: [ ${firstName}='Mos' | ${lastName}='Def' | ${phone}='401705972' | ${ssn}='170479-371J' | ${env}='bui' ]</msg>
<kw name="Create Email and Return Inbox" library="common">
<var>${inbox}</var>
<doc>Creates a new email address and returns the inbox object</doc>
<msg timestamp="20231030 18:03:16.075" level="TRACE">Arguments: [  ]</msg>
<kw name="Create new Inbox" library="MailSlurp">
<var>${inbox}</var>
<msg timestamp="20231030 18:03:16.076" level="TRACE">Arguments: [  ]</msg>
<msg timestamp="20231030 18:03:16.811" level="INFO">Debug Config
&lt;mailslurp_client.configuration.Configuration object at 0x7f0d02f3acd0&gt;
{'created_at': datetime.datetime(2023, 10, 30, 18, 3, 16, 776000, tzinfo=tzlocal()),
 'description': None,
 'domain_id': None,
 'email_address': 'fa8a6778-6e89-4b16-88b1-a5480216a51d@mailslurp.com',
 'expires_at': None,
 'favourite': False,
 'id': 'fa8a6778-6e89-4b16-88b1-a5480216a51d',
 'inbox_type': 'HTTP_INBOX',
 'name': None,
 'read_only': False,
 'tags': None,
 'user_id': 'a2f48756-8279-471d-bb55-980a32334d37',
 'virtual_inbox': False}
&lt;MailSlurp.MailSlurp object at 0x7f0cfc0d0d10&gt;</msg>
<msg timestamp="20231030 18:03:16.812" level="TRACE">Return: {'created_at': datetime.datetime(2023, 10, 30, 18, 3, 16, 776000, tzinfo=tzlocal()),
 'description': None,
 'domain_id': None,
 'email_address': 'fa8a6778-6e89-4b16-88b1-a5480216a51d@mailslurp.com',
 'expires_at': None,
 'favourite': False,
 'id': 'fa8a6778-6e89-4b16-88b1-a5480216a51d',
 'inbox_type': 'HTTP_INBOX',
 'name': None,
 'read_only': False,
 'tags': None,
 'user_id': 'a2f48756-8279-471d-bb55-980a32334d37',
 'virtual_inbox': False}</msg>
<msg timestamp="20231030 18:03:16.812" level="INFO">${inbox} = {'created_at': datetime.datetime(2023, 10, 30, 18, 3, 16, 776000, tzinfo=tzlocal()),
 'description': None,
 'domain_id': None,
 'email_address': 'fa8a6778-6e89-4b16-88b1-a5480216a51d@mailslurp.com',
 ...</msg>
<status status="PASS" starttime="20231030 18:03:16.075" endtime="20231030 18:03:16.812"/>
</kw>
<kw name="Log To Console" library="BuiltIn">
<arg>${inbox.id}</arg>
<doc>Logs the given message to the console.</doc>
<msg timestamp="20231030 18:03:16.814" level="TRACE">Arguments: [ 'fa8a6778-6e89-4b16-88b1-a5480216a51d' ]</msg>
<msg timestamp="20231030 18:03:16.814" level="TRACE">Return: None</msg>
<status status="PASS" starttime="20231030 18:03:16.812" endtime="20231030 18:03:16.814"/>
</kw>
<msg timestamp="20231030 18:03:16.814" level="TRACE">Return: {'created_at': datetime.datetime(2023, 10, 30, 18, 3, 16, 776000, tzinfo=tzlocal()),
 'description': None,
 'domain_id': None,
 'email_address': 'fa8a6778-6e89-4b16-88b1-a5480216a51d@mailslurp.com',
 'expires_at': None,
 'favourite': False,
 'id': 'fa8a6778-6e89-4b16-88b1-a5480216a51d',
 'inbox_type': 'HTTP_INBOX',
 'name': None,
 'read_only': False,
 'tags': None,
 'user_id': 'a2f48756-8279-471d-bb55-980a32334d37',
 'virtual_inbox': False}</msg>
<msg timestamp="20231030 18:03:16.815" level="INFO">${inbox} = {'created_at': datetime.datetime(2023, 10, 30, 18, 3, 16, 776000, tzinfo=tzlocal()),
 'description': None,
 'domain_id': None,
 'email_address': 'fa8a6778-6e89-4b16-88b1-a5480216a51d@mailslurp.com',
 ...</msg>
<status status="PASS" starttime="20231030 18:03:16.075" endtime="20231030 18:03:16.815"/>
</kw>
<kw name="Click and Fill" library="common">
<arg>id=firstName</arg>
<arg>${firstName}</arg>
<doc>A keyword combination of Click and Fill Text since most of the form fields need a click</doc>
<msg timestamp="20231030 18:03:16.815" level="TRACE">Arguments: [ ${selector}='id=firstName' | ${text}='Mos' ]</msg>
<kw name="Click" library="Browser">
<arg>${selector}</arg>
<tag>PageContent</tag>
<tag>Setter</tag>
<doc>Simulates mouse click on the element found by ``selector``.</doc>
<msg timestamp="20231030 18:03:16.816" level="TRACE">Arguments: [ 'id=firstName' ]</msg>
<msg timestamp="20231030 18:03:16.816" level="DEBUG">Click options are: {"button": "left", "clickCount": 1, "force": false, "noWaitAfter": false, "trial": false}</msg>
<msg timestamp="20231030 18:03:16.878" level="DEBUG">Clicked element: 'id=firstName' with options: '{"button": "left", "clickCount": 1, "force": false, "noWaitAfter": false, "trial": false}' successfully.</msg>
<msg timestamp="20231030 18:03:16.878" level="TRACE">Return: None</msg>
<status status="PASS" starttime="20231030 18:03:16.815" endtime="20231030 18:03:16.878"/>
</kw>
<kw name="Fill Text" library="Browser">
<arg>${selector}</arg>
<arg>${text}</arg>
<tag>PageContent</tag>
<tag>Setter</tag>
<doc>Clears and fills the given ``txt`` into the text field found by ``selector``.</doc>
<msg timestamp="20231030 18:03:16.878" level="TRACE">Arguments: [ 'id=firstName' | 'Mos' ]</msg>
<msg timestamp="20231030 18:03:16.878" level="INFO">Fills the text 'Mos' in the given field.</msg>
<msg timestamp="20231030 18:03:16.960" level="DEBUG">Fill text Mos on id=firstName with force: false</msg>
<msg timestamp="20231030 18:03:16.960" level="TRACE">Return: None</msg>
<status status="PASS" starttime="20231030 18:03:16.878" endtime="20231030 18:03:16.960"/>
</kw>
<msg timestamp="20231030 18:03:16.961" level="TRACE">Return: None</msg>
<status status="PASS" starttime="20231030 18:03:16.815" endtime="20231030 18:03:16.961"/>
</kw>
<kw name="Click and Fill" library="common">
<arg>id=lastName</arg>
<arg>${lastName}</arg>
<doc>A keyword combination of Click and Fill Text since most of the form fields need a click</doc>
<msg timestamp="20231030 18:03:16.961" level="TRACE">Arguments: [ ${selector}='id=lastName' | ${text}='Def' ]</msg>
<kw name="Click" library="Browser">
<arg>${selector}</arg>
<tag>PageContent</tag>
<tag>Setter</tag>
<doc>Simulates mouse click on the element found by ``selector``.</doc>
<msg timestamp="20231030 18:03:16.962" level="TRACE">Arguments: [ 'id=lastName' ]</msg>
<msg timestamp="20231030 18:03:16.962" level="DEBUG">Click options are: {"button": "left", "clickCount": 1, "force": false, "noWaitAfter": false, "trial": false}</msg>
<msg timestamp="20231030 18:03:17.138" level="DEBUG">Clicked element: 'id=lastName' with options: '{"button": "left", "clickCount": 1, "force": false, "noWaitAfter": false, "trial": false}' successfully.</msg>
<msg timestamp="20231030 18:03:17.138" level="TRACE">Return: None</msg>
<status status="PASS" starttime="20231030 18:03:16.961" endtime="20231030 18:03:17.138"/>
</kw>
<kw name="Fill Text" library="Browser">
<arg>${selector}</arg>
<arg>${text}</arg>
<tag>PageContent</tag>
<tag>Setter</tag>
<doc>Clears and fills the given ``txt`` into the text field found by ``selector``.</doc>
<msg timestamp="20231030 18:03:17.139" level="TRACE">Arguments: [ 'id=lastName' | 'Def' ]</msg>
<msg timestamp="20231030 18:03:17.139" level="INFO">Fills the text 'Def' in the given field.</msg>
<msg timestamp="20231030 18:03:17.219" level="DEBUG">Fill text Def on id=lastName with force: false</msg>
<msg timestamp="20231030 18:03:17.220" level="TRACE">Return: None</msg>
<status status="PASS" starttime="20231030 18:03:17.138" endtime="20231030 18:03:17.220"/>
</kw>
<msg timestamp="20231030 18:03:17.220" level="TRACE">Return: None</msg>
<status status="PASS" starttime="20231030 18:03:16.961" endtime="20231030 18:03:17.220"/>
</kw>
<kw name="Click and Fill" library="common">
<arg>id=email</arg>
<arg>${inbox.email_address}</arg>
<doc>A keyword combination of Click and Fill Text since most of the form fields need a click</doc>
<msg timestamp="20231030 18:03:17.221" level="TRACE">Arguments: [ ${selector}='id=email' | ${text}='fa8a6778-6e89-4b16-88b1-a5480216a51d@mailslurp.com' ]</msg>
<kw name="Click" library="Browser">
<arg>${selector}</arg>
<tag>PageContent</tag>
<tag>Setter</tag>
<doc>Simulates mouse click on the element found by ``selector``.</doc>
<msg timestamp="20231030 18:03:17.222" level="TRACE">Arguments: [ 'id=email' ]</msg>
<msg timestamp="20231030 18:03:17.223" level="DEBUG">Click options are: {"button": "left", "clickCount": 1, "force": false, "noWaitAfter": false, "trial": false}</msg>
<msg timestamp="20231030 18:03:17.382" level="DEBUG">Clicked element: 'id=email' with options: '{"button": "left", "clickCount": 1, "force": false, "noWaitAfter": false, "trial": false}' successfully.</msg>
<msg timestamp="20231030 18:03:17.382" level="TRACE">Return: None</msg>
<status status="PASS" starttime="20231030 18:03:17.222" endtime="20231030 18:03:17.382"/>
</kw>
<kw name="Fill Text" library="Browser">
<arg>${selector}</arg>
<arg>${text}</arg>
<tag>PageContent</tag>
<tag>Setter</tag>
<doc>Clears and fills the given ``txt`` into the text field found by ``selector``.</doc>
<msg timestamp="20231030 18:03:17.383" level="TRACE">Arguments: [ 'id=email' | 'fa8a6778-6e89-4b16-88b1-a5480216a51d@mailslurp.com' ]</msg>
<msg timestamp="20231030 18:03:17.383" level="INFO">Fills the text 'fa8a6778-6e89-4b16-88b1-a5480216a51d@mailslurp.com' in the given field.</msg>
<msg timestamp="20231030 18:03:17.455" level="DEBUG">Fill text fa8a6778-6e89-4b16-88b1-a5480216a51d@mailslurp.com on id=email with force: false</msg>
<msg timestamp="20231030 18:03:17.455" level="TRACE">Return: None</msg>
<status status="PASS" starttime="20231030 18:03:17.383" endtime="20231030 18:03:17.455"/>
</kw>
<msg timestamp="20231030 18:03:17.455" level="TRACE">Return: None</msg>
<status status="PASS" starttime="20231030 18:03:17.220" endtime="20231030 18:03:17.455"/>
</kw>
<kw name="Get Url" library="Browser">
<var>${u}</var>
<tag>Assertion</tag>
<tag>Getter</tag>
<tag>PageContent</tag>
<doc>Returns the current URL.</doc>
<msg timestamp="20231030 18:03:17.455" level="TRACE">Arguments: [  ]</msg>
<msg timestamp="20231030 18:03:17.457" level="DEBUG">https://test3.omenahotels.com/en/booking/#/payment</msg>
<msg timestamp="20231030 18:03:17.457" level="TRACE">Return: 'https://test3.omenahotels.com/en/booking/#/payment'</msg>
<msg timestamp="20231030 18:03:17.457" level="INFO">${u} = https://test3.omenahotels.com/en/booking/#/payment</msg>
<status status="PASS" starttime="20231030 18:03:17.455" endtime="20231030 18:03:17.457"/>
</kw>
<kw name="Get Environment From Url" library="Helpers">
<var>${e}</var>
<arg>${u}</arg>
<msg timestamp="20231030 18:03:17.458" level="TRACE">Arguments: [ 'https://test3.omenahotels.com/en/booking/#/payment' ]</msg>
<msg timestamp="20231030 18:03:17.458" level="TRACE">Return: 'test3'</msg>
<msg timestamp="20231030 18:03:17.458" level="INFO">${e} = test3</msg>
<status status="PASS" starttime="20231030 18:03:17.458" endtime="20231030 18:03:17.458"/>
</kw>
<if>
<branch type="IF" condition="'${e}' == 'test-kensington'">
<kw name="Click and Fill" library="common">
<arg>id=phoneNumber</arg>
<arg>${phone.uk}</arg>
<doc>A keyword combination of Click and Fill Text since most of the form fields need a click</doc>
<status status="NOT RUN" starttime="20231030 18:03:17.458" endtime="20231030 18:03:17.458"/>
</kw>
<status status="NOT RUN" starttime="20231030 18:03:17.458" endtime="20231030 18:03:17.459"/>
</branch>
<branch type="ELSE">
<kw name="Click and Fill" library="common">
<arg>id=phoneNumber</arg>
<arg>${phone}</arg>
<doc>A keyword combination of Click and Fill Text since most of the form fields need a click</doc>
<msg timestamp="20231030 18:03:17.459" level="TRACE">Arguments: [ ${selector}='id=phoneNumber' | ${text}='401705972' ]</msg>
<kw name="Click" library="Browser">
<arg>${selector}</arg>
<tag>PageContent</tag>
<tag>Setter</tag>
<doc>Simulates mouse click on the element found by ``selector``.</doc>
<msg timestamp="20231030 18:03:17.459" level="TRACE">Arguments: [ 'id=phoneNumber' ]</msg>
<msg timestamp="20231030 18:03:17.460" level="DEBUG">Click options are: {"button": "left", "clickCount": 1, "force": false, "noWaitAfter": false, "trial": false}</msg>
<msg timestamp="20231030 18:03:17.621" level="DEBUG">Clicked element: 'id=phoneNumber' with options: '{"button": "left", "clickCount": 1, "force": false, "noWaitAfter": false, "trial": false}' successfully.</msg>
<msg timestamp="20231030 18:03:17.622" level="TRACE">Return: None</msg>
<status status="PASS" starttime="20231030 18:03:17.459" endtime="20231030 18:03:17.622"/>
</kw>
<kw name="Fill Text" library="Browser">
<arg>${selector}</arg>
<arg>${text}</arg>
<tag>PageContent</tag>
<tag>Setter</tag>
<doc>Clears and fills the given ``txt`` into the text field found by ``selector``.</doc>
<msg timestamp="20231030 18:03:17.622" level="TRACE">Arguments: [ 'id=phoneNumber' | '401705972' ]</msg>
<msg timestamp="20231030 18:03:17.622" level="INFO">Fills the text '401705972' in the given field.</msg>
<msg timestamp="20231030 18:03:17.703" level="DEBUG">Fill text 401705972 on id=phoneNumber with force: false</msg>
<msg timestamp="20231030 18:03:17.703" level="TRACE">Return: None</msg>
<status status="PASS" starttime="20231030 18:03:17.622" endtime="20231030 18:03:17.703"/>
</kw>
<msg timestamp="20231030 18:03:17.704" level="TRACE">Return: None</msg>
<status status="PASS" starttime="20231030 18:03:17.459" endtime="20231030 18:03:17.704"/>
</kw>
<status status="PASS" starttime="20231030 18:03:17.459" endtime="20231030 18:03:17.704"/>
</branch>
<status status="PASS" starttime="20231030 18:03:17.458" endtime="20231030 18:03:17.704"/>
</if>
<kw name="Log To Console" library="BuiltIn">
<arg>${inbox.id}</arg>
<doc>Logs the given message to the console.</doc>
<msg timestamp="20231030 18:03:17.706" level="TRACE">Arguments: [ 'fa8a6778-6e89-4b16-88b1-a5480216a51d' ]</msg>
<msg timestamp="20231030 18:03:17.706" level="TRACE">Return: None</msg>
<status status="PASS" starttime="20231030 18:03:17.704" endtime="20231030 18:03:17.706"/>
</kw>
<kw name="Set Suite Variable" library="BuiltIn">
<arg>$ID</arg>
<arg>${inbox.id}</arg>
<doc>Makes a variable available everywhere within the scope of the current suite.</doc>
<msg timestamp="20231030 18:03:17.706" level="TRACE">Arguments: [ '$ID' | '${inbox.id}' ]</msg>
<msg timestamp="20231030 18:03:17.707" level="INFO">${ID} = fa8a6778-6e89-4b16-88b1-a5480216a51d</msg>
<msg timestamp="20231030 18:03:17.707" level="TRACE">Return: None</msg>
<status status="PASS" starttime="20231030 18:03:17.706" endtime="20231030 18:03:17.707"/>
</kw>
<kw name="Get Element Count" library="Browser">
<var>${passwordVisible}</var>
<arg>id=password</arg>
<tag>Assertion</tag>
<tag>Getter</tag>
<tag>PageContent</tag>
<doc>Returns the count of elements found with ``selector``.</doc>
<msg timestamp="20231030 18:03:17.708" level="TRACE">Arguments: [ 'id=password' ]</msg>
<msg timestamp="20231030 18:03:17.733" level="TRACE">Return: 1</msg>
<msg timestamp="20231030 18:03:17.733" level="INFO">${passwordVisible} = 1</msg>
<status status="PASS" starttime="20231030 18:03:17.707" endtime="20231030 18:03:17.733"/>
</kw>
<if>
<branch type="IF" condition="'${env}'=='bui' and '${passwordVisible}'&gt;'0'">
<kw name="Click and Fill" library="common">
<arg>id=password</arg>
<arg>${password}</arg>
<doc>A keyword combination of Click and Fill Text since most of the form fields need a click</doc>
<msg timestamp="20231030 18:03:17.734" level="TRACE">Arguments: [ ${selector}='id=password' | ${text}='NotARealPass123!' ]</msg>
<kw name="Click" library="Browser">
<arg>${selector}</arg>
<tag>PageContent</tag>
<tag>Setter</tag>
<doc>Simulates mouse click on the element found by ``selector``.</doc>
<msg timestamp="20231030 18:03:17.734" level="TRACE">Arguments: [ 'id=password' ]</msg>
<msg timestamp="20231030 18:03:17.735" level="DEBUG">Click options are: {"button": "left", "clickCount": 1, "force": false, "noWaitAfter": false, "trial": false}</msg>
<msg timestamp="20231030 18:03:17.873" level="DEBUG">Clicked element: 'id=password' with options: '{"button": "left", "clickCount": 1, "force": false, "noWaitAfter": false, "trial": false}' successfully.</msg>
<msg timestamp="20231030 18:03:17.873" level="TRACE">Return: None</msg>
<status status="PASS" starttime="20231030 18:03:17.734" endtime="20231030 18:03:17.873"/>
</kw>
<kw name="Fill Text" library="Browser">
<arg>${selector}</arg>
<arg>${text}</arg>
<tag>PageContent</tag>
<tag>Setter</tag>
<doc>Clears and fills the given ``txt`` into the text field found by ``selector``.</doc>
<msg timestamp="20231030 18:03:17.874" level="TRACE">Arguments: [ 'id=password' | 'NotARealPass123!' ]</msg>
<msg timestamp="20231030 18:03:17.874" level="INFO">Fills the text 'NotARealPass123!' in the given field.</msg>
<msg timestamp="20231030 18:03:17.904" level="DEBUG">Fill text NotARealPass123! on id=password with force: false</msg>
<msg timestamp="20231030 18:03:17.904" level="TRACE">Return: None</msg>
<status status="PASS" starttime="20231030 18:03:17.873" endtime="20231030 18:03:17.904"/>
</kw>
<msg timestamp="20231030 18:03:17.905" level="TRACE">Return: None</msg>
<status status="PASS" starttime="20231030 18:03:17.734" endtime="20231030 18:03:17.905"/>
</kw>
<status status="PASS" starttime="20231030 18:03:17.733" endtime="20231030 18:03:17.905"/>
</branch>
<branch type="ELSE">
<kw name="Log To Console" library="BuiltIn">
<arg>No password filled</arg>
<doc>Logs the given message to the console.</doc>
<status status="NOT RUN" starttime="20231030 18:03:17.905" endtime="20231030 18:03:17.905"/>
</kw>
<status status="NOT RUN" starttime="20231030 18:03:17.905" endtime="20231030 18:03:17.905"/>
</branch>
<status status="PASS" starttime="20231030 18:03:17.733" endtime="20231030 18:03:17.905"/>
</if>
<msg timestamp="20231030 18:03:17.905" level="TRACE">Return: None</msg>
<status status="PASS" starttime="20231030 18:03:16.075" endtime="20231030 18:03:17.905"/>
</kw>
<kw name="Accept offers and Terms" library="booking">
<msg timestamp="20231030 18:03:17.906" level="TRACE">Arguments: [  ]</msg>
<kw name="Click" library="Browser">
<arg>(//div[contains(text(), 'like to receive')])[1]</arg>
<tag>PageContent</tag>
<tag>Setter</tag>
<doc>Simulates mouse click on the element found by ``selector``.</doc>
<msg timestamp="20231030 18:03:17.906" level="TRACE">Arguments: [ "(//div[contains(text(), 'like to receive')])[1]" ]</msg>
<msg timestamp="20231030 18:03:17.907" level="DEBUG">Click options are: {"button": "left", "clickCount": 1, "force": false, "noWaitAfter": false, "trial": false}</msg>
<msg timestamp="20231030 18:03:18.074" level="DEBUG">Clicked element: '(//div[contains(text(), 'like to receive')])[1]' with options: '{"button": "left", "clickCount": 1, "force": false, "noWaitAfter": false, "trial": false}' successfully.</msg>
<msg timestamp="20231030 18:03:18.074" level="TRACE">Return: None</msg>
<status status="PASS" starttime="20231030 18:03:17.906" endtime="20231030 18:03:18.074"/>
</kw>
<kw name="Click" library="Browser">
<arg>(//*[contains(text(),'Accept')]/ancestor::label//span[contains(@class,'chakra-checkbox__control')])[1]</arg>
<tag>PageContent</tag>
<tag>Setter</tag>
<doc>Simulates mouse click on the element found by ``selector``.</doc>
<msg timestamp="20231030 18:03:18.075" level="TRACE">Arguments: [ "(//*[contains(text(),'Accept')]/ancestor::label//span[contains(@class,'chakra-checkbox__control')])[1]" ]</msg>
<msg timestamp="20231030 18:03:18.076" level="DEBUG">Click options are: {"button": "left", "clickCount": 1, "force": false, "noWaitAfter": false, "trial": false}</msg>
<msg timestamp="20231030 18:03:18.207" level="DEBUG">Clicked element: '(//*[contains(text(),'Accept')]/ancestor::label//span[contains(@class,'chakra-checkbox__control')])[1]' with options: '{"button": "left", "clickCount": 1, "force": false, "noWaitAfter": false, "trial": false}' successfully.</msg>
<msg timestamp="20231030 18:03:18.207" level="TRACE">Return: None</msg>
<status status="PASS" starttime="20231030 18:03:18.075" endtime="20231030 18:03:18.207"/>
</kw>
<msg timestamp="20231030 18:03:18.207" level="TRACE">Return: None</msg>
<status status="PASS" starttime="20231030 18:03:17.906" endtime="20231030 18:03:18.207"/>
</kw>
<tag>smoke, booking, BUI2-556, online-checkin</tag>
<status status="PASS" starttime="20231030 18:03:16.074" endtime="20231030 18:03:18.207"/>
</test>
<test id="s1-t5" name="Pay using Web Bank and Nordea" line="33">
<kw name="Select Web Bank and Nordea as Payment Method" library="booking">
<msg timestamp="20231030 18:03:18.213" level="TRACE">Arguments: [  ]</msg>
<kw name="Click" library="Browser">
<arg>//div[contains(text(), "Web bank payment")]</arg>
<tag>PageContent</tag>
<tag>Setter</tag>
<doc>Simulates mouse click on the element found by ``selector``.</doc>
<msg timestamp="20231030 18:03:18.213" level="TRACE">Arguments: [ '//div[contains(text(), "Web bank payment")]' ]</msg>
<msg timestamp="20231030 18:03:18.215" level="DEBUG">Click options are: {"button": "left", "clickCount": 1, "force": false, "noWaitAfter": false, "trial": false}</msg>
<msg timestamp="20231030 18:03:18.313" level="DEBUG">Clicked element: '//div[contains(text(), "Web bank payment")]' with options: '{"button": "left", "clickCount": 1, "force": false, "noWaitAfter": false, "trial": false}' successfully.</msg>
<msg timestamp="20231030 18:03:18.314" level="TRACE">Return: None</msg>
<status status="PASS" starttime="20231030 18:03:18.213" endtime="20231030 18:03:18.314"/>
</kw>
<kw name="Click" library="Browser">
<arg>//p[contains(text(), 'Nordea')]</arg>
<tag>PageContent</tag>
<tag>Setter</tag>
<doc>Simulates mouse click on the element found by ``selector``.</doc>
<msg timestamp="20231030 18:03:18.314" level="TRACE">Arguments: [ "//p[contains(text(), 'Nordea')]" ]</msg>
<msg timestamp="20231030 18:03:18.315" level="DEBUG">Click options are: {"button": "left", "clickCount": 1, "force": false, "noWaitAfter": false, "trial": false}</msg>
<msg timestamp="20231030 18:03:18.484" level="DEBUG">Clicked element: '//p[contains(text(), 'Nordea')]' with options: '{"button": "left", "clickCount": 1, "force": false, "noWaitAfter": false, "trial": false}' successfully.</msg>
<msg timestamp="20231030 18:03:18.484" level="TRACE">Return: None</msg>
<status status="PASS" starttime="20231030 18:03:18.314" endtime="20231030 18:03:18.484"/>
</kw>
<kw name="Click" library="Browser">
<arg>(//div[contains(@view,"payment")]//button[contains(text(), "Pay")])[1]</arg>
<tag>PageContent</tag>
<tag>Setter</tag>
<doc>Simulates mouse click on the element found by ``selector``.</doc>
<msg timestamp="20231030 18:03:18.484" level="TRACE">Arguments: [ '(//div[contains(@view,"payment")]//button[contains(text(), "Pay")])[1]' ]</msg>
<msg timestamp="20231030 18:03:18.485" level="DEBUG">Click options are: {"button": "left", "clickCount": 1, "force": false, "noWaitAfter": false, "trial": false}</msg>
<msg timestamp="20231030 18:03:18.626" level="DEBUG">Clicked element: '(//div[contains(@view,"payment")]//button[contains(text(), "Pay")])[1]' with options: '{"button": "left", "clickCount": 1, "force": false, "noWaitAfter": false, "trial": false}' successfully.</msg>
<msg timestamp="20231030 18:03:18.626" level="TRACE">Return: None</msg>
<status status="PASS" starttime="20231030 18:03:18.484" endtime="20231030 18:03:18.626"/>
</kw>
<msg timestamp="20231030 18:03:18.626" level="TRACE">Return: None</msg>
<status status="PASS" starttime="20231030 18:03:18.213" endtime="20231030 18:03:18.626"/>
</kw>
<kw name="Complete Payment Successfully" library="booking">
<msg timestamp="20231030 18:03:18.627" level="TRACE">Arguments: [  ]</msg>
<kw name="Simulate Success or Failure" library="booking">
<arg>success</arg>
<msg timestamp="20231030 18:03:18.627" level="TRACE">Arguments: [ ${which}='success' ]</msg>
<kw name="Wait For Elements State" library="Browser">
<arg>//a[contains(text(), 'Simulate ${which} to merchant')]</arg>
<arg>visible</arg>
<arg>timeout=${timeout}</arg>
<tag>PageContent</tag>
<tag>Wait</tag>
<doc>Waits for the element found by ``selector`` to satisfy state option.</doc>
<msg timestamp="20231030 18:03:18.628" level="TRACE">Arguments: [ "//a[contains(text(), 'Simulate success to merchant')]" | &lt;ElementState.visible: 4&gt; | timeout=datetime.timedelta(seconds=30) ]</msg>
<msg timestamp="20231030 18:03:29.836" level="INFO">Waited for Element with selector //a[contains(text(), 'Simulate success to merchant')] at state visible</msg>
<msg timestamp="20231030 18:03:29.837" level="TRACE">Return: None</msg>
<status status="PASS" starttime="20231030 18:03:18.627" endtime="20231030 18:03:29.837"/>
</kw>
<kw name="Click" library="Browser">
<arg>//a[contains(text(), 'Simulate ${which} to merchant')]</arg>
<tag>PageContent</tag>
<tag>Setter</tag>
<doc>Simulates mouse click on the element found by ``selector``.</doc>
<msg timestamp="20231030 18:03:29.837" level="TRACE">Arguments: [ "//a[contains(text(), 'Simulate success to merchant')]" ]</msg>
<msg timestamp="20231030 18:03:29.838" level="DEBUG">Click options are: {"button": "left", "clickCount": 1, "force": false, "noWaitAfter": false, "trial": false}</msg>
<msg timestamp="20231030 18:03:31.036" level="DEBUG">Clicked element: '//a[contains(text(), 'Simulate success to merchant')]' with options: '{"button": "left", "clickCount": 1, "force": false, "noWaitAfter": false, "trial": false}' successfully.</msg>
<msg timestamp="20231030 18:03:31.036" level="TRACE">Return: None</msg>
<status status="PASS" starttime="20231030 18:03:29.837" endtime="20231030 18:03:31.036"/>
</kw>
<msg timestamp="20231030 18:03:31.037" level="TRACE">Return: None</msg>
<status status="PASS" starttime="20231030 18:03:18.627" endtime="20231030 18:03:31.037"/>
</kw>
<kw name="Verify Payment was successful" library="booking">
<msg timestamp="20231030 18:03:31.039" level="TRACE">Arguments: [  ]</msg>
<kw name="Wait Until Visible" library="common">
<arg>//p[contains(text(), 'Payment was successful')]</arg>
<doc>An easier keyword for waiting until an element is visible</doc>
<msg timestamp="20231030 18:03:31.039" level="TRACE">Arguments: [ ${element}="//p[contains(text(), 'Payment was successful')]" ]</msg>
<kw name="Wait For Elements State" library="Browser">
<arg>${element}</arg>
<arg>visible</arg>
<arg>timeout=${timeout}</arg>
<tag>PageContent</tag>
<tag>Wait</tag>
<doc>Waits for the element found by ``selector`` to satisfy state option.</doc>
<msg timestamp="20231030 18:03:31.050" level="TRACE">Arguments: [ "//p[contains(text(), 'Payment was successful')]" | &lt;ElementState.visible: 4&gt; | timeout=datetime.timedelta(seconds=30) ]</msg>
<msg timestamp="20231030 18:03:33.385" level="INFO">Waited for Element with selector //p[contains(text(), 'Payment was successful')] at state visible</msg>
<msg timestamp="20231030 18:03:33.385" level="TRACE">Return: None</msg>
<status status="PASS" starttime="20231030 18:03:31.040" endtime="20231030 18:03:33.385"/>
</kw>
<msg timestamp="20231030 18:03:33.385" level="TRACE">Return: None</msg>
<status status="PASS" starttime="20231030 18:03:31.039" endtime="20231030 18:03:33.385"/>
</kw>
<kw name="Close Dialog" library="booking">
<msg timestamp="20231030 18:03:33.386" level="TRACE">Arguments: [  ]</msg>
<kw name="Wait Until Visible" library="common">
<arg>//button[contains(text(), "Ok")]</arg>
<doc>An easier keyword for waiting until an element is visible</doc>
<msg timestamp="20231030 18:03:33.386" level="TRACE">Arguments: [ ${element}='//button[contains(text(), "Ok")]' ]</msg>
<kw name="Wait For Elements State" library="Browser">
<arg>${element}</arg>
<arg>visible</arg>
<arg>timeout=${timeout}</arg>
<tag>PageContent</tag>
<tag>Wait</tag>
<doc>Waits for the element found by ``selector`` to satisfy state option.</doc>
<msg timestamp="20231030 18:03:33.387" level="TRACE">Arguments: [ '//button[contains(text(), "Ok")]' | &lt;ElementState.visible: 4&gt; | timeout=datetime.timedelta(seconds=30) ]</msg>
<msg timestamp="20231030 18:03:33.398" level="INFO">Waited for Element with selector //button[contains(text(), "Ok")] at state visible</msg>
<msg timestamp="20231030 18:03:33.398" level="TRACE">Return: None</msg>
<status status="PASS" starttime="20231030 18:03:33.386" endtime="20231030 18:03:33.398"/>
</kw>
<msg timestamp="20231030 18:03:33.398" level="TRACE">Return: None</msg>
<status status="PASS" starttime="20231030 18:03:33.386" endtime="20231030 18:03:33.398"/>
</kw>
<kw name="Click" library="Browser">
<arg>//button[contains(text(), "Ok")]</arg>
<tag>PageContent</tag>
<tag>Setter</tag>
<doc>Simulates mouse click on the element found by ``selector``.</doc>
<msg timestamp="20231030 18:03:33.398" level="TRACE">Arguments: [ '//button[contains(text(), "Ok")]' ]</msg>
<msg timestamp="20231030 18:03:33.399" level="DEBUG">Click options are: {"button": "left", "clickCount": 1, "force": false, "noWaitAfter": false, "trial": false}</msg>
<msg timestamp="20231030 18:03:33.586" level="DEBUG">Clicked element: '//button[contains(text(), "Ok")]' with options: '{"button": "left", "clickCount": 1, "force": false, "noWaitAfter": false, "trial": false}' successfully.</msg>
<msg timestamp="20231030 18:03:33.587" level="TRACE">Return: None</msg>
<status status="PASS" starttime="20231030 18:03:33.398" endtime="20231030 18:03:33.587"/>
</kw>
<msg timestamp="20231030 18:03:33.587" level="TRACE">Return: None</msg>
<status status="PASS" starttime="20231030 18:03:33.385" endtime="20231030 18:03:33.587"/>
</kw>
<kw name="Save Booking Number 1" library="booking">
<msg timestamp="20231030 18:03:33.587" level="TRACE">Arguments: [  ]</msg>
<kw name="Get Text" library="Browser">
<var>${str}</var>
<arg>//p[contains(text(),'Booking number')]</arg>
<tag>Assertion</tag>
<tag>Getter</tag>
<tag>PageContent</tag>
<doc>Returns text attribute of the element found by ``selector``.</doc>
<msg timestamp="20231030 18:03:33.588" level="TRACE">Arguments: [ "//p[contains(text(),'Booking number')]" ]</msg>
<msg timestamp="20231030 18:03:33.823" level="DEBUG">Text received successfully.</msg>
<msg timestamp="20231030 18:03:33.823" level="INFO">Text: 'Booking number: 510752821'</msg>
<msg timestamp="20231030 18:03:33.823" level="TRACE">Return: 'Booking number: 510752821'</msg>
<msg timestamp="20231030 18:03:33.823" level="INFO">${str} = Booking number: 510752821</msg>
<status status="PASS" starttime="20231030 18:03:33.588" endtime="20231030 18:03:33.823"/>
</kw>
<kw name="Log To Console" library="BuiltIn">
<arg>${bookingNumber}</arg>
<doc>Logs the given message to the console.</doc>
<msg timestamp="20231030 18:03:33.823" level="TRACE">Arguments: [ '' ]</msg>
<msg timestamp="20231030 18:03:33.824" level="TRACE">Return: None</msg>
<status status="PASS" starttime="20231030 18:03:33.823" endtime="20231030 18:03:33.824"/>
</kw>
<kw name="Remove String" library="String">
<var>${str}</var>
<arg>${str}</arg>
<arg>Booking code${SPACE}</arg>
<doc>Removes all ``removables`` from the given ``string``.</doc>
<msg timestamp="20231030 18:03:33.824" level="TRACE">Arguments: [ 'Booking number: 510752821' | 'Booking code ' ]</msg>
<msg timestamp="20231030 18:03:33.824" level="TRACE">Return: 'Booking number: 510752821'</msg>
<msg timestamp="20231030 18:03:33.824" level="INFO">${str} = Booking number: 510752821</msg>
<status status="PASS" starttime="20231030 18:03:33.824" endtime="20231030 18:03:33.824"/>
</kw>
<kw name="Strip String" library="String">
<var>${str}</var>
<arg>${str}</arg>
<doc>Remove leading and/or trailing whitespaces from the given string.</doc>
<msg timestamp="20231030 18:03:33.824" level="TRACE">Arguments: [ 'Booking number: 510752821' ]</msg>
<msg timestamp="20231030 18:03:33.825" level="TRACE">Return: 'Booking number: 510752821'</msg>
<msg timestamp="20231030 18:03:33.825" level="INFO">${str} = Booking number: 510752821</msg>
<status status="PASS" starttime="20231030 18:03:33.824" endtime="20231030 18:03:33.825"/>
</kw>
<msg timestamp="20231030 18:03:33.825" level="TRACE">Return: None</msg>
<status status="PASS" starttime="20231030 18:03:33.587" endtime="20231030 18:03:33.825"/>
</kw>
<msg timestamp="20231030 18:03:33.825" level="TRACE">Return: None</msg>
<status status="PASS" starttime="20231030 18:03:31.037" endtime="20231030 18:03:33.825"/>
</kw>
<msg timestamp="20231030 18:03:33.825" level="TRACE">Return: None</msg>
<status status="PASS" starttime="20231030 18:03:18.626" endtime="20231030 18:03:33.825"/>
</kw>
<tag>smoke, booking, BUI2-556, online-checkin</tag>
<status status="PASS" starttime="20231030 18:03:18.212" endtime="20231030 18:03:33.825"/>
</test>
<test id="s1-t6" name="Check In Online" line="37">
<kw name="Click Check In Button" library="booking">
<msg timestamp="20231030 18:03:33.830" level="TRACE">Arguments: [  ]</msg>
<kw name="Wait Until Visible" library="common">
<arg>(//button[text()="Check in"])[1]</arg>
<doc>An easier keyword for waiting until an element is visible</doc>
<msg timestamp="20231030 18:03:33.831" level="TRACE">Arguments: [ ${element}='(//button[text()="Check in"])[1]' ]</msg>
<kw name="Wait For Elements State" library="Browser">
<arg>${element}</arg>
<arg>visible</arg>
<arg>timeout=${timeout}</arg>
<tag>PageContent</tag>
<tag>Wait</tag>
<doc>Waits for the element found by ``selector`` to satisfy state option.</doc>
<msg timestamp="20231030 18:03:33.833" level="TRACE">Arguments: [ '(//button[text()="Check in"])[1]' | &lt;ElementState.visible: 4&gt; | timeout=datetime.timedelta(seconds=30) ]</msg>
<msg timestamp="20231030 18:03:33.842" level="INFO">Waited for Element with selector (//button[text()="Check in"])[1] at state visible</msg>
<msg timestamp="20231030 18:03:33.842" level="TRACE">Return: None</msg>
<status status="PASS" starttime="20231030 18:03:33.831" endtime="20231030 18:03:33.842"/>
</kw>
<msg timestamp="20231030 18:03:33.842" level="TRACE">Return: None</msg>
<status status="PASS" starttime="20231030 18:03:33.830" endtime="20231030 18:03:33.842"/>
</kw>
<kw name="Click" library="Browser">
<arg>(//button[text()="Check in"])[1]</arg>
<tag>PageContent</tag>
<tag>Setter</tag>
<doc>Simulates mouse click on the element found by ``selector``.</doc>
<msg timestamp="20231030 18:03:33.842" level="TRACE">Arguments: [ '(//button[text()="Check in"])[1]' ]</msg>
<msg timestamp="20231030 18:03:33.843" level="DEBUG">Click options are: {"button": "left", "clickCount": 1, "force": false, "noWaitAfter": false, "trial": false}</msg>
<msg timestamp="20231030 18:03:33.989" level="DEBUG">Clicked element: '(//button[text()="Check in"])[1]' with options: '{"button": "left", "clickCount": 1, "force": false, "noWaitAfter": false, "trial": false}' successfully.</msg>
<msg timestamp="20231030 18:03:33.989" level="TRACE">Return: None</msg>
<status status="PASS" starttime="20231030 18:03:33.842" endtime="20231030 18:03:33.989"/>
</kw>
<msg timestamp="20231030 18:03:33.990" level="TRACE">Return: None</msg>
<status status="PASS" starttime="20231030 18:03:33.830" endtime="20231030 18:03:33.990"/>
</kw>
<kw name="Fill Check in Slide" library="booking">
<msg timestamp="20231030 18:03:33.990" level="TRACE">Arguments: [  ]</msg>
<kw name="Wait Until Visible" library="common">
<arg>(//div[contains(@class, "chakra-offset-slide")])[2]</arg>
<doc>An easier keyword for waiting until an element is visible</doc>
<msg timestamp="20231030 18:03:33.990" level="TRACE">Arguments: [ ${element}='(//div[contains(@class, "chakra-offset-slide")])[2]' ]</msg>
<kw name="Wait For Elements State" library="Browser">
<arg>${element}</arg>
<arg>visible</arg>
<arg>timeout=${timeout}</arg>
<tag>PageContent</tag>
<tag>Wait</tag>
<doc>Waits for the element found by ``selector`` to satisfy state option.</doc>
<msg timestamp="20231030 18:03:33.991" level="TRACE">Arguments: [ '(//div[contains(@class, "chakra-offset-slide")])[2]' | &lt;ElementState.visible: 4&gt; | timeout=datetime.timedelta(seconds=30) ]</msg>
<msg timestamp="20231030 18:03:34.024" level="INFO">Waited for Element with selector (//div[contains(@class, "chakra-offset-slide")])[2] at state visible</msg>
<msg timestamp="20231030 18:03:34.024" level="TRACE">Return: None</msg>
<status status="PASS" starttime="20231030 18:03:33.991" endtime="20231030 18:03:34.024"/>
</kw>
<msg timestamp="20231030 18:03:34.024" level="TRACE">Return: None</msg>
<status status="PASS" starttime="20231030 18:03:33.990" endtime="20231030 18:03:34.024"/>
</kw>
<kw name="Fill Text" library="Browser">
<arg>id=firstName</arg>
<arg>${firstName}</arg>
<tag>PageContent</tag>
<tag>Setter</tag>
<doc>Clears and fills the given ``txt`` into the text field found by ``selector``.</doc>
<msg timestamp="20231030 18:03:34.025" level="TRACE">Arguments: [ 'id=firstName' | 'Mos' ]</msg>
<msg timestamp="20231030 18:03:34.025" level="INFO">Fills the text 'Mos' in the given field.</msg>
<msg timestamp="20231030 18:03:34.905" level="DEBUG">Fill text Mos on id=firstName with force: false</msg>
<msg timestamp="20231030 18:03:34.906" level="TRACE">Return: None</msg>
<status status="PASS" starttime="20231030 18:03:34.024" endtime="20231030 18:03:34.906"/>
</kw>
<kw name="Fill Text" library="Browser">
<arg>id=lastName</arg>
<arg>${lastName}</arg>
<tag>PageContent</tag>
<tag>Setter</tag>
<doc>Clears and fills the given ``txt`` into the text field found by ``selector``.</doc>
<msg timestamp="20231030 18:03:34.906" level="TRACE">Arguments: [ 'id=lastName' | 'Def' ]</msg>
<msg timestamp="20231030 18:03:34.906" level="INFO">Fills the text 'Def' in the given field.</msg>
<msg timestamp="20231030 18:03:34.984" level="DEBUG">Fill text Def on id=lastName with force: false</msg>
<msg timestamp="20231030 18:03:34.984" level="TRACE">Return: None</msg>
<status status="PASS" starttime="20231030 18:03:34.906" endtime="20231030 18:03:34.984"/>
</kw>
<kw name="Fill Text" library="Browser">
<arg>id=ssn</arg>
<arg>${ssn}</arg>
<tag>PageContent</tag>
<tag>Setter</tag>
<doc>Clears and fills the given ``txt`` into the text field found by ``selector``.</doc>
<msg timestamp="20231030 18:03:34.985" level="TRACE">Arguments: [ 'id=ssn' | '170479-371J' ]</msg>
<msg timestamp="20231030 18:03:34.985" level="INFO">Fills the text '170479-371J' in the given field.</msg>
<msg timestamp="20231030 18:03:35.056" level="DEBUG">Fill text 170479-371J on id=ssn with force: false</msg>
<msg timestamp="20231030 18:03:35.056" level="TRACE">Return: None</msg>
<status status="PASS" starttime="20231030 18:03:34.984" endtime="20231030 18:03:35.056"/>
</kw>
<kw name="Fill Text" library="Browser">
<arg>id=address</arg>
<arg>Susitie 5</arg>
<tag>PageContent</tag>
<tag>Setter</tag>
<doc>Clears and fills the given ``txt`` into the text field found by ``selector``.</doc>
<msg timestamp="20231030 18:03:35.056" level="TRACE">Arguments: [ 'id=address' | 'Susitie 5' ]</msg>
<msg timestamp="20231030 18:03:35.056" level="INFO">Fills the text 'Susitie 5' in the given field.</msg>
<msg timestamp="20231030 18:03:35.179" level="DEBUG">Fill text Susitie 5 on id=address with force: false</msg>
<msg timestamp="20231030 18:03:35.180" level="TRACE">Return: None</msg>
<status status="PASS" starttime="20231030 18:03:35.056" endtime="20231030 18:03:35.180"/>
</kw>
<kw name="Fill Text" library="Browser">
<arg>id=city</arg>
<arg>Paimio</arg>
<tag>PageContent</tag>
<tag>Setter</tag>
<doc>Clears and fills the given ``txt`` into the text field found by ``selector``.</doc>
<msg timestamp="20231030 18:03:35.180" level="TRACE">Arguments: [ 'id=city' | 'Paimio' ]</msg>
<msg timestamp="20231030 18:03:35.180" level="INFO">Fills the text 'Paimio' in the given field.</msg>
<msg timestamp="20231030 18:03:35.298" level="DEBUG">Fill text Paimio on id=city with force: false</msg>
<msg timestamp="20231030 18:03:35.298" level="TRACE">Return: None</msg>
<status status="PASS" starttime="20231030 18:03:35.180" endtime="20231030 18:03:35.298"/>
</kw>
<kw name="Fill Text" library="Browser">
<arg>id=postalCode</arg>
<arg>21530</arg>
<tag>PageContent</tag>
<tag>Setter</tag>
<doc>Clears and fills the given ``txt`` into the text field found by ``selector``.</doc>
<msg timestamp="20231030 18:03:35.298" level="TRACE">Arguments: [ 'id=postalCode' | '21530' ]</msg>
<msg timestamp="20231030 18:03:35.298" level="INFO">Fills the text '21530' in the given field.</msg>
<msg timestamp="20231030 18:03:35.399" level="DEBUG">Fill text 21530 on id=postalCode with force: false</msg>
<msg timestamp="20231030 18:03:35.399" level="TRACE">Return: None</msg>
<status status="PASS" starttime="20231030 18:03:35.298" endtime="20231030 18:03:35.399"/>
</kw>
<kw name="Click" library="Browser">
<arg>//span[contains(text(), "Travelling for work")]</arg>
<tag>PageContent</tag>
<tag>Setter</tag>
<doc>Simulates mouse click on the element found by ``selector``.</doc>
<msg timestamp="20231030 18:03:35.399" level="TRACE">Arguments: [ '//span[contains(text(), "Travelling for work")]' ]</msg>
<msg timestamp="20231030 18:03:35.400" level="DEBUG">Click options are: {"button": "left", "clickCount": 1, "force": false, "noWaitAfter": false, "trial": false}</msg>
<msg timestamp="20231030 18:03:35.574" level="DEBUG">Clicked element: '//span[contains(text(), "Travelling for work")]' with options: '{"button": "left", "clickCount": 1, "force": false, "noWaitAfter": false, "trial": false}' successfully.</msg>
<msg timestamp="20231030 18:03:35.574" level="TRACE">Return: None</msg>
[...]
<msg timestamp="20231030 18:04:24.938" level="INFO">Found locator('text=Departure').first() Locators successfully.</msg>
<msg timestamp="20231030 18:04:24.938" level="DEBUG">["text=Departure &gt;&gt; nth=0"]</msg>
<msg timestamp="20231030 18:04:24.938" level="TRACE">Return: ['text=Departure &gt;&gt; nth=0']</msg>
<msg timestamp="20231030 18:04:24.938" level="INFO">${elements} = ['text=Departure &gt;&gt; nth=0']</msg>
<status status="PASS" starttime="20231030 18:04:24.908" endtime="20231030 18:04:24.938"/>
</kw>
<kw name="Run Keyword And Return Status" library="BuiltIn">
<var>${element_visible}</var>
<arg>Should Be Visible</arg>
<arg>${elements}[0]</arg>
<doc>Runs the given keyword with given arguments and returns the status as a Boolean value.</doc>
<msg timestamp="20231030 18:04:24.939" level="TRACE">Arguments: [ 'Should Be Visible' | '${elements}[0]' ]</msg>
<kw name="Should Be Visible" library="common">
<arg>${elements}[0]</arg>
<msg timestamp="20231030 18:04:24.939" level="TRACE">Arguments: [ ${selector}='text=Departure &gt;&gt; nth=0' ]</msg>
<kw name="Get Element States" library="Browser">
<var>${isVisible}</var>
<arg>${selector}</arg>
<arg>then</arg>
<arg>bool(value &amp; visible)</arg>
<tag>Assertion</tag>
<tag>Getter</tag>
<tag>PageContent</tag>
<doc>Get the active states from the element found by ``selector``.</doc>
<msg timestamp="20231030 18:04:24.940" level="TRACE">Arguments: [ 'text=Departure &gt;&gt; nth=0' | &lt;AssertionOperator.then: 'then'&gt; | 'bool(value &amp; visible)' ]</msg>
<msg timestamp="20231030 18:04:25.033" level="DEBUG">States: 2133</msg>
<msg timestamp="20231030 18:04:25.033" level="DEBUG">Assertion polling statistics:
First element asserted in: 0.09314131736755371 seconds
Total tries: 1
Elapsed time in retries 0.0 seconds</msg>
<msg timestamp="20231030 18:04:25.033" level="TRACE">Return: True</msg>
<msg timestamp="20231030 18:04:25.034" level="INFO">${isVisible} = True</msg>
<status status="PASS" starttime="20231030 18:04:24.939" endtime="20231030 18:04:25.034"/>
</kw>
<msg timestamp="20231030 18:04:25.034" level="TRACE">Return: True</msg>
<status status="PASS" starttime="20231030 18:04:24.939" endtime="20231030 18:04:25.034"/>
</kw>
<msg timestamp="20231030 18:04:25.034" level="TRACE">Return: True</msg>
<msg timestamp="20231030 18:04:25.034" level="INFO">${element_visible} = True</msg>
<status status="PASS" starttime="20231030 18:04:24.939" endtime="20231030 18:04:25.034"/>
</kw>
<kw name="Should Be True" library="BuiltIn">
<arg>${element_visible}</arg>
<arg>The element containing text '${text}' should be visible but it is not.</arg>
<doc>Fails if the given condition is not true.</doc>
<msg timestamp="20231030 18:04:25.035" level="TRACE">Arguments: [ True | "The element containing text 'Departure' should be visible but it is not." ]</msg>
<msg timestamp="20231030 18:04:25.035" level="TRACE">Return: None</msg>
<status status="PASS" starttime="20231030 18:04:25.034" endtime="20231030 18:04:25.035"/>
</kw>
<status status="PASS" starttime="20231030 18:04:24.908" endtime="20231030 18:04:25.035"/>
</iter>
<iter>
<var name="${text}">Checked-in</var>
<kw name="Get Elements" library="Browser">
<var>${elements}</var>
<arg>text=${text}</arg>
<tag>Getter</tag>
<tag>PageContent</tag>
<doc>Returns a reference to Playwright [https://playwright.dev/docs/api/class-locator|Locator]
for all matched elements by ``selector``.</doc>
<msg timestamp="20231030 18:04:25.035" level="TRACE">Arguments: [ 'text=Checked-in' ]</msg>
<msg timestamp="20231030 18:04:25.065" level="INFO">Found locator('text=Checked-in').first() Locators successfully.</msg>
<msg timestamp="20231030 18:04:25.065" level="DEBUG">["text=Checked-in &gt;&gt; nth=0"]</msg>
<msg timestamp="20231030 18:04:25.066" level="TRACE">Return: ['text=Checked-in &gt;&gt; nth=0']</msg>
<msg timestamp="20231030 18:04:25.066" level="INFO">${elements} = ['text=Checked-in &gt;&gt; nth=0']</msg>
<status status="PASS" starttime="20231030 18:04:25.035" endtime="20231030 18:04:25.066"/>
</kw>
<kw name="Run Keyword And Return Status" library="BuiltIn">
<var>${element_visible}</var>
<arg>Should Be Visible</arg>
<arg>${elements}[0]</arg>
<doc>Runs the given keyword with given arguments and returns the status as a Boolean value.</doc>
<msg timestamp="20231030 18:04:25.066" level="TRACE">Arguments: [ 'Should Be Visible' | '${elements}[0]' ]</msg>
<kw name="Should Be Visible" library="common">
<arg>${elements}[0]</arg>
<msg timestamp="20231030 18:04:25.067" level="TRACE">Arguments: [ ${selector}='text=Checked-in &gt;&gt; nth=0' ]</msg>
<kw name="Get Element States" library="Browser">
<var>${isVisible}</var>
<arg>${selector}</arg>
<arg>then</arg>
<arg>bool(value &amp; visible)</arg>
<tag>Assertion</tag>
<tag>Getter</tag>
<tag>PageContent</tag>
<doc>Get the active states from the element found by ``selector``.</doc>
<msg timestamp="20231030 18:04:25.068" level="TRACE">Arguments: [ 'text=Checked-in &gt;&gt; nth=0' | &lt;AssertionOperator.then: 'then'&gt; | 'bool(value &amp; visible)' ]</msg>
<msg timestamp="20231030 18:04:25.161" level="DEBUG">States: 2133</msg>
<msg timestamp="20231030 18:04:25.161" level="DEBUG">Assertion polling statistics:
First element asserted in: 0.09327554702758789 seconds
Total tries: 1
Elapsed time in retries 0.0 seconds</msg>
<msg timestamp="20231030 18:04:25.161" level="TRACE">Return: True</msg>
<msg timestamp="20231030 18:04:25.161" level="INFO">${isVisible} = True</msg>
<status status="PASS" starttime="20231030 18:04:25.067" endtime="20231030 18:04:25.161"/>
</kw>
<msg timestamp="20231030 18:04:25.161" level="TRACE">Return: True</msg>
<status status="PASS" starttime="20231030 18:04:25.066" endtime="20231030 18:04:25.161"/>
</kw>
<msg timestamp="20231030 18:04:25.161" level="TRACE">Return: True</msg>
<msg timestamp="20231030 18:04:25.162" level="INFO">${element_visible} = True</msg>
<status status="PASS" starttime="20231030 18:04:25.066" endtime="20231030 18:04:25.162"/>
</kw>
<kw name="Should Be True" library="BuiltIn">
<arg>${element_visible}</arg>
<arg>The element containing text '${text}' should be visible but it is not.</arg>
<doc>Fails if the given condition is not true.</doc>
<msg timestamp="20231030 18:04:25.162" level="TRACE">Arguments: [ True | "The element containing text 'Checked-in' should be visible but it is not." ]</msg>
<msg timestamp="20231030 18:04:25.162" level="TRACE">Return: None</msg>
<status status="PASS" starttime="20231030 18:04:25.162" endtime="20231030 18:04:25.162"/>
</kw>
<status status="PASS" starttime="20231030 18:04:25.035" endtime="20231030 18:04:25.162"/>
</iter>
<iter>
<var name="${text}">Booked by</var>
<kw name="Get Elements" library="Browser">
<var>${elements}</var>
<arg>text=${text}</arg>
<tag>Getter</tag>
<tag>PageContent</tag>
<doc>Returns a reference to Playwright [https://playwright.dev/docs/api/class-locator|Locator]
for all matched elements by ``selector``.</doc>
<msg timestamp="20231030 18:04:25.163" level="TRACE">Arguments: [ 'text=Booked by' ]</msg>
<msg timestamp="20231030 18:04:25.194" level="INFO">Found locator('text=Booked by').first() Locators successfully.</msg>
<msg timestamp="20231030 18:04:25.195" level="DEBUG">["text=Booked by &gt;&gt; nth=0"]</msg>
<msg timestamp="20231030 18:04:25.195" level="TRACE">Return: ['text=Booked by &gt;&gt; nth=0']</msg>
<msg timestamp="20231030 18:04:25.195" level="INFO">${elements} = ['text=Booked by &gt;&gt; nth=0']</msg>
<status status="PASS" starttime="20231030 18:04:25.163" endtime="20231030 18:04:25.195"/>
</kw>
<kw name="Run Keyword And Return Status" library="BuiltIn">
<var>${element_visible}</var>
<arg>Should Be Visible</arg>
<arg>${elements}[0]</arg>
<doc>Runs the given keyword with given arguments and returns the status as a Boolean value.</doc>
<msg timestamp="20231030 18:04:25.195" level="TRACE">Arguments: [ 'Should Be Visible' | '${elements}[0]' ]</msg>
<kw name="Should Be Visible" library="common">
<arg>${elements}[0]</arg>
<msg timestamp="20231030 18:04:25.196" level="TRACE">Arguments: [ ${selector}='text=Booked by &gt;&gt; nth=0' ]</msg>
<kw name="Get Element States" library="Browser">
<var>${isVisible}</var>
<arg>${selector}</arg>
<arg>then</arg>
<arg>bool(value &amp; visible)</arg>
<tag>Assertion</tag>
<tag>Getter</tag>
<tag>PageContent</tag>
<doc>Get the active states from the element found by ``selector``.</doc>
<msg timestamp="20231030 18:04:25.197" level="TRACE">Arguments: [ 'text=Booked by &gt;&gt; nth=0' | &lt;AssertionOperator.then: 'then'&gt; | 'bool(value &amp; visible)' ]</msg>
<msg timestamp="20231030 18:04:25.291" level="DEBUG">States: 2133</msg>
<msg timestamp="20231030 18:04:25.292" level="DEBUG">Assertion polling statistics:
First element asserted in: 0.09475541114807129 seconds
Total tries: 1
Elapsed time in retries 0.0 seconds</msg>
<msg timestamp="20231030 18:04:25.292" level="TRACE">Return: True</msg>
<msg timestamp="20231030 18:04:25.292" level="INFO">${isVisible} = True</msg>
<status status="PASS" starttime="20231030 18:04:25.196" endtime="20231030 18:04:25.292"/>
</kw>
<msg timestamp="20231030 18:04:25.292" level="TRACE">Return: True</msg>
<status status="PASS" starttime="20231030 18:04:25.195" endtime="20231030 18:04:25.292"/>
</kw>
<msg timestamp="20231030 18:04:25.292" level="TRACE">Return: True</msg>
<msg timestamp="20231030 18:04:25.292" level="INFO">${element_visible} = True</msg>
<status status="PASS" starttime="20231030 18:04:25.195" endtime="20231030 18:04:25.292"/>
</kw>
<kw name="Should Be True" library="BuiltIn">
<arg>${element_visible}</arg>
<arg>The element containing text '${text}' should be visible but it is not.</arg>
<doc>Fails if the given condition is not true.</doc>
<msg timestamp="20231030 18:04:25.293" level="TRACE">Arguments: [ True | "The element containing text 'Booked by' should be visible but it is not." ]</msg>
<msg timestamp="20231030 18:04:25.293" level="TRACE">Return: None</msg>
<status status="PASS" starttime="20231030 18:04:25.292" endtime="20231030 18:04:25.293"/>
</kw>
<status status="PASS" starttime="20231030 18:04:25.162" endtime="20231030 18:04:25.293"/>
</iter>
<iter>
<var name="${text}">My bookings</var>
<kw name="Get Elements" library="Browser">
<var>${elements}</var>
<arg>text=${text}</arg>
<tag>Getter</tag>
<tag>PageContent</tag>
<doc>Returns a reference to Playwright [https://playwright.dev/docs/api/class-locator|Locator]
for all matched elements by ``selector``.</doc>
<msg timestamp="20231030 18:04:25.293" level="TRACE">Arguments: [ 'text=My bookings' ]</msg>
<msg timestamp="20231030 18:04:25.325" level="INFO">Found locator('text=My bookings').first(),locator('text=My bookings').nth(1),locator('text=My bookings').nth(2),locator('text=My bookings').nth(3),locator('text=My bookings').nth(4) Locators successfully.</msg>
<msg timestamp="20231030 18:04:25.325" level="DEBUG">["text=My bookings &gt;&gt; nth=0","text=My bookings &gt;&gt; nth=1","text=My bookings &gt;&gt; nth=2","text=My bookings &gt;&gt; nth=3","text=My bookings &gt;&gt; nth=4"]</msg>
<msg timestamp="20231030 18:04:25.325" level="TRACE">Return: ['text=My bookings &gt;&gt; nth=0',
 'text=My bookings &gt;&gt; nth=1',
 'text=My bookings &gt;&gt; nth=2',
 'text=My bookings &gt;&gt; nth=3',
 'text=My bookings &gt;&gt; nth=4']</msg>
<msg timestamp="20231030 18:04:25.325" level="INFO">${elements} = ['text=My bookings &gt;&gt; nth=0', 'text=My bookings &gt;&gt; nth=1', 'text=My bookings &gt;&gt; nth=2', 'text=My bookings &gt;&gt; nth=3', 'text=My bookings &gt;&gt; nth=4']</msg>
<status status="PASS" starttime="20231030 18:04:25.293" endtime="20231030 18:04:25.325"/>
</kw>
<kw name="Run Keyword And Return Status" library="BuiltIn">
<var>${element_visible}</var>
<arg>Should Be Visible</arg>
<arg>${elements}[0]</arg>
<doc>Runs the given keyword with given arguments and returns the status as a Boolean value.</doc>
<msg timestamp="20231030 18:04:25.326" level="TRACE">Arguments: [ 'Should Be Visible' | '${elements}[0]' ]</msg>
<kw name="Should Be Visible" library="common">
<arg>${elements}[0]</arg>
<msg timestamp="20231030 18:04:25.326" level="TRACE">Arguments: [ ${selector}='text=My bookings &gt;&gt; nth=0' ]</msg>
<kw name="Get Element States" library="Browser">
<var>${isVisible}</var>
<arg>${selector}</arg>
<arg>then</arg>
<arg>bool(value &amp; visible)</arg>
<tag>Assertion</tag>
<tag>Getter</tag>
<tag>PageContent</tag>
<doc>Get the active states from the element found by ``selector``.</doc>
<msg timestamp="20231030 18:04:25.327" level="TRACE">Arguments: [ 'text=My bookings &gt;&gt; nth=0' | &lt;AssertionOperator.then: 'then'&gt; | 'bool(value &amp; visible)' ]</msg>
<msg timestamp="20231030 18:04:25.469" level="DEBUG">States: 2133</msg>
<msg timestamp="20231030 18:04:25.470" level="DEBUG">Assertion polling statistics:
First element asserted in: 0.14245963096618652 seconds
Total tries: 1
Elapsed time in retries 0.0 seconds</msg>
<msg timestamp="20231030 18:04:25.470" level="TRACE">Return: True</msg>
<msg timestamp="20231030 18:04:25.470" level="INFO">${isVisible} = True</msg>
<status status="PASS" starttime="20231030 18:04:25.326" endtime="20231030 18:04:25.470"/>
</kw>
<msg timestamp="20231030 18:04:25.470" level="TRACE">Return: True</msg>
<status status="PASS" starttime="20231030 18:04:25.326" endtime="20231030 18:04:25.470"/>
</kw>
<msg timestamp="20231030 18:04:25.470" level="TRACE">Return: True</msg>
<msg timestamp="20231030 18:04:25.470" level="INFO">${element_visible} = True</msg>
<status status="PASS" starttime="20231030 18:04:25.325" endtime="20231030 18:04:25.470"/>
</kw>
<kw name="Should Be True" library="BuiltIn">
<arg>${element_visible}</arg>
<arg>The element containing text '${text}' should be visible but it is not.</arg>
<doc>Fails if the given condition is not true.</doc>
<msg timestamp="20231030 18:04:25.471" level="TRACE">Arguments: [ True | "The element containing text 'My bookings' should be visible but it is not." ]</msg>
<msg timestamp="20231030 18:04:25.471" level="TRACE">Return: None</msg>
<status status="PASS" starttime="20231030 18:04:25.470" endtime="20231030 18:04:25.471"/>
</kw>
<status status="PASS" starttime="20231030 18:04:25.293" endtime="20231030 18:04:25.471"/>
</iter>
<iter>
<var name="${text}">Booking number</var>
<kw name="Get Elements" library="Browser">
<var>${elements}</var>
<arg>text=${text}</arg>
<tag>Getter</tag>
<tag>PageContent</tag>
<doc>Returns a reference to Playwright [https://playwright.dev/docs/api/class-locator|Locator]
for all matched elements by ``selector``.</doc>
<msg timestamp="20231030 18:04:25.471" level="TRACE">Arguments: [ 'text=Booking number' ]</msg>
<msg timestamp="20231030 18:04:25.503" level="INFO">Found locator('text=Booking number').first() Locators successfully.</msg>
<msg timestamp="20231030 18:04:25.503" level="DEBUG">["text=Booking number &gt;&gt; nth=0"]</msg>
<msg timestamp="20231030 18:04:25.503" level="TRACE">Return: ['text=Booking number &gt;&gt; nth=0']</msg>
<msg timestamp="20231030 18:04:25.503" level="INFO">${elements} = ['text=Booking number &gt;&gt; nth=0']</msg>
<status status="PASS" starttime="20231030 18:04:25.471" endtime="20231030 18:04:25.503"/>
</kw>
<kw name="Run Keyword And Return Status" library="BuiltIn">
<var>${element_visible}</var>
<arg>Should Be Visible</arg>
<arg>${elements}[0]</arg>
<doc>Runs the given keyword with given arguments and returns the status as a Boolean value.</doc>
<msg timestamp="20231030 18:04:25.504" level="TRACE">Arguments: [ 'Should Be Visible' | '${elements}[0]' ]</msg>
<kw name="Should Be Visible" library="common">
<arg>${elements}[0]</arg>
<msg timestamp="20231030 18:04:25.504" level="TRACE">Arguments: [ ${selector}='text=Booking number &gt;&gt; nth=0' ]</msg>
<kw name="Get Element States" library="Browser">
<var>${isVisible}</var>
<arg>${selector}</arg>
<arg>then</arg>
<arg>bool(value &amp; visible)</arg>
<tag>Assertion</tag>
<tag>Getter</tag>
<tag>PageContent</tag>
<doc>Get the active states from the element found by ``selector``.</doc>
<msg timestamp="20231030 18:04:25.505" level="TRACE">Arguments: [ 'text=Booking number &gt;&gt; nth=0' | &lt;AssertionOperator.then: 'then'&gt; | 'bool(value &amp; visible)' ]</msg>
<msg timestamp="20231030 18:04:25.600" level="DEBUG">States: 2133</msg>
<msg timestamp="20231030 18:04:25.600" level="DEBUG">Assertion polling statistics:
First element asserted in: 0.09429335594177246 seconds
Total tries: 1
Elapsed time in retries 0.0 seconds</msg>
<msg timestamp="20231030 18:04:25.600" level="TRACE">Return: True</msg>
<msg timestamp="20231030 18:04:25.600" level="INFO">${isVisible} = True</msg>
<status status="PASS" starttime="20231030 18:04:25.505" endtime="20231030 18:04:25.600"/>
</kw>
<msg timestamp="20231030 18:04:25.600" level="TRACE">Return: True</msg>
<status status="PASS" starttime="20231030 18:04:25.504" endtime="20231030 18:04:25.600"/>
</kw>
<msg timestamp="20231030 18:04:25.600" level="TRACE">Return: True</msg>
<msg timestamp="20231030 18:04:25.600" level="INFO">${element_visible} = True</msg>
<status status="PASS" starttime="20231030 18:04:25.504" endtime="20231030 18:04:25.600"/>
</kw>
<kw name="Should Be True" library="BuiltIn">
<arg>${element_visible}</arg>
<arg>The element containing text '${text}' should be visible but it is not.</arg>
<doc>Fails if the given condition is not true.</doc>
<msg timestamp="20231030 18:04:25.601" level="TRACE">Arguments: [ True | "The element containing text 'Booking number' should be visible but it is not." ]</msg>
<msg timestamp="20231030 18:04:25.601" level="TRACE">Return: None</msg>
<status status="PASS" starttime="20231030 18:04:25.601" endtime="20231030 18:04:25.601"/>
</kw>
<status status="PASS" starttime="20231030 18:04:25.471" endtime="20231030 18:04:25.601"/>
</iter>
<status status="PASS" starttime="20231030 18:04:24.644" endtime="20231030 18:04:25.601"/>
</for>
<kw name="Set Browser Timeout" library="Browser">
<arg>${timeout}</arg>
<tag>Config</tag>
<tag>Setter</tag>
<doc>Sets the timeout used by most input and getter keywords.</doc>
<msg timestamp="20231030 18:04:25.602" level="TRACE">Arguments: [ datetime.timedelta(seconds=30) ]</msg>
<msg timestamp="20231030 18:04:25.603" level="INFO">Set timeout to: 30000</msg>
<msg timestamp="20231030 18:04:25.604" level="TRACE">Return: '8 seconds'</msg>
<status status="PASS" starttime="20231030 18:04:25.601" endtime="20231030 18:04:25.604"/>
</kw>
<msg timestamp="20231030 18:04:25.604" level="TRACE">Return: None</msg>
<status status="PASS" starttime="20231030 18:04:24.640" endtime="20231030 18:04:25.604"/>
</kw>
<msg timestamp="20231030 18:04:25.604" level="TRACE">Return: None</msg>
<status status="PASS" starttime="20231030 18:04:24.639" endtime="20231030 18:04:25.604"/>
</kw>
<msg timestamp="20231030 18:04:25.604" level="TRACE">Return: None</msg>
<status status="PASS" starttime="20231030 18:04:24.639" endtime="20231030 18:04:25.604"/>
</kw>
<tag>smoke, booking, BUI2-556, online-checkin</tag>
<status status="PASS" starttime="20231030 18:03:47.944" endtime="20231030 18:04:25.604"/>
</test>
<kw name="Close Browser" library="Browser" type="TEARDOWN">
<tag>BrowserControl</tag>
<tag>Setter</tag>
<doc>Closes the current browser.</doc>
<msg timestamp="20231030 18:04:25.608" level="TRACE">Arguments: [  ]</msg>
<msg timestamp="20231030 18:04:26.327" level="INFO">Closed browser</msg>
<msg timestamp="20231030 18:04:26.328" level="TRACE">Return: None</msg>
<status status="PASS" starttime="20231030 18:04:25.607" endtime="20231030 18:04:26.328"/>
</kw>
<doc>Argument file for running tests on Omena Staging Environmen (test3)</doc>
<status status="PASS" starttime="20231030 18:02:58.470" endtime="20231030 18:04:26.328"/>
</suite>
<statistics>
<total>
<stat pass="7" fail="0" skip="0">All Tests</stat>
</total>
<tag>
<stat pass="7" fail="0" skip="0">smoke, booking, BUI2-556, online-checkin</stat>
</tag>
<suite>
<stat pass="7" fail="0" skip="0" id="s1" name="Create Booking And Check In">Create Booking And Check In</stat>
</suite>
</statistics>
<errors>
</errors>
</robot>
