<?xml version="1.0" encoding="UTF-8"?>
<robot generator="Robot 5.0.1 (Python 3.11.4 on darwin)" generated="20230726 13:22:02.758" rpa="false" schemaversion="3">
<suite id="s1" name="Testsuites" source="/Users/sara/code/nelson-test-automation/testsuites">
<suite id="s1-s1" name="BUI" source="/Users/sara/code/nelson-test-automation/testsuites/BUI">
<suite id="s1-s1-s1" name="Regression" source="/Users/sara/code/nelson-test-automation/testsuites/BUI/regression">
<errors>
<msg timestamp="20230726 13:22:02.853" level="ERROR">Execution stopped by user.</msg>
</errors>
</robot>
