<?xml version="1.0" encoding="UTF-8"?>
<robot generator="Robot 6.1.1 (Python 3.11.6 on linux)" generated="20231030 17:17:42.753" rpa="false" schemaversion="4">
<suite id="s1" name="Create Booking And Check In" source="/home/runner/work/nelson-test-automation/nelson-test-automation/testsuites/BUI/regression/create_booking_and_check_in.robot">
<kw name="Open Browser to Landing Page" library="common" type="SETUP">
<doc>A general startup keyword for opening a browser to the landing page.</doc>
<msg timestamp="20231030 17:17:43.730" level="TRACE">Arguments: [  ]</msg>
<kw name="Log To Console" library="BuiltIn">
<arg>Environment: ${environment}</arg>
<doc>Logs the given message to the console.</doc>
<msg timestamp="20231030 17:17:43.731" level="TRACE">Arguments: [ 'Environment: test3' ]</msg>
<msg timestamp="20231030 17:17:43.731" level="TRACE">Return: None</msg>
<status status="PASS" starttime="20231030 17:17:43.730" endtime="20231030 17:17:43.731"/>
</kw>
<if>
<branch type="IF" condition="'${environment}' == 'test3'">
<kw name="Set Suite Variable" library="BuiltIn">
<arg>${url.landing.page}</arg>
<arg>https://test3.omenahotels.com/en</arg>
<doc>Makes a variable available everywhere within the scope of the current suite.</doc>
<msg timestamp="20231030 17:17:43.731" level="TRACE">Arguments: [ '${url.landing.page}' | 'https://test3.omenahotels.com/en' ]</msg>
<msg timestamp="20231030 17:17:43.732" level="INFO">${url.landing.page} = https://test3.omenahotels.com/en</msg>
<msg timestamp="20231030 17:17:43.732" level="TRACE">Return: None</msg>
<status status="PASS" starttime="20231030 17:17:43.731" endtime="20231030 17:17:43.732"/>
</kw>
<status status="PASS" starttime="20231030 17:17:43.731" endtime="20231030 17:17:43.732"/>
</branch>
<branch type="ELSE IF" condition="'${environment}' == 'ks_test'">
<kw name="Set Suite Variable" library="BuiltIn">
<arg>${url.landing.page}</arg>
<arg>https://test.kensingtonstay.com/en</arg>
<doc>Makes a variable available everywhere within the scope of the current suite.</doc>
<status status="NOT RUN" starttime="20231030 17:17:43.732" endtime="20231030 17:17:43.732"/>
</kw>
<status status="NOT RUN" starttime="20231030 17:17:43.732" endtime="20231030 17:17:43.732"/>
</branch>
<branch type="ELSE IF" condition="'${environment}' == 'salo_test'">
<kw name="Set Suite Variable" library="BuiltIn">
<arg>${url.landing.page}</arg>
<arg>https://test.kensingtonstay.com/en</arg>
<doc>Makes a variable available everywhere within the scope of the current suite.</doc>
<status status="NOT RUN" starttime="20231030 17:17:43.732" endtime="20231030 17:17:43.733"/>
</kw>
<status status="NOT RUN" starttime="20231030 17:17:43.732" endtime="20231030 17:17:43.733"/>
</branch>
<branch type="ELSE IF" condition="'${environment}' == 'test4'">
<kw name="Set Suite Variable" library="BuiltIn">
<arg>${url.landing.page}</arg>
<arg>https://test4.omenahotels.com/en</arg>
<doc>Makes a variable available everywhere within the scope of the current suite.</doc>
<status status="NOT RUN" starttime="20231030 17:17:43.733" endtime="20231030 17:17:43.733"/>
</kw>
<status status="NOT RUN" starttime="20231030 17:17:43.733" endtime="20231030 17:17:43.733"/>
</branch>
<status status="PASS" starttime="20231030 17:17:43.731" endtime="20231030 17:17:43.733"/>
</if>
<kw name="Open New Browser To URL" library="common">
<arg>${url.landing.page}</arg>
<msg timestamp="20231030 17:17:43.733" level="TRACE">Arguments: [ ${url}='https://test3.omenahotels.com/en' ]</msg>
<kw name="New Browser" library="Browser">
<arg>${browser}</arg>
<arg>${headless}</arg>
<arg>timeout=${timeout}</arg>
<arg>downloadsPath=${EXECDIR}/resources/downloads</arg>
<tag>BrowserControl</tag>
<tag>Setter</tag>
<doc>Create a new playwright Browser with specified options.</doc>
<msg timestamp="20231030 17:17:43.734" level="TRACE">Arguments: [ &lt;SupportedBrowsers.firefox: 2&gt; | True | timeout=datetime.timedelta(seconds=30) | downloadsPath='/home/runner/work/nelson-test-automation/nelson-test-automation/resources/downloads' ]</msg>
<msg timestamp="20231030 17:17:43.735" level="INFO">{"browser": "firefox", "headless": true, "chromiumSandbox": false, "devtools": false, "downloadsPath": "/home/runner/work/nelson-test-automation/nelson-test-automation/resources/downloads", "handleSIGHUP": true, "handleSIGINT": true, "handleSIGTERM": true, "slowMo": 0.0, "timeout": 30000.0, "tracesDir": "/home/runner/work/nelson-test-automation/nelson-test-automation/reports/test3/browser/traces/4679ba11-152f-413d-ac68-a7d970b23aac"}</msg>
<msg timestamp="20231030 17:17:44.370" level="INFO">Successfully created browser with options: {"browser":"firefox","headless":true,"chromiumSandbox":false,"devtools":false,"downloadsPath":"/home/runner/work/nelson-test-automation/nelson-test-automation/resources/downloads","handleSIGHUP":true,"handleSIGINT":true,"handleSIGTERM":true,"slowMo":0,"timeout":30000,"tracesDir":"/home/runner/work/nelson-test-automation/nelson-test-automation/reports/test3/browser/traces/4679ba11-152f-413d-ac68-a7d970b23aac"}</msg>
<msg timestamp="20231030 17:17:44.371" level="TRACE">Return: 'browser=d5d11c2b-df34-4535-8392-089a9ffe3447'</msg>
<status status="PASS" starttime="20231030 17:17:43.734" endtime="20231030 17:17:44.371"/>
</kw>
<kw name="Set Browser Timeout" library="Browser">
<arg>${timeout}</arg>
<tag>Config</tag>
<tag>Setter</tag>
<doc>Sets the timeout used by most input and getter keywords.</doc>
<msg timestamp="20231030 17:17:44.371" level="TRACE">Arguments: [ datetime.timedelta(seconds=30) ]</msg>
<msg timestamp="20231030 17:17:44.374" level="INFO">No context open.</msg>
<msg timestamp="20231030 17:17:44.374" level="TRACE">Return: '10 seconds'</msg>
<status status="PASS" starttime="20231030 17:17:44.371" endtime="20231030 17:17:44.374"/>
</kw>
<kw name="New Context" library="Browser">
<arg>acceptDownloads=True</arg>
<tag>BrowserControl</tag>
<tag>Setter</tag>
<doc>Create a new BrowserContext with specified options.</doc>
<msg timestamp="20231030 17:17:44.374" level="TRACE">Arguments: [ acceptDownloads=True ]</msg>
<msg timestamp="20231030 17:17:44.375" level="INFO">{
  "acceptDownloads": true,
  "bypassCSP": false,
  "forcedColors": "none",
  "hideRfBrowser": "",
  "ignoreHTTPSErrors": false,
  "javaScriptEnabled": true,
  "offline": false,
  "reducedMotion": "no-preference",
  "serviceWorkers": "allow",
  "viewport": {
    "height": 720,
    "width": 1280
  }
}</msg>
<msg timestamp="20231030 17:17:44.420" level="INFO">Successfully created context. </msg>
<msg timestamp="20231030 17:17:44.420" level="INFO">{'acceptDownloads': True, 'bypassCSP': False, 'forcedColors': 'none', 'hideRfBrowser': '', 'ignoreHTTPSErrors': False, 'javaScriptEnabled': True, 'offline': False, 'reducedMotion': 'no-preference', 'serviceWorkers': 'allow', 'viewport': {'height': 720, 'width': 1280}}</msg>
<msg timestamp="20231030 17:17:44.420" level="TRACE">Return: 'context=205b629c-9d5e-4829-a44d-9c58e6d2508c'</msg>
<status status="PASS" starttime="20231030 17:17:44.374" endtime="20231030 17:17:44.420"/>
</kw>
<kw name="New Page" library="Browser">
<arg>${url}</arg>
<tag>BrowserControl</tag>
<tag>Setter</tag>
<doc>Open a new Page.</doc>
<msg timestamp="20231030 17:17:44.421" level="TRACE">Arguments: [ 'https://test3.omenahotels.com/en' ]</msg>
<msg timestamp="20231030 17:17:47.405" level="INFO">Successfully initialized new page object and opened url: https://test3.omenahotels.com/en</msg>
<msg timestamp="20231030 17:17:47.405" level="DEBUG">Video is not enabled.</msg>
<msg timestamp="20231030 17:17:47.406" level="TRACE">Return: {'page_id': 'page=cc26dd7b-172f-4531-ae84-32d352f8fefd', 'video_path': ''}</msg>
<status status="PASS" starttime="20231030 17:17:44.420" endtime="20231030 17:17:47.406"/>
</kw>
<msg timestamp="20231030 17:17:47.406" level="TRACE">Return: None</msg>
<status status="PASS" starttime="20231030 17:17:43.733" endtime="20231030 17:17:47.406"/>
</kw>
<kw name="Allow Cookies" library="common">
<doc>Allow Cookies/Toggle Cookie allowance</doc>
<msg timestamp="20231030 17:17:47.406" level="TRACE">Arguments: [  ]</msg>
<kw name="Is Element Found" library="common">
<var>${cookieModalVisible}</var>
<arg>id=CybotCookiebotDialogBodyLevelButtonLevelOptinAllowAll</arg>
<doc>A keyword that has a very complex way of figuring out whether an
element is found or not because I had trouble with the built-in keywords
Can be solved differently if you have a better idea</doc>
<msg timestamp="20231030 17:17:47.407" level="TRACE">Arguments: [ ${selector}='id=CybotCookiebotDialogBodyLevelButtonLevelOptinAllowAll' ]</msg>
<kw name="Set Browser Timeout" library="Browser">
<arg>10s</arg>
<tag>Config</tag>
<tag>Setter</tag>
<doc>Sets the timeout used by most input and getter keywords.</doc>
<msg timestamp="20231030 17:17:47.407" level="TRACE">Arguments: [ datetime.timedelta(seconds=10) ]</msg>
<msg timestamp="20231030 17:17:47.411" level="INFO">Set timeout to: 10000</msg>
<msg timestamp="20231030 17:17:47.411" level="TRACE">Return: '30 seconds'</msg>
<status status="PASS" starttime="20231030 17:17:47.407" endtime="20231030 17:17:47.411"/>
</kw>
<try>
<branch type="TRY">
<kw name="Get Elements" library="Browser">
<var>${els}</var>
<arg>${selector}</arg>
<tag>Getter</tag>
<tag>PageContent</tag>
<doc>Returns a reference to Playwright [https://playwright.dev/docs/api/class-locator|Locator]
for all matched elements by ``selector``.</doc>
<msg timestamp="20231030 17:17:47.412" level="TRACE">Arguments: [ 'id=CybotCookiebotDialogBodyLevelButtonLevelOptinAllowAll' ]</msg>
<msg timestamp="20231030 17:17:47.541" level="INFO">Found locator('id=CybotCookiebotDialogBodyLevelButtonLevelOptinAllowAll').first() Locators successfully.</msg>
<msg timestamp="20231030 17:17:47.541" level="DEBUG">["id=CybotCookiebotDialogBodyLevelButtonLevelOptinAllowAll &gt;&gt; nth=0"]</msg>
<msg timestamp="20231030 17:17:47.541" level="TRACE">Return: ['id=CybotCookiebotDialogBodyLevelButtonLevelOptinAllowAll &gt;&gt; nth=0']</msg>
<msg timestamp="20231030 17:17:47.541" level="INFO">${els} = ['id=CybotCookiebotDialogBodyLevelButtonLevelOptinAllowAll &gt;&gt; nth=0']</msg>
<status status="PASS" starttime="20231030 17:17:47.411" endtime="20231030 17:17:47.541"/>
</kw>
<kw name="Get Length" library="BuiltIn">
<var>${count}</var>
<arg>${els}</arg>
<doc>Returns and logs the length of the given item as an integer.</doc>
<msg timestamp="20231030 17:17:47.542" level="TRACE">Arguments: [ ['id=CybotCookiebotDialogBodyLevelButtonLevelOptinAllowAll &gt;&gt; nth=0'] ]</msg>
<msg timestamp="20231030 17:17:47.542" level="INFO">Length is 1</msg>
<msg timestamp="20231030 17:17:47.542" level="TRACE">Return: 1</msg>
<msg timestamp="20231030 17:17:47.542" level="INFO">${count} = 1</msg>
<status status="PASS" starttime="20231030 17:17:47.542" endtime="20231030 17:17:47.542"/>
</kw>
<if>
<branch type="IF" condition="${count} &gt; 0">
<kw name="Set Variable" library="BuiltIn">
<var>${visible}</var>
<arg>True</arg>
<doc>Returns the given values which can then be assigned to a variables.</doc>
<msg timestamp="20231030 17:17:47.543" level="TRACE">Arguments: [ 'True' ]</msg>
<msg timestamp="20231030 17:17:47.543" level="TRACE">Return: 'True'</msg>
<msg timestamp="20231030 17:17:47.543" level="INFO">${visible} = True</msg>
<status status="PASS" starttime="20231030 17:17:47.542" endtime="20231030 17:17:47.543"/>
</kw>
<status status="PASS" starttime="20231030 17:17:47.542" endtime="20231030 17:17:47.543"/>
</branch>
<branch type="ELSE">
<kw name="Set Variable" library="BuiltIn">
<var>${visible}</var>
<arg>False</arg>
<doc>Returns the given values which can then be assigned to a variables.</doc>
<status status="NOT RUN" starttime="20231030 17:17:47.543" endtime="20231030 17:17:47.543"/>
</kw>
<status status="NOT RUN" starttime="20231030 17:17:47.543" endtime="20231030 17:17:47.543"/>
</branch>
<status status="PASS" starttime="20231030 17:17:47.542" endtime="20231030 17:17:47.543"/>
</if>
<status status="PASS" starttime="20231030 17:17:47.411" endtime="20231030 17:17:47.543"/>
</branch>
<branch type="EXCEPT">
<kw name="Set Variable" library="BuiltIn">
<var>${visible}</var>
<arg>False</arg>
<doc>Returns the given values which can then be assigned to a variables.</doc>
<status status="NOT RUN" starttime="20231030 17:17:47.544" endtime="20231030 17:17:47.544"/>
</kw>
<status status="NOT RUN" starttime="20231030 17:17:47.543" endtime="20231030 17:17:47.544"/>
</branch>
<status status="PASS" starttime="20231030 17:17:47.411" endtime="20231030 17:17:47.544"/>
</try>
<kw name="Set Browser Timeout" library="Browser">
<arg>${timeout}</arg>
<tag>Config</tag>
<tag>Setter</tag>
<doc>Sets the timeout used by most input and getter keywords.</doc>
<msg timestamp="20231030 17:17:47.544" level="TRACE">Arguments: [ datetime.timedelta(seconds=30) ]</msg>
<msg timestamp="20231030 17:17:47.547" level="INFO">Set timeout to: 30000</msg>
<msg timestamp="20231030 17:17:47.547" level="TRACE">Return: '10 seconds'</msg>
<status status="PASS" starttime="20231030 17:17:47.544" endtime="20231030 17:17:47.547"/>
</kw>
<msg timestamp="20231030 17:17:47.547" level="TRACE">Return: 'True'</msg>
<msg timestamp="20231030 17:17:47.547" level="INFO">${cookieModalVisible} = True</msg>
<status status="PASS" starttime="20231030 17:17:47.406" endtime="20231030 17:17:47.547"/>
</kw>
<if>
<branch type="IF" condition="${cookieModalVisible}">
<kw name="Click" library="Browser">
<arg>id=CybotCookiebotDialogBodyLevelButtonLevelOptinAllowAll</arg>
<tag>PageContent</tag>
<tag>Setter</tag>
<doc>Simulates mouse click on the element found by ``selector``.</doc>
<msg timestamp="20231030 17:17:47.548" level="TRACE">Arguments: [ 'id=CybotCookiebotDialogBodyLevelButtonLevelOptinAllowAll' ]</msg>
<msg timestamp="20231030 17:17:47.549" level="DEBUG">Click options are: {"button": "left", "clickCount": 1, "force": false, "noWaitAfter": false, "trial": false}</msg>
<msg timestamp="20231030 17:17:47.686" level="DEBUG">Clicked element: 'id=CybotCookiebotDialogBodyLevelButtonLevelOptinAllowAll' with options: '{"button": "left", "clickCount": 1, "force": false, "noWaitAfter": false, "trial": false}' successfully.</msg>
<msg timestamp="20231030 17:17:47.686" level="TRACE">Return: None</msg>
<status status="PASS" starttime="20231030 17:17:47.548" endtime="20231030 17:17:47.686"/>
</kw>
<status status="PASS" starttime="20231030 17:17:47.548" endtime="20231030 17:17:47.686"/>
</branch>
<branch type="ELSE">
<kw name="Log" library="BuiltIn">
<arg>No Cookie Modal Visible</arg>
<doc>Logs the given message with the given level.</doc>
<status status="NOT RUN" starttime="20231030 17:17:47.686" endtime="20231030 17:17:47.686"/>
</kw>
<status status="NOT RUN" starttime="20231030 17:17:47.686" endtime="20231030 17:17:47.686"/>
</branch>
<status status="PASS" starttime="20231030 17:17:47.547" endtime="20231030 17:17:47.686"/>
</if>
<msg timestamp="20231030 17:17:47.687" level="TRACE">Return: None</msg>
<status status="PASS" starttime="20231030 17:17:47.406" endtime="20231030 17:17:47.687"/>
</kw>
<kw name="Set Environment" library="common">
<doc>A keyword that gets the environment from URL and checks it is the same as variable</doc>
<msg timestamp="20231030 17:17:47.687" level="TRACE">Arguments: [  ]</msg>
<kw name="Get Url" library="Browser">
<var>${currentUrl}</var>
<tag>Assertion</tag>
<tag>Getter</tag>
<tag>PageContent</tag>
<doc>Returns the current URL.</doc>
<msg timestamp="20231030 17:17:47.687" level="TRACE">Arguments: [  ]</msg>
<msg timestamp="20231030 17:17:47.690" level="DEBUG">https://test3.omenahotels.com/en/</msg>
<msg timestamp="20231030 17:17:47.690" level="TRACE">Return: 'https://test3.omenahotels.com/en/'</msg>
<msg timestamp="20231030 17:17:47.690" level="INFO">${currentUrl} = https://test3.omenahotels.com/en/</msg>
<status status="PASS" starttime="20231030 17:17:47.687" endtime="20231030 17:17:47.690"/>
</kw>
<kw name="Get Environment From Url" library="Helpers">
<var>${env}</var>
<arg>${currentUrl}</arg>
<msg timestamp="20231030 17:17:47.691" level="TRACE">Arguments: [ 'https://test3.omenahotels.com/en/' ]</msg>
<msg timestamp="20231030 17:17:47.691" level="TRACE">Return: 'test3'</msg>
<msg timestamp="20231030 17:17:47.691" level="INFO">${env} = test3</msg>
<status status="PASS" starttime="20231030 17:17:47.690" endtime="20231030 17:17:47.691"/>
</kw>
<kw name="Should Be Equal As Strings" library="BuiltIn">
<arg>${env}</arg>
<arg>${environment}</arg>
<doc>Fails if objects are unequal after converting them to strings.</doc>
<msg timestamp="20231030 17:17:47.692" level="TRACE">Arguments: [ 'test3' | 'test3' ]</msg>
<msg timestamp="20231030 17:17:47.692" level="DEBUG">Argument types are:
&lt;class 'str'&gt;
&lt;class 'str'&gt;</msg>
<msg timestamp="20231030 17:17:47.692" level="TRACE">Return: None</msg>
<status status="PASS" starttime="20231030 17:17:47.692" endtime="20231030 17:17:47.692"/>
</kw>
<msg timestamp="20231030 17:17:47.692" level="TRACE">Return: None</msg>
<status status="PASS" starttime="20231030 17:17:47.687" endtime="20231030 17:17:47.693"/>
</kw>
<msg timestamp="20231030 17:17:47.693" level="TRACE">Return: None</msg>
<status status="PASS" starttime="20231030 17:17:43.730" endtime="20231030 17:17:47.693"/>
</kw>
<test id="s1-t1" name="Select Hotel, Dates and Guests" line="15">
<kw name="Select Hotel" library="booking">
<arg>Helsinki, Lönnrotinkatu</arg>
<doc>Select Hotel by using a number as an argument, default Lönnrotinkatu</doc>
<msg timestamp="20231030 17:17:47.694" level="TRACE">Arguments: [ ${hotel}='Helsinki, Lönnrotinkatu' ]</msg>
<if>
<branch type="IF" condition="&quot;${environment}&quot; == &quot;ks_test&quot;">
<kw name="Log" library="BuiltIn">
<arg>No hotel to be selected</arg>
<doc>Logs the given message with the given level.</doc>
<status status="NOT RUN" starttime="20231030 17:17:47.694" endtime="20231030 17:17:47.694"/>
</kw>
<status status="NOT RUN" starttime="20231030 17:17:47.694" endtime="20231030 17:17:47.694"/>
</branch>
<branch type="ELSE">
<kw name="Log" library="BuiltIn">
<arg>Selecting Hotel: ${hotel}</arg>
<doc>Logs the given message with the given level.</doc>
<msg timestamp="20231030 17:17:47.694" level="TRACE">Arguments: [ 'Selecting Hotel: Helsinki, Lönnrotinkatu' ]</msg>
<msg timestamp="20231030 17:17:47.695" level="INFO">Selecting Hotel: Helsinki, Lönnrotinkatu</msg>
<msg timestamp="20231030 17:17:47.695" level="TRACE">Return: None</msg>
<status status="PASS" starttime="20231030 17:17:47.694" endtime="20231030 17:17:47.695"/>
</kw>
<kw name="Click" library="Browser">
<arg>//div[contains(@data-nelson-btn, "hotels")]</arg>
<tag>PageContent</tag>
<tag>Setter</tag>
<doc>Simulates mouse click on the element found by ``selector``.</doc>
<msg timestamp="20231030 17:17:47.695" level="TRACE">Arguments: [ '//div[contains(@data-nelson-btn, "hotels")]' ]</msg>
<msg timestamp="20231030 17:17:47.695" level="DEBUG">Click options are: {"button": "left", "clickCount": 1, "force": false, "noWaitAfter": false, "trial": false}</msg>
<msg timestamp="20231030 17:17:47.781" level="DEBUG">Clicked element: '//div[contains(@data-nelson-btn, "hotels")]' with options: '{"button": "left", "clickCount": 1, "force": false, "noWaitAfter": false, "trial": false}' successfully.</msg>
<msg timestamp="20231030 17:17:47.781" level="TRACE">Return: None</msg>
<status status="PASS" starttime="20231030 17:17:47.695" endtime="20231030 17:17:47.781"/>
</kw>
<kw name="Wait Until Visible" library="common">
<arg>//a[contains(@class, 'dropdown-item') and contains(text(), '${hotel}')]</arg>
<doc>An easier keyword for waiting until an element is visible</doc>
<msg timestamp="20231030 17:17:47.782" level="TRACE">Arguments: [ ${element}="//a[contains(@class, 'dropdown-item') and contains(text(), 'Helsinki, Lönnrotinkatu')]" ]</msg>
<kw name="Wait For Elements State" library="Browser">
<arg>${element}</arg>
<arg>visible</arg>
<arg>timeout=${timeout}</arg>
<tag>PageContent</tag>
<tag>Wait</tag>
<doc>Waits for the element found by ``selector`` to satisfy state option.</doc>
<msg timestamp="20231030 17:17:47.783" level="TRACE">Arguments: [ "//a[contains(@class, 'dropdown-item') and contains(text(), 'Helsinki, Lönnrotinkatu')]" | &lt;ElementState.visible: 4&gt; | timeout=datetime.timedelta(seconds=30) ]</msg>
<msg timestamp="20231030 17:17:47.798" level="INFO">Waited for Element with selector //a[contains(@class, 'dropdown-item') and contains(text(), 'Helsinki, Lönnrotinkatu')] at state visible</msg>
<msg timestamp="20231030 17:17:47.798" level="TRACE">Return: None</msg>
<status status="PASS" starttime="20231030 17:17:47.782" endtime="20231030 17:17:47.798"/>
</kw>
<msg timestamp="20231030 17:17:47.799" level="TRACE">Return: None</msg>
<status status="PASS" starttime="20231030 17:17:47.782" endtime="20231030 17:17:47.799"/>
</kw>
<kw name="Click" library="Browser">
<arg>//a[contains(@class, 'dropdown-item') and contains(text(), '${hotel}')]</arg>
<tag>PageContent</tag>
<tag>Setter</tag>
<doc>Simulates mouse click on the element found by ``selector``.</doc>
<msg timestamp="20231030 17:17:47.799" level="TRACE">Arguments: [ "//a[contains(@class, 'dropdown-item') and contains(text(), 'Helsinki, Lönnrotinkatu')]" ]</msg>
<msg timestamp="20231030 17:17:47.800" level="DEBUG">Click options are: {"button": "left", "clickCount": 1, "force": false, "noWaitAfter": false, "trial": false}</msg>
<msg timestamp="20231030 17:17:47.980" level="DEBUG">Clicked element: '//a[contains(@class, 'dropdown-item') and contains(text(), 'Helsinki, Lönnrotinkatu')]' with options: '{"button": "left", "clickCount": 1, "force": false, "noWaitAfter": false, "trial": false}' successfully.</msg>
<msg timestamp="20231030 17:17:47.980" level="TRACE">Return: None</msg>
<status status="PASS" starttime="20231030 17:17:47.799" endtime="20231030 17:17:47.981"/>
</kw>
<kw name="Wait For Elements State" library="Browser">
<arg>//a[contains(@class, 'dropdown-item') and contains(text(), '${hotel}')]</arg>
<arg>hidden</arg>
<arg>timeout=3s</arg>
<tag>PageContent</tag>
<tag>Wait</tag>
<doc>Waits for the element found by ``selector`` to satisfy state option.</doc>
<msg timestamp="20231030 17:17:47.981" level="TRACE">Arguments: [ "//a[contains(@class, 'dropdown-item') and contains(text(), 'Helsinki, Lönnrotinkatu')]" | &lt;ElementState.hidden: 8&gt; | timeout=datetime.timedelta(seconds=3) ]</msg>
<msg timestamp="20231030 17:17:48.002" level="INFO">Waited for Element with selector //a[contains(@class, 'dropdown-item') and contains(text(), 'Helsinki, Lönnrotinkatu')] at state hidden</msg>
<msg timestamp="20231030 17:17:48.003" level="TRACE">Return: None</msg>
<status status="PASS" starttime="20231030 17:17:47.981" endtime="20231030 17:17:48.003"/>
</kw>
<status status="PASS" starttime="20231030 17:17:47.694" endtime="20231030 17:17:48.003"/>
</branch>
<status status="PASS" starttime="20231030 17:17:47.694" endtime="20231030 17:17:48.003"/>
</if>
<msg timestamp="20231030 17:17:48.003" level="TRACE">Return: None</msg>
<status status="PASS" starttime="20231030 17:17:47.693" endtime="20231030 17:17:48.003"/>
</kw>
<kw name="Select Dates" library="booking">
<msg timestamp="20231030 17:17:48.004" level="TRACE">Arguments: [  ]</msg>
<kw name="Log" library="BuiltIn">
<arg>${EMPTY}</arg>
<doc>Logs the given message with the given level.</doc>
<msg timestamp="20231030 17:17:48.005" level="TRACE">Arguments: [ '' ]</msg>
<msg timestamp="20231030 17:17:48.005" level="INFO"/>
<msg timestamp="20231030 17:17:48.005" level="TRACE">Return: None</msg>
<status status="PASS" starttime="20231030 17:17:48.004" endtime="20231030 17:17:48.005"/>
</kw>
<msg timestamp="20231030 17:17:48.005" level="TRACE">Return: None</msg>
<status status="PASS" starttime="20231030 17:17:48.003" endtime="20231030 17:17:48.005"/>
</kw>
<kw name="Select Guests" library="booking">
<doc>Selects the number of guests for the booking, current implementation will only check the dropdown</doc>
<msg timestamp="20231030 17:17:48.005" level="TRACE">Arguments: [ ${rooms}='1' | ${persons}='1' | ${children}='0' ]</msg>
<kw name="Log To Console" library="BuiltIn">
<arg>${EMPTY}</arg>
<doc>Logs the given message to the console.</doc>
<msg timestamp="20231030 17:17:48.006" level="TRACE">Arguments: [ '' ]</msg>
<msg timestamp="20231030 17:17:48.006" level="TRACE">Return: None</msg>
<status status="PASS" starttime="20231030 17:17:48.005" endtime="20231030 17:17:48.007"/>
</kw>
<msg timestamp="20231030 17:17:48.007" level="TRACE">Return: None</msg>
<status status="PASS" starttime="20231030 17:17:48.005" endtime="20231030 17:17:48.007"/>
</kw>
<tag>smoke, booking, BUI2-556, online-checkin</tag>
<status status="PASS" starttime="20231030 17:17:47.693" endtime="20231030 17:17:48.007"/>
</test>
<test id="s1-t2" name="Check Available Rooms and Select a Standard Room" line="20">
<kw name="Click Book or Find Rooms Button" library="booking">
<msg timestamp="20231030 17:17:48.014" level="TRACE">Arguments: [  ]</msg>
<kw name="Get Url" library="Browser">
<var>${url}</var>
<tag>Assertion</tag>
<tag>Getter</tag>
<tag>PageContent</tag>
<doc>Returns the current URL.</doc>
<msg timestamp="20231030 17:17:48.014" level="TRACE">Arguments: [  ]</msg>
<msg timestamp="20231030 17:17:48.021" level="DEBUG">https://test3.omenahotels.com/en/#</msg>
<msg timestamp="20231030 17:17:48.021" level="TRACE">Return: 'https://test3.omenahotels.com/en/#'</msg>
<msg timestamp="20231030 17:17:48.021" level="INFO">${url} = https://test3.omenahotels.com/en/#</msg>
<status status="PASS" starttime="20231030 17:17:48.014" endtime="20231030 17:17:48.022"/>
</kw>
<kw name="Check If String Contains" library="common">
<var>${booking}</var>
<arg>${url}</arg>
<arg>/booking/</arg>
<msg timestamp="20231030 17:17:48.022" level="TRACE">Arguments: [ ${string}='https://test3.omenahotels.com/en/#' | ${substring}='/booking/' ]</msg>
<kw name="Check If String Contains Substring" library="Helpers">
<var>${contains}</var>
<arg>${string}</arg>
<arg>${substring}</arg>
<msg timestamp="20231030 17:17:48.024" level="TRACE">Arguments: [ 'https://test3.omenahotels.com/en/#' | '/booking/' ]</msg>
<msg timestamp="20231030 17:17:48.024" level="TRACE">Return: False</msg>
<msg timestamp="20231030 17:17:48.024" level="INFO">${contains} = False</msg>
<status status="PASS" starttime="20231030 17:17:48.023" endtime="20231030 17:17:48.024"/>
</kw>
<msg timestamp="20231030 17:17:48.024" level="TRACE">Return: False</msg>
<msg timestamp="20231030 17:17:48.024" level="INFO">${booking} = False</msg>
<status status="PASS" starttime="20231030 17:17:48.022" endtime="20231030 17:17:48.024"/>
</kw>
<if>
<branch type="IF" condition="${booking} == True">
<kw name="Click" library="Browser">
<arg>//button[contains(@class, 'booking-form-button') and contains(text(), 'Find rooms')]</arg>
<tag>PageContent</tag>
<tag>Setter</tag>
<doc>Simulates mouse click on the element found by ``selector``.</doc>
<status status="NOT RUN" starttime="20231030 17:17:48.027" endtime="20231030 17:17:48.027"/>
</kw>
<status status="NOT RUN" starttime="20231030 17:17:48.027" endtime="20231030 17:17:48.027"/>
</branch>
<branch type="ELSE">
<kw name="Click" library="Browser">
<arg>//button[contains(@class, 'booking-form-button') and contains(text(), 'Book')]</arg>
<tag>PageContent</tag>
<tag>Setter</tag>
<doc>Simulates mouse click on the element found by ``selector``.</doc>
<msg timestamp="20231030 17:17:48.028" level="TRACE">Arguments: [ "//button[contains(@class, 'booking-form-button') and contains(text(), 'Book')]" ]</msg>
<msg timestamp="20231030 17:17:48.028" level="DEBUG">Click options are: {"button": "left", "clickCount": 1, "force": false, "noWaitAfter": false, "trial": false}</msg>
<msg timestamp="20231030 17:17:48.355" level="DEBUG">Clicked element: '//button[contains(@class, 'booking-form-button') and contains(text(), 'Book')]' with options: '{"button": "left", "clickCount": 1, "force": false, "noWaitAfter": false, "trial": false}' successfully.</msg>
<msg timestamp="20231030 17:17:48.355" level="TRACE">Return: None</msg>
<status status="PASS" starttime="20231030 17:17:48.027" endtime="20231030 17:17:48.355"/>
</kw>
<status status="PASS" starttime="20231030 17:17:48.027" endtime="20231030 17:17:48.355"/>
</branch>
<status status="PASS" starttime="20231030 17:17:48.027" endtime="20231030 17:17:48.355"/>
</if>
<msg timestamp="20231030 17:17:48.355" level="TRACE">Return: None</msg>
<status status="PASS" starttime="20231030 17:17:48.014" endtime="20231030 17:17:48.356"/>
</kw>
<kw name="Select a Standard Room" library="booking">
<msg timestamp="20231030 17:17:48.356" level="TRACE">Arguments: [  ]</msg>
<kw name="Wait Until Visible" library="common">
<arg>${btnExtras}</arg>
<doc>An easier keyword for waiting until an element is visible</doc>
<msg timestamp="20231030 17:17:48.356" level="TRACE">Arguments: [ ${element}='(//div[contains(@view,"booking")]//button[contains(text(), "Continue to extras")])[1]' ]</msg>
<kw name="Wait For Elements State" library="Browser">
<arg>${element}</arg>
<arg>visible</arg>
<arg>timeout=${timeout}</arg>
<tag>PageContent</tag>
<tag>Wait</tag>
<doc>Waits for the element found by ``selector`` to satisfy state option.</doc>
<msg timestamp="20231030 17:17:48.357" level="TRACE">Arguments: [ '(//div[contains(@view,"booking")]//button[contains(text(), "Continue to extras")])[1]' | &lt;ElementState.visible: 4&gt; | timeout=datetime.timedelta(seconds=30) ]</msg>
<msg timestamp="20231030 17:17:52.605" level="INFO">Waited for Element with selector (//div[contains(@view,"booking")]//button[contains(text(), "Continue to extras")])[1] at state visible</msg>
<msg timestamp="20231030 17:17:52.605" level="TRACE">Return: None</msg>
<status status="PASS" starttime="20231030 17:17:48.356" endtime="20231030 17:17:52.605"/>
</kw>
<msg timestamp="20231030 17:17:52.606" level="TRACE">Return: None</msg>
<status status="PASS" starttime="20231030 17:17:48.356" endtime="20231030 17:17:52.606"/>
</kw>
<kw name="Get Element States" library="Browser">
<var>${visible}</var>
<arg>//div[contains(text(), 'Select room')]</arg>
<arg>then</arg>
<arg>bool(value &amp; visible)</arg>
<tag>Assertion</tag>
<tag>Getter</tag>
<tag>PageContent</tag>
<doc>Get the active states from the element found by ``selector``.</doc>
<msg timestamp="20231030 17:17:52.607" level="TRACE">Arguments: [ "//div[contains(text(), 'Select room')]" | &lt;AssertionOperator.then: 'then'&gt; | 'bool(value &amp; visible)' ]</msg>
<msg timestamp="20231030 17:17:52.863" level="DEBUG">States: 2</msg>
<msg timestamp="20231030 17:17:52.863" level="DEBUG">Assertion polling statistics:
First element asserted in: 0.2567939758300781 seconds
Total tries: 1
Elapsed time in retries 0.0 seconds</msg>
<msg timestamp="20231030 17:17:52.863" level="TRACE">Return: False</msg>
<msg timestamp="20231030 17:17:52.864" level="INFO">${visible} = False</msg>
<status status="PASS" starttime="20231030 17:17:52.606" endtime="20231030 17:17:52.864"/>
</kw>
<kw name="Run Keyword If" library="BuiltIn">
<arg>${visible}</arg>
<arg>Select Standard and Remove Other Room Selection</arg>
<doc>Runs the given keyword with the given arguments, if ``condition`` is true.</doc>
<msg timestamp="20231030 17:17:52.864" level="TRACE">Arguments: [ False | 'Select Standard and Remove Other Room Selection' ]</msg>
<msg timestamp="20231030 17:17:52.864" level="TRACE">Return: None</msg>
<status status="PASS" starttime="20231030 17:17:52.864" endtime="20231030 17:17:52.864"/>
</kw>
<msg timestamp="20231030 17:17:52.864" level="TRACE">Return: None</msg>
<status status="PASS" starttime="20231030 17:17:48.356" endtime="20231030 17:17:52.864"/>
</kw>
<tag>smoke, booking, BUI2-556, online-checkin</tag>
<status status="PASS" starttime="20231030 17:17:48.013" endtime="20231030 17:17:52.865"/>
</test>
<test id="s1-t3" name="Continue to Extras and Select Join for Free" line="24">
<kw name="Click Continue to Extras Button" library="booking">
<doc>Clicks the continue to extras button</doc>
<msg timestamp="20231030 17:17:52.873" level="TRACE">Arguments: [  ]</msg>
<kw name="Click" library="Browser">
<arg>${btnExtras}</arg>
<tag>PageContent</tag>
<tag>Setter</tag>
<doc>Simulates mouse click on the element found by ``selector``.</doc>
<msg timestamp="20231030 17:17:52.873" level="TRACE">Arguments: [ '(//div[contains(@view,"booking")]//button[contains(text(), "Continue to extras")])[1]' ]</msg>
<msg timestamp="20231030 17:17:52.876" level="DEBUG">Click options are: {"button": "left", "clickCount": 1, "force": false, "noWaitAfter": false, "trial": false}</msg>
<msg timestamp="20231030 17:17:55.296" level="DEBUG">Clicked element: '(//div[contains(@view,"booking")]//button[contains(text(), "Continue to extras")])[1]' with options: '{"button": "left", "clickCount": 1, "force": false, "noWaitAfter": false, "trial": false}' successfully.</msg>
<msg timestamp="20231030 17:17:55.296" level="TRACE">Return: None</msg>
<status status="PASS" starttime="20231030 17:17:52.873" endtime="20231030 17:17:55.296"/>
</kw>
<kw name="Wait Until Visible" library="common">
<arg>${btnPayment}</arg>
<doc>An easier keyword for waiting until an element is visible</doc>
<msg timestamp="20231030 17:17:55.297" level="TRACE">Arguments: [ ${element}='(//div[contains(@view,"extras")]//button[contains(text(), "Continue to payment")])[1]' ]</msg>
<kw name="Wait For Elements State" library="Browser">
<arg>${element}</arg>
<arg>visible</arg>
<arg>timeout=${timeout}</arg>
<tag>PageContent</tag>
<tag>Wait</tag>
<doc>Waits for the element found by ``selector`` to satisfy state option.</doc>
<msg timestamp="20231030 17:17:55.298" level="TRACE">Arguments: [ '(//div[contains(@view,"extras")]//button[contains(text(), "Continue to payment")])[1]' | &lt;ElementState.visible: 4&gt; | timeout=datetime.timedelta(seconds=30) ]</msg>
<msg timestamp="20231030 17:17:56.617" level="INFO">Waited for Element with selector (//div[contains(@view,"extras")]//button[contains(text(), "Continue to payment")])[1] at state visible</msg>
<msg timestamp="20231030 17:17:56.618" level="TRACE">Return: None</msg>
<status status="PASS" starttime="20231030 17:17:55.297" endtime="20231030 17:17:56.618"/>
</kw>
<msg timestamp="20231030 17:17:56.618" level="TRACE">Return: None</msg>
<status status="PASS" starttime="20231030 17:17:55.296" endtime="20231030 17:17:56.618"/>
</kw>
<msg timestamp="20231030 17:17:56.618" level="TRACE">Return: None</msg>
<status status="PASS" starttime="20231030 17:17:52.872" endtime="20231030 17:17:56.618"/>
</kw>
<kw name="Continue to Payment" library="booking">
<msg timestamp="20231030 17:17:56.618" level="TRACE">Arguments: [  ]</msg>
<kw name="Click" library="Browser">
<arg>(//button[normalize-space()='Continue to payment'])[1]</arg>
<tag>PageContent</tag>
<tag>Setter</tag>
<doc>Simulates mouse click on the element found by ``selector``.</doc>
<msg timestamp="20231030 17:17:56.619" level="TRACE">Arguments: [ "(//button[normalize-space()='Continue to payment'])[1]" ]</msg>
<msg timestamp="20231030 17:17:56.619" level="DEBUG">Click options are: {"button": "left", "clickCount": 1, "force": false, "noWaitAfter": false, "trial": false}</msg>
<msg timestamp="20231030 17:18:26.735" level="DEBUG">Screenshot successfully captured to: /home/runner/work/nelson-test-automation/nelson-test-automation/reports/test3/browser/screenshot/fail-screenshot-1.png</msg>
<msg timestamp="20231030 17:18:26.735" level="INFO" html="true">&lt;/td&gt;&lt;/tr&gt;&lt;tr&gt;&lt;td colspan="3"&gt;&lt;a href="browser/screenshot/fail-screenshot-1.png" target="_blank"&gt;&lt;img src="browser/screenshot/fail-screenshot-1.png" width="800px"/&gt;&lt;/a&gt;</msg>
<msg timestamp="20231030 17:18:26.736" level="INFO">See also file:///home/runner/work/nelson-test-automation/nelson-test-automation/reports/test3/playwright-log.txt for additional details.</msg>
<msg timestamp="20231030 17:18:26.736" level="FAIL">TimeoutError: locator.click: Timeout 30000ms exceeded.
=========================== logs ===========================
waiting for locator('xpath=(//button[normalize-space()=\'Continue to payment\'])[1]')
  locator resolved to &lt;button type="button" class="chakra-button css-nhlqwi"&gt;Continue to payment&lt;/button&gt;
attempting click action
  waiting for element to be visible, enabled and stable
  element is visible, enabled and stable
  scrolling into view if needed
  done scrolling
  performing click action
  &lt;div id="CybotCookiebotDialogFooter"&gt;…&lt;/div&gt; from &lt;div lang="en" dir="ltr" role="dialog" tabindex="-1" …&gt;…&lt;/div&gt; subtree intercepts pointer events
retrying click action, attempt #1
  waiting for element to be visible, enabled and stable
  element is visible, enabled and stable
  scrolling into view if needed
  done scrolling
  performing click action
  &lt;div id="CybotCookiebotDialogFooter"&gt;…&lt;/div&gt; from &lt;div lang="en" dir="ltr" role="dialog" tabindex="-1" …&gt;…&lt;/div&gt; subtree intercepts pointer events
retrying click action, attempt #2
  waiting 20ms
  waiting for element to be visible, enabled and stable
  element is visible, enabled and stable
  scrolling into view if needed
  done scrolling
  &lt;div lang="en" id="CybotCookiebotDialogBodyContentTex…&gt;We use cookies to personalise content and ads, to…&lt;/div&gt; from &lt;div lang="en" dir="ltr" role="dialog" tabindex="-1" …&gt;…&lt;/div&gt; subtree intercepts pointer events
retrying click action, attempt #3
  waiting 100ms
  waiting for element to be visible, enabled and stable
  element is visible, enabled and stable
  scrolling into view if needed
  done scrolling
  &lt;div lang="en" id="CybotCookiebotDialogBodyContentTex…&gt;We use cookies to personalise content and ads, to…&lt;/div&gt; from &lt;div lang="en" dir="ltr" role="dialog" tabindex="-1" …&gt;…&lt;/div&gt; subtree intercepts pointer events
retrying click action, attempt #4
  waiting 100ms
  waiting for element to be visible, enabled and stable
  element is visible, enabled and stable
  scrolling into view if needed
  done scrolling
  &lt;div lang="en" id="CybotCookiebotDialogBodyContentTex…&gt;We use cookies to personalise content and ads, to…&lt;/div&gt; from &lt;div lang="en" dir="ltr" role="dialog" tabindex="-1" …&gt;…&lt;/div&gt; subtree intercepts pointer events
retrying click action, attempt #5
  waiting 500ms
  waiting for element to be visible, enabled and stable
element was detached from the DOM, retrying
  locator resolved to &lt;button type="button" class="chakra-button css-nhlqwi"&gt;Continue to payment&lt;/button&gt;
attempting click action
  waiting for element to be visible, enabled and stable
  element is visible, enabled and stable
  scrolling into view if needed
  done scrolling
  &lt;div lang="en" id="CybotCookiebotDialogBodyContentTex…&gt;We use cookies to personalise content and ads, to…&lt;/div&gt; from &lt;div lang="en" dir="ltr" role="dialog" tabindex="-1" …&gt;…&lt;/div&gt; subtree intercepts pointer events
retrying click action, attempt #1
  waiting for element to be visible, enabled and stable
  element is visible, enabled and stable
  scrolling into view if needed
  done scrolling
  &lt;div lang="en" id="CybotCookiebotDialogBodyContentTex…&gt;We use cookies to personalise content and ads, to…&lt;/div&gt; from &lt;div lang="en" dir="ltr" role="dialog" tabindex="-1" …&gt;…&lt;/div&gt; subtree intercepts pointer events
retrying click action, attempt #2
  waiting 20ms
  waiting for element to be visible, enabled and stable
  element is visible, enabled and stable
  scrolling into view if needed
  done scrolling
  &lt;div lang="en" id="CybotCookiebotDialogBodyContentTex…&gt;We use cookies to personalise content and ads, to…&lt;/div&gt; from &lt;div lang="en" dir="ltr" role="dialog" tabindex="-1" …&gt;…&lt;/div&gt; subtree intercepts pointer events
retrying click action, attempt #3
  waiting 100ms
  waiting for element to be visible, enabled and stable
  element is visible, enabled and stable
  scrolling into view if needed
  done scrolling
  &lt;div lang="en" id="CybotCookiebotDialogBodyContentTex…&gt;We use cookies to personalise content and ads, to…&lt;/div&gt; from &lt;div lang="en" dir="ltr" role="dialog" tabindex="-1" …&gt;…&lt;/div&gt; subtree intercepts pointer events
retrying click action, attempt #4
  waiting 100ms
  waiting for element to be visible, enabled and stable
  element is visible, enabled and stable
  scrolling into view if needed
  done scrolling
  &lt;div lang="en" id="CybotCookiebotDialogBodyContentTex…&gt;We use cookies to personalise content and ads, to…&lt;/div&gt; from &lt;div lang="en" dir="ltr" role="dialog" tabindex="-1" …&gt;…&lt;/div&gt; subtree intercepts pointer events
retrying click action, attempt #5
  waiting 500ms
  waiting for element to be visible, enabled and stable
  element is visible, enabled and stable
  scrolling into view if needed
  done scrolling
  &lt;div lang="en" id="CybotCookiebotDialogBodyContentTex…&gt;We use cookies to personalise content and ads, to…&lt;/div&gt; from &lt;div lang="en" dir="ltr" role="dialog" tabindex="-1" …&gt;…&lt;/div&gt; subtree intercepts pointer events
retrying click action, attempt #6
  waiting 500ms
  waiting for element 
Tip: Use "Set Browser Timeout" for increasing the timeout or double check your locator as the targeted element(s) couldn't be found.</msg>
<msg timestamp="20231030 17:18:26.747" level="DEBUG">Traceback (most recent call last):
  File "/opt/hostedtoolcache/Python/3.11.6/x64/lib/python3.11/site-packages/Browser/playwright.py", line 158, in grpc_channel
    yield playwright_pb2_grpc.PlaywrightStub(self._channel)
  File "/opt/hostedtoolcache/Python/3.11.6/x64/lib/python3.11/site-packages/Browser/keywords/interaction.py", line 450, in click_with_options
    response = stub.Click(
               ^^^^^^^^^^^
  File "/opt/hostedtoolcache/Python/3.11.6/x64/lib/python3.11/site-packages/grpc/_channel.py", line 1161, in __call__
    return _end_unary_response_blocking(state, call, False, None)
           ^^^^^^^^^^^^^^^^^^^^^^^^^^^^^^^^^^^^^^^^^^^^^^^^^^^^^^
  File "/opt/hostedtoolcache/Python/3.11.6/x64/lib/python3.11/site-packages/grpc/_channel.py", line 1004, in _end_unary_response_blocking
    raise _InactiveRpcError(state)  # pytype: disable=not-instantiable
    ^^^^^^^^^^^^^^^^^^^^^^^^^^^^^^
grpc._channel._InactiveRpcError: &lt;_InactiveRpcError of RPC that terminated with:
	status = StatusCode.DEADLINE_EXCEEDED
	details = "TimeoutError: locator.click: Timeout 30000ms exceeded.
=========================== logs ===========================
waiting for locator('xpath=(//button[normalize-space()=\'Continue to payment\'])[1]')
  locator resolved to &lt;button type="button" class="chakra-button css-nhlqwi"&gt;Continue to payment&lt;/button&gt;
attempting click action
  waiting for element to be visible, enabled and stable
  element is visible, enabled and stable
  scrolling into view if needed
  done scrolling
  performing click action
  &lt;div id="CybotCookiebotDialogFooter"&gt;…&lt;/div&gt; from &lt;div lang="en" dir="ltr" role="dialog" tabindex="-1" …&gt;…&lt;/div&gt; subtree intercepts pointer events
retrying click action, attempt #1
  waiting for element to be visible, enabled and stable
  element is visible, enabled and stable
  scrolling into view if needed
  done scrolling
  performing click action
  &lt;div id="CybotCookiebotDialogFooter"&gt;…&lt;/div&gt; from &lt;div lang="en" dir="ltr" role="dialog" tabindex="-1" …&gt;…&lt;/div&gt; subtree intercepts pointer events
retrying click action, attempt #2
  waiting 20ms
  waiting for element to be visible, enabled and stable
  element is visible, enabled and stable
  scrolling into view if needed
  done scrolling
  &lt;div lang="en" id="CybotCookiebotDialogBodyContentTex…&gt;We use cookies to personalise content and ads, to…&lt;/div&gt; from &lt;div lang="en" dir="ltr" role="dialog" tabindex="-1" …&gt;…&lt;/div&gt; subtree intercepts pointer events
retrying click action, attempt #3
  waiting 100ms
  waiting for element to be visible, enabled and stable
  element is visible, enabled and stable
  scrolling into view if needed
  done scrolling
  &lt;div lang="en" id="CybotCookiebotDialogBodyContentTex…&gt;We use cookies to personalise content and ads, to…&lt;/div&gt; from &lt;div lang="en" dir="ltr" role="dialog" tabindex="-1" …&gt;…&lt;/div&gt; subtree intercepts pointer events
retrying click action, attempt #4
  waiting 100ms
  waiting for element to be visible, enabled and stable
  element is visible, enabled and stable
  scrolling into view if needed
  done scrolling
  &lt;div lang="en" id="CybotCookiebotDialogBodyContentTex…&gt;We use cookies to personalise content and ads, to…&lt;/div&gt; from &lt;div lang="en" dir="ltr" role="dialog" tabindex="-1" …&gt;…&lt;/div&gt; subtree intercepts pointer events
retrying click action, attempt #5
  waiting 500ms
  waiting for element to be visible, enabled and stable
element was detached from the DOM, retrying
  locator resolved to &lt;button type="button" class="chakra-button css-nhlqwi"&gt;Continue to payment&lt;/button&gt;
attempting click action
  waiting for element to be visible, enabled and stable
  element is visible, enabled and stable
  scrolling into view if needed
  done scrolling
  &lt;div lang="en" id="CybotCookiebotDialogBodyContentTex…&gt;We use cookies to personalise content and ads, to…&lt;/div&gt; from &lt;div lang="en" dir="ltr" role="dialog" tabindex="-1" …&gt;…&lt;/div&gt; subtree intercepts pointer events
retrying click action, attempt #1
  waiting for element to be visible, enabled and stable
  element is visible, enabled and stable
  scrolling into view if needed
  done scrolling
  &lt;div lang="en" id="CybotCookiebotDialogBodyContentTex…&gt;We use cookies to personalise content and ads, to…&lt;/div&gt; from &lt;div lang="en" dir="ltr" role="dialog" tabindex="-1" …&gt;…&lt;/div&gt; subtree intercepts pointer events
retrying click action, attempt #2
  waiting 20ms
  waiting for element to be visible, enabled and stable
  element is visible, enabled and stable
  scrolling into view if needed
  done scrolling
  &lt;div lang="en" id="CybotCookiebotDialogBodyContentTex…&gt;We use cookies to personalise content and ads, to…&lt;/div&gt; from &lt;div lang="en" dir="ltr" role="dialog" tabindex="-1" …&gt;…&lt;/div&gt; subtree intercepts pointer events
retrying click action, attempt #3
  waiting 100ms
  waiting for element to be visible, enabled and stable
  element is visible, enabled and stable
  scrolling into view if needed
  done scrolling
  &lt;div lang="en" id="CybotCookiebotDialogBodyContentTex…&gt;We use cookies to personalise content and ads, to…&lt;/div&gt; from &lt;div lang="en" dir="ltr" role="dialog" tabindex="-1" …&gt;…&lt;/div&gt; subtree intercepts pointer events
retrying click action, attempt #4
  waiting 100ms
  waiting for element to be visible, enabled and stable
  element is visible, enabled and stable
  scrolling into view if needed
  done scrolling
  &lt;div lang="en" id="CybotCookiebotDialogBodyContentTex…&gt;We use cookies to personalise content and ads, to…&lt;/div&gt; from &lt;div lang="en" dir="ltr" role="dialog" tabindex="-1" …&gt;…&lt;/div&gt; subtree intercepts pointer events
retrying click action, attempt #5
  waiting 500ms
  waiting for element to be visible, enabled and stable
  element is visible, enabled and stable
  scrolling into view if needed
  done scrolling
  &lt;div lang="en" id="CybotCookiebotDialogBodyContentTex…&gt;We use cookies to personalise content and ads, to…&lt;/div&gt; from &lt;div lang="en" dir="ltr" role="dialog" tabindex="-1" …&gt;…&lt;/div&gt; subtree intercepts pointer events
retrying click action, attempt #6
  waiting 500ms
  waiting for element "
	debug_error_string = "UNKNOWN:Error received from peer  {created_time:"2023-10-30T17:18:26.627577074+00:00", grpc_status:4, grpc_message:"TimeoutError: locator.click: Timeout 30000ms exceeded.\n=========================== logs ===========================\nwaiting for locator(\'xpath=(//button[normalize-space()=\\\'Continue to payment\\\'])[1]\')\n  locator resolved to &lt;button type=\"button\" class=\"chakra-button css-nhlqwi\"&gt;Continue to payment&lt;/button&gt;\nattempting click action\n  waiting for element to be visible, enabled and stable\n  element is visible, enabled and stable\n  scrolling into view if needed\n  done scrolling\n  performing click action\n  &lt;div id=\"CybotCookiebotDialogFooter\"&gt;\xe2\x80\xa6&lt;/div&gt; from &lt;div lang=\"en\" dir=\"ltr\" role=\"dialog\" tabindex=\"-1\" \xe2\x80\xa6&gt;\xe2\x80\xa6&lt;/div&gt; subtree intercepts pointer events\nretrying click action, attempt #1\n  waiting for element to be visible, enabled and stable\n  element is visible, enabled and stable\n  scrolling into view if needed\n  done scrolling\n  performing click action\n  &lt;div id=\"CybotCookiebotDialogFooter\"&gt;\xe2\x80\xa6&lt;/div&gt; from &lt;div lang=\"en\" dir=\"ltr\" role=\"dialog\" tabindex=\"-1\" \xe2\x80\xa6&gt;\xe2\x80\xa6&lt;/div&gt; subtree intercepts pointer events\nretrying click action, attempt #2\n  waiting 20ms\n  waiting for element to be visible, enabled and stable\n  element is visible, enabled and stable\n  scrolling into view if needed\n  done scrolling\n  &lt;div lang=\"en\" id=\"CybotCookiebotDialogBodyContentTex\xe2\x80\xa6&gt;We use cookies to personalise content and ads, to\xe2\x80\xa6&lt;/div&gt; from &lt;div lang=\"en\" dir=\"ltr\" role=\"dialog\" tabindex=\"-1\" \xe2\x80\xa6&gt;\xe2\x80\xa6&lt;/div&gt; subtree intercepts pointer events\nretrying click action, attempt #3\n  waiting 100ms\n  waiting for element to be visible, enabled and stable\n  element is visible, enabled and stable\n  scrolling into view if needed\n  done scrolling\n  &lt;div lang=\"en\" id=\"CybotCookiebotDialogBodyContentTex\xe2\x80\xa6&gt;We use cookies to personalise content and ads, to\xe2\x80\xa6&lt;/div&gt; from &lt;div lang=\"en\" dir=\"ltr\" role=\"dialog\" tabindex=\"-1\" \xe2\x80\xa6&gt;\xe2\x80\xa6&lt;/div&gt; subtree intercepts pointer events\nretrying click action, attempt #4\n  waiting 100ms\n  waiting for element to be visible, enabled and stable\n  element is visible, enabled and stable\n  scrolling into view if needed\n  done scrolling\n  &lt;div lang=\"en\" id=\"CybotCookiebotDialogBodyContentTex\xe2\x80\xa6&gt;We use cookies to personalise content and ads, to\xe2\x80\xa6&lt;/div&gt; from &lt;div lang=\"en\" dir=\"ltr\" role=\"dialog\" tabindex=\"-1\" \xe2\x80\xa6&gt;\xe2\x80\xa6&lt;/div&gt; subtree intercepts pointer events\nretrying click action, attempt #5\n  waiting 500ms\n  waiting for element to be visible, enabled and stable\nelement was detached from the DOM, retrying\n  locator resolved to &lt;button type=\"button\" class=\"chakra-button css-nhlqwi\"&gt;Continue to payment&lt;/button&gt;\nattempting click action\n  waiting for element to be visible, enabled and stable\n  element is visible, enabled and stable\n  scrolling into view if needed\n  done scrolling\n  &lt;div lang=\"en\" id=\"CybotCookiebotDialogBodyContentTex\xe2\x80\xa6&gt;We use cookies to personalise content and ads, to\xe2\x80\xa6&lt;/div&gt; from &lt;div lang=\"en\" dir=\"ltr\" role=\"dialog\" tabindex=\"-1\" \xe2\x80\xa6&gt;\xe2\x80\xa6&lt;/div&gt; subtree intercepts pointer events\nretrying click action, attempt #1\n  waiting for element to be visible, enabled and stable\n  element is visible, enabled and stable\n  scrolling into view if needed\n  done scrolling\n  &lt;div lang=\"en\" id=\"CybotCookiebotDialogBodyContentTex\xe2\x80\xa6&gt;We use cookies to personalise content and ads, to\xe2\x80\xa6&lt;/div&gt; from &lt;div lang=\"en\" dir=\"ltr\" role=\"dialog\" tabindex=\"-1\" \xe2\x80\xa6&gt;\xe2\x80\xa6&lt;/div&gt; subtree intercepts pointer events\nretrying click action, attempt #2\n  waiting 20ms\n  waiting for element to be visible, enabled and stable\n  element is visible, enabled and stable\n  scrolling into view if needed\n  done scrolling\n  &lt;div lang=\"en\" id=\"CybotCookiebotDialogBodyContentTex\xe2\x80\xa6&gt;We use cookies to personalise content and ads, to\xe2\x80\xa6&lt;/div&gt; from &lt;div lang=\"en\" dir=\"ltr\" role=\"dialog\" tabindex=\"-1\" \xe2\x80\xa6&gt;\xe2\x80\xa6&lt;/div&gt; subtree intercepts pointer events\nretrying click action, attempt #3\n  waiting 100ms\n  waiting for element to be visible, enabled and stable\n  element is visible, enabled and stable\n  scrolling into view if needed\n  done scrolling\n  &lt;div lang=\"en\" id=\"CybotCookiebotDialogBodyContentTex\xe2\x80\xa6&gt;We use cookies to personalise content and ads, to\xe2\x80\xa6&lt;/div&gt; from &lt;div lang=\"en\" dir=\"ltr\" role=\"dialog\" tabindex=\"-1\" \xe2\x80\xa6&gt;\xe2\x80\xa6&lt;/div&gt; subtree intercepts pointer events\nretrying click action, attempt #4\n  waiting 100ms\n  waiting for element to be visible, enabled and stable\n  element is visible, enabled and stable\n  scrolling into view if needed\n  done scrolling\n  &lt;div lang=\"en\" id=\"CybotCookiebotDialogBodyContentTex\xe2\x80\xa6&gt;We use cookies to personalise content and ads, to\xe2\x80\xa6&lt;/div&gt; from &lt;div lang=\"en\" dir=\"ltr\" role=\"dialog\" tabindex=\"-1\" \xe2\x80\xa6&gt;\xe2\x80\xa6&lt;/div&gt; subtree intercepts pointer events\nretrying click action, attempt #5\n  waiting 500ms\n  waiting for element to be visible, enabled and stable\n  element is visible, enabled and stable\n  scrolling into view if needed\n  done scrolling\n  &lt;div lang=\"en\" id=\"CybotCookiebotDialogBodyContentTex\xe2\x80\xa6&gt;We use cookies to personalise content and ads, to\xe2\x80\xa6&lt;/div&gt; from &lt;div lang=\"en\" dir=\"ltr\" role=\"dialog\" tabindex=\"-1\" \xe2\x80\xa6&gt;\xe2\x80\xa6&lt;/div&gt; subtree intercepts pointer events\nretrying click action, attempt #6\n  waiting 500ms\n  waiting for element "}"
&gt;

During handling of the above exception, another exception occurred:

Traceback (most recent call last):
  File "/opt/hostedtoolcache/Python/3.11.6/x64/lib/python3.11/site-packages/Browser/browser.py", line 1096, in run_keyword
    raise e
  File "/opt/hostedtoolcache/Python/3.11.6/x64/lib/python3.11/site-packages/Browser/browser.py", line 1085, in run_keyword
    return DynamicCore.run_keyword(self, name, args, kwargs)
           ^^^^^^^^^^^^^^^^^^^^^^^^^^^^^^^^^^^^^^^^^^^^^^^^^
  File "/opt/hostedtoolcache/Python/3.11.6/x64/lib/python3.11/site-packages/robotlibcore.py", line 126, in run_keyword
    return self.keywords[name](*args, **(kwargs or {}))
           ^^^^^^^^^^^^^^^^^^^^^^^^^^^^^^^^^^^^^^^^^^^^
  File "/opt/hostedtoolcache/Python/3.11.6/x64/lib/python3.11/site-packages/Browser/keywords/interaction.py", line 370, in click
    self.click_with_options(
  File "/opt/hostedtoolcache/Python/3.11.6/x64/lib/python3.11/site-packages/Browser/keywords/interaction.py", line 432, in click_with_options
    with self.playwright.grpc_channel() as stub:
  File "/opt/hostedtoolcache/Python/3.11.6/x64/lib/python3.11/contextlib.py", line 155, in __exit__
    self.gen.throw(typ, value, traceback)
  File "/opt/hostedtoolcache/Python/3.11.6/x64/lib/python3.11/site-packages/Browser/playwright.py", line 162, in grpc_channel
    raise AssertionError(error.details())
AssertionError: TimeoutError: locator.click: Timeout 30000ms exceeded.
=========================== logs ===========================
waiting for locator('xpath=(//button[normalize-space()=\'Continue to payment\'])[1]')
  locator resolved to &lt;button type="button" class="chakra-button css-nhlqwi"&gt;Continue to payment&lt;/button&gt;
attempting click action
  waiting for element to be visible, enabled and stable
  element is visible, enabled and stable
  scrolling into view if needed
  done scrolling
  performing click action
  &lt;div id="CybotCookiebotDialogFooter"&gt;…&lt;/div&gt; from &lt;div lang="en" dir="ltr" role="dialog" tabindex="-1" …&gt;…&lt;/div&gt; subtree intercepts pointer events
retrying click action, attempt #1
  waiting for element to be visible, enabled and stable
  element is visible, enabled and stable
  scrolling into view if needed
  done scrolling
  performing click action
  &lt;div id="CybotCookiebotDialogFooter"&gt;…&lt;/div&gt; from &lt;div lang="en" dir="ltr" role="dialog" tabindex="-1" …&gt;…&lt;/div&gt; subtree intercepts pointer events
retrying click action, attempt #2
  waiting 20ms
  waiting for element to be visible, enabled and stable
  element is visible, enabled and stable
  scrolling into view if needed
  done scrolling
  &lt;div lang="en" id="CybotCookiebotDialogBodyContentTex…&gt;We use cookies to personalise content and ads, to…&lt;/div&gt; from &lt;div lang="en" dir="ltr" role="dialog" tabindex="-1" …&gt;…&lt;/div&gt; subtree intercepts pointer events
retrying click action, attempt #3
  waiting 100ms
  waiting for element to be visible, enabled and stable
  element is visible, enabled and stable
  scrolling into view if needed
  done scrolling
  &lt;div lang="en" id="CybotCookiebotDialogBodyContentTex…&gt;We use cookies to personalise content and ads, to…&lt;/div&gt; from &lt;div lang="en" dir="ltr" role="dialog" tabindex="-1" …&gt;…&lt;/div&gt; subtree intercepts pointer events
retrying click action, attempt #4
  waiting 100ms
  waiting for element to be visible, enabled and stable
  element is visible, enabled and stable
  scrolling into view if needed
  done scrolling
  &lt;div lang="en" id="CybotCookiebotDialogBodyContentTex…&gt;We use cookies to personalise content and ads, to…&lt;/div&gt; from &lt;div lang="en" dir="ltr" role="dialog" tabindex="-1" …&gt;…&lt;/div&gt; subtree intercepts pointer events
retrying click action, attempt #5
  waiting 500ms
  waiting for element to be visible, enabled and stable
element was detached from the DOM, retrying
  locator resolved to &lt;button type="button" class="chakra-button css-nhlqwi"&gt;Continue to payment&lt;/button&gt;
attempting click action
  waiting for element to be visible, enabled and stable
  element is visible, enabled and stable
  scrolling into view if needed
  done scrolling
  &lt;div lang="en" id="CybotCookiebotDialogBodyContentTex…&gt;We use cookies to personalise content and ads, to…&lt;/div&gt; from &lt;div lang="en" dir="ltr" role="dialog" tabindex="-1" …&gt;…&lt;/div&gt; subtree intercepts pointer events
retrying click action, attempt #1
  waiting for element to be visible, enabled and stable
  element is visible, enabled and stable
  scrolling into view if needed
  done scrolling
  &lt;div lang="en" id="CybotCookiebotDialogBodyContentTex…&gt;We use cookies to personalise content and ads, to…&lt;/div&gt; from &lt;div lang="en" dir="ltr" role="dialog" tabindex="-1" …&gt;…&lt;/div&gt; subtree intercepts pointer events
retrying click action, attempt #2
  waiting 20ms
  waiting for element to be visible, enabled and stable
  element is visible, enabled and stable
  scrolling into view if needed
  done scrolling
  &lt;div lang="en" id="CybotCookiebotDialogBodyContentTex…&gt;We use cookies to personalise content and ads, to…&lt;/div&gt; from &lt;div lang="en" dir="ltr" role="dialog" tabindex="-1" …&gt;…&lt;/div&gt; subtree intercepts pointer events
retrying click action, attempt #3
  waiting 100ms
  waiting for element to be visible, enabled and stable
  element is visible, enabled and stable
  scrolling into view if needed
  done scrolling
  &lt;div lang="en" id="CybotCookiebotDialogBodyContentTex…&gt;We use cookies to personalise content and ads, to…&lt;/div&gt; from &lt;div lang="en" dir="ltr" role="dialog" tabindex="-1" …&gt;…&lt;/div&gt; subtree intercepts pointer events
retrying click action, attempt #4
  waiting 100ms
  waiting for element to be visible, enabled and stable
  element is visible, enabled and stable
  scrolling into view if needed
  done scrolling
  &lt;div lang="en" id="CybotCookiebotDialogBodyContentTex…&gt;We use cookies to personalise content and ads, to…&lt;/div&gt; from &lt;div lang="en" dir="ltr" role="dialog" tabindex="-1" …&gt;…&lt;/div&gt; subtree intercepts pointer events
retrying click action, attempt #5
  waiting 500ms
  waiting for element to be visible, enabled and stable
  element is visible, enabled and stable
  scrolling into view if needed
  done scrolling
  &lt;div lang="en" id="CybotCookiebotDialogBodyContentTex…&gt;We use cookies to personalise content and ads, to…&lt;/div&gt; from &lt;div lang="en" dir="ltr" role="dialog" tabindex="-1" …&gt;…&lt;/div&gt; subtree intercepts pointer events
retrying click action, attempt #6
  waiting 500ms
  waiting for element 
Tip: Use "Set Browser Timeout" for increasing the timeout or double check your locator as the targeted element(s) couldn't be found.</msg>
<status status="FAIL" starttime="20231030 17:17:56.619" endtime="20231030 17:18:26.747"/>
</kw>
<status status="FAIL" starttime="20231030 17:17:56.618" endtime="20231030 17:18:26.747"/>
</kw>
<kw name="Select Join for Free" library="booking">
<status status="NOT RUN" starttime="20231030 17:18:26.748" endtime="20231030 17:18:26.748"/>
</kw>
<tag>smoke, booking, BUI2-556, online-checkin</tag>
<status status="FAIL" starttime="20231030 17:17:52.872" endtime="20231030 17:18:26.748">TimeoutError: locator.click: Timeout 30000ms exceeded.
=========================== logs ===========================
waiting for locator('xpath=(//button[normalize-space()=\'Continue to payment\'])[1]')
  locator resolved to &lt;button type="button" class="chakra-button css-nhlqwi"&gt;Continue to payment&lt;/button&gt;
attempting click action
  waiting for element to be visible, enabled and stable
  element is visible, enabled and stable
  scrolling into view if needed
  done scrolling
  performing click action
  &lt;div id="CybotCookiebotDialogFooter"&gt;…&lt;/div&gt; from &lt;div lang="en" dir="ltr" role="dialog" tabindex="-1" …&gt;…&lt;/div&gt; subtree intercepts pointer events
retrying click action, attempt #1
  waiting for element to be visible, enabled and stable
  element is visible, enabled and stable
  scrolling into view if needed
  done scrolling
  performing click action
    [ Message content over the limit has been removed. ]
  element is visible, enabled and stable
  scrolling into view if needed
  done scrolling
  &lt;div lang="en" id="CybotCookiebotDialogBodyContentTex…&gt;We use cookies to personalise content and ads, to…&lt;/div&gt; from &lt;div lang="en" dir="ltr" role="dialog" tabindex="-1" …&gt;…&lt;/div&gt; subtree intercepts pointer events
retrying click action, attempt #5
  waiting 500ms
  waiting for element to be visible, enabled and stable
  element is visible, enabled and stable
  scrolling into view if needed
  done scrolling
  &lt;div lang="en" id="CybotCookiebotDialogBodyContentTex…&gt;We use cookies to personalise content and ads, to…&lt;/div&gt; from &lt;div lang="en" dir="ltr" role="dialog" tabindex="-1" …&gt;…&lt;/div&gt; subtree intercepts pointer events
retrying click action, attempt #6
  waiting 500ms
  waiting for element 
Tip: Use "Set Browser Timeout" for increasing the timeout or double check your locator as the targeted element(s) couldn't be found.</status>
</test>
<test id="s1-t4" name="Fill in Booker Contact Information" line="29">
<kw name="Fill in Contact Information" library="booking">
<doc>Fills in Contact information that can be given as arguments or use default values
Uses a password if the environment is bui and</doc>
<msg timestamp="20231030 17:18:26.756" level="TRACE">Arguments: [ ${firstName}='Mos' | ${lastName}='Def' | ${phone}='401705972' | ${ssn}='170479-371J' | ${env}='bui' ]</msg>
<kw name="Create Email and Return Inbox" library="common">
<var>${inbox}</var>
<doc>Creates a new email address and returns the inbox object</doc>
<msg timestamp="20231030 17:18:26.756" level="TRACE">Arguments: [  ]</msg>
<kw name="Create new Inbox">
<var>${inbox}</var>
<msg timestamp="20231030 17:18:26.765" level="FAIL">No keyword with name 'Create new Inbox' found.</msg>
<status status="FAIL" starttime="20231030 17:18:26.765" endtime="20231030 17:18:26.765"/>
</kw>
<kw name="Log To Console" library="BuiltIn">
<arg>${inbox.id}</arg>
<doc>Logs the given message to the console.</doc>
<status status="NOT RUN" starttime="20231030 17:18:26.765" endtime="20231030 17:18:26.765"/>
</kw>
<status status="FAIL" starttime="20231030 17:18:26.756" endtime="20231030 17:18:26.765"/>
</kw>
<kw name="Click and Fill" library="common">
<arg>id=firstName</arg>
<arg>${firstName}</arg>
<doc>A keyword combination of Click and Fill Text since most of the form fields need a click</doc>
<status status="NOT RUN" starttime="20231030 17:18:26.765" endtime="20231030 17:18:26.765"/>
</kw>
<kw name="Click and Fill" library="common">
<arg>id=lastName</arg>
<arg>${lastName}</arg>
<doc>A keyword combination of Click and Fill Text since most of the form fields need a click</doc>
<status status="NOT RUN" starttime="20231030 17:18:26.766" endtime="20231030 17:18:26.766"/>
</kw>
<kw name="Click and Fill" library="common">
<arg>id=email</arg>
<arg>${inbox.email_address}</arg>
<doc>A keyword combination of Click and Fill Text since most of the form fields need a click</doc>
<status status="NOT RUN" starttime="20231030 17:18:26.766" endtime="20231030 17:18:26.766"/>
</kw>
<kw name="Get Url" library="Browser">
<var>${u}</var>
<tag>Assertion</tag>
<tag>Getter</tag>
<tag>PageContent</tag>
<doc>Returns the current URL.</doc>
<status status="NOT RUN" starttime="20231030 17:18:26.766" endtime="20231030 17:18:26.766"/>
</kw>
<kw name="Get Environment From Url" library="Helpers">
<var>${e}</var>
<arg>${u}</arg>
<status status="NOT RUN" starttime="20231030 17:18:26.766" endtime="20231030 17:18:26.766"/>
</kw>
<if>
<branch type="IF" condition="'${e}' == 'test-kensington'">
<kw name="Click and Fill" library="common">
<arg>id=phoneNumber</arg>
<arg>${phone.uk}</arg>
<doc>A keyword combination of Click and Fill Text since most of the form fields need a click</doc>
<status status="NOT RUN" starttime="20231030 17:18:26.766" endtime="20231030 17:18:26.767"/>
</kw>
<status status="NOT RUN" starttime="20231030 17:18:26.766" endtime="20231030 17:18:26.767"/>
</branch>
<branch type="ELSE">
<kw name="Click and Fill" library="common">
<arg>id=phoneNumber</arg>
<arg>${phone}</arg>
<doc>A keyword combination of Click and Fill Text since most of the form fields need a click</doc>
<status status="NOT RUN" starttime="20231030 17:18:26.767" endtime="20231030 17:18:26.767"/>
</kw>
<status status="NOT RUN" starttime="20231030 17:18:26.767" endtime="20231030 17:18:26.767"/>
</branch>
<status status="NOT RUN" starttime="20231030 17:18:26.766" endtime="20231030 17:18:26.767"/>
</if>
<kw name="Log To Console" library="BuiltIn">
<arg>${inbox.id}</arg>
<doc>Logs the given message to the console.</doc>
<status status="NOT RUN" starttime="20231030 17:18:26.767" endtime="20231030 17:18:26.767"/>
</kw>
<kw name="Set Suite Variable" library="BuiltIn">
<arg>$ID</arg>
<arg>${inbox.id}</arg>
<doc>Makes a variable available everywhere within the scope of the current suite.</doc>
<status status="NOT RUN" starttime="20231030 17:18:26.767" endtime="20231030 17:18:26.767"/>
</kw>
<kw name="Get Element Count" library="Browser">
<var>${passwordVisible}</var>
<arg>id=password</arg>
<tag>Assertion</tag>
<tag>Getter</tag>
<tag>PageContent</tag>
<doc>Returns the count of elements found with ``selector``.</doc>
<status status="NOT RUN" starttime="20231030 17:18:26.767" endtime="20231030 17:18:26.768"/>
</kw>
<if>
<branch type="IF" condition="'${env}'=='bui' and '${passwordVisible}'&gt;'0'">
<kw name="Click and Fill" library="common">
<arg>id=password</arg>
<arg>${password}</arg>
<doc>A keyword combination of Click and Fill Text since most of the form fields need a click</doc>
<status status="NOT RUN" starttime="20231030 17:18:26.768" endtime="20231030 17:18:26.768"/>
</kw>
<status status="NOT RUN" starttime="20231030 17:18:26.768" endtime="20231030 17:18:26.768"/>
</branch>
<branch type="ELSE">
<kw name="Log To Console" library="BuiltIn">
<arg>No password filled</arg>
<doc>Logs the given message to the console.</doc>
<status status="NOT RUN" starttime="20231030 17:18:26.768" endtime="20231030 17:18:26.768"/>
</kw>
<status status="NOT RUN" starttime="20231030 17:18:26.768" endtime="20231030 17:18:26.768"/>
</branch>
<status status="NOT RUN" starttime="20231030 17:18:26.768" endtime="20231030 17:18:26.768"/>
</if>
<status status="FAIL" starttime="20231030 17:18:26.755" endtime="20231030 17:18:26.769"/>
</kw>
<kw name="Accept offers and Terms" library="booking">
<status status="NOT RUN" starttime="20231030 17:18:26.769" endtime="20231030 17:18:26.769"/>
</kw>
<tag>smoke, booking, BUI2-556, online-checkin</tag>
<status status="FAIL" starttime="20231030 17:18:26.755" endtime="20231030 17:18:26.769">No keyword with name 'Create new Inbox' found.</status>
</test>
<test id="s1-t5" name="Pay using Web Bank and Nordea" line="33">
<kw name="Select Web Bank and Nordea as Payment Method" library="booking">
<msg timestamp="20231030 17:18:26.777" level="TRACE">Arguments: [  ]</msg>
<kw name="Click" library="Browser">
<arg>//div[contains(text(), "Web bank payment")]</arg>
<tag>PageContent</tag>
<tag>Setter</tag>
<doc>Simulates mouse click on the element found by ``selector``.</doc>
<msg timestamp="20231030 17:18:26.777" level="TRACE">Arguments: [ '//div[contains(text(), "Web bank payment")]' ]</msg>
<msg timestamp="20231030 17:18:26.778" level="DEBUG">Click options are: {"button": "left", "clickCount": 1, "force": false, "noWaitAfter": false, "trial": false}</msg>
<msg timestamp="20231030 17:18:56.878" level="DEBUG">Screenshot successfully captured to: /home/runner/work/nelson-test-automation/nelson-test-automation/reports/test3/browser/screenshot/fail-screenshot-2.png</msg>
<msg timestamp="20231030 17:18:56.878" level="INFO" html="true">&lt;/td&gt;&lt;/tr&gt;&lt;tr&gt;&lt;td colspan="3"&gt;&lt;a href="browser/screenshot/fail-screenshot-2.png" target="_blank"&gt;&lt;img src="browser/screenshot/fail-screenshot-2.png" width="800px"/&gt;&lt;/a&gt;</msg>
<msg timestamp="20231030 17:18:56.878" level="INFO">See also file:///home/runner/work/nelson-test-automation/nelson-test-automation/reports/test3/playwright-log.txt for additional details.</msg>
<msg timestamp="20231030 17:18:56.879" level="FAIL">TimeoutError: locator.click: Timeout 30000ms exceeded.
=========================== logs ===========================
waiting for locator('xpath=//div[contains(text(), "Web bank payment")]')
============================================================
Tip: Use "Set Browser Timeout" for increasing the timeout or double check your locator as the targeted element(s) couldn't be found.</msg>
<msg timestamp="20231030 17:18:56.879" level="DEBUG">Traceback (most recent call last):
  File "/opt/hostedtoolcache/Python/3.11.6/x64/lib/python3.11/site-packages/Browser/playwright.py", line 158, in grpc_channel
    yield playwright_pb2_grpc.PlaywrightStub(self._channel)
  File "/opt/hostedtoolcache/Python/3.11.6/x64/lib/python3.11/site-packages/Browser/keywords/interaction.py", line 450, in click_with_options
    response = stub.Click(
               ^^^^^^^^^^^
  File "/opt/hostedtoolcache/Python/3.11.6/x64/lib/python3.11/site-packages/grpc/_channel.py", line 1161, in __call__
    return _end_unary_response_blocking(state, call, False, None)
           ^^^^^^^^^^^^^^^^^^^^^^^^^^^^^^^^^^^^^^^^^^^^^^^^^^^^^^
  File "/opt/hostedtoolcache/Python/3.11.6/x64/lib/python3.11/site-packages/grpc/_channel.py", line 1004, in _end_unary_response_blocking
    raise _InactiveRpcError(state)  # pytype: disable=not-instantiable
    ^^^^^^^^^^^^^^^^^^^^^^^^^^^^^^
grpc._channel._InactiveRpcError: &lt;_InactiveRpcError of RPC that terminated with:
	status = StatusCode.DEADLINE_EXCEEDED
	details = "TimeoutError: locator.click: Timeout 30000ms exceeded.
=========================== logs ===========================
waiting for locator('xpath=//div[contains(text(), "Web bank payment")]')
============================================================"
	debug_error_string = "UNKNOWN:Error received from peer  {created_time:"2023-10-30T17:18:56.778656597+00:00", grpc_status:4, grpc_message:"TimeoutError: locator.click: Timeout 30000ms exceeded.\n=========================== logs ===========================\nwaiting for locator(\'xpath=//div[contains(text(), \"Web bank payment\")]\')\n============================================================"}"
&gt;

During handling of the above exception, another exception occurred:

Traceback (most recent call last):
  File "/opt/hostedtoolcache/Python/3.11.6/x64/lib/python3.11/site-packages/Browser/browser.py", line 1096, in run_keyword
    raise e
  File "/opt/hostedtoolcache/Python/3.11.6/x64/lib/python3.11/site-packages/Browser/browser.py", line 1085, in run_keyword
    return DynamicCore.run_keyword(self, name, args, kwargs)
           ^^^^^^^^^^^^^^^^^^^^^^^^^^^^^^^^^^^^^^^^^^^^^^^^^
  File "/opt/hostedtoolcache/Python/3.11.6/x64/lib/python3.11/site-packages/robotlibcore.py", line 126, in run_keyword
    return self.keywords[name](*args, **(kwargs or {}))
           ^^^^^^^^^^^^^^^^^^^^^^^^^^^^^^^^^^^^^^^^^^^^
  File "/opt/hostedtoolcache/Python/3.11.6/x64/lib/python3.11/site-packages/Browser/keywords/interaction.py", line 370, in click
    self.click_with_options(
  File "/opt/hostedtoolcache/Python/3.11.6/x64/lib/python3.11/site-packages/Browser/keywords/interaction.py", line 432, in click_with_options
    with self.playwright.grpc_channel() as stub:
  File "/opt/hostedtoolcache/Python/3.11.6/x64/lib/python3.11/contextlib.py", line 155, in __exit__
    self.gen.throw(typ, value, traceback)
  File "/opt/hostedtoolcache/Python/3.11.6/x64/lib/python3.11/site-packages/Browser/playwright.py", line 162, in grpc_channel
    raise AssertionError(error.details())
AssertionError: TimeoutError: locator.click: Timeout 30000ms exceeded.
=========================== logs ===========================
waiting for locator('xpath=//div[contains(text(), "Web bank payment")]')
============================================================
Tip: Use "Set Browser Timeout" for increasing the timeout or double check your locator as the targeted element(s) couldn't be found.</msg>
<status status="FAIL" starttime="20231030 17:18:26.777" endtime="20231030 17:18:56.879"/>
</kw>
<kw name="Click" library="Browser">
<arg>//p[contains(text(), 'Nordea')]</arg>
<tag>PageContent</tag>
<tag>Setter</tag>
<doc>Simulates mouse click on the element found by ``selector``.</doc>
<status status="NOT RUN" starttime="20231030 17:18:56.880" endtime="20231030 17:18:56.880"/>
</kw>
<kw name="Click" library="Browser">
<arg>(//div[contains(@view,"payment")]//button[contains(text(), "Pay")])[1]</arg>
<tag>PageContent</tag>
<tag>Setter</tag>
<doc>Simulates mouse click on the element found by ``selector``.</doc>
<status status="NOT RUN" starttime="20231030 17:18:56.880" endtime="20231030 17:18:56.880"/>
</kw>
<status status="FAIL" starttime="20231030 17:18:26.774" endtime="20231030 17:18:56.880"/>
</kw>
<kw name="Complete Payment Successfully" library="booking">
<status status="NOT RUN" starttime="20231030 17:18:56.881" endtime="20231030 17:18:56.881"/>
</kw>
<tag>smoke, booking, BUI2-556, online-checkin</tag>
<status status="FAIL" starttime="20231030 17:18:26.773" endtime="20231030 17:18:56.881">TimeoutError: locator.click: Timeout 30000ms exceeded.
=========================== logs ===========================
waiting for locator('xpath=//div[contains(text(), "Web bank payment")]')
============================================================
Tip: Use "Set Browser Timeout" for increasing the timeout or double check your locator as the targeted element(s) couldn't be found.</status>
</test>
<test id="s1-t6" name="Check In Online" line="37">
<kw name="Click Check In Button" library="booking">
<msg timestamp="20231030 17:18:56.885" level="TRACE">Arguments: [  ]</msg>
<kw name="Wait Until Visible" library="common">
<arg>(//button[text()="Check in"])[1]</arg>
<doc>An easier keyword for waiting until an element is visible</doc>
<msg timestamp="20231030 17:18:56.885" level="TRACE">Arguments: [ ${element}='(//button[text()="Check in"])[1]' ]</msg>
<kw name="Wait For Elements State" library="Browser">
<arg>${element}</arg>
<arg>visible</arg>
<arg>timeout=${timeout}</arg>
<tag>PageContent</tag>
<tag>Wait</tag>
<doc>Waits for the element found by ``selector`` to satisfy state option.</doc>
<msg timestamp="20231030 17:18:56.886" level="TRACE">Arguments: [ '(//button[text()="Check in"])[1]' | &lt;ElementState.visible: 4&gt; | timeout=datetime.timedelta(seconds=30) ]</msg>
<msg timestamp="20231030 17:19:26.978" level="DEBUG">Screenshot successfully captured to: /home/runner/work/nelson-test-automation/nelson-test-automation/reports/test3/browser/screenshot/fail-screenshot-3.png</msg>
<msg timestamp="20231030 17:19:26.978" level="INFO" html="true">&lt;/td&gt;&lt;/tr&gt;&lt;tr&gt;&lt;td colspan="3"&gt;&lt;a href="browser/screenshot/fail-screenshot-3.png" target="_blank"&gt;&lt;img src="browser/screenshot/fail-screenshot-3.png" width="800px"/&gt;&lt;/a&gt;</msg>
<msg timestamp="20231030 17:19:26.979" level="INFO">See also file:///home/runner/work/nelson-test-automation/nelson-test-automation/reports/test3/playwright-log.txt for additional details.</msg>
<msg timestamp="20231030 17:19:26.979" level="FAIL">TimeoutError: locator.waitFor: Timeout 30000ms exceeded.
=========================== logs ===========================
waiting for locator('xpath=(//button[text()="Check in"])[1]') to be visible
============================================================
Tip: Use "Set Browser Timeout" for increasing the timeout or double check your locator as the targeted element(s) couldn't be found.</msg>
<msg timestamp="20231030 17:19:26.980" level="DEBUG">Traceback (most recent call last):
  File "/opt/hostedtoolcache/Python/3.11.6/x64/lib/python3.11/site-packages/Browser/playwright.py", line 158, in grpc_channel
    yield playwright_pb2_grpc.PlaywrightStub(self._channel)
  File "/opt/hostedtoolcache/Python/3.11.6/x64/lib/python3.11/site-packages/Browser/keywords/waiter.py", line 140, in _wait_for_elements_state
    response = stub.WaitForElementsState(
               ^^^^^^^^^^^^^^^^^^^^^^^^^^
  File "/opt/hostedtoolcache/Python/3.11.6/x64/lib/python3.11/site-packages/grpc/_channel.py", line 1161, in __call__
    return _end_unary_response_blocking(state, call, False, None)
           ^^^^^^^^^^^^^^^^^^^^^^^^^^^^^^^^^^^^^^^^^^^^^^^^^^^^^^
  File "/opt/hostedtoolcache/Python/3.11.6/x64/lib/python3.11/site-packages/grpc/_channel.py", line 1004, in _end_unary_response_blocking
    raise _InactiveRpcError(state)  # pytype: disable=not-instantiable
    ^^^^^^^^^^^^^^^^^^^^^^^^^^^^^^
grpc._channel._InactiveRpcError: &lt;_InactiveRpcError of RPC that terminated with:
	status = StatusCode.DEADLINE_EXCEEDED
	details = "TimeoutError: locator.waitFor: Timeout 30000ms exceeded.
=========================== logs ===========================
waiting for locator('xpath=(//button[text()="Check in"])[1]') to be visible
============================================================"
	debug_error_string = "UNKNOWN:Error received from peer  {created_time:"2023-10-30T17:19:26.887743469+00:00", grpc_status:4, grpc_message:"TimeoutError: locator.waitFor: Timeout 30000ms exceeded.\n=========================== logs ===========================\nwaiting for locator(\'xpath=(//button[text()=\"Check in\"])[1]\') to be visible\n============================================================"}"
&gt;

During handling of the above exception, another exception occurred:

Traceback (most recent call last):
  File "/opt/hostedtoolcache/Python/3.11.6/x64/lib/python3.11/site-packages/Browser/browser.py", line 1096, in run_keyword
    raise e
  File "/opt/hostedtoolcache/Python/3.11.6/x64/lib/python3.11/site-packages/Browser/browser.py", line 1085, in run_keyword
    return DynamicCore.run_keyword(self, name, args, kwargs)
           ^^^^^^^^^^^^^^^^^^^^^^^^^^^^^^^^^^^^^^^^^^^^^^^^^
[...]
<msg timestamp="20231030 17:19:26.986" level="TRACE">Arguments: [ datetime.timedelta(seconds=300) ]</msg>
<msg timestamp="20231030 17:19:26.988" level="INFO">Set timeout to: 300000</msg>
<msg timestamp="20231030 17:19:26.988" level="TRACE">Return: '30 seconds'</msg>
<status status="PASS" starttime="20231030 17:19:26.986" endtime="20231030 17:19:26.988"/>
</kw>
<kw name="Is Element Found" library="common">
<var>${availableInFound}</var>
<arg>//p[contains(text(), "Available in")]</arg>
<doc>A keyword that has a very complex way of figuring out whether an
element is found or not because I had trouble with the built-in keywords
Can be solved differently if you have a better idea</doc>
<msg timestamp="20231030 17:19:26.988" level="TRACE">Arguments: [ ${selector}='//p[contains(text(), "Available in")]' ]</msg>
<kw name="Set Browser Timeout" library="Browser">
<arg>10s</arg>
<tag>Config</tag>
<tag>Setter</tag>
<doc>Sets the timeout used by most input and getter keywords.</doc>
<msg timestamp="20231030 17:19:26.989" level="TRACE">Arguments: [ datetime.timedelta(seconds=10) ]</msg>
<msg timestamp="20231030 17:19:26.991" level="INFO">Set timeout to: 10000</msg>
<msg timestamp="20231030 17:19:26.991" level="TRACE">Return: '5 minutes'</msg>
<status status="PASS" starttime="20231030 17:19:26.989" endtime="20231030 17:19:26.991"/>
</kw>
<try>
<branch type="TRY">
<kw name="Get Elements" library="Browser">
<var>${els}</var>
<arg>${selector}</arg>
<tag>Getter</tag>
<tag>PageContent</tag>
<doc>Returns a reference to Playwright [https://playwright.dev/docs/api/class-locator|Locator]
for all matched elements by ``selector``.</doc>
<msg timestamp="20231030 17:19:26.991" level="TRACE">Arguments: [ '//p[contains(text(), "Available in")]' ]</msg>
<msg timestamp="20231030 17:19:36.996" level="INFO">Found  Locators successfully.</msg>
<msg timestamp="20231030 17:19:36.997" level="DEBUG">[]</msg>
<msg timestamp="20231030 17:19:36.997" level="TRACE">Return: []</msg>
<msg timestamp="20231030 17:19:36.997" level="INFO">${els} = []</msg>
<status status="PASS" starttime="20231030 17:19:26.991" endtime="20231030 17:19:36.997"/>
</kw>
<kw name="Get Length" library="BuiltIn">
<var>${count}</var>
<arg>${els}</arg>
<doc>Returns and logs the length of the given item as an integer.</doc>
<msg timestamp="20231030 17:19:36.997" level="TRACE">Arguments: [ [] ]</msg>
<msg timestamp="20231030 17:19:36.997" level="INFO">Length is 0</msg>
<msg timestamp="20231030 17:19:36.997" level="TRACE">Return: 0</msg>
<msg timestamp="20231030 17:19:36.998" level="INFO">${count} = 0</msg>
<status status="PASS" starttime="20231030 17:19:36.997" endtime="20231030 17:19:36.998"/>
</kw>
<if>
<branch type="IF" condition="${count} &gt; 0">
<kw name="Set Variable" library="BuiltIn">
<var>${visible}</var>
<arg>True</arg>
<doc>Returns the given values which can then be assigned to a variables.</doc>
<status status="NOT RUN" starttime="20231030 17:19:36.998" endtime="20231030 17:19:36.998"/>
</kw>
<status status="NOT RUN" starttime="20231030 17:19:36.998" endtime="20231030 17:19:36.998"/>
</branch>
<branch type="ELSE">
<kw name="Set Variable" library="BuiltIn">
<var>${visible}</var>
<arg>False</arg>
<doc>Returns the given values which can then be assigned to a variables.</doc>
<msg timestamp="20231030 17:19:36.999" level="TRACE">Arguments: [ 'False' ]</msg>
<msg timestamp="20231030 17:19:36.999" level="TRACE">Return: 'False'</msg>
<msg timestamp="20231030 17:19:36.999" level="INFO">${visible} = False</msg>
<status status="PASS" starttime="20231030 17:19:36.999" endtime="20231030 17:19:36.999"/>
</kw>
<status status="PASS" starttime="20231030 17:19:36.998" endtime="20231030 17:19:36.999"/>
</branch>
<status status="PASS" starttime="20231030 17:19:36.998" endtime="20231030 17:19:36.999"/>
</if>
<status status="PASS" starttime="20231030 17:19:26.991" endtime="20231030 17:19:36.999"/>
</branch>
<branch type="EXCEPT">
<kw name="Set Variable" library="BuiltIn">
<var>${visible}</var>
<arg>False</arg>
<doc>Returns the given values which can then be assigned to a variables.</doc>
<status status="NOT RUN" starttime="20231030 17:19:37.000" endtime="20231030 17:19:37.000"/>
</kw>
<status status="NOT RUN" starttime="20231030 17:19:36.999" endtime="20231030 17:19:37.000"/>
</branch>
<status status="PASS" starttime="20231030 17:19:26.991" endtime="20231030 17:19:37.000"/>
</try>
<kw name="Set Browser Timeout" library="Browser">
<arg>${timeout}</arg>
<tag>Config</tag>
<tag>Setter</tag>
<doc>Sets the timeout used by most input and getter keywords.</doc>
<msg timestamp="20231030 17:19:37.001" level="TRACE">Arguments: [ datetime.timedelta(seconds=30) ]</msg>
<msg timestamp="20231030 17:19:37.003" level="INFO">Set timeout to: 30000</msg>
<msg timestamp="20231030 17:19:37.003" level="TRACE">Return: '10 seconds'</msg>
<status status="PASS" starttime="20231030 17:19:37.000" endtime="20231030 17:19:37.003"/>
</kw>
<msg timestamp="20231030 17:19:37.003" level="TRACE">Return: 'False'</msg>
<msg timestamp="20231030 17:19:37.003" level="INFO">${availableInFound} = False</msg>
<status status="PASS" starttime="20231030 17:19:26.988" endtime="20231030 17:19:37.003"/>
</kw>
<while condition="${availableInFound}">
<iter>
<kw name="Sleep" library="BuiltIn">
<arg>15s</arg>
<doc>Pauses the test executed for the given time.</doc>
<status status="NOT RUN" starttime="20231030 17:19:37.004" endtime="20231030 17:19:37.004"/>
</kw>
<kw name="Reload" library="Browser">
<tag>BrowserControl</tag>
<tag>Setter</tag>
<doc>Reloads current active page.</doc>
<status status="NOT RUN" starttime="20231030 17:19:37.004" endtime="20231030 17:19:37.004"/>
</kw>
<kw name="Is Element Found" library="common">
<var>${availableInFound}</var>
<arg>//p[contains(text(), "Available in")]</arg>
<doc>A keyword that has a very complex way of figuring out whether an
element is found or not because I had trouble with the built-in keywords
Can be solved differently if you have a better idea</doc>
<status status="NOT RUN" starttime="20231030 17:19:37.004" endtime="20231030 17:19:37.004"/>
</kw>
<status status="NOT RUN" starttime="20231030 17:19:37.003" endtime="20231030 17:19:37.004"/>
</iter>
<status status="NOT RUN" starttime="20231030 17:19:37.003" endtime="20231030 17:19:37.004"/>
</while>
<kw name="Set Browser Timeout" library="Browser">
<arg>${timeout}</arg>
<tag>Config</tag>
<tag>Setter</tag>
<doc>Sets the timeout used by most input and getter keywords.</doc>
<msg timestamp="20231030 17:19:37.005" level="TRACE">Arguments: [ datetime.timedelta(seconds=30) ]</msg>
<msg timestamp="20231030 17:19:37.005" level="TRACE">Return: '30 seconds'</msg>
<status status="PASS" starttime="20231030 17:19:37.005" endtime="20231030 17:19:37.005"/>
</kw>
<kw name="Check for Payment Ok Modal" library="checkin">
<doc>Workaround to closing modal until it is fixed</doc>
<msg timestamp="20231030 17:19:37.005" level="TRACE">Arguments: [  ]</msg>
<kw name="Is Element Visible" library="common">
<var>${modalIsVisible}</var>
<arg>//section[contains(@class, 'chakra')]</arg>
<msg timestamp="20231030 17:19:37.005" level="TRACE">Arguments: [ ${selector}="//section[contains(@class, 'chakra')]" ]</msg>
<kw name="Get Element States" library="Browser">
<var>${isVisible}</var>
<arg>${selector}</arg>
<arg>then</arg>
<arg>bool(value &amp; visible)</arg>
<tag>Assertion</tag>
<tag>Getter</tag>
<tag>PageContent</tag>
<doc>Get the active states from the element found by ``selector``.</doc>
<msg timestamp="20231030 17:19:37.006" level="TRACE">Arguments: [ "//section[contains(@class, 'chakra')]" | &lt;AssertionOperator.then: 'then'&gt; | 'bool(value &amp; visible)' ]</msg>
<msg timestamp="20231030 17:19:37.258" level="DEBUG">States: 2</msg>
<msg timestamp="20231030 17:19:37.258" level="DEBUG">Assertion polling statistics:
First element asserted in: 0.2519872188568115 seconds
Total tries: 1
Elapsed time in retries 0.0 seconds</msg>
<msg timestamp="20231030 17:19:37.258" level="TRACE">Return: False</msg>
<msg timestamp="20231030 17:19:37.258" level="INFO">${isVisible} = False</msg>
<status status="PASS" starttime="20231030 17:19:37.006" endtime="20231030 17:19:37.258"/>
</kw>
<msg timestamp="20231030 17:19:37.259" level="TRACE">Return: False</msg>
<msg timestamp="20231030 17:19:37.259" level="INFO">${modalIsVisible} = False</msg>
<status status="PASS" starttime="20231030 17:19:37.005" endtime="20231030 17:19:37.259"/>
</kw>
<if>
<branch type="IF" condition="${modalIsVisible}">
<kw name="Click" library="Browser">
<arg>//button[contains(text(),'Ok')]</arg>
<tag>PageContent</tag>
<tag>Setter</tag>
<doc>Simulates mouse click on the element found by ``selector``.</doc>
<status status="NOT RUN" starttime="20231030 17:19:37.259" endtime="20231030 17:19:37.259"/>
</kw>
<status status="NOT RUN" starttime="20231030 17:19:37.259" endtime="20231030 17:19:37.259"/>
</branch>
<status status="PASS" starttime="20231030 17:19:37.259" endtime="20231030 17:19:37.260"/>
</if>
<msg timestamp="20231030 17:19:37.260" level="TRACE">Return: None</msg>
<status status="PASS" starttime="20231030 17:19:37.005" endtime="20231030 17:19:37.260"/>
</kw>
<msg timestamp="20231030 17:19:37.260" level="TRACE">Return: None</msg>
<status status="PASS" starttime="20231030 17:19:26.986" endtime="20231030 17:19:37.260"/>
</kw>
<kw name="Check Door Code and verify it is not empty" library="checkin">
<msg timestamp="20231030 17:19:37.260" level="TRACE">Arguments: [  ]</msg>
<kw name="Get Text" library="Browser">
<var>${doorCode}</var>
<arg>//*[contains(text(), "Door code")]/following-sibling::*</arg>
<tag>Assertion</tag>
<tag>Getter</tag>
<tag>PageContent</tag>
<doc>Returns text attribute of the element found by ``selector``.</doc>
<msg timestamp="20231030 17:19:37.261" level="TRACE">Arguments: [ '//*[contains(text(), "Door code")]/following-sibling::*' ]</msg>
<msg timestamp="20231030 17:20:07.356" level="DEBUG">Screenshot successfully captured to: /home/runner/work/nelson-test-automation/nelson-test-automation/reports/test3/browser/screenshot/fail-screenshot-4.png</msg>
<msg timestamp="20231030 17:20:07.356" level="INFO" html="true">&lt;/td&gt;&lt;/tr&gt;&lt;tr&gt;&lt;td colspan="3"&gt;&lt;a href="browser/screenshot/fail-screenshot-4.png" target="_blank"&gt;&lt;img src="browser/screenshot/fail-screenshot-4.png" width="800px"/&gt;&lt;/a&gt;</msg>
<msg timestamp="20231030 17:20:07.357" level="INFO">See also file:///home/runner/work/nelson-test-automation/nelson-test-automation/reports/test3/playwright-log.txt for additional details.</msg>
<msg timestamp="20231030 17:20:07.357" level="FAIL">TimeoutError: locator.elementHandle: Timeout 30000ms exceeded.
=========================== logs ===========================
waiting for locator('xpath=//*[contains(text(), "Door code")]/following-sibling::*')
============================================================
Tip: Use "Set Browser Timeout" for increasing the timeout or double check your locator as the targeted element(s) couldn't be found.</msg>
<msg timestamp="20231030 17:20:07.358" level="DEBUG">Traceback (most recent call last):
  File "/opt/hostedtoolcache/Python/3.11.6/x64/lib/python3.11/site-packages/Browser/playwright.py", line 158, in grpc_channel
    yield playwright_pb2_grpc.PlaywrightStub(self._channel)
  File "/opt/hostedtoolcache/Python/3.11.6/x64/lib/python3.11/site-packages/Browser/keywords/getters.py", line 193, in _get_text
    return stub.GetText(
           ^^^^^^^^^^^^^
  File "/opt/hostedtoolcache/Python/3.11.6/x64/lib/python3.11/site-packages/grpc/_channel.py", line 1161, in __call__
    return _end_unary_response_blocking(state, call, False, None)
           ^^^^^^^^^^^^^^^^^^^^^^^^^^^^^^^^^^^^^^^^^^^^^^^^^^^^^^
  File "/opt/hostedtoolcache/Python/3.11.6/x64/lib/python3.11/site-packages/grpc/_channel.py", line 1004, in _end_unary_response_blocking
    raise _InactiveRpcError(state)  # pytype: disable=not-instantiable
    ^^^^^^^^^^^^^^^^^^^^^^^^^^^^^^
grpc._channel._InactiveRpcError: &lt;_InactiveRpcError of RPC that terminated with:
	status = StatusCode.DEADLINE_EXCEEDED
	details = "TimeoutError: locator.elementHandle: Timeout 30000ms exceeded.
=========================== logs ===========================
waiting for locator('xpath=//*[contains(text(), "Door code")]/following-sibling::*')
============================================================"
	debug_error_string = "UNKNOWN:Error received from peer  {grpc_message:"TimeoutError: locator.elementHandle: Timeout 30000ms exceeded.\n=========================== logs ===========================\nwaiting for locator(\'xpath=//*[contains(text(), \"Door code\")]/following-sibling::*\')\n============================================================", grpc_status:4, created_time:"2023-10-30T17:20:07.263786228+00:00"}"
&gt;

During handling of the above exception, another exception occurred:

Traceback (most recent call last):
  File "/opt/hostedtoolcache/Python/3.11.6/x64/lib/python3.11/site-packages/Browser/browser.py", line 1096, in run_keyword
    raise e
  File "/opt/hostedtoolcache/Python/3.11.6/x64/lib/python3.11/site-packages/Browser/browser.py", line 1085, in run_keyword
    return DynamicCore.run_keyword(self, name, args, kwargs)
           ^^^^^^^^^^^^^^^^^^^^^^^^^^^^^^^^^^^^^^^^^^^^^^^^^
  File "/opt/hostedtoolcache/Python/3.11.6/x64/lib/python3.11/site-packages/robotlibcore.py", line 126, in run_keyword
    return self.keywords[name](*args, **(kwargs or {}))
           ^^^^^^^^^^^^^^^^^^^^^^^^^^^^^^^^^^^^^^^^^^^^
  File "/opt/hostedtoolcache/Python/3.11.6/x64/lib/python3.11/site-packages/Browser/assertion_engine.py", line 62, in with_assertion_polling
    raise e
  File "/opt/hostedtoolcache/Python/3.11.6/x64/lib/python3.11/site-packages/Browser/assertion_engine.py", line 55, in with_assertion_polling
    return wrapped(*args, **kwargs)
           ^^^^^^^^^^^^^^^^^^^^^^^^
  File "/opt/hostedtoolcache/Python/3.11.6/x64/lib/python3.11/site-packages/Browser/keywords/getters.py", line 178, in get_text
    response = self._get_text(selector)
               ^^^^^^^^^^^^^^^^^^^^^^^^
  File "/opt/hostedtoolcache/Python/3.11.6/x64/lib/python3.11/site-packages/Browser/keywords/getters.py", line 192, in _get_text
    with self.playwright.grpc_channel() as stub:
  File "/opt/hostedtoolcache/Python/3.11.6/x64/lib/python3.11/contextlib.py", line 155, in __exit__
    self.gen.throw(typ, value, traceback)
  File "/opt/hostedtoolcache/Python/3.11.6/x64/lib/python3.11/site-packages/Browser/playwright.py", line 162, in grpc_channel
    raise AssertionError(error.details())
AssertionError: TimeoutError: locator.elementHandle: Timeout 30000ms exceeded.
=========================== logs ===========================
waiting for locator('xpath=//*[contains(text(), "Door code")]/following-sibling::*')
============================================================
Tip: Use "Set Browser Timeout" for increasing the timeout or double check your locator as the targeted element(s) couldn't be found.</msg>
<status status="FAIL" starttime="20231030 17:19:37.260" endtime="20231030 17:20:07.358"/>
</kw>
<kw name="Is Element Found" library="common">
<var>${availableInFound}</var>
<arg>//p[contains(text(), "Available in")]</arg>
<doc>A keyword that has a very complex way of figuring out whether an
element is found or not because I had trouble with the built-in keywords
Can be solved differently if you have a better idea</doc>
<status status="NOT RUN" starttime="20231030 17:20:07.358" endtime="20231030 17:20:07.358"/>
</kw>
<if>
<branch type="IF" condition="${availableInFound} != 'True'">
<kw name="Should Be String" library="String">
<arg>${doorCode}</arg>
<doc>Fails if the given ``item`` is not a string.</doc>
<status status="NOT RUN" starttime="20231030 17:20:07.359" endtime="20231030 17:20:07.359"/>
</kw>
<status status="NOT RUN" starttime="20231030 17:20:07.359" endtime="20231030 17:20:07.359"/>
</branch>
<branch type="ELSE">
<kw name="Fail" library="BuiltIn">
<arg>Door code is not visible</arg>
<doc>Fails the test with the given message and optionally alters its tags.</doc>
<status status="NOT RUN" starttime="20231030 17:20:07.359" endtime="20231030 17:20:07.359"/>
</kw>
<status status="NOT RUN" starttime="20231030 17:20:07.359" endtime="20231030 17:20:07.359"/>
</branch>
<status status="NOT RUN" starttime="20231030 17:20:07.358" endtime="20231030 17:20:07.359"/>
</if>
<status status="FAIL" starttime="20231030 17:19:37.260" endtime="20231030 17:20:07.359"/>
</kw>
<kw name="Verify Page Elements after Check-in" library="checkin">
<status status="NOT RUN" starttime="20231030 17:20:07.360" endtime="20231030 17:20:07.360"/>
</kw>
<tag>smoke, booking, BUI2-556, online-checkin</tag>
<status status="FAIL" starttime="20231030 17:19:26.985" endtime="20231030 17:20:07.360">TimeoutError: locator.elementHandle: Timeout 30000ms exceeded.
=========================== logs ===========================
waiting for locator('xpath=//*[contains(text(), "Door code")]/following-sibling::*')
============================================================
Tip: Use "Set Browser Timeout" for increasing the timeout or double check your locator as the targeted element(s) couldn't be found.</status>
</test>
<kw name="Close Browser" library="Browser" type="TEARDOWN">
<tag>BrowserControl</tag>
<tag>Setter</tag>
<doc>Closes the current browser.</doc>
<msg timestamp="20231030 17:20:07.366" level="TRACE">Arguments: [  ]</msg>
<msg timestamp="20231030 17:20:07.563" level="INFO">Closed browser</msg>
<msg timestamp="20231030 17:20:07.564" level="TRACE">Return: None</msg>
<status status="PASS" starttime="20231030 17:20:07.366" endtime="20231030 17:20:07.564"/>
</kw>
<doc>Argument file for running tests on Omena Staging Environmen (test3)</doc>
<status status="FAIL" starttime="20231030 17:17:42.754" endtime="20231030 17:20:07.564"/>
</suite>
<statistics>
<total>
<stat pass="2" fail="5" skip="0">All Tests</stat>
</total>
<tag>
<stat pass="2" fail="5" skip="0">smoke, booking, BUI2-556, online-checkin</stat>
</tag>
<suite>
<stat pass="2" fail="5" skip="0" id="s1" name="Create Booking And Check In">Create Booking And Check In</stat>
</suite>
</statistics>
<errors>
<msg timestamp="20231030 17:17:43.097" level="ERROR">Error in file '/home/runner/work/nelson-test-automation/nelson-test-automation/resources/keywords/common.resource' on line 4: Importing library '/home/runner/work/nelson-test-automation/nelson-test-automation/resources/libraries/MailSlurp.py' failed: ModuleNotFoundError: No module named 'pandas'
Traceback (most recent call last):
  File "/home/runner/work/nelson-test-automation/nelson-test-automation/resources/libraries/MailSlurp.py", line 10, in &lt;module&gt;
    import pandas as pd
PYTHONPATH:
  /home/runner/work/nelson-test-automation/nelson-test-automation/resources/libraries
  /opt/hostedtoolcache/Python/3.11.6/x64/bin
  /opt/hostedtoolcache/Python/3.11.6/x64/lib/python311.zip
  /opt/hostedtoolcache/Python/3.11.6/x64/lib/python3.11
  /opt/hostedtoolcache/Python/3.11.6/x64/lib/python3.11/lib-dynload
  /opt/hostedtoolcache/Python/3.11.6/x64/lib/python3.11/site-packages</msg>
<msg timestamp="20231030 17:17:43.211" level="ERROR">Error in file '/home/runner/work/nelson-test-automation/nelson-test-automation/resources/keywords/booking.resource' on line 64: Creating keyword 'Save and Sign button is visible' failed: User keyword cannot be empty.</msg>
<msg timestamp="20231030 17:17:43.290" level="ERROR">Error in file '/home/runner/work/nelson-test-automation/nelson-test-automation/resources/keywords/mui.reservations.resource' on line 92: Creating keyword 'Select Booking Channel for Search' failed: User keyword cannot be empty.</msg>
<msg timestamp="20231030 17:17:43.293" level="ERROR">Error in file '/home/runner/work/nelson-test-automation/nelson-test-automation/resources/keywords/checkin.resource' on line 48: Creating keyword 'Verify Page Elements before Check-in' failed: User keyword cannot be empty.</msg>
</errors>
</robot>
