<?xml version="1.0" encoding="UTF-8"?>
<robot generator="Robot 5.0.1 (Python 3.9.16 on darwin)" generated="20230815 08:11:03.881" rpa="false" schemaversion="3">
<suite id="s1" name="Testsuites" source="/Users/sara/code/nelson-test-automation/testsuites">
<suite id="s1-s1" name="BUI" source="/Users/sara/code/nelson-test-automation/testsuites/BUI">
<suite id="s1-s1-s1" name="Feature" source="/Users/sara/code/nelson-test-automation/testsuites/BUI/feature">
<suite id="s1-s1-s1-s1" name="Online Check In" source="/Users/sara/code/nelson-test-automation/testsuites/BUI/feature/online_check_in">
<suite id="s1-s1-s1-s1-s1" name="BUI2-556" source="/Users/sara/code/nelson-test-automation/testsuites/BUI/feature/online_check_in/BUI2-556.robot">
<kw name="Open Browser to Landing Page" library="common" type="SETUP">
<doc>A general startup keyword for opening a browser to the landing page.</doc>
<msg timestamp="20230815 08:11:04.596" level="TRACE">Arguments: [  ]</msg>
<kw name="Open New Browser To URL" library="common">
<arg>${url.landing.page}</arg>
<msg timestamp="20230815 08:11:04.597" level="TRACE">Arguments: [ ${url}='https://test3.omenahotels.com/en' ]</msg>
<kw name="New Browser" library="Browser">
<arg>${browser}</arg>
<arg>${headless}</arg>
<arg>timeout=${timeout}</arg>
<tag>BrowserControl</tag>
<tag>Setter</tag>
<doc>Create a new playwright Browser with specified options.</doc>
<msg timestamp="20230815 08:11:04.597" level="TRACE">Arguments: [ &lt;SupportedBrowsers.firefox: 2&gt; | True | timeout=datetime.timedelta(seconds=90) ]</msg>
<msg timestamp="20230815 08:11:04.598" level="INFO">{"browser": "firefox", "headless": true, "chromiumSandbox": false, "devtools": false, "handleSIGHUP": true, "handleSIGINT": true, "handleSIGTERM": true, "ignoreDefaultArgs": false, "slowMo": 0.0, "timeout": 90000.0, "tracesDir": "/Users/sara/code/nelson-test-automation/reports/test3/browser/traces/4640ea76-c056-45dd-afc4-ecc0c61abf8d"}</msg>
<msg timestamp="20230815 08:11:04.956" level="INFO">Successfully created browser with options: {"browser":"firefox","headless":true,"chromiumSandbox":false,"devtools":false,"handleSIGHUP":true,"handleSIGINT":true,"handleSIGTERM":true,"ignoreDefaultArgs":false,"slowMo":0,"timeout":90000,"tracesDir":"/Users/sara/code/nelson-test-automation/reports/test3/browser/traces/4640ea76-c056-45dd-afc4-ecc0c61abf8d"}</msg>
<msg timestamp="20230815 08:11:04.957" level="TRACE">Return: 'browser=76c62e6b-6c29-4688-9d1e-e5bcb3023953'</msg>
<status status="PASS" starttime="20230815 08:11:04.597" endtime="20230815 08:11:04.957"/>
</kw>
<kw name="Set Browser Timeout" library="Browser">
<arg>${timeout}</arg>
<tag>Config</tag>
<tag>Setter</tag>
<doc>Sets the timeout used by most input and getter keywords.</doc>
<msg timestamp="20230815 08:11:04.957" level="TRACE">Arguments: [ datetime.timedelta(seconds=90) ]</msg>
<msg timestamp="20230815 08:11:04.959" level="INFO">No context open.</msg>
<msg timestamp="20230815 08:11:04.959" level="TRACE">Return: '10 seconds'</msg>
<status status="PASS" starttime="20230815 08:11:04.957" endtime="20230815 08:11:04.959"/>
</kw>
<kw name="New Context" library="Browser">
<tag>BrowserControl</tag>
<tag>Setter</tag>
<doc>Create a new BrowserContext with specified options.</doc>
<msg timestamp="20230815 08:11:04.959" level="TRACE">Arguments: [  ]</msg>
<msg timestamp="20230815 08:11:04.959" level="INFO">{
  "acceptDownloads": true,
  "bypassCSP": false,
  "forcedColors": "none",
  "hideRfBrowser": "",
  "ignoreHTTPSErrors": false,
  "javaScriptEnabled": true,
  "offline": false,
  "reducedMotion": "no-preference",
  "serviceWorkers": "allow",
  "viewport": {
    "height": 720,
    "width": 1280
  }
}</msg>
<msg timestamp="20230815 08:11:04.975" level="INFO">Successfully created context. </msg>
<msg timestamp="20230815 08:11:04.975" level="INFO">{'acceptDownloads': True, 'bypassCSP': False, 'forcedColors': 'none', 'hideRfBrowser': '', 'ignoreHTTPSErrors': False, 'javaScriptEnabled': True, 'offline': False, 'reducedMotion': 'no-preference', 'serviceWorkers': 'allow', 'viewport': {'height': 720, 'width': 1280}}</msg>
<msg timestamp="20230815 08:11:04.975" level="TRACE">Return: 'context=b555cc6a-12ee-4352-a6f8-5bf1184ebb84'</msg>
<status status="PASS" starttime="20230815 08:11:04.959" endtime="20230815 08:11:04.975"/>
</kw>
<kw name="New Page" library="Browser">
<arg>${url}</arg>
<tag>BrowserControl</tag>
<tag>Setter</tag>
<doc>Open a new Page.</doc>
<msg timestamp="20230815 08:11:04.975" level="TRACE">Arguments: [ 'https://test3.omenahotels.com/en' ]</msg>
<msg timestamp="20230815 08:11:05.677" level="INFO">Successfully initialized new page object and opened url: https://test3.omenahotels.com/en</msg>
<msg timestamp="20230815 08:11:05.677" level="DEBUG">Video is not enabled.</msg>
<msg timestamp="20230815 08:11:05.677" level="TRACE">Return: {'page_id': 'page=0b52c425-7070-4d4b-bf68-68b6dd3cf550', 'video_path': ''}</msg>
<status status="PASS" starttime="20230815 08:11:04.975" endtime="20230815 08:11:05.677"/>
</kw>
<kw name="Set Environment" library="common">
<msg timestamp="20230815 08:11:05.678" level="TRACE">Arguments: [  ]</msg>
<kw name="Get Url" library="Browser">
<var>${currentUrl}</var>
<tag>Assertion</tag>
<tag>Getter</tag>
<tag>PageContent</tag>
<doc>Returns the current URL.</doc>
<msg timestamp="20230815 08:11:05.678" level="TRACE">Arguments: [  ]</msg>
<msg timestamp="20230815 08:11:05.680" level="DEBUG">https://test3.omenahotels.com/en</msg>
<msg timestamp="20230815 08:11:05.680" level="TRACE">Return: 'https://test3.omenahotels.com/en'</msg>
<msg timestamp="20230815 08:11:05.680" level="INFO">${currentUrl} = https://test3.omenahotels.com/en</msg>
<status status="PASS" starttime="20230815 08:11:05.678" endtime="20230815 08:11:05.680"/>
</kw>
<kw name="Get Environment From Url" library="Helpers">
<var>${env}</var>
<arg>${currentUrl}</arg>
<msg timestamp="20230815 08:11:05.680" level="TRACE">Arguments: [ 'https://test3.omenahotels.com/en' ]</msg>
<msg timestamp="20230815 08:11:05.680" level="TRACE">Return: 'test-omena'</msg>
<msg timestamp="20230815 08:11:05.680" level="INFO">${env} = test-omena</msg>
<status status="PASS" starttime="20230815 08:11:05.680" endtime="20230815 08:11:05.680"/>
</kw>
<kw name="Set Variable" library="BuiltIn">
<arg>${environment}</arg>
<arg>${env}</arg>
<doc>Returns the given values which can then be assigned to a variables.</doc>
<msg timestamp="20230815 08:11:05.680" level="TRACE">Arguments: [ '' | 'test-omena' ]</msg>
<msg timestamp="20230815 08:11:05.680" level="TRACE">Return: ['', 'test-omena']</msg>
<status status="PASS" starttime="20230815 08:11:05.680" endtime="20230815 08:11:05.680"/>
</kw>
<msg timestamp="20230815 08:11:05.681" level="TRACE">Return: None</msg>
<status status="PASS" starttime="20230815 08:11:05.677" endtime="20230815 08:11:05.681"/>
</kw>
<msg timestamp="20230815 08:11:05.681" level="TRACE">Return: None</msg>
<status status="PASS" starttime="20230815 08:11:04.596" endtime="20230815 08:11:05.681"/>
</kw>
<kw name="Allow Cookies" library="common">
<doc>Allow Cookies/Toggle Cookie allowance</doc>
<msg timestamp="20230815 08:11:05.681" level="TRACE">Arguments: [  ]</msg>
<kw name="Is Element Found" library="common">
<var>${cookieModalVisible}</var>
<arg>id=CybotCookiebotDialogBodyLevelButtonLevelOptinAllowAll</arg>
<doc>A keyword that has a very complex way of figuring out whether an
element is found or not because I had trouble with the built-in keywords
Can be solved differently if you have a better idea</doc>
<msg timestamp="20230815 08:11:05.681" level="TRACE">Arguments: [ ${selector}='id=CybotCookiebotDialogBodyLevelButtonLevelOptinAllowAll' ]</msg>
<kw name="Set Browser Timeout" library="Browser">
<arg>10s</arg>
<tag>Config</tag>
<tag>Setter</tag>
<doc>Sets the timeout used by most input and getter keywords.</doc>
<msg timestamp="20230815 08:11:05.681" level="TRACE">Arguments: [ datetime.timedelta(seconds=10) ]</msg>
<msg timestamp="20230815 08:11:05.683" level="INFO">Set timeout to: 10000</msg>
<msg timestamp="20230815 08:11:05.683" level="TRACE">Return: '1 minute 30 seconds'</msg>
<status status="PASS" starttime="20230815 08:11:05.681" endtime="20230815 08:11:05.683"/>
</kw>
<try>
<branch type="TRY">
<kw name="Get Elements" library="Browser">
<var>${els}</var>
<arg>${selector}</arg>
<tag>Getter</tag>
<tag>PageContent</tag>
<doc>Returns a reference to Playwright [https://playwright.dev/docs/api/class-locator|Locator]
for all matched elements by ``selector``.</doc>
<msg timestamp="20230815 08:11:05.684" level="TRACE">Arguments: [ 'id=CybotCookiebotDialogBodyLevelButtonLevelOptinAllowAll' ]</msg>
<msg timestamp="20230815 08:11:15.700" level="INFO">Found  Locators successfully.</msg>
<msg timestamp="20230815 08:11:15.700" level="DEBUG">[]</msg>
<msg timestamp="20230815 08:11:15.700" level="TRACE">Return: []</msg>
<msg timestamp="20230815 08:11:15.701" level="INFO">${els} = []</msg>
<status status="PASS" starttime="20230815 08:11:05.683" endtime="20230815 08:11:15.701"/>
</kw>
<kw name="Get Length" library="BuiltIn">
<var>${count}</var>
<arg>${els}</arg>
<doc>Returns and logs the length of the given item as an integer.</doc>
<msg timestamp="20230815 08:11:15.701" level="TRACE">Arguments: [ [] ]</msg>
<msg timestamp="20230815 08:11:15.701" level="INFO">Length is 0</msg>
<msg timestamp="20230815 08:11:15.701" level="TRACE">Return: 0</msg>
<msg timestamp="20230815 08:11:15.701" level="INFO">${count} = 0</msg>
<status status="PASS" starttime="20230815 08:11:15.701" endtime="20230815 08:11:15.701"/>
</kw>
<if>
<branch type="IF" condition="${count} &gt; 0">
<kw name="Set Variable" library="BuiltIn">
<var>${visible}</var>
<arg>True</arg>
<doc>Returns the given values which can then be assigned to a variables.</doc>
<status status="NOT RUN" starttime="20230815 08:11:15.702" endtime="20230815 08:11:15.702"/>
</kw>
<status status="NOT RUN" starttime="20230815 08:11:15.702" endtime="20230815 08:11:15.702"/>
</branch>
<branch type="ELSE">
<kw name="Set Variable" library="BuiltIn">
<var>${visible}</var>
<arg>False</arg>
<doc>Returns the given values which can then be assigned to a variables.</doc>
<msg timestamp="20230815 08:11:15.702" level="TRACE">Arguments: [ 'False' ]</msg>
<msg timestamp="20230815 08:11:15.702" level="TRACE">Return: 'False'</msg>
<msg timestamp="20230815 08:11:15.702" level="INFO">${visible} = False</msg>
<status status="PASS" starttime="20230815 08:11:15.702" endtime="20230815 08:11:15.702"/>
</kw>
<status status="PASS" starttime="20230815 08:11:15.702" endtime="20230815 08:11:15.702"/>
</branch>
<status status="PASS" starttime="20230815 08:11:15.701" endtime="20230815 08:11:15.702"/>
</if>
<status status="PASS" starttime="20230815 08:11:05.683" endtime="20230815 08:11:15.702"/>
</branch>
<branch type="EXCEPT">
<kw name="Set Variable" library="BuiltIn">
<var>${visible}</var>
<arg>False</arg>
<doc>Returns the given values which can then be assigned to a variables.</doc>
<status status="NOT RUN" starttime="20230815 08:11:15.703" endtime="20230815 08:11:15.703"/>
</kw>
<status status="NOT RUN" starttime="20230815 08:11:15.703" endtime="20230815 08:11:15.703"/>
</branch>
<status status="PASS" starttime="20230815 08:11:05.683" endtime="20230815 08:11:15.703"/>
</try>
<kw name="Set Browser Timeout" library="Browser">
<arg>${timeout}</arg>
<tag>Config</tag>
<tag>Setter</tag>
<doc>Sets the timeout used by most input and getter keywords.</doc>
<msg timestamp="20230815 08:11:15.704" level="TRACE">Arguments: [ datetime.timedelta(seconds=90) ]</msg>
<msg timestamp="20230815 08:11:15.708" level="INFO">Set timeout to: 90000</msg>
<msg timestamp="20230815 08:11:15.708" level="TRACE">Return: '10 seconds'</msg>
<status status="PASS" starttime="20230815 08:11:15.703" endtime="20230815 08:11:15.708"/>
</kw>
<msg timestamp="20230815 08:11:15.708" level="TRACE">Return: 'False'</msg>
<msg timestamp="20230815 08:11:15.708" level="INFO">${cookieModalVisible} = False</msg>
<status status="PASS" starttime="20230815 08:11:05.681" endtime="20230815 08:11:15.708"/>
</kw>
<if>
<branch type="IF" condition="${cookieModalVisible}">
<kw name="Click" library="Browser">
<arg>id=CybotCookiebotDialogBodyLevelButtonLevelOptinAllowAll</arg>
<tag>PageContent</tag>
<tag>Setter</tag>
<doc>Simulates mouse click on the element found by ``selector``.</doc>
<status status="NOT RUN" starttime="20230815 08:11:15.709" endtime="20230815 08:11:15.709"/>
</kw>
<status status="NOT RUN" starttime="20230815 08:11:15.709" endtime="20230815 08:11:15.709"/>
</branch>
<branch type="ELSE">
<kw name="Log" library="BuiltIn">
<arg>No Cookie Modal Visible</arg>
<doc>Logs the given message with the given level.</doc>
<msg timestamp="20230815 08:11:15.710" level="TRACE">Arguments: [ 'No Cookie Modal Visible' ]</msg>
<msg timestamp="20230815 08:11:15.710" level="INFO">No Cookie Modal Visible</msg>
<msg timestamp="20230815 08:11:15.710" level="TRACE">Return: None</msg>
<status status="PASS" starttime="20230815 08:11:15.710" endtime="20230815 08:11:15.710"/>
</kw>
<status status="PASS" starttime="20230815 08:11:15.709" endtime="20230815 08:11:15.710"/>
</branch>
<status status="PASS" starttime="20230815 08:11:15.709" endtime="20230815 08:11:15.710"/>
</if>
<msg timestamp="20230815 08:11:15.710" level="TRACE">Return: None</msg>
<status status="PASS" starttime="20230815 08:11:05.681" endtime="20230815 08:11:15.710"/>
</kw>
<kw name="Set Environment" library="common">
<msg timestamp="20230815 08:11:15.711" level="TRACE">Arguments: [  ]</msg>
<kw name="Get Url" library="Browser">
<var>${currentUrl}</var>
<tag>Assertion</tag>
<tag>Getter</tag>
<tag>PageContent</tag>
<doc>Returns the current URL.</doc>
<msg timestamp="20230815 08:11:15.711" level="TRACE">Arguments: [  ]</msg>
<msg timestamp="20230815 08:11:15.713" level="DEBUG">https://test3.omenahotels.com/en</msg>
<msg timestamp="20230815 08:11:15.713" level="TRACE">Return: 'https://test3.omenahotels.com/en'</msg>
<msg timestamp="20230815 08:11:15.713" level="INFO">${currentUrl} = https://test3.omenahotels.com/en</msg>
<status status="PASS" starttime="20230815 08:11:15.711" endtime="20230815 08:11:15.713"/>
</kw>
<kw name="Get Environment From Url" library="Helpers">
<var>${env}</var>
<arg>${currentUrl}</arg>
<msg timestamp="20230815 08:11:15.713" level="TRACE">Arguments: [ 'https://test3.omenahotels.com/en' ]</msg>
<msg timestamp="20230815 08:11:15.713" level="TRACE">Return: 'test-omena'</msg>
<msg timestamp="20230815 08:11:15.714" level="INFO">${env} = test-omena</msg>
<status status="PASS" starttime="20230815 08:11:15.713" endtime="20230815 08:11:15.714"/>
</kw>
<kw name="Set Variable" library="BuiltIn">
<arg>${environment}</arg>
<arg>${env}</arg>
<doc>Returns the given values which can then be assigned to a variables.</doc>
<msg timestamp="20230815 08:11:15.714" level="TRACE">Arguments: [ '' | 'test-omena' ]</msg>
<msg timestamp="20230815 08:11:15.714" level="TRACE">Return: ['', 'test-omena']</msg>
<status status="PASS" starttime="20230815 08:11:15.714" endtime="20230815 08:11:15.714"/>
</kw>
<msg timestamp="20230815 08:11:15.714" level="TRACE">Return: None</msg>
<status status="PASS" starttime="20230815 08:11:15.710" endtime="20230815 08:11:15.714"/>
</kw>
<msg timestamp="20230815 08:11:15.714" level="TRACE">Return: None</msg>
<status status="PASS" starttime="20230815 08:11:04.596" endtime="20230815 08:11:15.714"/>
</kw>
<test id="s1-s1-s1-s1-s1-t1" name="Select Hotel, Dates and Guests" line="14">
<kw name="Select Hotel" library="booking">
<arg>Helsinki, Lönnrotinkatu</arg>
<doc>Select Hotel by using a number as an argument, default Lönnrotinkatu</doc>
<msg timestamp="20230815 08:11:15.716" level="TRACE">Arguments: [ ${hotel}='Helsinki, Lönnrotinkatu' ]</msg>
<if>
<branch type="IF" condition="&quot;${environment}&quot; == &quot;test-exhibition&quot;">
<kw name="Log" library="BuiltIn">
<arg>No hotel to be selected</arg>
<doc>Logs the given message with the given level.</doc>
<status status="NOT RUN" starttime="20230815 08:11:15.716" endtime="20230815 08:11:15.716"/>
</kw>
<status status="NOT RUN" starttime="20230815 08:11:15.716" endtime="20230815 08:11:15.716"/>
</branch>
<branch type="ELSE">
<kw name="Log" library="BuiltIn">
<arg>Selecting Hotel: ${hotel}</arg>
<doc>Logs the given message with the given level.</doc>
<msg timestamp="20230815 08:11:15.717" level="TRACE">Arguments: [ 'Selecting Hotel: Helsinki, Lönnrotinkatu' ]</msg>
<msg timestamp="20230815 08:11:15.717" level="INFO">Selecting Hotel: Helsinki, Lönnrotinkatu</msg>
<msg timestamp="20230815 08:11:15.717" level="TRACE">Return: None</msg>
<status status="PASS" starttime="20230815 08:11:15.717" endtime="20230815 08:11:15.717"/>
</kw>
<kw name="Click" library="Browser">
<arg>//div[contains(@data-nelson-btn, "hotels")]</arg>
<tag>PageContent</tag>
<tag>Setter</tag>
<doc>Simulates mouse click on the element found by ``selector``.</doc>
<msg timestamp="20230815 08:11:15.717" level="TRACE">Arguments: [ '//div[contains(@data-nelson-btn, "hotels")]' ]</msg>
<msg timestamp="20230815 08:11:15.718" level="DEBUG">Click options are: {"button": "left", "clickCount": 1, "force": false, "noWaitAfter": false, "trial": false}</msg>
<msg timestamp="20230815 08:12:45.770" level="DEBUG">Screenshot successfully captured to: /Users/sara/code/nelson-test-automation/reports/test3/browser/screenshot/fail-screenshot-1.png</msg>
<msg timestamp="20230815 08:12:45.770" level="INFO" html="true">&lt;/td&gt;&lt;/tr&gt;&lt;tr&gt;&lt;td colspan="3"&gt;&lt;a href="browser/screenshot/fail-screenshot-1.png" target="_blank"&gt;&lt;img src="browser/screenshot/fail-screenshot-1.png" width="800px"/&gt;&lt;/a&gt;</msg>
<msg timestamp="20230815 08:12:45.770" level="INFO">See also file:///Users/sara/code/nelson-test-automation/reports/test3/playwright-log.txt for additional details.</msg>
<msg timestamp="20230815 08:12:45.771" level="FAIL">TimeoutError: locator.click: Timeout 90000ms exceeded.
=========================== logs ===========================
waiting for locator('xpath=//div[contains(@data-nelson-btn, "hotels")]')
============================================================
Tip: Use "Set Browser Timeout" for increasing the timeout or double check your locator as the targeted element(s) couldn't be found.</msg>
<msg timestamp="20230815 08:12:45.778" level="DEBUG">Traceback (most recent call last):
  File "/Users/sara/code/nelson-test-automation/venv/lib/python3.9/site-packages/Browser/playwright.py", line 158, in grpc_channel
    yield playwright_pb2_grpc.PlaywrightStub(self._channel)
  File "/Users/sara/code/nelson-test-automation/venv/lib/python3.9/site-packages/Browser/keywords/interaction.py", line 446, in click_with_options
    response = stub.Click(
  File "/Users/sara/code/nelson-test-automation/venv/lib/python3.9/site-packages/grpc/_channel.py", line 1030, in __call__
    return _end_unary_response_blocking(state, call, False, None)
  File "/Users/sara/code/nelson-test-automation/venv/lib/python3.9/site-packages/grpc/_channel.py", line 910, in _end_unary_response_blocking
    raise _InactiveRpcError(state)  # pytype: disable=not-instantiable
grpc._channel._InactiveRpcError: &lt;_InactiveRpcError of RPC that terminated with:
	status = StatusCode.DEADLINE_EXCEEDED
	details = "TimeoutError: locator.click: Timeout 90000ms exceeded.
=========================== logs ===========================
waiting for locator('xpath=//div[contains(@data-nelson-btn, "hotels")]')
============================================================"
	debug_error_string = "UNKNOWN:Error received from peer  {grpc_message:"TimeoutError: locator.click: Timeout 90000ms exceeded.\n=========================== logs ===========================\nwaiting for locator(\'xpath=//div[contains(@data-nelson-btn, \"hotels\")]\')\n============================================================", grpc_status:4, created_time:"2023-08-15T08:12:45.732944+03:00"}"
&gt;

During handling of the above exception, another exception occurred:

Traceback (most recent call last):
  File "/Users/sara/code/nelson-test-automation/venv/lib/python3.9/site-packages/Browser/browser.py", line 1095, in run_keyword
    raise e
  File "/Users/sara/code/nelson-test-automation/venv/lib/python3.9/site-packages/Browser/browser.py", line 1084, in run_keyword
    return DynamicCore.run_keyword(self, name, args, kwargs)
  File "/Users/sara/code/nelson-test-automation/venv/lib/python3.9/site-packages/robotlibcore.py", line 126, in run_keyword
    return self.keywords[name](*args, **(kwargs or {}))
  File "/Users/sara/code/nelson-test-automation/venv/lib/python3.9/site-packages/Browser/keywords/interaction.py", line 366, in click
    self.click_with_options(
  File "/Users/sara/code/nelson-test-automation/venv/lib/python3.9/site-packages/Browser/keywords/interaction.py", line 451, in click_with_options
    logger.debug(response.log)
  File "/Users/sara/micromamba/lib/python3.9/contextlib.py", line 137, in __exit__
    self.gen.throw(typ, value, traceback)
  File "/Users/sara/code/nelson-test-automation/venv/lib/python3.9/site-packages/Browser/playwright.py", line 162, in grpc_channel
    raise AssertionError(error.details())
AssertionError: TimeoutError: locator.click: Timeout 90000ms exceeded.
=========================== logs ===========================
waiting for locator('xpath=//div[contains(@data-nelson-btn, "hotels")]')
============================================================
Tip: Use "Set Browser Timeout" for increasing the timeout or double check your locator as the targeted element(s) couldn't be found.</msg>
<status status="FAIL" starttime="20230815 08:11:15.717" endtime="20230815 08:12:45.778"/>
</kw>
<kw name="Wait Until Visible" library="common">
<arg>//a[contains(@class, 'dropdown-item') and contains(text(), '${hotel}')]</arg>
<doc>An easier keyword for waiting until an element is visible</doc>
<status status="NOT RUN" starttime="20230815 08:12:45.779" endtime="20230815 08:12:45.779"/>
</kw>
<kw name="Click" library="Browser">
<arg>//a[contains(@class, 'dropdown-item') and contains(text(), '${hotel}')]</arg>
<tag>PageContent</tag>
<tag>Setter</tag>
<doc>Simulates mouse click on the element found by ``selector``.</doc>
<status status="NOT RUN" starttime="20230815 08:12:45.779" endtime="20230815 08:12:45.779"/>
</kw>
<kw name="Wait For Elements State" library="Browser">
<arg>//a[contains(@class, 'dropdown-item') and contains(text(), '${hotel}')]</arg>
<arg>hidden</arg>
<arg>timeout=3s</arg>
<tag>PageContent</tag>
<tag>Wait</tag>
<doc>Waits for the element found by ``selector`` to satisfy state option.</doc>
<status status="NOT RUN" starttime="20230815 08:12:45.779" endtime="20230815 08:12:45.780"/>
</kw>
<status status="FAIL" starttime="20230815 08:11:15.716" endtime="20230815 08:12:45.780"/>
</branch>
<status status="FAIL" starttime="20230815 08:11:15.716" endtime="20230815 08:12:45.780"/>
</if>
<status status="FAIL" starttime="20230815 08:11:15.716" endtime="20230815 08:12:45.780"/>
</kw>
<kw name="Select Dates" library="booking">
<status status="NOT RUN" starttime="20230815 08:12:45.780" endtime="20230815 08:12:45.781"/>
</kw>
<kw name="Select Guests" library="booking">
<doc>Selects the number of guests for the booking, current implementation will only check the dropdown</doc>
<status status="NOT RUN" starttime="20230815 08:12:45.781" endtime="20230815 08:12:45.781"/>
</kw>
<tag>smoke, booking, BUI2-556, online-checkin</tag>
<status status="FAIL" starttime="20230815 08:11:15.715" endtime="20230815 08:12:45.781">TimeoutError: locator.click: Timeout 90000ms exceeded.
=========================== logs ===========================
waiting for locator('xpath=//div[contains(@data-nelson-btn, "hotels")]')
============================================================
Tip: Use "Set Browser Timeout" for increasing the timeout or double check your locator as the targeted element(s) couldn't be found.</status>
</test>
<test id="s1-s1-s1-s1-s1-t2" name="Check Available Rooms and Select a Standard Room" line="19">
<kw name="Click Book or Find Rooms Button" library="booking">
<msg timestamp="20230815 08:12:45.784" level="TRACE">Arguments: [  ]</msg>
<kw name="Get Url" library="Browser">
<var>${url}</var>
<tag>Assertion</tag>
<tag>Getter</tag>
<tag>PageContent</tag>
<doc>Returns the current URL.</doc>
<msg timestamp="20230815 08:12:45.785" level="TRACE">Arguments: [  ]</msg>
<msg timestamp="20230815 08:12:45.786" level="DEBUG">https://test3.omenahotels.com/en</msg>
<msg timestamp="20230815 08:12:45.786" level="TRACE">Return: 'https://test3.omenahotels.com/en'</msg>
<msg timestamp="20230815 08:12:45.787" level="INFO">${url} = https://test3.omenahotels.com/en</msg>
<status status="PASS" starttime="20230815 08:12:45.785" endtime="20230815 08:12:45.787"/>
</kw>
<kw name="Check If String Contains" library="common">
<var>${booking}</var>
<arg>${url}</arg>
<arg>/booking/</arg>
<msg timestamp="20230815 08:12:45.787" level="TRACE">Arguments: [ ${string}='https://test3.omenahotels.com/en' | ${substring}='/booking/' ]</msg>
<kw name="Check If String Contains Substring" library="Helpers">
<var>${contains}</var>
<arg>${string}</arg>
<arg>${substring}</arg>
<msg timestamp="20230815 08:12:45.788" level="TRACE">Arguments: [ 'https://test3.omenahotels.com/en' | '/booking/' ]</msg>
<msg timestamp="20230815 08:12:45.788" level="TRACE">Return: False</msg>
<msg timestamp="20230815 08:12:45.788" level="INFO">${contains} = False</msg>
<status status="PASS" starttime="20230815 08:12:45.788" endtime="20230815 08:12:45.788"/>
</kw>
<msg timestamp="20230815 08:12:45.788" level="TRACE">Return: False</msg>
<msg timestamp="20230815 08:12:45.788" level="INFO">${booking} = False</msg>
<status status="PASS" starttime="20230815 08:12:45.787" endtime="20230815 08:12:45.788"/>
</kw>
<if>
<branch type="IF" condition="${booking} == True">
<kw name="Click" library="Browser">
<arg>//button[contains(@class, 'booking-form-button') and contains(text(), 'Find rooms')]</arg>
<tag>PageContent</tag>
<tag>Setter</tag>
<doc>Simulates mouse click on the element found by ``selector``.</doc>
<status status="NOT RUN" starttime="20230815 08:12:45.788" endtime="20230815 08:12:45.788"/>
</kw>
<status status="NOT RUN" starttime="20230815 08:12:45.788" endtime="20230815 08:12:45.788"/>
</branch>
<branch type="ELSE">
<kw name="Click" library="Browser">
<arg>//button[contains(@class, 'booking-form-button') and contains(text(), 'Book')]</arg>
<tag>PageContent</tag>
<tag>Setter</tag>
<doc>Simulates mouse click on the element found by ``selector``.</doc>
<msg timestamp="20230815 08:12:45.789" level="TRACE">Arguments: [ "//button[contains(@class, 'booking-form-button') and contains(text(), 'Book')]" ]</msg>
<msg timestamp="20230815 08:12:45.789" level="DEBUG">Click options are: {"button": "left", "clickCount": 1, "force": false, "noWaitAfter": false, "trial": false}</msg>
<msg timestamp="20230815 08:14:15.836" level="DEBUG">Screenshot successfully captured to: /Users/sara/code/nelson-test-automation/reports/test3/browser/screenshot/fail-screenshot-2.png</msg>
<msg timestamp="20230815 08:14:15.837" level="INFO" html="true">&lt;/td&gt;&lt;/tr&gt;&lt;tr&gt;&lt;td colspan="3"&gt;&lt;a href="browser/screenshot/fail-screenshot-2.png" target="_blank"&gt;&lt;img src="browser/screenshot/fail-screenshot-2.png" width="800px"/&gt;&lt;/a&gt;</msg>
<msg timestamp="20230815 08:14:15.837" level="INFO">See also file:///Users/sara/code/nelson-test-automation/reports/test3/playwright-log.txt for additional details.</msg>
<msg timestamp="20230815 08:14:15.838" level="FAIL">TimeoutError: locator.click: Timeout 90000ms exceeded.
=========================== logs ===========================
waiting for locator('xpath=//button[contains(@class, \'booking-form-button\') and contains(text(), \'Book\')]')
============================================================
Tip: Use "Set Browser Timeout" for increasing the timeout or double check your locator as the targeted element(s) couldn't be found.</msg>
<msg timestamp="20230815 08:14:15.840" level="DEBUG">Traceback (most recent call last):
  File "/Users/sara/code/nelson-test-automation/venv/lib/python3.9/site-packages/Browser/playwright.py", line 158, in grpc_channel
    yield playwright_pb2_grpc.PlaywrightStub(self._channel)
  File "/Users/sara/code/nelson-test-automation/venv/lib/python3.9/site-packages/Browser/keywords/interaction.py", line 446, in click_with_options
    response = stub.Click(
  File "/Users/sara/code/nelson-test-automation/venv/lib/python3.9/site-packages/grpc/_channel.py", line 1030, in __call__
    return _end_unary_response_blocking(state, call, False, None)
  File "/Users/sara/code/nelson-test-automation/venv/lib/python3.9/site-packages/grpc/_channel.py", line 910, in _end_unary_response_blocking
    raise _InactiveRpcError(state)  # pytype: disable=not-instantiable
grpc._channel._InactiveRpcError: &lt;_InactiveRpcError of RPC that terminated with:
	status = StatusCode.DEADLINE_EXCEEDED
	details = "TimeoutError: locator.click: Timeout 90000ms exceeded.
=========================== logs ===========================
waiting for locator('xpath=//button[contains(@class, \'booking-form-button\') and contains(text(), \'Book\')]')
============================================================"
	debug_error_string = "UNKNOWN:Error received from peer  {grpc_message:"TimeoutError: locator.click: Timeout 90000ms exceeded.\n=========================== logs ===========================\nwaiting for locator(\'xpath=//button[contains(@class, \\\'booking-form-button\\\') and contains(text(), \\\'Book\\\')]\')\n============================================================", grpc_status:4, created_time:"2023-08-15T08:14:15.800129+03:00"}"
&gt;

During handling of the above exception, another exception occurred:

Traceback (most recent call last):
  File "/Users/sara/code/nelson-test-automation/venv/lib/python3.9/site-packages/Browser/browser.py", line 1095, in run_keyword
    raise e
  File "/Users/sara/code/nelson-test-automation/venv/lib/python3.9/site-packages/Browser/browser.py", line 1084, in run_keyword
    return DynamicCore.run_keyword(self, name, args, kwargs)
  File "/Users/sara/code/nelson-test-automation/venv/lib/python3.9/site-packages/robotlibcore.py", line 126, in run_keyword
    return self.keywords[name](*args, **(kwargs or {}))
  File "/Users/sara/code/nelson-test-automation/venv/lib/python3.9/site-packages/Browser/keywords/interaction.py", line 366, in click
    self.click_with_options(
  File "/Users/sara/code/nelson-test-automation/venv/lib/python3.9/site-packages/Browser/keywords/interaction.py", line 451, in click_with_options
    logger.debug(response.log)
  File "/Users/sara/micromamba/lib/python3.9/contextlib.py", line 137, in __exit__
    self.gen.throw(typ, value, traceback)
  File "/Users/sara/code/nelson-test-automation/venv/lib/python3.9/site-packages/Browser/playwright.py", line 162, in grpc_channel
    raise AssertionError(error.details())
AssertionError: TimeoutError: locator.click: Timeout 90000ms exceeded.
=========================== logs ===========================
waiting for locator('xpath=//button[contains(@class, \'booking-form-button\') and contains(text(), \'Book\')]')
============================================================
Tip: Use "Set Browser Timeout" for increasing the timeout or double check your locator as the targeted element(s) couldn't be found.</msg>
<status status="FAIL" starttime="20230815 08:12:45.789" endtime="20230815 08:14:15.841"/>
</kw>
<status status="FAIL" starttime="20230815 08:12:45.789" endtime="20230815 08:14:15.841"/>
</branch>
<status status="FAIL" starttime="20230815 08:12:45.788" endtime="20230815 08:14:15.841"/>
</if>
<status status="FAIL" starttime="20230815 08:12:45.784" endtime="20230815 08:14:15.842"/>
</kw>
<kw name="Select a Standard Room" library="booking">
<status status="NOT RUN" starttime="20230815 08:14:15.843" endtime="20230815 08:14:15.843"/>
</kw>
<tag>smoke, booking, BUI2-556, online-checkin</tag>
<status status="FAIL" starttime="20230815 08:12:45.784" endtime="20230815 08:14:15.843">TimeoutError: locator.click: Timeout 90000ms exceeded.
=========================== logs ===========================
waiting for locator('xpath=//button[contains(@class, \'booking-form-button\') and contains(text(), \'Book\')]')
============================================================
Tip: Use "Set Browser Timeout" for increasing the timeout or double check your locator as the targeted element(s) couldn't be found.</status>
</test>
<test id="s1-s1-s1-s1-s1-t3" name="Continue to Extras and Select Join for Free" line="23">
<kw name="Click Continue to Extras Button" library="booking">
<doc>Clicks the continue to extras button</doc>
<msg timestamp="20230815 08:14:15.848" level="TRACE">Arguments: [  ]</msg>
<kw name="Click" library="Browser">
<arg>${btnExtras}</arg>
<tag>PageContent</tag>
<tag>Setter</tag>
<doc>Simulates mouse click on the element found by ``selector``.</doc>
<msg timestamp="20230815 08:14:15.848" level="TRACE">Arguments: [ '(//div[contains(@view,"booking")]//button[contains(text(), "Continue to extras")])[1]' ]</msg>
<msg timestamp="20230815 08:14:15.849" level="DEBUG">Click options are: {"button": "left", "clickCount": 1, "force": false, "noWaitAfter": false, "trial": false}</msg>
<msg timestamp="20230815 08:15:45.851" level="DEBUG">Screenshot successfully captured to: /Users/sara/code/nelson-test-automation/reports/test3/browser/screenshot/fail-screenshot-3.png</msg>
<msg timestamp="20230815 08:15:45.852" level="INFO" html="true">&lt;/td&gt;&lt;/tr&gt;&lt;tr&gt;&lt;td colspan="3"&gt;&lt;a href="browser/screenshot/fail-screenshot-3.png" target="_blank"&gt;&lt;img src="browser/screenshot/fail-screenshot-3.png" width="800px"/&gt;&lt;/a&gt;</msg>
<msg timestamp="20230815 08:15:45.852" level="INFO">See also file:///Users/sara/code/nelson-test-automation/reports/test3/playwright-log.txt for additional details.</msg>
<msg timestamp="20230815 08:15:45.852" level="FAIL">TimeoutError: locator.click: Timeout 90000ms exceeded.
=========================== logs ===========================
waiting for locator('xpath=(//div[contains(@view,"booking")]//button[contains(text(), "Continue to extras")])[1]')
============================================================
Tip: Use "Set Browser Timeout" for increasing the timeout or double check your locator as the targeted element(s) couldn't be found.</msg>
<msg timestamp="20230815 08:15:45.855" level="DEBUG">Traceback (most recent call last):
  File "/Users/sara/code/nelson-test-automation/venv/lib/python3.9/site-packages/Browser/playwright.py", line 158, in grpc_channel
    yield playwright_pb2_grpc.PlaywrightStub(self._channel)
  File "/Users/sara/code/nelson-test-automation/venv/lib/python3.9/site-packages/Browser/keywords/interaction.py", line 446, in click_with_options
    response = stub.Click(
  File "/Users/sara/code/nelson-test-automation/venv/lib/python3.9/site-packages/grpc/_channel.py", line 1030, in __call__
    return _end_unary_response_blocking(state, call, False, None)
  File "/Users/sara/code/nelson-test-automation/venv/lib/python3.9/site-packages/grpc/_channel.py", line 910, in _end_unary_response_blocking
    raise _InactiveRpcError(state)  # pytype: disable=not-instantiable
grpc._channel._InactiveRpcError: &lt;_InactiveRpcError of RPC that terminated with:
	status = StatusCode.DEADLINE_EXCEEDED
	details = "TimeoutError: locator.click: Timeout 90000ms exceeded.
=========================== logs ===========================
waiting for locator('xpath=(//div[contains(@view,"booking")]//button[contains(text(), "Continue to extras")])[1]')
============================================================"
	debug_error_string = "UNKNOWN:Error received from peer  {created_time:"2023-08-15T08:15:45.817085+03:00", grpc_status:4, grpc_message:"TimeoutError: locator.click: Timeout 90000ms exceeded.\n=========================== logs ===========================\nwaiting for locator(\'xpath=(//div[contains(@view,\"booking\")]//button[contains(text(), \"Continue to extras\")])[1]\')\n============================================================"}"
&gt;

During handling of the above exception, another exception occurred:

Traceback (most recent call last):
  File "/Users/sara/code/nelson-test-automation/venv/lib/python3.9/site-packages/Browser/browser.py", line 1095, in run_keyword
    raise e
  File "/Users/sara/code/nelson-test-automation/venv/lib/python3.9/site-packages/Browser/browser.py", line 1084, in run_keyword
    return DynamicCore.run_keyword(self, name, args, kwargs)
  File "/Users/sara/code/nelson-test-automation/venv/lib/python3.9/site-packages/robotlibcore.py", line 126, in run_keyword
    return self.keywords[name](*args, **(kwargs or {}))
  File "/Users/sara/code/nelson-test-automation/venv/lib/python3.9/site-packages/Browser/keywords/interaction.py", line 366, in click
    self.click_with_options(
  File "/Users/sara/code/nelson-test-automation/venv/lib/python3.9/site-packages/Browser/keywords/interaction.py", line 451, in click_with_options
    logger.debug(response.log)
  File "/Users/sara/micromamba/lib/python3.9/contextlib.py", line 137, in __exit__
    self.gen.throw(typ, value, traceback)
  File "/Users/sara/code/nelson-test-automation/venv/lib/python3.9/site-packages/Browser/playwright.py", line 162, in grpc_channel
    raise AssertionError(error.details())
AssertionError: TimeoutError: locator.click: Timeout 90000ms exceeded.
=========================== logs ===========================
waiting for locator('xpath=(//div[contains(@view,"booking")]//button[contains(text(), "Continue to extras")])[1]')
============================================================
Tip: Use "Set Browser Timeout" for increasing the timeout or double check your locator as the targeted element(s) couldn't be found.</msg>
<status status="FAIL" starttime="20230815 08:14:15.848" endtime="20230815 08:15:45.855"/>
</kw>
<kw name="Wait Until Visible" library="common">
<arg>${btnPayment}</arg>
<doc>An easier keyword for waiting until an element is visible</doc>
<status status="NOT RUN" starttime="20230815 08:15:45.856" endtime="20230815 08:15:45.856"/>
</kw>
<status status="FAIL" starttime="20230815 08:14:15.847" endtime="20230815 08:15:45.856"/>
</kw>
<kw name="Continue to Payment" library="booking">
<status status="NOT RUN" starttime="20230815 08:15:45.857" endtime="20230815 08:15:45.857"/>
</kw>
<kw name="Select Join for Free" library="booking">
<status status="NOT RUN" starttime="20230815 08:15:45.857" endtime="20230815 08:15:45.857"/>
</kw>
<tag>smoke, booking, BUI2-556, online-checkin</tag>
<status status="FAIL" starttime="20230815 08:14:15.847" endtime="20230815 08:15:45.857">TimeoutError: locator.click: Timeout 90000ms exceeded.
=========================== logs ===========================
waiting for locator('xpath=(//div[contains(@view,"booking")]//button[contains(text(), "Continue to extras")])[1]')
============================================================
Tip: Use "Set Browser Timeout" for increasing the timeout or double check your locator as the targeted element(s) couldn't be found.</status>
</test>
<test id="s1-s1-s1-s1-s1-t4" name="Fill in Booker Contact Information" line="28">
<kw name="Fill in Contact Information" library="booking">
<doc>Fills in Contact information that can be given as arguments or use default values
Uses a password if the environment is bui and</doc>
<msg timestamp="20230815 08:15:45.861" level="TRACE">Arguments: [ ${firstName}='Mos' | ${lastName}='Def' | ${phone}='040123942' | ${ssn}='170479-371J' | ${env}='bui' ]</msg>
<kw name="Create Email and Return Inbox" library="common">
<var>${inbox}</var>
<doc>Creates a new email address and returns the inbox object</doc>
<msg timestamp="20230815 08:15:45.861" level="TRACE">Arguments: [  ]</msg>
<kw name="Create new Inbox" library="MailSlurp">
<var>${inbox}</var>
<msg timestamp="20230815 08:15:45.862" level="TRACE">Arguments: [  ]</msg>
<msg timestamp="20230815 08:15:47.201" level="INFO">Debug Config
&lt;mailslurp_client.configuration.Configuration object at 0x103649d60&gt;
{'created_at': datetime.datetime(2023, 8, 15, 5, 15, 47, 97000, tzinfo=tzutc()),
 'description': None,
 'domain_id': None,
 'email_address': '982e2894-94df-4248-a26b-644f9da7dd38@mailslurp.com',
 'expires_at': None,
 'favourite': False,
 'id': '982e2894-94df-4248-a26b-644f9da7dd38',
 'inbox_type': 'HTTP_INBOX',
 'name': None,
 'read_only': False,
 'tags': None,
 'user_id': 'a2f48756-8279-471d-bb55-980a32334d37',
 'virtual_inbox': False}
&lt;MailSlurp.MailSlurp object at 0x103649fa0&gt;</msg>
<msg timestamp="20230815 08:15:47.202" level="TRACE">Return: {'created_at': datetime.datetime(2023, 8, 15, 5, 15, 47, 97000, tzinfo=tzutc()),
 'description': None,
 'domain_id': None,
 'email_address': '982e2894-94df-4248-a26b-644f9da7dd38@mailslurp.com',
 'expires_at': None,
 'favourite': False,
 'id': '982e2894-94df-4248-a26b-644f9da7dd38',
 'inbox_type': 'HTTP_INBOX',
 'name': None,
 'read_only': False,
 'tags': None,
 'user_id': 'a2f48756-8279-471d-bb55-980a32334d37',
 'virtual_inbox': False}</msg>
<msg timestamp="20230815 08:15:47.204" level="INFO">${inbox} = {'created_at': datetime.datetime(2023, 8, 15, 5, 15, 47, 97000, tzinfo=tzutc()),
 'description': None,
 'domain_id': None,
 'email_address': '982e2894-94df-4248-a26b-644f9da7dd38@mailslurp.com',
 'exp...</msg>
<status status="PASS" starttime="20230815 08:15:45.862" endtime="20230815 08:15:47.204"/>
</kw>
<kw name="Log To Console" library="BuiltIn">
<arg>${inbox.id}</arg>
<doc>Logs the given message to the console.</doc>
<msg timestamp="20230815 08:15:47.207" level="TRACE">Arguments: [ '982e2894-94df-4248-a26b-644f9da7dd38' ]</msg>
<msg timestamp="20230815 08:15:47.207" level="TRACE">Return: None</msg>
<status status="PASS" starttime="20230815 08:15:47.205" endtime="20230815 08:15:47.207"/>
</kw>
<msg timestamp="20230815 08:15:47.207" level="TRACE">Return: {'created_at': datetime.datetime(2023, 8, 15, 5, 15, 47, 97000, tzinfo=tzutc()),
 'description': None,
 'domain_id': None,
 'email_address': '982e2894-94df-4248-a26b-644f9da7dd38@mailslurp.com',
 'expires_at': None,
 'favourite': False,
 'id': '982e2894-94df-4248-a26b-644f9da7dd38',
 'inbox_type': 'HTTP_INBOX',
 'name': None,
 'read_only': False,
 'tags': None,
 'user_id': 'a2f48756-8279-471d-bb55-980a32334d37',
 'virtual_inbox': False}</msg>
<msg timestamp="20230815 08:15:47.208" level="INFO">${inbox} = {'created_at': datetime.datetime(2023, 8, 15, 5, 15, 47, 97000, tzinfo=tzutc()),
 'description': None,
 'domain_id': None,
 'email_address': '982e2894-94df-4248-a26b-644f9da7dd38@mailslurp.com',
 'exp...</msg>
<status status="PASS" starttime="20230815 08:15:45.861" endtime="20230815 08:15:47.208"/>
</kw>
<kw name="Click and Fill" library="common">
<arg>id=firstName</arg>
<arg>${firstName}</arg>
<doc>A keyword combination of Click and Fill Text since most of the form fields need a click</doc>
<msg timestamp="20230815 08:15:47.209" level="TRACE">Arguments: [ ${selector}='id=firstName' | ${text}='Mos' ]</msg>
<kw name="Click" library="Browser">
<arg>${selector}</arg>
<tag>PageContent</tag>
<tag>Setter</tag>
<doc>Simulates mouse click on the element found by ``selector``.</doc>
<msg timestamp="20230815 08:15:47.209" level="TRACE">Arguments: [ 'id=firstName' ]</msg>
<msg timestamp="20230815 08:15:47.210" level="DEBUG">Click options are: {"button": "left", "clickCount": 1, "force": false, "noWaitAfter": false, "trial": false}</msg>
<msg timestamp="20230815 08:17:17.250" level="DEBUG">Screenshot successfully captured to: /Users/sara/code/nelson-test-automation/reports/test3/browser/screenshot/fail-screenshot-4.png</msg>
<msg timestamp="20230815 08:17:17.251" level="INFO" html="true">&lt;/td&gt;&lt;/tr&gt;&lt;tr&gt;&lt;td colspan="3"&gt;&lt;a href="browser/screenshot/fail-screenshot-4.png" target="_blank"&gt;&lt;img src="browser/screenshot/fail-screenshot-4.png" width="800px"/&gt;&lt;/a&gt;</msg>
<msg timestamp="20230815 08:17:17.252" level="INFO">See also file:///Users/sara/code/nelson-test-automation/reports/test3/playwright-log.txt for additional details.</msg>
<msg timestamp="20230815 08:17:17.253" level="FAIL">TimeoutError: locator.click: Timeout 90000ms exceeded.
=========================== logs ===========================
waiting for locator('id=firstName')
============================================================
Tip: Use "Set Browser Timeout" for increasing the timeout or double check your locator as the targeted element(s) couldn't be found.</msg>
<msg timestamp="20230815 08:17:17.255" level="DEBUG">Traceback (most recent call last):
  File "/Users/sara/code/nelson-test-automation/venv/lib/python3.9/site-packages/Browser/playwright.py", line 158, in grpc_channel
    yield playwright_pb2_grpc.PlaywrightStub(self._channel)
  File "/Users/sara/code/nelson-test-automation/venv/lib/python3.9/site-packages/Browser/keywords/interaction.py", line 446, in click_with_options
    response = stub.Click(
  File "/Users/sara/code/nelson-test-automation/venv/lib/python3.9/site-packages/grpc/_channel.py", line 1030, in __call__
    return _end_unary_response_blocking(state, call, False, None)
  File "/Users/sara/code/nelson-test-automation/venv/lib/python3.9/site-packages/grpc/_channel.py", line 910, in _end_unary_response_blocking
    raise _InactiveRpcError(state)  # pytype: disable=not-instantiable
grpc._channel._InactiveRpcError: &lt;_InactiveRpcError of RPC that terminated with:
	status = StatusCode.DEADLINE_EXCEEDED
	details = "TimeoutError: locator.click: Timeout 90000ms exceeded.
=========================== logs ===========================
waiting for locator('id=firstName')
============================================================"
	debug_error_string = "UNKNOWN:Error received from peer  {created_time:"2023-08-15T08:17:17.213207+03:00", grpc_status:4, grpc_message:"TimeoutError: locator.click: Timeout 90000ms exceeded.\n=========================== logs ===========================\nwaiting for locator(\'id=firstName\')\n============================================================"}"
&gt;

During handling of the above exception, another exception occurred:

Traceback (most recent call last):
  File "/Users/sara/code/nelson-test-automation/venv/lib/python3.9/site-packages/Browser/browser.py", line 1095, in run_keyword
    raise e
  File "/Users/sara/code/nelson-test-automation/venv/lib/python3.9/site-packages/Browser/browser.py", line 1084, in run_keyword
    return DynamicCore.run_keyword(self, name, args, kwargs)
  File "/Users/sara/code/nelson-test-automation/venv/lib/python3.9/site-packages/robotlibcore.py", line 126, in run_keyword
    return self.keywords[name](*args, **(kwargs or {}))
  File "/Users/sara/code/nelson-test-automation/venv/lib/python3.9/site-packages/Browser/keywords/interaction.py", line 366, in click
    self.click_with_options(
  File "/Users/sara/code/nelson-test-automation/venv/lib/python3.9/site-packages/Browser/keywords/interaction.py", line 451, in click_with_options
    logger.debug(response.log)
  File "/Users/sara/micromamba/lib/python3.9/contextlib.py", line 137, in __exit__
    self.gen.throw(typ, value, traceback)
  File "/Users/sara/code/nelson-test-automation/venv/lib/python3.9/site-packages/Browser/playwright.py", line 162, in grpc_channel
    raise AssertionError(error.details())
AssertionError: TimeoutError: locator.click: Timeout 90000ms exceeded.
=========================== logs ===========================
waiting for locator('id=firstName')
============================================================
Tip: Use "Set Browser Timeout" for increasing the timeout or double check your locator as the targeted element(s) couldn't be found.</msg>
<status status="FAIL" starttime="20230815 08:15:47.209" endtime="20230815 08:17:17.255"/>
</kw>
<kw name="Fill Text" library="Browser">
<arg>${selector}</arg>
<arg>${text}</arg>
<tag>PageContent</tag>
<tag>Setter</tag>
<doc>Clears and fills the given ``txt`` into the text field found by ``selector``.</doc>
<status status="NOT RUN" starttime="20230815 08:17:17.256" endtime="20230815 08:17:17.256"/>
</kw>
<status status="FAIL" starttime="20230815 08:15:47.208" endtime="20230815 08:17:17.257"/>
</kw>
<kw name="Click and Fill" library="common">
<arg>id=lastName</arg>
<arg>${lastName}</arg>
<doc>A keyword combination of Click and Fill Text since most of the form fields need a click</doc>
<status status="NOT RUN" starttime="20230815 08:17:17.257" endtime="20230815 08:17:17.257"/>
</kw>
<kw name="Click and Fill" library="common">
<arg>id=email</arg>
<arg>${inbox.email_address}</arg>
<doc>A keyword combination of Click and Fill Text since most of the form fields need a click</doc>
<status status="NOT RUN" starttime="20230815 08:17:17.257" endtime="20230815 08:17:17.257"/>
</kw>
<kw name="Get Url" library="Browser">
<var>${u}</var>
<tag>Assertion</tag>
<tag>Getter</tag>
<tag>PageContent</tag>
<doc>Returns the current URL.</doc>
<status status="NOT RUN" starttime="20230815 08:17:17.258" endtime="20230815 08:17:17.258"/>
</kw>
<kw name="Get Environment From Url" library="Helpers">
<var>${e}</var>
<arg>${u}</arg>
<status status="NOT RUN" starttime="20230815 08:17:17.258" endtime="20230815 08:17:17.258"/>
</kw>
<if>
<branch type="IF" condition="'${e}' == 'test-kensington'">
<kw name="Click and Fill" library="common">
<arg>id=phoneNumber</arg>
<arg>${phone.uk}</arg>
<doc>A keyword combination of Click and Fill Text since most of the form fields need a click</doc>
<status status="NOT RUN" starttime="20230815 08:17:17.259" endtime="20230815 08:17:17.259"/>
</kw>
<status status="NOT RUN" starttime="20230815 08:17:17.259" endtime="20230815 08:17:17.259"/>
</branch>
<branch type="ELSE">
<kw name="Click and Fill" library="common">
<arg>id=phoneNumber</arg>
<arg>${phone}</arg>
<doc>A keyword combination of Click and Fill Text since most of the form fields need a click</doc>
<status status="NOT RUN" starttime="20230815 08:17:17.259" endtime="20230815 08:17:17.259"/>
</kw>
<status status="NOT RUN" starttime="20230815 08:17:17.259" endtime="20230815 08:17:17.259"/>
</branch>
<status status="NOT RUN" starttime="20230815 08:17:17.259" endtime="20230815 08:17:17.259"/>
</if>
<kw name="Log To Console" library="BuiltIn">
<arg>${inbox.id}</arg>
<doc>Logs the given message to the console.</doc>
<status status="NOT RUN" starttime="20230815 08:17:17.259" endtime="20230815 08:17:17.259"/>
</kw>
<kw name="Set Suite Variable" library="BuiltIn">
<arg>$ID</arg>
<arg>${inbox.id}</arg>
<doc>Makes a variable available everywhere within the scope of the current suite.</doc>
<status status="NOT RUN" starttime="20230815 08:17:17.260" endtime="20230815 08:17:17.260"/>
</kw>
<kw name="Get Element Count" library="Browser">
<var>${passwordVisible}</var>
<arg>id=password</arg>
<tag>Assertion</tag>
<tag>Getter</tag>
<tag>PageContent</tag>
<doc>Returns the count of elements found with ``selector``.</doc>
<status status="NOT RUN" starttime="20230815 08:17:17.260" endtime="20230815 08:17:17.260"/>
</kw>
<if>
<branch type="IF" condition="'${env}'=='bui' and '${passwordVisible}'&gt;'0'">
<kw name="Click and Fill" library="common">
<arg>id=password</arg>
<arg>${password}</arg>
<doc>A keyword combination of Click and Fill Text since most of the form fields need a click</doc>
<status status="NOT RUN" starttime="20230815 08:17:17.260" endtime="20230815 08:17:17.260"/>
</kw>
<status status="NOT RUN" starttime="20230815 08:17:17.260" endtime="20230815 08:17:17.260"/>
</branch>
<branch type="ELSE">
<kw name="Log To Console" library="BuiltIn">
<arg>No password filled</arg>
<doc>Logs the given message to the console.</doc>
<status status="NOT RUN" starttime="20230815 08:17:17.260" endtime="20230815 08:17:17.260"/>
</kw>
<status status="NOT RUN" starttime="20230815 08:17:17.260" endtime="20230815 08:17:17.260"/>
</branch>
<status status="NOT RUN" starttime="20230815 08:17:17.260" endtime="20230815 08:17:17.260"/>
</if>
<status status="FAIL" starttime="20230815 08:15:45.861" endtime="20230815 08:17:17.261"/>
</kw>
<kw name="Accept offers and Terms" library="booking">
<status status="NOT RUN" starttime="20230815 08:17:17.261" endtime="20230815 08:17:17.261"/>
</kw>
<tag>smoke, booking, BUI2-556, online-checkin</tag>
<status status="FAIL" starttime="20230815 08:15:45.860" endtime="20230815 08:17:17.262">TimeoutError: locator.click: Timeout 90000ms exceeded.
=========================== logs ===========================
waiting for locator('id=firstName')
============================================================
Tip: Use "Set Browser Timeout" for increasing the timeout or double check your locator as the targeted element(s) couldn't be found.</status>
</test>
<test id="s1-s1-s1-s1-s1-t5" name="Pay using Web Bank and Nordea" line="32">
<kw name="Select Web Bank and Nordea as Payment Method" library="booking">
<msg timestamp="20230815 08:17:17.265" level="TRACE">Arguments: [  ]</msg>
<kw name="Click" library="Browser">
<arg>//div[contains(text(), "Web bank payment")]</arg>
<tag>PageContent</tag>
<tag>Setter</tag>
<doc>Simulates mouse click on the element found by ``selector``.</doc>
<msg timestamp="20230815 08:17:17.265" level="TRACE">Arguments: [ '//div[contains(text(), "Web bank payment")]' ]</msg>
<msg timestamp="20230815 08:17:17.266" level="DEBUG">Click options are: {"button": "left", "clickCount": 1, "force": false, "noWaitAfter": false, "trial": false}</msg>
<msg timestamp="20230815 08:18:47.319" level="DEBUG">Screenshot successfully captured to: /Users/sara/code/nelson-test-automation/reports/test3/browser/screenshot/fail-screenshot-5.png</msg>
<msg timestamp="20230815 08:18:47.320" level="INFO" html="true">&lt;/td&gt;&lt;/tr&gt;&lt;tr&gt;&lt;td colspan="3"&gt;&lt;a href="browser/screenshot/fail-screenshot-5.png" target="_blank"&gt;&lt;img src="browser/screenshot/fail-screenshot-5.png" width="800px"/&gt;&lt;/a&gt;</msg>
<msg timestamp="20230815 08:18:47.321" level="INFO">See also file:///Users/sara/code/nelson-test-automation/reports/test3/playwright-log.txt for additional details.</msg>
<msg timestamp="20230815 08:18:47.321" level="FAIL">TimeoutError: locator.click: Timeout 90000ms exceeded.
=========================== logs ===========================
waiting for locator('xpath=//div[contains(text(), "Web bank payment")]')
============================================================
Tip: Use "Set Browser Timeout" for increasing the timeout or double check your locator as the targeted element(s) couldn't be found.</msg>
<msg timestamp="20230815 08:18:47.323" level="DEBUG">Traceback (most recent call last):
  File "/Users/sara/code/nelson-test-automation/venv/lib/python3.9/site-packages/Browser/playwright.py", line 158, in grpc_channel
    yield playwright_pb2_grpc.PlaywrightStub(self._channel)
  File "/Users/sara/code/nelson-test-automation/venv/lib/python3.9/site-packages/Browser/keywords/interaction.py", line 446, in click_with_options
    response = stub.Click(
  File "/Users/sara/code/nelson-test-automation/venv/lib/python3.9/site-packages/grpc/_channel.py", line 1030, in __call__
    return _end_unary_response_blocking(state, call, False, None)
  File "/Users/sara/code/nelson-test-automation/venv/lib/python3.9/site-packages/grpc/_channel.py", line 910, in _end_unary_response_blocking
    raise _InactiveRpcError(state)  # pytype: disable=not-instantiable
grpc._channel._InactiveRpcError: &lt;_InactiveRpcError of RPC that terminated with:
	status = StatusCode.DEADLINE_EXCEEDED
	details = "TimeoutError: locator.click: Timeout 90000ms exceeded.
=========================== logs ===========================
waiting for locator('xpath=//div[contains(text(), "Web bank payment")]')
============================================================"
	debug_error_string = "UNKNOWN:Error received from peer  {created_time:"2023-08-15T08:18:47.274365+03:00", grpc_status:4, grpc_message:"TimeoutError: locator.click: Timeout 90000ms exceeded.\n=========================== logs ===========================\nwaiting for locator(\'xpath=//div[contains(text(), \"Web bank payment\")]\')\n============================================================"}"
&gt;

During handling of the above exception, another exception occurred:

Traceback (most recent call last):
  File "/Users/sara/code/nelson-test-automation/venv/lib/python3.9/site-packages/Browser/browser.py", line 1095, in run_keyword
    raise e
  File "/Users/sara/code/nelson-test-automation/venv/lib/python3.9/site-packages/Browser/browser.py", line 1084, in run_keyword
    return DynamicCore.run_keyword(self, name, args, kwargs)
  File "/Users/sara/code/nelson-test-automation/venv/lib/python3.9/site-packages/robotlibcore.py", line 126, in run_keyword
    return self.keywords[name](*args, **(kwargs or {}))
  File "/Users/sara/code/nelson-test-automation/venv/lib/python3.9/site-packages/Browser/keywords/interaction.py", line 366, in click
    self.click_with_options(
  File "/Users/sara/code/nelson-test-automation/venv/lib/python3.9/site-packages/Browser/keywords/interaction.py", line 451, in click_with_options
    logger.debug(response.log)
  File "/Users/sara/micromamba/lib/python3.9/contextlib.py", line 137, in __exit__
    self.gen.throw(typ, value, traceback)
  File "/Users/sara/code/nelson-test-automation/venv/lib/python3.9/site-packages/Browser/playwright.py", line 162, in grpc_channel
    raise AssertionError(error.details())
AssertionError: TimeoutError: locator.click: Timeout 90000ms exceeded.
=========================== logs ===========================
waiting for locator('xpath=//div[contains(text(), "Web bank payment")]')
============================================================
Tip: Use "Set Browser Timeout" for increasing the timeout or double check your locator as the targeted element(s) couldn't be found.</msg>
<status status="FAIL" starttime="20230815 08:17:17.265" endtime="20230815 08:18:47.323"/>
</kw>
<kw name="Click" library="Browser">
<arg>//p[contains(text(), 'Nordea')]</arg>
<tag>PageContent</tag>
<tag>Setter</tag>
<doc>Simulates mouse click on the element found by ``selector``.</doc>
<status status="NOT RUN" starttime="20230815 08:18:47.325" endtime="20230815 08:18:47.325"/>
</kw>
<kw name="Click" library="Browser">
<arg>(//div[contains(@view,"payment")]//button[contains(text(), "Pay")])[1]</arg>
<tag>PageContent</tag>
<tag>Setter</tag>
<doc>Simulates mouse click on the element found by ``selector``.</doc>
<status status="NOT RUN" starttime="20230815 08:18:47.325" endtime="20230815 08:18:47.325"/>
</kw>
<status status="FAIL" starttime="20230815 08:17:17.265" endtime="20230815 08:18:47.326"/>
</kw>
<kw name="Complete Payment Successfully" library="booking">
<status status="NOT RUN" starttime="20230815 08:18:47.326" endtime="20230815 08:18:47.326"/>
</kw>
<tag>smoke, booking, BUI2-556, online-checkin</tag>
<status status="FAIL" starttime="20230815 08:17:17.264" endtime="20230815 08:18:47.326">TimeoutError: locator.click: Timeout 90000ms exceeded.
=========================== logs ===========================
waiting for locator('xpath=//div[contains(text(), "Web bank payment")]')
============================================================
Tip: Use "Set Browser Timeout" for increasing the timeout or double check your locator as the targeted element(s) couldn't be found.</status>
</test>
<test id="s1-s1-s1-s1-s1-t6" name="Check In Online" line="36">
<kw name="Click Check In Button" library="booking">
<msg timestamp="20230815 08:18:47.330" level="TRACE">Arguments: [  ]</msg>
<kw name="Wait Until Visible" library="common">
<arg>(//button[text()="Check in"])[1]</arg>
<doc>An easier keyword for waiting until an element is visible</doc>
<msg timestamp="20230815 08:18:47.330" level="TRACE">Arguments: [ ${element}='(//button[text()="Check in"])[1]' ]</msg>
<kw name="Wait For Elements State" library="Browser">
<arg>${element}</arg>
<arg>visible</arg>
<arg>timeout=${timeout}</arg>
<tag>PageContent</tag>
<tag>Wait</tag>
<doc>Waits for the element found by ``selector`` to satisfy state option.</doc>
<msg timestamp="20230815 08:18:47.331" level="TRACE">Arguments: [ '(//button[text()="Check in"])[1]' | &lt;ElementState.visible: 4&gt; | timeout=datetime.timedelta(seconds=90) ]</msg>
<msg timestamp="20230815 08:20:17.388" level="DEBUG">Screenshot successfully captured to: /Users/sara/code/nelson-test-automation/reports/test3/browser/screenshot/fail-screenshot-6.png</msg>
<msg timestamp="20230815 08:20:17.389" level="INFO" html="true">&lt;/td&gt;&lt;/tr&gt;&lt;tr&gt;&lt;td colspan="3"&gt;&lt;a href="browser/screenshot/fail-screenshot-6.png" target="_blank"&gt;&lt;img src="browser/screenshot/fail-screenshot-6.png" width="800px"/&gt;&lt;/a&gt;</msg>
<msg timestamp="20230815 08:20:17.390" level="INFO">See also file:///Users/sara/code/nelson-test-automation/reports/test3/playwright-log.txt for additional details.</msg>
<msg timestamp="20230815 08:20:17.391" level="FAIL">TimeoutError: locator.waitFor: Timeout 90000ms exceeded.
=========================== logs ===========================
waiting for locator('xpath=(//button[text()="Check in"])[1]') to be visible
============================================================
Tip: Use "Set Browser Timeout" for increasing the timeout or double check your locator as the targeted element(s) couldn't be found.</msg>
<msg timestamp="20230815 08:20:17.394" level="DEBUG">Traceback (most recent call last):
  File "/Users/sara/code/nelson-test-automation/venv/lib/python3.9/site-packages/Browser/playwright.py", line 158, in grpc_channel
    yield playwright_pb2_grpc.PlaywrightStub(self._channel)
  File "/Users/sara/code/nelson-test-automation/venv/lib/python3.9/site-packages/Browser/keywords/waiter.py", line 140, in _wait_for_elements_state
    response = stub.WaitForElementsState(
  File "/Users/sara/code/nelson-test-automation/venv/lib/python3.9/site-packages/grpc/_channel.py", line 1030, in __call__
    return _end_unary_response_blocking(state, call, False, None)
  File "/Users/sara/code/nelson-test-automation/venv/lib/python3.9/site-packages/grpc/_channel.py", line 910, in _end_unary_response_blocking
    raise _InactiveRpcError(state)  # pytype: disable=not-instantiable
grpc._channel._InactiveRpcError: &lt;_InactiveRpcError of RPC that terminated with:
	status = StatusCode.DEADLINE_EXCEEDED
	details = "TimeoutError: locator.waitFor: Timeout 90000ms exceeded.
=========================== logs ===========================
waiting for locator('xpath=(//button[text()="Check in"])[1]') to be visible
============================================================"
	debug_error_string = "UNKNOWN:Error received from peer  {created_time:"2023-08-15T08:20:17.340901+03:00", grpc_status:4, grpc_message:"TimeoutError: locator.waitFor: Timeout 90000ms exceeded.\n=========================== logs ===========================\nwaiting for locator(\'xpath=(//button[text()=\"Check in\"])[1]\') to be visible\n============================================================"}"
&gt;

During handling of the above exception, another exception occurred:

Traceback (most recent call last):
  File "/Users/sara/code/nelson-test-automation/venv/lib/python3.9/site-packages/Browser/browser.py", line 1095, in run_keyword
    raise e
  File "/Users/sara/code/nelson-test-automation/venv/lib/python3.9/site-packages/Browser/browser.py", line 1084, in run_keyword
    return DynamicCore.run_keyword(self, name, args, kwargs)
  File "/Users/sara/code/nelson-test-automation/venv/lib/python3.9/site-packages/robotlibcore.py", line 126, in run_keyword
    return self.keywords[name](*args, **(kwargs or {}))
  File "/Users/sara/code/nelson-test-automation/venv/lib/python3.9/site-packages/Browser/keywords/waiter.py", line 102, in wait_for_elements_state
    return self._wait_for_elements_state(
  File "/Users/sara/code/nelson-test-automation/venv/lib/python3.9/site-packages/Browser/keywords/waiter.py", line 145, in _wait_for_elements_state
    logger.info(response.log)
  File "/Users/sara/micromamba/lib/python3.9/contextlib.py", line 137, in __exit__
    self.gen.throw(typ, value, traceback)
  File "/Users/sara/code/nelson-test-automation/venv/lib/python3.9/site-packages/Browser/playwright.py", line 162, in grpc_channel
    raise AssertionError(error.details())
AssertionError: TimeoutError: locator.waitFor: Timeout 90000ms exceeded.
=========================== logs ===========================
waiting for locator('xpath=(//button[text()="Check in"])[1]') to be visible
============================================================
Tip: Use "Set Browser Timeout" for increasing the timeout or double check your locator as the targeted element(s) couldn't be found.</msg>
<status status="FAIL" starttime="20230815 08:18:47.330" endtime="20230815 08:20:17.395"/>
</kw>
<status status="FAIL" starttime="20230815 08:18:47.330" endtime="20230815 08:20:17.396"/>
</kw>
<kw name="Click" library="Browser">
<arg>(//button[text()="Check in"])[1]</arg>
<tag>PageContent</tag>
<tag>Setter</tag>
<doc>Simulates mouse click on the element found by ``selector``.</doc>
<status status="NOT RUN" starttime="20230815 08:20:17.397" endtime="20230815 08:20:17.397"/>
</kw>
<status status="FAIL" starttime="20230815 08:18:47.329" endtime="20230815 08:20:17.398"/>
</kw>
<kw name="Fill Check in Slide" library="booking">
<status status="NOT RUN" starttime="20230815 08:20:17.398" endtime="20230815 08:20:17.398"/>
</kw>
<kw name="Click Save and Sign Button and Sign if Required" library="booking">
<status status="NOT RUN" starttime="20230815 08:20:17.398" endtime="20230815 08:20:17.399"/>
</kw>
<kw name="Complete Check in" library="booking">
<status status="NOT RUN" starttime="20230815 08:20:17.399" endtime="20230815 08:20:17.399"/>
</kw>
<tag>smoke, booking, BUI2-556, online-checkin</tag>
<status status="FAIL" starttime="20230815 08:18:47.329" endtime="20230815 08:20:17.399">TimeoutError: locator.waitFor: Timeout 90000ms exceeded.
=========================== logs ===========================
waiting for locator('xpath=(//button[text()="Check in"])[1]') to be visible
============================================================
Tip: Use "Set Browser Timeout" for increasing the timeout or double check your locator as the targeted element(s) couldn't be found.</status>
</test>
<test id="s1-s1-s1-s1-s1-t7" name="Wait for Door Code and Verify Page" line="42">
<kw name="Wait Until Door Code is Available" library="checkin">
<msg timestamp="20230815 08:20:17.403" level="TRACE">Arguments: [  ]</msg>
<kw name="Set Browser Timeout" library="Browser">
<arg>5 minutes</arg>
<tag>Config</tag>
<tag>Setter</tag>
<doc>Sets the timeout used by most input and getter keywords.</doc>
<msg timestamp="20230815 08:20:17.404" level="TRACE">Arguments: [ datetime.timedelta(seconds=300) ]</msg>
<msg timestamp="20230815 08:20:17.406" level="INFO">Set timeout to: 300000</msg>
<msg timestamp="20230815 08:20:17.406" level="TRACE">Return: '1 minute 30 seconds'</msg>
<status status="PASS" starttime="20230815 08:20:17.404" endtime="20230815 08:20:17.406"/>
</kw>
<kw name="Is Element Found" library="common">
<var>${availableInFound}</var>
<arg>//p[contains(text(), "Available in")]</arg>
<doc>A keyword that has a very complex way of figuring out whether an
element is found or not because I had trouble with the built-in keywords
Can be solved differently if you have a better idea</doc>
<msg timestamp="20230815 08:20:17.406" level="TRACE">Arguments: [ ${selector}='//p[contains(text(), "Available in")]' ]</msg>
<kw name="Set Browser Timeout" library="Browser">
<arg>10s</arg>
<tag>Config</tag>
<tag>Setter</tag>
<doc>Sets the timeout used by most input and getter keywords.</doc>
<msg timestamp="20230815 08:20:17.407" level="TRACE">Arguments: [ datetime.timedelta(seconds=10) ]</msg>
<msg timestamp="20230815 08:20:17.408" level="INFO">Set timeout to: 10000</msg>
<msg timestamp="20230815 08:20:17.408" level="TRACE">Return: '5 minutes'</msg>
<status status="PASS" starttime="20230815 08:20:17.407" endtime="20230815 08:20:17.408"/>
</kw>
<try>
<branch type="TRY">
<kw name="Get Elements" library="Browser">
<var>${els}</var>
<arg>${selector}</arg>
<tag>Getter</tag>
<tag>PageContent</tag>
<doc>Returns a reference to Playwright [https://playwright.dev/docs/api/class-locator|Locator]
for all matched elements by ``selector``.</doc>
<msg timestamp="20230815 08:20:17.409" level="TRACE">Arguments: [ '//p[contains(text(), "Available in")]' ]</msg>
<msg timestamp="20230815 08:20:27.418" level="INFO">Found  Locators successfully.</msg>
<msg timestamp="20230815 08:20:27.418" level="DEBUG">[]</msg>
<msg timestamp="20230815 08:20:27.419" level="TRACE">Return: []</msg>
<msg timestamp="20230815 08:20:27.419" level="INFO">${els} = []</msg>
<status status="PASS" starttime="20230815 08:20:17.408" endtime="20230815 08:20:27.419"/>
</kw>
<kw name="Get Length" library="BuiltIn">
<var>${count}</var>
<arg>${els}</arg>
<doc>Returns and logs the length of the given item as an integer.</doc>
<msg timestamp="20230815 08:20:27.421" level="TRACE">Arguments: [ [] ]</msg>
<msg timestamp="20230815 08:20:27.421" level="INFO">Length is 0</msg>
<msg timestamp="20230815 08:20:27.421" level="TRACE">Return: 0</msg>
<msg timestamp="20230815 08:20:27.421" level="INFO">${count} = 0</msg>
<status status="PASS" starttime="20230815 08:20:27.420" endtime="20230815 08:20:27.421"/>
</kw>
<if>
<branch type="IF" condition="${count} &gt; 0">
<kw name="Set Variable" library="BuiltIn">
<var>${visible}</var>
<arg>True</arg>
<doc>Returns the given values which can then be assigned to a variables.</doc>
<status status="NOT RUN" starttime="20230815 08:20:27.422" endtime="20230815 08:20:27.422"/>
</kw>
<status status="NOT RUN" starttime="20230815 08:20:27.422" endtime="20230815 08:20:27.423"/>
</branch>
<branch type="ELSE">
<kw name="Set Variable" library="BuiltIn">
<var>${visible}</var>
<arg>False</arg>
<doc>Returns the given values which can then be assigned to a variables.</doc>
<msg timestamp="20230815 08:20:27.424" level="TRACE">Arguments: [ 'False' ]</msg>
<msg timestamp="20230815 08:20:27.424" level="TRACE">Return: 'False'</msg>
<msg timestamp="20230815 08:20:27.424" level="INFO">${visible} = False</msg>
<status status="PASS" starttime="20230815 08:20:27.423" endtime="20230815 08:20:27.424"/>
</kw>
<status status="PASS" starttime="20230815 08:20:27.423" endtime="20230815 08:20:27.424"/>
</branch>
<status status="PASS" starttime="20230815 08:20:27.421" endtime="20230815 08:20:27.424"/>
</if>
<status status="PASS" starttime="20230815 08:20:17.408" endtime="20230815 08:20:27.424"/>
</branch>
<branch type="EXCEPT">
<kw name="Set Variable" library="BuiltIn">
<var>${visible}</var>
<arg>False</arg>
<doc>Returns the given values which can then be assigned to a variables.</doc>
<status status="NOT RUN" starttime="20230815 08:20:27.425" endtime="20230815 08:20:27.425"/>
</kw>
<status status="NOT RUN" starttime="20230815 08:20:27.425" endtime="20230815 08:20:27.425"/>
</branch>
<status status="PASS" starttime="20230815 08:20:17.408" endtime="20230815 08:20:27.425"/>
</try>
<kw name="Set Browser Timeout" library="Browser">
<arg>${timeout}</arg>
<tag>Config</tag>
<tag>Setter</tag>
<doc>Sets the timeout used by most input and getter keywords.</doc>
<msg timestamp="20230815 08:20:27.426" level="TRACE">Arguments: [ datetime.timedelta(seconds=90) ]</msg>
<msg timestamp="20230815 08:20:27.432" level="INFO">Set timeout to: 90000</msg>
<msg timestamp="20230815 08:20:27.432" level="TRACE">Return: '10 seconds'</msg>
<status status="PASS" starttime="20230815 08:20:27.426" endtime="20230815 08:20:27.432"/>
</kw>
<msg timestamp="20230815 08:20:27.433" level="TRACE">Return: 'False'</msg>
<msg timestamp="20230815 08:20:27.434" level="INFO">${availableInFound} = False</msg>
<status status="PASS" starttime="20230815 08:20:17.406" endtime="20230815 08:20:27.434"/>
</kw>
<while condition="${availableInFound}">
<iter>
<kw name="Sleep" library="BuiltIn">
<arg>15s</arg>
<doc>Pauses the test executed for the given time.</doc>
<status status="NOT RUN" starttime="20230815 08:20:27.435" endtime="20230815 08:20:27.435"/>
</kw>
<kw name="Reload" library="Browser">
<tag>BrowserControl</tag>
<tag>Setter</tag>
<doc>Reloads current active page.</doc>
<status status="NOT RUN" starttime="20230815 08:20:27.435" endtime="20230815 08:20:27.435"/>
</kw>
<kw name="Is Element Found" library="common">
<var>${availableInFound}</var>
<arg>//p[contains(text(), "Available in")]</arg>
<doc>A keyword that has a very complex way of figuring out whether an
element is found or not because I had trouble with the built-in keywords
Can be solved differently if you have a better idea</doc>
<status status="NOT RUN" starttime="20230815 08:20:27.435" endtime="20230815 08:20:27.435"/>
</kw>
<status status="NOT RUN" starttime="20230815 08:20:27.434" endtime="20230815 08:20:27.436"/>
</iter>
<status status="NOT RUN" starttime="20230815 08:20:27.434" endtime="20230815 08:20:27.436"/>
</while>
<kw name="Set Browser Timeout" library="Browser">
<arg>${timeout}</arg>
<tag>Config</tag>
<tag>Setter</tag>
<doc>Sets the timeout used by most input and getter keywords.</doc>
<msg timestamp="20230815 08:20:27.437" level="TRACE">Arguments: [ datetime.timedelta(seconds=90) ]</msg>
<msg timestamp="20230815 08:20:27.437" level="TRACE">Return: '1 minute 30 seconds'</msg>
<status status="PASS" starttime="20230815 08:20:27.436" endtime="20230815 08:20:27.437"/>
</kw>
<kw name="Check for Payment Ok Modal" library="checkin">
<doc>Workaround to closing modal until it is fixed</doc>
<msg timestamp="20230815 08:20:27.437" level="TRACE">Arguments: [  ]</msg>
<kw name="Is Element Visible" library="common">
<var>${modalIsVisible}</var>
<arg>//section[contains(@class, 'chakra')]</arg>
<msg timestamp="20230815 08:20:27.438" level="TRACE">Arguments: [ ${selector}="//section[contains(@class, 'chakra')]" ]</msg>
<kw name="Get Element States" library="Browser">
<var>${isVisible}</var>
<arg>${selector}</arg>
<arg>then</arg>
<arg>bool(value &amp; visible)</arg>
<tag>Assertion</tag>
<tag>Getter</tag>
<tag>PageContent</tag>
<doc>Get the active states from the element found by ``selector``.</doc>
<msg timestamp="20230815 08:20:27.439" level="TRACE">Arguments: [ "//section[contains(@class, 'chakra')]" | &lt;AssertionOperator.then: 'then'&gt; | 'bool(value &amp; visible)' ]</msg>
<msg timestamp="20230815 08:20:27.695" level="DEBUG">States: 2</msg>
<msg timestamp="20230815 08:20:27.695" level="DEBUG">Assertion polling statistics:
First element asserted in: 0.2562520503997803 seconds
Total tries: 1
Elapsed time in retries 0.0 seconds</msg>
<msg timestamp="20230815 08:20:27.695" level="TRACE">Return: False</msg>
<msg timestamp="20230815 08:20:27.696" level="INFO">${isVisible} = False</msg>
<status status="PASS" starttime="20230815 08:20:27.438" endtime="20230815 08:20:27.696"/>
</kw>
<msg timestamp="20230815 08:20:27.696" level="TRACE">Return: False</msg>
<msg timestamp="20230815 08:20:27.696" level="INFO">${modalIsVisible} = False</msg>
<status status="PASS" starttime="20230815 08:20:27.438" endtime="20230815 08:20:27.696"/>
</kw>
<if>
<branch type="IF" condition="${modalIsVisible}">
<kw name="Click" library="Browser">
<arg>//button[contains(text(),'Ok')]</arg>
<tag>PageContent</tag>
<tag>Setter</tag>
<doc>Simulates mouse click on the element found by ``selector``.</doc>
<status status="NOT RUN" starttime="20230815 08:20:27.698" endtime="20230815 08:20:27.698"/>
</kw>
<status status="NOT RUN" starttime="20230815 08:20:27.697" endtime="20230815 08:20:27.698"/>
</branch>
<status status="PASS" starttime="20230815 08:20:27.696" endtime="20230815 08:20:27.698"/>
</if>
<msg timestamp="20230815 08:20:27.699" level="TRACE">Return: None</msg>
<status status="PASS" starttime="20230815 08:20:27.437" endtime="20230815 08:20:27.699"/>
</kw>
<msg timestamp="20230815 08:20:27.699" level="TRACE">Return: None</msg>
<status status="PASS" starttime="20230815 08:20:17.403" endtime="20230815 08:20:27.700"/>
</kw>
<kw name="Check Door Code and verify it is not empty" library="checkin">
<msg timestamp="20230815 08:20:27.701" level="TRACE">Arguments: [  ]</msg>
<kw name="Get Text" library="Browser">
<var>${doorCode}</var>
<arg>//*[contains(text(), "Door code")]/following-sibling::*</arg>
<tag>Assertion</tag>
<tag>Getter</tag>
<tag>PageContent</tag>
<doc>Returns text attribute of the element found by ``selector``.</doc>
<msg timestamp="20230815 08:20:27.702" level="TRACE">Arguments: [ '//*[contains(text(), "Door code")]/following-sibling::*' ]</msg>
<msg timestamp="20230815 08:21:57.753" level="DEBUG">Screenshot successfully captured to: /Users/sara/code/nelson-test-automation/reports/test3/browser/screenshot/fail-screenshot-7.png</msg>
<msg timestamp="20230815 08:21:57.754" level="INFO" html="true">&lt;/td&gt;&lt;/tr&gt;&lt;tr&gt;&lt;td colspan="3"&gt;&lt;a href="browser/screenshot/fail-screenshot-7.png" target="_blank"&gt;&lt;img src="browser/screenshot/fail-screenshot-7.png" width="800px"/&gt;&lt;/a&gt;</msg>
<msg timestamp="20230815 08:21:57.754" level="INFO">See also file:///Users/sara/code/nelson-test-automation/reports/test3/playwright-log.txt for additional details.</msg>
<msg timestamp="20230815 08:21:57.754" level="FAIL">TimeoutError: locator.elementHandle: Timeout 90000ms exceeded.
=========================== logs ===========================
waiting for locator('xpath=//*[contains(text(), "Door code")]/following-sibling::*')
============================================================
Tip: Use "Set Browser Timeout" for increasing the timeout or double check your locator as the targeted element(s) couldn't be found.</msg>
<msg timestamp="20230815 08:21:57.759" level="DEBUG">Traceback (most recent call last):
  File "/Users/sara/code/nelson-test-automation/venv/lib/python3.9/site-packages/Browser/playwright.py", line 158, in grpc_channel
    yield playwright_pb2_grpc.PlaywrightStub(self._channel)
  File "/Users/sara/code/nelson-test-automation/venv/lib/python3.9/site-packages/Browser/keywords/getters.py", line 193, in _get_text
    return stub.GetText(
  File "/Users/sara/code/nelson-test-automation/venv/lib/python3.9/site-packages/grpc/_channel.py", line 1030, in __call__
    return _end_unary_response_blocking(state, call, False, None)
  File "/Users/sara/code/nelson-test-automation/venv/lib/python3.9/site-packages/grpc/_channel.py", line 910, in _end_unary_response_blocking
    raise _InactiveRpcError(state)  # pytype: disable=not-instantiable
grpc._channel._InactiveRpcError: &lt;_InactiveRpcError of RPC that terminated with:
	status = StatusCode.DEADLINE_EXCEEDED
	details = "TimeoutError: locator.elementHandle: Timeout 90000ms exceeded.
=========================== logs ===========================
waiting for locator('xpath=//*[contains(text(), "Door code")]/following-sibling::*')
============================================================"
	debug_error_string = "UNKNOWN:Error received from peer  {grpc_message:"TimeoutError: locator.elementHandle: Timeout 90000ms exceeded.\n=========================== logs ===========================\nwaiting for locator(\'xpath=//*[contains(text(), \"Door code\")]/following-sibling::*\')\n============================================================", grpc_status:4, created_time:"2023-08-15T08:21:57.714839+03:00"}"
&gt;

During handling of the above exception, another exception occurred:

Traceback (most recent call last):
  File "/Users/sara/code/nelson-test-automation/venv/lib/python3.9/site-packages/Browser/browser.py", line 1095, in run_keyword
    raise e
  File "/Users/sara/code/nelson-test-automation/venv/lib/python3.9/site-packages/Browser/browser.py", line 1084, in run_keyword
    return DynamicCore.run_keyword(self, name, args, kwargs)
  File "/Users/sara/code/nelson-test-automation/venv/lib/python3.9/site-packages/robotlibcore.py", line 126, in run_keyword
    return self.keywords[name](*args, **(kwargs or {}))
[...]
    yield playwright_pb2_grpc.PlaywrightStub(self._channel)
  File "/Users/sara/code/nelson-test-automation/venv/lib/python3.9/site-packages/Browser/keywords/playwright_state.py", line 733, in new_page
    response = stub.NewPage(
  File "/Users/sara/code/nelson-test-automation/venv/lib/python3.9/site-packages/grpc/_channel.py", line 1030, in __call__
    return _end_unary_response_blocking(state, call, False, None)
  File "/Users/sara/code/nelson-test-automation/venv/lib/python3.9/site-packages/grpc/_channel.py", line 910, in _end_unary_response_blocking
    raise _InactiveRpcError(state)  # pytype: disable=not-instantiable
grpc._channel._InactiveRpcError: &lt;_InactiveRpcError of RPC that terminated with:
	status = StatusCode.RESOURCE_EXHAUSTED
	details = "Error: page.goto: Protocol error (Page.navigate): Invalid url: "$MUI_URL" Page.navigate@chrome://juggler/content/protocol/PageHandler.js:386:13
dispatch@chrome://juggler/content/protocol/Dispatcher.js:132:39
_dispatch@chrome://juggler/content/protocol/Dispatcher.js:69:36
receiveMessage@chrome://juggler/content/components/Juggler.js:118:20

=========================== logs ===========================
navigating to "$MUI_URL", waiting until "load"
============================================================"
	debug_error_string = "UNKNOWN:Error received from peer  {created_time:"2023-08-15T08:31:46.147668+03:00", grpc_status:8, grpc_message:"Error: page.goto: Protocol error (Page.navigate): Invalid url: \"$MUI_URL\" Page.navigate@chrome://juggler/content/protocol/PageHandler.js:386:13\ndispatch@chrome://juggler/content/protocol/Dispatcher.js:132:39\n_dispatch@chrome://juggler/content/protocol/Dispatcher.js:69:36\nreceiveMessage@chrome://juggler/content/components/Juggler.js:118:20\n\n=========================== logs ===========================\nnavigating to \"$MUI_URL\", waiting until \"load\"\n============================================================"}"
&gt;

During handling of the above exception, another exception occurred:

Traceback (most recent call last):
  File "/Users/sara/code/nelson-test-automation/venv/lib/python3.9/site-packages/Browser/browser.py", line 1095, in run_keyword
    raise e
  File "/Users/sara/code/nelson-test-automation/venv/lib/python3.9/site-packages/Browser/browser.py", line 1084, in run_keyword
    return DynamicCore.run_keyword(self, name, args, kwargs)
  File "/Users/sara/code/nelson-test-automation/venv/lib/python3.9/site-packages/robotlibcore.py", line 126, in run_keyword
    return self.keywords[name](*args, **(kwargs or {}))
  File "/Users/sara/code/nelson-test-automation/venv/lib/python3.9/site-packages/Browser/keywords/playwright_state.py", line 733, in new_page
    response = stub.NewPage(
  File "/Users/sara/micromamba/lib/python3.9/contextlib.py", line 137, in __exit__
    self.gen.throw(typ, value, traceback)
  File "/Users/sara/code/nelson-test-automation/venv/lib/python3.9/site-packages/Browser/playwright.py", line 162, in grpc_channel
    raise AssertionError(error.details())
AssertionError: Error: page.goto: Protocol error (Page.navigate): Invalid url: "$MUI_URL" Page.navigate@chrome://juggler/content/protocol/PageHandler.js:386:13
dispatch@chrome://juggler/content/protocol/Dispatcher.js:132:39
_dispatch@chrome://juggler/content/protocol/Dispatcher.js:69:36
receiveMessage@chrome://juggler/content/components/Juggler.js:118:20

=========================== logs ===========================
navigating to "$MUI_URL", waiting until "load"
============================================================</msg>
<status status="FAIL" starttime="20230815 08:31:46.040" endtime="20230815 08:31:46.150"/>
</kw>
<status status="FAIL" starttime="20230815 08:31:46.036" endtime="20230815 08:31:46.150"/>
</kw>
<kw name="Log in to Nelson Portal" library="mui">
<status status="NOT RUN" starttime="20230815 08:31:46.150" endtime="20230815 08:31:46.150"/>
</kw>
<kw name="Verify Dashboard Elements" library="mui">
<status status="NOT RUN" starttime="20230815 08:31:46.150" endtime="20230815 08:31:46.150"/>
</kw>
<kw name="Select Environment" library="mui">
<arg>${ENVIRONMENT}</arg>
<status status="NOT RUN" starttime="20230815 08:31:46.151" endtime="20230815 08:31:46.151"/>
</kw>
<status status="FAIL" starttime="20230815 08:31:46.036" endtime="20230815 08:31:46.151">Error: page.goto: Protocol error (Page.navigate): Invalid url: "$MUI_URL" Page.navigate@chrome://juggler/content/protocol/PageHandler.js:386:13
dispatch@chrome://juggler/content/protocol/Dispatcher.js:132:39
_dispatch@chrome://juggler/content/protocol/Dispatcher.js:69:36
receiveMessage@chrome://juggler/content/components/Juggler.js:118:20

=========================== logs ===========================
navigating to "$MUI_URL", waiting until "load"
============================================================</status>
</test>
<test id="s1-s3-s2-s1-t5" name="Verify Users Page" line="28">
<kw name="Click" library="Browser">
<arg>//a[contains(@href, "users") and (@class="capitalize")]</arg>
<tag>PageContent</tag>
<tag>Setter</tag>
<doc>Simulates mouse click on the element found by ``selector``.</doc>
<msg timestamp="20230815 08:31:46.152" level="TRACE">Arguments: [ '//a[contains(@href, "users") and (@class="capitalize")]' ]</msg>
<msg timestamp="20230815 08:31:46.152" level="DEBUG">Click options are: {"button": "left", "clickCount": 1, "force": false, "noWaitAfter": false, "trial": false}</msg>
<msg timestamp="20230815 08:31:46.154" level="INFO">Keyword 'Take Screenshot  fail-screenshot-{index}' could not be run on failure:
Error: Tried to take screenshot, but no page was open.</msg>
<msg timestamp="20230815 08:31:46.154" level="INFO">See also file:///Users/sara/code/nelson-test-automation/reports/test3/playwright-log.txt for additional details.</msg>
<msg timestamp="20230815 08:31:46.154" level="FAIL">Error: Could not find active page</msg>
<msg timestamp="20230815 08:31:46.154" level="DEBUG">Traceback (most recent call last):
  File "/Users/sara/code/nelson-test-automation/venv/lib/python3.9/site-packages/Browser/playwright.py", line 158, in grpc_channel
    yield playwright_pb2_grpc.PlaywrightStub(self._channel)
  File "/Users/sara/code/nelson-test-automation/venv/lib/python3.9/site-packages/Browser/keywords/interaction.py", line 446, in click_with_options
    response = stub.Click(
  File "/Users/sara/code/nelson-test-automation/venv/lib/python3.9/site-packages/grpc/_channel.py", line 1030, in __call__
    return _end_unary_response_blocking(state, call, False, None)
  File "/Users/sara/code/nelson-test-automation/venv/lib/python3.9/site-packages/grpc/_channel.py", line 910, in _end_unary_response_blocking
    raise _InactiveRpcError(state)  # pytype: disable=not-instantiable
grpc._channel._InactiveRpcError: &lt;_InactiveRpcError of RPC that terminated with:
	status = StatusCode.RESOURCE_EXHAUSTED
	details = "Error: Could not find active page"
	debug_error_string = "UNKNOWN:Error received from peer  {grpc_message:"Error: Could not find active page", grpc_status:8, created_time:"2023-08-15T08:31:46.1528+03:00"}"
&gt;

During handling of the above exception, another exception occurred:

Traceback (most recent call last):
  File "/Users/sara/code/nelson-test-automation/venv/lib/python3.9/site-packages/Browser/browser.py", line 1095, in run_keyword
    raise e
  File "/Users/sara/code/nelson-test-automation/venv/lib/python3.9/site-packages/Browser/browser.py", line 1084, in run_keyword
    return DynamicCore.run_keyword(self, name, args, kwargs)
  File "/Users/sara/code/nelson-test-automation/venv/lib/python3.9/site-packages/robotlibcore.py", line 126, in run_keyword
    return self.keywords[name](*args, **(kwargs or {}))
  File "/Users/sara/code/nelson-test-automation/venv/lib/python3.9/site-packages/Browser/keywords/interaction.py", line 366, in click
    self.click_with_options(
  File "/Users/sara/code/nelson-test-automation/venv/lib/python3.9/site-packages/Browser/keywords/interaction.py", line 451, in click_with_options
    logger.debug(response.log)
  File "/Users/sara/micromamba/lib/python3.9/contextlib.py", line 137, in __exit__
    self.gen.throw(typ, value, traceback)
  File "/Users/sara/code/nelson-test-automation/venv/lib/python3.9/site-packages/Browser/playwright.py", line 162, in grpc_channel
    raise AssertionError(error.details())
AssertionError: Error: Could not find active page</msg>
<status status="FAIL" starttime="20230815 08:31:46.152" endtime="20230815 08:31:46.154"/>
</kw>
<status status="FAIL" starttime="20230815 08:31:46.152" endtime="20230815 08:31:46.154">Error: Could not find active page</status>
</test>
<test id="s1-s3-s2-s1-t6" name="Verify User Profile" line="31">
<kw name="Click" library="Browser">
<arg>(//span[contains(@class, "avatar")])[0]</arg>
<tag>PageContent</tag>
<tag>Setter</tag>
<doc>Simulates mouse click on the element found by ``selector``.</doc>
<msg timestamp="20230815 08:31:46.156" level="TRACE">Arguments: [ '(//span[contains(@class, "avatar")])[0]' ]</msg>
<msg timestamp="20230815 08:31:46.156" level="DEBUG">Click options are: {"button": "left", "clickCount": 1, "force": false, "noWaitAfter": false, "trial": false}</msg>
<msg timestamp="20230815 08:31:46.157" level="INFO">Keyword 'Take Screenshot  fail-screenshot-{index}' could not be run on failure:
Error: Tried to take screenshot, but no page was open.</msg>
<msg timestamp="20230815 08:31:46.157" level="INFO">See also file:///Users/sara/code/nelson-test-automation/reports/test3/playwright-log.txt for additional details.</msg>
<msg timestamp="20230815 08:31:46.158" level="FAIL">Error: Could not find active page</msg>
<msg timestamp="20230815 08:31:46.158" level="DEBUG">Traceback (most recent call last):
  File "/Users/sara/code/nelson-test-automation/venv/lib/python3.9/site-packages/Browser/playwright.py", line 158, in grpc_channel
    yield playwright_pb2_grpc.PlaywrightStub(self._channel)
  File "/Users/sara/code/nelson-test-automation/venv/lib/python3.9/site-packages/Browser/keywords/interaction.py", line 446, in click_with_options
    response = stub.Click(
  File "/Users/sara/code/nelson-test-automation/venv/lib/python3.9/site-packages/grpc/_channel.py", line 1030, in __call__
    return _end_unary_response_blocking(state, call, False, None)
  File "/Users/sara/code/nelson-test-automation/venv/lib/python3.9/site-packages/grpc/_channel.py", line 910, in _end_unary_response_blocking
    raise _InactiveRpcError(state)  # pytype: disable=not-instantiable
grpc._channel._InactiveRpcError: &lt;_InactiveRpcError of RPC that terminated with:
	status = StatusCode.RESOURCE_EXHAUSTED
	details = "Error: Could not find active page"
	debug_error_string = "UNKNOWN:Error received from peer  {grpc_message:"Error: Could not find active page", grpc_status:8, created_time:"2023-08-15T08:31:46.156201+03:00"}"
&gt;

During handling of the above exception, another exception occurred:

Traceback (most recent call last):
  File "/Users/sara/code/nelson-test-automation/venv/lib/python3.9/site-packages/Browser/browser.py", line 1095, in run_keyword
    raise e
  File "/Users/sara/code/nelson-test-automation/venv/lib/python3.9/site-packages/Browser/browser.py", line 1084, in run_keyword
    return DynamicCore.run_keyword(self, name, args, kwargs)
  File "/Users/sara/code/nelson-test-automation/venv/lib/python3.9/site-packages/robotlibcore.py", line 126, in run_keyword
    return self.keywords[name](*args, **(kwargs or {}))
  File "/Users/sara/code/nelson-test-automation/venv/lib/python3.9/site-packages/Browser/keywords/interaction.py", line 366, in click
    self.click_with_options(
  File "/Users/sara/code/nelson-test-automation/venv/lib/python3.9/site-packages/Browser/keywords/interaction.py", line 451, in click_with_options
    logger.debug(response.log)
  File "/Users/sara/micromamba/lib/python3.9/contextlib.py", line 137, in __exit__
    self.gen.throw(typ, value, traceback)
  File "/Users/sara/code/nelson-test-automation/venv/lib/python3.9/site-packages/Browser/playwright.py", line 162, in grpc_channel
    raise AssertionError(error.details())
AssertionError: Error: Could not find active page</msg>
<status status="FAIL" starttime="20230815 08:31:46.156" endtime="20230815 08:31:46.158"/>
</kw>
<status status="FAIL" starttime="20230815 08:31:46.155" endtime="20230815 08:31:46.158">Error: Could not find active page</status>
</test>
<test id="s1-s3-s2-s1-t7" name="Log Out" line="34">
<kw name="Click" library="Browser">
<arg>(//img[contains(@src, "signout")][0]</arg>
<tag>PageContent</tag>
<tag>Setter</tag>
<doc>Simulates mouse click on the element found by ``selector``.</doc>
<msg timestamp="20230815 08:31:46.159" level="TRACE">Arguments: [ '(//img[contains(@src, "signout")][0]' ]</msg>
<msg timestamp="20230815 08:31:46.159" level="DEBUG">Click options are: {"button": "left", "clickCount": 1, "force": false, "noWaitAfter": false, "trial": false}</msg>
<msg timestamp="20230815 08:31:46.161" level="INFO">Keyword 'Take Screenshot  fail-screenshot-{index}' could not be run on failure:
Error: Tried to take screenshot, but no page was open.</msg>
<msg timestamp="20230815 08:31:46.161" level="INFO">See also file:///Users/sara/code/nelson-test-automation/reports/test3/playwright-log.txt for additional details.</msg>
<msg timestamp="20230815 08:31:46.161" level="FAIL">Error: Could not find active page</msg>
<msg timestamp="20230815 08:31:46.162" level="DEBUG">Traceback (most recent call last):
  File "/Users/sara/code/nelson-test-automation/venv/lib/python3.9/site-packages/Browser/playwright.py", line 158, in grpc_channel
    yield playwright_pb2_grpc.PlaywrightStub(self._channel)
  File "/Users/sara/code/nelson-test-automation/venv/lib/python3.9/site-packages/Browser/keywords/interaction.py", line 446, in click_with_options
    response = stub.Click(
  File "/Users/sara/code/nelson-test-automation/venv/lib/python3.9/site-packages/grpc/_channel.py", line 1030, in __call__
    return _end_unary_response_blocking(state, call, False, None)
  File "/Users/sara/code/nelson-test-automation/venv/lib/python3.9/site-packages/grpc/_channel.py", line 910, in _end_unary_response_blocking
    raise _InactiveRpcError(state)  # pytype: disable=not-instantiable
grpc._channel._InactiveRpcError: &lt;_InactiveRpcError of RPC that terminated with:
	status = StatusCode.RESOURCE_EXHAUSTED
	details = "Error: Could not find active page"
	debug_error_string = "UNKNOWN:Error received from peer  {created_time:"2023-08-15T08:31:46.159871+03:00", grpc_status:8, grpc_message:"Error: Could not find active page"}"
&gt;

During handling of the above exception, another exception occurred:

Traceback (most recent call last):
  File "/Users/sara/code/nelson-test-automation/venv/lib/python3.9/site-packages/Browser/browser.py", line 1095, in run_keyword
    raise e
  File "/Users/sara/code/nelson-test-automation/venv/lib/python3.9/site-packages/Browser/browser.py", line 1084, in run_keyword
    return DynamicCore.run_keyword(self, name, args, kwargs)
  File "/Users/sara/code/nelson-test-automation/venv/lib/python3.9/site-packages/robotlibcore.py", line 126, in run_keyword
    return self.keywords[name](*args, **(kwargs or {}))
  File "/Users/sara/code/nelson-test-automation/venv/lib/python3.9/site-packages/Browser/keywords/interaction.py", line 366, in click
    self.click_with_options(
  File "/Users/sara/code/nelson-test-automation/venv/lib/python3.9/site-packages/Browser/keywords/interaction.py", line 451, in click_with_options
    logger.debug(response.log)
  File "/Users/sara/micromamba/lib/python3.9/contextlib.py", line 137, in __exit__
    self.gen.throw(typ, value, traceback)
  File "/Users/sara/code/nelson-test-automation/venv/lib/python3.9/site-packages/Browser/playwright.py", line 162, in grpc_channel
    raise AssertionError(error.details())
AssertionError: Error: Could not find active page</msg>
<status status="FAIL" starttime="20230815 08:31:46.159" endtime="20230815 08:31:46.162"/>
</kw>
<status status="FAIL" starttime="20230815 08:31:46.159" endtime="20230815 08:31:46.162">Error: Could not find active page</status>
</test>
<kw name="Close Browser" library="Browser" type="TEARDOWN">
<tag>BrowserControl</tag>
<tag>Setter</tag>
<doc>Closes the current browser.</doc>
<msg timestamp="20230815 08:31:46.163" level="TRACE">Arguments: [  ]</msg>
<msg timestamp="20230815 08:31:48.401" level="INFO">Closed browser</msg>
<msg timestamp="20230815 08:31:48.401" level="TRACE">Return: None</msg>
<status status="PASS" starttime="20230815 08:31:46.163" endtime="20230815 08:31:48.401"/>
</kw>
<doc>This file contains smoke tests for MUI</doc>
<status status="FAIL" starttime="20230815 08:31:45.141" endtime="20230815 08:31:48.401"/>
</suite>
<status status="FAIL" starttime="20230815 08:31:45.139" endtime="20230815 08:31:48.405"/>
</suite>
<status status="FAIL" starttime="20230815 08:31:41.885" endtime="20230815 08:31:48.406"/>
</suite>
<doc>Argument file for running tests on Omena Staging Environmen (test3)</doc>
<status status="FAIL" starttime="20230815 08:11:03.882" endtime="20230815 08:31:48.408"/>
</suite>
<statistics>
<total>
<stat pass="10" fail="25" skip="0">All Tests</stat>
</total>
<tag>
<stat pass="7" fail="6" skip="0">kensington_stay</stat>
<stat pass="1" fail="1" skip="0">smoke</stat>
<stat pass="0" fail="7" skip="0">smoke, booking, BUI2-556, online-checkin</stat>
</tag>
<suite>
<stat pass="10" fail="25" skip="0" id="s1" name="Testsuites">Testsuites</stat>
<stat pass="3" fail="10" skip="0" id="s1-s1" name="BUI">Testsuites.BUI</stat>
<stat pass="2" fail="9" skip="0" id="s1-s1-s1" name="Feature">Testsuites.BUI.Feature</stat>
<stat pass="2" fail="9" skip="0" id="s1-s1-s1-s1" name="Online Check In">Testsuites.BUI.Feature.Online Check In</stat>
<stat pass="0" fail="7" skip="0" id="s1-s1-s1-s1-s1" name="BUI2-556">Testsuites.BUI.Feature.Online Check In.BUI2-556</stat>
<stat pass="2" fail="2" skip="0" id="s1-s1-s1-s1-s2" name="BUI2-557">Testsuites.BUI.Feature.Online Check In.BUI2-557</stat>
<stat pass="1" fail="1" skip="0" id="s1-s1-s2" name="Regression">Testsuites.BUI.Regression</stat>
<stat pass="1" fail="1" skip="0" id="s1-s1-s2-s1" name="Create Booking">Testsuites.BUI.Regression.Create Booking</stat>
<stat pass="7" fail="6" skip="0" id="s1-s2" name="Customer Specific">Testsuites.Customer Specific</stat>
<stat pass="7" fail="6" skip="0" id="s1-s2-s1" name="Kensington Stay">Testsuites.Customer Specific.Kensington Stay</stat>
<stat pass="1" fail="2" skip="0" id="s1-s2-s1-s1" name="Confirm Bdc Booking">Testsuites.Customer Specific.Kensington Stay.Confirm Bdc Booking</stat>
<stat pass="3" fail="1" skip="0" id="s1-s2-s1-s2" name="Create Bdc Booking">Testsuites.Customer Specific.Kensington Stay.Create Bdc Booking</stat>
<stat pass="3" fail="2" skip="0" id="s1-s2-s1-s3" name="Create Bui Booking">Testsuites.Customer Specific.Kensington Stay.Create Bui Booking</stat>
<stat pass="0" fail="1" skip="0" id="s1-s2-s1-s4" name="Create Mui Booking">Testsuites.Customer Specific.Kensington Stay.Create Mui Booking</stat>
<stat pass="0" fail="9" skip="0" id="s1-s3" name="MUI">Testsuites.MUI</stat>
<stat pass="0" fail="2" skip="0" id="s1-s3-s1" name="Feature">Testsuites.MUI.Feature</stat>
<stat pass="0" fail="2" skip="0" id="s1-s3-s1-s1" name="MUI-430">Testsuites.MUI.Feature.MUI-430</stat>
<stat pass="0" fail="7" skip="0" id="s1-s3-s2" name="Regression">Testsuites.MUI.Regression</stat>
<stat pass="0" fail="7" skip="0" id="s1-s3-s2-s1" name="Smoke">Testsuites.MUI.Regression.Smoke</stat>
</suite>
</statistics>
<errors>
<msg timestamp="20230815 08:11:04.132" level="WARN">Python-dotenv could not parse statement starting at line 17</msg>
<msg timestamp="20230815 08:11:04.132" level="WARN">Python-dotenv could not parse statement starting at line 19</msg>
<msg timestamp="20230815 08:11:04.132" level="WARN">Python-dotenv could not parse statement starting at line 20</msg>
</errors>
</robot>
