<?xml version="1.0" encoding="UTF-8"?>
<robot generator="Robot 5.0.1 (Python 3.11.4 on win32)" generated="20230718 08:07:15.951" rpa="false" schemaversion="3">
<suite id="s1" name="Testsuites" source="C:\Users\SaraGilbert\nelson-test-automation\testsuites">
<suite id="s1-s1" name="BUI" source="C:\Users\SaraGilbert\nelson-test-automation\testsuites\BUI">
<suite id="s1-s1-s1" name="Feature" source="C:\Users\SaraGilbert\nelson-test-automation\testsuites\BUI\feature">
<suite id="s1-s1-s1-s1" name="Online Check In" source="C:\Users\SaraGilbert\nelson-test-automation\testsuites\BUI\feature\online_check_in">
<suite id="s1-s1-s1-s1-s1" name="BUI2-556" source="C:\Users\SaraGilbert\nelson-test-automation\testsuites\BUI\feature\online_check_in\BUI2-556.robot">
<kw name="Open Browser to Landing Page" library="common" type="SETUP">
<doc>A general startup keyword for opening a browser to the landing page.</doc>
<kw name="Open New Browser To URL" library="common">
<arg>${url}</arg>
<kw name="New Browser" library="Browser">
<arg>${browser}</arg>
<arg>${headless}</arg>
<arg>timeout=${timeout}</arg>
<tag>BrowserControl</tag>
<tag>Setter</tag>
<doc>Create a new playwright Browser with specified options.</doc>
<msg timestamp="20230718 08:07:17.200" level="INFO">{"browser": "firefox", "headless": true, "devtools": false, "handleSIGHUP": true, "handleSIGINT": true, "handleSIGTERM": true, "slowMo": 0.0, "timeout": 90000.0, "tracesDir": "C:\\Users\\SaraGilbert\\nelson-test-automation\\reports\\test3\\browser\\traces\\954a2c14-291e-478c-9231-a4a45e987303"}</msg>
<msg timestamp="20230718 08:07:17.935" level="INFO">Successfully created browser with options: {"browser":"firefox","headless":true,"devtools":false,"handleSIGHUP":true,"handleSIGINT":true,"handleSIGTERM":true,"slowMo":0,"timeout":90000,"tracesDir":"C:\\Users\\SaraGilbert\\nelson-test-automation\\reports\\test3\\browser\\traces\\954a2c14-291e-478c-9231-a4a45e987303"}</msg>
<status status="PASS" starttime="20230718 08:07:17.200" endtime="20230718 08:07:17.935"/>
</kw>
<kw name="Set Browser Timeout" library="Browser">
<arg>${timeout}</arg>
<tag>Config</tag>
<tag>Setter</tag>
<doc>Sets the timeout used by most input and getter keywords.</doc>
<msg timestamp="20230718 08:07:17.938" level="INFO">No context open.</msg>
<status status="PASS" starttime="20230718 08:07:17.935" endtime="20230718 08:07:17.938"/>
</kw>
<kw name="New Context" library="Browser">
<tag>BrowserControl</tag>
<tag>Setter</tag>
<doc>Create a new BrowserContext with specified options.</doc>
<msg timestamp="20230718 08:07:17.939" level="INFO">{
  "acceptDownloads": true,
  "bypassCSP": false,
  "forcedColors": "none",
  "hideRfBrowser": "",
  "ignoreHTTPSErrors": false,
  "javaScriptEnabled": true,
  "offline": false,
  "reducedMotion": "no-preference",
  "viewport": {
    "height": 720,
    "width": 1280
  }
}</msg>
<msg timestamp="20230718 08:07:17.978" level="INFO">Successfully created context. </msg>
<msg timestamp="20230718 08:07:17.978" level="INFO">{'acceptDownloads': True, 'bypassCSP': False, 'forcedColors': 'none', 'hideRfBrowser': '', 'ignoreHTTPSErrors': False, 'javaScriptEnabled': True, 'offline': False, 'reducedMotion': 'no-preference', 'viewport': {'height': 720, 'width': 1280}}</msg>
<status status="PASS" starttime="20230718 08:07:17.938" endtime="20230718 08:07:17.979"/>
</kw>
<kw name="New Page" library="Browser">
<arg>${url}</arg>
<tag>BrowserControl</tag>
<tag>Setter</tag>
<doc>Open a new Page.</doc>
<msg timestamp="20230718 08:07:19.981" level="INFO">Successfully initialized new page object and opened url: https://test3.omenahotels.com/en</msg>
<status status="PASS" starttime="20230718 08:07:17.979" endtime="20230718 08:07:19.981"/>
</kw>
<status status="PASS" starttime="20230718 08:07:17.200" endtime="20230718 08:07:19.981"/>
</kw>
<kw name="Wait Until Network Is Idle" library="Browser">
<tag>HTTP</tag>
<tag>Wait</tag>
<doc>Waits until there has been at least one instance of 500 ms of no network traffic on the page after loading.</doc>
<status status="PASS" starttime="20230718 08:07:19.981" endtime="20230718 08:07:20.634"/>
</kw>
<kw name="Allow Cookies" library="common">
<doc>Allow Cookies/Toggle Cookie allowance</doc>
<kw name="Is Element Found" library="common">
<var>${cookieModalVisible}</var>
<arg>id=CybotCookiebotDialogBodyLevelButtonLevelOptinAllowAll</arg>
<doc>A keyword that has a very complex way of figuring out whether an
element is found or not because I had trouble with the built-in keywords
Can be solved differently if you have a better idea</doc>
<kw name="Set Browser Timeout" library="Browser">
<arg>10s</arg>
<tag>Config</tag>
<tag>Setter</tag>
<doc>Sets the timeout used by most input and getter keywords.</doc>
<msg timestamp="20230718 08:07:20.634" level="INFO">Set timeout to: 10000</msg>
<status status="PASS" starttime="20230718 08:07:20.634" endtime="20230718 08:07:20.634"/>
</kw>
<try>
<branch type="TRY">
<kw name="Get Elements" library="Browser">
<var>${els}</var>
<arg>${selector}</arg>
<tag>Getter</tag>
<tag>PageContent</tag>
<doc>Returns a reference to Playwright [https://playwright.dev/docs/api/class-locator|Locator]
for all matched elements by ``selector``.</doc>
<msg timestamp="20230718 08:07:20.687" level="INFO">Found Locator@id=CybotCookiebotDialogBodyLevelButtonLevelOptinAllowAll &gt;&gt; nth=0 Locators successfully.</msg>
<msg timestamp="20230718 08:07:20.687" level="INFO">${els} = ['id=CybotCookiebotDialogBodyLevelButtonLevelOptinAllowAll &gt;&gt; nth=0']</msg>
<status status="PASS" starttime="20230718 08:07:20.642" endtime="20230718 08:07:20.687"/>
</kw>
<kw name="Get Length" library="BuiltIn">
<var>${count}</var>
<arg>${els}</arg>
<doc>Returns and logs the length of the given item as an integer.</doc>
<msg timestamp="20230718 08:07:20.687" level="INFO">Length is 1</msg>
<msg timestamp="20230718 08:07:20.687" level="INFO">${count} = 1</msg>
<status status="PASS" starttime="20230718 08:07:20.687" endtime="20230718 08:07:20.687"/>
</kw>
<if>
<branch type="IF" condition="${count} &gt; 0">
<kw name="Set Variable" library="BuiltIn">
<var>${visible}</var>
<arg>True</arg>
<doc>Returns the given values which can then be assigned to a variables.</doc>
<msg timestamp="20230718 08:07:20.687" level="INFO">${visible} = True</msg>
<status status="PASS" starttime="20230718 08:07:20.687" endtime="20230718 08:07:20.687"/>
</kw>
<status status="PASS" starttime="20230718 08:07:20.687" endtime="20230718 08:07:20.687"/>
</branch>
<branch type="ELSE">
<kw name="Set Variable" library="BuiltIn">
<var>${visible}</var>
<arg>False</arg>
<doc>Returns the given values which can then be assigned to a variables.</doc>
<status status="NOT RUN" starttime="20230718 08:07:20.687" endtime="20230718 08:07:20.687"/>
</kw>
<status status="NOT RUN" starttime="20230718 08:07:20.687" endtime="20230718 08:07:20.687"/>
</branch>
<status status="PASS" starttime="20230718 08:07:20.687" endtime="20230718 08:07:20.687"/>
</if>
<status status="PASS" starttime="20230718 08:07:20.642" endtime="20230718 08:07:20.687"/>
</branch>
<branch type="EXCEPT">
<kw name="Set Variable" library="BuiltIn">
<var>${visible}</var>
<arg>False</arg>
<doc>Returns the given values which can then be assigned to a variables.</doc>
<status status="NOT RUN" starttime="20230718 08:07:20.687" endtime="20230718 08:07:20.687"/>
</kw>
<status status="NOT RUN" starttime="20230718 08:07:20.687" endtime="20230718 08:07:20.687"/>
</branch>
<status status="PASS" starttime="20230718 08:07:20.634" endtime="20230718 08:07:20.687"/>
</try>
<kw name="Set Browser Timeout" library="Browser">
<arg>${timeout}</arg>
<tag>Config</tag>
<tag>Setter</tag>
<doc>Sets the timeout used by most input and getter keywords.</doc>
<msg timestamp="20230718 08:07:20.687" level="INFO">Set timeout to: 90000</msg>
<status status="PASS" starttime="20230718 08:07:20.687" endtime="20230718 08:07:20.687"/>
</kw>
<msg timestamp="20230718 08:07:20.687" level="INFO">${cookieModalVisible} = True</msg>
<status status="PASS" starttime="20230718 08:07:20.634" endtime="20230718 08:07:20.687"/>
</kw>
<if>
<branch type="IF" condition="${cookieModalVisible}">
<kw name="Click" library="Browser">
<arg>id=CybotCookiebotDialogBodyLevelButtonLevelOptinAllowAll</arg>
<tag>PageContent</tag>
<tag>Setter</tag>
<doc>Simulates mouse click on the element found by ``selector``.</doc>
<status status="PASS" starttime="20230718 08:07:20.687" endtime="20230718 08:07:20.788"/>
</kw>
<status status="PASS" starttime="20230718 08:07:20.687" endtime="20230718 08:07:20.788"/>
</branch>
<branch type="ELSE">
<kw name="Log" library="BuiltIn">
<arg>No Cookie Modal Visible</arg>
<doc>Logs the given message with the given level.</doc>
<status status="NOT RUN" starttime="20230718 08:07:20.788" endtime="20230718 08:07:20.788"/>
</kw>
<status status="NOT RUN" starttime="20230718 08:07:20.788" endtime="20230718 08:07:20.788"/>
</branch>
<status status="PASS" starttime="20230718 08:07:20.687" endtime="20230718 08:07:20.788"/>
</if>
<status status="PASS" starttime="20230718 08:07:20.634" endtime="20230718 08:07:20.788"/>
</kw>
<kw name="Set Environment" library="common">
<kw name="Get Url" library="Browser">
<var>${currentUrl}</var>
<tag>Assertion</tag>
<tag>Getter</tag>
<tag>PageContent</tag>
<doc>Returns the current URL.</doc>
<msg timestamp="20230718 08:07:20.796" level="INFO">${currentUrl} = https://test3.omenahotels.com/en/</msg>
<status status="PASS" starttime="20230718 08:07:20.788" endtime="20230718 08:07:20.796"/>
</kw>
<kw name="Get Environment From Url" library="Helpers">
<var>${env}</var>
<arg>${currentUrl}</arg>
<msg timestamp="20230718 08:07:20.796" level="INFO">${env} = test-omena</msg>
<status status="PASS" starttime="20230718 08:07:20.796" endtime="20230718 08:07:20.796"/>
</kw>
<kw name="Set Variable" library="BuiltIn">
<arg>${environment}</arg>
<arg>${env}</arg>
<doc>Returns the given values which can then be assigned to a variables.</doc>
<status status="PASS" starttime="20230718 08:07:20.796" endtime="20230718 08:07:20.796"/>
</kw>
<status status="PASS" starttime="20230718 08:07:20.788" endtime="20230718 08:07:20.796"/>
</kw>
<status status="PASS" starttime="20230718 08:07:17.200" endtime="20230718 08:07:20.796"/>
</kw>
<test id="s1-s1-s1-s1-s1-t1" name="Select Hotel, Dates and Guests" line="14">
<kw name="Select Hotel" library="booking">
<arg>Helsinki, Lönnrotinkatu</arg>
<doc>Select Hotel by using a number as an argument, default Lönnrotinkatu</doc>
<if>
<branch type="IF" condition="&quot;${environment}&quot; == &quot;test-exhibition&quot;">
<kw name="Log" library="BuiltIn">
<arg>No hotel to be selected</arg>
<doc>Logs the given message with the given level.</doc>
<status status="NOT RUN" starttime="20230718 08:07:20.796" endtime="20230718 08:07:20.796"/>
</kw>
<status status="NOT RUN" starttime="20230718 08:07:20.796" endtime="20230718 08:07:20.796"/>
</branch>
<branch type="ELSE">
<kw name="Log" library="BuiltIn">
<arg>Selecting Hotel: ${hotel}</arg>
<doc>Logs the given message with the given level.</doc>
<msg timestamp="20230718 08:07:20.796" level="INFO">Selecting Hotel: Helsinki, Lönnrotinkatu</msg>
<status status="PASS" starttime="20230718 08:07:20.796" endtime="20230718 08:07:20.796"/>
</kw>
<kw name="Click" library="Browser">
<arg>//div[contains(@data-nelson-btn, "hotels")]</arg>
<tag>PageContent</tag>
<tag>Setter</tag>
<doc>Simulates mouse click on the element found by ``selector``.</doc>
<status status="PASS" starttime="20230718 08:07:20.796" endtime="20230718 08:07:20.922"/>
</kw>
<kw name="Wait Until Visible" library="common">
<arg>//a[contains(@class, 'dropdown-item') and contains(text(), '${hotel}')]</arg>
<doc>An easier keyword for waiting until an element is visible</doc>
<kw name="Wait For Elements State" library="Browser">
<arg>${element}</arg>
<arg>visible</arg>
<arg>timeout=${timeout}</arg>
<tag>PageContent</tag>
<tag>Wait</tag>
<doc>Waits for the element found by ``selector`` to satisfy state option.</doc>
<msg timestamp="20230718 08:07:20.937" level="INFO">Waited for Element with selector //a[contains(@class, 'dropdown-item') and contains(text(), 'Helsinki, Lönnrotinkatu')] at state visible</msg>
<status status="PASS" starttime="20230718 08:07:20.922" endtime="20230718 08:07:20.937"/>
</kw>
<status status="PASS" starttime="20230718 08:07:20.922" endtime="20230718 08:07:20.938"/>
</kw>
<kw name="Click" library="Browser">
<arg>//a[contains(@class, 'dropdown-item') and contains(text(), '${hotel}')]</arg>
<tag>PageContent</tag>
<tag>Setter</tag>
<doc>Simulates mouse click on the element found by ``selector``.</doc>
<status status="PASS" starttime="20230718 08:07:20.938" endtime="20230718 08:07:21.092"/>
</kw>
<kw name="Wait For Elements State" library="Browser">
<arg>//a[contains(@class, 'dropdown-item') and contains(text(), '${hotel}')]</arg>
<arg>hidden</arg>
<arg>timeout=3s</arg>
<tag>PageContent</tag>
<tag>Wait</tag>
<doc>Waits for the element found by ``selector`` to satisfy state option.</doc>
<msg timestamp="20230718 08:07:21.116" level="INFO">Waited for Element with selector //a[contains(@class, 'dropdown-item') and contains(text(), 'Helsinki, Lönnrotinkatu')] at state hidden</msg>
<status status="PASS" starttime="20230718 08:07:21.092" endtime="20230718 08:07:21.116"/>
</kw>
<status status="PASS" starttime="20230718 08:07:20.796" endtime="20230718 08:07:21.116"/>
</branch>
<status status="PASS" starttime="20230718 08:07:20.796" endtime="20230718 08:07:21.116"/>
</if>
<status status="PASS" starttime="20230718 08:07:20.796" endtime="20230718 08:07:21.116"/>
</kw>
<kw name="Select Dates" library="booking">
<kw name="Log" library="BuiltIn">
<arg>${EMPTY}</arg>
<doc>Logs the given message with the given level.</doc>
<msg timestamp="20230718 08:07:21.119" level="INFO"/>
<status status="PASS" starttime="20230718 08:07:21.118" endtime="20230718 08:07:21.119"/>
</kw>
<status status="PASS" starttime="20230718 08:07:21.118" endtime="20230718 08:07:21.119"/>
</kw>
<kw name="Select Guests" library="booking">
<doc>Selects the number of guests for the booking, current implementation will only check the dropdown</doc>
<kw name="Log To Console" library="BuiltIn">
<arg>${EMPTY}</arg>
<doc>Logs the given message to the console.</doc>
<status status="PASS" starttime="20230718 08:07:21.120" endtime="20230718 08:07:21.121"/>
</kw>
<status status="PASS" starttime="20230718 08:07:21.120" endtime="20230718 08:07:21.121"/>
</kw>
<tag>smoke, booking, BUI2-556, online-checkin</tag>
<status status="PASS" starttime="20230718 08:07:20.796" endtime="20230718 08:07:21.122"/>
</test>
<test id="s1-s1-s1-s1-s1-t2" name="Check Available Rooms and Select a Standard Room" line="19">
<kw name="Click Book or Find Rooms Button" library="booking">
<kw name="Get Url" library="Browser">
<var>${url}</var>
<tag>Assertion</tag>
<tag>Getter</tag>
<tag>PageContent</tag>
<doc>Returns the current URL.</doc>
<msg timestamp="20230718 08:07:21.132" level="INFO">${url} = https://test3.omenahotels.com/en/#</msg>
<status status="PASS" starttime="20230718 08:07:21.129" endtime="20230718 08:07:21.132"/>
</kw>
<kw name="Check If String Contains" library="common">
<var>${booking}</var>
<arg>${url}</arg>
<arg>/booking/</arg>
<kw name="Check If String Contains Substring" library="Helpers">
<var>${contains}</var>
<arg>${string}</arg>
<arg>${substring}</arg>
<msg timestamp="20230718 08:07:21.133" level="INFO">${contains} = False</msg>
<status status="PASS" starttime="20230718 08:07:21.133" endtime="20230718 08:07:21.133"/>
</kw>
<msg timestamp="20230718 08:07:21.134" level="INFO">${booking} = False</msg>
<status status="PASS" starttime="20230718 08:07:21.132" endtime="20230718 08:07:21.134"/>
</kw>
<if>
<branch type="IF" condition="${booking} == True">
<kw name="Click" library="Browser">
<arg>//button[contains(@class, 'booking-form-button') and contains(text(), 'Find rooms')]</arg>
<tag>PageContent</tag>
<tag>Setter</tag>
<doc>Simulates mouse click on the element found by ``selector``.</doc>
<status status="NOT RUN" starttime="20230718 08:07:21.134" endtime="20230718 08:07:21.134"/>
</kw>
<status status="NOT RUN" starttime="20230718 08:07:21.134" endtime="20230718 08:07:21.135"/>
</branch>
<branch type="ELSE">
<kw name="Click" library="Browser">
<arg>//button[contains(@class, 'booking-form-button') and contains(text(), 'Book')]</arg>
<tag>PageContent</tag>
<tag>Setter</tag>
<doc>Simulates mouse click on the element found by ``selector``.</doc>
<status status="PASS" starttime="20230718 08:07:21.135" endtime="20230718 08:07:21.386"/>
</kw>
<status status="PASS" starttime="20230718 08:07:21.135" endtime="20230718 08:07:21.386"/>
</branch>
<status status="PASS" starttime="20230718 08:07:21.134" endtime="20230718 08:07:21.386"/>
</if>
<status status="PASS" starttime="20230718 08:07:21.128" endtime="20230718 08:07:21.386"/>
</kw>
<kw name="Select a Standard Room" library="booking">
<kw name="Wait Until Visible" library="common">
<arg>${btnExtras}</arg>
<doc>An easier keyword for waiting until an element is visible</doc>
<kw name="Wait For Elements State" library="Browser">
<arg>${element}</arg>
<arg>visible</arg>
<arg>timeout=${timeout}</arg>
<tag>PageContent</tag>
<tag>Wait</tag>
<doc>Waits for the element found by ``selector`` to satisfy state option.</doc>
<msg timestamp="20230718 08:07:23.514" level="INFO">Waited for Element with selector (//div[contains(@view,"booking")]//button[contains(text(), "Continue to extras")])[1] at state visible</msg>
<status status="PASS" starttime="20230718 08:07:21.389" endtime="20230718 08:07:23.514"/>
</kw>
<status status="PASS" starttime="20230718 08:07:21.388" endtime="20230718 08:07:23.515"/>
</kw>
<kw name="Get Element States" library="Browser">
<var>${visible}</var>
<arg>//div[contains(text(), 'Select room')]</arg>
<arg>then</arg>
<arg>bool(value &amp; visible)</arg>
<tag>Assertion</tag>
<tag>Getter</tag>
<tag>PageContent</tag>
<doc>Get the active states from the element found by ``selector``.</doc>
<msg timestamp="20230718 08:07:23.768" level="INFO">${visible} = False</msg>
<status status="PASS" starttime="20230718 08:07:23.515" endtime="20230718 08:07:23.768"/>
</kw>
<kw name="Run Keyword If" library="BuiltIn">
<arg>${visible}</arg>
<arg>Select Standard and Remove Other Room Selection</arg>
<doc>Runs the given keyword with the given arguments, if ``condition`` is true.</doc>
<status status="PASS" starttime="20230718 08:07:23.768" endtime="20230718 08:07:23.768"/>
</kw>
<status status="PASS" starttime="20230718 08:07:21.386" endtime="20230718 08:07:23.769"/>
</kw>
<tag>smoke, booking, BUI2-556, online-checkin</tag>
<status status="PASS" starttime="20230718 08:07:21.127" endtime="20230718 08:07:23.769"/>
</test>
<test id="s1-s1-s1-s1-s1-t3" name="Continue to Extras and Select Join for Free" line="23">
<kw name="Click Continue to Extras Button" library="booking">
<doc>Clicks the continue to extras button</doc>
<kw name="Click" library="Browser">
<arg>${btnExtras}</arg>
<tag>PageContent</tag>
<tag>Setter</tag>
<doc>Simulates mouse click on the element found by ``selector``.</doc>
<status status="PASS" starttime="20230718 08:07:23.774" endtime="20230718 08:07:27.546"/>
</kw>
<kw name="Wait Until Visible" library="common">
<arg>${btnPayment}</arg>
<doc>An easier keyword for waiting until an element is visible</doc>
<kw name="Wait For Elements State" library="Browser">
<arg>${element}</arg>
<arg>visible</arg>
<arg>timeout=${timeout}</arg>
<tag>PageContent</tag>
<tag>Wait</tag>
<doc>Waits for the element found by ``selector`` to satisfy state option.</doc>
<msg timestamp="20230718 08:07:28.056" level="INFO">Waited for Element with selector (//div[contains(@view,"extras")]//button[contains(text(), "Continue to payment")])[1] at state visible</msg>
<status status="PASS" starttime="20230718 08:07:27.546" endtime="20230718 08:07:28.056"/>
</kw>
<status status="PASS" starttime="20230718 08:07:27.546" endtime="20230718 08:07:28.056"/>
</kw>
<status status="PASS" starttime="20230718 08:07:23.773" endtime="20230718 08:07:28.056"/>
</kw>
<kw name="Continue to Payment" library="booking">
<kw name="Click" library="Browser">
<arg>(//button[normalize-space()='Continue to payment'])[1]</arg>
<tag>PageContent</tag>
<tag>Setter</tag>
<doc>Simulates mouse click on the element found by ``selector``.</doc>
<status status="PASS" starttime="20230718 08:07:28.056" endtime="20230718 08:07:28.172"/>
</kw>
<status status="PASS" starttime="20230718 08:07:28.056" endtime="20230718 08:07:28.172"/>
</kw>
<kw name="Select Join for Free" library="booking">
<kw name="Wait Until Visible" library="common">
<arg>//input[@value='memberRate' and @checked='']</arg>
<doc>An easier keyword for waiting until an element is visible</doc>
<kw name="Wait For Elements State" library="Browser">
<arg>${element}</arg>
<arg>visible</arg>
<arg>timeout=${timeout}</arg>
<tag>PageContent</tag>
<tag>Wait</tag>
<doc>Waits for the element found by ``selector`` to satisfy state option.</doc>
<msg timestamp="20230718 08:07:29.174" level="INFO">Waited for Element with selector //input[@value='memberRate' and @checked=''] at state visible</msg>
<status status="PASS" starttime="20230718 08:07:28.172" endtime="20230718 08:07:29.174"/>
</kw>
<status status="PASS" starttime="20230718 08:07:28.172" endtime="20230718 08:07:29.175"/>
</kw>
<kw name="Wait Until Visible" library="common">
<arg>//div//*[normalize-space()='Join for free and get the member rate']/following-sibling::div[@data-checked]</arg>
<doc>An easier keyword for waiting until an element is visible</doc>
<kw name="Wait For Elements State" library="Browser">
<arg>${element}</arg>
<arg>visible</arg>
<arg>timeout=${timeout}</arg>
<tag>PageContent</tag>
<tag>Wait</tag>
<doc>Waits for the element found by ``selector`` to satisfy state option.</doc>
<msg timestamp="20230718 08:07:29.277" level="INFO">Waited for Element with selector //div//*[normalize-space()='Join for free and get the member rate']/following-sibling::div[@data-checked] at state visible</msg>
<status status="PASS" starttime="20230718 08:07:29.175" endtime="20230718 08:07:29.277"/>
</kw>
<status status="PASS" starttime="20230718 08:07:29.175" endtime="20230718 08:07:29.277"/>
</kw>
<status status="PASS" starttime="20230718 08:07:28.172" endtime="20230718 08:07:29.277"/>
</kw>
<tag>smoke, booking, BUI2-556, online-checkin</tag>
<status status="PASS" starttime="20230718 08:07:23.772" endtime="20230718 08:07:29.293"/>
</test>
<test id="s1-s1-s1-s1-s1-t4" name="Fill in Booker Contact Information" line="28">
<kw name="Fill in Contact Information" library="booking">
<doc>Fills in Contact information that can be given as arguments or use default values
Uses a password if the environment is bui and</doc>
<kw name="Create Email and Return Inbox" library="common">
<var>${inbox}</var>
<doc>Creates a new email address and returns the inbox object</doc>
<kw name="Create new Inbox" library="MailSlurp">
<var>${inbox}</var>
<msg timestamp="20230718 08:07:29.960" level="FAIL">TypeError: expected string or bytes-like object, got 'NoneType'</msg>
<status status="FAIL" starttime="20230718 08:07:29.302" endtime="20230718 08:07:29.969"/>
</kw>
<kw name="Log To Console" library="BuiltIn">
<arg>${inbox.id}</arg>
<doc>Logs the given message to the console.</doc>
<status status="NOT RUN" starttime="20230718 08:07:29.971" endtime="20230718 08:07:29.971"/>
</kw>
<status status="FAIL" starttime="20230718 08:07:29.302" endtime="20230718 08:07:29.971"/>
</kw>
<kw name="Click and Fill" library="common">
<arg>id=firstName</arg>
<arg>${firstName}</arg>
<doc>A keyword combination of Click and Fill Text since most of the form fields need a click</doc>
<status status="NOT RUN" starttime="20230718 08:07:29.971" endtime="20230718 08:07:29.971"/>
</kw>
<kw name="Click and Fill" library="common">
<arg>id=lastName</arg>
<arg>${lastName}</arg>
<doc>A keyword combination of Click and Fill Text since most of the form fields need a click</doc>
<status status="NOT RUN" starttime="20230718 08:07:29.971" endtime="20230718 08:07:29.971"/>
</kw>
<kw name="Click and Fill" library="common">
<arg>id=email</arg>
<arg>${inbox.email_address}</arg>
<doc>A keyword combination of Click and Fill Text since most of the form fields need a click</doc>
<status status="NOT RUN" starttime="20230718 08:07:29.973" endtime="20230718 08:07:29.973"/>
</kw>
<kw name="Click and Fill" library="common">
<arg>id=phoneNumber</arg>
<arg>${phone}</arg>
<doc>A keyword combination of Click and Fill Text since most of the form fields need a click</doc>
<status status="NOT RUN" starttime="20230718 08:07:29.973" endtime="20230718 08:07:29.973"/>
</kw>
<kw name="Log To Console" library="BuiltIn">
<arg>${inbox.id}</arg>
<doc>Logs the given message to the console.</doc>
<status status="NOT RUN" starttime="20230718 08:07:29.973" endtime="20230718 08:07:29.973"/>
</kw>
<kw name="Set Suite Variable" library="BuiltIn">
<arg>$ID</arg>
<arg>${inbox.id}</arg>
<doc>Makes a variable available everywhere within the scope of the current suite.</doc>
<status status="NOT RUN" starttime="20230718 08:07:29.973" endtime="20230718 08:07:29.973"/>
</kw>
<kw name="Get Element Count" library="Browser">
<var>${passwordVisible}</var>
<arg>id=password</arg>
<tag>Assertion</tag>
<tag>Getter</tag>
<tag>PageContent</tag>
<doc>Returns the count of elements found with ``selector``.</doc>
<status status="NOT RUN" starttime="20230718 08:07:29.973" endtime="20230718 08:07:29.973"/>
</kw>
<if>
<branch type="IF" condition="'${env}'=='bui' and '${passwordVisible}'&gt;'0'">
<kw name="Click and Fill" library="common">
<arg>id=password</arg>
<arg>${password}</arg>
<doc>A keyword combination of Click and Fill Text since most of the form fields need a click</doc>
<status status="NOT RUN" starttime="20230718 08:07:29.973" endtime="20230718 08:07:29.973"/>
</kw>
<status status="NOT RUN" starttime="20230718 08:07:29.973" endtime="20230718 08:07:29.973"/>
</branch>
<branch type="ELSE">
<kw name="Log To Console" library="BuiltIn">
<arg>No password filled</arg>
<doc>Logs the given message to the console.</doc>
<status status="NOT RUN" starttime="20230718 08:07:29.975" endtime="20230718 08:07:29.975"/>
</kw>
<status status="NOT RUN" starttime="20230718 08:07:29.975" endtime="20230718 08:07:29.975"/>
</branch>
<status status="NOT RUN" starttime="20230718 08:07:29.973" endtime="20230718 08:07:29.975"/>
</if>
<status status="FAIL" starttime="20230718 08:07:29.301" endtime="20230718 08:07:29.975"/>
</kw>
<kw name="Accept offers and Terms" library="booking">
<status status="NOT RUN" starttime="20230718 08:07:29.976" endtime="20230718 08:07:29.976"/>
</kw>
<tag>smoke, booking, BUI2-556, online-checkin</tag>
<status status="FAIL" starttime="20230718 08:07:29.300" endtime="20230718 08:07:29.978">TypeError: expected string or bytes-like object, got 'NoneType'</status>
</test>
<test id="s1-s1-s1-s1-s1-t5" name="Pay using Web Bank and Nordea" line="32">
<kw name="Select Web Bank and Nordea as Payment Method" library="booking">
<kw name="Click" library="Browser">
<arg>//div[contains(text(), "Web bank payment")]</arg>
<tag>PageContent</tag>
<tag>Setter</tag>
<doc>Simulates mouse click on the element found by ``selector``.</doc>
<status status="PASS" starttime="20230718 08:07:29.983" endtime="20230718 08:07:30.044"/>
</kw>
<kw name="Click" library="Browser">
<arg>//p[contains(text(), 'Nordea')]</arg>
<tag>PageContent</tag>
<tag>Setter</tag>
<doc>Simulates mouse click on the element found by ``selector``.</doc>
<status status="PASS" starttime="20230718 08:07:30.044" endtime="20230718 08:07:30.173"/>
</kw>
<kw name="Click" library="Browser">
<arg>(//div[contains(@view,"payment")]//button[contains(text(), "Pay")])[1]</arg>
<tag>PageContent</tag>
<tag>Setter</tag>
<doc>Simulates mouse click on the element found by ``selector``.</doc>
<msg timestamp="20230718 08:09:00.334" level="INFO" html="true">&lt;/td&gt;&lt;/tr&gt;&lt;tr&gt;&lt;td colspan="3"&gt;&lt;a href="browser/screenshot/fail-screenshot-1.png" target="_blank"&gt;&lt;img src="browser/screenshot/fail-screenshot-1.png" width="800px"/&gt;&lt;/a&gt;</msg>
<msg timestamp="20230718 08:09:00.334" level="INFO">See also file:///C:/Users/SaraGilbert/nelson-test-automation/reports/test3/playwright-log.txt for additional details.</msg>
<msg timestamp="20230718 08:09:00.335" level="FAIL">TimeoutError: locator.click: Timeout 90000ms exceeded.
=========================== logs ===========================
waiting for locator('xpath=(//div[contains(@view,"payment")]//button[contains(text(), "Pay")])[1]')
  locator resolved to &lt;button disabled type="button" class="chakra-button css-…&gt;Pay&lt;/button&gt;
attempting click action
  waiting for element to be visible, enabled and stable
    element is not enabled - waiting...
============================================================
Tip: Use "Set Browser Timeout" for increasing the timeout or double check your locator as the targeted element(s) couldn't be found.</msg>
<status status="FAIL" starttime="20230718 08:07:30.173" endtime="20230718 08:09:00.338"/>
</kw>
<status status="FAIL" starttime="20230718 08:07:29.983" endtime="20230718 08:09:00.338"/>
</kw>
<kw name="Complete Payment Successfully" library="booking">
<status status="NOT RUN" starttime="20230718 08:09:00.338" endtime="20230718 08:09:00.338"/>
</kw>
<tag>smoke, booking, BUI2-556, online-checkin</tag>
<status status="FAIL" starttime="20230718 08:07:29.983" endtime="20230718 08:09:00.338">TimeoutError: locator.click: Timeout 90000ms exceeded.
=========================== logs ===========================
waiting for locator('xpath=(//div[contains(@view,"payment")]//button[contains(text(), "Pay")])[1]')
  locator resolved to &lt;button disabled type="button" class="chakra-button css-…&gt;Pay&lt;/button&gt;
attempting click action
  waiting for element to be visible, enabled and stable
    element is not enabled - waiting...
============================================================
Tip: Use "Set Browser Timeout" for increasing the timeout or double check your locator as the targeted element(s) couldn't be found.</status>
</test>
<test id="s1-s1-s1-s1-s1-t6" name="Check In Online" line="36">
<kw name="Click Check In Button" library="booking">
<kw name="Wait Until Visible" library="common">
<arg>(//button[text()="Check in"])[1]</arg>
<doc>An easier keyword for waiting until an element is visible</doc>
<kw name="Wait For Elements State" library="Browser">
<arg>${element}</arg>
<arg>visible</arg>
<arg>timeout=${timeout}</arg>
<tag>PageContent</tag>
<tag>Wait</tag>
<doc>Waits for the element found by ``selector`` to satisfy state option.</doc>
<msg timestamp="20230718 08:10:30.429" level="INFO" html="true">&lt;/td&gt;&lt;/tr&gt;&lt;tr&gt;&lt;td colspan="3"&gt;&lt;a href="browser/screenshot/fail-screenshot-2.png" target="_blank"&gt;&lt;img src="browser/screenshot/fail-screenshot-2.png" width="800px"/&gt;&lt;/a&gt;</msg>
<msg timestamp="20230718 08:10:30.429" level="INFO">See also file:///C:/Users/SaraGilbert/nelson-test-automation/reports/test3/playwright-log.txt for additional details.</msg>
<msg timestamp="20230718 08:10:30.429" level="FAIL">TimeoutError: locator.waitFor: Timeout 90000ms exceeded.
=========================== logs ===========================
waiting for locator('xpath=(//button[text()="Check in"])[1]') to be visible
============================================================
Tip: Use "Set Browser Timeout" for increasing the timeout or double check your locator as the targeted element(s) couldn't be found.</msg>
<status status="FAIL" starttime="20230718 08:09:00.353" endtime="20230718 08:10:30.429"/>
</kw>
<status status="FAIL" starttime="20230718 08:09:00.353" endtime="20230718 08:10:30.429"/>
</kw>
<kw name="Click" library="Browser">
<arg>(//button[text()="Check in"])[1]</arg>
<tag>PageContent</tag>
<tag>Setter</tag>
<doc>Simulates mouse click on the element found by ``selector``.</doc>
<status status="NOT RUN" starttime="20230718 08:10:30.429" endtime="20230718 08:10:30.429"/>
</kw>
<status status="FAIL" starttime="20230718 08:09:00.353" endtime="20230718 08:10:30.429"/>
</kw>
<kw name="Fill Check in Slide" library="booking">
<status status="NOT RUN" starttime="20230718 08:10:30.429" endtime="20230718 08:10:30.429"/>
</kw>
<kw name="Click Save and Sign Button and Sign if Required" library="booking">
<status status="NOT RUN" starttime="20230718 08:10:30.434" endtime="20230718 08:10:30.434"/>
</kw>
<kw name="Complete Check in" library="booking">
<status status="NOT RUN" starttime="20230718 08:10:30.435" endtime="20230718 08:10:30.435"/>
</kw>
<tag>smoke, booking, BUI2-556, online-checkin</tag>
<status status="FAIL" starttime="20230718 08:09:00.352" endtime="20230718 08:10:30.435">TimeoutError: locator.waitFor: Timeout 90000ms exceeded.
=========================== logs ===========================
waiting for locator('xpath=(//button[text()="Check in"])[1]') to be visible
============================================================
Tip: Use "Set Browser Timeout" for increasing the timeout or double check your locator as the targeted element(s) couldn't be found.</status>
</test>
<test id="s1-s1-s1-s1-s1-t7" name="Wait for Door Code and Verify Page" line="42">
<kw name="Wait Until Door Code is Available" library="checkin">
<kw name="Set Browser Timeout" library="Browser">
<arg>5 minutes</arg>
<tag>Config</tag>
<tag>Setter</tag>
<doc>Sets the timeout used by most input and getter keywords.</doc>
<msg timestamp="20230718 08:10:30.445" level="INFO">Set timeout to: 300000</msg>
<status status="PASS" starttime="20230718 08:10:30.441" endtime="20230718 08:10:30.445"/>
</kw>
<kw name="Is Element Found" library="common">
<var>${availableInFound}</var>
<arg>//p[contains(text(), "Available in")]</arg>
<doc>A keyword that has a very complex way of figuring out whether an
element is found or not because I had trouble with the built-in keywords
Can be solved differently if you have a better idea</doc>
<kw name="Set Browser Timeout" library="Browser">
<arg>10s</arg>
<tag>Config</tag>
<tag>Setter</tag>
<doc>Sets the timeout used by most input and getter keywords.</doc>
<msg timestamp="20230718 08:10:30.449" level="INFO">Set timeout to: 10000</msg>
<status status="PASS" starttime="20230718 08:10:30.445" endtime="20230718 08:10:30.449"/>
</kw>
<try>
<branch type="TRY">
<kw name="Get Elements" library="Browser">
<var>${els}</var>
<arg>${selector}</arg>
<tag>Getter</tag>
<tag>PageContent</tag>
<doc>Returns a reference to Playwright [https://playwright.dev/docs/api/class-locator|Locator]
for all matched elements by ``selector``.</doc>
<msg timestamp="20230718 08:10:40.463" level="INFO">Found  Locators successfully.</msg>
<msg timestamp="20230718 08:10:40.463" level="INFO">${els} = []</msg>
<status status="PASS" starttime="20230718 08:10:30.449" endtime="20230718 08:10:40.463"/>
</kw>
<kw name="Get Length" library="BuiltIn">
<var>${count}</var>
<arg>${els}</arg>
<doc>Returns and logs the length of the given item as an integer.</doc>
<msg timestamp="20230718 08:10:40.463" level="INFO">Length is 0</msg>
<msg timestamp="20230718 08:10:40.463" level="INFO">${count} = 0</msg>
<status status="PASS" starttime="20230718 08:10:40.463" endtime="20230718 08:10:40.463"/>
</kw>
<if>
<branch type="IF" condition="${count} &gt; 0">
<kw name="Set Variable" library="BuiltIn">
<var>${visible}</var>
<arg>True</arg>
<doc>Returns the given values which can then be assigned to a variables.</doc>
<status status="NOT RUN" starttime="20230718 08:10:40.463" endtime="20230718 08:10:40.463"/>
</kw>
<status status="NOT RUN" starttime="20230718 08:10:40.463" endtime="20230718 08:10:40.463"/>
</branch>
<branch type="ELSE">
<kw name="Set Variable" library="BuiltIn">
<var>${visible}</var>
<arg>False</arg>
<doc>Returns the given values which can then be assigned to a variables.</doc>
<msg timestamp="20230718 08:10:40.463" level="INFO">${visible} = False</msg>
<status status="PASS" starttime="20230718 08:10:40.463" endtime="20230718 08:10:40.463"/>
</kw>
<status status="PASS" starttime="20230718 08:10:40.463" endtime="20230718 08:10:40.463"/>
</branch>
<status status="PASS" starttime="20230718 08:10:40.463" endtime="20230718 08:10:40.463"/>
</if>
<status status="PASS" starttime="20230718 08:10:30.449" endtime="20230718 08:10:40.463"/>
</branch>
<branch type="EXCEPT">
<kw name="Set Variable" library="BuiltIn">
<var>${visible}</var>
<arg>False</arg>
<doc>Returns the given values which can then be assigned to a variables.</doc>
<status status="NOT RUN" starttime="20230718 08:10:40.463" endtime="20230718 08:10:40.463"/>
</kw>
<status status="NOT RUN" starttime="20230718 08:10:40.463" endtime="20230718 08:10:40.463"/>
</branch>
<status status="PASS" starttime="20230718 08:10:30.449" endtime="20230718 08:10:40.463"/>
</try>
<kw name="Set Browser Timeout" library="Browser">
<arg>${timeout}</arg>
<tag>Config</tag>
<tag>Setter</tag>
<doc>Sets the timeout used by most input and getter keywords.</doc>
<msg timestamp="20230718 08:10:40.480" level="INFO">Set timeout to: 90000</msg>
<status status="PASS" starttime="20230718 08:10:40.463" endtime="20230718 08:10:40.480"/>
</kw>
<msg timestamp="20230718 08:10:40.481" level="INFO">${availableInFound} = False</msg>
<status status="PASS" starttime="20230718 08:10:30.445" endtime="20230718 08:10:40.481"/>
</kw>
<while condition="${availableInFound}">
<iter>
<kw name="Sleep" library="BuiltIn">
<arg>15s</arg>
<doc>Pauses the test executed for the given time.</doc>
<status status="NOT RUN" starttime="20230718 08:10:40.481" endtime="20230718 08:10:40.482"/>
</kw>
<kw name="Reload" library="Browser">
<tag>BrowserControl</tag>
<tag>Setter</tag>
<doc>Reloads current active page.</doc>
<status status="NOT RUN" starttime="20230718 08:10:40.482" endtime="20230718 08:10:40.482"/>
</kw>
<kw name="Is Element Found" library="common">
<var>${availableInFound}</var>
<arg>//p[contains(text(), "Available in")]</arg>
<doc>A keyword that has a very complex way of figuring out whether an
element is found or not because I had trouble with the built-in keywords
Can be solved differently if you have a better idea</doc>
<status status="NOT RUN" starttime="20230718 08:10:40.482" endtime="20230718 08:10:40.482"/>
</kw>
<status status="NOT RUN" starttime="20230718 08:10:40.481" endtime="20230718 08:10:40.482"/>
</iter>
<status status="NOT RUN" starttime="20230718 08:10:40.481" endtime="20230718 08:10:40.482"/>
</while>
<kw name="Set Browser Timeout" library="Browser">
<arg>${timeout}</arg>
<tag>Config</tag>
<tag>Setter</tag>
<doc>Sets the timeout used by most input and getter keywords.</doc>
<status status="PASS" starttime="20230718 08:10:40.484" endtime="20230718 08:10:40.484"/>
</kw>
<kw name="Check for Payment Ok Modal" library="checkin">
<doc>Workaround to closing modal until it is fixed</doc>
<kw name="Is Element Visible" library="common">
<var>${modalIsVisible}</var>
<arg>//section[contains(@class, 'chakra')]</arg>
<kw name="Get Element States" library="Browser">
<var>${isVisible}</var>
<arg>${selector}</arg>
<arg>then</arg>
<arg>bool(value &amp; visible)</arg>
<tag>Assertion</tag>
<tag>Getter</tag>
<tag>PageContent</tag>
<doc>Get the active states from the element found by ``selector``.</doc>
<msg timestamp="20230718 08:10:40.546" level="INFO">${isVisible} = False</msg>
<status status="PASS" starttime="20230718 08:10:40.485" endtime="20230718 08:10:40.546"/>
</kw>
<msg timestamp="20230718 08:10:40.546" level="INFO">${modalIsVisible} = False</msg>
<status status="PASS" starttime="20230718 08:10:40.485" endtime="20230718 08:10:40.546"/>
</kw>
<if>
<branch type="IF" condition="${modalIsVisible}">
<kw name="Click" library="Browser">
<arg>//button[contains(text(),'Ok')]</arg>
<tag>PageContent</tag>
<tag>Setter</tag>
<doc>Simulates mouse click on the element found by ``selector``.</doc>
<status status="NOT RUN" starttime="20230718 08:10:40.546" endtime="20230718 08:10:40.546"/>
</kw>
<status status="NOT RUN" starttime="20230718 08:10:40.546" endtime="20230718 08:10:40.546"/>
</branch>
<status status="PASS" starttime="20230718 08:10:40.546" endtime="20230718 08:10:40.546"/>
</if>
<status status="PASS" starttime="20230718 08:10:40.484" endtime="20230718 08:10:40.546"/>
</kw>
<status status="PASS" starttime="20230718 08:10:30.440" endtime="20230718 08:10:40.546"/>
</kw>
<kw name="Check Door Code and verify it is not empty" library="checkin">
<kw name="Get Text" library="Browser">
<var>${doorCode}</var>
<arg>//*[contains(text(), "Door code")]/following-sibling::*</arg>
<tag>Assertion</tag>
<tag>Getter</tag>
<tag>PageContent</tag>
<doc>Returns text attribute of the element found by ``selector``.</doc>
<msg timestamp="20230718 08:12:10.670" level="INFO" html="true">&lt;/td&gt;&lt;/tr&gt;&lt;tr&gt;&lt;td colspan="3"&gt;&lt;a href="browser/screenshot/fail-screenshot-3.png" target="_blank"&gt;&lt;img src="browser/screenshot/fail-screenshot-3.png" width="800px"/&gt;&lt;/a&gt;</msg>
<msg timestamp="20230718 08:12:10.670" level="INFO">See also file:///C:/Users/SaraGilbert/nelson-test-automation/reports/test3/playwright-log.txt for additional details.</msg>
<msg timestamp="20230718 08:12:10.670" level="FAIL">TimeoutError: locator.elementHandle: Timeout 90000ms exceeded.
=========================== logs ===========================
waiting for locator('xpath=//*[contains(text(), "Door code")]/following-sibling::*')
============================================================
Tip: Use "Set Browser Timeout" for increasing the timeout or double check your locator as the targeted element(s) couldn't be found.</msg>
<status status="FAIL" starttime="20230718 08:10:40.546" endtime="20230718 08:12:10.670"/>
</kw>
<kw name="Is Element Found" library="common">
<var>${availableInFound}</var>
<arg>//p[contains(text(), "Available in")]</arg>
<doc>A keyword that has a very complex way of figuring out whether an
element is found or not because I had trouble with the built-in keywords
Can be solved differently if you have a better idea</doc>
<status status="NOT RUN" starttime="20230718 08:12:10.670" endtime="20230718 08:12:10.670"/>
</kw>
<if>
<branch type="IF" condition="${availableInFound} != 'True'">
<kw name="Should Be String" library="String">
<arg>${doorCode}</arg>
<doc>Fails if the given ``item`` is not a string.</doc>
<status status="NOT RUN" starttime="20230718 08:12:10.670" endtime="20230718 08:12:10.670"/>
</kw>
<status status="NOT RUN" starttime="20230718 08:12:10.670" endtime="20230718 08:12:10.670"/>
</branch>
<branch type="ELSE">
<kw name="Fail" library="BuiltIn">
<arg>Door code is not visible</arg>
<doc>Fails the test with the given message and optionally alters its tags.</doc>
<status status="NOT RUN" starttime="20230718 08:12:10.670" endtime="20230718 08:12:10.670"/>
</kw>
<status status="NOT RUN" starttime="20230718 08:12:10.670" endtime="20230718 08:12:10.670"/>
</branch>
<status status="NOT RUN" starttime="20230718 08:12:10.670" endtime="20230718 08:12:10.670"/>
</if>
<status status="FAIL" starttime="20230718 08:10:40.546" endtime="20230718 08:12:10.670"/>
</kw>
<kw name="Verify Page Elements after Check-in" library="checkin">
<status status="NOT RUN" starttime="20230718 08:12:10.670" endtime="20230718 08:12:10.670"/>
</kw>
<tag>smoke, booking, BUI2-556, online-checkin</tag>
<status status="FAIL" starttime="20230718 08:10:30.440" endtime="20230718 08:12:10.670">TimeoutError: locator.elementHandle: Timeout 90000ms exceeded.
=========================== logs ===========================
waiting for locator('xpath=//*[contains(text(), "Door code")]/following-sibling::*')
============================================================
Tip: Use "Set Browser Timeout" for increasing the timeout or double check your locator as the targeted element(s) couldn't be found.</status>
</test>
<kw name="Close Browser" library="Browser" type="TEARDOWN">
<tag>BrowserControl</tag>
<tag>Setter</tag>
<doc>Closes the current browser.</doc>
<msg timestamp="20230718 08:12:10.988" level="INFO">Closed browser</msg>
<status status="PASS" starttime="20230718 08:12:10.681" endtime="20230718 08:12:10.988"/>
</kw>
<doc>This is a test suite for booking a room and checking in online</doc>
<status status="FAIL" starttime="20230718 08:07:15.993" endtime="20230718 08:12:10.988"/>
</suite>
<suite id="s1-s1-s1-s1-s2" name="BUI2-557" source="C:\Users\SaraGilbert\nelson-test-automation\testsuites\BUI\feature\online_check_in\BUI2-557.robot">
<test id="s1-s1-s1-s1-s2-t1" name="Create a new Booking" line="11">
<kw name="Open Browser to Landing Page" library="common" type="SETUP">
<doc>A general startup keyword for opening a browser to the landing page.</doc>
<kw name="Open New Browser To URL" library="common">
<arg>${url}</arg>
<kw name="New Browser" library="Browser">
<arg>${browser}</arg>
<arg>${headless}</arg>
<arg>timeout=${timeout}</arg>
<tag>BrowserControl</tag>
<tag>Setter</tag>
<doc>Create a new playwright Browser with specified options.</doc>
<msg timestamp="20230718 08:12:11.034" level="INFO">{"browser": "firefox", "headless": true, "devtools": false, "handleSIGHUP": true, "handleSIGINT": true, "handleSIGTERM": true, "slowMo": 0.0, "timeout": 90000.0, "tracesDir": "C:\\Users\\SaraGilbert\\nelson-test-automation\\reports\\test3\\browser\\traces\\56a80db7-ca91-434a-8794-950419502663"}</msg>
<msg timestamp="20230718 08:12:11.683" level="INFO">Successfully created browser with options: {"browser":"firefox","headless":true,"devtools":false,"handleSIGHUP":true,"handleSIGINT":true,"handleSIGTERM":true,"slowMo":0,"timeout":90000,"tracesDir":"C:\\Users\\SaraGilbert\\nelson-test-automation\\reports\\test3\\browser\\traces\\56a80db7-ca91-434a-8794-950419502663"}</msg>
<status status="PASS" starttime="20230718 08:12:11.034" endtime="20230718 08:12:11.683"/>
</kw>
<kw name="Set Browser Timeout" library="Browser">
<arg>${timeout}</arg>
<tag>Config</tag>
<tag>Setter</tag>
<doc>Sets the timeout used by most input and getter keywords.</doc>
<msg timestamp="20230718 08:12:11.686" level="INFO">No context open.</msg>
<status status="PASS" starttime="20230718 08:12:11.684" endtime="20230718 08:12:11.686"/>
</kw>
<kw name="New Context" library="Browser">
<tag>BrowserControl</tag>
<tag>Setter</tag>
<doc>Create a new BrowserContext with specified options.</doc>
<msg timestamp="20230718 08:12:11.687" level="INFO">{
  "acceptDownloads": true,
  "bypassCSP": false,
  "forcedColors": "none",
  "hideRfBrowser": "",
  "ignoreHTTPSErrors": false,
  "javaScriptEnabled": true,
  "offline": false,
  "reducedMotion": "no-preference",
  "viewport": {
    "height": 720,
    "width": 1280
  }
}</msg>
<msg timestamp="20230718 08:12:11.725" level="INFO">Successfully created context. </msg>
<msg timestamp="20230718 08:12:11.725" level="INFO">{'acceptDownloads': True, 'bypassCSP': False, 'forcedColors': 'none', 'hideRfBrowser': '', 'ignoreHTTPSErrors': False, 'javaScriptEnabled': True, 'offline': False, 'reducedMotion': 'no-preference', 'viewport': {'height': 720, 'width': 1280}}</msg>
<status status="PASS" starttime="20230718 08:12:11.686" endtime="20230718 08:12:11.725"/>
</kw>
<kw name="New Page" library="Browser">
<arg>${url}</arg>
<tag>BrowserControl</tag>
<tag>Setter</tag>
<doc>Open a new Page.</doc>
<msg timestamp="20230718 08:12:13.767" level="INFO">Successfully initialized new page object and opened url: https://test3.omenahotels.com/en</msg>
<status status="PASS" starttime="20230718 08:12:11.725" endtime="20230718 08:12:13.767"/>
</kw>
<status status="PASS" starttime="20230718 08:12:11.034" endtime="20230718 08:12:13.767"/>
</kw>
<kw name="Wait Until Network Is Idle" library="Browser">
<tag>HTTP</tag>
<tag>Wait</tag>
<doc>Waits until there has been at least one instance of 500 ms of no network traffic on the page after loading.</doc>
<status status="PASS" starttime="20230718 08:12:13.767" endtime="20230718 08:12:14.442"/>
</kw>
<kw name="Allow Cookies" library="common">
<doc>Allow Cookies/Toggle Cookie allowance</doc>
<kw name="Is Element Found" library="common">
<var>${cookieModalVisible}</var>
<arg>id=CybotCookiebotDialogBodyLevelButtonLevelOptinAllowAll</arg>
<doc>A keyword that has a very complex way of figuring out whether an
element is found or not because I had trouble with the built-in keywords
Can be solved differently if you have a better idea</doc>
<kw name="Set Browser Timeout" library="Browser">
<arg>10s</arg>
<tag>Config</tag>
<tag>Setter</tag>
<doc>Sets the timeout used by most input and getter keywords.</doc>
<msg timestamp="20230718 08:12:14.448" level="INFO">Set timeout to: 10000</msg>
<status status="PASS" starttime="20230718 08:12:14.445" endtime="20230718 08:12:14.448"/>
</kw>
<try>
<branch type="TRY">
<kw name="Get Elements" library="Browser">
<var>${els}</var>
<arg>${selector}</arg>
<tag>Getter</tag>
<tag>PageContent</tag>
<doc>Returns a reference to Playwright [https://playwright.dev/docs/api/class-locator|Locator]
for all matched elements by ``selector``.</doc>
<msg timestamp="20230718 08:12:14.486" level="INFO">Found Locator@id=CybotCookiebotDialogBodyLevelButtonLevelOptinAllowAll &gt;&gt; nth=0 Locators successfully.</msg>
<msg timestamp="20230718 08:12:14.486" level="INFO">${els} = ['id=CybotCookiebotDialogBodyLevelButtonLevelOptinAllowAll &gt;&gt; nth=0']</msg>
<status status="PASS" starttime="20230718 08:12:14.448" endtime="20230718 08:12:14.486"/>
</kw>
<kw name="Get Length" library="BuiltIn">
<var>${count}</var>
<arg>${els}</arg>
<doc>Returns and logs the length of the given item as an integer.</doc>
<msg timestamp="20230718 08:12:14.486" level="INFO">Length is 1</msg>
<msg timestamp="20230718 08:12:14.486" level="INFO">${count} = 1</msg>
<status status="PASS" starttime="20230718 08:12:14.486" endtime="20230718 08:12:14.486"/>
</kw>
<if>
<branch type="IF" condition="${count} &gt; 0">
<kw name="Set Variable" library="BuiltIn">
<var>${visible}</var>
<arg>True</arg>
<doc>Returns the given values which can then be assigned to a variables.</doc>
<msg timestamp="20230718 08:12:14.486" level="INFO">${visible} = True</msg>
<status status="PASS" starttime="20230718 08:12:14.486" endtime="20230718 08:12:14.486"/>
</kw>
<status status="PASS" starttime="20230718 08:12:14.486" endtime="20230718 08:12:14.486"/>
</branch>
<branch type="ELSE">
<kw name="Set Variable" library="BuiltIn">
<var>${visible}</var>
<arg>False</arg>
<doc>Returns the given values which can then be assigned to a variables.</doc>
<status status="NOT RUN" starttime="20230718 08:12:14.486" endtime="20230718 08:12:14.486"/>
</kw>
<status status="NOT RUN" starttime="20230718 08:12:14.486" endtime="20230718 08:12:14.486"/>
</branch>
<status status="PASS" starttime="20230718 08:12:14.486" endtime="20230718 08:12:14.486"/>
</if>
<status status="PASS" starttime="20230718 08:12:14.448" endtime="20230718 08:12:14.486"/>
</branch>
<branch type="EXCEPT">
<kw name="Set Variable" library="BuiltIn">
<var>${visible}</var>
<arg>False</arg>
<doc>Returns the given values which can then be assigned to a variables.</doc>
<status status="NOT RUN" starttime="20230718 08:12:14.486" endtime="20230718 08:12:14.486"/>
</kw>
<status status="NOT RUN" starttime="20230718 08:12:14.486" endtime="20230718 08:12:14.486"/>
</branch>
<status status="PASS" starttime="20230718 08:12:14.448" endtime="20230718 08:12:14.486"/>
</try>
<kw name="Set Browser Timeout" library="Browser">
<arg>${timeout}</arg>
<tag>Config</tag>
<tag>Setter</tag>
<doc>Sets the timeout used by most input and getter keywords.</doc>
<msg timestamp="20230718 08:12:14.493" level="INFO">Set timeout to: 90000</msg>
<status status="PASS" starttime="20230718 08:12:14.486" endtime="20230718 08:12:14.493"/>
</kw>
<msg timestamp="20230718 08:12:14.493" level="INFO">${cookieModalVisible} = True</msg>
<status status="PASS" starttime="20230718 08:12:14.442" endtime="20230718 08:12:14.493"/>
</kw>
<if>
<branch type="IF" condition="${cookieModalVisible}">
<kw name="Click" library="Browser">
<arg>id=CybotCookiebotDialogBodyLevelButtonLevelOptinAllowAll</arg>
<tag>PageContent</tag>
<tag>Setter</tag>
<doc>Simulates mouse click on the element found by ``selector``.</doc>
<status status="PASS" starttime="20230718 08:12:14.495" endtime="20230718 08:12:14.554"/>
</kw>
<status status="PASS" starttime="20230718 08:12:14.495" endtime="20230718 08:12:14.554"/>
</branch>
<branch type="ELSE">
<kw name="Log" library="BuiltIn">
<arg>No Cookie Modal Visible</arg>
<doc>Logs the given message with the given level.</doc>
<status status="NOT RUN" starttime="20230718 08:12:14.554" endtime="20230718 08:12:14.554"/>
</kw>
<status status="NOT RUN" starttime="20230718 08:12:14.554" endtime="20230718 08:12:14.554"/>
</branch>
<status status="PASS" starttime="20230718 08:12:14.493" endtime="20230718 08:12:14.554"/>
</if>
<status status="PASS" starttime="20230718 08:12:14.442" endtime="20230718 08:12:14.555"/>
</kw>
<kw name="Set Environment" library="common">
<kw name="Get Url" library="Browser">
<var>${currentUrl}</var>
<tag>Assertion</tag>
<tag>Getter</tag>
<tag>PageContent</tag>
<doc>Returns the current URL.</doc>
<msg timestamp="20230718 08:12:14.556" level="INFO">${currentUrl} = https://test3.omenahotels.com/en/</msg>
<status status="PASS" starttime="20230718 08:12:14.555" endtime="20230718 08:12:14.556"/>
</kw>
<kw name="Get Environment From Url" library="Helpers">
<var>${env}</var>
<arg>${currentUrl}</arg>
<msg timestamp="20230718 08:12:14.557" level="INFO">${env} = test-omena</msg>
<status status="PASS" starttime="20230718 08:12:14.556" endtime="20230718 08:12:14.557"/>
</kw>
<kw name="Set Variable" library="BuiltIn">
<arg>${environment}</arg>
<arg>${env}</arg>
<doc>Returns the given values which can then be assigned to a variables.</doc>
<status status="PASS" starttime="20230718 08:12:14.557" endtime="20230718 08:12:14.557"/>
</kw>
<status status="PASS" starttime="20230718 08:12:14.555" endtime="20230718 08:12:14.557"/>
</kw>
<status status="PASS" starttime="20230718 08:12:11.034" endtime="20230718 08:12:14.557"/>
</kw>
<kw name="Select Hotel" library="booking">
<arg>Helsinki, Lönnrotinkatu</arg>
<doc>Select Hotel by using a number as an argument, default Lönnrotinkatu</doc>
<if>
<branch type="IF" condition="&quot;${environment}&quot; == &quot;test-exhibition&quot;">
<kw name="Log" library="BuiltIn">
<arg>No hotel to be selected</arg>
<doc>Logs the given message with the given level.</doc>
<status status="NOT RUN" starttime="20230718 08:12:14.558" endtime="20230718 08:12:14.558"/>
</kw>
<status status="NOT RUN" starttime="20230718 08:12:14.558" endtime="20230718 08:12:14.558"/>
</branch>
<branch type="ELSE">
<kw name="Log" library="BuiltIn">
<arg>Selecting Hotel: ${hotel}</arg>
<doc>Logs the given message with the given level.</doc>
<msg timestamp="20230718 08:12:14.559" level="INFO">Selecting Hotel: Helsinki, Lönnrotinkatu</msg>
<status status="PASS" starttime="20230718 08:12:14.559" endtime="20230718 08:12:14.559"/>
</kw>
<kw name="Click" library="Browser">
<arg>//div[contains(@data-nelson-btn, "hotels")]</arg>
<tag>PageContent</tag>
<tag>Setter</tag>
<doc>Simulates mouse click on the element found by ``selector``.</doc>
<status status="PASS" starttime="20230718 08:12:14.559" endtime="20230718 08:12:14.675"/>
</kw>
<kw name="Wait Until Visible" library="common">
<arg>//a[contains(@class, 'dropdown-item') and contains(text(), '${hotel}')]</arg>
<doc>An easier keyword for waiting until an element is visible</doc>
<kw name="Wait For Elements State" library="Browser">
<arg>${element}</arg>
<arg>visible</arg>
<arg>timeout=${timeout}</arg>
<tag>PageContent</tag>
<tag>Wait</tag>
<doc>Waits for the element found by ``selector`` to satisfy state option.</doc>
<msg timestamp="20230718 08:12:14.686" level="INFO">Waited for Element with selector //a[contains(@class, 'dropdown-item') and contains(text(), 'Helsinki, Lönnrotinkatu')] at state visible</msg>
<status status="PASS" starttime="20230718 08:12:14.676" endtime="20230718 08:12:14.686"/>
</kw>
<status status="PASS" starttime="20230718 08:12:14.676" endtime="20230718 08:12:14.686"/>
</kw>
<kw name="Click" library="Browser">
<arg>//a[contains(@class, 'dropdown-item') and contains(text(), '${hotel}')]</arg>
<tag>PageContent</tag>
<tag>Setter</tag>
<doc>Simulates mouse click on the element found by ``selector``.</doc>
<status status="PASS" starttime="20230718 08:12:14.686" endtime="20230718 08:12:14.854"/>
</kw>
<kw name="Wait For Elements State" library="Browser">
<arg>//a[contains(@class, 'dropdown-item') and contains(text(), '${hotel}')]</arg>
<arg>hidden</arg>
<arg>timeout=3s</arg>
<tag>PageContent</tag>
<tag>Wait</tag>
<doc>Waits for the element found by ``selector`` to satisfy state option.</doc>
<msg timestamp="20230718 08:12:14.878" level="INFO">Waited for Element with selector //a[contains(@class, 'dropdown-item') and contains(text(), 'Helsinki, Lönnrotinkatu')] at state hidden</msg>
<status status="PASS" starttime="20230718 08:12:14.854" endtime="20230718 08:12:14.878"/>
</kw>
<status status="PASS" starttime="20230718 08:12:14.558" endtime="20230718 08:12:14.878"/>
</branch>
<status status="PASS" starttime="20230718 08:12:14.558" endtime="20230718 08:12:14.878"/>
</if>
<status status="PASS" starttime="20230718 08:12:14.558" endtime="20230718 08:12:14.878"/>
</kw>
<kw name="Select Dates" library="booking">
<kw name="Log" library="BuiltIn">
<arg>${EMPTY}</arg>
<doc>Logs the given message with the given level.</doc>
<msg timestamp="20230718 08:12:14.881" level="INFO"/>
<status status="PASS" starttime="20230718 08:12:14.880" endtime="20230718 08:12:14.881"/>
</kw>
<status status="PASS" starttime="20230718 08:12:14.879" endtime="20230718 08:12:14.881"/>
</kw>
<kw name="Select Guests" library="booking">
<doc>Selects the number of guests for the booking, current implementation will only check the dropdown</doc>
<kw name="Log To Console" library="BuiltIn">
<arg>${EMPTY}</arg>
<doc>Logs the given message to the console.</doc>
<status status="PASS" starttime="20230718 08:12:14.882" endtime="20230718 08:12:14.883"/>
</kw>
<status status="PASS" starttime="20230718 08:12:14.882" endtime="20230718 08:12:14.883"/>
</kw>
<kw name="Click Book or Find Rooms Button" library="booking">
<kw name="Get Url" library="Browser">
<var>${url}</var>
<tag>Assertion</tag>
<tag>Getter</tag>
<tag>PageContent</tag>
<doc>Returns the current URL.</doc>
<msg timestamp="20230718 08:12:14.887" level="INFO">${url} = https://test3.omenahotels.com/en/#</msg>
<status status="PASS" starttime="20230718 08:12:14.884" endtime="20230718 08:12:14.887"/>
</kw>
<kw name="Check If String Contains" library="common">
<var>${booking}</var>
<arg>${url}</arg>
<arg>/booking/</arg>
<kw name="Check If String Contains Substring" library="Helpers">
<var>${contains}</var>
<arg>${string}</arg>
<arg>${substring}</arg>
<msg timestamp="20230718 08:12:14.888" level="INFO">${contains} = False</msg>
<status status="PASS" starttime="20230718 08:12:14.888" endtime="20230718 08:12:14.888"/>
</kw>
<msg timestamp="20230718 08:12:14.888" level="INFO">${booking} = False</msg>
<status status="PASS" starttime="20230718 08:12:14.887" endtime="20230718 08:12:14.888"/>
</kw>
<if>
<branch type="IF" condition="${booking} == True">
<kw name="Click" library="Browser">
<arg>//button[contains(@class, 'booking-form-button') and contains(text(), 'Find rooms')]</arg>
<tag>PageContent</tag>
<tag>Setter</tag>
<doc>Simulates mouse click on the element found by ``selector``.</doc>
<status status="NOT RUN" starttime="20230718 08:12:14.888" endtime="20230718 08:12:14.888"/>
</kw>
<status status="NOT RUN" starttime="20230718 08:12:14.888" endtime="20230718 08:12:14.888"/>
</branch>
<branch type="ELSE">
<kw name="Click" library="Browser">
<arg>//button[contains(@class, 'booking-form-button') and contains(text(), 'Book')]</arg>
<tag>PageContent</tag>
<tag>Setter</tag>
<doc>Simulates mouse click on the element found by ``selector``.</doc>
<status status="PASS" starttime="20230718 08:12:14.888" endtime="20230718 08:12:15.211"/>
</kw>
<status status="PASS" starttime="20230718 08:12:14.888" endtime="20230718 08:12:15.211"/>
</branch>
<status status="PASS" starttime="20230718 08:12:14.888" endtime="20230718 08:12:15.211"/>
</if>
<status status="PASS" starttime="20230718 08:12:14.884" endtime="20230718 08:12:15.211"/>
</kw>
<kw name="Select a Standard Room" library="booking">
<kw name="Wait Until Visible" library="common">
<arg>${btnExtras}</arg>
<doc>An easier keyword for waiting until an element is visible</doc>
<kw name="Wait For Elements State" library="Browser">
<arg>${element}</arg>
<arg>visible</arg>
<arg>timeout=${timeout}</arg>
<tag>PageContent</tag>
<tag>Wait</tag>
<doc>Waits for the element found by ``selector`` to satisfy state option.</doc>
<msg timestamp="20230718 08:12:17.204" level="INFO">Waited for Element with selector (//div[contains(@view,"booking")]//button[contains(text(), "Continue to extras")])[1] at state visible</msg>
<status status="PASS" starttime="20230718 08:12:15.211" endtime="20230718 08:12:17.204"/>
</kw>
<status status="PASS" starttime="20230718 08:12:15.211" endtime="20230718 08:12:17.205"/>
</kw>
<kw name="Get Element States" library="Browser">
<var>${visible}</var>
<arg>//div[contains(text(), 'Select room')]</arg>
<arg>then</arg>
<arg>bool(value &amp; visible)</arg>
<tag>Assertion</tag>
<tag>Getter</tag>
<tag>PageContent</tag>
<doc>Get the active states from the element found by ``selector``.</doc>
<msg timestamp="20230718 08:12:17.460" level="INFO">${visible} = False</msg>
<status status="PASS" starttime="20230718 08:12:17.205" endtime="20230718 08:12:17.460"/>
</kw>
<kw name="Run Keyword If" library="BuiltIn">
<arg>${visible}</arg>
<arg>Select Standard and Remove Other Room Selection</arg>
<doc>Runs the given keyword with the given arguments, if ``condition`` is true.</doc>
<status status="PASS" starttime="20230718 08:12:17.460" endtime="20230718 08:12:17.460"/>
</kw>
<status status="PASS" starttime="20230718 08:12:15.211" endtime="20230718 08:12:17.460"/>
</kw>
<kw name="Click Continue to Extras Button" library="booking">
<doc>Clicks the continue to extras button</doc>
<kw name="Click" library="Browser">
<arg>${btnExtras}</arg>
<tag>PageContent</tag>
<tag>Setter</tag>
<doc>Simulates mouse click on the element found by ``selector``.</doc>
<status status="PASS" starttime="20230718 08:12:17.462" endtime="20230718 08:12:20.258"/>
</kw>
<kw name="Wait Until Visible" library="common">
<arg>${btnPayment}</arg>
<doc>An easier keyword for waiting until an element is visible</doc>
<kw name="Wait For Elements State" library="Browser">
<arg>${element}</arg>
<arg>visible</arg>
<arg>timeout=${timeout}</arg>
<tag>PageContent</tag>
<tag>Wait</tag>
<doc>Waits for the element found by ``selector`` to satisfy state option.</doc>
<msg timestamp="20230718 08:12:20.906" level="INFO">Waited for Element with selector (//div[contains(@view,"extras")]//button[contains(text(), "Continue to payment")])[1] at state visible</msg>
<status status="PASS" starttime="20230718 08:12:20.259" endtime="20230718 08:12:20.906"/>
</kw>
<status status="PASS" starttime="20230718 08:12:20.258" endtime="20230718 08:12:20.906"/>
</kw>
<status status="PASS" starttime="20230718 08:12:17.460" endtime="20230718 08:12:20.907"/>
</kw>
<kw name="Click Continue to Payment" library="booking">
<kw name="Click First Element Found" library="common">
<arg>//div[@class='css-1t415z1']//button[@type='button'][normalize-space()='Continue to payment']</arg>
<kw name="Get Elements" library="Browser">
<var>${elements}</var>
<arg>${xpath}</arg>
<tag>Getter</tag>
<tag>PageContent</tag>
<doc>Returns a reference to Playwright [https://playwright.dev/docs/api/class-locator|Locator]
for all matched elements by ``selector``.</doc>
<msg timestamp="20230718 08:12:20.925" level="INFO">Found Locator@//div[@class='css-1t415z1']//button[@type='button'][normalize-space()='Continue to payment'] &gt;&gt; nth=0 Locators successfully.</msg>
<msg timestamp="20230718 08:12:20.925" level="INFO">${elements} = ["//div[@class='css-1t415z1']//button[@type='button'][normalize-space()='Continue to payment'] &gt;&gt; nth=0"]</msg>
<status status="PASS" starttime="20230718 08:12:20.908" endtime="20230718 08:12:20.926"/>
</kw>
<kw name="Set Variable" library="BuiltIn">
<var>${first_element}</var>
<arg>${elements}[0]</arg>
<doc>Returns the given values which can then be assigned to a variables.</doc>
<msg timestamp="20230718 08:12:20.927" level="INFO">${first_element} = //div[@class='css-1t415z1']//button[@type='button'][normalize-space()='Continue to payment'] &gt;&gt; nth=0</msg>
<status status="PASS" starttime="20230718 08:12:20.926" endtime="20230718 08:12:20.927"/>
</kw>
<kw name="Click" library="Browser">
<arg>${first_element}</arg>
<tag>PageContent</tag>
<tag>Setter</tag>
<doc>Simulates mouse click on the element found by ``selector``.</doc>
<status status="PASS" starttime="20230718 08:12:20.928" endtime="20230718 08:12:21.032"/>
</kw>
<status status="PASS" starttime="20230718 08:12:20.907" endtime="20230718 08:12:21.032"/>
</kw>
<status status="PASS" starttime="20230718 08:12:20.907" endtime="20230718 08:12:21.032"/>
</kw>
<kw name="Check Regular Rate 2" library="booking">
<kw name="Check Regular Rate" library="booking">
<kw name="Click" library="Browser">
<arg>//p[contains(text(),'Continue with regular rate')]</arg>
<tag>PageContent</tag>
<tag>Setter</tag>
<doc>Simulates mouse click on the element found by ``selector``.</doc>
<status status="PASS" starttime="20230718 08:12:21.033" endtime="20230718 08:12:22.311"/>
</kw>
<kw name="Wait Until Visible" library="common">
<arg>//div//*[normalize-space()='Continue with regular rate']/following-sibling::div[@data-checked]</arg>
<doc>An easier keyword for waiting until an element is visible</doc>
<kw name="Wait For Elements State" library="Browser">
<arg>${element}</arg>
<arg>visible</arg>
<arg>timeout=${timeout}</arg>
<tag>PageContent</tag>
<tag>Wait</tag>
<doc>Waits for the element found by ``selector`` to satisfy state option.</doc>
<msg timestamp="20230718 08:12:22.395" level="INFO">Waited for Element with selector //div//*[normalize-space()='Continue with regular rate']/following-sibling::div[@data-checked] at state visible</msg>
<status status="PASS" starttime="20230718 08:12:22.311" endtime="20230718 08:12:22.396"/>
</kw>
<status status="PASS" starttime="20230718 08:12:22.311" endtime="20230718 08:12:22.396"/>
</kw>
<status status="PASS" starttime="20230718 08:12:21.033" endtime="20230718 08:12:22.396"/>
</kw>
<kw name="Check Join as Member" library="booking">
<kw name="Click" library="Browser">
<arg>//p[contains(text(),'Join for free and')]</arg>
<tag>PageContent</tag>
<tag>Setter</tag>
<doc>Simulates mouse click on the element found by ``selector``.</doc>
<status status="PASS" starttime="20230718 08:12:22.397" endtime="20230718 08:12:22.567"/>
</kw>
<kw name="Wait Until Visible" library="common">
<arg>//div//*[normalize-space()='Join for free and get the member rate']/following-sibling::div[@data-checked]</arg>
<doc>An easier keyword for waiting until an element is visible</doc>
<kw name="Wait For Elements State" library="Browser">
<arg>${element}</arg>
<arg>visible</arg>
<arg>timeout=${timeout}</arg>
<tag>PageContent</tag>
<tag>Wait</tag>
<doc>Waits for the element found by ``selector`` to satisfy state option.</doc>
<msg timestamp="20230718 08:12:22.614" level="INFO">Waited for Element with selector //div//*[normalize-space()='Join for free and get the member rate']/following-sibling::div[@data-checked] at state visible</msg>
<status status="PASS" starttime="20230718 08:12:22.568" endtime="20230718 08:12:22.614"/>
</kw>
<status status="PASS" starttime="20230718 08:12:22.568" endtime="20230718 08:12:22.614"/>
</kw>
<status status="PASS" starttime="20230718 08:12:22.396" endtime="20230718 08:12:22.614"/>
</kw>
<kw name="Check Regular Rate" library="booking">
<kw name="Click" library="Browser">
<arg>//p[contains(text(),'Continue with regular rate')]</arg>
<tag>PageContent</tag>
<tag>Setter</tag>
<doc>Simulates mouse click on the element found by ``selector``.</doc>
<status status="PASS" starttime="20230718 08:12:22.614" endtime="20230718 08:12:22.738"/>
</kw>
<kw name="Wait Until Visible" library="common">
<arg>//div//*[normalize-space()='Continue with regular rate']/following-sibling::div[@data-checked]</arg>
<doc>An easier keyword for waiting until an element is visible</doc>
<kw name="Wait For Elements State" library="Browser">
<arg>${element}</arg>
<arg>visible</arg>
<arg>timeout=${timeout}</arg>
<tag>PageContent</tag>
<tag>Wait</tag>
<doc>Waits for the element found by ``selector`` to satisfy state option.</doc>
<msg timestamp="20230718 08:12:22.788" level="INFO">Waited for Element with selector //div//*[normalize-space()='Continue with regular rate']/following-sibling::div[@data-checked] at state visible</msg>
<status status="PASS" starttime="20230718 08:12:22.739" endtime="20230718 08:12:22.788"/>
</kw>
<status status="PASS" starttime="20230718 08:12:22.738" endtime="20230718 08:12:22.789"/>
</kw>
<status status="PASS" starttime="20230718 08:12:22.614" endtime="20230718 08:12:22.789"/>
</kw>
<kw name="Check Join as Member" library="booking">
<kw name="Click" library="Browser">
<arg>//p[contains(text(),'Join for free and')]</arg>
<tag>PageContent</tag>
<tag>Setter</tag>
<doc>Simulates mouse click on the element found by ``selector``.</doc>
<status status="PASS" starttime="20230718 08:12:22.789" endtime="20230718 08:12:22.944"/>
</kw>
<kw name="Wait Until Visible" library="common">
<arg>//div//*[normalize-space()='Join for free and get the member rate']/following-sibling::div[@data-checked]</arg>
<doc>An easier keyword for waiting until an element is visible</doc>
<kw name="Wait For Elements State" library="Browser">
<arg>${element}</arg>
<arg>visible</arg>
<arg>timeout=${timeout}</arg>
<tag>PageContent</tag>
<tag>Wait</tag>
<doc>Waits for the element found by ``selector`` to satisfy state option.</doc>
<msg timestamp="20230718 08:12:23.020" level="INFO">Waited for Element with selector //div//*[normalize-space()='Join for free and get the member rate']/following-sibling::div[@data-checked] at state visible</msg>
<status status="PASS" starttime="20230718 08:12:22.945" endtime="20230718 08:12:23.020"/>
</kw>
<status status="PASS" starttime="20230718 08:12:22.945" endtime="20230718 08:12:23.021"/>
</kw>
<status status="PASS" starttime="20230718 08:12:22.789" endtime="20230718 08:12:23.021"/>
</kw>
<kw name="Check Regular Rate" library="booking">
<kw name="Click" library="Browser">
<arg>//p[contains(text(),'Continue with regular rate')]</arg>
<tag>PageContent</tag>
<tag>Setter</tag>
<doc>Simulates mouse click on the element found by ``selector``.</doc>
<status status="PASS" starttime="20230718 08:12:23.022" endtime="20230718 08:12:23.183"/>
</kw>
<kw name="Wait Until Visible" library="common">
<arg>//div//*[normalize-space()='Continue with regular rate']/following-sibling::div[@data-checked]</arg>
<doc>An easier keyword for waiting until an element is visible</doc>
<kw name="Wait For Elements State" library="Browser">
<arg>${element}</arg>
<arg>visible</arg>
<arg>timeout=${timeout}</arg>
<tag>PageContent</tag>
<tag>Wait</tag>
<doc>Waits for the element found by ``selector`` to satisfy state option.</doc>
<msg timestamp="20230718 08:12:23.219" level="INFO">Waited for Element with selector //div//*[normalize-space()='Continue with regular rate']/following-sibling::div[@data-checked] at state visible</msg>
<status status="PASS" starttime="20230718 08:12:23.184" endtime="20230718 08:12:23.219"/>
</kw>
<status status="PASS" starttime="20230718 08:12:23.184" endtime="20230718 08:12:23.219"/>
</kw>
<status status="PASS" starttime="20230718 08:12:23.021" endtime="20230718 08:12:23.219"/>
</kw>
<status status="PASS" starttime="20230718 08:12:21.033" endtime="20230718 08:12:23.219"/>
</kw>
<kw name="Fill in Contact Information" library="booking">
<doc>Fills in Contact information that can be given as arguments or use default values
Uses a password if the environment is bui and</doc>
<kw name="Create Email and Return Inbox" library="common">
<var>${inbox}</var>
<doc>Creates a new email address and returns the inbox object</doc>
<kw name="Create new Inbox" library="MailSlurp">
<var>${inbox}</var>
<msg timestamp="20230718 08:12:23.889" level="FAIL">TypeError: expected string or bytes-like object, got 'NoneType'</msg>
<status status="FAIL" starttime="20230718 08:12:23.221" endtime="20230718 08:12:23.891"/>
</kw>
<kw name="Log To Console" library="BuiltIn">
<arg>${inbox.id}</arg>
<doc>Logs the given message to the console.</doc>
<status status="NOT RUN" starttime="20230718 08:12:23.891" endtime="20230718 08:12:23.891"/>
</kw>
<status status="FAIL" starttime="20230718 08:12:23.221" endtime="20230718 08:12:23.895"/>
</kw>
<kw name="Click and Fill" library="common">
<arg>id=firstName</arg>
<arg>${firstName}</arg>
<doc>A keyword combination of Click and Fill Text since most of the form fields need a click</doc>
<status status="NOT RUN" starttime="20230718 08:12:23.895" endtime="20230718 08:12:23.895"/>
</kw>
<kw name="Click and Fill" library="common">
<arg>id=lastName</arg>
<arg>${lastName}</arg>
<doc>A keyword combination of Click and Fill Text since most of the form fields need a click</doc>
<status status="NOT RUN" starttime="20230718 08:12:23.895" endtime="20230718 08:12:23.895"/>
</kw>
<kw name="Click and Fill" library="common">
<arg>id=email</arg>
<arg>${inbox.email_address}</arg>
<doc>A keyword combination of Click and Fill Text since most of the form fields need a click</doc>
<status status="NOT RUN" starttime="20230718 08:12:23.895" endtime="20230718 08:12:23.895"/>
</kw>
<kw name="Click and Fill" library="common">
<arg>id=phoneNumber</arg>
<arg>${phone}</arg>
<doc>A keyword combination of Click and Fill Text since most of the form fields need a click</doc>
<status status="NOT RUN" starttime="20230718 08:12:23.895" endtime="20230718 08:12:23.895"/>
</kw>
<kw name="Log To Console" library="BuiltIn">
<arg>${inbox.id}</arg>
<doc>Logs the given message to the console.</doc>
<status status="NOT RUN" starttime="20230718 08:12:23.895" endtime="20230718 08:12:23.895"/>
</kw>
<kw name="Set Suite Variable" library="BuiltIn">
<arg>$ID</arg>
<arg>${inbox.id}</arg>
<doc>Makes a variable available everywhere within the scope of the current suite.</doc>
<status status="NOT RUN" starttime="20230718 08:12:23.895" endtime="20230718 08:12:23.895"/>
</kw>
<kw name="Get Element Count" library="Browser">
<var>${passwordVisible}</var>
<arg>id=password</arg>
<tag>Assertion</tag>
<tag>Getter</tag>
<tag>PageContent</tag>
<doc>Returns the count of elements found with ``selector``.</doc>
<status status="NOT RUN" starttime="20230718 08:12:23.895" endtime="20230718 08:12:23.895"/>
</kw>
<if>
<branch type="IF" condition="'${env}'=='bui' and '${passwordVisible}'&gt;'0'">
<kw name="Click and Fill" library="common">
<arg>id=password</arg>
<arg>${password}</arg>
<doc>A keyword combination of Click and Fill Text since most of the form fields need a click</doc>
<status status="NOT RUN" starttime="20230718 08:12:23.899" endtime="20230718 08:12:23.899"/>
</kw>
<status status="NOT RUN" starttime="20230718 08:12:23.899" endtime="20230718 08:12:23.899"/>
</branch>
<branch type="ELSE">
<kw name="Log To Console" library="BuiltIn">
<arg>No password filled</arg>
<doc>Logs the given message to the console.</doc>
<status status="NOT RUN" starttime="20230718 08:12:23.899" endtime="20230718 08:12:23.899"/>
</kw>
<status status="NOT RUN" starttime="20230718 08:12:23.899" endtime="20230718 08:12:23.899"/>
</branch>
<status status="NOT RUN" starttime="20230718 08:12:23.895" endtime="20230718 08:12:23.899"/>
</if>
<status status="FAIL" starttime="20230718 08:12:23.220" endtime="20230718 08:12:23.899"/>
</kw>
<kw name="Accept offers and Terms" library="booking">
<status status="NOT RUN" starttime="20230718 08:12:23.903" endtime="20230718 08:12:23.903"/>
</kw>
<kw name="Select Web Bank and Nordea as Payment Method" library="booking">
<status status="NOT RUN" starttime="20230718 08:12:23.903" endtime="20230718 08:12:23.903"/>
</kw>
<kw name="Complete Payment Successfully" library="booking">
<status status="NOT RUN" starttime="20230718 08:12:23.904" endtime="20230718 08:12:23.904"/>
</kw>
<kw name="Close Browser" library="Browser" type="TEARDOWN">
<tag>BrowserControl</tag>
<tag>Setter</tag>
<doc>Closes the current browser.</doc>
<msg timestamp="20230718 08:12:24.684" level="INFO">Closed browser</msg>
<status status="PASS" starttime="20230718 08:12:23.905" endtime="20230718 08:12:24.684"/>
</kw>
<status status="FAIL" starttime="20230718 08:12:11.033" endtime="20230718 08:12:24.684">TypeError: expected string or bytes-like object, got 'NoneType'</status>
</test>
<test id="s1-s1-s1-s1-s2-t2" name="Add Someone Else as the Main Guest" line="25">
<kw name="Open Browser to Landing Page" library="common" type="SETUP">
<doc>A general startup keyword for opening a browser to the landing page.</doc>
<kw name="Open New Browser To URL" library="common">
<arg>${url}</arg>
<kw name="New Browser" library="Browser">
<arg>${browser}</arg>
<arg>${headless}</arg>
<arg>timeout=${timeout}</arg>
<tag>BrowserControl</tag>
<tag>Setter</tag>
<doc>Create a new playwright Browser with specified options.</doc>
<msg timestamp="20230718 08:12:24.692" level="INFO">{"browser": "firefox", "headless": true, "devtools": false, "handleSIGHUP": true, "handleSIGINT": true, "handleSIGTERM": true, "slowMo": 0.0, "timeout": 90000.0, "tracesDir": "C:\\Users\\SaraGilbert\\nelson-test-automation\\reports\\test3\\browser\\traces\\53fbdef2-ea68-4e6c-8e7f-74ef2110c060"}</msg>
<msg timestamp="20230718 08:12:25.330" level="INFO">Successfully created browser with options: {"browser":"firefox","headless":true,"devtools":false,"handleSIGHUP":true,"handleSIGINT":true,"handleSIGTERM":true,"slowMo":0,"timeout":90000,"tracesDir":"C:\\Users\\SaraGilbert\\nelson-test-automation\\reports\\test3\\browser\\traces\\53fbdef2-ea68-4e6c-8e7f-74ef2110c060"}</msg>
<status status="PASS" starttime="20230718 08:12:24.692" endtime="20230718 08:12:25.330"/>
</kw>
<kw name="Set Browser Timeout" library="Browser">
<arg>${timeout}</arg>
<tag>Config</tag>
<tag>Setter</tag>
<doc>Sets the timeout used by most input and getter keywords.</doc>
<status status="PASS" starttime="20230718 08:12:25.330" endtime="20230718 08:12:25.330"/>
</kw>
<kw name="New Context" library="Browser">
<tag>BrowserControl</tag>
<tag>Setter</tag>
<doc>Create a new BrowserContext with specified options.</doc>
<msg timestamp="20230718 08:12:25.334" level="INFO">{
  "acceptDownloads": true,
  "bypassCSP": false,
  "forcedColors": "none",
  "hideRfBrowser": "",
  "ignoreHTTPSErrors": false,
  "javaScriptEnabled": true,
  "offline": false,
  "reducedMotion": "no-preference",
  "viewport": {
    "height": 720,
    "width": 1280
  }
}</msg>
<msg timestamp="20230718 08:12:25.373" level="INFO">Successfully created context. </msg>
<msg timestamp="20230718 08:12:25.373" level="INFO">{'acceptDownloads': True, 'bypassCSP': False, 'forcedColors': 'none', 'hideRfBrowser': '', 'ignoreHTTPSErrors': False, 'javaScriptEnabled': True, 'offline': False, 'reducedMotion': 'no-preference', 'viewport': {'height': 720, 'width': 1280}}</msg>
<status status="PASS" starttime="20230718 08:12:25.330" endtime="20230718 08:12:25.373"/>
</kw>
<kw name="New Page" library="Browser">
<arg>${url}</arg>
<tag>BrowserControl</tag>
<tag>Setter</tag>
<doc>Open a new Page.</doc>
<msg timestamp="20230718 08:12:27.525" level="INFO">Successfully initialized new page object and opened url: https://test3.omenahotels.com/en</msg>
<status status="PASS" starttime="20230718 08:12:25.373" endtime="20230718 08:12:27.525"/>
</kw>
<status status="PASS" starttime="20230718 08:12:24.691" endtime="20230718 08:12:27.525"/>
</kw>
<kw name="Wait Until Network Is Idle" library="Browser">
<tag>HTTP</tag>
<tag>Wait</tag>
<doc>Waits until there has been at least one instance of 500 ms of no network traffic on the page after loading.</doc>
[...]
<status status="NOT RUN" starttime="20230718 08:17:48.075" endtime="20230718 08:17:48.075"/>
</kw>
<kw name="Wait Until Keyword Succeeds" library="BuiltIn">
<arg>2</arg>
<arg>5</arg>
<arg>Click View Guests Button</arg>
<doc>Runs the specified keyword and retries if it fails.</doc>
<status status="NOT RUN" starttime="20230718 08:17:48.076" endtime="20230718 08:17:48.076"/>
</kw>
<kw name="Get Text" library="Browser">
<var>${status}</var>
<arg>//span[contains(@class, 'status')]</arg>
<tag>Assertion</tag>
<tag>Getter</tag>
<tag>PageContent</tag>
<doc>Returns text attribute of the element found by ``selector``.</doc>
<status status="NOT RUN" starttime="20230718 08:17:48.076" endtime="20230718 08:17:48.076"/>
</kw>
<kw name="Should Be Equal As Strings" library="BuiltIn">
<arg>${status}</arg>
<arg>Cancelled</arg>
<doc>Fails if objects are unequal after converting them to strings.</doc>
<status status="NOT RUN" starttime="20230718 08:17:48.077" endtime="20230718 08:17:48.077"/>
</kw>
<tag>exhibition_court</tag>
<status status="FAIL" starttime="20230718 08:17:48.061" endtime="20230718 08:17:48.077">Error: Could not find active page</status>
</test>
<test id="s1-s2-s1-s1-t7" name="Start Creating a new Booking in MUI" line="94">
<kw name="Open Browser to Nelson Portal and Navigate to Test Exhibition" library="mui">
<kw name="Open Browser to Nelson Portal" library="mui">
<kw name="New Browser" library="Browser">
<arg>${browser}</arg>
<arg>${headless}</arg>
<tag>BrowserControl</tag>
<tag>Setter</tag>
<doc>Create a new playwright Browser with specified options.</doc>
<msg timestamp="20230718 08:17:48.085" level="INFO">Switching browser to browser=bef0f40b-b875-4e61-8551-5ff9dcea8a62</msg>
<msg timestamp="20230718 08:17:48.087" level="INFO">Successfully changed active browser</msg>
<msg timestamp="20230718 08:17:48.087" level="INFO">Reusing existing browser with id: browser=bef0f40b-b875-4e61-8551-5ff9dcea8a62</msg>
<status status="PASS" starttime="20230718 08:17:48.084" endtime="20230718 08:17:48.087"/>
</kw>
<kw name="Set Browser Timeout" library="Browser">
<arg>${timeout}</arg>
<tag>Config</tag>
<tag>Setter</tag>
<doc>Sets the timeout used by most input and getter keywords.</doc>
<status status="PASS" starttime="20230718 08:17:48.087" endtime="20230718 08:17:48.088"/>
</kw>
<kw name="New Context" library="Browser">
<tag>BrowserControl</tag>
<tag>Setter</tag>
<doc>Create a new BrowserContext with specified options.</doc>
<msg timestamp="20230718 08:17:48.090" level="INFO">{
  "acceptDownloads": true,
  "bypassCSP": false,
  "forcedColors": "none",
  "hideRfBrowser": "",
  "ignoreHTTPSErrors": false,
  "javaScriptEnabled": true,
  "offline": false,
  "reducedMotion": "no-preference",
  "viewport": {
    "height": 720,
    "width": 1280
  }
}</msg>
<msg timestamp="20230718 08:17:48.155" level="INFO">Successfully created context. </msg>
<msg timestamp="20230718 08:17:48.155" level="INFO">{'acceptDownloads': True, 'bypassCSP': False, 'forcedColors': 'none', 'hideRfBrowser': '', 'ignoreHTTPSErrors': False, 'javaScriptEnabled': True, 'offline': False, 'reducedMotion': 'no-preference', 'viewport': {'height': 720, 'width': 1280}}</msg>
<status status="PASS" starttime="20230718 08:17:48.089" endtime="20230718 08:17:48.155"/>
</kw>
<kw name="New Page" library="Browser">
<arg>${MUI_URL}</arg>
<tag>BrowserControl</tag>
<tag>Setter</tag>
<doc>Open a new Page.</doc>
<msg timestamp="20230718 08:17:48.157" level="FAIL">Variable '${MUI_URL}' not found.</msg>
<status status="FAIL" starttime="20230718 08:17:48.156" endtime="20230718 08:17:48.157"/>
</kw>
<status status="FAIL" starttime="20230718 08:17:48.084" endtime="20230718 08:17:48.157"/>
</kw>
<kw name="Log in to Nelson Portal" library="mui">
<status status="NOT RUN" starttime="20230718 08:17:48.158" endtime="20230718 08:17:48.158"/>
</kw>
<kw name="Select Environment" library="mui">
<arg>Test Exhibition</arg>
<status status="NOT RUN" starttime="20230718 08:17:48.158" endtime="20230718 08:17:48.158"/>
</kw>
<status status="FAIL" starttime="20230718 08:17:48.084" endtime="20230718 08:17:48.158"/>
</kw>
<kw name="Open Reservations Page" library="mui">
<status status="NOT RUN" starttime="20230718 08:17:48.159" endtime="20230718 08:17:48.159"/>
</kw>
<kw name="Click New Reservation Button" library="mui">
<status status="NOT RUN" starttime="20230718 08:17:48.159" endtime="20230718 08:17:48.159"/>
</kw>
<kw name="Select Normal Reservation" library="mui">
<status status="NOT RUN" starttime="20230718 08:17:48.159" endtime="20230718 08:17:48.159"/>
</kw>
<kw name="Switch Page" library="Browser">
<var>${previous}</var>
<arg>NEW</arg>
<tag>BrowserControl</tag>
<tag>Setter</tag>
<doc>Switches the active browser page to another open page by ``id`` or ``NEW``.</doc>
<status status="NOT RUN" starttime="20230718 08:17:48.160" endtime="20230718 08:17:48.160"/>
</kw>
<kw name="Wait Until Network Is Idle" library="Browser">
<tag>HTTP</tag>
<tag>Wait</tag>
<doc>Waits until there has been at least one instance of 500 ms of no network traffic on the page after loading.</doc>
<status status="NOT RUN" starttime="20230718 08:17:48.160" endtime="20230718 08:17:48.160"/>
</kw>
<kw name="Create a successful booking and return UUID" library="booking">
<var>${uuid}</var>
<arg>True</arg>
<status status="NOT RUN" starttime="20230718 08:17:48.160" endtime="20230718 08:17:48.160"/>
</kw>
<tag>exhibition_court</tag>
<status status="FAIL" starttime="20230718 08:17:48.082" endtime="20230718 08:17:48.160">Variable '${MUI_URL}' not found.</status>
</test>
<kw name="Close Browser" library="Browser" type="TEARDOWN">
<arg>ALL</arg>
<tag>BrowserControl</tag>
<tag>Setter</tag>
<doc>Closes the current browser.</doc>
<msg timestamp="20230718 08:17:51.006" level="INFO">Closed all browsers</msg>
<status status="PASS" starttime="20230718 08:17:48.166" endtime="20230718 08:17:51.006"/>
</kw>
<doc>A test suite for verifying modify booking functionality</doc>
<status status="FAIL" starttime="20230718 08:17:11.464" endtime="20230718 08:17:51.007"/>
</suite>
<status status="FAIL" starttime="20230718 08:17:11.463" endtime="20230718 08:17:51.012"/>
</suite>
<suite id="s1-s2-s2" name="Feature" source="C:\Users\SaraGilbert\nelson-test-automation\testsuites\MUI\feature">
<suite id="s1-s2-s2-s1" name="MUI-430" source="C:\Users\SaraGilbert\nelson-test-automation\testsuites\MUI\feature\MUI-430.robot">
<kw name="Open Browser to Nelson Portal and Login" library="mui" type="SETUP">
<kw name="Open Browser to Nelson Portal" library="mui">
<kw name="New Browser" library="Browser">
<arg>${browser}</arg>
<arg>${headless}</arg>
<tag>BrowserControl</tag>
<tag>Setter</tag>
<doc>Create a new playwright Browser with specified options.</doc>
<msg timestamp="20230718 08:17:51.046" level="INFO">{"browser": "firefox", "headless": true, "devtools": false, "handleSIGHUP": true, "handleSIGINT": true, "handleSIGTERM": true, "slowMo": 0.0, "timeout": 30000.0, "tracesDir": "C:\\Users\\SaraGilbert\\nelson-test-automation\\reports\\test3\\browser\\traces\\315a254e-8ae0-4a71-848d-254af403a0cc"}</msg>
<msg timestamp="20230718 08:17:51.691" level="INFO">Successfully created browser with options: {"browser":"firefox","headless":true,"devtools":false,"handleSIGHUP":true,"handleSIGINT":true,"handleSIGTERM":true,"slowMo":0,"timeout":30000,"tracesDir":"C:\\Users\\SaraGilbert\\nelson-test-automation\\reports\\test3\\browser\\traces\\315a254e-8ae0-4a71-848d-254af403a0cc"}</msg>
<status status="PASS" starttime="20230718 08:17:51.045" endtime="20230718 08:17:51.691"/>
</kw>
<kw name="Set Browser Timeout" library="Browser">
<arg>${timeout}</arg>
<tag>Config</tag>
<tag>Setter</tag>
<doc>Sets the timeout used by most input and getter keywords.</doc>
<msg timestamp="20230718 08:17:51.695" level="INFO">No context open.</msg>
<status status="PASS" starttime="20230718 08:17:51.692" endtime="20230718 08:17:51.695"/>
</kw>
<kw name="New Context" library="Browser">
<tag>BrowserControl</tag>
<tag>Setter</tag>
<doc>Create a new BrowserContext with specified options.</doc>
<msg timestamp="20230718 08:17:51.696" level="INFO">{
  "acceptDownloads": true,
  "bypassCSP": false,
  "forcedColors": "none",
  "hideRfBrowser": "",
  "ignoreHTTPSErrors": false,
  "javaScriptEnabled": true,
  "offline": false,
  "reducedMotion": "no-preference",
  "viewport": {
    "height": 720,
    "width": 1280
  }
}</msg>
<msg timestamp="20230718 08:17:51.732" level="INFO">Successfully created context. </msg>
<msg timestamp="20230718 08:17:51.732" level="INFO">{'acceptDownloads': True, 'bypassCSP': False, 'forcedColors': 'none', 'hideRfBrowser': '', 'ignoreHTTPSErrors': False, 'javaScriptEnabled': True, 'offline': False, 'reducedMotion': 'no-preference', 'viewport': {'height': 720, 'width': 1280}}</msg>
<status status="PASS" starttime="20230718 08:17:51.695" endtime="20230718 08:17:51.732"/>
</kw>
<kw name="New Page" library="Browser">
<arg>${MUI_URL}</arg>
<tag>BrowserControl</tag>
<tag>Setter</tag>
<doc>Open a new Page.</doc>
<msg timestamp="20230718 08:17:51.735" level="FAIL">Variable '${MUI_URL}' not found.</msg>
<status status="FAIL" starttime="20230718 08:17:51.732" endtime="20230718 08:17:51.735"/>
</kw>
<status status="FAIL" starttime="20230718 08:17:51.045" endtime="20230718 08:17:51.736"/>
</kw>
<kw name="Log in to Nelson Portal" library="mui">
<status status="NOT RUN" starttime="20230718 08:17:51.736" endtime="20230718 08:17:51.736"/>
</kw>
<kw name="Select Environment" library="mui">
<arg>${environment}</arg>
<status status="NOT RUN" starttime="20230718 08:17:51.736" endtime="20230718 08:17:51.736"/>
</kw>
<status status="FAIL" starttime="20230718 08:17:51.045" endtime="20230718 08:17:51.737"/>
</kw>
<test id="s1-s2-s2-s1-t1" name="Filter Check in incomplete and open reservation" line="12">
<doc>Test case verifying the functionality of the Check in incomplete filter
when it's toggled on</doc>
<status status="FAIL" starttime="20230718 08:17:51.737" endtime="20230718 08:17:51.738">Parent suite setup failed:
Variable '${MUI_URL}' not found.</status>
</test>
<test id="s1-s2-s2-s1-t2" name="Remove filter and open a reservation" line="23">
<doc>Test case verifying the functionality of the Check in incomplete filter
when it's toggled off</doc>
<status status="FAIL" starttime="20230718 08:17:51.744" endtime="20230718 08:17:51.745">Parent suite setup failed:
Variable '${MUI_URL}' not found.</status>
</test>
<kw name="Close Browser" library="Browser" type="TEARDOWN">
<tag>BrowserControl</tag>
<tag>Setter</tag>
<doc>Closes the current browser.</doc>
<msg timestamp="20230718 08:17:54.693" level="INFO">Closed browser</msg>
<status status="PASS" starttime="20230718 08:17:51.748" endtime="20230718 08:17:54.693"/>
</kw>
<doc>This file contains test cases for testing MUI-430.robot</doc>
<status status="FAIL" starttime="20230718 08:17:51.015" endtime="20230718 08:17:54.693">Suite setup failed:
Variable '${MUI_URL}' not found.</status>
</suite>
<status status="FAIL" starttime="20230718 08:17:51.013" endtime="20230718 08:17:54.699"/>
</suite>
<status status="FAIL" starttime="20230718 08:17:11.446" endtime="20230718 08:17:54.701"/>
</suite>
<suite id="s1-s3" name="Pretest" source="C:\Users\SaraGilbert\nelson-test-automation\testsuites\pretest.robot">
<test id="s1-s3-t1" name="Pre-Test: Get Non-Member Inbox" line="19">
<kw name="Create new Inbox" library="MailSlurp">
<var>${inbox}</var>
<msg timestamp="20230718 08:17:55.310" level="FAIL">TypeError: expected string or bytes-like object, got 'NoneType'</msg>
<status status="FAIL" starttime="20230718 08:17:54.732" endtime="20230718 08:17:55.312"/>
</kw>
<kw name="Set Suite Variable" library="BuiltIn">
<arg>${inboxId}</arg>
<arg>${inbox.id}</arg>
<doc>Makes a variable available everywhere within the scope of the current suite.</doc>
<status status="NOT RUN" starttime="20230718 08:17:55.314" endtime="20230718 08:17:55.315"/>
</kw>
<kw name="Log To Console" library="BuiltIn">
<arg>${inbox_id}</arg>
<doc>Logs the given message to the console.</doc>
<status status="NOT RUN" starttime="20230718 08:17:55.315" endtime="20230718 08:17:55.316"/>
</kw>
<doc>Verifies the Mailslurp keywords are running</doc>
<tag>pretest</tag>
<status status="FAIL" starttime="20230718 08:17:54.730" endtime="20230718 08:17:55.317">TypeError: expected string or bytes-like object, got 'NoneType'</status>
</test>
<test id="s1-s3-t2" name="Pre-Test: Get Member Inbox" line="25">
<kw name="Log To Console" library="BuiltIn">
<arg>${inbox_id}</arg>
<doc>Logs the given message to the console.</doc>
<status status="PASS" starttime="20230718 08:17:55.327" endtime="20230718 08:17:55.328"/>
</kw>
<kw name="Get Inbox" library="MailSlurp">
<var>${inbox}</var>
<arg>${inbox_id}</arg>
<msg timestamp="20230718 08:17:55.935" level="FAIL">TypeError: expected string or bytes-like object, got 'NoneType'</msg>
<status status="FAIL" starttime="20230718 08:17:55.329" endtime="20230718 08:17:55.951"/>
</kw>
<kw name="Set Suite Variable" library="BuiltIn">
<arg>${inbox_object}</arg>
<arg>${inbox}</arg>
<doc>Makes a variable available everywhere within the scope of the current suite.</doc>
<status status="NOT RUN" starttime="20230718 08:17:55.951" endtime="20230718 08:17:55.951"/>
</kw>
<kw name="Log To Console" library="BuiltIn">
<arg>${inbox.name}</arg>
<doc>Logs the given message to the console.</doc>
<status status="NOT RUN" starttime="20230718 08:17:55.951" endtime="20230718 08:17:55.951"/>
</kw>
<doc>Verifies the Mailslurp keywords are running</doc>
<tag>pretest</tag>
<status status="FAIL" starttime="20230718 08:17:55.326" endtime="20230718 08:17:55.951">TypeError: expected string or bytes-like object, got 'NoneType'</status>
</test>
<test id="s1-s3-t3" name="Pre-Test: Verify Variables are Set" line="32">
<kw name="Create List" library="BuiltIn">
<var>@{vars}</var>
<arg>${inbox_id}</arg>
<arg>${MAILSLURP_API_KEY}</arg>
<arg>${MUI_URL}</arg>
<arg>${MUI_USERNAME}</arg>
<arg>${MUI_PASSWORD}</arg>
<arg>${MUI_URL}</arg>
<arg>${MUI_USERNAME}</arg>
<arg>${MUI_PASSWORD}</arg>
<doc>Returns a list containing given items.</doc>
<msg timestamp="20230718 08:17:55.967" level="FAIL">Variable '${MAILSLURP_API_KEY}' not found.</msg>
<status status="FAIL" starttime="20230718 08:17:55.951" endtime="20230718 08:17:55.967"/>
</kw>
<for flavor="IN">
<var>${var}</var>
<value>@{vars}</value>
<iter>
<var name="${var}"/>
<kw name="Should Not Be Empty" library="BuiltIn">
<arg>${var}</arg>
<doc>Verifies that the given item is not empty.</doc>
<status status="NOT RUN" starttime="20230718 08:17:55.967" endtime="20230718 08:17:55.967"/>
</kw>
<status status="NOT RUN" starttime="20230718 08:17:55.967" endtime="20230718 08:17:55.967"/>
</iter>
<status status="NOT RUN" starttime="20230718 08:17:55.967" endtime="20230718 08:17:55.967"/>
</for>
<tag>pretest</tag>
<status status="FAIL" starttime="20230718 08:17:55.951" endtime="20230718 08:17:55.967">Variable '${MAILSLURP_API_KEY}' not found.</status>
</test>
<test id="s1-s3-t4" name="Pre-Test: Verify BUI is Up" line="38">
<kw name="Pass Execution" library="BuiltIn">
<arg>TBD: BUI is up and runnin</arg>
<doc>Skips rest of the current test, setup, or teardown with PASS status.</doc>
<msg timestamp="20230718 08:17:55.967" level="INFO">Execution passed with message:
TBD: BUI is up and runnin</msg>
<status status="PASS" starttime="20230718 08:17:55.967" endtime="20230718 08:17:55.967"/>
</kw>
<tag>pretest</tag>
<status status="PASS" starttime="20230718 08:17:55.967" endtime="20230718 08:17:55.982">TBD: BUI is up and runnin</status>
</test>
<test id="s1-s3-t5" name="Pre-Test: Verify API is Up" line="41">
<kw name="Pass Execution" library="BuiltIn">
<arg>TBD: API is up and running</arg>
<doc>Skips rest of the current test, setup, or teardown with PASS status.</doc>
<msg timestamp="20230718 08:17:55.982" level="INFO">Execution passed with message:
TBD: API is up and running</msg>
<status status="PASS" starttime="20230718 08:17:55.982" endtime="20230718 08:17:55.982"/>
</kw>
<tag>pretest</tag>
<status status="PASS" starttime="20230718 08:17:55.982" endtime="20230718 08:17:55.982">TBD: API is up and running</status>
</test>
<test id="s1-s3-t6" name="Pre-Test: Verify MUI is Up" line="44">
<kw name="Pass Execution" library="BuiltIn">
<arg>TBD: MUI is up and running</arg>
<doc>Skips rest of the current test, setup, or teardown with PASS status.</doc>
<msg timestamp="20230718 08:17:56.000" level="INFO">Execution passed with message:
TBD: MUI is up and running</msg>
<status status="PASS" starttime="20230718 08:17:56.000" endtime="20230718 08:17:56.000"/>
</kw>
<tag>pretest</tag>
<status status="PASS" starttime="20230718 08:17:56.000" endtime="20230718 08:17:56.000">TBD: MUI is up and running</status>
</test>
<test id="s1-s3-t7" name="Verify Rooms are Available" line="47">
<kw name="Pass Execution" library="BuiltIn">
<arg>TBD: Check Rooms are available, for example API</arg>
<doc>Skips rest of the current test, setup, or teardown with PASS status.</doc>
<msg timestamp="20230718 08:17:56.000" level="INFO">Execution passed with message:
TBD: Check Rooms are available, for example API</msg>
<status status="PASS" starttime="20230718 08:17:56.000" endtime="20230718 08:17:56.000"/>
</kw>
<tag>pretest</tag>
<status status="PASS" starttime="20230718 08:17:56.000" endtime="20230718 08:17:56.000">TBD: Check Rooms are available, for example API</status>
</test>
<doc>A test suite that will verify external libraries and variables
Must pass in order for everything else to work as expected</doc>
<status status="FAIL" starttime="20230718 08:17:54.703" endtime="20230718 08:17:56.016"/>
</suite>
<doc>Argument file for running tests on Omena Staging Environmen (test3)</doc>
<status status="FAIL" starttime="20230718 08:07:15.966" endtime="20230718 08:17:56.032"/>
</suite>
<statistics>
<total>
<stat pass="12" fail="33" skip="0">All Tests</stat>
</total>
<tag>
<stat pass="3" fail="4" skip="0">exhibition_court</stat>
<stat pass="4" fail="3" skip="0">pretest</stat>
<stat pass="1" fail="15" skip="0">skip</stat>
<stat pass="0" fail="2" skip="0">smoke</stat>
<stat pass="3" fail="4" skip="0">smoke, booking, BUI2-556, online-checkin</stat>
</tag>
<suite>
<stat pass="12" fail="33" skip="0" id="s1" name="Testsuites">Testsuites</stat>
<stat pass="5" fail="24" skip="0" id="s1-s1" name="BUI">Testsuites.BUI</stat>
<stat pass="4" fail="22" skip="0" id="s1-s1-s1" name="Feature">Testsuites.BUI.Feature</stat>
<stat pass="4" fail="22" skip="0" id="s1-s1-s1-s1" name="Online Check In">Testsuites.BUI.Feature.Online Check In</stat>
<stat pass="3" fail="4" skip="0" id="s1-s1-s1-s1-s1" name="BUI2-556">Testsuites.BUI.Feature.Online Check In.BUI2-556</stat>
<stat pass="1" fail="3" skip="0" id="s1-s1-s1-s1-s2" name="BUI2-557">Testsuites.BUI.Feature.Online Check In.BUI2-557</stat>
<stat pass="0" fail="10" skip="0" id="s1-s1-s1-s1-s3" name="BUI2-558">Testsuites.BUI.Feature.Online Check In.BUI2-558</stat>
<stat pass="0" fail="5" skip="0" id="s1-s1-s1-s1-s4" name="BUI2-559">Testsuites.BUI.Feature.Online Check In.BUI2-559</stat>
<stat pass="1" fail="2" skip="0" id="s1-s1-s2" name="Regression">Testsuites.BUI.Regression</stat>
<stat pass="1" fail="0" skip="0" id="s1-s1-s2-s1" name="Modify Booking">Testsuites.BUI.Regression.Modify Booking</stat>
<stat pass="0" fail="2" skip="0" id="s1-s1-s2-s2" name="New Booking">Testsuites.BUI.Regression.New Booking</stat>
<stat pass="3" fail="6" skip="0" id="s1-s2" name="MUI">Testsuites.MUI</stat>
<stat pass="3" fail="4" skip="0" id="s1-s2-s1" name="EC">Testsuites.MUI.EC</stat>
<stat pass="3" fail="4" skip="0" id="s1-s2-s1-s1" name="New Booking">Testsuites.MUI.EC.New Booking</stat>
<stat pass="0" fail="2" skip="0" id="s1-s2-s2" name="Feature">Testsuites.MUI.Feature</stat>
<stat pass="0" fail="2" skip="0" id="s1-s2-s2-s1" name="MUI-430">Testsuites.MUI.Feature.MUI-430</stat>
<stat pass="4" fail="3" skip="0" id="s1-s3" name="Pretest">Testsuites.Pretest</stat>
</suite>
</statistics>
<errors>
</errors>
</robot>
