<?xml version="1.0" encoding="UTF-8"?>
<robot generator="Robot 6.1.1 (Python 3.11.6 on linux)" generated="20231030 17:30:06.431" rpa="false" schemaversion="4">
<suite id="s1" name="Create Booking And Check In" source="/home/runner/work/nelson-test-automation/nelson-test-automation/testsuites/BUI/regression/create_booking_and_check_in.robot">
<kw name="Open Browser to Landing Page" library="common" type="SETUP">
<doc>A general startup keyword for opening a browser to the landing page.</doc>
<msg timestamp="20231030 17:30:07.997" level="TRACE">Arguments: [  ]</msg>
<kw name="Log To Console" library="BuiltIn">
<arg>Environment: ${environment}</arg>
<doc>Logs the given message to the console.</doc>
<msg timestamp="20231030 17:30:07.997" level="TRACE">Arguments: [ 'Environment: test3' ]</msg>
<msg timestamp="20231030 17:30:07.997" level="TRACE">Return: None</msg>
<status status="PASS" starttime="20231030 17:30:07.997" endtime="20231030 17:30:07.997"/>
</kw>
<if>
<branch type="IF" condition="'${environment}' == 'test3'">
<kw name="Set Suite Variable" library="BuiltIn">
<arg>${url.landing.page}</arg>
<arg>https://test3.omenahotels.com/en</arg>
<doc>Makes a variable available everywhere within the scope of the current suite.</doc>
<msg timestamp="20231030 17:30:07.998" level="TRACE">Arguments: [ '${url.landing.page}' | 'https://test3.omenahotels.com/en' ]</msg>
<msg timestamp="20231030 17:30:07.999" level="INFO">${url.landing.page} = https://test3.omenahotels.com/en</msg>
<msg timestamp="20231030 17:30:07.999" level="TRACE">Return: None</msg>
<status status="PASS" starttime="20231030 17:30:07.998" endtime="20231030 17:30:07.999"/>
</kw>
<status status="PASS" starttime="20231030 17:30:07.998" endtime="20231030 17:30:07.999"/>
</branch>
<branch type="ELSE IF" condition="'${environment}' == 'ks_test'">
<kw name="Set Suite Variable" library="BuiltIn">
<arg>${url.landing.page}</arg>
<arg>https://test.kensingtonstay.com/en</arg>
<doc>Makes a variable available everywhere within the scope of the current suite.</doc>
<status status="NOT RUN" starttime="20231030 17:30:07.999" endtime="20231030 17:30:07.999"/>
</kw>
<status status="NOT RUN" starttime="20231030 17:30:07.999" endtime="20231030 17:30:07.999"/>
</branch>
<branch type="ELSE IF" condition="'${environment}' == 'salo_test'">
<kw name="Set Suite Variable" library="BuiltIn">
<arg>${url.landing.page}</arg>
<arg>https://test.kensingtonstay.com/en</arg>
<doc>Makes a variable available everywhere within the scope of the current suite.</doc>
<status status="NOT RUN" starttime="20231030 17:30:08.000" endtime="20231030 17:30:08.000"/>
</kw>
<status status="NOT RUN" starttime="20231030 17:30:07.999" endtime="20231030 17:30:08.000"/>
</branch>
<branch type="ELSE IF" condition="'${environment}' == 'test4'">
<kw name="Set Suite Variable" library="BuiltIn">
<arg>${url.landing.page}</arg>
<arg>https://test4.omenahotels.com/en</arg>
<doc>Makes a variable available everywhere within the scope of the current suite.</doc>
<status status="NOT RUN" starttime="20231030 17:30:08.000" endtime="20231030 17:30:08.000"/>
</kw>
<status status="NOT RUN" starttime="20231030 17:30:08.000" endtime="20231030 17:30:08.000"/>
</branch>
<status status="PASS" starttime="20231030 17:30:07.998" endtime="20231030 17:30:08.000"/>
</if>
<kw name="Open New Browser To URL" library="common">
<arg>${url.landing.page}</arg>
<msg timestamp="20231030 17:30:08.001" level="TRACE">Arguments: [ ${url}='https://test3.omenahotels.com/en' ]</msg>
<kw name="New Browser" library="Browser">
<arg>${browser}</arg>
<arg>${headless}</arg>
<arg>timeout=${timeout}</arg>
<arg>downloadsPath=${EXECDIR}/resources/downloads</arg>
<tag>BrowserControl</tag>
<tag>Setter</tag>
<doc>Create a new playwright Browser with specified options.</doc>
<msg timestamp="20231030 17:30:08.002" level="TRACE">Arguments: [ &lt;SupportedBrowsers.firefox: 2&gt; | True | timeout=datetime.timedelta(seconds=30) | downloadsPath='/home/runner/work/nelson-test-automation/nelson-test-automation/resources/downloads' ]</msg>
<msg timestamp="20231030 17:30:08.002" level="INFO">{"browser": "firefox", "headless": true, "chromiumSandbox": false, "devtools": false, "downloadsPath": "/home/runner/work/nelson-test-automation/nelson-test-automation/resources/downloads", "handleSIGHUP": true, "handleSIGINT": true, "handleSIGTERM": true, "slowMo": 0.0, "timeout": 30000.0, "tracesDir": "/home/runner/work/nelson-test-automation/nelson-test-automation/reports/test3/browser/traces/62815cf4-cc65-45e1-af88-4cc0916a2a5f"}</msg>
<msg timestamp="20231030 17:30:09.186" level="INFO">Successfully created browser with options: {"browser":"firefox","headless":true,"chromiumSandbox":false,"devtools":false,"downloadsPath":"/home/runner/work/nelson-test-automation/nelson-test-automation/resources/downloads","handleSIGHUP":true,"handleSIGINT":true,"handleSIGTERM":true,"slowMo":0,"timeout":30000,"tracesDir":"/home/runner/work/nelson-test-automation/nelson-test-automation/reports/test3/browser/traces/62815cf4-cc65-45e1-af88-4cc0916a2a5f"}</msg>
<msg timestamp="20231030 17:30:09.187" level="TRACE">Return: 'browser=500ef3ae-be66-41d7-a3f8-8ef789d89020'</msg>
<status status="PASS" starttime="20231030 17:30:08.001" endtime="20231030 17:30:09.187"/>
</kw>
<kw name="Set Browser Timeout" library="Browser">
<arg>${timeout}</arg>
<tag>Config</tag>
<tag>Setter</tag>
<doc>Sets the timeout used by most input and getter keywords.</doc>
<msg timestamp="20231030 17:30:09.188" level="TRACE">Arguments: [ datetime.timedelta(seconds=30) ]</msg>
<msg timestamp="20231030 17:30:09.192" level="INFO">No context open.</msg>
<msg timestamp="20231030 17:30:09.192" level="TRACE">Return: '10 seconds'</msg>
<status status="PASS" starttime="20231030 17:30:09.187" endtime="20231030 17:30:09.192"/>
</kw>
<kw name="New Context" library="Browser">
<arg>acceptDownloads=True</arg>
<tag>BrowserControl</tag>
<tag>Setter</tag>
<doc>Create a new BrowserContext with specified options.</doc>
<msg timestamp="20231030 17:30:09.192" level="TRACE">Arguments: [ acceptDownloads=True ]</msg>
<msg timestamp="20231030 17:30:09.193" level="INFO">{
  "acceptDownloads": true,
  "bypassCSP": false,
  "forcedColors": "none",
  "hideRfBrowser": "",
  "ignoreHTTPSErrors": false,
  "javaScriptEnabled": true,
  "offline": false,
  "reducedMotion": "no-preference",
  "serviceWorkers": "allow",
  "viewport": {
    "width": 1280,
    "height": 720
  }
}</msg>
<msg timestamp="20231030 17:30:09.241" level="INFO">Successfully created context. </msg>
<msg timestamp="20231030 17:30:09.241" level="INFO">{'acceptDownloads': True, 'bypassCSP': False, 'forcedColors': 'none', 'hideRfBrowser': '', 'ignoreHTTPSErrors': False, 'javaScriptEnabled': True, 'offline': False, 'reducedMotion': 'no-preference', 'serviceWorkers': 'allow', 'viewport': {'width': 1280, 'height': 720}}</msg>
<msg timestamp="20231030 17:30:09.241" level="TRACE">Return: 'context=a8cb76c9-e655-4d65-84e7-05f210917d0a'</msg>
<status status="PASS" starttime="20231030 17:30:09.192" endtime="20231030 17:30:09.241"/>
</kw>
<kw name="New Page" library="Browser">
<arg>${url}</arg>
<tag>BrowserControl</tag>
<tag>Setter</tag>
<doc>Open a new Page.</doc>
<msg timestamp="20231030 17:30:09.242" level="TRACE">Arguments: [ 'https://test3.omenahotels.com/en' ]</msg>
<msg timestamp="20231030 17:30:12.833" level="INFO">Successfully initialized new page object and opened url: https://test3.omenahotels.com/en</msg>
<msg timestamp="20231030 17:30:12.833" level="DEBUG">Video is not enabled.</msg>
<msg timestamp="20231030 17:30:12.833" level="TRACE">Return: {'page_id': 'page=faf3d4cd-5afc-4e31-8fe0-1c058f64e744', 'video_path': ''}</msg>
<status status="PASS" starttime="20231030 17:30:09.241" endtime="20231030 17:30:12.833"/>
</kw>
<msg timestamp="20231030 17:30:12.834" level="TRACE">Return: None</msg>
<status status="PASS" starttime="20231030 17:30:08.001" endtime="20231030 17:30:12.834"/>
</kw>
<kw name="Allow Cookies" library="common">
<doc>Allow Cookies/Toggle Cookie allowance</doc>
<msg timestamp="20231030 17:30:12.834" level="TRACE">Arguments: [  ]</msg>
<kw name="Is Element Found" library="common">
<var>${cookieModalVisible}</var>
<arg>id=CybotCookiebotDialogBodyLevelButtonLevelOptinAllowAll</arg>
<doc>A keyword that has a very complex way of figuring out whether an
element is found or not because I had trouble with the built-in keywords
Can be solved differently if you have a better idea</doc>
<msg timestamp="20231030 17:30:12.835" level="TRACE">Arguments: [ ${selector}='id=CybotCookiebotDialogBodyLevelButtonLevelOptinAllowAll' ]</msg>
<kw name="Set Browser Timeout" library="Browser">
<arg>10s</arg>
<tag>Config</tag>
<tag>Setter</tag>
<doc>Sets the timeout used by most input and getter keywords.</doc>
<msg timestamp="20231030 17:30:12.835" level="TRACE">Arguments: [ datetime.timedelta(seconds=10) ]</msg>
<msg timestamp="20231030 17:30:12.846" level="INFO">Set timeout to: 10000</msg>
<msg timestamp="20231030 17:30:12.847" level="TRACE">Return: '30 seconds'</msg>
<status status="PASS" starttime="20231030 17:30:12.835" endtime="20231030 17:30:12.847"/>
</kw>
<try>
<branch type="TRY">
<kw name="Get Elements" library="Browser">
<var>${els}</var>
<arg>${selector}</arg>
<tag>Getter</tag>
<tag>PageContent</tag>
<doc>Returns a reference to Playwright [https://playwright.dev/docs/api/class-locator|Locator]
for all matched elements by ``selector``.</doc>
<msg timestamp="20231030 17:30:12.847" level="TRACE">Arguments: [ 'id=CybotCookiebotDialogBodyLevelButtonLevelOptinAllowAll' ]</msg>
<msg timestamp="20231030 17:30:12.933" level="INFO">Found locator('id=CybotCookiebotDialogBodyLevelButtonLevelOptinAllowAll').first() Locators successfully.</msg>
<msg timestamp="20231030 17:30:12.933" level="DEBUG">["id=CybotCookiebotDialogBodyLevelButtonLevelOptinAllowAll &gt;&gt; nth=0"]</msg>
<msg timestamp="20231030 17:30:12.933" level="TRACE">Return: ['id=CybotCookiebotDialogBodyLevelButtonLevelOptinAllowAll &gt;&gt; nth=0']</msg>
<msg timestamp="20231030 17:30:12.933" level="INFO">${els} = ['id=CybotCookiebotDialogBodyLevelButtonLevelOptinAllowAll &gt;&gt; nth=0']</msg>
<status status="PASS" starttime="20231030 17:30:12.847" endtime="20231030 17:30:12.933"/>
</kw>
<kw name="Get Length" library="BuiltIn">
<var>${count}</var>
<arg>${els}</arg>
<doc>Returns and logs the length of the given item as an integer.</doc>
<msg timestamp="20231030 17:30:12.934" level="TRACE">Arguments: [ ['id=CybotCookiebotDialogBodyLevelButtonLevelOptinAllowAll &gt;&gt; nth=0'] ]</msg>
<msg timestamp="20231030 17:30:12.934" level="INFO">Length is 1</msg>
<msg timestamp="20231030 17:30:12.934" level="TRACE">Return: 1</msg>
<msg timestamp="20231030 17:30:12.934" level="INFO">${count} = 1</msg>
<status status="PASS" starttime="20231030 17:30:12.934" endtime="20231030 17:30:12.934"/>
</kw>
<if>
<branch type="IF" condition="${count} &gt; 0">
<kw name="Set Variable" library="BuiltIn">
<var>${visible}</var>
<arg>True</arg>
<doc>Returns the given values which can then be assigned to a variables.</doc>
<msg timestamp="20231030 17:30:12.935" level="TRACE">Arguments: [ 'True' ]</msg>
<msg timestamp="20231030 17:30:12.935" level="TRACE">Return: 'True'</msg>
<msg timestamp="20231030 17:30:12.936" level="INFO">${visible} = True</msg>
<status status="PASS" starttime="20231030 17:30:12.935" endtime="20231030 17:30:12.936"/>
</kw>
<status status="PASS" starttime="20231030 17:30:12.934" endtime="20231030 17:30:12.936"/>
</branch>
<branch type="ELSE">
<kw name="Set Variable" library="BuiltIn">
<var>${visible}</var>
<arg>False</arg>
<doc>Returns the given values which can then be assigned to a variables.</doc>
<status status="NOT RUN" starttime="20231030 17:30:12.936" endtime="20231030 17:30:12.936"/>
</kw>
<status status="NOT RUN" starttime="20231030 17:30:12.936" endtime="20231030 17:30:12.936"/>
</branch>
<status status="PASS" starttime="20231030 17:30:12.934" endtime="20231030 17:30:12.936"/>
</if>
<status status="PASS" starttime="20231030 17:30:12.847" endtime="20231030 17:30:12.937"/>
</branch>
<branch type="EXCEPT">
<kw name="Set Variable" library="BuiltIn">
<var>${visible}</var>
<arg>False</arg>
<doc>Returns the given values which can then be assigned to a variables.</doc>
<status status="NOT RUN" starttime="20231030 17:30:12.937" endtime="20231030 17:30:12.937"/>
</kw>
<status status="NOT RUN" starttime="20231030 17:30:12.937" endtime="20231030 17:30:12.937"/>
</branch>
<status status="PASS" starttime="20231030 17:30:12.847" endtime="20231030 17:30:12.937"/>
</try>
<kw name="Set Browser Timeout" library="Browser">
<arg>${timeout}</arg>
<tag>Config</tag>
<tag>Setter</tag>
<doc>Sets the timeout used by most input and getter keywords.</doc>
<msg timestamp="20231030 17:30:12.938" level="TRACE">Arguments: [ datetime.timedelta(seconds=30) ]</msg>
<msg timestamp="20231030 17:30:12.944" level="INFO">Set timeout to: 30000</msg>
<msg timestamp="20231030 17:30:12.944" level="TRACE">Return: '10 seconds'</msg>
<status status="PASS" starttime="20231030 17:30:12.937" endtime="20231030 17:30:12.944"/>
</kw>
<msg timestamp="20231030 17:30:12.944" level="TRACE">Return: 'True'</msg>
<msg timestamp="20231030 17:30:12.944" level="INFO">${cookieModalVisible} = True</msg>
<status status="PASS" starttime="20231030 17:30:12.834" endtime="20231030 17:30:12.944"/>
</kw>
<if>
<branch type="IF" condition="${cookieModalVisible}">
<kw name="Click" library="Browser">
<arg>id=CybotCookiebotDialogBodyLevelButtonLevelOptinAllowAll</arg>
<tag>PageContent</tag>
<tag>Setter</tag>
<doc>Simulates mouse click on the element found by ``selector``.</doc>
<msg timestamp="20231030 17:30:12.945" level="TRACE">Arguments: [ 'id=CybotCookiebotDialogBodyLevelButtonLevelOptinAllowAll' ]</msg>
<msg timestamp="20231030 17:30:12.946" level="DEBUG">Click options are: {"button": "left", "clickCount": 1, "force": false, "noWaitAfter": false, "trial": false}</msg>
<msg timestamp="20231030 17:30:13.051" level="DEBUG">Clicked element: 'id=CybotCookiebotDialogBodyLevelButtonLevelOptinAllowAll' with options: '{"button": "left", "clickCount": 1, "force": false, "noWaitAfter": false, "trial": false}' successfully.</msg>
<msg timestamp="20231030 17:30:13.051" level="TRACE">Return: None</msg>
<status status="PASS" starttime="20231030 17:30:12.945" endtime="20231030 17:30:13.051"/>
</kw>
<status status="PASS" starttime="20231030 17:30:12.945" endtime="20231030 17:30:13.051"/>
</branch>
<branch type="ELSE">
<kw name="Log" library="BuiltIn">
<arg>No Cookie Modal Visible</arg>
<doc>Logs the given message with the given level.</doc>
<status status="NOT RUN" starttime="20231030 17:30:13.052" endtime="20231030 17:30:13.052"/>
</kw>
<status status="NOT RUN" starttime="20231030 17:30:13.052" endtime="20231030 17:30:13.052"/>
</branch>
<status status="PASS" starttime="20231030 17:30:12.945" endtime="20231030 17:30:13.052"/>
</if>
<msg timestamp="20231030 17:30:13.052" level="TRACE">Return: None</msg>
<status status="PASS" starttime="20231030 17:30:12.834" endtime="20231030 17:30:13.052"/>
</kw>
<kw name="Set Environment" library="common">
<doc>A keyword that gets the environment from URL and checks it is the same as variable</doc>
<msg timestamp="20231030 17:30:13.053" level="TRACE">Arguments: [  ]</msg>
<kw name="Get Url" library="Browser">
<var>${currentUrl}</var>
<tag>Assertion</tag>
<tag>Getter</tag>
<tag>PageContent</tag>
<doc>Returns the current URL.</doc>
<msg timestamp="20231030 17:30:13.053" level="TRACE">Arguments: [  ]</msg>
<msg timestamp="20231030 17:30:13.056" level="DEBUG">https://test3.omenahotels.com/en/</msg>
<msg timestamp="20231030 17:30:13.056" level="TRACE">Return: 'https://test3.omenahotels.com/en/'</msg>
<msg timestamp="20231030 17:30:13.056" level="INFO">${currentUrl} = https://test3.omenahotels.com/en/</msg>
<status status="PASS" starttime="20231030 17:30:13.053" endtime="20231030 17:30:13.056"/>
</kw>
<kw name="Get Environment From Url" library="Helpers">
<var>${env}</var>
<arg>${currentUrl}</arg>
<msg timestamp="20231030 17:30:13.056" level="TRACE">Arguments: [ 'https://test3.omenahotels.com/en/' ]</msg>
<msg timestamp="20231030 17:30:13.056" level="TRACE">Return: 'test3'</msg>
<msg timestamp="20231030 17:30:13.056" level="INFO">${env} = test3</msg>
<status status="PASS" starttime="20231030 17:30:13.056" endtime="20231030 17:30:13.056"/>
</kw>
<kw name="Should Be Equal As Strings" library="BuiltIn">
<arg>${env}</arg>
<arg>${environment}</arg>
<doc>Fails if objects are unequal after converting them to strings.</doc>
<msg timestamp="20231030 17:30:13.058" level="TRACE">Arguments: [ 'test3' | 'test3' ]</msg>
<msg timestamp="20231030 17:30:13.058" level="DEBUG">Argument types are:
&lt;class 'str'&gt;
&lt;class 'str'&gt;</msg>
<msg timestamp="20231030 17:30:13.058" level="TRACE">Return: None</msg>
<status status="PASS" starttime="20231030 17:30:13.057" endtime="20231030 17:30:13.058"/>
</kw>
<msg timestamp="20231030 17:30:13.058" level="TRACE">Return: None</msg>
<status status="PASS" starttime="20231030 17:30:13.053" endtime="20231030 17:30:13.058"/>
</kw>
<msg timestamp="20231030 17:30:13.058" level="TRACE">Return: None</msg>
<status status="PASS" starttime="20231030 17:30:07.996" endtime="20231030 17:30:13.058"/>
</kw>
<test id="s1-t1" name="Select Hotel, Dates and Guests" line="15">
<kw name="Select Hotel" library="booking">
<arg>Helsinki, Lönnrotinkatu</arg>
<doc>Select Hotel by using a number as an argument, default Lönnrotinkatu</doc>
<msg timestamp="20231030 17:30:13.059" level="TRACE">Arguments: [ ${hotel}='Helsinki, Lönnrotinkatu' ]</msg>
<if>
<branch type="IF" condition="&quot;${environment}&quot; == &quot;ks_test&quot;">
<kw name="Log" library="BuiltIn">
<arg>No hotel to be selected</arg>
<doc>Logs the given message with the given level.</doc>
<status status="NOT RUN" starttime="20231030 17:30:13.060" endtime="20231030 17:30:13.060"/>
</kw>
<status status="NOT RUN" starttime="20231030 17:30:13.059" endtime="20231030 17:30:13.060"/>
</branch>
<branch type="ELSE">
<kw name="Log" library="BuiltIn">
<arg>Selecting Hotel: ${hotel}</arg>
<doc>Logs the given message with the given level.</doc>
<msg timestamp="20231030 17:30:13.060" level="TRACE">Arguments: [ 'Selecting Hotel: Helsinki, Lönnrotinkatu' ]</msg>
<msg timestamp="20231030 17:30:13.060" level="INFO">Selecting Hotel: Helsinki, Lönnrotinkatu</msg>
<msg timestamp="20231030 17:30:13.060" level="TRACE">Return: None</msg>
<status status="PASS" starttime="20231030 17:30:13.060" endtime="20231030 17:30:13.060"/>
</kw>
<kw name="Click" library="Browser">
<arg>//div[contains(@data-nelson-btn, "hotels")]</arg>
<tag>PageContent</tag>
<tag>Setter</tag>
<doc>Simulates mouse click on the element found by ``selector``.</doc>
<msg timestamp="20231030 17:30:13.061" level="TRACE">Arguments: [ '//div[contains(@data-nelson-btn, "hotels")]' ]</msg>
<msg timestamp="20231030 17:30:13.061" level="DEBUG">Click options are: {"button": "left", "clickCount": 1, "force": false, "noWaitAfter": false, "trial": false}</msg>
<msg timestamp="20231030 17:30:13.185" level="DEBUG">Clicked element: '//div[contains(@data-nelson-btn, "hotels")]' with options: '{"button": "left", "clickCount": 1, "force": false, "noWaitAfter": false, "trial": false}' successfully.</msg>
<msg timestamp="20231030 17:30:13.185" level="TRACE">Return: None</msg>
<status status="PASS" starttime="20231030 17:30:13.061" endtime="20231030 17:30:13.185"/>
</kw>
<kw name="Wait Until Visible" library="common">
<arg>//a[contains(@class, 'dropdown-item') and contains(text(), '${hotel}')]</arg>
<doc>An easier keyword for waiting until an element is visible</doc>
<msg timestamp="20231030 17:30:13.186" level="TRACE">Arguments: [ ${element}="//a[contains(@class, 'dropdown-item') and contains(text(), 'Helsinki, Lönnrotinkatu')]" ]</msg>
<kw name="Wait For Elements State" library="Browser">
<arg>${element}</arg>
<arg>visible</arg>
<arg>timeout=${timeout}</arg>
<tag>PageContent</tag>
<tag>Wait</tag>
<doc>Waits for the element found by ``selector`` to satisfy state option.</doc>
<msg timestamp="20231030 17:30:13.187" level="TRACE">Arguments: [ "//a[contains(@class, 'dropdown-item') and contains(text(), 'Helsinki, Lönnrotinkatu')]" | &lt;ElementState.visible: 4&gt; | timeout=datetime.timedelta(seconds=30) ]</msg>
<msg timestamp="20231030 17:30:13.203" level="INFO">Waited for Element with selector //a[contains(@class, 'dropdown-item') and contains(text(), 'Helsinki, Lönnrotinkatu')] at state visible</msg>
<msg timestamp="20231030 17:30:13.203" level="TRACE">Return: None</msg>
<status status="PASS" starttime="20231030 17:30:13.186" endtime="20231030 17:30:13.203"/>
</kw>
<msg timestamp="20231030 17:30:13.204" level="TRACE">Return: None</msg>
<status status="PASS" starttime="20231030 17:30:13.185" endtime="20231030 17:30:13.204"/>
</kw>
<kw name="Click" library="Browser">
<arg>//a[contains(@class, 'dropdown-item') and contains(text(), '${hotel}')]</arg>
<tag>PageContent</tag>
<tag>Setter</tag>
<doc>Simulates mouse click on the element found by ``selector``.</doc>
<msg timestamp="20231030 17:30:13.205" level="TRACE">Arguments: [ "//a[contains(@class, 'dropdown-item') and contains(text(), 'Helsinki, Lönnrotinkatu')]" ]</msg>
<msg timestamp="20231030 17:30:13.205" level="DEBUG">Click options are: {"button": "left", "clickCount": 1, "force": false, "noWaitAfter": false, "trial": false}</msg>
<msg timestamp="20231030 17:30:13.506" level="DEBUG">Clicked element: '//a[contains(@class, 'dropdown-item') and contains(text(), 'Helsinki, Lönnrotinkatu')]' with options: '{"button": "left", "clickCount": 1, "force": false, "noWaitAfter": false, "trial": false}' successfully.</msg>
<msg timestamp="20231030 17:30:13.507" level="TRACE">Return: None</msg>
<status status="PASS" starttime="20231030 17:30:13.204" endtime="20231030 17:30:13.507"/>
</kw>
<kw name="Wait For Elements State" library="Browser">
<arg>//a[contains(@class, 'dropdown-item') and contains(text(), '${hotel}')]</arg>
<arg>hidden</arg>
<arg>timeout=3s</arg>
<tag>PageContent</tag>
<tag>Wait</tag>
<doc>Waits for the element found by ``selector`` to satisfy state option.</doc>
<msg timestamp="20231030 17:30:13.508" level="TRACE">Arguments: [ "//a[contains(@class, 'dropdown-item') and contains(text(), 'Helsinki, Lönnrotinkatu')]" | &lt;ElementState.hidden: 8&gt; | timeout=datetime.timedelta(seconds=3) ]</msg>
<msg timestamp="20231030 17:30:13.569" level="INFO">Waited for Element with selector //a[contains(@class, 'dropdown-item') and contains(text(), 'Helsinki, Lönnrotinkatu')] at state hidden</msg>
<msg timestamp="20231030 17:30:13.570" level="TRACE">Return: None</msg>
<status status="PASS" starttime="20231030 17:30:13.507" endtime="20231030 17:30:13.570"/>
</kw>
<status status="PASS" starttime="20231030 17:30:13.060" endtime="20231030 17:30:13.570"/>
</branch>
<status status="PASS" starttime="20231030 17:30:13.059" endtime="20231030 17:30:13.570"/>
</if>
<msg timestamp="20231030 17:30:13.570" level="TRACE">Return: None</msg>
<status status="PASS" starttime="20231030 17:30:13.059" endtime="20231030 17:30:13.570"/>
</kw>
<kw name="Select Dates" library="booking">
<msg timestamp="20231030 17:30:13.571" level="TRACE">Arguments: [  ]</msg>
<kw name="Log" library="BuiltIn">
<arg>${EMPTY}</arg>
<doc>Logs the given message with the given level.</doc>
<msg timestamp="20231030 17:30:13.572" level="TRACE">Arguments: [ '' ]</msg>
<msg timestamp="20231030 17:30:13.572" level="INFO"/>
<msg timestamp="20231030 17:30:13.572" level="TRACE">Return: None</msg>
<status status="PASS" starttime="20231030 17:30:13.571" endtime="20231030 17:30:13.572"/>
</kw>
<msg timestamp="20231030 17:30:13.574" level="TRACE">Return: None</msg>
<status status="PASS" starttime="20231030 17:30:13.570" endtime="20231030 17:30:13.574"/>
</kw>
<kw name="Select Guests" library="booking">
<doc>Selects the number of guests for the booking, current implementation will only check the dropdown</doc>
<msg timestamp="20231030 17:30:13.575" level="TRACE">Arguments: [ ${rooms}='1' | ${persons}='1' | ${children}='0' ]</msg>
<kw name="Log To Console" library="BuiltIn">
<arg>${EMPTY}</arg>
<doc>Logs the given message to the console.</doc>
<msg timestamp="20231030 17:30:13.576" level="TRACE">Arguments: [ '' ]</msg>
<msg timestamp="20231030 17:30:13.576" level="TRACE">Return: None</msg>
<status status="PASS" starttime="20231030 17:30:13.575" endtime="20231030 17:30:13.576"/>
</kw>
<msg timestamp="20231030 17:30:13.577" level="TRACE">Return: None</msg>
<status status="PASS" starttime="20231030 17:30:13.574" endtime="20231030 17:30:13.577"/>
</kw>
<tag>smoke, booking, BUI2-556, online-checkin</tag>
<status status="PASS" starttime="20231030 17:30:13.058" endtime="20231030 17:30:13.577"/>
</test>
<test id="s1-t2" name="Check Available Rooms and Select a Standard Room" line="20">
<kw name="Click Book or Find Rooms Button" library="booking">
<msg timestamp="20231030 17:30:13.581" level="TRACE">Arguments: [  ]</msg>
<kw name="Get Url" library="Browser">
<var>${url}</var>
<tag>Assertion</tag>
<tag>Getter</tag>
<tag>PageContent</tag>
<doc>Returns the current URL.</doc>
<msg timestamp="20231030 17:30:13.582" level="TRACE">Arguments: [  ]</msg>
<msg timestamp="20231030 17:30:13.584" level="DEBUG">https://test3.omenahotels.com/en/#</msg>
<msg timestamp="20231030 17:30:13.584" level="TRACE">Return: 'https://test3.omenahotels.com/en/#'</msg>
<msg timestamp="20231030 17:30:13.584" level="INFO">${url} = https://test3.omenahotels.com/en/#</msg>
<status status="PASS" starttime="20231030 17:30:13.582" endtime="20231030 17:30:13.584"/>
</kw>
<kw name="Check If String Contains" library="common">
<var>${booking}</var>
<arg>${url}</arg>
<arg>/booking/</arg>
<msg timestamp="20231030 17:30:13.585" level="TRACE">Arguments: [ ${string}='https://test3.omenahotels.com/en/#' | ${substring}='/booking/' ]</msg>
<kw name="Check If String Contains Substring" library="Helpers">
<var>${contains}</var>
<arg>${string}</arg>
<arg>${substring}</arg>
<msg timestamp="20231030 17:30:13.585" level="TRACE">Arguments: [ 'https://test3.omenahotels.com/en/#' | '/booking/' ]</msg>
<msg timestamp="20231030 17:30:13.585" level="TRACE">Return: False</msg>
<msg timestamp="20231030 17:30:13.585" level="INFO">${contains} = False</msg>
<status status="PASS" starttime="20231030 17:30:13.585" endtime="20231030 17:30:13.585"/>
</kw>
<msg timestamp="20231030 17:30:13.585" level="TRACE">Return: False</msg>
<msg timestamp="20231030 17:30:13.585" level="INFO">${booking} = False</msg>
<status status="PASS" starttime="20231030 17:30:13.584" endtime="20231030 17:30:13.585"/>
</kw>
<if>
<branch type="IF" condition="${booking} == True">
<kw name="Click" library="Browser">
<arg>//button[contains(@class, 'booking-form-button') and contains(text(), 'Find rooms')]</arg>
<tag>PageContent</tag>
<tag>Setter</tag>
<doc>Simulates mouse click on the element found by ``selector``.</doc>
<status status="NOT RUN" starttime="20231030 17:30:13.586" endtime="20231030 17:30:13.586"/>
</kw>
<status status="NOT RUN" starttime="20231030 17:30:13.586" endtime="20231030 17:30:13.586"/>
</branch>
<branch type="ELSE">
<kw name="Click" library="Browser">
<arg>//button[contains(@class, 'booking-form-button') and contains(text(), 'Book')]</arg>
<tag>PageContent</tag>
<tag>Setter</tag>
<doc>Simulates mouse click on the element found by ``selector``.</doc>
<msg timestamp="20231030 17:30:13.587" level="TRACE">Arguments: [ "//button[contains(@class, 'booking-form-button') and contains(text(), 'Book')]" ]</msg>
<msg timestamp="20231030 17:30:13.587" level="DEBUG">Click options are: {"button": "left", "clickCount": 1, "force": false, "noWaitAfter": false, "trial": false}</msg>
<msg timestamp="20231030 17:30:13.865" level="DEBUG">Clicked element: '//button[contains(@class, 'booking-form-button') and contains(text(), 'Book')]' with options: '{"button": "left", "clickCount": 1, "force": false, "noWaitAfter": false, "trial": false}' successfully.</msg>
<msg timestamp="20231030 17:30:13.865" level="TRACE">Return: None</msg>
<status status="PASS" starttime="20231030 17:30:13.586" endtime="20231030 17:30:13.865"/>
</kw>
<status status="PASS" starttime="20231030 17:30:13.586" endtime="20231030 17:30:13.865"/>
</branch>
<status status="PASS" starttime="20231030 17:30:13.585" endtime="20231030 17:30:13.865"/>
</if>
<msg timestamp="20231030 17:30:13.865" level="TRACE">Return: None</msg>
<status status="PASS" starttime="20231030 17:30:13.581" endtime="20231030 17:30:13.865"/>
</kw>
<kw name="Select a Standard Room" library="booking">
<msg timestamp="20231030 17:30:13.866" level="TRACE">Arguments: [  ]</msg>
<kw name="Wait Until Visible" library="common">
<arg>${btnExtras}</arg>
<doc>An easier keyword for waiting until an element is visible</doc>
<msg timestamp="20231030 17:30:13.866" level="TRACE">Arguments: [ ${element}='(//div[contains(@view,"booking")]//button[contains(text(), "Continue to extras")])[1]' ]</msg>
<kw name="Wait For Elements State" library="Browser">
<arg>${element}</arg>
<arg>visible</arg>
<arg>timeout=${timeout}</arg>
<tag>PageContent</tag>
<tag>Wait</tag>
<doc>Waits for the element found by ``selector`` to satisfy state option.</doc>
<msg timestamp="20231030 17:30:13.867" level="TRACE">Arguments: [ '(//div[contains(@view,"booking")]//button[contains(text(), "Continue to extras")])[1]' | &lt;ElementState.visible: 4&gt; | timeout=datetime.timedelta(seconds=30) ]</msg>
<msg timestamp="20231030 17:30:16.897" level="INFO">Waited for Element with selector (//div[contains(@view,"booking")]//button[contains(text(), "Continue to extras")])[1] at state visible</msg>
<msg timestamp="20231030 17:30:16.897" level="TRACE">Return: None</msg>
<status status="PASS" starttime="20231030 17:30:13.866" endtime="20231030 17:30:16.897"/>
</kw>
<msg timestamp="20231030 17:30:16.897" level="TRACE">Return: None</msg>
<status status="PASS" starttime="20231030 17:30:13.866" endtime="20231030 17:30:16.897"/>
</kw>
<kw name="Get Element States" library="Browser">
<var>${visible}</var>
<arg>//div[contains(text(), 'Select room')]</arg>
<arg>then</arg>
<arg>bool(value &amp; visible)</arg>
<tag>Assertion</tag>
<tag>Getter</tag>
<tag>PageContent</tag>
<doc>Get the active states from the element found by ``selector``.</doc>
<msg timestamp="20231030 17:30:16.898" level="TRACE">Arguments: [ "//div[contains(text(), 'Select room')]" | &lt;AssertionOperator.then: 'then'&gt; | 'bool(value &amp; visible)' ]</msg>
<msg timestamp="20231030 17:30:17.152" level="DEBUG">States: 2</msg>
<msg timestamp="20231030 17:30:17.152" level="DEBUG">Assertion polling statistics:
First element asserted in: 0.2532789707183838 seconds
Total tries: 1
Elapsed time in retries 0.0 seconds</msg>
<msg timestamp="20231030 17:30:17.152" level="TRACE">Return: False</msg>
<msg timestamp="20231030 17:30:17.152" level="INFO">${visible} = False</msg>
<status status="PASS" starttime="20231030 17:30:16.897" endtime="20231030 17:30:17.152"/>
</kw>
<kw name="Run Keyword If" library="BuiltIn">
<arg>${visible}</arg>
<arg>Select Standard and Remove Other Room Selection</arg>
<doc>Runs the given keyword with the given arguments, if ``condition`` is true.</doc>
<msg timestamp="20231030 17:30:17.153" level="TRACE">Arguments: [ False | 'Select Standard and Remove Other Room Selection' ]</msg>
<msg timestamp="20231030 17:30:17.153" level="TRACE">Return: None</msg>
<status status="PASS" starttime="20231030 17:30:17.152" endtime="20231030 17:30:17.153"/>
</kw>
<msg timestamp="20231030 17:30:17.153" level="TRACE">Return: None</msg>
<status status="PASS" starttime="20231030 17:30:13.865" endtime="20231030 17:30:17.153"/>
</kw>
<tag>smoke, booking, BUI2-556, online-checkin</tag>
<status status="PASS" starttime="20231030 17:30:13.581" endtime="20231030 17:30:17.153"/>
</test>
<test id="s1-t3" name="Continue to Extras and Select Join for Free" line="24">
<kw name="Click Continue to Extras Button" library="booking">
<doc>Clicks the continue to extras button</doc>
<msg timestamp="20231030 17:30:17.157" level="TRACE">Arguments: [  ]</msg>
<kw name="Click" library="Browser">
<arg>${btnExtras}</arg>
<tag>PageContent</tag>
<tag>Setter</tag>
<doc>Simulates mouse click on the element found by ``selector``.</doc>
<msg timestamp="20231030 17:30:17.162" level="TRACE">Arguments: [ '(//div[contains(@view,"booking")]//button[contains(text(), "Continue to extras")])[1]' ]</msg>
<msg timestamp="20231030 17:30:17.163" level="DEBUG">Click options are: {"button": "left", "clickCount": 1, "force": false, "noWaitAfter": false, "trial": false}</msg>
<msg timestamp="20231030 17:30:21.421" level="DEBUG">Clicked element: '(//div[contains(@view,"booking")]//button[contains(text(), "Continue to extras")])[1]' with options: '{"button": "left", "clickCount": 1, "force": false, "noWaitAfter": false, "trial": false}' successfully.</msg>
<msg timestamp="20231030 17:30:21.421" level="TRACE">Return: None</msg>
<status status="PASS" starttime="20231030 17:30:17.158" endtime="20231030 17:30:21.421"/>
</kw>
<kw name="Wait Until Visible" library="common">
<arg>${btnPayment}</arg>
<doc>An easier keyword for waiting until an element is visible</doc>
<msg timestamp="20231030 17:30:21.422" level="TRACE">Arguments: [ ${element}='(//div[contains(@view,"extras")]//button[contains(text(), "Continue to payment")])[1]' ]</msg>
<kw name="Wait For Elements State" library="Browser">
<arg>${element}</arg>
<arg>visible</arg>
<arg>timeout=${timeout}</arg>
<tag>PageContent</tag>
<tag>Wait</tag>
<doc>Waits for the element found by ``selector`` to satisfy state option.</doc>
<msg timestamp="20231030 17:30:21.423" level="TRACE">Arguments: [ '(//div[contains(@view,"extras")]//button[contains(text(), "Continue to payment")])[1]' | &lt;ElementState.visible: 4&gt; | timeout=datetime.timedelta(seconds=30) ]</msg>
<msg timestamp="20231030 17:30:22.719" level="INFO">Waited for Element with selector (//div[contains(@view,"extras")]//button[contains(text(), "Continue to payment")])[1] at state visible</msg>
<msg timestamp="20231030 17:30:22.719" level="TRACE">Return: None</msg>
<status status="PASS" starttime="20231030 17:30:21.422" endtime="20231030 17:30:22.719"/>
</kw>
<msg timestamp="20231030 17:30:22.720" level="TRACE">Return: None</msg>
<status status="PASS" starttime="20231030 17:30:21.422" endtime="20231030 17:30:22.720"/>
</kw>
<msg timestamp="20231030 17:30:22.720" level="TRACE">Return: None</msg>
<status status="PASS" starttime="20231030 17:30:17.157" endtime="20231030 17:30:22.720"/>
</kw>
<kw name="Continue to Payment" library="booking">
<msg timestamp="20231030 17:30:22.720" level="TRACE">Arguments: [  ]</msg>
<kw name="Click" library="Browser">
<arg>(//button[normalize-space()='Continue to payment'])[1]</arg>
<tag>PageContent</tag>
<tag>Setter</tag>
<doc>Simulates mouse click on the element found by ``selector``.</doc>
<msg timestamp="20231030 17:30:22.721" level="TRACE">Arguments: [ "(//button[normalize-space()='Continue to payment'])[1]" ]</msg>
<msg timestamp="20231030 17:30:22.721" level="DEBUG">Click options are: {"button": "left", "clickCount": 1, "force": false, "noWaitAfter": false, "trial": false}</msg>
<msg timestamp="20231030 17:30:22.901" level="DEBUG">Clicked element: '(//button[normalize-space()='Continue to payment'])[1]' with options: '{"button": "left", "clickCount": 1, "force": false, "noWaitAfter": false, "trial": false}' successfully.</msg>
<msg timestamp="20231030 17:30:22.901" level="TRACE">Return: None</msg>
<status status="PASS" starttime="20231030 17:30:22.720" endtime="20231030 17:30:22.901"/>
</kw>
<msg timestamp="20231030 17:30:22.902" level="TRACE">Return: None</msg>
<status status="PASS" starttime="20231030 17:30:22.720" endtime="20231030 17:30:22.902"/>
</kw>
<kw name="Select Join for Free" library="booking">
<msg timestamp="20231030 17:30:22.902" level="TRACE">Arguments: [  ]</msg>
<kw name="Wait Until Visible" library="common">
<arg>//input[@value='memberRate' and @checked='']</arg>
<doc>An easier keyword for waiting until an element is visible</doc>
<msg timestamp="20231030 17:30:22.902" level="TRACE">Arguments: [ ${element}="//input[@value='memberRate' and @checked='']" ]</msg>
<kw name="Wait For Elements State" library="Browser">
<arg>${element}</arg>
<arg>visible</arg>
<arg>timeout=${timeout}</arg>
<tag>PageContent</tag>
<tag>Wait</tag>
<doc>Waits for the element found by ``selector`` to satisfy state option.</doc>
<msg timestamp="20231030 17:30:22.903" level="TRACE">Arguments: [ "//input[@value='memberRate' and @checked='']" | &lt;ElementState.visible: 4&gt; | timeout=datetime.timedelta(seconds=30) ]</msg>
<msg timestamp="20231030 17:30:25.458" level="INFO">Waited for Element with selector //input[@value='memberRate' and @checked=''] at state visible</msg>
<msg timestamp="20231030 17:30:25.458" level="TRACE">Return: None</msg>
<status status="PASS" starttime="20231030 17:30:22.903" endtime="20231030 17:30:25.458"/>
</kw>
<msg timestamp="20231030 17:30:25.459" level="TRACE">Return: None</msg>
<status status="PASS" starttime="20231030 17:30:22.902" endtime="20231030 17:30:25.459"/>
</kw>
<kw name="Wait Until Visible" library="common">
<arg>//div//*[normalize-space()='Join for free and get the member rate']/following-sibling::div[@data-checked]</arg>
<doc>An easier keyword for waiting until an element is visible</doc>
<msg timestamp="20231030 17:30:25.459" level="TRACE">Arguments: [ ${element}="//div//*[normalize-space()='Join for free and get the member rate']/following-sibling::div[@data-checked]" ]</msg>
<kw name="Wait For Elements State" library="Browser">
<arg>${element}</arg>
<arg>visible</arg>
<arg>timeout=${timeout}</arg>
<tag>PageContent</tag>
<tag>Wait</tag>
<doc>Waits for the element found by ``selector`` to satisfy state option.</doc>
<msg timestamp="20231030 17:30:25.460" level="TRACE">Arguments: [ "//div//*[normalize-space()='Join for free and get the member rate']/following-sibling::div[@data-checked]" | &lt;ElementState.visible: 4&gt; | timeout=datetime.timedelta(seconds=30) ]</msg>
<msg timestamp="20231030 17:30:25.498" level="INFO">Waited for Element with selector //div//*[normalize-space()='Join for free and get the member rate']/following-sibling::div[@data-checked] at state visible</msg>
<msg timestamp="20231030 17:30:25.498" level="TRACE">Return: None</msg>
<status status="PASS" starttime="20231030 17:30:25.459" endtime="20231030 17:30:25.498"/>
</kw>
<msg timestamp="20231030 17:30:25.498" level="TRACE">Return: None</msg>
<status status="PASS" starttime="20231030 17:30:25.459" endtime="20231030 17:30:25.498"/>
</kw>
<msg timestamp="20231030 17:30:25.498" level="TRACE">Return: None</msg>
<status status="PASS" starttime="20231030 17:30:22.902" endtime="20231030 17:30:25.499"/>
</kw>
<tag>smoke, booking, BUI2-556, online-checkin</tag>
<status status="PASS" starttime="20231030 17:30:17.157" endtime="20231030 17:30:25.499"/>
</test>
<test id="s1-t4" name="Fill in Booker Contact Information" line="29">
<kw name="Fill in Contact Information" library="booking">
<doc>Fills in Contact information that can be given as arguments or use default values
Uses a password if the environment is bui and</doc>
<msg timestamp="20231030 17:30:25.504" level="TRACE">Arguments: [ ${firstName}='Mos' | ${lastName}='Def' | ${phone}='401705972' | ${ssn}='170479-371J' | ${env}='bui' ]</msg>
<kw name="Create Email and Return Inbox" library="common">
<var>${inbox}</var>
<doc>Creates a new email address and returns the inbox object</doc>
<msg timestamp="20231030 17:30:25.505" level="TRACE">Arguments: [  ]</msg>
<kw name="Create new Inbox" library="MailSlurp">
<var>${inbox}</var>
<msg timestamp="20231030 17:30:25.505" level="TRACE">Arguments: [  ]</msg>
<msg timestamp="20231030 17:30:26.046" level="INFO">Debug Config
&lt;mailslurp_client.configuration.Configuration object at 0x7fb4cf8d9350&gt;
{'created_at': datetime.datetime(2023, 10, 30, 17, 30, 25, 967000, tzinfo=tzlocal()),
 'description': None,
 'domain_id': None,
 'email_address': '2d5c7e3d-942e-4839-a3a1-0f9652c89181@mailslurp.com',
 'expires_at': None,
 'favourite': False,
 'id': '2d5c7e3d-942e-4839-a3a1-0f9652c89181',
 'inbox_type': 'HTTP_INBOX',
 'name': None,
 'read_only': False,
 'tags': None,
 'user_id': 'a2f48756-8279-471d-bb55-980a32334d37',
 'virtual_inbox': False}
&lt;MailSlurp.MailSlurp object at 0x7fb4cf0a2210&gt;</msg>
<msg timestamp="20231030 17:30:26.046" level="TRACE">Return: {'created_at': datetime.datetime(2023, 10, 30, 17, 30, 25, 967000, tzinfo=tzlocal()),
 'description': None,
 'domain_id': None,
 'email_address': '2d5c7e3d-942e-4839-a3a1-0f9652c89181@mailslurp.com',
 'expires_at': None,
 'favourite': False,
 'id': '2d5c7e3d-942e-4839-a3a1-0f9652c89181',
 'inbox_type': 'HTTP_INBOX',
 'name': None,
 'read_only': False,
 'tags': None,
 'user_id': 'a2f48756-8279-471d-bb55-980a32334d37',
 'virtual_inbox': False}</msg>
<msg timestamp="20231030 17:30:26.047" level="INFO">${inbox} = {'created_at': datetime.datetime(2023, 10, 30, 17, 30, 25, 967000, tzinfo=tzlocal()),
 'description': None,
 'domain_id': None,
 'email_address': '2d5c7e3d-942e-4839-a3a1-0f9652c89181@mailslurp.com',
...</msg>
<status status="PASS" starttime="20231030 17:30:25.505" endtime="20231030 17:30:26.047"/>
</kw>
<kw name="Log To Console" library="BuiltIn">
<arg>${inbox.id}</arg>
<doc>Logs the given message to the console.</doc>
<msg timestamp="20231030 17:30:26.050" level="TRACE">Arguments: [ '2d5c7e3d-942e-4839-a3a1-0f9652c89181' ]</msg>
<msg timestamp="20231030 17:30:26.050" level="TRACE">Return: None</msg>
<status status="PASS" starttime="20231030 17:30:26.047" endtime="20231030 17:30:26.050"/>
</kw>
<msg timestamp="20231030 17:30:26.050" level="TRACE">Return: {'created_at': datetime.datetime(2023, 10, 30, 17, 30, 25, 967000, tzinfo=tzlocal()),
 'description': None,
 'domain_id': None,
 'email_address': '2d5c7e3d-942e-4839-a3a1-0f9652c89181@mailslurp.com',
 'expires_at': None,
 'favourite': False,
 'id': '2d5c7e3d-942e-4839-a3a1-0f9652c89181',
 'inbox_type': 'HTTP_INBOX',
 'name': None,
 'read_only': False,
 'tags': None,
 'user_id': 'a2f48756-8279-471d-bb55-980a32334d37',
 'virtual_inbox': False}</msg>
<msg timestamp="20231030 17:30:26.051" level="INFO">${inbox} = {'created_at': datetime.datetime(2023, 10, 30, 17, 30, 25, 967000, tzinfo=tzlocal()),
 'description': None,
 'domain_id': None,
 'email_address': '2d5c7e3d-942e-4839-a3a1-0f9652c89181@mailslurp.com',
...</msg>
<status status="PASS" starttime="20231030 17:30:25.505" endtime="20231030 17:30:26.051"/>
</kw>
<kw name="Click and Fill" library="common">
<arg>id=firstName</arg>
<arg>${firstName}</arg>
<doc>A keyword combination of Click and Fill Text since most of the form fields need a click</doc>
<msg timestamp="20231030 17:30:26.051" level="TRACE">Arguments: [ ${selector}='id=firstName' | ${text}='Mos' ]</msg>
<kw name="Click" library="Browser">
<arg>${selector}</arg>
<tag>PageContent</tag>
<tag>Setter</tag>
<doc>Simulates mouse click on the element found by ``selector``.</doc>
<msg timestamp="20231030 17:30:26.052" level="TRACE">Arguments: [ 'id=firstName' ]</msg>
<msg timestamp="20231030 17:30:26.052" level="DEBUG">Click options are: {"button": "left", "clickCount": 1, "force": false, "noWaitAfter": false, "trial": false}</msg>
<msg timestamp="20231030 17:30:26.112" level="DEBUG">Clicked element: 'id=firstName' with options: '{"button": "left", "clickCount": 1, "force": false, "noWaitAfter": false, "trial": false}' successfully.</msg>
<msg timestamp="20231030 17:30:26.112" level="TRACE">Return: None</msg>
<status status="PASS" starttime="20231030 17:30:26.051" endtime="20231030 17:30:26.112"/>
</kw>
<kw name="Fill Text" library="Browser">
<arg>${selector}</arg>
<arg>${text}</arg>
<tag>PageContent</tag>
<tag>Setter</tag>
<doc>Clears and fills the given ``txt`` into the text field found by ``selector``.</doc>
<msg timestamp="20231030 17:30:26.113" level="TRACE">Arguments: [ 'id=firstName' | 'Mos' ]</msg>
<msg timestamp="20231030 17:30:26.113" level="INFO">Fills the text 'Mos' in the given field.</msg>
<msg timestamp="20231030 17:30:26.212" level="DEBUG">Fill text Mos on id=firstName with force: false</msg>
<msg timestamp="20231030 17:30:26.213" level="TRACE">Return: None</msg>
<status status="PASS" starttime="20231030 17:30:26.112" endtime="20231030 17:30:26.213"/>
</kw>
<msg timestamp="20231030 17:30:26.213" level="TRACE">Return: None</msg>
<status status="PASS" starttime="20231030 17:30:26.051" endtime="20231030 17:30:26.213"/>
</kw>
<kw name="Click and Fill" library="common">
<arg>id=lastName</arg>
<arg>${lastName}</arg>
<doc>A keyword combination of Click and Fill Text since most of the form fields need a click</doc>
<msg timestamp="20231030 17:30:26.213" level="TRACE">Arguments: [ ${selector}='id=lastName' | ${text}='Def' ]</msg>
<kw name="Click" library="Browser">
<arg>${selector}</arg>
<tag>PageContent</tag>
<tag>Setter</tag>
<doc>Simulates mouse click on the element found by ``selector``.</doc>
<msg timestamp="20231030 17:30:26.214" level="TRACE">Arguments: [ 'id=lastName' ]</msg>
<msg timestamp="20231030 17:30:26.215" level="DEBUG">Click options are: {"button": "left", "clickCount": 1, "force": false, "noWaitAfter": false, "trial": false}</msg>
<msg timestamp="20231030 17:30:26.418" level="DEBUG">Clicked element: 'id=lastName' with options: '{"button": "left", "clickCount": 1, "force": false, "noWaitAfter": false, "trial": false}' successfully.</msg>
<msg timestamp="20231030 17:30:26.418" level="TRACE">Return: None</msg>
<status status="PASS" starttime="20231030 17:30:26.214" endtime="20231030 17:30:26.418"/>
</kw>
<kw name="Fill Text" library="Browser">
<arg>${selector}</arg>
<arg>${text}</arg>
<tag>PageContent</tag>
<tag>Setter</tag>
<doc>Clears and fills the given ``txt`` into the text field found by ``selector``.</doc>
<msg timestamp="20231030 17:30:26.419" level="TRACE">Arguments: [ 'id=lastName' | 'Def' ]</msg>
<msg timestamp="20231030 17:30:26.419" level="INFO">Fills the text 'Def' in the given field.</msg>
<msg timestamp="20231030 17:30:26.524" level="DEBUG">Fill text Def on id=lastName with force: false</msg>
<msg timestamp="20231030 17:30:26.524" level="TRACE">Return: None</msg>
<status status="PASS" starttime="20231030 17:30:26.419" endtime="20231030 17:30:26.524"/>
</kw>
<msg timestamp="20231030 17:30:26.525" level="TRACE">Return: None</msg>
<status status="PASS" starttime="20231030 17:30:26.213" endtime="20231030 17:30:26.525"/>
</kw>
<kw name="Click and Fill" library="common">
<arg>id=email</arg>
<arg>${inbox.email_address}</arg>
<doc>A keyword combination of Click and Fill Text since most of the form fields need a click</doc>
<msg timestamp="20231030 17:30:26.526" level="TRACE">Arguments: [ ${selector}='id=email' | ${text}='2d5c7e3d-942e-4839-a3a1-0f9652c89181@mailslurp.com' ]</msg>
<kw name="Click" library="Browser">
<arg>${selector}</arg>
<tag>PageContent</tag>
<tag>Setter</tag>
<doc>Simulates mouse click on the element found by ``selector``.</doc>
<msg timestamp="20231030 17:30:26.527" level="TRACE">Arguments: [ 'id=email' ]</msg>
<msg timestamp="20231030 17:30:26.527" level="DEBUG">Click options are: {"button": "left", "clickCount": 1, "force": false, "noWaitAfter": false, "trial": false}</msg>
<msg timestamp="20231030 17:30:26.731" level="DEBUG">Clicked element: 'id=email' with options: '{"button": "left", "clickCount": 1, "force": false, "noWaitAfter": false, "trial": false}' successfully.</msg>
<msg timestamp="20231030 17:30:26.731" level="TRACE">Return: None</msg>
<status status="PASS" starttime="20231030 17:30:26.526" endtime="20231030 17:30:26.731"/>
</kw>
<kw name="Fill Text" library="Browser">
<arg>${selector}</arg>
<arg>${text}</arg>
<tag>PageContent</tag>
<tag>Setter</tag>
<doc>Clears and fills the given ``txt`` into the text field found by ``selector``.</doc>
<msg timestamp="20231030 17:30:26.731" level="TRACE">Arguments: [ 'id=email' | '2d5c7e3d-942e-4839-a3a1-0f9652c89181@mailslurp.com' ]</msg>
<msg timestamp="20231030 17:30:26.732" level="INFO">Fills the text '2d5c7e3d-942e-4839-a3a1-0f9652c89181@mailslurp.com' in the given field.</msg>
<msg timestamp="20231030 17:30:26.832" level="DEBUG">Fill text 2d5c7e3d-942e-4839-a3a1-0f9652c89181@mailslurp.com on id=email with force: false</msg>
<msg timestamp="20231030 17:30:26.833" level="TRACE">Return: None</msg>
<status status="PASS" starttime="20231030 17:30:26.731" endtime="20231030 17:30:26.833"/>
</kw>
<msg timestamp="20231030 17:30:26.833" level="TRACE">Return: None</msg>
<status status="PASS" starttime="20231030 17:30:26.525" endtime="20231030 17:30:26.833"/>
</kw>
<kw name="Get Url" library="Browser">
<var>${u}</var>
<tag>Assertion</tag>
<tag>Getter</tag>
<tag>PageContent</tag>
<doc>Returns the current URL.</doc>
<msg timestamp="20231030 17:30:26.833" level="TRACE">Arguments: [  ]</msg>
<msg timestamp="20231030 17:30:26.835" level="DEBUG">https://test3.omenahotels.com/en/booking/#/payment</msg>
<msg timestamp="20231030 17:30:26.835" level="TRACE">Return: 'https://test3.omenahotels.com/en/booking/#/payment'</msg>
<msg timestamp="20231030 17:30:26.835" level="INFO">${u} = https://test3.omenahotels.com/en/booking/#/payment</msg>
<status status="PASS" starttime="20231030 17:30:26.833" endtime="20231030 17:30:26.835"/>
</kw>
<kw name="Get Environment From Url" library="Helpers">
<var>${e}</var>
<arg>${u}</arg>
<msg timestamp="20231030 17:30:26.836" level="TRACE">Arguments: [ 'https://test3.omenahotels.com/en/booking/#/payment' ]</msg>
<msg timestamp="20231030 17:30:26.836" level="TRACE">Return: 'test3'</msg>
<msg timestamp="20231030 17:30:26.836" level="INFO">${e} = test3</msg>
<status status="PASS" starttime="20231030 17:30:26.836" endtime="20231030 17:30:26.836"/>
</kw>
<if>
<branch type="IF" condition="'${e}' == 'test-kensington'">
<kw name="Click and Fill" library="common">
<arg>id=phoneNumber</arg>
<arg>${phone.uk}</arg>
<doc>A keyword combination of Click and Fill Text since most of the form fields need a click</doc>
<status status="NOT RUN" starttime="20231030 17:30:26.837" endtime="20231030 17:30:26.837"/>
</kw>
<status status="NOT RUN" starttime="20231030 17:30:26.836" endtime="20231030 17:30:26.837"/>
</branch>
<branch type="ELSE">
<kw name="Click and Fill" library="common">
<arg>id=phoneNumber</arg>
<arg>${phone}</arg>
<doc>A keyword combination of Click and Fill Text since most of the form fields need a click</doc>
<msg timestamp="20231030 17:30:26.837" level="TRACE">Arguments: [ ${selector}='id=phoneNumber' | ${text}='401705972' ]</msg>
<kw name="Click" library="Browser">
<arg>${selector}</arg>
<tag>PageContent</tag>
<tag>Setter</tag>
<doc>Simulates mouse click on the element found by ``selector``.</doc>
<msg timestamp="20231030 17:30:26.838" level="TRACE">Arguments: [ 'id=phoneNumber' ]</msg>
<msg timestamp="20231030 17:30:26.838" level="DEBUG">Click options are: {"button": "left", "clickCount": 1, "force": false, "noWaitAfter": false, "trial": false}</msg>
<msg timestamp="20231030 17:30:27.017" level="DEBUG">Clicked element: 'id=phoneNumber' with options: '{"button": "left", "clickCount": 1, "force": false, "noWaitAfter": false, "trial": false}' successfully.</msg>
<msg timestamp="20231030 17:30:27.017" level="TRACE">Return: None</msg>
<status status="PASS" starttime="20231030 17:30:26.838" endtime="20231030 17:30:27.017"/>
</kw>
<kw name="Fill Text" library="Browser">
<arg>${selector}</arg>
<arg>${text}</arg>
<tag>PageContent</tag>
<tag>Setter</tag>
<doc>Clears and fills the given ``txt`` into the text field found by ``selector``.</doc>
<msg timestamp="20231030 17:30:27.018" level="TRACE">Arguments: [ 'id=phoneNumber' | '401705972' ]</msg>
<msg timestamp="20231030 17:30:27.018" level="INFO">Fills the text '401705972' in the given field.</msg>
<msg timestamp="20231030 17:30:27.115" level="DEBUG">Fill text 401705972 on id=phoneNumber with force: false</msg>
<msg timestamp="20231030 17:30:27.115" level="TRACE">Return: None</msg>
<status status="PASS" starttime="20231030 17:30:27.018" endtime="20231030 17:30:27.115"/>
</kw>
<msg timestamp="20231030 17:30:27.115" level="TRACE">Return: None</msg>
<status status="PASS" starttime="20231030 17:30:26.837" endtime="20231030 17:30:27.115"/>
</kw>
<status status="PASS" starttime="20231030 17:30:26.837" endtime="20231030 17:30:27.115"/>
</branch>
<status status="PASS" starttime="20231030 17:30:26.836" endtime="20231030 17:30:27.116"/>
</if>
<kw name="Log To Console" library="BuiltIn">
<arg>${inbox.id}</arg>
<doc>Logs the given message to the console.</doc>
<msg timestamp="20231030 17:30:27.117" level="TRACE">Arguments: [ '2d5c7e3d-942e-4839-a3a1-0f9652c89181' ]</msg>
<msg timestamp="20231030 17:30:27.118" level="TRACE">Return: None</msg>
<status status="PASS" starttime="20231030 17:30:27.116" endtime="20231030 17:30:27.118"/>
</kw>
<kw name="Set Suite Variable" library="BuiltIn">
<arg>$ID</arg>
<arg>${inbox.id}</arg>
<doc>Makes a variable available everywhere within the scope of the current suite.</doc>
<msg timestamp="20231030 17:30:27.118" level="TRACE">Arguments: [ '$ID' | '${inbox.id}' ]</msg>
<msg timestamp="20231030 17:30:27.120" level="INFO">${ID} = 2d5c7e3d-942e-4839-a3a1-0f9652c89181</msg>
<msg timestamp="20231030 17:30:27.120" level="TRACE">Return: None</msg>
<status status="PASS" starttime="20231030 17:30:27.118" endtime="20231030 17:30:27.120"/>
</kw>
<kw name="Get Element Count" library="Browser">
<var>${passwordVisible}</var>
<arg>id=password</arg>
<tag>Assertion</tag>
<tag>Getter</tag>
<tag>PageContent</tag>
<doc>Returns the count of elements found with ``selector``.</doc>
<msg timestamp="20231030 17:30:27.120" level="TRACE">Arguments: [ 'id=password' ]</msg>
<msg timestamp="20231030 17:30:27.150" level="TRACE">Return: 1</msg>
<msg timestamp="20231030 17:30:27.151" level="INFO">${passwordVisible} = 1</msg>
<status status="PASS" starttime="20231030 17:30:27.120" endtime="20231030 17:30:27.151"/>
</kw>
<if>
<branch type="IF" condition="'${env}'=='bui' and '${passwordVisible}'&gt;'0'">
<kw name="Click and Fill" library="common">
<arg>id=password</arg>
<arg>${password}</arg>
<doc>A keyword combination of Click and Fill Text since most of the form fields need a click</doc>
<msg timestamp="20231030 17:30:27.152" level="TRACE">Arguments: [ ${selector}='id=password' | ${text}='NotARealPass123!' ]</msg>
<kw name="Click" library="Browser">
<arg>${selector}</arg>
<tag>PageContent</tag>
<tag>Setter</tag>
<doc>Simulates mouse click on the element found by ``selector``.</doc>
<msg timestamp="20231030 17:30:27.152" level="TRACE">Arguments: [ 'id=password' ]</msg>
<msg timestamp="20231030 17:30:27.153" level="DEBUG">Click options are: {"button": "left", "clickCount": 1, "force": false, "noWaitAfter": false, "trial": false}</msg>
<msg timestamp="20231030 17:30:27.319" level="DEBUG">Clicked element: 'id=password' with options: '{"button": "left", "clickCount": 1, "force": false, "noWaitAfter": false, "trial": false}' successfully.</msg>
<msg timestamp="20231030 17:30:27.319" level="TRACE">Return: None</msg>
<status status="PASS" starttime="20231030 17:30:27.152" endtime="20231030 17:30:27.319"/>
</kw>
<kw name="Fill Text" library="Browser">
<arg>${selector}</arg>
<arg>${text}</arg>
<tag>PageContent</tag>
<tag>Setter</tag>
<doc>Clears and fills the given ``txt`` into the text field found by ``selector``.</doc>
<msg timestamp="20231030 17:30:27.320" level="TRACE">Arguments: [ 'id=password' | 'NotARealPass123!' ]</msg>
<msg timestamp="20231030 17:30:27.320" level="INFO">Fills the text 'NotARealPass123!' in the given field.</msg>
<msg timestamp="20231030 17:30:27.363" level="DEBUG">Fill text NotARealPass123! on id=password with force: false</msg>
<msg timestamp="20231030 17:30:27.363" level="TRACE">Return: None</msg>
<status status="PASS" starttime="20231030 17:30:27.320" endtime="20231030 17:30:27.363"/>
</kw>
<msg timestamp="20231030 17:30:27.364" level="TRACE">Return: None</msg>
<status status="PASS" starttime="20231030 17:30:27.151" endtime="20231030 17:30:27.364"/>
</kw>
<status status="PASS" starttime="20231030 17:30:27.151" endtime="20231030 17:30:27.364"/>
</branch>
<branch type="ELSE">
<kw name="Log To Console" library="BuiltIn">
<arg>No password filled</arg>
<doc>Logs the given message to the console.</doc>
<status status="NOT RUN" starttime="20231030 17:30:27.365" endtime="20231030 17:30:27.365"/>
</kw>
<status status="NOT RUN" starttime="20231030 17:30:27.364" endtime="20231030 17:30:27.365"/>
</branch>
<status status="PASS" starttime="20231030 17:30:27.151" endtime="20231030 17:30:27.365"/>
</if>
<msg timestamp="20231030 17:30:27.365" level="TRACE">Return: None</msg>
<status status="PASS" starttime="20231030 17:30:25.504" endtime="20231030 17:30:27.365"/>
</kw>
<kw name="Accept offers and Terms" library="booking">
<msg timestamp="20231030 17:30:27.366" level="TRACE">Arguments: [  ]</msg>
<kw name="Click" library="Browser">
<arg>(//div[contains(text(), 'like to receive')])[1]</arg>
<tag>PageContent</tag>
<tag>Setter</tag>
<doc>Simulates mouse click on the element found by ``selector``.</doc>
<msg timestamp="20231030 17:30:27.366" level="TRACE">Arguments: [ "(//div[contains(text(), 'like to receive')])[1]" ]</msg>
<msg timestamp="20231030 17:30:27.367" level="DEBUG">Click options are: {"button": "left", "clickCount": 1, "force": false, "noWaitAfter": false, "trial": false}</msg>
<msg timestamp="20231030 17:30:27.588" level="DEBUG">Clicked element: '(//div[contains(text(), 'like to receive')])[1]' with options: '{"button": "left", "clickCount": 1, "force": false, "noWaitAfter": false, "trial": false}' successfully.</msg>
<msg timestamp="20231030 17:30:27.589" level="TRACE">Return: None</msg>
<status status="PASS" starttime="20231030 17:30:27.366" endtime="20231030 17:30:27.589"/>
</kw>
<kw name="Click" library="Browser">
<arg>(//*[contains(text(),'Accept')]/ancestor::label//span[contains(@class,'chakra-checkbox__control')])[1]</arg>
<tag>PageContent</tag>
<tag>Setter</tag>
<doc>Simulates mouse click on the element found by ``selector``.</doc>
<msg timestamp="20231030 17:30:27.589" level="TRACE">Arguments: [ "(//*[contains(text(),'Accept')]/ancestor::label//span[contains(@class,'chakra-checkbox__control')])[1]" ]</msg>
<msg timestamp="20231030 17:30:27.590" level="DEBUG">Click options are: {"button": "left", "clickCount": 1, "force": false, "noWaitAfter": false, "trial": false}</msg>
<msg timestamp="20231030 17:30:27.738" level="DEBUG">Clicked element: '(//*[contains(text(),'Accept')]/ancestor::label//span[contains(@class,'chakra-checkbox__control')])[1]' with options: '{"button": "left", "clickCount": 1, "force": false, "noWaitAfter": false, "trial": false}' successfully.</msg>
<msg timestamp="20231030 17:30:27.738" level="TRACE">Return: None</msg>
<status status="PASS" starttime="20231030 17:30:27.589" endtime="20231030 17:30:27.738"/>
</kw>
<msg timestamp="20231030 17:30:27.738" level="TRACE">Return: None</msg>
<status status="PASS" starttime="20231030 17:30:27.366" endtime="20231030 17:30:27.738"/>
</kw>
<tag>smoke, booking, BUI2-556, online-checkin</tag>
<status status="PASS" starttime="20231030 17:30:25.504" endtime="20231030 17:30:27.738"/>
</test>
<test id="s1-t5" name="Pay using Web Bank and Nordea" line="33">
<kw name="Select Web Bank and Nordea as Payment Method" library="booking">
<msg timestamp="20231030 17:30:27.750" level="TRACE">Arguments: [  ]</msg>
<kw name="Click" library="Browser">
<arg>//div[contains(text(), "Web bank payment")]</arg>
<tag>PageContent</tag>
<tag>Setter</tag>
<doc>Simulates mouse click on the element found by ``selector``.</doc>
<msg timestamp="20231030 17:30:27.750" level="TRACE">Arguments: [ '//div[contains(text(), "Web bank payment")]' ]</msg>
<msg timestamp="20231030 17:30:27.755" level="DEBUG">Click options are: {"button": "left", "clickCount": 1, "force": false, "noWaitAfter": false, "trial": false}</msg>
<msg timestamp="20231030 17:30:27.867" level="DEBUG">Clicked element: '//div[contains(text(), "Web bank payment")]' with options: '{"button": "left", "clickCount": 1, "force": false, "noWaitAfter": false, "trial": false}' successfully.</msg>
<msg timestamp="20231030 17:30:27.867" level="TRACE">Return: None</msg>
<status status="PASS" starttime="20231030 17:30:27.750" endtime="20231030 17:30:27.867"/>
</kw>
<kw name="Click" library="Browser">
<arg>//p[contains(text(), 'Nordea')]</arg>
<tag>PageContent</tag>
<tag>Setter</tag>
<doc>Simulates mouse click on the element found by ``selector``.</doc>
<msg timestamp="20231030 17:30:27.868" level="TRACE">Arguments: [ "//p[contains(text(), 'Nordea')]" ]</msg>
<msg timestamp="20231030 17:30:27.869" level="DEBUG">Click options are: {"button": "left", "clickCount": 1, "force": false, "noWaitAfter": false, "trial": false}</msg>
<msg timestamp="20231030 17:30:28.117" level="DEBUG">Clicked element: '//p[contains(text(), 'Nordea')]' with options: '{"button": "left", "clickCount": 1, "force": false, "noWaitAfter": false, "trial": false}' successfully.</msg>
<msg timestamp="20231030 17:30:28.117" level="TRACE">Return: None</msg>
<status status="PASS" starttime="20231030 17:30:27.868" endtime="20231030 17:30:28.117"/>
</kw>
<kw name="Click" library="Browser">
<arg>(//div[contains(@view,"payment")]//button[contains(text(), "Pay")])[1]</arg>
<tag>PageContent</tag>
<tag>Setter</tag>
<doc>Simulates mouse click on the element found by ``selector``.</doc>
<msg timestamp="20231030 17:30:28.118" level="TRACE">Arguments: [ '(//div[contains(@view,"payment")]//button[contains(text(), "Pay")])[1]' ]</msg>
<msg timestamp="20231030 17:30:28.118" level="DEBUG">Click options are: {"button": "left", "clickCount": 1, "force": false, "noWaitAfter": false, "trial": false}</msg>
<msg timestamp="20231030 17:30:28.321" level="DEBUG">Clicked element: '(//div[contains(@view,"payment")]//button[contains(text(), "Pay")])[1]' with options: '{"button": "left", "clickCount": 1, "force": false, "noWaitAfter": false, "trial": false}' successfully.</msg>
<msg timestamp="20231030 17:30:28.321" level="TRACE">Return: None</msg>
<status status="PASS" starttime="20231030 17:30:28.117" endtime="20231030 17:30:28.321"/>
</kw>
<msg timestamp="20231030 17:30:28.321" level="TRACE">Return: None</msg>
<status status="PASS" starttime="20231030 17:30:27.749" endtime="20231030 17:30:28.321"/>
</kw>
<kw name="Complete Payment Successfully" library="booking">
<msg timestamp="20231030 17:30:28.322" level="TRACE">Arguments: [  ]</msg>
<kw name="Simulate Success or Failure" library="booking">
<arg>success</arg>
<msg timestamp="20231030 17:30:28.322" level="TRACE">Arguments: [ ${which}='success' ]</msg>
<kw name="Wait For Elements State" library="Browser">
<arg>//a[contains(text(), 'Simulate ${which} to merchant')]</arg>
<arg>visible</arg>
<arg>timeout=${timeout}</arg>
<tag>PageContent</tag>
<tag>Wait</tag>
<doc>Waits for the element found by ``selector`` to satisfy state option.</doc>
<msg timestamp="20231030 17:30:28.323" level="TRACE">Arguments: [ "//a[contains(text(), 'Simulate success to merchant')]" | &lt;ElementState.visible: 4&gt; | timeout=datetime.timedelta(seconds=30) ]</msg>
<msg timestamp="20231030 17:30:36.795" level="INFO">Waited for Element with selector //a[contains(text(), 'Simulate success to merchant')] at state visible</msg>
<msg timestamp="20231030 17:30:36.795" level="TRACE">Return: None</msg>
<status status="PASS" starttime="20231030 17:30:28.322" endtime="20231030 17:30:36.795"/>
</kw>
<kw name="Click" library="Browser">
<arg>//a[contains(text(), 'Simulate ${which} to merchant')]</arg>
<tag>PageContent</tag>
<tag>Setter</tag>
<doc>Simulates mouse click on the element found by ``selector``.</doc>
<msg timestamp="20231030 17:30:36.796" level="TRACE">Arguments: [ "//a[contains(text(), 'Simulate success to merchant')]" ]</msg>
<msg timestamp="20231030 17:30:36.797" level="DEBUG">Click options are: {"button": "left", "clickCount": 1, "force": false, "noWaitAfter": false, "trial": false}</msg>
<msg timestamp="20231030 17:30:38.215" level="DEBUG">Clicked element: '//a[contains(text(), 'Simulate success to merchant')]' with options: '{"button": "left", "clickCount": 1, "force": false, "noWaitAfter": false, "trial": false}' successfully.</msg>
<msg timestamp="20231030 17:30:38.216" level="TRACE">Return: None</msg>
<status status="PASS" starttime="20231030 17:30:36.796" endtime="20231030 17:30:38.216"/>
</kw>
<msg timestamp="20231030 17:30:38.216" level="TRACE">Return: None</msg>
<status status="PASS" starttime="20231030 17:30:28.322" endtime="20231030 17:30:38.216"/>
</kw>
<kw name="Verify Payment was successful" library="booking">
<msg timestamp="20231030 17:30:38.216" level="TRACE">Arguments: [  ]</msg>
<kw name="Wait Until Visible" library="common">
<arg>//p[contains(text(), 'Payment was successful')]</arg>
<doc>An easier keyword for waiting until an element is visible</doc>
<msg timestamp="20231030 17:30:38.217" level="TRACE">Arguments: [ ${element}="//p[contains(text(), 'Payment was successful')]" ]</msg>
<kw name="Wait For Elements State" library="Browser">
<arg>${element}</arg>
<arg>visible</arg>
<arg>timeout=${timeout}</arg>
<tag>PageContent</tag>
<tag>Wait</tag>
<doc>Waits for the element found by ``selector`` to satisfy state option.</doc>
<msg timestamp="20231030 17:30:38.222" level="TRACE">Arguments: [ "//p[contains(text(), 'Payment was successful')]" | &lt;ElementState.visible: 4&gt; | timeout=datetime.timedelta(seconds=30) ]</msg>
<msg timestamp="20231030 17:30:40.256" level="INFO">Waited for Element with selector //p[contains(text(), 'Payment was successful')] at state visible</msg>
<msg timestamp="20231030 17:30:40.256" level="TRACE">Return: None</msg>
<status status="PASS" starttime="20231030 17:30:38.217" endtime="20231030 17:30:40.256"/>
</kw>
<msg timestamp="20231030 17:30:40.256" level="TRACE">Return: None</msg>
<status status="PASS" starttime="20231030 17:30:38.217" endtime="20231030 17:30:40.256"/>
</kw>
<kw name="Close Dialog" library="booking">
<msg timestamp="20231030 17:30:40.257" level="TRACE">Arguments: [  ]</msg>
<kw name="Wait Until Visible" library="common">
<arg>//button[contains(text(), "Ok")]</arg>
<doc>An easier keyword for waiting until an element is visible</doc>
<msg timestamp="20231030 17:30:40.257" level="TRACE">Arguments: [ ${element}='//button[contains(text(), "Ok")]' ]</msg>
<kw name="Wait For Elements State" library="Browser">
<arg>${element}</arg>
<arg>visible</arg>
<arg>timeout=${timeout}</arg>
<tag>PageContent</tag>
<tag>Wait</tag>
<doc>Waits for the element found by ``selector`` to satisfy state option.</doc>
<msg timestamp="20231030 17:30:40.258" level="TRACE">Arguments: [ '//button[contains(text(), "Ok")]' | &lt;ElementState.visible: 4&gt; | timeout=datetime.timedelta(seconds=30) ]</msg>
<msg timestamp="20231030 17:30:40.316" level="INFO">Waited for Element with selector //button[contains(text(), "Ok")] at state visible</msg>
<msg timestamp="20231030 17:30:40.316" level="TRACE">Return: None</msg>
<status status="PASS" starttime="20231030 17:30:40.257" endtime="20231030 17:30:40.316"/>
</kw>
<msg timestamp="20231030 17:30:40.317" level="TRACE">Return: None</msg>
<status status="PASS" starttime="20231030 17:30:40.257" endtime="20231030 17:30:40.317"/>
</kw>
<kw name="Click" library="Browser">
<arg>//button[contains(text(), "Ok")]</arg>
<tag>PageContent</tag>
<tag>Setter</tag>
<doc>Simulates mouse click on the element found by ``selector``.</doc>
<msg timestamp="20231030 17:30:40.317" level="TRACE">Arguments: [ '//button[contains(text(), "Ok")]' ]</msg>
<msg timestamp="20231030 17:30:40.318" level="DEBUG">Click options are: {"button": "left", "clickCount": 1, "force": false, "noWaitAfter": false, "trial": false}</msg>
<msg timestamp="20231030 17:30:40.643" level="DEBUG">Clicked element: '//button[contains(text(), "Ok")]' with options: '{"button": "left", "clickCount": 1, "force": false, "noWaitAfter": false, "trial": false}' successfully.</msg>
<msg timestamp="20231030 17:30:40.643" level="TRACE">Return: None</msg>
<status status="PASS" starttime="20231030 17:30:40.317" endtime="20231030 17:30:40.643"/>
</kw>
<msg timestamp="20231030 17:30:40.643" level="TRACE">Return: None</msg>
<status status="PASS" starttime="20231030 17:30:40.256" endtime="20231030 17:30:40.643"/>
</kw>
<kw name="Save Booking Number 1" library="booking">
<msg timestamp="20231030 17:30:40.644" level="TRACE">Arguments: [  ]</msg>
<kw name="Get Text" library="Browser">
<var>${str}</var>
<arg>//p[contains(text(),'Booking number')]</arg>
<tag>Assertion</tag>
<tag>Getter</tag>
<tag>PageContent</tag>
<doc>Returns text attribute of the element found by ``selector``.</doc>
<msg timestamp="20231030 17:30:40.644" level="TRACE">Arguments: [ "//p[contains(text(),'Booking number')]" ]</msg>
<msg timestamp="20231030 17:30:40.760" level="DEBUG">Text received successfully.</msg>
<msg timestamp="20231030 17:30:40.760" level="INFO">Text: 'Booking number: 151768760'</msg>
<msg timestamp="20231030 17:30:40.760" level="TRACE">Return: 'Booking number: 151768760'</msg>
<msg timestamp="20231030 17:30:40.760" level="INFO">${str} = Booking number: 151768760</msg>
<status status="PASS" starttime="20231030 17:30:40.644" endtime="20231030 17:30:40.760"/>
</kw>
<kw name="Log To Console" library="BuiltIn">
<arg>${bookingNumber}</arg>
<doc>Logs the given message to the console.</doc>
<msg timestamp="20231030 17:30:40.761" level="TRACE">Arguments: [ '' ]</msg>
<msg timestamp="20231030 17:30:40.761" level="TRACE">Return: None</msg>
<status status="PASS" starttime="20231030 17:30:40.760" endtime="20231030 17:30:40.761"/>
</kw>
<kw name="Remove String" library="String">
<var>${str}</var>
<arg>${str}</arg>
<arg>Booking code${SPACE}</arg>
<doc>Removes all ``removables`` from the given ``string``.</doc>
<msg timestamp="20231030 17:30:40.761" level="TRACE">Arguments: [ 'Booking number: 151768760' | 'Booking code ' ]</msg>
<msg timestamp="20231030 17:30:40.761" level="TRACE">Return: 'Booking number: 151768760'</msg>
<msg timestamp="20231030 17:30:40.761" level="INFO">${str} = Booking number: 151768760</msg>
<status status="PASS" starttime="20231030 17:30:40.761" endtime="20231030 17:30:40.761"/>
</kw>
<kw name="Strip String" library="String">
<var>${str}</var>
<arg>${str}</arg>
<doc>Remove leading and/or trailing whitespaces from the given string.</doc>
<msg timestamp="20231030 17:30:40.762" level="TRACE">Arguments: [ 'Booking number: 151768760' ]</msg>
<msg timestamp="20231030 17:30:40.762" level="TRACE">Return: 'Booking number: 151768760'</msg>
<msg timestamp="20231030 17:30:40.762" level="INFO">${str} = Booking number: 151768760</msg>
<status status="PASS" starttime="20231030 17:30:40.761" endtime="20231030 17:30:40.762"/>
</kw>
<msg timestamp="20231030 17:30:40.762" level="TRACE">Return: None</msg>
<status status="PASS" starttime="20231030 17:30:40.643" endtime="20231030 17:30:40.762"/>
</kw>
<msg timestamp="20231030 17:30:40.762" level="TRACE">Return: None</msg>
<status status="PASS" starttime="20231030 17:30:38.216" endtime="20231030 17:30:40.762"/>
</kw>
<msg timestamp="20231030 17:30:40.762" level="TRACE">Return: None</msg>
<status status="PASS" starttime="20231030 17:30:28.322" endtime="20231030 17:30:40.762"/>
</kw>
<tag>smoke, booking, BUI2-556, online-checkin</tag>
<status status="PASS" starttime="20231030 17:30:27.745" endtime="20231030 17:30:40.762"/>
</test>
<test id="s1-t6" name="Check In Online" line="37">
<kw name="Click Check In Button" library="booking">
<msg timestamp="20231030 17:30:40.774" level="TRACE">Arguments: [  ]</msg>
<kw name="Wait Until Visible" library="common">
<arg>(//button[text()="Check in"])[1]</arg>
<doc>An easier keyword for waiting until an element is visible</doc>
<msg timestamp="20231030 17:30:40.775" level="TRACE">Arguments: [ ${element}='(//button[text()="Check in"])[1]' ]</msg>
<kw name="Wait For Elements State" library="Browser">
<arg>${element}</arg>
<arg>visible</arg>
<arg>timeout=${timeout}</arg>
<tag>PageContent</tag>
<tag>Wait</tag>
<doc>Waits for the element found by ``selector`` to satisfy state option.</doc>
<msg timestamp="20231030 17:30:40.776" level="TRACE">Arguments: [ '(//button[text()="Check in"])[1]' | &lt;ElementState.visible: 4&gt; | timeout=datetime.timedelta(seconds=30) ]</msg>
<msg timestamp="20231030 17:30:40.790" level="INFO">Waited for Element with selector (//button[text()="Check in"])[1] at state visible</msg>
<msg timestamp="20231030 17:30:40.790" level="TRACE">Return: None</msg>
<status status="PASS" starttime="20231030 17:30:40.775" endtime="20231030 17:30:40.790"/>
</kw>
<msg timestamp="20231030 17:30:40.790" level="TRACE">Return: None</msg>
<status status="PASS" starttime="20231030 17:30:40.774" endtime="20231030 17:30:40.790"/>
</kw>
<kw name="Click" library="Browser">
<arg>(//button[text()="Check in"])[1]</arg>
<tag>PageContent</tag>
<tag>Setter</tag>
<doc>Simulates mouse click on the element found by ``selector``.</doc>
<msg timestamp="20231030 17:30:40.791" level="TRACE">Arguments: [ '(//button[text()="Check in"])[1]' ]</msg>
<msg timestamp="20231030 17:30:40.791" level="DEBUG">Click options are: {"button": "left", "clickCount": 1, "force": false, "noWaitAfter": false, "trial": false}</msg>
<msg timestamp="20231030 17:30:40.891" level="DEBUG">Clicked element: '(//button[text()="Check in"])[1]' with options: '{"button": "left", "clickCount": 1, "force": false, "noWaitAfter": false, "trial": false}' successfully.</msg>
<msg timestamp="20231030 17:30:40.891" level="TRACE">Return: None</msg>
<status status="PASS" starttime="20231030 17:30:40.791" endtime="20231030 17:30:40.891"/>
</kw>
<msg timestamp="20231030 17:30:40.892" level="TRACE">Return: None</msg>
<status status="PASS" starttime="20231030 17:30:40.774" endtime="20231030 17:30:40.892"/>
</kw>
<kw name="Fill Check in Slide" library="booking">
<msg timestamp="20231030 17:30:40.892" level="TRACE">Arguments: [  ]</msg>
<kw name="Wait Until Visible" library="common">
<arg>(//div[contains(@class, "chakra-offset-slide")])[2]</arg>
<doc>An easier keyword for waiting until an element is visible</doc>
<msg timestamp="20231030 17:30:40.893" level="TRACE">Arguments: [ ${element}='(//div[contains(@class, "chakra-offset-slide")])[2]' ]</msg>
<kw name="Wait For Elements State" library="Browser">
<arg>${element}</arg>
<arg>visible</arg>
<arg>timeout=${timeout}</arg>
<tag>PageContent</tag>
<tag>Wait</tag>
<doc>Waits for the element found by ``selector`` to satisfy state option.</doc>
<msg timestamp="20231030 17:30:40.894" level="TRACE">Arguments: [ '(//div[contains(@class, "chakra-offset-slide")])[2]' | &lt;ElementState.visible: 4&gt; | timeout=datetime.timedelta(seconds=30) ]</msg>
<msg timestamp="20231030 17:30:40.907" level="INFO">Waited for Element with selector (//div[contains(@class, "chakra-offset-slide")])[2] at state visible</msg>
<msg timestamp="20231030 17:30:40.907" level="TRACE">Return: None</msg>
<status status="PASS" starttime="20231030 17:30:40.893" endtime="20231030 17:30:40.907"/>
</kw>
<msg timestamp="20231030 17:30:40.907" level="TRACE">Return: None</msg>
<status status="PASS" starttime="20231030 17:30:40.892" endtime="20231030 17:30:40.907"/>
</kw>
<kw name="Fill Text" library="Browser">
<arg>id=firstName</arg>
<arg>${firstName}</arg>
<tag>PageContent</tag>
<tag>Setter</tag>
<doc>Clears and fills the given ``txt`` into the text field found by ``selector``.</doc>
<msg timestamp="20231030 17:30:40.908" level="TRACE">Arguments: [ 'id=firstName' | 'Mos' ]</msg>
<msg timestamp="20231030 17:30:40.908" level="INFO">Fills the text 'Mos' in the given field.</msg>
<msg timestamp="20231030 17:30:41.905" level="DEBUG">Fill text Mos on id=firstName with force: false</msg>
<msg timestamp="20231030 17:30:41.905" level="TRACE">Return: None</msg>
<status status="PASS" starttime="20231030 17:30:40.907" endtime="20231030 17:30:41.905"/>
</kw>
<kw name="Fill Text" library="Browser">
<arg>id=lastName</arg>
<arg>${lastName}</arg>
<tag>PageContent</tag>
<tag>Setter</tag>
<doc>Clears and fills the given ``txt`` into the text field found by ``selector``.</doc>
<msg timestamp="20231030 17:30:41.906" level="TRACE">Arguments: [ 'id=lastName' | 'Def' ]</msg>
<msg timestamp="20231030 17:30:41.906" level="INFO">Fills the text 'Def' in the given field.</msg>
<msg timestamp="20231030 17:30:42.104" level="DEBUG">Fill text Def on id=lastName with force: false</msg>
<msg timestamp="20231030 17:30:42.105" level="TRACE">Return: None</msg>
<status status="PASS" starttime="20231030 17:30:41.905" endtime="20231030 17:30:42.105"/>
</kw>
<kw name="Fill Text" library="Browser">
<arg>id=ssn</arg>
<arg>${ssn}</arg>
<tag>PageContent</tag>
<tag>Setter</tag>
<doc>Clears and fills the given ``txt`` into the text field found by ``selector``.</doc>
<msg timestamp="20231030 17:30:42.105" level="TRACE">Arguments: [ 'id=ssn' | '170479-371J' ]</msg>
<msg timestamp="20231030 17:30:42.105" level="INFO">Fills the text '170479-371J' in the given field.</msg>
<msg timestamp="20231030 17:30:42.260" level="DEBUG">Fill text 170479-371J on id=ssn with force: false</msg>
<msg timestamp="20231030 17:30:42.261" level="TRACE">Return: None</msg>
<status status="PASS" starttime="20231030 17:30:42.105" endtime="20231030 17:30:42.261"/>
</kw>
<kw name="Fill Text" library="Browser">
<arg>id=address</arg>
<arg>Susitie 5</arg>
<tag>PageContent</tag>
<tag>Setter</tag>
<doc>Clears and fills the given ``txt`` into the text field found by ``selector``.</doc>
<msg timestamp="20231030 17:30:42.261" level="TRACE">Arguments: [ 'id=address' | 'Susitie 5' ]</msg>
<msg timestamp="20231030 17:30:42.261" level="INFO">Fills the text 'Susitie 5' in the given field.</msg>
<msg timestamp="20231030 17:30:42.406" level="DEBUG">Fill text Susitie 5 on id=address with force: false</msg>
<msg timestamp="20231030 17:30:42.406" level="TRACE">Return: None</msg>
<status status="PASS" starttime="20231030 17:30:42.261" endtime="20231030 17:30:42.406"/>
</kw>
<kw name="Fill Text" library="Browser">
<arg>id=city</arg>
<arg>Paimio</arg>
<tag>PageContent</tag>
<tag>Setter</tag>
<doc>Clears and fills the given ``txt`` into the text field found by ``selector``.</doc>
<msg timestamp="20231030 17:30:42.407" level="TRACE">Arguments: [ 'id=city' | 'Paimio' ]</msg>
<msg timestamp="20231030 17:30:42.407" level="INFO">Fills the text 'Paimio' in the given field.</msg>
<msg timestamp="20231030 17:30:42.547" level="DEBUG">Fill text Paimio on id=city with force: false</msg>
<msg timestamp="20231030 17:30:42.548" level="TRACE">Return: None</msg>
<status status="PASS" starttime="20231030 17:30:42.407" endtime="20231030 17:30:42.548"/>
</kw>
<kw name="Fill Text" library="Browser">
<arg>id=postalCode</arg>
<arg>21530</arg>
<tag>PageContent</tag>
<tag>Setter</tag>
<doc>Clears and fills the given ``txt`` into the text field found by ``selector``.</doc>
<msg timestamp="20231030 17:30:42.548" level="TRACE">Arguments: [ 'id=postalCode' | '21530' ]</msg>
<msg timestamp="20231030 17:30:42.548" level="INFO">Fills the text '21530' in the given field.</msg>
<msg timestamp="20231030 17:30:42.675" level="DEBUG">Fill text 21530 on id=postalCode with force: false</msg>
<msg timestamp="20231030 17:30:42.675" level="TRACE">Return: None</msg>
<status status="PASS" starttime="20231030 17:30:42.548" endtime="20231030 17:30:42.675"/>
</kw>
<kw name="Click" library="Browser">
<arg>//span[contains(text(), "Travelling for work")]</arg>
<tag>PageContent</tag>
<tag>Setter</tag>
<doc>Simulates mouse click on the element found by ``selector``.</doc>
<msg timestamp="20231030 17:30:42.675" level="TRACE">Arguments: [ '//span[contains(text(), "Travelling for work")]' ]</msg>
<msg timestamp="20231030 17:30:42.676" level="DEBUG">Click options are: {"button": "left", "clickCount": 1, "force": false, "noWaitAfter": false, "trial": false}</msg>
<msg timestamp="20231030 17:30:42.869" level="DEBUG">Clicked element: '//span[contains(text(), "Travelling for work")]' with options: '{"button": "left", "clickCount": 1, "force": false, "noWaitAfter": false, "trial": false}' successfully.</msg>
<msg timestamp="20231030 17:30:42.869" level="TRACE">Return: None</msg>
[...]
<kw name="Should Be Visible" library="common">
<arg>${elements}[0]</arg>
<msg timestamp="20231030 17:31:35.107" level="TRACE">Arguments: [ ${selector}='text=Departure &gt;&gt; nth=0' ]</msg>
<kw name="Get Element States" library="Browser">
<var>${isVisible}</var>
<arg>${selector}</arg>
<arg>then</arg>
<arg>bool(value &amp; visible)</arg>
<tag>Assertion</tag>
<tag>Getter</tag>
<tag>PageContent</tag>
<doc>Get the active states from the element found by ``selector``.</doc>
<msg timestamp="20231030 17:31:35.108" level="TRACE">Arguments: [ 'text=Departure &gt;&gt; nth=0' | &lt;AssertionOperator.then: 'then'&gt; | 'bool(value &amp; visible)' ]</msg>
<msg timestamp="20231030 17:31:35.220" level="DEBUG">States: 2133</msg>
<msg timestamp="20231030 17:31:35.220" level="DEBUG">Assertion polling statistics:
First element asserted in: 0.11145234107971191 seconds
Total tries: 1
Elapsed time in retries 0.0 seconds</msg>
<msg timestamp="20231030 17:31:35.220" level="TRACE">Return: True</msg>
<msg timestamp="20231030 17:31:35.220" level="INFO">${isVisible} = True</msg>
<status status="PASS" starttime="20231030 17:31:35.108" endtime="20231030 17:31:35.220"/>
</kw>
<msg timestamp="20231030 17:31:35.220" level="TRACE">Return: True</msg>
<status status="PASS" starttime="20231030 17:31:35.107" endtime="20231030 17:31:35.220"/>
</kw>
<msg timestamp="20231030 17:31:35.220" level="TRACE">Return: True</msg>
<msg timestamp="20231030 17:31:35.221" level="INFO">${element_visible} = True</msg>
<status status="PASS" starttime="20231030 17:31:35.107" endtime="20231030 17:31:35.221"/>
</kw>
<kw name="Should Be True" library="BuiltIn">
<arg>${element_visible}</arg>
<arg>The element containing text '${text}' should be visible but it is not.</arg>
<doc>Fails if the given condition is not true.</doc>
<msg timestamp="20231030 17:31:35.221" level="TRACE">Arguments: [ True | "The element containing text 'Departure' should be visible but it is not." ]</msg>
<msg timestamp="20231030 17:31:35.221" level="TRACE">Return: None</msg>
<status status="PASS" starttime="20231030 17:31:35.221" endtime="20231030 17:31:35.221"/>
</kw>
<status status="PASS" starttime="20231030 17:31:35.074" endtime="20231030 17:31:35.221"/>
</iter>
<iter>
<var name="${text}">Checked-in</var>
<kw name="Get Elements" library="Browser">
<var>${elements}</var>
<arg>text=${text}</arg>
<tag>Getter</tag>
<tag>PageContent</tag>
<doc>Returns a reference to Playwright [https://playwright.dev/docs/api/class-locator|Locator]
for all matched elements by ``selector``.</doc>
<msg timestamp="20231030 17:31:35.222" level="TRACE">Arguments: [ 'text=Checked-in' ]</msg>
<msg timestamp="20231030 17:31:35.254" level="INFO">Found locator('text=Checked-in').first() Locators successfully.</msg>
<msg timestamp="20231030 17:31:35.254" level="DEBUG">["text=Checked-in &gt;&gt; nth=0"]</msg>
<msg timestamp="20231030 17:31:35.254" level="TRACE">Return: ['text=Checked-in &gt;&gt; nth=0']</msg>
<msg timestamp="20231030 17:31:35.254" level="INFO">${elements} = ['text=Checked-in &gt;&gt; nth=0']</msg>
<status status="PASS" starttime="20231030 17:31:35.222" endtime="20231030 17:31:35.254"/>
</kw>
<kw name="Run Keyword And Return Status" library="BuiltIn">
<var>${element_visible}</var>
<arg>Should Be Visible</arg>
<arg>${elements}[0]</arg>
<doc>Runs the given keyword with given arguments and returns the status as a Boolean value.</doc>
<msg timestamp="20231030 17:31:35.255" level="TRACE">Arguments: [ 'Should Be Visible' | '${elements}[0]' ]</msg>
<kw name="Should Be Visible" library="common">
<arg>${elements}[0]</arg>
<msg timestamp="20231030 17:31:35.256" level="TRACE">Arguments: [ ${selector}='text=Checked-in &gt;&gt; nth=0' ]</msg>
<kw name="Get Element States" library="Browser">
<var>${isVisible}</var>
<arg>${selector}</arg>
<arg>then</arg>
<arg>bool(value &amp; visible)</arg>
<tag>Assertion</tag>
<tag>Getter</tag>
<tag>PageContent</tag>
<doc>Get the active states from the element found by ``selector``.</doc>
<msg timestamp="20231030 17:31:35.257" level="TRACE">Arguments: [ 'text=Checked-in &gt;&gt; nth=0' | &lt;AssertionOperator.then: 'then'&gt; | 'bool(value &amp; visible)' ]</msg>
<msg timestamp="20231030 17:31:35.359" level="DEBUG">States: 2133</msg>
<msg timestamp="20231030 17:31:35.360" level="DEBUG">Assertion polling statistics:
First element asserted in: 0.10242509841918945 seconds
Total tries: 1
Elapsed time in retries 0.0 seconds</msg>
<msg timestamp="20231030 17:31:35.360" level="TRACE">Return: True</msg>
<msg timestamp="20231030 17:31:35.360" level="INFO">${isVisible} = True</msg>
<status status="PASS" starttime="20231030 17:31:35.256" endtime="20231030 17:31:35.360"/>
</kw>
<msg timestamp="20231030 17:31:35.360" level="TRACE">Return: True</msg>
<status status="PASS" starttime="20231030 17:31:35.255" endtime="20231030 17:31:35.360"/>
</kw>
<msg timestamp="20231030 17:31:35.360" level="TRACE">Return: True</msg>
<msg timestamp="20231030 17:31:35.360" level="INFO">${element_visible} = True</msg>
<status status="PASS" starttime="20231030 17:31:35.255" endtime="20231030 17:31:35.360"/>
</kw>
<kw name="Should Be True" library="BuiltIn">
<arg>${element_visible}</arg>
<arg>The element containing text '${text}' should be visible but it is not.</arg>
<doc>Fails if the given condition is not true.</doc>
<msg timestamp="20231030 17:31:35.361" level="TRACE">Arguments: [ True | "The element containing text 'Checked-in' should be visible but it is not." ]</msg>
<msg timestamp="20231030 17:31:35.361" level="TRACE">Return: None</msg>
<status status="PASS" starttime="20231030 17:31:35.360" endtime="20231030 17:31:35.361"/>
</kw>
<status status="PASS" starttime="20231030 17:31:35.221" endtime="20231030 17:31:35.361"/>
</iter>
<iter>
<var name="${text}">Booked by</var>
<kw name="Get Elements" library="Browser">
<var>${elements}</var>
<arg>text=${text}</arg>
<tag>Getter</tag>
<tag>PageContent</tag>
<doc>Returns a reference to Playwright [https://playwright.dev/docs/api/class-locator|Locator]
for all matched elements by ``selector``.</doc>
<msg timestamp="20231030 17:31:35.362" level="TRACE">Arguments: [ 'text=Booked by' ]</msg>
<msg timestamp="20231030 17:31:35.393" level="INFO">Found locator('text=Booked by').first() Locators successfully.</msg>
<msg timestamp="20231030 17:31:35.393" level="DEBUG">["text=Booked by &gt;&gt; nth=0"]</msg>
<msg timestamp="20231030 17:31:35.393" level="TRACE">Return: ['text=Booked by &gt;&gt; nth=0']</msg>
<msg timestamp="20231030 17:31:35.393" level="INFO">${elements} = ['text=Booked by &gt;&gt; nth=0']</msg>
<status status="PASS" starttime="20231030 17:31:35.361" endtime="20231030 17:31:35.393"/>
</kw>
<kw name="Run Keyword And Return Status" library="BuiltIn">
<var>${element_visible}</var>
<arg>Should Be Visible</arg>
<arg>${elements}[0]</arg>
<doc>Runs the given keyword with given arguments and returns the status as a Boolean value.</doc>
<msg timestamp="20231030 17:31:35.394" level="TRACE">Arguments: [ 'Should Be Visible' | '${elements}[0]' ]</msg>
<kw name="Should Be Visible" library="common">
<arg>${elements}[0]</arg>
<msg timestamp="20231030 17:31:35.394" level="TRACE">Arguments: [ ${selector}='text=Booked by &gt;&gt; nth=0' ]</msg>
<kw name="Get Element States" library="Browser">
<var>${isVisible}</var>
<arg>${selector}</arg>
<arg>then</arg>
<arg>bool(value &amp; visible)</arg>
<tag>Assertion</tag>
<tag>Getter</tag>
<tag>PageContent</tag>
<doc>Get the active states from the element found by ``selector``.</doc>
<msg timestamp="20231030 17:31:35.395" level="TRACE">Arguments: [ 'text=Booked by &gt;&gt; nth=0' | &lt;AssertionOperator.then: 'then'&gt; | 'bool(value &amp; visible)' ]</msg>
<msg timestamp="20231030 17:31:35.496" level="DEBUG">States: 2133</msg>
<msg timestamp="20231030 17:31:35.496" level="DEBUG">Assertion polling statistics:
First element asserted in: 0.10101914405822754 seconds
Total tries: 1
Elapsed time in retries 0.0 seconds</msg>
<msg timestamp="20231030 17:31:35.496" level="TRACE">Return: True</msg>
<msg timestamp="20231030 17:31:35.496" level="INFO">${isVisible} = True</msg>
<status status="PASS" starttime="20231030 17:31:35.394" endtime="20231030 17:31:35.496"/>
</kw>
<msg timestamp="20231030 17:31:35.497" level="TRACE">Return: True</msg>
<status status="PASS" starttime="20231030 17:31:35.394" endtime="20231030 17:31:35.497"/>
</kw>
<msg timestamp="20231030 17:31:35.497" level="TRACE">Return: True</msg>
<msg timestamp="20231030 17:31:35.497" level="INFO">${element_visible} = True</msg>
<status status="PASS" starttime="20231030 17:31:35.394" endtime="20231030 17:31:35.497"/>
</kw>
<kw name="Should Be True" library="BuiltIn">
<arg>${element_visible}</arg>
<arg>The element containing text '${text}' should be visible but it is not.</arg>
<doc>Fails if the given condition is not true.</doc>
<msg timestamp="20231030 17:31:35.497" level="TRACE">Arguments: [ True | "The element containing text 'Booked by' should be visible but it is not." ]</msg>
<msg timestamp="20231030 17:31:35.497" level="TRACE">Return: None</msg>
<status status="PASS" starttime="20231030 17:31:35.497" endtime="20231030 17:31:35.497"/>
</kw>
<status status="PASS" starttime="20231030 17:31:35.361" endtime="20231030 17:31:35.498"/>
</iter>
<iter>
<var name="${text}">My bookings</var>
<kw name="Get Elements" library="Browser">
<var>${elements}</var>
<arg>text=${text}</arg>
<tag>Getter</tag>
<tag>PageContent</tag>
<doc>Returns a reference to Playwright [https://playwright.dev/docs/api/class-locator|Locator]
for all matched elements by ``selector``.</doc>
<msg timestamp="20231030 17:31:35.498" level="TRACE">Arguments: [ 'text=My bookings' ]</msg>
<msg timestamp="20231030 17:31:35.534" level="INFO">Found locator('text=My bookings').first(),locator('text=My bookings').nth(1),locator('text=My bookings').nth(2),locator('text=My bookings').nth(3),locator('text=My bookings').nth(4) Locators successfully.</msg>
<msg timestamp="20231030 17:31:35.534" level="DEBUG">["text=My bookings &gt;&gt; nth=0","text=My bookings &gt;&gt; nth=1","text=My bookings &gt;&gt; nth=2","text=My bookings &gt;&gt; nth=3","text=My bookings &gt;&gt; nth=4"]</msg>
<msg timestamp="20231030 17:31:35.534" level="TRACE">Return: ['text=My bookings &gt;&gt; nth=0',
 'text=My bookings &gt;&gt; nth=1',
 'text=My bookings &gt;&gt; nth=2',
 'text=My bookings &gt;&gt; nth=3',
 'text=My bookings &gt;&gt; nth=4']</msg>
<msg timestamp="20231030 17:31:35.534" level="INFO">${elements} = ['text=My bookings &gt;&gt; nth=0', 'text=My bookings &gt;&gt; nth=1', 'text=My bookings &gt;&gt; nth=2', 'text=My bookings &gt;&gt; nth=3', 'text=My bookings &gt;&gt; nth=4']</msg>
<status status="PASS" starttime="20231030 17:31:35.498" endtime="20231030 17:31:35.534"/>
</kw>
<kw name="Run Keyword And Return Status" library="BuiltIn">
<var>${element_visible}</var>
<arg>Should Be Visible</arg>
<arg>${elements}[0]</arg>
<doc>Runs the given keyword with given arguments and returns the status as a Boolean value.</doc>
<msg timestamp="20231030 17:31:35.535" level="TRACE">Arguments: [ 'Should Be Visible' | '${elements}[0]' ]</msg>
<kw name="Should Be Visible" library="common">
<arg>${elements}[0]</arg>
<msg timestamp="20231030 17:31:35.536" level="TRACE">Arguments: [ ${selector}='text=My bookings &gt;&gt; nth=0' ]</msg>
<kw name="Get Element States" library="Browser">
<var>${isVisible}</var>
<arg>${selector}</arg>
<arg>then</arg>
<arg>bool(value &amp; visible)</arg>
<tag>Assertion</tag>
<tag>Getter</tag>
<tag>PageContent</tag>
<doc>Get the active states from the element found by ``selector``.</doc>
<msg timestamp="20231030 17:31:35.537" level="TRACE">Arguments: [ 'text=My bookings &gt;&gt; nth=0' | &lt;AssertionOperator.then: 'then'&gt; | 'bool(value &amp; visible)' ]</msg>
<msg timestamp="20231030 17:31:35.694" level="DEBUG">States: 2133</msg>
<msg timestamp="20231030 17:31:35.694" level="DEBUG">Assertion polling statistics:
First element asserted in: 0.15682077407836914 seconds
Total tries: 1
Elapsed time in retries 0.0 seconds</msg>
<msg timestamp="20231030 17:31:35.694" level="TRACE">Return: True</msg>
<msg timestamp="20231030 17:31:35.694" level="INFO">${isVisible} = True</msg>
<status status="PASS" starttime="20231030 17:31:35.536" endtime="20231030 17:31:35.694"/>
</kw>
<msg timestamp="20231030 17:31:35.694" level="TRACE">Return: True</msg>
<status status="PASS" starttime="20231030 17:31:35.535" endtime="20231030 17:31:35.694"/>
</kw>
<msg timestamp="20231030 17:31:35.694" level="TRACE">Return: True</msg>
<msg timestamp="20231030 17:31:35.695" level="INFO">${element_visible} = True</msg>
<status status="PASS" starttime="20231030 17:31:35.535" endtime="20231030 17:31:35.695"/>
</kw>
<kw name="Should Be True" library="BuiltIn">
<arg>${element_visible}</arg>
<arg>The element containing text '${text}' should be visible but it is not.</arg>
<doc>Fails if the given condition is not true.</doc>
<msg timestamp="20231030 17:31:35.695" level="TRACE">Arguments: [ True | "The element containing text 'My bookings' should be visible but it is not." ]</msg>
<msg timestamp="20231030 17:31:35.695" level="TRACE">Return: None</msg>
<status status="PASS" starttime="20231030 17:31:35.695" endtime="20231030 17:31:35.695"/>
</kw>
<status status="PASS" starttime="20231030 17:31:35.498" endtime="20231030 17:31:35.695"/>
</iter>
<iter>
<var name="${text}">Booking number</var>
<kw name="Get Elements" library="Browser">
<var>${elements}</var>
<arg>text=${text}</arg>
<tag>Getter</tag>
<tag>PageContent</tag>
<doc>Returns a reference to Playwright [https://playwright.dev/docs/api/class-locator|Locator]
for all matched elements by ``selector``.</doc>
<msg timestamp="20231030 17:31:35.696" level="TRACE">Arguments: [ 'text=Booking number' ]</msg>
<msg timestamp="20231030 17:31:35.737" level="INFO">Found locator('text=Booking number').first() Locators successfully.</msg>
<msg timestamp="20231030 17:31:35.737" level="DEBUG">["text=Booking number &gt;&gt; nth=0"]</msg>
<msg timestamp="20231030 17:31:35.737" level="TRACE">Return: ['text=Booking number &gt;&gt; nth=0']</msg>
<msg timestamp="20231030 17:31:35.737" level="INFO">${elements} = ['text=Booking number &gt;&gt; nth=0']</msg>
<status status="PASS" starttime="20231030 17:31:35.696" endtime="20231030 17:31:35.737"/>
</kw>
<kw name="Run Keyword And Return Status" library="BuiltIn">
<var>${element_visible}</var>
<arg>Should Be Visible</arg>
<arg>${elements}[0]</arg>
<doc>Runs the given keyword with given arguments and returns the status as a Boolean value.</doc>
<msg timestamp="20231030 17:31:35.738" level="TRACE">Arguments: [ 'Should Be Visible' | '${elements}[0]' ]</msg>
<kw name="Should Be Visible" library="common">
<arg>${elements}[0]</arg>
<msg timestamp="20231030 17:31:35.738" level="TRACE">Arguments: [ ${selector}='text=Booking number &gt;&gt; nth=0' ]</msg>
<kw name="Get Element States" library="Browser">
<var>${isVisible}</var>
<arg>${selector}</arg>
<arg>then</arg>
<arg>bool(value &amp; visible)</arg>
<tag>Assertion</tag>
<tag>Getter</tag>
<tag>PageContent</tag>
<doc>Get the active states from the element found by ``selector``.</doc>
<msg timestamp="20231030 17:31:35.739" level="TRACE">Arguments: [ 'text=Booking number &gt;&gt; nth=0' | &lt;AssertionOperator.then: 'then'&gt; | 'bool(value &amp; visible)' ]</msg>
<msg timestamp="20231030 17:31:35.837" level="DEBUG">States: 2133</msg>
<msg timestamp="20231030 17:31:35.837" level="DEBUG">Assertion polling statistics:
First element asserted in: 0.09814143180847168 seconds
Total tries: 1
Elapsed time in retries 0.0 seconds</msg>
<msg timestamp="20231030 17:31:35.837" level="TRACE">Return: True</msg>
<msg timestamp="20231030 17:31:35.837" level="INFO">${isVisible} = True</msg>
<status status="PASS" starttime="20231030 17:31:35.738" endtime="20231030 17:31:35.837"/>
</kw>
<msg timestamp="20231030 17:31:35.838" level="TRACE">Return: True</msg>
<status status="PASS" starttime="20231030 17:31:35.738" endtime="20231030 17:31:35.838"/>
</kw>
<msg timestamp="20231030 17:31:35.838" level="TRACE">Return: True</msg>
<msg timestamp="20231030 17:31:35.838" level="INFO">${element_visible} = True</msg>
<status status="PASS" starttime="20231030 17:31:35.737" endtime="20231030 17:31:35.838"/>
</kw>
<kw name="Should Be True" library="BuiltIn">
<arg>${element_visible}</arg>
<arg>The element containing text '${text}' should be visible but it is not.</arg>
<doc>Fails if the given condition is not true.</doc>
<msg timestamp="20231030 17:31:35.838" level="TRACE">Arguments: [ True | "The element containing text 'Booking number' should be visible but it is not." ]</msg>
<msg timestamp="20231030 17:31:35.838" level="TRACE">Return: None</msg>
<status status="PASS" starttime="20231030 17:31:35.838" endtime="20231030 17:31:35.838"/>
</kw>
<status status="PASS" starttime="20231030 17:31:35.695" endtime="20231030 17:31:35.839"/>
</iter>
<status status="PASS" starttime="20231030 17:31:34.800" endtime="20231030 17:31:35.839"/>
</for>
<kw name="Set Browser Timeout" library="Browser">
<arg>${timeout}</arg>
<tag>Config</tag>
<tag>Setter</tag>
<doc>Sets the timeout used by most input and getter keywords.</doc>
<msg timestamp="20231030 17:31:35.839" level="TRACE">Arguments: [ datetime.timedelta(seconds=30) ]</msg>
<msg timestamp="20231030 17:31:35.841" level="INFO">Set timeout to: 30000</msg>
<msg timestamp="20231030 17:31:35.842" level="TRACE">Return: '8 seconds'</msg>
<status status="PASS" starttime="20231030 17:31:35.839" endtime="20231030 17:31:35.842"/>
</kw>
<msg timestamp="20231030 17:31:35.842" level="TRACE">Return: None</msg>
<status status="PASS" starttime="20231030 17:31:34.795" endtime="20231030 17:31:35.842"/>
</kw>
<msg timestamp="20231030 17:31:35.842" level="TRACE">Return: None</msg>
<status status="PASS" starttime="20231030 17:31:34.795" endtime="20231030 17:31:35.842"/>
</kw>
<msg timestamp="20231030 17:31:35.842" level="TRACE">Return: None</msg>
<status status="PASS" starttime="20231030 17:31:34.794" endtime="20231030 17:31:35.842"/>
</kw>
<tag>smoke, booking, BUI2-556, online-checkin</tag>
<status status="PASS" starttime="20231030 17:30:58.149" endtime="20231030 17:31:35.842"/>
</test>
<kw name="Close Browser" library="Browser" type="TEARDOWN">
<tag>BrowserControl</tag>
<tag>Setter</tag>
<doc>Closes the current browser.</doc>
<msg timestamp="20231030 17:31:35.846" level="TRACE">Arguments: [  ]</msg>
<msg timestamp="20231030 17:31:36.643" level="INFO">Closed browser</msg>
<msg timestamp="20231030 17:31:36.643" level="TRACE">Return: None</msg>
<status status="PASS" starttime="20231030 17:31:35.846" endtime="20231030 17:31:36.643"/>
</kw>
<doc>Argument file for running tests on Omena Staging Environmen (test3)</doc>
<status status="PASS" starttime="20231030 17:30:06.432" endtime="20231030 17:31:36.643"/>
</suite>
<statistics>
<total>
<stat pass="7" fail="0" skip="0">All Tests</stat>
</total>
<tag>
<stat pass="7" fail="0" skip="0">smoke, booking, BUI2-556, online-checkin</stat>
</tag>
<suite>
<stat pass="7" fail="0" skip="0" id="s1" name="Create Booking And Check In">Create Booking And Check In</stat>
</suite>
</statistics>
<errors>
<msg timestamp="20231030 17:30:07.342" level="ERROR">Error in file '/home/runner/work/nelson-test-automation/nelson-test-automation/resources/keywords/booking.resource' on line 64: Creating keyword 'Save and Sign button is visible' failed: User keyword cannot be empty.</msg>
<msg timestamp="20231030 17:30:07.444" level="ERROR">Error in file '/home/runner/work/nelson-test-automation/nelson-test-automation/resources/keywords/mui.reservations.resource' on line 92: Creating keyword 'Select Booking Channel for Search' failed: User keyword cannot be empty.</msg>
<msg timestamp="20231030 17:30:07.448" level="ERROR">Error in file '/home/runner/work/nelson-test-automation/nelson-test-automation/resources/keywords/checkin.resource' on line 48: Creating keyword 'Verify Page Elements before Check-in' failed: User keyword cannot be empty.</msg>
</errors>
</robot>
