<?xml version="1.0" encoding="UTF-8"?>
<robot generator="Robot 5.0.1 (Python 3.11.4 on linux)" generated="20230726 14:01:46.749" rpa="false" schemaversion="3">
<suite id="s1" name="Testsuites" source="/home/runner/work/nelson-test-automation/nelson-test-automation/testsuites">
<suite id="s1-s1" name="BUI" source="/home/runner/work/nelson-test-automation/nelson-test-automation/testsuites/BUI">
<suite id="s1-s1-s1" name="Regression" source="/home/runner/work/nelson-test-automation/nelson-test-automation/testsuites/BUI/regression">
<suite id="s1-s1-s1-s1" name="New Booking" source="/home/runner/work/nelson-test-automation/nelson-test-automation/testsuites/BUI/regression/new_booking.robot">
<kw name="Open Browser to Landing Page" library="common" type="SETUP">
<doc>A general startup keyword for opening a browser to the landing page.</doc>
<kw name="Open New Browser To URL" library="common">
<arg>${url}</arg>
<kw name="New Browser" library="Browser">
<arg>${browser}</arg>
<arg>${headless}</arg>
<arg>timeout=${timeout}</arg>
<tag>BrowserControl</tag>
<tag>Setter</tag>
<doc>Create a new playwright Browser with specified options.</doc>
<msg timestamp="20230726 14:01:47.826" level="INFO">{"browser": "firefox", "headless": true, "devtools": false, "handleSIGHUP": true, "handleSIGINT": true, "handleSIGTERM": true, "slowMo": 0.0, "timeout": 90000.0, "tracesDir": "/home/runner/work/nelson-test-automation/nelson-test-automation/reports/test3/browser/traces/e1ea84b0-9f53-418b-851d-bd8ca490fbb7"}</msg>
<msg timestamp="20230726 14:01:48.486" level="INFO">Successfully created browser with options: {"browser":"firefox","headless":true,"devtools":false,"handleSIGHUP":true,"handleSIGINT":true,"handleSIGTERM":true,"slowMo":0,"timeout":90000,"tracesDir":"/home/runner/work/nelson-test-automation/nelson-test-automation/reports/test3/browser/traces/e1ea84b0-9f53-418b-851d-bd8ca490fbb7"}</msg>
<status status="PASS" starttime="20230726 14:01:47.825" endtime="20230726 14:01:48.486"/>
</kw>
<kw name="Set Browser Timeout" library="Browser">
<arg>${timeout}</arg>
<tag>Config</tag>
<tag>Setter</tag>
<doc>Sets the timeout used by most input and getter keywords.</doc>
<msg timestamp="20230726 14:01:48.490" level="INFO">No context open.</msg>
<status status="PASS" starttime="20230726 14:01:48.487" endtime="20230726 14:01:48.490"/>
</kw>
<kw name="New Context" library="Browser">
<tag>BrowserControl</tag>
<tag>Setter</tag>
<doc>Create a new BrowserContext with specified options.</doc>
<msg timestamp="20230726 14:01:48.491" level="INFO">{
  "acceptDownloads": true,
  "bypassCSP": false,
  "forcedColors": "none",
  "hideRfBrowser": "",
  "ignoreHTTPSErrors": false,
  "javaScriptEnabled": true,
  "offline": false,
  "reducedMotion": "no-preference",
  "viewport": {
    "height": 720,
    "width": 1280
  }
}</msg>
<msg timestamp="20230726 14:01:48.557" level="INFO">Successfully created context. </msg>
<msg timestamp="20230726 14:01:48.557" level="INFO">{'acceptDownloads': True, 'bypassCSP': False, 'forcedColors': 'none', 'hideRfBrowser': '', 'ignoreHTTPSErrors': False, 'javaScriptEnabled': True, 'offline': False, 'reducedMotion': 'no-preference', 'viewport': {'height': 720, 'width': 1280}}</msg>
<status status="PASS" starttime="20230726 14:01:48.491" endtime="20230726 14:01:48.557"/>
</kw>
<kw name="New Page" library="Browser">
<arg>${url}</arg>
<tag>BrowserControl</tag>
<tag>Setter</tag>
<doc>Open a new Page.</doc>
<msg timestamp="20230726 14:01:51.801" level="INFO">Successfully initialized new page object and opened url: https://test3.omenahotels.com/en</msg>
<status status="PASS" starttime="20230726 14:01:48.558" endtime="20230726 14:01:51.802"/>
</kw>
<status status="PASS" starttime="20230726 14:01:47.824" endtime="20230726 14:01:51.802"/>
</kw>
<kw name="Wait Until Network Is Idle" library="Browser">
<tag>HTTP</tag>
<tag>Wait</tag>
<doc>Waits until there has been at least one instance of 500 ms of no network traffic on the page after loading.</doc>
<status status="PASS" starttime="20230726 14:01:51.802" endtime="20230726 14:01:52.783"/>
</kw>
<kw name="Allow Cookies" library="common">
<doc>Allow Cookies/Toggle Cookie allowance</doc>
<kw name="Is Element Found" library="common">
<var>${cookieModalVisible}</var>
<arg>id=CybotCookiebotDialogBodyLevelButtonLevelOptinAllowAll</arg>
<doc>A keyword that has a very complex way of figuring out whether an
element is found or not because I had trouble with the built-in keywords
Can be solved differently if you have a better idea</doc>
<kw name="Set Browser Timeout" library="Browser">
<arg>10s</arg>
<tag>Config</tag>
<tag>Setter</tag>
<doc>Sets the timeout used by most input and getter keywords.</doc>
<msg timestamp="20230726 14:01:52.787" level="INFO">Set timeout to: 10000</msg>
<status status="PASS" starttime="20230726 14:01:52.784" endtime="20230726 14:01:52.787"/>
</kw>
<try>
<branch type="TRY">
<kw name="Get Elements" library="Browser">
<var>${els}</var>
<arg>${selector}</arg>
<tag>Getter</tag>
<tag>PageContent</tag>
<doc>Returns a reference to Playwright [https://playwright.dev/docs/api/class-locator|Locator]
for all matched elements by ``selector``.</doc>
<msg timestamp="20230726 14:01:52.843" level="INFO">Found Locator@id=CybotCookiebotDialogBodyLevelButtonLevelOptinAllowAll &gt;&gt; nth=0 Locators successfully.</msg>
<msg timestamp="20230726 14:01:52.844" level="INFO">${els} = ['id=CybotCookiebotDialogBodyLevelButtonLevelOptinAllowAll &gt;&gt; nth=0']</msg>
<status status="PASS" starttime="20230726 14:01:52.788" endtime="20230726 14:01:52.844"/>
</kw>
<kw name="Get Length" library="BuiltIn">
<var>${count}</var>
<arg>${els}</arg>
<doc>Returns and logs the length of the given item as an integer.</doc>
<msg timestamp="20230726 14:01:52.844" level="INFO">Length is 1</msg>
<msg timestamp="20230726 14:01:52.845" level="INFO">${count} = 1</msg>
<status status="PASS" starttime="20230726 14:01:52.844" endtime="20230726 14:01:52.845"/>
</kw>
<if>
<branch type="IF" condition="${count} &gt; 0">
<kw name="Set Variable" library="BuiltIn">
<var>${visible}</var>
<arg>True</arg>
<doc>Returns the given values which can then be assigned to a variables.</doc>
<msg timestamp="20230726 14:01:52.845" level="INFO">${visible} = True</msg>
<status status="PASS" starttime="20230726 14:01:52.845" endtime="20230726 14:01:52.845"/>
</kw>
<status status="PASS" starttime="20230726 14:01:52.845" endtime="20230726 14:01:52.845"/>
</branch>
<branch type="ELSE">
<kw name="Set Variable" library="BuiltIn">
<var>${visible}</var>
<arg>False</arg>
<doc>Returns the given values which can then be assigned to a variables.</doc>
<status status="NOT RUN" starttime="20230726 14:01:52.846" endtime="20230726 14:01:52.846"/>
</kw>
<status status="NOT RUN" starttime="20230726 14:01:52.845" endtime="20230726 14:01:52.846"/>
</branch>
<status status="PASS" starttime="20230726 14:01:52.845" endtime="20230726 14:01:52.846"/>
</if>
<status status="PASS" starttime="20230726 14:01:52.787" endtime="20230726 14:01:52.846"/>
</branch>
<branch type="EXCEPT">
<kw name="Set Variable" library="BuiltIn">
<var>${visible}</var>
<arg>False</arg>
<doc>Returns the given values which can then be assigned to a variables.</doc>
<status status="NOT RUN" starttime="20230726 14:01:52.846" endtime="20230726 14:01:52.846"/>
</kw>
<status status="NOT RUN" starttime="20230726 14:01:52.846" endtime="20230726 14:01:52.846"/>
</branch>
<status status="PASS" starttime="20230726 14:01:52.787" endtime="20230726 14:01:52.846"/>
</try>
<kw name="Set Browser Timeout" library="Browser">
<arg>${timeout}</arg>
<tag>Config</tag>
<tag>Setter</tag>
<doc>Sets the timeout used by most input and getter keywords.</doc>
<msg timestamp="20230726 14:01:52.850" level="INFO">Set timeout to: 90000</msg>
<status status="PASS" starttime="20230726 14:01:52.846" endtime="20230726 14:01:52.850"/>
</kw>
<msg timestamp="20230726 14:01:52.850" level="INFO">${cookieModalVisible} = True</msg>
<status status="PASS" starttime="20230726 14:01:52.784" endtime="20230726 14:01:52.850"/>
</kw>
<if>
<branch type="IF" condition="${cookieModalVisible}">
<kw name="Click" library="Browser">
<arg>id=CybotCookiebotDialogBodyLevelButtonLevelOptinAllowAll</arg>
<tag>PageContent</tag>
<tag>Setter</tag>
<doc>Simulates mouse click on the element found by ``selector``.</doc>
<status status="PASS" starttime="20230726 14:01:52.851" endtime="20230726 14:01:52.931"/>
</kw>
<status status="PASS" starttime="20230726 14:01:52.850" endtime="20230726 14:01:52.932"/>
</branch>
<branch type="ELSE">
<kw name="Log" library="BuiltIn">
<arg>No Cookie Modal Visible</arg>
<doc>Logs the given message with the given level.</doc>
<status status="NOT RUN" starttime="20230726 14:01:52.932" endtime="20230726 14:01:52.932"/>
</kw>
<status status="NOT RUN" starttime="20230726 14:01:52.932" endtime="20230726 14:01:52.932"/>
</branch>
<status status="PASS" starttime="20230726 14:01:52.850" endtime="20230726 14:01:52.932"/>
</if>
<status status="PASS" starttime="20230726 14:01:52.783" endtime="20230726 14:01:52.932"/>
</kw>
<kw name="Set Environment" library="common">
<kw name="Get Url" library="Browser">
<var>${currentUrl}</var>
<tag>Assertion</tag>
<tag>Getter</tag>
<tag>PageContent</tag>
<doc>Returns the current URL.</doc>
<msg timestamp="20230726 14:01:52.935" level="INFO">${currentUrl} = https://test3.omenahotels.com/en/</msg>
<status status="PASS" starttime="20230726 14:01:52.933" endtime="20230726 14:01:52.936"/>
</kw>
<kw name="Get Environment From Url" library="Helpers">
<var>${env}</var>
<arg>${currentUrl}</arg>
<msg timestamp="20230726 14:01:52.936" level="INFO">${env} = test-omena</msg>
<status status="PASS" starttime="20230726 14:01:52.936" endtime="20230726 14:01:52.936"/>
</kw>
<kw name="Set Variable" library="BuiltIn">
<arg>${environment}</arg>
<arg>${env}</arg>
<doc>Returns the given values which can then be assigned to a variables.</doc>
<status status="PASS" starttime="20230726 14:01:52.936" endtime="20230726 14:01:52.936"/>
</kw>
<status status="PASS" starttime="20230726 14:01:52.932" endtime="20230726 14:01:52.937"/>
</kw>
<status status="PASS" starttime="20230726 14:01:47.824" endtime="20230726 14:01:52.937"/>
</kw>
<test id="s1-s1-s1-s1-t1" name="Create A New Booking as" line="12">
<kw name="Select Hotel" library="booking">
<doc>Select Hotel by using a number as an argument, default Lönnrotinkatu</doc>
<if>
<branch type="IF" condition="&quot;${environment}&quot; == &quot;test-exhibition&quot;">
<kw name="Log" library="BuiltIn">
<arg>No hotel to be selected</arg>
<doc>Logs the given message with the given level.</doc>
<status status="NOT RUN" starttime="20230726 14:01:52.945" endtime="20230726 14:01:52.945"/>
</kw>
<status status="NOT RUN" starttime="20230726 14:01:52.945" endtime="20230726 14:01:52.946"/>
</branch>
<branch type="ELSE">
<kw name="Log" library="BuiltIn">
<arg>Selecting Hotel: ${hotel}</arg>
<doc>Logs the given message with the given level.</doc>
<msg timestamp="20230726 14:01:52.946" level="INFO">Selecting Hotel: Lönnrotin</msg>
<status status="PASS" starttime="20230726 14:01:52.946" endtime="20230726 14:01:52.946"/>
</kw>
<kw name="Click" library="Browser">
<arg>//div[contains(@data-nelson-btn, "hotels")]</arg>
<tag>PageContent</tag>
<tag>Setter</tag>
<doc>Simulates mouse click on the element found by ``selector``.</doc>
<status status="PASS" starttime="20230726 14:01:52.947" endtime="20230726 14:01:53.058"/>
</kw>
<kw name="Wait Until Visible" library="common">
<arg>//a[contains(@class, 'dropdown-item') and contains(text(), '${hotel}')]</arg>
<doc>An easier keyword for waiting until an element is visible</doc>
<kw name="Wait For Elements State" library="Browser">
<arg>${element}</arg>
<arg>visible</arg>
<arg>timeout=${timeout}</arg>
<tag>PageContent</tag>
<tag>Wait</tag>
<doc>Waits for the element found by ``selector`` to satisfy state option.</doc>
<msg timestamp="20230726 14:01:53.070" level="INFO">Waited for Element with selector //a[contains(@class, 'dropdown-item') and contains(text(), 'Lönnrotin')] at state visible</msg>
<status status="PASS" starttime="20230726 14:01:53.059" endtime="20230726 14:01:53.070"/>
</kw>
<status status="PASS" starttime="20230726 14:01:53.059" endtime="20230726 14:01:53.070"/>
</kw>
<kw name="Click" library="Browser">
<arg>//a[contains(@class, 'dropdown-item') and contains(text(), '${hotel}')]</arg>
<tag>PageContent</tag>
<tag>Setter</tag>
<doc>Simulates mouse click on the element found by ``selector``.</doc>
<status status="PASS" starttime="20230726 14:01:53.070" endtime="20230726 14:01:53.266"/>
</kw>
<kw name="Wait For Elements State" library="Browser">
<arg>//a[contains(@class, 'dropdown-item') and contains(text(), '${hotel}')]</arg>
<arg>hidden</arg>
<arg>timeout=3s</arg>
<tag>PageContent</tag>
<tag>Wait</tag>
<doc>Waits for the element found by ``selector`` to satisfy state option.</doc>
<msg timestamp="20230726 14:01:53.305" level="INFO">Waited for Element with selector //a[contains(@class, 'dropdown-item') and contains(text(), 'Lönnrotin')] at state hidden</msg>
<status status="PASS" starttime="20230726 14:01:53.266" endtime="20230726 14:01:53.305"/>
</kw>
<status status="PASS" starttime="20230726 14:01:52.946" endtime="20230726 14:01:53.306"/>
</branch>
<status status="PASS" starttime="20230726 14:01:52.945" endtime="20230726 14:01:53.306"/>
</if>
<status status="PASS" starttime="20230726 14:01:52.945" endtime="20230726 14:01:53.306"/>
</kw>
<kw name="Select Dates" library="booking">
<kw name="Log" library="BuiltIn">
<arg>${EMPTY}</arg>
<doc>Logs the given message with the given level.</doc>
<msg timestamp="20230726 14:01:53.308" level="INFO"/>
<status status="PASS" starttime="20230726 14:01:53.307" endtime="20230726 14:01:53.308"/>
</kw>
<status status="PASS" starttime="20230726 14:01:53.306" endtime="20230726 14:01:53.308"/>
</kw>
<kw name="Select Guests" library="booking">
<doc>Selects the number of guests for the booking, current implementation will only check the dropdown</doc>
<kw name="Log To Console" library="BuiltIn">
<arg>${EMPTY}</arg>
<doc>Logs the given message to the console.</doc>
<status status="PASS" starttime="20230726 14:01:53.308" endtime="20230726 14:01:53.315"/>
</kw>
<status status="PASS" starttime="20230726 14:01:53.308" endtime="20230726 14:01:53.316"/>
</kw>
<kw name="Click Book or Find Rooms Button" library="booking">
<kw name="Get Url" library="Browser">
<var>${url}</var>
<tag>Assertion</tag>
<tag>Getter</tag>
<tag>PageContent</tag>
<doc>Returns the current URL.</doc>
<msg timestamp="20230726 14:01:53.321" level="INFO">${url} = https://test3.omenahotels.com/en/#</msg>
<status status="PASS" starttime="20230726 14:01:53.316" endtime="20230726 14:01:53.321"/>
</kw>
<kw name="Check If String Contains" library="common">
<var>${booking}</var>
<arg>${url}</arg>
<arg>/booking/</arg>
<kw name="Check If String Contains Substring" library="Helpers">
<var>${contains}</var>
<arg>${string}</arg>
<arg>${substring}</arg>
<msg timestamp="20230726 14:01:53.322" level="INFO">${contains} = False</msg>
<status status="PASS" starttime="20230726 14:01:53.322" endtime="20230726 14:01:53.322"/>
</kw>
<msg timestamp="20230726 14:01:53.322" level="INFO">${booking} = False</msg>
<status status="PASS" starttime="20230726 14:01:53.321" endtime="20230726 14:01:53.323"/>
</kw>
<if>
<branch type="IF" condition="${booking} == True">
<kw name="Click" library="Browser">
<arg>//button[contains(@class, 'booking-form-button') and contains(text(), 'Find rooms')]</arg>
<tag>PageContent</tag>
<tag>Setter</tag>
<doc>Simulates mouse click on the element found by ``selector``.</doc>
<status status="NOT RUN" starttime="20230726 14:01:53.324" endtime="20230726 14:01:53.324"/>
</kw>
<status status="NOT RUN" starttime="20230726 14:01:53.324" endtime="20230726 14:01:53.324"/>
</branch>
<branch type="ELSE">
<kw name="Click" library="Browser">
<arg>//button[contains(@class, 'booking-form-button') and contains(text(), 'Book')]</arg>
<tag>PageContent</tag>
<tag>Setter</tag>
<doc>Simulates mouse click on the element found by ``selector``.</doc>
<status status="PASS" starttime="20230726 14:01:53.324" endtime="20230726 14:01:53.859"/>
</kw>
<status status="PASS" starttime="20230726 14:01:53.324" endtime="20230726 14:01:53.860"/>
</branch>
<status status="PASS" starttime="20230726 14:01:53.323" endtime="20230726 14:01:53.860"/>
</if>
<status status="PASS" starttime="20230726 14:01:53.316" endtime="20230726 14:01:53.860"/>
</kw>
<kw name="Select a Standard Room" library="booking">
<kw name="Wait Until Visible" library="common">
<arg>${btnExtras}</arg>
<doc>An easier keyword for waiting until an element is visible</doc>
<kw name="Wait For Elements State" library="Browser">
<arg>${element}</arg>
<arg>visible</arg>
<arg>timeout=${timeout}</arg>
<tag>PageContent</tag>
<tag>Wait</tag>
<doc>Waits for the element found by ``selector`` to satisfy state option.</doc>
<msg timestamp="20230726 14:01:57.534" level="INFO">Waited for Element with selector (//div[contains(@view,"booking")]//button[contains(text(), "Continue to extras")])[1] at state visible</msg>
<status status="PASS" starttime="20230726 14:01:53.861" endtime="20230726 14:01:57.535"/>
</kw>
<status status="PASS" starttime="20230726 14:01:53.861" endtime="20230726 14:01:57.535"/>
</kw>
<kw name="Get Element States" library="Browser">
<var>${visible}</var>
<arg>//div[contains(text(), 'Select room')]</arg>
<arg>then</arg>
<arg>bool(value &amp; visible)</arg>
<tag>Assertion</tag>
<tag>Getter</tag>
<tag>PageContent</tag>
<doc>Get the active states from the element found by ``selector``.</doc>
<msg timestamp="20230726 14:01:57.791" level="INFO">${visible} = False</msg>
<status status="PASS" starttime="20230726 14:01:57.535" endtime="20230726 14:01:57.791"/>
</kw>
<kw name="Run Keyword If" library="BuiltIn">
<arg>${visible}</arg>
<arg>Select Standard and Remove Other Room Selection</arg>
<doc>Runs the given keyword with the given arguments, if ``condition`` is true.</doc>
<status status="PASS" starttime="20230726 14:01:57.791" endtime="20230726 14:01:57.792"/>
</kw>
<status status="PASS" starttime="20230726 14:01:53.860" endtime="20230726 14:01:57.792"/>
</kw>
<kw name="Click Continue to Extras Button" library="booking">
<doc>Clicks the continue to extras button</doc>
<kw name="Click" library="Browser">
<arg>${btnExtras}</arg>
<tag>PageContent</tag>
<tag>Setter</tag>
<doc>Simulates mouse click on the element found by ``selector``.</doc>
<status status="PASS" starttime="20230726 14:01:57.792" endtime="20230726 14:02:00.344"/>
</kw>
<kw name="Wait Until Visible" library="common">
<arg>${btnPayment}</arg>
<doc>An easier keyword for waiting until an element is visible</doc>
<kw name="Wait For Elements State" library="Browser">
<arg>${element}</arg>
<arg>visible</arg>
<arg>timeout=${timeout}</arg>
<tag>PageContent</tag>
<tag>Wait</tag>
<doc>Waits for the element found by ``selector`` to satisfy state option.</doc>
<msg timestamp="20230726 14:02:01.294" level="INFO">Waited for Element with selector (//div[contains(@view,"extras")]//button[contains(text(), "Continue to payment")])[1] at state visible</msg>
<status status="PASS" starttime="20230726 14:02:00.345" endtime="20230726 14:02:01.294"/>
</kw>
<status status="PASS" starttime="20230726 14:02:00.344" endtime="20230726 14:02:01.294"/>
</kw>
<status status="PASS" starttime="20230726 14:01:57.792" endtime="20230726 14:02:01.295"/>
</kw>
<kw name="Continue to Payment" library="booking">
<kw name="Click" library="Browser">
<arg>(//button[normalize-space()='Continue to payment'])[1]</arg>
<tag>PageContent</tag>
<tag>Setter</tag>
<doc>Simulates mouse click on the element found by ``selector``.</doc>
<status status="PASS" starttime="20230726 14:02:01.295" endtime="20230726 14:02:01.450"/>
</kw>
<status status="PASS" starttime="20230726 14:02:01.295" endtime="20230726 14:02:01.451"/>
</kw>
<kw name="Fill in Contact Information" library="booking">
<doc>Fills in Contact information that can be given as arguments or use default values
Uses a password if the environment is bui and</doc>
<kw name="Create Email and Return Inbox" library="common">
<var>${inbox}</var>
<doc>Creates a new email address and returns the inbox object</doc>
<kw name="Create new Inbox" library="MailSlurp">
<var>${inbox}</var>
<msg timestamp="20230726 14:02:02.008" level="INFO">Debug Config
&lt;mailslurp_client.configuration.Configuration object at 0x7f1221e78a10&gt;
{'created_at': datetime.datetime(2023, 7, 26, 14, 2, 1, 962000, tzinfo=tzlocal()),
 'description': None,
 'domain_id': None,
 'email_address': '1ea74f84-92a4-44a6-b749-f473d068f3ca@mailslurp.com',
 'expires_at': None,
 'favourite': False,
 'id': '1ea74f84-92a4-44a6-b749-f473d068f3ca',
 'inbox_type': 'HTTP_INBOX',
 'name': None,
 'read_only': False,
 'tags': None,
 'user_id': 'a2f48756-8279-471d-bb55-980a32334d37',
 'virtual_inbox': False}
&lt;MailSlurp.MailSlurp object at 0x7f1221e7ee50&gt;</msg>
<msg timestamp="20230726 14:02:02.009" level="INFO">${inbox} = {'created_at': datetime.datetime(2023, 7, 26, 14, 2, 1, 962000, tzinfo=tzlocal()),
 'description': None,
 'domain_id': None,
 'email_address': '1ea74f84-92a4-44a6-b749-f473d068f3ca@mailslurp.com',
 'e...</msg>
<status status="PASS" starttime="20230726 14:02:01.452" endtime="20230726 14:02:02.009"/>
</kw>
<kw name="Log To Console" library="BuiltIn">
<arg>${inbox.id}</arg>
<doc>Logs the given message to the console.</doc>
<status status="PASS" starttime="20230726 14:02:02.009" endtime="20230726 14:02:02.011"/>
</kw>
<msg timestamp="20230726 14:02:02.011" level="INFO">${inbox} = {'created_at': datetime.datetime(2023, 7, 26, 14, 2, 1, 962000, tzinfo=tzlocal()),
 'description': None,
 'domain_id': None,
 'email_address': '1ea74f84-92a4-44a6-b749-f473d068f3ca@mailslurp.com',
 'e...</msg>
<status status="PASS" starttime="20230726 14:02:01.451" endtime="20230726 14:02:02.011"/>
</kw>
<kw name="Click and Fill" library="common">
<arg>id=firstName</arg>
<arg>${firstName}</arg>
<doc>A keyword combination of Click and Fill Text since most of the form fields need a click</doc>
<kw name="Click" library="Browser">
<arg>${selector}</arg>
<tag>PageContent</tag>
<tag>Setter</tag>
<doc>Simulates mouse click on the element found by ``selector``.</doc>
<status status="PASS" starttime="20230726 14:02:02.012" endtime="20230726 14:02:03.202"/>
</kw>
<kw name="Fill Text" library="Browser">
<arg>${selector}</arg>
<arg>${text}</arg>
<tag>PageContent</tag>
<tag>Setter</tag>
<doc>Clears and fills the given ``txt`` into the text field found by ``selector``.</doc>
<msg timestamp="20230726 14:02:03.202" level="INFO">Fills the text 'Mos' in the given field.</msg>
<status status="PASS" starttime="20230726 14:02:03.202" endtime="20230726 14:02:03.468"/>
</kw>
<status status="PASS" starttime="20230726 14:02:02.012" endtime="20230726 14:02:03.469"/>
</kw>
<kw name="Click and Fill" library="common">
<arg>id=lastName</arg>
<arg>${lastName}</arg>
<doc>A keyword combination of Click and Fill Text since most of the form fields need a click</doc>
<kw name="Click" library="Browser">
<arg>${selector}</arg>
<tag>PageContent</tag>
<tag>Setter</tag>
<doc>Simulates mouse click on the element found by ``selector``.</doc>
<status status="PASS" starttime="20230726 14:02:03.469" endtime="20230726 14:02:03.684"/>
</kw>
<kw name="Fill Text" library="Browser">
<arg>${selector}</arg>
<arg>${text}</arg>
<tag>PageContent</tag>
<tag>Setter</tag>
<doc>Clears and fills the given ``txt`` into the text field found by ``selector``.</doc>
<msg timestamp="20230726 14:02:03.685" level="INFO">Fills the text 'Def' in the given field.</msg>
<status status="PASS" starttime="20230726 14:02:03.685" endtime="20230726 14:02:03.786"/>
</kw>
<status status="PASS" starttime="20230726 14:02:03.469" endtime="20230726 14:02:03.786"/>
</kw>
<kw name="Click and Fill" library="common">
<arg>id=email</arg>
<arg>${inbox.email_address}</arg>
<doc>A keyword combination of Click and Fill Text since most of the form fields need a click</doc>
<kw name="Click" library="Browser">
<arg>${selector}</arg>
<tag>PageContent</tag>
<tag>Setter</tag>
<doc>Simulates mouse click on the element found by ``selector``.</doc>
<status status="PASS" starttime="20230726 14:02:03.787" endtime="20230726 14:02:04.021"/>
</kw>
<kw name="Fill Text" library="Browser">
<arg>${selector}</arg>
<arg>${text}</arg>
<tag>PageContent</tag>
<tag>Setter</tag>
<doc>Clears and fills the given ``txt`` into the text field found by ``selector``.</doc>
<msg timestamp="20230726 14:02:04.022" level="INFO">Fills the text '1ea74f84-92a4-44a6-b749-f473d068f3ca@mailslurp.com' in the given field.</msg>
<status status="PASS" starttime="20230726 14:02:04.021" endtime="20230726 14:02:04.122"/>
</kw>
<status status="PASS" starttime="20230726 14:02:03.786" endtime="20230726 14:02:04.122"/>
</kw>
<kw name="Click and Fill" library="common">
<arg>id=phoneNumber</arg>
<arg>${phone}</arg>
<doc>A keyword combination of Click and Fill Text since most of the form fields need a click</doc>
<kw name="Click" library="Browser">
<arg>${selector}</arg>
<tag>PageContent</tag>
<tag>Setter</tag>
<doc>Simulates mouse click on the element found by ``selector``.</doc>
<status status="PASS" starttime="20230726 14:02:04.123" endtime="20230726 14:02:04.433"/>
</kw>
<kw name="Fill Text" library="Browser">
<arg>${selector}</arg>
<arg>${text}</arg>
<tag>PageContent</tag>
<tag>Setter</tag>
<doc>Clears and fills the given ``txt`` into the text field found by ``selector``.</doc>
<msg timestamp="20230726 14:02:04.434" level="INFO">Fills the text '040123942' in the given field.</msg>
<status status="PASS" starttime="20230726 14:02:04.434" endtime="20230726 14:02:04.564"/>
</kw>
<status status="PASS" starttime="20230726 14:02:04.122" endtime="20230726 14:02:04.565"/>
</kw>
<kw name="Log To Console" library="BuiltIn">
<arg>${inbox.id}</arg>
<doc>Logs the given message to the console.</doc>
<status status="PASS" starttime="20230726 14:02:04.565" endtime="20230726 14:02:04.566"/>
</kw>
<kw name="Set Suite Variable" library="BuiltIn">
<arg>$ID</arg>
<arg>${inbox.id}</arg>
<doc>Makes a variable available everywhere within the scope of the current suite.</doc>
<msg timestamp="20230726 14:02:04.568" level="INFO">${ID} = 1ea74f84-92a4-44a6-b749-f473d068f3ca</msg>
<status status="PASS" starttime="20230726 14:02:04.567" endtime="20230726 14:02:04.568"/>
</kw>
<kw name="Get Element Count" library="Browser">
<var>${passwordVisible}</var>
<arg>id=password</arg>
<tag>Assertion</tag>
<tag>Getter</tag>
<tag>PageContent</tag>
<doc>Returns the count of elements found with ``selector``.</doc>
<msg timestamp="20230726 14:02:04.598" level="INFO">${passwordVisible} = 1</msg>
<status status="PASS" starttime="20230726 14:02:04.568" endtime="20230726 14:02:04.598"/>
</kw>
<if>
<branch type="IF" condition="'${env}'=='bui' and '${passwordVisible}'&gt;'0'">
<kw name="Click and Fill" library="common">
<arg>id=password</arg>
<arg>${password}</arg>
<doc>A keyword combination of Click and Fill Text since most of the form fields need a click</doc>
<kw name="Click" library="Browser">
<arg>${selector}</arg>
<tag>PageContent</tag>
<tag>Setter</tag>
<doc>Simulates mouse click on the element found by ``selector``.</doc>
<status status="PASS" starttime="20230726 14:02:04.599" endtime="20230726 14:02:04.788"/>
</kw>
<kw name="Fill Text" library="Browser">
<arg>${selector}</arg>
<arg>${text}</arg>
<tag>PageContent</tag>
<tag>Setter</tag>
<doc>Clears and fills the given ``txt`` into the text field found by ``selector``.</doc>
<msg timestamp="20230726 14:02:04.789" level="INFO">Fills the text 'NotARealPass123!' in the given field.</msg>
<status status="PASS" starttime="20230726 14:02:04.788" endtime="20230726 14:02:04.935"/>
</kw>
<status status="PASS" starttime="20230726 14:02:04.599" endtime="20230726 14:02:04.936"/>
</kw>
<status status="PASS" starttime="20230726 14:02:04.599" endtime="20230726 14:02:04.936"/>
</branch>
<branch type="ELSE">
<kw name="Log To Console" library="BuiltIn">
<arg>No password filled</arg>
<doc>Logs the given message to the console.</doc>
<status status="NOT RUN" starttime="20230726 14:02:04.936" endtime="20230726 14:02:04.936"/>
</kw>
<status status="NOT RUN" starttime="20230726 14:02:04.936" endtime="20230726 14:02:04.936"/>
</branch>
<status status="PASS" starttime="20230726 14:02:04.598" endtime="20230726 14:02:04.936"/>
</if>
<status status="PASS" starttime="20230726 14:02:01.451" endtime="20230726 14:02:04.937"/>
</kw>
<kw name="Accept offers and Terms" library="booking">
<kw name="Click" library="Browser">
<arg>(//div[contains(text(), 'like to receive')])[1]</arg>
<tag>PageContent</tag>
<tag>Setter</tag>
<doc>Simulates mouse click on the element found by ``selector``.</doc>
<status status="PASS" starttime="20230726 14:02:04.937" endtime="20230726 14:02:05.150"/>
</kw>
<kw name="Click" library="Browser">
<arg>(//*[contains(text(),'Accept')]/ancestor::label//span[contains(@class,'chakra-checkbox__control')])[1]</arg>
<tag>PageContent</tag>
<tag>Setter</tag>
<doc>Simulates mouse click on the element found by ``selector``.</doc>
<status status="PASS" starttime="20230726 14:02:05.150" endtime="20230726 14:02:05.301"/>
</kw>
<status status="PASS" starttime="20230726 14:02:04.937" endtime="20230726 14:02:05.301"/>
</kw>
<kw name="Select Web Bank and Nordea as Payment Method" library="booking">
<kw name="Click" library="Browser">
<arg>//div[contains(text(), "Web bank payment")]</arg>
<tag>PageContent</tag>
<tag>Setter</tag>
<doc>Simulates mouse click on the element found by ``selector``.</doc>
<status status="PASS" starttime="20230726 14:02:05.302" endtime="20230726 14:02:05.419"/>
</kw>
<kw name="Click" library="Browser">
<arg>//p[contains(text(), 'Nordea')]</arg>
<tag>PageContent</tag>
<tag>Setter</tag>
<doc>Simulates mouse click on the element found by ``selector``.</doc>
<status status="PASS" starttime="20230726 14:02:05.419" endtime="20230726 14:02:05.628"/>
</kw>
<kw name="Click" library="Browser">
<arg>(//div[contains(@view,"payment")]//button[contains(text(), "Pay")])[1]</arg>
<tag>PageContent</tag>
<tag>Setter</tag>
<doc>Simulates mouse click on the element found by ``selector``.</doc>
<status status="PASS" starttime="20230726 14:02:05.628" endtime="20230726 14:02:05.800"/>
</kw>
<status status="PASS" starttime="20230726 14:02:05.301" endtime="20230726 14:02:05.800"/>
</kw>
<kw name="Complete Payment Successfully" library="booking">
<kw name="Simulate Success or Failure" library="booking">
<arg>success</arg>
<kw name="Wait For Elements State" library="Browser">
<arg>//a[contains(text(), 'Simulate ${which} to merchant')]</arg>
<arg>visible</arg>
<arg>timeout=${timeout}</arg>
<tag>PageContent</tag>
<tag>Wait</tag>
<doc>Waits for the element found by ``selector`` to satisfy state option.</doc>
<msg timestamp="20230726 14:02:13.479" level="INFO">Waited for Element with selector //a[contains(text(), 'Simulate success to merchant')] at state visible</msg>
<status status="PASS" starttime="20230726 14:02:05.801" endtime="20230726 14:02:13.480"/>
</kw>
<kw name="Click" library="Browser">
<arg>//a[contains(text(), 'Simulate ${which} to merchant')]</arg>
<tag>PageContent</tag>
<tag>Setter</tag>
<doc>Simulates mouse click on the element found by ``selector``.</doc>
<status status="PASS" starttime="20230726 14:02:13.480" endtime="20230726 14:02:17.266"/>
</kw>
<status status="PASS" starttime="20230726 14:02:05.801" endtime="20230726 14:02:17.266"/>
</kw>
<kw name="Verify Payment was successful" library="booking">
<kw name="Wait Until Visible" library="common">
<arg>//p[contains(text(), 'Payment was successful')]</arg>
<doc>An easier keyword for waiting until an element is visible</doc>
<kw name="Wait For Elements State" library="Browser">
<arg>${element}</arg>
<arg>visible</arg>
<arg>timeout=${timeout}</arg>
<tag>PageContent</tag>
<tag>Wait</tag>
<doc>Waits for the element found by ``selector`` to satisfy state option.</doc>
<msg timestamp="20230726 14:02:20.037" level="INFO">Waited for Element with selector //p[contains(text(), 'Payment was successful')] at state visible</msg>
<status status="PASS" starttime="20230726 14:02:17.267" endtime="20230726 14:02:20.037"/>
</kw>
<status status="PASS" starttime="20230726 14:02:17.267" endtime="20230726 14:02:20.038"/>
</kw>
<kw name="Close Dialog" library="booking">
<kw name="Wait Until Visible" library="common">
<arg>//button[contains(text(), "Ok")]</arg>
<doc>An easier keyword for waiting until an element is visible</doc>
<kw name="Wait For Elements State" library="Browser">
<arg>${element}</arg>
<arg>visible</arg>
<arg>timeout=${timeout}</arg>
<tag>PageContent</tag>
<tag>Wait</tag>
<doc>Waits for the element found by ``selector`` to satisfy state option.</doc>
<msg timestamp="20230726 14:02:20.144" level="INFO">Waited for Element with selector //button[contains(text(), "Ok")] at state visible</msg>
<status status="PASS" starttime="20230726 14:02:20.038" endtime="20230726 14:02:20.144"/>
</kw>
<status status="PASS" starttime="20230726 14:02:20.038" endtime="20230726 14:02:20.145"/>
</kw>
<kw name="Click" library="Browser">
<arg>//button[contains(text(), "Ok")]</arg>
<tag>PageContent</tag>
<tag>Setter</tag>
<doc>Simulates mouse click on the element found by ``selector``.</doc>
<status status="PASS" starttime="20230726 14:02:20.145" endtime="20230726 14:02:20.536"/>
</kw>
<status status="PASS" starttime="20230726 14:02:20.038" endtime="20230726 14:02:20.536"/>
</kw>
<kw name="Save Booking Number 1" library="booking">
<kw name="Get Text" library="Browser">
<var>${str}</var>
<arg>//p[contains(text(),'Booking number')]</arg>
<tag>Assertion</tag>
<tag>Getter</tag>
<tag>PageContent</tag>
<doc>Returns text attribute of the element found by ``selector``.</doc>
<msg timestamp="20230726 14:02:20.706" level="INFO">Text: 'Booking number: 450018361'</msg>
<msg timestamp="20230726 14:02:20.706" level="INFO">${str} = Booking number: 450018361</msg>
<status status="PASS" starttime="20230726 14:02:20.537" endtime="20230726 14:02:20.706"/>
</kw>
<kw name="Log To Console" library="BuiltIn">
<arg>${bookingNumber}</arg>
<doc>Logs the given message to the console.</doc>
<status status="PASS" starttime="20230726 14:02:20.706" endtime="20230726 14:02:20.707"/>
</kw>
<kw name="Remove String" library="String">
<var>${str}</var>
<arg>${str}</arg>
<arg>Booking code${SPACE}</arg>
<doc>Removes all ``removables`` from the given ``string``.</doc>
<msg timestamp="20230726 14:02:20.707" level="INFO">${str} = Booking number: 450018361</msg>
<status status="PASS" starttime="20230726 14:02:20.707" endtime="20230726 14:02:20.707"/>
</kw>
<kw name="Strip String" library="String">
<var>${str}</var>
<arg>${str}</arg>
<doc>Remove leading and/or trailing whitespaces from the given string.</doc>
<msg timestamp="20230726 14:02:20.713" level="INFO">${str} = Booking number: 450018361</msg>
<status status="PASS" starttime="20230726 14:02:20.707" endtime="20230726 14:02:20.713"/>
</kw>
<status status="PASS" starttime="20230726 14:02:20.537" endtime="20230726 14:02:20.713"/>
</kw>
<status status="PASS" starttime="20230726 14:02:17.267" endtime="20230726 14:02:20.713"/>
</kw>
<status status="PASS" starttime="20230726 14:02:05.801" endtime="20230726 14:02:20.714"/>
</kw>
<doc>A new booker opens the page and does a successful booking</doc>
<tag>smoke</tag>
<status status="PASS" starttime="20230726 14:01:52.937" endtime="20230726 14:02:20.714"/>
</test>
<test id="s1-s1-s1-s1-t2" name="Confirm Email and Open Link" line="26">
<kw name="Get Variable Value" library="BuiltIn">
<var>${id}</var>
<arg>$ID</arg>
<doc>Returns variable value or ``default`` if the variable does not exist.</doc>
<msg timestamp="20230726 14:02:20.771" level="INFO">${id} = 1ea74f84-92a4-44a6-b749-f473d068f3ca</msg>
<status status="PASS" starttime="20230726 14:02:20.771" endtime="20230726 14:02:20.771"/>
</kw>
<kw name="Wait for Latest Booking Confirmation and Extract Link" library="MailSlurp">
<var>${modify_link}</var>
<arg>${id}</arg>
<msg timestamp="20230726 14:02:39.878" level="INFO">${modify_link} = https://testnelson.page.link/?link=https%3A%2F%2Ftest3.omenahotels.com%2Fen%2Fbooking%2F%23%2Fmanage-booking%2F0c8849df-aec9-4f81-889c-c491634b7e28%3FnewSession%3Dtrue%26email%3D1ea74f84-92a4-44a6-b74...</msg>
<status status="PASS" starttime="20230726 14:02:20.771" endtime="20230726 14:02:39.878"/>
</kw>
<kw name="Open New Browser To URL" library="common">
<arg>${modify_link}</arg>
<kw name="New Browser" library="Browser">
<arg>${browser}</arg>
<arg>${headless}</arg>
<arg>timeout=${timeout}</arg>
<tag>BrowserControl</tag>
<tag>Setter</tag>
<doc>Create a new playwright Browser with specified options.</doc>
<msg timestamp="20230726 14:02:39.880" level="INFO">Switching browser to browser=7168d14a-6d9e-4676-a712-7b4c032845b8</msg>
<msg timestamp="20230726 14:02:39.884" level="INFO">Successfully changed active browser</msg>
<msg timestamp="20230726 14:02:39.884" level="INFO">Reusing existing browser with id: browser=7168d14a-6d9e-4676-a712-7b4c032845b8</msg>
<status status="PASS" starttime="20230726 14:02:39.879" endtime="20230726 14:02:39.884"/>
</kw>
<kw name="Set Browser Timeout" library="Browser">
<arg>${timeout}</arg>
<tag>Config</tag>
<tag>Setter</tag>
<doc>Sets the timeout used by most input and getter keywords.</doc>
<status status="PASS" starttime="20230726 14:02:39.884" endtime="20230726 14:02:39.885"/>
</kw>
<kw name="New Context" library="Browser">
<tag>BrowserControl</tag>
<tag>Setter</tag>
<doc>Create a new BrowserContext with specified options.</doc>
<msg timestamp="20230726 14:02:39.885" level="INFO">{
  "acceptDownloads": true,
  "bypassCSP": false,
  "forcedColors": "none",
  "hideRfBrowser": "",
  "ignoreHTTPSErrors": false,
  "javaScriptEnabled": true,
  "offline": false,
  "reducedMotion": "no-preference",
  "viewport": {
    "height": 720,
    "width": 1280
  }
}</msg>
<msg timestamp="20230726 14:02:39.896" level="INFO">Successfully created context. </msg>
<msg timestamp="20230726 14:02:39.896" level="INFO">{'acceptDownloads': True, 'bypassCSP': False, 'forcedColors': 'none', 'hideRfBrowser': '', 'ignoreHTTPSErrors': False, 'javaScriptEnabled': True, 'offline': False, 'reducedMotion': 'no-preference', 'viewport': {'height': 720, 'width': 1280}}</msg>
<status status="PASS" starttime="20230726 14:02:39.885" endtime="20230726 14:02:39.896"/>
</kw>
<kw name="New Page" library="Browser">
<arg>${url}</arg>
<tag>BrowserControl</tag>
<tag>Setter</tag>
<doc>Open a new Page.</doc>
<msg timestamp="20230726 14:02:41.561" level="INFO">Successfully initialized new page object and opened url: https://testnelson.page.link/?link=https%3A%2F%2Ftest3.omenahotels.com%2Fen%2Fbooking%2F%23%2Fmanage-booking%2F0c8849df-aec9-4f81-889c-c491634b7e28%3FnewSession%3Dtrue%26email%3D1ea74f84-92a4-44a6-b749-f473d068f3ca%40mailslurp.com%26code%3D450018361%26isMembership%3Dtrue</msg>
<status status="PASS" starttime="20230726 14:02:39.897" endtime="20230726 14:02:41.561"/>
</kw>
<status status="PASS" starttime="20230726 14:02:39.879" endtime="20230726 14:02:41.562"/>
</kw>
<doc>A new booker receives an email with a link to modify the booking</doc>
<tag>smoke</tag>
<status status="PASS" starttime="20230726 14:02:20.759" endtime="20230726 14:02:41.562"/>
</test>
<kw name="Close Browser" library="Browser" type="TEARDOWN">
<tag>BrowserControl</tag>
<tag>Setter</tag>
<doc>Closes the current browser.</doc>
<msg timestamp="20230726 14:02:42.501" level="INFO">Closed browser</msg>
<status status="PASS" starttime="20230726 14:02:41.664" endtime="20230726 14:02:42.502"/>
</kw>
<doc>A test suite for verifying modify booking functionality</doc>
<status status="PASS" starttime="20230726 14:01:46.771" endtime="20230726 14:02:42.502"/>
</suite>
<status status="PASS" starttime="20230726 14:01:46.770" endtime="20230726 14:02:42.509"/>
</suite>
<status status="PASS" starttime="20230726 14:01:46.768" endtime="20230726 14:02:42.510"/>
</suite>
<doc>Argument file for running tests on Omena Staging Environmen (test3)</doc>
<status status="PASS" starttime="20230726 14:01:46.749" endtime="20230726 14:02:42.511"/>
</suite>
<statistics>
<total>
<stat pass="2" fail="0" skip="0">All Tests</stat>
</total>
<tag>
<stat pass="2" fail="0" skip="0">smoke</stat>
</tag>
<suite>
<stat pass="2" fail="0" skip="0" id="s1" name="Testsuites">Testsuites</stat>
<stat pass="2" fail="0" skip="0" id="s1-s1" name="BUI">Testsuites.BUI</stat>
<stat pass="2" fail="0" skip="0" id="s1-s1-s1" name="Regression">Testsuites.BUI.Regression</stat>
<stat pass="2" fail="0" skip="0" id="s1-s1-s1-s1" name="New Booking">Testsuites.BUI.Regression.New Booking</stat>
</suite>
</statistics>
<errors>
</errors>
</robot>
