<?xml version="1.0" encoding="UTF-8"?>
<testsuite name="Testsuites" tests="55" errors="0" failures="39" skipped="0" time="767.888" timestamp="2023-11-03T16:30:18.176000">
<testsuite name="BUI" tests="13" errors="0" failures="2" skipped="0" time="276.720" timestamp="2023-11-03T16:30:18.185000">
<testsuite name="BUI2-557" tests="4" errors="0" failures="2" skipped="0" time="165.124" timestamp="2023-11-03T16:30:18.186000">
<testcase classname="Testsuites.BUI.BUI2-557" name="Create a new Booking" time="31.430">
</testcase>
<testcase classname="Testsuites.BUI.BUI2-557" name="Add Someone Else as the Main Guest" time="33.502">
<failure message="TimeoutError: locator.waitFor: Timeout 30000ms exceeded.&#10;=========================== logs ===========================&#10;waiting for locator('xpath=(//button[text()=&quot;Check in&quot;])[1]') to be visible&#10;============================================================&#10;Tip: Use &quot;Set Browser Timeout&quot; for increasing the timeout or double check your locator as the targeted element(s) couldn't be found." type="AssertionError"/>
</testcase>
<testcase classname="Testsuites.BUI.BUI2-557" name="Validation shows msg for fields marked" time="58.151">
</testcase>
<testcase classname="Testsuites.BUI.BUI2-557" name="Showing imported passport when the National is not Finland" time="40.860">
<failure message="TimeoutError: locator.waitFor: Timeout 30000ms exceeded.&#10;=========================== logs ===========================&#10;waiting for locator('xpath=//a[contains(text(), \'Simulate success to merchant\')]') to be visible&#10;============================================================&#10;Tip: Use &quot;Set Browser Timeout&quot; for increasing the timeout or double check your locator as the targeted element(s) couldn't be found." type="AssertionError"/>
</testcase>
</testsuite>
<testsuite name="Create Booking" tests="2" errors="0" failures="0" skipped="0" time="36.318" timestamp="2023-11-03T16:33:03.313000">
<testcase classname="Testsuites.BUI.Create Booking" name="Create A New Booking as" time="17.984">
</testcase>
<testcase classname="Testsuites.BUI.Create Booking" name="Confirm Email and Open Link" time="14.732">
</testcase>
<properties>
<property name="Documentation" value="A test suite for verifying modify booking functionality"/>
</properties>
</testsuite>
<testsuite name="Create Booking And Check In" tests="7" errors="0" failures="0" skipped="0" time="75.267" timestamp="2023-11-03T16:33:39.635000">
<testcase classname="Testsuites.BUI.Create Booking And Check In" name="Select Hotel, Dates and Guests" time="0.351">
</testcase>
<testcase classname="Testsuites.BUI.Create Booking And Check In" name="Check Available Rooms and Select a Standard Room" time="2.234">
</testcase>
<testcase classname="Testsuites.BUI.Create Booking And Check In" name="Continue to Extras and Select Join for Free" time="5.609">
</testcase>
<testcase classname="Testsuites.BUI.Create Booking And Check In" name="Fill in Booker Contact Information" time="1.665">
</testcase>
<testcase classname="Testsuites.BUI.Create Booking And Check In" name="Pay using Web Bank and Nordea" time="12.051">
</testcase>
<testcase classname="Testsuites.BUI.Create Booking And Check In" name="Check In Online" time="12.862">
</testcase>
<testcase classname="Testsuites.BUI.Create Booking And Check In" name="Wait for Door Code and Verify Page" time="37.239">
</testcase>
<properties>
<property name="Documentation" value="This is a test suite for booking a room and checking in online"/>
</properties>
</testsuite>
</testsuite>
<testsuite name="Customer Specific" tests="13" errors="0" failures="11" skipped="0" time="242.264" timestamp="2023-11-03T16:34:54.906000">
<testsuite name="Kensington Stay" tests="13" errors="0" failures="11" skipped="0" time="242.261" timestamp="2023-11-03T16:34:54.908000">
<testsuite name="Confirm Bdc Booking" tests="3" errors="0" failures="2" skipped="0" time="3.280" timestamp="2023-11-03T16:34:54.908000">
<testcase classname="Testsuites.Customer Specific.Kensington Stay.Confirm Bdc Booking" name="Create A New Booking on Booking.com for a later date and verify Emails" time="0.001">
</testcase>
<testcase classname="Testsuites.Customer Specific.Kensington Stay.Confirm Bdc Booking" name="Open Booking in MUI" time="0.732">
<failure message="Error: page.goto: Protocol error (Page.navigate): Invalid url: &quot;$MUI_URL&quot; Page.navigate@chrome://juggler/content/protocol/PageHandler.js:386:13&#10;dispatch@chrome://juggler/content/protocol/Dispatcher.js:132:39&#10;_dispatch@chrome://juggler/content/protocol/Dispatcher.js:69:36&#10;receiveMessage@chrome://juggler/content/components/Juggler.js:118:20&#10;&#10;=========================== logs ===========================&#10;navigating to &quot;$MUI_URL&quot;, waiting until &quot;load&quot;&#10;============================================================" type="AssertionError"/>
</testcase>
<testcase classname="Testsuites.Customer Specific.Kensington Stay.Confirm Bdc Booking" name="Cancel Booking in MUI" time="0.005">
<failure message="Error: Could not find active page" type="AssertionError"/>
</testcase>
<properties>
<property name="Documentation" value="A test suite for verifying modify booking functionality"/>
</properties>
</testsuite>
<testsuite name="Create Bdc Booking" tests="4" errors="0" failures="4" skipped="0" time="235.645" timestamp="2023-11-03T16:34:58.192000">
<testcase classname="Testsuites.Customer Specific.Kensington Stay.Create Bdc Booking" name="Open BDC and Check for Availability" time="33.098">
<failure message="TimeoutError: locator.selectOption: Timeout 30000ms exceeded.&#10;=========================== logs ===========================&#10;waiting for locator('id=check-availability__checkin-yearmonth')&#10;  locator resolved to &lt;select name=&quot;checkin_year_month&quot; class=&quot;bui-form__contr…&gt;…&lt;/select&gt;&#10;  selecting specified option(s)&#10;    did not find some options - waiting... &#10;============================================================&#10;Tip: Use &quot;Set Browser Timeout&quot; for increasing the timeout or double check your locator as the targeted element(s) couldn't be found." type="AssertionError"/>
</testcase>
<testcase classname="Testsuites.Customer Specific.Kensington Stay.Create Bdc Booking" name="Start Reservation Process" time="1.014">
<failure message="Error: Could not find active page" type="AssertionError"/>
</testcase>
<testcase classname="Testsuites.Customer Specific.Kensington Stay.Create Bdc Booking" name="Fill Contact Information and Payment Details" time="0.016">
<failure message="Error: Could not find active page" type="AssertionError"/>
</testcase>
<testcase classname="Testsuites.Customer Specific.Kensington Stay.Create Bdc Booking" name="Verify Confirmation Email" time="201.389">
<failure message="ApiException: (408)&#10;Reason: &#10;HTTP response headers: HTTPHeaderDict({'Date': 'Fri, 03 Nov 2023 14:38:53 GMT', 'Content-Type': 'text/plain;charset=UTF-8', 'Content-Length': '1083', 'Connection': 'keep-alive', 'X-XSS-Protection': '1; mode=block', 'Referrer-Policy': 'same-origin', 'Strict-Transport-Security': 'max-age=63072000; includeSubdomains; preload', 'X-Content-Type-Options': 'nosniff', 'Content-Security-Policy': &quot;default-src https: 'self' app.mailslurp.com *.mailslurp.com *.mailslurp.link *.mailslurp.dev http://localhost:3000; object-src none; frame-ancestors 'self' app.mailslurp.com *.mailslurp.com *.mailslurp.link *.mailslurp.dev http://localhost:3000; img-src * data: 'unsafe-inline'; style-src * data: 'unsafe-inline';&quot;, 'Vary': 'origin,access-control-request-method,access-control-request-headers,accept-encoding', 'Cache-Control': 'no-cache, no-store, max-age=0, must-revalidate', 'Pragma': 'no-cache', 'Expires': '0', 'X-Frame-Options': 'DENY'})&#10;HTTP response body: {&quot;message&quot;:&quot;Failed to satisfy email query for inbox ID `35ac21dc-e785-4cad-8949-6f32023a286d` for user ID `a2f48756-8279-471d-bb55-980a32334d37`. Expected minimum message count of `1`. Found at most `0`(after max timeout of `200000 ms` and a back-off period of `1000 ms`). Did you send an email to the inbox? The inbox's email address is `35ac21dc-e785-4cad-8949-6f32023a286d@mailslurp.com`. Sort direction `ASC`, unread only `true`, match options `{\&quot;matches\&quot;:[{\&quot;field\&quot;:\&quot;SUBJECT\&quot;,\&quot;should\&quot;:\&quot;CONTAIN\&quot;,\&quot;value\&quot;:\&quot;Booking confirmation\&quot;}],\&quot;conditions\&quot;:null}`, created at after `2000-01-01T00:00:00Z` and created at before `3000-01-01T00:00:00Z`&quot;,&quot;caseNumber&quot;:&quot;CASE-NF-ac19bd4c-311c-4af3-9cc9-f02884cb49df&quot;,&quot;errorClass&quot;:&quot;GetMessagesRetryException&quot;,&quot;errorCode&quot;:&quot;E_001_UNEXPECTED_ERROR&quot;,&quot;userId&quot;:null,&quot;comment&quot;:&quot;If your error persists please submit a ticket at `https://mailslurp.zendesk.com/hc/en-us/requests/new`. Please include your error `caseNumber` if available to help support debug the issue. Sharing screenshots or samples of your code will help the team understand.&quot;}&#10;" type="AssertionError"/>
</testcase>
<properties>
<property name="Documentation" value="A test suite for verifying modify booking functionality"/>
</properties>
</testsuite>
<testsuite name="Create Bui Booking" tests="5" errors="0" failures="4" skipped="0" time="3.309" timestamp="2023-11-03T16:38:53.840000">
<testcase classname="Testsuites.Customer Specific.Kensington Stay.Create Bui Booking" name="Open Kensington Stay Home Page" time="2.991">
</testcase>
<testcase classname="Testsuites.Customer Specific.Kensington Stay.Create Bui Booking" name="Open Menu and Click Book a Room" time="0.006">
<failure message="Error: Could not find active page" type="AssertionError"/>
</testcase>
<testcase classname="Testsuites.Customer Specific.Kensington Stay.Create Bui Booking" name="Verify Booking Page Elements" time="0.005">
<failure message="_InactiveRpcError: &lt;_InactiveRpcError of RPC that terminated with:&#10;&#09;status = StatusCode.RESOURCE_EXHAUSTED&#10;&#09;details = &quot;Error: Could not find active page&quot;&#10;&#09;debug_error_string = &quot;UNKNOWN:Error received from peer  {created_time:&quot;2023-11-03T16:38:56.868316+02:00&quot;, grpc_status:8, grpc_message:&quot;Error: Could not find active page&quot;}&quot;&#10;&gt;" type="AssertionError"/>
</testcase>
<testcase classname="Testsuites.Customer Specific.Kensington Stay.Create Bui Booking" name="Create New Booking in KS" time="0.008">
<failure message="Error: Could not find active page" type="AssertionError"/>
</testcase>
<testcase classname="Testsuites.Customer Specific.Kensington Stay.Create Bui Booking" name="Start Check in Process" time="0.004">
<failure message="_InactiveRpcError: &lt;_InactiveRpcError of RPC that terminated with:&#10;&#09;status = StatusCode.RESOURCE_EXHAUSTED&#10;&#09;details = &quot;Error: Could not find active page&quot;&#10;&#09;debug_error_string = &quot;UNKNOWN:Error received from peer  {created_time:&quot;2023-11-03T16:38:56.882822+02:00&quot;, grpc_status:8, grpc_message:&quot;Error: Could not find active page&quot;}&quot;&#10;&gt;" type="AssertionError"/>
</testcase>
<properties>
<property name="Documentation" value="A test suite for verifying the Kensington Stay Home Page"/>
</properties>
</testsuite>
<testsuite name="Create Mui Booking" tests="1" errors="0" failures="1" skipped="0" time="0.016" timestamp="2023-11-03T16:38:57.151000">
<testcase classname="Testsuites.Customer Specific.Kensington Stay.Create Mui Booking" name="Start Creating a new Booking in MUI" time="0.004">
<failure message="No keyword with name 'Open Browser to Nelson Portal and Navigate to Test Exhibition' found. Did you try using keyword 'Browser.Open Browser' or 'mui.Open Browser To Nelson Portal' and forgot to use enough whitespace between keyword and arguments?" type="AssertionError"/>
</testcase>
<properties>
<property name="Documentation" value="A test suite for verifying modify booking functionality"/>
</properties>
</testsuite>
</testsuite>
</testsuite>
<testsuite name="MUI" tests="22" errors="0" failures="22" skipped="0" time="12.958" timestamp="2023-11-03T16:38:57.170000">
<testsuite name="Mui.Booking" tests="1" errors="0" failures="1" skipped="0" time="3.225" timestamp="2023-11-03T16:38:57.171000">
<testcase classname="Testsuites.MUI.Mui.Booking" name="Create New Booking" time="0.001">
<failure message="Parent suite setup failed:&#10;Error: page.goto: Protocol error (Page.navigate): Invalid url: &quot;$MUI_URL&quot; Page.navigate@chrome://juggler/content/protocol/PageHandler.js:386:13&#10;dispatch@chrome://juggler/content/protocol/Dispatcher.js:132:39&#10;_dispatch@chrome://juggler/content/protocol/Dispatcher.js:69:36&#10;receiveMessage@chrome://juggler/content/components/Juggler.js:118:20&#10;&#10;=========================== logs ===========================&#10;navigating to &quot;$MUI_URL&quot;, waiting until &quot;load&quot;&#10;============================================================" type="AssertionError"/>
</testcase>
<properties>
<property name="Documentation" value="A test suite for verifying modify booking functionality"/>
</properties>
</testsuite>
<testsuite name="Mui.Gbe" tests="1" errors="0" failures="1" skipped="0" time="3.238" timestamp="2023-11-03T16:39:00.400000">
<testcase classname="Testsuites.MUI.Mui.Gbe" name="Create New Group Booking" time="0.001">
<failure message="Parent suite setup failed:&#10;Error: page.goto: Protocol error (Page.navigate): Invalid url: &quot;$MUI_URL&quot; Page.navigate@chrome://juggler/content/protocol/PageHandler.js:386:13&#10;dispatch@chrome://juggler/content/protocol/Dispatcher.js:132:39&#10;_dispatch@chrome://juggler/content/protocol/Dispatcher.js:69:36&#10;receiveMessage@chrome://juggler/content/components/Juggler.js:118:20&#10;&#10;=========================== logs ===========================&#10;navigating to &quot;$MUI_URL&quot;, waiting until &quot;load&quot;&#10;============================================================" type="AssertionError"/>
</testcase>
<properties>
<property name="Documentation" value="A test suite for verifying GBE2 in MUI"/>
</properties>
</testsuite>
<testsuite name="Mui.Reservations" tests="4" errors="0" failures="4" skipped="0" time="3.237" timestamp="2023-11-03T16:39:03.641000">
<testcase classname="Testsuites.MUI.Mui.Reservations" name="Reservations: Filter all reservations with Check-in incomplete" time="0.001">
<failure message="Parent suite setup failed:&#10;Error: page.goto: Protocol error (Page.navigate): Invalid url: &quot;$MUI_URL&quot; Page.navigate@chrome://juggler/content/protocol/PageHandler.js:386:13&#10;dispatch@chrome://juggler/content/protocol/Dispatcher.js:132:39&#10;_dispatch@chrome://juggler/content/protocol/Dispatcher.js:69:36&#10;receiveMessage@chrome://juggler/content/components/Juggler.js:118:20&#10;&#10;=========================== logs ===========================&#10;navigating to &quot;$MUI_URL&quot;, waiting until &quot;load&quot;&#10;============================================================" type="AssertionError"/>
</testcase>
<testcase classname="Testsuites.MUI.Mui.Reservations" name="Reservations: Remove filter and find a reservation with Check-in complete" time="0.001">
<failure message="Parent suite setup failed:&#10;Error: page.goto: Protocol error (Page.navigate): Invalid url: &quot;$MUI_URL&quot; Page.navigate@chrome://juggler/content/protocol/PageHandler.js:386:13&#10;dispatch@chrome://juggler/content/protocol/Dispatcher.js:132:39&#10;_dispatch@chrome://juggler/content/protocol/Dispatcher.js:69:36&#10;receiveMessage@chrome://juggler/content/components/Juggler.js:118:20&#10;&#10;=========================== logs ===========================&#10;navigating to &quot;$MUI_URL&quot;, waiting until &quot;load&quot;&#10;============================================================" type="AssertionError"/>
</testcase>
<testcase classname="Testsuites.MUI.Mui.Reservations" name="Reservations: Filter Reservations by Stay Dates" time="0.001">
<failure message="Parent suite setup failed:&#10;Error: page.goto: Protocol error (Page.navigate): Invalid url: &quot;$MUI_URL&quot; Page.navigate@chrome://juggler/content/protocol/PageHandler.js:386:13&#10;dispatch@chrome://juggler/content/protocol/Dispatcher.js:132:39&#10;_dispatch@chrome://juggler/content/protocol/Dispatcher.js:69:36&#10;receiveMessage@chrome://juggler/content/components/Juggler.js:118:20&#10;&#10;=========================== logs ===========================&#10;navigating to &quot;$MUI_URL&quot;, waiting until &quot;load&quot;&#10;============================================================" type="AssertionError"/>
</testcase>
<testcase classname="Testsuites.MUI.Mui.Reservations" name="Verify all things" time="0.001">
<failure message="Parent suite setup failed:&#10;Error: page.goto: Protocol error (Page.navigate): Invalid url: &quot;$MUI_URL&quot; Page.navigate@chrome://juggler/content/protocol/PageHandler.js:386:13&#10;dispatch@chrome://juggler/content/protocol/Dispatcher.js:132:39&#10;_dispatch@chrome://juggler/content/protocol/Dispatcher.js:69:36&#10;receiveMessage@chrome://juggler/content/components/Juggler.js:118:20&#10;&#10;=========================== logs ===========================&#10;navigating to &quot;$MUI_URL&quot;, waiting until &quot;load&quot;&#10;============================================================" type="AssertionError"/>
</testcase>
<properties>
<property name="Documentation" value="A test suite for verifying modify booking functionality"/>
</properties>
</testsuite>
<testsuite name="Mui.Smoke" tests="16" errors="0" failures="16" skipped="0" time="3.243" timestamp="2023-11-03T16:39:06.881000">
<testcase classname="Testsuites.MUI.Mui.Smoke" name="Log in with correct Username and Password" time="0.604">
<failure message="Error: page.goto: Protocol error (Page.navigate): Invalid url: &quot;$MUI_URL&quot; Page.navigate@chrome://juggler/content/protocol/PageHandler.js:386:13&#10;dispatch@chrome://juggler/content/protocol/Dispatcher.js:132:39&#10;_dispatch@chrome://juggler/content/protocol/Dispatcher.js:69:36&#10;receiveMessage@chrome://juggler/content/components/Juggler.js:118:20&#10;&#10;=========================== logs ===========================&#10;navigating to &quot;$MUI_URL&quot;, waiting until &quot;load&quot;&#10;============================================================" type="AssertionError"/>
</testcase>
<testcase classname="Testsuites.MUI.Mui.Smoke" name="Open Reports Page and Verify" time="0.006">
<failure message="Error: No page open." type="AssertionError"/>
</testcase>
<testcase classname="Testsuites.MUI.Mui.Smoke" name="Verify Each Report Can be Downloaded" time="0.012">
<failure message="Error: Could not find active page" type="AssertionError"/>
</testcase>
<testcase classname="Testsuites.MUI.Mui.Smoke" name="Verify Usage Page" time="0.005">
<failure message="Error: No page open." type="AssertionError"/>
</testcase>
<testcase classname="Testsuites.MUI.Mui.Smoke" name="Verify Maintenance Page" time="0.038">
<failure message="Error: No page open." type="AssertionError"/>
</testcase>
<testcase classname="Testsuites.MUI.Mui.Smoke" name="Verify Customers Page" time="0.006">
<failure message="Error: No page open." type="AssertionError"/>
</testcase>
<testcase classname="Testsuites.MUI.Mui.Smoke" name="Verify Pricing Page" time="0.004">
<failure message="Error: No page open." type="AssertionError"/>
</testcase>
<testcase classname="Testsuites.MUI.Mui.Smoke" name="Verify Allotments Page" time="0.005">
<failure message="Error: No page open." type="AssertionError"/>
</testcase>
<testcase classname="Testsuites.MUI.Mui.Smoke" name="Verify Vouchers Page" time="0.005">
<failure message="Error: No page open." type="AssertionError"/>
</testcase>
<testcase classname="Testsuites.MUI.Mui.Smoke" name="Verify Breakfast Page" time="0.007">
<failure message="Error: No page open." type="AssertionError"/>
</testcase>
<testcase classname="Testsuites.MUI.Mui.Smoke" name="Verify Settings Page" time="0.005">
<failure message="Error: No page open." type="AssertionError"/>
</testcase>
<testcase classname="Testsuites.MUI.Mui.Smoke" name="Verify Locks Page" time="0.005">
<failure message="Error: No page open." type="AssertionError"/>
</testcase>
<testcase classname="Testsuites.MUI.Mui.Smoke" name="Log Out" time="0.004">
<failure message="Error: Could not find active page" type="AssertionError"/>
</testcase>
<testcase classname="Testsuites.MUI.Mui.Smoke" name="Try Logging in without Password" time="0.101">
<failure message="Error: page.goto: Protocol error (Page.navigate): Invalid url: &quot;$MUI_URL&quot; Page.navigate@chrome://juggler/content/protocol/PageHandler.js:386:13&#10;dispatch@chrome://juggler/content/protocol/Dispatcher.js:132:39&#10;_dispatch@chrome://juggler/content/protocol/Dispatcher.js:69:36&#10;receiveMessage@chrome://juggler/content/components/Juggler.js:118:20&#10;&#10;=========================== logs ===========================&#10;navigating to &quot;$MUI_URL&quot;, waiting until &quot;load&quot;&#10;============================================================" type="AssertionError"/>
</testcase>
<testcase classname="Testsuites.MUI.Mui.Smoke" name="Try Logging in without Username" time="0.092">
<failure message="Error: page.goto: Protocol error (Page.navigate): Invalid url: &quot;$MUI_URL&quot; Page.navigate@chrome://juggler/content/protocol/PageHandler.js:386:13&#10;dispatch@chrome://juggler/content/protocol/Dispatcher.js:132:39&#10;_dispatch@chrome://juggler/content/protocol/Dispatcher.js:69:36&#10;receiveMessage@chrome://juggler/content/components/Juggler.js:118:20&#10;&#10;=========================== logs ===========================&#10;navigating to &quot;$MUI_URL&quot;, waiting until &quot;load&quot;&#10;============================================================" type="AssertionError"/>
</testcase>
<testcase classname="Testsuites.MUI.Mui.Smoke" name="Try Logging in with incorrect Password/Username combination" time="0.109">
<failure message="Error: page.goto: Protocol error (Page.navigate): Invalid url: &quot;$MUI_URL&quot; Page.navigate@chrome://juggler/content/protocol/PageHandler.js:386:13&#10;dispatch@chrome://juggler/content/protocol/Dispatcher.js:132:39&#10;_dispatch@chrome://juggler/content/protocol/Dispatcher.js:69:36&#10;receiveMessage@chrome://juggler/content/components/Juggler.js:118:20&#10;&#10;=========================== logs ===========================&#10;navigating to &quot;$MUI_URL&quot;, waiting until &quot;load&quot;&#10;============================================================" type="AssertionError"/>
</testcase>
<properties>
<property name="Documentation" value="This file contains smoke tests for MUI"/>
</properties>
</testsuite>
</testsuite>
<testsuite name="OTA" tests="7" errors="0" failures="4" skipped="0" time="235.935" timestamp="2023-11-03T16:39:10.128000">
<testsuite name="Bdc" tests="4" errors="0" failures="4" skipped="0" time="235.908" timestamp="2023-11-03T16:39:10.129000">
<testcase classname="Testsuites.OTA.Bdc" name="Open BDC and Check for Availability" time="33.273">
<failure message="TimeoutError: locator.selectOption: Timeout 30000ms exceeded.&#10;=========================== logs ===========================&#10;waiting for locator('id=check-availability__checkin-yearmonth')&#10;  locator resolved to &lt;select name=&quot;checkin_year_month&quot; class=&quot;bui-form__contr…&gt;…&lt;/select&gt;&#10;  selecting specified option(s)&#10;    did not find some options - waiting... &#10;============================================================&#10;Tip: Use &quot;Set Browser Timeout&quot; for increasing the timeout or double check your locator as the targeted element(s) couldn't be found." type="AssertionError"/>
</testcase>
<testcase classname="Testsuites.OTA.Bdc" name="Create Reservation in BDC" time="1.019">
<failure message="Error: Could not find active page" type="AssertionError"/>
</testcase>
<testcase classname="Testsuites.OTA.Bdc" name="Fill Contact Information and Payment Details" time="0.016">
<failure message="Error: Could not find active page" type="AssertionError"/>
</testcase>
<testcase classname="Testsuites.OTA.Bdc" name="Verify Confirmation Email Arrives" time="201.462">
<failure message="ApiException: (408)&#10;Reason: &#10;HTTP response headers: HTTPHeaderDict({'Date': 'Fri, 03 Nov 2023 14:43:05 GMT', 'Content-Type': 'text/plain;charset=UTF-8', 'Content-Length': '1083', 'Connection': 'keep-alive', 'X-XSS-Protection': '1; mode=block', 'Referrer-Policy': 'same-origin', 'Strict-Transport-Security': 'max-age=63072000; includeSubdomains; preload', 'X-Content-Type-Options': 'nosniff', 'Content-Security-Policy': &quot;default-src https: 'self' app.mailslurp.com *.mailslurp.com *.mailslurp.link *.mailslurp.dev http://localhost:3000; object-src none; frame-ancestors 'self' app.mailslurp.com *.mailslurp.com *.mailslurp.link *.mailslurp.dev http://localhost:3000; img-src * data: 'unsafe-inline'; style-src * data: 'unsafe-inline';&quot;, 'Vary': 'origin,access-control-request-method,access-control-request-headers,accept-encoding', 'Cache-Control': 'no-cache, no-store, max-age=0, must-revalidate', 'Pragma': 'no-cache', 'Expires': '0', 'X-Frame-Options': 'DENY'})&#10;HTTP response body: {&quot;message&quot;:&quot;Failed to satisfy email query for inbox ID `35ac21dc-e785-4cad-8949-6f32023a286d` for user ID `a2f48756-8279-471d-bb55-980a32334d37`. Expected minimum message count of `1`. Found at most `0`(after max timeout of `200000 ms` and a back-off period of `1000 ms`). Did you send an email to the inbox? The inbox's email address is `35ac21dc-e785-4cad-8949-6f32023a286d@mailslurp.com`. Sort direction `ASC`, unread only `true`, match options `{\&quot;matches\&quot;:[{\&quot;field\&quot;:\&quot;SUBJECT\&quot;,\&quot;should\&quot;:\&quot;CONTAIN\&quot;,\&quot;value\&quot;:\&quot;Booking confirmation\&quot;}],\&quot;conditions\&quot;:null}`, created at after `2000-01-01T00:00:00Z` and created at before `3000-01-01T00:00:00Z`&quot;,&quot;caseNumber&quot;:&quot;CASE-NF-23d99c90-0b2f-42a9-95a0-516d5008f788&quot;,&quot;errorClass&quot;:&quot;GetMessagesRetryException&quot;,&quot;errorCode&quot;:&quot;E_001_UNEXPECTED_ERROR&quot;,&quot;userId&quot;:null,&quot;comment&quot;:&quot;If your error persists please submit a ticket at `https://mailslurp.zendesk.com/hc/en-us/requests/new`. Please include your error `caseNumber` if available to help support debug the issue. Sharing screenshots or samples of your code will help the team understand.&quot;}&#10;" type="AssertionError"/>
</testcase>
<properties>
<property name="Documentation" value="A test suite for verifying BDC booking functionality"/>
</properties>
</testsuite>
<testsuite name="Expedia" tests="3" errors="0" failures="0" skipped="0" time="0.022" timestamp="2023-11-03T16:43:06.039000">
<testcase classname="Testsuites.OTA.Expedia" name="Check Availability in Expedia" time="0.001">
</testcase>
<testcase classname="Testsuites.OTA.Expedia" name="Select Hotel and Create Booking" time="0.001">
</testcase>
<testcase classname="Testsuites.OTA.Expedia" name="Fill Booker Details" time="0.002">
</testcase>
<properties>
<property name="Documentation" value="This is a test suite for booking a room and checking in online"/>
</properties>
</testsuite>
</testsuite>
<properties>
<property name="Documentation" value="Argument file for running tests on Omena Staging Environmen (test3)"/>
</properties>
</testsuite>
