<?xml version="1.0" encoding="UTF-8"?>
<testsuite name="Testsuites" tests="31" errors="0" failures="26" skipped="0" time="1139.483" timestamp="2023-09-22T13:21:58.003000">
<testsuite name="BUI" tests="13" errors="0" failures="11" skipped="0" time="880.479" timestamp="2023-09-22T13:21:58.020000">
<testsuite name="Feature" tests="11" errors="0" failures="9" skipped="0" time="780.649" timestamp="2023-09-22T13:21:58.022000">
<testsuite name="Online Check In" tests="11" errors="0" failures="9" skipped="0" time="780.645" timestamp="2023-09-22T13:21:58.023000">
<testsuite name="BUI2-556" tests="7" errors="0" failures="5" skipped="0" time="385.988" timestamp="2023-09-22T13:21:58.025000">
<testcase classname="Testsuites.BUI.Feature.Online Check In.BUI2-556" name="Select Hotel, Dates and Guests" time="1.426">
</testcase>
<testcase classname="Testsuites.BUI.Feature.Online Check In.BUI2-556" name="Check Available Rooms and Select a Standard Room" time="3.906">
</testcase>
<testcase classname="Testsuites.BUI.Feature.Online Check In.BUI2-556" name="Continue to Extras and Select Join for Free" time="90.210">
<failure message="TimeoutError: locator.click: Timeout 90000ms exceeded.&#10;=========================== logs ===========================&#10;waiting for locator('xpath=(//div[contains(@view,&quot;booking&quot;)]//button[contains(text(), &quot;Continue to extras&quot;)])[1]')&#10;  locator resolved to &lt;button disabled type=&quot;button&quot; class=&quot;chakra-button css-…&gt;Continue to extras&lt;/button&gt;&#10;attempting click action&#10;  waiting for element to be visible, enabled and stable&#10;    element is not enabled - waiting...&#10;element was detached from the DOM, retrying&#10;  locator resolved to &lt;button disabled type=&quot;button&quot; class=&quot;chakra-button css-…&gt;Continue to extras&lt;/button&gt;&#10;attempting click action&#10;  waiting for element to be visible, enabled and stable&#10;    element is not enabled - waiting...&#10;element was detached from the DOM, retrying&#10;  locator resolved to &lt;button disabled type=&quot;button&quot; class=&quot;chakra-button css-…&gt;Continue to extras&lt;/button&gt;&#10;attempting click action&#10;  waiting for element to be visible, enabled and stable&#10;    element is not enabled - waiting...&#10;element was detached from the DOM, retrying&#10;  locator resolved to &lt;button disabled type=&quot;button&quot; class=&quot;chakra-button css-…&gt;Continue to extras&lt;/button&gt;&#10;attempting click action&#10;  waiting for element to be visible, enabled and stable&#10;    element is not enabled - waiting...&#10;============================================================&#10;Tip: Use &quot;Set Browser Timeout&quot; for increasing the timeout or double check your locator as the targeted element(s) couldn't be found." type="AssertionError"/>
</testcase>
<testcase classname="Testsuites.BUI.Feature.Online Check In.BUI2-556" name="Fill in Booker Contact Information" time="90.640">
<failure message="TimeoutError: locator.click: Timeout 90000ms exceeded.&#10;=========================== logs ===========================&#10;waiting for locator('id=firstName')&#10;============================================================&#10;Tip: Use &quot;Set Browser Timeout&quot; for increasing the timeout or double check your locator as the targeted element(s) couldn't be found." type="AssertionError"/>
</testcase>
<testcase classname="Testsuites.BUI.Feature.Online Check In.BUI2-556" name="Pay using Web Bank and Nordea" time="90.157">
<failure message="TimeoutError: locator.click: Timeout 90000ms exceeded.&#10;=========================== logs ===========================&#10;waiting for locator('xpath=//div[contains(text(), &quot;Web bank payment&quot;)]')&#10;============================================================&#10;Tip: Use &quot;Set Browser Timeout&quot; for increasing the timeout or double check your locator as the targeted element(s) couldn't be found." type="AssertionError"/>
</testcase>
<testcase classname="Testsuites.BUI.Feature.Online Check In.BUI2-556" name="Check In Online" time="90.187">
<failure message="TimeoutError: locator.waitFor: Timeout 90000ms exceeded.&#10;=========================== logs ===========================&#10;waiting for locator('xpath=(//button[text()=&quot;Check in&quot;])[1]') to be visible&#10;============================================================&#10;Tip: Use &quot;Set Browser Timeout&quot; for increasing the timeout or double check your locator as the targeted element(s) couldn't be found." type="AssertionError"/>
</testcase>
<testcase classname="Testsuites.BUI.Feature.Online Check In.BUI2-556" name="Wait for Door Code and Verify Page" time="11.219">
<failure message="Error: locator.waitFor: Error: strict mode violation: locator('xpath=//section[contains(@class, \'chakra\')]') resolved to 4 elements:&#10;    1) &lt;section tabindex=&quot;-1&quot; role=&quot;dialog&quot; id=&quot;popover-content-…&gt;&lt;/section&gt; aka locator('#popover-content-205')&#10;    2) &lt;section tabindex=&quot;-1&quot; role=&quot;dialog&quot; id=&quot;popover-content-…&gt;&lt;/section&gt; aka locator('#popover-content-209')&#10;    3) &lt;section tabindex=&quot;-1&quot; role=&quot;dialog&quot; id=&quot;popover-content-…&gt;&lt;/section&gt; aka locator('#popover-content-213')&#10;    4) &lt;section tabindex=&quot;-1&quot; role=&quot;dialog&quot; id=&quot;popover-content-…&gt;&lt;/section&gt; aka locator('#popover-content-217')&#10;&#10;=========================== logs ===========================&#10;waiting for locator('xpath=//section[contains(@class, \'chakra\')]')&#10;============================================================" type="AssertionError"/>
</testcase>
<properties>
<property name="Documentation" value="This is a test suite for booking a room and checking in online"/>
</properties>
</testsuite>
<testsuite name="BUI2-557" tests="4" errors="0" failures="4" skipped="0" time="394.642" timestamp="2023-09-22T13:28:24.019000">
<testcase classname="Testsuites.BUI.Feature.Online Check In.BUI2-557" name="Create a new Booking" time="99.390">
<failure message="TimeoutError: locator.click: Timeout 90000ms exceeded.&#10;=========================== logs ===========================&#10;waiting for locator('xpath=(//div[contains(@view,&quot;booking&quot;)]//button[contains(text(), &quot;Continue to extras&quot;)])[1]')&#10;  locator resolved to &lt;button disabled type=&quot;button&quot; class=&quot;chakra-button css-…&gt;Continue to extras&lt;/button&gt;&#10;attempting click action&#10;  waiting for element to be visible, enabled and stable&#10;    element is not enabled - waiting...&#10;element was detached from the DOM, retrying&#10;  locator resolved to &lt;button disabled type=&quot;button&quot; class=&quot;chakra-button css-…&gt;Continue to extras&lt;/button&gt;&#10;attempting click action&#10;  waiting for element to be visible, enabled and stable&#10;    element is not enabled - waiting...&#10;element was detached from the DOM, retrying&#10;  locator resolved to &lt;button disabled type=&quot;button&quot; class=&quot;chakra-button css-…&gt;Continue to extras&lt;/button&gt;&#10;attempting click action&#10;  waiting for element to be visible, enabled and stable&#10;    element is not enabled - waiting...&#10;element was detached from the DOM, retrying&#10;  locator resolved to &lt;button disabled type=&quot;button&quot; class=&quot;chakra-button css-…&gt;Continue to extras&lt;/button&gt;&#10;attempting click action&#10;  waiting for element to be visible, enabled and stable&#10;    element is not enabled - waiting...&#10;============================================================&#10;Tip: Use &quot;Set Browser Timeout&quot; for increasing the timeout or double check your locator as the targeted element(s) couldn't be found." type="AssertionError"/>
</testcase>
<testcase classname="Testsuites.BUI.Feature.Online Check In.BUI2-557" name="Add Someone Else as the Main Guest" time="95.545">
<failure message="TimeoutError: locator.waitFor: Timeout 90000ms exceeded.&#10;=========================== logs ===========================&#10;waiting for locator('xpath=(//button[text()=&quot;Check in&quot;])[1]') to be visible&#10;============================================================&#10;Tip: Use &quot;Set Browser Timeout&quot; for increasing the timeout or double check your locator as the targeted element(s) couldn't be found." type="AssertionError"/>
</testcase>
<testcase classname="Testsuites.BUI.Feature.Online Check In.BUI2-557" name="Validation shows msg for fields marked" time="100.386">
<failure message="TimeoutError: locator.click: Timeout 90000ms exceeded.&#10;=========================== logs ===========================&#10;waiting for locator('xpath=(//div[contains(@view,&quot;booking&quot;)]//button[contains(text(), &quot;Continue to extras&quot;)])[1]')&#10;  locator resolved to &lt;button disabled type=&quot;button&quot; class=&quot;chakra-button css-…&gt;Continue to extras&lt;/button&gt;&#10;attempting click action&#10;  waiting for element to be visible, enabled and stable&#10;    element is not enabled - waiting...&#10;element was detached from the DOM, retrying&#10;  locator resolved to &lt;button disabled type=&quot;button&quot; class=&quot;chakra-button css-…&gt;Continue to extras&lt;/button&gt;&#10;attempting click action&#10;  waiting for element to be visible, enabled and stable&#10;    element is not enabled - waiting...&#10;element was detached from the DOM, retrying&#10;  locator resolved to &lt;button disabled type=&quot;button&quot; class=&quot;chakra-button css-…&gt;Continue to extras&lt;/button&gt;&#10;attempting click action&#10;  waiting for element to be visible, enabled and stable&#10;    element is not enabled - waiting...&#10;element was detached from the DOM, retrying&#10;  locator resolved to &lt;button disabled type=&quot;button&quot; class=&quot;chakra-button css-…&gt;Continue to extras&lt;/button&gt;&#10;attempting click action&#10;  waiting for element to be visible, enabled and stable&#10;    element is not enabled - waiting...&#10;============================================================&#10;Tip: Use &quot;Set Browser Timeout&quot; for increasing the timeout or double check your locator as the targeted element(s) couldn't be found." type="AssertionError"/>
</testcase>
<testcase classname="Testsuites.BUI.Feature.Online Check In.BUI2-557" name="Showing imported passport when the National is not Finland" time="99.295">
<failure message="TimeoutError: locator.click: Timeout 90000ms exceeded.&#10;=========================== logs ===========================&#10;waiting for locator('xpath=(//div[contains(@view,&quot;booking&quot;)]//button[contains(text(), &quot;Continue to extras&quot;)])[1]')&#10;  locator resolved to &lt;button disabled type=&quot;button&quot; class=&quot;chakra-button css-…&gt;Continue to extras&lt;/button&gt;&#10;attempting click action&#10;  waiting for element to be visible, enabled and stable&#10;    element is not enabled - waiting...&#10;element was detached from the DOM, retrying&#10;  locator resolved to &lt;button disabled type=&quot;button&quot; class=&quot;chakra-button css-…&gt;Continue to extras&lt;/button&gt;&#10;attempting click action&#10;  waiting for element to be visible, enabled and stable&#10;    element is not enabled - waiting...&#10;element was detached from the DOM, retrying&#10;  locator resolved to &lt;button disabled type=&quot;button&quot; class=&quot;chakra-button css-…&gt;Continue to extras&lt;/button&gt;&#10;attempting click action&#10;  waiting for element to be visible, enabled and stable&#10;    element is not enabled - waiting...&#10;element was detached from the DOM, retrying&#10;  locator resolved to &lt;button disabled type=&quot;button&quot; class=&quot;chakra-button css-…&gt;Continue to extras&lt;/button&gt;&#10;attempting click action&#10;  waiting for element to be visible, enabled and stable&#10;    element is not enabled - waiting...&#10;============================================================&#10;Tip: Use &quot;Set Browser Timeout&quot; for increasing the timeout or double check your locator as the targeted element(s) couldn't be found." type="AssertionError"/>
</testcase>
</testsuite>
</testsuite>
</testsuite>
<testsuite name="Regression" tests="2" errors="0" failures="2" skipped="0" time="99.826" timestamp="2023-09-22T13:34:58.672000">
<testsuite name="Create Booking" tests="2" errors="0" failures="2" skipped="0" time="99.818" timestamp="2023-09-22T13:34:58.674000">
<testcase classname="Testsuites.BUI.Regression.Create Booking" name="Create A New Booking as" time="94.688">
<failure message="TimeoutError: locator.click: Timeout 90000ms exceeded.&#10;=========================== logs ===========================&#10;waiting for locator('xpath=(//div[contains(@view,&quot;booking&quot;)]//button[contains(text(), &quot;Continue to extras&quot;)])[1]')&#10;  locator resolved to &lt;button disabled type=&quot;button&quot; class=&quot;chakra-button css-…&gt;Continue to extras&lt;/button&gt;&#10;attempting click action&#10;  waiting for element to be visible, enabled and stable&#10;    element is not enabled - waiting...&#10;element was detached from the DOM, retrying&#10;  locator resolved to &lt;button disabled type=&quot;button&quot; class=&quot;chakra-button css-…&gt;Continue to extras&lt;/button&gt;&#10;attempting click action&#10;  waiting for element to be visible, enabled and stable&#10;    element is not enabled - waiting...&#10;element was detached from the DOM, retrying&#10;  locator resolved to &lt;button disabled type=&quot;button&quot; class=&quot;chakra-button css-…&gt;Continue to extras&lt;/button&gt;&#10;attempting click action&#10;  waiting for element to be visible, enabled and stable&#10;    element is not enabled - waiting...&#10;element was detached from the DOM, retrying&#10;  locator resolved to &lt;button disabled type=&quot;button&quot; class=&quot;chakra-button css-…&gt;Continue to extras&lt;/button&gt;&#10;attempting click action&#10;  waiting for element to be visible, enabled and stable&#10;    element is not enabled - waiting...&#10;============================================================&#10;Tip: Use &quot;Set Browser Timeout&quot; for increasing the timeout or double check your locator as the targeted element(s) couldn't be found." type="AssertionError"/>
</testcase>
<testcase classname="Testsuites.BUI.Regression.Create Booking" name="Confirm Email and Open Link" time="0.004">
<failure message="ApiValueError: Missing the required parameter `inbox_id` when calling `wait_for_matching_emails`" type="AssertionError"/>
</testcase>
<properties>
<property name="Documentation" value="A test suite for verifying modify booking functionality"/>
</properties>
</testsuite>
</testsuite>
</testsuite>
<testsuite name="MUI" tests="18" errors="0" failures="15" skipped="0" time="258.984" timestamp="2023-09-22T13:36:38.500000">
<testsuite name="EC" tests="9" errors="0" failures="6" skipped="0" time="251.783" timestamp="2023-09-22T13:36:38.502000">
<testsuite name="Smoke" tests="9" errors="0" failures="6" skipped="0" time="251.776" timestamp="2023-09-22T13:36:38.503000">
<testcase classname="Testsuites.MUI.EC.Smoke" name="Open BDC and Check for Availability" time="6.318">
</testcase>
<testcase classname="Testsuites.MUI.EC.Smoke" name="Create Reservation" time="90.523">
<failure message="TimeoutError: locator.selectOption: Timeout 90000ms exceeded.&#10;=========================== logs ===========================&#10;waiting for locator('xpath=//select[contains(@id, \'unit\')]')&#10;============================================================&#10;Tip: Use &quot;Set Browser Timeout&quot; for increasing the timeout or double check your locator as the targeted element(s) couldn't be found." type="AssertionError"/>
</testcase>
<testcase classname="Testsuites.MUI.EC.Smoke" name="Fill Contact Information and Payment Details" time="90.262">
<failure message="TimeoutError: locator.click: Timeout 90000ms exceeded.&#10;=========================== logs ===========================&#10;waiting for locator('id=firstname')&#10;============================================================&#10;Tip: Use &quot;Set Browser Timeout&quot; for increasing the timeout or double check your locator as the targeted element(s) couldn't be found." type="AssertionError"/>
</testcase>
<testcase classname="Testsuites.MUI.EC.Smoke" name="Verify Emails and Get Booking No" time="61.060">
<failure message="ApiException: (408)&#10;Reason: &#10;HTTP response headers: HTTPHeaderDict({'Date': 'Fri, 22 Sep 2023 13:40:46 GMT', 'Content-Type': 'text/plain;charset=UTF-8', 'Content-Length': '1061', 'Connection': 'keep-alive', 'X-XSS-Protection': '1; mode=block', 'Referrer-Policy': 'same-origin', 'Strict-Transport-Security': 'max-age=63072000; includeSubdomains; preload', 'X-Content-Type-Options': 'nosniff', 'Content-Security-Policy': &quot;default-src https: 'self' app.mailslurp.com *.mailslurp.com *.mailslurp.link *.mailslurp.dev http://localhost:3000; object-src none; frame-ancestors 'self' app.mailslurp.com *.mailslurp.com *.mailslurp.link *.mailslurp.dev http://localhost:3000; img-src * data: 'unsafe-inline'; style-src * data: 'unsafe-inline';&quot;, 'Vary': 'origin,access-control-request-method,access-control-request-headers,accept-encoding', 'Cache-Control': 'no-cache, no-store, max-age=0, must-revalidate', 'Pragma': 'no-cache', 'Expires': '0', 'X-Frame-Options': 'DENY'})&#10;HTTP response body: {&quot;message&quot;:&quot;Failed to satisfy email query for inbox ID `492aa3bb-9e4b-410a-a02c-84f13ace89e8` for user ID `a2f48756-8279-471d-bb55-980a32334d37`. Expected minimum message count of `10`. Found at most `0`(after max timeout of `60000 ms` and a back-off period of `1000 ms`). Did you send an email to the inbox? The inbox's email address is `492aa3bb-9e4b-410a-a02c-84f13ace89e8@mailslurp.com`. Sort direction `ASC`, unread only `true`, match options `{\&quot;matches\&quot;:[{\&quot;field\&quot;:\&quot;SUBJECT\&quot;,\&quot;should\&quot;:\&quot;CONTAIN\&quot;,\&quot;value\&quot;:\&quot;is confirmed\&quot;}],\&quot;conditions\&quot;:null}`, created at after `2000-01-01T00:00:00Z` and created at before `3000-01-01T00:00:00Z`&quot;,&quot;caseNumber&quot;:&quot;CASE-NF-2cbe59fb-0b36-4842-9258-6afb29d9f8e3&quot;,&quot;errorClass&quot;:&quot;GetMessagesRetryException&quot;,&quot;errorCode&quot;:&quot;E_001_UNEXPECTED_ERROR&quot;,&quot;comment&quot;:&quot;If your error persists please submit a ticket at `https://mailslurp.zendesk.com/hc/en-us/requests/new`. Please include your error `caseNumber` if available to help support debug the issue. Sharing screenshots or samples of your code will help the team understand.&quot;}&#10;" type="AssertionError"/>
</testcase>
<testcase classname="Testsuites.MUI.EC.Smoke" name="Create A New Booking on Booking.com for a later date and verify Emails" time="0.003">
</testcase>
<testcase classname="Testsuites.MUI.EC.Smoke" name="Cancel Booking via BDC" time="0.001">
</testcase>
<testcase classname="Testsuites.MUI.EC.Smoke" name="Open Booking in MUI" time="1.488">
<failure message="Error: page.goto: Protocol error (Page.navigate): Invalid url: &quot;$MUI_URL&quot; Page.navigate@chrome://juggler/content/protocol/PageHandler.js:386:13&#10;dispatch@chrome://juggler/content/protocol/Dispatcher.js:132:39&#10;_dispatch@chrome://juggler/content/protocol/Dispatcher.js:69:36&#10;receiveMessage@chrome://juggler/content/components/Juggler.js:118:20&#10;&#10;=========================== logs ===========================&#10;navigating to &quot;$MUI_URL&quot;, waiting until &quot;load&quot;&#10;============================================================" type="AssertionError"/>
</testcase>
<testcase classname="Testsuites.MUI.EC.Smoke" name="Cancel Booking in MUI" time="0.011">
<failure message="Error: Could not find active page" type="AssertionError"/>
</testcase>
<testcase classname="Testsuites.MUI.EC.Smoke" name="Start Creating a new Booking in MUI" time="0.408">
<failure message="Error: page.goto: Protocol error (Page.navigate): Invalid url: &quot;$MUI_URL&quot; Page.navigate@chrome://juggler/content/protocol/PageHandler.js:386:13&#10;dispatch@chrome://juggler/content/protocol/Dispatcher.js:132:39&#10;_dispatch@chrome://juggler/content/protocol/Dispatcher.js:69:36&#10;receiveMessage@chrome://juggler/content/components/Juggler.js:118:20&#10;&#10;=========================== logs ===========================&#10;navigating to &quot;$MUI_URL&quot;, waiting until &quot;load&quot;&#10;============================================================" type="AssertionError"/>
</testcase>
<properties>
<property name="Documentation" value="A test suite for verifying modify booking functionality"/>
</properties>
</testsuite>
</testsuite>
<testsuite name="Feature" tests="2" errors="0" failures="2" skipped="0" time="3.600" timestamp="2023-09-22T13:40:50.286000">
<testsuite name="MUI-430" tests="2" errors="0" failures="2" skipped="0" time="3.594" timestamp="2023-09-22T13:40:50.287000">
<testcase classname="Testsuites.MUI.Feature.MUI-430" name="Filter all reservations with Check-in incomplete" time="1.451">
<failure message="Error: page.goto: Protocol error (Page.navigate): Invalid url: &quot;$MUI_URL&quot; Page.navigate@chrome://juggler/content/protocol/PageHandler.js:386:13&#10;dispatch@chrome://juggler/content/protocol/Dispatcher.js:132:39&#10;_dispatch@chrome://juggler/content/protocol/Dispatcher.js:69:36&#10;receiveMessage@chrome://juggler/content/components/Juggler.js:118:20&#10;&#10;=========================== logs ===========================&#10;navigating to &quot;$MUI_URL&quot;, waiting until &quot;load&quot;&#10;============================================================" type="AssertionError"/>
</testcase>
<testcase classname="Testsuites.MUI.Feature.MUI-430" name="Remove filter and find a reservation with Check-in complete" time="0.455">
<failure message="Error: page.goto: Protocol error (Page.navigate): Invalid url: &quot;$MUI_URL&quot; Page.navigate@chrome://juggler/content/protocol/PageHandler.js:386:13&#10;dispatch@chrome://juggler/content/protocol/Dispatcher.js:132:39&#10;_dispatch@chrome://juggler/content/protocol/Dispatcher.js:69:36&#10;receiveMessage@chrome://juggler/content/components/Juggler.js:118:20&#10;&#10;=========================== logs ===========================&#10;navigating to &quot;$MUI_URL&quot;, waiting until &quot;load&quot;&#10;============================================================" type="AssertionError"/>
</testcase>
<properties>
<property name="Documentation" value="This file contains test cases for testing MUI-430.robot"/>
</properties>
</testsuite>
</testsuite>
<testsuite name="Regression" tests="7" errors="0" failures="7" skipped="0" time="3.596" timestamp="2023-09-22T13:40:53.887000">
<testsuite name="Smoke" tests="7" errors="0" failures="7" skipped="0" time="3.589" timestamp="2023-09-22T13:40:53.889000">
<testcase classname="Testsuites.MUI.Regression.Smoke" name="Try Logging in without Password" time="1.432">
<failure message="Error: page.goto: Protocol error (Page.navigate): Invalid url: &quot;$MUI_URL&quot; Page.navigate@chrome://juggler/content/protocol/PageHandler.js:386:13&#10;dispatch@chrome://juggler/content/protocol/Dispatcher.js:132:39&#10;_dispatch@chrome://juggler/content/protocol/Dispatcher.js:69:36&#10;receiveMessage@chrome://juggler/content/components/Juggler.js:118:20&#10;&#10;=========================== logs ===========================&#10;navigating to &quot;$MUI_URL&quot;, waiting until &quot;load&quot;&#10;============================================================" type="AssertionError"/>
</testcase>
<testcase classname="Testsuites.MUI.Regression.Smoke" name="Try Logging in without Username" time="0.443">
<failure message="Error: page.goto: Protocol error (Page.navigate): Invalid url: &quot;$MUI_URL&quot; Page.navigate@chrome://juggler/content/protocol/PageHandler.js:386:13&#10;dispatch@chrome://juggler/content/protocol/Dispatcher.js:132:39&#10;_dispatch@chrome://juggler/content/protocol/Dispatcher.js:69:36&#10;receiveMessage@chrome://juggler/content/components/Juggler.js:118:20&#10;&#10;=========================== logs ===========================&#10;navigating to &quot;$MUI_URL&quot;, waiting until &quot;load&quot;&#10;============================================================" type="AssertionError"/>
</testcase>
<testcase classname="Testsuites.MUI.Regression.Smoke" name="Try Logging in with incorrect Password/Username combination" time="0.347">
<failure message="Error: page.goto: Protocol error (Page.navigate): Invalid url: &quot;$MUI_URL&quot; Page.navigate@chrome://juggler/content/protocol/PageHandler.js:386:13&#10;dispatch@chrome://juggler/content/protocol/Dispatcher.js:132:39&#10;_dispatch@chrome://juggler/content/protocol/Dispatcher.js:69:36&#10;receiveMessage@chrome://juggler/content/components/Juggler.js:118:20&#10;&#10;=========================== logs ===========================&#10;navigating to &quot;$MUI_URL&quot;, waiting until &quot;load&quot;&#10;============================================================" type="AssertionError"/>
</testcase>
<testcase classname="Testsuites.MUI.Regression.Smoke" name="Log in with correct Username and Password" time="0.318">
<failure message="Error: page.goto: Protocol error (Page.navigate): Invalid url: &quot;$MUI_URL&quot; Page.navigate@chrome://juggler/content/protocol/PageHandler.js:386:13&#10;dispatch@chrome://juggler/content/protocol/Dispatcher.js:132:39&#10;_dispatch@chrome://juggler/content/protocol/Dispatcher.js:69:36&#10;receiveMessage@chrome://juggler/content/components/Juggler.js:118:20&#10;&#10;=========================== logs ===========================&#10;navigating to &quot;$MUI_URL&quot;, waiting until &quot;load&quot;&#10;============================================================" type="AssertionError"/>
</testcase>
<testcase classname="Testsuites.MUI.Regression.Smoke" name="Verify Users Page" time="0.011">
<failure message="Error: Could not find active page" type="AssertionError"/>
</testcase>
<testcase classname="Testsuites.MUI.Regression.Smoke" name="Verify User Profile" time="0.012">
<failure message="Error: Could not find active page" type="AssertionError"/>
</testcase>
<testcase classname="Testsuites.MUI.Regression.Smoke" name="Log Out" time="0.007">
<failure message="Error: Could not find active page" type="AssertionError"/>
</testcase>
<properties>
<property name="Documentation" value="This file contains smoke tests for MUI"/>
</properties>
</testsuite>
</testsuite>
</testsuite>
<properties>
<property name="Documentation" value="Argument file for running tests on Omena Staging Environmen (test3)"/>
</properties>
</testsuite>
