<?xml version="1.0" encoding="UTF-8"?>
<testsuite name="Create Booking And Check In" tests="7" errors="0" failures="0" skipped="0" time="90.211" timestamp="2023-10-30T17:30:06.432000">
<testcase classname="Create Booking And Check In" name="Select Hotel, Dates and Guests" time="0.519">
</testcase>
<testcase classname="Create Booking And Check In" name="Check Available Rooms and Select a Standard Room" time="3.572">
</testcase>
<testcase classname="Create Booking And Check In" name="Continue to Extras and Select Join for Free" time="8.342">
</testcase>
<testcase classname="Create Booking And Check In" name="Fill in Booker Contact Information" time="2.234">
</testcase>
<testcase classname="Create Booking And Check In" name="Pay using Web Bank and Nordea" time="13.017">
</testcase>
<testcase classname="Create Booking And Check In" name="Check In Online" time="17.372">
</testcase>
<testcase classname="Create Booking And Check In" name="Wait for Door Code and Verify Page" time="37.693">
</testcase>
<properties>
<property name="Documentation" value="Argument file for running tests on Omena Staging Environmen (test3)"/>
</properties>
</testsuite>
