<?xml version="1.0" encoding="UTF-8"?>
<testsuite name="Testsuites" tests="22" errors="0" failures="15" skipped="0" time="74.578" timestamp="2023-12-04T17:02:59.829000">
<testsuite name="MUI" tests="22" errors="0" failures="15" skipped="0" time="74.563" timestamp="2023-12-04T17:02:59.843000">
<testsuite name="Mui.Booking" tests="1" errors="0" failures="1" skipped="0" time="4.499" timestamp="2023-12-04T17:02:59.844000">
<testcase classname="Testsuites.MUI.Mui.Booking" name="Open Browser to Nelson Portal and Login" time="1.196">
<failure message="Error: page.goto: Protocol error (Page.navigate): Invalid url: &quot;$MUI_URL&quot;&#10;Call log:&#10;  - navigating to &quot;$MUI_URL&quot;, waiting until &quot;load&quot;&#10;" type="AssertionError"/>
</testcase>
<properties>
<property name="Documentation" value="A test suite for verifying modify booking functionality"/>
</properties>
</testsuite>
<testsuite name="Mui.Gbe" tests="1" errors="0" failures="1" skipped="0" time="3.446" timestamp="2023-12-04T17:03:04.347000">
<testcase classname="Testsuites.MUI.Mui.Gbe" name="Create New Group Booking" time="0.000">
<failure message="Parent suite setup failed:&#10;Error: page.goto: Protocol error (Page.navigate): Invalid url: &quot;$MUI_URL&quot;&#10;Call log:&#10;  - navigating to &quot;$MUI_URL&quot;, waiting until &quot;load&quot;&#10;" type="AssertionError"/>
</testcase>
<properties>
<property name="Documentation" value="A test suite for verifying GBE2 in MUI"/>
</properties>
</testsuite>
<testsuite name="Mui.Reservations" tests="4" errors="0" failures="4" skipped="0" time="3.449" timestamp="2023-12-04T17:03:07.797000">
<testcase classname="Testsuites.MUI.Mui.Reservations" name="Reservations: Filter all reservations with Check-in incomplete" time="0.001">
<failure message="Parent suite setup failed:&#10;Error: page.goto: Protocol error (Page.navigate): Invalid url: &quot;$MUI_URL&quot;&#10;Call log:&#10;  - navigating to &quot;$MUI_URL&quot;, waiting until &quot;load&quot;&#10;" type="AssertionError"/>
</testcase>
<testcase classname="Testsuites.MUI.Mui.Reservations" name="Reservations: Remove filter and find a reservation with Check-in complete" time="0.000">
<failure message="Parent suite setup failed:&#10;Error: page.goto: Protocol error (Page.navigate): Invalid url: &quot;$MUI_URL&quot;&#10;Call log:&#10;  - navigating to &quot;$MUI_URL&quot;, waiting until &quot;load&quot;&#10;" type="AssertionError"/>
</testcase>
<testcase classname="Testsuites.MUI.Mui.Reservations" name="Reservations: Filter Reservations by Stay Dates" time="0.001">
<failure message="Parent suite setup failed:&#10;Error: page.goto: Protocol error (Page.navigate): Invalid url: &quot;$MUI_URL&quot;&#10;Call log:&#10;  - navigating to &quot;$MUI_URL&quot;, waiting until &quot;load&quot;&#10;" type="AssertionError"/>
</testcase>
<testcase classname="Testsuites.MUI.Mui.Reservations" name="Verify all things" time="0.001">
<failure message="Parent suite setup failed:&#10;Error: page.goto: Protocol error (Page.navigate): Invalid url: &quot;$MUI_URL&quot;&#10;Call log:&#10;  - navigating to &quot;$MUI_URL&quot;, waiting until &quot;load&quot;&#10;" type="AssertionError"/>
</testcase>
<properties>
<property name="Documentation" value="A test suite for verifying modify booking functionality"/>
</properties>
</testsuite>
<testsuite name="Mui.Smoke" tests="16" errors="0" failures="9" skipped="0" time="63.153" timestamp="2023-12-04T17:03:11.249000">
<testcase classname="Testsuites.MUI.Mui.Smoke" name="Log in with correct Username and Password" time="1.077">
<failure message="Error: page.goto: Protocol error (Page.navigate): Invalid url: &quot;$MUI_URL&quot;&#10;Call log:&#10;  - navigating to &quot;$MUI_URL&quot;, waiting until &quot;load&quot;&#10;" type="AssertionError"/>
</testcase>
<testcase classname="Testsuites.MUI.Mui.Smoke" name="Open Reports Page and Verify" time="1.025">
<failure message="Error: No page open." type="AssertionError"/>
</testcase>
<testcase classname="Testsuites.MUI.Mui.Smoke" name="Verify Each Report Can be Downloaded" time="0.006">
<failure message="Error: Could not find active page" type="AssertionError"/>
</testcase>
<testcase classname="Testsuites.MUI.Mui.Smoke" name="Verify Usage Page" time="30.011">
<failure message="Error: Could not find active page" type="AssertionError"/>
</testcase>
<testcase classname="Testsuites.MUI.Mui.Smoke" name="Verify Maintenance Page" time="30.010">
<failure message="Error: Could not find active page" type="AssertionError"/>
</testcase>
<testcase classname="Testsuites.MUI.Mui.Smoke" name="Verify Customers Page" time="0.005">
</testcase>
<testcase classname="Testsuites.MUI.Mui.Smoke" name="Verify Pricing Page" time="0.005">
</testcase>
<testcase classname="Testsuites.MUI.Mui.Smoke" name="Verify Allotments Page" time="0.005">
</testcase>
<testcase classname="Testsuites.MUI.Mui.Smoke" name="Verify Vouchers Page" time="0.006">
</testcase>
<testcase classname="Testsuites.MUI.Mui.Smoke" name="Verify Breakfast Page" time="0.005">
</testcase>
<testcase classname="Testsuites.MUI.Mui.Smoke" name="Verify Settings Page" time="0.005">
</testcase>
<testcase classname="Testsuites.MUI.Mui.Smoke" name="Verify Locks Page" time="0.004">
</testcase>
<testcase classname="Testsuites.MUI.Mui.Smoke" name="Log Out" time="0.003">
<failure message="Error: Could not find active page" type="AssertionError"/>
</testcase>
<testcase classname="Testsuites.MUI.Mui.Smoke" name="Try Logging in without Password" time="0.190">
<failure message="Error: page.goto: Protocol error (Page.navigate): Invalid url: &quot;$MUI_URL&quot;&#10;Call log:&#10;  - navigating to &quot;$MUI_URL&quot;, waiting until &quot;load&quot;&#10;" type="AssertionError"/>
</testcase>
<testcase classname="Testsuites.MUI.Mui.Smoke" name="Try Logging in without Username" time="0.174">
<failure message="Error: page.goto: Protocol error (Page.navigate): Invalid url: &quot;$MUI_URL&quot;&#10;Call log:&#10;  - navigating to &quot;$MUI_URL&quot;, waiting until &quot;load&quot;&#10;" type="AssertionError"/>
</testcase>
<testcase classname="Testsuites.MUI.Mui.Smoke" name="Try Logging in with incorrect Password/Username combination" time="0.167">
<failure message="Error: page.goto: Protocol error (Page.navigate): Invalid url: &quot;$MUI_URL&quot;&#10;Call log:&#10;  - navigating to &quot;$MUI_URL&quot;, waiting until &quot;load&quot;&#10;" type="AssertionError"/>
</testcase>
<properties>
<property name="Documentation" value="This file contains smoke tests for MUI"/>
</properties>
</testsuite>
</testsuite>
<properties>
<property name="Documentation" value="Argument file for running tests on Omena Staging Environmen (test3)"/>
</properties>
</testsuite>
