<?xml version="1.0" encoding="UTF-8"?>
<testsuite name="Testsuites" tests="55" errors="0" failures="42" skipped="0" time="417.286" timestamp="2023-10-30T17:17:58.778000">
<testsuite name="BUI" tests="13" errors="0" failures="9" skipped="0" time="241.692" timestamp="2023-10-30T17:17:58.798000">
<testsuite name="Regression" tests="13" errors="0" failures="9" skipped="0" time="241.688" timestamp="2023-10-30T17:17:58.800000">
<testsuite name="Create Booking" tests="2" errors="0" failures="2" skipped="0" time="16.004" timestamp="2023-10-30T17:17:58.801000">
<testcase classname="Testsuites.BUI.Regression.Create Booking" name="Create A New Booking as" time="9.586">
<failure message="No keyword with name 'Create new Inbox' found." type="AssertionError"/>
</testcase>
<testcase classname="Testsuites.BUI.Regression.Create Booking" name="Confirm Email and Open Link" time="0.010">
<failure message="No keyword with name 'Wait For Latest Booking Confirmation and Extract Link' found. Did you try using keyword 'Browser.Wait For' and forgot to use enough whitespace between keyword and arguments?" type="AssertionError"/>
</testcase>
<properties>
<property name="Documentation" value="A test suite for verifying modify booking functionality"/>
</properties>
</testsuite>
<testsuite name="Create Booking And Check In" tests="7" errors="0" failures="4" skipped="0" time="116.508" timestamp="2023-10-30T17:18:14.813000">
<testcase classname="Testsuites.BUI.Regression.Create Booking And Check In" name="Select Hotel, Dates and Guests" time="1.370">
</testcase>
<testcase classname="Testsuites.BUI.Regression.Create Booking And Check In" name="Check Available Rooms and Select a Standard Room" time="4.019">
</testcase>
<testcase classname="Testsuites.BUI.Regression.Create Booking And Check In" name="Continue to Extras and Select Join for Free" time="5.341">
</testcase>
<testcase classname="Testsuites.BUI.Regression.Create Booking And Check In" name="Fill in Booker Contact Information" time="0.018">
<failure message="No keyword with name 'Create new Inbox' found." type="AssertionError"/>
</testcase>
<testcase classname="Testsuites.BUI.Regression.Create Booking And Check In" name="Pay using Web Bank and Nordea" time="30.448">
<failure message="TimeoutError: locator.click: Timeout 30000ms exceeded.&#10;=========================== logs ===========================&#10;waiting for locator('xpath=(//div[contains(@view,&quot;payment&quot;)]//button[contains(text(), &quot;Pay&quot;)])[1]')&#10;  locator resolved to &lt;button disabled type=&quot;button&quot; class=&quot;chakra-button css-…&gt;Pay&lt;/button&gt;&#10;attempting click action&#10;  waiting for element to be visible, enabled and stable&#10;    element is not enabled - waiting...&#10;============================================================&#10;Tip: Use &quot;Set Browser Timeout&quot; for increasing the timeout or double check your locator as the targeted element(s) couldn't be found." type="AssertionError"/>
</testcase>
<testcase classname="Testsuites.BUI.Regression.Create Booking And Check In" name="Check In Online" time="30.111">
<failure message="TimeoutError: locator.waitFor: Timeout 30000ms exceeded.&#10;=========================== logs ===========================&#10;waiting for locator('xpath=(//button[text()=&quot;Check in&quot;])[1]') to be visible&#10;============================================================&#10;Tip: Use &quot;Set Browser Timeout&quot; for increasing the timeout or double check your locator as the targeted element(s) couldn't be found." type="AssertionError"/>
</testcase>
<testcase classname="Testsuites.BUI.Regression.Create Booking And Check In" name="Wait for Door Code and Verify Page" time="40.201">
<failure message="TimeoutError: locator.elementHandle: Timeout 30000ms exceeded.&#10;=========================== logs ===========================&#10;waiting for locator('xpath=//*[contains(text(), &quot;Door code&quot;)]/following-sibling::*')&#10;============================================================&#10;Tip: Use &quot;Set Browser Timeout&quot; for increasing the timeout or double check your locator as the targeted element(s) couldn't be found." type="AssertionError"/>
</testcase>
<properties>
<property name="Documentation" value="This is a test suite for booking a room and checking in online"/>
</properties>
</testsuite>
<testsuite name="Online Check In" tests="4" errors="0" failures="3" skipped="0" time="109.158" timestamp="2023-10-30T17:20:11.328000">
<testsuite name="BUI2-557" tests="4" errors="0" failures="3" skipped="0" time="109.151" timestamp="2023-10-30T17:20:11.330000">
<testcase classname="Testsuites.BUI.Regression.Online Check In.BUI2-557" name="Create a new Booking" time="17.137">
<failure message="No keyword with name 'Create new Inbox' found." type="AssertionError"/>
</testcase>
<testcase classname="Testsuites.BUI.Regression.Online Check In.BUI2-557" name="Add Someone Else as the Main Guest" time="34.998">
<failure message="TimeoutError: locator.waitFor: Timeout 30000ms exceeded.&#10;=========================== logs ===========================&#10;waiting for locator('xpath=(//button[text()=&quot;Check in&quot;])[1]') to be visible&#10;============================================================&#10;Tip: Use &quot;Set Browser Timeout&quot; for increasing the timeout or double check your locator as the targeted element(s) couldn't be found." type="AssertionError"/>
</testcase>
<testcase classname="Testsuites.BUI.Regression.Online Check In.BUI2-557" name="Validation shows msg for fields marked" time="17.880">
<failure message="No keyword with name 'Create new Inbox' found." type="AssertionError"/>
</testcase>
<testcase classname="Testsuites.BUI.Regression.Online Check In.BUI2-557" name="Showing imported passport when the National is not Finland" time="39.102">
</testcase>
</testsuite>
</testsuite>
</testsuite>
</testsuite>
<testsuite name="Customer Specific" tests="13" errors="0" failures="9" skipped="0" time="105.237" timestamp="2023-10-30T17:22:00.492000">
<testsuite name="Kensington Stay" tests="13" errors="0" failures="9" skipped="0" time="105.233" timestamp="2023-10-30T17:22:00.493000">
<testsuite name="Confirm Bdc Booking" tests="3" errors="0" failures="2" skipped="0" time="3.690" timestamp="2023-10-30T17:22:00.495000">
<testcase classname="Testsuites.Customer Specific.Kensington Stay.Confirm Bdc Booking" name="Create A New Booking on Booking.com for a later date and verify Emails" time="0.001">
</testcase>
<testcase classname="Testsuites.Customer Specific.Kensington Stay.Confirm Bdc Booking" name="Open Booking in MUI" time="1.575">
<failure message="Error: page.goto: Protocol error (Page.navigate): Invalid url: &quot;$MUI_URL&quot; Page.navigate@chrome://juggler/content/protocol/PageHandler.js:385:13&#10;dispatch@chrome://juggler/content/protocol/Dispatcher.js:132:39&#10;_dispatch@chrome://juggler/content/protocol/Dispatcher.js:69:36&#10;receiveMessage@chrome://juggler/content/components/Juggler.js:117:20&#10;&#10;=========================== logs ===========================&#10;navigating to &quot;$MUI_URL&quot;, waiting until &quot;load&quot;&#10;============================================================" type="AssertionError"/>
</testcase>
<testcase classname="Testsuites.Customer Specific.Kensington Stay.Confirm Bdc Booking" name="Cancel Booking in MUI" time="0.018">
<failure message="Error: Could not find active page" type="AssertionError"/>
</testcase>
<properties>
<property name="Documentation" value="A test suite for verifying modify booking functionality"/>
</properties>
</testsuite>
<testsuite name="Create Bdc Booking" tests="4" errors="0" failures="3" skipped="0" time="70.622" timestamp="2023-10-30T17:22:04.190000">
<testcase classname="Testsuites.Customer Specific.Kensington Stay.Create Bdc Booking" name="Open BDC and Check for Availability" time="8.903">
</testcase>
<testcase classname="Testsuites.Customer Specific.Kensington Stay.Create Bdc Booking" name="Start Reservation Process" time="30.568">
<failure message="TimeoutError: locator.selectOption: Timeout 30000ms exceeded.&#10;=========================== logs ===========================&#10;waiting for locator('xpath=//select[contains(@id, \'unit\')]')&#10;============================================================&#10;Tip: Use &quot;Set Browser Timeout&quot; for increasing the timeout or double check your locator as the targeted element(s) couldn't be found." type="AssertionError"/>
</testcase>
<testcase classname="Testsuites.Customer Specific.Kensington Stay.Create Bdc Booking" name="Fill Contact Information and Payment Details" time="30.310">
<failure message="TimeoutError: locator.click: Timeout 30000ms exceeded.&#10;=========================== logs ===========================&#10;waiting for locator('id=firstname')&#10;============================================================&#10;Tip: Use &quot;Set Browser Timeout&quot; for increasing the timeout or double check your locator as the targeted element(s) couldn't be found." type="AssertionError"/>
</testcase>
<testcase classname="Testsuites.Customer Specific.Kensington Stay.Create Bdc Booking" name="Verify Confirmation Email" time="0.024">
<failure message="No keyword with name 'Wait for Latest Booking Confirmation' found. Did you try using keyword 'Browser.Wait For' and forgot to use enough whitespace between keyword and arguments?" type="AssertionError"/>
</testcase>
<properties>
<property name="Documentation" value="A test suite for verifying modify booking functionality"/>
</properties>
</testsuite>
<testsuite name="Create Bui Booking" tests="5" errors="0" failures="3" skipped="0" time="30.863" timestamp="2023-10-30T17:23:14.817000">
<testcase classname="Testsuites.Customer Specific.Kensington Stay.Create Bui Booking" name="Open Kensington Stay Home Page" time="5.565">
</testcase>
<testcase classname="Testsuites.Customer Specific.Kensington Stay.Create Bui Booking" name="Open Menu and Click Book a Room" time="0.372">
</testcase>
<testcase classname="Testsuites.Customer Specific.Kensington Stay.Create Bui Booking" name="Verify Booking Page Elements" time="8.018">
<failure message="The element containing text 'Find rooms' should be visible but it is not." type="AssertionError"/>
</testcase>
<testcase classname="Testsuites.Customer Specific.Kensington Stay.Create Bui Booking" name="Create New Booking in KS" time="8.065">
<failure message="TimeoutError: locator.click: Timeout 8000ms exceeded.&#10;=========================== logs ===========================&#10;waiting for locator('xpath=//div[contains(@class, &quot;display-desktop-up&quot;)]//a[contains(@class, &quot;white&quot;)]')&#10;============================================================&#10;Tip: Use &quot;Set Browser Timeout&quot; for increasing the timeout or double check your locator as the targeted element(s) couldn't be found." type="AssertionError"/>
</testcase>
<testcase classname="Testsuites.Customer Specific.Kensington Stay.Create Bui Booking" name="Start Check in Process" time="8.014">
<failure message="The element containing text 'Please update' should be visible but it is not." type="AssertionError"/>
</testcase>
<properties>
<property name="Documentation" value="A test suite for verifying the Kensington Stay Home Page"/>
</properties>
</testsuite>
<testsuite name="Create Mui Booking" tests="1" errors="0" failures="1" skipped="0" time="0.035" timestamp="2023-10-30T17:23:45.685000">
<testcase classname="Testsuites.Customer Specific.Kensington Stay.Create Mui Booking" name="Start Creating a new Booking in MUI" time="0.009">
<failure message="No keyword with name 'Open Browser to Nelson Portal and Navigate to Test Exhibition' found. Did you try using keyword 'Browser.Open Browser' or 'mui.Open Browser To Nelson Portal' and forgot to use enough whitespace between keyword and arguments?" type="AssertionError"/>
</testcase>
<properties>
<property name="Documentation" value="A test suite for verifying modify booking functionality"/>
</properties>
</testsuite>
</testsuite>
</testsuite>
<testsuite name="MUI" tests="22" errors="0" failures="22" skipped="0" time="15.136" timestamp="2023-10-30T17:23:45.732000">
<testsuite name="Regression" tests="22" errors="0" failures="22" skipped="0" time="15.133" timestamp="2023-10-30T17:23:45.734000">
<testsuite name="Mui.Booking" tests="1" errors="0" failures="1" skipped="0" time="3.694" timestamp="2023-10-30T17:23:45.736000">
<testcase classname="Testsuites.MUI.Regression.Mui.Booking" name="Create New Booking" time="0.001">
<failure message="Parent suite setup failed:&#10;Error: page.goto: Protocol error (Page.navigate): Invalid url: &quot;$MUI_URL&quot; Page.navigate@chrome://juggler/content/protocol/PageHandler.js:385:13&#10;dispatch@chrome://juggler/content/protocol/Dispatcher.js:132:39&#10;_dispatch@chrome://juggler/content/protocol/Dispatcher.js:69:36&#10;receiveMessage@chrome://juggler/content/components/Juggler.js:117:20&#10;&#10;=========================== logs ===========================&#10;navigating to &quot;$MUI_URL&quot;, waiting until &quot;load&quot;&#10;============================================================" type="AssertionError"/>
</testcase>
<properties>
<property name="Documentation" value="A test suite for verifying modify booking functionality"/>
</properties>
</testsuite>
<testsuite name="Mui.Gbe" tests="1" errors="0" failures="1" skipped="0" time="3.675" timestamp="2023-10-30T17:23:49.435000">
<testcase classname="Testsuites.MUI.Regression.Mui.Gbe" name="Create New Group Booking" time="0.001">
<failure message="Parent suite setup failed:&#10;Error: page.goto: Protocol error (Page.navigate): Invalid url: &quot;$MUI_URL&quot; Page.navigate@chrome://juggler/content/protocol/PageHandler.js:385:13&#10;dispatch@chrome://juggler/content/protocol/Dispatcher.js:132:39&#10;_dispatch@chrome://juggler/content/protocol/Dispatcher.js:69:36&#10;receiveMessage@chrome://juggler/content/components/Juggler.js:117:20&#10;&#10;=========================== logs ===========================&#10;navigating to &quot;$MUI_URL&quot;, waiting until &quot;load&quot;&#10;============================================================" type="AssertionError"/>
</testcase>
<properties>
<property name="Documentation" value="A test suite for verifying GBE2 in MUI"/>
</properties>
</testsuite>
<testsuite name="Mui.Reservations" tests="4" errors="0" failures="4" skipped="0" time="3.672" timestamp="2023-10-30T17:23:53.114000">
<testcase classname="Testsuites.MUI.Regression.Mui.Reservations" name="Reservations: Filter all reservations with Check-in incomplete" time="0.001">
<failure message="Parent suite setup failed:&#10;Error: page.goto: Protocol error (Page.navigate): Invalid url: &quot;$MUI_URL&quot; Page.navigate@chrome://juggler/content/protocol/PageHandler.js:385:13&#10;dispatch@chrome://juggler/content/protocol/Dispatcher.js:132:39&#10;_dispatch@chrome://juggler/content/protocol/Dispatcher.js:69:36&#10;receiveMessage@chrome://juggler/content/components/Juggler.js:117:20&#10;&#10;=========================== logs ===========================&#10;navigating to &quot;$MUI_URL&quot;, waiting until &quot;load&quot;&#10;============================================================" type="AssertionError"/>
</testcase>
<testcase classname="Testsuites.MUI.Regression.Mui.Reservations" name="Reservations: Remove filter and find a reservation with Check-in complete" time="0.001">
<failure message="Parent suite setup failed:&#10;Error: page.goto: Protocol error (Page.navigate): Invalid url: &quot;$MUI_URL&quot; Page.navigate@chrome://juggler/content/protocol/PageHandler.js:385:13&#10;dispatch@chrome://juggler/content/protocol/Dispatcher.js:132:39&#10;_dispatch@chrome://juggler/content/protocol/Dispatcher.js:69:36&#10;receiveMessage@chrome://juggler/content/components/Juggler.js:117:20&#10;&#10;=========================== logs ===========================&#10;navigating to &quot;$MUI_URL&quot;, waiting until &quot;load&quot;&#10;============================================================" type="AssertionError"/>
</testcase>
<testcase classname="Testsuites.MUI.Regression.Mui.Reservations" name="Reservations: Filter Reservations by Stay Dates" time="0.000">
<failure message="Parent suite setup failed:&#10;Error: page.goto: Protocol error (Page.navigate): Invalid url: &quot;$MUI_URL&quot; Page.navigate@chrome://juggler/content/protocol/PageHandler.js:385:13&#10;dispatch@chrome://juggler/content/protocol/Dispatcher.js:132:39&#10;_dispatch@chrome://juggler/content/protocol/Dispatcher.js:69:36&#10;receiveMessage@chrome://juggler/content/components/Juggler.js:117:20&#10;&#10;=========================== logs ===========================&#10;navigating to &quot;$MUI_URL&quot;, waiting until &quot;load&quot;&#10;============================================================" type="AssertionError"/>
</testcase>
<testcase classname="Testsuites.MUI.Regression.Mui.Reservations" name="Verify all things" time="0.000">
<failure message="Parent suite setup failed:&#10;Error: page.goto: Protocol error (Page.navigate): Invalid url: &quot;$MUI_URL&quot; Page.navigate@chrome://juggler/content/protocol/PageHandler.js:385:13&#10;dispatch@chrome://juggler/content/protocol/Dispatcher.js:132:39&#10;_dispatch@chrome://juggler/content/protocol/Dispatcher.js:69:36&#10;receiveMessage@chrome://juggler/content/components/Juggler.js:117:20&#10;&#10;=========================== logs ===========================&#10;navigating to &quot;$MUI_URL&quot;, waiting until &quot;load&quot;&#10;============================================================" type="AssertionError"/>
</testcase>
<properties>
<property name="Documentation" value="A test suite for verifying modify booking functionality"/>
</properties>
</testsuite>
<testsuite name="Mui.Smoke" tests="16" errors="0" failures="16" skipped="0" time="4.067" timestamp="2023-10-30T17:23:56.790000">
<testcase classname="Testsuites.MUI.Regression.Mui.Smoke" name="Log in with correct Username and Password" time="1.679">
<failure message="Error: page.goto: Protocol error (Page.navigate): Invalid url: &quot;$MUI_URL&quot; Page.navigate@chrome://juggler/content/protocol/PageHandler.js:385:13&#10;dispatch@chrome://juggler/content/protocol/Dispatcher.js:132:39&#10;_dispatch@chrome://juggler/content/protocol/Dispatcher.js:69:36&#10;receiveMessage@chrome://juggler/content/components/Juggler.js:117:20&#10;&#10;=========================== logs ===========================&#10;navigating to &quot;$MUI_URL&quot;, waiting until &quot;load&quot;&#10;============================================================" type="AssertionError"/>
</testcase>
<testcase classname="Testsuites.MUI.Regression.Mui.Smoke" name="Open Reports Page and Verify" time="0.010">
<failure message="Error: No page open." type="AssertionError"/>
</testcase>
<testcase classname="Testsuites.MUI.Regression.Mui.Smoke" name="Verify Each Report Can be Downloaded" time="0.010">
<failure message="Error: Could not find active page" type="AssertionError"/>
</testcase>
<testcase classname="Testsuites.MUI.Regression.Mui.Smoke" name="Verify Usage Page" time="0.010">
<failure message="Error: No page open." type="AssertionError"/>
</testcase>
<testcase classname="Testsuites.MUI.Regression.Mui.Smoke" name="Verify Maintenance Page" time="0.009">
<failure message="Error: No page open." type="AssertionError"/>
</testcase>
<testcase classname="Testsuites.MUI.Regression.Mui.Smoke" name="Verify Customers Page" time="0.013">
<failure message="Error: No page open." type="AssertionError"/>
</testcase>
<testcase classname="Testsuites.MUI.Regression.Mui.Smoke" name="Verify Pricing Page" time="0.016">
<failure message="Error: No page open." type="AssertionError"/>
</testcase>
<testcase classname="Testsuites.MUI.Regression.Mui.Smoke" name="Verify Allotments Page" time="0.011">
<failure message="Error: No page open." type="AssertionError"/>
</testcase>
<testcase classname="Testsuites.MUI.Regression.Mui.Smoke" name="Verify Vouchers Page" time="0.010">
<failure message="Error: No page open." type="AssertionError"/>
</testcase>
<testcase classname="Testsuites.MUI.Regression.Mui.Smoke" name="Verify Breakfast Page" time="0.008">
<failure message="Error: No page open." type="AssertionError"/>
</testcase>
<testcase classname="Testsuites.MUI.Regression.Mui.Smoke" name="Verify Settings Page" time="0.009">
<failure message="Error: No page open." type="AssertionError"/>
</testcase>
<testcase classname="Testsuites.MUI.Regression.Mui.Smoke" name="Verify Locks Page" time="0.008">
<failure message="Error: No page open." type="AssertionError"/>
</testcase>
<testcase classname="Testsuites.MUI.Regression.Mui.Smoke" name="Log Out" time="0.009">
<failure message="Error: Could not find active page" type="AssertionError"/>
</testcase>
<testcase classname="Testsuites.MUI.Regression.Mui.Smoke" name="Try Logging in without Password" time="0.400">
<failure message="Error: page.goto: Protocol error (Page.navigate): Invalid url: &quot;$MUI_URL&quot; Page.navigate@chrome://juggler/content/protocol/PageHandler.js:385:13&#10;dispatch@chrome://juggler/content/protocol/Dispatcher.js:132:39&#10;_dispatch@chrome://juggler/content/protocol/Dispatcher.js:69:36&#10;receiveMessage@chrome://juggler/content/components/Juggler.js:117:20&#10;&#10;=========================== logs ===========================&#10;navigating to &quot;$MUI_URL&quot;, waiting until &quot;load&quot;&#10;============================================================" type="AssertionError"/>
</testcase>
<testcase classname="Testsuites.MUI.Regression.Mui.Smoke" name="Try Logging in without Username" time="0.363">
<failure message="Error: page.goto: Protocol error (Page.navigate): Invalid url: &quot;$MUI_URL&quot; Page.navigate@chrome://juggler/content/protocol/PageHandler.js:385:13&#10;dispatch@chrome://juggler/content/protocol/Dispatcher.js:132:39&#10;_dispatch@chrome://juggler/content/protocol/Dispatcher.js:69:36&#10;receiveMessage@chrome://juggler/content/components/Juggler.js:117:20&#10;&#10;=========================== logs ===========================&#10;navigating to &quot;$MUI_URL&quot;, waiting until &quot;load&quot;&#10;============================================================" type="AssertionError"/>
</testcase>
<testcase classname="Testsuites.MUI.Regression.Mui.Smoke" name="Try Logging in with incorrect Password/Username combination" time="0.280">
<failure message="Error: page.goto: Protocol error (Page.navigate): Invalid url: &quot;$MUI_URL&quot; Page.navigate@chrome://juggler/content/protocol/PageHandler.js:385:13&#10;dispatch@chrome://juggler/content/protocol/Dispatcher.js:132:39&#10;_dispatch@chrome://juggler/content/protocol/Dispatcher.js:69:36&#10;receiveMessage@chrome://juggler/content/components/Juggler.js:117:20&#10;&#10;=========================== logs ===========================&#10;navigating to &quot;$MUI_URL&quot;, waiting until &quot;load&quot;&#10;============================================================" type="AssertionError"/>
</testcase>
<properties>
<property name="Documentation" value="This file contains smoke tests for MUI"/>
</properties>
</testsuite>
</testsuite>
</testsuite>
<testsuite name="OTA" tests="7" errors="0" failures="2" skipped="0" time="55.193" timestamp="2023-10-30T17:24:00.869000">
<testsuite name="Bdc" tests="4" errors="0" failures="2" skipped="0" time="55.144" timestamp="2023-10-30T17:24:00.871000">
<testcase classname="Testsuites.OTA.Bdc" name="Open BDC and Check for Availability" time="7.147">
</testcase>
<testcase classname="Testsuites.OTA.Bdc" name="Create Reservation in BDC" time="3.241">
</testcase>
<testcase classname="Testsuites.OTA.Bdc" name="Fill Contact Information and Payment Details" time="43.903">
<failure message="TimeoutError: locator.click: Timeout 30000ms exceeded.&#10;=========================== logs ===========================&#10;waiting for locator('id=cc_type')&#10;  locator resolved to &lt;select required=&quot;&quot; id=&quot;cc_type&quot; name=&quot;cc_type&quot; data-tab…&gt;…&lt;/select&gt;&#10;attempting click action&#10;  waiting for element to be visible, enabled and stable&#10;  element is visible, enabled and stable&#10;  scrolling into view if needed&#10;  done scrolling&#10;  &lt;div class=&quot;bui-overlay__align&quot;&gt;…&lt;/div&gt; from &lt;div class=&quot;bui-overlay bui-overlay--active&quot;&gt;…&lt;/div&gt; subtree intercepts pointer events&#10;retrying click action, attempt #1&#10;  waiting for element to be visible, enabled and stable&#10;  element is visible, enabled and stable&#10;  scrolling into view if needed&#10;  done scrolling&#10;  &lt;div class=&quot;bui-overlay__align&quot;&gt;…&lt;/div&gt; from &lt;div class=&quot;bui-overlay bui-overlay--active&quot;&gt;…&lt;/div&gt; subtree intercepts pointer events&#10;retrying click action, attempt #2&#10;    [ Message content over the limit has been removed. ]&#10;  waiting for element to be visible, enabled and stable&#10;  element is visible, enabled and stable&#10;  scrolling into view if needed&#10;  done scrolling&#10;  &lt;div class=&quot;bui-overlay__align&quot;&gt;…&lt;/div&gt; from &lt;div class=&quot;bui-overlay bui-overlay--active&quot;&gt;…&lt;/div&gt; subtree intercepts pointer events&#10;retrying click action, attempt #13&#10;  waiting 500ms&#10;  waiting for element to be visible, enabled and stable&#10;  element is visible, enabled and stable&#10;  scrolling into view if needed&#10;  done scrolling&#10;  &lt;div class=&quot;bui-overlay__align&quot;&gt;…&lt;/div&gt; from &lt;div class=&quot;bui-overlay bui-overlay--active&quot;&gt;…&lt;/div&gt; subtree intercepts pointer events&#10;retrying click action, attempt #14&#10;  waiting 500ms&#10;  waiting for element to be visible, enabled and stable&#10;  &#10;Tip: Use &quot;Set Browser Timeout&quot; for increasing the timeout or double check your locator as the targeted element(s) couldn't be found." type="AssertionError"/>
</testcase>
<testcase classname="Testsuites.OTA.Bdc" name="Verify Confirmation Email Arrives" time="0.017">
<failure message="No keyword with name 'Wait for Latest Booking Confirmation' found. Did you try using keyword 'Browser.Wait For' and forgot to use enough whitespace between keyword and arguments?" type="AssertionError"/>
</testcase>
<properties>
<property name="Documentation" value="A test suite for verifying BDC booking functionality"/>
</properties>
</testsuite>
<testsuite name="Expedia" tests="3" errors="0" failures="0" skipped="0" time="0.037" timestamp="2023-10-30T17:24:56.021000">
<testcase classname="Testsuites.OTA.Expedia" name="Check Availability in Expedia" time="0.002">
</testcase>
<testcase classname="Testsuites.OTA.Expedia" name="Select Hotel and Create Booking" time="0.001">
</testcase>
<testcase classname="Testsuites.OTA.Expedia" name="Fill Booker Details" time="0.004">
</testcase>
<properties>
<property name="Documentation" value="This is a test suite for booking a room and checking in online"/>
</properties>
</testsuite>
</testsuite>
<properties>
<property name="Documentation" value="Argument file for running tests on Omena Staging Environmen (test3)"/>
</properties>
</testsuite>
