<?xml version="1.0" encoding="UTF-8"?>
<testsuite name="Create Booking And Check In" tests="7" errors="0" failures="5" skipped="0" time="144.810" timestamp="2023-10-30T17:17:42.754000">
<testcase classname="Create Booking And Check In" name="Select Hotel, Dates and Guests" time="0.314">
</testcase>
<testcase classname="Create Booking And Check In" name="Check Available Rooms and Select a Standard Room" time="4.852">
</testcase>
<testcase classname="Create Booking And Check In" name="Continue to Extras and Select Join for Free" time="33.876">
<failure message="TimeoutError: locator.click: Timeout 30000ms exceeded.&#10;=========================== logs ===========================&#10;waiting for locator('xpath=(//button[normalize-space()=\'Continue to payment\'])[1]')&#10;  locator resolved to &lt;button type=&quot;button&quot; class=&quot;chakra-button css-nhlqwi&quot;&gt;Continue to payment&lt;/button&gt;&#10;attempting click action&#10;  waiting for element to be visible, enabled and stable&#10;  element is visible, enabled and stable&#10;  scrolling into view if needed&#10;  done scrolling&#10;  performing click action&#10;  &lt;div id=&quot;CybotCookiebotDialogFooter&quot;&gt;…&lt;/div&gt; from &lt;div lang=&quot;en&quot; dir=&quot;ltr&quot; role=&quot;dialog&quot; tabindex=&quot;-1&quot; …&gt;…&lt;/div&gt; subtree intercepts pointer events&#10;retrying click action, attempt #1&#10;  waiting for element to be visible, enabled and stable&#10;  element is visible, enabled and stable&#10;  scrolling into view if needed&#10;  done scrolling&#10;  performing click action&#10;    [ Message content over the limit has been removed. ]&#10;  element is visible, enabled and stable&#10;  scrolling into view if needed&#10;  done scrolling&#10;  &lt;div lang=&quot;en&quot; id=&quot;CybotCookiebotDialogBodyContentTex…&gt;We use cookies to personalise content and ads, to…&lt;/div&gt; from &lt;div lang=&quot;en&quot; dir=&quot;ltr&quot; role=&quot;dialog&quot; tabindex=&quot;-1&quot; …&gt;…&lt;/div&gt; subtree intercepts pointer events&#10;retrying click action, attempt #5&#10;  waiting 500ms&#10;  waiting for element to be visible, enabled and stable&#10;  element is visible, enabled and stable&#10;  scrolling into view if needed&#10;  done scrolling&#10;  &lt;div lang=&quot;en&quot; id=&quot;CybotCookiebotDialogBodyContentTex…&gt;We use cookies to personalise content and ads, to…&lt;/div&gt; from &lt;div lang=&quot;en&quot; dir=&quot;ltr&quot; role=&quot;dialog&quot; tabindex=&quot;-1&quot; …&gt;…&lt;/div&gt; subtree intercepts pointer events&#10;retrying click action, attempt #6&#10;  waiting 500ms&#10;  waiting for element &#10;Tip: Use &quot;Set Browser Timeout&quot; for increasing the timeout or double check your locator as the targeted element(s) couldn't be found." type="AssertionError"/>
</testcase>
<testcase classname="Create Booking And Check In" name="Fill in Booker Contact Information" time="0.014">
<failure message="No keyword with name 'Create new Inbox' found." type="AssertionError"/>
</testcase>
<testcase classname="Create Booking And Check In" name="Pay using Web Bank and Nordea" time="30.108">
<failure message="TimeoutError: locator.click: Timeout 30000ms exceeded.&#10;=========================== logs ===========================&#10;waiting for locator('xpath=//div[contains(text(), &quot;Web bank payment&quot;)]')&#10;============================================================&#10;Tip: Use &quot;Set Browser Timeout&quot; for increasing the timeout or double check your locator as the targeted element(s) couldn't be found." type="AssertionError"/>
</testcase>
<testcase classname="Create Booking And Check In" name="Check In Online" time="30.098">
<failure message="TimeoutError: locator.waitFor: Timeout 30000ms exceeded.&#10;=========================== logs ===========================&#10;waiting for locator('xpath=(//button[text()=&quot;Check in&quot;])[1]') to be visible&#10;============================================================&#10;Tip: Use &quot;Set Browser Timeout&quot; for increasing the timeout or double check your locator as the targeted element(s) couldn't be found." type="AssertionError"/>
</testcase>
<testcase classname="Create Booking And Check In" name="Wait for Door Code and Verify Page" time="40.375">
<failure message="TimeoutError: locator.elementHandle: Timeout 30000ms exceeded.&#10;=========================== logs ===========================&#10;waiting for locator('xpath=//*[contains(text(), &quot;Door code&quot;)]/following-sibling::*')&#10;============================================================&#10;Tip: Use &quot;Set Browser Timeout&quot; for increasing the timeout or double check your locator as the targeted element(s) couldn't be found." type="AssertionError"/>
</testcase>
<properties>
<property name="Documentation" value="Argument file for running tests on Omena Staging Environmen (test3)"/>
</properties>
</testsuite>
