<?xml version="1.0" encoding="UTF-8"?>
<testsuite name="Testsuites" tests="35" errors="0" failures="25" skipped="0" time="1244.526" timestamp="2023-08-15T08:11:03.882000">
<testsuite name="BUI" tests="13" errors="0" failures="10" skipped="0" time="1026.840" timestamp="2023-08-15T08:11:03.891000">
<testsuite name="Feature" tests="11" errors="0" failures="9" skipped="0" time="939.007" timestamp="2023-08-15T08:11:03.891000">
<testsuite name="Online Check In" tests="11" errors="0" failures="9" skipped="0" time="939.005" timestamp="2023-08-15T08:11:03.892000">
<testsuite name="BUI2-556" tests="7" errors="0" failures="7" skipped="0" time="653.983" timestamp="2023-08-15T08:11:03.892000">
<testcase classname="Testsuites.BUI.Feature.Online Check In.BUI2-556" name="Select Hotel, Dates and Guests" time="90.066">
<failure message="TimeoutError: locator.click: Timeout 90000ms exceeded.&#10;=========================== logs ===========================&#10;waiting for locator('xpath=//div[contains(@data-nelson-btn, &quot;hotels&quot;)]')&#10;============================================================&#10;Tip: Use &quot;Set Browser Timeout&quot; for increasing the timeout or double check your locator as the targeted element(s) couldn't be found." type="AssertionError"/>
</testcase>
<testcase classname="Testsuites.BUI.Feature.Online Check In.BUI2-556" name="Check Available Rooms and Select a Standard Room" time="90.059">
<failure message="TimeoutError: locator.click: Timeout 90000ms exceeded.&#10;=========================== logs ===========================&#10;waiting for locator('xpath=//button[contains(@class, \'booking-form-button\') and contains(text(), \'Book\')]')&#10;============================================================&#10;Tip: Use &quot;Set Browser Timeout&quot; for increasing the timeout or double check your locator as the targeted element(s) couldn't be found." type="AssertionError"/>
</testcase>
<testcase classname="Testsuites.BUI.Feature.Online Check In.BUI2-556" name="Continue to Extras and Select Join for Free" time="90.010">
<failure message="TimeoutError: locator.click: Timeout 90000ms exceeded.&#10;=========================== logs ===========================&#10;waiting for locator('xpath=(//div[contains(@view,&quot;booking&quot;)]//button[contains(text(), &quot;Continue to extras&quot;)])[1]')&#10;============================================================&#10;Tip: Use &quot;Set Browser Timeout&quot; for increasing the timeout or double check your locator as the targeted element(s) couldn't be found." type="AssertionError"/>
</testcase>
<testcase classname="Testsuites.BUI.Feature.Online Check In.BUI2-556" name="Fill in Booker Contact Information" time="91.402">
<failure message="TimeoutError: locator.click: Timeout 90000ms exceeded.&#10;=========================== logs ===========================&#10;waiting for locator('id=firstName')&#10;============================================================&#10;Tip: Use &quot;Set Browser Timeout&quot; for increasing the timeout or double check your locator as the targeted element(s) couldn't be found." type="AssertionError"/>
</testcase>
<testcase classname="Testsuites.BUI.Feature.Online Check In.BUI2-556" name="Pay using Web Bank and Nordea" time="90.062">
<failure message="TimeoutError: locator.click: Timeout 90000ms exceeded.&#10;=========================== logs ===========================&#10;waiting for locator('xpath=//div[contains(text(), &quot;Web bank payment&quot;)]')&#10;============================================================&#10;Tip: Use &quot;Set Browser Timeout&quot; for increasing the timeout or double check your locator as the targeted element(s) couldn't be found." type="AssertionError"/>
</testcase>
<testcase classname="Testsuites.BUI.Feature.Online Check In.BUI2-556" name="Check In Online" time="90.070">
<failure message="TimeoutError: locator.waitFor: Timeout 90000ms exceeded.&#10;=========================== logs ===========================&#10;waiting for locator('xpath=(//button[text()=&quot;Check in&quot;])[1]') to be visible&#10;============================================================&#10;Tip: Use &quot;Set Browser Timeout&quot; for increasing the timeout or double check your locator as the targeted element(s) couldn't be found." type="AssertionError"/>
</testcase>
<testcase classname="Testsuites.BUI.Feature.Online Check In.BUI2-556" name="Wait for Door Code and Verify Page" time="100.360">
<failure message="TimeoutError: locator.elementHandle: Timeout 90000ms exceeded.&#10;=========================== logs ===========================&#10;waiting for locator('xpath=//*[contains(text(), &quot;Door code&quot;)]/following-sibling::*')&#10;============================================================&#10;Tip: Use &quot;Set Browser Timeout&quot; for increasing the timeout or double check your locator as the targeted element(s) couldn't be found." type="AssertionError"/>
</testcase>
<properties>
<property name="Documentation" value="This is a test suite for booking a room and checking in online"/>
</properties>
</testsuite>
<testsuite name="BUI2-557" tests="4" errors="0" failures="2" skipped="0" time="285.016" timestamp="2023-08-15T08:21:57.878000">
<testcase classname="Testsuites.BUI.Feature.Online Check In.BUI2-557" name="Create a new Booking" time="101.725">
<failure message="TimeoutError: locator.click: Timeout 90000ms exceeded.&#10;=========================== logs ===========================&#10;waiting for locator('xpath=//div[contains(@data-nelson-btn, &quot;hotels&quot;)]')&#10;============================================================&#10;Tip: Use &quot;Set Browser Timeout&quot; for increasing the timeout or double check your locator as the targeted element(s) couldn't be found." type="AssertionError"/>
</testcase>
<testcase classname="Testsuites.BUI.Feature.Online Check In.BUI2-557" name="Add Someone Else as the Main Guest" time="93.538">
<failure message="TimeoutError: locator.waitFor: Timeout 90000ms exceeded.&#10;=========================== logs ===========================&#10;waiting for locator('xpath=(//button[text()=&quot;Check in&quot;])[1]') to be visible&#10;============================================================&#10;Tip: Use &quot;Set Browser Timeout&quot; for increasing the timeout or double check your locator as the targeted element(s) couldn't be found." type="AssertionError"/>
</testcase>
<testcase classname="Testsuites.BUI.Feature.Online Check In.BUI2-557" name="Validation shows msg for fields marked" time="63.604">
</testcase>
<testcase classname="Testsuites.BUI.Feature.Online Check In.BUI2-557" name="Showing imported passport when the National is not Finland" time="26.119">
</testcase>
</testsuite>
</testsuite>
</testsuite>
<testsuite name="Regression" tests="2" errors="0" failures="1" skipped="0" time="87.831" timestamp="2023-08-15T08:26:42.899000">
<testsuite name="Create Booking" tests="2" errors="0" failures="1" skipped="0" time="87.826" timestamp="2023-08-15T08:26:42.901000">
<testcase classname="Testsuites.BUI.Regression.Create Booking" name="Create A New Booking as" time="22.852">
</testcase>
<testcase classname="Testsuites.BUI.Regression.Create Booking" name="Confirm Email and Open Link" time="62.036">
<failure message="ApiException: (408)&#10;Reason: &#10;HTTP response headers: HTTPHeaderDict({'Date': 'Tue, 15 Aug 2023 05:28:10 GMT', 'Content-Type': 'text/plain;charset=UTF-8', 'Content-Length': '1069', 'Connection': 'keep-alive', 'X-XSS-Protection': '1; mode=block', 'Referrer-Policy': 'same-origin', 'Strict-Transport-Security': 'max-age=63072000; includeSubdomains; preload', 'X-Content-Type-Options': 'nosniff', 'Content-Security-Policy': &quot;default-src https: 'self' app.mailslurp.com *.mailslurp.com *.mailslurp.link *.mailslurp.dev http://localhost:3000; object-src none; frame-ancestors 'self' app.mailslurp.com *.mailslurp.com *.mailslurp.link *.mailslurp.dev http://localhost:3000; img-src * data: 'unsafe-inline'; style-src * data: 'unsafe-inline';&quot;, 'Vary': 'origin,access-control-request-method,access-control-request-headers,accept-encoding', 'Cache-Control': 'no-cache, no-store, max-age=0, must-revalidate', 'Pragma': 'no-cache', 'Expires': '0', 'X-Frame-Options': 'DENY'})&#10;HTTP response body: {&quot;message&quot;:&quot;Failed to satisfy email query for inbox ID `1a4c01ee-7e60-4e9b-9ab1-dd16ba495037` for user ID `a2f48756-8279-471d-bb55-980a32334d37`. Expected minimum message count of `10`. Found at most `1`(after max timeout of `60000 ms` and a back-off period of `1000 ms`). Did you send an email to the inbox? The inbox's email address is `1a4c01ee-7e60-4e9b-9ab1-dd16ba495037@mailslurp.com`. Sort direction `ASC`, unread only `true`, match options `{\&quot;matches\&quot;:[{\&quot;field\&quot;:\&quot;SUBJECT\&quot;,\&quot;should\&quot;:\&quot;CONTAIN\&quot;,\&quot;value\&quot;:\&quot;Booking confirmation\&quot;}],\&quot;conditions\&quot;:null}`, created at after `2000-01-01T00:00:00Z` and created at before `3000-01-01T00:00:00Z`&quot;,&quot;caseNumber&quot;:&quot;CASE-NF-383d7afb-6d57-4779-8db7-579d8bd6d9ec&quot;,&quot;errorClass&quot;:&quot;GetMessagesRetryException&quot;,&quot;errorCode&quot;:&quot;E_001_UNEXPECTED_ERROR&quot;,&quot;comment&quot;:&quot;If your error persists please submit a ticket at `https://mailslurp.zendesk.com/hc/en-us/requests/new`. Please include your error `caseNumber` if available to help support debug the issue. Sharing screenshots or samples of your code will help the team understand.&quot;}&#10;" type="AssertionError"/>
</testcase>
<properties>
<property name="Documentation" value="A test suite for verifying modify booking functionality"/>
</properties>
</testsuite>
</testsuite>
</testsuite>
<testsuite name="Customer Specific" tests="13" errors="0" failures="6" skipped="0" time="211.151" timestamp="2023-08-15T08:28:10.732000">
<testsuite name="Kensington Stay" tests="13" errors="0" failures="6" skipped="0" time="211.148" timestamp="2023-08-15T08:28:10.733000">
<testsuite name="Confirm Bdc Booking" tests="3" errors="0" failures="2" skipped="0" time="3.284" timestamp="2023-08-15T08:28:10.733000">
<testcase classname="Testsuites.Customer Specific.Kensington Stay.Confirm Bdc Booking" name="Create A New Booking on Booking.com for a later date and verify Emails" time="0.000">
</testcase>
<testcase classname="Testsuites.Customer Specific.Kensington Stay.Confirm Bdc Booking" name="Open Booking in MUI" time="0.746">
<failure message="Error: page.goto: Protocol error (Page.navigate): Invalid url: &quot;$MUI_URL&quot; Page.navigate@chrome://juggler/content/protocol/PageHandler.js:386:13&#10;dispatch@chrome://juggler/content/protocol/Dispatcher.js:132:39&#10;_dispatch@chrome://juggler/content/protocol/Dispatcher.js:69:36&#10;receiveMessage@chrome://juggler/content/components/Juggler.js:118:20&#10;&#10;=========================== logs ===========================&#10;navigating to &quot;$MUI_URL&quot;, waiting until &quot;load&quot;&#10;============================================================" type="AssertionError"/>
</testcase>
<testcase classname="Testsuites.Customer Specific.Kensington Stay.Confirm Bdc Booking" name="Cancel Booking in MUI" time="0.005">
<failure message="Error: Could not find active page" type="AssertionError"/>
</testcase>
<properties>
<property name="Documentation" value="A test suite for verifying modify booking functionality"/>
</properties>
</testsuite>
<testsuite name="Create Bdc Booking" tests="4" errors="0" failures="1" skipped="0" time="92.343" timestamp="2023-08-15T08:28:14.021000">
<testcase classname="Testsuites.Customer Specific.Kensington Stay.Create Bdc Booking" name="Open BDC and Check for Availability" time="5.336">
</testcase>
<testcase classname="Testsuites.Customer Specific.Kensington Stay.Create Bdc Booking" name="Create Reservation in BDC" time="3.531">
</testcase>
<testcase classname="Testsuites.Customer Specific.Kensington Stay.Create Bdc Booking" name="Fill Contact Information and Payment Details" time="21.523">
</testcase>
<testcase classname="Testsuites.Customer Specific.Kensington Stay.Create Bdc Booking" name="Verify Emails and Get Booking No" time="61.565">
<failure message="ApiException: (408)&#10;Reason: &#10;HTTP response headers: HTTPHeaderDict({'Date': 'Tue, 15 Aug 2023 05:29:45 GMT', 'Content-Type': 'text/plain;charset=UTF-8', 'Content-Length': '1061', 'Connection': 'keep-alive', 'X-XSS-Protection': '1; mode=block', 'Referrer-Policy': 'same-origin', 'Strict-Transport-Security': 'max-age=63072000; includeSubdomains; preload', 'X-Content-Type-Options': 'nosniff', 'Content-Security-Policy': &quot;default-src https: 'self' app.mailslurp.com *.mailslurp.com *.mailslurp.link *.mailslurp.dev http://localhost:3000; object-src none; frame-ancestors 'self' app.mailslurp.com *.mailslurp.com *.mailslurp.link *.mailslurp.dev http://localhost:3000; img-src * data: 'unsafe-inline'; style-src * data: 'unsafe-inline';&quot;, 'Vary': 'origin,access-control-request-method,access-control-request-headers,accept-encoding', 'Cache-Control': 'no-cache, no-store, max-age=0, must-revalidate', 'Pragma': 'no-cache', 'Expires': '0', 'X-Frame-Options': 'DENY'})&#10;HTTP response body: {&quot;message&quot;:&quot;Failed to satisfy email query for inbox ID `492aa3bb-9e4b-410a-a02c-84f13ace89e8` for user ID `a2f48756-8279-471d-bb55-980a32334d37`. Expected minimum message count of `10`. Found at most `1`(after max timeout of `60000 ms` and a back-off period of `1000 ms`). Did you send an email to the inbox? The inbox's email address is `492aa3bb-9e4b-410a-a02c-84f13ace89e8@mailslurp.com`. Sort direction `ASC`, unread only `true`, match options `{\&quot;matches\&quot;:[{\&quot;field\&quot;:\&quot;SUBJECT\&quot;,\&quot;should\&quot;:\&quot;CONTAIN\&quot;,\&quot;value\&quot;:\&quot;is confirmed\&quot;}],\&quot;conditions\&quot;:null}`, created at after `2000-01-01T00:00:00Z` and created at before `3000-01-01T00:00:00Z`&quot;,&quot;caseNumber&quot;:&quot;CASE-NF-9d78cd04-9039-457d-916a-60fa7cb81aa1&quot;,&quot;errorClass&quot;:&quot;GetMessagesRetryException&quot;,&quot;errorCode&quot;:&quot;E_001_UNEXPECTED_ERROR&quot;,&quot;comment&quot;:&quot;If your error persists please submit a ticket at `https://mailslurp.zendesk.com/hc/en-us/requests/new`. Please include your error `caseNumber` if available to help support debug the issue. Sharing screenshots or samples of your code will help the team understand.&quot;}&#10;" type="AssertionError"/>
</testcase>
<properties>
<property name="Documentation" value="A test suite for verifying modify booking functionality"/>
</properties>
</testsuite>
<testsuite name="Create Bui Booking" tests="5" errors="0" failures="2" skipped="0" time="112.223" timestamp="2023-08-15T08:29:46.367000">
<testcase classname="Testsuites.Customer Specific.Kensington Stay.Create Bui Booking" name="Open Kensington Stay Home Page" time="2.768">
</testcase>
<testcase classname="Testsuites.Customer Specific.Kensington Stay.Create Bui Booking" name="Open Menu and Click Book a Room" time="0.246">
</testcase>
<testcase classname="Testsuites.Customer Specific.Kensington Stay.Create Bui Booking" name="Verify Booking Page Elements" time="6.057">
</testcase>
<testcase classname="Testsuites.Customer Specific.Kensington Stay.Create Bui Booking" name="Create New Booking in KS" time="102.803">
<failure message="TimeoutError: locator.selectOption: Timeout 90000ms exceeded.&#10;=========================== logs ===========================&#10;waiting for locator('id=brandTypeSelect')&#10;============================================================&#10;Tip: Use &quot;Set Browser Timeout&quot; for increasing the timeout or double check your locator as the targeted element(s) couldn't be found." type="AssertionError"/>
</testcase>
<testcase classname="Testsuites.Customer Specific.Kensington Stay.Create Bui Booking" name="Verify Booking Complete" time="0.001">
<failure message="Test contains no keywords." type="AssertionError"/>
</testcase>
<properties>
<property name="Documentation" value="A test suite for verifying the Kensington Stay Home Page"/>
</properties>
</testsuite>
<testsuite name="Create Mui Booking" tests="1" errors="0" failures="1" skipped="0" time="3.284" timestamp="2023-08-15T08:31:38.593000">
<testcase classname="Testsuites.Customer Specific.Kensington Stay.Create Mui Booking" name="Start Creating a new Booking in MUI" time="0.752">
<failure message="Error: page.goto: Protocol error (Page.navigate): Invalid url: &quot;$MUI_URL&quot; Page.navigate@chrome://juggler/content/protocol/PageHandler.js:386:13&#10;dispatch@chrome://juggler/content/protocol/Dispatcher.js:132:39&#10;_dispatch@chrome://juggler/content/protocol/Dispatcher.js:69:36&#10;receiveMessage@chrome://juggler/content/components/Juggler.js:118:20&#10;&#10;=========================== logs ===========================&#10;navigating to &quot;$MUI_URL&quot;, waiting until &quot;load&quot;&#10;============================================================" type="AssertionError"/>
</testcase>
<properties>
<property name="Documentation" value="A test suite for verifying modify booking functionality"/>
</properties>
</testsuite>
</testsuite>
</testsuite>
<testsuite name="MUI" tests="9" errors="0" failures="9" skipped="0" time="6.521" timestamp="2023-08-15T08:31:41.885000">
<testsuite name="Feature" tests="2" errors="0" failures="2" skipped="0" time="3.253" timestamp="2023-08-15T08:31:41.886000">
<testsuite name="MUI-430" tests="2" errors="0" failures="2" skipped="0" time="3.247" timestamp="2023-08-15T08:31:41.888000">
<testcase classname="Testsuites.MUI.Feature.MUI-430" name="Filter all reservations with Check-in incomplete" time="0.608">
<failure message="Error: page.goto: Protocol error (Page.navigate): Invalid url: &quot;$MUI_URL&quot; Page.navigate@chrome://juggler/content/protocol/PageHandler.js:386:13&#10;dispatch@chrome://juggler/content/protocol/Dispatcher.js:132:39&#10;_dispatch@chrome://juggler/content/protocol/Dispatcher.js:69:36&#10;receiveMessage@chrome://juggler/content/components/Juggler.js:118:20&#10;&#10;=========================== logs ===========================&#10;navigating to &quot;$MUI_URL&quot;, waiting until &quot;load&quot;&#10;============================================================" type="AssertionError"/>
</testcase>
<testcase classname="Testsuites.MUI.Feature.MUI-430" name="Remove filter and find a reservation with Check-in complete" time="0.129">
<failure message="Error: page.goto: Protocol error (Page.navigate): Invalid url: &quot;$MUI_URL&quot; Page.navigate@chrome://juggler/content/protocol/PageHandler.js:386:13&#10;dispatch@chrome://juggler/content/protocol/Dispatcher.js:132:39&#10;_dispatch@chrome://juggler/content/protocol/Dispatcher.js:69:36&#10;receiveMessage@chrome://juggler/content/components/Juggler.js:118:20&#10;&#10;=========================== logs ===========================&#10;navigating to &quot;$MUI_URL&quot;, waiting until &quot;load&quot;&#10;============================================================" type="AssertionError"/>
</testcase>
<properties>
<property name="Documentation" value="This file contains test cases for testing MUI-430.robot"/>
</properties>
</testsuite>
</testsuite>
<testsuite name="Regression" tests="7" errors="0" failures="7" skipped="0" time="3.266" timestamp="2023-08-15T08:31:45.139000">
<testsuite name="Smoke" tests="7" errors="0" failures="7" skipped="0" time="3.260" timestamp="2023-08-15T08:31:45.141000">
<testcase classname="Testsuites.MUI.Regression.Smoke" name="Try Logging in without Password" time="0.631">
<failure message="Error: page.goto: Protocol error (Page.navigate): Invalid url: &quot;$MUI_URL&quot; Page.navigate@chrome://juggler/content/protocol/PageHandler.js:386:13&#10;dispatch@chrome://juggler/content/protocol/Dispatcher.js:132:39&#10;_dispatch@chrome://juggler/content/protocol/Dispatcher.js:69:36&#10;receiveMessage@chrome://juggler/content/components/Juggler.js:118:20&#10;&#10;=========================== logs ===========================&#10;navigating to &quot;$MUI_URL&quot;, waiting until &quot;load&quot;&#10;============================================================" type="AssertionError"/>
</testcase>
<testcase classname="Testsuites.MUI.Regression.Smoke" name="Try Logging in without Username" time="0.125">
<failure message="Error: page.goto: Protocol error (Page.navigate): Invalid url: &quot;$MUI_URL&quot; Page.navigate@chrome://juggler/content/protocol/PageHandler.js:386:13&#10;dispatch@chrome://juggler/content/protocol/Dispatcher.js:132:39&#10;_dispatch@chrome://juggler/content/protocol/Dispatcher.js:69:36&#10;receiveMessage@chrome://juggler/content/components/Juggler.js:118:20&#10;&#10;=========================== logs ===========================&#10;navigating to &quot;$MUI_URL&quot;, waiting until &quot;load&quot;&#10;============================================================" type="AssertionError"/>
</testcase>
<testcase classname="Testsuites.MUI.Regression.Smoke" name="Try Logging in with incorrect Password/Username combination" time="0.121">
<failure message="Error: page.goto: Protocol error (Page.navigate): Invalid url: &quot;$MUI_URL&quot; Page.navigate@chrome://juggler/content/protocol/PageHandler.js:386:13&#10;dispatch@chrome://juggler/content/protocol/Dispatcher.js:132:39&#10;_dispatch@chrome://juggler/content/protocol/Dispatcher.js:69:36&#10;receiveMessage@chrome://juggler/content/components/Juggler.js:118:20&#10;&#10;=========================== logs ===========================&#10;navigating to &quot;$MUI_URL&quot;, waiting until &quot;load&quot;&#10;============================================================" type="AssertionError"/>
</testcase>
<testcase classname="Testsuites.MUI.Regression.Smoke" name="Log in with correct Username and Password" time="0.115">
<failure message="Error: page.goto: Protocol error (Page.navigate): Invalid url: &quot;$MUI_URL&quot; Page.navigate@chrome://juggler/content/protocol/PageHandler.js:386:13&#10;dispatch@chrome://juggler/content/protocol/Dispatcher.js:132:39&#10;_dispatch@chrome://juggler/content/protocol/Dispatcher.js:69:36&#10;receiveMessage@chrome://juggler/content/components/Juggler.js:118:20&#10;&#10;=========================== logs ===========================&#10;navigating to &quot;$MUI_URL&quot;, waiting until &quot;load&quot;&#10;============================================================" type="AssertionError"/>
</testcase>
<testcase classname="Testsuites.MUI.Regression.Smoke" name="Verify Users Page" time="0.002">
<failure message="Error: Could not find active page" type="AssertionError"/>
</testcase>
<testcase classname="Testsuites.MUI.Regression.Smoke" name="Verify User Profile" time="0.003">
<failure message="Error: Could not find active page" type="AssertionError"/>
</testcase>
<testcase classname="Testsuites.MUI.Regression.Smoke" name="Log Out" time="0.003">
<failure message="Error: Could not find active page" type="AssertionError"/>
</testcase>
<properties>
<property name="Documentation" value="This file contains smoke tests for MUI"/>
</properties>
</testsuite>
</testsuite>
</testsuite>
<properties>
<property name="Documentation" value="Argument file for running tests on Omena Staging Environmen (test3)"/>
</properties>
</testsuite>
