<?xml version="1.0" encoding="UTF-8"?>
<robot generator="Robot 5.0.1 (Python 3.10.12 on linux)" generated="20230709 18:20:43.155" rpa="false" schemaversion="3">
<suite id="s1" name="Testsuites" source="/home/runner/work/nelson-test-automation/nelson-test-automation/testsuites">
<suite id="s1-s1" name="BUI" source="/home/runner/work/nelson-test-automation/nelson-test-automation/testsuites/BUI">
<suite id="s1-s1-s1" name="Feature" source="/home/runner/work/nelson-test-automation/nelson-test-automation/testsuites/BUI/feature">
<suite id="s1-s1-s1-s1" name="Online Check In" source="/home/runner/work/nelson-test-automation/nelson-test-automation/testsuites/BUI/feature/online_check_in">
<suite id="s1-s1-s1-s1-s1" name="BUI2-556" source="/home/runner/work/nelson-test-automation/nelson-test-automation/testsuites/BUI/feature/online_check_in/BUI2-556.robot">
<kw name="Open Browser to Landing Page" library="common" type="SETUP">
<doc>A general startup keyword for opening a browser to the landing page.</doc>
<kw name="Open New Browser To URL" library="common">
<arg>${url}</arg>
<kw name="New Browser" library="Browser">
<arg>${browser}</arg>
<arg>${headless}</arg>
<arg>timeout=${timeout}</arg>
<tag>BrowserControl</tag>
<tag>Setter</tag>
<doc>Create a new playwright Browser with specified options.</doc>
<msg timestamp="20230709 18:20:44.184" level="INFO">{"browser": "chromium", "headless": false, "devtools": false, "handleSIGHUP": true, "handleSIGINT": true, "handleSIGTERM": true, "slowMo": 0.0, "timeout": 90000.0, "deprecated_pos_args": [], "tracesDir": "/home/runner/work/nelson-test-automation/nelson-test-automation/reports/ectest/browser/traces/e2fbf591-8d6a-47f9-9546-8998edf80718"}</msg>
<msg timestamp="20230709 18:20:44.626" level="WARN">Keyword 'Take Screenshot  fail-screenshot-{index}' could not be run on failure:
Error: Tried to take screenshot, but no page was open.</msg>
<msg timestamp="20230709 18:20:44.626" level="INFO">See also file:///home/runner/work/nelson-test-automation/nelson-test-automation/reports/ectest/playwright-log.txt for additional details.</msg>
<msg timestamp="20230709 18:20:44.627" level="FAIL">Error: browserType.launch: 
╔════════════════════════════════════════════════════════════════════════════════════════════════╗
║ Looks like you launched a headed browser without having a XServer running.                     ║
║ Set either 'headless: true' or use 'xvfb-run &lt;your-playwright-app&gt;' before running Playwright. ║
║                                                                                                ║
║ &lt;3 Playwright Team                                                                             ║
╚════════════════════════════════════════════════════════════════════════════════════════════════╝
=========================== logs ===========================
&lt;launching&gt; /opt/hostedtoolcache/Python/3.10.12/x64/lib/python3.10/site-packages/Browser/wrapper/node_modules/playwright-core/.local-browsers/chromium-1067/chrome-linux/chrome --disable-field-trial-config --disable-background-networking --enable-features=NetworkService,NetworkServiceInProcess --disable-background-timer-throttling --disable-backgrounding-occluded-windows --disable-back-forward-cache --disable-breakpad --disable-client-side-phishing-detection --disable-component-extensions-with-background-pages --disable-component-update --no-default-browser-check --disable-default-apps --disable-dev-shm-usage --disable-extensions --disable-features=ImprovedCookieControls,LazyFrameLoading,GlobalMediaControls,DestroyProfileOnBrowserClose,MediaRouter,DialMediaRouteProvider,AcceptCHFrame,AutoExpandDetailsElement,CertificateTransparencyComponentUpdater,AvoidUnnecessaryBeforeUnloadCheckSync,Translate --allow-pre-commit-input --disable-hang-monitor --disable-ipc-flooding-protection --disable-popup-blocking --disable-prompt-on-repost --disable-renderer-backgrounding --force-color-profile=srgb --metrics-recording-only --no-first-run --enable-automation --password-store=basic --use-mock-keychain --no-service-autorun --export-tagged-pdf --no-sandbox --user-data-dir=/tmp/playwright_chromiumdev_profile-Ew7VKc --remote-debugging-pipe --no-startup-window
&lt;launched&gt; pid=3057
[pid=3057][err] [3057:3057:0709/182044.601517:ERROR:ozone_platform_x11.cc(239)] Missing X server or $DISPLAY
[pid=3057][err] [3057:3057:0709/182044.601569:ERROR:env.cc(255)] The platform failed to initialize.  Exiting.
============================================================</msg>
<status status="FAIL" starttime="20230709 18:20:44.184" endtime="20230709 18:20:44.638"/>
</kw>
<kw name="Set Browser Timeout" library="Browser">
<arg>${timeout}</arg>
<tag>Config</tag>
<tag>Setter</tag>
<doc>Sets the timeout used by most input and getter keywords.</doc>
<status status="NOT RUN" starttime="20230709 18:20:44.638" endtime="20230709 18:20:44.638"/>
</kw>
<kw name="New Context" library="Browser">
<tag>BrowserControl</tag>
<tag>Setter</tag>
<doc>Create a new BrowserContext with specified options.</doc>
<status status="NOT RUN" starttime="20230709 18:20:44.639" endtime="20230709 18:20:44.639"/>
</kw>
<kw name="New Page" library="Browser">
<arg>${url}</arg>
<tag>BrowserControl</tag>
<tag>Setter</tag>
<doc>Open a new Page.</doc>
<status status="NOT RUN" starttime="20230709 18:20:44.639" endtime="20230709 18:20:44.639"/>
</kw>
<status status="FAIL" starttime="20230709 18:20:44.183" endtime="20230709 18:20:44.640"/>
</kw>
<kw name="Wait Until Network Is Idle" library="Browser">
<tag>HTTP</tag>
<tag>Wait</tag>
<doc>Waits until there has been at least one instance of 500 ms of no network traffic on the page after loading.</doc>
<status status="NOT RUN" starttime="20230709 18:20:44.640" endtime="20230709 18:20:44.640"/>
</kw>
<kw name="Allow Cookies" library="common">
<doc>Allow Cookies/Toggle Cookie allowance</doc>
<status status="NOT RUN" starttime="20230709 18:20:44.640" endtime="20230709 18:20:44.640"/>
</kw>
<kw name="Set Environment" library="common">
<status status="NOT RUN" starttime="20230709 18:20:44.640" endtime="20230709 18:20:44.640"/>
</kw>
<status status="FAIL" starttime="20230709 18:20:44.182" endtime="20230709 18:20:44.641"/>
</kw>
<test id="s1-s1-s1-s1-s1-t1" name="Select Hotel, Dates and Guests" line="14">
<tag>smoke, booking, BUI2-556, online-checkin</tag>
<status status="FAIL" starttime="20230709 18:20:44.641" endtime="20230709 18:20:44.642">Parent suite setup failed:
Error: browserType.launch: 
╔════════════════════════════════════════════════════════════════════════════════════════════════╗
║ Looks like you launched a headed browser without having a XServer running.                     ║
║ Set either 'headless: true' or use 'xvfb-run &lt;your-playwright-app&gt;' before running Playwright. ║
║                                                                                                ║
║ &lt;3 Playwright Team                                                                             ║
╚════════════════════════════════════════════════════════════════════════════════════════════════╝
=========================== logs ===========================
&lt;launching&gt; /opt/hostedtoolcache/Python/3.10.12/x64/lib/python3.10/site-packages/Browser/wrapper/node_modules/playwright-core/.local-browsers/chromium-1067/chrome-linux/chrome --disable-field-trial-config --disable-background-networking --enable-features=NetworkService,NetworkServiceInProcess --disable-background-timer-throttling --disable-backgrounding-occluded-windows --disable-back-forward-cache --disable-breakpad --disable-client-side-phishing-detection --disable-component-extensions-with-background-pages --disable-component-update --no-default-browser-check --disable-default-apps --disable-dev-shm-usage --disable-extensions --disable-features=ImprovedCookieControls,LazyFrameLoading,GlobalMediaControls,DestroyProfileOnBrowserClose,MediaRouter,DialMediaRouteProvider,AcceptCHFrame,AutoExpandDetailsElement,CertificateTransparencyComponentUpdater,AvoidUnnecessaryBeforeUnloadCheckSync,Translate --allow-pre-commit-input --disable-hang-monitor --disable-ipc-flooding-protection --disable-popup-blocking --disable-prompt-on-repost --disable-renderer-backgrounding --force-color-profile=srgb --metrics-recording-only --no-first-run --enable-automation --password-store=basic --use-mock-keychain --no-service-autorun --export-tagged-pdf --no-sandbox --user-data-dir=/tmp/playwright_chromiumdev_profile-Ew7VKc --remote-debugging-pipe --no-startup-window
&lt;launched&gt; pid=3057
[pid=3057][err] [3057:3057:0709/182044.601517:ERROR:ozone_platform_x11.cc(239)] Missing X server or $DISPLAY
[pid=3057][err] [3057:3057:0709/182044.601569:ERROR:env.cc(255)] The platform failed to initialize.  Exiting.
============================================================</status>
</test>
<test id="s1-s1-s1-s1-s1-t2" name="Check Available Rooms and Select a Standard Room" line="19">
<tag>smoke, booking, BUI2-556, online-checkin</tag>
<status status="FAIL" starttime="20230709 18:20:44.647" endtime="20230709 18:20:44.648">Parent suite setup failed:
Error: browserType.launch: 
╔════════════════════════════════════════════════════════════════════════════════════════════════╗
║ Looks like you launched a headed browser without having a XServer running.                     ║
║ Set either 'headless: true' or use 'xvfb-run &lt;your-playwright-app&gt;' before running Playwright. ║
║                                                                                                ║
║ &lt;3 Playwright Team                                                                             ║
╚════════════════════════════════════════════════════════════════════════════════════════════════╝
=========================== logs ===========================
&lt;launching&gt; /opt/hostedtoolcache/Python/3.10.12/x64/lib/python3.10/site-packages/Browser/wrapper/node_modules/playwright-core/.local-browsers/chromium-1067/chrome-linux/chrome --disable-field-trial-config --disable-background-networking --enable-features=NetworkService,NetworkServiceInProcess --disable-background-timer-throttling --disable-backgrounding-occluded-windows --disable-back-forward-cache --disable-breakpad --disable-client-side-phishing-detection --disable-component-extensions-with-background-pages --disable-component-update --no-default-browser-check --disable-default-apps --disable-dev-shm-usage --disable-extensions --disable-features=ImprovedCookieControls,LazyFrameLoading,GlobalMediaControls,DestroyProfileOnBrowserClose,MediaRouter,DialMediaRouteProvider,AcceptCHFrame,AutoExpandDetailsElement,CertificateTransparencyComponentUpdater,AvoidUnnecessaryBeforeUnloadCheckSync,Translate --allow-pre-commit-input --disable-hang-monitor --disable-ipc-flooding-protection --disable-popup-blocking --disable-prompt-on-repost --disable-renderer-backgrounding --force-color-profile=srgb --metrics-recording-only --no-first-run --enable-automation --password-store=basic --use-mock-keychain --no-service-autorun --export-tagged-pdf --no-sandbox --user-data-dir=/tmp/playwright_chromiumdev_profile-Ew7VKc --remote-debugging-pipe --no-startup-window
&lt;launched&gt; pid=3057
[pid=3057][err] [3057:3057:0709/182044.601517:ERROR:ozone_platform_x11.cc(239)] Missing X server or $DISPLAY
[pid=3057][err] [3057:3057:0709/182044.601569:ERROR:env.cc(255)] The platform failed to initialize.  Exiting.
============================================================</status>
</test>
<test id="s1-s1-s1-s1-s1-t3" name="Continue to Extras and Select Join for Free" line="23">
<tag>smoke, booking, BUI2-556, online-checkin</tag>
<status status="FAIL" starttime="20230709 18:20:44.651" endtime="20230709 18:20:44.652">Parent suite setup failed:
Error: browserType.launch: 
╔════════════════════════════════════════════════════════════════════════════════════════════════╗
║ Looks like you launched a headed browser without having a XServer running.                     ║
║ Set either 'headless: true' or use 'xvfb-run &lt;your-playwright-app&gt;' before running Playwright. ║
║                                                                                                ║
║ &lt;3 Playwright Team                                                                             ║
╚════════════════════════════════════════════════════════════════════════════════════════════════╝
=========================== logs ===========================
&lt;launching&gt; /opt/hostedtoolcache/Python/3.10.12/x64/lib/python3.10/site-packages/Browser/wrapper/node_modules/playwright-core/.local-browsers/chromium-1067/chrome-linux/chrome --disable-field-trial-config --disable-background-networking --enable-features=NetworkService,NetworkServiceInProcess --disable-background-timer-throttling --disable-backgrounding-occluded-windows --disable-back-forward-cache --disable-breakpad --disable-client-side-phishing-detection --disable-component-extensions-with-background-pages --disable-component-update --no-default-browser-check --disable-default-apps --disable-dev-shm-usage --disable-extensions --disable-features=ImprovedCookieControls,LazyFrameLoading,GlobalMediaControls,DestroyProfileOnBrowserClose,MediaRouter,DialMediaRouteProvider,AcceptCHFrame,AutoExpandDetailsElement,CertificateTransparencyComponentUpdater,AvoidUnnecessaryBeforeUnloadCheckSync,Translate --allow-pre-commit-input --disable-hang-monitor --disable-ipc-flooding-protection --disable-popup-blocking --disable-prompt-on-repost --disable-renderer-backgrounding --force-color-profile=srgb --metrics-recording-only --no-first-run --enable-automation --password-store=basic --use-mock-keychain --no-service-autorun --export-tagged-pdf --no-sandbox --user-data-dir=/tmp/playwright_chromiumdev_profile-Ew7VKc --remote-debugging-pipe --no-startup-window
&lt;launched&gt; pid=3057
[pid=3057][err] [3057:3057:0709/182044.601517:ERROR:ozone_platform_x11.cc(239)] Missing X server or $DISPLAY
[pid=3057][err] [3057:3057:0709/182044.601569:ERROR:env.cc(255)] The platform failed to initialize.  Exiting.
============================================================</status>
</test>
<test id="s1-s1-s1-s1-s1-t4" name="Fill in Booker Contact Information" line="28">
<tag>smoke, booking, BUI2-556, online-checkin</tag>
<status status="FAIL" starttime="20230709 18:20:44.654" endtime="20230709 18:20:44.655">Parent suite setup failed:
Error: browserType.launch: 
╔════════════════════════════════════════════════════════════════════════════════════════════════╗
║ Looks like you launched a headed browser without having a XServer running.                     ║
║ Set either 'headless: true' or use 'xvfb-run &lt;your-playwright-app&gt;' before running Playwright. ║
║                                                                                                ║
║ &lt;3 Playwright Team                                                                             ║
╚════════════════════════════════════════════════════════════════════════════════════════════════╝
=========================== logs ===========================
&lt;launching&gt; /opt/hostedtoolcache/Python/3.10.12/x64/lib/python3.10/site-packages/Browser/wrapper/node_modules/playwright-core/.local-browsers/chromium-1067/chrome-linux/chrome --disable-field-trial-config --disable-background-networking --enable-features=NetworkService,NetworkServiceInProcess --disable-background-timer-throttling --disable-backgrounding-occluded-windows --disable-back-forward-cache --disable-breakpad --disable-client-side-phishing-detection --disable-component-extensions-with-background-pages --disable-component-update --no-default-browser-check --disable-default-apps --disable-dev-shm-usage --disable-extensions --disable-features=ImprovedCookieControls,LazyFrameLoading,GlobalMediaControls,DestroyProfileOnBrowserClose,MediaRouter,DialMediaRouteProvider,AcceptCHFrame,AutoExpandDetailsElement,CertificateTransparencyComponentUpdater,AvoidUnnecessaryBeforeUnloadCheckSync,Translate --allow-pre-commit-input --disable-hang-monitor --disable-ipc-flooding-protection --disable-popup-blocking --disable-prompt-on-repost --disable-renderer-backgrounding --force-color-profile=srgb --metrics-recording-only --no-first-run --enable-automation --password-store=basic --use-mock-keychain --no-service-autorun --export-tagged-pdf --no-sandbox --user-data-dir=/tmp/playwright_chromiumdev_profile-Ew7VKc --remote-debugging-pipe --no-startup-window
&lt;launched&gt; pid=3057
[pid=3057][err] [3057:3057:0709/182044.601517:ERROR:ozone_platform_x11.cc(239)] Missing X server or $DISPLAY
[pid=3057][err] [3057:3057:0709/182044.601569:ERROR:env.cc(255)] The platform failed to initialize.  Exiting.
============================================================</status>
</test>
<test id="s1-s1-s1-s1-s1-t5" name="Pay using Web Bank and Nordea" line="32">
<tag>smoke, booking, BUI2-556, online-checkin</tag>
<status status="FAIL" starttime="20230709 18:20:44.660" endtime="20230709 18:20:44.660">Parent suite setup failed:
Error: browserType.launch: 
╔════════════════════════════════════════════════════════════════════════════════════════════════╗
║ Looks like you launched a headed browser without having a XServer running.                     ║
║ Set either 'headless: true' or use 'xvfb-run &lt;your-playwright-app&gt;' before running Playwright. ║
║                                                                                                ║
║ &lt;3 Playwright Team                                                                             ║
╚════════════════════════════════════════════════════════════════════════════════════════════════╝
=========================== logs ===========================
&lt;launching&gt; /opt/hostedtoolcache/Python/3.10.12/x64/lib/python3.10/site-packages/Browser/wrapper/node_modules/playwright-core/.local-browsers/chromium-1067/chrome-linux/chrome --disable-field-trial-config --disable-background-networking --enable-features=NetworkService,NetworkServiceInProcess --disable-background-timer-throttling --disable-backgrounding-occluded-windows --disable-back-forward-cache --disable-breakpad --disable-client-side-phishing-detection --disable-component-extensions-with-background-pages --disable-component-update --no-default-browser-check --disable-default-apps --disable-dev-shm-usage --disable-extensions --disable-features=ImprovedCookieControls,LazyFrameLoading,GlobalMediaControls,DestroyProfileOnBrowserClose,MediaRouter,DialMediaRouteProvider,AcceptCHFrame,AutoExpandDetailsElement,CertificateTransparencyComponentUpdater,AvoidUnnecessaryBeforeUnloadCheckSync,Translate --allow-pre-commit-input --disable-hang-monitor --disable-ipc-flooding-protection --disable-popup-blocking --disable-prompt-on-repost --disable-renderer-backgrounding --force-color-profile=srgb --metrics-recording-only --no-first-run --enable-automation --password-store=basic --use-mock-keychain --no-service-autorun --export-tagged-pdf --no-sandbox --user-data-dir=/tmp/playwright_chromiumdev_profile-Ew7VKc --remote-debugging-pipe --no-startup-window
&lt;launched&gt; pid=3057
[pid=3057][err] [3057:3057:0709/182044.601517:ERROR:ozone_platform_x11.cc(239)] Missing X server or $DISPLAY
[pid=3057][err] [3057:3057:0709/182044.601569:ERROR:env.cc(255)] The platform failed to initialize.  Exiting.
============================================================</status>
</test>
<test id="s1-s1-s1-s1-s1-t6" name="Check In Online" line="36">
<tag>smoke, booking, BUI2-556, online-checkin</tag>
<status status="FAIL" starttime="20230709 18:20:44.663" endtime="20230709 18:20:44.663">Parent suite setup failed:
Error: browserType.launch: 
╔════════════════════════════════════════════════════════════════════════════════════════════════╗
║ Looks like you launched a headed browser without having a XServer running.                     ║
║ Set either 'headless: true' or use 'xvfb-run &lt;your-playwright-app&gt;' before running Playwright. ║
║                                                                                                ║
║ &lt;3 Playwright Team                                                                             ║
╚════════════════════════════════════════════════════════════════════════════════════════════════╝
=========================== logs ===========================
&lt;launching&gt; /opt/hostedtoolcache/Python/3.10.12/x64/lib/python3.10/site-packages/Browser/wrapper/node_modules/playwright-core/.local-browsers/chromium-1067/chrome-linux/chrome --disable-field-trial-config --disable-background-networking --enable-features=NetworkService,NetworkServiceInProcess --disable-background-timer-throttling --disable-backgrounding-occluded-windows --disable-back-forward-cache --disable-breakpad --disable-client-side-phishing-detection --disable-component-extensions-with-background-pages --disable-component-update --no-default-browser-check --disable-default-apps --disable-dev-shm-usage --disable-extensions --disable-features=ImprovedCookieControls,LazyFrameLoading,GlobalMediaControls,DestroyProfileOnBrowserClose,MediaRouter,DialMediaRouteProvider,AcceptCHFrame,AutoExpandDetailsElement,CertificateTransparencyComponentUpdater,AvoidUnnecessaryBeforeUnloadCheckSync,Translate --allow-pre-commit-input --disable-hang-monitor --disable-ipc-flooding-protection --disable-popup-blocking --disable-prompt-on-repost --disable-renderer-backgrounding --force-color-profile=srgb --metrics-recording-only --no-first-run --enable-automation --password-store=basic --use-mock-keychain --no-service-autorun --export-tagged-pdf --no-sandbox --user-data-dir=/tmp/playwright_chromiumdev_profile-Ew7VKc --remote-debugging-pipe --no-startup-window
&lt;launched&gt; pid=3057
[pid=3057][err] [3057:3057:0709/182044.601517:ERROR:ozone_platform_x11.cc(239)] Missing X server or $DISPLAY
[pid=3057][err] [3057:3057:0709/182044.601569:ERROR:env.cc(255)] The platform failed to initialize.  Exiting.
============================================================</status>
</test>
<test id="s1-s1-s1-s1-s1-t7" name="Wait for Door Code and Verify Page" line="42">
<tag>smoke, booking, BUI2-556, online-checkin</tag>
<status status="FAIL" starttime="20230709 18:20:44.666" endtime="20230709 18:20:44.666">Parent suite setup failed:
Error: browserType.launch: 
╔════════════════════════════════════════════════════════════════════════════════════════════════╗
║ Looks like you launched a headed browser without having a XServer running.                     ║
║ Set either 'headless: true' or use 'xvfb-run &lt;your-playwright-app&gt;' before running Playwright. ║
║                                                                                                ║
║ &lt;3 Playwright Team                                                                             ║
╚════════════════════════════════════════════════════════════════════════════════════════════════╝
=========================== logs ===========================
&lt;launching&gt; /opt/hostedtoolcache/Python/3.10.12/x64/lib/python3.10/site-packages/Browser/wrapper/node_modules/playwright-core/.local-browsers/chromium-1067/chrome-linux/chrome --disable-field-trial-config --disable-background-networking --enable-features=NetworkService,NetworkServiceInProcess --disable-background-timer-throttling --disable-backgrounding-occluded-windows --disable-back-forward-cache --disable-breakpad --disable-client-side-phishing-detection --disable-component-extensions-with-background-pages --disable-component-update --no-default-browser-check --disable-default-apps --disable-dev-shm-usage --disable-extensions --disable-features=ImprovedCookieControls,LazyFrameLoading,GlobalMediaControls,DestroyProfileOnBrowserClose,MediaRouter,DialMediaRouteProvider,AcceptCHFrame,AutoExpandDetailsElement,CertificateTransparencyComponentUpdater,AvoidUnnecessaryBeforeUnloadCheckSync,Translate --allow-pre-commit-input --disable-hang-monitor --disable-ipc-flooding-protection --disable-popup-blocking --disable-prompt-on-repost --disable-renderer-backgrounding --force-color-profile=srgb --metrics-recording-only --no-first-run --enable-automation --password-store=basic --use-mock-keychain --no-service-autorun --export-tagged-pdf --no-sandbox --user-data-dir=/tmp/playwright_chromiumdev_profile-Ew7VKc --remote-debugging-pipe --no-startup-window
&lt;launched&gt; pid=3057
[pid=3057][err] [3057:3057:0709/182044.601517:ERROR:ozone_platform_x11.cc(239)] Missing X server or $DISPLAY
[pid=3057][err] [3057:3057:0709/182044.601569:ERROR:env.cc(255)] The platform failed to initialize.  Exiting.
============================================================</status>
</test>
<kw name="Close Browser" library="Browser" type="TEARDOWN">
<tag>BrowserControl</tag>
<tag>Setter</tag>
<doc>Closes the current browser.</doc>
<msg timestamp="20230709 18:20:44.673" level="INFO">No browser open, doing nothing</msg>
<status status="PASS" starttime="20230709 18:20:44.669" endtime="20230709 18:20:44.673"/>
</kw>
<doc>This is a test suite for booking a room and checking in online</doc>
<status status="FAIL" starttime="20230709 18:20:43.182" endtime="20230709 18:20:44.673">Suite setup failed:
Error: browserType.launch: 
╔════════════════════════════════════════════════════════════════════════════════════════════════╗
║ Looks like you launched a headed browser without having a XServer running.                     ║
║ Set either 'headless: true' or use 'xvfb-run &lt;your-playwright-app&gt;' before running Playwright. ║
║                                                                                                ║
║ &lt;3 Playwright Team                                                                             ║
╚════════════════════════════════════════════════════════════════════════════════════════════════╝
=========================== logs ===========================
&lt;launching&gt; /opt/hostedtoolcache/Python/3.10.12/x64/lib/python3.10/site-packages/Browser/wrapper/node_modules/playwright-core/.local-browsers/chromium-1067/chrome-linux/chrome --disable-field-trial-config --disable-background-networking --enable-features=NetworkService,NetworkServiceInProcess --disable-background-timer-throttling --disable-backgrounding-occluded-windows --disable-back-forward-cache --disable-breakpad --disable-client-side-phishing-detection --disable-component-extensions-with-background-pages --disable-component-update --no-default-browser-check --disable-default-apps --disable-dev-shm-usage --disable-extensions --disable-features=ImprovedCookieControls,LazyFrameLoading,GlobalMediaControls,DestroyProfileOnBrowserClose,MediaRouter,DialMediaRouteProvider,AcceptCHFrame,AutoExpandDetailsElement,CertificateTransparencyComponentUpdater,AvoidUnnecessaryBeforeUnloadCheckSync,Translate --allow-pre-commit-input --disable-hang-monitor --disable-ipc-flooding-protection --disable-popup-blocking --disable-prompt-on-repost --disable-renderer-backgrounding --force-color-profile=srgb --metrics-recording-only --no-first-run --enable-automation --password-store=basic --use-mock-keychain --no-service-autorun --export-tagged-pdf --no-sandbox --user-data-dir=/tmp/playwright_chromiumdev_profile-Ew7VKc --remote-debugging-pipe --no-startup-window
&lt;launched&gt; pid=3057
[pid=3057][err] [3057:3057:0709/182044.601517:ERROR:ozone_platform_x11.cc(239)] Missing X server or $DISPLAY
[pid=3057][err] [3057:3057:0709/182044.601569:ERROR:env.cc(255)] The platform failed to initialize.  Exiting.
============================================================</status>
</suite>
<suite id="s1-s1-s1-s1-s2" name="BUI2-557" source="/home/runner/work/nelson-test-automation/nelson-test-automation/testsuites/BUI/feature/online_check_in/BUI2-557.robot">
<test id="s1-s1-s1-s1-s2-t1" name="Create a new Booking" line="11">
<kw name="Open Browser to Landing Page" library="common" type="SETUP">
<doc>A general startup keyword for opening a browser to the landing page.</doc>
<kw name="Open New Browser To URL" library="common">
<arg>${url}</arg>
<kw name="New Browser" library="Browser">
<arg>${browser}</arg>
<arg>${headless}</arg>
<arg>timeout=${timeout}</arg>
<tag>BrowserControl</tag>
<tag>Setter</tag>
<doc>Create a new playwright Browser with specified options.</doc>
<msg timestamp="20230709 18:20:44.699" level="INFO">{"browser": "chromium", "headless": false, "devtools": false, "handleSIGHUP": true, "handleSIGINT": true, "handleSIGTERM": true, "slowMo": 0.0, "timeout": 90000.0, "deprecated_pos_args": [], "tracesDir": "/home/runner/work/nelson-test-automation/nelson-test-automation/reports/ectest/browser/traces/2cfe5afd-01d0-43d3-b3d4-e152e6645027"}</msg>
<msg timestamp="20230709 18:20:44.855" level="WARN">Keyword 'Take Screenshot  fail-screenshot-{index}' could not be run on failure:
Error: Tried to take screenshot, but no page was open.</msg>
<msg timestamp="20230709 18:20:44.855" level="INFO">See also file:///home/runner/work/nelson-test-automation/nelson-test-automation/reports/ectest/playwright-log.txt for additional details.</msg>
<msg timestamp="20230709 18:20:44.856" level="FAIL">Error: browserType.launch: 
╔════════════════════════════════════════════════════════════════════════════════════════════════╗
║ Looks like you launched a headed browser without having a XServer running.                     ║
║ Set either 'headless: true' or use 'xvfb-run &lt;your-playwright-app&gt;' before running Playwright. ║
║                                                                                                ║
║ &lt;3 Playwright Team                                                                             ║
╚════════════════════════════════════════════════════════════════════════════════════════════════╝
=========================== logs ===========================
&lt;launching&gt; /opt/hostedtoolcache/Python/3.10.12/x64/lib/python3.10/site-packages/Browser/wrapper/node_modules/playwright-core/.local-browsers/chromium-1067/chrome-linux/chrome --disable-field-trial-config --disable-background-networking --enable-features=NetworkService,NetworkServiceInProcess --disable-background-timer-throttling --disable-backgrounding-occluded-windows --disable-back-forward-cache --disable-breakpad --disable-client-side-phishing-detection --disable-component-extensions-with-background-pages --disable-component-update --no-default-browser-check --disable-default-apps --disable-dev-shm-usage --disable-extensions --disable-features=ImprovedCookieControls,LazyFrameLoading,GlobalMediaControls,DestroyProfileOnBrowserClose,MediaRouter,DialMediaRouteProvider,AcceptCHFrame,AutoExpandDetailsElement,CertificateTransparencyComponentUpdater,AvoidUnnecessaryBeforeUnloadCheckSync,Translate --allow-pre-commit-input --disable-hang-monitor --disable-ipc-flooding-protection --disable-popup-blocking --disable-prompt-on-repost --disable-renderer-backgrounding --force-color-profile=srgb --metrics-recording-only --no-first-run --enable-automation --password-store=basic --use-mock-keychain --no-service-autorun --export-tagged-pdf --no-sandbox --user-data-dir=/tmp/playwright_chromiumdev_profile-Poac9H --remote-debugging-pipe --no-startup-window
&lt;launched&gt; pid=3172
[pid=3172][err] [3172:3172:0709/182044.823612:ERROR:ozone_platform_x11.cc(239)] Missing X server or $DISPLAY
[pid=3172][err] [3172:3172:0709/182044.823657:ERROR:env.cc(255)] The platform failed to initialize.  Exiting.
============================================================</msg>
<status status="FAIL" starttime="20230709 18:20:44.698" endtime="20230709 18:20:44.856"/>
</kw>
<kw name="Set Browser Timeout" library="Browser">
<arg>${timeout}</arg>
<tag>Config</tag>
<tag>Setter</tag>
<doc>Sets the timeout used by most input and getter keywords.</doc>
<status status="NOT RUN" starttime="20230709 18:20:44.857" endtime="20230709 18:20:44.857"/>
</kw>
<kw name="New Context" library="Browser">
<tag>BrowserControl</tag>
<tag>Setter</tag>
<doc>Create a new BrowserContext with specified options.</doc>
<status status="NOT RUN" starttime="20230709 18:20:44.857" endtime="20230709 18:20:44.857"/>
</kw>
<kw name="New Page" library="Browser">
<arg>${url}</arg>
<tag>BrowserControl</tag>
<tag>Setter</tag>
<doc>Open a new Page.</doc>
<status status="NOT RUN" starttime="20230709 18:20:44.857" endtime="20230709 18:20:44.857"/>
</kw>
<status status="FAIL" starttime="20230709 18:20:44.698" endtime="20230709 18:20:44.858"/>
</kw>
<kw name="Wait Until Network Is Idle" library="Browser">
<tag>HTTP</tag>
<tag>Wait</tag>
<doc>Waits until there has been at least one instance of 500 ms of no network traffic on the page after loading.</doc>
<status status="NOT RUN" starttime="20230709 18:20:44.858" endtime="20230709 18:20:44.858"/>
</kw>
<kw name="Allow Cookies" library="common">
<doc>Allow Cookies/Toggle Cookie allowance</doc>
<status status="NOT RUN" starttime="20230709 18:20:44.859" endtime="20230709 18:20:44.859"/>
</kw>
<kw name="Set Environment" library="common">
<status status="NOT RUN" starttime="20230709 18:20:44.859" endtime="20230709 18:20:44.859"/>
</kw>
<status status="FAIL" starttime="20230709 18:20:44.698" endtime="20230709 18:20:44.859"/>
</kw>
<kw name="Close Browser" library="Browser" type="TEARDOWN">
<tag>BrowserControl</tag>
<tag>Setter</tag>
<doc>Closes the current browser.</doc>
<msg timestamp="20230709 18:20:44.862" level="INFO">No browser open, doing nothing</msg>
<status status="PASS" starttime="20230709 18:20:44.860" endtime="20230709 18:20:44.862"/>
</kw>
<status status="FAIL" starttime="20230709 18:20:44.697" endtime="20230709 18:20:44.862">Setup failed:
Error: browserType.launch: 
╔════════════════════════════════════════════════════════════════════════════════════════════════╗
║ Looks like you launched a headed browser without having a XServer running.                     ║
║ Set either 'headless: true' or use 'xvfb-run &lt;your-playwright-app&gt;' before running Playwright. ║
║                                                                                                ║
║ &lt;3 Playwright Team                                                                             ║
╚════════════════════════════════════════════════════════════════════════════════════════════════╝
=========================== logs ===========================
&lt;launching&gt; /opt/hostedtoolcache/Python/3.10.12/x64/lib/python3.10/site-packages/Browser/wrapper/node_modules/playwright-core/.local-browsers/chromium-1067/chrome-linux/chrome --disable-field-trial-config --disable-background-networking --enable-features=NetworkService,NetworkServiceInProcess --disable-background-timer-throttling --disable-backgrounding-occluded-windows --disable-back-forward-cache --disable-breakpad --disable-client-side-phishing-detection --disable-component-extensions-with-background-pages --disable-component-update --no-default-browser-check --disable-default-apps --disable-dev-shm-usage --disable-extensions --disable-features=ImprovedCookieControls,LazyFrameLoading,GlobalMediaControls,DestroyProfileOnBrowserClose,MediaRouter,DialMediaRouteProvider,AcceptCHFrame,AutoExpandDetailsElement,CertificateTransparencyComponentUpdater,AvoidUnnecessaryBeforeUnloadCheckSync,Translate --allow-pre-commit-input --disable-hang-monitor --disable-ipc-flooding-protection --disable-popup-blocking --disable-prompt-on-repost --disable-renderer-backgrounding --force-color-profile=srgb --metrics-recording-only --no-first-run --enable-automation --password-store=basic --use-mock-keychain --no-service-autorun --export-tagged-pdf --no-sandbox --user-data-dir=/tmp/playwright_chromiumdev_profile-Poac9H --remote-debugging-pipe --no-startup-window
&lt;launched&gt; pid=3172
[pid=3172][err] [3172:3172:0709/182044.823612:ERROR:ozone_platform_x11.cc(239)] Missing X server or $DISPLAY
[pid=3172][err] [3172:3172:0709/182044.823657:ERROR:env.cc(255)] The platform failed to initialize.  Exiting.
============================================================</status>
</test>
<test id="s1-s1-s1-s1-s2-t2" name="Add Someone Else as the Main Guest" line="25">
<kw name="Open Browser to Landing Page" library="common" type="SETUP">
<doc>A general startup keyword for opening a browser to the landing page.</doc>
<kw name="Open New Browser To URL" library="common">
<arg>${url}</arg>
<kw name="New Browser" library="Browser">
<arg>${browser}</arg>
<arg>${headless}</arg>
<arg>timeout=${timeout}</arg>
<tag>BrowserControl</tag>
<tag>Setter</tag>
<doc>Create a new playwright Browser with specified options.</doc>
<msg timestamp="20230709 18:20:44.868" level="INFO">{"browser": "chromium", "headless": false, "devtools": false, "handleSIGHUP": true, "handleSIGINT": true, "handleSIGTERM": true, "slowMo": 0.0, "timeout": 90000.0, "deprecated_pos_args": [], "tracesDir": "/home/runner/work/nelson-test-automation/nelson-test-automation/reports/ectest/browser/traces/ef3c4fb9-5b5d-4df1-b3e9-9d9abfe0ba37"}</msg>
<msg timestamp="20230709 18:20:45.002" level="WARN">Keyword 'Take Screenshot  fail-screenshot-{index}' could not be run on failure:
Error: Tried to take screenshot, but no page was open.</msg>
<msg timestamp="20230709 18:20:45.002" level="INFO">See also file:///home/runner/work/nelson-test-automation/nelson-test-automation/reports/ectest/playwright-log.txt for additional details.</msg>
<msg timestamp="20230709 18:20:45.003" level="FAIL">Error: browserType.launch: 
╔════════════════════════════════════════════════════════════════════════════════════════════════╗
║ Looks like you launched a headed browser without having a XServer running.                     ║
║ Set either 'headless: true' or use 'xvfb-run &lt;your-playwright-app&gt;' before running Playwright. ║
║                                                                                                ║
║ &lt;3 Playwright Team                                                                             ║
╚════════════════════════════════════════════════════════════════════════════════════════════════╝
=========================== logs ===========================
&lt;launching&gt; /opt/hostedtoolcache/Python/3.10.12/x64/lib/python3.10/site-packages/Browser/wrapper/node_modules/playwright-core/.local-browsers/chromium-1067/chrome-linux/chrome --disable-field-trial-config --disable-background-networking --enable-features=NetworkService,NetworkServiceInProcess --disable-background-timer-throttling --disable-backgrounding-occluded-windows --disable-back-forward-cache --disable-breakpad --disable-client-side-phishing-detection --disable-component-extensions-with-background-pages --disable-component-update --no-default-browser-check --disable-default-apps --disable-dev-shm-usage --disable-extensions --disable-features=ImprovedCookieControls,LazyFrameLoading,GlobalMediaControls,DestroyProfileOnBrowserClose,MediaRouter,DialMediaRouteProvider,AcceptCHFrame,AutoExpandDetailsElement,CertificateTransparencyComponentUpdater,AvoidUnnecessaryBeforeUnloadCheckSync,Translate --allow-pre-commit-input --disable-hang-monitor --disable-ipc-flooding-protection --disable-popup-blocking --disable-prompt-on-repost --disable-renderer-backgrounding --force-color-profile=srgb --metrics-recording-only --no-first-run --enable-automation --password-store=basic --use-mock-keychain --no-service-autorun --export-tagged-pdf --no-sandbox --user-data-dir=/tmp/playwright_chromiumdev_profile-jaKwQm --remote-debugging-pipe --no-startup-window
&lt;launched&gt; pid=3282
[pid=3282][err] [3282:3282:0709/182044.990355:ERROR:ozone_platform_x11.cc(239)] Missing X server or $DISPLAY
[pid=3282][err] [3282:3282:0709/182044.990395:ERROR:env.cc(255)] The platform failed to initialize.  Exiting.
============================================================</msg>
<status status="FAIL" starttime="20230709 18:20:44.867" endtime="20230709 18:20:45.003"/>
</kw>
<kw name="Set Browser Timeout" library="Browser">
<arg>${timeout}</arg>
<tag>Config</tag>
<tag>Setter</tag>
<doc>Sets the timeout used by most input and getter keywords.</doc>
<status status="NOT RUN" starttime="20230709 18:20:45.004" endtime="20230709 18:20:45.004"/>
</kw>
<kw name="New Context" library="Browser">
<tag>BrowserControl</tag>
<tag>Setter</tag>
<doc>Create a new BrowserContext with specified options.</doc>
<status status="NOT RUN" starttime="20230709 18:20:45.004" endtime="20230709 18:20:45.004"/>
</kw>
<kw name="New Page" library="Browser">
<arg>${url}</arg>
<tag>BrowserControl</tag>
<tag>Setter</tag>
<doc>Open a new Page.</doc>
<status status="NOT RUN" starttime="20230709 18:20:45.004" endtime="20230709 18:20:45.004"/>
</kw>
<status status="FAIL" starttime="20230709 18:20:44.866" endtime="20230709 18:20:45.005"/>
</kw>
<kw name="Wait Until Network Is Idle" library="Browser">
<tag>HTTP</tag>
<tag>Wait</tag>
<doc>Waits until there has been at least one instance of 500 ms of no network traffic on the page after loading.</doc>
<status status="NOT RUN" starttime="20230709 18:20:45.005" endtime="20230709 18:20:45.006"/>
</kw>
<kw name="Allow Cookies" library="common">
<doc>Allow Cookies/Toggle Cookie allowance</doc>
<status status="NOT RUN" starttime="20230709 18:20:45.006" endtime="20230709 18:20:45.006"/>
</kw>
<kw name="Set Environment" library="common">
<status status="NOT RUN" starttime="20230709 18:20:45.006" endtime="20230709 18:20:45.006"/>
</kw>
<status status="FAIL" starttime="20230709 18:20:44.866" endtime="20230709 18:20:45.006"/>
</kw>
<kw name="Close Browser" library="Browser" type="TEARDOWN">
<tag>BrowserControl</tag>
<tag>Setter</tag>
<doc>Closes the current browser.</doc>
<msg timestamp="20230709 18:20:45.009" level="INFO">No browser open, doing nothing</msg>
<status status="PASS" starttime="20230709 18:20:45.007" endtime="20230709 18:20:45.009"/>
</kw>
<status status="FAIL" starttime="20230709 18:20:44.865" endtime="20230709 18:20:45.009">Setup failed:
Error: browserType.launch: 
╔════════════════════════════════════════════════════════════════════════════════════════════════╗
║ Looks like you launched a headed browser without having a XServer running.                     ║
║ Set either 'headless: true' or use 'xvfb-run &lt;your-playwright-app&gt;' before running Playwright. ║
║                                                                                                ║
║ &lt;3 Playwright Team                                                                             ║
╚════════════════════════════════════════════════════════════════════════════════════════════════╝
=========================== logs ===========================
&lt;launching&gt; /opt/hostedtoolcache/Python/3.10.12/x64/lib/python3.10/site-packages/Browser/wrapper/node_modules/playwright-core/.local-browsers/chromium-1067/chrome-linux/chrome --disable-field-trial-config --disable-background-networking --enable-features=NetworkService,NetworkServiceInProcess --disable-background-timer-throttling --disable-backgrounding-occluded-windows --disable-back-forward-cache --disable-breakpad --disable-client-side-phishing-detection --disable-component-extensions-with-background-pages --disable-component-update --no-default-browser-check --disable-default-apps --disable-dev-shm-usage --disable-extensions --disable-features=ImprovedCookieControls,LazyFrameLoading,GlobalMediaControls,DestroyProfileOnBrowserClose,MediaRouter,DialMediaRouteProvider,AcceptCHFrame,AutoExpandDetailsElement,CertificateTransparencyComponentUpdater,AvoidUnnecessaryBeforeUnloadCheckSync,Translate --allow-pre-commit-input --disable-hang-monitor --disable-ipc-flooding-protection --disable-popup-blocking --disable-prompt-on-repost --disable-renderer-backgrounding --force-color-profile=srgb --metrics-recording-only --no-first-run --enable-automation --password-store=basic --use-mock-keychain --no-service-autorun --export-tagged-pdf --no-sandbox --user-data-dir=/tmp/playwright_chromiumdev_profile-jaKwQm --remote-debugging-pipe --no-startup-window
&lt;launched&gt; pid=3282
[pid=3282][err] [3282:3282:0709/182044.990355:ERROR:ozone_platform_x11.cc(239)] Missing X server or $DISPLAY
[pid=3282][err] [3282:3282:0709/182044.990395:ERROR:env.cc(255)] The platform failed to initialize.  Exiting.
============================================================</status>
</test>
<test id="s1-s1-s1-s1-s2-t3" name="Validation shows msg for fields marked" line="39">
<kw name="Open Browser to Landing Page" library="common" type="SETUP">
<doc>A general startup keyword for opening a browser to the landing page.</doc>
<kw name="Open New Browser To URL" library="common">
<arg>${url}</arg>
<kw name="New Browser" library="Browser">
<arg>${browser}</arg>
<arg>${headless}</arg>
<arg>timeout=${timeout}</arg>
<tag>BrowserControl</tag>
<tag>Setter</tag>
<doc>Create a new playwright Browser with specified options.</doc>
<msg timestamp="20230709 18:20:45.014" level="INFO">{"browser": "chromium", "headless": false, "devtools": false, "handleSIGHUP": true, "handleSIGINT": true, "handleSIGTERM": true, "slowMo": 0.0, "timeout": 90000.0, "deprecated_pos_args": [], "tracesDir": "/home/runner/work/nelson-test-automation/nelson-test-automation/reports/ectest/browser/traces/2fef6520-5d2d-4ce7-96a8-4a9c4265ac8f"}</msg>
<msg timestamp="20230709 18:20:45.166" level="WARN">Keyword 'Take Screenshot  fail-screenshot-{index}' could not be run on failure:
Error: Tried to take screenshot, but no page was open.</msg>
<msg timestamp="20230709 18:20:45.167" level="INFO">See also file:///home/runner/work/nelson-test-automation/nelson-test-automation/reports/ectest/playwright-log.txt for additional details.</msg>
<msg timestamp="20230709 18:20:45.167" level="FAIL">Error: browserType.launch: 
╔════════════════════════════════════════════════════════════════════════════════════════════════╗
║ Looks like you launched a headed browser without having a XServer running.                     ║
║ Set either 'headless: true' or use 'xvfb-run &lt;your-playwright-app&gt;' before running Playwright. ║
║                                                                                                ║
║ &lt;3 Playwright Team                                                                             ║
╚════════════════════════════════════════════════════════════════════════════════════════════════╝
=========================== logs ===========================
&lt;launching&gt; /opt/hostedtoolcache/Python/3.10.12/x64/lib/python3.10/site-packages/Browser/wrapper/node_modules/playwright-core/.local-browsers/chromium-1067/chrome-linux/chrome --disable-field-trial-config --disable-background-networking --enable-features=NetworkService,NetworkServiceInProcess --disable-background-timer-throttling --disable-backgrounding-occluded-windows --disable-back-forward-cache --disable-breakpad --disable-client-side-phishing-detection --disable-component-extensions-with-background-pages --disable-component-update --no-default-browser-check --disable-default-apps --disable-dev-shm-usage --disable-extensions --disable-features=ImprovedCookieControls,LazyFrameLoading,GlobalMediaControls,DestroyProfileOnBrowserClose,MediaRouter,DialMediaRouteProvider,AcceptCHFrame,AutoExpandDetailsElement,CertificateTransparencyComponentUpdater,AvoidUnnecessaryBeforeUnloadCheckSync,Translate --allow-pre-commit-input --disable-hang-monitor --disable-ipc-flooding-protection --disable-popup-blocking --disable-prompt-on-repost --disable-renderer-backgrounding --force-color-profile=srgb --metrics-recording-only --no-first-run --enable-automation --password-store=basic --use-mock-keychain --no-service-autorun --export-tagged-pdf --no-sandbox --user-data-dir=/tmp/playwright_chromiumdev_profile-yVEJPg --remote-debugging-pipe --no-startup-window
&lt;launched&gt; pid=3395
[pid=3395][err] [3395:3395:0709/182045.150987:ERROR:ozone_platform_x11.cc(239)] Missing X server or $DISPLAY
[pid=3395][err] [3395:3395:0709/182045.151027:ERROR:env.cc(255)] The platform failed to initialize.  Exiting.
============================================================</msg>
<status status="FAIL" starttime="20230709 18:20:45.013" endtime="20230709 18:20:45.167"/>
</kw>
<kw name="Set Browser Timeout" library="Browser">
<arg>${timeout}</arg>
<tag>Config</tag>
<tag>Setter</tag>
<doc>Sets the timeout used by most input and getter keywords.</doc>
<status status="NOT RUN" starttime="20230709 18:20:45.168" endtime="20230709 18:20:45.168"/>
</kw>
<kw name="New Context" library="Browser">
<tag>BrowserControl</tag>
<tag>Setter</tag>
<doc>Create a new BrowserContext with specified options.</doc>
<status status="NOT RUN" starttime="20230709 18:20:45.168" endtime="20230709 18:20:45.168"/>
</kw>
<kw name="New Page" library="Browser">
<arg>${url}</arg>
<tag>BrowserControl</tag>
<tag>Setter</tag>
<doc>Open a new Page.</doc>
<status status="NOT RUN" starttime="20230709 18:20:45.169" endtime="20230709 18:20:45.169"/>
</kw>
<status status="FAIL" starttime="20230709 18:20:45.013" endtime="20230709 18:20:45.169"/>
</kw>
<kw name="Wait Until Network Is Idle" library="Browser">
<tag>HTTP</tag>
<tag>Wait</tag>
<doc>Waits until there has been at least one instance of 500 ms of no network traffic on the page after loading.</doc>
<status status="NOT RUN" starttime="20230709 18:20:45.170" endtime="20230709 18:20:45.170"/>
</kw>
<kw name="Allow Cookies" library="common">
<doc>Allow Cookies/Toggle Cookie allowance</doc>
<status status="NOT RUN" starttime="20230709 18:20:45.170" endtime="20230709 18:20:45.170"/>
</kw>
<kw name="Set Environment" library="common">
<status status="NOT RUN" starttime="20230709 18:20:45.170" endtime="20230709 18:20:45.170"/>
</kw>
<status status="FAIL" starttime="20230709 18:20:45.012" endtime="20230709 18:20:45.171"/>
</kw>
<kw name="Close Browser" library="Browser" type="TEARDOWN">
<tag>BrowserControl</tag>
<tag>Setter</tag>
<doc>Closes the current browser.</doc>
<msg timestamp="20230709 18:20:45.173" level="INFO">No browser open, doing nothing</msg>
<status status="PASS" starttime="20230709 18:20:45.171" endtime="20230709 18:20:45.173"/>
</kw>
<status status="FAIL" starttime="20230709 18:20:45.012" endtime="20230709 18:20:45.174">Setup failed:
Error: browserType.launch: 
╔════════════════════════════════════════════════════════════════════════════════════════════════╗
║ Looks like you launched a headed browser without having a XServer running.                     ║
║ Set either 'headless: true' or use 'xvfb-run &lt;your-playwright-app&gt;' before running Playwright. ║
║                                                                                                ║
║ &lt;3 Playwright Team                                                                             ║
╚════════════════════════════════════════════════════════════════════════════════════════════════╝
=========================== logs ===========================
&lt;launching&gt; /opt/hostedtoolcache/Python/3.10.12/x64/lib/python3.10/site-packages/Browser/wrapper/node_modules/playwright-core/.local-browsers/chromium-1067/chrome-linux/chrome --disable-field-trial-config --disable-background-networking --enable-features=NetworkService,NetworkServiceInProcess --disable-background-timer-throttling --disable-backgrounding-occluded-windows --disable-back-forward-cache --disable-breakpad --disable-client-side-phishing-detection --disable-component-extensions-with-background-pages --disable-component-update --no-default-browser-check --disable-default-apps --disable-dev-shm-usage --disable-extensions --disable-features=ImprovedCookieControls,LazyFrameLoading,GlobalMediaControls,DestroyProfileOnBrowserClose,MediaRouter,DialMediaRouteProvider,AcceptCHFrame,AutoExpandDetailsElement,CertificateTransparencyComponentUpdater,AvoidUnnecessaryBeforeUnloadCheckSync,Translate --allow-pre-commit-input --disable-hang-monitor --disable-ipc-flooding-protection --disable-popup-blocking --disable-prompt-on-repost --disable-renderer-backgrounding --force-color-profile=srgb --metrics-recording-only --no-first-run --enable-automation --password-store=basic --use-mock-keychain --no-service-autorun --export-tagged-pdf --no-sandbox --user-data-dir=/tmp/playwright_chromiumdev_profile-yVEJPg --remote-debugging-pipe --no-startup-window
&lt;launched&gt; pid=3395
[pid=3395][err] [3395:3395:0709/182045.150987:ERROR:ozone_platform_x11.cc(239)] Missing X server or $DISPLAY
[pid=3395][err] [3395:3395:0709/182045.151027:ERROR:env.cc(255)] The platform failed to initialize.  Exiting.
============================================================</status>
</test>
<test id="s1-s1-s1-s1-s2-t4" name="Showing imported passport when the National is not Finland" line="62">
<kw name="Open Browser to Landing Page" library="common" type="SETUP">
<doc>A general startup keyword for opening a browser to the landing page.</doc>
<kw name="Open New Browser To URL" library="common">
<arg>${url}</arg>
<kw name="New Browser" library="Browser">
<arg>${browser}</arg>
<arg>${headless}</arg>
<arg>timeout=${timeout}</arg>
<tag>BrowserControl</tag>
<tag>Setter</tag>
<doc>Create a new playwright Browser with specified options.</doc>
<msg timestamp="20230709 18:20:45.179" level="INFO">{"browser": "chromium", "headless": false, "devtools": false, "handleSIGHUP": true, "handleSIGINT": true, "handleSIGTERM": true, "slowMo": 0.0, "timeout": 90000.0, "deprecated_pos_args": [], "tracesDir": "/home/runner/work/nelson-test-automation/nelson-test-automation/reports/ectest/browser/traces/a96a214d-513b-42ce-8627-6b53a472fe5c"}</msg>
<msg timestamp="20230709 18:20:45.314" level="WARN">Keyword 'Take Screenshot  fail-screenshot-{index}' could not be run on failure:
Error: Tried to take screenshot, but no page was open.</msg>
<msg timestamp="20230709 18:20:45.315" level="INFO">See also file:///home/runner/work/nelson-test-automation/nelson-test-automation/reports/ectest/playwright-log.txt for additional details.</msg>
<msg timestamp="20230709 18:20:45.315" level="FAIL">Error: browserType.launch: 
╔════════════════════════════════════════════════════════════════════════════════════════════════╗
║ Looks like you launched a headed browser without having a XServer running.                     ║
║ Set either 'headless: true' or use 'xvfb-run &lt;your-playwright-app&gt;' before running Playwright. ║
║                                                                                                ║
║ &lt;3 Playwright Team                                                                             ║
╚════════════════════════════════════════════════════════════════════════════════════════════════╝
=========================== logs ===========================
&lt;launching&gt; /opt/hostedtoolcache/Python/3.10.12/x64/lib/python3.10/site-packages/Browser/wrapper/node_modules/playwright-core/.local-browsers/chromium-1067/chrome-linux/chrome --disable-field-trial-config --disable-background-networking --enable-features=NetworkService,NetworkServiceInProcess --disable-background-timer-throttling --disable-backgrounding-occluded-windows --disable-back-forward-cache --disable-breakpad --disable-client-side-phishing-detection --disable-component-extensions-with-background-pages --disable-component-update --no-default-browser-check --disable-default-apps --disable-dev-shm-usage --disable-extensions --disable-features=ImprovedCookieControls,LazyFrameLoading,GlobalMediaControls,DestroyProfileOnBrowserClose,MediaRouter,DialMediaRouteProvider,AcceptCHFrame,AutoExpandDetailsElement,CertificateTransparencyComponentUpdater,AvoidUnnecessaryBeforeUnloadCheckSync,Translate --allow-pre-commit-input --disable-hang-monitor --disable-ipc-flooding-protection --disable-popup-blocking --disable-prompt-on-repost --disable-renderer-backgrounding --force-color-profile=srgb --metrics-recording-only --no-first-run --enable-automation --password-store=basic --use-mock-keychain --no-service-autorun --export-tagged-pdf --no-sandbox --user-data-dir=/tmp/playwright_chromiumdev_profile-ng207R --remote-debugging-pipe --no-startup-window
&lt;launched&gt; pid=3506
[pid=3506][err] [3506:3506:0709/182045.302780:ERROR:ozone_platform_x11.cc(239)] Missing X server or $DISPLAY
[pid=3506][err] [3506:3506:0709/182045.302822:ERROR:env.cc(255)] The platform failed to initialize.  Exiting.
============================================================</msg>
<status status="FAIL" starttime="20230709 18:20:45.178" endtime="20230709 18:20:45.315"/>
</kw>
<kw name="Set Browser Timeout" library="Browser">
<arg>${timeout}</arg>
<tag>Config</tag>
<tag>Setter</tag>
<doc>Sets the timeout used by most input and getter keywords.</doc>
<status status="NOT RUN" starttime="20230709 18:20:45.316" endtime="20230709 18:20:45.316"/>
</kw>
<kw name="New Context" library="Browser">
<tag>BrowserControl</tag>
<tag>Setter</tag>
<doc>Create a new BrowserContext with specified options.</doc>
<status status="NOT RUN" starttime="20230709 18:20:45.316" endtime="20230709 18:20:45.316"/>
</kw>
<kw name="New Page" library="Browser">
<arg>${url}</arg>
<tag>BrowserControl</tag>
<tag>Setter</tag>
<doc>Open a new Page.</doc>
<status status="NOT RUN" starttime="20230709 18:20:45.317" endtime="20230709 18:20:45.317"/>
</kw>
<status status="FAIL" starttime="20230709 18:20:45.177" endtime="20230709 18:20:45.317"/>
</kw>
<kw name="Wait Until Network Is Idle" library="Browser">
<tag>HTTP</tag>
<tag>Wait</tag>
<doc>Waits until there has been at least one instance of 500 ms of no network traffic on the page after loading.</doc>
<status status="NOT RUN" starttime="20230709 18:20:45.318" endtime="20230709 18:20:45.318"/>
</kw>
<kw name="Allow Cookies" library="common">
<doc>Allow Cookies/Toggle Cookie allowance</doc>
<status status="NOT RUN" starttime="20230709 18:20:45.318" endtime="20230709 18:20:45.318"/>
</kw>
<kw name="Set Environment" library="common">
<status status="NOT RUN" starttime="20230709 18:20:45.318" endtime="20230709 18:20:45.318"/>
</kw>
<status status="FAIL" starttime="20230709 18:20:45.177" endtime="20230709 18:20:45.319"/>
</kw>
<kw name="Close Browser" library="Browser" type="TEARDOWN">
<tag>BrowserControl</tag>
<tag>Setter</tag>
<doc>Closes the current browser.</doc>
<msg timestamp="20230709 18:20:45.321" level="INFO">No browser open, doing nothing</msg>
<status status="PASS" starttime="20230709 18:20:45.319" endtime="20230709 18:20:45.322"/>
</kw>
<status status="FAIL" starttime="20230709 18:20:45.176" endtime="20230709 18:20:45.322">Setup failed:
Error: browserType.launch: 
╔════════════════════════════════════════════════════════════════════════════════════════════════╗
║ Looks like you launched a headed browser without having a XServer running.                     ║
║ Set either 'headless: true' or use 'xvfb-run &lt;your-playwright-app&gt;' before running Playwright. ║
║                                                                                                ║
║ &lt;3 Playwright Team                                                                             ║
╚════════════════════════════════════════════════════════════════════════════════════════════════╝
=========================== logs ===========================
&lt;launching&gt; /opt/hostedtoolcache/Python/3.10.12/x64/lib/python3.10/site-packages/Browser/wrapper/node_modules/playwright-core/.local-browsers/chromium-1067/chrome-linux/chrome --disable-field-trial-config --disable-background-networking --enable-features=NetworkService,NetworkServiceInProcess --disable-background-timer-throttling --disable-backgrounding-occluded-windows --disable-back-forward-cache --disable-breakpad --disable-client-side-phishing-detection --disable-component-extensions-with-background-pages --disable-component-update --no-default-browser-check --disable-default-apps --disable-dev-shm-usage --disable-extensions --disable-features=ImprovedCookieControls,LazyFrameLoading,GlobalMediaControls,DestroyProfileOnBrowserClose,MediaRouter,DialMediaRouteProvider,AcceptCHFrame,AutoExpandDetailsElement,CertificateTransparencyComponentUpdater,AvoidUnnecessaryBeforeUnloadCheckSync,Translate --allow-pre-commit-input --disable-hang-monitor --disable-ipc-flooding-protection --disable-popup-blocking --disable-prompt-on-repost --disable-renderer-backgrounding --force-color-profile=srgb --metrics-recording-only --no-first-run --enable-automation --password-store=basic --use-mock-keychain --no-service-autorun --export-tagged-pdf --no-sandbox --user-data-dir=/tmp/playwright_chromiumdev_profile-ng207R --remote-debugging-pipe --no-startup-window
&lt;launched&gt; pid=3506
[pid=3506][err] [3506:3506:0709/182045.302780:ERROR:ozone_platform_x11.cc(239)] Missing X server or $DISPLAY
[pid=3506][err] [3506:3506:0709/182045.302822:ERROR:env.cc(255)] The platform failed to initialize.  Exiting.
============================================================</status>
</test>
<status status="FAIL" starttime="20230709 18:20:44.680" endtime="20230709 18:20:45.324"/>
</suite>
<suite id="s1-s1-s1-s1-s3" name="BUI2-558" source="/home/runner/work/nelson-test-automation/nelson-test-automation/testsuites/BUI/feature/online_check_in/BUI2-558.robot">
<test id="s1-s1-s1-s1-s3-t1" name="Verify notification when marking someone else as a guest" line="9">
<kw name="Complete a new booking" library="booking">
<doc>A complete booking process from start to finish
This is currently duplicate to "Create a new booking" test case</doc>
<kw name="Run Keyword If" library="BuiltIn">
<arg>'${isBrowserOpen}'=='False'</arg>
<arg>Open Browser to Landing Page</arg>
<doc>Runs the given keyword with the given arguments, if ``condition`` is true.</doc>
<kw name="Open Browser to Landing Page" library="common">
<doc>A general startup keyword for opening a browser to the landing page.</doc>
<kw name="Open New Browser To URL" library="common">
<arg>${url}</arg>
<kw name="New Browser" library="Browser">
<arg>${browser}</arg>
<arg>${headless}</arg>
<arg>timeout=${timeout}</arg>
<tag>BrowserControl</tag>
<tag>Setter</tag>
<doc>Create a new playwright Browser with specified options.</doc>
<msg timestamp="20230709 18:20:45.783" level="INFO">{"browser": "chromium", "headless": false, "devtools": false, "handleSIGHUP": true, "handleSIGINT": true, "handleSIGTERM": true, "slowMo": 0.0, "timeout": 90000.0, "deprecated_pos_args": [], "tracesDir": "/home/runner/work/nelson-test-automation/nelson-test-automation/reports/ectest/browser/traces/9ded6952-a6be-4687-88b4-70d8707d0c5a"}</msg>
<msg timestamp="20230709 18:20:45.936" level="WARN">Keyword 'Take Screenshot  fail-screenshot-{index}' could not be run on failure:
Error: Tried to take screenshot, but no page was open.</msg>
<msg timestamp="20230709 18:20:45.936" level="INFO">See also file:///home/runner/work/nelson-test-automation/nelson-test-automation/reports/ectest/playwright-log.txt for additional details.</msg>
<msg timestamp="20230709 18:20:45.937" level="FAIL">Error: browserType.launch: 
╔════════════════════════════════════════════════════════════════════════════════════════════════╗
║ Looks like you launched a headed browser without having a XServer running.                     ║
║ Set either 'headless: true' or use 'xvfb-run &lt;your-playwright-app&gt;' before running Playwright. ║
║                                                                                                ║
║ &lt;3 Playwright Team                                                                             ║
╚════════════════════════════════════════════════════════════════════════════════════════════════╝
=========================== logs ===========================
&lt;launching&gt; /opt/hostedtoolcache/Python/3.10.12/x64/lib/python3.10/site-packages/Browser/wrapper/node_modules/playwright-core/.local-browsers/chromium-1067/chrome-linux/chrome --disable-field-trial-config --disable-background-networking --enable-features=NetworkService,NetworkServiceInProcess --disable-background-timer-throttling --disable-backgrounding-occluded-windows --disable-back-forward-cache --disable-breakpad --disable-client-side-phishing-detection --disable-component-extensions-with-background-pages --disable-component-update --no-default-browser-check --disable-default-apps --disable-dev-shm-usage --disable-extensions --disable-features=ImprovedCookieControls,LazyFrameLoading,GlobalMediaControls,DestroyProfileOnBrowserClose,MediaRouter,DialMediaRouteProvider,AcceptCHFrame,AutoExpandDetailsElement,CertificateTransparencyComponentUpdater,AvoidUnnecessaryBeforeUnloadCheckSync,Translate --allow-pre-commit-input --disable-hang-monitor --disable-ipc-flooding-protection --disable-popup-blocking --disable-prompt-on-repost --disable-renderer-backgrounding --force-color-profile=srgb --metrics-recording-only --no-first-run --enable-automation --password-store=basic --use-mock-keychain --no-service-autorun --export-tagged-pdf --no-sandbox --user-data-dir=/tmp/playwright_chromiumdev_profile-1es1vL --remote-debugging-pipe --no-startup-window
&lt;launched&gt; pid=3632
[pid=3632][err] [3632:3632:0709/182045.914978:ERROR:ozone_platform_x11.cc(239)] Missing X server or $DISPLAY
[pid=3632][err] [3632:3632:0709/182045.915022:ERROR:env.cc(255)] The platform failed to initialize.  Exiting.
============================================================</msg>
<status status="FAIL" starttime="20230709 18:20:45.782" endtime="20230709 18:20:45.937"/>
</kw>
<kw name="Set Browser Timeout" library="Browser">
<arg>${timeout}</arg>
<tag>Config</tag>
<tag>Setter</tag>
<doc>Sets the timeout used by most input and getter keywords.</doc>
<status status="NOT RUN" starttime="20230709 18:20:45.938" endtime="20230709 18:20:45.938"/>
</kw>
<kw name="New Context" library="Browser">
<tag>BrowserControl</tag>
<tag>Setter</tag>
<doc>Create a new BrowserContext with specified options.</doc>
<status status="NOT RUN" starttime="20230709 18:20:45.938" endtime="20230709 18:20:45.938"/>
</kw>
<kw name="New Page" library="Browser">
<arg>${url}</arg>
<tag>BrowserControl</tag>
<tag>Setter</tag>
<doc>Open a new Page.</doc>
<status status="NOT RUN" starttime="20230709 18:20:45.938" endtime="20230709 18:20:45.938"/>
</kw>
<status status="FAIL" starttime="20230709 18:20:45.781" endtime="20230709 18:20:45.939"/>
</kw>
<kw name="Wait Until Network Is Idle" library="Browser">
<tag>HTTP</tag>
<tag>Wait</tag>
<doc>Waits until there has been at least one instance of 500 ms of no network traffic on the page after loading.</doc>
<status status="NOT RUN" starttime="20230709 18:20:45.940" endtime="20230709 18:20:45.940"/>
</kw>
<kw name="Allow Cookies" library="common">
<doc>Allow Cookies/Toggle Cookie allowance</doc>
<status status="NOT RUN" starttime="20230709 18:20:45.940" endtime="20230709 18:20:45.940"/>
</kw>
<kw name="Set Environment" library="common">
<status status="NOT RUN" starttime="20230709 18:20:45.940" endtime="20230709 18:20:45.940"/>
</kw>
<status status="FAIL" starttime="20230709 18:20:45.781" endtime="20230709 18:20:45.941"/>
</kw>
<status status="FAIL" starttime="20230709 18:20:45.780" endtime="20230709 18:20:45.941"/>
</kw>
<kw name="Select Hotel" library="booking">
<doc>Select Hotel by using a number as an argument, default Lönnrotinkatu</doc>
<status status="NOT RUN" starttime="20230709 18:20:45.941" endtime="20230709 18:20:45.941"/>
</kw>
<kw name="Select Dates" library="booking">
<status status="NOT RUN" starttime="20230709 18:20:45.941" endtime="20230709 18:20:45.942"/>
</kw>
<kw name="Select Guests" library="booking">
<doc>Selects the number of guests for the booking, current implementation will only check the dropdown</doc>
<status status="NOT RUN" starttime="20230709 18:20:45.942" endtime="20230709 18:20:45.942"/>
</kw>
<kw name="Click Book or Find Rooms Button" library="booking">
<status status="NOT RUN" starttime="20230709 18:20:45.942" endtime="20230709 18:20:45.942"/>
</kw>
<kw name="Select a Standard Room" library="booking">
<status status="NOT RUN" starttime="20230709 18:20:45.942" endtime="20230709 18:20:45.942"/>
</kw>
<kw name="Click Continue to Extras Button" library="booking">
<doc>Clicks the continue to extras button</doc>
<status status="NOT RUN" starttime="20230709 18:20:45.942" endtime="20230709 18:20:45.942"/>
</kw>
<kw name="Continue to Payment" library="booking">
<status status="NOT RUN" starttime="20230709 18:20:45.942" endtime="20230709 18:20:45.943"/>
</kw>
<kw name="Select Join for Free" library="booking">
<status status="NOT RUN" starttime="20230709 18:20:45.943" endtime="20230709 18:20:45.943"/>
</kw>
<kw name="Fill in Contact Information" library="booking">
<doc>Fills in Contact information that can be given as arguments or use default values
Uses a password if the environment is bui and</doc>
<status status="NOT RUN" starttime="20230709 18:20:45.943" endtime="20230709 18:20:45.943"/>
</kw>
<kw name="Accept offers and Terms" library="booking">
<status status="NOT RUN" starttime="20230709 18:20:45.943" endtime="20230709 18:20:45.943"/>
</kw>
<kw name="Select Web Bank and Nordea as Payment Method" library="booking">
<status status="NOT RUN" starttime="20230709 18:20:45.943" endtime="20230709 18:20:45.943"/>
</kw>
<kw name="Complete Payment Successfully" library="booking">
<status status="NOT RUN" starttime="20230709 18:20:45.943" endtime="20230709 18:20:45.944"/>
</kw>
<status status="FAIL" starttime="20230709 18:20:45.780" endtime="20230709 18:20:45.944"/>
</kw>
<kw name="Click Check In Button" library="booking">
<status status="NOT RUN" starttime="20230709 18:20:45.944" endtime="20230709 18:20:45.944"/>
</kw>
<kw name="Click Someone else checkbox" library="booking">
<status status="NOT RUN" starttime="20230709 18:20:45.944" endtime="20230709 18:20:45.945"/>
</kw>
<kw name="Verify notification &quot;Before iniviting someone else to be the main guest in this room, you must fill in your own information&quot;" library="booking">
<status status="NOT RUN" starttime="20230709 18:20:45.945" endtime="20230709 18:20:45.945"/>
</kw>
<kw name="Close Browser" library="Browser" type="TEARDOWN">
<tag>BrowserControl</tag>
<tag>Setter</tag>
<doc>Closes the current browser.</doc>
<msg timestamp="20230709 18:20:45.948" level="INFO">No browser open, doing nothing</msg>
<status status="PASS" starttime="20230709 18:20:45.945" endtime="20230709 18:20:45.948"/>
</kw>
<tag>skip</tag>
<status status="FAIL" starttime="20230709 18:20:45.777" endtime="20230709 18:20:45.948">Error: browserType.launch: 
╔════════════════════════════════════════════════════════════════════════════════════════════════╗
║ Looks like you launched a headed browser without having a XServer running.                     ║
║ Set either 'headless: true' or use 'xvfb-run &lt;your-playwright-app&gt;' before running Playwright. ║
║                                                                                                ║
║ &lt;3 Playwright Team                                                                             ║
╚════════════════════════════════════════════════════════════════════════════════════════════════╝
=========================== logs ===========================
&lt;launching&gt; /opt/hostedtoolcache/Python/3.10.12/x64/lib/python3.10/site-packages/Browser/wrapper/node_modules/playwright-core/.local-browsers/chromium-1067/chrome-linux/chrome --disable-field-trial-config --disable-background-networking --enable-features=NetworkService,NetworkServiceInProcess --disable-background-timer-throttling --disable-backgrounding-occluded-windows --disable-back-forward-cache --disable-breakpad --disable-client-side-phishing-detection --disable-component-extensions-with-background-pages --disable-component-update --no-default-browser-check --disable-default-apps --disable-dev-shm-usage --disable-extensions --disable-features=ImprovedCookieControls,LazyFrameLoading,GlobalMediaControls,DestroyProfileOnBrowserClose,MediaRouter,DialMediaRouteProvider,AcceptCHFrame,AutoExpandDetailsElement,CertificateTransparencyComponentUpdater,AvoidUnnecessaryBeforeUnloadCheckSync,Translate --allow-pre-commit-input --disable-hang-monitor --disable-ipc-flooding-protection --disable-popup-blocking --disable-prompt-on-repost --disable-renderer-backgrounding --force-color-profile=srgb --metrics-recording-only --no-first-run --enable-automation --password-store=basic --use-mock-keychain --no-service-autorun --export-tagged-pdf --no-sandbox --user-data-dir=/tmp/playwright_chromiumdev_profile-1es1vL --remote-debugging-pipe --no-startup-window
&lt;launched&gt; pid=3632
[pid=3632][err] [3632:3632:0709/182045.914978:ERROR:ozone_platform_x11.cc(239)] Missing X server or $DISPLAY
[pid=3632][err] [3632:3632:0709/182045.915022:ERROR:env.cc(255)] The platform failed to initialize.  Exiting.
============================================================</status>
</test>
<test id="s1-s1-s1-s1-s3-t2" name="Verify room name in Edit guest popup when marking someone else as a guest" line="15">
<kw name="Complete a new booking" library="booking">
<doc>A complete booking process from start to finish
This is currently duplicate to "Create a new booking" test case</doc>
<kw name="Run Keyword If" library="BuiltIn">
<arg>'${isBrowserOpen}'=='False'</arg>
<arg>Open Browser to Landing Page</arg>
<doc>Runs the given keyword with the given arguments, if ``condition`` is true.</doc>
<kw name="Open Browser to Landing Page" library="common">
<doc>A general startup keyword for opening a browser to the landing page.</doc>
<kw name="Open New Browser To URL" library="common">
<arg>${url}</arg>
<kw name="New Browser" library="Browser">
<arg>${browser}</arg>
<arg>${headless}</arg>
<arg>timeout=${timeout}</arg>
<tag>BrowserControl</tag>
<tag>Setter</tag>
<doc>Create a new playwright Browser with specified options.</doc>
<msg timestamp="20230709 18:20:45.958" level="INFO">{"browser": "chromium", "headless": false, "devtools": false, "handleSIGHUP": true, "handleSIGINT": true, "handleSIGTERM": true, "slowMo": 0.0, "timeout": 90000.0, "deprecated_pos_args": [], "tracesDir": "/home/runner/work/nelson-test-automation/nelson-test-automation/reports/ectest/browser/traces/60ae4ece-916f-4425-be96-8ad7068c38f1"}</msg>
<msg timestamp="20230709 18:20:46.125" level="WARN">Keyword 'Take Screenshot  fail-screenshot-{index}' could not be run on failure:
Error: Tried to take screenshot, but no page was open.</msg>
<msg timestamp="20230709 18:20:46.126" level="INFO">See also file:///home/runner/work/nelson-test-automation/nelson-test-automation/reports/ectest/playwright-log.txt for additional details.</msg>
<msg timestamp="20230709 18:20:46.126" level="FAIL">Error: browserType.launch: 
╔════════════════════════════════════════════════════════════════════════════════════════════════╗
║ Looks like you launched a headed browser without having a XServer running.                     ║
║ Set either 'headless: true' or use 'xvfb-run &lt;your-playwright-app&gt;' before running Playwright. ║
║                                                                                                ║
║ &lt;3 Playwright Team                                                                             ║
╚════════════════════════════════════════════════════════════════════════════════════════════════╝
=========================== logs ===========================
&lt;launching&gt; /opt/hostedtoolcache/Python/3.10.12/x64/lib/python3.10/site-packages/Browser/wrapper/node_modules/playwright-core/.local-browsers/chromium-1067/chrome-linux/chrome --disable-field-trial-config --disable-background-networking --enable-features=NetworkService,NetworkServiceInProcess --disable-background-timer-throttling --disable-backgrounding-occluded-windows --disable-back-forward-cache --disable-breakpad --disable-client-side-phishing-detection --disable-component-extensions-with-background-pages --disable-component-update --no-default-browser-check --disable-default-apps --disable-dev-shm-usage --disable-extensions --disable-features=ImprovedCookieControls,LazyFrameLoading,GlobalMediaControls,DestroyProfileOnBrowserClose,MediaRouter,DialMediaRouteProvider,AcceptCHFrame,AutoExpandDetailsElement,CertificateTransparencyComponentUpdater,AvoidUnnecessaryBeforeUnloadCheckSync,Translate --allow-pre-commit-input --disable-hang-monitor --disable-ipc-flooding-protection --disable-popup-blocking --disable-prompt-on-repost --disable-renderer-backgrounding --force-color-profile=srgb --metrics-recording-only --no-first-run --enable-automation --password-store=basic --use-mock-keychain --no-service-autorun --export-tagged-pdf --no-sandbox --user-data-dir=/tmp/playwright_chromiumdev_profile-GjQ2hm --remote-debugging-pipe --no-startup-window
&lt;launched&gt; pid=3743
[pid=3743][err] [3743:3743:0709/182046.110452:ERROR:ozone_platform_x11.cc(239)] Missing X server or $DISPLAY
[pid=3743][err] [3743:3743:0709/182046.110502:ERROR:env.cc(255)] The platform failed to initialize.  Exiting.
============================================================</msg>
<status status="FAIL" starttime="20230709 18:20:45.958" endtime="20230709 18:20:46.126"/>
</kw>
<kw name="Set Browser Timeout" library="Browser">
<arg>${timeout}</arg>
<tag>Config</tag>
<tag>Setter</tag>
<doc>Sets the timeout used by most input and getter keywords.</doc>
<status status="NOT RUN" starttime="20230709 18:20:46.127" endtime="20230709 18:20:46.127"/>
</kw>
<kw name="New Context" library="Browser">
<tag>BrowserControl</tag>
<tag>Setter</tag>
<doc>Create a new BrowserContext with specified options.</doc>
<status status="NOT RUN" starttime="20230709 18:20:46.127" endtime="20230709 18:20:46.127"/>
</kw>
<kw name="New Page" library="Browser">
<arg>${url}</arg>
<tag>BrowserControl</tag>
<tag>Setter</tag>
<doc>Open a new Page.</doc>
<status status="NOT RUN" starttime="20230709 18:20:46.128" endtime="20230709 18:20:46.128"/>
</kw>
<status status="FAIL" starttime="20230709 18:20:45.957" endtime="20230709 18:20:46.128"/>
</kw>
<kw name="Wait Until Network Is Idle" library="Browser">
<tag>HTTP</tag>
<tag>Wait</tag>
<doc>Waits until there has been at least one instance of 500 ms of no network traffic on the page after loading.</doc>
<status status="NOT RUN" starttime="20230709 18:20:46.129" endtime="20230709 18:20:46.129"/>
</kw>
<kw name="Allow Cookies" library="common">
<doc>Allow Cookies/Toggle Cookie allowance</doc>
<status status="NOT RUN" starttime="20230709 18:20:46.129" endtime="20230709 18:20:46.129"/>
</kw>
<kw name="Set Environment" library="common">
<status status="NOT RUN" starttime="20230709 18:20:46.129" endtime="20230709 18:20:46.129"/>
</kw>
<status status="FAIL" starttime="20230709 18:20:45.957" endtime="20230709 18:20:46.130"/>
</kw>
<status status="FAIL" starttime="20230709 18:20:45.956" endtime="20230709 18:20:46.130"/>
</kw>
<kw name="Select Hotel" library="booking">
<doc>Select Hotel by using a number as an argument, default Lönnrotinkatu</doc>
<status status="NOT RUN" starttime="20230709 18:20:46.131" endtime="20230709 18:20:46.131"/>
</kw>
<kw name="Select Dates" library="booking">
<status status="NOT RUN" starttime="20230709 18:20:46.131" endtime="20230709 18:20:46.131"/>
</kw>
<kw name="Select Guests" library="booking">
<doc>Selects the number of guests for the booking, current implementation will only check the dropdown</doc>
<status status="NOT RUN" starttime="20230709 18:20:46.131" endtime="20230709 18:20:46.131"/>
</kw>
<kw name="Click Book or Find Rooms Button" library="booking">
<status status="NOT RUN" starttime="20230709 18:20:46.131" endtime="20230709 18:20:46.131"/>
</kw>
<kw name="Select a Standard Room" library="booking">
<status status="NOT RUN" starttime="20230709 18:20:46.132" endtime="20230709 18:20:46.132"/>
</kw>
<kw name="Click Continue to Extras Button" library="booking">
<doc>Clicks the continue to extras button</doc>
<status status="NOT RUN" starttime="20230709 18:20:46.132" endtime="20230709 18:20:46.132"/>
</kw>
<kw name="Continue to Payment" library="booking">
<status status="NOT RUN" starttime="20230709 18:20:46.132" endtime="20230709 18:20:46.132"/>
</kw>
<kw name="Select Join for Free" library="booking">
<status status="NOT RUN" starttime="20230709 18:20:46.132" endtime="20230709 18:20:46.132"/>
</kw>
<kw name="Fill in Contact Information" library="booking">
[...]
<tag>BrowserControl</tag>
<tag>Setter</tag>
<doc>Create a new BrowserContext with specified options.</doc>
<status status="NOT RUN" starttime="20230709 18:21:49.533" endtime="20230709 18:21:49.533"/>
</kw>
<kw name="EnvHandler.Get Environment Variable">
<var>${url}</var>
<arg>MUI_LINK</arg>
<status status="NOT RUN" starttime="20230709 18:21:49.538" endtime="20230709 18:21:49.538"/>
</kw>
<kw name="New Page" library="Browser">
<arg>${url}</arg>
<tag>BrowserControl</tag>
<tag>Setter</tag>
<doc>Open a new Page.</doc>
<status status="NOT RUN" starttime="20230709 18:21:49.538" endtime="20230709 18:21:49.538"/>
</kw>
<tag>skip</tag>
<status status="FAIL" starttime="20230709 18:21:49.369" endtime="20230709 18:21:49.539">Error: browserType.launch: 
╔════════════════════════════════════════════════════════════════════════════════════════════════╗
║ Looks like you launched a headed browser without having a XServer running.                     ║
║ Set either 'headless: true' or use 'xvfb-run &lt;your-playwright-app&gt;' before running Playwright. ║
║                                                                                                ║
║ &lt;3 Playwright Team                                                                             ║
╚════════════════════════════════════════════════════════════════════════════════════════════════╝
=========================== logs ===========================
&lt;launching&gt; /opt/hostedtoolcache/Python/3.10.12/x64/lib/python3.10/site-packages/Browser/wrapper/node_modules/playwright-core/.local-browsers/chromium-1067/chrome-linux/chrome --disable-field-trial-config --disable-background-networking --enable-features=NetworkService,NetworkServiceInProcess --disable-background-timer-throttling --disable-backgrounding-occluded-windows --disable-back-forward-cache --disable-breakpad --disable-client-side-phishing-detection --disable-component-extensions-with-background-pages --disable-component-update --no-default-browser-check --disable-default-apps --disable-dev-shm-usage --disable-extensions --disable-features=ImprovedCookieControls,LazyFrameLoading,GlobalMediaControls,DestroyProfileOnBrowserClose,MediaRouter,DialMediaRouteProvider,AcceptCHFrame,AutoExpandDetailsElement,CertificateTransparencyComponentUpdater,AvoidUnnecessaryBeforeUnloadCheckSync,Translate --allow-pre-commit-input --disable-hang-monitor --disable-ipc-flooding-protection --disable-popup-blocking --disable-prompt-on-repost --disable-renderer-backgrounding --force-color-profile=srgb --metrics-recording-only --no-first-run --enable-automation --password-store=basic --use-mock-keychain --no-service-autorun --export-tagged-pdf --no-sandbox --user-data-dir=/tmp/playwright_chromiumdev_profile-aelzvu --remote-debugging-pipe --no-startup-window
&lt;launched&gt; pid=5435
[pid=5435][err] [5435:5435:0709/182149.518011:ERROR:ozone_platform_x11.cc(239)] Missing X server or $DISPLAY
[pid=5435][err] [5435:5435:0709/182149.518307:ERROR:env.cc(255)] The platform failed to initialize.  Exiting.
============================================================</status>
</test>
<test id="s1-s3-s1-t2" name="Login Nelson Portal" line="15">
<kw name="EnvHandler.Get Environment Variable">
<var>${password}</var>
<arg>MUI_PASSWORD</arg>
<msg timestamp="20230709 18:21:49.551" level="FAIL">No keyword with name 'EnvHandler.Get Environment Variable' found.</msg>
<status status="FAIL" starttime="20230709 18:21:49.551" endtime="20230709 18:21:49.551"/>
</kw>
<kw name="EnvHandler.Get Environment Variable">
<var>${username}</var>
<arg>MUI_USERNAME</arg>
<status status="NOT RUN" starttime="20230709 18:21:49.556" endtime="20230709 18:21:49.556"/>
</kw>
<kw name="Type Secret" library="Browser">
<arg>id=loginUsername</arg>
<arg>${username}</arg>
<tag>PageContent</tag>
<tag>Setter</tag>
<doc>Types the given secret from ``variable_name`` into the text field
found by ``selector``.</doc>
<status status="NOT RUN" starttime="20230709 18:21:49.556" endtime="20230709 18:21:49.557"/>
</kw>
<kw name="Type Secret" library="Browser">
<arg>id=loginPassword</arg>
<arg>${password}</arg>
<tag>PageContent</tag>
<tag>Setter</tag>
<doc>Types the given secret from ``variable_name`` into the text field
found by ``selector``.</doc>
<status status="NOT RUN" starttime="20230709 18:21:49.557" endtime="20230709 18:21:49.557"/>
</kw>
<tag>skip</tag>
<status status="FAIL" starttime="20230709 18:21:49.543" endtime="20230709 18:21:49.557">No keyword with name 'EnvHandler.Get Environment Variable' found.</status>
</test>
<kw name="Close Browser" library="Browser" type="TEARDOWN">
<tag>BrowserControl</tag>
<tag>Setter</tag>
<doc>Closes the current browser.</doc>
<msg timestamp="20230709 18:21:49.562" level="INFO">No browser open, doing nothing</msg>
<status status="PASS" starttime="20230709 18:21:49.561" endtime="20230709 18:21:49.562"/>
</kw>
<status status="FAIL" starttime="20230709 18:21:49.361" endtime="20230709 18:21:49.563"/>
</suite>
<status status="FAIL" starttime="20230709 18:21:49.359" endtime="20230709 18:21:49.566"/>
</suite>
<suite id="s1-s4" name="Pretest" source="/home/runner/work/nelson-test-automation/nelson-test-automation/testsuites/pretest.robot">
<test id="s1-s4-t1" name="Pre-Test: Get Non-Member Inbox" line="18">
<kw name="Create new Inbox" library="MailSlurp">
<var>${inbox}</var>
<msg timestamp="20230709 18:21:50.051" level="INFO">${inbox} = {'created_at': datetime.datetime(2023, 7, 9, 18, 21, 50, 1000, tzinfo=tzlocal()),
 'description': None,
 'domain_id': None,
 'email_address': '29d7c037-9d05-4c5e-8d02-8c59741d4fb5@mailslurp.com',
 'ex...</msg>
<status status="PASS" starttime="20230709 18:21:49.586" endtime="20230709 18:21:50.052"/>
</kw>
<kw name="Set Suite Variable" library="BuiltIn">
<arg>${inboxId}</arg>
<arg>${inbox.id}</arg>
<doc>Makes a variable available everywhere within the scope of the current suite.</doc>
<msg timestamp="20230709 18:21:50.054" level="INFO">${inboxId} = 29d7c037-9d05-4c5e-8d02-8c59741d4fb5</msg>
<status status="PASS" starttime="20230709 18:21:50.052" endtime="20230709 18:21:50.054"/>
</kw>
<kw name="Log To Console" library="BuiltIn">
<arg>${inbox_id}</arg>
<doc>Logs the given message to the console.</doc>
<status status="PASS" starttime="20230709 18:21:50.054" endtime="20230709 18:21:50.054"/>
</kw>
<doc>Verifies the Mailslurp keywords are running</doc>
<tag>pretest</tag>
<status status="PASS" starttime="20230709 18:21:49.583" endtime="20230709 18:21:50.055"/>
</test>
<test id="s1-s4-t2" name="Pre-Test: Get Member Inbox" line="24">
<kw name="Log To Console" library="BuiltIn">
<arg>${inbox_id}</arg>
<doc>Logs the given message to the console.</doc>
<status status="PASS" starttime="20230709 18:21:50.061" endtime="20230709 18:21:50.062"/>
</kw>
<kw name="Get Inbox" library="MailSlurp">
<var>${inbox}</var>
<arg>${inbox_id}</arg>
<msg timestamp="20230709 18:21:50.522" level="INFO">None</msg>
<msg timestamp="20230709 18:21:50.522" level="INFO">${inbox} = {'created_at': datetime.datetime(2023, 7, 9, 18, 21, 50, 1000, tzinfo=tzlocal()),
 'description': None,
 'domain_id': None,
 'email_address': '29d7c037-9d05-4c5e-8d02-8c59741d4fb5@mailslurp.com',
 'ex...</msg>
<status status="PASS" starttime="20230709 18:21:50.062" endtime="20230709 18:21:50.522"/>
</kw>
<kw name="Set Suite Variable" library="BuiltIn">
<arg>${inbox_object}</arg>
<arg>${inbox}</arg>
<doc>Makes a variable available everywhere within the scope of the current suite.</doc>
<msg timestamp="20230709 18:21:50.524" level="INFO">${inbox_object} = {'created_at': datetime.datetime(2023, 7, 9, 18, 21, 50, 1000, tzinfo=tzlocal()),
 'description': None,
 'domain_id': None,
 'email_address': '29d7c037-9d05-4c5e-8d02-8c59741d4fb5@mailslurp.com',
 'ex...</msg>
<status status="PASS" starttime="20230709 18:21:50.523" endtime="20230709 18:21:50.524"/>
</kw>
<kw name="Log To Console" library="BuiltIn">
<arg>${inbox.name}</arg>
<doc>Logs the given message to the console.</doc>
<status status="PASS" starttime="20230709 18:21:50.524" endtime="20230709 18:21:50.525"/>
</kw>
<doc>Verifies the Mailslurp keywords are running</doc>
<tag>pretest</tag>
<status status="PASS" starttime="20230709 18:21:50.059" endtime="20230709 18:21:50.525"/>
</test>
<test id="s1-s4-t3" name="Pre-Test: Verify Variables are Set" line="31">
<kw name="Create List" library="BuiltIn">
<var>@{vars}</var>
<arg>${inbox_id}</arg>
<arg>${MAILSLURP_API_KEY}</arg>
<arg>${MUI_URL}</arg>
<arg>${MUI_USERNAME}</arg>
<arg>${MUI_PASSWORD}</arg>
<arg>${MUI_URL}</arg>
<arg>${MUI_USERNAME}</arg>
<arg>${MUI_PASSWORD}</arg>
<doc>Returns a list containing given items.</doc>
<msg timestamp="20230709 18:21:50.534" level="FAIL">Variable '${MAILSLURP_API_KEY}' not found.</msg>
<status status="FAIL" starttime="20230709 18:21:50.532" endtime="20230709 18:21:50.534"/>
</kw>
<for flavor="IN">
<var>${var}</var>
<value>@{vars}</value>
<iter>
<var name="${var}"/>
<kw name="Should Not Be Empty" library="BuiltIn">
<arg>${var}</arg>
<doc>Verifies that the given item is not empty.</doc>
<status status="NOT RUN" starttime="20230709 18:21:50.534" endtime="20230709 18:21:50.535"/>
</kw>
<status status="NOT RUN" starttime="20230709 18:21:50.534" endtime="20230709 18:21:50.535"/>
</iter>
<status status="NOT RUN" starttime="20230709 18:21:50.534" endtime="20230709 18:21:50.535"/>
</for>
<tag>pretest</tag>
<status status="FAIL" starttime="20230709 18:21:50.530" endtime="20230709 18:21:50.535">Variable '${MAILSLURP_API_KEY}' not found.</status>
</test>
<test id="s1-s4-t4" name="Pre-Test: Verify BUI is Up" line="37">
<kw name="Pass Execution" library="BuiltIn">
<arg>TBD: BUI is up and running</arg>
<doc>Skips rest of the current test, setup, or teardown with PASS status.</doc>
<msg timestamp="20230709 18:21:50.541" level="INFO">Execution passed with message:
TBD: BUI is up and running</msg>
<status status="PASS" starttime="20230709 18:21:50.541" endtime="20230709 18:21:50.541"/>
</kw>
<tag>pretest</tag>
<status status="PASS" starttime="20230709 18:21:50.538" endtime="20230709 18:21:50.541">TBD: BUI is up and running</status>
</test>
<test id="s1-s4-t5" name="Pre-Test: Verify API is Up" line="40">
<kw name="Pass Execution" library="BuiltIn">
<arg>TBD: API is up and running</arg>
<doc>Skips rest of the current test, setup, or teardown with PASS status.</doc>
<msg timestamp="20230709 18:21:50.548" level="INFO">Execution passed with message:
TBD: API is up and running</msg>
<status status="PASS" starttime="20230709 18:21:50.548" endtime="20230709 18:21:50.548"/>
</kw>
<tag>pretest</tag>
<status status="PASS" starttime="20230709 18:21:50.546" endtime="20230709 18:21:50.548">TBD: API is up and running</status>
</test>
<test id="s1-s4-t6" name="Pre-Test: Verify MUI is Up" line="43">
<kw name="Pass Execution" library="BuiltIn">
<arg>TBD: MUI is up and running</arg>
<doc>Skips rest of the current test, setup, or teardown with PASS status.</doc>
<msg timestamp="20230709 18:21:50.554" level="INFO">Execution passed with message:
TBD: MUI is up and running</msg>
<status status="PASS" starttime="20230709 18:21:50.554" endtime="20230709 18:21:50.555"/>
</kw>
<tag>pretest</tag>
<status status="PASS" starttime="20230709 18:21:50.552" endtime="20230709 18:21:50.555">TBD: MUI is up and running</status>
</test>
<test id="s1-s4-t7" name="Verify Rooms are Available" line="46">
<kw name="Pass Execution" library="BuiltIn">
<arg>TBD: Check Rooms are available, for example API</arg>
<doc>Skips rest of the current test, setup, or teardown with PASS status.</doc>
<msg timestamp="20230709 18:21:50.561" level="INFO">Execution passed with message:
TBD: Check Rooms are available, for example API</msg>
<status status="PASS" starttime="20230709 18:21:50.561" endtime="20230709 18:21:50.561"/>
</kw>
<tag>pretest</tag>
<status status="PASS" starttime="20230709 18:21:50.558" endtime="20230709 18:21:50.561">TBD: Check Rooms are available, for example API</status>
</test>
<doc>A test suite that will verify external libraries and variables
Must pass in order for everything else to work as expected</doc>
<status status="FAIL" starttime="20230709 18:21:49.567" endtime="20230709 18:21:50.564"/>
</suite>
<status status="FAIL" starttime="20230709 18:20:43.156" endtime="20230709 18:21:50.569"/>
</suite>
<statistics>
<total>
<stat pass="8" fail="39" skip="0">All Tests</stat>
</total>
<tag>
<stat pass="2" fail="5" skip="0">exhibition_court</stat>
<stat pass="6" fail="1" skip="0">pretest</stat>
<stat pass="0" fail="18" skip="0">skip</stat>
<stat pass="0" fail="2" skip="0">smoke</stat>
<stat pass="0" fail="7" skip="0">smoke, booking, BUI2-556, online-checkin</stat>
</tag>
<suite>
<stat pass="8" fail="39" skip="0" id="s1" name="Testsuites">Testsuites</stat>
<stat pass="0" fail="29" skip="0" id="s1-s1" name="BUI">Testsuites.BUI</stat>
<stat pass="0" fail="26" skip="0" id="s1-s1-s1" name="Feature">Testsuites.BUI.Feature</stat>
<stat pass="0" fail="26" skip="0" id="s1-s1-s1-s1" name="Online Check In">Testsuites.BUI.Feature.Online Check In</stat>
<stat pass="0" fail="7" skip="0" id="s1-s1-s1-s1-s1" name="BUI2-556">Testsuites.BUI.Feature.Online Check In.BUI2-556</stat>
<stat pass="0" fail="4" skip="0" id="s1-s1-s1-s1-s2" name="BUI2-557">Testsuites.BUI.Feature.Online Check In.BUI2-557</stat>
<stat pass="0" fail="10" skip="0" id="s1-s1-s1-s1-s3" name="BUI2-558">Testsuites.BUI.Feature.Online Check In.BUI2-558</stat>
<stat pass="0" fail="5" skip="0" id="s1-s1-s1-s1-s4" name="BUI2-559">Testsuites.BUI.Feature.Online Check In.BUI2-559</stat>
<stat pass="0" fail="3" skip="0" id="s1-s1-s2" name="Regression">Testsuites.BUI.Regression</stat>
<stat pass="0" fail="1" skip="0" id="s1-s1-s2-s1" name="Modify Booking">Testsuites.BUI.Regression.Modify Booking</stat>
<stat pass="0" fail="2" skip="0" id="s1-s1-s2-s2" name="New Booking">Testsuites.BUI.Regression.New Booking</stat>
<stat pass="2" fail="7" skip="0" id="s1-s2" name="MUI">Testsuites.MUI</stat>
<stat pass="2" fail="5" skip="0" id="s1-s2-s1" name="EC">Testsuites.MUI.EC</stat>
<stat pass="2" fail="5" skip="0" id="s1-s2-s1-s1" name="New Booking">Testsuites.MUI.EC.New Booking</stat>
<stat pass="0" fail="2" skip="0" id="s1-s2-s2" name="Feature">Testsuites.MUI.Feature</stat>
<stat pass="0" fail="2" skip="0" id="s1-s2-s2-s1" name="MUI-430">Testsuites.MUI.Feature.MUI-430</stat>
<stat pass="0" fail="2" skip="0" id="s1-s3" name="Others">Testsuites.Others</stat>
<stat pass="0" fail="2" skip="0" id="s1-s3-s1" name="Example">Testsuites.Others.Example</stat>
<stat pass="6" fail="1" skip="0" id="s1-s4" name="Pretest">Testsuites.Pretest</stat>
</suite>
</statistics>
<errors>
<msg timestamp="20230709 18:20:44.626" level="WARN">Keyword 'Take Screenshot  fail-screenshot-{index}' could not be run on failure:
Error: Tried to take screenshot, but no page was open.</msg>
<msg timestamp="20230709 18:20:44.855" level="WARN">Keyword 'Take Screenshot  fail-screenshot-{index}' could not be run on failure:
Error: Tried to take screenshot, but no page was open.</msg>
<msg timestamp="20230709 18:20:45.002" level="WARN">Keyword 'Take Screenshot  fail-screenshot-{index}' could not be run on failure:
Error: Tried to take screenshot, but no page was open.</msg>
<msg timestamp="20230709 18:20:45.166" level="WARN">Keyword 'Take Screenshot  fail-screenshot-{index}' could not be run on failure:
Error: Tried to take screenshot, but no page was open.</msg>
<msg timestamp="20230709 18:20:45.314" level="WARN">Keyword 'Take Screenshot  fail-screenshot-{index}' could not be run on failure:
Error: Tried to take screenshot, but no page was open.</msg>
<msg timestamp="20230709 18:20:45.936" level="WARN">Keyword 'Take Screenshot  fail-screenshot-{index}' could not be run on failure:
Error: Tried to take screenshot, but no page was open.</msg>
<msg timestamp="20230709 18:20:46.125" level="WARN">Keyword 'Take Screenshot  fail-screenshot-{index}' could not be run on failure:
Error: Tried to take screenshot, but no page was open.</msg>
<msg timestamp="20230709 18:20:46.283" level="WARN">Keyword 'Take Screenshot  fail-screenshot-{index}' could not be run on failure:
Error: Tried to take screenshot, but no page was open.</msg>
<msg timestamp="20230709 18:20:46.455" level="WARN">Keyword 'Take Screenshot  fail-screenshot-{index}' could not be run on failure:
Error: Tried to take screenshot, but no page was open.</msg>
<msg timestamp="20230709 18:20:46.611" level="WARN">Keyword 'Take Screenshot  fail-screenshot-{index}' could not be run on failure:
Error: Tried to take screenshot, but no page was open.</msg>
<msg timestamp="20230709 18:20:46.769" level="WARN">Keyword 'Take Screenshot  fail-screenshot-{index}' could not be run on failure:
Error: Tried to take screenshot, but no page was open.</msg>
<msg timestamp="20230709 18:20:46.931" level="WARN">Keyword 'Take Screenshot  fail-screenshot-{index}' could not be run on failure:
Error: Tried to take screenshot, but no page was open.</msg>
<msg timestamp="20230709 18:20:47.089" level="WARN">Keyword 'Take Screenshot  fail-screenshot-{index}' could not be run on failure:
Error: Tried to take screenshot, but no page was open.</msg>
<msg timestamp="20230709 18:20:47.254" level="WARN">Keyword 'Take Screenshot  fail-screenshot-{index}' could not be run on failure:
Error: Tried to take screenshot, but no page was open.</msg>
<msg timestamp="20230709 18:20:47.418" level="WARN">Keyword 'Take Screenshot  fail-screenshot-{index}' could not be run on failure:
Error: Tried to take screenshot, but no page was open.</msg>
<msg timestamp="20230709 18:20:47.465" level="WARN">Keyword 'Take Screenshot  fail-screenshot-{index}' could not be run on failure:
Error: Tried to take screenshot, but no page was open.</msg>
<msg timestamp="20230709 18:20:47.483" level="WARN">Keyword 'Take Screenshot  fail-screenshot-{index}' could not be run on failure:
Error: Tried to take screenshot, but no page was open.</msg>
<msg timestamp="20230709 18:20:47.499" level="WARN">Keyword 'Take Screenshot  fail-screenshot-{index}' could not be run on failure:
Error: Tried to take screenshot, but no page was open.</msg>
<msg timestamp="20230709 18:20:47.515" level="WARN">Keyword 'Take Screenshot  fail-screenshot-{index}' could not be run on failure:
Error: Tried to take screenshot, but no page was open.</msg>
<msg timestamp="20230709 18:20:47.532" level="WARN">Keyword 'Take Screenshot  fail-screenshot-{index}' could not be run on failure:
Error: Tried to take screenshot, but no page was open.</msg>
<msg timestamp="20230709 18:20:47.705" level="WARN">Keyword 'Take Screenshot  fail-screenshot-{index}' could not be run on failure:
Error: Tried to take screenshot, but no page was open.</msg>
<msg timestamp="20230709 18:20:47.880" level="WARN">Keyword 'Take Screenshot  fail-screenshot-{index}' could not be run on failure:
Error: Tried to take screenshot, but no page was open.</msg>
<msg timestamp="20230709 18:20:48.073" level="WARN">Keyword 'Take Screenshot  fail-screenshot-{index}' could not be run on failure:
Error: Tried to take screenshot, but no page was open.</msg>
<msg timestamp="20230709 18:21:48.967" level="WARN">Keyword 'Take Screenshot  fail-screenshot-{index}' could not be run on failure:
Error: Tried to take screenshot, but no page was open.</msg>
<msg timestamp="20230709 18:21:48.987" level="WARN">Keyword 'Take Screenshot  fail-screenshot-{index}' could not be run on failure:
Error: Tried to take screenshot, but no page was open.</msg>
<msg timestamp="20230709 18:21:49.139" level="WARN">Keyword 'Take Screenshot  fail-screenshot-{index}' could not be run on failure:
Error: Tried to take screenshot, but no page was open.</msg>
<msg timestamp="20230709 18:21:49.330" level="WARN">Keyword 'Take Screenshot  fail-screenshot-{index}' could not be run on failure:
Error: Tried to take screenshot, but no page was open.</msg>
<msg timestamp="20230709 18:21:49.531" level="WARN">Keyword 'Take Screenshot  fail-screenshot-{index}' could not be run on failure:
Error: Tried to take screenshot, but no page was open.</msg>
</errors>
</robot>
