<?xml version="1.0" encoding="UTF-8"?>
<robot generator="Robot 5.0.1 (Python 3.10.12 on linux)" generated="20230713 17:15:07.967" rpa="false" schemaversion="3">
<suite id="s1" name="Testsuites" source="/home/runner/work/nelson-test-automation/nelson-test-automation/testsuites">
<suite id="s1-s1" name="MUI" source="/home/runner/work/nelson-test-automation/nelson-test-automation/testsuites/MUI">
<suite id="s1-s1-s1" name="EC" source="/home/runner/work/nelson-test-automation/nelson-test-automation/testsuites/MUI/EC">
<suite id="s1-s1-s1-s1" name="New Booking" source="/home/runner/work/nelson-test-automation/nelson-test-automation/testsuites/MUI/EC/new_booking.robot">
<test id="s1-s1-s1-s1-t1" name="Create A New Booking on Booking.com for today and verify Emails" line="31">
<kw name="Get Inbox ID" library="common">
<var>${id}</var>
<kw name="Log To Console" library="BuiltIn">
<arg>Mailslurp: ${inbox_id}</arg>
<doc>Logs the given message to the console.</doc>
<status status="PASS" starttime="20230713 17:15:09.031" endtime="20230713 17:15:09.031"/>
</kw>
<msg timestamp="20230713 17:15:09.032" level="INFO">${id} = bb99fbd9-e882-4f00-b772-ce50c2f9dffb</msg>
<status status="PASS" starttime="20230713 17:15:09.030" endtime="20230713 17:15:09.032"/>
</kw>
<kw name="Open New Browser To URL" library="common">
<arg>${BDCUrl}${BDCHotelId}&amp;test=1</arg>
<kw name="New Browser" library="Browser">
<arg>${browser}</arg>
<arg>${headless}</arg>
<arg>timeout=${timeout}</arg>
<tag>BrowserControl</tag>
<tag>Setter</tag>
<doc>Create a new playwright Browser with specified options.</doc>
<msg timestamp="20230713 17:15:09.034" level="INFO">{"browser": "firefox", "headless": true, "devtools": false, "handleSIGHUP": true, "handleSIGINT": true, "handleSIGTERM": true, "slowMo": 0.0, "timeout": 90000.0, "tracesDir": "/home/runner/work/nelson-test-automation/nelson-test-automation/reports/ectest/browser/traces/18cb7b78-19e8-4ff3-b305-604584fc6810"}</msg>
<msg timestamp="20230713 17:15:09.666" level="INFO">Successfully created browser with options: {"browser":"firefox","headless":true,"devtools":false,"handleSIGHUP":true,"handleSIGINT":true,"handleSIGTERM":true,"slowMo":0,"timeout":90000,"tracesDir":"/home/runner/work/nelson-test-automation/nelson-test-automation/reports/ectest/browser/traces/18cb7b78-19e8-4ff3-b305-604584fc6810"}</msg>
<status status="PASS" starttime="20230713 17:15:09.033" endtime="20230713 17:15:09.667"/>
</kw>
<kw name="Set Browser Timeout" library="Browser">
<arg>${timeout}</arg>
<tag>Config</tag>
<tag>Setter</tag>
<doc>Sets the timeout used by most input and getter keywords.</doc>
<msg timestamp="20230713 17:15:09.671" level="INFO">No context open.</msg>
<status status="PASS" starttime="20230713 17:15:09.667" endtime="20230713 17:15:09.671"/>
</kw>
<kw name="New Context" library="Browser">
<tag>BrowserControl</tag>
<tag>Setter</tag>
<doc>Create a new BrowserContext with specified options.</doc>
<msg timestamp="20230713 17:15:09.672" level="INFO">{
  "acceptDownloads": true,
  "bypassCSP": false,
  "forcedColors": "none",
  "hideRfBrowser": "",
  "ignoreHTTPSErrors": false,
  "javaScriptEnabled": true,
  "offline": false,
  "reducedMotion": "no-preference",
  "viewport": {
    "height": 720,
    "width": 1280
  }
}</msg>
<msg timestamp="20230713 17:15:09.733" level="INFO">Successfully created context. </msg>
<msg timestamp="20230713 17:15:09.733" level="INFO">{'acceptDownloads': True, 'bypassCSP': False, 'forcedColors': 'none', 'hideRfBrowser': '', 'ignoreHTTPSErrors': False, 'javaScriptEnabled': True, 'offline': False, 'reducedMotion': 'no-preference', 'viewport': {'height': 720, 'width': 1280}}</msg>
<status status="PASS" starttime="20230713 17:15:09.671" endtime="20230713 17:15:09.733"/>
</kw>
<kw name="New Page" library="Browser">
<arg>${url}</arg>
<tag>BrowserControl</tag>
<tag>Setter</tag>
<doc>Open a new Page.</doc>
<msg timestamp="20230713 17:15:14.030" level="INFO">Successfully initialized new page object and opened url: https://secure.booking.com/book.html?hotel_id=10304890&amp;test=1</msg>
<status status="PASS" starttime="20230713 17:15:09.733" endtime="20230713 17:15:14.030"/>
</kw>
<status status="PASS" starttime="20230713 17:15:09.032" endtime="20230713 17:15:14.031"/>
</kw>
<kw name="Log To Console" library="BuiltIn">
<arg>${BDCUrl}${BDCHotelId}&amp;test=1</arg>
<doc>Logs the given message to the console.</doc>
<status status="PASS" starttime="20230713 17:15:14.031" endtime="20230713 17:15:14.033"/>
</kw>
<kw name="Get Selectors For Far Date" library="Helpers">
<var>${day}</var>
<var>${month}</var>
<msg timestamp="20230713 17:15:14.034" level="INFO">${day} = 11</msg>
<msg timestamp="20230713 17:15:14.034" level="INFO">${month} = 9</msg>
<status status="PASS" starttime="20230713 17:15:14.033" endtime="20230713 17:15:14.034"/>
</kw>
<kw name="Select Options By" library="Browser">
<arg>id=check-availability__checkin-monthday</arg>
<arg>value</arg>
<arg>${day}</arg>
<tag>PageContent</tag>
<tag>Setter</tag>
<doc>Selects options from select element found by ``selector``.</doc>
<status status="PASS" starttime="20230713 17:15:14.034" endtime="20230713 17:15:14.168"/>
</kw>
<kw name="Select Options By" library="Browser">
<arg>id=check-availability__checkin-yearmonth</arg>
<arg>value</arg>
<arg>2023-${month}</arg>
<tag>PageContent</tag>
<tag>Setter</tag>
<doc>Selects options from select element found by ``selector``.</doc>
<status status="PASS" starttime="20230713 17:15:14.169" endtime="20230713 17:15:14.462"/>
</kw>
<kw name="Click" library="Browser">
<arg>//span[contains(text(), 'Check availability')]</arg>
<tag>PageContent</tag>
<tag>Setter</tag>
<doc>Simulates mouse click on the element found by ``selector``.</doc>
<status status="PASS" starttime="20230713 17:15:14.463" endtime="20230713 17:15:16.954"/>
</kw>
<kw name="Wait Until Network Is Idle" library="Browser">
<tag>HTTP</tag>
<tag>Wait</tag>
<doc>Waits until there has been at least one instance of 500 ms of no network traffic on the page after loading.</doc>
<status status="PASS" starttime="20230713 17:15:16.954" endtime="20230713 17:15:20.712"/>
</kw>
<kw name="Is Element Visible" library="common">
<var>${reserveButton}</var>
<arg>//button[@name='book']</arg>
<kw name="Get Element States" library="Browser">
<var>${isVisible}</var>
<arg>${selector}</arg>
<arg>then</arg>
<arg>bool(value &amp; visible)</arg>
<tag>Assertion</tag>
<tag>Getter</tag>
<tag>PageContent</tag>
<doc>Get the active states from the element found by ``selector``.</doc>
<msg timestamp="20230713 17:15:20.808" level="INFO">${isVisible} = True</msg>
<status status="PASS" starttime="20230713 17:15:20.713" endtime="20230713 17:15:20.809"/>
</kw>
<msg timestamp="20230713 17:15:20.809" level="INFO">${reserveButton} = True</msg>
<status status="PASS" starttime="20230713 17:15:20.712" endtime="20230713 17:15:20.809"/>
</kw>
<kw name="Select Options By" library="Browser">
<arg>//select[contains(@id, 'unit')]</arg>
<arg>value</arg>
<arg>1</arg>
<tag>PageContent</tag>
<tag>Setter</tag>
<doc>Selects options from select element found by ``selector``.</doc>
<status status="PASS" starttime="20230713 17:15:20.809" endtime="20230713 17:15:20.843"/>
</kw>
<kw name="Click" library="Browser">
<arg>//span[contains(text(), 'reserve')]</arg>
<tag>PageContent</tag>
<tag>Setter</tag>
<doc>Simulates mouse click on the element found by ``selector``.</doc>
<status status="PASS" starttime="20230713 17:15:20.843" endtime="20230713 17:15:24.199"/>
</kw>
<kw name="Get Inbox ID" library="common">
<var>${id}</var>
<kw name="Log To Console" library="BuiltIn">
<arg>Mailslurp: ${inbox_id}</arg>
<doc>Logs the given message to the console.</doc>
<status status="PASS" starttime="20230713 17:15:24.201" endtime="20230713 17:15:24.204"/>
</kw>
<msg timestamp="20230713 17:15:24.206" level="INFO">${id} = bb99fbd9-e882-4f00-b772-ce50c2f9dffb</msg>
<status status="PASS" starttime="20230713 17:15:24.200" endtime="20230713 17:15:24.206"/>
</kw>
<kw name="Click and Fill" library="common">
<arg>id=firstname</arg>
<arg>${firstName}</arg>
<doc>A keyword combination of Click and Fill Text since most of the form fields need a click</doc>
<kw name="Click" library="Browser">
<arg>${selector}</arg>
<tag>PageContent</tag>
<tag>Setter</tag>
<doc>Simulates mouse click on the element found by ``selector``.</doc>
<status status="PASS" starttime="20230713 17:15:24.208" endtime="20230713 17:15:24.789"/>
</kw>
<kw name="Fill Text" library="Browser">
<arg>${selector}</arg>
<arg>${text}</arg>
<tag>PageContent</tag>
<tag>Setter</tag>
<doc>Clears and fills the given ``txt`` into the text field found by ``selector``.</doc>
<msg timestamp="20230713 17:15:24.790" level="INFO">Fills the text 'Mos' in the given field.</msg>
<status status="PASS" starttime="20230713 17:15:24.789" endtime="20230713 17:15:24.824"/>
</kw>
<status status="PASS" starttime="20230713 17:15:24.207" endtime="20230713 17:15:24.825"/>
</kw>
<kw name="Click and Fill" library="common">
<arg>id=lastname</arg>
<arg>${lastName}</arg>
<doc>A keyword combination of Click and Fill Text since most of the form fields need a click</doc>
<kw name="Click" library="Browser">
<arg>${selector}</arg>
<tag>PageContent</tag>
<tag>Setter</tag>
<doc>Simulates mouse click on the element found by ``selector``.</doc>
<status status="PASS" starttime="20230713 17:15:24.826" endtime="20230713 17:15:25.105"/>
</kw>
<kw name="Fill Text" library="Browser">
<arg>${selector}</arg>
<arg>${text}</arg>
<tag>PageContent</tag>
<tag>Setter</tag>
<doc>Clears and fills the given ``txt`` into the text field found by ``selector``.</doc>
<msg timestamp="20230713 17:15:25.107" level="INFO">Fills the text 'Def' in the given field.</msg>
<status status="PASS" starttime="20230713 17:15:25.106" endtime="20230713 17:15:25.515"/>
</kw>
<status status="PASS" starttime="20230713 17:15:24.825" endtime="20230713 17:15:25.515"/>
</kw>
<kw name="Click and Fill" library="common">
<arg>id=email</arg>
<arg>${id}@mailslurp.com</arg>
<doc>A keyword combination of Click and Fill Text since most of the form fields need a click</doc>
<kw name="Click" library="Browser">
<arg>${selector}</arg>
<tag>PageContent</tag>
<tag>Setter</tag>
<doc>Simulates mouse click on the element found by ``selector``.</doc>
<status status="PASS" starttime="20230713 17:15:25.516" endtime="20230713 17:15:25.761"/>
</kw>
<kw name="Fill Text" library="Browser">
<arg>${selector}</arg>
<arg>${text}</arg>
<tag>PageContent</tag>
<tag>Setter</tag>
<doc>Clears and fills the given ``txt`` into the text field found by ``selector``.</doc>
<msg timestamp="20230713 17:15:25.761" level="INFO">Fills the text 'bb99fbd9-e882-4f00-b772-ce50c2f9dffb@mailslurp.com' in the given field.</msg>
<status status="PASS" starttime="20230713 17:15:25.761" endtime="20230713 17:15:25.804"/>
</kw>
<status status="PASS" starttime="20230713 17:15:25.516" endtime="20230713 17:15:25.805"/>
</kw>
<kw name="Log To Console" library="BuiltIn">
<arg>${id}</arg>
<doc>Logs the given message to the console.</doc>
<status status="PASS" starttime="20230713 17:15:25.805" endtime="20230713 17:15:25.805"/>
</kw>
<kw name="Set Suite Variable" library="BuiltIn">
<arg>$ID</arg>
<arg>${id}</arg>
<doc>Makes a variable available everywhere within the scope of the current suite.</doc>
<msg timestamp="20230713 17:15:25.807" level="INFO">${ID} = bb99fbd9-e882-4f00-b772-ce50c2f9dffb</msg>
<status status="PASS" starttime="20230713 17:15:25.806" endtime="20230713 17:15:25.807"/>
</kw>
<kw name="Click and Fill" library="common">
<arg>id=remarks</arg>
<arg>testRemark</arg>
<doc>A keyword combination of Click and Fill Text since most of the form fields need a click</doc>
<kw name="Click" library="Browser">
<arg>${selector}</arg>
<tag>PageContent</tag>
<tag>Setter</tag>
<doc>Simulates mouse click on the element found by ``selector``.</doc>
<status status="PASS" starttime="20230713 17:15:25.808" endtime="20230713 17:15:25.965"/>
</kw>
<kw name="Fill Text" library="Browser">
<arg>${selector}</arg>
<arg>${text}</arg>
<tag>PageContent</tag>
<tag>Setter</tag>
<doc>Clears and fills the given ``txt`` into the text field found by ``selector``.</doc>
<msg timestamp="20230713 17:15:25.965" level="INFO">Fills the text 'testRemark' in the given field.</msg>
<status status="PASS" starttime="20230713 17:15:25.965" endtime="20230713 17:15:26.019"/>
</kw>
<status status="PASS" starttime="20230713 17:15:25.807" endtime="20230713 17:15:26.019"/>
</kw>
<kw name="Click" library="Browser">
<arg>//input[contains(@class, 'guest-name-input')]</arg>
<tag>PageContent</tag>
<tag>Setter</tag>
<doc>Simulates mouse click on the element found by ``selector``.</doc>
<status status="PASS" starttime="20230713 17:15:26.019" endtime="20230713 17:15:26.273"/>
</kw>
<kw name="Click" library="Browser">
<arg>id=firstname</arg>
<tag>PageContent</tag>
<tag>Setter</tag>
<doc>Simulates mouse click on the element found by ``selector``.</doc>
<status status="PASS" starttime="20230713 17:15:26.274" endtime="20230713 17:15:26.461"/>
</kw>
<kw name="Click" library="Browser">
<arg>id=lastname</arg>
<tag>PageContent</tag>
<tag>Setter</tag>
<doc>Simulates mouse click on the element found by ``selector``.</doc>
<status status="PASS" starttime="20230713 17:15:26.461" endtime="20230713 17:15:26.597"/>
</kw>
<kw name="Click" library="Browser">
<arg>id=email</arg>
<tag>PageContent</tag>
<tag>Setter</tag>
<doc>Simulates mouse click on the element found by ``selector``.</doc>
<status status="PASS" starttime="20230713 17:15:26.597" endtime="20230713 17:15:26.688"/>
</kw>
<kw name="Click" library="Browser">
<arg>id=bp-control-group__label--notstayer</arg>
<tag>PageContent</tag>
<tag>Setter</tag>
<doc>Simulates mouse click on the element found by ``selector``.</doc>
<status status="PASS" starttime="20230713 17:15:26.689" endtime="20230713 17:15:26.755"/>
</kw>
<kw name="Click" library="Browser">
<arg>//span[contains(text(), 'Final details')]</arg>
<tag>PageContent</tag>
<tag>Setter</tag>
<doc>Simulates mouse click on the element found by ``selector``.</doc>
<status status="PASS" starttime="20230713 17:15:26.756" endtime="20230713 17:15:26.859"/>
</kw>
<kw name="Wait Until Visible" library="common">
<arg>//select[@data-phone-country]</arg>
<doc>An easier keyword for waiting until an element is visible</doc>
<kw name="Wait For Elements State" library="Browser">
<arg>${element}</arg>
<arg>visible</arg>
<arg>timeout=${timeout}</arg>
<tag>PageContent</tag>
<tag>Wait</tag>
<doc>Waits for the element found by ``selector`` to satisfy state option.</doc>
<msg timestamp="20230713 17:15:31.345" level="INFO">Waited for Element with selector //select[@data-phone-country] at state visible</msg>
<status status="PASS" starttime="20230713 17:15:26.860" endtime="20230713 17:15:31.345"/>
</kw>
<status status="PASS" starttime="20230713 17:15:26.859" endtime="20230713 17:15:31.346"/>
</kw>
<kw name="Select Options By" library="Browser">
<arg>//select[@data-phone-country]</arg>
<arg>value</arg>
<arg>FI</arg>
<tag>PageContent</tag>
<tag>Setter</tag>
<doc>Selects options from select element found by ``selector``.</doc>
<status status="PASS" starttime="20230713 17:15:31.346" endtime="20230713 17:15:31.633"/>
</kw>
<kw name="Fill Text" library="Browser">
<arg>id=phone</arg>
<arg>${phone}</arg>
<tag>PageContent</tag>
<tag>Setter</tag>
<doc>Clears and fills the given ``txt`` into the text field found by ``selector``.</doc>
<msg timestamp="20230713 17:15:31.634" level="INFO">Fills the text '0401234567' in the given field.</msg>
<status status="PASS" starttime="20230713 17:15:31.633" endtime="20230713 17:15:31.693"/>
</kw>
<kw name="Fill in Card Details">
<kw name="Click and Fill" library="common">
<arg>id=cc_name</arg>
<arg>Card Holder</arg>
<doc>A keyword combination of Click and Fill Text since most of the form fields need a click</doc>
<kw name="Click" library="Browser">
<arg>${selector}</arg>
<tag>PageContent</tag>
<tag>Setter</tag>
<doc>Simulates mouse click on the element found by ``selector``.</doc>
<kw name="Take Custom Screenshot" library="common">
<doc>Sets the screenshot directory and filename</doc>
<kw name="Take Screenshot" library="Browser">
<arg>filename=${OUTPUTDIR}/screenshots/${SUITE NAME}_${TEST NAME}_{index}.png</arg>
<tag>PageContent</tag>
<doc>Takes a screenshot of the current window or element and saves it to disk.</doc>
<msg timestamp="20230713 17:17:01.805" level="INFO" html="true">&lt;/td&gt;&lt;/tr&gt;&lt;tr&gt;&lt;td colspan="3"&gt;&lt;a href="screenshots/Testsuites.MUI.EC.New%20Booking_Create%20A%20New%20Booking%20on%20Booking.com%20for%20today%20and%20verify%20Emails_1.png" target="_blank"&gt;&lt;img src="screenshots/Testsuites.MUI.EC.New%20Booking_Create%20A%20New%20Booking%20on%20Booking.com%20for%20today%20and%20verify%20Emails_1.png" width="800px"/&gt;&lt;/a&gt;</msg>
<status status="PASS" starttime="20230713 17:17:01.706" endtime="20230713 17:17:01.805"/>
</kw>
<status status="PASS" starttime="20230713 17:17:01.704" endtime="20230713 17:17:01.805"/>
</kw>
<msg timestamp="20230713 17:17:01.805" level="INFO">See also file:///home/runner/work/nelson-test-automation/nelson-test-automation/reports/ectest/playwright-log.txt for additional details.</msg>
<msg timestamp="20230713 17:17:01.806" level="FAIL">TimeoutError: locator.click: Timeout 90000ms exceeded.
=========================== logs ===========================
waiting for locator('id=cc_name')
  locator resolved to &lt;input size="22" type="text" id="cc_name" name="cc_name…/&gt;
attempting click action
  waiting for element to be visible, enabled and stable
  element is visible, enabled and stable
  scrolling into view if needed
  done scrolling
  &lt;header class="bui-modal__header"&gt;…&lt;/header&gt; from &lt;div class="bui-overlay bui-overlay--lock-scroll"&gt;…&lt;/div&gt; subtree intercepts pointer events
retrying click action, attempt #1
  waiting for element to be visible, enabled and stable
  element is visible, enabled and stable
  scrolling into view if needed
  done scrolling
  &lt;div class="bui-overlay__align"&gt;…&lt;/div&gt; from &lt;div class="bui-overlay bui-overlay--lock-scroll bui-…&gt;…&lt;/div&gt; subtree intercepts pointer events
retrying click action, attempt #2
  waiting 20ms
  waiting for element to be visible, enabled and stable
  element is visible, enabled and stable
  scrolling into view if needed
  done scrolling
  &lt;a type="button" class="bui-button js-double-bookin…&gt;…&lt;/a&gt; from &lt;div class="bui-overlay bui-overlay--lock-scroll bui-…&gt;…&lt;/div&gt; subtree intercepts pointer events
retrying click action, attempt #3
  waiting 100ms
  waiting for element to be visible, enabled and stable
  element is visible, enabled and stable
  scrolling into view if needed
  done scrolling
  &lt;div class="bui-overlay__align"&gt;…&lt;/div&gt; from &lt;div class="bui-overlay bui-overlay--active"&gt;…&lt;/div&gt; subtree intercepts pointer events
retrying click action, attempt #4
  waiting 100ms
  waiting for element to be visible, enabled and stable
  element is visible, enabled and stable
  scrolling into view if needed
  done scrolling
  &lt;div class="bui-overlay__align"&gt;…&lt;/div&gt; from &lt;div class="bui-overlay bui-overlay--active"&gt;…&lt;/div&gt; subtree intercepts pointer events
retrying click action, attempt #5
  waiting 500ms
  waiting for element to be visible, enabled and stable
  element is visible, enabled and stable
  scrolling into view if needed
  done scrolling
  &lt;div class="bui-overlay__align"&gt;…&lt;/div&gt; from &lt;div class="bui-overlay bui-overlay--active"&gt;…&lt;/div&gt; subtree intercepts pointer events
retrying click action, attempt #6
  waiting 500ms
  waiting for element to be visible, enabled and stable
  element is visible, enabled and stable
  scrolling into view if needed
  done scrolling
  &lt;a type="button" class="bui-button js-double-bookin…&gt;…&lt;/a&gt; from &lt;div class="bui-overlay bui-overlay--active"&gt;…&lt;/div&gt; subtree intercepts pointer events
retrying click action, attempt #7
  waiting 500ms
  waiting for element to be visible, enabled and stable
  element is visible, enabled and stable
  scrolling into view if needed
  done scrolling
  &lt;div class="bui-overlay__align"&gt;…&lt;/div&gt; from &lt;div class="bui-overlay bui-overlay--active"&gt;…&lt;/div&gt; subtree intercepts pointer events
retrying click action, attempt #8
  waiting 500ms
  waiting for element to be visible, enabled and stable
  element is visible, enabled and stable
  scrolling into view if needed
  done scrolling
  &lt;div class="bui-overlay__align"&gt;…&lt;/div&gt; from &lt;div class="bui-overlay bui-overlay--active"&gt;…&lt;/div&gt; subtree intercepts pointer events
retrying click action, attempt #9
  waiting 500ms
  waiting for element to be visible, enabled and stable
  element is visible, enabled and stable
  scrolling into view if needed
  done scrolling
  &lt;div class="bui-overlay__align"&gt;…&lt;/div&gt; from &lt;div class="bui-overlay bui-overlay--active"&gt;…&lt;/div&gt; subtree intercepts pointer events
retrying click action, attempt #10
  waiting 500ms
  waiting for element to be visible, enabled and stable
  element is visible, enabled and stable
  scrolling into view if needed
  done scrolling
  &lt;a type="button" class="bui-button js-double-bookin…&gt;…&lt;/a&gt; from &lt;div class="bui-overlay bui-overlay--active"&gt;…&lt;/div&gt; subtree intercepts pointer events
retrying click action, attempt #11
  waiting 500ms
  waiting for element to be visible, enabled and stable
  element is visible, enabled and stable
  scrolling into view if needed
  done scrolling
  &lt;div class="bui-overlay__align"&gt;…&lt;/div&gt; from &lt;div class="bui-overlay bui-overlay--active"&gt;…&lt;/div&gt; subtree intercepts pointer events
retrying click action, attempt #12
  waiting 500ms
  waiting for element to be visible, enabled and stable
  element is visible, enabled and stable
  scrolling into view if needed
  done scrolling
  &lt;div class="bui-overlay__align"&gt;…&lt;/div&gt; from &lt;div class="bui-overlay bui-overlay--active"&gt;…&lt;/div&gt; subtree intercepts pointer events
retrying click action, attempt #13
  waiting 500ms
  waiting for element to be visible, enabled and stable
  element is visible, enabled and stable
  scrolling into view if needed
  done scrolling
  &lt;div class="bui-overlay__align"&gt;…&lt;/div&gt; from &lt;div class="bui-overlay bui-overlay--active"&gt;…&lt;/div&gt; subtree intercepts pointer events
retrying click action, attempt #14
  waiting 500ms
  waiting for element to be visible, enabled and s
Tip: Use "Set Browser Timeout" for increasing the timeout or double check your locator as the targeted element(s) couldn't be found.</msg>
<status status="FAIL" starttime="20230713 17:15:31.695" endtime="20230713 17:17:01.808"/>
</kw>
<kw name="Fill Text" library="Browser">
<arg>${selector}</arg>
<arg>${text}</arg>
<tag>PageContent</tag>
<tag>Setter</tag>
<doc>Clears and fills the given ``txt`` into the text field found by ``selector``.</doc>
<status status="NOT RUN" starttime="20230713 17:17:01.809" endtime="20230713 17:17:01.809"/>
</kw>
<status status="FAIL" starttime="20230713 17:15:31.694" endtime="20230713 17:17:01.809"/>
</kw>
<kw name="Select Options By" library="Browser">
<arg>id=cc_type</arg>
<arg>value</arg>
<arg>Visa</arg>
<tag>PageContent</tag>
<tag>Setter</tag>
<doc>Selects options from select element found by ``selector``.</doc>
<status status="NOT RUN" starttime="20230713 17:17:01.810" endtime="20230713 17:17:01.810"/>
</kw>
<kw name="Click and Fill" library="common">
<arg>id=cc_number</arg>
<arg>4153013999700321</arg>
<doc>A keyword combination of Click and Fill Text since most of the form fields need a click</doc>
<status status="NOT RUN" starttime="20230713 17:17:01.810" endtime="20230713 17:17:01.810"/>
</kw>
<kw name="Select Options By" library="Browser">
<arg>id=cc_month</arg>
<arg>value</arg>
<arg>11</arg>
<tag>PageContent</tag>
<tag>Setter</tag>
<doc>Selects options from select element found by ``selector``.</doc>
<status status="NOT RUN" starttime="20230713 17:17:01.810" endtime="20230713 17:17:01.811"/>
</kw>
<kw name="Select Options By" library="Browser">
<arg>id=ccYear</arg>
<arg>value</arg>
<arg>2023</arg>
<tag>PageContent</tag>
<tag>Setter</tag>
<doc>Selects options from select element found by ``selector``.</doc>
<status status="NOT RUN" starttime="20230713 17:17:01.811" endtime="20230713 17:17:01.811"/>
</kw>
<kw name="Click and Fill" library="common">
<arg>id=cc_cvc</arg>
<arg>321</arg>
<doc>A keyword combination of Click and Fill Text since most of the form fields need a click</doc>
<status status="NOT RUN" starttime="20230713 17:17:01.811" endtime="20230713 17:17:01.811"/>
</kw>
<status status="FAIL" starttime="20230713 17:15:31.694" endtime="20230713 17:17:01.812"/>
</kw>
<kw name="Click" library="Browser">
<arg>//button[@name='book']</arg>
<tag>PageContent</tag>
<tag>Setter</tag>
<doc>Simulates mouse click on the element found by ``selector``.</doc>
<status status="NOT RUN" starttime="20230713 17:17:01.812" endtime="20230713 17:17:01.812"/>
</kw>
<kw name="Set Browser Timeout" library="Browser">
<arg>${longer}</arg>
<tag>Config</tag>
<tag>Setter</tag>
<doc>Sets the timeout used by most input and getter keywords.</doc>
<status status="NOT RUN" starttime="20230713 17:17:01.813" endtime="20230713 17:17:01.813"/>
</kw>
<kw name="Wait Until Visible" library="common">
<arg>//button[contains(@class, 'bui-modal__close')]</arg>
<doc>An easier keyword for waiting until an element is visible</doc>
<status status="NOT RUN" starttime="20230713 17:17:01.813" endtime="20230713 17:17:01.813"/>
</kw>
<tag>exhibition_court</tag>
<status status="FAIL" starttime="20230713 17:15:09.029" endtime="20230713 17:17:01.814">TimeoutError: locator.click: Timeout 90000ms exceeded.
=========================== logs ===========================
waiting for locator('id=cc_name')
  locator resolved to &lt;input size="22" type="text" id="cc_name" name="cc_name…/&gt;
attempting click action
  waiting for element to be visible, enabled and stable
  element is visible, enabled and stable
  scrolling into view if needed
  done scrolling
  &lt;header class="bui-modal__header"&gt;…&lt;/header&gt; from &lt;div class="bui-overlay bui-overlay--lock-scroll"&gt;…&lt;/div&gt; subtree intercepts pointer events
retrying click action, attempt #1
  waiting for element to be visible, enabled and stable
  element is visible, enabled and stable
  scrolling into view if needed
  done scrolling
  &lt;div class="bui-overlay__align"&gt;…&lt;/div&gt; from &lt;div class="bui-overlay bui-overlay--lock-scroll bui-…&gt;…&lt;/div&gt; subtree intercepts pointer events
retrying click action, attempt #2
    [ Message content over the limit has been removed. ]
  waiting 500ms
  waiting for element to be visible, enabled and stable
  element is visible, enabled and stable
  scrolling into view if needed
  done scrolling
  &lt;div class="bui-overlay__align"&gt;…&lt;/div&gt; from &lt;div class="bui-overlay bui-overlay--active"&gt;…&lt;/div&gt; subtree intercepts pointer events
retrying click action, attempt #13
  waiting 500ms
  waiting for element to be visible, enabled and stable
  element is visible, enabled and stable
  scrolling into view if needed
  done scrolling
  &lt;div class="bui-overlay__align"&gt;…&lt;/div&gt; from &lt;div class="bui-overlay bui-overlay--active"&gt;…&lt;/div&gt; subtree intercepts pointer events
retrying click action, attempt #14
  waiting 500ms
  waiting for element to be visible, enabled and s
Tip: Use "Set Browser Timeout" for increasing the timeout or double check your locator as the targeted element(s) couldn't be found.</status>
</test>
<test id="s1-s1-s1-s1-t2" name="Verify Emails and Get Booking No" line="66">
<kw name="Get Inbox ID" library="common">
<var>${id}</var>
<kw name="Log To Console" library="BuiltIn">
<arg>Mailslurp: ${inbox_id}</arg>
<doc>Logs the given message to the console.</doc>
<status status="PASS" starttime="20230713 17:17:01.820" endtime="20230713 17:17:01.820"/>
</kw>
<msg timestamp="20230713 17:17:01.821" level="INFO">${id} = bb99fbd9-e882-4f00-b772-ce50c2f9dffb</msg>
<status status="PASS" starttime="20230713 17:17:01.819" endtime="20230713 17:17:01.821"/>
</kw>
<kw name="Wait for Latest Booking Confirmation" library="MailSlurp">
<var>${confirmationEmail}</var>
<arg>${id}</arg>
<arg>is confirmed</arg>
<msg timestamp="20230713 17:17:02.064" level="FAIL">ApiException: (404)
Reason: 
HTTP response headers: HTTPHeaderDict({'Date': 'Thu, 13 Jul 2023 17:17:02 GMT', 'Content-Type': 'text/plain;charset=UTF-8', 'Content-Length': '479', 'Connection': 'keep-alive', 'X-XSS-Protection': '1; mode=block', 'Referrer-Policy': 'same-origin', 'Strict-Transport-Security': 'max-age=63072000; includeSubdomains; preload', 'X-Content-Type-Options': 'nosniff', 'Content-Security-Policy': "default-src https: 'self' app.mailslurp.com *.mailslurp.com *.mailslurp.link *.mailslurp.dev http://localhost:3000; object-src none; frame-ancestors 'self' app.mailslurp.com *.mailslurp.com *.mailslurp.link *.mailslurp.dev http://localhost:3000; img-src * data: 'unsafe-inline'; style-src * data: 'unsafe-inline';", 'Vary': 'Origin, Access-Control-Request-Method, Access-Control-Request-Headers', 'Cache-Control': 'no-cache, no-store, max-age=0, must-revalidate', 'Pragma': 'no-cache', 'Expires': '0', 'X-Frame-Options': 'DENY'})
HTTP response body: {"message":"Inbox ID bb99fbd9-e882-4f00-b772-ce50c2f9dffb does not exist","caseNumber":"CASE-NF-75e45c63-6702-4123-a6ff-beee6f455c1e","errorClass":"Error404NotFound","errorCode":"W_404_ENTITY_NOT_FOUND","comment":"If your error persists please submit a ticket at `https://mailslurp.zendesk.com/hc/en-us/requests/new`. Please include your error `caseNumber` if available to help support debug the issue. Sharing screenshots or samples of your code will help the team understand."}
</msg>
<status status="FAIL" starttime="20230713 17:17:01.821" endtime="20230713 17:17:02.065"/>
</kw>
<kw name="Wait for Latest Booking Confirmation" library="MailSlurp">
<var>${welcomeEmail}</var>
<arg>${id}</arg>
<arg>Welcome to Exhibition Court Hotel</arg>
<status status="NOT RUN" starttime="20230713 17:17:02.066" endtime="20230713 17:17:02.066"/>
</kw>
<kw name="Get Confirmation Number from Email" library="MailSlurp">
<var>${bookingNo}</var>
<arg>${welcomeEmail}</arg>
<status status="NOT RUN" starttime="20230713 17:17:02.066" endtime="20230713 17:17:02.066"/>
</kw>
<kw name="Set Suite Variable" library="BuiltIn">
<arg>${BDCNo}</arg>
<arg>${bookingNo}</arg>
<doc>Makes a variable available everywhere within the scope of the current suite.</doc>
<status status="NOT RUN" starttime="20230713 17:17:02.066" endtime="20230713 17:17:02.066"/>
</kw>
<tag>exhibition_court</tag>
<status status="FAIL" starttime="20230713 17:17:01.819" endtime="20230713 17:17:02.067">ApiException: (404)
Reason: 
HTTP response headers: HTTPHeaderDict({'Date': 'Thu, 13 Jul 2023 17:17:02 GMT', 'Content-Type': 'text/plain;charset=UTF-8', 'Content-Length': '479', 'Connection': 'keep-alive', 'X-XSS-Protection': '1; mode=block', 'Referrer-Policy': 'same-origin', 'Strict-Transport-Security': 'max-age=63072000; includeSubdomains; preload', 'X-Content-Type-Options': 'nosniff', 'Content-Security-Policy': "default-src https: 'self' app.mailslurp.com *.mailslurp.com *.mailslurp.link *.mailslurp.dev http://localhost:3000; object-src none; frame-ancestors 'self' app.mailslurp.com *.mailslurp.com *.mailslurp.link *.mailslurp.dev http://localhost:3000; img-src * data: 'unsafe-inline'; style-src * data: 'unsafe-inline';", 'Vary': 'Origin, Access-Control-Request-Method, Access-Control-Request-Headers', 'Cache-Control': 'no-cache, no-store, max-age=0, must-revalidate', 'Pragma': 'no-cache', 'Expires': '0', 'X-Frame-Options': 'DENY'})
HTTP response body: {"message":"Inbox ID bb99fbd9-e882-4f00-b772-ce50c2f9dffb does not exist","caseNumber":"CASE-NF-75e45c63-6702-4123-a6ff-beee6f455c1e","errorClass":"Error404NotFound","errorCode":"W_404_ENTITY_NOT_FOUND","comment":"If your error persists please submit a ticket at `https://mailslurp.zendesk.com/hc/en-us/requests/new`. Please include your error `caseNumber` if available to help support debug the issue. Sharing screenshots or samples of your code will help the team understand."}
</status>
</test>
<test id="s1-s1-s1-s1-t3" name="Create A New Booking on Booking.com for a later date and verify Emails" line="73">
<kw name="Pass Execution" library="BuiltIn">
<arg>TBD</arg>
<doc>Skips rest of the current test, setup, or teardown with PASS status.</doc>
<msg timestamp="20230713 17:17:02.074" level="INFO">Execution passed with message:
TBD</msg>
<status status="PASS" starttime="20230713 17:17:02.074" endtime="20230713 17:17:02.074"/>
</kw>
<tag>exhibition_court</tag>
<status status="PASS" starttime="20230713 17:17:02.073" endtime="20230713 17:17:02.075">TBD</status>
</test>
<test id="s1-s1-s1-s1-t4" name="Cancel Booking via BDC" line="76">
<kw name="Pass Execution" library="BuiltIn">
<arg>Can't cancel if done upon the next 24 hours</arg>
<doc>Skips rest of the current test, setup, or teardown with PASS status.</doc>
<msg timestamp="20230713 17:17:02.078" level="INFO">Execution passed with message:
Can't cancel if done upon the next 24 hours</msg>
<status status="PASS" starttime="20230713 17:17:02.078" endtime="20230713 17:17:02.079"/>
</kw>
<tag>exhibition_court</tag>
<status status="PASS" starttime="20230713 17:17:02.077" endtime="20230713 17:17:02.079">Can't cancel if done upon the next 24 hours</status>
</test>
<test id="s1-s1-s1-s1-t5" name="Open Booking in MUI" line="79">
<kw name="Open Browser to Nelson Portal and Navigate to Test Exhibition" library="mui">
<kw name="Open Browser to Nelson Portal" library="mui">
<kw name="New Browser" library="Browser">
<arg>${browser}</arg>
<arg>${headless}</arg>
<tag>BrowserControl</tag>
<tag>Setter</tag>
<doc>Create a new playwright Browser with specified options.</doc>
<msg timestamp="20230713 17:17:02.083" level="INFO">{"browser": "firefox", "headless": true, "devtools": false, "handleSIGHUP": true, "handleSIGINT": true, "handleSIGTERM": true, "slowMo": 0.0, "timeout": 30000.0, "tracesDir": "/home/runner/work/nelson-test-automation/nelson-test-automation/reports/ectest/browser/traces/40b249f5-df43-40a9-83a0-fff5861672ec"}</msg>
<msg timestamp="20230713 17:17:02.824" level="INFO">Successfully created browser with options: {"browser":"firefox","headless":true,"devtools":false,"handleSIGHUP":true,"handleSIGINT":true,"handleSIGTERM":true,"slowMo":0,"timeout":30000,"tracesDir":"/home/runner/work/nelson-test-automation/nelson-test-automation/reports/ectest/browser/traces/40b249f5-df43-40a9-83a0-fff5861672ec"}</msg>
<status status="PASS" starttime="20230713 17:17:02.083" endtime="20230713 17:17:02.824"/>
</kw>
<kw name="Set Browser Timeout" library="Browser">
<arg>${timeout}</arg>
<tag>Config</tag>
<tag>Setter</tag>
<doc>Sets the timeout used by most input and getter keywords.</doc>
<status status="PASS" starttime="20230713 17:17:02.825" endtime="20230713 17:17:02.825"/>
</kw>
<kw name="New Context" library="Browser">
<tag>BrowserControl</tag>
<tag>Setter</tag>
<doc>Create a new BrowserContext with specified options.</doc>
<msg timestamp="20230713 17:17:02.826" level="INFO">{
  "acceptDownloads": true,
  "bypassCSP": false,
  "forcedColors": "none",
  "hideRfBrowser": "",
  "ignoreHTTPSErrors": false,
  "javaScriptEnabled": true,
  "offline": false,
  "reducedMotion": "no-preference",
  "viewport": {
    "height": 720,
    "width": 1280
  }
}</msg>
<msg timestamp="20230713 17:17:02.896" level="INFO">Successfully created context. </msg>
<msg timestamp="20230713 17:17:02.896" level="INFO">{'acceptDownloads': True, 'bypassCSP': False, 'forcedColors': 'none', 'hideRfBrowser': '', 'ignoreHTTPSErrors': False, 'javaScriptEnabled': True, 'offline': False, 'reducedMotion': 'no-preference', 'viewport': {'height': 720, 'width': 1280}}</msg>
<status status="PASS" starttime="20230713 17:17:02.826" endtime="20230713 17:17:02.896"/>
</kw>
<kw name="New Page" library="Browser">
<arg>${MUI_URL}</arg>
<tag>BrowserControl</tag>
<tag>Setter</tag>
<doc>Open a new Page.</doc>
<msg timestamp="20230713 17:17:02.899" level="FAIL">Variable '${MUI_URL}' not found.</msg>
<status status="FAIL" starttime="20230713 17:17:02.897" endtime="20230713 17:17:02.899"/>
</kw>
<status status="FAIL" starttime="20230713 17:17:02.082" endtime="20230713 17:17:02.902"/>
</kw>
<kw name="Log in to Nelson Portal" library="mui">
<status status="NOT RUN" starttime="20230713 17:17:02.902" endtime="20230713 17:17:02.902"/>
</kw>
<kw name="Select Environment" library="mui">
<arg>Test Exhibition</arg>
<status status="NOT RUN" starttime="20230713 17:17:02.902" endtime="20230713 17:17:02.902"/>
</kw>
<status status="FAIL" starttime="20230713 17:17:02.082" endtime="20230713 17:17:02.903"/>
</kw>
<kw name="Log" library="BuiltIn">
<arg>In Nelson, looking for booking: ${BDCNo}</arg>
<doc>Logs the given message with the given level.</doc>
<status status="NOT RUN" starttime="20230713 17:17:02.903" endtime="20230713 17:17:02.903"/>
</kw>
<kw name="Search with String" library="mui">
<arg>${BDCNo}</arg>
<status status="NOT RUN" starttime="20230713 17:17:02.903" endtime="20230713 17:17:02.904"/>
</kw>
<kw name="Sleep" library="BuiltIn">
<arg>2s</arg>
<doc>Pauses the test executed for the given time.</doc>
<status status="NOT RUN" starttime="20230713 17:17:02.904" endtime="20230713 17:17:02.904"/>
</kw>
<kw name="Click" library="Browser">
<arg>//*[contains(text(), '${BDCNo}')]</arg>
<tag>PageContent</tag>
<tag>Setter</tag>
<doc>Simulates mouse click on the element found by ``selector``.</doc>
<status status="NOT RUN" starttime="20230713 17:17:02.904" endtime="20230713 17:17:02.904"/>
</kw>
<kw name="Wait Until Keyword Succeeds" library="BuiltIn">
<arg>2</arg>
<arg>5</arg>
<arg>Click View Guests Button</arg>
<doc>Runs the specified keyword and retries if it fails.</doc>
<status status="NOT RUN" starttime="20230713 17:17:02.904" endtime="20230713 17:17:02.904"/>
</kw>
<tag>exhibition_court</tag>
<status status="FAIL" starttime="20230713 17:17:02.081" endtime="20230713 17:17:02.905">Variable '${MUI_URL}' not found.</status>
</test>
<test id="s1-s1-s1-s1-t6" name="Cancel Booking in MUI" line="87">
<kw name="Click" library="Browser">
<arg>//button[contains(text(), 'Cancel')]</arg>
<tag>PageContent</tag>
<tag>Setter</tag>
<doc>Simulates mouse click on the element found by ``selector``.</doc>
<kw name="Take Custom Screenshot" library="common">
<doc>Sets the screenshot directory and filename</doc>
<kw name="Take Screenshot" library="Browser">
<arg>filename=${OUTPUTDIR}/screenshots/${SUITE NAME}_${TEST NAME}_{index}.png</arg>
<tag>PageContent</tag>
<doc>Takes a screenshot of the current window or element and saves it to disk.</doc>
<msg timestamp="20230713 17:17:02.919" level="FAIL">Error: Tried to take screenshot, but no page was open.</msg>
<status status="FAIL" starttime="20230713 17:17:02.916" endtime="20230713 17:17:02.920"/>
</kw>
<status status="FAIL" starttime="20230713 17:17:02.915" endtime="20230713 17:17:02.921"/>
</kw>
<msg timestamp="20230713 17:17:02.921" level="INFO">Keyword 'Take Custom Screenshot' could not be run on failure:
Error: Tried to take screenshot, but no page was open.</msg>
<msg timestamp="20230713 17:17:02.921" level="INFO">See also file:///home/runner/work/nelson-test-automation/nelson-test-automation/reports/ectest/playwright-log.txt for additional details.</msg>
<msg timestamp="20230713 17:17:02.922" level="FAIL">Error: Could not find active page</msg>
<status status="FAIL" starttime="20230713 17:17:02.910" endtime="20230713 17:17:02.922"/>
</kw>
<kw name="Click" library="Browser">
<arg>//button[contains(text(), 'Yes')]</arg>
<tag>PageContent</tag>
<tag>Setter</tag>
<doc>Simulates mouse click on the element found by ``selector``.</doc>
<status status="NOT RUN" starttime="20230713 17:17:02.922" endtime="20230713 17:17:02.922"/>
</kw>
<kw name="Wait Until Keyword Succeeds" library="BuiltIn">
<arg>2</arg>
<arg>5</arg>
<arg>Click View Guests Button</arg>
<doc>Runs the specified keyword and retries if it fails.</doc>
<status status="NOT RUN" starttime="20230713 17:17:02.923" endtime="20230713 17:17:02.923"/>
</kw>
<kw name="Get Text" library="Browser">
<var>${status}</var>
<arg>//span[contains(@class, 'status')]</arg>
<tag>Assertion</tag>
<tag>Getter</tag>
<tag>PageContent</tag>
<doc>Returns text attribute of the element found by ``selector``.</doc>
<status status="NOT RUN" starttime="20230713 17:17:02.923" endtime="20230713 17:17:02.923"/>
</kw>
<kw name="Should Be Equal As Strings" library="BuiltIn">
<arg>${status}</arg>
<arg>Cancelled</arg>
<doc>Fails if objects are unequal after converting them to strings.</doc>
<status status="NOT RUN" starttime="20230713 17:17:02.923" endtime="20230713 17:17:02.923"/>
</kw>
<tag>exhibition_court</tag>
<status status="FAIL" starttime="20230713 17:17:02.909" endtime="20230713 17:17:02.924">Error: Could not find active page</status>
</test>
<test id="s1-s1-s1-s1-t7" name="Start Creating a new Booking in MUI" line="94">
<kw name="Open Browser to Nelson Portal and Navigate to Test Exhibition" library="mui">
<kw name="Open Browser to Nelson Portal" library="mui">
<kw name="New Browser" library="Browser">
<arg>${browser}</arg>
<arg>${headless}</arg>
<tag>BrowserControl</tag>
<tag>Setter</tag>
<doc>Create a new playwright Browser with specified options.</doc>
<msg timestamp="20230713 17:17:02.930" level="INFO">Switching browser to browser=7e9cc07a-57ca-4204-a12d-95b9d6f15729</msg>
<msg timestamp="20230713 17:17:02.932" level="INFO">Successfully changed active browser</msg>
<msg timestamp="20230713 17:17:02.932" level="INFO">Reusing existing browser with id: browser=7e9cc07a-57ca-4204-a12d-95b9d6f15729</msg>
<status status="PASS" starttime="20230713 17:17:02.929" endtime="20230713 17:17:02.933"/>
</kw>
<kw name="Set Browser Timeout" library="Browser">
<arg>${timeout}</arg>
<tag>Config</tag>
<tag>Setter</tag>
<doc>Sets the timeout used by most input and getter keywords.</doc>
<status status="PASS" starttime="20230713 17:17:02.933" endtime="20230713 17:17:02.933"/>
</kw>
<kw name="New Context" library="Browser">
<tag>BrowserControl</tag>
<tag>Setter</tag>
<doc>Create a new BrowserContext with specified options.</doc>
<msg timestamp="20230713 17:17:02.934" level="INFO">{
  "acceptDownloads": true,
  "bypassCSP": false,
  "forcedColors": "none",
  "hideRfBrowser": "",
  "ignoreHTTPSErrors": false,
  "javaScriptEnabled": true,
  "offline": false,
  "reducedMotion": "no-preference",
  "viewport": {
    "height": 720,
    "width": 1280
  }
}</msg>
<msg timestamp="20230713 17:17:02.950" level="INFO">Successfully created context. </msg>
<msg timestamp="20230713 17:17:02.950" level="INFO">{'acceptDownloads': True, 'bypassCSP': False, 'forcedColors': 'none', 'hideRfBrowser': '', 'ignoreHTTPSErrors': False, 'javaScriptEnabled': True, 'offline': False, 'reducedMotion': 'no-preference', 'viewport': {'height': 720, 'width': 1280}}</msg>
<status status="PASS" starttime="20230713 17:17:02.933" endtime="20230713 17:17:02.950"/>
</kw>
<kw name="New Page" library="Browser">
<arg>${MUI_URL}</arg>
<tag>BrowserControl</tag>
<tag>Setter</tag>
<doc>Open a new Page.</doc>
<msg timestamp="20230713 17:17:02.954" level="FAIL">Variable '${MUI_URL}' not found.</msg>
<status status="FAIL" starttime="20230713 17:17:02.951" endtime="20230713 17:17:02.954"/>
</kw>
<status status="FAIL" starttime="20230713 17:17:02.929" endtime="20230713 17:17:02.955"/>
</kw>
<kw name="Log in to Nelson Portal" library="mui">
<status status="NOT RUN" starttime="20230713 17:17:02.955" endtime="20230713 17:17:02.955"/>
</kw>
<kw name="Select Environment" library="mui">
<arg>Test Exhibition</arg>
<status status="NOT RUN" starttime="20230713 17:17:02.955" endtime="20230713 17:17:02.955"/>
</kw>
<status status="FAIL" starttime="20230713 17:17:02.928" endtime="20230713 17:17:02.956"/>
</kw>
<kw name="Open Reservations Page" library="mui">
<status status="NOT RUN" starttime="20230713 17:17:02.956" endtime="20230713 17:17:02.957"/>
</kw>
<kw name="Click New Reservation Button" library="mui">
<status status="NOT RUN" starttime="20230713 17:17:02.957" endtime="20230713 17:17:02.957"/>
</kw>
<kw name="Select Normal Reservation" library="mui">
<status status="NOT RUN" starttime="20230713 17:17:02.957" endtime="20230713 17:17:02.957"/>
</kw>
<kw name="Switch Page" library="Browser">
<var>${previous}</var>
<arg>NEW</arg>
<tag>BrowserControl</tag>
<tag>Setter</tag>
<doc>Switches the active browser page to another open page by ``id`` or ``NEW``.</doc>
<status status="NOT RUN" starttime="20230713 17:17:02.957" endtime="20230713 17:17:02.957"/>
</kw>
<kw name="Wait Until Network Is Idle" library="Browser">
<tag>HTTP</tag>
<tag>Wait</tag>
<doc>Waits until there has been at least one instance of 500 ms of no network traffic on the page after loading.</doc>
<status status="NOT RUN" starttime="20230713 17:17:02.958" endtime="20230713 17:17:02.958"/>
</kw>
<kw name="Create a successful booking and return UUID" library="booking">
<var>${uuid}</var>
<arg>True</arg>
<status status="NOT RUN" starttime="20230713 17:17:02.958" endtime="20230713 17:17:02.958"/>
</kw>
<tag>exhibition_court</tag>
<status status="FAIL" starttime="20230713 17:17:02.928" endtime="20230713 17:17:02.958">Variable '${MUI_URL}' not found.</status>
</test>
<kw name="Close Browser" library="Browser" type="TEARDOWN">
<arg>ALL</arg>
<tag>BrowserControl</tag>
<tag>Setter</tag>
<doc>Closes the current browser.</doc>
<msg timestamp="20230713 17:17:05.755" level="INFO">Closed all browsers</msg>
<status status="PASS" starttime="20230713 17:17:02.963" endtime="20230713 17:17:05.755"/>
</kw>
<doc>A test suite for verifying modify booking functionality</doc>
<status status="FAIL" starttime="20230713 17:15:07.991" endtime="20230713 17:17:05.755"/>
</suite>
<status status="FAIL" starttime="20230713 17:15:07.990" endtime="20230713 17:17:05.761"/>
</suite>
<status status="FAIL" starttime="20230713 17:15:07.988" endtime="20230713 17:17:05.763"/>
</suite>
<doc>Argument file for running tests on EC Test Environment</doc>
<status status="FAIL" starttime="20230713 17:15:07.968" endtime="20230713 17:17:05.764"/>
</suite>
<statistics>
<total>
<stat pass="2" fail="5" skip="0">All Tests</stat>
</total>
<tag>
<stat pass="2" fail="5" skip="0">exhibition_court</stat>
</tag>
<suite>
<stat pass="2" fail="5" skip="0" id="s1" name="Testsuites">Testsuites</stat>
<stat pass="2" fail="5" skip="0" id="s1-s1" name="MUI">Testsuites.MUI</stat>
<stat pass="2" fail="5" skip="0" id="s1-s1-s1" name="EC">Testsuites.MUI.EC</stat>
<stat pass="2" fail="5" skip="0" id="s1-s1-s1-s1" name="New Booking">Testsuites.MUI.EC.New Booking</stat>
</suite>
</statistics>
<errors>
</errors>
</robot>
