<?xml version="1.0" encoding="UTF-8"?>
<robot generator="Robot 5.0.1 (Python 3.10.12 on linux)" generated="20230704 04:04:19.853" rpa="false" schemaversion="3">
<suite id="s1" name="Testsuites" source="/home/runner/work/nelson-test-automation/nelson-test-automation/testsuites">
<suite id="s1-s1" name="BUI" source="/home/runner/work/nelson-test-automation/nelson-test-automation/testsuites/BUI">
<suite id="s1-s1-s1" name="Feature" source="/home/runner/work/nelson-test-automation/nelson-test-automation/testsuites/BUI/feature">
<suite id="s1-s1-s1-s1" name="Online Check In" source="/home/runner/work/nelson-test-automation/nelson-test-automation/testsuites/BUI/feature/online_check_in">
<suite id="s1-s1-s1-s1-s1" name="BUI2-558" source="/home/runner/work/nelson-test-automation/nelson-test-automation/testsuites/BUI/feature/online_check_in/BUI2-558.robot">
<test id="s1-s1-s1-s1-s1-t1" name="Verify Page title when marking someone else as a guest" line="11">
<kw name="Open Browser to Landing Page" library="common" type="SETUP">
<doc>A general startup keyword for opening a browser to the landing page.</doc>
<kw name="New Browser" library="Browser">
<arg>${browser}</arg>
<arg>${headless}</arg>
<arg>timeout=${timeout}</arg>
<tag>BrowserControl</tag>
<tag>Setter</tag>
<doc>Create a new playwright Browser with specified options.</doc>
<msg timestamp="20230704 04:04:21.130" level="INFO">{"browser": "firefox", "headless": true, "devtools": false, "handleSIGHUP": true, "handleSIGINT": true, "handleSIGTERM": true, "slowMo": 0.0, "timeout": 90000.0, "deprecated_pos_args": [], "tracesDir": "/home/runner/work/nelson-test-automation/nelson-test-automation/reports/test3/pabot_results/2/browser/traces/374f74e5-61af-489d-9895-3ce0103cf342"}</msg>
<msg timestamp="20230704 04:04:21.901" level="INFO">Successfully created browser with options: {"browser":"firefox","headless":true,"devtools":false,"handleSIGHUP":true,"handleSIGINT":true,"handleSIGTERM":true,"slowMo":0,"timeout":90000,"deprecated_pos_args":[],"tracesDir":"/home/runner/work/nelson-test-automation/nelson-test-automation/reports/test3/pabot_results/2/browser/traces/374f74e5-61af-489d-9895-3ce0103cf342"}</msg>
<status status="PASS" starttime="20230704 04:04:21.129" endtime="20230704 04:04:21.901"/>
</kw>
<kw name="Set Browser Timeout" library="Browser">
<arg>${timeout}</arg>
<tag>Config</tag>
<tag>Setter</tag>
<doc>Sets the timeout used by most input and getter keywords.</doc>
<msg timestamp="20230704 04:04:21.906" level="INFO">No context open.</msg>
<status status="PASS" starttime="20230704 04:04:21.902" endtime="20230704 04:04:21.906"/>
</kw>
<kw name="New Context" library="Browser">
<tag>BrowserControl</tag>
<tag>Setter</tag>
<doc>Create a new BrowserContext with specified options.</doc>
<msg timestamp="20230704 04:04:21.907" level="INFO">{
  "acceptDownloads": true,
  "bypassCSP": false,
  "forcedColors": "none",
  "hideRfBrowser": false,
  "ignoreHTTPSErrors": false,
  "javaScriptEnabled": true,
  "offline": false,
  "reducedMotion": "no-preference",
  "viewport": {
    "height": 720,
    "width": 1280
  },
  "deprecated_pos_args": []
}</msg>
<msg timestamp="20230704 04:04:21.981" level="INFO">Successfully created context. </msg>
<msg timestamp="20230704 04:04:21.981" level="INFO">{'acceptDownloads': True, 'bypassCSP': False, 'forcedColors': 'none', 'hideRfBrowser': False, 'ignoreHTTPSErrors': False, 'javaScriptEnabled': True, 'offline': False, 'reducedMotion': 'no-preference', 'viewport': {'height': 720, 'width': 1280}, 'deprecated_pos_args': []}</msg>
<status status="PASS" starttime="20230704 04:04:21.906" endtime="20230704 04:04:21.982"/>
</kw>
<kw name="New Page" library="Browser">
<arg>${url}</arg>
<tag>BrowserControl</tag>
<tag>Setter</tag>
<doc>Open a new Page.</doc>
<msg timestamp="20230704 04:04:24.762" level="INFO">Successfully initialized new page object and opened url: https://test3.omenahotels.com/</msg>
<status status="PASS" starttime="20230704 04:04:21.982" endtime="20230704 04:04:24.763"/>
</kw>
<kw name="Wait Until Network Is Idle" library="Browser">
<tag>HTTP</tag>
<tag>Wait</tag>
<doc>Waits until there has been at least one instance of 500 ms of no network traffic on the page after loading.</doc>
<status status="PASS" starttime="20230704 04:04:24.763" endtime="20230704 04:04:25.868"/>
</kw>
<kw name="Allow Cookies" library="common">
<doc>Allow Cookies/Toggle Cookie allowance</doc>
<kw name="Is Element Found" library="common">
<var>${cookieModalVisible}</var>
<arg>id=CybotCookiebotDialogBodyLevelButtonLevelOptinAllowAll</arg>
<doc>A keyword that has a very complex way of figuring out whether an
element is found or not because I had trouble with the built-in keywords
Can be solved differently if you have a better idea</doc>
<kw name="Set Browser Timeout" library="Browser">
<arg>10s</arg>
<tag>Config</tag>
<tag>Setter</tag>
<doc>Sets the timeout used by most input and getter keywords.</doc>
<msg timestamp="20230704 04:04:25.874" level="INFO">Set timeout to: 10000</msg>
<status status="PASS" starttime="20230704 04:04:25.870" endtime="20230704 04:04:25.874"/>
</kw>
<try>
<branch type="TRY">
<kw name="Get Elements" library="Browser">
<var>${els}</var>
<arg>${selector}</arg>
<tag>Getter</tag>
<tag>PageContent</tag>
<doc>Returns a reference to Playwright [https://playwright.dev/docs/api/class-locator|Locator]
for all matched elements by ``selector``.</doc>
<msg timestamp="20230704 04:04:25.927" level="INFO">Found 1 Locators successfully.</msg>
<msg timestamp="20230704 04:04:25.927" level="INFO">${els} = ['element=c9aacba3-dafc-4206-893f-66c70ef14f59']</msg>
<status status="PASS" starttime="20230704 04:04:25.875" endtime="20230704 04:04:25.927"/>
</kw>
<kw name="Get Length" library="BuiltIn">
<var>${count}</var>
<arg>${els}</arg>
<doc>Returns and logs the length of the given item as an integer.</doc>
<msg timestamp="20230704 04:04:25.928" level="INFO">Length is 1</msg>
<msg timestamp="20230704 04:04:25.928" level="INFO">${count} = 1</msg>
<status status="PASS" starttime="20230704 04:04:25.928" endtime="20230704 04:04:25.928"/>
</kw>
<if>
<branch type="IF" condition="${count} &gt; 0">
<kw name="Set Variable" library="BuiltIn">
<var>${visible}</var>
<arg>True</arg>
<doc>Returns the given values which can then be assigned to a variables.</doc>
<msg timestamp="20230704 04:04:25.929" level="INFO">${visible} = True</msg>
<status status="PASS" starttime="20230704 04:04:25.929" endtime="20230704 04:04:25.929"/>
</kw>
<status status="PASS" starttime="20230704 04:04:25.929" endtime="20230704 04:04:25.929"/>
</branch>
<branch type="ELSE">
<kw name="Set Variable" library="BuiltIn">
<var>${visible}</var>
<arg>False</arg>
<doc>Returns the given values which can then be assigned to a variables.</doc>
<status status="NOT RUN" starttime="20230704 04:04:25.930" endtime="20230704 04:04:25.930"/>
</kw>
<status status="NOT RUN" starttime="20230704 04:04:25.930" endtime="20230704 04:04:25.930"/>
</branch>
<status status="PASS" starttime="20230704 04:04:25.928" endtime="20230704 04:04:25.930"/>
</if>
<status status="PASS" starttime="20230704 04:04:25.875" endtime="20230704 04:04:25.930"/>
</branch>
<branch type="EXCEPT">
<kw name="Set Variable" library="BuiltIn">
<var>${visible}</var>
<arg>False</arg>
<doc>Returns the given values which can then be assigned to a variables.</doc>
<status status="NOT RUN" starttime="20230704 04:04:25.931" endtime="20230704 04:04:25.931"/>
</kw>
<status status="NOT RUN" starttime="20230704 04:04:25.930" endtime="20230704 04:04:25.931"/>
</branch>
<status status="PASS" starttime="20230704 04:04:25.874" endtime="20230704 04:04:25.931"/>
</try>
<kw name="Set Browser Timeout" library="Browser">
<arg>${timeout}</arg>
<tag>Config</tag>
<tag>Setter</tag>
<doc>Sets the timeout used by most input and getter keywords.</doc>
<msg timestamp="20230704 04:04:25.938" level="INFO">Set timeout to: 90000</msg>
<status status="PASS" starttime="20230704 04:04:25.931" endtime="20230704 04:04:25.938"/>
</kw>
<msg timestamp="20230704 04:04:25.939" level="INFO">${cookieModalVisible} = True</msg>
<status status="PASS" starttime="20230704 04:04:25.869" endtime="20230704 04:04:25.939"/>
</kw>
<if>
<branch type="IF" condition="${cookieModalVisible}">
<kw name="Click" library="Browser">
<arg>id=CybotCookiebotDialogBodyLevelButtonLevelOptinAllowAll</arg>
<tag>PageContent</tag>
<tag>Setter</tag>
<doc>Simulates mouse click on the element found by ``selector``.</doc>
<status status="PASS" starttime="20230704 04:04:25.940" endtime="20230704 04:04:26.046"/>
</kw>
<status status="PASS" starttime="20230704 04:04:25.939" endtime="20230704 04:04:26.046"/>
</branch>
<branch type="ELSE">
<kw name="Log" library="BuiltIn">
<arg>No Cookie Modal Visible</arg>
<doc>Logs the given message with the given level.</doc>
<status status="NOT RUN" starttime="20230704 04:04:26.047" endtime="20230704 04:04:26.047"/>
</kw>
<status status="NOT RUN" starttime="20230704 04:04:26.046" endtime="20230704 04:04:26.047"/>
</branch>
<status status="PASS" starttime="20230704 04:04:25.939" endtime="20230704 04:04:26.047"/>
</if>
<status status="PASS" starttime="20230704 04:04:25.869" endtime="20230704 04:04:26.047"/>
</kw>
<kw name="Set Environment" library="common">
<kw name="Get Url" library="Browser">
<var>${currentUrl}</var>
<tag>Assertion</tag>
<tag>Getter</tag>
<tag>PageContent</tag>
<doc>Returns the current URL.</doc>
<msg timestamp="20230704 04:04:26.053" level="INFO">${currentUrl} = https://test3.omenahotels.com/en/</msg>
<status status="PASS" starttime="20230704 04:04:26.048" endtime="20230704 04:04:26.053"/>
</kw>
<kw name="Get Environment From Url" library="Helpers">
<var>${env}</var>
<arg>${currentUrl}</arg>
<msg timestamp="20230704 04:04:26.054" level="INFO">${env} = test-omena</msg>
<status status="PASS" starttime="20230704 04:04:26.054" endtime="20230704 04:04:26.054"/>
</kw>
<kw name="Set Variable" library="BuiltIn">
<arg>${environment}</arg>
<arg>${env}</arg>
<doc>Returns the given values which can then be assigned to a variables.</doc>
<status status="PASS" starttime="20230704 04:04:26.054" endtime="20230704 04:04:26.055"/>
</kw>
<status status="PASS" starttime="20230704 04:04:26.048" endtime="20230704 04:04:26.055"/>
</kw>
<status status="PASS" starttime="20230704 04:04:21.126" endtime="20230704 04:04:26.055"/>
</kw>
<kw name="Booker just completed payment for a reservation" library="booking">
<kw name="Select Hotel" library="booking">
<arg>Helsinki, Lönnrotinkatu</arg>
<doc>Select Hotel by using a number as an argument, default Lönnrotinkatu</doc>
<if>
<branch type="IF" condition="&quot;${environment}&quot; == &quot;test-exhibition&quot;">
<kw name="Log" library="BuiltIn">
<arg>No hotel to be selected</arg>
<doc>Logs the given message with the given level.</doc>
<status status="NOT RUN" starttime="20230704 04:04:26.060" endtime="20230704 04:04:26.060"/>
</kw>
<status status="NOT RUN" starttime="20230704 04:04:26.060" endtime="20230704 04:04:26.060"/>
</branch>
<branch type="ELSE">
<kw name="Log" library="BuiltIn">
<arg>Selecting Hotel: ${hotel}</arg>
<doc>Logs the given message with the given level.</doc>
<msg timestamp="20230704 04:04:26.064" level="INFO">Selecting Hotel: Helsinki, Lönnrotinkatu</msg>
<status status="PASS" starttime="20230704 04:04:26.064" endtime="20230704 04:04:26.064"/>
</kw>
<kw name="Click" library="Browser">
<arg>//div[contains(@data-nelson-btn, "hotels")]</arg>
<tag>PageContent</tag>
<tag>Setter</tag>
<doc>Simulates mouse click on the element found by ``selector``.</doc>
<status status="PASS" starttime="20230704 04:04:26.065" endtime="20230704 04:04:26.425"/>
</kw>
<kw name="Wait Until Visible" library="common">
<arg>//a[contains(@class, 'dropdown-item') and contains(text(), '${hotel}')]</arg>
<doc>An easier keyword for waiting until an element is visible</doc>
<kw name="Wait For Elements State" library="Browser">
<arg>${element}</arg>
<arg>visible</arg>
<arg>timeout=${timeout}</arg>
<tag>PageContent</tag>
<tag>Wait</tag>
<doc>Waits for the element found by ``selector`` to satisfy state option.</doc>
<msg timestamp="20230704 04:04:26.445" level="INFO">Waited for Element with selector //a[contains(@class, 'dropdown-item') and contains(text(), 'Helsinki, Lönnrotinkatu')] at state visible</msg>
<status status="PASS" starttime="20230704 04:04:26.426" endtime="20230704 04:04:26.446"/>
</kw>
<status status="PASS" starttime="20230704 04:04:26.425" endtime="20230704 04:04:26.446"/>
</kw>
<kw name="Click" library="Browser">
<arg>//a[contains(@class, 'dropdown-item') and contains(text(), '${hotel}')]</arg>
<tag>PageContent</tag>
<tag>Setter</tag>
<doc>Simulates mouse click on the element found by ``selector``.</doc>
<status status="PASS" starttime="20230704 04:04:26.446" endtime="20230704 04:04:26.676"/>
</kw>
<kw name="Wait For Elements State" library="Browser">
<arg>//a[contains(@class, 'dropdown-item') and contains(text(), '${hotel}')]</arg>
<arg>hidden</arg>
<arg>timeout=3s</arg>
<tag>PageContent</tag>
<tag>Wait</tag>
<doc>Waits for the element found by ``selector`` to satisfy state option.</doc>
<msg timestamp="20230704 04:04:26.748" level="INFO">Waited for Element with selector //a[contains(@class, 'dropdown-item') and contains(text(), 'Helsinki, Lönnrotinkatu')] at state hidden</msg>
<status status="PASS" starttime="20230704 04:04:26.677" endtime="20230704 04:04:26.749"/>
</kw>
<status status="PASS" starttime="20230704 04:04:26.064" endtime="20230704 04:04:26.749"/>
</branch>
<status status="PASS" starttime="20230704 04:04:26.059" endtime="20230704 04:04:26.749"/>
</if>
<status status="PASS" starttime="20230704 04:04:26.056" endtime="20230704 04:04:26.749"/>
</kw>
<kw name="Select Dates" library="booking">
<kw name="Log" library="BuiltIn">
<arg>Skipping date selection for now</arg>
<doc>Logs the given message with the given level.</doc>
<msg timestamp="20230704 04:04:26.750" level="INFO">Skipping date selection for now</msg>
<status status="PASS" starttime="20230704 04:04:26.750" endtime="20230704 04:04:26.751"/>
</kw>
<status status="PASS" starttime="20230704 04:04:26.750" endtime="20230704 04:04:26.751"/>
</kw>
<kw name="Select Guests" library="booking">
<doc>Selects the number of guests for the booking, current implementation will only check the dropdown</doc>
<kw name="Log To Console" library="BuiltIn">
<arg>Not yet implemented</arg>
<doc>Logs the given message to the console.</doc>
<status status="PASS" starttime="20230704 04:04:26.752" endtime="20230704 04:04:26.752"/>
</kw>
<status status="PASS" starttime="20230704 04:04:26.751" endtime="20230704 04:04:26.752"/>
</kw>
<kw name="Click Book Button" library="booking">
<kw name="Click" library="Browser">
<arg>//div[@data-nelson-btn='book']</arg>
<tag>PageContent</tag>
<tag>Setter</tag>
<doc>Simulates mouse click on the element found by ``selector``.</doc>
<status status="PASS" starttime="20230704 04:04:26.753" endtime="20230704 04:04:27.370"/>
</kw>
<status status="PASS" starttime="20230704 04:04:26.752" endtime="20230704 04:04:27.371"/>
</kw>
<kw name="Select a Standard Room" library="booking">
<kw name="Wait Until Visible" library="common">
<arg>${btnExtras}</arg>
<doc>An easier keyword for waiting until an element is visible</doc>
<kw name="Wait For Elements State" library="Browser">
<arg>${element}</arg>
<arg>visible</arg>
<arg>timeout=${timeout}</arg>
<tag>PageContent</tag>
<tag>Wait</tag>
<doc>Waits for the element found by ``selector`` to satisfy state option.</doc>
<msg timestamp="20230704 04:04:30.282" level="INFO">Waited for Element with selector (//div[contains(@view,"booking")]//button[contains(text(), "Continue to extras")])[1] at state visible</msg>
<status status="PASS" starttime="20230704 04:04:27.375" endtime="20230704 04:04:30.282"/>
</kw>
<status status="PASS" starttime="20230704 04:04:27.372" endtime="20230704 04:04:30.282"/>
</kw>
<kw name="Get Element States" library="Browser">
<var>${visible}</var>
<arg>//div[contains(text(), 'Select room')]</arg>
<arg>then</arg>
<arg>bool(value &amp; visible)</arg>
<tag>Assertion</tag>
<tag>Getter</tag>
<tag>PageContent</tag>
<doc>Get the active states from the element found by ``selector``.</doc>
<msg timestamp="20230704 04:04:30.549" level="INFO">${visible} = False</msg>
<status status="PASS" starttime="20230704 04:04:30.283" endtime="20230704 04:04:30.549"/>
</kw>
<kw name="Run Keyword If" library="BuiltIn">
<arg>${visible}</arg>
<arg>Select Standard and Remove Other Room Selection</arg>
<doc>Runs the given keyword with the given arguments, if ``condition`` is true.</doc>
<status status="PASS" starttime="20230704 04:04:30.549" endtime="20230704 04:04:30.550"/>
</kw>
<status status="PASS" starttime="20230704 04:04:27.371" endtime="20230704 04:04:30.550"/>
</kw>
<kw name="Click Continue to Extras Button" library="booking">
<doc>Clicks the continue to extras button</doc>
<kw name="Click" library="Browser">
<arg>${btnExtras}</arg>
<tag>PageContent</tag>
<tag>Setter</tag>
<doc>Simulates mouse click on the element found by ``selector``.</doc>
<status status="PASS" starttime="20230704 04:04:30.551" endtime="20230704 04:04:32.284"/>
</kw>
<kw name="Wait Until Visible" library="common">
<arg>${btnPayment}</arg>
<doc>An easier keyword for waiting until an element is visible</doc>
<kw name="Wait For Elements State" library="Browser">
<arg>${element}</arg>
<arg>visible</arg>
<arg>timeout=${timeout}</arg>
<tag>PageContent</tag>
<tag>Wait</tag>
<doc>Waits for the element found by ``selector`` to satisfy state option.</doc>
<msg timestamp="20230704 04:04:33.243" level="INFO">Waited for Element with selector (//div[contains(@view,"extras")]//button[contains(text(), "Continue to payment")])[1] at state visible</msg>
<status status="PASS" starttime="20230704 04:04:32.285" endtime="20230704 04:04:33.243"/>
</kw>
<status status="PASS" starttime="20230704 04:04:32.284" endtime="20230704 04:04:33.244"/>
</kw>
<status status="PASS" starttime="20230704 04:04:30.550" endtime="20230704 04:04:33.244"/>
</kw>
<kw name="Click Continue to Payment" library="booking">
<kw name="Click First Element Found" library="common">
<arg>//div[@class='css-1t415z1']//button[@type='button'][normalize-space()='Continue to payment']</arg>
<kw name="Get Elements" library="Browser">
<var>${elements}</var>
<arg>${xpath}</arg>
<tag>Getter</tag>
<tag>PageContent</tag>
<doc>Returns a reference to Playwright [https://playwright.dev/docs/api/class-locator|Locator]
for all matched elements by ``selector``.</doc>
<msg timestamp="20230704 04:04:33.257" level="INFO">Found 1 Locators successfully.</msg>
<msg timestamp="20230704 04:04:33.257" level="INFO">${elements} = ['element=e58ecd08-ac46-4ec6-8333-4fff8423d166']</msg>
<status status="PASS" starttime="20230704 04:04:33.245" endtime="20230704 04:04:33.257"/>
</kw>
<kw name="Set Variable" library="BuiltIn">
<var>${first_element}</var>
<arg>${elements}[0]</arg>
<doc>Returns the given values which can then be assigned to a variables.</doc>
<msg timestamp="20230704 04:04:33.258" level="INFO">${first_element} = element=e58ecd08-ac46-4ec6-8333-4fff8423d166</msg>
<status status="PASS" starttime="20230704 04:04:33.258" endtime="20230704 04:04:33.258"/>
</kw>
<kw name="Click" library="Browser">
<arg>${first_element}</arg>
<tag>PageContent</tag>
<tag>Setter</tag>
<doc>Simulates mouse click on the element found by ``selector``.</doc>
<status status="PASS" starttime="20230704 04:04:33.258" endtime="20230704 04:04:33.404"/>
</kw>
<status status="PASS" starttime="20230704 04:04:33.245" endtime="20230704 04:04:33.404"/>
</kw>
<status status="PASS" starttime="20230704 04:04:33.244" endtime="20230704 04:04:33.404"/>
</kw>
<kw name="Check Regular Rate 2" library="booking">
<kw name="Check Regular Rate" library="booking">
<kw name="Click" library="Browser">
<arg>//p[contains(text(),'Continue with regular rate')]</arg>
<tag>PageContent</tag>
<tag>Setter</tag>
<doc>Simulates mouse click on the element found by ``selector``.</doc>
<status status="PASS" starttime="20230704 04:04:33.406" endtime="20230704 04:04:34.865"/>
</kw>
<kw name="Wait Until Visible" library="common">
<arg>//div//*[normalize-space()='Continue with regular rate']/following-sibling::div[@data-checked]</arg>
<doc>An easier keyword for waiting until an element is visible</doc>
<kw name="Wait For Elements State" library="Browser">
<arg>${element}</arg>
<arg>visible</arg>
<arg>timeout=${timeout}</arg>
<tag>PageContent</tag>
<tag>Wait</tag>
<doc>Waits for the element found by ``selector`` to satisfy state option.</doc>
<msg timestamp="20230704 04:04:34.880" level="INFO">Waited for Element with selector //div//*[normalize-space()='Continue with regular rate']/following-sibling::div[@data-checked] at state visible</msg>
<status status="PASS" starttime="20230704 04:04:34.866" endtime="20230704 04:04:34.880"/>
</kw>
<status status="PASS" starttime="20230704 04:04:34.866" endtime="20230704 04:04:34.881"/>
</kw>
<status status="PASS" starttime="20230704 04:04:33.405" endtime="20230704 04:04:34.881"/>
</kw>
<kw name="Check Join as Member" library="booking">
<kw name="Click" library="Browser">
<arg>//p[contains(text(),'Join for free and')]</arg>
<tag>PageContent</tag>
<tag>Setter</tag>
<doc>Simulates mouse click on the element found by ``selector``.</doc>
<status status="PASS" starttime="20230704 04:04:34.882" endtime="20230704 04:04:35.157"/>
</kw>
<kw name="Wait Until Visible" library="common">
<arg>//div//*[normalize-space()='Join for free and get the member rate']/following-sibling::div[@data-checked]</arg>
<doc>An easier keyword for waiting until an element is visible</doc>
<kw name="Wait For Elements State" library="Browser">
<arg>${element}</arg>
<arg>visible</arg>
<arg>timeout=${timeout}</arg>
<tag>PageContent</tag>
<tag>Wait</tag>
<doc>Waits for the element found by ``selector`` to satisfy state option.</doc>
<msg timestamp="20230704 04:04:35.175" level="INFO">Waited for Element with selector //div//*[normalize-space()='Join for free and get the member rate']/following-sibling::div[@data-checked] at state visible</msg>
<status status="PASS" starttime="20230704 04:04:35.158" endtime="20230704 04:04:35.175"/>
</kw>
<status status="PASS" starttime="20230704 04:04:35.157" endtime="20230704 04:04:35.175"/>
</kw>
<status status="PASS" starttime="20230704 04:04:34.881" endtime="20230704 04:04:35.176"/>
</kw>
<kw name="Check Regular Rate" library="booking">
<kw name="Click" library="Browser">
<arg>//p[contains(text(),'Continue with regular rate')]</arg>
<tag>PageContent</tag>
<tag>Setter</tag>
<doc>Simulates mouse click on the element found by ``selector``.</doc>
<status status="PASS" starttime="20230704 04:04:35.177" endtime="20230704 04:04:35.420"/>
</kw>
<kw name="Wait Until Visible" library="common">
<arg>//div//*[normalize-space()='Continue with regular rate']/following-sibling::div[@data-checked]</arg>
<doc>An easier keyword for waiting until an element is visible</doc>
<kw name="Wait For Elements State" library="Browser">
<arg>${element}</arg>
<arg>visible</arg>
<arg>timeout=${timeout}</arg>
<tag>PageContent</tag>
<tag>Wait</tag>
<doc>Waits for the element found by ``selector`` to satisfy state option.</doc>
<msg timestamp="20230704 04:04:35.575" level="INFO">Waited for Element with selector //div//*[normalize-space()='Continue with regular rate']/following-sibling::div[@data-checked] at state visible</msg>
<status status="PASS" starttime="20230704 04:04:35.421" endtime="20230704 04:04:35.575"/>
</kw>
<status status="PASS" starttime="20230704 04:04:35.421" endtime="20230704 04:04:35.575"/>
</kw>
<status status="PASS" starttime="20230704 04:04:35.176" endtime="20230704 04:04:35.576"/>
</kw>
<kw name="Check Join as Member" library="booking">
<kw name="Click" library="Browser">
<arg>//p[contains(text(),'Join for free and')]</arg>
<tag>PageContent</tag>
<tag>Setter</tag>
<doc>Simulates mouse click on the element found by ``selector``.</doc>
<status status="PASS" starttime="20230704 04:04:35.576" endtime="20230704 04:04:35.733"/>
</kw>
<kw name="Wait Until Visible" library="common">
<arg>//div//*[normalize-space()='Join for free and get the member rate']/following-sibling::div[@data-checked]</arg>
<doc>An easier keyword for waiting until an element is visible</doc>
<kw name="Wait For Elements State" library="Browser">
<arg>${element}</arg>
<arg>visible</arg>
<arg>timeout=${timeout}</arg>
<tag>PageContent</tag>
<tag>Wait</tag>
<doc>Waits for the element found by ``selector`` to satisfy state option.</doc>
<msg timestamp="20230704 04:04:35.748" level="INFO">Waited for Element with selector //div//*[normalize-space()='Join for free and get the member rate']/following-sibling::div[@data-checked] at state visible</msg>
<status status="PASS" starttime="20230704 04:04:35.734" endtime="20230704 04:04:35.748"/>
</kw>
<status status="PASS" starttime="20230704 04:04:35.733" endtime="20230704 04:04:35.748"/>
</kw>
<status status="PASS" starttime="20230704 04:04:35.576" endtime="20230704 04:04:35.749"/>
</kw>
<kw name="Check Regular Rate" library="booking">
<kw name="Click" library="Browser">
<arg>//p[contains(text(),'Continue with regular rate')]</arg>
<tag>PageContent</tag>
<tag>Setter</tag>
<doc>Simulates mouse click on the element found by ``selector``.</doc>
<status status="PASS" starttime="20230704 04:04:35.749" endtime="20230704 04:04:36.113"/>
</kw>
<kw name="Wait Until Visible" library="common">
<arg>//div//*[normalize-space()='Continue with regular rate']/following-sibling::div[@data-checked]</arg>
<doc>An easier keyword for waiting until an element is visible</doc>
<kw name="Wait For Elements State" library="Browser">
<arg>${element}</arg>
<arg>visible</arg>
<arg>timeout=${timeout}</arg>
<tag>PageContent</tag>
<tag>Wait</tag>
<doc>Waits for the element found by ``selector`` to satisfy state option.</doc>
<msg timestamp="20230704 04:04:36.182" level="INFO">Waited for Element with selector //div//*[normalize-space()='Continue with regular rate']/following-sibling::div[@data-checked] at state visible</msg>
<status status="PASS" starttime="20230704 04:04:36.114" endtime="20230704 04:04:36.182"/>
</kw>
<status status="PASS" starttime="20230704 04:04:36.114" endtime="20230704 04:04:36.183"/>
</kw>
<status status="PASS" starttime="20230704 04:04:35.749" endtime="20230704 04:04:36.183"/>
</kw>
<status status="PASS" starttime="20230704 04:04:33.405" endtime="20230704 04:04:36.183"/>
</kw>
<kw name="Fill in Contact Information 1" library="booking">
<kw name="Click and Fill" library="common">
<arg>id=firstName</arg>
<arg>${firstName}</arg>
<doc>A keyword combination of Click and Fill Text since most of the form fields need a click</doc>
<kw name="Click" library="Browser">
<arg>${selector}</arg>
<tag>PageContent</tag>
<tag>Setter</tag>
<doc>Simulates mouse click on the element found by ``selector``.</doc>
<status status="PASS" starttime="20230704 04:04:36.185" endtime="20230704 04:04:36.265"/>
</kw>
<kw name="Fill Text" library="Browser">
<arg>${selector}</arg>
<arg>${text}</arg>
<tag>PageContent</tag>
<tag>Setter</tag>
<doc>Clears and fills the given ``txt`` into the text field found by ``selector``.</doc>
<msg timestamp="20230704 04:04:36.266" level="INFO">Fills the text 'Bich' in the given field.</msg>
<status status="PASS" starttime="20230704 04:04:36.265" endtime="20230704 04:04:36.354"/>
</kw>
<status status="PASS" starttime="20230704 04:04:36.184" endtime="20230704 04:04:36.355"/>
</kw>
<kw name="Click and Fill" library="common">
<arg>id=lastName</arg>
<arg>${lastName}</arg>
<doc>A keyword combination of Click and Fill Text since most of the form fields need a click</doc>
<kw name="Click" library="Browser">
<arg>${selector}</arg>
<tag>PageContent</tag>
<tag>Setter</tag>
<doc>Simulates mouse click on the element found by ``selector``.</doc>
<status status="PASS" starttime="20230704 04:04:36.356" endtime="20230704 04:04:36.608"/>
</kw>
<kw name="Fill Text" library="Browser">
<arg>${selector}</arg>
<arg>${text}</arg>
<tag>PageContent</tag>
<tag>Setter</tag>
<doc>Clears and fills the given ``txt`` into the text field found by ``selector``.</doc>
<msg timestamp="20230704 04:04:36.609" level="INFO">Fills the text 'Ngoc' in the given field.</msg>
<status status="PASS" starttime="20230704 04:04:36.609" endtime="20230704 04:04:36.782"/>
</kw>
<status status="PASS" starttime="20230704 04:04:36.355" endtime="20230704 04:04:36.783"/>
</kw>
<kw name="Click and Fill" library="common">
<arg>id=email</arg>
<arg>${email}</arg>
<doc>A keyword combination of Click and Fill Text since most of the form fields need a click</doc>
<kw name="Click" library="Browser">
<arg>${selector}</arg>
<tag>PageContent</tag>
<tag>Setter</tag>
<doc>Simulates mouse click on the element found by ``selector``.</doc>
<status status="PASS" starttime="20230704 04:04:36.784" endtime="20230704 04:04:36.989"/>
</kw>
<kw name="Fill Text" library="Browser">
<arg>${selector}</arg>
<arg>${text}</arg>
<tag>PageContent</tag>
<tag>Setter</tag>
<doc>Clears and fills the given ``txt`` into the text field found by ``selector``.</doc>
<msg timestamp="20230704 04:04:36.990" level="INFO">Fills the text 'bichngoc9995@gmail.com' in the given field.</msg>
<status status="PASS" starttime="20230704 04:04:36.989" endtime="20230704 04:04:37.152"/>
</kw>
<status status="PASS" starttime="20230704 04:04:36.783" endtime="20230704 04:04:37.153"/>
</kw>
<kw name="Click and Fill" library="common">
<arg>id=phoneNumber</arg>
<arg>${phone}</arg>
<doc>A keyword combination of Click and Fill Text since most of the form fields need a click</doc>
<kw name="Click" library="Browser">
<arg>${selector}</arg>
<tag>PageContent</tag>
<tag>Setter</tag>
<doc>Simulates mouse click on the element found by ``selector``.</doc>
<status status="PASS" starttime="20230704 04:04:37.154" endtime="20230704 04:04:37.398"/>
</kw>
<kw name="Fill Text" library="Browser">
<arg>${selector}</arg>
<arg>${text}</arg>
<tag>PageContent</tag>
<tag>Setter</tag>
<doc>Clears and fills the given ``txt`` into the text field found by ``selector``.</doc>
<msg timestamp="20230704 04:04:37.398" level="INFO">Fills the text '040123942' in the given field.</msg>
<status status="PASS" starttime="20230704 04:04:37.398" endtime="20230704 04:04:37.464"/>
</kw>
<status status="PASS" starttime="20230704 04:04:37.153" endtime="20230704 04:04:37.464"/>
</kw>
<status status="PASS" starttime="20230704 04:04:36.184" endtime="20230704 04:04:37.465"/>
</kw>
<kw name="Accept offers and Terms" library="booking">
<kw name="Click" library="Browser">
<arg>(//div[contains(text(), 'like to receive')])[1]</arg>
<tag>PageContent</tag>
<tag>Setter</tag>
<doc>Simulates mouse click on the element found by ``selector``.</doc>
<status status="PASS" starttime="20230704 04:04:37.465" endtime="20230704 04:04:37.694"/>
</kw>
<kw name="Click" library="Browser">
<arg>(//*[contains(text(),'Accept')]/ancestor::label//span[contains(@class,'chakra-checkbox__control')])[1]</arg>
<tag>PageContent</tag>
<tag>Setter</tag>
<doc>Simulates mouse click on the element found by ``selector``.</doc>
<status status="PASS" starttime="20230704 04:04:37.694" endtime="20230704 04:04:38.040"/>
</kw>
<status status="PASS" starttime="20230704 04:04:37.465" endtime="20230704 04:04:38.041"/>
</kw>
<kw name="Select Web Bank and Nordea as Payment Method" library="booking">
<kw name="Click" library="Browser">
<arg>//div[contains(text(), "Web bank payment")]</arg>
<tag>PageContent</tag>
<tag>Setter</tag>
<doc>Simulates mouse click on the element found by ``selector``.</doc>
<status status="PASS" starttime="20230704 04:04:38.041" endtime="20230704 04:04:38.242"/>
</kw>
<kw name="Click" library="Browser">
<arg>//p[contains(text(), 'Nordea')]</arg>
<tag>PageContent</tag>
<tag>Setter</tag>
<doc>Simulates mouse click on the element found by ``selector``.</doc>
<status status="PASS" starttime="20230704 04:04:38.242" endtime="20230704 04:04:38.571"/>
</kw>
<kw name="Click" library="Browser">
<arg>(//div[contains(@view,"payment")]//button[contains(text(), "Pay")])[1]</arg>
<tag>PageContent</tag>
<tag>Setter</tag>
<doc>Simulates mouse click on the element found by ``selector``.</doc>
<status status="PASS" starttime="20230704 04:04:38.572" endtime="20230704 04:04:41.316"/>
</kw>
<status status="PASS" starttime="20230704 04:04:38.041" endtime="20230704 04:04:41.317"/>
</kw>
<kw name="Complete Payment Successfully" library="booking">
<kw name="Simulate Success or Failure" library="booking">
<arg>success</arg>
<kw name="Wait For Elements State" library="Browser">
<arg>//a[contains(text(), 'Simulate ${which} to merchant')]</arg>
<arg>visible</arg>
<arg>timeout=${timeout}</arg>
<tag>PageContent</tag>
<tag>Wait</tag>
<doc>Waits for the element found by ``selector`` to satisfy state option.</doc>
<msg timestamp="20230704 04:04:47.812" level="INFO">Waited for Element with selector //a[contains(text(), 'Simulate success to merchant')] at state visible</msg>
<status status="PASS" starttime="20230704 04:04:41.318" endtime="20230704 04:04:47.812"/>
</kw>
<kw name="Click" library="Browser">
<arg>//a[contains(text(), 'Simulate ${which} to merchant')]</arg>
<tag>PageContent</tag>
<tag>Setter</tag>
<doc>Simulates mouse click on the element found by ``selector``.</doc>
<status status="PASS" starttime="20230704 04:04:47.813" endtime="20230704 04:04:52.908"/>
</kw>
<status status="PASS" starttime="20230704 04:04:41.318" endtime="20230704 04:04:52.908"/>
</kw>
<kw name="Verify Payment was successful" library="booking">
<kw name="Wait Until Visible" library="common">
<arg>//p[contains(text(), 'Payment was successful')]</arg>
<doc>An easier keyword for waiting until an element is visible</doc>
<kw name="Wait For Elements State" library="Browser">
<arg>${element}</arg>
<arg>visible</arg>
<arg>timeout=${timeout}</arg>
<tag>PageContent</tag>
<tag>Wait</tag>
<doc>Waits for the element found by ``selector`` to satisfy state option.</doc>
<msg timestamp="20230704 04:04:55.312" level="INFO">Waited for Element with selector //p[contains(text(), 'Payment was successful')] at state visible</msg>
<status status="PASS" starttime="20230704 04:04:52.910" endtime="20230704 04:04:55.312"/>
</kw>
<status status="PASS" starttime="20230704 04:04:52.909" endtime="20230704 04:04:55.313"/>
</kw>
<kw name="Close Dialog" library="booking">
<kw name="Wait Until Visible" library="common">
<arg>//button[contains(text(), "Ok")]</arg>
<doc>An easier keyword for waiting until an element is visible</doc>
<kw name="Wait For Elements State" library="Browser">
<arg>${element}</arg>
<arg>visible</arg>
<arg>timeout=${timeout}</arg>
<tag>PageContent</tag>
<tag>Wait</tag>
<doc>Waits for the element found by ``selector`` to satisfy state option.</doc>
<msg timestamp="20230704 04:04:55.353" level="INFO">Waited for Element with selector //button[contains(text(), "Ok")] at state visible</msg>
<status status="PASS" starttime="20230704 04:04:55.314" endtime="20230704 04:04:55.353"/>
</kw>
<status status="PASS" starttime="20230704 04:04:55.313" endtime="20230704 04:04:55.353"/>
</kw>
<kw name="Click" library="Browser">
<arg>//button[contains(text(), "Ok")]</arg>
<tag>PageContent</tag>
<tag>Setter</tag>
<doc>Simulates mouse click on the element found by ``selector``.</doc>
<status status="PASS" starttime="20230704 04:04:55.354" endtime="20230704 04:04:56.630"/>
</kw>
<status status="PASS" starttime="20230704 04:04:55.313" endtime="20230704 04:04:56.631"/>
</kw>
<kw name="Save Booking Number 1" library="booking">
<kw name="Get Text" library="Browser">
<var>${str}</var>
<arg>//p[contains(text(),'Booking number')]</arg>
<tag>Assertion</tag>
<tag>Getter</tag>
<tag>PageContent</tag>
<doc>Returns text attribute of the element found by ``selector``.</doc>
<msg timestamp="20230704 04:04:56.812" level="INFO">Text: 'Booking number: 948547662'</msg>
<msg timestamp="20230704 04:04:56.812" level="INFO">${str} = Booking number: 948547662</msg>
<status status="PASS" starttime="20230704 04:04:56.632" endtime="20230704 04:04:56.813"/>
</kw>
<kw name="Log To Console" library="BuiltIn">
<arg>${bookingNumber}</arg>
<doc>Logs the given message to the console.</doc>
<status status="PASS" starttime="20230704 04:04:56.813" endtime="20230704 04:04:56.813"/>
</kw>
<kw name="Remove String" library="String">
<var>${str}</var>
<arg>${str}</arg>
<arg>Booking code${SPACE}</arg>
<doc>Removes all ``removables`` from the given ``string``.</doc>
<msg timestamp="20230704 04:04:56.814" level="INFO">${str} = Booking number: 948547662</msg>
<status status="PASS" starttime="20230704 04:04:56.814" endtime="20230704 04:04:56.814"/>
</kw>
<kw name="Strip String" library="String">
<var>${str}</var>
<arg>${str}</arg>
<doc>Remove leading and/or trailing whitespaces from the given string.</doc>
<msg timestamp="20230704 04:04:56.816" level="INFO">${str} = Booking number: 948547662</msg>
<status status="PASS" starttime="20230704 04:04:56.815" endtime="20230704 04:04:56.816"/>
</kw>
<status status="PASS" starttime="20230704 04:04:56.631" endtime="20230704 04:04:56.816"/>
</kw>
<status status="PASS" starttime="20230704 04:04:52.909" endtime="20230704 04:04:56.817"/>
</kw>
<status status="PASS" starttime="20230704 04:04:41.317" endtime="20230704 04:04:56.818"/>
</kw>
<status status="PASS" starttime="20230704 04:04:26.055" endtime="20230704 04:04:56.818"/>
</kw>
<kw name="Click Check In Button" library="booking">
<kw name="Wait Until Visible" library="common">
<arg>(//button[text()="Check in"])[1]</arg>
<doc>An easier keyword for waiting until an element is visible</doc>
<kw name="Wait For Elements State" library="Browser">
<arg>${element}</arg>
<arg>visible</arg>
<arg>timeout=${timeout}</arg>
<tag>PageContent</tag>
<tag>Wait</tag>
<doc>Waits for the element found by ``selector`` to satisfy state option.</doc>
<msg timestamp="20230704 04:04:56.844" level="INFO">Waited for Element with selector (//button[text()="Check in"])[1] at state visible</msg>
<status status="PASS" starttime="20230704 04:04:56.822" endtime="20230704 04:04:56.844"/>
</kw>
<status status="PASS" starttime="20230704 04:04:56.820" endtime="20230704 04:04:56.844"/>
</kw>
<kw name="Click" library="Browser">
<arg>(//button[text()="Check in"])[1]</arg>
<tag>PageContent</tag>
<tag>Setter</tag>
<doc>Simulates mouse click on the element found by ``selector``.</doc>
<status status="PASS" starttime="20230704 04:04:56.844" endtime="20230704 04:04:56.964"/>
</kw>
<status status="PASS" starttime="20230704 04:04:56.820" endtime="20230704 04:04:56.965"/>
</kw>
<kw name="Click Someone else checkbox" library="booking">
<kw name="Click" library="Browser">
<arg>//span[normalize-space()='Someone else will be the main guest']</arg>
<tag>PageContent</tag>
<tag>Setter</tag>
<doc>Simulates mouse click on the element found by ``selector``.</doc>
<status status="PASS" starttime="20230704 04:04:56.966" endtime="20230704 04:04:57.853"/>
</kw>
<status status="PASS" starttime="20230704 04:04:56.965" endtime="20230704 04:04:57.854"/>
</kw>
<kw name="Edit guest popup change to &quot;Booker information&quot;" library="booking">
<kw name="Verify Element Presence" library="booking">
<arg>//div[normalize-space()='Booker information' and @disabled]</arg>
<arg>${False}</arg>
<kw name="Run Keyword And Return Status" library="BuiltIn">
<var>${check}</var>
<arg>Wait For Elements State</arg>
<arg>${path}</arg>
<arg>visible</arg>
<arg>timeout=6</arg>
<doc>Runs the given keyword with given arguments and returns the status as a Boolean value.</doc>
<kw name="Wait For Elements State" library="Browser">
<arg>${path}</arg>
<arg>visible</arg>
<arg>timeout=6</arg>
<tag>PageContent</tag>
<tag>Wait</tag>
<doc>Waits for the element found by ``selector`` to satisfy state option.</doc>
<msg timestamp="20230704 04:05:03.977" level="INFO" html="true">&lt;/td&gt;&lt;/tr&gt;&lt;tr&gt;&lt;td colspan="3"&gt;&lt;a href="browser/screenshot/fail-screenshot-1.png" target="_blank"&gt;&lt;img src="browser/screenshot/fail-screenshot-1.png" width="800px"/&gt;&lt;/a&gt;</msg>
<msg timestamp="20230704 04:05:03.978" level="INFO">See also file:///home/runner/work/nelson-test-automation/nelson-test-automation/reports/test3/pabot_results/2/playwright-log.txt for additional details.</msg>
<msg timestamp="20230704 04:05:03.978" level="FAIL">TimeoutError: locator.waitFor: Timeout 6000ms exceeded.
=========================== logs ===========================
waiting for locator('xpath=//div[normalize-space()=\'Booker information\' and @disabled]') to be visible
============================================================
Tip: Use "Set Browser Timeout" for increasing the timeout or double check your locator as the targeted element(s) couldn't be found.</msg>
<status status="FAIL" starttime="20230704 04:04:57.855" endtime="20230704 04:05:03.980"/>
</kw>
<msg timestamp="20230704 04:05:03.980" level="INFO">${check} = False</msg>
<status status="PASS" starttime="20230704 04:04:57.855" endtime="20230704 04:05:03.980"/>
</kw>
<kw name="Run Keyword If" library="BuiltIn">
<arg>${shown} == ${true}</arg>
<arg>Should Be True</arg>
<arg>${check}==${True}</arg>
<doc>Runs the given keyword with the given arguments, if ``condition`` is true.</doc>
<status status="PASS" starttime="20230704 04:05:03.981" endtime="20230704 04:05:03.981"/>
</kw>
<kw name="Run Keyword If" library="BuiltIn">
<arg>${shown} == ${false}</arg>
<arg>Should Be True</arg>
<arg>${check}==${False}</arg>
<doc>Runs the given keyword with the given arguments, if ``condition`` is true.</doc>
<kw name="Should Be True" library="BuiltIn">
<arg>${check}==${False}</arg>
<doc>Fails if the given condition is not true.</doc>
<status status="PASS" starttime="20230704 04:05:03.982" endtime="20230704 04:05:03.982"/>
</kw>
<status status="PASS" starttime="20230704 04:05:03.982" endtime="20230704 04:05:03.983"/>
</kw>
<status status="PASS" starttime="20230704 04:04:57.854" endtime="20230704 04:05:03.983"/>
</kw>
<status status="PASS" starttime="20230704 04:04:57.854" endtime="20230704 04:05:03.983"/>
</kw>
<kw name="Close Browser" library="Browser" type="TEARDOWN">
<tag>BrowserControl</tag>
<tag>Setter</tag>
<doc>Closes the current browser.</doc>
<msg timestamp="20230704 04:05:04.562" level="INFO">Closed browser</msg>
<status status="PASS" starttime="20230704 04:05:03.984" endtime="20230704 04:05:04.562"/>
</kw>
<status status="PASS" starttime="20230704 04:04:21.122" endtime="20230704 04:05:04.562"/>
</test>
<test id="s1-s1-s1-s1-s1-t2" name="Verify notification when marking someone else as a guest" line="17">
<kw name="Open Browser to Landing Page" library="common" type="SETUP">
<doc>A general startup keyword for opening a browser to the landing page.</doc>
<kw name="New Browser" library="Browser">
<arg>${browser}</arg>
<arg>${headless}</arg>
<arg>timeout=${timeout}</arg>
<tag>BrowserControl</tag>
<tag>Setter</tag>
<doc>Create a new playwright Browser with specified options.</doc>
<msg timestamp="20230704 04:05:04.567" level="INFO">{"browser": "firefox", "headless": true, "devtools": false, "handleSIGHUP": true, "handleSIGINT": true, "handleSIGTERM": true, "slowMo": 0.0, "timeout": 90000.0, "deprecated_pos_args": [], "tracesDir": "/home/runner/work/nelson-test-automation/nelson-test-automation/reports/test3/pabot_results/2/browser/traces/df46bebe-8586-41cc-8c93-19d2873d34ad"}</msg>
<msg timestamp="20230704 04:05:05.115" level="INFO">Successfully created browser with options: {"browser":"firefox","headless":true,"devtools":false,"handleSIGHUP":true,"handleSIGINT":true,"handleSIGTERM":true,"slowMo":0,"timeout":90000,"deprecated_pos_args":[],"tracesDir":"/home/runner/work/nelson-test-automation/nelson-test-automation/reports/test3/pabot_results/2/browser/traces/df46bebe-8586-41cc-8c93-19d2873d34ad"}</msg>
<status status="PASS" starttime="20230704 04:05:04.566" endtime="20230704 04:05:05.115"/>
</kw>
<kw name="Set Browser Timeout" library="Browser">
<arg>${timeout}</arg>
<tag>Config</tag>
<tag>Setter</tag>
<doc>Sets the timeout used by most input and getter keywords.</doc>
<status status="PASS" starttime="20230704 04:05:05.116" endtime="20230704 04:05:05.116"/>
</kw>
<kw name="New Context" library="Browser">
<tag>BrowserControl</tag>
<tag>Setter</tag>
<doc>Create a new BrowserContext with specified options.</doc>
<msg timestamp="20230704 04:05:05.117" level="INFO">{
  "acceptDownloads": true,
  "bypassCSP": false,
  "forcedColors": "none",
  "hideRfBrowser": false,
  "ignoreHTTPSErrors": false,
  "javaScriptEnabled": true,
  "offline": false,
  "reducedMotion": "no-preference",
  "viewport": {
    "height": 720,
    "width": 1280
  },
  "deprecated_pos_args": []
}</msg>
<msg timestamp="20230704 04:05:05.179" level="INFO">Successfully created context. </msg>
<msg timestamp="20230704 04:05:05.179" level="INFO">{'acceptDownloads': True, 'bypassCSP': False, 'forcedColors': 'none', 'hideRfBrowser': False, 'ignoreHTTPSErrors': False, 'javaScriptEnabled': True, 'offline': False, 'reducedMotion': 'no-preference', 'viewport': {'height': 720, 'width': 1280}, 'deprecated_pos_args': []}</msg>
<status status="PASS" starttime="20230704 04:05:05.117" endtime="20230704 04:05:05.179"/>
</kw>
<kw name="New Page" library="Browser">
<arg>${url}</arg>
<tag>BrowserControl</tag>
<tag>Setter</tag>
<doc>Open a new Page.</doc>
<msg timestamp="20230704 04:05:07.425" level="INFO">Successfully initialized new page object and opened url: https://test3.omenahotels.com/</msg>
<status status="PASS" starttime="20230704 04:05:05.179" endtime="20230704 04:05:07.425"/>
</kw>
<kw name="Wait Until Network Is Idle" library="Browser">
<tag>HTTP</tag>
<tag>Wait</tag>
<doc>Waits until there has been at least one instance of 500 ms of no network traffic on the page after loading.</doc>
<status status="PASS" starttime="20230704 04:05:07.425" endtime="20230704 04:05:08.514"/>
</kw>
<kw name="Allow Cookies" library="common">
<doc>Allow Cookies/Toggle Cookie allowance</doc>
<kw name="Is Element Found" library="common">
<var>${cookieModalVisible}</var>
<arg>id=CybotCookiebotDialogBodyLevelButtonLevelOptinAllowAll</arg>
<doc>A keyword that has a very complex way of figuring out whether an
element is found or not because I had trouble with the built-in keywords
Can be solved differently if you have a better idea</doc>
<kw name="Set Browser Timeout" library="Browser">
<arg>10s</arg>
<tag>Config</tag>
<tag>Setter</tag>
<doc>Sets the timeout used by most input and getter keywords.</doc>
<msg timestamp="20230704 04:05:08.519" level="INFO">Set timeout to: 10000</msg>
<status status="PASS" starttime="20230704 04:05:08.516" endtime="20230704 04:05:08.519"/>
</kw>
<try>
<branch type="TRY">
<kw name="Get Elements" library="Browser">
<var>${els}</var>
<arg>${selector}</arg>
<tag>Getter</tag>
<tag>PageContent</tag>
<doc>Returns a reference to Playwright [https://playwright.dev/docs/api/class-locator|Locator]
for all matched elements by ``selector``.</doc>
<msg timestamp="20230704 04:05:08.563" level="INFO">Found 1 Locators successfully.</msg>
<msg timestamp="20230704 04:05:08.563" level="INFO">${els} = ['element=6aea67da-c7ca-41fb-8ca9-3e3de1150bda']</msg>
<status status="PASS" starttime="20230704 04:05:08.520" endtime="20230704 04:05:08.563"/>
</kw>
<kw name="Get Length" library="BuiltIn">
<var>${count}</var>
<arg>${els}</arg>
<doc>Returns and logs the length of the given item as an integer.</doc>
<msg timestamp="20230704 04:05:08.564" level="INFO">Length is 1</msg>
<msg timestamp="20230704 04:05:08.564" level="INFO">${count} = 1</msg>
<status status="PASS" starttime="20230704 04:05:08.563" endtime="20230704 04:05:08.564"/>
</kw>
<if>
<branch type="IF" condition="${count} &gt; 0">
<kw name="Set Variable" library="BuiltIn">
<var>${visible}</var>
<arg>True</arg>
<doc>Returns the given values which can then be assigned to a variables.</doc>
<msg timestamp="20230704 04:05:08.565" level="INFO">${visible} = True</msg>
<status status="PASS" starttime="20230704 04:05:08.565" endtime="20230704 04:05:08.565"/>
</kw>
<status status="PASS" starttime="20230704 04:05:08.564" endtime="20230704 04:05:08.565"/>
</branch>
<branch type="ELSE">
<kw name="Set Variable" library="BuiltIn">
<var>${visible}</var>
<arg>False</arg>
<doc>Returns the given values which can then be assigned to a variables.</doc>
<status status="NOT RUN" starttime="20230704 04:05:08.565" endtime="20230704 04:05:08.566"/>
</kw>
<status status="NOT RUN" starttime="20230704 04:05:08.565" endtime="20230704 04:05:08.566"/>
</branch>
<status status="PASS" starttime="20230704 04:05:08.564" endtime="20230704 04:05:08.566"/>
</if>
<status status="PASS" starttime="20230704 04:05:08.519" endtime="20230704 04:05:08.566"/>
</branch>
<branch type="EXCEPT">
<kw name="Set Variable" library="BuiltIn">
<var>${visible}</var>
<arg>False</arg>
<doc>Returns the given values which can then be assigned to a variables.</doc>
<status status="NOT RUN" starttime="20230704 04:05:08.566" endtime="20230704 04:05:08.567"/>
</kw>
<status status="NOT RUN" starttime="20230704 04:05:08.566" endtime="20230704 04:05:08.567"/>
</branch>
<status status="PASS" starttime="20230704 04:05:08.519" endtime="20230704 04:05:08.567"/>
</try>
<kw name="Set Browser Timeout" library="Browser">
<arg>${timeout}</arg>
<tag>Config</tag>
<tag>Setter</tag>
<doc>Sets the timeout used by most input and getter keywords.</doc>
<msg timestamp="20230704 04:05:08.569" level="INFO">Set timeout to: 90000</msg>
<status status="PASS" starttime="20230704 04:05:08.567" endtime="20230704 04:05:08.570"/>
</kw>
<msg timestamp="20230704 04:05:08.570" level="INFO">${cookieModalVisible} = True</msg>
<status status="PASS" starttime="20230704 04:05:08.515" endtime="20230704 04:05:08.570"/>
</kw>
<if>
<branch type="IF" condition="${cookieModalVisible}">
<kw name="Click" library="Browser">
<arg>id=CybotCookiebotDialogBodyLevelButtonLevelOptinAllowAll</arg>
<tag>PageContent</tag>
<tag>Setter</tag>
<doc>Simulates mouse click on the element found by ``selector``.</doc>
<status status="PASS" starttime="20230704 04:05:08.571" endtime="20230704 04:05:08.651"/>
</kw>
<status status="PASS" starttime="20230704 04:05:08.570" endtime="20230704 04:05:08.651"/>
</branch>
<branch type="ELSE">
<kw name="Log" library="BuiltIn">
<arg>No Cookie Modal Visible</arg>
<doc>Logs the given message with the given level.</doc>
<status status="NOT RUN" starttime="20230704 04:05:08.651" endtime="20230704 04:05:08.652"/>
</kw>
<status status="NOT RUN" starttime="20230704 04:05:08.651" endtime="20230704 04:05:08.652"/>
</branch>
<status status="PASS" starttime="20230704 04:05:08.570" endtime="20230704 04:05:08.652"/>
</if>
<status status="PASS" starttime="20230704 04:05:08.515" endtime="20230704 04:05:08.652"/>
</kw>
<kw name="Set Environment" library="common">
<kw name="Get Url" library="Browser">
<var>${currentUrl}</var>
<tag>Assertion</tag>
<tag>Getter</tag>
<tag>PageContent</tag>
<doc>Returns the current URL.</doc>
<msg timestamp="20230704 04:05:08.655" level="INFO">${currentUrl} = https://test3.omenahotels.com/en/</msg>
<status status="PASS" starttime="20230704 04:05:08.653" endtime="20230704 04:05:08.655"/>
</kw>
<kw name="Get Environment From Url" library="Helpers">
<var>${env}</var>
<arg>${currentUrl}</arg>
<msg timestamp="20230704 04:05:08.656" level="INFO">${env} = test-omena</msg>
<status status="PASS" starttime="20230704 04:05:08.655" endtime="20230704 04:05:08.656"/>
</kw>
<kw name="Set Variable" library="BuiltIn">
<arg>${environment}</arg>
<arg>${env}</arg>
<doc>Returns the given values which can then be assigned to a variables.</doc>
<status status="PASS" starttime="20230704 04:05:08.656" endtime="20230704 04:05:08.656"/>
</kw>
<status status="PASS" starttime="20230704 04:05:08.652" endtime="20230704 04:05:08.657"/>
</kw>
<status status="PASS" starttime="20230704 04:05:04.566" endtime="20230704 04:05:08.657"/>
</kw>
<kw name="Booker just completed payment for a reservation" library="booking">
<kw name="Select Hotel" library="booking">
<arg>Helsinki, Lönnrotinkatu</arg>
<doc>Select Hotel by using a number as an argument, default Lönnrotinkatu</doc>
<if>
<branch type="IF" condition="&quot;${environment}&quot; == &quot;test-exhibition&quot;">
<kw name="Log" library="BuiltIn">
<arg>No hotel to be selected</arg>
<doc>Logs the given message with the given level.</doc>
<status status="NOT RUN" starttime="20230704 04:05:08.659" endtime="20230704 04:05:08.659"/>
</kw>
<status status="NOT RUN" starttime="20230704 04:05:08.659" endtime="20230704 04:05:08.659"/>
</branch>
<branch type="ELSE">
<kw name="Log" library="BuiltIn">
<arg>Selecting Hotel: ${hotel}</arg>
<doc>Logs the given message with the given level.</doc>
<msg timestamp="20230704 04:05:08.660" level="INFO">Selecting Hotel: Helsinki, Lönnrotinkatu</msg>
<status status="PASS" starttime="20230704 04:05:08.660" endtime="20230704 04:05:08.660"/>
</kw>
<kw name="Click" library="Browser">
<arg>//div[contains(@data-nelson-btn, "hotels")]</arg>
<tag>PageContent</tag>
<tag>Setter</tag>
<doc>Simulates mouse click on the element found by ``selector``.</doc>
<status status="PASS" starttime="20230704 04:05:08.660" endtime="20230704 04:05:08.753"/>
</kw>
<kw name="Wait Until Visible" library="common">
<arg>//a[contains(@class, 'dropdown-item') and contains(text(), '${hotel}')]</arg>
<doc>An easier keyword for waiting until an element is visible</doc>
<kw name="Wait For Elements State" library="Browser">
<arg>${element}</arg>
<arg>visible</arg>
<arg>timeout=${timeout}</arg>
<tag>PageContent</tag>
<tag>Wait</tag>
<doc>Waits for the element found by ``selector`` to satisfy state option.</doc>
<msg timestamp="20230704 04:05:08.826" level="INFO">Waited for Element with selector //a[contains(@class, 'dropdown-item') and contains(text(), 'Helsinki, Lönnrotinkatu')] at state visible</msg>
<status status="PASS" starttime="20230704 04:05:08.754" endtime="20230704 04:05:08.827"/>
</kw>
<status status="PASS" starttime="20230704 04:05:08.754" endtime="20230704 04:05:08.828"/>
</kw>
<kw name="Click" library="Browser">
<arg>//a[contains(@class, 'dropdown-item') and contains(text(), '${hotel}')]</arg>
<tag>PageContent</tag>
<tag>Setter</tag>
<doc>Simulates mouse click on the element found by ``selector``.</doc>
<status status="PASS" starttime="20230704 04:05:08.828" endtime="20230704 04:05:09.014"/>
</kw>
<kw name="Wait For Elements State" library="Browser">
<arg>//a[contains(@class, 'dropdown-item') and contains(text(), '${hotel}')]</arg>
<arg>hidden</arg>
<arg>timeout=3s</arg>
<tag>PageContent</tag>
<tag>Wait</tag>
<doc>Waits for the element found by ``selector`` to satisfy state option.</doc>
<msg timestamp="20230704 04:05:09.037" level="INFO">Waited for Element with selector //a[contains(@class, 'dropdown-item') and contains(text(), 'Helsinki, Lönnrotinkatu')] at state hidden</msg>
<status status="PASS" starttime="20230704 04:05:09.015" endtime="20230704 04:05:09.037"/>
</kw>
<status status="PASS" starttime="20230704 04:05:08.660" endtime="20230704 04:05:09.037"/>
</branch>
<status status="PASS" starttime="20230704 04:05:08.659" endtime="20230704 04:05:09.038"/>
</if>
<status status="PASS" starttime="20230704 04:05:08.658" endtime="20230704 04:05:09.038"/>
</kw>
<kw name="Select Dates" library="booking">
<kw name="Log" library="BuiltIn">
<arg>Skipping date selection for now</arg>
<doc>Logs the given message with the given level.</doc>
<msg timestamp="20230704 04:05:09.039" level="INFO">Skipping date selection for now</msg>
<status status="PASS" starttime="20230704 04:05:09.039" endtime="20230704 04:05:09.039"/>
</kw>
<status status="PASS" starttime="20230704 04:05:09.038" endtime="20230704 04:05:09.040"/>
</kw>
<kw name="Select Guests" library="booking">
<doc>Selects the number of guests for the booking, current implementation will only check the dropdown</doc>
<kw name="Log To Console" library="BuiltIn">
<arg>Not yet implemented</arg>
<doc>Logs the given message to the console.</doc>
<status status="PASS" starttime="20230704 04:05:09.041" endtime="20230704 04:05:09.041"/>
</kw>
<status status="PASS" starttime="20230704 04:05:09.040" endtime="20230704 04:05:09.042"/>
</kw>
<kw name="Click Book Button" library="booking">
<kw name="Click" library="Browser">
<arg>//div[@data-nelson-btn='book']</arg>
<tag>PageContent</tag>
<tag>Setter</tag>
<doc>Simulates mouse click on the element found by ``selector``.</doc>
<status status="PASS" starttime="20230704 04:05:09.042" endtime="20230704 04:05:09.536"/>
</kw>
<status status="PASS" starttime="20230704 04:05:09.042" endtime="20230704 04:05:09.536"/>
</kw>
<kw name="Select a Standard Room" library="booking">
<kw name="Wait Until Visible" library="common">
<arg>${btnExtras}</arg>
<doc>An easier keyword for waiting until an element is visible</doc>
<kw name="Wait For Elements State" library="Browser">
<arg>${element}</arg>
<arg>visible</arg>
<arg>timeout=${timeout}</arg>
<tag>PageContent</tag>
<tag>Wait</tag>
<doc>Waits for the element found by ``selector`` to satisfy state option.</doc>
<msg timestamp="20230704 04:05:12.315" level="INFO">Waited for Element with selector (//div[contains(@view,"booking")]//button[contains(text(), "Continue to extras")])[1] at state visible</msg>
<status status="PASS" starttime="20230704 04:05:09.538" endtime="20230704 04:05:12.315"/>
</kw>
<status status="PASS" starttime="20230704 04:05:09.537" endtime="20230704 04:05:12.315"/>
</kw>
<kw name="Get Element States" library="Browser">
<var>${visible}</var>
<arg>//div[contains(text(), 'Select room')]</arg>
<arg>then</arg>
<arg>bool(value &amp; visible)</arg>
<tag>Assertion</tag>
<tag>Getter</tag>
<tag>PageContent</tag>
<doc>Get the active states from the element found by ``selector``.</doc>
<msg timestamp="20230704 04:05:12.571" level="INFO">${visible} = False</msg>
<status status="PASS" starttime="20230704 04:05:12.316" endtime="20230704 04:05:12.571"/>
</kw>
<kw name="Run Keyword If" library="BuiltIn">
<arg>${visible}</arg>
<arg>Select Standard and Remove Other Room Selection</arg>
<doc>Runs the given keyword with the given arguments, if ``condition`` is true.</doc>
<status status="PASS" starttime="20230704 04:05:12.572" endtime="20230704 04:05:12.572"/>
</kw>
<status status="PASS" starttime="20230704 04:05:09.537" endtime="20230704 04:05:12.573"/>
</kw>
<kw name="Click Continue to Extras Button" library="booking">
<doc>Clicks the continue to extras button</doc>
<kw name="Click" library="Browser">
<arg>${btnExtras}</arg>
<tag>PageContent</tag>
<tag>Setter</tag>
<doc>Simulates mouse click on the element found by ``selector``.</doc>
<status status="PASS" starttime="20230704 04:05:12.575" endtime="20230704 04:05:15.026"/>
</kw>
<kw name="Wait Until Visible" library="common">
<arg>${btnPayment}</arg>
<doc>An easier keyword for waiting until an element is visible</doc>
<kw name="Wait For Elements State" library="Browser">
<arg>${element}</arg>
<arg>visible</arg>
<arg>timeout=${timeout}</arg>
<tag>PageContent</tag>
<tag>Wait</tag>
<doc>Waits for the element found by ``selector`` to satisfy state option.</doc>
<msg timestamp="20230704 04:05:15.999" level="INFO">Waited for Element with selector (//div[contains(@view,"extras")]//button[contains(text(), "Continue to payment")])[1] at state visible</msg>
<status status="PASS" starttime="20230704 04:05:15.027" endtime="20230704 04:05:15.999"/>
</kw>
<status status="PASS" starttime="20230704 04:05:15.026" endtime="20230704 04:05:15.999"/>
</kw>
<status status="PASS" starttime="20230704 04:05:12.573" endtime="20230704 04:05:16.000"/>
</kw>
<kw name="Click Continue to Payment" library="booking">
<kw name="Click First Element Found" library="common">
<arg>//div[@class='css-1t415z1']//button[@type='button'][normalize-space()='Continue to payment']</arg>
<kw name="Get Elements" library="Browser">
<var>${elements}</var>
<arg>${xpath}</arg>
<tag>Getter</tag>
<tag>PageContent</tag>
<doc>Returns a reference to Playwright [https://playwright.dev/docs/api/class-locator|Locator]
for all matched elements by ``selector``.</doc>
<msg timestamp="20230704 04:05:16.037" level="INFO">Found 1 Locators successfully.</msg>
<msg timestamp="20230704 04:05:16.037" level="INFO">${elements} = ['element=b69ca4fd-181b-4245-847a-93e9c64a9291']</msg>
<status status="PASS" starttime="20230704 04:05:16.001" endtime="20230704 04:05:16.037"/>
</kw>
<kw name="Set Variable" library="BuiltIn">
<var>${first_element}</var>
<arg>${elements}[0]</arg>
<doc>Returns the given values which can then be assigned to a variables.</doc>
<msg timestamp="20230704 04:05:16.038" level="INFO">${first_element} = element=b69ca4fd-181b-4245-847a-93e9c64a9291</msg>
<status status="PASS" starttime="20230704 04:05:16.037" endtime="20230704 04:05:16.038"/>
</kw>
<kw name="Click" library="Browser">
<arg>${first_element}</arg>
<tag>PageContent</tag>
<tag>Setter</tag>
<doc>Simulates mouse click on the element found by ``selector``.</doc>
<status status="PASS" starttime="20230704 04:05:16.038" endtime="20230704 04:05:16.363"/>
</kw>
<status status="PASS" starttime="20230704 04:05:16.000" endtime="20230704 04:05:16.363"/>
</kw>
<status status="PASS" starttime="20230704 04:05:16.000" endtime="20230704 04:05:16.363"/>
</kw>
<kw name="Check Regular Rate 2" library="booking">
<kw name="Check Regular Rate" library="booking">
<kw name="Click" library="Browser">
<arg>//p[contains(text(),'Continue with regular rate')]</arg>
<tag>PageContent</tag>
<tag>Setter</tag>
<doc>Simulates mouse click on the element found by ``selector``.</doc>
<status status="PASS" starttime="20230704 04:05:16.364" endtime="20230704 04:05:18.475"/>
</kw>
<kw name="Wait Until Visible" library="common">
<arg>//div//*[normalize-space()='Continue with regular rate']/following-sibling::div[@data-checked]</arg>
<doc>An easier keyword for waiting until an element is visible</doc>
<kw name="Wait For Elements State" library="Browser">
<arg>${element}</arg>
<arg>visible</arg>
<arg>timeout=${timeout}</arg>
<tag>PageContent</tag>
<tag>Wait</tag>
<doc>Waits for the element found by ``selector`` to satisfy state option.</doc>
<msg timestamp="20230704 04:05:18.492" level="INFO">Waited for Element with selector //div//*[normalize-space()='Continue with regular rate']/following-sibling::div[@data-checked] at state visible</msg>
<status status="PASS" starttime="20230704 04:05:18.476" endtime="20230704 04:05:18.493"/>
</kw>
<status status="PASS" starttime="20230704 04:05:18.476" endtime="20230704 04:05:18.493"/>
</kw>
<status status="PASS" starttime="20230704 04:05:16.364" endtime="20230704 04:05:18.493"/>
</kw>
<kw name="Check Join as Member" library="booking">
<kw name="Click" library="Browser">
<arg>//p[contains(text(),'Join for free and')]</arg>
<tag>PageContent</tag>
<tag>Setter</tag>
<doc>Simulates mouse click on the element found by ``selector``.</doc>
<status status="PASS" starttime="20230704 04:05:18.494" endtime="20230704 04:05:19.322"/>
</kw>
<kw name="Wait Until Visible" library="common">
<arg>//div//*[normalize-space()='Join for free and get the member rate']/following-sibling::div[@data-checked]</arg>
<doc>An easier keyword for waiting until an element is visible</doc>
<kw name="Wait For Elements State" library="Browser">
<arg>${element}</arg>
<arg>visible</arg>
<arg>timeout=${timeout}</arg>
<tag>PageContent</tag>
<tag>Wait</tag>
<doc>Waits for the element found by ``selector`` to satisfy state option.</doc>
<msg timestamp="20230704 04:05:19.430" level="INFO">Waited for Element with selector //div//*[normalize-space()='Join for free and get the member rate']/following-sibling::div[@data-checked] at state visible</msg>
<status status="PASS" starttime="20230704 04:05:19.324" endtime="20230704 04:05:19.430"/>
</kw>
<status status="PASS" starttime="20230704 04:05:19.323" endtime="20230704 04:05:19.431"/>
</kw>
<status status="PASS" starttime="20230704 04:05:18.494" endtime="20230704 04:05:19.431"/>
</kw>
<kw name="Check Regular Rate" library="booking">
<kw name="Click" library="Browser">
<arg>//p[contains(text(),'Continue with regular rate')]</arg>
<tag>PageContent</tag>
<tag>Setter</tag>
<doc>Simulates mouse click on the element found by ``selector``.</doc>
<status status="PASS" starttime="20230704 04:05:19.432" endtime="20230704 04:05:19.688"/>
</kw>
<kw name="Wait Until Visible" library="common">
<arg>//div//*[normalize-space()='Continue with regular rate']/following-sibling::div[@data-checked]</arg>
<doc>An easier keyword for waiting until an element is visible</doc>
<kw name="Wait For Elements State" library="Browser">
<arg>${element}</arg>
<arg>visible</arg>
<arg>timeout=${timeout}</arg>
<tag>PageContent</tag>
<tag>Wait</tag>
<doc>Waits for the element found by ``selector`` to satisfy state option.</doc>
<msg timestamp="20230704 04:05:19.844" level="INFO">Waited for Element with selector //div//*[normalize-space()='Continue with regular rate']/following-sibling::div[@data-checked] at state visible</msg>
<status status="PASS" starttime="20230704 04:05:19.689" endtime="20230704 04:05:19.844"/>
</kw>
<status status="PASS" starttime="20230704 04:05:19.689" endtime="20230704 04:05:19.844"/>
</kw>
<status status="PASS" starttime="20230704 04:05:19.431" endtime="20230704 04:05:19.844"/>
</kw>
<kw name="Check Join as Member" library="booking">
<kw name="Click" library="Browser">
<arg>//p[contains(text(),'Join for free and')]</arg>
<tag>PageContent</tag>
<tag>Setter</tag>
<doc>Simulates mouse click on the element found by ``selector``.</doc>
<status status="PASS" starttime="20230704 04:05:19.845" endtime="20230704 04:05:20.153"/>
</kw>
<kw name="Wait Until Visible" library="common">
<arg>//div//*[normalize-space()='Join for free and get the member rate']/following-sibling::div[@data-checked]</arg>
<doc>An easier keyword for waiting until an element is visible</doc>
<kw name="Wait For Elements State" library="Browser">
<arg>${element}</arg>
<arg>visible</arg>
<arg>timeout=${timeout}</arg>
<tag>PageContent</tag>
<tag>Wait</tag>
<doc>Waits for the element found by ``selector`` to satisfy state option.</doc>
<msg timestamp="20230704 04:05:20.167" level="INFO">Waited for Element with selector //div//*[normalize-space()='Join for free and get the member rate']/following-sibling::div[@data-checked] at state visible</msg>
<status status="PASS" starttime="20230704 04:05:20.155" endtime="20230704 04:05:20.167"/>
</kw>
<status status="PASS" starttime="20230704 04:05:20.154" endtime="20230704 04:05:20.168"/>
</kw>
<status status="PASS" starttime="20230704 04:05:19.845" endtime="20230704 04:05:20.168"/>
</kw>
<kw name="Check Regular Rate" library="booking">
<kw name="Click" library="Browser">
<arg>//p[contains(text(),'Continue with regular rate')]</arg>
<tag>PageContent</tag>
<tag>Setter</tag>
<doc>Simulates mouse click on the element found by ``selector``.</doc>
<status status="PASS" starttime="20230704 04:05:20.169" endtime="20230704 04:05:20.620"/>
</kw>
<kw name="Wait Until Visible" library="common">
<arg>//div//*[normalize-space()='Continue with regular rate']/following-sibling::div[@data-checked]</arg>
<doc>An easier keyword for waiting until an element is visible</doc>
<kw name="Wait For Elements State" library="Browser">
<arg>${element}</arg>
<arg>visible</arg>
<arg>timeout=${timeout}</arg>
<tag>PageContent</tag>
<tag>Wait</tag>
<doc>Waits for the element found by ``selector`` to satisfy state option.</doc>
<msg timestamp="20230704 04:05:20.639" level="INFO">Waited for Element with selector //div//*[normalize-space()='Continue with regular rate']/following-sibling::div[@data-checked] at state visible</msg>
<status status="PASS" starttime="20230704 04:05:20.621" endtime="20230704 04:05:20.639"/>
</kw>
<status status="PASS" starttime="20230704 04:05:20.621" endtime="20230704 04:05:20.640"/>
</kw>
<status status="PASS" starttime="20230704 04:05:20.168" endtime="20230704 04:05:20.640"/>
</kw>
<status status="PASS" starttime="20230704 04:05:16.363" endtime="20230704 04:05:20.640"/>
</kw>
<kw name="Fill in Contact Information 1" library="booking">
<kw name="Click and Fill" library="common">
<arg>id=firstName</arg>
<arg>${firstName}</arg>
<doc>A keyword combination of Click and Fill Text since most of the form fields need a click</doc>
<kw name="Click" library="Browser">
<arg>${selector}</arg>
<tag>PageContent</tag>
<tag>Setter</tag>
<doc>Simulates mouse click on the element found by ``selector``.</doc>
<status status="PASS" starttime="20230704 04:05:20.642" endtime="20230704 04:05:20.818"/>
</kw>
<kw name="Fill Text" library="Browser">
<arg>${selector}</arg>
<arg>${text}</arg>
<tag>PageContent</tag>
<tag>Setter</tag>
<doc>Clears and fills the given ``txt`` into the text field found by ``selector``.</doc>
<msg timestamp="20230704 04:05:20.819" level="INFO">Fills the text 'Bich' in the given field.</msg>
<status status="PASS" starttime="20230704 04:05:20.819" endtime="20230704 04:05:20.952"/>
</kw>
<status status="PASS" starttime="20230704 04:05:20.641" endtime="20230704 04:05:20.952"/>
</kw>
<kw name="Click and Fill" library="common">
<arg>id=lastName</arg>
<arg>${lastName}</arg>
<doc>A keyword combination of Click and Fill Text since most of the form fields need a click</doc>
<kw name="Click" library="Browser">
<arg>${selector}</arg>
<tag>PageContent</tag>
<tag>Setter</tag>
<doc>Simulates mouse click on the element found by ``selector``.</doc>
<status status="PASS" starttime="20230704 04:05:20.953" endtime="20230704 04:05:21.277"/>
</kw>
<kw name="Fill Text" library="Browser">
<arg>${selector}</arg>
<arg>${text}</arg>
<tag>PageContent</tag>
<tag>Setter</tag>
<doc>Clears and fills the given ``txt`` into the text field found by ``selector``.</doc>
<msg timestamp="20230704 04:05:21.278" level="INFO">Fills the text 'Ngoc' in the given field.</msg>
<status status="PASS" starttime="20230704 04:05:21.277" endtime="20230704 04:05:21.442"/>
</kw>
<status status="PASS" starttime="20230704 04:05:20.952" endtime="20230704 04:05:21.443"/>
</kw>
<kw name="Click and Fill" library="common">
<arg>id=email</arg>
<arg>${email}</arg>
<doc>A keyword combination of Click and Fill Text since most of the form fields need a click</doc>
<kw name="Click" library="Browser">
<arg>${selector}</arg>
<tag>PageContent</tag>
<tag>Setter</tag>
<doc>Simulates mouse click on the element found by ``selector``.</doc>
<status status="PASS" starttime="20230704 04:05:21.444" endtime="20230704 04:05:21.681"/>
</kw>
<kw name="Fill Text" library="Browser">
<arg>${selector}</arg>
<arg>${text}</arg>
<tag>PageContent</tag>
<tag>Setter</tag>
<doc>Clears and fills the given ``txt`` into the text field found by ``selector``.</doc>
<msg timestamp="20230704 04:05:21.682" level="INFO">Fills the text 'bichngoc9995@gmail.com' in the given field.</msg>
<status status="PASS" starttime="20230704 04:05:21.682" endtime="20230704 04:05:21.994"/>
</kw>
<status status="PASS" starttime="20230704 04:05:21.443" endtime="20230704 04:05:21.994"/>
</kw>
<kw name="Click and Fill" library="common">
<arg>id=phoneNumber</arg>
<arg>${phone}</arg>
<doc>A keyword combination of Click and Fill Text since most of the form fields need a click</doc>
<kw name="Click" library="Browser">
<arg>${selector}</arg>
<tag>PageContent</tag>
<tag>Setter</tag>
<doc>Simulates mouse click on the element found by ``selector``.</doc>
<status status="PASS" starttime="20230704 04:05:21.995" endtime="20230704 04:05:22.287"/>
</kw>
<kw name="Fill Text" library="Browser">
<arg>${selector}</arg>
<arg>${text}</arg>
<tag>PageContent</tag>
<tag>Setter</tag>
<doc>Clears and fills the given ``txt`` into the text field found by ``selector``.</doc>
<msg timestamp="20230704 04:05:22.288" level="INFO">Fills the text '040123942' in the given field.</msg>
<status status="PASS" starttime="20230704 04:05:22.287" endtime="20230704 04:05:22.399"/>
</kw>
<status status="PASS" starttime="20230704 04:05:21.994" endtime="20230704 04:05:22.400"/>
</kw>
<status status="PASS" starttime="20230704 04:05:20.640" endtime="20230704 04:05:22.400"/>
</kw>
<kw name="Accept offers and Terms" library="booking">
<kw name="Click" library="Browser">
<arg>(//div[contains(text(), 'like to receive')])[1]</arg>
<tag>PageContent</tag>
<tag>Setter</tag>
<doc>Simulates mouse click on the element found by ``selector``.</doc>
<status status="PASS" starttime="20230704 04:05:22.401" endtime="20230704 04:05:22.682"/>
</kw>
<kw name="Click" library="Browser">
<arg>(//*[contains(text(),'Accept')]/ancestor::label//span[contains(@class,'chakra-checkbox__control')])[1]</arg>
<tag>PageContent</tag>
<tag>Setter</tag>
<doc>Simulates mouse click on the element found by ``selector``.</doc>
<status status="PASS" starttime="20230704 04:05:22.682" endtime="20230704 04:05:23.003"/>
</kw>
<status status="PASS" starttime="20230704 04:05:22.400" endtime="20230704 04:05:23.003"/>
</kw>
<kw name="Select Web Bank and Nordea as Payment Method" library="booking">
<kw name="Click" library="Browser">
<arg>//div[contains(text(), "Web bank payment")]</arg>
<tag>PageContent</tag>
<tag>Setter</tag>
<doc>Simulates mouse click on the element found by ``selector``.</doc>
<status status="PASS" starttime="20230704 04:05:23.004" endtime="20230704 04:05:23.216"/>
</kw>
<kw name="Click" library="Browser">
<arg>//p[contains(text(), 'Nordea')]</arg>
<tag>PageContent</tag>
<tag>Setter</tag>
<doc>Simulates mouse click on the element found by ``selector``.</doc>
<status status="PASS" starttime="20230704 04:05:23.217" endtime="20230704 04:05:23.516"/>
</kw>
<kw name="Click" library="Browser">
<arg>(//div[contains(@view,"payment")]//button[contains(text(), "Pay")])[1]</arg>
<tag>PageContent</tag>
<tag>Setter</tag>
<doc>Simulates mouse click on the element found by ``selector``.</doc>
<status status="PASS" starttime="20230704 04:05:23.517" endtime="20230704 04:05:25.955"/>
</kw>
<status status="PASS" starttime="20230704 04:05:23.003" endtime="20230704 04:05:25.955"/>
</kw>
<kw name="Complete Payment Successfully" library="booking">
<kw name="Simulate Success or Failure" library="booking">
<arg>success</arg>
<kw name="Wait For Elements State" library="Browser">
<arg>//a[contains(text(), 'Simulate ${which} to merchant')]</arg>
<arg>visible</arg>
<arg>timeout=${timeout}</arg>
<tag>PageContent</tag>
<tag>Wait</tag>
<doc>Waits for the element found by ``selector`` to satisfy state option.</doc>
<msg timestamp="20230704 04:05:30.435" level="INFO">Waited for Element with selector //a[contains(text(), 'Simulate success to merchant')] at state visible</msg>
<status status="PASS" starttime="20230704 04:05:25.957" endtime="20230704 04:05:30.436"/>
</kw>
<kw name="Click" library="Browser">
<arg>//a[contains(text(), 'Simulate ${which} to merchant')]</arg>
<tag>PageContent</tag>
<tag>Setter</tag>
<doc>Simulates mouse click on the element found by ``selector``.</doc>
<status status="PASS" starttime="20230704 04:05:30.436" endtime="20230704 04:05:33.249"/>
</kw>
<status status="PASS" starttime="20230704 04:05:25.956" endtime="20230704 04:05:33.250"/>
</kw>
<kw name="Verify Payment was successful" library="booking">
<kw name="Wait Until Visible" library="common">
<arg>//p[contains(text(), 'Payment was successful')]</arg>
<doc>An easier keyword for waiting until an element is visible</doc>
<kw name="Wait For Elements State" library="Browser">
<arg>${element}</arg>
<arg>visible</arg>
<arg>timeout=${timeout}</arg>
<tag>PageContent</tag>
<tag>Wait</tag>
<doc>Waits for the element found by ``selector`` to satisfy state option.</doc>
<msg timestamp="20230704 04:05:36.263" level="INFO">Waited for Element with selector //p[contains(text(), 'Payment was successful')] at state visible</msg>
<status status="PASS" starttime="20230704 04:05:33.251" endtime="20230704 04:05:36.263"/>
</kw>
<status status="PASS" starttime="20230704 04:05:33.251" endtime="20230704 04:05:36.264"/>
</kw>
<kw name="Close Dialog" library="booking">
<kw name="Wait Until Visible" library="common">
<arg>//button[contains(text(), "Ok")]</arg>
<doc>An easier keyword for waiting until an element is visible</doc>
<kw name="Wait For Elements State" library="Browser">
<arg>${element}</arg>
<arg>visible</arg>
<arg>timeout=${timeout}</arg>
<tag>PageContent</tag>
<tag>Wait</tag>
<doc>Waits for the element found by ``selector`` to satisfy state option.</doc>
<msg timestamp="20230704 04:05:36.301" level="INFO">Waited for Element with selector //button[contains(text(), "Ok")] at state visible</msg>
<status status="PASS" starttime="20230704 04:05:36.265" endtime="20230704 04:05:36.301"/>
</kw>
<status status="PASS" starttime="20230704 04:05:36.264" endtime="20230704 04:05:36.301"/>
</kw>
<kw name="Click" library="Browser">
<arg>//button[contains(text(), "Ok")]</arg>
<tag>PageContent</tag>
<tag>Setter</tag>
<doc>Simulates mouse click on the element found by ``selector``.</doc>
<status status="PASS" starttime="20230704 04:05:36.302" endtime="20230704 04:05:36.611"/>
</kw>
<status status="PASS" starttime="20230704 04:05:36.264" endtime="20230704 04:05:36.612"/>
</kw>
<kw name="Save Booking Number 1" library="booking">
<kw name="Get Text" library="Browser">
<var>${str}</var>
<arg>//p[contains(text(),'Booking number')]</arg>
<tag>Assertion</tag>
<tag>Getter</tag>
<tag>PageContent</tag>
<doc>Returns text attribute of the element found by ``selector``.</doc>
<msg timestamp="20230704 04:05:36.669" level="INFO">Text: 'Booking number: 632511219'</msg>
<msg timestamp="20230704 04:05:36.669" level="INFO">${str} = Booking number: 632511219</msg>
<status status="PASS" starttime="20230704 04:05:36.612" endtime="20230704 04:05:36.669"/>
</kw>
<kw name="Log To Console" library="BuiltIn">
<arg>${bookingNumber}</arg>
<doc>Logs the given message to the console.</doc>
<status status="PASS" starttime="20230704 04:05:36.669" endtime="20230704 04:05:36.670"/>
</kw>
<kw name="Remove String" library="String">
<var>${str}</var>
<arg>${str}</arg>
<arg>Booking code${SPACE}</arg>
<doc>Removes all ``removables`` from the given ``string``.</doc>
<msg timestamp="20230704 04:05:36.671" level="INFO">${str} = Booking number: 632511219</msg>
<status status="PASS" starttime="20230704 04:05:36.670" endtime="20230704 04:05:36.671"/>
</kw>
<kw name="Strip String" library="String">
<var>${str}</var>
<arg>${str}</arg>
<doc>Remove leading and/or trailing whitespaces from the given string.</doc>
<msg timestamp="20230704 04:05:36.671" level="INFO">${str} = Booking number: 632511219</msg>
<status status="PASS" starttime="20230704 04:05:36.671" endtime="20230704 04:05:36.671"/>
</kw>
<status status="PASS" starttime="20230704 04:05:36.612" endtime="20230704 04:05:36.671"/>
</kw>
<status status="PASS" starttime="20230704 04:05:33.250" endtime="20230704 04:05:36.672"/>
</kw>
<status status="PASS" starttime="20230704 04:05:25.955" endtime="20230704 04:05:36.672"/>
</kw>
<status status="PASS" starttime="20230704 04:05:08.657" endtime="20230704 04:05:36.672"/>
</kw>
<kw name="Click Check In Button" library="booking">
<kw name="Wait Until Visible" library="common">
<arg>(//button[text()="Check in"])[1]</arg>
<doc>An easier keyword for waiting until an element is visible</doc>
<kw name="Wait For Elements State" library="Browser">
<arg>${element}</arg>
<arg>visible</arg>
<arg>timeout=${timeout}</arg>
<tag>PageContent</tag>
<tag>Wait</tag>
<doc>Waits for the element found by ``selector`` to satisfy state option.</doc>
<msg timestamp="20230704 04:05:36.685" level="INFO">Waited for Element with selector (//button[text()="Check in"])[1] at state visible</msg>
<status status="PASS" starttime="20230704 04:05:36.675" endtime="20230704 04:05:36.685"/>
</kw>
<status status="PASS" starttime="20230704 04:05:36.673" endtime="20230704 04:05:36.685"/>
</kw>
<kw name="Click" library="Browser">
<arg>(//button[text()="Check in"])[1]</arg>
<tag>PageContent</tag>
<tag>Setter</tag>
<doc>Simulates mouse click on the element found by ``selector``.</doc>
<status status="PASS" starttime="20230704 04:05:36.685" endtime="20230704 04:05:36.886"/>
</kw>
<status status="PASS" starttime="20230704 04:05:36.673" endtime="20230704 04:05:36.886"/>
</kw>
<kw name="Click Someone else checkbox" library="booking">
<kw name="Click" library="Browser">
<arg>//span[normalize-space()='Someone else will be the main guest']</arg>
<tag>PageContent</tag>
[...]
<arg>//input[@id='address']</arg>
<doc>An easier keyword for waiting until an element is visible</doc>
<kw name="Wait For Elements State" library="Browser">
<arg>${element}</arg>
<arg>visible</arg>
<arg>timeout=${timeout}</arg>
<tag>PageContent</tag>
<tag>Wait</tag>
<doc>Waits for the element found by ``selector`` to satisfy state option.</doc>
<msg timestamp="20230704 04:13:00.227" level="INFO">Waited for Element with selector //input[@id='address'] at state visible</msg>
<status status="PASS" starttime="20230704 04:13:00.215" endtime="20230704 04:13:00.227"/>
</kw>
<status status="PASS" starttime="20230704 04:13:00.214" endtime="20230704 04:13:00.227"/>
</kw>
<kw name="Wait Until Keyword Succeeds" library="BuiltIn">
<arg>20s</arg>
<arg>2s</arg>
<arg>Type Text</arg>
<arg>//input[@id='address']</arg>
<arg>Paul Street</arg>
<doc>Runs the specified keyword and retries if it fails.</doc>
<kw name="Type Text" library="Browser">
<arg>//input[@id='address']</arg>
<arg>Paul Street</arg>
<tag>PageContent</tag>
<tag>Setter</tag>
<doc>Types the given ``txt`` into the text field found by ``selector``.</doc>
<msg timestamp="20230704 04:13:00.228" level="INFO">Types the text 'Paul Street' in the given field.</msg>
<status status="PASS" starttime="20230704 04:13:00.228" endtime="20230704 04:13:00.894"/>
</kw>
<status status="PASS" starttime="20230704 04:13:00.228" endtime="20230704 04:13:00.894"/>
</kw>
<kw name="Click" library="Browser">
<arg>//input[@id='postalCode']</arg>
<tag>PageContent</tag>
<tag>Setter</tag>
<doc>Simulates mouse click on the element found by ``selector``.</doc>
<status status="PASS" starttime="20230704 04:13:00.895" endtime="20230704 04:13:00.979"/>
</kw>
<kw name="Wait Until Visible" library="common">
<arg>//input[@id='postalCode']</arg>
<doc>An easier keyword for waiting until an element is visible</doc>
<kw name="Wait For Elements State" library="Browser">
<arg>${element}</arg>
<arg>visible</arg>
<arg>timeout=${timeout}</arg>
<tag>PageContent</tag>
<tag>Wait</tag>
<doc>Waits for the element found by ``selector`` to satisfy state option.</doc>
<msg timestamp="20230704 04:13:00.991" level="INFO">Waited for Element with selector //input[@id='postalCode'] at state visible</msg>
<status status="PASS" starttime="20230704 04:13:00.980" endtime="20230704 04:13:00.991"/>
</kw>
<status status="PASS" starttime="20230704 04:13:00.979" endtime="20230704 04:13:00.991"/>
</kw>
<kw name="Wait Until Keyword Succeeds" library="BuiltIn">
<arg>20s</arg>
<arg>2s</arg>
<arg>Type Text</arg>
<arg>//input[@id='postalCode']</arg>
<arg>10000</arg>
<doc>Runs the specified keyword and retries if it fails.</doc>
<kw name="Type Text" library="Browser">
<arg>//input[@id='postalCode']</arg>
<arg>10000</arg>
<tag>PageContent</tag>
<tag>Setter</tag>
<doc>Types the given ``txt`` into the text field found by ``selector``.</doc>
<msg timestamp="20230704 04:13:00.992" level="INFO">Types the text '10000' in the given field.</msg>
<status status="PASS" starttime="20230704 04:13:00.992" endtime="20230704 04:13:01.279"/>
</kw>
<status status="PASS" starttime="20230704 04:13:00.992" endtime="20230704 04:13:01.280"/>
</kw>
<kw name="Wait Until Visible" library="common">
<arg>//button[normalize-space()='Save and invite']</arg>
<doc>An easier keyword for waiting until an element is visible</doc>
<kw name="Wait For Elements State" library="Browser">
<arg>${element}</arg>
<arg>visible</arg>
<arg>timeout=${timeout}</arg>
<tag>PageContent</tag>
<tag>Wait</tag>
<doc>Waits for the element found by ``selector`` to satisfy state option.</doc>
<msg timestamp="20230704 04:13:01.294" level="INFO">Waited for Element with selector //button[normalize-space()='Save and invite'] at state visible</msg>
<status status="PASS" starttime="20230704 04:13:01.281" endtime="20230704 04:13:01.294"/>
</kw>
<status status="PASS" starttime="20230704 04:13:01.280" endtime="20230704 04:13:01.294"/>
</kw>
<status status="PASS" starttime="20230704 04:12:57.102" endtime="20230704 04:13:01.294"/>
</kw>
<kw name="Click Save and invite" library="booking">
<kw name="Click" library="Browser">
<arg>//button[normalize-space()='Save and invite']</arg>
<tag>PageContent</tag>
<tag>Setter</tag>
<doc>Simulates mouse click on the element found by ``selector``.</doc>
<status status="PASS" starttime="20230704 04:13:01.295" endtime="20230704 04:13:01.439"/>
</kw>
<kw name="Wait Until Visible" library="common">
<arg>//button[normalize-space()='Save and invite']</arg>
<doc>An easier keyword for waiting until an element is visible</doc>
<kw name="Wait For Elements State" library="Browser">
<arg>${element}</arg>
<arg>visible</arg>
<arg>timeout=${timeout}</arg>
<tag>PageContent</tag>
<tag>Wait</tag>
<doc>Waits for the element found by ``selector`` to satisfy state option.</doc>
<msg timestamp="20230704 04:13:01.460" level="INFO">Waited for Element with selector //button[normalize-space()='Save and invite'] at state visible</msg>
<status status="PASS" starttime="20230704 04:13:01.440" endtime="20230704 04:13:01.461"/>
</kw>
<status status="PASS" starttime="20230704 04:13:01.440" endtime="20230704 04:13:01.461"/>
</kw>
<status status="PASS" starttime="20230704 04:13:01.295" endtime="20230704 04:13:01.461"/>
</kw>
<kw name="Invite guest popup is open" library="booking">
<kw name="Verify Element Presence" library="booking">
<arg>//p[text()='Invite guest']/ancestor::div[@class="chakra-offset-slide"]</arg>
<arg>${True}</arg>
<kw name="Run Keyword And Return Status" library="BuiltIn">
<var>${check}</var>
<arg>Wait For Elements State</arg>
<arg>${path}</arg>
<arg>visible</arg>
<arg>timeout=6</arg>
<doc>Runs the given keyword with given arguments and returns the status as a Boolean value.</doc>
<kw name="Wait For Elements State" library="Browser">
<arg>${path}</arg>
<arg>visible</arg>
<arg>timeout=6</arg>
<tag>PageContent</tag>
<tag>Wait</tag>
<doc>Waits for the element found by ``selector`` to satisfy state option.</doc>
<msg timestamp="20230704 04:13:04.936" level="INFO">Waited for Element with selector //p[text()='Invite guest']/ancestor::div[@class="chakra-offset-slide"] at state visible</msg>
<status status="PASS" starttime="20230704 04:13:01.463" endtime="20230704 04:13:04.936"/>
</kw>
<msg timestamp="20230704 04:13:04.937" level="INFO">${check} = True</msg>
<status status="PASS" starttime="20230704 04:13:01.463" endtime="20230704 04:13:04.937"/>
</kw>
<kw name="Run Keyword If" library="BuiltIn">
<arg>${shown} == ${true}</arg>
<arg>Should Be True</arg>
<arg>${check}==${True}</arg>
<doc>Runs the given keyword with the given arguments, if ``condition`` is true.</doc>
<kw name="Should Be True" library="BuiltIn">
<arg>${check}==${True}</arg>
<doc>Fails if the given condition is not true.</doc>
<status status="PASS" starttime="20230704 04:13:04.937" endtime="20230704 04:13:04.938"/>
</kw>
<status status="PASS" starttime="20230704 04:13:04.937" endtime="20230704 04:13:04.938"/>
</kw>
<kw name="Run Keyword If" library="BuiltIn">
<arg>${shown} == ${false}</arg>
<arg>Should Be True</arg>
<arg>${check}==${False}</arg>
<doc>Runs the given keyword with the given arguments, if ``condition`` is true.</doc>
<status status="PASS" starttime="20230704 04:13:04.938" endtime="20230704 04:13:04.939"/>
</kw>
<status status="PASS" starttime="20230704 04:13:01.462" endtime="20230704 04:13:04.939"/>
</kw>
<status status="PASS" starttime="20230704 04:13:01.461" endtime="20230704 04:13:04.940"/>
</kw>
<kw name="Fill Invite guest info and click invite button" library="booking">
<kw name="Wait Until Visible" library="common">
<arg>//div[contains(@class,'chakra-offset-slide')]//form</arg>
<doc>An easier keyword for waiting until an element is visible</doc>
<kw name="Wait For Elements State" library="Browser">
<arg>${element}</arg>
<arg>visible</arg>
<arg>timeout=${timeout}</arg>
<tag>PageContent</tag>
<tag>Wait</tag>
<doc>Waits for the element found by ``selector`` to satisfy state option.</doc>
<msg timestamp="20230704 04:13:04.951" level="INFO">Waited for Element with selector //div[contains(@class,'chakra-offset-slide')]//form at state visible</msg>
<status status="PASS" starttime="20230704 04:13:04.941" endtime="20230704 04:13:04.951"/>
</kw>
<status status="PASS" starttime="20230704 04:13:04.941" endtime="20230704 04:13:04.951"/>
</kw>
<kw name="Click" library="Browser">
<arg>//input[@id='firstName']</arg>
<tag>PageContent</tag>
<tag>Setter</tag>
<doc>Simulates mouse click on the element found by ``selector``.</doc>
<status status="PASS" starttime="20230704 04:13:04.952" endtime="20230704 04:13:05.061"/>
</kw>
<kw name="Wait Until Visible" library="common">
<arg>//input[@id='firstName']</arg>
<doc>An easier keyword for waiting until an element is visible</doc>
<kw name="Wait For Elements State" library="Browser">
<arg>${element}</arg>
<arg>visible</arg>
<arg>timeout=${timeout}</arg>
<tag>PageContent</tag>
<tag>Wait</tag>
<doc>Waits for the element found by ``selector`` to satisfy state option.</doc>
<msg timestamp="20230704 04:13:05.079" level="INFO">Waited for Element with selector //input[@id='firstName'] at state visible</msg>
<status status="PASS" starttime="20230704 04:13:05.062" endtime="20230704 04:13:05.079"/>
</kw>
<status status="PASS" starttime="20230704 04:13:05.061" endtime="20230704 04:13:05.079"/>
</kw>
<kw name="Wait Until Keyword Succeeds" library="BuiltIn">
<arg>20s</arg>
<arg>2s</arg>
<arg>Type Text</arg>
<arg>//input[@id='firstName']</arg>
<arg>${guestFirstname}</arg>
<doc>Runs the specified keyword and retries if it fails.</doc>
<kw name="Type Text" library="Browser">
<arg>//input[@id='firstName']</arg>
<arg>${guestFirstname}</arg>
<tag>PageContent</tag>
<tag>Setter</tag>
<doc>Types the given ``txt`` into the text field found by ``selector``.</doc>
<msg timestamp="20230704 04:13:05.080" level="INFO">Types the text 'Shin' in the given field.</msg>
<status status="PASS" starttime="20230704 04:13:05.080" endtime="20230704 04:13:05.227"/>
</kw>
<status status="PASS" starttime="20230704 04:13:05.079" endtime="20230704 04:13:05.227"/>
</kw>
<kw name="Click" library="Browser">
<arg>//input[@id='lastName']</arg>
<tag>PageContent</tag>
<tag>Setter</tag>
<doc>Simulates mouse click on the element found by ``selector``.</doc>
<status status="PASS" starttime="20230704 04:13:05.227" endtime="20230704 04:13:05.313"/>
</kw>
<kw name="Wait Until Visible" library="common">
<arg>//input[@id='lastName']</arg>
<doc>An easier keyword for waiting until an element is visible</doc>
<kw name="Wait For Elements State" library="Browser">
<arg>${element}</arg>
<arg>visible</arg>
<arg>timeout=${timeout}</arg>
<tag>PageContent</tag>
<tag>Wait</tag>
<doc>Waits for the element found by ``selector`` to satisfy state option.</doc>
<msg timestamp="20230704 04:13:05.326" level="INFO">Waited for Element with selector //input[@id='lastName'] at state visible</msg>
<status status="PASS" starttime="20230704 04:13:05.314" endtime="20230704 04:13:05.326"/>
</kw>
<status status="PASS" starttime="20230704 04:13:05.313" endtime="20230704 04:13:05.326"/>
</kw>
<kw name="Wait Until Keyword Succeeds" library="BuiltIn">
<arg>20s</arg>
<arg>2s</arg>
<arg>Type Text</arg>
<arg>//input[@id='lastName']</arg>
<arg>${guestLastname}</arg>
<doc>Runs the specified keyword and retries if it fails.</doc>
<kw name="Type Text" library="Browser">
<arg>//input[@id='lastName']</arg>
<arg>${guestLastname}</arg>
<tag>PageContent</tag>
<tag>Setter</tag>
<doc>Types the given ``txt`` into the text field found by ``selector``.</doc>
<msg timestamp="20230704 04:13:05.327" level="INFO">Types the text 'Suke' in the given field.</msg>
<status status="PASS" starttime="20230704 04:13:05.327" endtime="20230704 04:13:05.431"/>
</kw>
<status status="PASS" starttime="20230704 04:13:05.326" endtime="20230704 04:13:05.431"/>
</kw>
<kw name="Click" library="Browser">
<arg>//input[@id='email']</arg>
<tag>PageContent</tag>
<tag>Setter</tag>
<doc>Simulates mouse click on the element found by ``selector``.</doc>
<status status="PASS" starttime="20230704 04:13:05.432" endtime="20230704 04:13:05.507"/>
</kw>
<kw name="Wait Until Visible" library="common">
<arg>//input[@id='email']</arg>
<doc>An easier keyword for waiting until an element is visible</doc>
<kw name="Wait For Elements State" library="Browser">
<arg>${element}</arg>
<arg>visible</arg>
<arg>timeout=${timeout}</arg>
<tag>PageContent</tag>
<tag>Wait</tag>
<doc>Waits for the element found by ``selector`` to satisfy state option.</doc>
<msg timestamp="20230704 04:13:05.516" level="INFO">Waited for Element with selector //input[@id='email'] at state visible</msg>
<status status="PASS" starttime="20230704 04:13:05.508" endtime="20230704 04:13:05.516"/>
</kw>
<status status="PASS" starttime="20230704 04:13:05.508" endtime="20230704 04:13:05.517"/>
</kw>
<kw name="Wait Until Keyword Succeeds" library="BuiltIn">
<arg>20s</arg>
<arg>2s</arg>
<arg>Type Text</arg>
<arg>//input[@id='email']</arg>
<arg>${guestEmail}</arg>
<doc>Runs the specified keyword and retries if it fails.</doc>
<kw name="Type Text" library="Browser">
<arg>//input[@id='email']</arg>
<arg>${guestEmail}</arg>
<tag>PageContent</tag>
<tag>Setter</tag>
<doc>Types the given ``txt`` into the text field found by ``selector``.</doc>
<msg timestamp="20230704 04:13:05.518" level="INFO">Types the text 'shinsuke@gmail.com' in the given field.</msg>
<status status="PASS" starttime="20230704 04:13:05.518" endtime="20230704 04:13:05.860"/>
</kw>
<status status="PASS" starttime="20230704 04:13:05.517" endtime="20230704 04:13:05.861"/>
</kw>
<kw name="Click" library="Browser">
<arg>//button[normalize-space()='Invite']</arg>
<tag>PageContent</tag>
<tag>Setter</tag>
<doc>Simulates mouse click on the element found by ``selector``.</doc>
<status status="PASS" starttime="20230704 04:13:05.861" endtime="20230704 04:13:05.982"/>
</kw>
<status status="PASS" starttime="20230704 04:13:04.940" endtime="20230704 04:13:05.982"/>
</kw>
<kw name="Booker is brought back to Comfirmation Landing page" library="booking">
<kw name="Wait For Elements State" library="Browser">
<arg>//button[normalize-space()='Cancel']</arg>
<arg>hidden</arg>
<tag>PageContent</tag>
<tag>Wait</tag>
<doc>Waits for the element found by ``selector`` to satisfy state option.</doc>
<msg timestamp="20230704 04:13:06.800" level="INFO">Waited for Element with selector //button[normalize-space()='Cancel'] at state hidden</msg>
<status status="PASS" starttime="20230704 04:13:05.983" endtime="20230704 04:13:06.801"/>
</kw>
<status status="PASS" starttime="20230704 04:13:05.982" endtime="20230704 04:13:06.801"/>
</kw>
<kw name="Notice &quot;Invite sent&quot; displays" library="booking">
<kw name="Wait For Elements State" library="Browser">
<arg>//p[normalize-space()='Invite sent']</arg>
<arg>visible</arg>
<tag>PageContent</tag>
<tag>Wait</tag>
<doc>Waits for the element found by ``selector`` to satisfy state option.</doc>
<msg timestamp="20230704 04:13:06.845" level="INFO">Waited for Element with selector //p[normalize-space()='Invite sent'] at state visible</msg>
<status status="PASS" starttime="20230704 04:13:06.802" endtime="20230704 04:13:06.846"/>
</kw>
<status status="PASS" starttime="20230704 04:13:06.801" endtime="20230704 04:13:06.846"/>
</kw>
<kw name="Status of guest confirmation is changed to &quot;Invite sent, not check-in&quot;" library="booking">
<kw name="Wait For Elements State" library="Browser">
<arg>//p[text()='Invite sent, checked-in not complete!']</arg>
<arg>visible</arg>
<tag>PageContent</tag>
<tag>Wait</tag>
<doc>Waits for the element found by ``selector`` to satisfy state option.</doc>
<msg timestamp="20230704 04:14:36.964" level="INFO" html="true">&lt;/td&gt;&lt;/tr&gt;&lt;tr&gt;&lt;td colspan="3"&gt;&lt;a href="browser/screenshot/fail-screenshot-9.png" target="_blank"&gt;&lt;img src="browser/screenshot/fail-screenshot-9.png" width="800px"/&gt;&lt;/a&gt;</msg>
<msg timestamp="20230704 04:14:36.964" level="INFO">See also file:///home/runner/work/nelson-test-automation/nelson-test-automation/reports/test3/pabot_results/2/playwright-log.txt for additional details.</msg>
<msg timestamp="20230704 04:14:36.965" level="FAIL">TimeoutError: locator.waitFor: Timeout 90000ms exceeded.
=========================== logs ===========================
waiting for locator('xpath=//p[text()=\'Invite sent, checked-in not complete!\']') to be visible
============================================================
Tip: Use "Set Browser Timeout" for increasing the timeout or double check your locator as the targeted element(s) couldn't be found.</msg>
<status status="FAIL" starttime="20230704 04:13:06.847" endtime="20230704 04:14:36.965"/>
</kw>
<status status="FAIL" starttime="20230704 04:13:06.846" endtime="20230704 04:14:36.966"/>
</kw>
<kw name="Verify Guest information component" library="booking">
<status status="NOT RUN" starttime="20230704 04:14:36.966" endtime="20230704 04:14:36.967"/>
</kw>
<kw name="Verify Booking summary" library="booking">
<status status="NOT RUN" starttime="20230704 04:14:36.967" endtime="20230704 04:14:36.967"/>
</kw>
<kw name="Verify Guest information popup when guest not checkin" library="booking">
<status status="NOT RUN" starttime="20230704 04:14:36.967" endtime="20230704 04:14:36.967"/>
</kw>
<kw name="Click Uninvite button" library="booking">
<status status="NOT RUN" starttime="20230704 04:14:36.968" endtime="20230704 04:14:36.968"/>
</kw>
<kw name="Close Browser" library="Browser" type="TEARDOWN">
<tag>BrowserControl</tag>
<tag>Setter</tag>
<doc>Closes the current browser.</doc>
<msg timestamp="20230704 04:14:37.239" level="INFO">Closed browser</msg>
<status status="PASS" starttime="20230704 04:14:36.968" endtime="20230704 04:14:37.240"/>
</kw>
<status status="FAIL" starttime="20230704 04:12:19.278" endtime="20230704 04:14:37.240">TimeoutError: locator.waitFor: Timeout 90000ms exceeded.
=========================== logs ===========================
waiting for locator('xpath=//p[text()=\'Invite sent, checked-in not complete!\']') to be visible
============================================================
Tip: Use "Set Browser Timeout" for increasing the timeout or double check your locator as the targeted element(s) couldn't be found.</status>
</test>
<status status="FAIL" starttime="20230704 04:04:19.890" endtime="20230704 04:14:37.243"/>
</suite>
<status status="FAIL" starttime="20230704 04:04:19.887" endtime="20230704 04:14:37.250"/>
</suite>
<status status="FAIL" starttime="20230704 04:04:19.885" endtime="20230704 04:14:37.253"/>
</suite>
<status status="FAIL" starttime="20230704 04:04:19.884" endtime="20230704 04:14:37.256"/>
</suite>
<doc>Argument file for running tests on Omena test environmen (test4)</doc>
<status status="FAIL" starttime="20230704 04:04:19.862" endtime="20230704 04:14:37.258"/>
</suite>
<statistics>
<total>
<stat pass="8" fail="3" skip="0">All Tests</stat>
</total>
<tag>
</tag>
<suite>
<stat pass="8" fail="3" skip="0" id="s1" name="Testsuites">Testsuites</stat>
<stat pass="8" fail="3" skip="0" id="s1-s1" name="BUI">Testsuites.BUI</stat>
<stat pass="8" fail="3" skip="0" id="s1-s1-s1" name="Feature">Testsuites.BUI.Feature</stat>
<stat pass="8" fail="3" skip="0" id="s1-s1-s1-s1" name="Online Check In">Testsuites.BUI.Feature.Online Check In</stat>
<stat pass="8" fail="3" skip="0" id="s1-s1-s1-s1-s1" name="BUI2-558">Testsuites.BUI.Feature.Online Check In.BUI2-558</stat>
</suite>
</statistics>
<errors>
<msg timestamp="20230704 04:04:20.569" level="ERROR">Error in file '/home/runner/work/nelson-test-automation/nelson-test-automation/resources/keywords/mui.resource' on line 14: Setting variable '${MUI_PASSWORD}' failed: Environment variable '%{MUI_PASSWORD}' not found.</msg>
<msg timestamp="20230704 04:04:20.571" level="ERROR">Error in file '/home/runner/work/nelson-test-automation/nelson-test-automation/resources/keywords/mui.resource' on line 13: Setting variable '${MUI_USERNAME}' failed: Environment variable '%{MUI_USERNAME}' not found.</msg>
</errors>
</robot>
