<?xml version="1.0" encoding="UTF-8"?>
<robot generator="Robot 5.0.1 (Python 3.10.12 on linux)" generated="20230703 18:00:55.925" rpa="false" schemaversion="3">
<suite id="s1" name="Testsuites" source="/home/runner/work/nelson-test-automation/nelson-test-automation/testsuites">
<suite id="s1-s1" name="BUI" source="/home/runner/work/nelson-test-automation/nelson-test-automation/testsuites/BUI">
<suite id="s1-s1-s1" name="Feature" source="/home/runner/work/nelson-test-automation/nelson-test-automation/testsuites/BUI/feature">
<suite id="s1-s1-s1-s1" name="Online Check In" source="/home/runner/work/nelson-test-automation/nelson-test-automation/testsuites/BUI/feature/online_check_in">
<suite id="s1-s1-s1-s1-s1" name="BUI2-558" source="/home/runner/work/nelson-test-automation/nelson-test-automation/testsuites/BUI/feature/online_check_in/BUI2-558.robot">
<test id="s1-s1-s1-s1-s1-t1" name="Verify Page title when marking someone else as a guest" line="11">
<kw name="Open Browser to Landing Page" library="common" type="SETUP">
<doc>A general startup keyword for opening a browser to the landing page.</doc>
<kw name="New Browser" library="Browser">
<arg>${browser}</arg>
<arg>${headless}</arg>
<arg>timeout=${timeout}</arg>
<tag>BrowserControl</tag>
<tag>Setter</tag>
<doc>Create a new playwright Browser with specified options.</doc>
<msg timestamp="20230703 18:00:57.131" level="INFO">{"browser": "firefox", "headless": true, "devtools": false, "handleSIGHUP": true, "handleSIGINT": true, "handleSIGTERM": true, "slowMo": 0.0, "timeout": 90000.0, "deprecated_pos_args": [], "tracesDir": "/home/runner/work/nelson-test-automation/nelson-test-automation/reports/test3/pabot_results/2/browser/traces/3558e115-05d3-49e1-bf81-6d149f9a5a43"}</msg>
<msg timestamp="20230703 18:00:57.952" level="INFO">Successfully created browser with options: {"browser":"firefox","headless":true,"devtools":false,"handleSIGHUP":true,"handleSIGINT":true,"handleSIGTERM":true,"slowMo":0,"timeout":90000,"deprecated_pos_args":[],"tracesDir":"/home/runner/work/nelson-test-automation/nelson-test-automation/reports/test3/pabot_results/2/browser/traces/3558e115-05d3-49e1-bf81-6d149f9a5a43"}</msg>
<status status="PASS" starttime="20230703 18:00:57.130" endtime="20230703 18:00:57.952"/>
</kw>
<kw name="Set Browser Timeout" library="Browser">
<arg>${timeout}</arg>
<tag>Config</tag>
<tag>Setter</tag>
<doc>Sets the timeout used by most input and getter keywords.</doc>
<msg timestamp="20230703 18:00:57.957" level="INFO">No context open.</msg>
<status status="PASS" starttime="20230703 18:00:57.953" endtime="20230703 18:00:57.957"/>
</kw>
<kw name="New Context" library="Browser">
<tag>BrowserControl</tag>
<tag>Setter</tag>
<doc>Create a new BrowserContext with specified options.</doc>
<msg timestamp="20230703 18:00:57.958" level="INFO">{
  "acceptDownloads": true,
  "bypassCSP": false,
  "forcedColors": "none",
  "hideRfBrowser": false,
  "ignoreHTTPSErrors": false,
  "javaScriptEnabled": true,
  "offline": false,
  "reducedMotion": "no-preference",
  "viewport": {
    "width": 1280,
    "height": 720
  },
  "deprecated_pos_args": []
}</msg>
<msg timestamp="20230703 18:00:58.127" level="INFO">Successfully created context. </msg>
<msg timestamp="20230703 18:00:58.127" level="INFO">{'acceptDownloads': True, 'bypassCSP': False, 'forcedColors': 'none', 'hideRfBrowser': False, 'ignoreHTTPSErrors': False, 'javaScriptEnabled': True, 'offline': False, 'reducedMotion': 'no-preference', 'viewport': {'width': 1280, 'height': 720}, 'deprecated_pos_args': []}</msg>
<status status="PASS" starttime="20230703 18:00:57.958" endtime="20230703 18:00:58.127"/>
</kw>
<kw name="New Page" library="Browser">
<arg>${url}</arg>
<tag>BrowserControl</tag>
<tag>Setter</tag>
<doc>Open a new Page.</doc>
<msg timestamp="20230703 18:01:01.407" level="INFO">Successfully initialized new page object and opened url: https://test3.omenahotels.com/</msg>
<status status="PASS" starttime="20230703 18:00:58.128" endtime="20230703 18:01:01.407"/>
</kw>
<kw name="Wait Until Network Is Idle" library="Browser">
<tag>HTTP</tag>
<tag>Wait</tag>
<doc>Waits until there has been at least one instance of 500 ms of no network traffic on the page after loading.</doc>
<status status="PASS" starttime="20230703 18:01:01.408" endtime="20230703 18:01:02.872"/>
</kw>
<kw name="Allow Cookies" library="common">
<doc>Allow Cookies/Toggle Cookie allowance</doc>
<kw name="Is Element Found" library="common">
<var>${cookieModalVisible}</var>
<arg>id=CybotCookiebotDialogBodyLevelButtonLevelOptinAllowAll</arg>
<doc>A keyword that has a very complex way of figuring out whether an
element is found or not because I had trouble with the built-in keywords
Can be solved differently if you have a better idea</doc>
<kw name="Set Browser Timeout" library="Browser">
<arg>10s</arg>
<tag>Config</tag>
<tag>Setter</tag>
<doc>Sets the timeout used by most input and getter keywords.</doc>
<msg timestamp="20230703 18:01:02.879" level="INFO">Set timeout to: 10000</msg>
<status status="PASS" starttime="20230703 18:01:02.874" endtime="20230703 18:01:02.880"/>
</kw>
<try>
<branch type="TRY">
<kw name="Get Elements" library="Browser">
<var>${els}</var>
<arg>${selector}</arg>
<tag>Getter</tag>
<tag>PageContent</tag>
<doc>Returns a reference to Playwright [https://playwright.dev/docs/api/class-locator|Locator]
for all matched elements by ``selector``.</doc>
<msg timestamp="20230703 18:01:02.936" level="INFO">Found 1 Locators successfully.</msg>
<msg timestamp="20230703 18:01:02.936" level="INFO">${els} = ['element=6660cfdf-7875-49b8-8a38-bbebd9489a36']</msg>
<status status="PASS" starttime="20230703 18:01:02.880" endtime="20230703 18:01:02.936"/>
</kw>
<kw name="Get Length" library="BuiltIn">
<var>${count}</var>
<arg>${els}</arg>
<doc>Returns and logs the length of the given item as an integer.</doc>
<msg timestamp="20230703 18:01:02.937" level="INFO">Length is 1</msg>
<msg timestamp="20230703 18:01:02.937" level="INFO">${count} = 1</msg>
<status status="PASS" starttime="20230703 18:01:02.936" endtime="20230703 18:01:02.937"/>
</kw>
<if>
<branch type="IF" condition="${count} &gt; 0">
<kw name="Set Variable" library="BuiltIn">
<var>${visible}</var>
<arg>True</arg>
<doc>Returns the given values which can then be assigned to a variables.</doc>
<msg timestamp="20230703 18:01:02.938" level="INFO">${visible} = True</msg>
<status status="PASS" starttime="20230703 18:01:02.938" endtime="20230703 18:01:02.938"/>
</kw>
<status status="PASS" starttime="20230703 18:01:02.937" endtime="20230703 18:01:02.938"/>
</branch>
<branch type="ELSE">
<kw name="Set Variable" library="BuiltIn">
<var>${visible}</var>
<arg>False</arg>
<doc>Returns the given values which can then be assigned to a variables.</doc>
<status status="NOT RUN" starttime="20230703 18:01:02.939" endtime="20230703 18:01:02.939"/>
</kw>
<status status="NOT RUN" starttime="20230703 18:01:02.939" endtime="20230703 18:01:02.939"/>
</branch>
<status status="PASS" starttime="20230703 18:01:02.937" endtime="20230703 18:01:02.939"/>
</if>
<status status="PASS" starttime="20230703 18:01:02.880" endtime="20230703 18:01:02.939"/>
</branch>
<branch type="EXCEPT">
<kw name="Set Variable" library="BuiltIn">
<var>${visible}</var>
<arg>False</arg>
<doc>Returns the given values which can then be assigned to a variables.</doc>
<status status="NOT RUN" starttime="20230703 18:01:02.941" endtime="20230703 18:01:02.941"/>
</kw>
<status status="NOT RUN" starttime="20230703 18:01:02.940" endtime="20230703 18:01:02.941"/>
</branch>
<status status="PASS" starttime="20230703 18:01:02.880" endtime="20230703 18:01:02.941"/>
</try>
<kw name="Set Browser Timeout" library="Browser">
<arg>${timeout}</arg>
<tag>Config</tag>
<tag>Setter</tag>
<doc>Sets the timeout used by most input and getter keywords.</doc>
<msg timestamp="20230703 18:01:02.952" level="INFO">Set timeout to: 90000</msg>
<status status="PASS" starttime="20230703 18:01:02.942" endtime="20230703 18:01:02.952"/>
</kw>
<msg timestamp="20230703 18:01:02.953" level="INFO">${cookieModalVisible} = True</msg>
<status status="PASS" starttime="20230703 18:01:02.873" endtime="20230703 18:01:02.953"/>
</kw>
<if>
<branch type="IF" condition="${cookieModalVisible}">
<kw name="Click" library="Browser">
<arg>id=CybotCookiebotDialogBodyLevelButtonLevelOptinAllowAll</arg>
<tag>PageContent</tag>
<tag>Setter</tag>
<doc>Simulates mouse click on the element found by ``selector``.</doc>
<status status="PASS" starttime="20230703 18:01:02.954" endtime="20230703 18:01:03.063"/>
</kw>
<status status="PASS" starttime="20230703 18:01:02.953" endtime="20230703 18:01:03.063"/>
</branch>
<branch type="ELSE">
<kw name="Log" library="BuiltIn">
<arg>No Cookie Modal Visible</arg>
<doc>Logs the given message with the given level.</doc>
<status status="NOT RUN" starttime="20230703 18:01:03.064" endtime="20230703 18:01:03.064"/>
</kw>
<status status="NOT RUN" starttime="20230703 18:01:03.063" endtime="20230703 18:01:03.064"/>
</branch>
<status status="PASS" starttime="20230703 18:01:02.953" endtime="20230703 18:01:03.064"/>
</if>
<status status="PASS" starttime="20230703 18:01:02.873" endtime="20230703 18:01:03.064"/>
</kw>
<kw name="Set Environment" library="common">
<kw name="Get Url" library="Browser">
<var>${currentUrl}</var>
<tag>Assertion</tag>
<tag>Getter</tag>
<tag>PageContent</tag>
<doc>Returns the current URL.</doc>
<msg timestamp="20230703 18:01:03.070" level="INFO">${currentUrl} = https://test3.omenahotels.com/en/</msg>
<status status="PASS" starttime="20230703 18:01:03.065" endtime="20230703 18:01:03.070"/>
</kw>
<kw name="Get Environment From Url" library="Helpers">
<var>${env}</var>
<arg>${currentUrl}</arg>
<msg timestamp="20230703 18:01:03.071" level="INFO">${env} = test-omena</msg>
<status status="PASS" starttime="20230703 18:01:03.071" endtime="20230703 18:01:03.071"/>
</kw>
<kw name="Set Variable" library="BuiltIn">
<arg>${environment}</arg>
<arg>${env}</arg>
<doc>Returns the given values which can then be assigned to a variables.</doc>
<status status="PASS" starttime="20230703 18:01:03.071" endtime="20230703 18:01:03.072"/>
</kw>
<status status="PASS" starttime="20230703 18:01:03.065" endtime="20230703 18:01:03.072"/>
</kw>
<status status="PASS" starttime="20230703 18:00:57.129" endtime="20230703 18:01:03.072"/>
</kw>
<kw name="Booker just completed payment for a reservation" library="booking">
<kw name="Select Hotel" library="booking">
<arg>Helsinki, Lönnrotinkatu</arg>
<doc>Select Hotel by using a number as an argument, default Lönnrotinkatu</doc>
<if>
<branch type="IF" condition="&quot;${environment}&quot; == &quot;test-exhibition&quot;">
<kw name="Log" library="BuiltIn">
<arg>No hotel to be selected</arg>
<doc>Logs the given message with the given level.</doc>
<status status="NOT RUN" starttime="20230703 18:01:03.079" endtime="20230703 18:01:03.080"/>
</kw>
<status status="NOT RUN" starttime="20230703 18:01:03.079" endtime="20230703 18:01:03.080"/>
</branch>
<branch type="ELSE">
<kw name="Log" library="BuiltIn">
<arg>Selecting Hotel: ${hotel}</arg>
<doc>Logs the given message with the given level.</doc>
<msg timestamp="20230703 18:01:03.080" level="INFO">Selecting Hotel: Helsinki, Lönnrotinkatu</msg>
<status status="PASS" starttime="20230703 18:01:03.080" endtime="20230703 18:01:03.080"/>
</kw>
<kw name="Click" library="Browser">
<arg>//div[contains(@data-nelson-btn, "hotels")]</arg>
<tag>PageContent</tag>
<tag>Setter</tag>
<doc>Simulates mouse click on the element found by ``selector``.</doc>
<status status="PASS" starttime="20230703 18:01:03.081" endtime="20230703 18:01:03.532"/>
</kw>
<kw name="Wait Until Visible" library="common">
<arg>//a[contains(@class, 'dropdown-item') and contains(text(), '${hotel}')]</arg>
<doc>An easier keyword for waiting until an element is visible</doc>
<kw name="Wait For Elements State" library="Browser">
<arg>${element}</arg>
<arg>visible</arg>
<arg>timeout=${timeout}</arg>
<tag>PageContent</tag>
<tag>Wait</tag>
<doc>Waits for the element found by ``selector`` to satisfy state option.</doc>
<msg timestamp="20230703 18:01:03.583" level="INFO">Waited for Element with selector //a[contains(@class, 'dropdown-item') and contains(text(), 'Helsinki, Lönnrotinkatu')] at state visible</msg>
<status status="PASS" starttime="20230703 18:01:03.533" endtime="20230703 18:01:03.583"/>
</kw>
<status status="PASS" starttime="20230703 18:01:03.532" endtime="20230703 18:01:03.583"/>
</kw>
<kw name="Click" library="Browser">
<arg>//a[contains(@class, 'dropdown-item') and contains(text(), '${hotel}')]</arg>
<tag>PageContent</tag>
<tag>Setter</tag>
<doc>Simulates mouse click on the element found by ``selector``.</doc>
<status status="PASS" starttime="20230703 18:01:03.584" endtime="20230703 18:01:04.297"/>
</kw>
<kw name="Wait For Elements State" library="Browser">
<arg>//a[contains(@class, 'dropdown-item') and contains(text(), '${hotel}')]</arg>
<arg>hidden</arg>
<arg>timeout=3s</arg>
<tag>PageContent</tag>
<tag>Wait</tag>
<doc>Waits for the element found by ``selector`` to satisfy state option.</doc>
<msg timestamp="20230703 18:01:04.407" level="INFO">Waited for Element with selector //a[contains(@class, 'dropdown-item') and contains(text(), 'Helsinki, Lönnrotinkatu')] at state hidden</msg>
<status status="PASS" starttime="20230703 18:01:04.297" endtime="20230703 18:01:04.408"/>
</kw>
<status status="PASS" starttime="20230703 18:01:03.080" endtime="20230703 18:01:04.408"/>
</branch>
<status status="PASS" starttime="20230703 18:01:03.079" endtime="20230703 18:01:04.408"/>
</if>
<status status="PASS" starttime="20230703 18:01:03.073" endtime="20230703 18:01:04.408"/>
</kw>
<kw name="Select Dates" library="booking">
<kw name="Log" library="BuiltIn">
<arg>Skipping date selection for now</arg>
<doc>Logs the given message with the given level.</doc>
<msg timestamp="20230703 18:01:04.410" level="INFO">Skipping date selection for now</msg>
<status status="PASS" starttime="20230703 18:01:04.409" endtime="20230703 18:01:04.410"/>
</kw>
<status status="PASS" starttime="20230703 18:01:04.409" endtime="20230703 18:01:04.410"/>
</kw>
<kw name="Select Guests" library="booking">
<doc>Selects the number of guests for the booking, current implementation will only check the dropdown</doc>
<kw name="Log To Console" library="BuiltIn">
<arg>Not yet implemented</arg>
<doc>Logs the given message to the console.</doc>
<status status="PASS" starttime="20230703 18:01:04.411" endtime="20230703 18:01:04.411"/>
</kw>
<status status="PASS" starttime="20230703 18:01:04.410" endtime="20230703 18:01:04.412"/>
</kw>
<kw name="Click Book Button" library="booking">
<kw name="Click" library="Browser">
<arg>//div[@data-nelson-btn='book']</arg>
<tag>PageContent</tag>
<tag>Setter</tag>
<doc>Simulates mouse click on the element found by ``selector``.</doc>
<status status="PASS" starttime="20230703 18:01:04.413" endtime="20230703 18:01:05.474"/>
</kw>
<status status="PASS" starttime="20230703 18:01:04.412" endtime="20230703 18:01:05.475"/>
</kw>
<kw name="Select a Standard Room" library="booking">
<kw name="Wait Until Visible" library="common">
<arg>${btnExtras}</arg>
<doc>An easier keyword for waiting until an element is visible</doc>
<kw name="Wait For Elements State" library="Browser">
<arg>${element}</arg>
<arg>visible</arg>
<arg>timeout=${timeout}</arg>
<tag>PageContent</tag>
<tag>Wait</tag>
<doc>Waits for the element found by ``selector`` to satisfy state option.</doc>
<msg timestamp="20230703 18:01:08.305" level="INFO">Waited for Element with selector (//div[contains(@view,"booking")]//button[contains(text(), "Continue to extras")])[1] at state visible</msg>
<status status="PASS" starttime="20230703 18:01:05.476" endtime="20230703 18:01:08.305"/>
</kw>
<status status="PASS" starttime="20230703 18:01:05.476" endtime="20230703 18:01:08.306"/>
</kw>
<kw name="Get Element States" library="Browser">
<var>${visible}</var>
<arg>//div[contains(text(), 'Select room')]</arg>
<arg>then</arg>
<arg>bool(value &amp; visible)</arg>
<tag>Assertion</tag>
<tag>Getter</tag>
<tag>PageContent</tag>
<doc>Get the active states from the element found by ``selector``.</doc>
<msg timestamp="20230703 18:01:08.564" level="INFO">${visible} = False</msg>
<status status="PASS" starttime="20230703 18:01:08.306" endtime="20230703 18:01:08.564"/>
</kw>
<kw name="Run Keyword If" library="BuiltIn">
<arg>${visible}</arg>
<arg>Select Standard and Remove Other Room Selection</arg>
<doc>Runs the given keyword with the given arguments, if ``condition`` is true.</doc>
<status status="PASS" starttime="20230703 18:01:08.565" endtime="20230703 18:01:08.565"/>
</kw>
<status status="PASS" starttime="20230703 18:01:05.475" endtime="20230703 18:01:08.566"/>
</kw>
<kw name="Click Continue to Extras Button" library="booking">
<doc>Clicks the continue to extras button</doc>
<kw name="Click" library="Browser">
<arg>${btnExtras}</arg>
<tag>PageContent</tag>
<tag>Setter</tag>
<doc>Simulates mouse click on the element found by ``selector``.</doc>
<msg timestamp="20230703 18:02:38.730" level="INFO" html="true">&lt;/td&gt;&lt;/tr&gt;&lt;tr&gt;&lt;td colspan="3"&gt;&lt;a href="browser/screenshot/fail-screenshot-1.png" target="_blank"&gt;&lt;img src="browser/screenshot/fail-screenshot-1.png" width="800px"/&gt;&lt;/a&gt;</msg>
<msg timestamp="20230703 18:02:38.730" level="INFO">See also file:///home/runner/work/nelson-test-automation/nelson-test-automation/reports/test3/pabot_results/2/playwright-log.txt for additional details.</msg>
<msg timestamp="20230703 18:02:38.731" level="FAIL">TimeoutError: locator.click: Timeout 90000ms exceeded.
=========================== logs ===========================
waiting for locator('xpath=(//div[contains(@view,"booking")]//button[contains(text(), "Continue to extras")])[1]')
  locator resolved to &lt;button disabled type="button" class="chakra-button css-…&gt;Continue to extras&lt;/button&gt;
attempting click action
  waiting for element to be visible, enabled and stable
element was detached from the DOM, retrying
  locator resolved to &lt;button disabled type="button" class="chakra-button css-…&gt;Continue to extras&lt;/button&gt;
attempting click action
  waiting for element to be visible, enabled and stable
    element is not enabled - waiting...
element was detached from the DOM, retrying
  locator resolved to &lt;button disabled type="button" class="chakra-button css-…&gt;Continue to extras&lt;/button&gt;
attempting click action
  waiting for element to be visible, enabled and stable
    element is not enabled - waiting...
element was detached from the DOM, retrying
  locator resolved to &lt;button disabled type="button" class="chakra-button css-…&gt;Continue to extras&lt;/button&gt;
attempting click action
  waiting for element to be visible, enabled and stable
    element is not enabled - waiting...
============================================================
Tip: Use "Set Browser Timeout" for increasing the timeout or double check your locator as the targeted element(s) couldn't be found.</msg>
<status status="FAIL" starttime="20230703 18:01:08.566" endtime="20230703 18:02:38.732"/>
</kw>
<kw name="Wait Until Visible" library="common">
<arg>${btnPayment}</arg>
<doc>An easier keyword for waiting until an element is visible</doc>
<status status="NOT RUN" starttime="20230703 18:02:38.733" endtime="20230703 18:02:38.733"/>
</kw>
<status status="FAIL" starttime="20230703 18:01:08.566" endtime="20230703 18:02:38.734"/>
</kw>
<kw name="Click Continue to Payment" library="booking">
<status status="NOT RUN" starttime="20230703 18:02:38.734" endtime="20230703 18:02:38.734"/>
</kw>
<kw name="Check Regular Rate 2" library="booking">
<status status="NOT RUN" starttime="20230703 18:02:38.735" endtime="20230703 18:02:38.735"/>
</kw>
<kw name="Fill in Contact Information 1" library="booking">
<status status="NOT RUN" starttime="20230703 18:02:38.735" endtime="20230703 18:02:38.735"/>
</kw>
<kw name="Accept offers and Terms" library="booking">
<status status="NOT RUN" starttime="20230703 18:02:38.735" endtime="20230703 18:02:38.735"/>
</kw>
<kw name="Select Web Bank and Nordea as Payment Method" library="booking">
<status status="NOT RUN" starttime="20230703 18:02:38.736" endtime="20230703 18:02:38.736"/>
</kw>
<kw name="Complete Payment Successfully" library="booking">
<status status="NOT RUN" starttime="20230703 18:02:38.736" endtime="20230703 18:02:38.736"/>
</kw>
<status status="FAIL" starttime="20230703 18:01:03.073" endtime="20230703 18:02:38.737"/>
</kw>
<kw name="Click Check In Button" library="booking">
<status status="NOT RUN" starttime="20230703 18:02:38.737" endtime="20230703 18:02:38.737"/>
</kw>
<kw name="Click Someone else checkbox" library="booking">
<status status="NOT RUN" starttime="20230703 18:02:38.737" endtime="20230703 18:02:38.737"/>
</kw>
<kw name="Edit guest popup change to &quot;Booker information&quot;" library="booking">
<status status="NOT RUN" starttime="20230703 18:02:38.738" endtime="20230703 18:02:38.738"/>
</kw>
<kw name="Close Browser" library="Browser" type="TEARDOWN">
<tag>BrowserControl</tag>
<tag>Setter</tag>
<doc>Closes the current browser.</doc>
<msg timestamp="20230703 18:02:39.578" level="INFO">Closed browser</msg>
<status status="PASS" starttime="20230703 18:02:38.739" endtime="20230703 18:02:39.578"/>
</kw>
<status status="FAIL" starttime="20230703 18:00:57.128" endtime="20230703 18:02:39.578">TimeoutError: locator.click: Timeout 90000ms exceeded.
=========================== logs ===========================
waiting for locator('xpath=(//div[contains(@view,"booking")]//button[contains(text(), "Continue to extras")])[1]')
  locator resolved to &lt;button disabled type="button" class="chakra-button css-…&gt;Continue to extras&lt;/button&gt;
attempting click action
  waiting for element to be visible, enabled and stable
element was detached from the DOM, retrying
  locator resolved to &lt;button disabled type="button" class="chakra-button css-…&gt;Continue to extras&lt;/button&gt;
attempting click action
  waiting for element to be visible, enabled and stable
    element is not enabled - waiting...
element was detached from the DOM, retrying
  locator resolved to &lt;button disabled type="button" class="chakra-button css-…&gt;Continue to extras&lt;/button&gt;
attempting click action
  waiting for element to be visible, enabled and stable
    element is not enabled - waiting...
element was detached from the DOM, retrying
  locator resolved to &lt;button disabled type="button" class="chakra-button css-…&gt;Continue to extras&lt;/button&gt;
attempting click action
  waiting for element to be visible, enabled and stable
    element is not enabled - waiting...
============================================================
Tip: Use "Set Browser Timeout" for increasing the timeout or double check your locator as the targeted element(s) couldn't be found.</status>
</test>
<test id="s1-s1-s1-s1-s1-t2" name="Verify notification when marking someone else as a guest" line="17">
<kw name="Open Browser to Landing Page" library="common" type="SETUP">
<doc>A general startup keyword for opening a browser to the landing page.</doc>
<kw name="New Browser" library="Browser">
<arg>${browser}</arg>
<arg>${headless}</arg>
<arg>timeout=${timeout}</arg>
<tag>BrowserControl</tag>
<tag>Setter</tag>
<doc>Create a new playwright Browser with specified options.</doc>
<msg timestamp="20230703 18:02:39.588" level="INFO">{"browser": "firefox", "headless": true, "devtools": false, "handleSIGHUP": true, "handleSIGINT": true, "handleSIGTERM": true, "slowMo": 0.0, "timeout": 90000.0, "deprecated_pos_args": [], "tracesDir": "/home/runner/work/nelson-test-automation/nelson-test-automation/reports/test3/pabot_results/2/browser/traces/8f6dad2e-8da7-4e29-8829-7f1597175f44"}</msg>
<msg timestamp="20230703 18:02:40.719" level="INFO">Successfully created browser with options: {"browser":"firefox","headless":true,"devtools":false,"handleSIGHUP":true,"handleSIGINT":true,"handleSIGTERM":true,"slowMo":0,"timeout":90000,"deprecated_pos_args":[],"tracesDir":"/home/runner/work/nelson-test-automation/nelson-test-automation/reports/test3/pabot_results/2/browser/traces/8f6dad2e-8da7-4e29-8829-7f1597175f44"}</msg>
<status status="PASS" starttime="20230703 18:02:39.587" endtime="20230703 18:02:40.719"/>
</kw>
<kw name="Set Browser Timeout" library="Browser">
<arg>${timeout}</arg>
<tag>Config</tag>
<tag>Setter</tag>
<doc>Sets the timeout used by most input and getter keywords.</doc>
<status status="PASS" starttime="20230703 18:02:40.719" endtime="20230703 18:02:40.720"/>
</kw>
<kw name="New Context" library="Browser">
<tag>BrowserControl</tag>
<tag>Setter</tag>
<doc>Create a new BrowserContext with specified options.</doc>
<msg timestamp="20230703 18:02:40.727" level="INFO">{
  "acceptDownloads": true,
  "bypassCSP": false,
  "forcedColors": "none",
  "hideRfBrowser": false,
  "ignoreHTTPSErrors": false,
  "javaScriptEnabled": true,
  "offline": false,
  "reducedMotion": "no-preference",
  "viewport": {
    "width": 1280,
    "height": 720
  },
  "deprecated_pos_args": []
}</msg>
<msg timestamp="20230703 18:02:40.814" level="INFO">Successfully created context. </msg>
<msg timestamp="20230703 18:02:40.814" level="INFO">{'acceptDownloads': True, 'bypassCSP': False, 'forcedColors': 'none', 'hideRfBrowser': False, 'ignoreHTTPSErrors': False, 'javaScriptEnabled': True, 'offline': False, 'reducedMotion': 'no-preference', 'viewport': {'width': 1280, 'height': 720}, 'deprecated_pos_args': []}</msg>
<status status="PASS" starttime="20230703 18:02:40.726" endtime="20230703 18:02:40.815"/>
</kw>
<kw name="New Page" library="Browser">
<arg>${url}</arg>
<tag>BrowserControl</tag>
<tag>Setter</tag>
<doc>Open a new Page.</doc>
<msg timestamp="20230703 18:02:44.349" level="INFO">Successfully initialized new page object and opened url: https://test3.omenahotels.com/</msg>
<status status="PASS" starttime="20230703 18:02:40.815" endtime="20230703 18:02:44.349"/>
</kw>
<kw name="Wait Until Network Is Idle" library="Browser">
<tag>HTTP</tag>
<tag>Wait</tag>
<doc>Waits until there has been at least one instance of 500 ms of no network traffic on the page after loading.</doc>
<status status="PASS" starttime="20230703 18:02:44.350" endtime="20230703 18:02:45.612"/>
</kw>
<kw name="Allow Cookies" library="common">
<doc>Allow Cookies/Toggle Cookie allowance</doc>
<kw name="Is Element Found" library="common">
<var>${cookieModalVisible}</var>
<arg>id=CybotCookiebotDialogBodyLevelButtonLevelOptinAllowAll</arg>
<doc>A keyword that has a very complex way of figuring out whether an
element is found or not because I had trouble with the built-in keywords
Can be solved differently if you have a better idea</doc>
<kw name="Set Browser Timeout" library="Browser">
<arg>10s</arg>
<tag>Config</tag>
<tag>Setter</tag>
<doc>Sets the timeout used by most input and getter keywords.</doc>
<msg timestamp="20230703 18:02:45.625" level="INFO">Set timeout to: 10000</msg>
<status status="PASS" starttime="20230703 18:02:45.614" endtime="20230703 18:02:45.625"/>
</kw>
<try>
<branch type="TRY">
<kw name="Get Elements" library="Browser">
<var>${els}</var>
<arg>${selector}</arg>
<tag>Getter</tag>
<tag>PageContent</tag>
<doc>Returns a reference to Playwright [https://playwright.dev/docs/api/class-locator|Locator]
for all matched elements by ``selector``.</doc>
<msg timestamp="20230703 18:02:45.723" level="INFO">Found 1 Locators successfully.</msg>
<msg timestamp="20230703 18:02:45.724" level="INFO">${els} = ['element=d2f82c4c-9f0d-4fae-87c2-637cdce1bfb7']</msg>
<status status="PASS" starttime="20230703 18:02:45.626" endtime="20230703 18:02:45.724"/>
</kw>
<kw name="Get Length" library="BuiltIn">
<var>${count}</var>
<arg>${els}</arg>
<doc>Returns and logs the length of the given item as an integer.</doc>
<msg timestamp="20230703 18:02:45.725" level="INFO">Length is 1</msg>
<msg timestamp="20230703 18:02:45.725" level="INFO">${count} = 1</msg>
<status status="PASS" starttime="20230703 18:02:45.724" endtime="20230703 18:02:45.725"/>
</kw>
<if>
<branch type="IF" condition="${count} &gt; 0">
<kw name="Set Variable" library="BuiltIn">
<var>${visible}</var>
<arg>True</arg>
<doc>Returns the given values which can then be assigned to a variables.</doc>
<msg timestamp="20230703 18:02:45.726" level="INFO">${visible} = True</msg>
<status status="PASS" starttime="20230703 18:02:45.725" endtime="20230703 18:02:45.726"/>
</kw>
<status status="PASS" starttime="20230703 18:02:45.725" endtime="20230703 18:02:45.726"/>
</branch>
<branch type="ELSE">
<kw name="Set Variable" library="BuiltIn">
<var>${visible}</var>
<arg>False</arg>
<doc>Returns the given values which can then be assigned to a variables.</doc>
<status status="NOT RUN" starttime="20230703 18:02:45.726" endtime="20230703 18:02:45.726"/>
</kw>
<status status="NOT RUN" starttime="20230703 18:02:45.726" endtime="20230703 18:02:45.727"/>
</branch>
<status status="PASS" starttime="20230703 18:02:45.725" endtime="20230703 18:02:45.727"/>
</if>
<status status="PASS" starttime="20230703 18:02:45.625" endtime="20230703 18:02:45.727"/>
</branch>
<branch type="EXCEPT">
<kw name="Set Variable" library="BuiltIn">
<var>${visible}</var>
<arg>False</arg>
<doc>Returns the given values which can then be assigned to a variables.</doc>
<status status="NOT RUN" starttime="20230703 18:02:45.727" endtime="20230703 18:02:45.727"/>
</kw>
<status status="NOT RUN" starttime="20230703 18:02:45.727" endtime="20230703 18:02:45.727"/>
</branch>
<status status="PASS" starttime="20230703 18:02:45.625" endtime="20230703 18:02:45.728"/>
</try>
<kw name="Set Browser Timeout" library="Browser">
<arg>${timeout}</arg>
<tag>Config</tag>
<tag>Setter</tag>
<doc>Sets the timeout used by most input and getter keywords.</doc>
<msg timestamp="20230703 18:02:45.732" level="INFO">Set timeout to: 90000</msg>
<status status="PASS" starttime="20230703 18:02:45.728" endtime="20230703 18:02:45.732"/>
</kw>
<msg timestamp="20230703 18:02:45.733" level="INFO">${cookieModalVisible} = True</msg>
<status status="PASS" starttime="20230703 18:02:45.613" endtime="20230703 18:02:45.733"/>
</kw>
<if>
<branch type="IF" condition="${cookieModalVisible}">
<kw name="Click" library="Browser">
<arg>id=CybotCookiebotDialogBodyLevelButtonLevelOptinAllowAll</arg>
<tag>PageContent</tag>
<tag>Setter</tag>
<doc>Simulates mouse click on the element found by ``selector``.</doc>
<status status="PASS" starttime="20230703 18:02:45.734" endtime="20230703 18:02:45.842"/>
</kw>
<status status="PASS" starttime="20230703 18:02:45.733" endtime="20230703 18:02:45.842"/>
</branch>
<branch type="ELSE">
<kw name="Log" library="BuiltIn">
<arg>No Cookie Modal Visible</arg>
<doc>Logs the given message with the given level.</doc>
<status status="NOT RUN" starttime="20230703 18:02:45.843" endtime="20230703 18:02:45.843"/>
</kw>
<status status="NOT RUN" starttime="20230703 18:02:45.842" endtime="20230703 18:02:45.843"/>
</branch>
<status status="PASS" starttime="20230703 18:02:45.733" endtime="20230703 18:02:45.843"/>
</if>
<status status="PASS" starttime="20230703 18:02:45.613" endtime="20230703 18:02:45.843"/>
</kw>
<kw name="Set Environment" library="common">
<kw name="Get Url" library="Browser">
<var>${currentUrl}</var>
<tag>Assertion</tag>
<tag>Getter</tag>
<tag>PageContent</tag>
<doc>Returns the current URL.</doc>
<msg timestamp="20230703 18:02:45.848" level="INFO">${currentUrl} = https://test3.omenahotels.com/en/</msg>
<status status="PASS" starttime="20230703 18:02:45.844" endtime="20230703 18:02:45.848"/>
</kw>
<kw name="Get Environment From Url" library="Helpers">
<var>${env}</var>
<arg>${currentUrl}</arg>
<msg timestamp="20230703 18:02:45.862" level="INFO">${env} = test-omena</msg>
<status status="PASS" starttime="20230703 18:02:45.861" endtime="20230703 18:02:45.862"/>
</kw>
<kw name="Set Variable" library="BuiltIn">
<arg>${environment}</arg>
<arg>${env}</arg>
<doc>Returns the given values which can then be assigned to a variables.</doc>
<status status="PASS" starttime="20230703 18:02:45.863" endtime="20230703 18:02:45.863"/>
</kw>
<status status="PASS" starttime="20230703 18:02:45.843" endtime="20230703 18:02:45.863"/>
</kw>
<status status="PASS" starttime="20230703 18:02:39.586" endtime="20230703 18:02:45.864"/>
</kw>
<kw name="Booker just completed payment for a reservation" library="booking">
<kw name="Select Hotel" library="booking">
<arg>Helsinki, Lönnrotinkatu</arg>
<doc>Select Hotel by using a number as an argument, default Lönnrotinkatu</doc>
<if>
<branch type="IF" condition="&quot;${environment}&quot; == &quot;test-exhibition&quot;">
<kw name="Log" library="BuiltIn">
<arg>No hotel to be selected</arg>
<doc>Logs the given message with the given level.</doc>
<status status="NOT RUN" starttime="20230703 18:02:45.876" endtime="20230703 18:02:45.876"/>
</kw>
<status status="NOT RUN" starttime="20230703 18:02:45.869" endtime="20230703 18:02:45.877"/>
</branch>
<branch type="ELSE">
<kw name="Log" library="BuiltIn">
<arg>Selecting Hotel: ${hotel}</arg>
<doc>Logs the given message with the given level.</doc>
<msg timestamp="20230703 18:02:45.877" level="INFO">Selecting Hotel: Helsinki, Lönnrotinkatu</msg>
<status status="PASS" starttime="20230703 18:02:45.877" endtime="20230703 18:02:45.877"/>
</kw>
<kw name="Click" library="Browser">
<arg>//div[contains(@data-nelson-btn, "hotels")]</arg>
<tag>PageContent</tag>
<tag>Setter</tag>
<doc>Simulates mouse click on the element found by ``selector``.</doc>
<status status="PASS" starttime="20230703 18:02:45.878" endtime="20230703 18:02:46.210"/>
</kw>
<kw name="Wait Until Visible" library="common">
<arg>//a[contains(@class, 'dropdown-item') and contains(text(), '${hotel}')]</arg>
<doc>An easier keyword for waiting until an element is visible</doc>
<kw name="Wait For Elements State" library="Browser">
<arg>${element}</arg>
<arg>visible</arg>
<arg>timeout=${timeout}</arg>
<tag>PageContent</tag>
<tag>Wait</tag>
<doc>Waits for the element found by ``selector`` to satisfy state option.</doc>
<msg timestamp="20230703 18:02:46.244" level="INFO">Waited for Element with selector //a[contains(@class, 'dropdown-item') and contains(text(), 'Helsinki, Lönnrotinkatu')] at state visible</msg>
<status status="PASS" starttime="20230703 18:02:46.211" endtime="20230703 18:02:46.244"/>
</kw>
<status status="PASS" starttime="20230703 18:02:46.211" endtime="20230703 18:02:46.244"/>
</kw>
<kw name="Click" library="Browser">
<arg>//a[contains(@class, 'dropdown-item') and contains(text(), '${hotel}')]</arg>
<tag>PageContent</tag>
<tag>Setter</tag>
<doc>Simulates mouse click on the element found by ``selector``.</doc>
<status status="PASS" starttime="20230703 18:02:46.245" endtime="20230703 18:02:46.554"/>
</kw>
<kw name="Wait For Elements State" library="Browser">
<arg>//a[contains(@class, 'dropdown-item') and contains(text(), '${hotel}')]</arg>
<arg>hidden</arg>
<arg>timeout=3s</arg>
<tag>PageContent</tag>
<tag>Wait</tag>
<doc>Waits for the element found by ``selector`` to satisfy state option.</doc>
<msg timestamp="20230703 18:02:46.677" level="INFO">Waited for Element with selector //a[contains(@class, 'dropdown-item') and contains(text(), 'Helsinki, Lönnrotinkatu')] at state hidden</msg>
<status status="PASS" starttime="20230703 18:02:46.555" endtime="20230703 18:02:46.678"/>
</kw>
<status status="PASS" starttime="20230703 18:02:45.877" endtime="20230703 18:02:46.678"/>
</branch>
<status status="PASS" starttime="20230703 18:02:45.869" endtime="20230703 18:02:46.678"/>
</if>
<status status="PASS" starttime="20230703 18:02:45.864" endtime="20230703 18:02:46.678"/>
</kw>
<kw name="Select Dates" library="booking">
<kw name="Log" library="BuiltIn">
<arg>Skipping date selection for now</arg>
<doc>Logs the given message with the given level.</doc>
<msg timestamp="20230703 18:02:46.680" level="INFO">Skipping date selection for now</msg>
<status status="PASS" starttime="20230703 18:02:46.679" endtime="20230703 18:02:46.680"/>
</kw>
<status status="PASS" starttime="20230703 18:02:46.679" endtime="20230703 18:02:46.680"/>
</kw>
<kw name="Select Guests" library="booking">
<doc>Selects the number of guests for the booking, current implementation will only check the dropdown</doc>
<kw name="Log To Console" library="BuiltIn">
<arg>Not yet implemented</arg>
<doc>Logs the given message to the console.</doc>
<status status="PASS" starttime="20230703 18:02:46.681" endtime="20230703 18:02:46.682"/>
</kw>
<status status="PASS" starttime="20230703 18:02:46.680" endtime="20230703 18:02:46.682"/>
</kw>
<kw name="Click Book Button" library="booking">
<kw name="Click" library="Browser">
<arg>//div[@data-nelson-btn='book']</arg>
<tag>PageContent</tag>
<tag>Setter</tag>
<doc>Simulates mouse click on the element found by ``selector``.</doc>
<status status="PASS" starttime="20230703 18:02:46.684" endtime="20230703 18:02:47.567"/>
</kw>
<status status="PASS" starttime="20230703 18:02:46.683" endtime="20230703 18:02:47.567"/>
</kw>
<kw name="Select a Standard Room" library="booking">
<kw name="Wait Until Visible" library="common">
<arg>${btnExtras}</arg>
<doc>An easier keyword for waiting until an element is visible</doc>
<kw name="Wait For Elements State" library="Browser">
<arg>${element}</arg>
<arg>visible</arg>
<arg>timeout=${timeout}</arg>
<tag>PageContent</tag>
<tag>Wait</tag>
<doc>Waits for the element found by ``selector`` to satisfy state option.</doc>
<msg timestamp="20230703 18:02:50.836" level="INFO">Waited for Element with selector (//div[contains(@view,"booking")]//button[contains(text(), "Continue to extras")])[1] at state visible</msg>
<status status="PASS" starttime="20230703 18:02:47.569" endtime="20230703 18:02:50.836"/>
</kw>
<status status="PASS" starttime="20230703 18:02:47.568" endtime="20230703 18:02:50.837"/>
</kw>
<kw name="Get Element States" library="Browser">
<var>${visible}</var>
<arg>//div[contains(text(), 'Select room')]</arg>
<arg>then</arg>
<arg>bool(value &amp; visible)</arg>
<tag>Assertion</tag>
<tag>Getter</tag>
<tag>PageContent</tag>
<doc>Get the active states from the element found by ``selector``.</doc>
<msg timestamp="20230703 18:02:51.093" level="INFO">${visible} = False</msg>
<status status="PASS" starttime="20230703 18:02:50.837" endtime="20230703 18:02:51.093"/>
</kw>
<kw name="Run Keyword If" library="BuiltIn">
<arg>${visible}</arg>
<arg>Select Standard and Remove Other Room Selection</arg>
<doc>Runs the given keyword with the given arguments, if ``condition`` is true.</doc>
<status status="PASS" starttime="20230703 18:02:51.094" endtime="20230703 18:02:51.094"/>
</kw>
<status status="PASS" starttime="20230703 18:02:47.568" endtime="20230703 18:02:51.095"/>
</kw>
<kw name="Click Continue to Extras Button" library="booking">
<doc>Clicks the continue to extras button</doc>
<kw name="Click" library="Browser">
<arg>${btnExtras}</arg>
<tag>PageContent</tag>
<tag>Setter</tag>
<doc>Simulates mouse click on the element found by ``selector``.</doc>
<msg timestamp="20230703 18:04:21.275" level="INFO" html="true">&lt;/td&gt;&lt;/tr&gt;&lt;tr&gt;&lt;td colspan="3"&gt;&lt;a href="browser/screenshot/fail-screenshot-2.png" target="_blank"&gt;&lt;img src="browser/screenshot/fail-screenshot-2.png" width="800px"/&gt;&lt;/a&gt;</msg>
<msg timestamp="20230703 18:04:21.276" level="INFO">See also file:///home/runner/work/nelson-test-automation/nelson-test-automation/reports/test3/pabot_results/2/playwright-log.txt for additional details.</msg>
<msg timestamp="20230703 18:04:21.276" level="FAIL">TimeoutError: locator.click: Timeout 90000ms exceeded.
=========================== logs ===========================
waiting for locator('xpath=(//div[contains(@view,"booking")]//button[contains(text(), "Continue to extras")])[1]')
  locator resolved to &lt;button disabled type="button" class="chakra-button css-…&gt;Continue to extras&lt;/button&gt;
attempting click action
  waiting for element to be visible, enabled and stable
    element is not enabled - waiting...
element was detached from the DOM, retrying
  locator resolved to &lt;button disabled type="button" class="chakra-button css-…&gt;Continue to extras&lt;/button&gt;
attempting click action
  waiting for element to be visible, enabled and stable
    element is not enabled - waiting...
element was detached from the DOM, retrying
  locator resolved to &lt;button disabled type="button" class="chakra-button css-…&gt;Continue to extras&lt;/button&gt;
attempting click action
  waiting for element to be visible, enabled and stable
    element is not enabled - waiting...
element was detached from the DOM, retrying
  locator resolved to &lt;button disabled type="button" class="chakra-button css-…&gt;Continue to extras&lt;/button&gt;
attempting click action
  waiting for element to be visible, enabled and stable
    element is not enabled - waiting...
============================================================
Tip: Use "Set Browser Timeout" for increasing the timeout or double check your locator as the targeted element(s) couldn't be found.</msg>
<status status="FAIL" starttime="20230703 18:02:51.095" endtime="20230703 18:04:21.277"/>
</kw>
<kw name="Wait Until Visible" library="common">
<arg>${btnPayment}</arg>
<doc>An easier keyword for waiting until an element is visible</doc>
<status status="NOT RUN" starttime="20230703 18:04:21.277" endtime="20230703 18:04:21.277"/>
</kw>
<status status="FAIL" starttime="20230703 18:02:51.095" endtime="20230703 18:04:21.278"/>
</kw>
<kw name="Click Continue to Payment" library="booking">
<status status="NOT RUN" starttime="20230703 18:04:21.279" endtime="20230703 18:04:21.279"/>
</kw>
<kw name="Check Regular Rate 2" library="booking">
<status status="NOT RUN" starttime="20230703 18:04:21.279" endtime="20230703 18:04:21.279"/>
</kw>
<kw name="Fill in Contact Information 1" library="booking">
<status status="NOT RUN" starttime="20230703 18:04:21.279" endtime="20230703 18:04:21.279"/>
</kw>
<kw name="Accept offers and Terms" library="booking">
<status status="NOT RUN" starttime="20230703 18:04:21.279" endtime="20230703 18:04:21.280"/>
</kw>
<kw name="Select Web Bank and Nordea as Payment Method" library="booking">
<status status="NOT RUN" starttime="20230703 18:04:21.280" endtime="20230703 18:04:21.280"/>
</kw>
<kw name="Complete Payment Successfully" library="booking">
<status status="NOT RUN" starttime="20230703 18:04:21.281" endtime="20230703 18:04:21.281"/>
</kw>
<status status="FAIL" starttime="20230703 18:02:45.864" endtime="20230703 18:04:21.284"/>
</kw>
<kw name="Click Check In Button" library="booking">
<status status="NOT RUN" starttime="20230703 18:04:21.284" endtime="20230703 18:04:21.284"/>
</kw>
<kw name="Click Someone else checkbox" library="booking">
<status status="NOT RUN" starttime="20230703 18:04:21.285" endtime="20230703 18:04:21.285"/>
</kw>
<kw name="Verify notification &quot;Before iniviting someone else to be the main guest in this room, you must fill in your own information&quot;" library="booking">
<status status="NOT RUN" starttime="20230703 18:04:21.285" endtime="20230703 18:04:21.285"/>
</kw>
<kw name="Close Browser" library="Browser" type="TEARDOWN">
<tag>BrowserControl</tag>
<tag>Setter</tag>
<doc>Closes the current browser.</doc>
<msg timestamp="20230703 18:04:21.862" level="INFO">Closed browser</msg>
<status status="PASS" starttime="20230703 18:04:21.286" endtime="20230703 18:04:21.862"/>
</kw>
<status status="FAIL" starttime="20230703 18:02:39.583" endtime="20230703 18:04:21.862">TimeoutError: locator.click: Timeout 90000ms exceeded.
=========================== logs ===========================
waiting for locator('xpath=(//div[contains(@view,"booking")]//button[contains(text(), "Continue to extras")])[1]')
  locator resolved to &lt;button disabled type="button" class="chakra-button css-…&gt;Continue to extras&lt;/button&gt;
attempting click action
  waiting for element to be visible, enabled and stable
    element is not enabled - waiting...
element was detached from the DOM, retrying
  locator resolved to &lt;button disabled type="button" class="chakra-button css-…&gt;Continue to extras&lt;/button&gt;
attempting click action
  waiting for element to be visible, enabled and stable
    element is not enabled - waiting...
element was detached from the DOM, retrying
  locator resolved to &lt;button disabled type="button" class="chakra-button css-…&gt;Continue to extras&lt;/button&gt;
attempting click action
  waiting for element to be visible, enabled and stable
    element is not enabled - waiting...
element was detached from the DOM, retrying
  locator resolved to &lt;button disabled type="button" class="chakra-button css-…&gt;Continue to extras&lt;/button&gt;
attempting click action
  waiting for element to be visible, enabled and stable
    element is not enabled - waiting...
============================================================
Tip: Use "Set Browser Timeout" for increasing the timeout or double check your locator as the targeted element(s) couldn't be found.</status>
</test>
<test id="s1-s1-s1-s1-s1-t3" name="Verify room name in Edit guest popup when marking someone else as a guest" line="23">
<kw name="Open Browser to Landing Page" library="common" type="SETUP">
<doc>A general startup keyword for opening a browser to the landing page.</doc>
<kw name="New Browser" library="Browser">
<arg>${browser}</arg>
<arg>${headless}</arg>
<arg>timeout=${timeout}</arg>
<tag>BrowserControl</tag>
<tag>Setter</tag>
<doc>Create a new playwright Browser with specified options.</doc>
<msg timestamp="20230703 18:04:21.871" level="INFO">{"browser": "firefox", "headless": true, "devtools": false, "handleSIGHUP": true, "handleSIGINT": true, "handleSIGTERM": true, "slowMo": 0.0, "timeout": 90000.0, "deprecated_pos_args": [], "tracesDir": "/home/runner/work/nelson-test-automation/nelson-test-automation/reports/test3/pabot_results/2/browser/traces/146a8be7-1917-48f8-b053-83954620d319"}</msg>
<msg timestamp="20230703 18:04:22.641" level="INFO">Successfully created browser with options: {"browser":"firefox","headless":true,"devtools":false,"handleSIGHUP":true,"handleSIGINT":true,"handleSIGTERM":true,"slowMo":0,"timeout":90000,"deprecated_pos_args":[],"tracesDir":"/home/runner/work/nelson-test-automation/nelson-test-automation/reports/test3/pabot_results/2/browser/traces/146a8be7-1917-48f8-b053-83954620d319"}</msg>
<status status="PASS" starttime="20230703 18:04:21.870" endtime="20230703 18:04:22.641"/>
</kw>
<kw name="Set Browser Timeout" library="Browser">
<arg>${timeout}</arg>
<tag>Config</tag>
<tag>Setter</tag>
<doc>Sets the timeout used by most input and getter keywords.</doc>
<status status="PASS" starttime="20230703 18:04:22.641" endtime="20230703 18:04:22.642"/>
</kw>
<kw name="New Context" library="Browser">
<tag>BrowserControl</tag>
<tag>Setter</tag>
<doc>Create a new BrowserContext with specified options.</doc>
<msg timestamp="20230703 18:04:22.647" level="INFO">{
  "acceptDownloads": true,
  "bypassCSP": false,
  "forcedColors": "none",
  "hideRfBrowser": false,
  "ignoreHTTPSErrors": false,
  "javaScriptEnabled": true,
  "offline": false,
  "reducedMotion": "no-preference",
  "viewport": {
    "width": 1280,
    "height": 720
  },
  "deprecated_pos_args": []
}</msg>
<msg timestamp="20230703 18:04:22.733" level="INFO">Successfully created context. </msg>
<msg timestamp="20230703 18:04:22.734" level="INFO">{'acceptDownloads': True, 'bypassCSP': False, 'forcedColors': 'none', 'hideRfBrowser': False, 'ignoreHTTPSErrors': False, 'javaScriptEnabled': True, 'offline': False, 'reducedMotion': 'no-preference', 'viewport': {'width': 1280, 'height': 720}, 'deprecated_pos_args': []}</msg>
<status status="PASS" starttime="20230703 18:04:22.642" endtime="20230703 18:04:22.734"/>
</kw>
<kw name="New Page" library="Browser">
<arg>${url}</arg>
<tag>BrowserControl</tag>
<tag>Setter</tag>
<doc>Open a new Page.</doc>
<msg timestamp="20230703 18:04:25.180" level="INFO">Successfully initialized new page object and opened url: https://test3.omenahotels.com/</msg>
<status status="PASS" starttime="20230703 18:04:22.735" endtime="20230703 18:04:25.180"/>
</kw>
<kw name="Wait Until Network Is Idle" library="Browser">
<tag>HTTP</tag>
<tag>Wait</tag>
<doc>Waits until there has been at least one instance of 500 ms of no network traffic on the page after loading.</doc>
<status status="PASS" starttime="20230703 18:04:25.181" endtime="20230703 18:04:26.254"/>
</kw>
<kw name="Allow Cookies" library="common">
<doc>Allow Cookies/Toggle Cookie allowance</doc>
<kw name="Is Element Found" library="common">
<var>${cookieModalVisible}</var>
<arg>id=CybotCookiebotDialogBodyLevelButtonLevelOptinAllowAll</arg>
<doc>A keyword that has a very complex way of figuring out whether an
element is found or not because I had trouble with the built-in keywords
Can be solved differently if you have a better idea</doc>
<kw name="Set Browser Timeout" library="Browser">
<arg>10s</arg>
<tag>Config</tag>
<tag>Setter</tag>
<doc>Sets the timeout used by most input and getter keywords.</doc>
<msg timestamp="20230703 18:04:26.258" level="INFO">Set timeout to: 10000</msg>
<status status="PASS" starttime="20230703 18:04:26.256" endtime="20230703 18:04:26.259"/>
</kw>
<try>
<branch type="TRY">
<kw name="Get Elements" library="Browser">
<var>${els}</var>
<arg>${selector}</arg>
<tag>Getter</tag>
<tag>PageContent</tag>
<doc>Returns a reference to Playwright [https://playwright.dev/docs/api/class-locator|Locator]
for all matched elements by ``selector``.</doc>
<msg timestamp="20230703 18:04:26.320" level="INFO">Found 1 Locators successfully.</msg>
<msg timestamp="20230703 18:04:26.321" level="INFO">${els} = ['element=f4c03451-da00-4a86-8918-ecd47d6ac18d']</msg>
<status status="PASS" starttime="20230703 18:04:26.259" endtime="20230703 18:04:26.321"/>
</kw>
<kw name="Get Length" library="BuiltIn">
<var>${count}</var>
<arg>${els}</arg>
<doc>Returns and logs the length of the given item as an integer.</doc>
<msg timestamp="20230703 18:04:26.321" level="INFO">Length is 1</msg>
<msg timestamp="20230703 18:04:26.322" level="INFO">${count} = 1</msg>
<status status="PASS" starttime="20230703 18:04:26.321" endtime="20230703 18:04:26.322"/>
</kw>
<if>
<branch type="IF" condition="${count} &gt; 0">
<kw name="Set Variable" library="BuiltIn">
<var>${visible}</var>
<arg>True</arg>
<doc>Returns the given values which can then be assigned to a variables.</doc>
<msg timestamp="20230703 18:04:26.323" level="INFO">${visible} = True</msg>
<status status="PASS" starttime="20230703 18:04:26.322" endtime="20230703 18:04:26.323"/>
</kw>
<status status="PASS" starttime="20230703 18:04:26.322" endtime="20230703 18:04:26.323"/>
</branch>
<branch type="ELSE">
<kw name="Set Variable" library="BuiltIn">
<var>${visible}</var>
<arg>False</arg>
<doc>Returns the given values which can then be assigned to a variables.</doc>
<status status="NOT RUN" starttime="20230703 18:04:26.323" endtime="20230703 18:04:26.323"/>
</kw>
<status status="NOT RUN" starttime="20230703 18:04:26.323" endtime="20230703 18:04:26.323"/>
</branch>
<status status="PASS" starttime="20230703 18:04:26.322" endtime="20230703 18:04:26.324"/>
</if>
<status status="PASS" starttime="20230703 18:04:26.259" endtime="20230703 18:04:26.324"/>
</branch>
<branch type="EXCEPT">
<kw name="Set Variable" library="BuiltIn">
<var>${visible}</var>
<arg>False</arg>
<doc>Returns the given values which can then be assigned to a variables.</doc>
<status status="NOT RUN" starttime="20230703 18:04:26.324" endtime="20230703 18:04:26.324"/>
</kw>
<status status="NOT RUN" starttime="20230703 18:04:26.324" endtime="20230703 18:04:26.324"/>
</branch>
<status status="PASS" starttime="20230703 18:04:26.259" endtime="20230703 18:04:26.325"/>
</try>
<kw name="Set Browser Timeout" library="Browser">
<arg>${timeout}</arg>
<tag>Config</tag>
<tag>Setter</tag>
<doc>Sets the timeout used by most input and getter keywords.</doc>
<msg timestamp="20230703 18:04:26.332" level="INFO">Set timeout to: 90000</msg>
<status status="PASS" starttime="20230703 18:04:26.325" endtime="20230703 18:04:26.332"/>
</kw>
<msg timestamp="20230703 18:04:26.333" level="INFO">${cookieModalVisible} = True</msg>
<status status="PASS" starttime="20230703 18:04:26.255" endtime="20230703 18:04:26.333"/>
</kw>
<if>
<branch type="IF" condition="${cookieModalVisible}">
<kw name="Click" library="Browser">
<arg>id=CybotCookiebotDialogBodyLevelButtonLevelOptinAllowAll</arg>
<tag>PageContent</tag>
<tag>Setter</tag>
<doc>Simulates mouse click on the element found by ``selector``.</doc>
<status status="PASS" starttime="20230703 18:04:26.333" endtime="20230703 18:04:26.449"/>
</kw>
<status status="PASS" starttime="20230703 18:04:26.333" endtime="20230703 18:04:26.449"/>
</branch>
<branch type="ELSE">
<kw name="Log" library="BuiltIn">
<arg>No Cookie Modal Visible</arg>
<doc>Logs the given message with the given level.</doc>
<status status="NOT RUN" starttime="20230703 18:04:26.450" endtime="20230703 18:04:26.450"/>
</kw>
<status status="NOT RUN" starttime="20230703 18:04:26.449" endtime="20230703 18:04:26.450"/>
</branch>
<status status="PASS" starttime="20230703 18:04:26.333" endtime="20230703 18:04:26.452"/>
</if>
<status status="PASS" starttime="20230703 18:04:26.255" endtime="20230703 18:04:26.452"/>
</kw>
<kw name="Set Environment" library="common">
<kw name="Get Url" library="Browser">
<var>${currentUrl}</var>
<tag>Assertion</tag>
<tag>Getter</tag>
<tag>PageContent</tag>
<doc>Returns the current URL.</doc>
<msg timestamp="20230703 18:04:26.458" level="INFO">${currentUrl} = https://test3.omenahotels.com/en/</msg>
<status status="PASS" starttime="20230703 18:04:26.455" endtime="20230703 18:04:26.458"/>
</kw>
<kw name="Get Environment From Url" library="Helpers">
<var>${env}</var>
<arg>${currentUrl}</arg>
<msg timestamp="20230703 18:04:26.462" level="INFO">${env} = test-omena</msg>
<status status="PASS" starttime="20230703 18:04:26.461" endtime="20230703 18:04:26.462"/>
</kw>
<kw name="Set Variable" library="BuiltIn">
<arg>${environment}</arg>
<arg>${env}</arg>
<doc>Returns the given values which can then be assigned to a variables.</doc>
<status status="PASS" starttime="20230703 18:04:26.462" endtime="20230703 18:04:26.462"/>
</kw>
<status status="PASS" starttime="20230703 18:04:26.454" endtime="20230703 18:04:26.463"/>
</kw>
<status status="PASS" starttime="20230703 18:04:21.868" endtime="20230703 18:04:26.463"/>
</kw>
<kw name="Booker just completed payment for a reservation" library="booking">
<kw name="Select Hotel" library="booking">
<arg>Helsinki, Lönnrotinkatu</arg>
<doc>Select Hotel by using a number as an argument, default Lönnrotinkatu</doc>
<if>
<branch type="IF" condition="&quot;${environment}&quot; == &quot;test-exhibition&quot;">
<kw name="Log" library="BuiltIn">
<arg>No hotel to be selected</arg>
<doc>Logs the given message with the given level.</doc>
<status status="NOT RUN" starttime="20230703 18:04:26.465" endtime="20230703 18:04:26.465"/>
</kw>
<status status="NOT RUN" starttime="20230703 18:04:26.464" endtime="20230703 18:04:26.465"/>
</branch>
<branch type="ELSE">
<kw name="Log" library="BuiltIn">
<arg>Selecting Hotel: ${hotel}</arg>
<doc>Logs the given message with the given level.</doc>
<msg timestamp="20230703 18:04:26.466" level="INFO">Selecting Hotel: Helsinki, Lönnrotinkatu</msg>
<status status="PASS" starttime="20230703 18:04:26.465" endtime="20230703 18:04:26.466"/>
</kw>
<kw name="Click" library="Browser">
<arg>//div[contains(@data-nelson-btn, "hotels")]</arg>
<tag>PageContent</tag>
<tag>Setter</tag>
<doc>Simulates mouse click on the element found by ``selector``.</doc>
<status status="PASS" starttime="20230703 18:04:26.466" endtime="20230703 18:04:26.571"/>
</kw>
<kw name="Wait Until Visible" library="common">
<arg>//a[contains(@class, 'dropdown-item') and contains(text(), '${hotel}')]</arg>
<doc>An easier keyword for waiting until an element is visible</doc>
<kw name="Wait For Elements State" library="Browser">
<arg>${element}</arg>
<arg>visible</arg>
<arg>timeout=${timeout}</arg>
<tag>PageContent</tag>
<tag>Wait</tag>
<doc>Waits for the element found by ``selector`` to satisfy state option.</doc>
<msg timestamp="20230703 18:04:26.744" level="INFO">Waited for Element with selector //a[contains(@class, 'dropdown-item') and contains(text(), 'Helsinki, Lönnrotinkatu')] at state visible</msg>
<status status="PASS" starttime="20230703 18:04:26.572" endtime="20230703 18:04:26.744"/>
</kw>
<status status="PASS" starttime="20230703 18:04:26.571" endtime="20230703 18:04:26.744"/>
</kw>
<kw name="Click" library="Browser">
<arg>//a[contains(@class, 'dropdown-item') and contains(text(), '${hotel}')]</arg>
<tag>PageContent</tag>
<tag>Setter</tag>
<doc>Simulates mouse click on the element found by ``selector``.</doc>
<status status="PASS" starttime="20230703 18:04:26.745" endtime="20230703 18:04:28.135"/>
</kw>
<kw name="Wait For Elements State" library="Browser">
<arg>//a[contains(@class, 'dropdown-item') and contains(text(), '${hotel}')]</arg>
<arg>hidden</arg>
<arg>timeout=3s</arg>
<tag>PageContent</tag>
<tag>Wait</tag>
<doc>Waits for the element found by ``selector`` to satisfy state option.</doc>
<msg timestamp="20230703 18:04:28.425" level="INFO">Waited for Element with selector //a[contains(@class, 'dropdown-item') and contains(text(), 'Helsinki, Lönnrotinkatu')] at state hidden</msg>
<status status="PASS" starttime="20230703 18:04:28.136" endtime="20230703 18:04:28.425"/>
</kw>
<status status="PASS" starttime="20230703 18:04:26.465" endtime="20230703 18:04:28.426"/>
</branch>
<status status="PASS" starttime="20230703 18:04:26.464" endtime="20230703 18:04:28.426"/>
</if>
<status status="PASS" starttime="20230703 18:04:26.464" endtime="20230703 18:04:28.426"/>
</kw>
<kw name="Select Dates" library="booking">
<kw name="Log" library="BuiltIn">
<arg>Skipping date selection for now</arg>
<doc>Logs the given message with the given level.</doc>
<msg timestamp="20230703 18:04:28.427" level="INFO">Skipping date selection for now</msg>
<status status="PASS" starttime="20230703 18:04:28.427" endtime="20230703 18:04:28.428"/>
</kw>
<status status="PASS" starttime="20230703 18:04:28.427" endtime="20230703 18:04:28.428"/>
</kw>
<kw name="Select Guests" library="booking">
<doc>Selects the number of guests for the booking, current implementation will only check the dropdown</doc>
<kw name="Log To Console" library="BuiltIn">
<arg>Not yet implemented</arg>
<doc>Logs the given message to the console.</doc>
<status status="PASS" starttime="20230703 18:04:28.435" endtime="20230703 18:04:28.435"/>
</kw>
<status status="PASS" starttime="20230703 18:04:28.434" endtime="20230703 18:04:28.435"/>
</kw>
<kw name="Click Book Button" library="booking">
<kw name="Click" library="Browser">
<arg>//div[@data-nelson-btn='book']</arg>
<tag>PageContent</tag>
<tag>Setter</tag>
<doc>Simulates mouse click on the element found by ``selector``.</doc>
<status status="PASS" starttime="20230703 18:04:28.439" endtime="20230703 18:04:29.210"/>
</kw>
<status status="PASS" starttime="20230703 18:04:28.436" endtime="20230703 18:04:29.210"/>
</kw>
<kw name="Select a Standard Room" library="booking">
<kw name="Wait Until Visible" library="common">
<arg>${btnExtras}</arg>
<doc>An easier keyword for waiting until an element is visible</doc>
<kw name="Wait For Elements State" library="Browser">
<arg>${element}</arg>
<arg>visible</arg>
<arg>timeout=${timeout}</arg>
<tag>PageContent</tag>
<tag>Wait</tag>
<doc>Waits for the element found by ``selector`` to satisfy state option.</doc>
<msg timestamp="20230703 18:04:33.773" level="INFO">Waited for Element with selector (//div[contains(@view,"booking")]//button[contains(text(), "Continue to extras")])[1] at state visible</msg>
<status status="PASS" starttime="20230703 18:04:29.212" endtime="20230703 18:04:33.773"/>
</kw>
<status status="PASS" starttime="20230703 18:04:29.211" endtime="20230703 18:04:33.774"/>
</kw>
<kw name="Get Element States" library="Browser">
<var>${visible}</var>
<arg>//div[contains(text(), 'Select room')]</arg>
<arg>then</arg>
<arg>bool(value &amp; visible)</arg>
<tag>Assertion</tag>
<tag>Getter</tag>
<tag>PageContent</tag>
<doc>Get the active states from the element found by ``selector``.</doc>
<msg timestamp="20230703 18:04:34.028" level="INFO">${visible} = False</msg>
<status status="PASS" starttime="20230703 18:04:33.774" endtime="20230703 18:04:34.028"/>
</kw>
<kw name="Run Keyword If" library="BuiltIn">
<arg>${visible}</arg>
<arg>Select Standard and Remove Other Room Selection</arg>
<doc>Runs the given keyword with the given arguments, if ``condition`` is true.</doc>
<status status="PASS" starttime="20230703 18:04:34.028" endtime="20230703 18:04:34.029"/>
</kw>
<status status="PASS" starttime="20230703 18:04:29.211" endtime="20230703 18:04:34.029"/>
</kw>
<kw name="Click Continue to Extras Button" library="booking">
<doc>Clicks the continue to extras button</doc>
<kw name="Click" library="Browser">
<arg>${btnExtras}</arg>
<tag>PageContent</tag>
<tag>Setter</tag>
<doc>Simulates mouse click on the element found by ``selector``.</doc>
<msg timestamp="20230703 18:06:04.237" level="INFO" html="true">&lt;/td&gt;&lt;/tr&gt;&lt;tr&gt;&lt;td colspan="3"&gt;&lt;a href="browser/screenshot/fail-screenshot-3.png" target="_blank"&gt;&lt;img src="browser/screenshot/fail-screenshot-3.png" width="800px"/&gt;&lt;/a&gt;</msg>
<msg timestamp="20230703 18:06:04.237" level="INFO">See also file:///home/runner/work/nelson-test-automation/nelson-test-automation/reports/test3/pabot_results/2/playwright-log.txt for additional details.</msg>
<msg timestamp="20230703 18:06:04.238" level="FAIL">TimeoutError: locator.click: Timeout 90000ms exceeded.
=========================== logs ===========================
waiting for locator('xpath=(//div[contains(@view,"booking")]//button[contains(text(), "Continue to extras")])[1]')
  locator resolved to &lt;button disabled type="button" class="chakra-button css-…&gt;Continue to extras&lt;/button&gt;
attempting click action
  waiting for element to be visible, enabled and stable
    element is not enabled - waiting...
element was detached from the DOM, retrying
  locator resolved to &lt;button disabled type="button" class="chakra-button css-…&gt;Continue to extras&lt;/button&gt;
attempting click action
  waiting for element to be visible, enabled and stable
element was detached from the DOM, retrying
  locator resolved to &lt;button disabled type="button" class="chakra-button css-…&gt;Continue to extras&lt;/button&gt;
attempting click action
  waiting for element to be visible, enabled and stable
element was detached from the DOM, retrying
  locator resolved to &lt;button disabled type="button" class="chakra-button css-…&gt;Continue to extras&lt;/button&gt;
attempting click action
  waiting for element to be visible, enabled and stable
    element is not enabled - waiting...
============================================================
Tip: Use "Set Browser Timeout" for increasing the timeout or double check your locator as the targeted element(s) couldn't be found.</msg>
<status status="FAIL" starttime="20230703 18:04:34.030" endtime="20230703 18:06:04.238"/>
</kw>
<kw name="Wait Until Visible" library="common">
<arg>${btnPayment}</arg>
<doc>An easier keyword for waiting until an element is visible</doc>
<status status="NOT RUN" starttime="20230703 18:06:04.239" endtime="20230703 18:06:04.239"/>
</kw>
<status status="FAIL" starttime="20230703 18:04:34.029" endtime="20230703 18:06:04.240"/>
</kw>
<kw name="Click Continue to Payment" library="booking">
<status status="NOT RUN" starttime="20230703 18:06:04.240" endtime="20230703 18:06:04.240"/>
</kw>
<kw name="Check Regular Rate 2" library="booking">
<status status="NOT RUN" starttime="20230703 18:06:04.240" endtime="20230703 18:06:04.241"/>
</kw>
<kw name="Fill in Contact Information 1" library="booking">
<status status="NOT RUN" starttime="20230703 18:06:04.241" endtime="20230703 18:06:04.241"/>
</kw>
<kw name="Accept offers and Terms" library="booking">
<status status="NOT RUN" starttime="20230703 18:06:04.241" endtime="20230703 18:06:04.241"/>
</kw>
<kw name="Select Web Bank and Nordea as Payment Method" library="booking">
<status status="NOT RUN" starttime="20230703 18:06:04.241" endtime="20230703 18:06:04.242"/>
</kw>
<kw name="Complete Payment Successfully" library="booking">
<status status="NOT RUN" starttime="20230703 18:06:04.242" endtime="20230703 18:06:04.242"/>
</kw>
<status status="FAIL" starttime="20230703 18:04:26.463" endtime="20230703 18:06:04.243"/>
</kw>
<kw name="Click Check In Button" library="booking">
<status status="NOT RUN" starttime="20230703 18:06:04.243" endtime="20230703 18:06:04.243"/>
</kw>
<kw name="Click Someone else checkbox" library="booking">
<status status="NOT RUN" starttime="20230703 18:06:04.243" endtime="20230703 18:06:04.243"/>
</kw>
<kw name="Room name is removed" library="booking">
<status status="NOT RUN" starttime="20230703 18:06:04.244" endtime="20230703 18:06:04.244"/>
</kw>
<kw name="Close Browser" library="Browser" type="TEARDOWN">
<tag>BrowserControl</tag>
<tag>Setter</tag>
<doc>Closes the current browser.</doc>
<msg timestamp="20230703 18:06:05.014" level="INFO">Closed browser</msg>
<status status="PASS" starttime="20230703 18:06:04.244" endtime="20230703 18:06:05.015"/>
</kw>
<status status="FAIL" starttime="20230703 18:04:21.867" endtime="20230703 18:06:05.015">TimeoutError: locator.click: Timeout 90000ms exceeded.
=========================== logs ===========================
waiting for locator('xpath=(//div[contains(@view,"booking")]//button[contains(text(), "Continue to extras")])[1]')
  locator resolved to &lt;button disabled type="button" class="chakra-button css-…&gt;Continue to extras&lt;/button&gt;
attempting click action
  waiting for element to be visible, enabled and stable
    element is not enabled - waiting...
element was detached from the DOM, retrying
  locator resolved to &lt;button disabled type="button" class="chakra-button css-…&gt;Continue to extras&lt;/button&gt;
attempting click action
  waiting for element to be visible, enabled and stable
element was detached from the DOM, retrying
  locator resolved to &lt;button disabled type="button" class="chakra-button css-…&gt;Continue to extras&lt;/button&gt;
attempting click action
  waiting for element to be visible, enabled and stable
element was detached from the DOM, retrying
  locator resolved to &lt;button disabled type="button" class="chakra-button css-…&gt;Continue to extras&lt;/button&gt;
attempting click action
  waiting for element to be visible, enabled and stable
    element is not enabled - waiting...
============================================================
Tip: Use "Set Browser Timeout" for increasing the timeout or double check your locator as the targeted element(s) couldn't be found.</status>
</test>
<test id="s1-s1-s1-s1-s1-t4" name="Verify Purpose of trip checkbox in Edit guest popup when marking someone else as a guest" line="29">
<kw name="Open Browser to Landing Page" library="common" type="SETUP">
<doc>A general startup keyword for opening a browser to the landing page.</doc>
<kw name="New Browser" library="Browser">
<arg>${browser}</arg>
<arg>${headless}</arg>
<arg>timeout=${timeout}</arg>
<tag>BrowserControl</tag>
<tag>Setter</tag>
<doc>Create a new playwright Browser with specified options.</doc>
<msg timestamp="20230703 18:06:05.024" level="INFO">{"browser": "firefox", "headless": true, "devtools": false, "handleSIGHUP": true, "handleSIGINT": true, "handleSIGTERM": true, "slowMo": 0.0, "timeout": 90000.0, "deprecated_pos_args": [], "tracesDir": "/home/runner/work/nelson-test-automation/nelson-test-automation/reports/test3/pabot_results/2/browser/traces/5b0178fc-c4ce-4e91-905c-ac195b98f5c4"}</msg>
<msg timestamp="20230703 18:06:06.036" level="INFO">Successfully created browser with options: {"browser":"firefox","headless":true,"devtools":false,"handleSIGHUP":true,"handleSIGINT":true,"handleSIGTERM":true,"slowMo":0,"timeout":90000,"deprecated_pos_args":[],"tracesDir":"/home/runner/work/nelson-test-automation/nelson-test-automation/reports/test3/pabot_results/2/browser/traces/5b0178fc-c4ce-4e91-905c-ac195b98f5c4"}</msg>
<status status="PASS" starttime="20230703 18:06:05.021" endtime="20230703 18:06:06.036"/>
</kw>
<kw name="Set Browser Timeout" library="Browser">
<arg>${timeout}</arg>
<tag>Config</tag>
<tag>Setter</tag>
<doc>Sets the timeout used by most input and getter keywords.</doc>
<status status="PASS" starttime="20230703 18:06:06.037" endtime="20230703 18:06:06.037"/>
</kw>
<kw name="New Context" library="Browser">
<tag>BrowserControl</tag>
<tag>Setter</tag>
<doc>Create a new BrowserContext with specified options.</doc>
<msg timestamp="20230703 18:06:06.038" level="INFO">{
  "acceptDownloads": true,
  "bypassCSP": false,
  "forcedColors": "none",
  "hideRfBrowser": false,
  "ignoreHTTPSErrors": false,
  "javaScriptEnabled": true,
  "offline": false,
  "reducedMotion": "no-preference",
  "viewport": {
    "width": 1280,
    "height": 720
  },
  "deprecated_pos_args": []
}</msg>
<msg timestamp="20230703 18:06:06.104" level="INFO">Successfully created context. </msg>
<msg timestamp="20230703 18:06:06.104" level="INFO">{'acceptDownloads': True, 'bypassCSP': False, 'forcedColors': 'none', 'hideRfBrowser': False, 'ignoreHTTPSErrors': False, 'javaScriptEnabled': True, 'offline': False, 'reducedMotion': 'no-preference', 'viewport': {'width': 1280, 'height': 720}, 'deprecated_pos_args': []}</msg>
<status status="PASS" starttime="20230703 18:06:06.037" endtime="20230703 18:06:06.104"/>
</kw>
<kw name="New Page" library="Browser">
<arg>${url}</arg>
<tag>BrowserControl</tag>
<tag>Setter</tag>
<doc>Open a new Page.</doc>
<msg timestamp="20230703 18:06:09.068" level="INFO">Successfully initialized new page object and opened url: https://test3.omenahotels.com/</msg>
<status status="PASS" starttime="20230703 18:06:06.105" endtime="20230703 18:06:09.069"/>
</kw>
<kw name="Wait Until Network Is Idle" library="Browser">
<tag>HTTP</tag>
<tag>Wait</tag>
<doc>Waits until there has been at least one instance of 500 ms of no network traffic on the page after loading.</doc>
<status status="PASS" starttime="20230703 18:06:09.069" endtime="20230703 18:06:10.264"/>
</kw>
<kw name="Allow Cookies" library="common">
<doc>Allow Cookies/Toggle Cookie allowance</doc>
<kw name="Is Element Found" library="common">
<var>${cookieModalVisible}</var>
<arg>id=CybotCookiebotDialogBodyLevelButtonLevelOptinAllowAll</arg>
<doc>A keyword that has a very complex way of figuring out whether an
element is found or not because I had trouble with the built-in keywords
Can be solved differently if you have a better idea</doc>
<kw name="Set Browser Timeout" library="Browser">
<arg>10s</arg>
<tag>Config</tag>
<tag>Setter</tag>
<doc>Sets the timeout used by most input and getter keywords.</doc>
<msg timestamp="20230703 18:06:10.272" level="INFO">Set timeout to: 10000</msg>
<status status="PASS" starttime="20230703 18:06:10.266" endtime="20230703 18:06:10.273"/>
</kw>
<try>
<branch type="TRY">
<kw name="Get Elements" library="Browser">
<var>${els}</var>
<arg>${selector}</arg>
<tag>Getter</tag>
<tag>PageContent</tag>
<doc>Returns a reference to Playwright [https://playwright.dev/docs/api/class-locator|Locator]
for all matched elements by ``selector``.</doc>
<msg timestamp="20230703 18:06:10.336" level="INFO">Found 1 Locators successfully.</msg>
<msg timestamp="20230703 18:06:10.337" level="INFO">${els} = ['element=57a9bc11-fec2-41bd-b51c-9deee2a56a48']</msg>
<status status="PASS" starttime="20230703 18:06:10.275" endtime="20230703 18:06:10.337"/>
</kw>
<kw name="Get Length" library="BuiltIn">
<var>${count}</var>
<arg>${els}</arg>
<doc>Returns and logs the length of the given item as an integer.</doc>
<msg timestamp="20230703 18:06:10.338" level="INFO">Length is 1</msg>
<msg timestamp="20230703 18:06:10.338" level="INFO">${count} = 1</msg>
<status status="PASS" starttime="20230703 18:06:10.337" endtime="20230703 18:06:10.338"/>
</kw>
<if>
<branch type="IF" condition="${count} &gt; 0">
<kw name="Set Variable" library="BuiltIn">
<var>${visible}</var>
<arg>True</arg>
<doc>Returns the given values which can then be assigned to a variables.</doc>
<msg timestamp="20230703 18:06:10.339" level="INFO">${visible} = True</msg>
<status status="PASS" starttime="20230703 18:06:10.339" endtime="20230703 18:06:10.339"/>
</kw>
<status status="PASS" starttime="20230703 18:06:10.338" endtime="20230703 18:06:10.339"/>
</branch>
<branch type="ELSE">
<kw name="Set Variable" library="BuiltIn">
<var>${visible}</var>
<arg>False</arg>
<doc>Returns the given values which can then be assigned to a variables.</doc>
<status status="NOT RUN" starttime="20230703 18:06:10.339" endtime="20230703 18:06:10.340"/>
</kw>
<status status="NOT RUN" starttime="20230703 18:06:10.339" endtime="20230703 18:06:10.340"/>
</branch>
<status status="PASS" starttime="20230703 18:06:10.338" endtime="20230703 18:06:10.340"/>
</if>
<status status="PASS" starttime="20230703 18:06:10.274" endtime="20230703 18:06:10.340"/>
</branch>
<branch type="EXCEPT">
<kw name="Set Variable" library="BuiltIn">
<var>${visible}</var>
<arg>False</arg>
<doc>Returns the given values which can then be assigned to a variables.</doc>
<status status="NOT RUN" starttime="20230703 18:06:10.340" endtime="20230703 18:06:10.340"/>
</kw>
<status status="NOT RUN" starttime="20230703 18:06:10.340" endtime="20230703 18:06:10.341"/>
</branch>
<status status="PASS" starttime="20230703 18:06:10.274" endtime="20230703 18:06:10.341"/>
</try>
<kw name="Set Browser Timeout" library="Browser">
<arg>${timeout}</arg>
<tag>Config</tag>
<tag>Setter</tag>
<doc>Sets the timeout used by most input and getter keywords.</doc>
<msg timestamp="20230703 18:06:10.346" level="INFO">Set timeout to: 90000</msg>
<status status="PASS" starttime="20230703 18:06:10.341" endtime="20230703 18:06:10.346"/>
</kw>
<msg timestamp="20230703 18:06:10.348" level="INFO">${cookieModalVisible} = True</msg>
<status status="PASS" starttime="20230703 18:06:10.266" endtime="20230703 18:06:10.349"/>
</kw>
<if>
<branch type="IF" condition="${cookieModalVisible}">
<kw name="Click" library="Browser">
<arg>id=CybotCookiebotDialogBodyLevelButtonLevelOptinAllowAll</arg>
<tag>PageContent</tag>
<tag>Setter</tag>
<doc>Simulates mouse click on the element found by ``selector``.</doc>
<status status="PASS" starttime="20230703 18:06:10.349" endtime="20230703 18:06:10.520"/>
</kw>
<status status="PASS" starttime="20230703 18:06:10.349" endtime="20230703 18:06:10.521"/>
</branch>
<branch type="ELSE">
<kw name="Log" library="BuiltIn">
<arg>No Cookie Modal Visible</arg>
<doc>Logs the given message with the given level.</doc>
<status status="NOT RUN" starttime="20230703 18:06:10.521" endtime="20230703 18:06:10.521"/>
</kw>
<status status="NOT RUN" starttime="20230703 18:06:10.521" endtime="20230703 18:06:10.521"/>
</branch>
<status status="PASS" starttime="20230703 18:06:10.349" endtime="20230703 18:06:10.522"/>
</if>
<status status="PASS" starttime="20230703 18:06:10.265" endtime="20230703 18:06:10.522"/>
</kw>
<kw name="Set Environment" library="common">
<kw name="Get Url" library="Browser">
<var>${currentUrl}</var>
<tag>Assertion</tag>
<tag>Getter</tag>
<tag>PageContent</tag>
<doc>Returns the current URL.</doc>
<msg timestamp="20230703 18:06:10.525" level="INFO">${currentUrl} = https://test3.omenahotels.com/en/</msg>
<status status="PASS" starttime="20230703 18:06:10.523" endtime="20230703 18:06:10.525"/>
</kw>
<kw name="Get Environment From Url" library="Helpers">
<var>${env}</var>
<arg>${currentUrl}</arg>
<msg timestamp="20230703 18:06:10.526" level="INFO">${env} = test-omena</msg>
<status status="PASS" starttime="20230703 18:06:10.526" endtime="20230703 18:06:10.526"/>
</kw>
<kw name="Set Variable" library="BuiltIn">
<arg>${environment}</arg>
<arg>${env}</arg>
<doc>Returns the given values which can then be assigned to a variables.</doc>
<status status="PASS" starttime="20230703 18:06:10.526" endtime="20230703 18:06:10.527"/>
</kw>
<status status="PASS" starttime="20230703 18:06:10.522" endtime="20230703 18:06:10.527"/>
</kw>
<status status="PASS" starttime="20230703 18:06:05.019" endtime="20230703 18:06:10.527"/>
</kw>
<kw name="Booker just completed payment for a reservation" library="booking">
<kw name="Select Hotel" library="booking">
<arg>Helsinki, Lönnrotinkatu</arg>
<doc>Select Hotel by using a number as an argument, default Lönnrotinkatu</doc>
<if>
<branch type="IF" condition="&quot;${environment}&quot; == &quot;test-exhibition&quot;">
<kw name="Log" library="BuiltIn">
<arg>No hotel to be selected</arg>
<doc>Logs the given message with the given level.</doc>
<status status="NOT RUN" starttime="20230703 18:06:10.529" endtime="20230703 18:06:10.529"/>
</kw>
<status status="NOT RUN" starttime="20230703 18:06:10.528" endtime="20230703 18:06:10.529"/>
</branch>
<branch type="ELSE">
<kw name="Log" library="BuiltIn">
<arg>Selecting Hotel: ${hotel}</arg>
<doc>Logs the given message with the given level.</doc>
<msg timestamp="20230703 18:06:10.530" level="INFO">Selecting Hotel: Helsinki, Lönnrotinkatu</msg>
<status status="PASS" starttime="20230703 18:06:10.529" endtime="20230703 18:06:10.530"/>
</kw>
<kw name="Click" library="Browser">
<arg>//div[contains(@data-nelson-btn, "hotels")]</arg>
<tag>PageContent</tag>
<tag>Setter</tag>
<doc>Simulates mouse click on the element found by ``selector``.</doc>
<status status="PASS" starttime="20230703 18:06:10.530" endtime="20230703 18:06:10.835"/>
</kw>
<kw name="Wait Until Visible" library="common">
<arg>//a[contains(@class, 'dropdown-item') and contains(text(), '${hotel}')]</arg>
<doc>An easier keyword for waiting until an element is visible</doc>
<kw name="Wait For Elements State" library="Browser">
<arg>${element}</arg>
<arg>visible</arg>
<arg>timeout=${timeout}</arg>
<tag>PageContent</tag>
<tag>Wait</tag>
<doc>Waits for the element found by ``selector`` to satisfy state option.</doc>
<msg timestamp="20230703 18:06:10.863" level="INFO">Waited for Element with selector //a[contains(@class, 'dropdown-item') and contains(text(), 'Helsinki, Lönnrotinkatu')] at state visible</msg>
<status status="PASS" starttime="20230703 18:06:10.837" endtime="20230703 18:06:10.864"/>
</kw>
<status status="PASS" starttime="20230703 18:06:10.836" endtime="20230703 18:06:10.864"/>
</kw>
<kw name="Click" library="Browser">
<arg>//a[contains(@class, 'dropdown-item') and contains(text(), '${hotel}')]</arg>
<tag>PageContent</tag>
<tag>Setter</tag>
<doc>Simulates mouse click on the element found by ``selector``.</doc>
<status status="PASS" starttime="20230703 18:06:10.864" endtime="20230703 18:06:11.166"/>
</kw>
<kw name="Wait For Elements State" library="Browser">
<arg>//a[contains(@class, 'dropdown-item') and contains(text(), '${hotel}')]</arg>
<arg>hidden</arg>
<arg>timeout=3s</arg>
<tag>PageContent</tag>
<tag>Wait</tag>
<doc>Waits for the element found by ``selector`` to satisfy state option.</doc>
<msg timestamp="20230703 18:06:11.257" level="INFO">Waited for Element with selector //a[contains(@class, 'dropdown-item') and contains(text(), 'Helsinki, Lönnrotinkatu')] at state hidden</msg>
<status status="PASS" starttime="20230703 18:06:11.166" endtime="20230703 18:06:11.258"/>
</kw>
<status status="PASS" starttime="20230703 18:06:10.529" endtime="20230703 18:06:11.258"/>
</branch>
<status status="PASS" starttime="20230703 18:06:10.528" endtime="20230703 18:06:11.258"/>
</if>
<status status="PASS" starttime="20230703 18:06:10.528" endtime="20230703 18:06:11.258"/>
</kw>
<kw name="Select Dates" library="booking">
<kw name="Log" library="BuiltIn">
<arg>Skipping date selection for now</arg>
<doc>Logs the given message with the given level.</doc>
<msg timestamp="20230703 18:06:11.260" level="INFO">Skipping date selection for now</msg>
[...]
</kw>
<status status="PASS" starttime="20230703 18:18:07.083" endtime="20230703 18:18:07.083"/>
</branch>
<branch type="ELSE">
<kw name="Set Variable" library="BuiltIn">
<var>${visible}</var>
<arg>False</arg>
<doc>Returns the given values which can then be assigned to a variables.</doc>
<status status="NOT RUN" starttime="20230703 18:18:07.084" endtime="20230703 18:18:07.084"/>
</kw>
<status status="NOT RUN" starttime="20230703 18:18:07.084" endtime="20230703 18:18:07.084"/>
</branch>
<status status="PASS" starttime="20230703 18:18:07.083" endtime="20230703 18:18:07.084"/>
</if>
<status status="PASS" starttime="20230703 18:18:07.036" endtime="20230703 18:18:07.084"/>
</branch>
<branch type="EXCEPT">
<kw name="Set Variable" library="BuiltIn">
<var>${visible}</var>
<arg>False</arg>
<doc>Returns the given values which can then be assigned to a variables.</doc>
<status status="NOT RUN" starttime="20230703 18:18:07.085" endtime="20230703 18:18:07.085"/>
</kw>
<status status="NOT RUN" starttime="20230703 18:18:07.085" endtime="20230703 18:18:07.085"/>
</branch>
<status status="PASS" starttime="20230703 18:18:07.036" endtime="20230703 18:18:07.085"/>
</try>
<kw name="Set Browser Timeout" library="Browser">
<arg>${timeout}</arg>
<tag>Config</tag>
<tag>Setter</tag>
<doc>Sets the timeout used by most input and getter keywords.</doc>
<msg timestamp="20230703 18:18:07.088" level="INFO">Set timeout to: 90000</msg>
<status status="PASS" starttime="20230703 18:18:07.085" endtime="20230703 18:18:07.088"/>
</kw>
<msg timestamp="20230703 18:18:07.089" level="INFO">${cookieModalVisible} = True</msg>
<status status="PASS" starttime="20230703 18:18:07.032" endtime="20230703 18:18:07.089"/>
</kw>
<if>
<branch type="IF" condition="${cookieModalVisible}">
<kw name="Click" library="Browser">
<arg>id=CybotCookiebotDialogBodyLevelButtonLevelOptinAllowAll</arg>
<tag>PageContent</tag>
<tag>Setter</tag>
<doc>Simulates mouse click on the element found by ``selector``.</doc>
<status status="PASS" starttime="20230703 18:18:07.089" endtime="20230703 18:18:07.165"/>
</kw>
<status status="PASS" starttime="20230703 18:18:07.089" endtime="20230703 18:18:07.165"/>
</branch>
<branch type="ELSE">
<kw name="Log" library="BuiltIn">
<arg>No Cookie Modal Visible</arg>
<doc>Logs the given message with the given level.</doc>
<status status="NOT RUN" starttime="20230703 18:18:07.166" endtime="20230703 18:18:07.166"/>
</kw>
<status status="NOT RUN" starttime="20230703 18:18:07.165" endtime="20230703 18:18:07.166"/>
</branch>
<status status="PASS" starttime="20230703 18:18:07.089" endtime="20230703 18:18:07.166"/>
</if>
<status status="PASS" starttime="20230703 18:18:07.031" endtime="20230703 18:18:07.166"/>
</kw>
<kw name="Set Environment" library="common">
<kw name="Get Url" library="Browser">
<var>${currentUrl}</var>
<tag>Assertion</tag>
<tag>Getter</tag>
<tag>PageContent</tag>
<doc>Returns the current URL.</doc>
<msg timestamp="20230703 18:18:07.169" level="INFO">${currentUrl} = https://test3.omenahotels.com/en/</msg>
<status status="PASS" starttime="20230703 18:18:07.167" endtime="20230703 18:18:07.169"/>
</kw>
<kw name="Get Environment From Url" library="Helpers">
<var>${env}</var>
<arg>${currentUrl}</arg>
<msg timestamp="20230703 18:18:07.170" level="INFO">${env} = test-omena</msg>
<status status="PASS" starttime="20230703 18:18:07.170" endtime="20230703 18:18:07.170"/>
</kw>
<kw name="Set Variable" library="BuiltIn">
<arg>${environment}</arg>
<arg>${env}</arg>
<doc>Returns the given values which can then be assigned to a variables.</doc>
<status status="PASS" starttime="20230703 18:18:07.170" endtime="20230703 18:18:07.171"/>
</kw>
<status status="PASS" starttime="20230703 18:18:07.167" endtime="20230703 18:18:07.171"/>
</kw>
<status status="PASS" starttime="20230703 18:18:03.131" endtime="20230703 18:18:07.171"/>
</kw>
<kw name="Booker just completed payment for a reservation" library="booking">
<kw name="Select Hotel" library="booking">
<arg>Helsinki, Lönnrotinkatu</arg>
<doc>Select Hotel by using a number as an argument, default Lönnrotinkatu</doc>
<if>
<branch type="IF" condition="&quot;${environment}&quot; == &quot;test-exhibition&quot;">
<kw name="Log" library="BuiltIn">
<arg>No hotel to be selected</arg>
<doc>Logs the given message with the given level.</doc>
<status status="NOT RUN" starttime="20230703 18:18:07.172" endtime="20230703 18:18:07.173"/>
</kw>
<status status="NOT RUN" starttime="20230703 18:18:07.172" endtime="20230703 18:18:07.173"/>
</branch>
<branch type="ELSE">
<kw name="Log" library="BuiltIn">
<arg>Selecting Hotel: ${hotel}</arg>
<doc>Logs the given message with the given level.</doc>
<msg timestamp="20230703 18:18:07.173" level="INFO">Selecting Hotel: Helsinki, Lönnrotinkatu</msg>
<status status="PASS" starttime="20230703 18:18:07.173" endtime="20230703 18:18:07.173"/>
</kw>
<kw name="Click" library="Browser">
<arg>//div[contains(@data-nelson-btn, "hotels")]</arg>
<tag>PageContent</tag>
<tag>Setter</tag>
<doc>Simulates mouse click on the element found by ``selector``.</doc>
<status status="PASS" starttime="20230703 18:18:07.174" endtime="20230703 18:18:07.329"/>
</kw>
<kw name="Wait Until Visible" library="common">
<arg>//a[contains(@class, 'dropdown-item') and contains(text(), '${hotel}')]</arg>
<doc>An easier keyword for waiting until an element is visible</doc>
<kw name="Wait For Elements State" library="Browser">
<arg>${element}</arg>
<arg>visible</arg>
<arg>timeout=${timeout}</arg>
<tag>PageContent</tag>
<tag>Wait</tag>
<doc>Waits for the element found by ``selector`` to satisfy state option.</doc>
<msg timestamp="20230703 18:18:07.365" level="INFO">Waited for Element with selector //a[contains(@class, 'dropdown-item') and contains(text(), 'Helsinki, Lönnrotinkatu')] at state visible</msg>
<status status="PASS" starttime="20230703 18:18:07.331" endtime="20230703 18:18:07.366"/>
</kw>
<status status="PASS" starttime="20230703 18:18:07.330" endtime="20230703 18:18:07.366"/>
</kw>
<kw name="Click" library="Browser">
<arg>//a[contains(@class, 'dropdown-item') and contains(text(), '${hotel}')]</arg>
<tag>PageContent</tag>
<tag>Setter</tag>
<doc>Simulates mouse click on the element found by ``selector``.</doc>
<status status="PASS" starttime="20230703 18:18:07.367" endtime="20230703 18:18:07.599"/>
</kw>
<kw name="Wait For Elements State" library="Browser">
<arg>//a[contains(@class, 'dropdown-item') and contains(text(), '${hotel}')]</arg>
<arg>hidden</arg>
<arg>timeout=3s</arg>
<tag>PageContent</tag>
<tag>Wait</tag>
<doc>Waits for the element found by ``selector`` to satisfy state option.</doc>
<msg timestamp="20230703 18:18:07.677" level="INFO">Waited for Element with selector //a[contains(@class, 'dropdown-item') and contains(text(), 'Helsinki, Lönnrotinkatu')] at state hidden</msg>
<status status="PASS" starttime="20230703 18:18:07.599" endtime="20230703 18:18:07.677"/>
</kw>
<status status="PASS" starttime="20230703 18:18:07.173" endtime="20230703 18:18:07.677"/>
</branch>
<status status="PASS" starttime="20230703 18:18:07.172" endtime="20230703 18:18:07.677"/>
</if>
<status status="PASS" starttime="20230703 18:18:07.172" endtime="20230703 18:18:07.677"/>
</kw>
<kw name="Select Dates" library="booking">
<kw name="Log" library="BuiltIn">
<arg>Skipping date selection for now</arg>
<doc>Logs the given message with the given level.</doc>
<msg timestamp="20230703 18:18:07.680" level="INFO">Skipping date selection for now</msg>
<status status="PASS" starttime="20230703 18:18:07.678" endtime="20230703 18:18:07.680"/>
</kw>
<status status="PASS" starttime="20230703 18:18:07.678" endtime="20230703 18:18:07.680"/>
</kw>
<kw name="Select Guests" library="booking">
<doc>Selects the number of guests for the booking, current implementation will only check the dropdown</doc>
<kw name="Log To Console" library="BuiltIn">
<arg>Not yet implemented</arg>
<doc>Logs the given message to the console.</doc>
<status status="PASS" starttime="20230703 18:18:07.681" endtime="20230703 18:18:07.681"/>
</kw>
<status status="PASS" starttime="20230703 18:18:07.681" endtime="20230703 18:18:07.682"/>
</kw>
<kw name="Click Book Button" library="booking">
<kw name="Click" library="Browser">
<arg>//div[@data-nelson-btn='book']</arg>
<tag>PageContent</tag>
<tag>Setter</tag>
<doc>Simulates mouse click on the element found by ``selector``.</doc>
<status status="PASS" starttime="20230703 18:18:07.682" endtime="20230703 18:18:08.091"/>
</kw>
<status status="PASS" starttime="20230703 18:18:07.682" endtime="20230703 18:18:08.092"/>
</kw>
<kw name="Select a Standard Room" library="booking">
<kw name="Wait Until Visible" library="common">
<arg>${btnExtras}</arg>
<doc>An easier keyword for waiting until an element is visible</doc>
<kw name="Wait For Elements State" library="Browser">
<arg>${element}</arg>
<arg>visible</arg>
<arg>timeout=${timeout}</arg>
<tag>PageContent</tag>
<tag>Wait</tag>
<doc>Waits for the element found by ``selector`` to satisfy state option.</doc>
<msg timestamp="20230703 18:18:10.801" level="INFO">Waited for Element with selector (//div[contains(@view,"booking")]//button[contains(text(), "Continue to extras")])[1] at state visible</msg>
<status status="PASS" starttime="20230703 18:18:08.095" endtime="20230703 18:18:10.801"/>
</kw>
<status status="PASS" starttime="20230703 18:18:08.092" endtime="20230703 18:18:10.802"/>
</kw>
<kw name="Get Element States" library="Browser">
<var>${visible}</var>
<arg>//div[contains(text(), 'Select room')]</arg>
<arg>then</arg>
<arg>bool(value &amp; visible)</arg>
<tag>Assertion</tag>
<tag>Getter</tag>
<tag>PageContent</tag>
<doc>Get the active states from the element found by ``selector``.</doc>
<msg timestamp="20230703 18:18:11.055" level="INFO">${visible} = False</msg>
<status status="PASS" starttime="20230703 18:18:10.802" endtime="20230703 18:18:11.055"/>
</kw>
<kw name="Run Keyword If" library="BuiltIn">
<arg>${visible}</arg>
<arg>Select Standard and Remove Other Room Selection</arg>
<doc>Runs the given keyword with the given arguments, if ``condition`` is true.</doc>
<status status="PASS" starttime="20230703 18:18:11.055" endtime="20230703 18:18:11.056"/>
</kw>
<status status="PASS" starttime="20230703 18:18:08.092" endtime="20230703 18:18:11.056"/>
</kw>
<kw name="Click Continue to Extras Button" library="booking">
<doc>Clicks the continue to extras button</doc>
<kw name="Click" library="Browser">
<arg>${btnExtras}</arg>
<tag>PageContent</tag>
<tag>Setter</tag>
<doc>Simulates mouse click on the element found by ``selector``.</doc>
<msg timestamp="20230703 18:19:41.208" level="INFO" html="true">&lt;/td&gt;&lt;/tr&gt;&lt;tr&gt;&lt;td colspan="3"&gt;&lt;a href="browser/screenshot/fail-screenshot-11.png" target="_blank"&gt;&lt;img src="browser/screenshot/fail-screenshot-11.png" width="800px"/&gt;&lt;/a&gt;</msg>
<msg timestamp="20230703 18:19:41.208" level="INFO">See also file:///home/runner/work/nelson-test-automation/nelson-test-automation/reports/test3/pabot_results/2/playwright-log.txt for additional details.</msg>
<msg timestamp="20230703 18:19:41.209" level="FAIL">TimeoutError: locator.click: Timeout 90000ms exceeded.
=========================== logs ===========================
waiting for locator('xpath=(//div[contains(@view,"booking")]//button[contains(text(), "Continue to extras")])[1]')
  locator resolved to &lt;button disabled type="button" class="chakra-button css-…&gt;Continue to extras&lt;/button&gt;
attempting click action
  waiting for element to be visible, enabled and stable
    element is not enabled - waiting...
element was detached from the DOM, retrying
  locator resolved to &lt;button disabled type="button" class="chakra-button css-…&gt;Continue to extras&lt;/button&gt;
attempting click action
  waiting for element to be visible, enabled and stable
    element is not enabled - waiting...
element was detached from the DOM, retrying
  locator resolved to &lt;button disabled type="button" class="chakra-button css-…&gt;Continue to extras&lt;/button&gt;
attempting click action
  waiting for element to be visible, enabled and stable
    element is not enabled - waiting...
element was detached from the DOM, retrying
  locator resolved to &lt;button disabled type="button" class="chakra-button css-…&gt;Continue to extras&lt;/button&gt;
attempting click action
  waiting for element to be visible, enabled and stable
    element is not enabled - waiting...
============================================================
Tip: Use "Set Browser Timeout" for increasing the timeout or double check your locator as the targeted element(s) couldn't be found.</msg>
<status status="FAIL" starttime="20230703 18:18:11.057" endtime="20230703 18:19:41.209"/>
</kw>
<kw name="Wait Until Visible" library="common">
<arg>${btnPayment}</arg>
<doc>An easier keyword for waiting until an element is visible</doc>
<status status="NOT RUN" starttime="20230703 18:19:41.210" endtime="20230703 18:19:41.210"/>
</kw>
<status status="FAIL" starttime="20230703 18:18:11.056" endtime="20230703 18:19:41.211"/>
</kw>
<kw name="Click Continue to Payment" library="booking">
<status status="NOT RUN" starttime="20230703 18:19:41.211" endtime="20230703 18:19:41.211"/>
</kw>
<kw name="Check Regular Rate 2" library="booking">
<status status="NOT RUN" starttime="20230703 18:19:41.211" endtime="20230703 18:19:41.212"/>
</kw>
<kw name="Fill in Contact Information 1" library="booking">
<status status="NOT RUN" starttime="20230703 18:19:41.212" endtime="20230703 18:19:41.212"/>
</kw>
<kw name="Accept offers and Terms" library="booking">
<status status="NOT RUN" starttime="20230703 18:19:41.212" endtime="20230703 18:19:41.212"/>
</kw>
<kw name="Select Web Bank and Nordea as Payment Method" library="booking">
<status status="NOT RUN" starttime="20230703 18:19:41.212" endtime="20230703 18:19:41.212"/>
</kw>
<kw name="Complete Payment Successfully" library="booking">
<status status="NOT RUN" starttime="20230703 18:19:41.213" endtime="20230703 18:19:41.213"/>
</kw>
<status status="FAIL" starttime="20230703 18:18:07.171" endtime="20230703 18:19:41.213"/>
</kw>
<kw name="Click Check In Button" library="booking">
<status status="NOT RUN" starttime="20230703 18:19:41.214" endtime="20230703 18:19:41.214"/>
</kw>
<kw name="Click Someone else checkbox" library="booking">
<status status="NOT RUN" starttime="20230703 18:19:41.214" endtime="20230703 18:19:41.214"/>
</kw>
<kw name="Fill In Booker info" library="booking">
<status status="NOT RUN" starttime="20230703 18:19:41.214" endtime="20230703 18:19:41.214"/>
</kw>
<kw name="Click Save and invite" library="booking">
<status status="NOT RUN" starttime="20230703 18:19:41.215" endtime="20230703 18:19:41.215"/>
</kw>
<kw name="Invite guest popup is open" library="booking">
<status status="NOT RUN" starttime="20230703 18:19:41.215" endtime="20230703 18:19:41.215"/>
</kw>
<kw name="Fill Invite guest info and click invite button" library="booking">
<status status="NOT RUN" starttime="20230703 18:19:41.215" endtime="20230703 18:19:41.215"/>
</kw>
<kw name="Booker is brought back to Comfirmation Landing page" library="booking">
<status status="NOT RUN" starttime="20230703 18:19:41.215" endtime="20230703 18:19:41.216"/>
</kw>
<kw name="Notice &quot;Invite sent&quot; displays" library="booking">
<status status="NOT RUN" starttime="20230703 18:19:41.216" endtime="20230703 18:19:41.216"/>
</kw>
<kw name="Status of guest confirmation is changed to &quot;Invite sent, not check-in&quot;" library="booking">
<status status="NOT RUN" starttime="20230703 18:19:41.216" endtime="20230703 18:19:41.216"/>
</kw>
<kw name="Verify Guest information component" library="booking">
<status status="NOT RUN" starttime="20230703 18:19:41.216" endtime="20230703 18:19:41.216"/>
</kw>
<kw name="Verify Booking summary" library="booking">
<status status="NOT RUN" starttime="20230703 18:19:41.217" endtime="20230703 18:19:41.217"/>
</kw>
<kw name="Verify Guest information popup when guest not checkin" library="booking">
<status status="NOT RUN" starttime="20230703 18:19:41.217" endtime="20230703 18:19:41.217"/>
</kw>
<kw name="Click Uninvite button" library="booking">
<status status="NOT RUN" starttime="20230703 18:19:41.217" endtime="20230703 18:19:41.217"/>
</kw>
<kw name="Close Browser" library="Browser" type="TEARDOWN">
<tag>BrowserControl</tag>
<tag>Setter</tag>
<doc>Closes the current browser.</doc>
<msg timestamp="20230703 18:19:41.770" level="INFO">Closed browser</msg>
<status status="PASS" starttime="20230703 18:19:41.218" endtime="20230703 18:19:41.770"/>
</kw>
<status status="FAIL" starttime="20230703 18:18:03.130" endtime="20230703 18:19:41.771">TimeoutError: locator.click: Timeout 90000ms exceeded.
=========================== logs ===========================
waiting for locator('xpath=(//div[contains(@view,"booking")]//button[contains(text(), "Continue to extras")])[1]')
  locator resolved to &lt;button disabled type="button" class="chakra-button css-…&gt;Continue to extras&lt;/button&gt;
attempting click action
  waiting for element to be visible, enabled and stable
    element is not enabled - waiting...
element was detached from the DOM, retrying
  locator resolved to &lt;button disabled type="button" class="chakra-button css-…&gt;Continue to extras&lt;/button&gt;
attempting click action
  waiting for element to be visible, enabled and stable
    element is not enabled - waiting...
element was detached from the DOM, retrying
  locator resolved to &lt;button disabled type="button" class="chakra-button css-…&gt;Continue to extras&lt;/button&gt;
attempting click action
  waiting for element to be visible, enabled and stable
    element is not enabled - waiting...
element was detached from the DOM, retrying
  locator resolved to &lt;button disabled type="button" class="chakra-button css-…&gt;Continue to extras&lt;/button&gt;
attempting click action
  waiting for element to be visible, enabled and stable
    element is not enabled - waiting...
============================================================
Tip: Use "Set Browser Timeout" for increasing the timeout or double check your locator as the targeted element(s) couldn't be found.</status>
</test>
<status status="FAIL" starttime="20230703 18:00:55.960" endtime="20230703 18:19:41.774"/>
</suite>
<status status="FAIL" starttime="20230703 18:00:55.956" endtime="20230703 18:19:41.781"/>
</suite>
<status status="FAIL" starttime="20230703 18:00:55.955" endtime="20230703 18:19:41.784"/>
</suite>
<status status="FAIL" starttime="20230703 18:00:55.953" endtime="20230703 18:19:41.786"/>
</suite>
<doc>Argument file for running tests on Omena test environmen (test4)</doc>
<status status="FAIL" starttime="20230703 18:00:55.930" endtime="20230703 18:19:41.788"/>
</suite>
<statistics>
<total>
<stat pass="0" fail="11" skip="0">All Tests</stat>
</total>
<tag>
</tag>
<suite>
<stat pass="0" fail="11" skip="0" id="s1" name="Testsuites">Testsuites</stat>
<stat pass="0" fail="11" skip="0" id="s1-s1" name="BUI">Testsuites.BUI</stat>
<stat pass="0" fail="11" skip="0" id="s1-s1-s1" name="Feature">Testsuites.BUI.Feature</stat>
<stat pass="0" fail="11" skip="0" id="s1-s1-s1-s1" name="Online Check In">Testsuites.BUI.Feature.Online Check In</stat>
<stat pass="0" fail="11" skip="0" id="s1-s1-s1-s1-s1" name="BUI2-558">Testsuites.BUI.Feature.Online Check In.BUI2-558</stat>
</suite>
</statistics>
<errors>
<msg timestamp="20230703 18:00:56.672" level="ERROR">Error in file '/home/runner/work/nelson-test-automation/nelson-test-automation/resources/keywords/mui.resource' on line 14: Setting variable '${MUI_PASSWORD}' failed: Environment variable '%{MUI_PASSWORD}' not found.</msg>
<msg timestamp="20230703 18:00:56.674" level="ERROR">Error in file '/home/runner/work/nelson-test-automation/nelson-test-automation/resources/keywords/mui.resource' on line 13: Setting variable '${MUI_USERNAME}' failed: Environment variable '%{MUI_USERNAME}' not found.</msg>
</errors>
</robot>
