<?xml version="1.0" encoding="UTF-8"?>
<robot generator="Robot 5.0.1 (Python 3.10.12 on linux)" generated="20230705 06:30:07.348" rpa="false" schemaversion="3">
<suite id="s1" name="Testsuites" source="/home/runner/work/nelson-test-automation/nelson-test-automation/testsuites">
<suite id="s1-s1" name="BUI" source="/home/runner/work/nelson-test-automation/nelson-test-automation/testsuites/BUI">
<suite id="s1-s1-s1" name="Feature" source="/home/runner/work/nelson-test-automation/nelson-test-automation/testsuites/BUI/feature">
<suite id="s1-s1-s1-s1" name="Online Check In" source="/home/runner/work/nelson-test-automation/nelson-test-automation/testsuites/BUI/feature/online_check_in">
<suite id="s1-s1-s1-s1-s1" name="BUI2-558" source="/home/runner/work/nelson-test-automation/nelson-test-automation/testsuites/BUI/feature/online_check_in/BUI2-558.robot">
<test id="s1-s1-s1-s1-s1-t1" name="Verify Page title when marking someone else as a guest" line="11">
<kw name="Open Browser to Landing Page" library="common" type="SETUP">
<doc>A general startup keyword for opening a browser to the landing page.</doc>
<kw name="New Browser" library="Browser">
<arg>${browser}</arg>
<arg>${headless}</arg>
<arg>timeout=${timeout}</arg>
<tag>BrowserControl</tag>
<tag>Setter</tag>
<doc>Create a new playwright Browser with specified options.</doc>
<msg timestamp="20230705 06:30:08.452" level="INFO">{"browser": "firefox", "headless": true, "devtools": false, "handleSIGHUP": true, "handleSIGINT": true, "handleSIGTERM": true, "slowMo": 0.0, "timeout": 90000.0, "deprecated_pos_args": [], "tracesDir": "/home/runner/work/nelson-test-automation/nelson-test-automation/reports/test3/pabot_results/2/browser/traces/498ee2cb-154e-492f-8379-e2c4b95475e2"}</msg>
<msg timestamp="20230705 06:30:09.291" level="INFO">Successfully created browser with options: {"browser":"firefox","headless":true,"devtools":false,"handleSIGHUP":true,"handleSIGINT":true,"handleSIGTERM":true,"slowMo":0,"timeout":90000,"deprecated_pos_args":[],"tracesDir":"/home/runner/work/nelson-test-automation/nelson-test-automation/reports/test3/pabot_results/2/browser/traces/498ee2cb-154e-492f-8379-e2c4b95475e2"}</msg>
<status status="PASS" starttime="20230705 06:30:08.451" endtime="20230705 06:30:09.292"/>
</kw>
<kw name="Set Browser Timeout" library="Browser">
<arg>${timeout}</arg>
<tag>Config</tag>
<tag>Setter</tag>
<doc>Sets the timeout used by most input and getter keywords.</doc>
<msg timestamp="20230705 06:30:09.296" level="INFO">No context open.</msg>
<status status="PASS" starttime="20230705 06:30:09.292" endtime="20230705 06:30:09.296"/>
</kw>
<kw name="New Context" library="Browser">
<tag>BrowserControl</tag>
<tag>Setter</tag>
<doc>Create a new BrowserContext with specified options.</doc>
<msg timestamp="20230705 06:30:09.297" level="INFO">{
  "acceptDownloads": true,
  "bypassCSP": false,
  "forcedColors": "none",
  "hideRfBrowser": false,
  "ignoreHTTPSErrors": false,
  "javaScriptEnabled": true,
  "offline": false,
  "reducedMotion": "no-preference",
  "viewport": {
    "width": 1280,
    "height": 720
  },
  "deprecated_pos_args": []
}</msg>
<msg timestamp="20230705 06:30:09.380" level="INFO">Successfully created context. </msg>
<msg timestamp="20230705 06:30:09.380" level="INFO">{'acceptDownloads': True, 'bypassCSP': False, 'forcedColors': 'none', 'hideRfBrowser': False, 'ignoreHTTPSErrors': False, 'javaScriptEnabled': True, 'offline': False, 'reducedMotion': 'no-preference', 'viewport': {'width': 1280, 'height': 720}, 'deprecated_pos_args': []}</msg>
<status status="PASS" starttime="20230705 06:30:09.296" endtime="20230705 06:30:09.381"/>
</kw>
<kw name="New Page" library="Browser">
<arg>${url}</arg>
<tag>BrowserControl</tag>
<tag>Setter</tag>
<doc>Open a new Page.</doc>
<msg timestamp="20230705 06:30:16.650" level="INFO">Successfully initialized new page object and opened url: https://test3.omenahotels.com/</msg>
<status status="PASS" starttime="20230705 06:30:09.381" endtime="20230705 06:30:16.650"/>
</kw>
<kw name="Wait Until Network Is Idle" library="Browser">
<tag>HTTP</tag>
<tag>Wait</tag>
<doc>Waits until there has been at least one instance of 500 ms of no network traffic on the page after loading.</doc>
<status status="PASS" starttime="20230705 06:30:16.651" endtime="20230705 06:30:17.866"/>
</kw>
<kw name="Allow Cookies" library="common">
<doc>Allow Cookies/Toggle Cookie allowance</doc>
<kw name="Is Element Found" library="common">
<var>${cookieModalVisible}</var>
<arg>id=CybotCookiebotDialogBodyLevelButtonLevelOptinAllowAll</arg>
<doc>A keyword that has a very complex way of figuring out whether an
element is found or not because I had trouble with the built-in keywords
Can be solved differently if you have a better idea</doc>
<kw name="Set Browser Timeout" library="Browser">
<arg>10s</arg>
<tag>Config</tag>
<tag>Setter</tag>
<doc>Sets the timeout used by most input and getter keywords.</doc>
<msg timestamp="20230705 06:30:17.870" level="INFO">Set timeout to: 10000</msg>
<status status="PASS" starttime="20230705 06:30:17.867" endtime="20230705 06:30:17.870"/>
</kw>
<try>
<branch type="TRY">
<kw name="Get Elements" library="Browser">
<var>${els}</var>
<arg>${selector}</arg>
<tag>Getter</tag>
<tag>PageContent</tag>
<doc>Returns a reference to Playwright [https://playwright.dev/docs/api/class-locator|Locator]
for all matched elements by ``selector``.</doc>
<msg timestamp="20230705 06:30:17.921" level="INFO">Found 1 Locators successfully.</msg>
<msg timestamp="20230705 06:30:17.922" level="INFO">${els} = ['element=6c101e89-2590-48b3-a843-7ab3157f5c82']</msg>
<status status="PASS" starttime="20230705 06:30:17.871" endtime="20230705 06:30:17.922"/>
</kw>
<kw name="Get Length" library="BuiltIn">
<var>${count}</var>
<arg>${els}</arg>
<doc>Returns and logs the length of the given item as an integer.</doc>
<msg timestamp="20230705 06:30:17.922" level="INFO">Length is 1</msg>
<msg timestamp="20230705 06:30:17.922" level="INFO">${count} = 1</msg>
<status status="PASS" starttime="20230705 06:30:17.922" endtime="20230705 06:30:17.923"/>
</kw>
<if>
<branch type="IF" condition="${count} &gt; 0">
<kw name="Set Variable" library="BuiltIn">
<var>${visible}</var>
<arg>True</arg>
<doc>Returns the given values which can then be assigned to a variables.</doc>
<msg timestamp="20230705 06:30:17.923" level="INFO">${visible} = True</msg>
<status status="PASS" starttime="20230705 06:30:17.923" endtime="20230705 06:30:17.923"/>
</kw>
<status status="PASS" starttime="20230705 06:30:17.923" endtime="20230705 06:30:17.924"/>
</branch>
<branch type="ELSE">
<kw name="Set Variable" library="BuiltIn">
<var>${visible}</var>
<arg>False</arg>
<doc>Returns the given values which can then be assigned to a variables.</doc>
<status status="NOT RUN" starttime="20230705 06:30:17.924" endtime="20230705 06:30:17.924"/>
</kw>
<status status="NOT RUN" starttime="20230705 06:30:17.924" endtime="20230705 06:30:17.924"/>
</branch>
<status status="PASS" starttime="20230705 06:30:17.923" endtime="20230705 06:30:17.924"/>
</if>
<status status="PASS" starttime="20230705 06:30:17.871" endtime="20230705 06:30:17.925"/>
</branch>
<branch type="EXCEPT">
<kw name="Set Variable" library="BuiltIn">
<var>${visible}</var>
<arg>False</arg>
<doc>Returns the given values which can then be assigned to a variables.</doc>
<status status="NOT RUN" starttime="20230705 06:30:17.925" endtime="20230705 06:30:17.925"/>
</kw>
<status status="NOT RUN" starttime="20230705 06:30:17.925" endtime="20230705 06:30:17.925"/>
</branch>
<status status="PASS" starttime="20230705 06:30:17.871" endtime="20230705 06:30:17.925"/>
</try>
<kw name="Set Browser Timeout" library="Browser">
<arg>${timeout}</arg>
<tag>Config</tag>
<tag>Setter</tag>
<doc>Sets the timeout used by most input and getter keywords.</doc>
<msg timestamp="20230705 06:30:17.928" level="INFO">Set timeout to: 90000</msg>
<status status="PASS" starttime="20230705 06:30:17.925" endtime="20230705 06:30:17.929"/>
</kw>
<msg timestamp="20230705 06:30:17.929" level="INFO">${cookieModalVisible} = True</msg>
<status status="PASS" starttime="20230705 06:30:17.867" endtime="20230705 06:30:17.929"/>
</kw>
<if>
<branch type="IF" condition="${cookieModalVisible}">
<kw name="Click" library="Browser">
<arg>id=CybotCookiebotDialogBodyLevelButtonLevelOptinAllowAll</arg>
<tag>PageContent</tag>
<tag>Setter</tag>
<doc>Simulates mouse click on the element found by ``selector``.</doc>
<status status="PASS" starttime="20230705 06:30:17.930" endtime="20230705 06:30:18.016"/>
</kw>
<status status="PASS" starttime="20230705 06:30:17.929" endtime="20230705 06:30:18.016"/>
</branch>
<branch type="ELSE">
<kw name="Log" library="BuiltIn">
<arg>No Cookie Modal Visible</arg>
<doc>Logs the given message with the given level.</doc>
<status status="NOT RUN" starttime="20230705 06:30:18.017" endtime="20230705 06:30:18.017"/>
</kw>
<status status="NOT RUN" starttime="20230705 06:30:18.016" endtime="20230705 06:30:18.017"/>
</branch>
<status status="PASS" starttime="20230705 06:30:17.929" endtime="20230705 06:30:18.017"/>
</if>
<status status="PASS" starttime="20230705 06:30:17.866" endtime="20230705 06:30:18.017"/>
</kw>
<kw name="Set Environment" library="common">
<kw name="Get Url" library="Browser">
<var>${currentUrl}</var>
<tag>Assertion</tag>
<tag>Getter</tag>
<tag>PageContent</tag>
<doc>Returns the current URL.</doc>
<msg timestamp="20230705 06:30:18.021" level="INFO">${currentUrl} = https://test3.omenahotels.com/en/</msg>
<status status="PASS" starttime="20230705 06:30:18.018" endtime="20230705 06:30:18.021"/>
</kw>
<kw name="Get Environment From Url" library="Helpers">
<var>${env}</var>
<arg>${currentUrl}</arg>
<msg timestamp="20230705 06:30:18.021" level="INFO">${env} = test-omena</msg>
<status status="PASS" starttime="20230705 06:30:18.021" endtime="20230705 06:30:18.021"/>
</kw>
<kw name="Set Variable" library="BuiltIn">
<arg>${environment}</arg>
<arg>${env}</arg>
<doc>Returns the given values which can then be assigned to a variables.</doc>
<status status="PASS" starttime="20230705 06:30:18.022" endtime="20230705 06:30:18.023"/>
</kw>
<status status="PASS" starttime="20230705 06:30:18.017" endtime="20230705 06:30:18.023"/>
</kw>
<status status="PASS" starttime="20230705 06:30:08.450" endtime="20230705 06:30:18.023"/>
</kw>
<kw name="Booker just completed payment for a reservation" library="booking">
<kw name="Select Hotel" library="booking">
<arg>Helsinki, Lönnrotinkatu</arg>
<doc>Select Hotel by using a number as an argument, default Lönnrotinkatu</doc>
<if>
<branch type="IF" condition="&quot;${environment}&quot; == &quot;test-exhibition&quot;">
<kw name="Log" library="BuiltIn">
<arg>No hotel to be selected</arg>
<doc>Logs the given message with the given level.</doc>
<status status="NOT RUN" starttime="20230705 06:30:18.025" endtime="20230705 06:30:18.025"/>
</kw>
<status status="NOT RUN" starttime="20230705 06:30:18.024" endtime="20230705 06:30:18.025"/>
</branch>
<branch type="ELSE">
<kw name="Log" library="BuiltIn">
<arg>Selecting Hotel: ${hotel}</arg>
<doc>Logs the given message with the given level.</doc>
<msg timestamp="20230705 06:30:18.026" level="INFO">Selecting Hotel: Helsinki, Lönnrotinkatu</msg>
<status status="PASS" starttime="20230705 06:30:18.025" endtime="20230705 06:30:18.026"/>
</kw>
<kw name="Click" library="Browser">
<arg>//div[contains(@data-nelson-btn, "hotels")]</arg>
<tag>PageContent</tag>
<tag>Setter</tag>
<doc>Simulates mouse click on the element found by ``selector``.</doc>
<status status="PASS" starttime="20230705 06:30:18.026" endtime="20230705 06:30:18.123"/>
</kw>
<kw name="Wait Until Visible" library="common">
<arg>//a[contains(@class, 'dropdown-item') and contains(text(), '${hotel}')]</arg>
<doc>An easier keyword for waiting until an element is visible</doc>
<kw name="Wait For Elements State" library="Browser">
<arg>${element}</arg>
<arg>visible</arg>
<arg>timeout=${timeout}</arg>
<tag>PageContent</tag>
<tag>Wait</tag>
<doc>Waits for the element found by ``selector`` to satisfy state option.</doc>
<msg timestamp="20230705 06:30:18.134" level="INFO">Waited for Element with selector //a[contains(@class, 'dropdown-item') and contains(text(), 'Helsinki, Lönnrotinkatu')] at state visible</msg>
<status status="PASS" starttime="20230705 06:30:18.124" endtime="20230705 06:30:18.135"/>
</kw>
<status status="PASS" starttime="20230705 06:30:18.123" endtime="20230705 06:30:18.135"/>
</kw>
<kw name="Click" library="Browser">
<arg>//a[contains(@class, 'dropdown-item') and contains(text(), '${hotel}')]</arg>
<tag>PageContent</tag>
<tag>Setter</tag>
<doc>Simulates mouse click on the element found by ``selector``.</doc>
<status status="PASS" starttime="20230705 06:30:18.135" endtime="20230705 06:30:18.354"/>
</kw>
<kw name="Wait For Elements State" library="Browser">
<arg>//a[contains(@class, 'dropdown-item') and contains(text(), '${hotel}')]</arg>
<arg>hidden</arg>
<arg>timeout=3s</arg>
<tag>PageContent</tag>
<tag>Wait</tag>
<doc>Waits for the element found by ``selector`` to satisfy state option.</doc>
<msg timestamp="20230705 06:30:18.377" level="INFO">Waited for Element with selector //a[contains(@class, 'dropdown-item') and contains(text(), 'Helsinki, Lönnrotinkatu')] at state hidden</msg>
<status status="PASS" starttime="20230705 06:30:18.354" endtime="20230705 06:30:18.377"/>
</kw>
<status status="PASS" starttime="20230705 06:30:18.025" endtime="20230705 06:30:18.377"/>
</branch>
<status status="PASS" starttime="20230705 06:30:18.024" endtime="20230705 06:30:18.378"/>
</if>
<status status="PASS" starttime="20230705 06:30:18.024" endtime="20230705 06:30:18.378"/>
</kw>
<kw name="Select Dates" library="booking">
<kw name="Log" library="BuiltIn">
<arg>Skipping date selection for now</arg>
<doc>Logs the given message with the given level.</doc>
<msg timestamp="20230705 06:30:18.379" level="INFO">Skipping date selection for now</msg>
<status status="PASS" starttime="20230705 06:30:18.379" endtime="20230705 06:30:18.379"/>
</kw>
<status status="PASS" starttime="20230705 06:30:18.378" endtime="20230705 06:30:18.379"/>
</kw>
<kw name="Select Guests" library="booking">
<doc>Selects the number of guests for the booking, current implementation will only check the dropdown</doc>
<kw name="Log To Console" library="BuiltIn">
<arg>Not yet implemented</arg>
<doc>Logs the given message to the console.</doc>
<status status="PASS" starttime="20230705 06:30:18.381" endtime="20230705 06:30:18.381"/>
</kw>
<status status="PASS" starttime="20230705 06:30:18.379" endtime="20230705 06:30:18.382"/>
</kw>
<kw name="Click Book Button" library="booking">
<kw name="Click" library="Browser">
<arg>//div[@data-nelson-btn='book']</arg>
<tag>PageContent</tag>
<tag>Setter</tag>
<doc>Simulates mouse click on the element found by ``selector``.</doc>
<status status="PASS" starttime="20230705 06:30:18.382" endtime="20230705 06:30:19.356"/>
</kw>
<status status="PASS" starttime="20230705 06:30:18.382" endtime="20230705 06:30:19.357"/>
</kw>
<kw name="Select a Standard Room" library="booking">
<kw name="Wait Until Visible" library="common">
<arg>${btnExtras}</arg>
<doc>An easier keyword for waiting until an element is visible</doc>
<kw name="Wait For Elements State" library="Browser">
<arg>${element}</arg>
<arg>visible</arg>
<arg>timeout=${timeout}</arg>
<tag>PageContent</tag>
<tag>Wait</tag>
<doc>Waits for the element found by ``selector`` to satisfy state option.</doc>
<msg timestamp="20230705 06:30:24.200" level="INFO">Waited for Element with selector (//div[contains(@view,"booking")]//button[contains(text(), "Continue to extras")])[1] at state visible</msg>
<status status="PASS" starttime="20230705 06:30:19.358" endtime="20230705 06:30:24.200"/>
</kw>
<status status="PASS" starttime="20230705 06:30:19.358" endtime="20230705 06:30:24.201"/>
</kw>
<kw name="Get Element States" library="Browser">
<var>${visible}</var>
<arg>//div[contains(text(), 'Select room')]</arg>
<arg>then</arg>
<arg>bool(value &amp; visible)</arg>
<tag>Assertion</tag>
<tag>Getter</tag>
<tag>PageContent</tag>
<doc>Get the active states from the element found by ``selector``.</doc>
<msg timestamp="20230705 06:30:24.454" level="INFO">${visible} = False</msg>
<status status="PASS" starttime="20230705 06:30:24.201" endtime="20230705 06:30:24.454"/>
</kw>
<kw name="Run Keyword If" library="BuiltIn">
<arg>${visible}</arg>
<arg>Select Standard and Remove Other Room Selection</arg>
<doc>Runs the given keyword with the given arguments, if ``condition`` is true.</doc>
<status status="PASS" starttime="20230705 06:30:24.454" endtime="20230705 06:30:24.455"/>
</kw>
<status status="PASS" starttime="20230705 06:30:19.357" endtime="20230705 06:30:24.455"/>
</kw>
<kw name="Click Continue to Extras Button" library="booking">
<doc>Clicks the continue to extras button</doc>
<kw name="Click" library="Browser">
<arg>${btnExtras}</arg>
<tag>PageContent</tag>
<tag>Setter</tag>
<doc>Simulates mouse click on the element found by ``selector``.</doc>
<status status="PASS" starttime="20230705 06:30:24.456" endtime="20230705 06:30:28.981"/>
</kw>
<kw name="Wait Until Visible" library="common">
<arg>${btnPayment}</arg>
<doc>An easier keyword for waiting until an element is visible</doc>
<kw name="Wait For Elements State" library="Browser">
<arg>${element}</arg>
<arg>visible</arg>
<arg>timeout=${timeout}</arg>
<tag>PageContent</tag>
<tag>Wait</tag>
<doc>Waits for the element found by ``selector`` to satisfy state option.</doc>
<msg timestamp="20230705 06:30:30.034" level="INFO">Waited for Element with selector (//div[contains(@view,"extras")]//button[contains(text(), "Continue to payment")])[1] at state visible</msg>
<status status="PASS" starttime="20230705 06:30:28.982" endtime="20230705 06:30:30.034"/>
</kw>
<status status="PASS" starttime="20230705 06:30:28.981" endtime="20230705 06:30:30.034"/>
</kw>
<status status="PASS" starttime="20230705 06:30:24.455" endtime="20230705 06:30:30.034"/>
</kw>
<kw name="Click Continue to Payment" library="booking">
<kw name="Click First Element Found" library="common">
<arg>//div[@class='css-1t415z1']//button[@type='button'][normalize-space()='Continue to payment']</arg>
<kw name="Get Elements" library="Browser">
<var>${elements}</var>
<arg>${xpath}</arg>
<tag>Getter</tag>
<tag>PageContent</tag>
<doc>Returns a reference to Playwright [https://playwright.dev/docs/api/class-locator|Locator]
for all matched elements by ``selector``.</doc>
<msg timestamp="20230705 06:30:30.058" level="INFO">Found 1 Locators successfully.</msg>
<msg timestamp="20230705 06:30:30.059" level="INFO">${elements} = ['element=7003062d-9342-4a62-8a68-cb2a3a28f121']</msg>
<status status="PASS" starttime="20230705 06:30:30.039" endtime="20230705 06:30:30.059"/>
</kw>
<kw name="Set Variable" library="BuiltIn">
<var>${first_element}</var>
<arg>${elements}[0]</arg>
<doc>Returns the given values which can then be assigned to a variables.</doc>
<msg timestamp="20230705 06:30:30.060" level="INFO">${first_element} = element=7003062d-9342-4a62-8a68-cb2a3a28f121</msg>
<status status="PASS" starttime="20230705 06:30:30.059" endtime="20230705 06:30:30.060"/>
</kw>
<kw name="Click" library="Browser">
<arg>${first_element}</arg>
<tag>PageContent</tag>
<tag>Setter</tag>
<doc>Simulates mouse click on the element found by ``selector``.</doc>
<status status="PASS" starttime="20230705 06:30:30.060" endtime="20230705 06:30:30.324"/>
</kw>
<status status="PASS" starttime="20230705 06:30:30.035" endtime="20230705 06:30:30.324"/>
</kw>
<status status="PASS" starttime="20230705 06:30:30.035" endtime="20230705 06:30:30.324"/>
</kw>
<kw name="Check Regular Rate 2" library="booking">
<kw name="Check Regular Rate" library="booking">
<kw name="Click" library="Browser">
<arg>//p[contains(text(),'Continue with regular rate')]</arg>
<tag>PageContent</tag>
<tag>Setter</tag>
<doc>Simulates mouse click on the element found by ``selector``.</doc>
<status status="PASS" starttime="20230705 06:30:30.325" endtime="20230705 06:30:32.202"/>
</kw>
<kw name="Wait Until Visible" library="common">
<arg>//div//*[normalize-space()='Continue with regular rate']/following-sibling::div[@data-checked]</arg>
<doc>An easier keyword for waiting until an element is visible</doc>
<kw name="Wait For Elements State" library="Browser">
<arg>${element}</arg>
<arg>visible</arg>
<arg>timeout=${timeout}</arg>
<tag>PageContent</tag>
<tag>Wait</tag>
<doc>Waits for the element found by ``selector`` to satisfy state option.</doc>
<msg timestamp="20230705 06:30:32.217" level="INFO">Waited for Element with selector //div//*[normalize-space()='Continue with regular rate']/following-sibling::div[@data-checked] at state visible</msg>
<status status="PASS" starttime="20230705 06:30:32.203" endtime="20230705 06:30:32.217"/>
</kw>
<status status="PASS" starttime="20230705 06:30:32.203" endtime="20230705 06:30:32.217"/>
</kw>
<status status="PASS" starttime="20230705 06:30:30.325" endtime="20230705 06:30:32.217"/>
</kw>
<kw name="Check Join as Member" library="booking">
<kw name="Click" library="Browser">
<arg>//p[contains(text(),'Join for free and')]</arg>
<tag>PageContent</tag>
<tag>Setter</tag>
<doc>Simulates mouse click on the element found by ``selector``.</doc>
<status status="PASS" starttime="20230705 06:30:32.218" endtime="20230705 06:30:32.459"/>
</kw>
<kw name="Wait Until Visible" library="common">
<arg>//div//*[normalize-space()='Join for free and get the member rate']/following-sibling::div[@data-checked]</arg>
<doc>An easier keyword for waiting until an element is visible</doc>
<kw name="Wait For Elements State" library="Browser">
<arg>${element}</arg>
<arg>visible</arg>
<arg>timeout=${timeout}</arg>
<tag>PageContent</tag>
<tag>Wait</tag>
<doc>Waits for the element found by ``selector`` to satisfy state option.</doc>
<msg timestamp="20230705 06:30:32.485" level="INFO">Waited for Element with selector //div//*[normalize-space()='Join for free and get the member rate']/following-sibling::div[@data-checked] at state visible</msg>
<status status="PASS" starttime="20230705 06:30:32.460" endtime="20230705 06:30:32.485"/>
</kw>
<status status="PASS" starttime="20230705 06:30:32.459" endtime="20230705 06:30:32.485"/>
</kw>
<status status="PASS" starttime="20230705 06:30:32.218" endtime="20230705 06:30:32.485"/>
</kw>
<kw name="Check Regular Rate" library="booking">
<kw name="Click" library="Browser">
<arg>//p[contains(text(),'Continue with regular rate')]</arg>
<tag>PageContent</tag>
<tag>Setter</tag>
<doc>Simulates mouse click on the element found by ``selector``.</doc>
<status status="PASS" starttime="20230705 06:30:32.486" endtime="20230705 06:30:32.719"/>
</kw>
<kw name="Wait Until Visible" library="common">
<arg>//div//*[normalize-space()='Continue with regular rate']/following-sibling::div[@data-checked]</arg>
<doc>An easier keyword for waiting until an element is visible</doc>
<kw name="Wait For Elements State" library="Browser">
<arg>${element}</arg>
<arg>visible</arg>
<arg>timeout=${timeout}</arg>
<tag>PageContent</tag>
<tag>Wait</tag>
<doc>Waits for the element found by ``selector`` to satisfy state option.</doc>
<msg timestamp="20230705 06:30:32.941" level="INFO">Waited for Element with selector //div//*[normalize-space()='Continue with regular rate']/following-sibling::div[@data-checked] at state visible</msg>
<status status="PASS" starttime="20230705 06:30:32.720" endtime="20230705 06:30:32.941"/>
</kw>
<status status="PASS" starttime="20230705 06:30:32.720" endtime="20230705 06:30:32.941"/>
</kw>
<status status="PASS" starttime="20230705 06:30:32.486" endtime="20230705 06:30:32.941"/>
</kw>
<kw name="Check Join as Member" library="booking">
<kw name="Click" library="Browser">
<arg>//p[contains(text(),'Join for free and')]</arg>
<tag>PageContent</tag>
<tag>Setter</tag>
<doc>Simulates mouse click on the element found by ``selector``.</doc>
<status status="PASS" starttime="20230705 06:30:32.942" endtime="20230705 06:30:33.133"/>
</kw>
<kw name="Wait Until Visible" library="common">
<arg>//div//*[normalize-space()='Join for free and get the member rate']/following-sibling::div[@data-checked]</arg>
<doc>An easier keyword for waiting until an element is visible</doc>
<kw name="Wait For Elements State" library="Browser">
<arg>${element}</arg>
<arg>visible</arg>
<arg>timeout=${timeout}</arg>
<tag>PageContent</tag>
<tag>Wait</tag>
<doc>Waits for the element found by ``selector`` to satisfy state option.</doc>
<msg timestamp="20230705 06:30:33.156" level="INFO">Waited for Element with selector //div//*[normalize-space()='Join for free and get the member rate']/following-sibling::div[@data-checked] at state visible</msg>
<status status="PASS" starttime="20230705 06:30:33.134" endtime="20230705 06:30:33.157"/>
</kw>
<status status="PASS" starttime="20230705 06:30:33.134" endtime="20230705 06:30:33.157"/>
</kw>
<status status="PASS" starttime="20230705 06:30:32.942" endtime="20230705 06:30:33.157"/>
</kw>
<kw name="Check Regular Rate" library="booking">
<kw name="Click" library="Browser">
<arg>//p[contains(text(),'Continue with regular rate')]</arg>
<tag>PageContent</tag>
<tag>Setter</tag>
<doc>Simulates mouse click on the element found by ``selector``.</doc>
<status status="PASS" starttime="20230705 06:30:33.158" endtime="20230705 06:30:33.400"/>
</kw>
<kw name="Wait Until Visible" library="common">
<arg>//div//*[normalize-space()='Continue with regular rate']/following-sibling::div[@data-checked]</arg>
<doc>An easier keyword for waiting until an element is visible</doc>
<kw name="Wait For Elements State" library="Browser">
<arg>${element}</arg>
<arg>visible</arg>
<arg>timeout=${timeout}</arg>
<tag>PageContent</tag>
<tag>Wait</tag>
<doc>Waits for the element found by ``selector`` to satisfy state option.</doc>
<msg timestamp="20230705 06:30:33.420" level="INFO">Waited for Element with selector //div//*[normalize-space()='Continue with regular rate']/following-sibling::div[@data-checked] at state visible</msg>
<status status="PASS" starttime="20230705 06:30:33.401" endtime="20230705 06:30:33.420"/>
</kw>
<status status="PASS" starttime="20230705 06:30:33.400" endtime="20230705 06:30:33.421"/>
</kw>
<status status="PASS" starttime="20230705 06:30:33.158" endtime="20230705 06:30:33.421"/>
</kw>
<status status="PASS" starttime="20230705 06:30:30.324" endtime="20230705 06:30:33.421"/>
</kw>
<kw name="Fill in Contact Information 1" library="booking">
<kw name="Click and Fill" library="common">
<arg>id=firstName</arg>
<arg>${firstName}</arg>
<doc>A keyword combination of Click and Fill Text since most of the form fields need a click</doc>
<kw name="Click" library="Browser">
<arg>${selector}</arg>
<tag>PageContent</tag>
<tag>Setter</tag>
<doc>Simulates mouse click on the element found by ``selector``.</doc>
<status status="PASS" starttime="20230705 06:30:33.422" endtime="20230705 06:30:33.637"/>
</kw>
<kw name="Fill Text" library="Browser">
<arg>${selector}</arg>
<arg>${text}</arg>
<tag>PageContent</tag>
<tag>Setter</tag>
<doc>Clears and fills the given ``txt`` into the text field found by ``selector``.</doc>
<msg timestamp="20230705 06:30:33.638" level="INFO">Fills the text 'Bich' in the given field.</msg>
<status status="PASS" starttime="20230705 06:30:33.637" endtime="20230705 06:30:33.736"/>
</kw>
<status status="PASS" starttime="20230705 06:30:33.422" endtime="20230705 06:30:33.737"/>
</kw>
<kw name="Click and Fill" library="common">
<arg>id=lastName</arg>
<arg>${lastName}</arg>
<doc>A keyword combination of Click and Fill Text since most of the form fields need a click</doc>
<kw name="Click" library="Browser">
<arg>${selector}</arg>
<tag>PageContent</tag>
<tag>Setter</tag>
<doc>Simulates mouse click on the element found by ``selector``.</doc>
<status status="PASS" starttime="20230705 06:30:33.737" endtime="20230705 06:30:34.008"/>
</kw>
<kw name="Fill Text" library="Browser">
<arg>${selector}</arg>
<arg>${text}</arg>
<tag>PageContent</tag>
<tag>Setter</tag>
<doc>Clears and fills the given ``txt`` into the text field found by ``selector``.</doc>
<msg timestamp="20230705 06:30:34.009" level="INFO">Fills the text 'Ngoc' in the given field.</msg>
<status status="PASS" starttime="20230705 06:30:34.008" endtime="20230705 06:30:34.090"/>
</kw>
<status status="PASS" starttime="20230705 06:30:33.737" endtime="20230705 06:30:34.090"/>
</kw>
<kw name="Click and Fill" library="common">
<arg>id=email</arg>
<arg>${email}</arg>
<doc>A keyword combination of Click and Fill Text since most of the form fields need a click</doc>
<kw name="Click" library="Browser">
<arg>${selector}</arg>
<tag>PageContent</tag>
<tag>Setter</tag>
<doc>Simulates mouse click on the element found by ``selector``.</doc>
<status status="PASS" starttime="20230705 06:30:34.091" endtime="20230705 06:30:34.333"/>
</kw>
<kw name="Fill Text" library="Browser">
<arg>${selector}</arg>
<arg>${text}</arg>
<tag>PageContent</tag>
<tag>Setter</tag>
<doc>Clears and fills the given ``txt`` into the text field found by ``selector``.</doc>
<msg timestamp="20230705 06:30:34.334" level="INFO">Fills the text 'bichngoc9995@gmail.com' in the given field.</msg>
<status status="PASS" starttime="20230705 06:30:34.334" endtime="20230705 06:30:34.463"/>
</kw>
<status status="PASS" starttime="20230705 06:30:34.090" endtime="20230705 06:30:34.463"/>
</kw>
<kw name="Click and Fill" library="common">
<arg>id=phoneNumber</arg>
<arg>${phone}</arg>
<doc>A keyword combination of Click and Fill Text since most of the form fields need a click</doc>
<kw name="Click" library="Browser">
<arg>${selector}</arg>
<tag>PageContent</tag>
<tag>Setter</tag>
<doc>Simulates mouse click on the element found by ``selector``.</doc>
<status status="PASS" starttime="20230705 06:30:34.464" endtime="20230705 06:30:34.606"/>
</kw>
<kw name="Fill Text" library="Browser">
<arg>${selector}</arg>
<arg>${text}</arg>
<tag>PageContent</tag>
<tag>Setter</tag>
<doc>Clears and fills the given ``txt`` into the text field found by ``selector``.</doc>
<msg timestamp="20230705 06:30:34.606" level="INFO">Fills the text '040123942' in the given field.</msg>
<status status="PASS" starttime="20230705 06:30:34.606" endtime="20230705 06:30:34.651"/>
</kw>
<status status="PASS" starttime="20230705 06:30:34.463" endtime="20230705 06:30:34.651"/>
</kw>
<status status="PASS" starttime="20230705 06:30:33.421" endtime="20230705 06:30:34.651"/>
</kw>
<kw name="Accept offers and Terms" library="booking">
<kw name="Click" library="Browser">
<arg>(//div[contains(text(), 'like to receive')])[1]</arg>
<tag>PageContent</tag>
<tag>Setter</tag>
<doc>Simulates mouse click on the element found by ``selector``.</doc>
<status status="PASS" starttime="20230705 06:30:34.652" endtime="20230705 06:30:34.868"/>
</kw>
<kw name="Click" library="Browser">
<arg>(//*[contains(text(),'Accept')]/ancestor::label//span[contains(@class,'chakra-checkbox__control')])[1]</arg>
<tag>PageContent</tag>
<tag>Setter</tag>
<doc>Simulates mouse click on the element found by ``selector``.</doc>
<status status="PASS" starttime="20230705 06:30:34.868" endtime="20230705 06:30:35.009"/>
</kw>
<status status="PASS" starttime="20230705 06:30:34.652" endtime="20230705 06:30:35.009"/>
</kw>
<kw name="Select Web Bank and Nordea as Payment Method" library="booking">
<kw name="Click" library="Browser">
<arg>//div[contains(text(), "Web bank payment")]</arg>
<tag>PageContent</tag>
<tag>Setter</tag>
<doc>Simulates mouse click on the element found by ``selector``.</doc>
<status status="PASS" starttime="20230705 06:30:35.010" endtime="20230705 06:30:35.106"/>
</kw>
<kw name="Click" library="Browser">
<arg>//p[contains(text(), 'Nordea')]</arg>
<tag>PageContent</tag>
<tag>Setter</tag>
<doc>Simulates mouse click on the element found by ``selector``.</doc>
<status status="PASS" starttime="20230705 06:30:35.107" endtime="20230705 06:30:35.257"/>
</kw>
<kw name="Click" library="Browser">
<arg>(//div[contains(@view,"payment")]//button[contains(text(), "Pay")])[1]</arg>
<tag>PageContent</tag>
<tag>Setter</tag>
<doc>Simulates mouse click on the element found by ``selector``.</doc>
<status status="PASS" starttime="20230705 06:30:35.257" endtime="20230705 06:30:37.449"/>
</kw>
<status status="PASS" starttime="20230705 06:30:35.009" endtime="20230705 06:30:37.449"/>
</kw>
<kw name="Complete Payment Successfully" library="booking">
<kw name="Simulate Success or Failure" library="booking">
<arg>success</arg>
<kw name="Wait For Elements State" library="Browser">
<arg>//a[contains(text(), 'Simulate ${which} to merchant')]</arg>
<arg>visible</arg>
<arg>timeout=${timeout}</arg>
<tag>PageContent</tag>
<tag>Wait</tag>
<doc>Waits for the element found by ``selector`` to satisfy state option.</doc>
<msg timestamp="20230705 06:30:46.007" level="INFO">Waited for Element with selector //a[contains(text(), 'Simulate success to merchant')] at state visible</msg>
<status status="PASS" starttime="20230705 06:30:37.450" endtime="20230705 06:30:46.007"/>
</kw>
<kw name="Click" library="Browser">
<arg>//a[contains(text(), 'Simulate ${which} to merchant')]</arg>
<tag>PageContent</tag>
<tag>Setter</tag>
<doc>Simulates mouse click on the element found by ``selector``.</doc>
<status status="PASS" starttime="20230705 06:30:46.008" endtime="20230705 06:30:50.189"/>
</kw>
<status status="PASS" starttime="20230705 06:30:37.450" endtime="20230705 06:30:50.190"/>
</kw>
<kw name="Verify Payment was successful" library="booking">
<kw name="Wait Until Visible" library="common">
<arg>//p[contains(text(), 'Payment was successful')]</arg>
<doc>An easier keyword for waiting until an element is visible</doc>
<kw name="Wait For Elements State" library="Browser">
<arg>${element}</arg>
<arg>visible</arg>
<arg>timeout=${timeout}</arg>
<tag>PageContent</tag>
<tag>Wait</tag>
<doc>Waits for the element found by ``selector`` to satisfy state option.</doc>
<msg timestamp="20230705 06:30:53.371" level="INFO">Waited for Element with selector //p[contains(text(), 'Payment was successful')] at state visible</msg>
<status status="PASS" starttime="20230705 06:30:50.191" endtime="20230705 06:30:53.371"/>
</kw>
<status status="PASS" starttime="20230705 06:30:50.190" endtime="20230705 06:30:53.372"/>
</kw>
<kw name="Close Dialog" library="booking">
<kw name="Wait Until Visible" library="common">
<arg>//button[contains(text(), "Ok")]</arg>
<doc>An easier keyword for waiting until an element is visible</doc>
<kw name="Wait For Elements State" library="Browser">
<arg>${element}</arg>
<arg>visible</arg>
<arg>timeout=${timeout}</arg>
<tag>PageContent</tag>
<tag>Wait</tag>
<doc>Waits for the element found by ``selector`` to satisfy state option.</doc>
<msg timestamp="20230705 06:30:53.391" level="INFO">Waited for Element with selector //button[contains(text(), "Ok")] at state visible</msg>
<status status="PASS" starttime="20230705 06:30:53.373" endtime="20230705 06:30:53.391"/>
</kw>
<status status="PASS" starttime="20230705 06:30:53.373" endtime="20230705 06:30:53.391"/>
</kw>
<kw name="Click" library="Browser">
<arg>//button[contains(text(), "Ok")]</arg>
<tag>PageContent</tag>
<tag>Setter</tag>
<doc>Simulates mouse click on the element found by ``selector``.</doc>
<status status="PASS" starttime="20230705 06:30:53.391" endtime="20230705 06:30:53.525"/>
</kw>
<status status="PASS" starttime="20230705 06:30:53.372" endtime="20230705 06:30:53.525"/>
</kw>
<kw name="Save Booking Number 1" library="booking">
<kw name="Get Text" library="Browser">
<var>${str}</var>
<arg>//p[contains(text(),'Booking number')]</arg>
<tag>Assertion</tag>
<tag>Getter</tag>
<tag>PageContent</tag>
<doc>Returns text attribute of the element found by ``selector``.</doc>
<msg timestamp="20230705 06:30:53.594" level="INFO">Text: 'Booking number: 988977761'</msg>
<msg timestamp="20230705 06:30:53.594" level="INFO">${str} = Booking number: 988977761</msg>
<status status="PASS" starttime="20230705 06:30:53.526" endtime="20230705 06:30:53.594"/>
</kw>
<kw name="Log To Console" library="BuiltIn">
<arg>${bookingNumber}</arg>
<doc>Logs the given message to the console.</doc>
<status status="PASS" starttime="20230705 06:30:53.594" endtime="20230705 06:30:53.595"/>
</kw>
<kw name="Remove String" library="String">
<var>${str}</var>
<arg>${str}</arg>
<arg>Booking code${SPACE}</arg>
<doc>Removes all ``removables`` from the given ``string``.</doc>
<msg timestamp="20230705 06:30:53.596" level="INFO">${str} = Booking number: 988977761</msg>
<status status="PASS" starttime="20230705 06:30:53.595" endtime="20230705 06:30:53.596"/>
</kw>
<kw name="Strip String" library="String">
<var>${str}</var>
<arg>${str}</arg>
<doc>Remove leading and/or trailing whitespaces from the given string.</doc>
<msg timestamp="20230705 06:30:53.596" level="INFO">${str} = Booking number: 988977761</msg>
<status status="PASS" starttime="20230705 06:30:53.596" endtime="20230705 06:30:53.596"/>
</kw>
<status status="PASS" starttime="20230705 06:30:53.525" endtime="20230705 06:30:53.597"/>
</kw>
<status status="PASS" starttime="20230705 06:30:50.190" endtime="20230705 06:30:53.597"/>
</kw>
<status status="PASS" starttime="20230705 06:30:37.450" endtime="20230705 06:30:53.597"/>
</kw>
<status status="PASS" starttime="20230705 06:30:18.023" endtime="20230705 06:30:53.597"/>
</kw>
<kw name="Click Check In Button" library="booking">
<kw name="Wait Until Visible" library="common">
<arg>(//button[text()="Check in"])[1]</arg>
<doc>An easier keyword for waiting until an element is visible</doc>
<kw name="Wait For Elements State" library="Browser">
<arg>${element}</arg>
<arg>visible</arg>
<arg>timeout=${timeout}</arg>
<tag>PageContent</tag>
<tag>Wait</tag>
<doc>Waits for the element found by ``selector`` to satisfy state option.</doc>
<msg timestamp="20230705 06:30:53.617" level="INFO">Waited for Element with selector (//button[text()="Check in"])[1] at state visible</msg>
<status status="PASS" starttime="20230705 06:30:53.598" endtime="20230705 06:30:53.618"/>
</kw>
<status status="PASS" starttime="20230705 06:30:53.598" endtime="20230705 06:30:53.618"/>
</kw>
<kw name="Click" library="Browser">
<arg>(//button[text()="Check in"])[1]</arg>
<tag>PageContent</tag>
<tag>Setter</tag>
<doc>Simulates mouse click on the element found by ``selector``.</doc>
<status status="PASS" starttime="20230705 06:30:53.618" endtime="20230705 06:30:54.109"/>
</kw>
<status status="PASS" starttime="20230705 06:30:53.597" endtime="20230705 06:30:54.109"/>
</kw>
<kw name="Click Someone else checkbox" library="booking">
<kw name="Click" library="Browser">
<arg>//span[normalize-space()='Someone else will be the main guest']</arg>
<tag>PageContent</tag>
<tag>Setter</tag>
<doc>Simulates mouse click on the element found by ``selector``.</doc>
<status status="PASS" starttime="20230705 06:30:54.110" endtime="20230705 06:30:54.982"/>
</kw>
<status status="PASS" starttime="20230705 06:30:54.110" endtime="20230705 06:30:54.982"/>
</kw>
<kw name="Edit guest popup change to &quot;Booker information&quot;" library="booking">
<kw name="Verify Element Presence" library="booking">
<arg>//div[normalize-space()='Booker information' and @disabled]</arg>
<arg>${False}</arg>
<kw name="Run Keyword And Return Status" library="BuiltIn">
<var>${check}</var>
<arg>Wait For Elements State</arg>
<arg>${path}</arg>
<arg>visible</arg>
<arg>timeout=6</arg>
<doc>Runs the given keyword with given arguments and returns the status as a Boolean value.</doc>
<kw name="Wait For Elements State" library="Browser">
<arg>${path}</arg>
<arg>visible</arg>
<arg>timeout=6</arg>
<tag>PageContent</tag>
<tag>Wait</tag>
<doc>Waits for the element found by ``selector`` to satisfy state option.</doc>
<msg timestamp="20230705 06:31:01.101" level="INFO" html="true">&lt;/td&gt;&lt;/tr&gt;&lt;tr&gt;&lt;td colspan="3"&gt;&lt;a href="browser/screenshot/fail-screenshot-1.png" target="_blank"&gt;&lt;img src="browser/screenshot/fail-screenshot-1.png" width="800px"/&gt;&lt;/a&gt;</msg>
<msg timestamp="20230705 06:31:01.101" level="INFO">See also file:///home/runner/work/nelson-test-automation/nelson-test-automation/reports/test3/pabot_results/2/playwright-log.txt for additional details.</msg>
<msg timestamp="20230705 06:31:01.102" level="FAIL">TimeoutError: locator.waitFor: Timeout 6000ms exceeded.
=========================== logs ===========================
waiting for locator('xpath=//div[normalize-space()=\'Booker information\' and @disabled]') to be visible
============================================================
Tip: Use "Set Browser Timeout" for increasing the timeout or double check your locator as the targeted element(s) couldn't be found.</msg>
<status status="FAIL" starttime="20230705 06:30:54.985" endtime="20230705 06:31:01.103"/>
</kw>
<msg timestamp="20230705 06:31:01.103" level="INFO">${check} = False</msg>
<status status="PASS" starttime="20230705 06:30:54.983" endtime="20230705 06:31:01.103"/>
</kw>
<kw name="Run Keyword If" library="BuiltIn">
<arg>${shown} == ${true}</arg>
<arg>Should Be True</arg>
<arg>${check}==${True}</arg>
<doc>Runs the given keyword with the given arguments, if ``condition`` is true.</doc>
<status status="PASS" starttime="20230705 06:31:01.104" endtime="20230705 06:31:01.104"/>
</kw>
<kw name="Run Keyword If" library="BuiltIn">
<arg>${shown} == ${false}</arg>
<arg>Should Be True</arg>
<arg>${check}==${False}</arg>
<doc>Runs the given keyword with the given arguments, if ``condition`` is true.</doc>
<kw name="Should Be True" library="BuiltIn">
<arg>${check}==${False}</arg>
<doc>Fails if the given condition is not true.</doc>
<status status="PASS" starttime="20230705 06:31:01.105" endtime="20230705 06:31:01.105"/>
</kw>
<status status="PASS" starttime="20230705 06:31:01.104" endtime="20230705 06:31:01.105"/>
</kw>
<status status="PASS" starttime="20230705 06:30:54.983" endtime="20230705 06:31:01.106"/>
</kw>
<status status="PASS" starttime="20230705 06:30:54.982" endtime="20230705 06:31:01.106"/>
</kw>
<kw name="Close Browser" library="Browser" type="TEARDOWN">
<tag>BrowserControl</tag>
<tag>Setter</tag>
<doc>Closes the current browser.</doc>
<msg timestamp="20230705 06:31:01.684" level="INFO">Closed browser</msg>
<status status="PASS" starttime="20230705 06:31:01.106" endtime="20230705 06:31:01.684"/>
</kw>
<status status="PASS" starttime="20230705 06:30:08.449" endtime="20230705 06:31:01.684"/>
</test>
<test id="s1-s1-s1-s1-s1-t2" name="Verify notification when marking someone else as a guest" line="17">
<kw name="Open Browser to Landing Page" library="common" type="SETUP">
<doc>A general startup keyword for opening a browser to the landing page.</doc>
<kw name="New Browser" library="Browser">
<arg>${browser}</arg>
<arg>${headless}</arg>
<arg>timeout=${timeout}</arg>
<tag>BrowserControl</tag>
<tag>Setter</tag>
<doc>Create a new playwright Browser with specified options.</doc>
<msg timestamp="20230705 06:31:01.689" level="INFO">{"browser": "firefox", "headless": true, "devtools": false, "handleSIGHUP": true, "handleSIGINT": true, "handleSIGTERM": true, "slowMo": 0.0, "timeout": 90000.0, "deprecated_pos_args": [], "tracesDir": "/home/runner/work/nelson-test-automation/nelson-test-automation/reports/test3/pabot_results/2/browser/traces/034d049d-cf15-4e6d-abd3-492c940598cb"}</msg>
<msg timestamp="20230705 06:31:02.230" level="INFO">Successfully created browser with options: {"browser":"firefox","headless":true,"devtools":false,"handleSIGHUP":true,"handleSIGINT":true,"handleSIGTERM":true,"slowMo":0,"timeout":90000,"deprecated_pos_args":[],"tracesDir":"/home/runner/work/nelson-test-automation/nelson-test-automation/reports/test3/pabot_results/2/browser/traces/034d049d-cf15-4e6d-abd3-492c940598cb"}</msg>
<status status="PASS" starttime="20230705 06:31:01.688" endtime="20230705 06:31:02.230"/>
</kw>
<kw name="Set Browser Timeout" library="Browser">
<arg>${timeout}</arg>
<tag>Config</tag>
<tag>Setter</tag>
<doc>Sets the timeout used by most input and getter keywords.</doc>
<status status="PASS" starttime="20230705 06:31:02.231" endtime="20230705 06:31:02.231"/>
</kw>
<kw name="New Context" library="Browser">
<tag>BrowserControl</tag>
<tag>Setter</tag>
<doc>Create a new BrowserContext with specified options.</doc>
<msg timestamp="20230705 06:31:02.232" level="INFO">{
  "acceptDownloads": true,
  "bypassCSP": false,
  "forcedColors": "none",
  "hideRfBrowser": false,
  "ignoreHTTPSErrors": false,
  "javaScriptEnabled": true,
  "offline": false,
  "reducedMotion": "no-preference",
  "viewport": {
    "width": 1280,
    "height": 720
  },
  "deprecated_pos_args": []
}</msg>
<msg timestamp="20230705 06:31:02.294" level="INFO">Successfully created context. </msg>
<msg timestamp="20230705 06:31:02.294" level="INFO">{'acceptDownloads': True, 'bypassCSP': False, 'forcedColors': 'none', 'hideRfBrowser': False, 'ignoreHTTPSErrors': False, 'javaScriptEnabled': True, 'offline': False, 'reducedMotion': 'no-preference', 'viewport': {'width': 1280, 'height': 720}, 'deprecated_pos_args': []}</msg>
<status status="PASS" starttime="20230705 06:31:02.231" endtime="20230705 06:31:02.294"/>
</kw>
<kw name="New Page" library="Browser">
<arg>${url}</arg>
<tag>BrowserControl</tag>
<tag>Setter</tag>
<doc>Open a new Page.</doc>
<msg timestamp="20230705 06:31:08.174" level="INFO">Successfully initialized new page object and opened url: https://test3.omenahotels.com/</msg>
<status status="PASS" starttime="20230705 06:31:02.295" endtime="20230705 06:31:08.174"/>
</kw>
<kw name="Wait Until Network Is Idle" library="Browser">
<tag>HTTP</tag>
<tag>Wait</tag>
<doc>Waits until there has been at least one instance of 500 ms of no network traffic on the page after loading.</doc>
<status status="PASS" starttime="20230705 06:31:08.174" endtime="20230705 06:31:09.349"/>
</kw>
<kw name="Allow Cookies" library="common">
<doc>Allow Cookies/Toggle Cookie allowance</doc>
<kw name="Is Element Found" library="common">
<var>${cookieModalVisible}</var>
<arg>id=CybotCookiebotDialogBodyLevelButtonLevelOptinAllowAll</arg>
<doc>A keyword that has a very complex way of figuring out whether an
element is found or not because I had trouble with the built-in keywords
Can be solved differently if you have a better idea</doc>
<kw name="Set Browser Timeout" library="Browser">
<arg>10s</arg>
<tag>Config</tag>
<tag>Setter</tag>
<doc>Sets the timeout used by most input and getter keywords.</doc>
<msg timestamp="20230705 06:31:09.353" level="INFO">Set timeout to: 10000</msg>
<status status="PASS" starttime="20230705 06:31:09.351" endtime="20230705 06:31:09.353"/>
</kw>
<try>
<branch type="TRY">
<kw name="Get Elements" library="Browser">
<var>${els}</var>
<arg>${selector}</arg>
<tag>Getter</tag>
<tag>PageContent</tag>
<doc>Returns a reference to Playwright [https://playwright.dev/docs/api/class-locator|Locator]
for all matched elements by ``selector``.</doc>
<msg timestamp="20230705 06:31:09.397" level="INFO">Found 1 Locators successfully.</msg>
<msg timestamp="20230705 06:31:09.398" level="INFO">${els} = ['element=0678db74-281b-41c4-ae82-69eafc696537']</msg>
<status status="PASS" starttime="20230705 06:31:09.354" endtime="20230705 06:31:09.398"/>
</kw>
<kw name="Get Length" library="BuiltIn">
<var>${count}</var>
<arg>${els}</arg>
<doc>Returns and logs the length of the given item as an integer.</doc>
<msg timestamp="20230705 06:31:09.398" level="INFO">Length is 1</msg>
<msg timestamp="20230705 06:31:09.399" level="INFO">${count} = 1</msg>
<status status="PASS" starttime="20230705 06:31:09.398" endtime="20230705 06:31:09.399"/>
</kw>
<if>
<branch type="IF" condition="${count} &gt; 0">
<kw name="Set Variable" library="BuiltIn">
<var>${visible}</var>
<arg>True</arg>
<doc>Returns the given values which can then be assigned to a variables.</doc>
<msg timestamp="20230705 06:31:09.400" level="INFO">${visible} = True</msg>
<status status="PASS" starttime="20230705 06:31:09.399" endtime="20230705 06:31:09.400"/>
</kw>
<status status="PASS" starttime="20230705 06:31:09.399" endtime="20230705 06:31:09.400"/>
</branch>
<branch type="ELSE">
<kw name="Set Variable" library="BuiltIn">
<var>${visible}</var>
<arg>False</arg>
<doc>Returns the given values which can then be assigned to a variables.</doc>
<status status="NOT RUN" starttime="20230705 06:31:09.400" endtime="20230705 06:31:09.400"/>
</kw>
<status status="NOT RUN" starttime="20230705 06:31:09.400" endtime="20230705 06:31:09.400"/>
</branch>
<status status="PASS" starttime="20230705 06:31:09.399" endtime="20230705 06:31:09.400"/>
</if>
<status status="PASS" starttime="20230705 06:31:09.354" endtime="20230705 06:31:09.401"/>
</branch>
<branch type="EXCEPT">
<kw name="Set Variable" library="BuiltIn">
<var>${visible}</var>
<arg>False</arg>
<doc>Returns the given values which can then be assigned to a variables.</doc>
<status status="NOT RUN" starttime="20230705 06:31:09.401" endtime="20230705 06:31:09.401"/>
</kw>
<status status="NOT RUN" starttime="20230705 06:31:09.401" endtime="20230705 06:31:09.401"/>
</branch>
<status status="PASS" starttime="20230705 06:31:09.353" endtime="20230705 06:31:09.401"/>
</try>
<kw name="Set Browser Timeout" library="Browser">
<arg>${timeout}</arg>
<tag>Config</tag>
<tag>Setter</tag>
<doc>Sets the timeout used by most input and getter keywords.</doc>
<msg timestamp="20230705 06:31:09.404" level="INFO">Set timeout to: 90000</msg>
<status status="PASS" starttime="20230705 06:31:09.401" endtime="20230705 06:31:09.404"/>
</kw>
<msg timestamp="20230705 06:31:09.404" level="INFO">${cookieModalVisible} = True</msg>
<status status="PASS" starttime="20230705 06:31:09.350" endtime="20230705 06:31:09.404"/>
</kw>
<if>
<branch type="IF" condition="${cookieModalVisible}">
<kw name="Click" library="Browser">
<arg>id=CybotCookiebotDialogBodyLevelButtonLevelOptinAllowAll</arg>
<tag>PageContent</tag>
<tag>Setter</tag>
<doc>Simulates mouse click on the element found by ``selector``.</doc>
<status status="PASS" starttime="20230705 06:31:09.405" endtime="20230705 06:31:09.479"/>
</kw>
<status status="PASS" starttime="20230705 06:31:09.405" endtime="20230705 06:31:09.479"/>
</branch>
<branch type="ELSE">
<kw name="Log" library="BuiltIn">
<arg>No Cookie Modal Visible</arg>
<doc>Logs the given message with the given level.</doc>
<status status="NOT RUN" starttime="20230705 06:31:09.479" endtime="20230705 06:31:09.479"/>
</kw>
<status status="NOT RUN" starttime="20230705 06:31:09.479" endtime="20230705 06:31:09.479"/>
</branch>
<status status="PASS" starttime="20230705 06:31:09.404" endtime="20230705 06:31:09.480"/>
</if>
<status status="PASS" starttime="20230705 06:31:09.350" endtime="20230705 06:31:09.480"/>
</kw>
<kw name="Set Environment" library="common">
<kw name="Get Url" library="Browser">
<var>${currentUrl}</var>
<tag>Assertion</tag>
<tag>Getter</tag>
<tag>PageContent</tag>
<doc>Returns the current URL.</doc>
<msg timestamp="20230705 06:31:09.484" level="INFO">${currentUrl} = https://test3.omenahotels.com/en/</msg>
<status status="PASS" starttime="20230705 06:31:09.481" endtime="20230705 06:31:09.484"/>
</kw>
<kw name="Get Environment From Url" library="Helpers">
<var>${env}</var>
<arg>${currentUrl}</arg>
<msg timestamp="20230705 06:31:09.485" level="INFO">${env} = test-omena</msg>
<status status="PASS" starttime="20230705 06:31:09.484" endtime="20230705 06:31:09.485"/>
</kw>
<kw name="Set Variable" library="BuiltIn">
<arg>${environment}</arg>
<arg>${env}</arg>
<doc>Returns the given values which can then be assigned to a variables.</doc>
<status status="PASS" starttime="20230705 06:31:09.485" endtime="20230705 06:31:09.485"/>
</kw>
<status status="PASS" starttime="20230705 06:31:09.480" endtime="20230705 06:31:09.486"/>
</kw>
<status status="PASS" starttime="20230705 06:31:01.688" endtime="20230705 06:31:09.486"/>
</kw>
<kw name="Booker just completed payment for a reservation" library="booking">
<kw name="Select Hotel" library="booking">
<arg>Helsinki, Lönnrotinkatu</arg>
<doc>Select Hotel by using a number as an argument, default Lönnrotinkatu</doc>
<if>
<branch type="IF" condition="&quot;${environment}&quot; == &quot;test-exhibition&quot;">
<kw name="Log" library="BuiltIn">
<arg>No hotel to be selected</arg>
<doc>Logs the given message with the given level.</doc>
<status status="NOT RUN" starttime="20230705 06:31:09.488" endtime="20230705 06:31:09.488"/>
</kw>
<status status="NOT RUN" starttime="20230705 06:31:09.488" endtime="20230705 06:31:09.488"/>
</branch>
<branch type="ELSE">
<kw name="Log" library="BuiltIn">
<arg>Selecting Hotel: ${hotel}</arg>
<doc>Logs the given message with the given level.</doc>
<msg timestamp="20230705 06:31:09.489" level="INFO">Selecting Hotel: Helsinki, Lönnrotinkatu</msg>
<status status="PASS" starttime="20230705 06:31:09.489" endtime="20230705 06:31:09.489"/>
</kw>
<kw name="Click" library="Browser">
<arg>//div[contains(@data-nelson-btn, "hotels")]</arg>
<tag>PageContent</tag>
<tag>Setter</tag>
<doc>Simulates mouse click on the element found by ``selector``.</doc>
<status status="PASS" starttime="20230705 06:31:09.489" endtime="20230705 06:31:09.582"/>
</kw>
<kw name="Wait Until Visible" library="common">
<arg>//a[contains(@class, 'dropdown-item') and contains(text(), '${hotel}')]</arg>
<doc>An easier keyword for waiting until an element is visible</doc>
<kw name="Wait For Elements State" library="Browser">
<arg>${element}</arg>
<arg>visible</arg>
<arg>timeout=${timeout}</arg>
<tag>PageContent</tag>
<tag>Wait</tag>
<doc>Waits for the element found by ``selector`` to satisfy state option.</doc>
<msg timestamp="20230705 06:31:09.590" level="INFO">Waited for Element with selector //a[contains(@class, 'dropdown-item') and contains(text(), 'Helsinki, Lönnrotinkatu')] at state visible</msg>
<status status="PASS" starttime="20230705 06:31:09.583" endtime="20230705 06:31:09.590"/>
</kw>
<status status="PASS" starttime="20230705 06:31:09.582" endtime="20230705 06:31:09.590"/>
</kw>
<kw name="Click" library="Browser">
<arg>//a[contains(@class, 'dropdown-item') and contains(text(), '${hotel}')]</arg>
<tag>PageContent</tag>
<tag>Setter</tag>
<doc>Simulates mouse click on the element found by ``selector``.</doc>
<status status="PASS" starttime="20230705 06:31:09.591" endtime="20230705 06:31:09.820"/>
</kw>
<kw name="Wait For Elements State" library="Browser">
<arg>//a[contains(@class, 'dropdown-item') and contains(text(), '${hotel}')]</arg>
<arg>hidden</arg>
<arg>timeout=3s</arg>
<tag>PageContent</tag>
<tag>Wait</tag>
<doc>Waits for the element found by ``selector`` to satisfy state option.</doc>
<msg timestamp="20230705 06:31:09.853" level="INFO">Waited for Element with selector //a[contains(@class, 'dropdown-item') and contains(text(), 'Helsinki, Lönnrotinkatu')] at state hidden</msg>
<status status="PASS" starttime="20230705 06:31:09.821" endtime="20230705 06:31:09.854"/>
</kw>
<status status="PASS" starttime="20230705 06:31:09.488" endtime="20230705 06:31:09.854"/>
</branch>
<status status="PASS" starttime="20230705 06:31:09.488" endtime="20230705 06:31:09.854"/>
</if>
<status status="PASS" starttime="20230705 06:31:09.487" endtime="20230705 06:31:09.854"/>
</kw>
<kw name="Select Dates" library="booking">
<kw name="Log" library="BuiltIn">
<arg>Skipping date selection for now</arg>
<doc>Logs the given message with the given level.</doc>
<msg timestamp="20230705 06:31:09.855" level="INFO">Skipping date selection for now</msg>
<status status="PASS" starttime="20230705 06:31:09.855" endtime="20230705 06:31:09.855"/>
</kw>
<status status="PASS" starttime="20230705 06:31:09.855" endtime="20230705 06:31:09.856"/>
</kw>
<kw name="Select Guests" library="booking">
<doc>Selects the number of guests for the booking, current implementation will only check the dropdown</doc>
<kw name="Log To Console" library="BuiltIn">
<arg>Not yet implemented</arg>
<doc>Logs the given message to the console.</doc>
<status status="PASS" starttime="20230705 06:31:09.857" endtime="20230705 06:31:09.857"/>
</kw>
<status status="PASS" starttime="20230705 06:31:09.856" endtime="20230705 06:31:09.857"/>
</kw>
<kw name="Click Book Button" library="booking">
<kw name="Click" library="Browser">
<arg>//div[@data-nelson-btn='book']</arg>
<tag>PageContent</tag>
<tag>Setter</tag>
<doc>Simulates mouse click on the element found by ``selector``.</doc>
<status status="PASS" starttime="20230705 06:31:09.858" endtime="20230705 06:31:11.972"/>
</kw>
<status status="PASS" starttime="20230705 06:31:09.857" endtime="20230705 06:31:11.972"/>
</kw>
<kw name="Select a Standard Room" library="booking">
<kw name="Wait Until Visible" library="common">
<arg>${btnExtras}</arg>
<doc>An easier keyword for waiting until an element is visible</doc>
<kw name="Wait For Elements State" library="Browser">
<arg>${element}</arg>
<arg>visible</arg>
<arg>timeout=${timeout}</arg>
<tag>PageContent</tag>
<tag>Wait</tag>
<doc>Waits for the element found by ``selector`` to satisfy state option.</doc>
<msg timestamp="20230705 06:31:17.935" level="INFO">Waited for Element with selector (//div[contains(@view,"booking")]//button[contains(text(), "Continue to extras")])[1] at state visible</msg>
<status status="PASS" starttime="20230705 06:31:11.973" endtime="20230705 06:31:17.936"/>
</kw>
<status status="PASS" starttime="20230705 06:31:11.973" endtime="20230705 06:31:17.936"/>
</kw>
<kw name="Get Element States" library="Browser">
<var>${visible}</var>
<arg>//div[contains(text(), 'Select room')]</arg>
<arg>then</arg>
<arg>bool(value &amp; visible)</arg>
<tag>Assertion</tag>
<tag>Getter</tag>
<tag>PageContent</tag>
<doc>Get the active states from the element found by ``selector``.</doc>
<msg timestamp="20230705 06:31:18.190" level="INFO">${visible} = False</msg>
<status status="PASS" starttime="20230705 06:31:17.936" endtime="20230705 06:31:18.190"/>
</kw>
<kw name="Run Keyword If" library="BuiltIn">
<arg>${visible}</arg>
<arg>Select Standard and Remove Other Room Selection</arg>
<doc>Runs the given keyword with the given arguments, if ``condition`` is true.</doc>
<status status="PASS" starttime="20230705 06:31:18.190" endtime="20230705 06:31:18.191"/>
</kw>
<status status="PASS" starttime="20230705 06:31:11.973" endtime="20230705 06:31:18.191"/>
</kw>
<kw name="Click Continue to Extras Button" library="booking">
<doc>Clicks the continue to extras button</doc>
<kw name="Click" library="Browser">
<arg>${btnExtras}</arg>
<tag>PageContent</tag>
<tag>Setter</tag>
<doc>Simulates mouse click on the element found by ``selector``.</doc>
<status status="PASS" starttime="20230705 06:31:18.192" endtime="20230705 06:31:20.888"/>
</kw>
<kw name="Wait Until Visible" library="common">
<arg>${btnPayment}</arg>
<doc>An easier keyword for waiting until an element is visible</doc>
<kw name="Wait For Elements State" library="Browser">
<arg>${element}</arg>
<arg>visible</arg>
<arg>timeout=${timeout}</arg>
<tag>PageContent</tag>
<tag>Wait</tag>
<doc>Waits for the element found by ``selector`` to satisfy state option.</doc>
<msg timestamp="20230705 06:31:22.212" level="INFO">Waited for Element with selector (//div[contains(@view,"extras")]//button[contains(text(), "Continue to payment")])[1] at state visible</msg>
<status status="PASS" starttime="20230705 06:31:20.889" endtime="20230705 06:31:22.212"/>
</kw>
<status status="PASS" starttime="20230705 06:31:20.888" endtime="20230705 06:31:22.213"/>
</kw>
<status status="PASS" starttime="20230705 06:31:18.191" endtime="20230705 06:31:22.213"/>
</kw>
<kw name="Click Continue to Payment" library="booking">
<kw name="Click First Element Found" library="common">
<arg>//div[@class='css-1t415z1']//button[@type='button'][normalize-space()='Continue to payment']</arg>
<kw name="Get Elements" library="Browser">
<var>${elements}</var>
<arg>${xpath}</arg>
<tag>Getter</tag>
<tag>PageContent</tag>
<doc>Returns a reference to Playwright [https://playwright.dev/docs/api/class-locator|Locator]
for all matched elements by ``selector``.</doc>
<msg timestamp="20230705 06:31:22.265" level="INFO">Found 1 Locators successfully.</msg>
<msg timestamp="20230705 06:31:22.266" level="INFO">${elements} = ['element=95efa2ce-a91f-4670-b81e-7b6b2dec4327']</msg>
<status status="PASS" starttime="20230705 06:31:22.214" endtime="20230705 06:31:22.266"/>
</kw>
<kw name="Set Variable" library="BuiltIn">
<var>${first_element}</var>
<arg>${elements}[0]</arg>
<doc>Returns the given values which can then be assigned to a variables.</doc>
<msg timestamp="20230705 06:31:22.267" level="INFO">${first_element} = element=95efa2ce-a91f-4670-b81e-7b6b2dec4327</msg>
<status status="PASS" starttime="20230705 06:31:22.266" endtime="20230705 06:31:22.267"/>
</kw>
<kw name="Click" library="Browser">
<arg>${first_element}</arg>
<tag>PageContent</tag>
<tag>Setter</tag>
<doc>Simulates mouse click on the element found by ``selector``.</doc>
<status status="PASS" starttime="20230705 06:31:22.267" endtime="20230705 06:31:22.624"/>
</kw>
<status status="PASS" starttime="20230705 06:31:22.214" endtime="20230705 06:31:22.624"/>
</kw>
<status status="PASS" starttime="20230705 06:31:22.213" endtime="20230705 06:31:22.624"/>
</kw>
<kw name="Check Regular Rate 2" library="booking">
<kw name="Check Regular Rate" library="booking">
<kw name="Click" library="Browser">
<arg>//p[contains(text(),'Continue with regular rate')]</arg>
<tag>PageContent</tag>
<tag>Setter</tag>
<doc>Simulates mouse click on the element found by ``selector``.</doc>
<status status="PASS" starttime="20230705 06:31:22.626" endtime="20230705 06:31:25.137"/>
</kw>
<kw name="Wait Until Visible" library="common">
<arg>//div//*[normalize-space()='Continue with regular rate']/following-sibling::div[@data-checked]</arg>
<doc>An easier keyword for waiting until an element is visible</doc>
<kw name="Wait For Elements State" library="Browser">
<arg>${element}</arg>
<arg>visible</arg>
<arg>timeout=${timeout}</arg>
<tag>PageContent</tag>
<tag>Wait</tag>
<doc>Waits for the element found by ``selector`` to satisfy state option.</doc>
<msg timestamp="20230705 06:31:25.204" level="INFO">Waited for Element with selector //div//*[normalize-space()='Continue with regular rate']/following-sibling::div[@data-checked] at state visible</msg>
<status status="PASS" starttime="20230705 06:31:25.138" endtime="20230705 06:31:25.204"/>
</kw>
<status status="PASS" starttime="20230705 06:31:25.137" endtime="20230705 06:31:25.205"/>
</kw>
<status status="PASS" starttime="20230705 06:31:22.625" endtime="20230705 06:31:25.205"/>
</kw>
<kw name="Check Join as Member" library="booking">
<kw name="Click" library="Browser">
<arg>//p[contains(text(),'Join for free and')]</arg>
<tag>PageContent</tag>
<tag>Setter</tag>
<doc>Simulates mouse click on the element found by ``selector``.</doc>
<status status="PASS" starttime="20230705 06:31:25.206" endtime="20230705 06:31:25.445"/>
</kw>
<kw name="Wait Until Visible" library="common">
<arg>//div//*[normalize-space()='Join for free and get the member rate']/following-sibling::div[@data-checked]</arg>
<doc>An easier keyword for waiting until an element is visible</doc>
<kw name="Wait For Elements State" library="Browser">
<arg>${element}</arg>
<arg>visible</arg>
<arg>timeout=${timeout}</arg>
<tag>PageContent</tag>
<tag>Wait</tag>
<doc>Waits for the element found by ``selector`` to satisfy state option.</doc>
<msg timestamp="20230705 06:31:25.580" level="INFO">Waited for Element with selector //div//*[normalize-space()='Join for free and get the member rate']/following-sibling::div[@data-checked] at state visible</msg>
<status status="PASS" starttime="20230705 06:31:25.446" endtime="20230705 06:31:25.581"/>
</kw>
<status status="PASS" starttime="20230705 06:31:25.446" endtime="20230705 06:31:25.581"/>
</kw>
<status status="PASS" starttime="20230705 06:31:25.205" endtime="20230705 06:31:25.581"/>
</kw>
<kw name="Check Regular Rate" library="booking">
<kw name="Click" library="Browser">
<arg>//p[contains(text(),'Continue with regular rate')]</arg>
<tag>PageContent</tag>
<tag>Setter</tag>
<doc>Simulates mouse click on the element found by ``selector``.</doc>
<status status="PASS" starttime="20230705 06:31:25.582" endtime="20230705 06:31:25.796"/>
</kw>
<kw name="Wait Until Visible" library="common">
<arg>//div//*[normalize-space()='Continue with regular rate']/following-sibling::div[@data-checked]</arg>
<doc>An easier keyword for waiting until an element is visible</doc>
<kw name="Wait For Elements State" library="Browser">
<arg>${element}</arg>
<arg>visible</arg>
<arg>timeout=${timeout}</arg>
<tag>PageContent</tag>
<tag>Wait</tag>
<doc>Waits for the element found by ``selector`` to satisfy state option.</doc>
<msg timestamp="20230705 06:31:25.889" level="INFO">Waited for Element with selector //div//*[normalize-space()='Continue with regular rate']/following-sibling::div[@data-checked] at state visible</msg>
<status status="PASS" starttime="20230705 06:31:25.797" endtime="20230705 06:31:25.889"/>
</kw>
<status status="PASS" starttime="20230705 06:31:25.797" endtime="20230705 06:31:25.890"/>
</kw>
<status status="PASS" starttime="20230705 06:31:25.581" endtime="20230705 06:31:25.890"/>
</kw>
<kw name="Check Join as Member" library="booking">
<kw name="Click" library="Browser">
<arg>//p[contains(text(),'Join for free and')]</arg>
<tag>PageContent</tag>
<tag>Setter</tag>
<doc>Simulates mouse click on the element found by ``selector``.</doc>
<status status="PASS" starttime="20230705 06:31:25.891" endtime="20230705 06:31:26.266"/>
</kw>
<kw name="Wait Until Visible" library="common">
<arg>//div//*[normalize-space()='Join for free and get the member rate']/following-sibling::div[@data-checked]</arg>
<doc>An easier keyword for waiting until an element is visible</doc>
<kw name="Wait For Elements State" library="Browser">
<arg>${element}</arg>
<arg>visible</arg>
<arg>timeout=${timeout}</arg>
<tag>PageContent</tag>
<tag>Wait</tag>
<doc>Waits for the element found by ``selector`` to satisfy state option.</doc>
<msg timestamp="20230705 06:31:26.293" level="INFO">Waited for Element with selector //div//*[normalize-space()='Join for free and get the member rate']/following-sibling::div[@data-checked] at state visible</msg>
<status status="PASS" starttime="20230705 06:31:26.268" endtime="20230705 06:31:26.293"/>
</kw>
<status status="PASS" starttime="20230705 06:31:26.267" endtime="20230705 06:31:26.293"/>
</kw>
<status status="PASS" starttime="20230705 06:31:25.890" endtime="20230705 06:31:26.294"/>
</kw>
<kw name="Check Regular Rate" library="booking">
<kw name="Click" library="Browser">
<arg>//p[contains(text(),'Continue with regular rate')]</arg>
<tag>PageContent</tag>
<tag>Setter</tag>
<doc>Simulates mouse click on the element found by ``selector``.</doc>
<status status="PASS" starttime="20230705 06:31:26.294" endtime="20230705 06:31:26.556"/>
</kw>
<kw name="Wait Until Visible" library="common">
<arg>//div//*[normalize-space()='Continue with regular rate']/following-sibling::div[@data-checked]</arg>
<doc>An easier keyword for waiting until an element is visible</doc>
<kw name="Wait For Elements State" library="Browser">
<arg>${element}</arg>
<arg>visible</arg>
<arg>timeout=${timeout}</arg>
<tag>PageContent</tag>
<tag>Wait</tag>
<doc>Waits for the element found by ``selector`` to satisfy state option.</doc>
<msg timestamp="20230705 06:31:26.576" level="INFO">Waited for Element with selector //div//*[normalize-space()='Continue with regular rate']/following-sibling::div[@data-checked] at state visible</msg>
<status status="PASS" starttime="20230705 06:31:26.557" endtime="20230705 06:31:26.577"/>
</kw>
<status status="PASS" starttime="20230705 06:31:26.556" endtime="20230705 06:31:26.577"/>
</kw>
<status status="PASS" starttime="20230705 06:31:26.294" endtime="20230705 06:31:26.577"/>
</kw>
<status status="PASS" starttime="20230705 06:31:22.625" endtime="20230705 06:31:26.577"/>
</kw>
<kw name="Fill in Contact Information 1" library="booking">
<kw name="Click and Fill" library="common">
<arg>id=firstName</arg>
<arg>${firstName}</arg>
<doc>A keyword combination of Click and Fill Text since most of the form fields need a click</doc>
<kw name="Click" library="Browser">
<arg>${selector}</arg>
<tag>PageContent</tag>
<tag>Setter</tag>
<doc>Simulates mouse click on the element found by ``selector``.</doc>
<status status="PASS" starttime="20230705 06:31:26.579" endtime="20230705 06:31:26.786"/>
</kw>
<kw name="Fill Text" library="Browser">
<arg>${selector}</arg>
<arg>${text}</arg>
<tag>PageContent</tag>
<tag>Setter</tag>
<doc>Clears and fills the given ``txt`` into the text field found by ``selector``.</doc>
<msg timestamp="20230705 06:31:26.787" level="INFO">Fills the text 'Bich' in the given field.</msg>
<status status="PASS" starttime="20230705 06:31:26.787" endtime="20230705 06:31:26.870"/>
</kw>
<status status="PASS" starttime="20230705 06:31:26.578" endtime="20230705 06:31:26.870"/>
</kw>
<kw name="Click and Fill" library="common">
<arg>id=lastName</arg>
<arg>${lastName}</arg>
<doc>A keyword combination of Click and Fill Text since most of the form fields need a click</doc>
<kw name="Click" library="Browser">
<arg>${selector}</arg>
<tag>PageContent</tag>
<tag>Setter</tag>
<doc>Simulates mouse click on the element found by ``selector``.</doc>
<status status="PASS" starttime="20230705 06:31:26.871" endtime="20230705 06:31:27.118"/>
</kw>
<kw name="Fill Text" library="Browser">
<arg>${selector}</arg>
<arg>${text}</arg>
<tag>PageContent</tag>
<tag>Setter</tag>
<doc>Clears and fills the given ``txt`` into the text field found by ``selector``.</doc>
<msg timestamp="20230705 06:31:27.119" level="INFO">Fills the text 'Ngoc' in the given field.</msg>
<status status="PASS" starttime="20230705 06:31:27.118" endtime="20230705 06:31:27.205"/>
</kw>
<status status="PASS" starttime="20230705 06:31:26.870" endtime="20230705 06:31:27.206"/>
</kw>
<kw name="Click and Fill" library="common">
<arg>id=email</arg>
<arg>${email}</arg>
<doc>A keyword combination of Click and Fill Text since most of the form fields need a click</doc>
<kw name="Click" library="Browser">
<arg>${selector}</arg>
<tag>PageContent</tag>
<tag>Setter</tag>
<doc>Simulates mouse click on the element found by ``selector``.</doc>
<status status="PASS" starttime="20230705 06:31:27.207" endtime="20230705 06:31:27.413"/>
</kw>
<kw name="Fill Text" library="Browser">
<arg>${selector}</arg>
<arg>${text}</arg>
<tag>PageContent</tag>
<tag>Setter</tag>
<doc>Clears and fills the given ``txt`` into the text field found by ``selector``.</doc>
<msg timestamp="20230705 06:31:27.414" level="INFO">Fills the text 'bichngoc9995@gmail.com' in the given field.</msg>
<status status="PASS" starttime="20230705 06:31:27.413" endtime="20230705 06:31:27.488"/>
</kw>
<status status="PASS" starttime="20230705 06:31:27.206" endtime="20230705 06:31:27.488"/>
</kw>
<kw name="Click and Fill" library="common">
<arg>id=phoneNumber</arg>
<arg>${phone}</arg>
<doc>A keyword combination of Click and Fill Text since most of the form fields need a click</doc>
<kw name="Click" library="Browser">
<arg>${selector}</arg>
<tag>PageContent</tag>
<tag>Setter</tag>
<doc>Simulates mouse click on the element found by ``selector``.</doc>
<status status="PASS" starttime="20230705 06:31:27.489" endtime="20230705 06:31:27.709"/>
</kw>
<kw name="Fill Text" library="Browser">
<arg>${selector}</arg>
<arg>${text}</arg>
<tag>PageContent</tag>
<tag>Setter</tag>
<doc>Clears and fills the given ``txt`` into the text field found by ``selector``.</doc>
<msg timestamp="20230705 06:31:27.710" level="INFO">Fills the text '040123942' in the given field.</msg>
<status status="PASS" starttime="20230705 06:31:27.709" endtime="20230705 06:31:27.746"/>
</kw>
<status status="PASS" starttime="20230705 06:31:27.489" endtime="20230705 06:31:27.746"/>
</kw>
<status status="PASS" starttime="20230705 06:31:26.578" endtime="20230705 06:31:27.746"/>
</kw>
<kw name="Accept offers and Terms" library="booking">
<kw name="Click" library="Browser">
<arg>(//div[contains(text(), 'like to receive')])[1]</arg>
<tag>PageContent</tag>
<tag>Setter</tag>
<doc>Simulates mouse click on the element found by ``selector``.</doc>
<status status="PASS" starttime="20230705 06:31:27.747" endtime="20230705 06:31:27.941"/>
</kw>
<kw name="Click" library="Browser">
<arg>(//*[contains(text(),'Accept')]/ancestor::label//span[contains(@class,'chakra-checkbox__control')])[1]</arg>
<tag>PageContent</tag>
<tag>Setter</tag>
<doc>Simulates mouse click on the element found by ``selector``.</doc>
<status status="PASS" starttime="20230705 06:31:27.941" endtime="20230705 06:31:28.188"/>
</kw>
<status status="PASS" starttime="20230705 06:31:27.747" endtime="20230705 06:31:28.188"/>
</kw>
<kw name="Select Web Bank and Nordea as Payment Method" library="booking">
<kw name="Click" library="Browser">
<arg>//div[contains(text(), "Web bank payment")]</arg>
<tag>PageContent</tag>
<tag>Setter</tag>
<doc>Simulates mouse click on the element found by ``selector``.</doc>
<status status="PASS" starttime="20230705 06:31:28.189" endtime="20230705 06:31:28.318"/>
</kw>
<kw name="Click" library="Browser">
<arg>//p[contains(text(), 'Nordea')]</arg>
<tag>PageContent</tag>
<tag>Setter</tag>
<doc>Simulates mouse click on the element found by ``selector``.</doc>
<status status="PASS" starttime="20230705 06:31:28.318" endtime="20230705 06:31:28.566"/>
</kw>
<kw name="Click" library="Browser">
<arg>(//div[contains(@view,"payment")]//button[contains(text(), "Pay")])[1]</arg>
<tag>PageContent</tag>
<tag>Setter</tag>
<doc>Simulates mouse click on the element found by ``selector``.</doc>
<status status="PASS" starttime="20230705 06:31:28.566" endtime="20230705 06:31:30.966"/>
</kw>
<status status="PASS" starttime="20230705 06:31:28.188" endtime="20230705 06:31:30.966"/>
</kw>
<kw name="Complete Payment Successfully" library="booking">
<kw name="Simulate Success or Failure" library="booking">
<arg>success</arg>
<kw name="Wait For Elements State" library="Browser">
<arg>//a[contains(text(), 'Simulate ${which} to merchant')]</arg>
<arg>visible</arg>
<arg>timeout=${timeout}</arg>
<tag>PageContent</tag>
<tag>Wait</tag>
<doc>Waits for the element found by ``selector`` to satisfy state option.</doc>
<msg timestamp="20230705 06:31:36.261" level="INFO">Waited for Element with selector //a[contains(text(), 'Simulate success to merchant')] at state visible</msg>
<status status="PASS" starttime="20230705 06:31:30.968" endtime="20230705 06:31:36.262"/>
</kw>
<kw name="Click" library="Browser">
<arg>//a[contains(text(), 'Simulate ${which} to merchant')]</arg>
<tag>PageContent</tag>
<tag>Setter</tag>
<doc>Simulates mouse click on the element found by ``selector``.</doc>
<status status="PASS" starttime="20230705 06:31:36.262" endtime="20230705 06:31:39.665"/>
</kw>
<status status="PASS" starttime="20230705 06:31:30.967" endtime="20230705 06:31:39.666"/>
</kw>
<kw name="Verify Payment was successful" library="booking">
<kw name="Wait Until Visible" library="common">
<arg>//p[contains(text(), 'Payment was successful')]</arg>
<doc>An easier keyword for waiting until an element is visible</doc>
<kw name="Wait For Elements State" library="Browser">
<arg>${element}</arg>
<arg>visible</arg>
<arg>timeout=${timeout}</arg>
<tag>PageContent</tag>
<tag>Wait</tag>
<doc>Waits for the element found by ``selector`` to satisfy state option.</doc>
<msg timestamp="20230705 06:31:44.214" level="INFO">Waited for Element with selector //p[contains(text(), 'Payment was successful')] at state visible</msg>
<status status="PASS" starttime="20230705 06:31:39.667" endtime="20230705 06:31:44.215"/>
</kw>
<status status="PASS" starttime="20230705 06:31:39.667" endtime="20230705 06:31:44.215"/>
</kw>
<kw name="Close Dialog" library="booking">
<kw name="Wait Until Visible" library="common">
<arg>//button[contains(text(), "Ok")]</arg>
<doc>An easier keyword for waiting until an element is visible</doc>
<kw name="Wait For Elements State" library="Browser">
<arg>${element}</arg>
<arg>visible</arg>
<arg>timeout=${timeout}</arg>
<tag>PageContent</tag>
<tag>Wait</tag>
<doc>Waits for the element found by ``selector`` to satisfy state option.</doc>
<msg timestamp="20230705 06:31:44.296" level="INFO">Waited for Element with selector //button[contains(text(), "Ok")] at state visible</msg>
<status status="PASS" starttime="20230705 06:31:44.216" endtime="20230705 06:31:44.296"/>
</kw>
<status status="PASS" starttime="20230705 06:31:44.216" endtime="20230705 06:31:44.297"/>
</kw>
<kw name="Click" library="Browser">
<arg>//button[contains(text(), "Ok")]</arg>
<tag>PageContent</tag>
<tag>Setter</tag>
<doc>Simulates mouse click on the element found by ``selector``.</doc>
<status status="PASS" starttime="20230705 06:31:44.297" endtime="20230705 06:31:44.541"/>
</kw>
<status status="PASS" starttime="20230705 06:31:44.215" endtime="20230705 06:31:44.542"/>
</kw>
<kw name="Save Booking Number 1" library="booking">
<kw name="Get Text" library="Browser">
<var>${str}</var>
<arg>//p[contains(text(),'Booking number')]</arg>
<tag>Assertion</tag>
<tag>Getter</tag>
<tag>PageContent</tag>
<doc>Returns text attribute of the element found by ``selector``.</doc>
<msg timestamp="20230705 06:31:44.625" level="INFO">Text: 'Booking number: 456841539'</msg>
<msg timestamp="20230705 06:31:44.626" level="INFO">${str} = Booking number: 456841539</msg>
<status status="PASS" starttime="20230705 06:31:44.542" endtime="20230705 06:31:44.626"/>
</kw>
<kw name="Log To Console" library="BuiltIn">
<arg>${bookingNumber}</arg>
<doc>Logs the given message to the console.</doc>
<status status="PASS" starttime="20230705 06:31:44.626" endtime="20230705 06:31:44.627"/>
</kw>
<kw name="Remove String" library="String">
<var>${str}</var>
<arg>${str}</arg>
<arg>Booking code${SPACE}</arg>
<doc>Removes all ``removables`` from the given ``string``.</doc>
<msg timestamp="20230705 06:31:44.627" level="INFO">${str} = Booking number: 456841539</msg>
<status status="PASS" starttime="20230705 06:31:44.627" endtime="20230705 06:31:44.627"/>
</kw>
<kw name="Strip String" library="String">
<var>${str}</var>
<arg>${str}</arg>
<doc>Remove leading and/or trailing whitespaces from the given string.</doc>
<msg timestamp="20230705 06:31:44.628" level="INFO">${str} = Booking number: 456841539</msg>
<status status="PASS" starttime="20230705 06:31:44.627" endtime="20230705 06:31:44.628"/>
</kw>
<status status="PASS" starttime="20230705 06:31:44.542" endtime="20230705 06:31:44.628"/>
</kw>
<status status="PASS" starttime="20230705 06:31:39.666" endtime="20230705 06:31:44.628"/>
</kw>
<status status="PASS" starttime="20230705 06:31:30.967" endtime="20230705 06:31:44.628"/>
</kw>
<status status="PASS" starttime="20230705 06:31:09.487" endtime="20230705 06:31:44.629"/>
</kw>
<kw name="Click Check In Button" library="booking">
<kw name="Wait Until Visible" library="common">
<arg>(//button[text()="Check in"])[1]</arg>
<doc>An easier keyword for waiting until an element is visible</doc>
<kw name="Wait For Elements State" library="Browser">
<arg>${element}</arg>
<arg>visible</arg>
<arg>timeout=${timeout}</arg>
<tag>PageContent</tag>
<tag>Wait</tag>
<doc>Waits for the element found by ``selector`` to satisfy state option.</doc>
<msg timestamp="20230705 06:31:44.649" level="INFO">Waited for Element with selector (//button[text()="Check in"])[1] at state visible</msg>
<status status="PASS" starttime="20230705 06:31:44.631" endtime="20230705 06:31:44.650"/>
</kw>
<status status="PASS" starttime="20230705 06:31:44.631" endtime="20230705 06:31:44.651"/>
</kw>
<kw name="Click" library="Browser">
<arg>(//button[text()="Check in"])[1]</arg>
<tag>PageContent</tag>
<tag>Setter</tag>
<doc>Simulates mouse click on the element found by ``selector``.</doc>
<status status="PASS" starttime="20230705 06:31:44.652" endtime="20230705 06:31:44.888"/>
</kw>
<status status="PASS" starttime="20230705 06:31:44.629" endtime="20230705 06:31:44.888"/>
</kw>
<kw name="Click Someone else checkbox" library="booking">
<kw name="Click" library="Browser">
<arg>//span[normalize-space()='Someone else will be the main guest']</arg>
<tag>PageContent</tag>
[...]
</kw>
<kw name="Set Variable" library="BuiltIn">
<var>${first_element}</var>
<arg>${elements}[0]</arg>
<doc>Returns the given values which can then be assigned to a variables.</doc>
<msg timestamp="20230705 06:40:27.617" level="INFO">${first_element} = element=f4caac04-0a6b-4f9b-962d-cf051ca6f6d2</msg>
<status status="PASS" starttime="20230705 06:40:27.616" endtime="20230705 06:40:27.617"/>
</kw>
<kw name="Click" library="Browser">
<arg>${first_element}</arg>
<tag>PageContent</tag>
<tag>Setter</tag>
<doc>Simulates mouse click on the element found by ``selector``.</doc>
<status status="PASS" starttime="20230705 06:40:27.617" endtime="20230705 06:40:27.767"/>
</kw>
<status status="PASS" starttime="20230705 06:40:27.595" endtime="20230705 06:40:27.767"/>
</kw>
<status status="PASS" starttime="20230705 06:40:27.594" endtime="20230705 06:40:27.767"/>
</kw>
<kw name="Check Regular Rate 2" library="booking">
<kw name="Check Regular Rate" library="booking">
<kw name="Click" library="Browser">
<arg>//p[contains(text(),'Continue with regular rate')]</arg>
<tag>PageContent</tag>
<tag>Setter</tag>
<doc>Simulates mouse click on the element found by ``selector``.</doc>
<status status="PASS" starttime="20230705 06:40:27.769" endtime="20230705 06:40:29.374"/>
</kw>
<kw name="Wait Until Visible" library="common">
<arg>//div//*[normalize-space()='Continue with regular rate']/following-sibling::div[@data-checked]</arg>
<doc>An easier keyword for waiting until an element is visible</doc>
<kw name="Wait For Elements State" library="Browser">
<arg>${element}</arg>
<arg>visible</arg>
<arg>timeout=${timeout}</arg>
<tag>PageContent</tag>
<tag>Wait</tag>
<doc>Waits for the element found by ``selector`` to satisfy state option.</doc>
<msg timestamp="20230705 06:40:29.386" level="INFO">Waited for Element with selector //div//*[normalize-space()='Continue with regular rate']/following-sibling::div[@data-checked] at state visible</msg>
<status status="PASS" starttime="20230705 06:40:29.375" endtime="20230705 06:40:29.386"/>
</kw>
<status status="PASS" starttime="20230705 06:40:29.374" endtime="20230705 06:40:29.387"/>
</kw>
<status status="PASS" starttime="20230705 06:40:27.768" endtime="20230705 06:40:29.387"/>
</kw>
<kw name="Check Join as Member" library="booking">
<kw name="Click" library="Browser">
<arg>//p[contains(text(),'Join for free and')]</arg>
<tag>PageContent</tag>
<tag>Setter</tag>
<doc>Simulates mouse click on the element found by ``selector``.</doc>
<status status="PASS" starttime="20230705 06:40:29.388" endtime="20230705 06:40:29.530"/>
</kw>
<kw name="Wait Until Visible" library="common">
<arg>//div//*[normalize-space()='Join for free and get the member rate']/following-sibling::div[@data-checked]</arg>
<doc>An easier keyword for waiting until an element is visible</doc>
<kw name="Wait For Elements State" library="Browser">
<arg>${element}</arg>
<arg>visible</arg>
<arg>timeout=${timeout}</arg>
<tag>PageContent</tag>
<tag>Wait</tag>
<doc>Waits for the element found by ``selector`` to satisfy state option.</doc>
<msg timestamp="20230705 06:40:29.546" level="INFO">Waited for Element with selector //div//*[normalize-space()='Join for free and get the member rate']/following-sibling::div[@data-checked] at state visible</msg>
<status status="PASS" starttime="20230705 06:40:29.531" endtime="20230705 06:40:29.547"/>
</kw>
<status status="PASS" starttime="20230705 06:40:29.530" endtime="20230705 06:40:29.547"/>
</kw>
<status status="PASS" starttime="20230705 06:40:29.387" endtime="20230705 06:40:29.547"/>
</kw>
<kw name="Check Regular Rate" library="booking">
<kw name="Click" library="Browser">
<arg>//p[contains(text(),'Continue with regular rate')]</arg>
<tag>PageContent</tag>
<tag>Setter</tag>
<doc>Simulates mouse click on the element found by ``selector``.</doc>
<status status="PASS" starttime="20230705 06:40:29.548" endtime="20230705 06:40:29.686"/>
</kw>
<kw name="Wait Until Visible" library="common">
<arg>//div//*[normalize-space()='Continue with regular rate']/following-sibling::div[@data-checked]</arg>
<doc>An easier keyword for waiting until an element is visible</doc>
<kw name="Wait For Elements State" library="Browser">
<arg>${element}</arg>
<arg>visible</arg>
<arg>timeout=${timeout}</arg>
<tag>PageContent</tag>
<tag>Wait</tag>
<doc>Waits for the element found by ``selector`` to satisfy state option.</doc>
<msg timestamp="20230705 06:40:29.697" level="INFO">Waited for Element with selector //div//*[normalize-space()='Continue with regular rate']/following-sibling::div[@data-checked] at state visible</msg>
<status status="PASS" starttime="20230705 06:40:29.687" endtime="20230705 06:40:29.697"/>
</kw>
<status status="PASS" starttime="20230705 06:40:29.686" endtime="20230705 06:40:29.698"/>
</kw>
<status status="PASS" starttime="20230705 06:40:29.547" endtime="20230705 06:40:29.698"/>
</kw>
<kw name="Check Join as Member" library="booking">
<kw name="Click" library="Browser">
<arg>//p[contains(text(),'Join for free and')]</arg>
<tag>PageContent</tag>
<tag>Setter</tag>
<doc>Simulates mouse click on the element found by ``selector``.</doc>
<status status="PASS" starttime="20230705 06:40:29.699" endtime="20230705 06:40:29.912"/>
</kw>
<kw name="Wait Until Visible" library="common">
<arg>//div//*[normalize-space()='Join for free and get the member rate']/following-sibling::div[@data-checked]</arg>
<doc>An easier keyword for waiting until an element is visible</doc>
<kw name="Wait For Elements State" library="Browser">
<arg>${element}</arg>
<arg>visible</arg>
<arg>timeout=${timeout}</arg>
<tag>PageContent</tag>
<tag>Wait</tag>
<doc>Waits for the element found by ``selector`` to satisfy state option.</doc>
<msg timestamp="20230705 06:40:29.964" level="INFO">Waited for Element with selector //div//*[normalize-space()='Join for free and get the member rate']/following-sibling::div[@data-checked] at state visible</msg>
<status status="PASS" starttime="20230705 06:40:29.913" endtime="20230705 06:40:29.964"/>
</kw>
<status status="PASS" starttime="20230705 06:40:29.912" endtime="20230705 06:40:29.964"/>
</kw>
<status status="PASS" starttime="20230705 06:40:29.698" endtime="20230705 06:40:29.965"/>
</kw>
<kw name="Check Regular Rate" library="booking">
<kw name="Click" library="Browser">
<arg>//p[contains(text(),'Continue with regular rate')]</arg>
<tag>PageContent</tag>
<tag>Setter</tag>
<doc>Simulates mouse click on the element found by ``selector``.</doc>
<status status="PASS" starttime="20230705 06:40:29.965" endtime="20230705 06:40:30.212"/>
</kw>
<kw name="Wait Until Visible" library="common">
<arg>//div//*[normalize-space()='Continue with regular rate']/following-sibling::div[@data-checked]</arg>
<doc>An easier keyword for waiting until an element is visible</doc>
<kw name="Wait For Elements State" library="Browser">
<arg>${element}</arg>
<arg>visible</arg>
<arg>timeout=${timeout}</arg>
<tag>PageContent</tag>
<tag>Wait</tag>
<doc>Waits for the element found by ``selector`` to satisfy state option.</doc>
<msg timestamp="20230705 06:40:30.343" level="INFO">Waited for Element with selector //div//*[normalize-space()='Continue with regular rate']/following-sibling::div[@data-checked] at state visible</msg>
<status status="PASS" starttime="20230705 06:40:30.213" endtime="20230705 06:40:30.343"/>
</kw>
<status status="PASS" starttime="20230705 06:40:30.213" endtime="20230705 06:40:30.343"/>
</kw>
<status status="PASS" starttime="20230705 06:40:29.965" endtime="20230705 06:40:30.343"/>
</kw>
<status status="PASS" starttime="20230705 06:40:27.768" endtime="20230705 06:40:30.344"/>
</kw>
<kw name="Fill in Contact Information 1" library="booking">
<kw name="Click and Fill" library="common">
<arg>id=firstName</arg>
<arg>${firstName}</arg>
<doc>A keyword combination of Click and Fill Text since most of the form fields need a click</doc>
<kw name="Click" library="Browser">
<arg>${selector}</arg>
<tag>PageContent</tag>
<tag>Setter</tag>
<doc>Simulates mouse click on the element found by ``selector``.</doc>
<status status="PASS" starttime="20230705 06:40:30.345" endtime="20230705 06:40:30.442"/>
</kw>
<kw name="Fill Text" library="Browser">
<arg>${selector}</arg>
<arg>${text}</arg>
<tag>PageContent</tag>
<tag>Setter</tag>
<doc>Clears and fills the given ``txt`` into the text field found by ``selector``.</doc>
<msg timestamp="20230705 06:40:30.443" level="INFO">Fills the text 'Bich' in the given field.</msg>
<status status="PASS" starttime="20230705 06:40:30.442" endtime="20230705 06:40:30.543"/>
</kw>
<status status="PASS" starttime="20230705 06:40:30.344" endtime="20230705 06:40:30.543"/>
</kw>
<kw name="Click and Fill" library="common">
<arg>id=lastName</arg>
<arg>${lastName}</arg>
<doc>A keyword combination of Click and Fill Text since most of the form fields need a click</doc>
<kw name="Click" library="Browser">
<arg>${selector}</arg>
<tag>PageContent</tag>
<tag>Setter</tag>
<doc>Simulates mouse click on the element found by ``selector``.</doc>
<status status="PASS" starttime="20230705 06:40:30.544" endtime="20230705 06:40:30.855"/>
</kw>
<kw name="Fill Text" library="Browser">
<arg>${selector}</arg>
<arg>${text}</arg>
<tag>PageContent</tag>
<tag>Setter</tag>
<doc>Clears and fills the given ``txt`` into the text field found by ``selector``.</doc>
<msg timestamp="20230705 06:40:30.855" level="INFO">Fills the text 'Ngoc' in the given field.</msg>
<status status="PASS" starttime="20230705 06:40:30.855" endtime="20230705 06:40:30.972"/>
</kw>
<status status="PASS" starttime="20230705 06:40:30.544" endtime="20230705 06:40:30.973"/>
</kw>
<kw name="Click and Fill" library="common">
<arg>id=email</arg>
<arg>${email}</arg>
<doc>A keyword combination of Click and Fill Text since most of the form fields need a click</doc>
<kw name="Click" library="Browser">
<arg>${selector}</arg>
<tag>PageContent</tag>
<tag>Setter</tag>
<doc>Simulates mouse click on the element found by ``selector``.</doc>
<status status="PASS" starttime="20230705 06:40:30.974" endtime="20230705 06:40:31.144"/>
</kw>
<kw name="Fill Text" library="Browser">
<arg>${selector}</arg>
<arg>${text}</arg>
<tag>PageContent</tag>
<tag>Setter</tag>
<doc>Clears and fills the given ``txt`` into the text field found by ``selector``.</doc>
<msg timestamp="20230705 06:40:31.145" level="INFO">Fills the text 'bichngoc9995@gmail.com' in the given field.</msg>
<status status="PASS" starttime="20230705 06:40:31.145" endtime="20230705 06:40:31.271"/>
</kw>
<status status="PASS" starttime="20230705 06:40:30.973" endtime="20230705 06:40:31.272"/>
</kw>
<kw name="Click and Fill" library="common">
<arg>id=phoneNumber</arg>
<arg>${phone}</arg>
<doc>A keyword combination of Click and Fill Text since most of the form fields need a click</doc>
<kw name="Click" library="Browser">
<arg>${selector}</arg>
<tag>PageContent</tag>
<tag>Setter</tag>
<doc>Simulates mouse click on the element found by ``selector``.</doc>
<status status="PASS" starttime="20230705 06:40:31.273" endtime="20230705 06:40:31.457"/>
</kw>
<kw name="Fill Text" library="Browser">
<arg>${selector}</arg>
<arg>${text}</arg>
<tag>PageContent</tag>
<tag>Setter</tag>
<doc>Clears and fills the given ``txt`` into the text field found by ``selector``.</doc>
<msg timestamp="20230705 06:40:31.458" level="INFO">Fills the text '040123942' in the given field.</msg>
<status status="PASS" starttime="20230705 06:40:31.457" endtime="20230705 06:40:31.525"/>
</kw>
<status status="PASS" starttime="20230705 06:40:31.272" endtime="20230705 06:40:31.525"/>
</kw>
<status status="PASS" starttime="20230705 06:40:30.344" endtime="20230705 06:40:31.525"/>
</kw>
<kw name="Accept offers and Terms" library="booking">
<kw name="Click" library="Browser">
<arg>(//div[contains(text(), 'like to receive')])[1]</arg>
<tag>PageContent</tag>
<tag>Setter</tag>
<doc>Simulates mouse click on the element found by ``selector``.</doc>
<status status="PASS" starttime="20230705 06:40:31.526" endtime="20230705 06:40:31.670"/>
</kw>
<kw name="Click" library="Browser">
<arg>(//*[contains(text(),'Accept')]/ancestor::label//span[contains(@class,'chakra-checkbox__control')])[1]</arg>
<tag>PageContent</tag>
<tag>Setter</tag>
<doc>Simulates mouse click on the element found by ``selector``.</doc>
<status status="PASS" starttime="20230705 06:40:31.670" endtime="20230705 06:40:31.801"/>
</kw>
<status status="PASS" starttime="20230705 06:40:31.525" endtime="20230705 06:40:31.802"/>
</kw>
<kw name="Select Web Bank and Nordea as Payment Method" library="booking">
<kw name="Click" library="Browser">
<arg>//div[contains(text(), "Web bank payment")]</arg>
<tag>PageContent</tag>
<tag>Setter</tag>
<doc>Simulates mouse click on the element found by ``selector``.</doc>
<status status="PASS" starttime="20230705 06:40:31.802" endtime="20230705 06:40:31.910"/>
</kw>
<kw name="Click" library="Browser">
<arg>//p[contains(text(), 'Nordea')]</arg>
<tag>PageContent</tag>
<tag>Setter</tag>
<doc>Simulates mouse click on the element found by ``selector``.</doc>
<status status="PASS" starttime="20230705 06:40:31.910" endtime="20230705 06:40:32.053"/>
</kw>
<kw name="Click" library="Browser">
<arg>(//div[contains(@view,"payment")]//button[contains(text(), "Pay")])[1]</arg>
<tag>PageContent</tag>
<tag>Setter</tag>
<doc>Simulates mouse click on the element found by ``selector``.</doc>
<status status="PASS" starttime="20230705 06:40:32.053" endtime="20230705 06:40:32.187"/>
</kw>
<status status="PASS" starttime="20230705 06:40:31.802" endtime="20230705 06:40:32.187"/>
</kw>
<kw name="Complete Payment Successfully" library="booking">
<kw name="Simulate Success or Failure" library="booking">
<arg>success</arg>
<kw name="Wait For Elements State" library="Browser">
<arg>//a[contains(text(), 'Simulate ${which} to merchant')]</arg>
<arg>visible</arg>
<arg>timeout=${timeout}</arg>
<tag>PageContent</tag>
<tag>Wait</tag>
<doc>Waits for the element found by ``selector`` to satisfy state option.</doc>
<msg timestamp="20230705 06:42:02.289" level="INFO" html="true">&lt;/td&gt;&lt;/tr&gt;&lt;tr&gt;&lt;td colspan="3"&gt;&lt;a href="browser/screenshot/fail-screenshot-8.png" target="_blank"&gt;&lt;img src="browser/screenshot/fail-screenshot-8.png" width="800px"/&gt;&lt;/a&gt;</msg>
<msg timestamp="20230705 06:42:02.289" level="INFO">See also file:///home/runner/work/nelson-test-automation/nelson-test-automation/reports/test3/pabot_results/2/playwright-log.txt for additional details.</msg>
<msg timestamp="20230705 06:42:02.289" level="FAIL">TimeoutError: locator.waitFor: Timeout 90000ms exceeded.
=========================== logs ===========================
waiting for locator('xpath=//a[contains(text(), \'Simulate success to merchant\')]') to be visible
============================================================
Tip: Use "Set Browser Timeout" for increasing the timeout or double check your locator as the targeted element(s) couldn't be found.</msg>
<status status="FAIL" starttime="20230705 06:40:32.189" endtime="20230705 06:42:02.289"/>
</kw>
<kw name="Click" library="Browser">
<arg>//a[contains(text(), 'Simulate ${which} to merchant')]</arg>
<tag>PageContent</tag>
<tag>Setter</tag>
<doc>Simulates mouse click on the element found by ``selector``.</doc>
<status status="NOT RUN" starttime="20230705 06:42:02.290" endtime="20230705 06:42:02.290"/>
</kw>
<status status="FAIL" starttime="20230705 06:40:32.188" endtime="20230705 06:42:02.291"/>
</kw>
<kw name="Verify Payment was successful" library="booking">
<status status="NOT RUN" starttime="20230705 06:42:02.292" endtime="20230705 06:42:02.292"/>
</kw>
<status status="FAIL" starttime="20230705 06:40:32.188" endtime="20230705 06:42:02.292"/>
</kw>
<status status="FAIL" starttime="20230705 06:40:14.994" endtime="20230705 06:42:02.293"/>
</kw>
<kw name="Click Check In Button" library="booking">
<status status="NOT RUN" starttime="20230705 06:42:02.293" endtime="20230705 06:42:02.293"/>
</kw>
<kw name="Click Someone else checkbox" library="booking">
<status status="NOT RUN" starttime="20230705 06:42:02.294" endtime="20230705 06:42:02.294"/>
</kw>
<kw name="Fill In Booker info" library="booking">
<status status="NOT RUN" starttime="20230705 06:42:02.294" endtime="20230705 06:42:02.294"/>
</kw>
<kw name="Click Save and invite" library="booking">
<status status="NOT RUN" starttime="20230705 06:42:02.294" endtime="20230705 06:42:02.294"/>
</kw>
<kw name="Invite guest popup is open" library="booking">
<status status="NOT RUN" starttime="20230705 06:42:02.294" endtime="20230705 06:42:02.295"/>
</kw>
<kw name="Fill Invite guest info and click invite button" library="booking">
<status status="NOT RUN" starttime="20230705 06:42:02.295" endtime="20230705 06:42:02.295"/>
</kw>
<kw name="Booker is brought back to Comfirmation Landing page" library="booking">
<status status="NOT RUN" starttime="20230705 06:42:02.295" endtime="20230705 06:42:02.295"/>
</kw>
<kw name="Notice &quot;Invite sent&quot; displays" library="booking">
<status status="NOT RUN" starttime="20230705 06:42:02.295" endtime="20230705 06:42:02.295"/>
</kw>
<kw name="Status of guest confirmation is changed to &quot;Invite sent, not check-in&quot;" library="booking">
<status status="NOT RUN" starttime="20230705 06:42:02.296" endtime="20230705 06:42:02.296"/>
</kw>
<kw name="Verify Guest information component" library="booking">
<status status="NOT RUN" starttime="20230705 06:42:02.296" endtime="20230705 06:42:02.296"/>
</kw>
<kw name="Verify Booking summary" library="booking">
<status status="NOT RUN" starttime="20230705 06:42:02.296" endtime="20230705 06:42:02.296"/>
</kw>
<kw name="Verify Guest information popup when guest not checkin" library="booking">
<status status="NOT RUN" starttime="20230705 06:42:02.296" endtime="20230705 06:42:02.297"/>
</kw>
<kw name="Click Uninvite button" library="booking">
<status status="NOT RUN" starttime="20230705 06:42:02.297" endtime="20230705 06:42:02.297"/>
</kw>
<kw name="Close Browser" library="Browser" type="TEARDOWN">
<tag>BrowserControl</tag>
<tag>Setter</tag>
<doc>Closes the current browser.</doc>
<msg timestamp="20230705 06:42:02.879" level="INFO">Closed browser</msg>
<status status="PASS" starttime="20230705 06:42:02.297" endtime="20230705 06:42:02.879"/>
</kw>
<status status="FAIL" starttime="20230705 06:40:06.440" endtime="20230705 06:42:02.879">TimeoutError: locator.waitFor: Timeout 90000ms exceeded.
=========================== logs ===========================
waiting for locator('xpath=//a[contains(text(), \'Simulate success to merchant\')]') to be visible
============================================================
Tip: Use "Set Browser Timeout" for increasing the timeout or double check your locator as the targeted element(s) couldn't be found.</status>
</test>
<status status="FAIL" starttime="20230705 06:30:07.376" endtime="20230705 06:42:02.884"/>
</suite>
<status status="FAIL" starttime="20230705 06:30:07.374" endtime="20230705 06:42:02.890"/>
</suite>
<status status="FAIL" starttime="20230705 06:30:07.373" endtime="20230705 06:42:02.893"/>
</suite>
<status status="FAIL" starttime="20230705 06:30:07.371" endtime="20230705 06:42:02.895"/>
</suite>
<doc>Argument file for running tests on Omena test environmen (test4)</doc>
<status status="FAIL" starttime="20230705 06:30:07.354" endtime="20230705 06:42:02.898"/>
</suite>
<statistics>
<total>
<stat pass="8" fail="3" skip="0">All Tests</stat>
</total>
<tag>
</tag>
<suite>
<stat pass="8" fail="3" skip="0" id="s1" name="Testsuites">Testsuites</stat>
<stat pass="8" fail="3" skip="0" id="s1-s1" name="BUI">Testsuites.BUI</stat>
<stat pass="8" fail="3" skip="0" id="s1-s1-s1" name="Feature">Testsuites.BUI.Feature</stat>
<stat pass="8" fail="3" skip="0" id="s1-s1-s1-s1" name="Online Check In">Testsuites.BUI.Feature.Online Check In</stat>
<stat pass="8" fail="3" skip="0" id="s1-s1-s1-s1-s1" name="BUI2-558">Testsuites.BUI.Feature.Online Check In.BUI2-558</stat>
</suite>
</statistics>
<errors>
</errors>
</robot>
