<?xml version="1.0" encoding="UTF-8"?>
<robot generator="Robot 5.0.1 (Python 3.10.12 on linux)" generated="20230710 08:28:09.484" rpa="false" schemaversion="3">
<suite id="s1" name="Pretest" source="/home/runner/work/nelson-test-automation/nelson-test-automation/testsuites/pretest.robot">
<test id="s1-t1" name="Pre-Test: Get Non-Member Inbox" line="17">
<kw name="Create new Inbox" library="MailSlurp">
<var>${inbox}</var>
<msg timestamp="20230710 08:28:11.296" level="INFO">${inbox} = {'created_at': datetime.datetime(2023, 7, 10, 8, 28, 11, 252000, tzinfo=tzlocal()),
 'description': None,
 'domain_id': None,
 'email_address': 'bd43d68d-92b5-4bc5-888d-4fbd23137fdc@mailslurp.com',
 '...</msg>
<status status="PASS" starttime="20230710 08:28:10.721" endtime="20230710 08:28:11.296"/>
</kw>
<kw name="Set Suite Variable" library="BuiltIn">
<arg>${inboxId}</arg>
<arg>${inbox.id}</arg>
<doc>Makes a variable available everywhere within the scope of the current suite.</doc>
<msg timestamp="20230710 08:28:11.299" level="INFO">${inboxId} = bd43d68d-92b5-4bc5-888d-4fbd23137fdc</msg>
<status status="PASS" starttime="20230710 08:28:11.297" endtime="20230710 08:28:11.299"/>
</kw>
<kw name="Log To Console" library="BuiltIn">
<arg>${inbox_id}</arg>
<doc>Logs the given message to the console.</doc>
<status status="PASS" starttime="20230710 08:28:11.299" endtime="20230710 08:28:11.299"/>
</kw>
<doc>Verifies the Mailslurp keywords are running</doc>
<tag>pretest</tag>
<status status="PASS" starttime="20230710 08:28:10.719" endtime="20230710 08:28:11.300"/>
</test>
<test id="s1-t2" name="Pre-Test: Get Member Inbox" line="23">
<kw name="Log To Console" library="BuiltIn">
<arg>${inbox_id}</arg>
<doc>Logs the given message to the console.</doc>
<status status="PASS" starttime="20230710 08:28:11.310" endtime="20230710 08:28:11.311"/>
</kw>
<kw name="Get Inbox" library="MailSlurp">
<var>${inbox}</var>
<arg>${inbox_id}</arg>
<msg timestamp="20230710 08:28:11.703" level="INFO">None</msg>
<msg timestamp="20230710 08:28:11.704" level="INFO">${inbox} = {'created_at': datetime.datetime(2023, 7, 10, 8, 28, 11, 252000, tzinfo=tzlocal()),
 'description': None,
 'domain_id': None,
 'email_address': 'bd43d68d-92b5-4bc5-888d-4fbd23137fdc@mailslurp.com',
 '...</msg>
<status status="PASS" starttime="20230710 08:28:11.311" endtime="20230710 08:28:11.704"/>
</kw>
<kw name="Set Suite Variable" library="BuiltIn">
<arg>${inbox_object}</arg>
<arg>${inbox}</arg>
<doc>Makes a variable available everywhere within the scope of the current suite.</doc>
<msg timestamp="20230710 08:28:11.705" level="INFO">${inbox_object} = {'created_at': datetime.datetime(2023, 7, 10, 8, 28, 11, 252000, tzinfo=tzlocal()),
 'description': None,
 'domain_id': None,
 'email_address': 'bd43d68d-92b5-4bc5-888d-4fbd23137fdc@mailslurp.com',
 '...</msg>
<status status="PASS" starttime="20230710 08:28:11.704" endtime="20230710 08:28:11.705"/>
</kw>
<kw name="Log To Console" library="BuiltIn">
<arg>${inbox.name}</arg>
<doc>Logs the given message to the console.</doc>
<status status="PASS" starttime="20230710 08:28:11.706" endtime="20230710 08:28:11.707"/>
</kw>
<doc>Verifies the Mailslurp keywords are running</doc>
<tag>pretest</tag>
<status status="PASS" starttime="20230710 08:28:11.309" endtime="20230710 08:28:11.707"/>
</test>
<test id="s1-t3" name="Pre-Test: Verify Variables are Set" line="30">
<kw name="Create List" library="BuiltIn">
<var>@{vars}</var>
<arg>${inbox_id}</arg>
<arg>${MAILSLURP_API_KEY}</arg>
<arg>${MUI_URL}</arg>
<arg>${MUI_USERNAME}</arg>
<arg>${MUI_PASSWORD}</arg>
<arg>${MUI_URL}</arg>
<arg>${MUI_USERNAME}</arg>
<arg>${MUI_PASSWORD}</arg>
<doc>Returns a list containing given items.</doc>
<msg timestamp="20230710 08:28:11.714" level="INFO">@{vars} = [ bd43d68d-92b5-4bc5-888d-4fbd23137fdc | $MAILSLURP_API_KEY | $MUI_URL | $MUI_USERNAME | $MUI_PASSWORD | $MUI_URL | $MUI_USERNAME | $MUI_PASSWORD ]</msg>
<status status="PASS" starttime="20230710 08:28:11.713" endtime="20230710 08:28:11.714"/>
</kw>
<for flavor="IN">
<var>${var}</var>
<value>@{vars}</value>
<iter>
<var name="${var}">bd43d68d-92b5-4bc5-888d-4fbd23137fdc</var>
<kw name="Should Not Be Empty" library="BuiltIn">
<arg>${var}</arg>
<doc>Verifies that the given item is not empty.</doc>
<msg timestamp="20230710 08:28:11.715" level="INFO">Length is 36</msg>
<status status="PASS" starttime="20230710 08:28:11.715" endtime="20230710 08:28:11.716"/>
</kw>
<status status="PASS" starttime="20230710 08:28:11.715" endtime="20230710 08:28:11.716"/>
</iter>
<iter>
<var name="${var}">$MAILSLURP_API_KEY</var>
<kw name="Should Not Be Empty" library="BuiltIn">
<arg>${var}</arg>
<doc>Verifies that the given item is not empty.</doc>
<msg timestamp="20230710 08:28:11.716" level="INFO">Length is 18</msg>
<status status="PASS" starttime="20230710 08:28:11.716" endtime="20230710 08:28:11.716"/>
</kw>
<status status="PASS" starttime="20230710 08:28:11.716" endtime="20230710 08:28:11.716"/>
</iter>
<iter>
<var name="${var}">$MUI_URL</var>
<kw name="Should Not Be Empty" library="BuiltIn">
<arg>${var}</arg>
<doc>Verifies that the given item is not empty.</doc>
<msg timestamp="20230710 08:28:11.717" level="INFO">Length is 8</msg>
<status status="PASS" starttime="20230710 08:28:11.717" endtime="20230710 08:28:11.717"/>
</kw>
<status status="PASS" starttime="20230710 08:28:11.717" endtime="20230710 08:28:11.717"/>
</iter>
<iter>
<var name="${var}">$MUI_USERNAME</var>
<kw name="Should Not Be Empty" library="BuiltIn">
<arg>${var}</arg>
<doc>Verifies that the given item is not empty.</doc>
<msg timestamp="20230710 08:28:11.718" level="INFO">Length is 13</msg>
<status status="PASS" starttime="20230710 08:28:11.718" endtime="20230710 08:28:11.718"/>
</kw>
<status status="PASS" starttime="20230710 08:28:11.717" endtime="20230710 08:28:11.718"/>
</iter>
<iter>
<var name="${var}">$MUI_PASSWORD</var>
<kw name="Should Not Be Empty" library="BuiltIn">
<arg>${var}</arg>
<doc>Verifies that the given item is not empty.</doc>
<msg timestamp="20230710 08:28:11.719" level="INFO">Length is 13</msg>
<status status="PASS" starttime="20230710 08:28:11.718" endtime="20230710 08:28:11.719"/>
</kw>
<status status="PASS" starttime="20230710 08:28:11.718" endtime="20230710 08:28:11.719"/>
</iter>
<iter>
<var name="${var}">$MUI_URL</var>
<kw name="Should Not Be Empty" library="BuiltIn">
<arg>${var}</arg>
<doc>Verifies that the given item is not empty.</doc>
<msg timestamp="20230710 08:28:11.719" level="INFO">Length is 8</msg>
<status status="PASS" starttime="20230710 08:28:11.719" endtime="20230710 08:28:11.720"/>
</kw>
<status status="PASS" starttime="20230710 08:28:11.719" endtime="20230710 08:28:11.720"/>
</iter>
<iter>
<var name="${var}">$MUI_USERNAME</var>
<kw name="Should Not Be Empty" library="BuiltIn">
<arg>${var}</arg>
<doc>Verifies that the given item is not empty.</doc>
<msg timestamp="20230710 08:28:11.720" level="INFO">Length is 13</msg>
<status status="PASS" starttime="20230710 08:28:11.720" endtime="20230710 08:28:11.720"/>
</kw>
<status status="PASS" starttime="20230710 08:28:11.720" endtime="20230710 08:28:11.720"/>
</iter>
<iter>
<var name="${var}">$MUI_PASSWORD</var>
<kw name="Should Not Be Empty" library="BuiltIn">
<arg>${var}</arg>
<doc>Verifies that the given item is not empty.</doc>
<msg timestamp="20230710 08:28:11.721" level="INFO">Length is 13</msg>
<status status="PASS" starttime="20230710 08:28:11.721" endtime="20230710 08:28:11.721"/>
</kw>
<status status="PASS" starttime="20230710 08:28:11.721" endtime="20230710 08:28:11.721"/>
</iter>
<status status="PASS" starttime="20230710 08:28:11.714" endtime="20230710 08:28:11.721"/>
</for>
<tag>pretest</tag>
<status status="PASS" starttime="20230710 08:28:11.713" endtime="20230710 08:28:11.721"/>
</test>
<test id="s1-t4" name="Pre-Test: Verify BUI is Up" line="36">
<kw name="Pass Execution" library="BuiltIn">
<arg>TBD: BUI is up and running</arg>
<doc>Skips rest of the current test, setup, or teardown with PASS status.</doc>
<msg timestamp="20230710 08:28:11.726" level="INFO">Execution passed with message:
TBD: BUI is up and running</msg>
<status status="PASS" starttime="20230710 08:28:11.726" endtime="20230710 08:28:11.727"/>
</kw>
<tag>pretest</tag>
<status status="PASS" starttime="20230710 08:28:11.725" endtime="20230710 08:28:11.727">TBD: BUI is up and running</status>
</test>
<test id="s1-t5" name="Pre-Test: Verify API is Up" line="39">
<kw name="Pass Execution" library="BuiltIn">
<arg>TBD: API is up and running</arg>
<doc>Skips rest of the current test, setup, or teardown with PASS status.</doc>
<msg timestamp="20230710 08:28:11.731" level="INFO">Execution passed with message:
TBD: API is up and running</msg>
<status status="PASS" starttime="20230710 08:28:11.731" endtime="20230710 08:28:11.731"/>
</kw>
<tag>pretest</tag>
<status status="PASS" starttime="20230710 08:28:11.730" endtime="20230710 08:28:11.731">TBD: API is up and running</status>
</test>
<test id="s1-t6" name="Pre-Test: Verify MUI is Up" line="42">
<kw name="Pass Execution" library="BuiltIn">
<arg>TBD: MUI is up and running</arg>
<doc>Skips rest of the current test, setup, or teardown with PASS status.</doc>
<msg timestamp="20230710 08:28:11.736" level="INFO">Execution passed with message:
TBD: MUI is up and running</msg>
<status status="PASS" starttime="20230710 08:28:11.735" endtime="20230710 08:28:11.736"/>
</kw>
<tag>pretest</tag>
<status status="PASS" starttime="20230710 08:28:11.735" endtime="20230710 08:28:11.736">TBD: MUI is up and running</status>
</test>
<test id="s1-t7" name="Verify Rooms are Available" line="45">
<kw name="Pass Execution" library="BuiltIn">
<arg>TBD: Check Rooms are available, for example API</arg>
<doc>Skips rest of the current test, setup, or teardown with PASS status.</doc>
<msg timestamp="20230710 08:28:11.740" level="INFO">Execution passed with message:
TBD: Check Rooms are available, for example API</msg>
<status status="PASS" starttime="20230710 08:28:11.740" endtime="20230710 08:28:11.740"/>
</kw>
<tag>pretest</tag>
<status status="PASS" starttime="20230710 08:28:11.739" endtime="20230710 08:28:11.740">TBD: Check Rooms are available, for example API</status>
</test>
<doc>Argument file for running Pre-Test verifications</doc>
<status status="PASS" starttime="20230710 08:28:09.486" endtime="20230710 08:28:11.744"/>
</suite>
<statistics>
<total>
<stat pass="7" fail="0" skip="0">All Tests</stat>
</total>
<tag>
<stat pass="7" fail="0" skip="0">pretest</stat>
</tag>
<suite>
<stat pass="7" fail="0" skip="0" id="s1" name="Pretest">Pretest</stat>
</suite>
</statistics>
<errors>
</errors>
</robot>
