<?xml version="1.0" encoding="UTF-8"?>
<robot generator="Robot 5.0.1 (Python 3.10.12 on linux)" generated="20230710 10:35:44.197" rpa="false" schemaversion="3">
<suite id="s1" name="Pretest" source="/home/runner/work/nelson-test-automation/nelson-test-automation/testsuites/pretest.robot">
<test id="s1-t1" name="Pre-Test: Get Non-Member Inbox" line="17">
<kw name="Create new Inbox" library="MailSlurp">
<var>${inbox}</var>
<msg timestamp="20230710 10:35:45.570" level="INFO">${inbox} = {'created_at': datetime.datetime(2023, 7, 10, 10, 35, 45, 532000, tzinfo=tzlocal()),
 'description': None,
 'domain_id': None,
 'email_address': '5952867f-21b7-4f78-be17-af45d756a6eb@mailslurp.com',
 ...</msg>
<status status="PASS" starttime="20230710 10:35:45.222" endtime="20230710 10:35:45.571"/>
</kw>
<kw name="Set Suite Variable" library="BuiltIn">
<arg>${inboxId}</arg>
<arg>${inbox.id}</arg>
<doc>Makes a variable available everywhere within the scope of the current suite.</doc>
<msg timestamp="20230710 10:35:45.573" level="INFO">${inboxId} = 5952867f-21b7-4f78-be17-af45d756a6eb</msg>
<status status="PASS" starttime="20230710 10:35:45.571" endtime="20230710 10:35:45.573"/>
</kw>
<kw name="Log To Console" library="BuiltIn">
<arg>${inbox_id}</arg>
<doc>Logs the given message to the console.</doc>
<status status="PASS" starttime="20230710 10:35:45.573" endtime="20230710 10:35:45.573"/>
</kw>
<doc>Verifies the Mailslurp keywords are running</doc>
<tag>pretest</tag>
<status status="PASS" starttime="20230710 10:35:45.221" endtime="20230710 10:35:45.574"/>
</test>
<test id="s1-t2" name="Pre-Test: Get Member Inbox" line="23">
<kw name="Log To Console" library="BuiltIn">
<arg>${inbox_id}</arg>
<doc>Logs the given message to the console.</doc>
<status status="PASS" starttime="20230710 10:35:45.582" endtime="20230710 10:35:45.583"/>
</kw>
<kw name="Get Inbox" library="MailSlurp">
<var>${inbox}</var>
<arg>${inbox_id}</arg>
<msg timestamp="20230710 10:35:45.927" level="INFO">None</msg>
<msg timestamp="20230710 10:35:45.927" level="INFO">${inbox} = {'created_at': datetime.datetime(2023, 7, 10, 10, 35, 45, 532000, tzinfo=tzlocal()),
 'description': None,
 'domain_id': None,
 'email_address': '5952867f-21b7-4f78-be17-af45d756a6eb@mailslurp.com',
 ...</msg>
<status status="PASS" starttime="20230710 10:35:45.583" endtime="20230710 10:35:45.927"/>
</kw>
<kw name="Set Suite Variable" library="BuiltIn">
<arg>${inbox_object}</arg>
<arg>${inbox}</arg>
<doc>Makes a variable available everywhere within the scope of the current suite.</doc>
<msg timestamp="20230710 10:35:45.929" level="INFO">${inbox_object} = {'created_at': datetime.datetime(2023, 7, 10, 10, 35, 45, 532000, tzinfo=tzlocal()),
 'description': None,
 'domain_id': None,
 'email_address': '5952867f-21b7-4f78-be17-af45d756a6eb@mailslurp.com',
 ...</msg>
<status status="PASS" starttime="20230710 10:35:45.928" endtime="20230710 10:35:45.929"/>
</kw>
<kw name="Log To Console" library="BuiltIn">
<arg>${inbox.name}</arg>
<doc>Logs the given message to the console.</doc>
<status status="PASS" starttime="20230710 10:35:45.929" endtime="20230710 10:35:45.931"/>
</kw>
<doc>Verifies the Mailslurp keywords are running</doc>
<tag>pretest</tag>
<status status="PASS" starttime="20230710 10:35:45.581" endtime="20230710 10:35:45.931"/>
</test>
<test id="s1-t3" name="Pre-Test: Verify Variables are Set" line="30">
<kw name="Create List" library="BuiltIn">
<var>@{vars}</var>
<arg>${inbox_id}</arg>
<arg>${MAILSLURP_API_KEY}</arg>
<arg>${MUI_URL}</arg>
<arg>${MUI_USERNAME}</arg>
<arg>${MUI_PASSWORD}</arg>
<arg>${MUI_URL}</arg>
<arg>${MUI_USERNAME}</arg>
<arg>${MUI_PASSWORD}</arg>
<doc>Returns a list containing given items.</doc>
<msg timestamp="20230710 10:35:45.936" level="INFO">@{vars} = [ 5952867f-21b7-4f78-be17-af45d756a6eb | $MAILSLURP_API_KEY | $MUI_URL | $MUI_USERNAME | $MUI_PASSWORD | $MUI_URL | $MUI_USERNAME | $MUI_PASSWORD ]</msg>
<status status="PASS" starttime="20230710 10:35:45.935" endtime="20230710 10:35:45.936"/>
</kw>
<for flavor="IN">
<var>${var}</var>
<value>@{vars}</value>
<iter>
<var name="${var}">5952867f-21b7-4f78-be17-af45d756a6eb</var>
<kw name="Should Not Be Empty" library="BuiltIn">
<arg>${var}</arg>
<doc>Verifies that the given item is not empty.</doc>
<msg timestamp="20230710 10:35:45.937" level="INFO">Length is 36</msg>
<status status="PASS" starttime="20230710 10:35:45.937" endtime="20230710 10:35:45.937"/>
</kw>
<status status="PASS" starttime="20230710 10:35:45.936" endtime="20230710 10:35:45.937"/>
</iter>
<iter>
<var name="${var}">$MAILSLURP_API_KEY</var>
<kw name="Should Not Be Empty" library="BuiltIn">
<arg>${var}</arg>
<doc>Verifies that the given item is not empty.</doc>
<msg timestamp="20230710 10:35:45.938" level="INFO">Length is 18</msg>
<status status="PASS" starttime="20230710 10:35:45.937" endtime="20230710 10:35:45.938"/>
</kw>
<status status="PASS" starttime="20230710 10:35:45.937" endtime="20230710 10:35:45.938"/>
</iter>
<iter>
<var name="${var}">$MUI_URL</var>
<kw name="Should Not Be Empty" library="BuiltIn">
<arg>${var}</arg>
<doc>Verifies that the given item is not empty.</doc>
<msg timestamp="20230710 10:35:45.938" level="INFO">Length is 8</msg>
<status status="PASS" starttime="20230710 10:35:45.938" endtime="20230710 10:35:45.938"/>
</kw>
<status status="PASS" starttime="20230710 10:35:45.938" endtime="20230710 10:35:45.938"/>
</iter>
<iter>
<var name="${var}">$MUI_USERNAME</var>
<kw name="Should Not Be Empty" library="BuiltIn">
<arg>${var}</arg>
<doc>Verifies that the given item is not empty.</doc>
<msg timestamp="20230710 10:35:45.939" level="INFO">Length is 13</msg>
<status status="PASS" starttime="20230710 10:35:45.939" endtime="20230710 10:35:45.939"/>
</kw>
<status status="PASS" starttime="20230710 10:35:45.938" endtime="20230710 10:35:45.939"/>
</iter>
<iter>
<var name="${var}">$MUI_PASSWORD</var>
<kw name="Should Not Be Empty" library="BuiltIn">
<arg>${var}</arg>
<doc>Verifies that the given item is not empty.</doc>
<msg timestamp="20230710 10:35:45.939" level="INFO">Length is 13</msg>
<status status="PASS" starttime="20230710 10:35:45.939" endtime="20230710 10:35:45.940"/>
</kw>
<status status="PASS" starttime="20230710 10:35:45.939" endtime="20230710 10:35:45.940"/>
</iter>
<iter>
<var name="${var}">$MUI_URL</var>
<kw name="Should Not Be Empty" library="BuiltIn">
<arg>${var}</arg>
<doc>Verifies that the given item is not empty.</doc>
<msg timestamp="20230710 10:35:45.940" level="INFO">Length is 8</msg>
<status status="PASS" starttime="20230710 10:35:45.940" endtime="20230710 10:35:45.940"/>
</kw>
<status status="PASS" starttime="20230710 10:35:45.940" endtime="20230710 10:35:45.940"/>
</iter>
<iter>
<var name="${var}">$MUI_USERNAME</var>
<kw name="Should Not Be Empty" library="BuiltIn">
<arg>${var}</arg>
<doc>Verifies that the given item is not empty.</doc>
<msg timestamp="20230710 10:35:45.941" level="INFO">Length is 13</msg>
<status status="PASS" starttime="20230710 10:35:45.941" endtime="20230710 10:35:45.941"/>
</kw>
<status status="PASS" starttime="20230710 10:35:45.940" endtime="20230710 10:35:45.941"/>
</iter>
<iter>
<var name="${var}">$MUI_PASSWORD</var>
<kw name="Should Not Be Empty" library="BuiltIn">
<arg>${var}</arg>
<doc>Verifies that the given item is not empty.</doc>
<msg timestamp="20230710 10:35:45.941" level="INFO">Length is 13</msg>
<status status="PASS" starttime="20230710 10:35:45.941" endtime="20230710 10:35:45.942"/>
</kw>
<status status="PASS" starttime="20230710 10:35:45.941" endtime="20230710 10:35:45.942"/>
</iter>
<status status="PASS" starttime="20230710 10:35:45.936" endtime="20230710 10:35:45.942"/>
</for>
<tag>pretest</tag>
<status status="PASS" starttime="20230710 10:35:45.935" endtime="20230710 10:35:45.942"/>
</test>
<test id="s1-t4" name="Pre-Test: Verify BUI is Up" line="36">
<kw name="Pass Execution" library="BuiltIn">
<arg>TBD: BUI is up and running</arg>
<doc>Skips rest of the current test, setup, or teardown with PASS status.</doc>
<msg timestamp="20230710 10:35:45.946" level="INFO">Execution passed with message:
TBD: BUI is up and running</msg>
<status status="PASS" starttime="20230710 10:35:45.946" endtime="20230710 10:35:45.947"/>
</kw>
<tag>pretest</tag>
<status status="PASS" starttime="20230710 10:35:45.945" endtime="20230710 10:35:45.947">TBD: BUI is up and running</status>
</test>
<test id="s1-t5" name="Pre-Test: Verify API is Up" line="39">
<kw name="Pass Execution" library="BuiltIn">
<arg>TBD: API is up and running</arg>
<doc>Skips rest of the current test, setup, or teardown with PASS status.</doc>
<msg timestamp="20230710 10:35:45.950" level="INFO">Execution passed with message:
TBD: API is up and running</msg>
<status status="PASS" starttime="20230710 10:35:45.950" endtime="20230710 10:35:45.951"/>
</kw>
<tag>pretest</tag>
<status status="PASS" starttime="20230710 10:35:45.950" endtime="20230710 10:35:45.951">TBD: API is up and running</status>
</test>
<test id="s1-t6" name="Pre-Test: Verify MUI is Up" line="42">
<kw name="Pass Execution" library="BuiltIn">
<arg>TBD: MUI is up and running</arg>
<doc>Skips rest of the current test, setup, or teardown with PASS status.</doc>
<msg timestamp="20230710 10:35:45.954" level="INFO">Execution passed with message:
TBD: MUI is up and running</msg>
<status status="PASS" starttime="20230710 10:35:45.954" endtime="20230710 10:35:45.954"/>
</kw>
<tag>pretest</tag>
<status status="PASS" starttime="20230710 10:35:45.954" endtime="20230710 10:35:45.955">TBD: MUI is up and running</status>
</test>
<test id="s1-t7" name="Verify Rooms are Available" line="45">
<kw name="Pass Execution" library="BuiltIn">
<arg>TBD: Check Rooms are available, for example API</arg>
<doc>Skips rest of the current test, setup, or teardown with PASS status.</doc>
<msg timestamp="20230710 10:35:45.958" level="INFO">Execution passed with message:
TBD: Check Rooms are available, for example API</msg>
<status status="PASS" starttime="20230710 10:35:45.958" endtime="20230710 10:35:45.958"/>
</kw>
<tag>pretest</tag>
<status status="PASS" starttime="20230710 10:35:45.957" endtime="20230710 10:35:45.959">TBD: Check Rooms are available, for example API</status>
</test>
<doc>Argument file for running Pre-Test verifications</doc>
<status status="PASS" starttime="20230710 10:35:44.198" endtime="20230710 10:35:45.962"/>
</suite>
<statistics>
<total>
<stat pass="7" fail="0" skip="0">All Tests</stat>
</total>
<tag>
<stat pass="7" fail="0" skip="0">pretest</stat>
</tag>
<suite>
<stat pass="7" fail="0" skip="0" id="s1" name="Pretest">Pretest</stat>
</suite>
</statistics>
<errors>
</errors>
</robot>
