<?xml version="1.0" encoding="UTF-8"?>
<robot generator="Robot 5.0.1 (Python 3.11.4 on linux)" generated="20230803 09:22:53.948" rpa="false" schemaversion="3">
<suite id="s1" name="Pretest" source="/home/runner/work/nelson-test-automation/nelson-test-automation/testsuites/pretest.robot">
<test id="s1-t1" name="Pre-Test: Get Config" line="18">
<kw name="Get Config" library="Helpers">
<var>${config}</var>
<arg>${url}</arg>
<msg timestamp="20230803 09:22:55.192" level="INFO">${config} = {'membership': True, 'eciLco': True, 'breakfast': True, 'compensate': False, 'extraBed': True, 'defaultGuestNationality': 'FIN', 'findBookingShortcut': False, 'excludeProductOffer': [], 'giftCard': Tr...</msg>
<status status="PASS" starttime="20230803 09:22:54.988" endtime="20230803 09:22:55.192"/>
</kw>
<kw name="Log To Console" library="BuiltIn">
<arg>Config for environment:</arg>
<doc>Logs the given message to the console.</doc>
<status status="PASS" starttime="20230803 09:22:55.193" endtime="20230803 09:22:55.193"/>
</kw>
<kw name="Log To Console" library="BuiltIn">
<arg>${config}</arg>
<doc>Logs the given message to the console.</doc>
<status status="PASS" starttime="20230803 09:22:55.193" endtime="20230803 09:22:55.193"/>
</kw>
<doc>Test case that checks the config file</doc>
<tag>pretest</tag>
<status status="PASS" starttime="20230803 09:22:54.984" endtime="20230803 09:22:55.194"/>
</test>
<test id="s1-t2" name="Pre-Test: Verify Variables are Set" line="24">
<kw name="Create List" library="BuiltIn">
<var>@{vars}</var>
<arg>${inbox_id}</arg>
<arg>${MUI_URL}</arg>
<arg>${MUI_USERNAME}</arg>
<arg>${MUI_PASSWORD}</arg>
<arg>${MAILSLURP_API_KEY}</arg>
<doc>Returns a list containing given items.</doc>
<msg timestamp="20230803 09:22:55.209" level="INFO">@{vars} = [ 492aa3bb-9e4b-410a-a02c-84f13ace89e8 | https://admin.nelson.management/#/login | tdlong@tma.com.vn | PtFx5P#M67UV | 3b12b09cc897c651b281343b8fb2daeef311b6e343ba984b11a374c70b66dd60 ]</msg>
<status status="PASS" starttime="20230803 09:22:55.209" endtime="20230803 09:22:55.209"/>
</kw>
<for flavor="IN">
<var>${var}</var>
<value>@{vars}</value>
<iter>
<var name="${var}">492aa3bb-9e4b-410a-a02c-84f13ace89e8</var>
<kw name="Should Not Be Empty" library="BuiltIn">
<arg>${var}</arg>
<doc>Verifies that the given item is not empty.</doc>
<msg timestamp="20230803 09:22:55.210" level="INFO">Length is 36</msg>
<status status="PASS" starttime="20230803 09:22:55.210" endtime="20230803 09:22:55.210"/>
</kw>
<status status="PASS" starttime="20230803 09:22:55.210" endtime="20230803 09:22:55.210"/>
</iter>
<iter>
<var name="${var}">https://admin.nelson.management/#/login</var>
<kw name="Should Not Be Empty" library="BuiltIn">
<arg>${var}</arg>
<doc>Verifies that the given item is not empty.</doc>
<msg timestamp="20230803 09:22:55.211" level="INFO">Length is 39</msg>
<status status="PASS" starttime="20230803 09:22:55.211" endtime="20230803 09:22:55.211"/>
</kw>
<status status="PASS" starttime="20230803 09:22:55.210" endtime="20230803 09:22:55.211"/>
</iter>
<iter>
<var name="${var}">tdlong@tma.com.vn</var>
<kw name="Should Not Be Empty" library="BuiltIn">
<arg>${var}</arg>
<doc>Verifies that the given item is not empty.</doc>
<msg timestamp="20230803 09:22:55.211" level="INFO">Length is 17</msg>
<status status="PASS" starttime="20230803 09:22:55.211" endtime="20230803 09:22:55.211"/>
</kw>
<status status="PASS" starttime="20230803 09:22:55.211" endtime="20230803 09:22:55.211"/>
</iter>
<iter>
<var name="${var}">PtFx5P#M67UV</var>
<kw name="Should Not Be Empty" library="BuiltIn">
<arg>${var}</arg>
<doc>Verifies that the given item is not empty.</doc>
<msg timestamp="20230803 09:22:55.212" level="INFO">Length is 12</msg>
<status status="PASS" starttime="20230803 09:22:55.212" endtime="20230803 09:22:55.212"/>
</kw>
<status status="PASS" starttime="20230803 09:22:55.212" endtime="20230803 09:22:55.212"/>
</iter>
<iter>
<var name="${var}">3b12b09cc897c651b281343b8fb2daeef311b6e343ba984b11a374c70b66dd60</var>
<kw name="Should Not Be Empty" library="BuiltIn">
<arg>${var}</arg>
<doc>Verifies that the given item is not empty.</doc>
<msg timestamp="20230803 09:22:55.213" level="INFO">Length is 64</msg>
<status status="PASS" starttime="20230803 09:22:55.212" endtime="20230803 09:22:55.213"/>
</kw>
<status status="PASS" starttime="20230803 09:22:55.212" endtime="20230803 09:22:55.213"/>
</iter>
<status status="PASS" starttime="20230803 09:22:55.210" endtime="20230803 09:22:55.213"/>
</for>
<doc>Test case that verifies all environment variables are set</doc>
<tag>pretest</tag>
<status status="PASS" starttime="20230803 09:22:55.206" endtime="20230803 09:22:55.213"/>
</test>
<test id="s1-t3" name="Pre-Test: Get Member Inbox" line="31">
<kw name="Get Inbox" library="MailSlurp">
<var>${inbox}</var>
<arg>${inbox_id}</arg>
<msg timestamp="20230803 09:22:55.604" level="INFO">Nelson-Test</msg>
<msg timestamp="20230803 09:22:55.604" level="INFO">${inbox} = {'created_at': datetime.datetime(2023, 6, 5, 4, 27, 29, 380000, tzinfo=tzlocal()),
 'description': 'Nelson Test Account',
 'domain_id': None,
 'email_address': '492aa3bb-9e4b-410a-a02c-84f13ace89e8@ma...</msg>
<status status="PASS" starttime="20230803 09:22:55.221" endtime="20230803 09:22:55.604"/>
</kw>
<kw name="Set Suite Variable" library="BuiltIn">
<arg>${inbox_object}</arg>
<arg>${inbox}</arg>
<doc>Makes a variable available everywhere within the scope of the current suite.</doc>
<msg timestamp="20230803 09:22:55.605" level="INFO">${inbox_object} = {'created_at': datetime.datetime(2023, 6, 5, 4, 27, 29, 380000, tzinfo=tzlocal()),
 'description': 'Nelson Test Account',
 'domain_id': None,
 'email_address': '492aa3bb-9e4b-410a-a02c-84f13ace89e8@ma...</msg>
<status status="PASS" starttime="20230803 09:22:55.605" endtime="20230803 09:22:55.605"/>
</kw>
<kw name="Log To Console" library="BuiltIn">
<arg>${inbox.name}</arg>
<doc>Logs the given message to the console.</doc>
<status status="PASS" starttime="20230803 09:22:55.605" endtime="20230803 09:22:55.607"/>
</kw>
<kw name="Create new Inbox" library="MailSlurp">
<var>${i}</var>
<msg timestamp="20230803 09:22:55.994" level="INFO">Debug Config
&lt;mailslurp_client.configuration.Configuration object at 0x7f7fad5ff910&gt;
{'created_at': datetime.datetime(2023, 8, 3, 9, 22, 55, 954000, tzinfo=tzlocal()),
 'description': None,
 'domain_id': None,
 'email_address': 'b9a24b6b-888c-42ea-b66b-8b84805cd6b5@mailslurp.com',
 'expires_at': None,
 'favourite': False,
 'id': 'b9a24b6b-888c-42ea-b66b-8b84805cd6b5',
 'inbox_type': 'HTTP_INBOX',
 'name': None,
 'read_only': False,
 'tags': None,
 'user_id': 'a2f48756-8279-471d-bb55-980a32334d37',
 'virtual_inbox': False}
&lt;MailSlurp.MailSlurp object at 0x7f7fad5ff290&gt;</msg>
<msg timestamp="20230803 09:22:55.994" level="INFO">${i} = {'created_at': datetime.datetime(2023, 8, 3, 9, 22, 55, 954000, tzinfo=tzlocal()),
 'description': None,
 'domain_id': None,
 'email_address': 'b9a24b6b-888c-42ea-b66b-8b84805cd6b5@mailslurp.com',
 'e...</msg>
<status status="PASS" starttime="20230803 09:22:55.607" endtime="20230803 09:22:55.994"/>
</kw>
<kw name="Log To Console" library="BuiltIn">
<arg>${i}</arg>
<doc>Logs the given message to the console.</doc>
<status status="PASS" starttime="20230803 09:22:55.994" endtime="20230803 09:22:55.995"/>
</kw>
<doc>Verifies the Mailslurp keywords are running</doc>
<tag>pretest</tag>
<status status="PASS" starttime="20230803 09:22:55.218" endtime="20230803 09:22:55.995"/>
</test>
<test id="s1-t4" name="Pre-Test: Verify BUI is Up" line="39">
<kw name="Pass Execution" library="BuiltIn">
<arg>TBD: BUI is up and runnin</arg>
<doc>Skips rest of the current test, setup, or teardown with PASS status.</doc>
<msg timestamp="20230803 09:22:56.007" level="INFO">Execution passed with message:
TBD: BUI is up and runnin</msg>
<status status="PASS" starttime="20230803 09:22:56.007" endtime="20230803 09:22:56.007"/>
</kw>
<tag>pretest</tag>
<status status="PASS" starttime="20230803 09:22:56.004" endtime="20230803 09:22:56.008">TBD: BUI is up and runnin</status>
</test>
<test id="s1-t5" name="Pre-Test: Verify API is Up" line="42">
<kw name="Pass Execution" library="BuiltIn">
<arg>TBD: API is up and running</arg>
<doc>Skips rest of the current test, setup, or teardown with PASS status.</doc>
<msg timestamp="20230803 09:22:56.016" level="INFO">Execution passed with message:
TBD: API is up and running</msg>
<status status="PASS" starttime="20230803 09:22:56.016" endtime="20230803 09:22:56.017"/>
</kw>
<tag>pretest</tag>
<status status="PASS" starttime="20230803 09:22:56.013" endtime="20230803 09:22:56.017">TBD: API is up and running</status>
</test>
<test id="s1-t6" name="Pre-Test: Verify MUI is Up" line="45">
<kw name="Pass Execution" library="BuiltIn">
<arg>TBD: MUI is up and running</arg>
<doc>Skips rest of the current test, setup, or teardown with PASS status.</doc>
<msg timestamp="20230803 09:22:56.024" level="INFO">Execution passed with message:
TBD: MUI is up and running</msg>
<status status="PASS" starttime="20230803 09:22:56.024" endtime="20230803 09:22:56.025"/>
</kw>
<tag>pretest</tag>
<status status="PASS" starttime="20230803 09:22:56.022" endtime="20230803 09:22:56.025">TBD: MUI is up and running</status>
</test>
<test id="s1-t7" name="Verify Rooms are Available" line="48">
<kw name="Pass Execution" library="BuiltIn">
<arg>TBD: Check Rooms are available, for example API</arg>
<doc>Skips rest of the current test, setup, or teardown with PASS status.</doc>
<msg timestamp="20230803 09:22:56.031" level="INFO">Execution passed with message:
TBD: Check Rooms are available, for example API</msg>
<status status="PASS" starttime="20230803 09:22:56.031" endtime="20230803 09:22:56.031"/>
</kw>
<tag>pretest</tag>
<status status="PASS" starttime="20230803 09:22:56.029" endtime="20230803 09:22:56.032">TBD: Check Rooms are available, for example API</status>
</test>
<doc>Argument file for running Pre-Test verifications</doc>
<status status="PASS" starttime="20230803 09:22:53.949" endtime="20230803 09:22:56.036"/>
</suite>
<statistics>
<total>
<stat pass="7" fail="0" skip="0">All Tests</stat>
</total>
<tag>
<stat pass="7" fail="0" skip="0">pretest</stat>
</tag>
<suite>
<stat pass="7" fail="0" skip="0" id="s1" name="Pretest">Pretest</stat>
</suite>
</statistics>
<errors>
</errors>
</robot>
