<?xml version="1.0" encoding="UTF-8"?>
<robot generator="Robot 5.0.1 (Python 3.10.12 on linux)" generated="20230710 05:37:24.814" rpa="false" schemaversion="3">
<suite id="s1" name="Pretest" source="/home/runner/work/nelson-test-automation/nelson-test-automation/testsuites/pretest.robot">
<test id="s1-t1" name="Pre-Test: Get Non-Member Inbox" line="17">
<kw name="Create new Inbox" library="MailSlurp">
<var>${inbox}</var>
<msg timestamp="20230710 05:37:26.289" level="INFO">${inbox} = {'created_at': datetime.datetime(2023, 7, 10, 5, 37, 26, 248000, tzinfo=tzlocal()),
 'description': None,
 'domain_id': None,
 'email_address': '5846d696-2f7e-4ced-9a06-1e394dee0efe@mailslurp.com',
 '...</msg>
<status status="PASS" starttime="20230710 05:37:25.921" endtime="20230710 05:37:26.289"/>
</kw>
<kw name="Set Suite Variable" library="BuiltIn">
<arg>${inboxId}</arg>
<arg>${inbox.id}</arg>
<doc>Makes a variable available everywhere within the scope of the current suite.</doc>
<msg timestamp="20230710 05:37:26.291" level="INFO">${inboxId} = 5846d696-2f7e-4ced-9a06-1e394dee0efe</msg>
<status status="PASS" starttime="20230710 05:37:26.289" endtime="20230710 05:37:26.291"/>
</kw>
<kw name="Log To Console" library="BuiltIn">
<arg>${inbox_id}</arg>
<doc>Logs the given message to the console.</doc>
<status status="PASS" starttime="20230710 05:37:26.291" endtime="20230710 05:37:26.292"/>
</kw>
<doc>Verifies the Mailslurp keywords are running</doc>
<tag>pretest</tag>
<status status="PASS" starttime="20230710 05:37:25.919" endtime="20230710 05:37:26.292"/>
</test>
<test id="s1-t2" name="Pre-Test: Get Member Inbox" line="23">
<kw name="Log To Console" library="BuiltIn">
<arg>${inbox_id}</arg>
<doc>Logs the given message to the console.</doc>
<status status="PASS" starttime="20230710 05:37:26.300" endtime="20230710 05:37:26.300"/>
</kw>
<kw name="Get Inbox" library="MailSlurp">
<var>${inbox}</var>
<arg>${inbox_id}</arg>
<msg timestamp="20230710 05:37:26.617" level="INFO">None</msg>
<msg timestamp="20230710 05:37:26.618" level="INFO">${inbox} = {'created_at': datetime.datetime(2023, 7, 10, 5, 37, 26, 248000, tzinfo=tzlocal()),
 'description': None,
 'domain_id': None,
 'email_address': '5846d696-2f7e-4ced-9a06-1e394dee0efe@mailslurp.com',
 '...</msg>
<status status="PASS" starttime="20230710 05:37:26.300" endtime="20230710 05:37:26.618"/>
</kw>
<kw name="Set Suite Variable" library="BuiltIn">
<arg>${inbox_object}</arg>
<arg>${inbox}</arg>
<doc>Makes a variable available everywhere within the scope of the current suite.</doc>
<msg timestamp="20230710 05:37:26.619" level="INFO">${inbox_object} = {'created_at': datetime.datetime(2023, 7, 10, 5, 37, 26, 248000, tzinfo=tzlocal()),
 'description': None,
 'domain_id': None,
 'email_address': '5846d696-2f7e-4ced-9a06-1e394dee0efe@mailslurp.com',
 '...</msg>
<status status="PASS" starttime="20230710 05:37:26.619" endtime="20230710 05:37:26.619"/>
</kw>
<kw name="Log To Console" library="BuiltIn">
<arg>${inbox.name}</arg>
<doc>Logs the given message to the console.</doc>
<status status="PASS" starttime="20230710 05:37:26.619" endtime="20230710 05:37:26.620"/>
</kw>
<doc>Verifies the Mailslurp keywords are running</doc>
<tag>pretest</tag>
<status status="PASS" starttime="20230710 05:37:26.299" endtime="20230710 05:37:26.621"/>
</test>
<test id="s1-t3" name="Pre-Test: Verify Variables are Set" line="30">
<kw name="Create List" library="BuiltIn">
<var>@{vars}</var>
<arg>${inbox_id}</arg>
<arg>${MAILSLURP_API_KEY}</arg>
<arg>${MUI_URL}</arg>
<arg>${MUI_USERNAME}</arg>
<arg>${MUI_PASSWORD}</arg>
<arg>${MUI_URL}</arg>
<arg>${MUI_USERNAME}</arg>
<arg>${MUI_PASSWORD}</arg>
<doc>Returns a list containing given items.</doc>
<msg timestamp="20230710 05:37:26.626" level="INFO">@{vars} = [ 5846d696-2f7e-4ced-9a06-1e394dee0efe | $MAILSLURP_API_KEY | $MUI_URL | $MUI_USERNAME | $MUI_PASSWORD | $MUI_URL | $MUI_USERNAME | $MUI_PASSWORD ]</msg>
<status status="PASS" starttime="20230710 05:37:26.625" endtime="20230710 05:37:26.626"/>
</kw>
<for flavor="IN">
<var>${var}</var>
<value>@{vars}</value>
<iter>
<var name="${var}">5846d696-2f7e-4ced-9a06-1e394dee0efe</var>
<kw name="Should Not Be Empty" library="BuiltIn">
<arg>${var}</arg>
<doc>Verifies that the given item is not empty.</doc>
<msg timestamp="20230710 05:37:26.626" level="INFO">Length is 36</msg>
<status status="PASS" starttime="20230710 05:37:26.626" endtime="20230710 05:37:26.627"/>
</kw>
<status status="PASS" starttime="20230710 05:37:26.626" endtime="20230710 05:37:26.627"/>
</iter>
<iter>
<var name="${var}">$MAILSLURP_API_KEY</var>
<kw name="Should Not Be Empty" library="BuiltIn">
<arg>${var}</arg>
<doc>Verifies that the given item is not empty.</doc>
<msg timestamp="20230710 05:37:26.627" level="INFO">Length is 18</msg>
<status status="PASS" starttime="20230710 05:37:26.627" endtime="20230710 05:37:26.627"/>
</kw>
<status status="PASS" starttime="20230710 05:37:26.627" endtime="20230710 05:37:26.627"/>
</iter>
<iter>
<var name="${var}">$MUI_URL</var>
<kw name="Should Not Be Empty" library="BuiltIn">
<arg>${var}</arg>
<doc>Verifies that the given item is not empty.</doc>
<msg timestamp="20230710 05:37:26.628" level="INFO">Length is 8</msg>
<status status="PASS" starttime="20230710 05:37:26.628" endtime="20230710 05:37:26.628"/>
</kw>
<status status="PASS" starttime="20230710 05:37:26.627" endtime="20230710 05:37:26.628"/>
</iter>
<iter>
<var name="${var}">$MUI_USERNAME</var>
<kw name="Should Not Be Empty" library="BuiltIn">
<arg>${var}</arg>
<doc>Verifies that the given item is not empty.</doc>
<msg timestamp="20230710 05:37:26.628" level="INFO">Length is 13</msg>
<status status="PASS" starttime="20230710 05:37:26.628" endtime="20230710 05:37:26.628"/>
</kw>
<status status="PASS" starttime="20230710 05:37:26.628" endtime="20230710 05:37:26.629"/>
</iter>
<iter>
<var name="${var}">$MUI_PASSWORD</var>
<kw name="Should Not Be Empty" library="BuiltIn">
<arg>${var}</arg>
<doc>Verifies that the given item is not empty.</doc>
<msg timestamp="20230710 05:37:26.629" level="INFO">Length is 13</msg>
<status status="PASS" starttime="20230710 05:37:26.629" endtime="20230710 05:37:26.629"/>
</kw>
<status status="PASS" starttime="20230710 05:37:26.629" endtime="20230710 05:37:26.629"/>
</iter>
<iter>
<var name="${var}">$MUI_URL</var>
<kw name="Should Not Be Empty" library="BuiltIn">
<arg>${var}</arg>
<doc>Verifies that the given item is not empty.</doc>
<msg timestamp="20230710 05:37:26.630" level="INFO">Length is 8</msg>
<status status="PASS" starttime="20230710 05:37:26.629" endtime="20230710 05:37:26.630"/>
</kw>
<status status="PASS" starttime="20230710 05:37:26.629" endtime="20230710 05:37:26.630"/>
</iter>
<iter>
<var name="${var}">$MUI_USERNAME</var>
<kw name="Should Not Be Empty" library="BuiltIn">
<arg>${var}</arg>
<doc>Verifies that the given item is not empty.</doc>
<msg timestamp="20230710 05:37:26.630" level="INFO">Length is 13</msg>
<status status="PASS" starttime="20230710 05:37:26.630" endtime="20230710 05:37:26.630"/>
</kw>
<status status="PASS" starttime="20230710 05:37:26.630" endtime="20230710 05:37:26.630"/>
</iter>
<iter>
<var name="${var}">$MUI_PASSWORD</var>
<kw name="Should Not Be Empty" library="BuiltIn">
<arg>${var}</arg>
<doc>Verifies that the given item is not empty.</doc>
<msg timestamp="20230710 05:37:26.631" level="INFO">Length is 13</msg>
<status status="PASS" starttime="20230710 05:37:26.631" endtime="20230710 05:37:26.631"/>
</kw>
<status status="PASS" starttime="20230710 05:37:26.631" endtime="20230710 05:37:26.631"/>
</iter>
<status status="PASS" starttime="20230710 05:37:26.626" endtime="20230710 05:37:26.631"/>
</for>
<tag>pretest</tag>
<status status="PASS" starttime="20230710 05:37:26.624" endtime="20230710 05:37:26.631"/>
</test>
<test id="s1-t4" name="Pre-Test: Verify BUI is Up" line="36">
<kw name="Pass Execution" library="BuiltIn">
<arg>TBD: BUI is up and running</arg>
<doc>Skips rest of the current test, setup, or teardown with PASS status.</doc>
<msg timestamp="20230710 05:37:26.635" level="INFO">Execution passed with message:
TBD: BUI is up and running</msg>
<status status="PASS" starttime="20230710 05:37:26.635" endtime="20230710 05:37:26.636"/>
</kw>
<tag>pretest</tag>
<status status="PASS" starttime="20230710 05:37:26.634" endtime="20230710 05:37:26.636">TBD: BUI is up and running</status>
</test>
<test id="s1-t5" name="Pre-Test: Verify API is Up" line="39">
<kw name="Pass Execution" library="BuiltIn">
<arg>TBD: API is up and running</arg>
<doc>Skips rest of the current test, setup, or teardown with PASS status.</doc>
<msg timestamp="20230710 05:37:26.639" level="INFO">Execution passed with message:
TBD: API is up and running</msg>
<status status="PASS" starttime="20230710 05:37:26.639" endtime="20230710 05:37:26.640"/>
</kw>
<tag>pretest</tag>
<status status="PASS" starttime="20230710 05:37:26.639" endtime="20230710 05:37:26.640">TBD: API is up and running</status>
</test>
<test id="s1-t6" name="Pre-Test: Verify MUI is Up" line="42">
<kw name="Pass Execution" library="BuiltIn">
<arg>TBD: MUI is up and running</arg>
<doc>Skips rest of the current test, setup, or teardown with PASS status.</doc>
<msg timestamp="20230710 05:37:26.643" level="INFO">Execution passed with message:
TBD: MUI is up and running</msg>
<status status="PASS" starttime="20230710 05:37:26.643" endtime="20230710 05:37:26.643"/>
</kw>
<tag>pretest</tag>
<status status="PASS" starttime="20230710 05:37:26.642" endtime="20230710 05:37:26.643">TBD: MUI is up and running</status>
</test>
<test id="s1-t7" name="Verify Rooms are Available" line="45">
<kw name="Pass Execution" library="BuiltIn">
<arg>TBD: Check Rooms are available, for example API</arg>
<doc>Skips rest of the current test, setup, or teardown with PASS status.</doc>
<msg timestamp="20230710 05:37:26.647" level="INFO">Execution passed with message:
TBD: Check Rooms are available, for example API</msg>
<status status="PASS" starttime="20230710 05:37:26.646" endtime="20230710 05:37:26.647"/>
</kw>
<tag>pretest</tag>
<status status="PASS" starttime="20230710 05:37:26.646" endtime="20230710 05:37:26.647">TBD: Check Rooms are available, for example API</status>
</test>
<doc>Argument file for running Pre-Test verifications</doc>
<status status="PASS" starttime="20230710 05:37:24.815" endtime="20230710 05:37:26.650"/>
</suite>
<statistics>
<total>
<stat pass="7" fail="0" skip="0">All Tests</stat>
</total>
<tag>
<stat pass="7" fail="0" skip="0">pretest</stat>
</tag>
<suite>
<stat pass="7" fail="0" skip="0" id="s1" name="Pretest">Pretest</stat>
</suite>
</statistics>
<errors>
</errors>
</robot>
