<?xml version="1.0" encoding="UTF-8"?>
<robot generator="Robot 6.1.1 (Python 3.11.7 on linux)" generated="20231209 11:53:01.733" rpa="false" schemaversion="4">
<suite id="s1" name="Pretest" source="/home/runner/work/nelson-test-automation/nelson-test-automation/testsuites/pretest.robot">
<kw name="Pre-Test: Verify BUI is Up" type="SETUP">
<kw name="Pre-Test: Get BUI Status">
<var>${status}</var>
<kw name="Get BUI Status" library="common">
<var>${response}</var>
<doc>Get the status of the microservice - running on Softico</doc>
<kw name="Create Session" library="RequestsLibrary">
<arg>frends</arg>
<arg>${microservice_url}</arg>
<doc>Create Session: create a HTTP session to a server</doc>
<msg timestamp="20231209 11:53:05.314" level="INFO">Creating Session using : alias=frends, url=https://softico-dev-agent.frendsapp.com/api/qa/v1, headers={},                     cookies={}, auth=None, timeout=None, proxies=None, verify=False,                     debug=0 </msg>
<status status="PASS" starttime="20231209 11:53:05.314" endtime="20231209 11:53:05.314"/>
</kw>
<kw name="GET On Session" library="RequestsLibrary">
<var>${response}</var>
<arg>frends</arg>
<arg>/status/${env_name}</arg>
<doc>Sends a GET request on a previously created HTTP Session.</doc>
<msg timestamp="20231209 11:53:05.852" level="INFO">GET Request : url=https://softico-dev-agent.frendsapp.com/api/qa/v1/status/test4 
 path_url=/api/qa/v1/status/test4 
 headers={'User-Agent': 'python-requests/2.31.0', 'Accept-Encoding': 'gzip, deflate', 'Accept': '*/*', 'Connection': 'keep-alive'} 
 body=None 
 </msg>
<msg timestamp="20231209 11:53:05.852" level="INFO">GET Response : url=https://softico-dev-agent.frendsapp.com/api/qa/v1/status/test4 
 status=200, reason=OK 
 headers={'Content-Length': '4', 'Content-Type': 'application/json; charset=utf-8', 'Server': 'Microsoft-HTTPAPI/2.0', 'Date': 'Sat, 09 Dec 2023 11:53:05 GMT'} 
 body=true 
 </msg>
<msg timestamp="20231209 11:53:05.852" level="INFO">/opt/hostedtoolcache/Python/3.11.7/x64/lib/python3.11/site-packages/urllib3/connectionpool.py:1099: InsecureRequestWarning: Unverified HTTPS request is being made to host 'softico-dev-agent.frendsapp.com'. Adding certificate verification is strongly advised. See: https://urllib3.readthedocs.io/en/latest/advanced-usage.html#tls-warnings
  warnings.warn(</msg>
<msg timestamp="20231209 11:53:05.852" level="INFO">${response} = &lt;Response [200]&gt;</msg>
<status status="PASS" starttime="20231209 11:53:05.315" endtime="20231209 11:53:05.852"/>
</kw>
<msg timestamp="20231209 11:53:05.853" level="INFO">${response} = True</msg>
<status status="PASS" starttime="20231209 11:53:05.314" endtime="20231209 11:53:05.853"/>
</kw>
<if>
<branch type="IF" condition="'${response}' == 'False'">
<kw name="Fail" library="BuiltIn">
<arg>BUI is not up and running</arg>
<doc>Fails the test with the given message and optionally alters its tags.</doc>
<status status="NOT RUN" starttime="20231209 11:53:05.854" endtime="20231209 11:53:05.854"/>
</kw>
<status status="NOT RUN" starttime="20231209 11:53:05.853" endtime="20231209 11:53:05.854"/>
</branch>
<branch type="ELSE">
<kw name="Log To Console" library="BuiltIn">
<arg>BUI is up and running</arg>
<doc>Logs the given message to the console.</doc>
<status status="PASS" starttime="20231209 11:53:05.854" endtime="20231209 11:53:05.854"/>
</kw>
<status status="PASS" starttime="20231209 11:53:05.854" endtime="20231209 11:53:05.854"/>
</branch>
<status status="PASS" starttime="20231209 11:53:05.853" endtime="20231209 11:53:05.854"/>
</if>
<msg timestamp="20231209 11:53:05.854" level="INFO">${status} = True</msg>
<status status="PASS" starttime="20231209 11:53:05.314" endtime="20231209 11:53:05.854"/>
</kw>
<kw name="Should Be True" library="BuiltIn">
<arg>${status}</arg>
<doc>Fails if the given condition is not true.</doc>
<status status="PASS" starttime="20231209 11:53:05.855" endtime="20231209 11:53:05.855"/>
</kw>
<status status="PASS" starttime="20231209 11:53:05.313" endtime="20231209 11:53:05.855"/>
</kw>
<test id="s1-t1" name="Pre-Test: Clean Rooms" line="35">
<kw name="Clean Rooms" library="MUIHelpers">
<msg timestamp="20231209 11:53:06.389" level="INFO">https://test3.omenahotels.com/api/management/secure/hotels/3/usage?startDate=2023-10-30&amp;endDate=2023-10-31</msg>
<msg timestamp="20231209 11:53:06.390" level="FAIL">Get usage failed with status code: 503</msg>
<status status="FAIL" starttime="20231209 11:53:05.855" endtime="20231209 11:53:06.390"/>
</kw>
<tag>pretest</tag>
<status status="FAIL" starttime="20231209 11:53:05.855" endtime="20231209 11:53:06.390">Get usage failed with status code: 503</status>
</test>
<test id="s1-t2" name="Pre-Test: Get Member Inbox" line="38">
<kw name="Get Inbox" library="MailSlurp">
<var>${inbox}</var>
<arg>${inbox_id}</arg>
<msg timestamp="20231209 11:53:06.792" level="INFO">Nelson-FW</msg>
<msg timestamp="20231209 11:53:06.792" level="INFO">${inbox} = {'created_at': datetime.datetime(2023, 8, 29, 16, 41, 10, 600000, tzinfo=tzlocal()),
 'description': '',
 'domain_id': None,
 'email_address': '35ac21dc-e785-4cad-8949-6f32023a286d@mailslurp.com',
 'e...</msg>
<status status="PASS" starttime="20231209 11:53:06.396" endtime="20231209 11:53:06.792"/>
</kw>
<kw name="Set Suite Variable" library="BuiltIn">
<arg>${inbox_object}</arg>
<arg>${inbox}</arg>
<doc>Makes a variable available everywhere within the scope of the current suite.</doc>
<msg timestamp="20231209 11:53:06.793" level="INFO">${inbox_object} = {'created_at': datetime.datetime(2023, 8, 29, 16, 41, 10, 600000, tzinfo=tzlocal()),
 'description': '',
 'domain_id': None,
 'email_address': '35ac21dc-e785-4cad-8949-6f32023a286d@mailslurp.com',
 'e...</msg>
<status status="PASS" starttime="20231209 11:53:06.792" endtime="20231209 11:53:06.793"/>
</kw>
<kw name="Log To Console" library="BuiltIn">
<arg>${inbox.name}</arg>
<doc>Logs the given message to the console.</doc>
<status status="PASS" starttime="20231209 11:53:06.793" endtime="20231209 11:53:06.793"/>
</kw>
<doc>Verifies the Mailslurp keywords are running</doc>
<tag>pretest</tag>
<status status="PASS" starttime="20231209 11:53:06.396" endtime="20231209 11:53:06.794"/>
</test>
<test id="s1-t3" name="Pre-Test: Get Config" line="46">
<kw name="Get Config" library="Helpers">
<var>${config}</var>
<arg>${url}</arg>
<msg timestamp="20231209 11:53:07.379" level="INFO">${config} = {'membership': True, 'eciLco': True, 'breakfast': True, 'compensate': False, 'cancellationPolicyHours': 24, 'extraBed': True, 'defaultGuestNationality': 'FIN', 'findBookingShortcut': False, 'excludePr...</msg>
<status status="PASS" starttime="20231209 11:53:06.796" endtime="20231209 11:53:07.379"/>
</kw>
<kw name="Log To Console" library="BuiltIn">
<arg>Config for environment:</arg>
<doc>Logs the given message to the console.</doc>
<status status="PASS" starttime="20231209 11:53:07.379" endtime="20231209 11:53:07.379"/>
</kw>
<kw name="Log To Console" library="BuiltIn">
<arg>${config}</arg>
<doc>Logs the given message to the console.</doc>
<status status="PASS" starttime="20231209 11:53:07.379" endtime="20231209 11:53:07.379"/>
</kw>
<doc>Test case that checks the config file</doc>
<tag>pretest</tag>
<status status="PASS" starttime="20231209 11:53:06.796" endtime="20231209 11:53:07.380"/>
</test>
<test id="s1-t4" name="Pre-Test: Verify API is Up" line="52">
<kw name="Pass Execution" library="BuiltIn">
<arg>TBD: API is up and running</arg>
<doc>Skips rest of the current test, setup, or teardown with PASS status.</doc>
<msg timestamp="20231209 11:53:07.382" level="INFO">Execution passed with message:
TBD: API is up and running</msg>
<status status="PASS" starttime="20231209 11:53:07.382" endtime="20231209 11:53:07.382"/>
</kw>
<tag>pretest</tag>
<status status="PASS" starttime="20231209 11:53:07.381" endtime="20231209 11:53:07.382">TBD: API is up and running</status>
</test>
<test id="s1-t5" name="Pre-Test: Verify MUI is Up" line="55">
<kw name="Pass Execution" library="BuiltIn">
<arg>TBD: MUI is up and running</arg>
<doc>Skips rest of the current test, setup, or teardown with PASS status.</doc>
<msg timestamp="20231209 11:53:07.384" level="INFO">Execution passed with message:
TBD: MUI is up and running</msg>
<status status="PASS" starttime="20231209 11:53:07.384" endtime="20231209 11:53:07.384"/>
</kw>
<tag>pretest</tag>
<status status="PASS" starttime="20231209 11:53:07.383" endtime="20231209 11:53:07.384">TBD: MUI is up and running</status>
</test>
<test id="s1-t6" name="Verify Rooms are Available" line="58">
<kw name="Pass Execution" library="BuiltIn">
<arg>TBD: Check Rooms are available, for example API</arg>
<doc>Skips rest of the current test, setup, or teardown with PASS status.</doc>
<msg timestamp="20231209 11:53:07.386" level="INFO">Execution passed with message:
TBD: Check Rooms are available, for example API</msg>
<status status="PASS" starttime="20231209 11:53:07.386" endtime="20231209 11:53:07.386"/>
</kw>
<tag>pretest</tag>
<status status="PASS" starttime="20231209 11:53:07.386" endtime="20231209 11:53:07.386">TBD: Check Rooms are available, for example API</status>
</test>
<doc>Argument file for running Pre-Test verifications</doc>
<status status="FAIL" starttime="20231209 11:53:01.734" endtime="20231209 11:53:07.388"/>
</suite>
<statistics>
<total>
<stat pass="5" fail="1" skip="0">All Tests</stat>
</total>
<tag>
<stat pass="5" fail="1" skip="0">pretest</stat>
</tag>
<suite>
<stat pass="5" fail="1" skip="0" id="s1" name="Pretest">Pretest</stat>
</suite>
</statistics>
<errors>
</errors>
</robot>
