<?xml version="1.0" encoding="UTF-8"?>
<robot generator="Robot 5.0.1 (Python 3.11.4 on linux)" generated="20230808 04:57:51.199" rpa="false" schemaversion="3">
<suite id="s1" name="Pretest" source="/home/runner/work/nelson-test-automation/nelson-test-automation/testsuites/pretest.robot">
<kw name="Pre-Test: Verify BUI is Up" type="SETUP">
<kw name="Pre-Test: Get BUI Status">
<var>${status}</var>
<kw name="Get BUI Status" library="common">
<var>${response}</var>
<doc>Get the status of the microservice</doc>
<kw name="Create Session" library="RequestsLibrary">
<arg>frends</arg>
<arg>${microservice_url}</arg>
<doc>Create Session: create a HTTP session to a server</doc>
<msg timestamp="20230808 04:57:52.160" level="INFO">Creating Session using : alias=frends, url=https://softico-dev-agent.frendsapp.com/api/qa/v1, headers={},                     cookies={}, auth=None, timeout=None, proxies=None, verify=False,                     debug=0 </msg>
<status status="PASS" starttime="20230808 04:57:52.160" endtime="20230808 04:57:52.161"/>
</kw>
<kw name="GET On Session" library="RequestsLibrary">
<var>${response}</var>
<arg>frends</arg>
<arg>/status/${env_name}</arg>
<doc>Sends a GET request on a previously created HTTP Session.</doc>
<msg timestamp="20230808 04:57:52.848" level="INFO">GET Request : url=https://softico-dev-agent.frendsapp.com/api/qa/v1/status/test4 
 path_url=/api/qa/v1/status/test4 
 headers={'User-Agent': 'python-requests/2.31.0', 'Accept-Encoding': 'gzip, deflate', 'Accept': '*/*', 'Connection': 'keep-alive'} 
 body=None 
 </msg>
<msg timestamp="20230808 04:57:52.848" level="INFO">GET Response : url=https://softico-dev-agent.frendsapp.com/api/qa/v1/status/test4 
 status=200, reason=OK 
 headers={'Content-Length': '4', 'Content-Type': 'application/json; charset=utf-8', 'Server': 'Microsoft-HTTPAPI/2.0', 'Date': 'Tue, 08 Aug 2023 04:57:52 GMT'} 
 body=true 
 </msg>
<msg timestamp="20230808 04:57:52.848" level="INFO">/opt/hostedtoolcache/Python/3.11.4/x64/lib/python3.11/site-packages/urllib3/connectionpool.py:1056: InsecureRequestWarning: Unverified HTTPS request is being made to host 'softico-dev-agent.frendsapp.com'. Adding certificate verification is strongly advised. See: https://urllib3.readthedocs.io/en/1.26.x/advanced-usage.html#ssl-warnings
  warnings.warn(</msg>
<msg timestamp="20230808 04:57:52.848" level="INFO">${response} = &lt;Response [200]&gt;</msg>
<status status="PASS" starttime="20230808 04:57:52.161" endtime="20230808 04:57:52.848"/>
</kw>
<msg timestamp="20230808 04:57:52.850" level="INFO">${response} = True</msg>
<status status="PASS" starttime="20230808 04:57:52.160" endtime="20230808 04:57:52.850"/>
</kw>
<if>
<branch type="IF" condition="'${response}' == 'False'">
<kw name="Fail" library="BuiltIn">
<arg>BUI is not up and running</arg>
<doc>Fails the test with the given message and optionally alters its tags.</doc>
<status status="NOT RUN" starttime="20230808 04:57:52.851" endtime="20230808 04:57:52.851"/>
</kw>
<status status="NOT RUN" starttime="20230808 04:57:52.851" endtime="20230808 04:57:52.851"/>
</branch>
<branch type="ELSE">
<kw name="Log To Console" library="BuiltIn">
<arg>BUI is up and running</arg>
<doc>Logs the given message to the console.</doc>
<status status="PASS" starttime="20230808 04:57:52.852" endtime="20230808 04:57:52.852"/>
</kw>
<status status="PASS" starttime="20230808 04:57:52.852" endtime="20230808 04:57:52.852"/>
</branch>
<status status="PASS" starttime="20230808 04:57:52.850" endtime="20230808 04:57:52.853"/>
</if>
<msg timestamp="20230808 04:57:52.853" level="INFO">${status} = True</msg>
<status status="PASS" starttime="20230808 04:57:52.159" endtime="20230808 04:57:52.853"/>
</kw>
<kw name="Should Be True" library="BuiltIn">
<arg>${status}</arg>
<doc>Fails if the given condition is not true.</doc>
<status status="PASS" starttime="20230808 04:57:52.853" endtime="20230808 04:57:52.854"/>
</kw>
<status status="PASS" starttime="20230808 04:57:52.159" endtime="20230808 04:57:52.854"/>
</kw>
<test id="s1-t1" name="Pre-Test: Get Config" line="35">
<kw name="Get Config" library="Helpers">
<var>${config}</var>
<arg>${url}</arg>
<msg timestamp="20230808 04:57:53.550" level="INFO">${config} = {'membership': True, 'eciLco': True, 'breakfast': True, 'compensate': False, 'cancellationPolicyHours': 24, 'extraBed': True, 'defaultGuestNationality': 'FIN', 'findBookingShortcut': False, 'excludePr...</msg>
<status status="PASS" starttime="20230808 04:57:52.859" endtime="20230808 04:57:53.550"/>
</kw>
<kw name="Log To Console" library="BuiltIn">
<arg>Config for environment:</arg>
<doc>Logs the given message to the console.</doc>
<status status="PASS" starttime="20230808 04:57:53.551" endtime="20230808 04:57:53.551"/>
</kw>
<kw name="Log To Console" library="BuiltIn">
<arg>${config}</arg>
<doc>Logs the given message to the console.</doc>
<status status="PASS" starttime="20230808 04:57:53.552" endtime="20230808 04:57:53.553"/>
</kw>
<doc>Test case that checks the config file</doc>
<tag>pretest</tag>
<status status="PASS" starttime="20230808 04:57:52.855" endtime="20230808 04:57:53.554"/>
</test>
<test id="s1-t2" name="Pre-Test: Verify Variables are Set" line="41">
<kw name="Create List" library="BuiltIn">
<var>@{vars}</var>
<arg>${inbox_id}</arg>
<arg>${MUI_URL}</arg>
<arg>${MUI_USERNAME}</arg>
<arg>${MUI_PASSWORD}</arg>
<arg>${MAILSLURP_API_KEY}</arg>
<doc>Returns a list containing given items.</doc>
<msg timestamp="20230808 04:57:53.567" level="INFO">@{vars} = [ 492aa3bb-9e4b-410a-a02c-84f13ace89e8 | https://admin.nelson.management/#/login | tdlong@tma.com.vn | PtFx5P#M67UV | 3b12b09cc897c651b281343b8fb2daeef311b6e343ba984b11a374c70b66dd60 ]</msg>
<status status="PASS" starttime="20230808 04:57:53.567" endtime="20230808 04:57:53.567"/>
</kw>
<for flavor="IN">
<var>${var}</var>
<value>@{vars}</value>
<iter>
<var name="${var}">492aa3bb-9e4b-410a-a02c-84f13ace89e8</var>
<kw name="Should Not Be Empty" library="BuiltIn">
<arg>${var}</arg>
<doc>Verifies that the given item is not empty.</doc>
<msg timestamp="20230808 04:57:53.568" level="INFO">Length is 36</msg>
<status status="PASS" starttime="20230808 04:57:53.568" endtime="20230808 04:57:53.568"/>
</kw>
<status status="PASS" starttime="20230808 04:57:53.567" endtime="20230808 04:57:53.568"/>
</iter>
<iter>
<var name="${var}">https://admin.nelson.management/#/login</var>
<kw name="Should Not Be Empty" library="BuiltIn">
<arg>${var}</arg>
<doc>Verifies that the given item is not empty.</doc>
<msg timestamp="20230808 04:57:53.568" level="INFO">Length is 39</msg>
<status status="PASS" starttime="20230808 04:57:53.568" endtime="20230808 04:57:53.568"/>
</kw>
<status status="PASS" starttime="20230808 04:57:53.568" endtime="20230808 04:57:53.568"/>
</iter>
<iter>
<var name="${var}">tdlong@tma.com.vn</var>
<kw name="Should Not Be Empty" library="BuiltIn">
<arg>${var}</arg>
<doc>Verifies that the given item is not empty.</doc>
<msg timestamp="20230808 04:57:53.569" level="INFO">Length is 17</msg>
<status status="PASS" starttime="20230808 04:57:53.569" endtime="20230808 04:57:53.569"/>
</kw>
<status status="PASS" starttime="20230808 04:57:53.568" endtime="20230808 04:57:53.569"/>
</iter>
<iter>
<var name="${var}">PtFx5P#M67UV</var>
<kw name="Should Not Be Empty" library="BuiltIn">
<arg>${var}</arg>
<doc>Verifies that the given item is not empty.</doc>
<msg timestamp="20230808 04:57:53.569" level="INFO">Length is 12</msg>
<status status="PASS" starttime="20230808 04:57:53.569" endtime="20230808 04:57:53.569"/>
</kw>
<status status="PASS" starttime="20230808 04:57:53.569" endtime="20230808 04:57:53.569"/>
</iter>
<iter>
<var name="${var}">3b12b09cc897c651b281343b8fb2daeef311b6e343ba984b11a374c70b66dd60</var>
<kw name="Should Not Be Empty" library="BuiltIn">
<arg>${var}</arg>
<doc>Verifies that the given item is not empty.</doc>
<msg timestamp="20230808 04:57:53.570" level="INFO">Length is 64</msg>
<status status="PASS" starttime="20230808 04:57:53.570" endtime="20230808 04:57:53.570"/>
</kw>
<status status="PASS" starttime="20230808 04:57:53.569" endtime="20230808 04:57:53.570"/>
</iter>
<status status="PASS" starttime="20230808 04:57:53.567" endtime="20230808 04:57:53.570"/>
</for>
<doc>Test case that verifies all environment variables are set</doc>
<tag>pretest</tag>
<status status="PASS" starttime="20230808 04:57:53.564" endtime="20230808 04:57:53.570"/>
</test>
<test id="s1-t3" name="Pre-Test: Get Member Inbox" line="48">
<kw name="Get Inbox" library="MailSlurp">
<var>${inbox}</var>
<arg>${inbox_id}</arg>
<msg timestamp="20230808 04:57:53.993" level="INFO">Nelson-Test</msg>
<msg timestamp="20230808 04:57:53.994" level="INFO">${inbox} = {'created_at': datetime.datetime(2023, 6, 5, 4, 27, 29, 380000, tzinfo=tzlocal()),
 'description': 'Nelson Test Account',
 'domain_id': None,
 'email_address': '492aa3bb-9e4b-410a-a02c-84f13ace89e8@ma...</msg>
<status status="PASS" starttime="20230808 04:57:53.577" endtime="20230808 04:57:53.994"/>
</kw>
<kw name="Set Suite Variable" library="BuiltIn">
<arg>${inbox_object}</arg>
<arg>${inbox}</arg>
<doc>Makes a variable available everywhere within the scope of the current suite.</doc>
<msg timestamp="20230808 04:57:53.994" level="INFO">${inbox_object} = {'created_at': datetime.datetime(2023, 6, 5, 4, 27, 29, 380000, tzinfo=tzlocal()),
 'description': 'Nelson Test Account',
 'domain_id': None,
 'email_address': '492aa3bb-9e4b-410a-a02c-84f13ace89e8@ma...</msg>
<status status="PASS" starttime="20230808 04:57:53.994" endtime="20230808 04:57:53.994"/>
</kw>
<kw name="Log To Console" library="BuiltIn">
<arg>${inbox.name}</arg>
<doc>Logs the given message to the console.</doc>
<status status="PASS" starttime="20230808 04:57:53.995" endtime="20230808 04:57:53.995"/>
</kw>
<kw name="Create new Inbox" library="MailSlurp">
<var>${i}</var>
<msg timestamp="20230808 04:57:54.485" level="INFO">Debug Config
&lt;mailslurp_client.configuration.Configuration object at 0x7f1bb3c36e90&gt;
{'created_at': datetime.datetime(2023, 8, 8, 4, 57, 54, 465000, tzinfo=tzlocal()),
 'description': None,
 'domain_id': None,
 'email_address': '9237e844-8271-4936-82e3-755d1746ba7b@mailslurp.com',
 'expires_at': None,
 'favourite': False,
 'id': '9237e844-8271-4936-82e3-755d1746ba7b',
 'inbox_type': 'HTTP_INBOX',
 'name': None,
 'read_only': False,
 'tags': None,
 'user_id': 'a2f48756-8279-471d-bb55-980a32334d37',
 'virtual_inbox': False}
&lt;MailSlurp.MailSlurp object at 0x7f1bb3c3f790&gt;</msg>
<msg timestamp="20230808 04:57:54.485" level="INFO">${i} = {'created_at': datetime.datetime(2023, 8, 8, 4, 57, 54, 465000, tzinfo=tzlocal()),
 'description': None,
 'domain_id': None,
 'email_address': '9237e844-8271-4936-82e3-755d1746ba7b@mailslurp.com',
 'e...</msg>
<status status="PASS" starttime="20230808 04:57:53.996" endtime="20230808 04:57:54.485"/>
</kw>
<kw name="Log To Console" library="BuiltIn">
<arg>${i}</arg>
<doc>Logs the given message to the console.</doc>
<status status="PASS" starttime="20230808 04:57:54.486" endtime="20230808 04:57:54.486"/>
</kw>
<doc>Verifies the Mailslurp keywords are running</doc>
<tag>pretest</tag>
<status status="PASS" starttime="20230808 04:57:53.574" endtime="20230808 04:57:54.488"/>
</test>
<test id="s1-t4" name="Pre-Test: Verify API is Up" line="56">
<kw name="Pass Execution" library="BuiltIn">
<arg>TBD: API is up and running</arg>
<doc>Skips rest of the current test, setup, or teardown with PASS status.</doc>
<msg timestamp="20230808 04:57:54.498" level="INFO">Execution passed with message:
TBD: API is up and running</msg>
<status status="PASS" starttime="20230808 04:57:54.498" endtime="20230808 04:57:54.498"/>
</kw>
<tag>pretest</tag>
<status status="PASS" starttime="20230808 04:57:54.495" endtime="20230808 04:57:54.498">TBD: API is up and running</status>
</test>
<test id="s1-t5" name="Pre-Test: Verify MUI is Up" line="59">
<kw name="Pass Execution" library="BuiltIn">
<arg>TBD: MUI is up and running</arg>
<doc>Skips rest of the current test, setup, or teardown with PASS status.</doc>
<msg timestamp="20230808 04:57:54.505" level="INFO">Execution passed with message:
TBD: MUI is up and running</msg>
<status status="PASS" starttime="20230808 04:57:54.505" endtime="20230808 04:57:54.506"/>
</kw>
<tag>pretest</tag>
<status status="PASS" starttime="20230808 04:57:54.503" endtime="20230808 04:57:54.506">TBD: MUI is up and running</status>
</test>
<test id="s1-t6" name="Verify Rooms are Available" line="62">
<kw name="Pass Execution" library="BuiltIn">
<arg>TBD: Check Rooms are available, for example API</arg>
<doc>Skips rest of the current test, setup, or teardown with PASS status.</doc>
<msg timestamp="20230808 04:57:54.513" level="INFO">Execution passed with message:
TBD: Check Rooms are available, for example API</msg>
<status status="PASS" starttime="20230808 04:57:54.512" endtime="20230808 04:57:54.513"/>
</kw>
<tag>pretest</tag>
<status status="PASS" starttime="20230808 04:57:54.510" endtime="20230808 04:57:54.513">TBD: Check Rooms are available, for example API</status>
</test>
<doc>Argument file for running Pre-Test verifications</doc>
<status status="PASS" starttime="20230808 04:57:51.200" endtime="20230808 04:57:54.517"/>
</suite>
<statistics>
<total>
<stat pass="6" fail="0" skip="0">All Tests</stat>
</total>
<tag>
<stat pass="6" fail="0" skip="0">pretest</stat>
</tag>
<suite>
<stat pass="6" fail="0" skip="0" id="s1" name="Pretest">Pretest</stat>
</suite>
</statistics>
<errors>
</errors>
</robot>
