<?xml version="1.0" encoding="UTF-8"?>
<robot generator="Robot 5.0.1 (Python 3.11.4 on linux)" generated="20230726 14:01:43.426" rpa="false" schemaversion="3">
<suite id="s1" name="Pretest" source="/home/runner/work/nelson-test-automation/nelson-test-automation/testsuites/pretest.robot">
<test id="s1-t1" name="Pre-Test: Check Gmail" line="18">
<kw name="Get Latest Email Id By Subject">
<var>${e}</var>
<msg timestamp="20230726 14:01:44.563" level="FAIL">No keyword with name 'Get Latest Email Id By Subject' found. Did you try using keyword 'RequestsLibrary.GET' and forgot to use enough whitespace between keyword and arguments?</msg>
<status status="FAIL" starttime="20230726 14:01:44.563" endtime="20230726 14:01:44.563"/>
</kw>
<kw name="Log To Console" library="BuiltIn">
<arg>Latest email content:</arg>
<doc>Logs the given message to the console.</doc>
<status status="NOT RUN" starttime="20230726 14:01:44.564" endtime="20230726 14:01:44.564"/>
</kw>
<kw name="Log To Console" library="BuiltIn">
<arg>${e}</arg>
<doc>Logs the given message to the console.</doc>
<status status="NOT RUN" starttime="20230726 14:01:44.564" endtime="20230726 14:01:44.564"/>
</kw>
<tag>pretest</tag>
<status status="FAIL" starttime="20230726 14:01:44.554" endtime="20230726 14:01:44.564">No keyword with name 'Get Latest Email Id By Subject' found. Did you try using keyword 'RequestsLibrary.GET' and forgot to use enough whitespace between keyword and arguments?</status>
</test>
<test id="s1-t2" name="Pre-Test: Verify Variables are Set" line="23">
<kw name="Create List" library="BuiltIn">
<var>@{vars}</var>
<arg>${inbox_id}</arg>
<arg>${MUI_URL}</arg>
<arg>${MUI_USERNAME}</arg>
<arg>${MUI_PASSWORD}</arg>
<arg>${MAILSLURP_API_KEY}</arg>
<doc>Returns a list containing given items.</doc>
<msg timestamp="20230726 14:01:44.585" level="FAIL">Variable '${MUI_USERNAME}' not found. Did you mean:
    ${emailUsername}</msg>
<status status="FAIL" starttime="20230726 14:01:44.583" endtime="20230726 14:01:44.586"/>
</kw>
<for flavor="IN">
<var>${var}</var>
<value>@{vars}</value>
<iter>
<var name="${var}"/>
<kw name="Should Not Be Empty" library="BuiltIn">
<arg>${var}</arg>
<doc>Verifies that the given item is not empty.</doc>
<status status="NOT RUN" starttime="20230726 14:01:44.589" endtime="20230726 14:01:44.590"/>
</kw>
<status status="NOT RUN" starttime="20230726 14:01:44.589" endtime="20230726 14:01:44.590"/>
</iter>
<status status="NOT RUN" starttime="20230726 14:01:44.589" endtime="20230726 14:01:44.590"/>
</for>
<doc>Test case that verifies all environment variables are set</doc>
<tag>pretest</tag>
<status status="FAIL" starttime="20230726 14:01:44.580" endtime="20230726 14:01:44.590">Variable '${MUI_USERNAME}' not found. Did you mean:
    ${emailUsername}</status>
</test>
<test id="s1-t3" name="Pre-Test: Get Member Inbox" line="30">
<kw name="Get Inbox" library="MailSlurp">
<var>${inbox}</var>
<arg>${inbox_id}</arg>
<msg timestamp="20230726 14:01:44.975" level="INFO">Nelson-Test</msg>
<msg timestamp="20230726 14:01:44.975" level="INFO">${inbox} = {'created_at': datetime.datetime(2023, 6, 5, 4, 27, 29, 380000, tzinfo=tzlocal()),
 'description': 'Nelson Test Account',
 'domain_id': None,
 'email_address': '492aa3bb-9e4b-410a-a02c-84f13ace89e8@ma...</msg>
<status status="PASS" starttime="20230726 14:01:44.600" endtime="20230726 14:01:44.975"/>
</kw>
<kw name="Set Suite Variable" library="BuiltIn">
<arg>${inbox_object}</arg>
<arg>${inbox}</arg>
<doc>Makes a variable available everywhere within the scope of the current suite.</doc>
<msg timestamp="20230726 14:01:44.976" level="INFO">${inbox_object} = {'created_at': datetime.datetime(2023, 6, 5, 4, 27, 29, 380000, tzinfo=tzlocal()),
 'description': 'Nelson Test Account',
 'domain_id': None,
 'email_address': '492aa3bb-9e4b-410a-a02c-84f13ace89e8@ma...</msg>
<status status="PASS" starttime="20230726 14:01:44.976" endtime="20230726 14:01:44.976"/>
</kw>
<kw name="Log To Console" library="BuiltIn">
<arg>${inbox.name}</arg>
<doc>Logs the given message to the console.</doc>
<status status="PASS" starttime="20230726 14:01:44.977" endtime="20230726 14:01:44.977"/>
</kw>
<kw name="Create new Inbox" library="MailSlurp">
<var>${i}</var>
<msg timestamp="20230726 14:01:45.747" level="INFO">Debug Config
&lt;mailslurp_client.configuration.Configuration object at 0x7f5bd2a1e310&gt;
{'created_at': datetime.datetime(2023, 7, 26, 14, 1, 45, 694000, tzinfo=tzlocal()),
 'description': None,
 'domain_id': None,
 'email_address': 'fff0feeb-6fe3-421e-b38e-a5ad513b55db@mailslurp.com',
 'expires_at': None,
 'favourite': False,
 'id': 'fff0feeb-6fe3-421e-b38e-a5ad513b55db',
 'inbox_type': 'HTTP_INBOX',
 'name': None,
 'read_only': False,
 'tags': None,
 'user_id': 'a2f48756-8279-471d-bb55-980a32334d37',
 'virtual_inbox': False}
&lt;MailSlurp.MailSlurp object at 0x7f5bd2a06a50&gt;</msg>
<msg timestamp="20230726 14:01:45.748" level="INFO">${i} = {'created_at': datetime.datetime(2023, 7, 26, 14, 1, 45, 694000, tzinfo=tzlocal()),
 'description': None,
 'domain_id': None,
 'email_address': 'fff0feeb-6fe3-421e-b38e-a5ad513b55db@mailslurp.com',
 '...</msg>
<status status="PASS" starttime="20230726 14:01:44.979" endtime="20230726 14:01:45.748"/>
</kw>
<kw name="Log To Console" library="BuiltIn">
<arg>${i}</arg>
<doc>Logs the given message to the console.</doc>
<status status="PASS" starttime="20230726 14:01:45.748" endtime="20230726 14:01:45.749"/>
</kw>
<doc>Verifies the Mailslurp keywords are running</doc>
<tag>pretest</tag>
<status status="PASS" starttime="20230726 14:01:44.597" endtime="20230726 14:01:45.750"/>
</test>
<test id="s1-t4" name="Pre-Test: Verify BUI is Up" line="38">
<kw name="Pass Execution" library="BuiltIn">
<arg>TBD: BUI is up and runnin</arg>
<doc>Skips rest of the current test, setup, or teardown with PASS status.</doc>
<msg timestamp="20230726 14:01:45.762" level="INFO">Execution passed with message:
TBD: BUI is up and runnin</msg>
<status status="PASS" starttime="20230726 14:01:45.761" endtime="20230726 14:01:45.762"/>
</kw>
<tag>pretest</tag>
<status status="PASS" starttime="20230726 14:01:45.758" endtime="20230726 14:01:45.762">TBD: BUI is up and runnin</status>
</test>
<test id="s1-t5" name="Pre-Test: Verify API is Up" line="41">
<kw name="Pass Execution" library="BuiltIn">
<arg>TBD: API is up and running</arg>
<doc>Skips rest of the current test, setup, or teardown with PASS status.</doc>
<msg timestamp="20230726 14:01:45.772" level="INFO">Execution passed with message:
TBD: API is up and running</msg>
<status status="PASS" starttime="20230726 14:01:45.771" endtime="20230726 14:01:45.772"/>
</kw>
<tag>pretest</tag>
<status status="PASS" starttime="20230726 14:01:45.769" endtime="20230726 14:01:45.772">TBD: API is up and running</status>
</test>
<test id="s1-t6" name="Pre-Test: Verify MUI is Up" line="44">
<kw name="Pass Execution" library="BuiltIn">
<arg>TBD: MUI is up and running</arg>
<doc>Skips rest of the current test, setup, or teardown with PASS status.</doc>
<msg timestamp="20230726 14:01:45.781" level="INFO">Execution passed with message:
TBD: MUI is up and running</msg>
<status status="PASS" starttime="20230726 14:01:45.781" endtime="20230726 14:01:45.781"/>
</kw>
<tag>pretest</tag>
<status status="PASS" starttime="20230726 14:01:45.778" endtime="20230726 14:01:45.782">TBD: MUI is up and running</status>
</test>
<test id="s1-t7" name="Verify Rooms are Available" line="47">
<kw name="Pass Execution" library="BuiltIn">
<arg>TBD: Check Rooms are available, for example API</arg>
<doc>Skips rest of the current test, setup, or teardown with PASS status.</doc>
<msg timestamp="20230726 14:01:45.789" level="INFO">Execution passed with message:
TBD: Check Rooms are available, for example API</msg>
<status status="PASS" starttime="20230726 14:01:45.789" endtime="20230726 14:01:45.789"/>
</kw>
<tag>pretest</tag>
<status status="PASS" starttime="20230726 14:01:45.786" endtime="20230726 14:01:45.790">TBD: Check Rooms are available, for example API</status>
</test>
<doc>Argument file for running Pre-Test verifications</doc>
<status status="FAIL" starttime="20230726 14:01:43.427" endtime="20230726 14:01:45.794"/>
</suite>
<statistics>
<total>
<stat pass="5" fail="2" skip="0">All Tests</stat>
</total>
<tag>
<stat pass="5" fail="2" skip="0">pretest</stat>
</tag>
<suite>
<stat pass="5" fail="2" skip="0" id="s1" name="Pretest">Pretest</stat>
</suite>
</statistics>
<errors>
<msg timestamp="20230726 14:01:43.834" level="ERROR">Error in file '/home/runner/work/nelson-test-automation/nelson-test-automation/testsuites/pretest.robot' on line 6: Initializing library 'GmailClient' with no arguments failed: KeyError: 'GMAIL_ACCESS_TOKEN'
Traceback (most recent call last):
  File "/home/runner/work/nelson-test-automation/nelson-test-automation/resources/libraries/GmailClient.py", line 18, in __init__
    self.access_token = os.environ["GMAIL_ACCESS_TOKEN"]
                        ~~~~~~~~~~^^^^^^^^^^^^^^^^^^^^^^
  File "&lt;frozen os&gt;", line 679, in __getitem__
KeyError: 'GMAIL_ACCESS_TOKEN'</msg>
</errors>
</robot>
