<?xml version="1.0" encoding="UTF-8"?>
<robot generator="Robot 5.0.1 (Python 3.10.12 on linux)" generated="20230714 12:43:14.793" rpa="false" schemaversion="3">
<suite id="s1" name="Pretest" source="/home/runner/work/nelson-test-automation/nelson-test-automation/testsuites/pretest.robot">
<test id="s1-t1" name="Pre-Test: Get Non-Member Inbox" line="19">
<kw name="Create new Inbox" library="MailSlurp">
<var>${inbox}</var>
<msg timestamp="20230714 12:43:16.110" level="INFO">${inbox} = {'created_at': datetime.datetime(2023, 7, 14, 12, 43, 16, 43000, tzinfo=tzlocal()),
 'description': None,
 'domain_id': None,
 'email_address': '736f20b7-cf91-4787-a105-9e78cb188fb9@mailslurp.com',
 '...</msg>
<status status="PASS" starttime="20230714 12:43:15.706" endtime="20230714 12:43:16.110"/>
</kw>
<kw name="Set Suite Variable" library="BuiltIn">
<arg>${inboxId}</arg>
<arg>${inbox.id}</arg>
<doc>Makes a variable available everywhere within the scope of the current suite.</doc>
<msg timestamp="20230714 12:43:16.112" level="INFO">${inboxId} = 736f20b7-cf91-4787-a105-9e78cb188fb9</msg>
<status status="PASS" starttime="20230714 12:43:16.111" endtime="20230714 12:43:16.112"/>
</kw>
<kw name="Log To Console" library="BuiltIn">
<arg>${inbox_id}</arg>
<doc>Logs the given message to the console.</doc>
<status status="PASS" starttime="20230714 12:43:16.113" endtime="20230714 12:43:16.113"/>
</kw>
<doc>Verifies the Mailslurp keywords are running</doc>
<tag>pretest</tag>
<status status="PASS" starttime="20230714 12:43:15.705" endtime="20230714 12:43:16.113"/>
</test>
<test id="s1-t2" name="Pre-Test: Get Member Inbox" line="25">
<kw name="Log To Console" library="BuiltIn">
<arg>${inbox_id}</arg>
<doc>Logs the given message to the console.</doc>
<status status="PASS" starttime="20230714 12:43:16.120" endtime="20230714 12:43:16.120"/>
</kw>
<kw name="Get Inbox" library="MailSlurp">
<var>${inbox}</var>
<arg>${inbox_id}</arg>
<msg timestamp="20230714 12:43:16.413" level="INFO">None</msg>
<msg timestamp="20230714 12:43:16.413" level="INFO">${inbox} = {'created_at': datetime.datetime(2023, 7, 14, 12, 43, 16, 43000, tzinfo=tzlocal()),
 'description': None,
 'domain_id': None,
 'email_address': '736f20b7-cf91-4787-a105-9e78cb188fb9@mailslurp.com',
 '...</msg>
<status status="PASS" starttime="20230714 12:43:16.120" endtime="20230714 12:43:16.413"/>
</kw>
<kw name="Set Suite Variable" library="BuiltIn">
<arg>${inbox_object}</arg>
<arg>${inbox}</arg>
<doc>Makes a variable available everywhere within the scope of the current suite.</doc>
<msg timestamp="20230714 12:43:16.414" level="INFO">${inbox_object} = {'created_at': datetime.datetime(2023, 7, 14, 12, 43, 16, 43000, tzinfo=tzlocal()),
 'description': None,
 'domain_id': None,
 'email_address': '736f20b7-cf91-4787-a105-9e78cb188fb9@mailslurp.com',
 '...</msg>
<status status="PASS" starttime="20230714 12:43:16.414" endtime="20230714 12:43:16.414"/>
</kw>
<kw name="Log To Console" library="BuiltIn">
<arg>${inbox.name}</arg>
<doc>Logs the given message to the console.</doc>
<status status="PASS" starttime="20230714 12:43:16.414" endtime="20230714 12:43:16.416"/>
</kw>
<doc>Verifies the Mailslurp keywords are running</doc>
<tag>pretest</tag>
<status status="PASS" starttime="20230714 12:43:16.119" endtime="20230714 12:43:16.416"/>
</test>
<test id="s1-t3" name="Pre-Test: Verify Variables are Set" line="32">
<kw name="Create List" library="BuiltIn">
<var>@{vars}</var>
<arg>${inbox_id}</arg>
<arg>${MAILSLURP_API_KEY}</arg>
<arg>${MUI_URL}</arg>
<arg>${MUI_USERNAME}</arg>
<arg>${MUI_PASSWORD}</arg>
<arg>${MUI_URL}</arg>
<arg>${MUI_USERNAME}</arg>
<arg>${MUI_PASSWORD}</arg>
<doc>Returns a list containing given items.</doc>
<msg timestamp="20230714 12:43:16.420" level="INFO">@{vars} = [ 736f20b7-cf91-4787-a105-9e78cb188fb9 | $MAILSLURP_API_KEY | $MUI_URL | $MUI_USERNAME | $MUI_PASSWORD | $MUI_URL | $MUI_USERNAME | $MUI_PASSWORD ]</msg>
<status status="PASS" starttime="20230714 12:43:16.420" endtime="20230714 12:43:16.420"/>
</kw>
<for flavor="IN">
<var>${var}</var>
<value>@{vars}</value>
<iter>
<var name="${var}">736f20b7-cf91-4787-a105-9e78cb188fb9</var>
<kw name="Should Not Be Empty" library="BuiltIn">
<arg>${var}</arg>
<doc>Verifies that the given item is not empty.</doc>
<msg timestamp="20230714 12:43:16.421" level="INFO">Length is 36</msg>
<status status="PASS" starttime="20230714 12:43:16.421" endtime="20230714 12:43:16.421"/>
</kw>
<status status="PASS" starttime="20230714 12:43:16.421" endtime="20230714 12:43:16.421"/>
</iter>
<iter>
<var name="${var}">$MAILSLURP_API_KEY</var>
<kw name="Should Not Be Empty" library="BuiltIn">
<arg>${var}</arg>
<doc>Verifies that the given item is not empty.</doc>
<msg timestamp="20230714 12:43:16.422" level="INFO">Length is 18</msg>
<status status="PASS" starttime="20230714 12:43:16.422" endtime="20230714 12:43:16.422"/>
</kw>
<status status="PASS" starttime="20230714 12:43:16.421" endtime="20230714 12:43:16.422"/>
</iter>
<iter>
<var name="${var}">$MUI_URL</var>
<kw name="Should Not Be Empty" library="BuiltIn">
<arg>${var}</arg>
<doc>Verifies that the given item is not empty.</doc>
<msg timestamp="20230714 12:43:16.422" level="INFO">Length is 8</msg>
<status status="PASS" starttime="20230714 12:43:16.422" endtime="20230714 12:43:16.422"/>
</kw>
<status status="PASS" starttime="20230714 12:43:16.422" endtime="20230714 12:43:16.422"/>
</iter>
<iter>
<var name="${var}">$MUI_USERNAME</var>
<kw name="Should Not Be Empty" library="BuiltIn">
<arg>${var}</arg>
<doc>Verifies that the given item is not empty.</doc>
<msg timestamp="20230714 12:43:16.423" level="INFO">Length is 13</msg>
<status status="PASS" starttime="20230714 12:43:16.423" endtime="20230714 12:43:16.423"/>
</kw>
<status status="PASS" starttime="20230714 12:43:16.423" endtime="20230714 12:43:16.423"/>
</iter>
<iter>
<var name="${var}">$MUI_PASSWORD</var>
<kw name="Should Not Be Empty" library="BuiltIn">
<arg>${var}</arg>
<doc>Verifies that the given item is not empty.</doc>
<msg timestamp="20230714 12:43:16.423" level="INFO">Length is 13</msg>
<status status="PASS" starttime="20230714 12:43:16.423" endtime="20230714 12:43:16.424"/>
</kw>
<status status="PASS" starttime="20230714 12:43:16.423" endtime="20230714 12:43:16.424"/>
</iter>
<iter>
<var name="${var}">$MUI_URL</var>
<kw name="Should Not Be Empty" library="BuiltIn">
<arg>${var}</arg>
<doc>Verifies that the given item is not empty.</doc>
<msg timestamp="20230714 12:43:16.424" level="INFO">Length is 8</msg>
<status status="PASS" starttime="20230714 12:43:16.424" endtime="20230714 12:43:16.424"/>
</kw>
<status status="PASS" starttime="20230714 12:43:16.424" endtime="20230714 12:43:16.424"/>
</iter>
<iter>
<var name="${var}">$MUI_USERNAME</var>
<kw name="Should Not Be Empty" library="BuiltIn">
<arg>${var}</arg>
<doc>Verifies that the given item is not empty.</doc>
<msg timestamp="20230714 12:43:16.425" level="INFO">Length is 13</msg>
<status status="PASS" starttime="20230714 12:43:16.424" endtime="20230714 12:43:16.425"/>
</kw>
<status status="PASS" starttime="20230714 12:43:16.424" endtime="20230714 12:43:16.425"/>
</iter>
<iter>
<var name="${var}">$MUI_PASSWORD</var>
<kw name="Should Not Be Empty" library="BuiltIn">
<arg>${var}</arg>
<doc>Verifies that the given item is not empty.</doc>
<msg timestamp="20230714 12:43:16.425" level="INFO">Length is 13</msg>
<status status="PASS" starttime="20230714 12:43:16.425" endtime="20230714 12:43:16.425"/>
</kw>
<status status="PASS" starttime="20230714 12:43:16.425" endtime="20230714 12:43:16.425"/>
</iter>
<status status="PASS" starttime="20230714 12:43:16.421" endtime="20230714 12:43:16.425"/>
</for>
<tag>pretest</tag>
<status status="PASS" starttime="20230714 12:43:16.419" endtime="20230714 12:43:16.426"/>
</test>
<test id="s1-t4" name="Pre-Test: Verify BUI is Up" line="38">
<kw name="Pass Execution" library="BuiltIn">
<arg>TBD: BUI is up and runnin</arg>
<doc>Skips rest of the current test, setup, or teardown with PASS status.</doc>
<msg timestamp="20230714 12:43:16.429" level="INFO">Execution passed with message:
TBD: BUI is up and runnin</msg>
<status status="PASS" starttime="20230714 12:43:16.429" endtime="20230714 12:43:16.429"/>
</kw>
<tag>pretest</tag>
<status status="PASS" starttime="20230714 12:43:16.428" endtime="20230714 12:43:16.430">TBD: BUI is up and runnin</status>
</test>
<test id="s1-t5" name="Pre-Test: Verify API is Up" line="41">
<kw name="Pass Execution" library="BuiltIn">
<arg>TBD: API is up and running</arg>
<doc>Skips rest of the current test, setup, or teardown with PASS status.</doc>
<msg timestamp="20230714 12:43:16.433" level="INFO">Execution passed with message:
TBD: API is up and running</msg>
<status status="PASS" starttime="20230714 12:43:16.433" endtime="20230714 12:43:16.433"/>
</kw>
<tag>pretest</tag>
<status status="PASS" starttime="20230714 12:43:16.432" endtime="20230714 12:43:16.433">TBD: API is up and running</status>
</test>
<test id="s1-t6" name="Pre-Test: Verify MUI is Up" line="44">
<kw name="Pass Execution" library="BuiltIn">
<arg>TBD: MUI is up and running</arg>
<doc>Skips rest of the current test, setup, or teardown with PASS status.</doc>
<msg timestamp="20230714 12:43:16.436" level="INFO">Execution passed with message:
TBD: MUI is up and running</msg>
<status status="PASS" starttime="20230714 12:43:16.436" endtime="20230714 12:43:16.436"/>
</kw>
<tag>pretest</tag>
<status status="PASS" starttime="20230714 12:43:16.435" endtime="20230714 12:43:16.437">TBD: MUI is up and running</status>
</test>
<test id="s1-t7" name="Verify Rooms are Available" line="47">
<kw name="Pass Execution" library="BuiltIn">
<arg>TBD: Check Rooms are available, for example API</arg>
<doc>Skips rest of the current test, setup, or teardown with PASS status.</doc>
<msg timestamp="20230714 12:43:16.440" level="INFO">Execution passed with message:
TBD: Check Rooms are available, for example API</msg>
<status status="PASS" starttime="20230714 12:43:16.439" endtime="20230714 12:43:16.440"/>
</kw>
<tag>pretest</tag>
<status status="PASS" starttime="20230714 12:43:16.439" endtime="20230714 12:43:16.440">TBD: Check Rooms are available, for example API</status>
</test>
<doc>Argument file for running Pre-Test verifications</doc>
<status status="PASS" starttime="20230714 12:43:14.794" endtime="20230714 12:43:16.443"/>
</suite>
<statistics>
<total>
<stat pass="7" fail="0" skip="0">All Tests</stat>
</total>
<tag>
<stat pass="7" fail="0" skip="0">pretest</stat>
</tag>
<suite>
<stat pass="7" fail="0" skip="0" id="s1" name="Pretest">Pretest</stat>
</suite>
</statistics>
<errors>
</errors>
</robot>
