<?xml version="1.0" encoding="UTF-8"?>
<robot generator="Robot 5.0.1 (Python 3.10.12 on linux)" generated="20230703 17:59:07.622" rpa="false" schemaversion="3">
<suite id="s1" name="Testsuites" source="/home/runner/work/nelson-test-automation/nelson-test-automation/testsuites">
<suite id="s1-s1" name="BUI" source="/home/runner/work/nelson-test-automation/nelson-test-automation/testsuites/BUI">
<suite id="s1-s1-s1" name="Feature" source="/home/runner/work/nelson-test-automation/nelson-test-automation/testsuites/BUI/feature">
<suite id="s1-s1-s1-s1" name="Online Check In" source="/home/runner/work/nelson-test-automation/nelson-test-automation/testsuites/BUI/feature/online_check_in">
<suite id="s1-s1-s1-s1-s1" name="BUI2-557" source="/home/runner/work/nelson-test-automation/nelson-test-automation/testsuites/BUI/feature/online_check_in/BUI2-557.robot">
<test id="s1-s1-s1-s1-s1-t1" name="Verify UI When in booker view" line="11">
<kw name="Open Browser to Landing Page" library="common" type="SETUP">
<doc>A general startup keyword for opening a browser to the landing page.</doc>
<kw name="New Browser" library="Browser">
<arg>${browser}</arg>
<arg>${headless}</arg>
<arg>timeout=${timeout}</arg>
<tag>BrowserControl</tag>
<tag>Setter</tag>
<doc>Create a new playwright Browser with specified options.</doc>
<msg timestamp="20230703 17:59:08.735" level="INFO">{"browser": "firefox", "headless": true, "devtools": false, "handleSIGHUP": true, "handleSIGINT": true, "handleSIGTERM": true, "slowMo": 0.0, "timeout": 90000.0, "deprecated_pos_args": [], "tracesDir": "/home/runner/work/nelson-test-automation/nelson-test-automation/reports/test3/pabot_results/1/browser/traces/bc368b29-0f19-40bc-a21d-b8ca0d694760"}</msg>
<msg timestamp="20230703 17:59:09.580" level="INFO">Successfully created browser with options: {"browser":"firefox","headless":true,"devtools":false,"handleSIGHUP":true,"handleSIGINT":true,"handleSIGTERM":true,"slowMo":0,"timeout":90000,"deprecated_pos_args":[],"tracesDir":"/home/runner/work/nelson-test-automation/nelson-test-automation/reports/test3/pabot_results/1/browser/traces/bc368b29-0f19-40bc-a21d-b8ca0d694760"}</msg>
<status status="PASS" starttime="20230703 17:59:08.734" endtime="20230703 17:59:09.580"/>
</kw>
<kw name="Set Browser Timeout" library="Browser">
<arg>${timeout}</arg>
<tag>Config</tag>
<tag>Setter</tag>
<doc>Sets the timeout used by most input and getter keywords.</doc>
<msg timestamp="20230703 17:59:09.584" level="INFO">No context open.</msg>
<status status="PASS" starttime="20230703 17:59:09.580" endtime="20230703 17:59:09.584"/>
</kw>
<kw name="New Context" library="Browser">
<tag>BrowserControl</tag>
<tag>Setter</tag>
<doc>Create a new BrowserContext with specified options.</doc>
<msg timestamp="20230703 17:59:09.585" level="INFO">{
  "acceptDownloads": true,
  "bypassCSP": false,
  "forcedColors": "none",
  "hideRfBrowser": false,
  "ignoreHTTPSErrors": false,
  "javaScriptEnabled": true,
  "offline": false,
  "reducedMotion": "no-preference",
  "viewport": {
    "width": 1280,
    "height": 720
  },
  "deprecated_pos_args": []
}</msg>
<msg timestamp="20230703 17:59:09.682" level="INFO">Successfully created context. </msg>
<msg timestamp="20230703 17:59:09.682" level="INFO">{'acceptDownloads': True, 'bypassCSP': False, 'forcedColors': 'none', 'hideRfBrowser': False, 'ignoreHTTPSErrors': False, 'javaScriptEnabled': True, 'offline': False, 'reducedMotion': 'no-preference', 'viewport': {'width': 1280, 'height': 720}, 'deprecated_pos_args': []}</msg>
<status status="PASS" starttime="20230703 17:59:09.585" endtime="20230703 17:59:09.682"/>
</kw>
<kw name="New Page" library="Browser">
<arg>${url}</arg>
<tag>BrowserControl</tag>
<tag>Setter</tag>
<doc>Open a new Page.</doc>
<msg timestamp="20230703 17:59:13.984" level="INFO">Successfully initialized new page object and opened url: https://test3.omenahotels.com/</msg>
<status status="PASS" starttime="20230703 17:59:09.683" endtime="20230703 17:59:13.984"/>
</kw>
<kw name="Wait Until Network Is Idle" library="Browser">
<tag>HTTP</tag>
<tag>Wait</tag>
<doc>Waits until there has been at least one instance of 500 ms of no network traffic on the page after loading.</doc>
<status status="PASS" starttime="20230703 17:59:13.984" endtime="20230703 17:59:14.970"/>
</kw>
<kw name="Allow Cookies" library="common">
<doc>Allow Cookies/Toggle Cookie allowance</doc>
<kw name="Is Element Found" library="common">
<var>${cookieModalVisible}</var>
<arg>id=CybotCookiebotDialogBodyLevelButtonLevelOptinAllowAll</arg>
<doc>A keyword that has a very complex way of figuring out whether an
element is found or not because I had trouble with the built-in keywords
Can be solved differently if you have a better idea</doc>
<kw name="Set Browser Timeout" library="Browser">
<arg>10s</arg>
<tag>Config</tag>
<tag>Setter</tag>
<doc>Sets the timeout used by most input and getter keywords.</doc>
<msg timestamp="20230703 17:59:14.974" level="INFO">Set timeout to: 10000</msg>
<status status="PASS" starttime="20230703 17:59:14.971" endtime="20230703 17:59:14.975"/>
</kw>
<try>
<branch type="TRY">
<kw name="Get Elements" library="Browser">
<var>${els}</var>
<arg>${selector}</arg>
<tag>Getter</tag>
<tag>PageContent</tag>
<doc>Returns a reference to Playwright [https://playwright.dev/docs/api/class-locator|Locator]
for all matched elements by ``selector``.</doc>
<msg timestamp="20230703 17:59:15.026" level="INFO">Found 1 Locators successfully.</msg>
<msg timestamp="20230703 17:59:15.027" level="INFO">${els} = ['element=af705155-bb0d-4175-af09-134817752dbb']</msg>
<status status="PASS" starttime="20230703 17:59:14.975" endtime="20230703 17:59:15.027"/>
</kw>
<kw name="Get Length" library="BuiltIn">
<var>${count}</var>
<arg>${els}</arg>
<doc>Returns and logs the length of the given item as an integer.</doc>
<msg timestamp="20230703 17:59:15.027" level="INFO">Length is 1</msg>
<msg timestamp="20230703 17:59:15.028" level="INFO">${count} = 1</msg>
<status status="PASS" starttime="20230703 17:59:15.027" endtime="20230703 17:59:15.028"/>
</kw>
<if>
<branch type="IF" condition="${count} &gt; 0">
<kw name="Set Variable" library="BuiltIn">
<var>${visible}</var>
<arg>True</arg>
<doc>Returns the given values which can then be assigned to a variables.</doc>
<msg timestamp="20230703 17:59:15.029" level="INFO">${visible} = True</msg>
<status status="PASS" starttime="20230703 17:59:15.028" endtime="20230703 17:59:15.029"/>
</kw>
<status status="PASS" starttime="20230703 17:59:15.028" endtime="20230703 17:59:15.029"/>
</branch>
<branch type="ELSE">
<kw name="Set Variable" library="BuiltIn">
<var>${visible}</var>
<arg>False</arg>
<doc>Returns the given values which can then be assigned to a variables.</doc>
<status status="NOT RUN" starttime="20230703 17:59:15.029" endtime="20230703 17:59:15.029"/>
</kw>
<status status="NOT RUN" starttime="20230703 17:59:15.029" endtime="20230703 17:59:15.029"/>
</branch>
<status status="PASS" starttime="20230703 17:59:15.028" endtime="20230703 17:59:15.030"/>
</if>
<status status="PASS" starttime="20230703 17:59:14.975" endtime="20230703 17:59:15.030"/>
</branch>
<branch type="EXCEPT">
<kw name="Set Variable" library="BuiltIn">
<var>${visible}</var>
<arg>False</arg>
<doc>Returns the given values which can then be assigned to a variables.</doc>
<status status="NOT RUN" starttime="20230703 17:59:15.030" endtime="20230703 17:59:15.030"/>
</kw>
<status status="NOT RUN" starttime="20230703 17:59:15.030" endtime="20230703 17:59:15.030"/>
</branch>
<status status="PASS" starttime="20230703 17:59:14.975" endtime="20230703 17:59:15.031"/>
</try>
<kw name="Set Browser Timeout" library="Browser">
<arg>${timeout}</arg>
<tag>Config</tag>
<tag>Setter</tag>
<doc>Sets the timeout used by most input and getter keywords.</doc>
<msg timestamp="20230703 17:59:15.034" level="INFO">Set timeout to: 90000</msg>
<status status="PASS" starttime="20230703 17:59:15.031" endtime="20230703 17:59:15.034"/>
</kw>
<msg timestamp="20230703 17:59:15.035" level="INFO">${cookieModalVisible} = True</msg>
<status status="PASS" starttime="20230703 17:59:14.971" endtime="20230703 17:59:15.035"/>
</kw>
<if>
<branch type="IF" condition="${cookieModalVisible}">
<kw name="Click" library="Browser">
<arg>id=CybotCookiebotDialogBodyLevelButtonLevelOptinAllowAll</arg>
<tag>PageContent</tag>
<tag>Setter</tag>
<doc>Simulates mouse click on the element found by ``selector``.</doc>
<status status="PASS" starttime="20230703 17:59:15.035" endtime="20230703 17:59:15.117"/>
</kw>
<status status="PASS" starttime="20230703 17:59:15.035" endtime="20230703 17:59:15.117"/>
</branch>
<branch type="ELSE">
<kw name="Log" library="BuiltIn">
<arg>No Cookie Modal Visible</arg>
<doc>Logs the given message with the given level.</doc>
<status status="NOT RUN" starttime="20230703 17:59:15.118" endtime="20230703 17:59:15.118"/>
</kw>
<status status="NOT RUN" starttime="20230703 17:59:15.117" endtime="20230703 17:59:15.118"/>
</branch>
<status status="PASS" starttime="20230703 17:59:15.035" endtime="20230703 17:59:15.118"/>
</if>
<status status="PASS" starttime="20230703 17:59:14.970" endtime="20230703 17:59:15.119"/>
</kw>
<kw name="Set Environment" library="common">
<kw name="Get Url" library="Browser">
<var>${currentUrl}</var>
<tag>Assertion</tag>
<tag>Getter</tag>
<tag>PageContent</tag>
<doc>Returns the current URL.</doc>
<msg timestamp="20230703 17:59:15.123" level="INFO">${currentUrl} = https://test3.omenahotels.com/en/</msg>
<status status="PASS" starttime="20230703 17:59:15.119" endtime="20230703 17:59:15.123"/>
</kw>
<kw name="Get Environment From Url" library="Helpers">
<var>${env}</var>
<arg>${currentUrl}</arg>
<msg timestamp="20230703 17:59:15.124" level="INFO">${env} = test-omena</msg>
<status status="PASS" starttime="20230703 17:59:15.123" endtime="20230703 17:59:15.124"/>
</kw>
<kw name="Set Variable" library="BuiltIn">
<arg>${environment}</arg>
<arg>${env}</arg>
<doc>Returns the given values which can then be assigned to a variables.</doc>
<status status="PASS" starttime="20230703 17:59:15.124" endtime="20230703 17:59:15.124"/>
</kw>
<status status="PASS" starttime="20230703 17:59:15.119" endtime="20230703 17:59:15.124"/>
</kw>
<status status="PASS" starttime="20230703 17:59:08.734" endtime="20230703 17:59:15.125"/>
</kw>
<kw name="Select Hotel" library="booking">
<arg>Helsinki, Lönnrotinkatu</arg>
<doc>Select Hotel by using a number as an argument, default Lönnrotinkatu</doc>
<if>
<branch type="IF" condition="&quot;${environment}&quot; == &quot;test-exhibition&quot;">
<kw name="Log" library="BuiltIn">
<arg>No hotel to be selected</arg>
<doc>Logs the given message with the given level.</doc>
<status status="NOT RUN" starttime="20230703 17:59:15.126" endtime="20230703 17:59:15.126"/>
</kw>
<status status="NOT RUN" starttime="20230703 17:59:15.126" endtime="20230703 17:59:15.126"/>
</branch>
<branch type="ELSE">
<kw name="Log" library="BuiltIn">
<arg>Selecting Hotel: ${hotel}</arg>
<doc>Logs the given message with the given level.</doc>
<msg timestamp="20230703 17:59:15.127" level="INFO">Selecting Hotel: Helsinki, Lönnrotinkatu</msg>
<status status="PASS" starttime="20230703 17:59:15.126" endtime="20230703 17:59:15.127"/>
</kw>
<kw name="Click" library="Browser">
<arg>//div[contains(@data-nelson-btn, "hotels")]</arg>
<tag>PageContent</tag>
<tag>Setter</tag>
<doc>Simulates mouse click on the element found by ``selector``.</doc>
<status status="PASS" starttime="20230703 17:59:15.127" endtime="20230703 17:59:15.230"/>
</kw>
<kw name="Wait Until Visible" library="common">
<arg>//a[contains(@class, 'dropdown-item') and contains(text(), '${hotel}')]</arg>
<doc>An easier keyword for waiting until an element is visible</doc>
<kw name="Wait For Elements State" library="Browser">
<arg>${element}</arg>
<arg>visible</arg>
<arg>timeout=${timeout}</arg>
<tag>PageContent</tag>
<tag>Wait</tag>
<doc>Waits for the element found by ``selector`` to satisfy state option.</doc>
<msg timestamp="20230703 17:59:15.248" level="INFO">Waited for Element with selector //a[contains(@class, 'dropdown-item') and contains(text(), 'Helsinki, Lönnrotinkatu')] at state visible</msg>
<status status="PASS" starttime="20230703 17:59:15.231" endtime="20230703 17:59:15.248"/>
</kw>
<status status="PASS" starttime="20230703 17:59:15.230" endtime="20230703 17:59:15.249"/>
</kw>
<kw name="Click" library="Browser">
<arg>//a[contains(@class, 'dropdown-item') and contains(text(), '${hotel}')]</arg>
<tag>PageContent</tag>
<tag>Setter</tag>
<doc>Simulates mouse click on the element found by ``selector``.</doc>
<status status="PASS" starttime="20230703 17:59:15.249" endtime="20230703 17:59:15.603"/>
</kw>
<kw name="Wait For Elements State" library="Browser">
<arg>//a[contains(@class, 'dropdown-item') and contains(text(), '${hotel}')]</arg>
<arg>hidden</arg>
<arg>timeout=3s</arg>
<tag>PageContent</tag>
<tag>Wait</tag>
<doc>Waits for the element found by ``selector`` to satisfy state option.</doc>
<msg timestamp="20230703 17:59:15.669" level="INFO">Waited for Element with selector //a[contains(@class, 'dropdown-item') and contains(text(), 'Helsinki, Lönnrotinkatu')] at state hidden</msg>
<status status="PASS" starttime="20230703 17:59:15.604" endtime="20230703 17:59:15.669"/>
</kw>
<status status="PASS" starttime="20230703 17:59:15.126" endtime="20230703 17:59:15.670"/>
</branch>
<status status="PASS" starttime="20230703 17:59:15.125" endtime="20230703 17:59:15.670"/>
</if>
<status status="PASS" starttime="20230703 17:59:15.125" endtime="20230703 17:59:15.670"/>
</kw>
<kw name="Select Dates" library="booking">
<kw name="Log" library="BuiltIn">
<arg>Skipping date selection for now</arg>
<doc>Logs the given message with the given level.</doc>
<msg timestamp="20230703 17:59:15.671" level="INFO">Skipping date selection for now</msg>
<status status="PASS" starttime="20230703 17:59:15.671" endtime="20230703 17:59:15.671"/>
</kw>
<status status="PASS" starttime="20230703 17:59:15.670" endtime="20230703 17:59:15.672"/>
</kw>
<kw name="Select Guests" library="booking">
<doc>Selects the number of guests for the booking, current implementation will only check the dropdown</doc>
<kw name="Log To Console" library="BuiltIn">
<arg>Not yet implemented</arg>
<doc>Logs the given message to the console.</doc>
<status status="PASS" starttime="20230703 17:59:15.672" endtime="20230703 17:59:15.675"/>
</kw>
<status status="PASS" starttime="20230703 17:59:15.672" endtime="20230703 17:59:15.676"/>
</kw>
<kw name="Click Book Button" library="booking">
<kw name="Click" library="Browser">
<arg>//div[@data-nelson-btn='book']</arg>
<tag>PageContent</tag>
<tag>Setter</tag>
<doc>Simulates mouse click on the element found by ``selector``.</doc>
<status status="PASS" starttime="20230703 17:59:15.681" endtime="20230703 17:59:16.139"/>
</kw>
<status status="PASS" starttime="20230703 17:59:15.676" endtime="20230703 17:59:16.140"/>
</kw>
<kw name="Select a Standard Room" library="booking">
<kw name="Wait Until Visible" library="common">
<arg>${btnExtras}</arg>
<doc>An easier keyword for waiting until an element is visible</doc>
<kw name="Wait For Elements State" library="Browser">
<arg>${element}</arg>
<arg>visible</arg>
<arg>timeout=${timeout}</arg>
<tag>PageContent</tag>
<tag>Wait</tag>
<doc>Waits for the element found by ``selector`` to satisfy state option.</doc>
<msg timestamp="20230703 17:59:21.036" level="INFO">Waited for Element with selector (//div[contains(@view,"booking")]//button[contains(text(), "Continue to extras")])[1] at state visible</msg>
<status status="PASS" starttime="20230703 17:59:16.141" endtime="20230703 17:59:21.036"/>
</kw>
<status status="PASS" starttime="20230703 17:59:16.141" endtime="20230703 17:59:21.036"/>
</kw>
<kw name="Get Element States" library="Browser">
<var>${visible}</var>
<arg>//div[contains(text(), 'Select room')]</arg>
<arg>then</arg>
<arg>bool(value &amp; visible)</arg>
<tag>Assertion</tag>
<tag>Getter</tag>
<tag>PageContent</tag>
<doc>Get the active states from the element found by ``selector``.</doc>
<msg timestamp="20230703 17:59:21.292" level="INFO">${visible} = False</msg>
<status status="PASS" starttime="20230703 17:59:21.037" endtime="20230703 17:59:21.292"/>
</kw>
<kw name="Run Keyword If" library="BuiltIn">
<arg>${visible}</arg>
<arg>Select Standard and Remove Other Room Selection</arg>
<doc>Runs the given keyword with the given arguments, if ``condition`` is true.</doc>
<status status="PASS" starttime="20230703 17:59:21.292" endtime="20230703 17:59:21.293"/>
</kw>
<status status="PASS" starttime="20230703 17:59:16.140" endtime="20230703 17:59:21.293"/>
</kw>
<kw name="Click Continue to Extras Button" library="booking">
<doc>Clicks the continue to extras button</doc>
<kw name="Click" library="Browser">
<arg>${btnExtras}</arg>
<tag>PageContent</tag>
<tag>Setter</tag>
<doc>Simulates mouse click on the element found by ``selector``.</doc>
<msg timestamp="20230703 18:00:51.453" level="INFO" html="true">&lt;/td&gt;&lt;/tr&gt;&lt;tr&gt;&lt;td colspan="3"&gt;&lt;a href="browser/screenshot/fail-screenshot-1.png" target="_blank"&gt;&lt;img src="browser/screenshot/fail-screenshot-1.png" width="800px"/&gt;&lt;/a&gt;</msg>
<msg timestamp="20230703 18:00:51.454" level="INFO">See also file:///home/runner/work/nelson-test-automation/nelson-test-automation/reports/test3/pabot_results/1/playwright-log.txt for additional details.</msg>
<msg timestamp="20230703 18:00:51.454" level="FAIL">TimeoutError: locator.click: Timeout 90000ms exceeded.
=========================== logs ===========================
waiting for locator('xpath=(//div[contains(@view,"booking")]//button[contains(text(), "Continue to extras")])[1]')
  locator resolved to &lt;button disabled type="button" class="chakra-button css-…&gt;Continue to extras&lt;/button&gt;
attempting click action
  waiting for element to be visible, enabled and stable
    element is not enabled - waiting...
element was detached from the DOM, retrying
  locator resolved to &lt;button disabled type="button" class="chakra-button css-…&gt;Continue to extras&lt;/button&gt;
attempting click action
  waiting for element to be visible, enabled and stable
    element is not enabled - waiting...
============================================================
Tip: Use "Set Browser Timeout" for increasing the timeout or double check your locator as the targeted element(s) couldn't be found.</msg>
<status status="FAIL" starttime="20230703 17:59:21.294" endtime="20230703 18:00:51.466"/>
</kw>
<kw name="Wait Until Visible" library="common">
<arg>${btnPayment}</arg>
<doc>An easier keyword for waiting until an element is visible</doc>
<status status="NOT RUN" starttime="20230703 18:00:51.467" endtime="20230703 18:00:51.467"/>
</kw>
<status status="FAIL" starttime="20230703 17:59:21.293" endtime="20230703 18:00:51.467"/>
</kw>
<kw name="Click Continue to Payment" library="booking">
<status status="NOT RUN" starttime="20230703 18:00:51.468" endtime="20230703 18:00:51.468"/>
</kw>
<kw name="Check Regular Rate 2" library="booking">
<status status="NOT RUN" starttime="20230703 18:00:51.468" endtime="20230703 18:00:51.468"/>
</kw>
<kw name="Fill in Contact Information 1" library="booking">
<status status="NOT RUN" starttime="20230703 18:00:51.468" endtime="20230703 18:00:51.469"/>
</kw>
<kw name="Accept offers and Terms" library="booking">
<status status="NOT RUN" starttime="20230703 18:00:51.469" endtime="20230703 18:00:51.469"/>
</kw>
<kw name="Select Web Bank and Nordea as Payment Method" library="booking">
<status status="NOT RUN" starttime="20230703 18:00:51.469" endtime="20230703 18:00:51.469"/>
</kw>
<kw name="Complete Payment Successfully" library="booking">
<status status="NOT RUN" starttime="20230703 18:00:51.469" endtime="20230703 18:00:51.469"/>
</kw>
<kw name="Click Check In Button" library="booking">
<status status="NOT RUN" starttime="20230703 18:00:51.470" endtime="20230703 18:00:51.470"/>
</kw>
<kw name="Click Someone else checkbox" library="booking">
<status status="NOT RUN" starttime="20230703 18:00:51.470" endtime="20230703 18:00:51.473"/>
</kw>
<kw name="Fill In Booker info" library="booking">
<status status="NOT RUN" starttime="20230703 18:00:51.474" endtime="20230703 18:00:51.474"/>
</kw>
<kw name="Click Save and invite" library="booking">
<status status="NOT RUN" starttime="20230703 18:00:51.474" endtime="20230703 18:00:51.474"/>
</kw>
<kw name="Wait for invite guest page" library="booking">
<arg>${True}</arg>
<status status="NOT RUN" starttime="20230703 18:00:51.474" endtime="20230703 18:00:51.474"/>
</kw>
<kw name="Fill Invite guest info and click invite button" library="booking">
<status status="NOT RUN" starttime="20230703 18:00:51.474" endtime="20230703 18:00:51.475"/>
</kw>
<kw name="Wait for invite guest page" library="booking">
<arg>${False}</arg>
<status status="NOT RUN" starttime="20230703 18:00:51.475" endtime="20230703 18:00:51.475"/>
</kw>
<kw name="Open Edit booker info" library="booking">
<status status="NOT RUN" starttime="20230703 18:00:51.475" endtime="20230703 18:00:51.475"/>
</kw>
<kw name="Verify All information is disbled" library="booking">
<status status="NOT RUN" starttime="20230703 18:00:51.475" endtime="20230703 18:00:51.476"/>
</kw>
<kw name="Check Add organization check box" library="booking">
<status status="NOT RUN" starttime="20230703 18:00:51.476" endtime="20230703 18:00:51.476"/>
</kw>
<kw name="Verify all information are save" library="booking">
<status status="NOT RUN" starttime="20230703 18:00:51.476" endtime="20230703 18:00:51.476"/>
</kw>
<kw name="Close Browser" library="Browser" type="TEARDOWN">
<tag>BrowserControl</tag>
<tag>Setter</tag>
<doc>Closes the current browser.</doc>
<msg timestamp="20230703 18:00:52.023" level="INFO">Closed browser</msg>
<status status="PASS" starttime="20230703 18:00:51.477" endtime="20230703 18:00:52.024"/>
</kw>
<status status="FAIL" starttime="20230703 17:59:08.733" endtime="20230703 18:00:52.024">TimeoutError: locator.click: Timeout 90000ms exceeded.
=========================== logs ===========================
waiting for locator('xpath=(//div[contains(@view,"booking")]//button[contains(text(), "Continue to extras")])[1]')
  locator resolved to &lt;button disabled type="button" class="chakra-button css-…&gt;Continue to extras&lt;/button&gt;
attempting click action
  waiting for element to be visible, enabled and stable
    element is not enabled - waiting...
element was detached from the DOM, retrying
  locator resolved to &lt;button disabled type="button" class="chakra-button css-…&gt;Continue to extras&lt;/button&gt;
attempting click action
  waiting for element to be visible, enabled and stable
    element is not enabled - waiting...
============================================================
Tip: Use "Set Browser Timeout" for increasing the timeout or double check your locator as the targeted element(s) couldn't be found.</status>
</test>
<test id="s1-s1-s1-s1-s1-t2" name="Validation shows msg for fields marked" line="36">
<kw name="Open Browser to Landing Page" library="common" type="SETUP">
<doc>A general startup keyword for opening a browser to the landing page.</doc>
<kw name="New Browser" library="Browser">
<arg>${browser}</arg>
<arg>${headless}</arg>
<arg>timeout=${timeout}</arg>
<tag>BrowserControl</tag>
<tag>Setter</tag>
<doc>Create a new playwright Browser with specified options.</doc>
<msg timestamp="20230703 18:00:52.029" level="INFO">{"browser": "firefox", "headless": true, "devtools": false, "handleSIGHUP": true, "handleSIGINT": true, "handleSIGTERM": true, "slowMo": 0.0, "timeout": 90000.0, "deprecated_pos_args": [], "tracesDir": "/home/runner/work/nelson-test-automation/nelson-test-automation/reports/test3/pabot_results/1/browser/traces/1f4fb6cc-27f7-415e-9d4a-77756226dd9e"}</msg>
<msg timestamp="20230703 18:00:52.579" level="INFO">Successfully created browser with options: {"browser":"firefox","headless":true,"devtools":false,"handleSIGHUP":true,"handleSIGINT":true,"handleSIGTERM":true,"slowMo":0,"timeout":90000,"deprecated_pos_args":[],"tracesDir":"/home/runner/work/nelson-test-automation/nelson-test-automation/reports/test3/pabot_results/1/browser/traces/1f4fb6cc-27f7-415e-9d4a-77756226dd9e"}</msg>
<status status="PASS" starttime="20230703 18:00:52.028" endtime="20230703 18:00:52.580"/>
</kw>
<kw name="Set Browser Timeout" library="Browser">
<arg>${timeout}</arg>
<tag>Config</tag>
<tag>Setter</tag>
<doc>Sets the timeout used by most input and getter keywords.</doc>
<status status="PASS" starttime="20230703 18:00:52.580" endtime="20230703 18:00:52.581"/>
</kw>
<kw name="New Context" library="Browser">
<tag>BrowserControl</tag>
<tag>Setter</tag>
<doc>Create a new BrowserContext with specified options.</doc>
<msg timestamp="20230703 18:00:52.581" level="INFO">{
  "acceptDownloads": true,
  "bypassCSP": false,
  "forcedColors": "none",
  "hideRfBrowser": false,
  "ignoreHTTPSErrors": false,
  "javaScriptEnabled": true,
  "offline": false,
  "reducedMotion": "no-preference",
  "viewport": {
    "width": 1280,
    "height": 720
  },
  "deprecated_pos_args": []
}</msg>
<msg timestamp="20230703 18:00:52.629" level="INFO">Successfully created context. </msg>
<msg timestamp="20230703 18:00:52.629" level="INFO">{'acceptDownloads': True, 'bypassCSP': False, 'forcedColors': 'none', 'hideRfBrowser': False, 'ignoreHTTPSErrors': False, 'javaScriptEnabled': True, 'offline': False, 'reducedMotion': 'no-preference', 'viewport': {'width': 1280, 'height': 720}, 'deprecated_pos_args': []}</msg>
<status status="PASS" starttime="20230703 18:00:52.581" endtime="20230703 18:00:52.629"/>
</kw>
<kw name="New Page" library="Browser">
<arg>${url}</arg>
<tag>BrowserControl</tag>
<tag>Setter</tag>
<doc>Open a new Page.</doc>
<msg timestamp="20230703 18:00:55.891" level="INFO">Successfully initialized new page object and opened url: https://test3.omenahotels.com/</msg>
<status status="PASS" starttime="20230703 18:00:52.629" endtime="20230703 18:00:55.892"/>
</kw>
<kw name="Wait Until Network Is Idle" library="Browser">
<tag>HTTP</tag>
<tag>Wait</tag>
<doc>Waits until there has been at least one instance of 500 ms of no network traffic on the page after loading.</doc>
<status status="PASS" starttime="20230703 18:00:55.892" endtime="20230703 18:00:57.263"/>
</kw>
<kw name="Allow Cookies" library="common">
<doc>Allow Cookies/Toggle Cookie allowance</doc>
<kw name="Is Element Found" library="common">
<var>${cookieModalVisible}</var>
<arg>id=CybotCookiebotDialogBodyLevelButtonLevelOptinAllowAll</arg>
<doc>A keyword that has a very complex way of figuring out whether an
element is found or not because I had trouble with the built-in keywords
Can be solved differently if you have a better idea</doc>
<kw name="Set Browser Timeout" library="Browser">
<arg>10s</arg>
<tag>Config</tag>
<tag>Setter</tag>
<doc>Sets the timeout used by most input and getter keywords.</doc>
<msg timestamp="20230703 18:00:57.268" level="INFO">Set timeout to: 10000</msg>
<status status="PASS" starttime="20230703 18:00:57.265" endtime="20230703 18:00:57.268"/>
</kw>
<try>
<branch type="TRY">
<kw name="Get Elements" library="Browser">
<var>${els}</var>
<arg>${selector}</arg>
<tag>Getter</tag>
<tag>PageContent</tag>
<doc>Returns a reference to Playwright [https://playwright.dev/docs/api/class-locator|Locator]
for all matched elements by ``selector``.</doc>
<msg timestamp="20230703 18:00:57.321" level="INFO">Found 1 Locators successfully.</msg>
<msg timestamp="20230703 18:00:57.321" level="INFO">${els} = ['element=b822240d-d014-4879-b956-d1af120b6f91']</msg>
<status status="PASS" starttime="20230703 18:00:57.269" endtime="20230703 18:00:57.321"/>
</kw>
<kw name="Get Length" library="BuiltIn">
<var>${count}</var>
<arg>${els}</arg>
<doc>Returns and logs the length of the given item as an integer.</doc>
<msg timestamp="20230703 18:00:57.322" level="INFO">Length is 1</msg>
<msg timestamp="20230703 18:00:57.322" level="INFO">${count} = 1</msg>
<status status="PASS" starttime="20230703 18:00:57.321" endtime="20230703 18:00:57.322"/>
</kw>
<if>
<branch type="IF" condition="${count} &gt; 0">
<kw name="Set Variable" library="BuiltIn">
<var>${visible}</var>
<arg>True</arg>
<doc>Returns the given values which can then be assigned to a variables.</doc>
<msg timestamp="20230703 18:00:57.323" level="INFO">${visible} = True</msg>
<status status="PASS" starttime="20230703 18:00:57.323" endtime="20230703 18:00:57.323"/>
</kw>
<status status="PASS" starttime="20230703 18:00:57.322" endtime="20230703 18:00:57.323"/>
</branch>
<branch type="ELSE">
<kw name="Set Variable" library="BuiltIn">
<var>${visible}</var>
<arg>False</arg>
<doc>Returns the given values which can then be assigned to a variables.</doc>
<status status="NOT RUN" starttime="20230703 18:00:57.324" endtime="20230703 18:00:57.324"/>
</kw>
<status status="NOT RUN" starttime="20230703 18:00:57.323" endtime="20230703 18:00:57.324"/>
</branch>
<status status="PASS" starttime="20230703 18:00:57.322" endtime="20230703 18:00:57.324"/>
</if>
<status status="PASS" starttime="20230703 18:00:57.268" endtime="20230703 18:00:57.324"/>
</branch>
<branch type="EXCEPT">
<kw name="Set Variable" library="BuiltIn">
<var>${visible}</var>
<arg>False</arg>
<doc>Returns the given values which can then be assigned to a variables.</doc>
<status status="NOT RUN" starttime="20230703 18:00:57.324" endtime="20230703 18:00:57.325"/>
</kw>
<status status="NOT RUN" starttime="20230703 18:00:57.324" endtime="20230703 18:00:57.325"/>
</branch>
<status status="PASS" starttime="20230703 18:00:57.268" endtime="20230703 18:00:57.325"/>
</try>
<kw name="Set Browser Timeout" library="Browser">
<arg>${timeout}</arg>
<tag>Config</tag>
<tag>Setter</tag>
<doc>Sets the timeout used by most input and getter keywords.</doc>
<msg timestamp="20230703 18:00:57.328" level="INFO">Set timeout to: 90000</msg>
<status status="PASS" starttime="20230703 18:00:57.325" endtime="20230703 18:00:57.328"/>
</kw>
<msg timestamp="20230703 18:00:57.328" level="INFO">${cookieModalVisible} = True</msg>
<status status="PASS" starttime="20230703 18:00:57.264" endtime="20230703 18:00:57.328"/>
</kw>
<if>
<branch type="IF" condition="${cookieModalVisible}">
<kw name="Click" library="Browser">
<arg>id=CybotCookiebotDialogBodyLevelButtonLevelOptinAllowAll</arg>
<tag>PageContent</tag>
<tag>Setter</tag>
<doc>Simulates mouse click on the element found by ``selector``.</doc>
<status status="PASS" starttime="20230703 18:00:57.329" endtime="20230703 18:00:57.453"/>
</kw>
<status status="PASS" starttime="20230703 18:00:57.329" endtime="20230703 18:00:57.453"/>
</branch>
<branch type="ELSE">
<kw name="Log" library="BuiltIn">
<arg>No Cookie Modal Visible</arg>
<doc>Logs the given message with the given level.</doc>
<status status="NOT RUN" starttime="20230703 18:00:57.453" endtime="20230703 18:00:57.453"/>
</kw>
<status status="NOT RUN" starttime="20230703 18:00:57.453" endtime="20230703 18:00:57.454"/>
</branch>
<status status="PASS" starttime="20230703 18:00:57.328" endtime="20230703 18:00:57.454"/>
</if>
<status status="PASS" starttime="20230703 18:00:57.264" endtime="20230703 18:00:57.454"/>
</kw>
<kw name="Set Environment" library="common">
<kw name="Get Url" library="Browser">
<var>${currentUrl}</var>
<tag>Assertion</tag>
<tag>Getter</tag>
<tag>PageContent</tag>
<doc>Returns the current URL.</doc>
<msg timestamp="20230703 18:00:57.458" level="INFO">${currentUrl} = https://test3.omenahotels.com/en/</msg>
<status status="PASS" starttime="20230703 18:00:57.455" endtime="20230703 18:00:57.458"/>
</kw>
<kw name="Get Environment From Url" library="Helpers">
<var>${env}</var>
<arg>${currentUrl}</arg>
<msg timestamp="20230703 18:00:57.458" level="INFO">${env} = test-omena</msg>
<status status="PASS" starttime="20230703 18:00:57.458" endtime="20230703 18:00:57.459"/>
</kw>
<kw name="Set Variable" library="BuiltIn">
<arg>${environment}</arg>
<arg>${env}</arg>
<doc>Returns the given values which can then be assigned to a variables.</doc>
<status status="PASS" starttime="20230703 18:00:57.459" endtime="20230703 18:00:57.459"/>
</kw>
<status status="PASS" starttime="20230703 18:00:57.455" endtime="20230703 18:00:57.459"/>
</kw>
<status status="PASS" starttime="20230703 18:00:52.028" endtime="20230703 18:00:57.460"/>
</kw>
<kw name="Select Hotel" library="booking">
<arg>Helsinki, Lönnrotinkatu</arg>
<doc>Select Hotel by using a number as an argument, default Lönnrotinkatu</doc>
<if>
<branch type="IF" condition="&quot;${environment}&quot; == &quot;test-exhibition&quot;">
<kw name="Log" library="BuiltIn">
<arg>No hotel to be selected</arg>
<doc>Logs the given message with the given level.</doc>
<status status="NOT RUN" starttime="20230703 18:00:57.461" endtime="20230703 18:00:57.461"/>
</kw>
<status status="NOT RUN" starttime="20230703 18:00:57.461" endtime="20230703 18:00:57.461"/>
</branch>
<branch type="ELSE">
<kw name="Log" library="BuiltIn">
<arg>Selecting Hotel: ${hotel}</arg>
<doc>Logs the given message with the given level.</doc>
<msg timestamp="20230703 18:00:57.462" level="INFO">Selecting Hotel: Helsinki, Lönnrotinkatu</msg>
<status status="PASS" starttime="20230703 18:00:57.461" endtime="20230703 18:00:57.462"/>
</kw>
<kw name="Click" library="Browser">
<arg>//div[contains(@data-nelson-btn, "hotels")]</arg>
<tag>PageContent</tag>
<tag>Setter</tag>
<doc>Simulates mouse click on the element found by ``selector``.</doc>
<status status="PASS" starttime="20230703 18:00:57.462" endtime="20230703 18:00:57.783"/>
</kw>
<kw name="Wait Until Visible" library="common">
<arg>//a[contains(@class, 'dropdown-item') and contains(text(), '${hotel}')]</arg>
<doc>An easier keyword for waiting until an element is visible</doc>
<kw name="Wait For Elements State" library="Browser">
<arg>${element}</arg>
<arg>visible</arg>
<arg>timeout=${timeout}</arg>
<tag>PageContent</tag>
<tag>Wait</tag>
<doc>Waits for the element found by ``selector`` to satisfy state option.</doc>
<msg timestamp="20230703 18:00:57.805" level="INFO">Waited for Element with selector //a[contains(@class, 'dropdown-item') and contains(text(), 'Helsinki, Lönnrotinkatu')] at state visible</msg>
<status status="PASS" starttime="20230703 18:00:57.784" endtime="20230703 18:00:57.805"/>
</kw>
<status status="PASS" starttime="20230703 18:00:57.783" endtime="20230703 18:00:57.806"/>
</kw>
<kw name="Click" library="Browser">
<arg>//a[contains(@class, 'dropdown-item') and contains(text(), '${hotel}')]</arg>
<tag>PageContent</tag>
<tag>Setter</tag>
<doc>Simulates mouse click on the element found by ``selector``.</doc>
<status status="PASS" starttime="20230703 18:00:57.806" endtime="20230703 18:00:58.220"/>
</kw>
<kw name="Wait For Elements State" library="Browser">
<arg>//a[contains(@class, 'dropdown-item') and contains(text(), '${hotel}')]</arg>
<arg>hidden</arg>
<arg>timeout=3s</arg>
<tag>PageContent</tag>
<tag>Wait</tag>
<doc>Waits for the element found by ``selector`` to satisfy state option.</doc>
<msg timestamp="20230703 18:00:58.301" level="INFO">Waited for Element with selector //a[contains(@class, 'dropdown-item') and contains(text(), 'Helsinki, Lönnrotinkatu')] at state hidden</msg>
<status status="PASS" starttime="20230703 18:00:58.221" endtime="20230703 18:00:58.301"/>
</kw>
<status status="PASS" starttime="20230703 18:00:57.461" endtime="20230703 18:00:58.302"/>
</branch>
<status status="PASS" starttime="20230703 18:00:57.460" endtime="20230703 18:00:58.302"/>
</if>
<status status="PASS" starttime="20230703 18:00:57.460" endtime="20230703 18:00:58.302"/>
</kw>
<kw name="Select Dates" library="booking">
<kw name="Log" library="BuiltIn">
<arg>Skipping date selection for now</arg>
<doc>Logs the given message with the given level.</doc>
<msg timestamp="20230703 18:00:58.303" level="INFO">Skipping date selection for now</msg>
<status status="PASS" starttime="20230703 18:00:58.303" endtime="20230703 18:00:58.304"/>
</kw>
<status status="PASS" starttime="20230703 18:00:58.303" endtime="20230703 18:00:58.304"/>
</kw>
<kw name="Select Guests" library="booking">
<doc>Selects the number of guests for the booking, current implementation will only check the dropdown</doc>
<kw name="Log To Console" library="BuiltIn">
<arg>Not yet implemented</arg>
<doc>Logs the given message to the console.</doc>
<status status="PASS" starttime="20230703 18:00:58.304" endtime="20230703 18:00:58.305"/>
</kw>
<status status="PASS" starttime="20230703 18:00:58.304" endtime="20230703 18:00:58.305"/>
</kw>
<kw name="Click Book Button" library="booking">
<kw name="Click" library="Browser">
<arg>//div[@data-nelson-btn='book']</arg>
<tag>PageContent</tag>
<tag>Setter</tag>
<doc>Simulates mouse click on the element found by ``selector``.</doc>
<status status="PASS" starttime="20230703 18:00:58.306" endtime="20230703 18:00:59.191"/>
</kw>
<status status="PASS" starttime="20230703 18:00:58.305" endtime="20230703 18:00:59.192"/>
</kw>
<kw name="Select a Standard Room" library="booking">
<kw name="Wait Until Visible" library="common">
<arg>${btnExtras}</arg>
<doc>An easier keyword for waiting until an element is visible</doc>
<kw name="Wait For Elements State" library="Browser">
<arg>${element}</arg>
<arg>visible</arg>
<arg>timeout=${timeout}</arg>
<tag>PageContent</tag>
<tag>Wait</tag>
<doc>Waits for the element found by ``selector`` to satisfy state option.</doc>
<msg timestamp="20230703 18:01:03.730" level="INFO">Waited for Element with selector (//div[contains(@view,"booking")]//button[contains(text(), "Continue to extras")])[1] at state visible</msg>
<status status="PASS" starttime="20230703 18:00:59.193" endtime="20230703 18:01:03.730"/>
</kw>
<status status="PASS" starttime="20230703 18:00:59.192" endtime="20230703 18:01:03.731"/>
</kw>
<kw name="Get Element States" library="Browser">
<var>${visible}</var>
<arg>//div[contains(text(), 'Select room')]</arg>
<arg>then</arg>
<arg>bool(value &amp; visible)</arg>
<tag>Assertion</tag>
<tag>Getter</tag>
<tag>PageContent</tag>
<doc>Get the active states from the element found by ``selector``.</doc>
<msg timestamp="20230703 18:01:03.985" level="INFO">${visible} = False</msg>
<status status="PASS" starttime="20230703 18:01:03.731" endtime="20230703 18:01:03.985"/>
</kw>
<kw name="Run Keyword If" library="BuiltIn">
<arg>${visible}</arg>
<arg>Select Standard and Remove Other Room Selection</arg>
<doc>Runs the given keyword with the given arguments, if ``condition`` is true.</doc>
<status status="PASS" starttime="20230703 18:01:03.985" endtime="20230703 18:01:03.985"/>
</kw>
<status status="PASS" starttime="20230703 18:00:59.192" endtime="20230703 18:01:03.986"/>
</kw>
<kw name="Click Continue to Extras Button" library="booking">
<doc>Clicks the continue to extras button</doc>
<kw name="Click" library="Browser">
<arg>${btnExtras}</arg>
<tag>PageContent</tag>
<tag>Setter</tag>
<doc>Simulates mouse click on the element found by ``selector``.</doc>
<msg timestamp="20230703 18:02:34.139" level="INFO" html="true">&lt;/td&gt;&lt;/tr&gt;&lt;tr&gt;&lt;td colspan="3"&gt;&lt;a href="browser/screenshot/fail-screenshot-2.png" target="_blank"&gt;&lt;img src="browser/screenshot/fail-screenshot-2.png" width="800px"/&gt;&lt;/a&gt;</msg>
<msg timestamp="20230703 18:02:34.139" level="INFO">See also file:///home/runner/work/nelson-test-automation/nelson-test-automation/reports/test3/pabot_results/1/playwright-log.txt for additional details.</msg>
<msg timestamp="20230703 18:02:34.139" level="FAIL">TimeoutError: locator.click: Timeout 90000ms exceeded.
=========================== logs ===========================
waiting for locator('xpath=(//div[contains(@view,"booking")]//button[contains(text(), "Continue to extras")])[1]')
  locator resolved to &lt;button disabled type="button" class="chakra-button css-…&gt;Continue to extras&lt;/button&gt;
attempting click action
  waiting for element to be visible, enabled and stable
element was detached from the DOM, retrying
  locator resolved to &lt;button disabled type="button" class="chakra-button css-…&gt;Continue to extras&lt;/button&gt;
attempting click action
  waiting for element to be visible, enabled and stable
    element is not enabled - waiting...
============================================================
Tip: Use "Set Browser Timeout" for increasing the timeout or double check your locator as the targeted element(s) couldn't be found.</msg>
<status status="FAIL" starttime="20230703 18:01:03.987" endtime="20230703 18:02:34.140"/>
</kw>
<kw name="Wait Until Visible" library="common">
<arg>${btnPayment}</arg>
<doc>An easier keyword for waiting until an element is visible</doc>
<status status="NOT RUN" starttime="20230703 18:02:34.140" endtime="20230703 18:02:34.141"/>
</kw>
<status status="FAIL" starttime="20230703 18:01:03.986" endtime="20230703 18:02:34.141"/>
</kw>
<kw name="Click Continue to Payment" library="booking">
<status status="NOT RUN" starttime="20230703 18:02:34.142" endtime="20230703 18:02:34.142"/>
</kw>
<kw name="Check Regular Rate 2" library="booking">
<status status="NOT RUN" starttime="20230703 18:02:34.142" endtime="20230703 18:02:34.142"/>
</kw>
<kw name="Fill in Contact Information 1" library="booking">
<status status="NOT RUN" starttime="20230703 18:02:34.142" endtime="20230703 18:02:34.143"/>
</kw>
<kw name="Accept offers and Terms" library="booking">
<status status="NOT RUN" starttime="20230703 18:02:34.143" endtime="20230703 18:02:34.143"/>
</kw>
<kw name="Select Web Bank and Nordea as Payment Method" library="booking">
<status status="NOT RUN" starttime="20230703 18:02:34.143" endtime="20230703 18:02:34.143"/>
</kw>
<kw name="Complete Payment Successfully" library="booking">
<status status="NOT RUN" starttime="20230703 18:02:34.143" endtime="20230703 18:02:34.143"/>
</kw>
<kw name="Click Check In Button" library="booking">
<status status="NOT RUN" starttime="20230703 18:02:34.144" endtime="20230703 18:02:34.144"/>
</kw>
<kw name="Click Someone else checkbox" library="booking">
<status status="NOT RUN" starttime="20230703 18:02:34.144" endtime="20230703 18:02:34.144"/>
</kw>
<kw name="Click Save and invite" library="booking">
<status status="NOT RUN" starttime="20230703 18:02:34.144" endtime="20230703 18:02:34.144"/>
</kw>
<kw name="Verify msg The field is required" library="booking">
<status status="NOT RUN" starttime="20230703 18:02:34.145" endtime="20230703 18:02:34.145"/>
</kw>
<kw name="Fill invalid phone format" library="booking">
<status status="NOT RUN" starttime="20230703 18:02:34.145" endtime="20230703 18:02:34.145"/>
</kw>
<kw name="Verify msg &quot;Invalid phone number!&quot;" library="booking">
<status status="NOT RUN" starttime="20230703 18:02:34.145" endtime="20230703 18:02:34.145"/>
</kw>
<kw name="Fill invalid SSN" library="booking">
<status status="NOT RUN" starttime="20230703 18:02:34.145" endtime="20230703 18:02:34.146"/>
</kw>
<kw name="Verify msg &quot;Please check! This is not a Finnish social security number&quot;" library="booking">
<status status="NOT RUN" starttime="20230703 18:02:34.146" endtime="20230703 18:02:34.146"/>
</kw>
<kw name="Close Browser" library="Browser" type="TEARDOWN">
<tag>BrowserControl</tag>
<tag>Setter</tag>
<doc>Closes the current browser.</doc>
<msg timestamp="20230703 18:02:34.715" level="INFO">Closed browser</msg>
<status status="PASS" starttime="20230703 18:02:34.147" endtime="20230703 18:02:34.716"/>
</kw>
<status status="FAIL" starttime="20230703 18:00:52.027" endtime="20230703 18:02:34.716">TimeoutError: locator.click: Timeout 90000ms exceeded.
=========================== logs ===========================
waiting for locator('xpath=(//div[contains(@view,"booking")]//button[contains(text(), "Continue to extras")])[1]')
  locator resolved to &lt;button disabled type="button" class="chakra-button css-…&gt;Continue to extras&lt;/button&gt;
attempting click action
  waiting for element to be visible, enabled and stable
element was detached from the DOM, retrying
  locator resolved to &lt;button disabled type="button" class="chakra-button css-…&gt;Continue to extras&lt;/button&gt;
attempting click action
  waiting for element to be visible, enabled and stable
    element is not enabled - waiting...
============================================================
Tip: Use "Set Browser Timeout" for increasing the timeout or double check your locator as the targeted element(s) couldn't be found.</status>
</test>
<test id="s1-s1-s1-s1-s1-t3" name="Showing imported passport when the National is not Finland" line="58">
<kw name="Open Browser to Landing Page" library="common" type="SETUP">
<doc>A general startup keyword for opening a browser to the landing page.</doc>
<kw name="New Browser" library="Browser">
<arg>${browser}</arg>
<arg>${headless}</arg>
<arg>timeout=${timeout}</arg>
<tag>BrowserControl</tag>
<tag>Setter</tag>
<doc>Create a new playwright Browser with specified options.</doc>
<msg timestamp="20230703 18:02:34.721" level="INFO">{"browser": "firefox", "headless": true, "devtools": false, "handleSIGHUP": true, "handleSIGINT": true, "handleSIGTERM": true, "slowMo": 0.0, "timeout": 90000.0, "deprecated_pos_args": [], "tracesDir": "/home/runner/work/nelson-test-automation/nelson-test-automation/reports/test3/pabot_results/1/browser/traces/b729b587-0535-4c8f-8cdc-a8b90660d5d1"}</msg>
<msg timestamp="20230703 18:02:35.266" level="INFO">Successfully created browser with options: {"browser":"firefox","headless":true,"devtools":false,"handleSIGHUP":true,"handleSIGINT":true,"handleSIGTERM":true,"slowMo":0,"timeout":90000,"deprecated_pos_args":[],"tracesDir":"/home/runner/work/nelson-test-automation/nelson-test-automation/reports/test3/pabot_results/1/browser/traces/b729b587-0535-4c8f-8cdc-a8b90660d5d1"}</msg>
<status status="PASS" starttime="20230703 18:02:34.720" endtime="20230703 18:02:35.266"/>
</kw>
<kw name="Set Browser Timeout" library="Browser">
<arg>${timeout}</arg>
<tag>Config</tag>
<tag>Setter</tag>
<doc>Sets the timeout used by most input and getter keywords.</doc>
<status status="PASS" starttime="20230703 18:02:35.267" endtime="20230703 18:02:35.267"/>
</kw>
<kw name="New Context" library="Browser">
<tag>BrowserControl</tag>
<tag>Setter</tag>
<doc>Create a new BrowserContext with specified options.</doc>
<msg timestamp="20230703 18:02:35.268" level="INFO">{
  "acceptDownloads": true,
  "bypassCSP": false,
  "forcedColors": "none",
  "hideRfBrowser": false,
  "ignoreHTTPSErrors": false,
  "javaScriptEnabled": true,
  "offline": false,
  "reducedMotion": "no-preference",
  "viewport": {
    "width": 1280,
    "height": 720
  },
  "deprecated_pos_args": []
}</msg>
<msg timestamp="20230703 18:02:35.346" level="INFO">Successfully created context. </msg>
<msg timestamp="20230703 18:02:35.346" level="INFO">{'acceptDownloads': True, 'bypassCSP': False, 'forcedColors': 'none', 'hideRfBrowser': False, 'ignoreHTTPSErrors': False, 'javaScriptEnabled': True, 'offline': False, 'reducedMotion': 'no-preference', 'viewport': {'width': 1280, 'height': 720}, 'deprecated_pos_args': []}</msg>
<status status="PASS" starttime="20230703 18:02:35.268" endtime="20230703 18:02:35.346"/>
</kw>
<kw name="New Page" library="Browser">
<arg>${url}</arg>
<tag>BrowserControl</tag>
<tag>Setter</tag>
<doc>Open a new Page.</doc>
<msg timestamp="20230703 18:02:37.778" level="INFO">Successfully initialized new page object and opened url: https://test3.omenahotels.com/</msg>
<status status="PASS" starttime="20230703 18:02:35.347" endtime="20230703 18:02:37.778"/>
</kw>
<kw name="Wait Until Network Is Idle" library="Browser">
<tag>HTTP</tag>
<tag>Wait</tag>
<doc>Waits until there has been at least one instance of 500 ms of no network traffic on the page after loading.</doc>
<status status="PASS" starttime="20230703 18:02:37.778" endtime="20230703 18:02:38.924"/>
</kw>
<kw name="Allow Cookies" library="common">
<doc>Allow Cookies/Toggle Cookie allowance</doc>
<kw name="Is Element Found" library="common">
<var>${cookieModalVisible}</var>
<arg>id=CybotCookiebotDialogBodyLevelButtonLevelOptinAllowAll</arg>
<doc>A keyword that has a very complex way of figuring out whether an
element is found or not because I had trouble with the built-in keywords
Can be solved differently if you have a better idea</doc>
<kw name="Set Browser Timeout" library="Browser">
<arg>10s</arg>
<tag>Config</tag>
<tag>Setter</tag>
<doc>Sets the timeout used by most input and getter keywords.</doc>
<msg timestamp="20230703 18:02:38.929" level="INFO">Set timeout to: 10000</msg>
<status status="PASS" starttime="20230703 18:02:38.926" endtime="20230703 18:02:38.929"/>
</kw>
<try>
<branch type="TRY">
<kw name="Get Elements" library="Browser">
<var>${els}</var>
<arg>${selector}</arg>
<tag>Getter</tag>
<tag>PageContent</tag>
<doc>Returns a reference to Playwright [https://playwright.dev/docs/api/class-locator|Locator]
for all matched elements by ``selector``.</doc>
<msg timestamp="20230703 18:02:38.993" level="INFO">Found 1 Locators successfully.</msg>
<msg timestamp="20230703 18:02:38.993" level="INFO">${els} = ['element=879a466f-f282-4795-8e6b-d57d95453b0c']</msg>
<status status="PASS" starttime="20230703 18:02:38.930" endtime="20230703 18:02:38.993"/>
</kw>
<kw name="Get Length" library="BuiltIn">
<var>${count}</var>
<arg>${els}</arg>
<doc>Returns and logs the length of the given item as an integer.</doc>
<msg timestamp="20230703 18:02:38.994" level="INFO">Length is 1</msg>
<msg timestamp="20230703 18:02:38.994" level="INFO">${count} = 1</msg>
<status status="PASS" starttime="20230703 18:02:38.994" endtime="20230703 18:02:38.994"/>
</kw>
<if>
<branch type="IF" condition="${count} &gt; 0">
<kw name="Set Variable" library="BuiltIn">
<var>${visible}</var>
<arg>True</arg>
<doc>Returns the given values which can then be assigned to a variables.</doc>
<msg timestamp="20230703 18:02:38.995" level="INFO">${visible} = True</msg>
<status status="PASS" starttime="20230703 18:02:38.995" endtime="20230703 18:02:38.995"/>
</kw>
<status status="PASS" starttime="20230703 18:02:38.995" endtime="20230703 18:02:38.996"/>
</branch>
<branch type="ELSE">
<kw name="Set Variable" library="BuiltIn">
<var>${visible}</var>
<arg>False</arg>
<doc>Returns the given values which can then be assigned to a variables.</doc>
<status status="NOT RUN" starttime="20230703 18:02:38.996" endtime="20230703 18:02:38.996"/>
</kw>
<status status="NOT RUN" starttime="20230703 18:02:38.996" endtime="20230703 18:02:38.996"/>
</branch>
<status status="PASS" starttime="20230703 18:02:38.994" endtime="20230703 18:02:38.996"/>
</if>
<status status="PASS" starttime="20230703 18:02:38.930" endtime="20230703 18:02:38.996"/>
</branch>
<branch type="EXCEPT">
<kw name="Set Variable" library="BuiltIn">
<var>${visible}</var>
<arg>False</arg>
<doc>Returns the given values which can then be assigned to a variables.</doc>
<status status="NOT RUN" starttime="20230703 18:02:38.997" endtime="20230703 18:02:38.997"/>
</kw>
<status status="NOT RUN" starttime="20230703 18:02:38.997" endtime="20230703 18:02:38.997"/>
</branch>
<status status="PASS" starttime="20230703 18:02:38.930" endtime="20230703 18:02:38.997"/>
</try>
<kw name="Set Browser Timeout" library="Browser">
<arg>${timeout}</arg>
<tag>Config</tag>
<tag>Setter</tag>
<doc>Sets the timeout used by most input and getter keywords.</doc>
<msg timestamp="20230703 18:02:39.000" level="INFO">Set timeout to: 90000</msg>
<status status="PASS" starttime="20230703 18:02:38.997" endtime="20230703 18:02:39.000"/>
</kw>
<msg timestamp="20230703 18:02:39.002" level="INFO">${cookieModalVisible} = True</msg>
<status status="PASS" starttime="20230703 18:02:38.925" endtime="20230703 18:02:39.003"/>
</kw>
<if>
<branch type="IF" condition="${cookieModalVisible}">
<kw name="Click" library="Browser">
<arg>id=CybotCookiebotDialogBodyLevelButtonLevelOptinAllowAll</arg>
<tag>PageContent</tag>
<tag>Setter</tag>
<doc>Simulates mouse click on the element found by ``selector``.</doc>
<status status="PASS" starttime="20230703 18:02:39.003" endtime="20230703 18:02:39.092"/>
</kw>
<status status="PASS" starttime="20230703 18:02:39.003" endtime="20230703 18:02:39.092"/>
</branch>
<branch type="ELSE">
<kw name="Log" library="BuiltIn">
<arg>No Cookie Modal Visible</arg>
<doc>Logs the given message with the given level.</doc>
<status status="NOT RUN" starttime="20230703 18:02:39.093" endtime="20230703 18:02:39.093"/>
</kw>
<status status="NOT RUN" starttime="20230703 18:02:39.092" endtime="20230703 18:02:39.093"/>
</branch>
<status status="PASS" starttime="20230703 18:02:39.003" endtime="20230703 18:02:39.093"/>
</if>
<status status="PASS" starttime="20230703 18:02:38.925" endtime="20230703 18:02:39.093"/>
</kw>
<kw name="Set Environment" library="common">
<kw name="Get Url" library="Browser">
<var>${currentUrl}</var>
<tag>Assertion</tag>
<tag>Getter</tag>
<tag>PageContent</tag>
<doc>Returns the current URL.</doc>
<msg timestamp="20230703 18:02:39.099" level="INFO">${currentUrl} = https://test3.omenahotels.com/en/</msg>
<status status="PASS" starttime="20230703 18:02:39.096" endtime="20230703 18:02:39.099"/>
</kw>
<kw name="Get Environment From Url" library="Helpers">
<var>${env}</var>
<arg>${currentUrl}</arg>
<msg timestamp="20230703 18:02:39.100" level="INFO">${env} = test-omena</msg>
<status status="PASS" starttime="20230703 18:02:39.099" endtime="20230703 18:02:39.100"/>
</kw>
<kw name="Set Variable" library="BuiltIn">
<arg>${environment}</arg>
<arg>${env}</arg>
<doc>Returns the given values which can then be assigned to a variables.</doc>
<status status="PASS" starttime="20230703 18:02:39.100" endtime="20230703 18:02:39.100"/>
</kw>
<status status="PASS" starttime="20230703 18:02:39.094" endtime="20230703 18:02:39.101"/>
</kw>
<status status="PASS" starttime="20230703 18:02:34.720" endtime="20230703 18:02:39.102"/>
</kw>
<kw name="Select Hotel" library="booking">
<arg>Helsinki, Lönnrotinkatu</arg>
<doc>Select Hotel by using a number as an argument, default Lönnrotinkatu</doc>
<if>
<branch type="IF" condition="&quot;${environment}&quot; == &quot;test-exhibition&quot;">
<kw name="Log" library="BuiltIn">
<arg>No hotel to be selected</arg>
<doc>Logs the given message with the given level.</doc>
<status status="NOT RUN" starttime="20230703 18:02:39.103" endtime="20230703 18:02:39.103"/>
</kw>
<status status="NOT RUN" starttime="20230703 18:02:39.103" endtime="20230703 18:02:39.103"/>
</branch>
<branch type="ELSE">
<kw name="Log" library="BuiltIn">
<arg>Selecting Hotel: ${hotel}</arg>
<doc>Logs the given message with the given level.</doc>
<msg timestamp="20230703 18:02:39.104" level="INFO">Selecting Hotel: Helsinki, Lönnrotinkatu</msg>
<status status="PASS" starttime="20230703 18:02:39.103" endtime="20230703 18:02:39.104"/>
</kw>
<kw name="Click" library="Browser">
<arg>//div[contains(@data-nelson-btn, "hotels")]</arg>
<tag>PageContent</tag>
<tag>Setter</tag>
<doc>Simulates mouse click on the element found by ``selector``.</doc>
<status status="PASS" starttime="20230703 18:02:39.104" endtime="20230703 18:02:39.352"/>
</kw>
<kw name="Wait Until Visible" library="common">
<arg>//a[contains(@class, 'dropdown-item') and contains(text(), '${hotel}')]</arg>
<doc>An easier keyword for waiting until an element is visible</doc>
<kw name="Wait For Elements State" library="Browser">
<arg>${element}</arg>
<arg>visible</arg>
<arg>timeout=${timeout}</arg>
<tag>PageContent</tag>
<tag>Wait</tag>
<doc>Waits for the element found by ``selector`` to satisfy state option.</doc>
<msg timestamp="20230703 18:02:39.388" level="INFO">Waited for Element with selector //a[contains(@class, 'dropdown-item') and contains(text(), 'Helsinki, Lönnrotinkatu')] at state visible</msg>
<status status="PASS" starttime="20230703 18:02:39.353" endtime="20230703 18:02:39.388"/>
</kw>
<status status="PASS" starttime="20230703 18:02:39.352" endtime="20230703 18:02:39.388"/>
</kw>
<kw name="Click" library="Browser">
<arg>//a[contains(@class, 'dropdown-item') and contains(text(), '${hotel}')]</arg>
<tag>PageContent</tag>
<tag>Setter</tag>
<doc>Simulates mouse click on the element found by ``selector``.</doc>
<status status="PASS" starttime="20230703 18:02:39.389" endtime="20230703 18:02:39.693"/>
</kw>
<kw name="Wait For Elements State" library="Browser">
<arg>//a[contains(@class, 'dropdown-item') and contains(text(), '${hotel}')]</arg>
<arg>hidden</arg>
<arg>timeout=3s</arg>
<tag>PageContent</tag>
<tag>Wait</tag>
<doc>Waits for the element found by ``selector`` to satisfy state option.</doc>
<msg timestamp="20230703 18:02:39.843" level="INFO">Waited for Element with selector //a[contains(@class, 'dropdown-item') and contains(text(), 'Helsinki, Lönnrotinkatu')] at state hidden</msg>
<status status="PASS" starttime="20230703 18:02:39.694" endtime="20230703 18:02:39.843"/>
</kw>
<status status="PASS" starttime="20230703 18:02:39.103" endtime="20230703 18:02:39.843"/>
</branch>
<status status="PASS" starttime="20230703 18:02:39.102" endtime="20230703 18:02:39.843"/>
</if>
<status status="PASS" starttime="20230703 18:02:39.102" endtime="20230703 18:02:39.843"/>
</kw>
<kw name="Select Dates" library="booking">
<kw name="Log" library="BuiltIn">
<arg>Skipping date selection for now</arg>
<doc>Logs the given message with the given level.</doc>
<msg timestamp="20230703 18:02:39.845" level="INFO">Skipping date selection for now</msg>
<status status="PASS" starttime="20230703 18:02:39.844" endtime="20230703 18:02:39.845"/>
</kw>
<status status="PASS" starttime="20230703 18:02:39.844" endtime="20230703 18:02:39.845"/>
</kw>
<kw name="Select Guests" library="booking">
<doc>Selects the number of guests for the booking, current implementation will only check the dropdown</doc>
<kw name="Log To Console" library="BuiltIn">
<arg>Not yet implemented</arg>
<doc>Logs the given message to the console.</doc>
<status status="PASS" starttime="20230703 18:02:39.851" endtime="20230703 18:02:39.851"/>
</kw>
<status status="PASS" starttime="20230703 18:02:39.845" endtime="20230703 18:02:39.851"/>
</kw>
<kw name="Click Book Button" library="booking">
<kw name="Click" library="Browser">
<arg>//div[@data-nelson-btn='book']</arg>
<tag>PageContent</tag>
<tag>Setter</tag>
<doc>Simulates mouse click on the element found by ``selector``.</doc>
<status status="PASS" starttime="20230703 18:02:39.852" endtime="20230703 18:02:40.568"/>
</kw>
<status status="PASS" starttime="20230703 18:02:39.851" endtime="20230703 18:02:40.568"/>
</kw>
<kw name="Select a Standard Room" library="booking">
<kw name="Wait Until Visible" library="common">
<arg>${btnExtras}</arg>
<doc>An easier keyword for waiting until an element is visible</doc>
<kw name="Wait For Elements State" library="Browser">
<arg>${element}</arg>
<arg>visible</arg>
<arg>timeout=${timeout}</arg>
<tag>PageContent</tag>
<tag>Wait</tag>
<doc>Waits for the element found by ``selector`` to satisfy state option.</doc>
<msg timestamp="20230703 18:02:45.610" level="INFO">Waited for Element with selector (//div[contains(@view,"booking")]//button[contains(text(), "Continue to extras")])[1] at state visible</msg>
<status status="PASS" starttime="20230703 18:02:40.569" endtime="20230703 18:02:45.616"/>
</kw>
<status status="PASS" starttime="20230703 18:02:40.569" endtime="20230703 18:02:45.616"/>
</kw>
<kw name="Get Element States" library="Browser">
<var>${visible}</var>
<arg>//div[contains(text(), 'Select room')]</arg>
<arg>then</arg>
<arg>bool(value &amp; visible)</arg>
<tag>Assertion</tag>
<tag>Getter</tag>
<tag>PageContent</tag>
<doc>Get the active states from the element found by ``selector``.</doc>
<msg timestamp="20230703 18:02:45.871" level="INFO">${visible} = False</msg>
<status status="PASS" starttime="20230703 18:02:45.617" endtime="20230703 18:02:45.871"/>
</kw>
<kw name="Run Keyword If" library="BuiltIn">
<arg>${visible}</arg>
<arg>Select Standard and Remove Other Room Selection</arg>
<doc>Runs the given keyword with the given arguments, if ``condition`` is true.</doc>
<status status="PASS" starttime="20230703 18:02:45.872" endtime="20230703 18:02:45.872"/>
</kw>
<status status="PASS" starttime="20230703 18:02:40.568" endtime="20230703 18:02:45.872"/>
</kw>
<kw name="Click Continue to Extras Button" library="booking">
<doc>Clicks the continue to extras button</doc>
<kw name="Click" library="Browser">
<arg>${btnExtras}</arg>
<tag>PageContent</tag>
<tag>Setter</tag>
<doc>Simulates mouse click on the element found by ``selector``.</doc>
<msg timestamp="20230703 18:04:16.027" level="INFO" html="true">&lt;/td&gt;&lt;/tr&gt;&lt;tr&gt;&lt;td colspan="3"&gt;&lt;a href="browser/screenshot/fail-screenshot-3.png" target="_blank"&gt;&lt;img src="browser/screenshot/fail-screenshot-3.png" width="800px"/&gt;&lt;/a&gt;</msg>
<msg timestamp="20230703 18:04:16.027" level="INFO">See also file:///home/runner/work/nelson-test-automation/nelson-test-automation/reports/test3/pabot_results/1/playwright-log.txt for additional details.</msg>
<msg timestamp="20230703 18:04:16.028" level="FAIL">TimeoutError: locator.click: Timeout 90000ms exceeded.
=========================== logs ===========================
waiting for locator('xpath=(//div[contains(@view,"booking")]//button[contains(text(), "Continue to extras")])[1]')
  locator resolved to &lt;button disabled type="button" class="chakra-button css-…&gt;Continue to extras&lt;/button&gt;
attempting click action
  waiting for element to be visible, enabled and stable
    element is not enabled - waiting...
============================================================
Tip: Use "Set Browser Timeout" for increasing the timeout or double check your locator as the targeted element(s) couldn't be found.</msg>
<status status="FAIL" starttime="20230703 18:02:45.873" endtime="20230703 18:04:16.028"/>
</kw>
<kw name="Wait Until Visible" library="common">
<arg>${btnPayment}</arg>
<doc>An easier keyword for waiting until an element is visible</doc>
<status status="NOT RUN" starttime="20230703 18:04:16.029" endtime="20230703 18:04:16.029"/>
</kw>
<status status="FAIL" starttime="20230703 18:02:45.873" endtime="20230703 18:04:16.029"/>
</kw>
<kw name="Click Continue to Payment" library="booking">
<status status="NOT RUN" starttime="20230703 18:04:16.030" endtime="20230703 18:04:16.030"/>
</kw>
<kw name="Check Regular Rate 2" library="booking">
<status status="NOT RUN" starttime="20230703 18:04:16.030" endtime="20230703 18:04:16.030"/>
</kw>
<kw name="Fill contact info with the National not Finland" library="booking">
<doc>TBD: Use test data instead of hardcoded values</doc>
<status status="NOT RUN" starttime="20230703 18:04:16.031" endtime="20230703 18:04:16.031"/>
</kw>
<kw name="Accept offers and Terms" library="booking">
<status status="NOT RUN" starttime="20230703 18:04:16.031" endtime="20230703 18:04:16.032"/>
</kw>
<kw name="Select Web Bank and Nordea as Payment Method" library="booking">
<status status="NOT RUN" starttime="20230703 18:04:16.032" endtime="20230703 18:04:16.032"/>
</kw>
<kw name="Complete Payment Successfully" library="booking">
<status status="NOT RUN" starttime="20230703 18:04:16.032" endtime="20230703 18:04:16.032"/>
</kw>
<kw name="Click Check In Button" library="booking">
<status status="NOT RUN" starttime="20230703 18:04:16.033" endtime="20230703 18:04:16.033"/>
</kw>
<kw name="Fill Booker Info with the national is not Finland" library="booking">
<status status="NOT RUN" starttime="20230703 18:04:16.033" endtime="20230703 18:04:16.033"/>
</kw>
<kw name="Click Save and Sign Button 2" library="booking">
<status status="NOT RUN" starttime="20230703 18:04:16.033" endtime="20230703 18:04:16.033"/>
</kw>
<kw name="Verify booker information with national" library="booking">
<status status="NOT RUN" starttime="20230703 18:04:16.034" endtime="20230703 18:04:16.034"/>
</kw>
<kw name="Close Browser" library="Browser" type="TEARDOWN">
<tag>BrowserControl</tag>
<tag>Setter</tag>
<doc>Closes the current browser.</doc>
<msg timestamp="20230703 18:04:16.593" level="INFO">Closed browser</msg>
<status status="PASS" starttime="20230703 18:04:16.034" endtime="20230703 18:04:16.593"/>
</kw>
<status status="FAIL" starttime="20230703 18:02:34.719" endtime="20230703 18:04:16.593">TimeoutError: locator.click: Timeout 90000ms exceeded.
=========================== logs ===========================
waiting for locator('xpath=(//div[contains(@view,"booking")]//button[contains(text(), "Continue to extras")])[1]')
  locator resolved to &lt;button disabled type="button" class="chakra-button css-…&gt;Continue to extras&lt;/button&gt;
attempting click action
  waiting for element to be visible, enabled and stable
    element is not enabled - waiting...
============================================================
Tip: Use "Set Browser Timeout" for increasing the timeout or double check your locator as the targeted element(s) couldn't be found.</status>
</test>
<status status="FAIL" starttime="20230703 17:59:07.651" endtime="20230703 18:04:16.597"/>
</suite>
<status status="FAIL" starttime="20230703 17:59:07.650" endtime="20230703 18:04:16.602"/>
</suite>
<status status="FAIL" starttime="20230703 17:59:07.648" endtime="20230703 18:04:16.604"/>
</suite>
<status status="FAIL" starttime="20230703 17:59:07.646" endtime="20230703 18:04:16.605"/>
</suite>
<doc>Argument file for running tests on Omena test environmen (test4)</doc>
<status status="FAIL" starttime="20230703 17:59:07.629" endtime="20230703 18:04:16.606"/>
</suite>
<statistics>
<total>
<stat pass="0" fail="3" skip="0">All Tests</stat>
</total>
<tag>
</tag>
<suite>
<stat pass="0" fail="3" skip="0" id="s1" name="Testsuites">Testsuites</stat>
<stat pass="0" fail="3" skip="0" id="s1-s1" name="BUI">Testsuites.BUI</stat>
<stat pass="0" fail="3" skip="0" id="s1-s1-s1" name="Feature">Testsuites.BUI.Feature</stat>
<stat pass="0" fail="3" skip="0" id="s1-s1-s1-s1" name="Online Check In">Testsuites.BUI.Feature.Online Check In</stat>
<stat pass="0" fail="3" skip="0" id="s1-s1-s1-s1-s1" name="BUI2-557">Testsuites.BUI.Feature.Online Check In.BUI2-557</stat>
</suite>
</statistics>
<errors>
<msg timestamp="20230703 17:59:08.280" level="ERROR">Error in file '/home/runner/work/nelson-test-automation/nelson-test-automation/resources/keywords/mui.resource' on line 14: Setting variable '${MUI_PASSWORD}' failed: Environment variable '%{MUI_PASSWORD}' not found.</msg>
<msg timestamp="20230703 17:59:08.282" level="ERROR">Error in file '/home/runner/work/nelson-test-automation/nelson-test-automation/resources/keywords/mui.resource' on line 13: Setting variable '${MUI_USERNAME}' failed: Environment variable '%{MUI_USERNAME}' not found.</msg>
</errors>
</robot>
