<?xml version="1.0" encoding="UTF-8"?>
<robot generator="Robot 5.0.1 (Python 3.10.12 on linux)" generated="20230704 04:03:53.652" rpa="false" schemaversion="3">
<suite id="s1" name="Testsuites" source="/home/runner/work/nelson-test-automation/nelson-test-automation/testsuites">
<suite id="s1-s1" name="BUI" source="/home/runner/work/nelson-test-automation/nelson-test-automation/testsuites/BUI">
<suite id="s1-s1-s1" name="Feature" source="/home/runner/work/nelson-test-automation/nelson-test-automation/testsuites/BUI/feature">
<suite id="s1-s1-s1-s1" name="Online Check In" source="/home/runner/work/nelson-test-automation/nelson-test-automation/testsuites/BUI/feature/online_check_in">
<suite id="s1-s1-s1-s1-s1" name="BUI2-557" source="/home/runner/work/nelson-test-automation/nelson-test-automation/testsuites/BUI/feature/online_check_in/BUI2-557.robot">
<test id="s1-s1-s1-s1-s1-t1" name="Verify UI When in booker view" line="11">
<kw name="Open Browser to Landing Page" library="common" type="SETUP">
<doc>A general startup keyword for opening a browser to the landing page.</doc>
<kw name="New Browser" library="Browser">
<arg>${browser}</arg>
<arg>${headless}</arg>
<arg>timeout=${timeout}</arg>
<tag>BrowserControl</tag>
<tag>Setter</tag>
<doc>Create a new playwright Browser with specified options.</doc>
<msg timestamp="20230704 04:03:54.812" level="INFO">{"browser": "firefox", "headless": true, "devtools": false, "handleSIGHUP": true, "handleSIGINT": true, "handleSIGTERM": true, "slowMo": 0.0, "timeout": 90000.0, "deprecated_pos_args": [], "tracesDir": "/home/runner/work/nelson-test-automation/nelson-test-automation/reports/test3/pabot_results/1/browser/traces/e44e2d90-f45b-46eb-959e-c5842908882e"}</msg>
<msg timestamp="20230704 04:03:55.988" level="INFO">Successfully created browser with options: {"browser":"firefox","headless":true,"devtools":false,"handleSIGHUP":true,"handleSIGINT":true,"handleSIGTERM":true,"slowMo":0,"timeout":90000,"deprecated_pos_args":[],"tracesDir":"/home/runner/work/nelson-test-automation/nelson-test-automation/reports/test3/pabot_results/1/browser/traces/e44e2d90-f45b-46eb-959e-c5842908882e"}</msg>
<status status="PASS" starttime="20230704 04:03:54.810" endtime="20230704 04:03:55.988"/>
</kw>
<kw name="Set Browser Timeout" library="Browser">
<arg>${timeout}</arg>
<tag>Config</tag>
<tag>Setter</tag>
<doc>Sets the timeout used by most input and getter keywords.</doc>
<msg timestamp="20230704 04:03:55.992" level="INFO">No context open.</msg>
<status status="PASS" starttime="20230704 04:03:55.989" endtime="20230704 04:03:55.992"/>
</kw>
<kw name="New Context" library="Browser">
<tag>BrowserControl</tag>
<tag>Setter</tag>
<doc>Create a new BrowserContext with specified options.</doc>
<msg timestamp="20230704 04:03:55.993" level="INFO">{
  "acceptDownloads": true,
  "bypassCSP": false,
  "forcedColors": "none",
  "hideRfBrowser": false,
  "ignoreHTTPSErrors": false,
  "javaScriptEnabled": true,
  "offline": false,
  "reducedMotion": "no-preference",
  "viewport": {
    "height": 720,
    "width": 1280
  },
  "deprecated_pos_args": []
}</msg>
<msg timestamp="20230704 04:03:56.093" level="INFO">Successfully created context. </msg>
<msg timestamp="20230704 04:03:56.093" level="INFO">{'acceptDownloads': True, 'bypassCSP': False, 'forcedColors': 'none', 'hideRfBrowser': False, 'ignoreHTTPSErrors': False, 'javaScriptEnabled': True, 'offline': False, 'reducedMotion': 'no-preference', 'viewport': {'height': 720, 'width': 1280}, 'deprecated_pos_args': []}</msg>
<status status="PASS" starttime="20230704 04:03:55.992" endtime="20230704 04:03:56.093"/>
</kw>
<kw name="New Page" library="Browser">
<arg>${url}</arg>
<tag>BrowserControl</tag>
<tag>Setter</tag>
<doc>Open a new Page.</doc>
<msg timestamp="20230704 04:04:04.351" level="INFO">Successfully initialized new page object and opened url: https://test3.omenahotels.com/</msg>
<status status="PASS" starttime="20230704 04:03:56.094" endtime="20230704 04:04:04.351"/>
</kw>
<kw name="Wait Until Network Is Idle" library="Browser">
<tag>HTTP</tag>
<tag>Wait</tag>
<doc>Waits until there has been at least one instance of 500 ms of no network traffic on the page after loading.</doc>
<status status="PASS" starttime="20230704 04:04:04.351" endtime="20230704 04:04:05.637"/>
</kw>
<kw name="Allow Cookies" library="common">
<doc>Allow Cookies/Toggle Cookie allowance</doc>
<kw name="Is Element Found" library="common">
<var>${cookieModalVisible}</var>
<arg>id=CybotCookiebotDialogBodyLevelButtonLevelOptinAllowAll</arg>
<doc>A keyword that has a very complex way of figuring out whether an
element is found or not because I had trouble with the built-in keywords
Can be solved differently if you have a better idea</doc>
<kw name="Set Browser Timeout" library="Browser">
<arg>10s</arg>
<tag>Config</tag>
<tag>Setter</tag>
<doc>Sets the timeout used by most input and getter keywords.</doc>
<msg timestamp="20230704 04:04:05.647" level="INFO">Set timeout to: 10000</msg>
<status status="PASS" starttime="20230704 04:04:05.639" endtime="20230704 04:04:05.648"/>
</kw>
<try>
<branch type="TRY">
<kw name="Get Elements" library="Browser">
<var>${els}</var>
<arg>${selector}</arg>
<tag>Getter</tag>
<tag>PageContent</tag>
<doc>Returns a reference to Playwright [https://playwright.dev/docs/api/class-locator|Locator]
for all matched elements by ``selector``.</doc>
<msg timestamp="20230704 04:04:05.749" level="INFO">Found 1 Locators successfully.</msg>
<msg timestamp="20230704 04:04:05.750" level="INFO">${els} = ['element=5b099d7e-8bc0-4eca-a77c-4162d542058c']</msg>
<status status="PASS" starttime="20230704 04:04:05.649" endtime="20230704 04:04:05.750"/>
</kw>
<kw name="Get Length" library="BuiltIn">
<var>${count}</var>
<arg>${els}</arg>
<doc>Returns and logs the length of the given item as an integer.</doc>
<msg timestamp="20230704 04:04:05.750" level="INFO">Length is 1</msg>
<msg timestamp="20230704 04:04:05.751" level="INFO">${count} = 1</msg>
<status status="PASS" starttime="20230704 04:04:05.750" endtime="20230704 04:04:05.751"/>
</kw>
<if>
<branch type="IF" condition="${count} &gt; 0">
<kw name="Set Variable" library="BuiltIn">
<var>${visible}</var>
<arg>True</arg>
<doc>Returns the given values which can then be assigned to a variables.</doc>
<msg timestamp="20230704 04:04:05.753" level="INFO">${visible} = True</msg>
<status status="PASS" starttime="20230704 04:04:05.752" endtime="20230704 04:04:05.753"/>
</kw>
<status status="PASS" starttime="20230704 04:04:05.751" endtime="20230704 04:04:05.753"/>
</branch>
<branch type="ELSE">
<kw name="Set Variable" library="BuiltIn">
<var>${visible}</var>
<arg>False</arg>
<doc>Returns the given values which can then be assigned to a variables.</doc>
<status status="NOT RUN" starttime="20230704 04:04:05.754" endtime="20230704 04:04:05.754"/>
</kw>
<status status="NOT RUN" starttime="20230704 04:04:05.753" endtime="20230704 04:04:05.754"/>
</branch>
<status status="PASS" starttime="20230704 04:04:05.751" endtime="20230704 04:04:05.754"/>
</if>
<status status="PASS" starttime="20230704 04:04:05.649" endtime="20230704 04:04:05.756"/>
</branch>
<branch type="EXCEPT">
<kw name="Set Variable" library="BuiltIn">
<var>${visible}</var>
<arg>False</arg>
<doc>Returns the given values which can then be assigned to a variables.</doc>
<status status="NOT RUN" starttime="20230704 04:04:05.756" endtime="20230704 04:04:05.756"/>
</kw>
<status status="NOT RUN" starttime="20230704 04:04:05.756" endtime="20230704 04:04:05.756"/>
</branch>
<status status="PASS" starttime="20230704 04:04:05.648" endtime="20230704 04:04:05.756"/>
</try>
<kw name="Set Browser Timeout" library="Browser">
<arg>${timeout}</arg>
<tag>Config</tag>
<tag>Setter</tag>
<doc>Sets the timeout used by most input and getter keywords.</doc>
<msg timestamp="20230704 04:04:05.769" level="INFO">Set timeout to: 90000</msg>
<status status="PASS" starttime="20230704 04:04:05.757" endtime="20230704 04:04:05.769"/>
</kw>
<msg timestamp="20230704 04:04:05.771" level="INFO">${cookieModalVisible} = True</msg>
<status status="PASS" starttime="20230704 04:04:05.638" endtime="20230704 04:04:05.771"/>
</kw>
<if>
<branch type="IF" condition="${cookieModalVisible}">
<kw name="Click" library="Browser">
<arg>id=CybotCookiebotDialogBodyLevelButtonLevelOptinAllowAll</arg>
<tag>PageContent</tag>
<tag>Setter</tag>
<doc>Simulates mouse click on the element found by ``selector``.</doc>
<status status="PASS" starttime="20230704 04:04:05.771" endtime="20230704 04:04:06.012"/>
</kw>
<status status="PASS" starttime="20230704 04:04:05.771" endtime="20230704 04:04:06.012"/>
</branch>
<branch type="ELSE">
<kw name="Log" library="BuiltIn">
<arg>No Cookie Modal Visible</arg>
<doc>Logs the given message with the given level.</doc>
<status status="NOT RUN" starttime="20230704 04:04:06.013" endtime="20230704 04:04:06.013"/>
</kw>
<status status="NOT RUN" starttime="20230704 04:04:06.012" endtime="20230704 04:04:06.013"/>
</branch>
<status status="PASS" starttime="20230704 04:04:05.771" endtime="20230704 04:04:06.013"/>
</if>
<status status="PASS" starttime="20230704 04:04:05.638" endtime="20230704 04:04:06.016"/>
</kw>
<kw name="Set Environment" library="common">
<kw name="Get Url" library="Browser">
<var>${currentUrl}</var>
<tag>Assertion</tag>
<tag>Getter</tag>
<tag>PageContent</tag>
<doc>Returns the current URL.</doc>
<msg timestamp="20230704 04:04:06.027" level="INFO">${currentUrl} = https://test3.omenahotels.com/en/</msg>
<status status="PASS" starttime="20230704 04:04:06.017" endtime="20230704 04:04:06.027"/>
</kw>
<kw name="Get Environment From Url" library="Helpers">
<var>${env}</var>
<arg>${currentUrl}</arg>
<msg timestamp="20230704 04:04:06.028" level="INFO">${env} = test-omena</msg>
<status status="PASS" starttime="20230704 04:04:06.027" endtime="20230704 04:04:06.028"/>
</kw>
<kw name="Set Variable" library="BuiltIn">
<arg>${environment}</arg>
<arg>${env}</arg>
<doc>Returns the given values which can then be assigned to a variables.</doc>
<status status="PASS" starttime="20230704 04:04:06.028" endtime="20230704 04:04:06.029"/>
</kw>
<status status="PASS" starttime="20230704 04:04:06.017" endtime="20230704 04:04:06.029"/>
</kw>
<status status="PASS" starttime="20230704 04:03:54.810" endtime="20230704 04:04:06.029"/>
</kw>
<kw name="Select Hotel" library="booking">
<arg>Helsinki, Lönnrotinkatu</arg>
<doc>Select Hotel by using a number as an argument, default Lönnrotinkatu</doc>
<if>
<branch type="IF" condition="&quot;${environment}&quot; == &quot;test-exhibition&quot;">
<kw name="Log" library="BuiltIn">
<arg>No hotel to be selected</arg>
<doc>Logs the given message with the given level.</doc>
<status status="NOT RUN" starttime="20230704 04:04:06.049" endtime="20230704 04:04:06.049"/>
</kw>
<status status="NOT RUN" starttime="20230704 04:04:06.030" endtime="20230704 04:04:06.049"/>
</branch>
<branch type="ELSE">
<kw name="Log" library="BuiltIn">
<arg>Selecting Hotel: ${hotel}</arg>
<doc>Logs the given message with the given level.</doc>
<msg timestamp="20230704 04:04:06.065" level="INFO">Selecting Hotel: Helsinki, Lönnrotinkatu</msg>
<status status="PASS" starttime="20230704 04:04:06.053" endtime="20230704 04:04:06.067"/>
</kw>
<kw name="Click" library="Browser">
<arg>//div[contains(@data-nelson-btn, "hotels")]</arg>
<tag>PageContent</tag>
<tag>Setter</tag>
<doc>Simulates mouse click on the element found by ``selector``.</doc>
<status status="PASS" starttime="20230704 04:04:06.068" endtime="20230704 04:04:06.761"/>
</kw>
<kw name="Wait Until Visible" library="common">
<arg>//a[contains(@class, 'dropdown-item') and contains(text(), '${hotel}')]</arg>
<doc>An easier keyword for waiting until an element is visible</doc>
<kw name="Wait For Elements State" library="Browser">
<arg>${element}</arg>
<arg>visible</arg>
<arg>timeout=${timeout}</arg>
<tag>PageContent</tag>
<tag>Wait</tag>
<doc>Waits for the element found by ``selector`` to satisfy state option.</doc>
<msg timestamp="20230704 04:04:06.846" level="INFO">Waited for Element with selector //a[contains(@class, 'dropdown-item') and contains(text(), 'Helsinki, Lönnrotinkatu')] at state visible</msg>
<status status="PASS" starttime="20230704 04:04:06.762" endtime="20230704 04:04:06.846"/>
</kw>
<status status="PASS" starttime="20230704 04:04:06.761" endtime="20230704 04:04:06.846"/>
</kw>
<kw name="Click" library="Browser">
<arg>//a[contains(@class, 'dropdown-item') and contains(text(), '${hotel}')]</arg>
<tag>PageContent</tag>
<tag>Setter</tag>
<doc>Simulates mouse click on the element found by ``selector``.</doc>
<status status="PASS" starttime="20230704 04:04:06.847" endtime="20230704 04:04:07.321"/>
</kw>
<kw name="Wait For Elements State" library="Browser">
<arg>//a[contains(@class, 'dropdown-item') and contains(text(), '${hotel}')]</arg>
<arg>hidden</arg>
<arg>timeout=3s</arg>
<tag>PageContent</tag>
<tag>Wait</tag>
<doc>Waits for the element found by ``selector`` to satisfy state option.</doc>
<msg timestamp="20230704 04:04:07.434" level="INFO">Waited for Element with selector //a[contains(@class, 'dropdown-item') and contains(text(), 'Helsinki, Lönnrotinkatu')] at state hidden</msg>
<status status="PASS" starttime="20230704 04:04:07.321" endtime="20230704 04:04:07.435"/>
</kw>
<status status="PASS" starttime="20230704 04:04:06.053" endtime="20230704 04:04:07.435"/>
</branch>
<status status="PASS" starttime="20230704 04:04:06.030" endtime="20230704 04:04:07.435"/>
</if>
<status status="PASS" starttime="20230704 04:04:06.029" endtime="20230704 04:04:07.436"/>
</kw>
<kw name="Select Dates" library="booking">
<kw name="Log" library="BuiltIn">
<arg>Skipping date selection for now</arg>
<doc>Logs the given message with the given level.</doc>
<msg timestamp="20230704 04:04:07.438" level="INFO">Skipping date selection for now</msg>
<status status="PASS" starttime="20230704 04:04:07.437" endtime="20230704 04:04:07.438"/>
</kw>
<status status="PASS" starttime="20230704 04:04:07.437" endtime="20230704 04:04:07.438"/>
</kw>
<kw name="Select Guests" library="booking">
<doc>Selects the number of guests for the booking, current implementation will only check the dropdown</doc>
<kw name="Log To Console" library="BuiltIn">
<arg>Not yet implemented</arg>
<doc>Logs the given message to the console.</doc>
<status status="PASS" starttime="20230704 04:04:07.439" endtime="20230704 04:04:07.439"/>
</kw>
<status status="PASS" starttime="20230704 04:04:07.438" endtime="20230704 04:04:07.439"/>
</kw>
<kw name="Click Book Button" library="booking">
<kw name="Click" library="Browser">
<arg>//div[@data-nelson-btn='book']</arg>
<tag>PageContent</tag>
<tag>Setter</tag>
<doc>Simulates mouse click on the element found by ``selector``.</doc>
<status status="PASS" starttime="20230704 04:04:07.440" endtime="20230704 04:04:08.065"/>
</kw>
<status status="PASS" starttime="20230704 04:04:07.440" endtime="20230704 04:04:08.065"/>
</kw>
<kw name="Select a Standard Room" library="booking">
<kw name="Wait Until Visible" library="common">
<arg>${btnExtras}</arg>
<doc>An easier keyword for waiting until an element is visible</doc>
<kw name="Wait For Elements State" library="Browser">
<arg>${element}</arg>
<arg>visible</arg>
<arg>timeout=${timeout}</arg>
<tag>PageContent</tag>
<tag>Wait</tag>
<doc>Waits for the element found by ``selector`` to satisfy state option.</doc>
<msg timestamp="20230704 04:04:13.184" level="INFO">Waited for Element with selector (//div[contains(@view,"booking")]//button[contains(text(), "Continue to extras")])[1] at state visible</msg>
<status status="PASS" starttime="20230704 04:04:08.067" endtime="20230704 04:04:13.185"/>
</kw>
<status status="PASS" starttime="20230704 04:04:08.066" endtime="20230704 04:04:13.185"/>
</kw>
<kw name="Get Element States" library="Browser">
<var>${visible}</var>
<arg>//div[contains(text(), 'Select room')]</arg>
<arg>then</arg>
<arg>bool(value &amp; visible)</arg>
<tag>Assertion</tag>
<tag>Getter</tag>
<tag>PageContent</tag>
<doc>Get the active states from the element found by ``selector``.</doc>
<msg timestamp="20230704 04:04:13.439" level="INFO">${visible} = False</msg>
<status status="PASS" starttime="20230704 04:04:13.185" endtime="20230704 04:04:13.439"/>
</kw>
<kw name="Run Keyword If" library="BuiltIn">
<arg>${visible}</arg>
<arg>Select Standard and Remove Other Room Selection</arg>
<doc>Runs the given keyword with the given arguments, if ``condition`` is true.</doc>
<status status="PASS" starttime="20230704 04:04:13.440" endtime="20230704 04:04:13.440"/>
</kw>
<status status="PASS" starttime="20230704 04:04:08.066" endtime="20230704 04:04:13.441"/>
</kw>
<kw name="Click Continue to Extras Button" library="booking">
<doc>Clicks the continue to extras button</doc>
<kw name="Click" library="Browser">
<arg>${btnExtras}</arg>
<tag>PageContent</tag>
<tag>Setter</tag>
<doc>Simulates mouse click on the element found by ``selector``.</doc>
<status status="PASS" starttime="20230704 04:04:13.441" endtime="20230704 04:04:15.995"/>
</kw>
<kw name="Wait Until Visible" library="common">
<arg>${btnPayment}</arg>
<doc>An easier keyword for waiting until an element is visible</doc>
<kw name="Wait For Elements State" library="Browser">
<arg>${element}</arg>
<arg>visible</arg>
<arg>timeout=${timeout}</arg>
<tag>PageContent</tag>
<tag>Wait</tag>
<doc>Waits for the element found by ``selector`` to satisfy state option.</doc>
<msg timestamp="20230704 04:04:16.991" level="INFO">Waited for Element with selector (//div[contains(@view,"extras")]//button[contains(text(), "Continue to payment")])[1] at state visible</msg>
<status status="PASS" starttime="20230704 04:04:15.996" endtime="20230704 04:04:16.991"/>
</kw>
<status status="PASS" starttime="20230704 04:04:15.995" endtime="20230704 04:04:16.992"/>
</kw>
<status status="PASS" starttime="20230704 04:04:13.441" endtime="20230704 04:04:16.992"/>
</kw>
<kw name="Click Continue to Payment" library="booking">
<kw name="Click First Element Found" library="common">
<arg>//div[@class='css-1t415z1']//button[@type='button'][normalize-space()='Continue to payment']</arg>
<kw name="Get Elements" library="Browser">
<var>${elements}</var>
<arg>${xpath}</arg>
<tag>Getter</tag>
<tag>PageContent</tag>
<doc>Returns a reference to Playwright [https://playwright.dev/docs/api/class-locator|Locator]
for all matched elements by ``selector``.</doc>
<msg timestamp="20230704 04:04:17.015" level="INFO">Found 1 Locators successfully.</msg>
<msg timestamp="20230704 04:04:17.016" level="INFO">${elements} = ['element=1d48cec5-0c6a-46e0-96f2-0f58a5c45190']</msg>
<status status="PASS" starttime="20230704 04:04:16.993" endtime="20230704 04:04:17.016"/>
</kw>
<kw name="Set Variable" library="BuiltIn">
<var>${first_element}</var>
<arg>${elements}[0]</arg>
<doc>Returns the given values which can then be assigned to a variables.</doc>
<msg timestamp="20230704 04:04:17.016" level="INFO">${first_element} = element=1d48cec5-0c6a-46e0-96f2-0f58a5c45190</msg>
<status status="PASS" starttime="20230704 04:04:17.016" endtime="20230704 04:04:17.016"/>
</kw>
<kw name="Click" library="Browser">
<arg>${first_element}</arg>
<tag>PageContent</tag>
<tag>Setter</tag>
<doc>Simulates mouse click on the element found by ``selector``.</doc>
<status status="PASS" starttime="20230704 04:04:17.017" endtime="20230704 04:04:17.202"/>
</kw>
<status status="PASS" starttime="20230704 04:04:16.993" endtime="20230704 04:04:17.203"/>
</kw>
<status status="PASS" starttime="20230704 04:04:16.992" endtime="20230704 04:04:17.203"/>
</kw>
<kw name="Check Regular Rate 2" library="booking">
<kw name="Check Regular Rate" library="booking">
<kw name="Click" library="Browser">
<arg>//p[contains(text(),'Continue with regular rate')]</arg>
<tag>PageContent</tag>
<tag>Setter</tag>
<doc>Simulates mouse click on the element found by ``selector``.</doc>
<status status="PASS" starttime="20230704 04:04:17.204" endtime="20230704 04:04:19.515"/>
</kw>
<kw name="Wait Until Visible" library="common">
<arg>//div//*[normalize-space()='Continue with regular rate']/following-sibling::div[@data-checked]</arg>
<doc>An easier keyword for waiting until an element is visible</doc>
<kw name="Wait For Elements State" library="Browser">
<arg>${element}</arg>
<arg>visible</arg>
<arg>timeout=${timeout}</arg>
<tag>PageContent</tag>
<tag>Wait</tag>
<doc>Waits for the element found by ``selector`` to satisfy state option.</doc>
<msg timestamp="20230704 04:04:19.530" level="INFO">Waited for Element with selector //div//*[normalize-space()='Continue with regular rate']/following-sibling::div[@data-checked] at state visible</msg>
<status status="PASS" starttime="20230704 04:04:19.516" endtime="20230704 04:04:19.530"/>
</kw>
<status status="PASS" starttime="20230704 04:04:19.515" endtime="20230704 04:04:19.530"/>
</kw>
<status status="PASS" starttime="20230704 04:04:17.204" endtime="20230704 04:04:19.531"/>
</kw>
<kw name="Check Join as Member" library="booking">
<kw name="Click" library="Browser">
<arg>//p[contains(text(),'Join for free and')]</arg>
<tag>PageContent</tag>
<tag>Setter</tag>
<doc>Simulates mouse click on the element found by ``selector``.</doc>
<status status="PASS" starttime="20230704 04:04:19.532" endtime="20230704 04:04:19.813"/>
</kw>
<kw name="Wait Until Visible" library="common">
<arg>//div//*[normalize-space()='Join for free and get the member rate']/following-sibling::div[@data-checked]</arg>
<doc>An easier keyword for waiting until an element is visible</doc>
<kw name="Wait For Elements State" library="Browser">
<arg>${element}</arg>
<arg>visible</arg>
<arg>timeout=${timeout}</arg>
<tag>PageContent</tag>
<tag>Wait</tag>
<doc>Waits for the element found by ``selector`` to satisfy state option.</doc>
<msg timestamp="20230704 04:04:19.827" level="INFO">Waited for Element with selector //div//*[normalize-space()='Join for free and get the member rate']/following-sibling::div[@data-checked] at state visible</msg>
<status status="PASS" starttime="20230704 04:04:19.814" endtime="20230704 04:04:19.827"/>
</kw>
<status status="PASS" starttime="20230704 04:04:19.813" endtime="20230704 04:04:19.828"/>
</kw>
<status status="PASS" starttime="20230704 04:04:19.532" endtime="20230704 04:04:19.828"/>
</kw>
<kw name="Check Regular Rate" library="booking">
<kw name="Click" library="Browser">
<arg>//p[contains(text(),'Continue with regular rate')]</arg>
<tag>PageContent</tag>
<tag>Setter</tag>
<doc>Simulates mouse click on the element found by ``selector``.</doc>
<status status="PASS" starttime="20230704 04:04:19.829" endtime="20230704 04:04:20.129"/>
</kw>
<kw name="Wait Until Visible" library="common">
<arg>//div//*[normalize-space()='Continue with regular rate']/following-sibling::div[@data-checked]</arg>
<doc>An easier keyword for waiting until an element is visible</doc>
<kw name="Wait For Elements State" library="Browser">
<arg>${element}</arg>
<arg>visible</arg>
<arg>timeout=${timeout}</arg>
<tag>PageContent</tag>
<tag>Wait</tag>
<doc>Waits for the element found by ``selector`` to satisfy state option.</doc>
<msg timestamp="20230704 04:04:20.148" level="INFO">Waited for Element with selector //div//*[normalize-space()='Continue with regular rate']/following-sibling::div[@data-checked] at state visible</msg>
<status status="PASS" starttime="20230704 04:04:20.130" endtime="20230704 04:04:20.148"/>
</kw>
<status status="PASS" starttime="20230704 04:04:20.130" endtime="20230704 04:04:20.149"/>
</kw>
<status status="PASS" starttime="20230704 04:04:19.828" endtime="20230704 04:04:20.149"/>
</kw>
<kw name="Check Join as Member" library="booking">
<kw name="Click" library="Browser">
<arg>//p[contains(text(),'Join for free and')]</arg>
<tag>PageContent</tag>
<tag>Setter</tag>
<doc>Simulates mouse click on the element found by ``selector``.</doc>
<status status="PASS" starttime="20230704 04:04:20.150" endtime="20230704 04:04:20.436"/>
</kw>
<kw name="Wait Until Visible" library="common">
<arg>//div//*[normalize-space()='Join for free and get the member rate']/following-sibling::div[@data-checked]</arg>
<doc>An easier keyword for waiting until an element is visible</doc>
<kw name="Wait For Elements State" library="Browser">
<arg>${element}</arg>
<arg>visible</arg>
<arg>timeout=${timeout}</arg>
<tag>PageContent</tag>
<tag>Wait</tag>
<doc>Waits for the element found by ``selector`` to satisfy state option.</doc>
<msg timestamp="20230704 04:04:20.456" level="INFO">Waited for Element with selector //div//*[normalize-space()='Join for free and get the member rate']/following-sibling::div[@data-checked] at state visible</msg>
<status status="PASS" starttime="20230704 04:04:20.437" endtime="20230704 04:04:20.456"/>
</kw>
<status status="PASS" starttime="20230704 04:04:20.436" endtime="20230704 04:04:20.457"/>
</kw>
<status status="PASS" starttime="20230704 04:04:20.149" endtime="20230704 04:04:20.457"/>
</kw>
<kw name="Check Regular Rate" library="booking">
<kw name="Click" library="Browser">
<arg>//p[contains(text(),'Continue with regular rate')]</arg>
<tag>PageContent</tag>
<tag>Setter</tag>
<doc>Simulates mouse click on the element found by ``selector``.</doc>
<status status="PASS" starttime="20230704 04:04:20.458" endtime="20230704 04:04:20.739"/>
</kw>
<kw name="Wait Until Visible" library="common">
<arg>//div//*[normalize-space()='Continue with regular rate']/following-sibling::div[@data-checked]</arg>
<doc>An easier keyword for waiting until an element is visible</doc>
<kw name="Wait For Elements State" library="Browser">
<arg>${element}</arg>
<arg>visible</arg>
<arg>timeout=${timeout}</arg>
<tag>PageContent</tag>
<tag>Wait</tag>
<doc>Waits for the element found by ``selector`` to satisfy state option.</doc>
<msg timestamp="20230704 04:04:20.758" level="INFO">Waited for Element with selector //div//*[normalize-space()='Continue with regular rate']/following-sibling::div[@data-checked] at state visible</msg>
<status status="PASS" starttime="20230704 04:04:20.740" endtime="20230704 04:04:20.758"/>
</kw>
<status status="PASS" starttime="20230704 04:04:20.739" endtime="20230704 04:04:20.759"/>
</kw>
<status status="PASS" starttime="20230704 04:04:20.457" endtime="20230704 04:04:20.759"/>
</kw>
<status status="PASS" starttime="20230704 04:04:17.203" endtime="20230704 04:04:20.759"/>
</kw>
<kw name="Fill in Contact Information 1" library="booking">
<kw name="Click and Fill" library="common">
<arg>id=firstName</arg>
<arg>${firstName}</arg>
<doc>A keyword combination of Click and Fill Text since most of the form fields need a click</doc>
<kw name="Click" library="Browser">
<arg>${selector}</arg>
<tag>PageContent</tag>
<tag>Setter</tag>
<doc>Simulates mouse click on the element found by ``selector``.</doc>
<status status="PASS" starttime="20230704 04:04:20.761" endtime="20230704 04:04:20.951"/>
</kw>
<kw name="Fill Text" library="Browser">
<arg>${selector}</arg>
<arg>${text}</arg>
<tag>PageContent</tag>
<tag>Setter</tag>
<doc>Clears and fills the given ``txt`` into the text field found by ``selector``.</doc>
<msg timestamp="20230704 04:04:20.952" level="INFO">Fills the text 'Bich' in the given field.</msg>
<status status="PASS" starttime="20230704 04:04:20.951" endtime="20230704 04:04:21.078"/>
</kw>
<status status="PASS" starttime="20230704 04:04:20.760" endtime="20230704 04:04:21.079"/>
</kw>
<kw name="Click and Fill" library="common">
<arg>id=lastName</arg>
<arg>${lastName}</arg>
<doc>A keyword combination of Click and Fill Text since most of the form fields need a click</doc>
<kw name="Click" library="Browser">
<arg>${selector}</arg>
<tag>PageContent</tag>
<tag>Setter</tag>
<doc>Simulates mouse click on the element found by ``selector``.</doc>
<status status="PASS" starttime="20230704 04:04:21.080" endtime="20230704 04:04:21.568"/>
</kw>
<kw name="Fill Text" library="Browser">
<arg>${selector}</arg>
<arg>${text}</arg>
<tag>PageContent</tag>
<tag>Setter</tag>
<doc>Clears and fills the given ``txt`` into the text field found by ``selector``.</doc>
<msg timestamp="20230704 04:04:21.569" level="INFO">Fills the text 'Ngoc' in the given field.</msg>
<status status="PASS" starttime="20230704 04:04:21.569" endtime="20230704 04:04:21.716"/>
</kw>
<status status="PASS" starttime="20230704 04:04:21.079" endtime="20230704 04:04:21.717"/>
</kw>
<kw name="Click and Fill" library="common">
<arg>id=email</arg>
<arg>${email}</arg>
<doc>A keyword combination of Click and Fill Text since most of the form fields need a click</doc>
<kw name="Click" library="Browser">
<arg>${selector}</arg>
<tag>PageContent</tag>
<tag>Setter</tag>
<doc>Simulates mouse click on the element found by ``selector``.</doc>
<status status="PASS" starttime="20230704 04:04:21.718" endtime="20230704 04:04:21.985"/>
</kw>
<kw name="Fill Text" library="Browser">
<arg>${selector}</arg>
<arg>${text}</arg>
<tag>PageContent</tag>
<tag>Setter</tag>
<doc>Clears and fills the given ``txt`` into the text field found by ``selector``.</doc>
<msg timestamp="20230704 04:04:21.986" level="INFO">Fills the text 'bichngoc9995@gmail.com' in the given field.</msg>
<status status="PASS" starttime="20230704 04:04:21.986" endtime="20230704 04:04:22.088"/>
</kw>
<status status="PASS" starttime="20230704 04:04:21.717" endtime="20230704 04:04:22.089"/>
</kw>
<kw name="Click and Fill" library="common">
<arg>id=phoneNumber</arg>
<arg>${phone}</arg>
<doc>A keyword combination of Click and Fill Text since most of the form fields need a click</doc>
<kw name="Click" library="Browser">
<arg>${selector}</arg>
<tag>PageContent</tag>
<tag>Setter</tag>
<doc>Simulates mouse click on the element found by ``selector``.</doc>
<status status="PASS" starttime="20230704 04:04:22.090" endtime="20230704 04:04:22.378"/>
</kw>
<kw name="Fill Text" library="Browser">
<arg>${selector}</arg>
<arg>${text}</arg>
<tag>PageContent</tag>
<tag>Setter</tag>
<doc>Clears and fills the given ``txt`` into the text field found by ``selector``.</doc>
<msg timestamp="20230704 04:04:22.379" level="INFO">Fills the text '040123942' in the given field.</msg>
<status status="PASS" starttime="20230704 04:04:22.379" endtime="20230704 04:04:22.458"/>
</kw>
<status status="PASS" starttime="20230704 04:04:22.089" endtime="20230704 04:04:22.459"/>
</kw>
<status status="PASS" starttime="20230704 04:04:20.759" endtime="20230704 04:04:22.459"/>
</kw>
<kw name="Accept offers and Terms" library="booking">
<kw name="Click" library="Browser">
<arg>(//div[contains(text(), 'like to receive')])[1]</arg>
<tag>PageContent</tag>
<tag>Setter</tag>
<doc>Simulates mouse click on the element found by ``selector``.</doc>
<status status="PASS" starttime="20230704 04:04:22.460" endtime="20230704 04:04:22.898"/>
</kw>
<kw name="Click" library="Browser">
<arg>(//*[contains(text(),'Accept')]/ancestor::label//span[contains(@class,'chakra-checkbox__control')])[1]</arg>
<tag>PageContent</tag>
<tag>Setter</tag>
<doc>Simulates mouse click on the element found by ``selector``.</doc>
<status status="PASS" starttime="20230704 04:04:22.898" endtime="20230704 04:04:23.230"/>
</kw>
<status status="PASS" starttime="20230704 04:04:22.459" endtime="20230704 04:04:23.230"/>
</kw>
<kw name="Select Web Bank and Nordea as Payment Method" library="booking">
<kw name="Click" library="Browser">
<arg>//div[contains(text(), "Web bank payment")]</arg>
<tag>PageContent</tag>
<tag>Setter</tag>
<doc>Simulates mouse click on the element found by ``selector``.</doc>
<status status="PASS" starttime="20230704 04:04:23.231" endtime="20230704 04:04:23.394"/>
</kw>
<kw name="Click" library="Browser">
<arg>//p[contains(text(), 'Nordea')]</arg>
<tag>PageContent</tag>
<tag>Setter</tag>
<doc>Simulates mouse click on the element found by ``selector``.</doc>
<status status="PASS" starttime="20230704 04:04:23.394" endtime="20230704 04:04:23.655"/>
</kw>
<kw name="Click" library="Browser">
<arg>(//div[contains(@view,"payment")]//button[contains(text(), "Pay")])[1]</arg>
<tag>PageContent</tag>
<tag>Setter</tag>
<doc>Simulates mouse click on the element found by ``selector``.</doc>
<status status="PASS" starttime="20230704 04:04:23.656" endtime="20230704 04:04:26.187"/>
</kw>
<status status="PASS" starttime="20230704 04:04:23.231" endtime="20230704 04:04:26.188"/>
</kw>
<kw name="Complete Payment Successfully" library="booking">
<kw name="Simulate Success or Failure" library="booking">
<arg>success</arg>
<kw name="Wait For Elements State" library="Browser">
<arg>//a[contains(text(), 'Simulate ${which} to merchant')]</arg>
<arg>visible</arg>
<arg>timeout=${timeout}</arg>
<tag>PageContent</tag>
<tag>Wait</tag>
<doc>Waits for the element found by ``selector`` to satisfy state option.</doc>
<msg timestamp="20230704 04:04:32.002" level="INFO">Waited for Element with selector //a[contains(text(), 'Simulate success to merchant')] at state visible</msg>
<status status="PASS" starttime="20230704 04:04:26.189" endtime="20230704 04:04:32.002"/>
</kw>
<kw name="Click" library="Browser">
<arg>//a[contains(text(), 'Simulate ${which} to merchant')]</arg>
<tag>PageContent</tag>
<tag>Setter</tag>
<doc>Simulates mouse click on the element found by ``selector``.</doc>
<status status="PASS" starttime="20230704 04:04:32.002" endtime="20230704 04:04:35.901"/>
</kw>
<status status="PASS" starttime="20230704 04:04:26.189" endtime="20230704 04:04:35.901"/>
</kw>
<kw name="Verify Payment was successful" library="booking">
<kw name="Wait Until Visible" library="common">
<arg>//p[contains(text(), 'Payment was successful')]</arg>
<doc>An easier keyword for waiting until an element is visible</doc>
<kw name="Wait For Elements State" library="Browser">
<arg>${element}</arg>
<arg>visible</arg>
<arg>timeout=${timeout}</arg>
<tag>PageContent</tag>
<tag>Wait</tag>
<doc>Waits for the element found by ``selector`` to satisfy state option.</doc>
<msg timestamp="20230704 04:04:38.827" level="INFO">Waited for Element with selector //p[contains(text(), 'Payment was successful')] at state visible</msg>
<status status="PASS" starttime="20230704 04:04:35.903" endtime="20230704 04:04:38.827"/>
</kw>
<status status="PASS" starttime="20230704 04:04:35.902" endtime="20230704 04:04:38.828"/>
</kw>
<kw name="Close Dialog" library="booking">
<kw name="Wait Until Visible" library="common">
<arg>//button[contains(text(), "Ok")]</arg>
<doc>An easier keyword for waiting until an element is visible</doc>
<kw name="Wait For Elements State" library="Browser">
<arg>${element}</arg>
<arg>visible</arg>
<arg>timeout=${timeout}</arg>
<tag>PageContent</tag>
<tag>Wait</tag>
<doc>Waits for the element found by ``selector`` to satisfy state option.</doc>
<msg timestamp="20230704 04:04:38.951" level="INFO">Waited for Element with selector //button[contains(text(), "Ok")] at state visible</msg>
<status status="PASS" starttime="20230704 04:04:38.829" endtime="20230704 04:04:38.951"/>
</kw>
<status status="PASS" starttime="20230704 04:04:38.828" endtime="20230704 04:04:38.951"/>
</kw>
<kw name="Click" library="Browser">
<arg>//button[contains(text(), "Ok")]</arg>
<tag>PageContent</tag>
<tag>Setter</tag>
<doc>Simulates mouse click on the element found by ``selector``.</doc>
<status status="PASS" starttime="20230704 04:04:38.952" endtime="20230704 04:04:39.196"/>
</kw>
<status status="PASS" starttime="20230704 04:04:38.828" endtime="20230704 04:04:39.197"/>
</kw>
<kw name="Save Booking Number 1" library="booking">
<kw name="Get Text" library="Browser">
<var>${str}</var>
<arg>//p[contains(text(),'Booking number')]</arg>
<tag>Assertion</tag>
<tag>Getter</tag>
<tag>PageContent</tag>
<doc>Returns text attribute of the element found by ``selector``.</doc>
<msg timestamp="20230704 04:04:39.481" level="INFO">Text: 'Booking number: 200389437'</msg>
<msg timestamp="20230704 04:04:39.481" level="INFO">${str} = Booking number: 200389437</msg>
<status status="PASS" starttime="20230704 04:04:39.198" endtime="20230704 04:04:39.481"/>
</kw>
<kw name="Log To Console" library="BuiltIn">
<arg>${bookingNumber}</arg>
<doc>Logs the given message to the console.</doc>
<status status="PASS" starttime="20230704 04:04:39.482" endtime="20230704 04:04:39.482"/>
</kw>
<kw name="Remove String" library="String">
<var>${str}</var>
<arg>${str}</arg>
<arg>Booking code${SPACE}</arg>
<doc>Removes all ``removables`` from the given ``string``.</doc>
<msg timestamp="20230704 04:04:39.483" level="INFO">${str} = Booking number: 200389437</msg>
<status status="PASS" starttime="20230704 04:04:39.482" endtime="20230704 04:04:39.483"/>
</kw>
<kw name="Strip String" library="String">
<var>${str}</var>
<arg>${str}</arg>
<doc>Remove leading and/or trailing whitespaces from the given string.</doc>
<msg timestamp="20230704 04:04:39.484" level="INFO">${str} = Booking number: 200389437</msg>
<status status="PASS" starttime="20230704 04:04:39.483" endtime="20230704 04:04:39.484"/>
</kw>
<status status="PASS" starttime="20230704 04:04:39.197" endtime="20230704 04:04:39.484"/>
</kw>
<status status="PASS" starttime="20230704 04:04:35.902" endtime="20230704 04:04:39.484"/>
</kw>
<status status="PASS" starttime="20230704 04:04:26.188" endtime="20230704 04:04:39.484"/>
</kw>
<kw name="Click Check In Button" library="booking">
<kw name="Wait Until Visible" library="common">
<arg>(//button[text()="Check in"])[1]</arg>
<doc>An easier keyword for waiting until an element is visible</doc>
<kw name="Wait For Elements State" library="Browser">
<arg>${element}</arg>
<arg>visible</arg>
<arg>timeout=${timeout}</arg>
<tag>PageContent</tag>
<tag>Wait</tag>
<doc>Waits for the element found by ``selector`` to satisfy state option.</doc>
<msg timestamp="20230704 04:04:39.551" level="INFO">Waited for Element with selector (//button[text()="Check in"])[1] at state visible</msg>
<status status="PASS" starttime="20230704 04:04:39.485" endtime="20230704 04:04:39.551"/>
</kw>
<status status="PASS" starttime="20230704 04:04:39.485" endtime="20230704 04:04:39.551"/>
</kw>
<kw name="Click" library="Browser">
<arg>(//button[text()="Check in"])[1]</arg>
<tag>PageContent</tag>
<tag>Setter</tag>
<doc>Simulates mouse click on the element found by ``selector``.</doc>
<status status="PASS" starttime="20230704 04:04:39.552" endtime="20230704 04:04:39.716"/>
</kw>
<status status="PASS" starttime="20230704 04:04:39.485" endtime="20230704 04:04:39.716"/>
</kw>
<kw name="Click Someone else checkbox" library="booking">
<kw name="Click" library="Browser">
<arg>//span[normalize-space()='Someone else will be the main guest']</arg>
<tag>PageContent</tag>
<tag>Setter</tag>
<doc>Simulates mouse click on the element found by ``selector``.</doc>
<status status="PASS" starttime="20230704 04:04:39.717" endtime="20230704 04:04:40.791"/>
</kw>
<status status="PASS" starttime="20230704 04:04:39.716" endtime="20230704 04:04:40.791"/>
</kw>
<kw name="Fill In Booker info" library="booking">
<kw name="Click" library="Browser">
<arg>//input[@id='ssn']</arg>
<tag>PageContent</tag>
<tag>Setter</tag>
<doc>Simulates mouse click on the element found by ``selector``.</doc>
<status status="PASS" starttime="20230704 04:04:40.792" endtime="20230704 04:04:40.917"/>
</kw>
<kw name="Wait Until Visible" library="common">
<arg>//input[@id='ssn']</arg>
<doc>An easier keyword for waiting until an element is visible</doc>
<kw name="Wait For Elements State" library="Browser">
<arg>${element}</arg>
<arg>visible</arg>
<arg>timeout=${timeout}</arg>
<tag>PageContent</tag>
<tag>Wait</tag>
<doc>Waits for the element found by ``selector`` to satisfy state option.</doc>
<msg timestamp="20230704 04:04:40.937" level="INFO">Waited for Element with selector //input[@id='ssn'] at state visible</msg>
<status status="PASS" starttime="20230704 04:04:40.918" endtime="20230704 04:04:40.937"/>
</kw>
<status status="PASS" starttime="20230704 04:04:40.917" endtime="20230704 04:04:40.938"/>
</kw>
<kw name="Wait Until Keyword Succeeds" library="BuiltIn">
<arg>20s</arg>
<arg>2s</arg>
<arg>Type Text</arg>
<arg>//input[@id='ssn']</arg>
<arg>020202-0202</arg>
<doc>Runs the specified keyword and retries if it fails.</doc>
<kw name="Type Text" library="Browser">
<arg>//input[@id='ssn']</arg>
<arg>020202-0202</arg>
<tag>PageContent</tag>
<tag>Setter</tag>
<doc>Types the given ``txt`` into the text field found by ``selector``.</doc>
<msg timestamp="20230704 04:04:40.940" level="INFO">Types the text '020202-0202' in the given field.</msg>
<status status="PASS" starttime="20230704 04:04:40.939" endtime="20230704 04:04:41.566"/>
</kw>
<status status="PASS" starttime="20230704 04:04:40.938" endtime="20230704 04:04:41.567"/>
</kw>
<kw name="Click" library="Browser">
<arg>//input[@id='city']</arg>
<tag>PageContent</tag>
<tag>Setter</tag>
<doc>Simulates mouse click on the element found by ``selector``.</doc>
<status status="PASS" starttime="20230704 04:04:41.567" endtime="20230704 04:04:41.663"/>
</kw>
<kw name="Wait Until Visible" library="common">
<arg>//input[@id='city']</arg>
<doc>An easier keyword for waiting until an element is visible</doc>
<kw name="Wait For Elements State" library="Browser">
<arg>${element}</arg>
<arg>visible</arg>
<arg>timeout=${timeout}</arg>
<tag>PageContent</tag>
<tag>Wait</tag>
<doc>Waits for the element found by ``selector`` to satisfy state option.</doc>
<msg timestamp="20230704 04:04:41.672" level="INFO">Waited for Element with selector //input[@id='city'] at state visible</msg>
<status status="PASS" starttime="20230704 04:04:41.664" endtime="20230704 04:04:41.672"/>
</kw>
<status status="PASS" starttime="20230704 04:04:41.663" endtime="20230704 04:04:41.673"/>
</kw>
<kw name="Wait Until Keyword Succeeds" library="BuiltIn">
<arg>20s</arg>
<arg>2s</arg>
<arg>Type Text</arg>
<arg>//input[@id='city']</arg>
<arg>Tokyo</arg>
<doc>Runs the specified keyword and retries if it fails.</doc>
<kw name="Type Text" library="Browser">
<arg>//input[@id='city']</arg>
<arg>Tokyo</arg>
<tag>PageContent</tag>
<tag>Setter</tag>
<doc>Types the given ``txt`` into the text field found by ``selector``.</doc>
<msg timestamp="20230704 04:04:41.678" level="INFO">Types the text 'Tokyo' in the given field.</msg>
<status status="PASS" starttime="20230704 04:04:41.678" endtime="20230704 04:04:41.899"/>
</kw>
<status status="PASS" starttime="20230704 04:04:41.677" endtime="20230704 04:04:41.899"/>
</kw>
<kw name="Click" library="Browser">
<arg>//input[@id='address']</arg>
<tag>PageContent</tag>
<tag>Setter</tag>
<doc>Simulates mouse click on the element found by ``selector``.</doc>
<status status="PASS" starttime="20230704 04:04:41.900" endtime="20230704 04:04:42.000"/>
</kw>
<kw name="Wait Until Visible" library="common">
<arg>//input[@id='address']</arg>
<doc>An easier keyword for waiting until an element is visible</doc>
<kw name="Wait For Elements State" library="Browser">
<arg>${element}</arg>
<arg>visible</arg>
<arg>timeout=${timeout}</arg>
<tag>PageContent</tag>
<tag>Wait</tag>
<doc>Waits for the element found by ``selector`` to satisfy state option.</doc>
<msg timestamp="20230704 04:04:42.014" level="INFO">Waited for Element with selector //input[@id='address'] at state visible</msg>
<status status="PASS" starttime="20230704 04:04:42.002" endtime="20230704 04:04:42.015"/>
</kw>
<status status="PASS" starttime="20230704 04:04:42.001" endtime="20230704 04:04:42.015"/>
</kw>
<kw name="Wait Until Keyword Succeeds" library="BuiltIn">
<arg>20s</arg>
<arg>2s</arg>
<arg>Type Text</arg>
<arg>//input[@id='address']</arg>
<arg>Paul Street</arg>
<doc>Runs the specified keyword and retries if it fails.</doc>
<kw name="Type Text" library="Browser">
<arg>//input[@id='address']</arg>
<arg>Paul Street</arg>
<tag>PageContent</tag>
<tag>Setter</tag>
<doc>Types the given ``txt`` into the text field found by ``selector``.</doc>
<msg timestamp="20230704 04:04:42.016" level="INFO">Types the text 'Paul Street' in the given field.</msg>
<status status="PASS" starttime="20230704 04:04:42.016" endtime="20230704 04:04:42.481"/>
</kw>
<status status="PASS" starttime="20230704 04:04:42.015" endtime="20230704 04:04:42.481"/>
</kw>
<kw name="Click" library="Browser">
<arg>//input[@id='postalCode']</arg>
<tag>PageContent</tag>
<tag>Setter</tag>
<doc>Simulates mouse click on the element found by ``selector``.</doc>
<status status="PASS" starttime="20230704 04:04:42.482" endtime="20230704 04:04:42.583"/>
</kw>
<kw name="Wait Until Visible" library="common">
<arg>//input[@id='postalCode']</arg>
<doc>An easier keyword for waiting until an element is visible</doc>
<kw name="Wait For Elements State" library="Browser">
<arg>${element}</arg>
<arg>visible</arg>
<arg>timeout=${timeout}</arg>
<tag>PageContent</tag>
<tag>Wait</tag>
<doc>Waits for the element found by ``selector`` to satisfy state option.</doc>
<msg timestamp="20230704 04:04:42.597" level="INFO">Waited for Element with selector //input[@id='postalCode'] at state visible</msg>
<status status="PASS" starttime="20230704 04:04:42.584" endtime="20230704 04:04:42.597"/>
</kw>
<status status="PASS" starttime="20230704 04:04:42.584" endtime="20230704 04:04:42.598"/>
</kw>
<kw name="Wait Until Keyword Succeeds" library="BuiltIn">
<arg>20s</arg>
<arg>2s</arg>
<arg>Type Text</arg>
<arg>//input[@id='postalCode']</arg>
<arg>10000</arg>
<doc>Runs the specified keyword and retries if it fails.</doc>
<kw name="Type Text" library="Browser">
<arg>//input[@id='postalCode']</arg>
<arg>10000</arg>
<tag>PageContent</tag>
<tag>Setter</tag>
<doc>Types the given ``txt`` into the text field found by ``selector``.</doc>
<msg timestamp="20230704 04:04:42.599" level="INFO">Types the text '10000' in the given field.</msg>
<status status="PASS" starttime="20230704 04:04:42.599" endtime="20230704 04:04:42.830"/>
</kw>
<status status="PASS" starttime="20230704 04:04:42.598" endtime="20230704 04:04:42.830"/>
</kw>
<kw name="Wait Until Visible" library="common">
<arg>//button[normalize-space()='Save and invite']</arg>
<doc>An easier keyword for waiting until an element is visible</doc>
<kw name="Wait For Elements State" library="Browser">
<arg>${element}</arg>
<arg>visible</arg>
<arg>timeout=${timeout}</arg>
<tag>PageContent</tag>
<tag>Wait</tag>
<doc>Waits for the element found by ``selector`` to satisfy state option.</doc>
<msg timestamp="20230704 04:04:42.838" level="INFO">Waited for Element with selector //button[normalize-space()='Save and invite'] at state visible</msg>
<status status="PASS" starttime="20230704 04:04:42.831" endtime="20230704 04:04:42.838"/>
</kw>
<status status="PASS" starttime="20230704 04:04:42.830" endtime="20230704 04:04:42.839"/>
</kw>
<status status="PASS" starttime="20230704 04:04:40.792" endtime="20230704 04:04:42.839"/>
</kw>
<kw name="Click Save and invite" library="booking">
<kw name="Click" library="Browser">
<arg>//button[normalize-space()='Save and invite']</arg>
<tag>PageContent</tag>
<tag>Setter</tag>
<doc>Simulates mouse click on the element found by ``selector``.</doc>
<status status="PASS" starttime="20230704 04:04:42.840" endtime="20230704 04:04:42.935"/>
</kw>
<kw name="Wait Until Visible" library="common">
<arg>//button[normalize-space()='Save and invite']</arg>
<doc>An easier keyword for waiting until an element is visible</doc>
<kw name="Wait For Elements State" library="Browser">
<arg>${element}</arg>
<arg>visible</arg>
<arg>timeout=${timeout}</arg>
<tag>PageContent</tag>
<tag>Wait</tag>
<doc>Waits for the element found by ``selector`` to satisfy state option.</doc>
<msg timestamp="20230704 04:04:42.945" level="INFO">Waited for Element with selector //button[normalize-space()='Save and invite'] at state visible</msg>
<status status="PASS" starttime="20230704 04:04:42.936" endtime="20230704 04:04:42.946"/>
</kw>
<status status="PASS" starttime="20230704 04:04:42.935" endtime="20230704 04:04:42.946"/>
</kw>
<status status="PASS" starttime="20230704 04:04:42.839" endtime="20230704 04:04:42.946"/>
</kw>
<kw name="Wait for invite guest page" library="booking">
<arg>${True}</arg>
<kw name="Run Keyword If" library="BuiltIn">
<arg>${shown == ${True}}</arg>
<arg>Wait For Elements State</arg>
<arg>//button//*[@data-icon='xmark']</arg>
<arg>visible</arg>
<doc>Runs the given keyword with the given arguments, if ``condition`` is true.</doc>
<kw name="Wait For Elements State" library="Browser">
<arg>//button//*[@data-icon='xmark']</arg>
<arg>visible</arg>
<tag>PageContent</tag>
<tag>Wait</tag>
<doc>Waits for the element found by ``selector`` to satisfy state option.</doc>
<msg timestamp="20230704 04:04:42.954" level="INFO">Waited for Element with selector //button//*[@data-icon='xmark'] at state visible</msg>
<status status="PASS" starttime="20230704 04:04:42.948" endtime="20230704 04:04:42.954"/>
</kw>
<status status="PASS" starttime="20230704 04:04:42.947" endtime="20230704 04:04:42.955"/>
</kw>
<kw name="Run Keyword If" library="BuiltIn">
<arg>${shown == ${True}}</arg>
<arg>Wait For Elements State</arg>
<arg>//button[normalize-space()='Cancel']</arg>
<arg>visible</arg>
<doc>Runs the given keyword with the given arguments, if ``condition`` is true.</doc>
<kw name="Wait For Elements State" library="Browser">
<arg>//button[normalize-space()='Cancel']</arg>
<arg>visible</arg>
<tag>PageContent</tag>
<tag>Wait</tag>
<doc>Waits for the element found by ``selector`` to satisfy state option.</doc>
<msg timestamp="20230704 04:04:42.968" level="INFO">Waited for Element with selector //button[normalize-space()='Cancel'] at state visible</msg>
<status status="PASS" starttime="20230704 04:04:42.956" endtime="20230704 04:04:42.968"/>
</kw>
<status status="PASS" starttime="20230704 04:04:42.955" endtime="20230704 04:04:42.968"/>
</kw>
<kw name="Run Keyword If" library="BuiltIn">
<arg>${shown == ${False}}</arg>
<arg>Wait For Elements State</arg>
<arg>//button//*[@data-icon='xmark']</arg>
<arg>hidden</arg>
<doc>Runs the given keyword with the given arguments, if ``condition`` is true.</doc>
<status status="PASS" starttime="20230704 04:04:42.968" endtime="20230704 04:04:42.969"/>
</kw>
<kw name="Run Keyword If" library="BuiltIn">
<arg>${shown == ${False}}</arg>
<arg>Wait For Elements State</arg>
<arg>//button[normalize-space()='Cancel']</arg>
<arg>hidden</arg>
<doc>Runs the given keyword with the given arguments, if ``condition`` is true.</doc>
<status status="PASS" starttime="20230704 04:04:42.970" endtime="20230704 04:04:42.971"/>
</kw>
<status status="PASS" starttime="20230704 04:04:42.946" endtime="20230704 04:04:42.971"/>
</kw>
<kw name="Fill Invite guest info and click invite button" library="booking">
<kw name="Wait Until Visible" library="common">
<arg>//div[contains(@class,'chakra-offset-slide')]//form</arg>
<doc>An easier keyword for waiting until an element is visible</doc>
<kw name="Wait For Elements State" library="Browser">
<arg>${element}</arg>
<arg>visible</arg>
<arg>timeout=${timeout}</arg>
<tag>PageContent</tag>
<tag>Wait</tag>
<doc>Waits for the element found by ``selector`` to satisfy state option.</doc>
<msg timestamp="20230704 04:04:46.933" level="INFO">Waited for Element with selector //div[contains(@class,'chakra-offset-slide')]//form at state visible</msg>
<status status="PASS" starttime="20230704 04:04:42.972" endtime="20230704 04:04:46.934"/>
</kw>
<status status="PASS" starttime="20230704 04:04:42.972" endtime="20230704 04:04:46.934"/>
</kw>
<kw name="Click" library="Browser">
<arg>//input[@id='firstName']</arg>
<tag>PageContent</tag>
<tag>Setter</tag>
<doc>Simulates mouse click on the element found by ``selector``.</doc>
<status status="PASS" starttime="20230704 04:04:46.935" endtime="20230704 04:04:47.002"/>
</kw>
<kw name="Wait Until Visible" library="common">
<arg>//input[@id='firstName']</arg>
<doc>An easier keyword for waiting until an element is visible</doc>
<kw name="Wait For Elements State" library="Browser">
<arg>${element}</arg>
<arg>visible</arg>
<arg>timeout=${timeout}</arg>
<tag>PageContent</tag>
<tag>Wait</tag>
<doc>Waits for the element found by ``selector`` to satisfy state option.</doc>
<msg timestamp="20230704 04:04:47.018" level="INFO">Waited for Element with selector //input[@id='firstName'] at state visible</msg>
<status status="PASS" starttime="20230704 04:04:47.004" endtime="20230704 04:04:47.018"/>
</kw>
<status status="PASS" starttime="20230704 04:04:47.003" endtime="20230704 04:04:47.019"/>
</kw>
<kw name="Wait Until Keyword Succeeds" library="BuiltIn">
<arg>20s</arg>
<arg>2s</arg>
<arg>Type Text</arg>
<arg>//input[@id='firstName']</arg>
<arg>${guestFirstname}</arg>
<doc>Runs the specified keyword and retries if it fails.</doc>
<kw name="Type Text" library="Browser">
<arg>//input[@id='firstName']</arg>
<arg>${guestFirstname}</arg>
<tag>PageContent</tag>
<tag>Setter</tag>
<doc>Types the given ``txt`` into the text field found by ``selector``.</doc>
<msg timestamp="20230704 04:04:47.020" level="INFO">Types the text 'Shin' in the given field.</msg>
<status status="PASS" starttime="20230704 04:04:47.020" endtime="20230704 04:04:47.135"/>
</kw>
<status status="PASS" starttime="20230704 04:04:47.019" endtime="20230704 04:04:47.135"/>
</kw>
<kw name="Click" library="Browser">
<arg>//input[@id='lastName']</arg>
<tag>PageContent</tag>
<tag>Setter</tag>
<doc>Simulates mouse click on the element found by ``selector``.</doc>
<status status="PASS" starttime="20230704 04:04:47.135" endtime="20230704 04:04:47.218"/>
</kw>
<kw name="Wait Until Visible" library="common">
<arg>//input[@id='lastName']</arg>
<doc>An easier keyword for waiting until an element is visible</doc>
<kw name="Wait For Elements State" library="Browser">
<arg>${element}</arg>
<arg>visible</arg>
<arg>timeout=${timeout}</arg>
<tag>PageContent</tag>
<tag>Wait</tag>
<doc>Waits for the element found by ``selector`` to satisfy state option.</doc>
<msg timestamp="20230704 04:04:47.232" level="INFO">Waited for Element with selector //input[@id='lastName'] at state visible</msg>
<status status="PASS" starttime="20230704 04:04:47.220" endtime="20230704 04:04:47.232"/>
</kw>
<status status="PASS" starttime="20230704 04:04:47.219" endtime="20230704 04:04:47.233"/>
</kw>
<kw name="Wait Until Keyword Succeeds" library="BuiltIn">
<arg>20s</arg>
<arg>2s</arg>
<arg>Type Text</arg>
<arg>//input[@id='lastName']</arg>
<arg>${guestLastname}</arg>
<doc>Runs the specified keyword and retries if it fails.</doc>
<kw name="Type Text" library="Browser">
<arg>//input[@id='lastName']</arg>
<arg>${guestLastname}</arg>
<tag>PageContent</tag>
<tag>Setter</tag>
<doc>Types the given ``txt`` into the text field found by ``selector``.</doc>
<msg timestamp="20230704 04:04:47.234" level="INFO">Types the text 'Suke' in the given field.</msg>
<status status="PASS" starttime="20230704 04:04:47.233" endtime="20230704 04:04:47.353"/>
</kw>
<status status="PASS" starttime="20230704 04:04:47.233" endtime="20230704 04:04:47.353"/>
</kw>
<kw name="Click" library="Browser">
<arg>//input[@id='email']</arg>
<tag>PageContent</tag>
<tag>Setter</tag>
<doc>Simulates mouse click on the element found by ``selector``.</doc>
<status status="PASS" starttime="20230704 04:04:47.353" endtime="20230704 04:04:47.490"/>
</kw>
<kw name="Wait Until Visible" library="common">
<arg>//input[@id='email']</arg>
<doc>An easier keyword for waiting until an element is visible</doc>
<kw name="Wait For Elements State" library="Browser">
<arg>${element}</arg>
<arg>visible</arg>
<arg>timeout=${timeout}</arg>
<tag>PageContent</tag>
<tag>Wait</tag>
<doc>Waits for the element found by ``selector`` to satisfy state option.</doc>
<msg timestamp="20230704 04:04:47.502" level="INFO">Waited for Element with selector //input[@id='email'] at state visible</msg>
<status status="PASS" starttime="20230704 04:04:47.491" endtime="20230704 04:04:47.502"/>
</kw>
<status status="PASS" starttime="20230704 04:04:47.490" endtime="20230704 04:04:47.503"/>
</kw>
<kw name="Wait Until Keyword Succeeds" library="BuiltIn">
<arg>20s</arg>
<arg>2s</arg>
<arg>Type Text</arg>
<arg>//input[@id='email']</arg>
<arg>${guestEmail}</arg>
<doc>Runs the specified keyword and retries if it fails.</doc>
<kw name="Type Text" library="Browser">
<arg>//input[@id='email']</arg>
<arg>${guestEmail}</arg>
<tag>PageContent</tag>
<tag>Setter</tag>
<doc>Types the given ``txt`` into the text field found by ``selector``.</doc>
<msg timestamp="20230704 04:04:47.504" level="INFO">Types the text 'shinsuke@gmail.com' in the given field.</msg>
<status status="PASS" starttime="20230704 04:04:47.503" endtime="20230704 04:04:47.782"/>
</kw>
<status status="PASS" starttime="20230704 04:04:47.503" endtime="20230704 04:04:47.782"/>
</kw>
<kw name="Click" library="Browser">
<arg>//button[normalize-space()='Invite']</arg>
<tag>PageContent</tag>
<tag>Setter</tag>
<doc>Simulates mouse click on the element found by ``selector``.</doc>
<status status="PASS" starttime="20230704 04:04:47.782" endtime="20230704 04:04:47.894"/>
</kw>
<status status="PASS" starttime="20230704 04:04:42.971" endtime="20230704 04:04:47.894"/>
</kw>
<kw name="Wait for invite guest page" library="booking">
<arg>${False}</arg>
<kw name="Run Keyword If" library="BuiltIn">
<arg>${shown == ${True}}</arg>
<arg>Wait For Elements State</arg>
<arg>//button//*[@data-icon='xmark']</arg>
<arg>visible</arg>
<doc>Runs the given keyword with the given arguments, if ``condition`` is true.</doc>
<status status="PASS" starttime="20230704 04:04:47.900" endtime="20230704 04:04:47.902"/>
</kw>
<kw name="Run Keyword If" library="BuiltIn">
<arg>${shown == ${True}}</arg>
<arg>Wait For Elements State</arg>
<arg>//button[normalize-space()='Cancel']</arg>
<arg>visible</arg>
<doc>Runs the given keyword with the given arguments, if ``condition`` is true.</doc>
<status status="PASS" starttime="20230704 04:04:47.903" endtime="20230704 04:04:47.904"/>
</kw>
<kw name="Run Keyword If" library="BuiltIn">
<arg>${shown == ${False}}</arg>
<arg>Wait For Elements State</arg>
<arg>//button//*[@data-icon='xmark']</arg>
<arg>hidden</arg>
<doc>Runs the given keyword with the given arguments, if ``condition`` is true.</doc>
<kw name="Wait For Elements State" library="Browser">
<arg>//button//*[@data-icon='xmark']</arg>
<arg>hidden</arg>
<tag>PageContent</tag>
<tag>Wait</tag>
<doc>Waits for the element found by ``selector`` to satisfy state option.</doc>
<msg timestamp="20230704 04:04:48.818" level="INFO">Waited for Element with selector //button//*[@data-icon='xmark'] at state hidden</msg>
<status status="PASS" starttime="20230704 04:04:47.905" endtime="20230704 04:04:48.818"/>
</kw>
<status status="PASS" starttime="20230704 04:04:47.904" endtime="20230704 04:04:48.818"/>
</kw>
<kw name="Run Keyword If" library="BuiltIn">
<arg>${shown == ${False}}</arg>
<arg>Wait For Elements State</arg>
<arg>//button[normalize-space()='Cancel']</arg>
<arg>hidden</arg>
<doc>Runs the given keyword with the given arguments, if ``condition`` is true.</doc>
<kw name="Wait For Elements State" library="Browser">
<arg>//button[normalize-space()='Cancel']</arg>
<arg>hidden</arg>
<tag>PageContent</tag>
<tag>Wait</tag>
<doc>Waits for the element found by ``selector`` to satisfy state option.</doc>
<msg timestamp="20230704 04:04:48.827" level="INFO">Waited for Element with selector //button[normalize-space()='Cancel'] at state hidden</msg>
<status status="PASS" starttime="20230704 04:04:48.820" endtime="20230704 04:04:48.827"/>
</kw>
<status status="PASS" starttime="20230704 04:04:48.819" endtime="20230704 04:04:48.828"/>
</kw>
<status status="PASS" starttime="20230704 04:04:47.895" endtime="20230704 04:04:48.828"/>
</kw>
<kw name="Open Edit booker info" library="booking">
<kw name="Click" library="Browser">
<arg>//p[text()='Booked by']</arg>
<tag>PageContent</tag>
<tag>Setter</tag>
<doc>Simulates mouse click on the element found by ``selector``.</doc>
<status status="PASS" starttime="20230704 04:04:48.829" endtime="20230704 04:04:51.762"/>
</kw>
<status status="PASS" starttime="20230704 04:04:48.828" endtime="20230704 04:04:51.762"/>
</kw>
<kw name="Verify All information is disbled" library="booking">
<kw name="Verify Element Presence" library="booking">
<arg>//input[@id='email' and @disabled]</arg>
<arg>${True}</arg>
<kw name="Run Keyword And Return Status" library="BuiltIn">
<var>${check}</var>
<arg>Wait For Elements State</arg>
<arg>${path}</arg>
<arg>visible</arg>
<arg>timeout=6</arg>
<doc>Runs the given keyword with given arguments and returns the status as a Boolean value.</doc>
<kw name="Wait For Elements State" library="Browser">
<arg>${path}</arg>
<arg>visible</arg>
<arg>timeout=6</arg>
<tag>PageContent</tag>
<tag>Wait</tag>
<doc>Waits for the element found by ``selector`` to satisfy state option.</doc>
<msg timestamp="20230704 04:04:52.581" level="INFO">Waited for Element with selector //input[@id='email' and @disabled] at state visible</msg>
<status status="PASS" starttime="20230704 04:04:51.764" endtime="20230704 04:04:52.581"/>
</kw>
<msg timestamp="20230704 04:04:52.582" level="INFO">${check} = True</msg>
<status status="PASS" starttime="20230704 04:04:51.764" endtime="20230704 04:04:52.582"/>
</kw>
<kw name="Run Keyword If" library="BuiltIn">
<arg>${shown} == ${true}</arg>
<arg>Should Be True</arg>
<arg>${check}==${True}</arg>
<doc>Runs the given keyword with the given arguments, if ``condition`` is true.</doc>
<kw name="Should Be True" library="BuiltIn">
<arg>${check}==${True}</arg>
<doc>Fails if the given condition is not true.</doc>
<status status="PASS" starttime="20230704 04:04:52.583" endtime="20230704 04:04:52.583"/>
</kw>
<status status="PASS" starttime="20230704 04:04:52.582" endtime="20230704 04:04:52.583"/>
</kw>
<kw name="Run Keyword If" library="BuiltIn">
<arg>${shown} == ${false}</arg>
<arg>Should Be True</arg>
<arg>${check}==${False}</arg>
<doc>Runs the given keyword with the given arguments, if ``condition`` is true.</doc>
<status status="PASS" starttime="20230704 04:04:52.584" endtime="20230704 04:04:52.584"/>
</kw>
<status status="PASS" starttime="20230704 04:04:51.763" endtime="20230704 04:04:52.584"/>
</kw>
<kw name="Wait Until Keyword Succeeds" library="BuiltIn">
<arg>20s</arg>
<arg>2s</arg>
<arg>Verify Element Presence</arg>
<arg>//input[@id='firstName' and @disabled]</arg>
<arg>${True}</arg>
<doc>Runs the specified keyword and retries if it fails.</doc>
<kw name="Verify Element Presence" library="booking">
<arg>//input[@id='firstName' and @disabled]</arg>
<arg>${True}</arg>
<kw name="Run Keyword And Return Status" library="BuiltIn">
<var>${check}</var>
<arg>Wait For Elements State</arg>
<arg>${path}</arg>
<arg>visible</arg>
<arg>timeout=6</arg>
<doc>Runs the given keyword with given arguments and returns the status as a Boolean value.</doc>
<kw name="Wait For Elements State" library="Browser">
<arg>${path}</arg>
<arg>visible</arg>
<arg>timeout=6</arg>
<tag>PageContent</tag>
<tag>Wait</tag>
<doc>Waits for the element found by ``selector`` to satisfy state option.</doc>
<msg timestamp="20230704 04:04:58.728" level="INFO" html="true">&lt;/td&gt;&lt;/tr&gt;&lt;tr&gt;&lt;td colspan="3"&gt;&lt;a href="browser/screenshot/fail-screenshot-1.png" target="_blank"&gt;&lt;img src="browser/screenshot/fail-screenshot-1.png" width="800px"/&gt;&lt;/a&gt;</msg>
<msg timestamp="20230704 04:04:58.728" level="INFO">See also file:///home/runner/work/nelson-test-automation/nelson-test-automation/reports/test3/pabot_results/1/playwright-log.txt for additional details.</msg>
<msg timestamp="20230704 04:04:58.729" level="FAIL">TimeoutError: locator.waitFor: Timeout 6000ms exceeded.
=========================== logs ===========================
waiting for locator('xpath=//input[@id=\'firstName\' and @disabled]') to be visible
============================================================
Tip: Use "Set Browser Timeout" for increasing the timeout or double check your locator as the targeted element(s) couldn't be found.</msg>
<status status="FAIL" starttime="20230704 04:04:52.586" endtime="20230704 04:04:58.756"/>
</kw>
<msg timestamp="20230704 04:04:58.757" level="INFO">${check} = False</msg>
<status status="PASS" starttime="20230704 04:04:52.586" endtime="20230704 04:04:58.757"/>
</kw>
<kw name="Run Keyword If" library="BuiltIn">
<arg>${shown} == ${true}</arg>
<arg>Should Be True</arg>
<arg>${check}==${True}</arg>
<doc>Runs the given keyword with the given arguments, if ``condition`` is true.</doc>
<kw name="Should Be True" library="BuiltIn">
<arg>${check}==${True}</arg>
<doc>Fails if the given condition is not true.</doc>
<msg timestamp="20230704 04:04:58.759" level="FAIL">'False==True' should be true.</msg>
<status status="FAIL" starttime="20230704 04:04:58.758" endtime="20230704 04:04:58.759"/>
</kw>
<status status="FAIL" starttime="20230704 04:04:58.757" endtime="20230704 04:04:58.759"/>
</kw>
<kw name="Run Keyword If" library="BuiltIn">
<arg>${shown} == ${false}</arg>
<arg>Should Be True</arg>
<arg>${check}==${False}</arg>
<doc>Runs the given keyword with the given arguments, if ``condition`` is true.</doc>
<status status="NOT RUN" starttime="20230704 04:04:58.760" endtime="20230704 04:04:58.760"/>
</kw>
<status status="FAIL" starttime="20230704 04:04:52.585" endtime="20230704 04:04:58.761"/>
</kw>
<kw name="Verify Element Presence" library="booking">
<arg>//input[@id='firstName' and @disabled]</arg>
<arg>${True}</arg>
<kw name="Run Keyword And Return Status" library="BuiltIn">
<var>${check}</var>
<arg>Wait For Elements State</arg>
<arg>${path}</arg>
<arg>visible</arg>
<arg>timeout=6</arg>
<doc>Runs the given keyword with given arguments and returns the status as a Boolean value.</doc>
<kw name="Wait For Elements State" library="Browser">
<arg>${path}</arg>
<arg>visible</arg>
<arg>timeout=6</arg>
<tag>PageContent</tag>
<tag>Wait</tag>
<doc>Waits for the element found by ``selector`` to satisfy state option.</doc>
<msg timestamp="20230704 04:05:07.025" level="INFO" html="true">&lt;/td&gt;&lt;/tr&gt;&lt;tr&gt;&lt;td colspan="3"&gt;&lt;a href="browser/screenshot/fail-screenshot-2.png" target="_blank"&gt;&lt;img src="browser/screenshot/fail-screenshot-2.png" width="800px"/&gt;&lt;/a&gt;</msg>
<msg timestamp="20230704 04:05:07.025" level="INFO">See also file:///home/runner/work/nelson-test-automation/nelson-test-automation/reports/test3/pabot_results/1/playwright-log.txt for additional details.</msg>
<msg timestamp="20230704 04:05:07.025" level="FAIL">TimeoutError: locator.waitFor: Timeout 6000ms exceeded.
=========================== logs ===========================
waiting for locator('xpath=//input[@id=\'firstName\' and @disabled]') to be visible
============================================================
Tip: Use "Set Browser Timeout" for increasing the timeout or double check your locator as the targeted element(s) couldn't be found.</msg>
<status status="FAIL" starttime="20230704 04:05:00.764" endtime="20230704 04:05:07.026"/>
</kw>
<msg timestamp="20230704 04:05:07.026" level="INFO">${check} = False</msg>
<status status="PASS" starttime="20230704 04:05:00.763" endtime="20230704 04:05:07.026"/>
</kw>
<kw name="Run Keyword If" library="BuiltIn">
<arg>${shown} == ${true}</arg>
<arg>Should Be True</arg>
<arg>${check}==${True}</arg>
<doc>Runs the given keyword with the given arguments, if ``condition`` is true.</doc>
<kw name="Should Be True" library="BuiltIn">
<arg>${check}==${True}</arg>
<doc>Fails if the given condition is not true.</doc>
<msg timestamp="20230704 04:05:07.028" level="FAIL">'False==True' should be true.</msg>
<status status="FAIL" starttime="20230704 04:05:07.027" endtime="20230704 04:05:07.028"/>
</kw>
<status status="FAIL" starttime="20230704 04:05:07.026" endtime="20230704 04:05:07.028"/>
</kw>
<kw name="Run Keyword If" library="BuiltIn">
<arg>${shown} == ${false}</arg>
<arg>Should Be True</arg>
<arg>${check}==${False}</arg>
<doc>Runs the given keyword with the given arguments, if ``condition`` is true.</doc>
<status status="NOT RUN" starttime="20230704 04:05:07.038" endtime="20230704 04:05:07.038"/>
</kw>
<status status="FAIL" starttime="20230704 04:05:00.762" endtime="20230704 04:05:07.039"/>
</kw>
<kw name="Verify Element Presence" library="booking">
<arg>//input[@id='firstName' and @disabled]</arg>
<arg>${True}</arg>
<kw name="Run Keyword And Return Status" library="BuiltIn">
<var>${check}</var>
<arg>Wait For Elements State</arg>
<arg>${path}</arg>
<arg>visible</arg>
<arg>timeout=6</arg>
<doc>Runs the given keyword with given arguments and returns the status as a Boolean value.</doc>
<kw name="Wait For Elements State" library="Browser">
<arg>${path}</arg>
<arg>visible</arg>
<arg>timeout=6</arg>
<tag>PageContent</tag>
<tag>Wait</tag>
<doc>Waits for the element found by ``selector`` to satisfy state option.</doc>
<msg timestamp="20230704 04:05:15.153" level="INFO" html="true">&lt;/td&gt;&lt;/tr&gt;&lt;tr&gt;&lt;td colspan="3"&gt;&lt;a href="browser/screenshot/fail-screenshot-3.png" target="_blank"&gt;&lt;img src="browser/screenshot/fail-screenshot-3.png" width="800px"/&gt;&lt;/a&gt;</msg>
<msg timestamp="20230704 04:05:15.153" level="INFO">See also file:///home/runner/work/nelson-test-automation/nelson-test-automation/reports/test3/pabot_results/1/playwright-log.txt for additional details.</msg>
<msg timestamp="20230704 04:05:15.154" level="FAIL">TimeoutError: locator.waitFor: Timeout 6000ms exceeded.
=========================== logs ===========================
waiting for locator('xpath=//input[@id=\'firstName\' and @disabled]') to be visible
============================================================
Tip: Use "Set Browser Timeout" for increasing the timeout or double check your locator as the targeted element(s) couldn't be found.</msg>
<status status="FAIL" starttime="20230704 04:05:09.048" endtime="20230704 04:05:15.154"/>
</kw>
<msg timestamp="20230704 04:05:15.154" level="INFO">${check} = False</msg>
<status status="PASS" starttime="20230704 04:05:09.048" endtime="20230704 04:05:15.155"/>
</kw>
<kw name="Run Keyword If" library="BuiltIn">
<arg>${shown} == ${true}</arg>
<arg>Should Be True</arg>
<arg>${check}==${True}</arg>
<doc>Runs the given keyword with the given arguments, if ``condition`` is true.</doc>
<kw name="Should Be True" library="BuiltIn">
<arg>${check}==${True}</arg>
<doc>Fails if the given condition is not true.</doc>
<msg timestamp="20230704 04:05:15.157" level="FAIL">'False==True' should be true.</msg>
<status status="FAIL" starttime="20230704 04:05:15.155" endtime="20230704 04:05:15.158"/>
</kw>
<status status="FAIL" starttime="20230704 04:05:15.155" endtime="20230704 04:05:15.158"/>
</kw>
<kw name="Run Keyword If" library="BuiltIn">
<arg>${shown} == ${false}</arg>
<arg>Should Be True</arg>
<arg>${check}==${False}</arg>
<doc>Runs the given keyword with the given arguments, if ``condition`` is true.</doc>
<status status="NOT RUN" starttime="20230704 04:05:15.158" endtime="20230704 04:05:15.159"/>
</kw>
<status status="FAIL" starttime="20230704 04:05:09.047" endtime="20230704 04:05:15.159"/>
</kw>
<msg timestamp="20230704 04:05:15.160" level="FAIL">Keyword 'Verify Element Presence' failed after retrying for 20 seconds. The last error was: 'False==True' should be true.</msg>
<status status="FAIL" starttime="20230704 04:04:52.585" endtime="20230704 04:05:15.161"/>
</kw>
<kw name="Verify Element Presence" library="booking">
<arg>//input[@id='lastName' and @disabled]</arg>
<arg>${True}</arg>
<status status="NOT RUN" starttime="20230704 04:05:15.161" endtime="20230704 04:05:15.161"/>
</kw>
<kw name="Verify Element Presence" library="booking">
<arg>//input[@id='ssn' and @disabled]</arg>
<arg>${True}</arg>
<status status="NOT RUN" starttime="20230704 04:05:15.162" endtime="20230704 04:05:15.162"/>
</kw>
<kw name="Verify Element Presence" library="booking">
<arg>//input[@id='city' and @disabled]</arg>
<arg>${True}</arg>
<status status="NOT RUN" starttime="20230704 04:05:15.162" endtime="20230704 04:05:15.162"/>
</kw>
<kw name="Verify Element Presence" library="booking">
<arg>//input[@id='address' and @disabled]</arg>
<arg>${True}</arg>
<status status="NOT RUN" starttime="20230704 04:05:15.162" endtime="20230704 04:05:15.162"/>
</kw>
<kw name="Verify Element Presence" library="booking">
<arg>//input[@id='postalCode' and @disabled]</arg>
<arg>${True}</arg>
<status status="NOT RUN" starttime="20230704 04:05:15.163" endtime="20230704 04:05:15.163"/>
</kw>
<kw name="Get Attribute" library="Browser">
<var>${style}</var>
<arg>//input[@id='phoneNumber']/parent::div</arg>
<arg>style</arg>
<tag>Assertion</tag>
<tag>Getter</tag>
<tag>PageContent</tag>
<doc>Returns the HTML ``attribute`` of the element found by ``selector``.</doc>
<status status="NOT RUN" starttime="20230704 04:05:15.163" endtime="20230704 04:05:15.163"/>
</kw>
<kw name="Should Be True" library="BuiltIn">
<arg>'${style}' == 'border-color: rgb(153, 163, 182);'</arg>
<doc>Fails if the given condition is not true.</doc>
<status status="NOT RUN" starttime="20230704 04:05:15.163" endtime="20230704 04:05:15.163"/>
</kw>
<status status="FAIL" starttime="20230704 04:04:51.762" endtime="20230704 04:05:15.164"/>
</kw>
<kw name="Check Add organization check box" library="booking">
<status status="NOT RUN" starttime="20230704 04:05:15.164" endtime="20230704 04:05:15.165"/>
</kw>
<kw name="Verify all information are save" library="booking">
<status status="NOT RUN" starttime="20230704 04:05:15.165" endtime="20230704 04:05:15.165"/>
</kw>
<kw name="Close Browser" library="Browser" type="TEARDOWN">
<tag>BrowserControl</tag>
<tag>Setter</tag>
<doc>Closes the current browser.</doc>
<msg timestamp="20230704 04:05:15.859" level="INFO">Closed browser</msg>
<status status="PASS" starttime="20230704 04:05:15.166" endtime="20230704 04:05:15.859"/>
</kw>
<status status="FAIL" starttime="20230704 04:03:54.809" endtime="20230704 04:05:15.860">Keyword 'Verify Element Presence' failed after retrying for 20 seconds. The last error was: 'False==True' should be true.</status>
</test>
<test id="s1-s1-s1-s1-s1-t2" name="Validation shows msg for fields marked" line="36">
<kw name="Open Browser to Landing Page" library="common" type="SETUP">
<doc>A general startup keyword for opening a browser to the landing page.</doc>
<kw name="New Browser" library="Browser">
<arg>${browser}</arg>
<arg>${headless}</arg>
<arg>timeout=${timeout}</arg>
<tag>BrowserControl</tag>
<tag>Setter</tag>
<doc>Create a new playwright Browser with specified options.</doc>
<msg timestamp="20230704 04:05:15.865" level="INFO">{"browser": "firefox", "headless": true, "devtools": false, "handleSIGHUP": true, "handleSIGINT": true, "handleSIGTERM": true, "slowMo": 0.0, "timeout": 90000.0, "deprecated_pos_args": [], "tracesDir": "/home/runner/work/nelson-test-automation/nelson-test-automation/reports/test3/pabot_results/1/browser/traces/054c21db-cd5e-4705-8b08-90a2c244341d"}</msg>
<msg timestamp="20230704 04:05:16.667" level="INFO">Successfully created browser with options: {"browser":"firefox","headless":true,"devtools":false,"handleSIGHUP":true,"handleSIGINT":true,"handleSIGTERM":true,"slowMo":0,"timeout":90000,"deprecated_pos_args":[],"tracesDir":"/home/runner/work/nelson-test-automation/nelson-test-automation/reports/test3/pabot_results/1/browser/traces/054c21db-cd5e-4705-8b08-90a2c244341d"}</msg>
<status status="PASS" starttime="20230704 04:05:15.864" endtime="20230704 04:05:16.667"/>
</kw>
<kw name="Set Browser Timeout" library="Browser">
<arg>${timeout}</arg>
<tag>Config</tag>
<tag>Setter</tag>
<doc>Sets the timeout used by most input and getter keywords.</doc>
<status status="PASS" starttime="20230704 04:05:16.668" endtime="20230704 04:05:16.668"/>
</kw>
<kw name="New Context" library="Browser">
<tag>BrowserControl</tag>
<tag>Setter</tag>
<doc>Create a new BrowserContext with specified options.</doc>
<msg timestamp="20230704 04:05:16.669" level="INFO">{
  "acceptDownloads": true,
  "bypassCSP": false,
  "forcedColors": "none",
  "hideRfBrowser": false,
  "ignoreHTTPSErrors": false,
  "javaScriptEnabled": true,
  "offline": false,
  "reducedMotion": "no-preference",
  "viewport": {
    "height": 720,
    "width": 1280
  },
  "deprecated_pos_args": []
}</msg>
<msg timestamp="20230704 04:05:16.731" level="INFO">Successfully created context. </msg>
<msg timestamp="20230704 04:05:16.731" level="INFO">{'acceptDownloads': True, 'bypassCSP': False, 'forcedColors': 'none', 'hideRfBrowser': False, 'ignoreHTTPSErrors': False, 'javaScriptEnabled': True, 'offline': False, 'reducedMotion': 'no-preference', 'viewport': {'height': 720, 'width': 1280}, 'deprecated_pos_args': []}</msg>
<status status="PASS" starttime="20230704 04:05:16.668" endtime="20230704 04:05:16.732"/>
</kw>
<kw name="New Page" library="Browser">
<arg>${url}</arg>
<tag>BrowserControl</tag>
<tag>Setter</tag>
<doc>Open a new Page.</doc>
<msg timestamp="20230704 04:05:19.646" level="INFO">Successfully initialized new page object and opened url: https://test3.omenahotels.com/</msg>
<status status="PASS" starttime="20230704 04:05:16.732" endtime="20230704 04:05:19.646"/>
</kw>
<kw name="Wait Until Network Is Idle" library="Browser">
<tag>HTTP</tag>
<tag>Wait</tag>
<doc>Waits until there has been at least one instance of 500 ms of no network traffic on the page after loading.</doc>
<status status="PASS" starttime="20230704 04:05:19.647" endtime="20230704 04:05:20.785"/>
</kw>
<kw name="Allow Cookies" library="common">
<doc>Allow Cookies/Toggle Cookie allowance</doc>
<kw name="Is Element Found" library="common">
<var>${cookieModalVisible}</var>
<arg>id=CybotCookiebotDialogBodyLevelButtonLevelOptinAllowAll</arg>
<doc>A keyword that has a very complex way of figuring out whether an
element is found or not because I had trouble with the built-in keywords
Can be solved differently if you have a better idea</doc>
<kw name="Set Browser Timeout" library="Browser">
<arg>10s</arg>
<tag>Config</tag>
<tag>Setter</tag>
<doc>Sets the timeout used by most input and getter keywords.</doc>
<msg timestamp="20230704 04:05:20.790" level="INFO">Set timeout to: 10000</msg>
<status status="PASS" starttime="20230704 04:05:20.787" endtime="20230704 04:05:20.790"/>
</kw>
<try>
<branch type="TRY">
<kw name="Get Elements" library="Browser">
<var>${els}</var>
<arg>${selector}</arg>
<tag>Getter</tag>
<tag>PageContent</tag>
<doc>Returns a reference to Playwright [https://playwright.dev/docs/api/class-locator|Locator]
for all matched elements by ``selector``.</doc>
<msg timestamp="20230704 04:05:20.850" level="INFO">Found 1 Locators successfully.</msg>
<msg timestamp="20230704 04:05:20.850" level="INFO">${els} = ['element=e139bf87-5990-4a67-881a-64de08ddf945']</msg>
<status status="PASS" starttime="20230704 04:05:20.791" endtime="20230704 04:05:20.850"/>
</kw>
<kw name="Get Length" library="BuiltIn">
<var>${count}</var>
<arg>${els}</arg>
<doc>Returns and logs the length of the given item as an integer.</doc>
<msg timestamp="20230704 04:05:20.851" level="INFO">Length is 1</msg>
<msg timestamp="20230704 04:05:20.851" level="INFO">${count} = 1</msg>
<status status="PASS" starttime="20230704 04:05:20.850" endtime="20230704 04:05:20.851"/>
</kw>
<if>
<branch type="IF" condition="${count} &gt; 0">
<kw name="Set Variable" library="BuiltIn">
<var>${visible}</var>
<arg>True</arg>
<doc>Returns the given values which can then be assigned to a variables.</doc>
<msg timestamp="20230704 04:05:20.852" level="INFO">${visible} = True</msg>
<status status="PASS" starttime="20230704 04:05:20.852" endtime="20230704 04:05:20.852"/>
</kw>
<status status="PASS" starttime="20230704 04:05:20.851" endtime="20230704 04:05:20.852"/>
</branch>
<branch type="ELSE">
<kw name="Set Variable" library="BuiltIn">
<var>${visible}</var>
<arg>False</arg>
<doc>Returns the given values which can then be assigned to a variables.</doc>
<status status="NOT RUN" starttime="20230704 04:05:20.852" endtime="20230704 04:05:20.853"/>
</kw>
<status status="NOT RUN" starttime="20230704 04:05:20.852" endtime="20230704 04:05:20.853"/>
</branch>
<status status="PASS" starttime="20230704 04:05:20.851" endtime="20230704 04:05:20.853"/>
</if>
<status status="PASS" starttime="20230704 04:05:20.790" endtime="20230704 04:05:20.853"/>
</branch>
<branch type="EXCEPT">
<kw name="Set Variable" library="BuiltIn">
<var>${visible}</var>
<arg>False</arg>
[...]
<kw name="Wait Until Visible" library="common">
<arg>${btnExtras}</arg>
<doc>An easier keyword for waiting until an element is visible</doc>
<kw name="Wait For Elements State" library="Browser">
<arg>${element}</arg>
<arg>visible</arg>
<arg>timeout=${timeout}</arg>
<tag>PageContent</tag>
<tag>Wait</tag>
<doc>Waits for the element found by ``selector`` to satisfy state option.</doc>
<msg timestamp="20230704 04:06:44.226" level="INFO">Waited for Element with selector (//div[contains(@view,"booking")]//button[contains(text(), "Continue to extras")])[1] at state visible</msg>
<status status="PASS" starttime="20230704 04:06:40.351" endtime="20230704 04:06:44.226"/>
</kw>
<status status="PASS" starttime="20230704 04:06:40.350" endtime="20230704 04:06:44.226"/>
</kw>
<kw name="Get Element States" library="Browser">
<var>${visible}</var>
<arg>//div[contains(text(), 'Select room')]</arg>
<arg>then</arg>
<arg>bool(value &amp; visible)</arg>
<tag>Assertion</tag>
<tag>Getter</tag>
<tag>PageContent</tag>
<doc>Get the active states from the element found by ``selector``.</doc>
<msg timestamp="20230704 04:06:44.489" level="INFO">${visible} = False</msg>
<status status="PASS" starttime="20230704 04:06:44.227" endtime="20230704 04:06:44.489"/>
</kw>
<kw name="Run Keyword If" library="BuiltIn">
<arg>${visible}</arg>
<arg>Select Standard and Remove Other Room Selection</arg>
<doc>Runs the given keyword with the given arguments, if ``condition`` is true.</doc>
<status status="PASS" starttime="20230704 04:06:44.489" endtime="20230704 04:06:44.490"/>
</kw>
<status status="PASS" starttime="20230704 04:06:40.350" endtime="20230704 04:06:44.490"/>
</kw>
<kw name="Click Continue to Extras Button" library="booking">
<doc>Clicks the continue to extras button</doc>
<kw name="Click" library="Browser">
<arg>${btnExtras}</arg>
<tag>PageContent</tag>
<tag>Setter</tag>
<doc>Simulates mouse click on the element found by ``selector``.</doc>
<status status="PASS" starttime="20230704 04:06:44.491" endtime="20230704 04:06:47.001"/>
</kw>
<kw name="Wait Until Visible" library="common">
<arg>${btnPayment}</arg>
<doc>An easier keyword for waiting until an element is visible</doc>
<kw name="Wait For Elements State" library="Browser">
<arg>${element}</arg>
<arg>visible</arg>
<arg>timeout=${timeout}</arg>
<tag>PageContent</tag>
<tag>Wait</tag>
<doc>Waits for the element found by ``selector`` to satisfy state option.</doc>
<msg timestamp="20230704 04:06:48.009" level="INFO">Waited for Element with selector (//div[contains(@view,"extras")]//button[contains(text(), "Continue to payment")])[1] at state visible</msg>
<status status="PASS" starttime="20230704 04:06:47.002" endtime="20230704 04:06:48.009"/>
</kw>
<status status="PASS" starttime="20230704 04:06:47.001" endtime="20230704 04:06:48.009"/>
</kw>
<status status="PASS" starttime="20230704 04:06:44.490" endtime="20230704 04:06:48.010"/>
</kw>
<kw name="Click Continue to Payment" library="booking">
<kw name="Click First Element Found" library="common">
<arg>//div[@class='css-1t415z1']//button[@type='button'][normalize-space()='Continue to payment']</arg>
<kw name="Get Elements" library="Browser">
<var>${elements}</var>
<arg>${xpath}</arg>
<tag>Getter</tag>
<tag>PageContent</tag>
<doc>Returns a reference to Playwright [https://playwright.dev/docs/api/class-locator|Locator]
for all matched elements by ``selector``.</doc>
<msg timestamp="20230704 04:06:48.021" level="INFO">Found 1 Locators successfully.</msg>
<msg timestamp="20230704 04:06:48.021" level="INFO">${elements} = ['element=7382c843-26ad-4eb1-b22e-61ca04dd24a0']</msg>
<status status="PASS" starttime="20230704 04:06:48.012" endtime="20230704 04:06:48.021"/>
</kw>
<kw name="Set Variable" library="BuiltIn">
<var>${first_element}</var>
<arg>${elements}[0]</arg>
<doc>Returns the given values which can then be assigned to a variables.</doc>
<msg timestamp="20230704 04:06:48.022" level="INFO">${first_element} = element=7382c843-26ad-4eb1-b22e-61ca04dd24a0</msg>
<status status="PASS" starttime="20230704 04:06:48.022" endtime="20230704 04:06:48.022"/>
</kw>
<kw name="Click" library="Browser">
<arg>${first_element}</arg>
<tag>PageContent</tag>
<tag>Setter</tag>
<doc>Simulates mouse click on the element found by ``selector``.</doc>
<status status="PASS" starttime="20230704 04:06:48.023" endtime="20230704 04:06:48.176"/>
</kw>
<status status="PASS" starttime="20230704 04:06:48.010" endtime="20230704 04:06:48.177"/>
</kw>
<status status="PASS" starttime="20230704 04:06:48.010" endtime="20230704 04:06:48.177"/>
</kw>
<kw name="Check Regular Rate 2" library="booking">
<kw name="Check Regular Rate" library="booking">
<kw name="Click" library="Browser">
<arg>//p[contains(text(),'Continue with regular rate')]</arg>
<tag>PageContent</tag>
<tag>Setter</tag>
<doc>Simulates mouse click on the element found by ``selector``.</doc>
<status status="PASS" starttime="20230704 04:06:48.178" endtime="20230704 04:06:49.955"/>
</kw>
<kw name="Wait Until Visible" library="common">
<arg>//div//*[normalize-space()='Continue with regular rate']/following-sibling::div[@data-checked]</arg>
<doc>An easier keyword for waiting until an element is visible</doc>
<kw name="Wait For Elements State" library="Browser">
<arg>${element}</arg>
<arg>visible</arg>
<arg>timeout=${timeout}</arg>
<tag>PageContent</tag>
<tag>Wait</tag>
<doc>Waits for the element found by ``selector`` to satisfy state option.</doc>
<msg timestamp="20230704 04:06:49.971" level="INFO">Waited for Element with selector //div//*[normalize-space()='Continue with regular rate']/following-sibling::div[@data-checked] at state visible</msg>
<status status="PASS" starttime="20230704 04:06:49.956" endtime="20230704 04:06:49.971"/>
</kw>
<status status="PASS" starttime="20230704 04:06:49.955" endtime="20230704 04:06:49.972"/>
</kw>
<status status="PASS" starttime="20230704 04:06:48.178" endtime="20230704 04:06:49.972"/>
</kw>
<kw name="Check Join as Member" library="booking">
<kw name="Click" library="Browser">
<arg>//p[contains(text(),'Join for free and')]</arg>
<tag>PageContent</tag>
<tag>Setter</tag>
<doc>Simulates mouse click on the element found by ``selector``.</doc>
<status status="PASS" starttime="20230704 04:06:49.973" endtime="20230704 04:06:50.290"/>
</kw>
<kw name="Wait Until Visible" library="common">
<arg>//div//*[normalize-space()='Join for free and get the member rate']/following-sibling::div[@data-checked]</arg>
<doc>An easier keyword for waiting until an element is visible</doc>
<kw name="Wait For Elements State" library="Browser">
<arg>${element}</arg>
<arg>visible</arg>
<arg>timeout=${timeout}</arg>
<tag>PageContent</tag>
<tag>Wait</tag>
<doc>Waits for the element found by ``selector`` to satisfy state option.</doc>
<msg timestamp="20230704 04:06:50.308" level="INFO">Waited for Element with selector //div//*[normalize-space()='Join for free and get the member rate']/following-sibling::div[@data-checked] at state visible</msg>
<status status="PASS" starttime="20230704 04:06:50.291" endtime="20230704 04:06:50.309"/>
</kw>
<status status="PASS" starttime="20230704 04:06:50.290" endtime="20230704 04:06:50.309"/>
</kw>
<status status="PASS" starttime="20230704 04:06:49.972" endtime="20230704 04:06:50.309"/>
</kw>
<kw name="Check Regular Rate" library="booking">
<kw name="Click" library="Browser">
<arg>//p[contains(text(),'Continue with regular rate')]</arg>
<tag>PageContent</tag>
<tag>Setter</tag>
<doc>Simulates mouse click on the element found by ``selector``.</doc>
<status status="PASS" starttime="20230704 04:06:50.310" endtime="20230704 04:06:50.636"/>
</kw>
<kw name="Wait Until Visible" library="common">
<arg>//div//*[normalize-space()='Continue with regular rate']/following-sibling::div[@data-checked]</arg>
<doc>An easier keyword for waiting until an element is visible</doc>
<kw name="Wait For Elements State" library="Browser">
<arg>${element}</arg>
<arg>visible</arg>
<arg>timeout=${timeout}</arg>
<tag>PageContent</tag>
<tag>Wait</tag>
<doc>Waits for the element found by ``selector`` to satisfy state option.</doc>
<msg timestamp="20230704 04:06:50.653" level="INFO">Waited for Element with selector //div//*[normalize-space()='Continue with regular rate']/following-sibling::div[@data-checked] at state visible</msg>
<status status="PASS" starttime="20230704 04:06:50.637" endtime="20230704 04:06:50.653"/>
</kw>
<status status="PASS" starttime="20230704 04:06:50.636" endtime="20230704 04:06:50.653"/>
</kw>
<status status="PASS" starttime="20230704 04:06:50.309" endtime="20230704 04:06:50.653"/>
</kw>
<kw name="Check Join as Member" library="booking">
<kw name="Click" library="Browser">
<arg>//p[contains(text(),'Join for free and')]</arg>
<tag>PageContent</tag>
<tag>Setter</tag>
<doc>Simulates mouse click on the element found by ``selector``.</doc>
<status status="PASS" starttime="20230704 04:06:50.654" endtime="20230704 04:06:50.984"/>
</kw>
<kw name="Wait Until Visible" library="common">
<arg>//div//*[normalize-space()='Join for free and get the member rate']/following-sibling::div[@data-checked]</arg>
<doc>An easier keyword for waiting until an element is visible</doc>
<kw name="Wait For Elements State" library="Browser">
<arg>${element}</arg>
<arg>visible</arg>
<arg>timeout=${timeout}</arg>
<tag>PageContent</tag>
<tag>Wait</tag>
<doc>Waits for the element found by ``selector`` to satisfy state option.</doc>
<msg timestamp="20230704 04:06:51.004" level="INFO">Waited for Element with selector //div//*[normalize-space()='Join for free and get the member rate']/following-sibling::div[@data-checked] at state visible</msg>
<status status="PASS" starttime="20230704 04:06:50.986" endtime="20230704 04:06:51.005"/>
</kw>
<status status="PASS" starttime="20230704 04:06:50.985" endtime="20230704 04:06:51.005"/>
</kw>
<status status="PASS" starttime="20230704 04:06:50.654" endtime="20230704 04:06:51.005"/>
</kw>
<kw name="Check Regular Rate" library="booking">
<kw name="Click" library="Browser">
<arg>//p[contains(text(),'Continue with regular rate')]</arg>
<tag>PageContent</tag>
<tag>Setter</tag>
<doc>Simulates mouse click on the element found by ``selector``.</doc>
<status status="PASS" starttime="20230704 04:06:51.006" endtime="20230704 04:06:51.291"/>
</kw>
<kw name="Wait Until Visible" library="common">
<arg>//div//*[normalize-space()='Continue with regular rate']/following-sibling::div[@data-checked]</arg>
<doc>An easier keyword for waiting until an element is visible</doc>
<kw name="Wait For Elements State" library="Browser">
<arg>${element}</arg>
<arg>visible</arg>
<arg>timeout=${timeout}</arg>
<tag>PageContent</tag>
<tag>Wait</tag>
<doc>Waits for the element found by ``selector`` to satisfy state option.</doc>
<msg timestamp="20230704 04:06:51.463" level="INFO">Waited for Element with selector //div//*[normalize-space()='Continue with regular rate']/following-sibling::div[@data-checked] at state visible</msg>
<status status="PASS" starttime="20230704 04:06:51.292" endtime="20230704 04:06:51.464"/>
</kw>
<status status="PASS" starttime="20230704 04:06:51.291" endtime="20230704 04:06:51.464"/>
</kw>
<status status="PASS" starttime="20230704 04:06:51.006" endtime="20230704 04:06:51.464"/>
</kw>
<status status="PASS" starttime="20230704 04:06:48.177" endtime="20230704 04:06:51.465"/>
</kw>
<kw name="Fill contact info with the National not Finland" library="booking">
<doc>TBD: Use test data instead of hardcoded values</doc>
<kw name="Click and Fill" library="common">
<arg>id=firstName</arg>
<arg>${firstName}</arg>
<doc>A keyword combination of Click and Fill Text since most of the form fields need a click</doc>
<kw name="Click" library="Browser">
<arg>${selector}</arg>
<tag>PageContent</tag>
<tag>Setter</tag>
<doc>Simulates mouse click on the element found by ``selector``.</doc>
<status status="PASS" starttime="20230704 04:06:51.466" endtime="20230704 04:06:51.553"/>
</kw>
<kw name="Fill Text" library="Browser">
<arg>${selector}</arg>
<arg>${text}</arg>
<tag>PageContent</tag>
<tag>Setter</tag>
<doc>Clears and fills the given ``txt`` into the text field found by ``selector``.</doc>
<msg timestamp="20230704 04:06:51.554" level="INFO">Fills the text 'Mos' in the given field.</msg>
<status status="PASS" starttime="20230704 04:06:51.554" endtime="20230704 04:06:51.627"/>
</kw>
<status status="PASS" starttime="20230704 04:06:51.466" endtime="20230704 04:06:51.627"/>
</kw>
<kw name="Click and Fill" library="common">
<arg>id=lastName</arg>
<arg>${lastName}</arg>
<doc>A keyword combination of Click and Fill Text since most of the form fields need a click</doc>
<kw name="Click" library="Browser">
<arg>${selector}</arg>
<tag>PageContent</tag>
<tag>Setter</tag>
<doc>Simulates mouse click on the element found by ``selector``.</doc>
<status status="PASS" starttime="20230704 04:06:51.628" endtime="20230704 04:06:51.811"/>
</kw>
<kw name="Fill Text" library="Browser">
<arg>${selector}</arg>
<arg>${text}</arg>
<tag>PageContent</tag>
<tag>Setter</tag>
<doc>Clears and fills the given ``txt`` into the text field found by ``selector``.</doc>
<msg timestamp="20230704 04:06:51.812" level="INFO">Fills the text 'Def' in the given field.</msg>
<status status="PASS" starttime="20230704 04:06:51.811" endtime="20230704 04:06:51.990"/>
</kw>
<status status="PASS" starttime="20230704 04:06:51.627" endtime="20230704 04:06:51.991"/>
</kw>
<kw name="Click and Fill" library="common">
<arg>id=email</arg>
<arg>${email}</arg>
<doc>A keyword combination of Click and Fill Text since most of the form fields need a click</doc>
<kw name="Click" library="Browser">
<arg>${selector}</arg>
<tag>PageContent</tag>
<tag>Setter</tag>
<doc>Simulates mouse click on the element found by ``selector``.</doc>
<status status="PASS" starttime="20230704 04:06:51.992" endtime="20230704 04:06:52.142"/>
</kw>
<kw name="Fill Text" library="Browser">
<arg>${selector}</arg>
<arg>${text}</arg>
<tag>PageContent</tag>
<tag>Setter</tag>
<doc>Clears and fills the given ``txt`` into the text field found by ``selector``.</doc>
<msg timestamp="20230704 04:06:52.143" level="INFO">Fills the text 'bichngoc9995@gmail.com' in the given field.</msg>
<status status="PASS" starttime="20230704 04:06:52.143" endtime="20230704 04:06:52.250"/>
</kw>
<status status="PASS" starttime="20230704 04:06:51.991" endtime="20230704 04:06:52.251"/>
</kw>
<kw name="Click" library="Browser">
<arg>//p[text()="Enter your info"]/ancestor::form//*[name()='svg']</arg>
<tag>PageContent</tag>
<tag>Setter</tag>
<doc>Simulates mouse click on the element found by ``selector``.</doc>
<status status="PASS" starttime="20230704 04:06:52.251" endtime="20230704 04:06:53.540"/>
</kw>
<kw name="Click" library="Browser">
<arg>//p[normalize-space()='(+84) Vietnam']</arg>
<tag>PageContent</tag>
<tag>Setter</tag>
<doc>Simulates mouse click on the element found by ``selector``.</doc>
<msg timestamp="20230704 04:08:23.767" level="INFO" html="true">&lt;/td&gt;&lt;/tr&gt;&lt;tr&gt;&lt;td colspan="3"&gt;&lt;a href="browser/screenshot/fail-screenshot-10.png" target="_blank"&gt;&lt;img src="browser/screenshot/fail-screenshot-10.png" width="800px"/&gt;&lt;/a&gt;</msg>
<msg timestamp="20230704 04:08:23.768" level="INFO">See also file:///home/runner/work/nelson-test-automation/nelson-test-automation/reports/test3/pabot_results/1/playwright-log.txt for additional details.</msg>
<msg timestamp="20230704 04:08:23.768" level="FAIL">TimeoutError: locator.click: Timeout 90000ms exceeded.
=========================== logs ===========================
waiting for locator('xpath=//p[normalize-space()=\'(+84) Vietnam\']')
============================================================
Tip: Use "Set Browser Timeout" for increasing the timeout or double check your locator as the targeted element(s) couldn't be found.</msg>
<status status="FAIL" starttime="20230704 04:06:53.541" endtime="20230704 04:08:23.769"/>
</kw>
<kw name="Click and Fill" library="common">
<arg>id=phoneNumber</arg>
<arg>${phone}</arg>
<doc>A keyword combination of Click and Fill Text since most of the form fields need a click</doc>
<status status="NOT RUN" starttime="20230704 04:08:23.769" endtime="20230704 04:08:23.770"/>
</kw>
<status status="FAIL" starttime="20230704 04:06:51.465" endtime="20230704 04:08:23.770"/>
</kw>
<kw name="Accept offers and Terms" library="booking">
<status status="NOT RUN" starttime="20230704 04:08:23.770" endtime="20230704 04:08:23.771"/>
</kw>
<kw name="Select Web Bank and Nordea as Payment Method" library="booking">
<status status="NOT RUN" starttime="20230704 04:08:23.771" endtime="20230704 04:08:23.771"/>
</kw>
<kw name="Complete Payment Successfully" library="booking">
<status status="NOT RUN" starttime="20230704 04:08:23.771" endtime="20230704 04:08:23.771"/>
</kw>
<kw name="Click Check In Button" library="booking">
<status status="NOT RUN" starttime="20230704 04:08:23.772" endtime="20230704 04:08:23.772"/>
</kw>
<kw name="Fill Booker Info with the national is not Finland" library="booking">
<status status="NOT RUN" starttime="20230704 04:08:23.772" endtime="20230704 04:08:23.772"/>
</kw>
<kw name="Click Save and Sign Button 2" library="booking">
<status status="NOT RUN" starttime="20230704 04:08:23.772" endtime="20230704 04:08:23.772"/>
</kw>
<kw name="Verify booker information with national" library="booking">
<status status="NOT RUN" starttime="20230704 04:08:23.772" endtime="20230704 04:08:23.773"/>
</kw>
<kw name="Close Browser" library="Browser" type="TEARDOWN">
<tag>BrowserControl</tag>
<tag>Setter</tag>
<doc>Closes the current browser.</doc>
<msg timestamp="20230704 04:08:24.636" level="INFO">Closed browser</msg>
<status status="PASS" starttime="20230704 04:08:23.784" endtime="20230704 04:08:24.636"/>
</kw>
<status status="FAIL" starttime="20230704 04:06:33.319" endtime="20230704 04:08:24.636">TimeoutError: locator.click: Timeout 90000ms exceeded.
=========================== logs ===========================
waiting for locator('xpath=//p[normalize-space()=\'(+84) Vietnam\']')
============================================================
Tip: Use "Set Browser Timeout" for increasing the timeout or double check your locator as the targeted element(s) couldn't be found.</status>
</test>
<status status="FAIL" starttime="20230704 04:03:53.679" endtime="20230704 04:08:24.640"/>
</suite>
<status status="FAIL" starttime="20230704 04:03:53.677" endtime="20230704 04:08:24.647"/>
</suite>
<status status="FAIL" starttime="20230704 04:03:53.676" endtime="20230704 04:08:24.649"/>
</suite>
<status status="FAIL" starttime="20230704 04:03:53.674" endtime="20230704 04:08:24.651"/>
</suite>
<doc>Argument file for running tests on Omena test environmen (test4)</doc>
<status status="FAIL" starttime="20230704 04:03:53.657" endtime="20230704 04:08:24.652"/>
</suite>
<statistics>
<total>
<stat pass="1" fail="2" skip="0">All Tests</stat>
</total>
<tag>
</tag>
<suite>
<stat pass="1" fail="2" skip="0" id="s1" name="Testsuites">Testsuites</stat>
<stat pass="1" fail="2" skip="0" id="s1-s1" name="BUI">Testsuites.BUI</stat>
<stat pass="1" fail="2" skip="0" id="s1-s1-s1" name="Feature">Testsuites.BUI.Feature</stat>
<stat pass="1" fail="2" skip="0" id="s1-s1-s1-s1" name="Online Check In">Testsuites.BUI.Feature.Online Check In</stat>
<stat pass="1" fail="2" skip="0" id="s1-s1-s1-s1-s1" name="BUI2-557">Testsuites.BUI.Feature.Online Check In.BUI2-557</stat>
</suite>
</statistics>
<errors>
<msg timestamp="20230704 04:03:54.263" level="ERROR">Error in file '/home/runner/work/nelson-test-automation/nelson-test-automation/resources/keywords/mui.resource' on line 14: Setting variable '${MUI_PASSWORD}' failed: Environment variable '%{MUI_PASSWORD}' not found.</msg>
<msg timestamp="20230704 04:03:54.264" level="ERROR">Error in file '/home/runner/work/nelson-test-automation/nelson-test-automation/resources/keywords/mui.resource' on line 13: Setting variable '${MUI_USERNAME}' failed: Environment variable '%{MUI_USERNAME}' not found.</msg>
</errors>
</robot>
