<?xml version="1.0" encoding="UTF-8"?>
<robot generator="Robot 5.0.1 (Python 3.10.12 on linux)" generated="20230705 06:40:53.265" rpa="false" schemaversion="3">
<suite id="s1" name="Testsuites" source="/home/runner/work/nelson-test-automation/nelson-test-automation/testsuites">
<suite id="s1-s1" name="Others" source="/home/runner/work/nelson-test-automation/nelson-test-automation/testsuites/Others">
<suite id="s1-s1-s1" name="Example" source="/home/runner/work/nelson-test-automation/nelson-test-automation/testsuites/Others/example.robot">
<test id="s1-s1-s1-t1" name="Open Nelson Portal" line="9">
<kw name="New Browser" library="Browser">
<arg>${browser}</arg>
<arg>false</arg>
<tag>BrowserControl</tag>
<tag>Setter</tag>
<doc>Create a new playwright Browser with specified options.</doc>
<msg timestamp="20230705 06:40:54.051" level="INFO">{"browser": "firefox", "headless": false, "devtools": false, "handleSIGHUP": true, "handleSIGINT": true, "handleSIGTERM": true, "slowMo": 0.0, "timeout": 30000.0, "deprecated_pos_args": [], "tracesDir": "/home/runner/work/nelson-test-automation/nelson-test-automation/reports/test3/pabot_results/8/browser/traces/52062fb1-2c33-4bcf-9691-31a8f048e112"}</msg>
<msg timestamp="20230705 06:40:54.286" level="WARN">Keyword 'Take Screenshot  fail-screenshot-{index}' could not be run on failure:
Error: Tried to take screenshot, but no page was open.</msg>
<msg timestamp="20230705 06:40:54.286" level="INFO">See also file:///home/runner/work/nelson-test-automation/nelson-test-automation/reports/test3/pabot_results/8/playwright-log.txt for additional details.</msg>
<msg timestamp="20230705 06:40:54.286" level="FAIL">Error: browserType.launch: 
╔════════════════════════════════════════════════════════════════════════════════════════════════╗
║ Looks like you launched a headed browser without having a XServer running.                     ║
║ Set either 'headless: true' or use 'xvfb-run &lt;your-playwright-app&gt;' before running Playwright. ║
║                                                                                                ║
║ &lt;3 Playwright Team                                                                             ║
╚════════════════════════════════════════════════════════════════════════════════════════════════╝
=========================== logs ===========================
&lt;launching&gt; /opt/hostedtoolcache/Python/3.10.12/x64/lib/python3.10/site-packages/Browser/wrapper/node_modules/playwright-core/.local-browsers/firefox-1408/firefox/firefox -no-remote -wait-for-browser -foreground -profile /tmp/playwright_firefoxdev_profile-tolDHh -juggler-pipe -silent
&lt;launched&gt; pid=15725
[pid=15725][err] Error: no DISPLAY environment variable specified
[pid=15725] &lt;process did exit: exitCode=1, signal=null&gt;
[pid=15725] starting temporary directories cleanup
============================================================</msg>
<status status="FAIL" starttime="20230705 06:40:54.050" endtime="20230705 06:40:54.288"/>
</kw>
<kw name="New Context" library="Browser">
<tag>BrowserControl</tag>
<tag>Setter</tag>
<doc>Create a new BrowserContext with specified options.</doc>
<status status="NOT RUN" starttime="20230705 06:40:54.288" endtime="20230705 06:40:54.289"/>
</kw>
<kw name="EnvHandler.Get Environment Variable">
<var>${url}</var>
<arg>MUI_LINK</arg>
<status status="NOT RUN" starttime="20230705 06:40:54.293" endtime="20230705 06:40:54.294"/>
</kw>
<kw name="New Page" library="Browser">
<arg>${url}</arg>
<tag>BrowserControl</tag>
<tag>Setter</tag>
<doc>Open a new Page.</doc>
<status status="NOT RUN" starttime="20230705 06:40:54.294" endtime="20230705 06:40:54.294"/>
</kw>
<tag>skip</tag>
<status status="FAIL" starttime="20230705 06:40:54.046" endtime="20230705 06:40:54.295">Error: browserType.launch: 
╔════════════════════════════════════════════════════════════════════════════════════════════════╗
║ Looks like you launched a headed browser without having a XServer running.                     ║
║ Set either 'headless: true' or use 'xvfb-run &lt;your-playwright-app&gt;' before running Playwright. ║
║                                                                                                ║
║ &lt;3 Playwright Team                                                                             ║
╚════════════════════════════════════════════════════════════════════════════════════════════════╝
=========================== logs ===========================
&lt;launching&gt; /opt/hostedtoolcache/Python/3.10.12/x64/lib/python3.10/site-packages/Browser/wrapper/node_modules/playwright-core/.local-browsers/firefox-1408/firefox/firefox -no-remote -wait-for-browser -foreground -profile /tmp/playwright_firefoxdev_profile-tolDHh -juggler-pipe -silent
&lt;launched&gt; pid=15725
[pid=15725][err] Error: no DISPLAY environment variable specified
[pid=15725] &lt;process did exit: exitCode=1, signal=null&gt;
[pid=15725] starting temporary directories cleanup
============================================================</status>
</test>
<test id="s1-s1-s1-t2" name="Login Nelson Portal" line="15">
<kw name="EnvHandler.Get Environment Variable">
<var>${password}</var>
<arg>MUI_PASSWORD</arg>
<msg timestamp="20230705 06:40:54.307" level="FAIL">No keyword with name 'EnvHandler.Get Environment Variable' found.</msg>
<status status="FAIL" starttime="20230705 06:40:54.307" endtime="20230705 06:40:54.307"/>
</kw>
<kw name="EnvHandler.Get Environment Variable">
<var>${username}</var>
<arg>MUI_USERNAME</arg>
<status status="NOT RUN" starttime="20230705 06:40:54.312" endtime="20230705 06:40:54.312"/>
</kw>
<kw name="Type Secret" library="Browser">
<arg>id=loginUsername</arg>
<arg>${username}</arg>
<tag>PageContent</tag>
<tag>Setter</tag>
<doc>Types the given secret from ``variable_name`` into the text field
found by ``selector``.</doc>
<status status="NOT RUN" starttime="20230705 06:40:54.312" endtime="20230705 06:40:54.312"/>
</kw>
<kw name="Type Secret" library="Browser">
<arg>id=loginPassword</arg>
<arg>${password}</arg>
<tag>PageContent</tag>
<tag>Setter</tag>
<doc>Types the given secret from ``variable_name`` into the text field
found by ``selector``.</doc>
<status status="NOT RUN" starttime="20230705 06:40:54.312" endtime="20230705 06:40:54.312"/>
</kw>
<tag>skip</tag>
<status status="FAIL" starttime="20230705 06:40:54.300" endtime="20230705 06:40:54.313">No keyword with name 'EnvHandler.Get Environment Variable' found.</status>
</test>
<kw name="Close Browser" library="Browser" type="TEARDOWN">
<tag>BrowserControl</tag>
<tag>Setter</tag>
<doc>Closes the current browser.</doc>
<msg timestamp="20230705 06:40:54.320" level="INFO">No browser open, doing nothing</msg>
<status status="PASS" starttime="20230705 06:40:54.318" endtime="20230705 06:40:54.320"/>
</kw>
<status status="FAIL" starttime="20230705 06:40:53.287" endtime="20230705 06:40:54.320"/>
</suite>
<status status="FAIL" starttime="20230705 06:40:53.286" endtime="20230705 06:40:54.325"/>
</suite>
<doc>Argument file for running tests on Omena test environmen (test4)</doc>
<status status="FAIL" starttime="20230705 06:40:53.269" endtime="20230705 06:40:54.326"/>
</suite>
<statistics>
<total>
<stat pass="0" fail="2" skip="0">All Tests</stat>
</total>
<tag>
<stat pass="0" fail="2" skip="0">skip</stat>
</tag>
<suite>
<stat pass="0" fail="2" skip="0" id="s1" name="Testsuites">Testsuites</stat>
<stat pass="0" fail="2" skip="0" id="s1-s1" name="Others">Testsuites.Others</stat>
<stat pass="0" fail="2" skip="0" id="s1-s1-s1" name="Example">Testsuites.Others.Example</stat>
</suite>
</statistics>
<errors>
<msg timestamp="20230705 06:40:54.286" level="WARN">Keyword 'Take Screenshot  fail-screenshot-{index}' could not be run on failure:
Error: Tried to take screenshot, but no page was open.</msg>
</errors>
</robot>
